INFO	[2019-08-07 16:42:15:273] <5499> START INIPHP cancel (V5036-141209)(OS:Linux2.6.32-754.11.1.el6.x86_64,PHP:5.3.3)
DEBUG	[2019-08-07 16:42:15:273] <5499> inipayhome:/home/killdeal/public_html/shop/inicis
DEBUG	[2019-08-07 16:42:15:273] <5499> debug:false
DEBUG	[2019-08-07 16:42:15:273] <5499> type:cancel
DEBUG	[2019-08-07 16:42:15:273] <5499> mid:majorgol03
DEBUG	[2019-08-07 16:42:15:273] <5499> admin:1111
DEBUG	[2019-08-07 16:42:15:273] <5499> tid:INIMX_CARDmajorgol0320190729232956605338
DEBUG	[2019-08-07 16:42:15:273] <5499> cancelmsg:¡÷πÆ¿⁄ ∫ª¿Œ √Îº“-πËº€¡ˆø¨
INFO	[2019-08-07 16:42:15:273] <5499> Check Field OK
INFO	[2019-08-07 16:42:15:273] <5499> PI PUB KEY LOAD OK []
INFO	[2019-08-07 16:42:15:279] <5499> PG PUB KEY LOAD OK [30]
ERROR	[2019-08-07 16:42:15:279] <5499> ÏÉÅÏ†êÍ∞úÏù∏ÌÇ§ Î°úÎìúÏò§Î•ò
INFO	[2019-08-07 16:42:15:287] <5499> END cancel [TX9301|ÏÉÅÏ†êÍ∞úÏù∏ÌÇ§ Î°úÎìúÏò§Î•ò] Laptime:[0.014sec]
INFO	[2019-08-07 16:42:15:287] <5499> ===============================================================
INFO	[2019-08-07 16:43:42:222] <5500> START INIPHP cancel (V5036-141209)(OS:Linux2.6.32-754.11.1.el6.x86_64,PHP:5.3.3)
DEBUG	[2019-08-07 16:43:42:222] <5500> inipayhome:/home/killdeal/public_html/shop/inicis
DEBUG	[2019-08-07 16:43:42:222] <5500> debug:false
DEBUG	[2019-08-07 16:43:42:222] <5500> type:cancel
DEBUG	[2019-08-07 16:43:42:222] <5500> mid:majorgol03
DEBUG	[2019-08-07 16:43:42:222] <5500> admin:1111
DEBUG	[2019-08-07 16:43:42:222] <5500> tid:INIMX_CARDmajorgol0320190729232956605338
DEBUG	[2019-08-07 16:43:42:222] <5500> cancelmsg:¡÷πÆ¿⁄ ∫ª¿Œ √Îº“-πËº€¡ˆø¨
INFO	[2019-08-07 16:43:42:222] <5500> Check Field OK
INFO	[2019-08-07 16:43:42:222] <5500> PI PUB KEY LOAD OK []
INFO	[2019-08-07 16:43:42:223] <5500> PG PUB KEY LOAD OK [30]
ERROR	[2019-08-07 16:43:42:223] <5500> ÏÉÅÏ†êÍ∞úÏù∏ÌÇ§ Î°úÎìúÏò§Î•ò
INFO	[2019-08-07 16:43:42:226] <5500> END cancel [TX9301|ÏÉÅÏ†êÍ∞úÏù∏ÌÇ§ Î°úÎìúÏò§Î•ò] Laptime:[0.004sec]
INFO	[2019-08-07 16:43:42:226] <5500> ===============================================================
INFO	[2019-08-07 16:45:30:622] <6784> START INIPHP cancel (V5036-141209)(OS:Linux2.6.32-754.11.1.el6.x86_64,PHP:5.3.3)
DEBUG	[2019-08-07 16:45:30:622] <6784> inipayhome:/home/killdeal/public_html/shop/inicis
DEBUG	[2019-08-07 16:45:30:622] <6784> debug:false
DEBUG	[2019-08-07 16:45:30:622] <6784> type:cancel
DEBUG	[2019-08-07 16:45:30:622] <6784> mid:majorgol03
DEBUG	[2019-08-07 16:45:30:622] <6784> admin:1111
DEBUG	[2019-08-07 16:45:30:622] <6784> tid:INIMX_CARDmajorgol0320190729232956605338
DEBUG	[2019-08-07 16:45:30:622] <6784> cancelmsg:¡÷πÆ¿⁄ ∫ª¿Œ √Îº“-πËº€ ¡ˆø¨
INFO	[2019-08-07 16:45:30:622] <6784> Check Field OK
INFO	[2019-08-07 16:45:30:622] <6784> PI PUB KEY LOAD OK []
INFO	[2019-08-07 16:45:30:622] <6784> PG PUB KEY LOAD OK [30]
ERROR	[2019-08-07 16:45:30:622] <6784> ÏÉÅÏ†êÍ∞úÏù∏ÌÇ§ Î°úÎìúÏò§Î•ò
INFO	[2019-08-07 16:45:30:626] <6784> END cancel [TX9301|ÏÉÅÏ†êÍ∞úÏù∏ÌÇ§ Î°úÎìúÏò§Î•ò] Laptime:[0.004sec]
INFO	[2019-08-07 16:45:30:626] <6784> ===============================================================
INFO	[2019-08-07 17:02:00:542] <20747> START INIPHP cancel (V5036-141209)(OS:Linux2.6.32-754.11.1.el6.x86_64,PHP:5.3.3)
DEBUG	[2019-08-07 17:02:00:542] <20747> inipayhome:/home/killdeal/public_html/shop/inicis
DEBUG	[2019-08-07 17:02:00:542] <20747> debug:false
DEBUG	[2019-08-07 17:02:00:542] <20747> type:cancel
DEBUG	[2019-08-07 17:02:00:542] <20747> mid:majorgol03
DEBUG	[2019-08-07 17:02:00:542] <20747> admin:1111
DEBUG	[2019-08-07 17:02:00:542] <20747> tid:INIMX_CARDmajorgol0320190729232956605338
DEBUG	[2019-08-07 17:02:00:542] <20747> cancelmsg:¡÷πÆ¿⁄ ∫ª¿Œ √Îº“-πËº€¡ˆø¨
INFO	[2019-08-07 17:02:00:542] <20747> Check Field OK
INFO	[2019-08-07 17:02:00:542] <20747> PI PUB KEY LOAD OK []
INFO	[2019-08-07 17:02:00:542] <20747> PG PUB KEY LOAD OK [30]
ERROR	[2019-08-07 17:02:00:542] <20747> ÏÉÅÏ†êÍ∞úÏù∏ÌÇ§ Î°úÎìúÏò§Î•ò
INFO	[2019-08-07 17:02:00:549] <20747> END cancel [TX9301|ÏÉÅÏ†êÍ∞úÏù∏ÌÇ§ Î°úÎìúÏò§Î•ò] Laptime:[0.007sec]
INFO	[2019-08-07 17:02:00:549] <20747> ===============================================================
INFO	[2019-08-07 22:48:30:731] <6784> START INIPHP cancel (V5036-141209)(OS:Linux2.6.32-754.11.1.el6.x86_64,PHP:5.3.3)
DEBUG	[2019-08-07 22:48:30:731] <6784> inipayhome:/home/killdeal/public_html/shop/inicis
DEBUG	[2019-08-07 22:48:30:731] <6784> debug:false
DEBUG	[2019-08-07 22:48:30:731] <6784> type:cancel
DEBUG	[2019-08-07 22:48:30:731] <6784> mid:majorgol03
DEBUG	[2019-08-07 22:48:30:731] <6784> admin:1111
DEBUG	[2019-08-07 22:48:30:731] <6784> tid:INIMX_CARDmajorgol0320190729232956605338
DEBUG	[2019-08-07 22:48:30:731] <6784> cancelmsg:¡÷πÆ¿⁄ ∫ª¿Œ √Îº“-πËº€πÆ¡¶
INFO	[2019-08-07 22:48:30:731] <6784> Check Field OK
INFO	[2019-08-07 22:48:30:731] <6784> PI PUB KEY LOAD OK []
INFO	[2019-08-07 22:48:30:731] <6784> PG PUB KEY LOAD OK [30]
ERROR	[2019-08-07 22:48:30:731] <6784> ÏÉÅÏ†êÍ∞úÏù∏ÌÇ§ Î°úÎìúÏò§Î•ò
INFO	[2019-08-07 22:48:30:740] <6784> END cancel [TX9301|ÏÉÅÏ†êÍ∞úÏù∏ÌÇ§ Î°úÎìúÏò§Î•ò] Laptime:[0.008sec]
INFO	[2019-08-07 22:48:30:740] <6784> ===============================================================
INFO	[2019-08-07 22:54:58:258] <28540> START INIPHP cancel (V5036-141209)(OS:Linux2.6.32-754.11.1.el6.x86_64,PHP:5.3.3)
DEBUG	[2019-08-07 22:54:58:258] <28540> inipayhome:/home/killdeal/public_html/shop/inicis
DEBUG	[2019-08-07 22:54:58:258] <28540> debug:false
DEBUG	[2019-08-07 22:54:58:258] <28540> type:cancel
DEBUG	[2019-08-07 22:54:58:258] <28540> mid:majorgol03
DEBUG	[2019-08-07 22:54:58:258] <28540> admin:1111
DEBUG	[2019-08-07 22:54:58:258] <28540> tid:INIMX_CARDmajorgol0320190729232956605338
DEBUG	[2019-08-07 22:54:58:258] <28540> cancelmsg:¡÷πÆ¿⁄ ∫ª¿Œ √Îº“-πËº€¡ˆø¨
INFO	[2019-08-07 22:54:58:258] <28540> Check Field OK
INFO	[2019-08-07 22:54:58:258] <28540> PI PUB KEY LOAD OK []
INFO	[2019-08-07 22:54:58:258] <28540> PG PUB KEY LOAD OK [30]
ERROR	[2019-08-07 22:54:58:258] <28540> ÏÉÅÏ†êÍ∞úÏù∏ÌÇ§ Î°úÎìúÏò§Î•ò
INFO	[2019-08-07 22:54:58:262] <28540> END cancel [TX9301|ÏÉÅÏ†êÍ∞úÏù∏ÌÇ§ Î°úÎìúÏò§Î•ò] Laptime:[0.005sec]
INFO	[2019-08-07 22:54:58:262] <28540> ===============================================================
INFO	[2019-08-07 22:57:08:781] <6784> START INIPHP cancel (V5036-141209)(OS:Linux2.6.32-754.11.1.el6.x86_64,PHP:5.3.3)
DEBUG	[2019-08-07 22:57:08:781] <6784> inipayhome:/home/killdeal/public_html/shop/inicis
DEBUG	[2019-08-07 22:57:08:781] <6784> debug:false
DEBUG	[2019-08-07 22:57:08:781] <6784> type:cancel
DEBUG	[2019-08-07 22:57:08:781] <6784> mid:majorgol03
DEBUG	[2019-08-07 22:57:08:781] <6784> admin:1111
DEBUG	[2019-08-07 22:57:08:781] <6784> tid:INIMX_CARDmajorgol0320190729232956605338
DEBUG	[2019-08-07 22:57:08:781] <6784> cancelmsg:¡÷πÆ¿⁄ ∫ª¿Œ √Îº“-πËº€¡ˆø¨
INFO	[2019-08-07 22:57:08:781] <6784> Check Field OK
INFO	[2019-08-07 22:57:08:781] <6784> PI PUB KEY LOAD OK []
INFO	[2019-08-07 22:57:08:782] <6784> PG PUB KEY LOAD OK [30]
ERROR	[2019-08-07 22:57:08:782] <6784> ÏÉÅÏ†êÍ∞úÏù∏ÌÇ§ Î°úÎìúÏò§Î•ò
INFO	[2019-08-07 22:57:08:784] <6784> END cancel [TX9301|ÏÉÅÏ†êÍ∞úÏù∏ÌÇ§ Î°úÎìúÏò§Î•ò] Laptime:[0.003sec]
INFO	[2019-08-07 22:57:08:784] <6784> ===============================================================
INFO	[2019-08-07 23:02:57:839] <6776> START INIPHP cancel (V5036-141209)(OS:Linux2.6.32-754.11.1.el6.x86_64,PHP:5.3.3)
DEBUG	[2019-08-07 23:02:57:839] <6776> inipayhome:/home/killdeal/public_html/shop/inicis
DEBUG	[2019-08-07 23:02:57:839] <6776> debug:false
DEBUG	[2019-08-07 23:02:57:839] <6776> type:cancel
DEBUG	[2019-08-07 23:02:57:839] <6776> mid:majorgol03
DEBUG	[2019-08-07 23:02:57:839] <6776> admin:1111
DEBUG	[2019-08-07 23:02:57:839] <6776> tid:INIMX_CARDmajorgol0320190729232956605338
DEBUG	[2019-08-07 23:02:57:839] <6776> cancelmsg:¡÷πÆ¿⁄ ∫ª¿Œ √Îº“-πËº€¡ˆø¨
INFO	[2019-08-07 23:02:57:839] <6776> Check Field OK
INFO	[2019-08-07 23:02:57:839] <6776> PI PUB KEY LOAD OK []
INFO	[2019-08-07 23:02:57:840] <6776> PG PUB KEY LOAD OK [30]
ERROR	[2019-08-07 23:02:57:840] <6776> ÏÉÅÏ†êÍ∞úÏù∏ÌÇ§ Î°úÎìúÏò§Î•ò
INFO	[2019-08-07 23:02:57:846] <6776> END cancel [TX9301|ÏÉÅÏ†êÍ∞úÏù∏ÌÇ§ Î°úÎìúÏò§Î•ò] Laptime:[0.007sec]
INFO	[2019-08-07 23:02:57:846] <6776> ===============================================================
