INFO	[2023-07-13 10:52:58:144] <22252> START INIPHP cancel (V5036-141209)(OS:Linux2.6.32-754.11.1.el6.x86_64,PHP:5.3.3)
DEBUG	[2023-07-13 10:52:58:144] <22252> inipayhome:/home1/killdeal/public_html/shop/inicis
DEBUG	[2023-07-13 10:52:58:144] <22252> debug:false
DEBUG	[2023-07-13 10:52:58:144] <22252> type:cancel
DEBUG	[2023-07-13 10:52:58:144] <22252> mid:fourseason
DEBUG	[2023-07-13 10:52:58:144] <22252> admin:1111
DEBUG	[2023-07-13 10:52:58:144] <22252> tid:INIMX_CARDfourseason20230704212423795037
DEBUG	[2023-07-13 10:52:58:144] <22252> cancelmsg:쇼핑몰 운영자 승인 취소
INFO	[2023-07-13 10:52:58:144] <22252> Check Field OK
INFO	[2023-07-13 10:52:58:144] <22252> PI PUB KEY LOAD OK []
INFO	[2023-07-13 10:52:58:145] <22252> PG PUB KEY LOAD OK [30]
INFO	[2023-07-13 10:52:58:145] <22252> MERCHANT PRIV KEY LOAD OK
INFO	[2023-07-13 10:52:58:145] <22252> MERCHANT PUB KEY LOAD OK [0]
DEBUG	[2023-07-13 10:52:58:146] <22252> MAKE ENCRYPT OK[<?xml version="1.0" encoding="UTF-8"?>
<CancelInfo>
	  <CancelTID>INIMX_CARDfourseason20230704212423795037</CancelTID>
	  <CancelMsg urlencode="1">%BC%EE%C7%CE%B8%F4+%BF%EE%BF%B5%C0%DA+%BD%C2%C0%CE+%C3%EB%BC%D2</CancelMsg>
	  <CancelReason/></CancelInfo>]
INFO	[2023-07-13 10:52:58:146] <22252> MAKE BODY OK
INFO	[2023-07-13 10:52:58:146] <22252> SIGN OK
INFO	[2023-07-13 10:52:58:146] <22252> MAKE HEAD OK
INFO	[2023-07-13 10:52:58:146] <22252> MSG_TO_PG:[0096200175D SHA1                   0                                      300420fourseason                    INIMX_CARDfourseason20230704212423795037<?xml version="1.0" encoding="UTF-8"?>
<INIpay>
	  <CancelInfo>
	    <SessionKey>gnmvyNxX3NYp2YAFl60MyBWTx3ObGkhahLLT0n4Cbpf+66Nzi4AKZunKvQgEGD3E
DJFQ3aHs9btRs/W9QlsNLKDhHvSHmUe5RXfbjxHSQzlKcEYVtXzkOMI6BP926iiK
/z1nDQsjRM/reN5V8vPRZ59HH9nvg2ppjECh9bXvstomLm5DtXeRUA==
</SessionKey>
	    <Encrypted>pvB/F+hQKEpjPXe0esIAt7FNS1HCPN6e+cXI53lnXiQ+6skD4RgLEt5+xaWbf5FI
xLnDTSl39yAiYCxT4qR/88zy/VOQWDYUPX9qpgHBIijRwktTQO37VkNRnbjR67ox
4omxNGRjIJVVeEGjQsGezni47pyW3SBVZR2xuLGkKBueFCwtXOebpGLZt301L85W
K84oY23njEFdF1f/Iy8DBifNBm56AOQOXcC4umLWiWo6PRMCftBlFgF1QcqawVRV
dcnrNBimPdK0MfBIbQ/nhAo+UNKZmzFOpcj187pGx4f06qkUw/5OZ3oo3wepa1RV
5jQdFWW9S/WJbctZlyt/3g==
</Encrypted></CancelInfo>
	  <ReservedInfo>
	    <MReserved1/>
	    <MReserved2/>
	    <MReserved3/></ReservedInfo>
	  <ManageInfo>
	    <Language/>
	    <URL/>
	    <TXVersion>5036B141209canceLinux     PHPchkfake   2.6.32-754.11.1.el6.x86_64PHP:</TXVersion>
	    <TXUserID/>
	    <TXRegNum/></ManageInfo></INIpay>AO9+QLNzN2T6aXCIJPK1wjxApBrsV1O8a2i5JMALYBoMDHn6OAl1Mqj5w4TUDQBJ
UVsn5Gn5uDZHlOG4XQtyPl+QOUnoVvwX3KHIP70vwVmon1oAwukIacIXpdRauF5k
x7I/gbupFYltbwbBIe5INbYu/RoHuZB5oGTRPFVRyZpL
]
INFO	[2023-07-13 10:52:58:147] <22252> DNS LOOKUP OK(203.238.37.3:203.238.37.3:34049) laptime:0
INFO	[2023-07-13 10:52:58:149] <22252> SOCKET CONNECT OK
INFO	[2023-07-13 10:52:58:149] <22252> SEND OK
INFO	[2023-07-13 10:52:58:556] <22252> RECV OK
INFO	[2023-07-13 10:52:58:556] <22252> MSG_FROM_PG:[0093300175D SHA1                   0                                      300430fourseason                    INIMX_CARDfourseason20230704212423795037<?xml version="1.0" encoding="UTF-8"?><INIpay>
<CancelInfo>
<ResultCode>120000</ResultCode>
<ResultMsg urlencode="1">%C1%A4%BB%F3%C3%B3%B8%AE%B5%C7%BE%FA%BD%C0%B4%CF%B4%D9.</ResultMsg>
<SessionKey>ALYvoP3fI5Hc8OotBcJIYCOH6Ph1HE3lEmtv61gTOtfTVZJa8t6lR32brn42MxAv
K8h7yRqn0/4XI1UQ+MZZv40Oye7JX0upn2jo+z/Hs5PS3tuwlg8e6I68cqru4SdE
Toa8vTUDgOogdr5eUqhFLyR/8aEupue1Yvm6lRQu3lb/JimwBK9z4tI=
</SessionKey>
<Encrypted>AzZJ+bc2iMPhFH+qzUDyQf6f42fSV2ijoH6w6/gKG0fPDgkstxmxl0fAhJ3bpBfH
J9FH1b1/Po05pllDNd2qPTmf/csAmmQ8QBv87ITw6Zd+D2rzNihN38LxxZLinaB6
i3oQNIq3iqBG+hNI6tuu10asm3UcQLpuK6n+tFGOqIJFJWw9HbNmPv093rIhujYR
JCaXw+2xZfrBDHVVgI4/9gfbNooI+wH3oO9cYms3iS3v238wMd8ZkapGV8pcsnkz
iHuaw/lOpgJQQ3sxWRuQzMzOWUKw78Uia+Z2zpeDWjaAGnJscpqE9eefuvdYS3+l
GIJeAqZd7Txv4MIL4lvxyjhy1F3c7JiE
</Encrypted>
</CancelInfo>
<ManageInfo/>
<ReservedInfo>
<MReserved1 urlencode="1"/>
<MReserved2 urlencode="1"/>
<MReserved3 urlencode="1"/>
</ReservedInfo>
</INIpay>
vl77AkRxaa4PnSZR9ViWPjr+ZUUv8V2HZAl9cUV7pA7LpexXwYDjFpysFLDPi+6L
Hfr3Df6gI6MZcpqZg9gPFY64K8T9Q7ILbBkGNBSKHjp2nkRVjFH2yKNa1hJexIdv
o5BOniF9M5oTjNIg1UxIfxbiRJbLXXudjwkmFLOCoDI=
]
INFO	[2023-07-13 10:52:58:556] <22252> VERIFY OK
INFO	[2023-07-13 10:52:58:556] <22252> PARSE HEAD OK
INFO	[2023-07-13 10:52:58:557] <22252> PARSE BODY OK
INFO	[2023-07-13 10:52:58:557] <22252> DECRYPT OK
DEBUG	[2023-07-13 10:52:58:557] <22252> DECRYPT MSG:[<?xml version="1.0" encoding="UTF-8"?><CancelInfo>
<CancelDate>20230713</CancelDate>
<CancelTime>105257</CancelTime>
<ResultCode>120000</ResultCode>
<ResultMsg urlencode="1">%C1%A4%BB%F3%C3%B3%B8%AE%B5%C7%BE%FA%BD%C0%B4%CF%B4%D9.</ResultMsg>
</CancelInfo>]
INFO	[2023-07-13 10:52:58:558] <22252> DECRYPT PARSE OK
INFO	[2023-07-13 10:52:58:558] <22252> END cancel 정상처리되었습니다. Laptime:[0.414sec]
INFO	[2023-07-13 10:52:58:558] <22252> ===============================================================
