INFO	[2022-04-07 15:25:10:977] <25028> START INIPHP repay (V5036-141209)(OS:Linux2.6.32-754.11.1.el6.x86_64,PHP:5.3.3)
DEBUG	[2022-04-07 15:25:10:977] <25028> inipayhome:/home1/killdeal/public_html/shop/inicis
DEBUG	[2022-04-07 15:25:10:977] <25028> debug:false
DEBUG	[2022-04-07 15:25:10:977] <25028> type:repay
DEBUG	[2022-04-07 15:25:10:977] <25028> pgid:INIphpRPAY
DEBUG	[2022-04-07 15:25:10:977] <25028> subpgip:203.238.3.10
DEBUG	[2022-04-07 15:25:10:977] <25028> mid:fourseason
DEBUG	[2022-04-07 15:25:10:977] <25028> admin:1111
DEBUG	[2022-04-07 15:25:10:977] <25028> oldtid:INIMX_CARDfourseason20220406210345534852
DEBUG	[2022-04-07 15:25:10:977] <25028> currency:WON
DEBUG	[2022-04-07 15:25:10:977] <25028> price:740000
DEBUG	[2022-04-07 15:25:10:977] <25028> confirm_price:128600
DEBUG	[2022-04-07 15:25:10:977] <25028> buyeremail:kfusion321@naver.com
DEBUG	[2022-04-07 15:25:10:977] <25028> tax:67273
DEBUG	[2022-04-07 15:25:10:977] <25028> taxfree:0
INFO	[2022-04-07 15:25:10:977] <25028> Check Field OK
INFO	[2022-04-07 15:25:10:977] <25028> Make TID OK INIphpRPAYfourseason20220407152510776130
INFO	[2022-04-07 15:25:10:977] <25028> PI PUB KEY LOAD OK []
INFO	[2022-04-07 15:25:10:977] <25028> PG PUB KEY LOAD OK [30]
INFO	[2022-04-07 15:25:10:978] <25028> MERCHANT PRIV KEY LOAD OK
INFO	[2022-04-07 15:25:10:978] <25028> MERCHANT PUB KEY LOAD OK [0]
DEBUG	[2022-04-07 15:25:10:978] <25028> MAKE ENCRYPT OK[<?xml version="1.0" encoding="UTF-8"?>
<PartCancelInfo>
	  <PRTC_TID>INIMX_CARDfourseason20220406210345534852</PRTC_TID>
	  <PRTC_Price>740000</PRTC_Price>
	  <PRTC_Remains>128600</PRTC_Remains>
	  <PRTC_Quota/>
	  <PRTC_Interest/>
	  <PRTC_NoAcctFNBC/>
	  <PRTC_NmAcctFNBC/></PartCancelInfo>]
INFO	[2022-04-07 15:25:10:978] <25028> MAKE BODY OK
INFO	[2022-04-07 15:25:10:979] <25028> SIGN OK
INFO	[2022-04-07 15:25:10:979] <25028> MAKE HEAD OK
INFO	[2022-04-07 15:25:10:979] <25028> MSG_TO_PG:[0111800175D SHA1                   0                                      300620fourseason              740000INIphpRPAYfourseason20220407152510776130<?xml version="1.0" encoding="UTF-8"?>
<INIpay>
	  <PartCancelInfo>
	    <SessionKey>p7dTe5Wx0aCwtKqD4wWDCSzVX742VpYUR+gYAnX7mx8p9ldSa5i2LWIn5ZpAhPg8
qn6teweoCRYIduM+c/yBMxRwr35s8vmntYvytg7lvSQpUR11UKRbqW4Bo0ocyUlb
IGm7LOv8ZuqrQe27FnUWyA4ixTipsu13GYF6Hyuyzqenz8X7ujxo2g==
</SessionKey>
	    <Encrypted>g4GFYRITHsmf8iuS2vYKPqYp1nugbQogUFbfnc4QbzU20LWrjmyR1u3/cfJ1G43D
NUUnGb3TZCUJ3BM4cgUx3iOYuXMe4oCEmnPKNJ/M+vrHRsXDXkePbHW4d7If9JYy
hDV4aig2JlZPlPoCh9AWt9Th38QQ+CbzTBpvjpU+5KZJNidbsxa3aRoLJ8KTtOPv
8gYf477B3q5zEUPrtTxdM5bK7gnhkl47b9shxruY+oqjQlERmdKv12fGxl7e61n+
1OdofqI/8dX94AdPui5dKJlSQTpzaL9FDnSosPU8yQWVZiMVO6VoLlxnc3PbOO4b
ECnQn/iJDvMY0+QzwSVgUn0SAYyi3qiN5C7DiGdpZ0W60utgM9U/yl4eBV1DrzmQ
4pFxTpT49os=
</Encrypted></PartCancelInfo>
	  <GoodsInfo>
	    <Tax>67273</Tax>
	    <TaxFree/>
	    <Currency>WON</Currency></GoodsInfo>
	  <ReservedInfo>
	    <MReserved1/>
	    <MReserved2/>
	    <MReserved3/></ReservedInfo>
	  <ManageInfo>
	    <Language/>
	    <URL/>
	    <TXVersion>5036B141209repayLinux     PHPchkfake   2.6.32-754.11.1.el6.x86_64PHP:</TXVersion>
	    <TXUserID/>
	    <TXRegNum/></ManageInfo></INIpay>ALN0e8qpz28kDOBI+6yRaztZOHWIkVcUxEIorEf+uxakpY1YfF2WQCQa3n6LFtUt
RITJpx3Y+8NmsYXSbQcFdamJPVYZBmKEb8Shs3wuvEMx+wVE6kJX8VsvnBjSd/35
8MoNC12tl3Ccp6tEieiY5iC4KkFBomdARbsLa5RtaG9c
]
INFO	[2022-04-07 15:25:10:979] <25028> DNS LOOKUP OK(203.238.37.3:203.238.37.3:34049) laptime:0
INFO	[2022-04-07 15:25:10:982] <25028> SOCKET CONNECT OK
INFO	[2022-04-07 15:25:10:982] <25028> SEND OK
INFO	[2022-04-07 15:25:11:164] <25028> RECV OK
INFO	[2022-04-07 15:25:11:164] <25028> MSG_FROM_PG:[0099200175D SHA1                   0                                      300630fourseason              740000INIphpRPAYfourseason20220407152510776130<?xml version="1.0" encoding="UTF-8"?><INIpay>
<PartCancelInfo>
<PayMethod>Card</PayMethod>
<ResultCode>120000</ResultCode>
<ResultMsg urlencode="1">%C1%A4%BB%F3%C3%B3%B8%AE%B5%C7%BE%FA%BD%C0%B4%CF%B4%D9.</ResultMsg>
<SessionKey>ACHxYTnaA/bcNrtMM9DZqIYJg1ee+s7ZxDk3/z6wLQdQMcJwM9zGTnriLD2ccDaH
gS2gQRgIXjp8yVBtxByavdkemkOphp01DoNMNOhwDcb+Ivoa6Xjapbx+jbtK3TIR
kK3Adp2NPbCNi2y78mCZ/MirjJf1pEhFXvcqn4FavFdVA7EDffHXasc=
</SessionKey>
<Encrypted>rD1SpmNmS380W9tj8Q5Hobb9lJzkiEaSf1OlmypHTV14+G+zmBT/siL9Tdkhmw/D
PsoFbHD0r4txT6vnVwgY6Vg0j9vp1g/7xh5R9yUt7uLcyttTnCIK2fLp9mdW5z95
lm/wMsBHr2f0Wk8HX2RbQVxfVa9fvdk6pz8BBnnIMxi0ehE+1KI9RKnMjxQXrSiU
eRFVXzGIuAiu/2l5hRXUnBRVVNfi0Zfs5OlmOH6IsklUSgmDu/cp3VDk4grSISRU
c6UpPNJ3x0ACfvPYAzIiAh0BxJJ+1t3QtKce7mswcXSYePI4zAACybx+lw+Ue1Hv
E0aXiqSCfGrYeRmKT29s9SjPDQq6iJt2rDiijRzsHAEmm5mTVyLWHEeK3pB2HLPV
OP7LhADuzojMYtQf42A+mwzogcIjY7ZW6l+QcWvz8JnvRnjNC4KZcBKB1KUG/wCf
2JzB3sRhHZmSWB8CI3oWpA==
</Encrypted>
</PartCancelInfo>
<ManageInfo/>
<ReservedInfo/>
</INIpay>
FYzjBxE1P7VrovCVBQH8lZI971Xb2dxYGcYUuGR84/XAbUb6t8BwB3o4WI0gwAaK
l0YRJJIycrb6F/SE77uFWxASKwpk5DqR/cGuPlXXu8Xf94rDNw8N/VQqdXLxcs9/
y38Fw7jM7/pqUhT1AF8M0Xxim2u8hOPVQZR4cTix39I=
]
INFO	[2022-04-07 15:25:11:164] <25028> VERIFY OK
INFO	[2022-04-07 15:25:11:164] <25028> PARSE HEAD OK
INFO	[2022-04-07 15:25:11:164] <25028> PARSE BODY OK
INFO	[2022-04-07 15:25:11:165] <25028> DECRYPT OK
DEBUG	[2022-04-07 15:25:11:165] <25028> DECRYPT MSG:[<?xml version="1.0" encoding="UTF-8"?><PartCancelInfo>
<PRTC_TID>INIMX_CARDfourseason20220406210345534852</PRTC_TID>
<PRTC_Price>740000</PRTC_Price>
<PRTC_Remains>128600</PRTC_Remains>
<PRTC_Quota>08</PRTC_Quota>
<PRTC_Type>1</PRTC_Type>
<CancelDate>20220407</CancelDate>
<CancelTime>152511</CancelTime>
<PRTC_Cnt>1</PRTC_Cnt>
</PartCancelInfo>]
INFO	[2022-04-07 15:25:11:165] <25028> DECRYPT PARSE OK
INFO	[2022-04-07 15:25:11:165] <25028> END repay 정상처리되었습니다. Laptime:[0.189sec]
INFO	[2022-04-07 15:25:11:165] <25028> ===============================================================
