INFO	[2022-01-02 16:15:28:958] <30030> START INIPHP cancel (V5036-141209)(OS:Linux2.6.32-754.11.1.el6.x86_64,PHP:5.3.3)
DEBUG	[2022-01-02 16:15:28:958] <30030> inipayhome:/home1/killdeal/public_html/shop/inicis
DEBUG	[2022-01-02 16:15:28:958] <30030> debug:false
DEBUG	[2022-01-02 16:15:28:958] <30030> type:cancel
DEBUG	[2022-01-02 16:15:28:958] <30030> mid:fourseason
DEBUG	[2022-01-02 16:15:28:958] <30030> admin:1111
DEBUG	[2022-01-02 16:15:28:958] <30030> tid:INIMX_CARDfourseason20220102151700865098
DEBUG	[2022-01-02 16:15:28:958] <30030> cancelmsg:주문자 본인 취소-구매의사 없음
INFO	[2022-01-02 16:15:28:958] <30030> Check Field OK
INFO	[2022-01-02 16:15:28:958] <30030> PI PUB KEY LOAD OK []
INFO	[2022-01-02 16:15:28:958] <30030> PG PUB KEY LOAD OK [30]
INFO	[2022-01-02 16:15:28:959] <30030> MERCHANT PRIV KEY LOAD OK
INFO	[2022-01-02 16:15:28:959] <30030> MERCHANT PUB KEY LOAD OK [0]
DEBUG	[2022-01-02 16:15:28:959] <30030> MAKE ENCRYPT OK[<?xml version="1.0" encoding="UTF-8"?>
<CancelInfo>
	  <CancelTID>INIMX_CARDfourseason20220102151700865098</CancelTID>
	  <CancelMsg urlencode="1">%C1%D6%B9%AE%C0%DA+%BA%BB%C0%CE+%C3%EB%BC%D2-%B1%B8%B8%C5%C0%C7%BB%E7+%BE%F8%C0%BD</CancelMsg>
	  <CancelReason/></CancelInfo>]
INFO	[2022-01-02 16:15:28:960] <30030> MAKE BODY OK
INFO	[2022-01-02 16:15:28:960] <30030> SIGN OK
INFO	[2022-01-02 16:15:28:960] <30030> MAKE HEAD OK
INFO	[2022-01-02 16:15:28:960] <30030> MSG_TO_PG:[0099400175D SHA1                   0                                      300420fourseason                    INIMX_CARDfourseason20220102151700865098<?xml version="1.0" encoding="UTF-8"?>
<INIpay>
	  <CancelInfo>
	    <SessionKey>S3Ckucfp8E9udU4HbP7NT9gvsOBKH+8b9LrzfvYPZY7a7B5KPs2Hi9zRBDAinuKC
UqGsgjKfdGPuXQF8Ed73vUDSjgafvjqJ8nrqL0o+YEfDrLAlUdK46k1vbOcRzKqN
rsDiEIeG8vSRB1A4ixcIumtpdRAYvD5ubsKF/j9rT0MAOqDrD6jt9Q==
</SessionKey>
	    <Encrypted>S78Khsfos1Dj+rfijAzLEqiR+BPm8HyMpySu5HkBdABQH+4JErRsLZHSbSvlrGfJ
lKt5ErYgp4kkMD3AZ4KjIrBbGDemKwn9NHZuEciW0BkNKFt+3EwqIBxdNBLnWZPZ
SwZfXw7TBxa39afeFmmY4S9asJg7yi3onDzjRpa0gOZ7B+86lvllzN3+XqPUNDmM
RVbk5p9ry5CHPAMNpSFE9Po+RldWIobn1E4c3foBF2vPDYH/GW+uPiMCxawEWlnU
OMRWTvyBSIcfalfGsxAP/R+UuAKFGXDwm1EXkt/qu/sT89wYBJrWTtfxSTyClA0p
Y/uXUAY5W4GIhK5S8MEVgJy+FeDI/VqxcPZ6db8j5B2Q9h21CoZhvw==
</Encrypted></CancelInfo>
	  <ReservedInfo>
	    <MReserved1/>
	    <MReserved2/>
	    <MReserved3/></ReservedInfo>
	  <ManageInfo>
	    <Language/>
	    <URL/>
	    <TXVersion>5036B141209canceLinux     PHPchkfake   2.6.32-754.11.1.el6.x86_64PHP:</TXVersion>
	    <TXUserID/>
	    <TXRegNum/></ManageInfo></INIpay>AH48auGN5N60EG+l4CBA6lHC+0IL16OXlnUKXUg1gR9cLSY/t8wNqMeaz8UtM5EA
kXLxo/6+6a101+JFSlhnpez714WpnBRzEZ7NzeNzhuvvb74EXR0VoEeOEPcNjYRy
oCEke+2/nhAMr5q9vv7hepNIzrs6ysSTCwormRZpqTNq
]
INFO	[2022-01-02 16:15:28:960] <30030> DNS LOOKUP OK(203.238.37.3:203.238.37.3:34049) laptime:0
INFO	[2022-01-02 16:15:28:962] <30030> SOCKET CONNECT OK
INFO	[2022-01-02 16:15:28:962] <30030> SEND OK
INFO	[2022-01-02 16:15:29:564] <30030> RECV OK
INFO	[2022-01-02 16:15:29:564] <30030> MSG_FROM_PG:[0093300175D SHA1                   0                                      300430fourseason                    INIMX_CARDfourseason20220102151700865098<?xml version="1.0" encoding="UTF-8"?><INIpay>
<CancelInfo>
<ResultCode>120000</ResultCode>
<ResultMsg urlencode="1">%C1%A4%BB%F3%C3%B3%B8%AE%B5%C7%BE%FA%BD%C0%B4%CF%B4%D9.</ResultMsg>
<SessionKey>AHBM44MCVOvMDdQSr4Ubz0xozPV2tT8QKoba/PdnAXPTKHn6e4gDi9oTA16BHiwG
urvowzi+yqQkCw+qgvvZ6olEJe96nPlyQvFnj2yD35RYqfJJ2u++nr/nsiGigImG
ahulZkjw0GnhznwR9M4yF7W4uccaf1feZX2IKp/J3ONEBqVQTw7wxhI=
</SessionKey>
<Encrypted>W1juX/V8Xj3ct/0HoXszvPva5t1RIY7OjhQBkSlJnrY6jWqWOA6Ooi0Fu1X6H76C
4hJ0fzhF+c4bBsYPn8Ud8kSD+gduRzX7IDweYAQkS/0iqyPYjWHlYdmSpVDA6hF1
P2h8KtRLl5Uh0xh2RlfpGTRrfrUow0Uta/wDYCnDxKcbCE1nec3gZFoWVdY3vGmu
b+ljniGohZUvq9zfajeYp8Ono1Ww1VYiTNsqcaHnejioLEp771j5AKsR8pIo6V47
MMjovvJLiO/tx7n6uOS8fsA36+I4V1ZW2VwyoND9d1NEjGNaBLTIOacsBFDgZMc+
agN1lp5ei1OeG7OhYAmJ53EEspzIH+Sc
</Encrypted>
</CancelInfo>
<ManageInfo/>
<ReservedInfo>
<MReserved1 urlencode="1"/>
<MReserved2 urlencode="1"/>
<MReserved3 urlencode="1"/>
</ReservedInfo>
</INIpay>
OHc/zHfl4HHgfsEcuo0XvtKOuOSqUYEC6IeHDzkARyWhIncRBUhlvz7uLaxM2/ST
iAqQZOjz82LLPkTq/OkjvvEq5x2HTRuweCO1psGo+JzmVePlioRkp/ypnlYqTdwe
K8uSgmoOjuDYeXdlkWP9Mc1nCFwwgqeMJeOmsVaujQ0=
]
INFO	[2022-01-02 16:15:29:564] <30030> VERIFY OK
INFO	[2022-01-02 16:15:29:564] <30030> PARSE HEAD OK
INFO	[2022-01-02 16:15:29:565] <30030> PARSE BODY OK
INFO	[2022-01-02 16:15:29:565] <30030> DECRYPT OK
DEBUG	[2022-01-02 16:15:29:565] <30030> DECRYPT MSG:[<?xml version="1.0" encoding="UTF-8"?><CancelInfo>
<CancelDate>20220102</CancelDate>
<CancelTime>161529</CancelTime>
<ResultCode>120000</ResultCode>
<ResultMsg urlencode="1">%C1%A4%BB%F3%C3%B3%B8%AE%B5%C7%BE%FA%BD%C0%B4%CF%B4%D9.</ResultMsg>
</CancelInfo>]
INFO	[2022-01-02 16:15:29:566] <30030> DECRYPT PARSE OK
INFO	[2022-01-02 16:15:29:566] <30030> END cancel 정상처리되었습니다. Laptime:[0.608sec]
INFO	[2022-01-02 16:15:29:566] <30030> ===============================================================
