INFO	[2024-02-19 03:32:03:695] <9738> START INIPHP cancel (V5036-141209)(OS:Linux2.6.32-754.11.1.el6.x86_64,PHP:5.3.3)
DEBUG	[2024-02-19 03:32:03:695] <9738> inipayhome:/home1/killdeal/public_html/shop/inicis
DEBUG	[2024-02-19 03:32:03:695] <9738> debug:false
DEBUG	[2024-02-19 03:32:03:695] <9738> type:cancel
DEBUG	[2024-02-19 03:32:03:695] <9738> mid:majorgol03
DEBUG	[2024-02-19 03:32:03:695] <9738> admin:1111
DEBUG	[2024-02-19 03:32:03:695] <9738> tid:INIMX_CARDmajorgol0320240219032304335627
DEBUG	[2024-02-19 03:32:03:695] <9738> cancelmsg:주문자 본인 취소-상품옵션 선택 잘못함
INFO	[2024-02-19 03:32:03:695] <9738> Check Field OK
INFO	[2024-02-19 03:32:03:695] <9738> PI PUB KEY LOAD OK []
INFO	[2024-02-19 03:32:03:696] <9738> PG PUB KEY LOAD OK [30]
INFO	[2024-02-19 03:32:03:696] <9738> MERCHANT PRIV KEY LOAD OK
INFO	[2024-02-19 03:32:03:696] <9738> MERCHANT PUB KEY LOAD OK [0]
DEBUG	[2024-02-19 03:32:03:697] <9738> MAKE ENCRYPT OK[<?xml version="1.0" encoding="UTF-8"?>
<CancelInfo>
	  <CancelTID>INIMX_CARDmajorgol0320240219032304335627</CancelTID>
	  <CancelMsg urlencode="1">%C1%D6%B9%AE%C0%DA+%BA%BB%C0%CE+%C3%EB%BC%D2-%BB%F3%C7%B0%BF%C9%BC%C7+%BC%B1%C5%C3+%C0%DF%B8%F8%C7%D4</CancelMsg>
	  <CancelReason/></CancelInfo>]
INFO	[2024-02-19 03:32:03:697] <9738> MAKE BODY OK
INFO	[2024-02-19 03:32:03:698] <9738> SIGN OK
INFO	[2024-02-19 03:32:03:698] <9738> MAKE HEAD OK
INFO	[2024-02-19 03:32:03:698] <9738> MSG_TO_PG:[0101500175D SHA1                   0                                      300420majorgol03                    INIMX_CARDmajorgol0320240219032304335627<?xml version="1.0" encoding="UTF-8"?>
<INIpay>
	  <CancelInfo>
	    <SessionKey>y4l67D53mr7EsMGwR/J1AIOXylJuI/GCy36n0GfEXzYW1o9BdSg3V81ORwBiE2/6
3LsnhCRlCzin5BA3yEzL6e2gLOQelIR4rFLSzd2+F2ITVDE3sckAQW9hyj9qurK/
d4oDtrPUPhJVbkKBqN0zyj7uEGD3H0RrrRxKtYYC+GvTrE1jHoe8Wg==
</SessionKey>
	    <Encrypted>GRBOpbtjHrWnSx1wkTUT8LAzCNgYSKC4GQH7qkwzU9Xe8IHEZgkpYKRPXakx0Uns
23jo9nTPS3Loq/pA8dVsL4J4MOwkt9ioLHsp3+zaMcbcHlqjNTeg/UtnRqbYyd2i
5CtqdoJjPE6mDCi3T64N5UvU5u+5Ea0M2jYoXapoiaE09OqHdlGjtiCzxSLlVg7J
phRQEOpAm+bIfxPTAR+3RKuPU/NVe1o9tlpNGY+LBGyhFFughuVdPdjV8w9M9hi1
WEP9Kr6GOxESIkcdPl0KulCoEb/vEHzy9nWMzm2Uqv/3uc/mw45HE21qasuvevZ4
rFUPToGuia39SHev3bT4rdpIWqlfqZDGQswc+7tCungSd5XOCH10sX4ZwKaJ89Ee
KBYp5yi4Gs8=
</Encrypted></CancelInfo>
	  <ReservedInfo>
	    <MReserved1/>
	    <MReserved2/>
	    <MReserved3/></ReservedInfo>
	  <ManageInfo>
	    <Language/>
	    <URL/>
	    <TXVersion>5036B141209canceLinux     PHPchkfake   2.6.32-754.11.1.el6.x86_64PHP:</TXVersion>
	    <TXUserID/>
	    <TXRegNum/></ManageInfo></INIpay>AMHrDz3aLP4e3NQ5SX+872coVmnGD+1k9DD0lY1vJy2+lD5vklh48IoN9L02hDW/
4xDMVAPLgAN5PfZk0OihbgS6+VB+CvOWdqEgzD0ZOtJYmIHALVk5dM017qDlGgJG
mEC54EeJcsgcdQBokinrfkrDwE3Ni249gW7xxAZVUJQn
]
INFO	[2024-02-19 03:32:03:699] <9738> DNS LOOKUP OK(203.238.37.3:203.238.37.3:34049) laptime:0
INFO	[2024-02-19 03:32:03:700] <9738> SOCKET CONNECT OK
INFO	[2024-02-19 03:32:03:700] <9738> SEND OK
INFO	[2024-02-19 03:32:03:972] <9738> RECV OK
INFO	[2024-02-19 03:32:03:972] <9738> MSG_FROM_PG:[0093300175D SHA1                   0                                      300430majorgol03                    INIMX_CARDmajorgol0320240219032304335627<?xml version="1.0" encoding="UTF-8"?><INIpay>
<CancelInfo>
<ResultCode>120000</ResultCode>
<ResultMsg urlencode="1">%C1%A4%BB%F3%C3%B3%B8%AE%B5%C7%BE%FA%BD%C0%B4%CF%B4%D9.</ResultMsg>
<SessionKey>ANuHyAt373W1m6wI2jUa/I2QAshRccP64wtIBH/eaREABlnaEoOtKMBcZh2ISA4R
wPNWXdndiV/mcmou95xzn3L2TZ6m55+hj3NX/Ai5u7uDhvcvalmXhWqU9xw9myzO
Gut4ir3fmHO3NP2bCcIFjGUVeLchG+CJLeZbxSOl8184fK8Y2RcRex8=
</SessionKey>
<Encrypted>3csiXuKERmLdxmYXlLtBJYni1yU1lj1n9BrLhveq1sLHj6khDoqAkaGfz6cDBigA
AFjDhFxOvNi30YbBE+HtEtz+Q8Gdu6GQaolfu8eMnzqna6vR6mhp3XySUqZDaOWG
Ma2M7lxUBJ6/8Fb6+LSs1Fwti1RziM3V3wcn1Z69KfSlLI+sHeqT8qc4CCUWdMtR
8dpKqZOSDiWZNloyJ8IQZRry/CcpXi3bk9iQeMXylfkUL4yPruhqsX1Z/OK0y0i/
urQ66xQCgCnzCf4XzlF1Qzrp7avACX/Q92RayXDJ5r/uEaHaLi3UGYoTkjGETgJm
+pyS4j0OjN53IqvuQXZYUjJke4EWvuJ+
</Encrypted>
</CancelInfo>
<ManageInfo/>
<ReservedInfo>
<MReserved1 urlencode="1"/>
<MReserved2 urlencode="1"/>
<MReserved3 urlencode="1"/>
</ReservedInfo>
</INIpay>
CVJ/x6RN42WNWZjfKwZW88Rukt050cDbylHK+soruR0LUPo5wjQ5DSoTZCJ7l4HN
7SYQ9gniK2qSrj690DVdON4OsfsKxkI9HdH4w1eaJV5kbWj/nuAg4W9Zzpjgx0sh
blE538KGbXyqEj31WWbCIiZIWlt8aDZwCCFUiRGwSeY=
]
INFO	[2024-02-19 03:32:03:972] <9738> VERIFY OK
INFO	[2024-02-19 03:32:03:972] <9738> PARSE HEAD OK
INFO	[2024-02-19 03:32:03:973] <9738> PARSE BODY OK
INFO	[2024-02-19 03:32:03:973] <9738> DECRYPT OK
DEBUG	[2024-02-19 03:32:03:974] <9738> DECRYPT MSG:[<?xml version="1.0" encoding="UTF-8"?><CancelInfo>
<CancelDate>20240219</CancelDate>
<CancelTime>033204</CancelTime>
<ResultCode>120000</ResultCode>
<ResultMsg urlencode="1">%C1%A4%BB%F3%C3%B3%B8%AE%B5%C7%BE%FA%BD%C0%B4%CF%B4%D9.</ResultMsg>
</CancelInfo>]
INFO	[2024-02-19 03:32:03:974] <9738> DECRYPT PARSE OK
INFO	[2024-02-19 03:32:03:974] <9738> END cancel 정상처리되었습니다. Laptime:[0.279sec]
INFO	[2024-02-19 03:32:03:974] <9738> ===============================================================
INFO	[2024-02-19 10:36:07:784] <7517> START INIPHP cancel (V5036-141209)(OS:Linux2.6.32-754.11.1.el6.x86_64,PHP:5.3.3)
DEBUG	[2024-02-19 10:36:07:784] <7517> inipayhome:/home1/killdeal/public_html/shop/inicis
DEBUG	[2024-02-19 10:36:07:784] <7517> debug:false
DEBUG	[2024-02-19 10:36:07:784] <7517> type:cancel
DEBUG	[2024-02-19 10:36:07:784] <7517> mid:majorgol03
DEBUG	[2024-02-19 10:36:07:784] <7517> admin:1111
DEBUG	[2024-02-19 10:36:07:784] <7517> tid:INIMX_CARDmajorgol0320240208004701125828
DEBUG	[2024-02-19 10:36:07:784] <7517> cancelmsg:쇼핑몰 운영자 승인 취소
INFO	[2024-02-19 10:36:07:785] <7517> Check Field OK
INFO	[2024-02-19 10:36:07:785] <7517> PI PUB KEY LOAD OK []
INFO	[2024-02-19 10:36:07:785] <7517> PG PUB KEY LOAD OK [30]
INFO	[2024-02-19 10:36:07:785] <7517> MERCHANT PRIV KEY LOAD OK
INFO	[2024-02-19 10:36:07:785] <7517> MERCHANT PUB KEY LOAD OK [0]
DEBUG	[2024-02-19 10:36:07:785] <7517> MAKE ENCRYPT OK[<?xml version="1.0" encoding="UTF-8"?>
<CancelInfo>
	  <CancelTID>INIMX_CARDmajorgol0320240208004701125828</CancelTID>
	  <CancelMsg urlencode="1">%BC%EE%C7%CE%B8%F4+%BF%EE%BF%B5%C0%DA+%BD%C2%C0%CE+%C3%EB%BC%D2</CancelMsg>
	  <CancelReason/></CancelInfo>]
INFO	[2024-02-19 10:36:07:786] <7517> MAKE BODY OK
INFO	[2024-02-19 10:36:07:786] <7517> SIGN OK
INFO	[2024-02-19 10:36:07:786] <7517> MAKE HEAD OK
INFO	[2024-02-19 10:36:07:786] <7517> MSG_TO_PG:[0096200175D SHA1                   0                                      300420majorgol03                    INIMX_CARDmajorgol0320240208004701125828<?xml version="1.0" encoding="UTF-8"?>
<INIpay>
	  <CancelInfo>
	    <SessionKey>Cz/BsMGu44b8HpNqSkMhV72j3/VK1gmpOpLqcgKAXXpTQpV6pUBn8zUINcCq/B9u
YsWKyeCbgMobGnMa94f+IbmxCvD/C1OI0uIdqKAtO8TGqv/z00M/cFhzFiW6KGHT
wbLIDBblXOHth/rMKvMSL/DsUurCIHPE14UXpwIUkz404TmJZZyRTg==
</SessionKey>
	    <Encrypted>18oAM4XcK05g2lYhobdyS6yGnmEgr2Ky7ddeq4q9htjm3xm/wU/kOKU8QeB3cF1d
D80Ys88ImrqcU2YVpNhPuzSe3uGNL+IbkdTP21kkMpzMh5fInEipgII7Eg/cOgs6
AFYknhx/r76ugpT/05k3ghGpsgbVfeYkMi8maU5BmgtXyabWTklQ8XywfWHeY7NE
EUElCkKbmgy3jpu9LX+MIu25mzyshc9kX88rciEXWJFgFGAU+HGKkIopuaBOBlT1
W9eTZCH99JGKXdFoaEmpwD/xpmBCAnF7+X5+taJhcvIpM134sI9kV//eMN376KEO
HMHQgjhuRIglz7RcHGFUCQ==
</Encrypted></CancelInfo>
	  <ReservedInfo>
	    <MReserved1/>
	    <MReserved2/>
	    <MReserved3/></ReservedInfo>
	  <ManageInfo>
	    <Language/>
	    <URL/>
	    <TXVersion>5036B141209canceLinux     PHPchkfake   2.6.32-754.11.1.el6.x86_64PHP:</TXVersion>
	    <TXUserID/>
	    <TXRegNum/></ManageInfo></INIpay>ALlUO9EL2JJFKH9q0fB1xz9aPj2a58H7QPVtAn8oKrDRApO5ypFDyL5DBFJp1GJj
yvsbouywVXUBaP1SCnc4YsSDV60uu+FO7Ns1NkZLwr18KxPwbg+HITjTlIH2lVNS
YD8zPijJPrbSCs4bymhHsWF6/6l7D8obNyQ4sK4+QMO7
]
INFO	[2024-02-19 10:36:07:786] <7517> DNS LOOKUP OK(203.238.37.3:203.238.37.3:34049) laptime:0
INFO	[2024-02-19 10:36:07:789] <7517> SOCKET CONNECT OK
INFO	[2024-02-19 10:36:07:789] <7517> SEND OK
INFO	[2024-02-19 10:36:07:954] <7517> RECV OK
INFO	[2024-02-19 10:36:07:954] <7517> MSG_FROM_PG:[0093300175D SHA1                   0                                      300430majorgol03                    INIMX_CARDmajorgol0320240208004701125828<?xml version="1.0" encoding="UTF-8"?><INIpay>
<CancelInfo>
<ResultCode>120000</ResultCode>
<ResultMsg urlencode="1">%C1%A4%BB%F3%C3%B3%B8%AE%B5%C7%BE%FA%BD%C0%B4%CF%B4%D9.</ResultMsg>
<SessionKey>AQ4kCt5IOOu1bC6+QvCpe9oJBLMfEIm77Y0+m3Fp1NuU1NmkW54hfaSnR+HxIKNg
2nlzW/hiiyPRjgSBQSCfZavQ5WxyNmspf9k3a1qgXePJoYVBCGenjnFI3yES/OwK
X2TnhoxInB86fbN9etBV3G9z7sXnFtEfbLh2PXz+nEZql59l+WvOM+A=
</SessionKey>
<Encrypted>JLA6/zcm+K/0qvQSz3LG2/UiLGMFpPgx/A9rtB0hQSX/MUMdPFpJ7Rh0zpoLTIUC
AZyDwOH5k6Rzq1wX3dLaG5pvcE0nsr2cQw1UGZ+Y32ykMwGRZgdkeVWVDSxDKAIq
h323pqzoiwa2oO9wVFkjntBwDCigQyuS0Kx6cSd12LVafaFswUSiQ5ccvOlDfS/p
KyUohTxuGk3jTWEScm6rkTQsvg5bARPutTuWQ8urN9OMQ0V2Ifwjrp+ajYkYJ0JC
UhPonO4XJSTaN+Tm1LdBDRp3UTlR6ntWRh9+gPrPbxhOuKmnAk191gyrB+MRQpHP
T9Kmmm8AQB4AN3ABwQJWdaiWko5pdJ0T
</Encrypted>
</CancelInfo>
<ManageInfo/>
<ReservedInfo>
<MReserved1 urlencode="1"/>
<MReserved2 urlencode="1"/>
<MReserved3 urlencode="1"/>
</ReservedInfo>
</INIpay>
NrWT8Jnv4ZQXrCYX4GYOOKQPrzxYiq7o+8gwPPB0GI9qLo3lj2aPGaGmbFCqQynQ
mSIc6xoql2RRJyyP/pTLfLYroFyjChWWvo1QTZrUXedYnfTk5xZQKqPGMiP0HgV9
NLN51loYHLyllWc4wnu5ea2c/vwi7mhBWFX31AzY2W0=
]
INFO	[2024-02-19 10:36:07:954] <7517> VERIFY OK
INFO	[2024-02-19 10:36:07:954] <7517> PARSE HEAD OK
INFO	[2024-02-19 10:36:07:954] <7517> PARSE BODY OK
INFO	[2024-02-19 10:36:07:955] <7517> DECRYPT OK
DEBUG	[2024-02-19 10:36:07:955] <7517> DECRYPT MSG:[<?xml version="1.0" encoding="UTF-8"?><CancelInfo>
<CancelDate>20240219</CancelDate>
<CancelTime>103608</CancelTime>
<ResultCode>120000</ResultCode>
<ResultMsg urlencode="1">%C1%A4%BB%F3%C3%B3%B8%AE%B5%C7%BE%FA%BD%C0%B4%CF%B4%D9.</ResultMsg>
</CancelInfo>]
INFO	[2024-02-19 10:36:07:955] <7517> DECRYPT PARSE OK
INFO	[2024-02-19 10:36:07:955] <7517> END cancel 정상처리되었습니다. Laptime:[0.171sec]
INFO	[2024-02-19 10:36:07:955] <7517> ===============================================================
