INFO	[2022-08-26 13:04:03:777] <28502> START INIPHP cancel (V5036-141209)(OS:Linux2.6.32-754.11.1.el6.x86_64,PHP:5.3.3)
DEBUG	[2022-08-26 13:04:03:777] <28502> inipayhome:/home1/killdeal/public_html/shop/inicis
DEBUG	[2022-08-26 13:04:03:777] <28502> debug:false
DEBUG	[2022-08-26 13:04:03:777] <28502> type:cancel
DEBUG	[2022-08-26 13:04:03:777] <28502> mid:majorgol03
DEBUG	[2022-08-26 13:04:03:777] <28502> admin:1111
DEBUG	[2022-08-26 13:04:03:777] <28502> tid:INIMX_ISP_majorgol0320220816125220455903
DEBUG	[2022-08-26 13:04:03:777] <28502> cancelmsg:쇼핑몰 운영자 승인 취소
INFO	[2022-08-26 13:04:03:777] <28502> Check Field OK
INFO	[2022-08-26 13:04:03:777] <28502> PI PUB KEY LOAD OK []
INFO	[2022-08-26 13:04:03:777] <28502> PG PUB KEY LOAD OK [30]
INFO	[2022-08-26 13:04:03:778] <28502> MERCHANT PRIV KEY LOAD OK
INFO	[2022-08-26 13:04:03:778] <28502> MERCHANT PUB KEY LOAD OK [0]
DEBUG	[2022-08-26 13:04:03:778] <28502> MAKE ENCRYPT OK[<?xml version="1.0" encoding="UTF-8"?>
<CancelInfo>
	  <CancelTID>INIMX_ISP_majorgol0320220816125220455903</CancelTID>
	  <CancelMsg urlencode="1">%BC%EE%C7%CE%B8%F4+%BF%EE%BF%B5%C0%DA+%BD%C2%C0%CE+%C3%EB%BC%D2</CancelMsg>
	  <CancelReason/></CancelInfo>]
INFO	[2022-08-26 13:04:03:778] <28502> MAKE BODY OK
INFO	[2022-08-26 13:04:03:779] <28502> SIGN OK
INFO	[2022-08-26 13:04:03:779] <28502> MAKE HEAD OK
INFO	[2022-08-26 13:04:03:779] <28502> MSG_TO_PG:[0096200175D SHA1                   0                                      300420majorgol03                    INIMX_ISP_majorgol0320220816125220455903<?xml version="1.0" encoding="UTF-8"?>
<INIpay>
	  <CancelInfo>
	    <SessionKey>ncbq5SxaAIwhcx4Dc+Cd/5Rdl9pmWcKziJEDizZExZZ67QIUm1PZC+UDDVjc04y2
sKqjbQ0e/pVs9j5Uv+OLe/AYjke3SaAzRYRTU9VJNsW5k3KlFu7aTTd/C2SIlGJ4
xzumqNwlYFEht2olvJ2Er2IfHDFIiaM8+Sx+qunPlQRMcDRwR3IEHA==
</SessionKey>
	    <Encrypted>QEIVH351ySHFckmC3LHl85IqtOzN790z3WM1Txy54mix3XJidZDtxJh8OfJtziSL
DVlIfaGVCWG6nzvj3dnVtQbSXEKoY/fyfvlywLgnQlaG3lKO6TsDYuWXSv4R2wnt
QoTt60nOSN7lA52IpCpQ70+ZnZBEZ41L/m8o1/qU0B3+HvTmhI/ekXkYUEGdAy7W
gX2XkyYFGzc5ypj1/mL/3WW0DiCKs0+0bdo9v+vwDyh55NEeaUY+d+Uco8EL2h0+
Q5AvVjQvKKbhmpdGydE02LCsV9M1kQoMIGw7JFRypxWE9EN0MgPw/3cQpDdvLxIr
SHlmNPfasNUjYl+J0vWrPA==
</Encrypted></CancelInfo>
	  <ReservedInfo>
	    <MReserved1/>
	    <MReserved2/>
	    <MReserved3/></ReservedInfo>
	  <ManageInfo>
	    <Language/>
	    <URL/>
	    <TXVersion>5036B141209canceLinux     PHPchkfake   2.6.32-754.11.1.el6.x86_64PHP:</TXVersion>
	    <TXUserID/>
	    <TXRegNum/></ManageInfo></INIpay>AA06EHiFFJafnXMuGJbObW60K25xAomoxoHDZAv7Q0OkBkEGdAQRYshyFvbPfeuF
CPDnm/99c5tQuwkmy6VHUfF3LxD4rkNJBIEep+BVkLTbjW9NbtLU45tlwPW3EH2B
Gr585m3pG8atg2e0q1qL/RzDnCuzZzPjh90JLHyyFdB8
]
INFO	[2022-08-26 13:04:03:779] <28502> DNS LOOKUP OK(203.238.37.3:203.238.37.3:34049) laptime:0
INFO	[2022-08-26 13:04:03:783] <28502> SOCKET CONNECT OK
INFO	[2022-08-26 13:04:03:783] <28502> SEND OK
INFO	[2022-08-26 13:04:04:246] <28502> RECV OK
INFO	[2022-08-26 13:04:04:246] <28502> MSG_FROM_PG:[0086100175D SHA1                   0                                      300430majorgol03                    INIMX_ISP_majorgol0320220816125220455903<?xml version="1.0" encoding="UTF-8"?><INIpay>
<CancelInfo>
<ResultCode>170000</ResultCode>
<ResultMsg urlencode="1">%C1%A4%BB%F3%BF%CF%B7%E1</ResultMsg>
<SessionKey>ALJThOBSqX0N6dCkVo3h7KrkIij1MnTmCXiPybFORv7Ie5qh1ejJySHDbbSRtomR
gkr4EbcS1zHxPE0+hrgt84KCicJwYT3+4ElzyyEe3MsHwGFMBtFKti0E8kobY9r/
3LFUhKA2XzGmxIR1L3Ahdk9bdySr3tQSXlWKkkxXqd/5p3s3xxjN5xg=
</SessionKey>
<Encrypted>iNx7Cmov3bT9dOOMzqmbUjcLZMNcgIunAGwq/c00UVmpkDRVDFCDCoXtaWDmNqCw
OdCXp5txyUw9aH/sZvNpi8RCZ6UIpuJrNP0ME7yXJfOMh4cHY+wHuzWreF2DNAAh
H7OwFa+x15NinZihnLCXrvYiZDmdwSVqKrw5sSR1DzXuiBhg3CdTluX7k+BVeH4/
ad4rnkoiAuntv8eoHokWpN5N+z/IayWMbKQvJxis7OwLgu1fYhrBv/qyP3wonohl
CWYvi9EOkNwd8jy2cg1s2pHoPeQ5DgXcLAjqhw+e2Z55zadN7TjDLA==
</Encrypted>
</CancelInfo>
<ManageInfo/>
<ReservedInfo>
<MReserved1 urlencode="1"/>
<MReserved2 urlencode="1"/>
<MReserved3 urlencode="1"/>
</ReservedInfo>
</INIpay>
GfM8DFdvQ44OqsVvDKljkty0HW9kbD4MkGI5i5FFl2EmM8IgTIeAV/Jy3qeRJ1ZQ
NmsOLkoH42cEx6CkleKnGULEI9Z8xaNcaQt50AN40M1x0IL85EwR4Vjqk4laueGt
vkeGgPj4WDISilWG1BKBft86As/i9cxZwX66ykD856o=
]
INFO	[2022-08-26 13:04:04:246] <28502> VERIFY OK
INFO	[2022-08-26 13:04:04:246] <28502> PARSE HEAD OK
INFO	[2022-08-26 13:04:04:246] <28502> PARSE BODY OK
INFO	[2022-08-26 13:04:04:247] <28502> DECRYPT OK
DEBUG	[2022-08-26 13:04:04:247] <28502> DECRYPT MSG:[<?xml version="1.0" encoding="UTF-8"?><CancelInfo>
<CancelDate>20220826</CancelDate>
<CancelTime>130404</CancelTime>
<ResultCode>170000</ResultCode>
<ResultMsg urlencode="1">%C1%A4%BB%F3%BF%CF%B7%E1</ResultMsg>
</CancelInfo>]
INFO	[2022-08-26 13:04:04:247] <28502> DECRYPT PARSE OK
INFO	[2022-08-26 13:04:04:247] <28502> END cancel 정상완료 Laptime:[0.471sec]
INFO	[2022-08-26 13:04:04:247] <28502> ===============================================================
INFO	[2022-08-26 17:02:08:404] <9117> START INIPHP cancel (V5036-141209)(OS:Linux2.6.32-754.11.1.el6.x86_64,PHP:5.3.3)
DEBUG	[2022-08-26 17:02:08:404] <9117> inipayhome:/home1/killdeal/public_html/shop/inicis
DEBUG	[2022-08-26 17:02:08:404] <9117> debug:false
DEBUG	[2022-08-26 17:02:08:404] <9117> type:cancel
DEBUG	[2022-08-26 17:02:08:404] <9117> mid:majorgol03
DEBUG	[2022-08-26 17:02:08:404] <9117> admin:1111
DEBUG	[2022-08-26 17:02:08:404] <9117> tid:INIMX_CARDmajorgol0320220820231301765268
DEBUG	[2022-08-26 17:02:08:404] <9117> cancelmsg:쇼핑몰 운영자 승인 취소
INFO	[2022-08-26 17:02:08:404] <9117> Check Field OK
INFO	[2022-08-26 17:02:08:404] <9117> PI PUB KEY LOAD OK []
INFO	[2022-08-26 17:02:08:404] <9117> PG PUB KEY LOAD OK [30]
INFO	[2022-08-26 17:02:08:405] <9117> MERCHANT PRIV KEY LOAD OK
INFO	[2022-08-26 17:02:08:405] <9117> MERCHANT PUB KEY LOAD OK [0]
DEBUG	[2022-08-26 17:02:08:405] <9117> MAKE ENCRYPT OK[<?xml version="1.0" encoding="UTF-8"?>
<CancelInfo>
	  <CancelTID>INIMX_CARDmajorgol0320220820231301765268</CancelTID>
	  <CancelMsg urlencode="1">%BC%EE%C7%CE%B8%F4+%BF%EE%BF%B5%C0%DA+%BD%C2%C0%CE+%C3%EB%BC%D2</CancelMsg>
	  <CancelReason/></CancelInfo>]
INFO	[2022-08-26 17:02:08:405] <9117> MAKE BODY OK
INFO	[2022-08-26 17:02:08:406] <9117> SIGN OK
INFO	[2022-08-26 17:02:08:406] <9117> MAKE HEAD OK
INFO	[2022-08-26 17:02:08:406] <9117> MSG_TO_PG:[0096200175D SHA1                   0                                      300420majorgol03                    INIMX_CARDmajorgol0320220820231301765268<?xml version="1.0" encoding="UTF-8"?>
<INIpay>
	  <CancelInfo>
	    <SessionKey>dhNL1tYBnnyupqc0Fxfnl8WwfBT1rnBFmADHOzAIbOTn5mzeE3uF8ESBAbQzkUnK
wY46oSWAu3Jfnqhdt1Z783ZilFL9Ryj4I0UHru3LdMj+EuKvFfCksQHZmawXCgGo
D/I9uZTi44+xZpATsdjLxALxed/RlHxVUYuix7pwk+DZ8X2wpDFoQA==
</SessionKey>
	    <Encrypted>UQZaHMZ2t7EJtfpMgeuenyiPjWH6J5jQg8jiYIEVoaeAC60lM35QjPbhWG0r1DvC
lDXvTjmw6A4hJH2nBsx6v48XC7/AbtorGQTfdC2nuh8DzEvdboDbs1lE9ffRIRZb
ZKqDZP//j/IbYqg/4g+UlLrfetNzFjJB/e094lndVl0exfogS4p7kwhIP1W80IlS
YgqYW8J8L/WX9C2299XyoH+Z6nD+2VXvdMtIo5h2HkBmwggQKAIzgt4BDnvzqUtc
ajiwlJzHs8/e2Zp/5bMFqb7+KDyfP+gwjXecyb6VrnOeeMIu6umQKjmHdRYbJarG
o0eTnAU0tBJKT+fgV3N4uQ==
</Encrypted></CancelInfo>
	  <ReservedInfo>
	    <MReserved1/>
	    <MReserved2/>
	    <MReserved3/></ReservedInfo>
	  <ManageInfo>
	    <Language/>
	    <URL/>
	    <TXVersion>5036B141209canceLinux     PHPchkfake   2.6.32-754.11.1.el6.x86_64PHP:</TXVersion>
	    <TXUserID/>
	    <TXRegNum/></ManageInfo></INIpay>ADBzk5aZMg5nRKudv8zvLgyhKOniLQPOeWzTx6RhWlWZrSnEo7Pzd8lHuLOu6Yjt
jJiirQm8gPclf23GxUjDrOtxbj/yR0/Tpb+s3y4CD0DMumBVuR5gA0Y0CR468OLL
YN1AgVxW2qTZaJwuUyHV00kfUvmIDqxv7p2cTw0meuxC
]
INFO	[2022-08-26 17:02:08:406] <9117> DNS LOOKUP OK(203.238.37.3:203.238.37.3:34049) laptime:0
INFO	[2022-08-26 17:02:08:408] <9117> SOCKET CONNECT OK
INFO	[2022-08-26 17:02:08:408] <9117> SEND OK
INFO	[2022-08-26 17:02:09:136] <9117> RECV OK
INFO	[2022-08-26 17:02:09:136] <9117> MSG_FROM_PG:[0093300175D SHA1                   0                                      300430majorgol03                    INIMX_CARDmajorgol0320220820231301765268<?xml version="1.0" encoding="UTF-8"?><INIpay>
<CancelInfo>
<ResultCode>120000</ResultCode>
<ResultMsg urlencode="1">%C1%A4%BB%F3%C3%B3%B8%AE%B5%C7%BE%FA%BD%C0%B4%CF%B4%D9.</ResultMsg>
<SessionKey>AIhoFaxX1fruMh9EXBqU8nofDEDNFBuYnCciiGisLa+H8C/zgAKQLVqTdASECAL5
1NZKl5n5QTRXB4gmpImJTk+wx5NXVPFRa7xdNsqaNiD3Z8E8deLhQPrSLM6PH0zx
IlixxtZ0LDz2e+doHknAZESAPutZ+w3aOMf33u2XmWDYFAjBivBQqO8=
</SessionKey>
<Encrypted>Eem/zpxqr3ae0EWkx/cLaPJWjSUh1KWlLSUP5vX9k3a74tEqoM82FHf3ays+v1al
lDvCdyztNDIwXDwEoySI/r3d74g8piiB+HOct3/OH+3KVkW5woYUkYaKbnfUYLRZ
ec85Tkak2jicJW2Ae/yFyigCcAKxft751YE+n1sMdMdE0Nx3kstCgo0ljFoi5OlZ
oOKNRqgdZUJn5EJK0zJHhjRJkl/tOjrK9j8KsomWXYE/ZoVZP64kYVc3LoEJyZi5
73K6uupkQJQ2gPQNYgFXVy7Hk0dXcPWXym+DddgCI44rBDdab/+LZ06gmfUVZZ+C
VjXxYlIx8iJH7kcGcwGbbJoPv1fus8Ca
</Encrypted>
</CancelInfo>
<ManageInfo/>
<ReservedInfo>
<MReserved1 urlencode="1"/>
<MReserved2 urlencode="1"/>
<MReserved3 urlencode="1"/>
</ReservedInfo>
</INIpay>
kUpLN+A1kBbpMTBneC5tw90O1JYTGcCtuUBPTKnAE6rcd+kGYpe0HHGQdaX7P29a
yMjstqj+L3zkPKZ9hAWCldPkh5T23Xi1WG6i5N5/sWs52AZ/qGLz6akZxQ1a0eNu
T6tlMfTDfKTDpRTH2s8xGyhWj3mCP7kmSUqTqKUZQlY=
]
INFO	[2022-08-26 17:02:09:136] <9117> VERIFY OK
INFO	[2022-08-26 17:02:09:136] <9117> PARSE HEAD OK
INFO	[2022-08-26 17:02:09:136] <9117> PARSE BODY OK
INFO	[2022-08-26 17:02:09:137] <9117> DECRYPT OK
DEBUG	[2022-08-26 17:02:09:137] <9117> DECRYPT MSG:[<?xml version="1.0" encoding="UTF-8"?><CancelInfo>
<CancelDate>20220826</CancelDate>
<CancelTime>170209</CancelTime>
<ResultCode>120000</ResultCode>
<ResultMsg urlencode="1">%C1%A4%BB%F3%C3%B3%B8%AE%B5%C7%BE%FA%BD%C0%B4%CF%B4%D9.</ResultMsg>
</CancelInfo>]
INFO	[2022-08-26 17:02:09:137] <9117> DECRYPT PARSE OK
INFO	[2022-08-26 17:02:09:137] <9117> END cancel 정상처리되었습니다. Laptime:[0.733sec]
INFO	[2022-08-26 17:02:09:137] <9117> ===============================================================
