INFO	[2020-08-05 16:10:33:92] <2113> START INIPHP cancel (V5036-141209)(OS:Linux2.6.32-754.11.1.el6.x86_64,PHP:5.3.3)
DEBUG	[2020-08-05 16:10:33:92] <2113> inipayhome:/home/killdeal/public_html/shop/inicis
DEBUG	[2020-08-05 16:10:33:92] <2113> debug:false
DEBUG	[2020-08-05 16:10:33:92] <2113> type:cancel
DEBUG	[2020-08-05 16:10:33:92] <2113> mid:majorgol03
DEBUG	[2020-08-05 16:10:33:92] <2113> admin:1111
DEBUG	[2020-08-05 16:10:33:92] <2113> tid:StdpayCARDmajorgol0320200724114527138718
DEBUG	[2020-08-05 16:10:33:92] <2113> cancelmsg:쇼핑몰 운영자 승인 취소
INFO	[2020-08-05 16:10:33:92] <2113> Check Field OK
INFO	[2020-08-05 16:10:33:92] <2113> PI PUB KEY LOAD OK []
INFO	[2020-08-05 16:10:33:92] <2113> PG PUB KEY LOAD OK [30]
INFO	[2020-08-05 16:10:33:92] <2113> MERCHANT PRIV KEY LOAD OK
INFO	[2020-08-05 16:10:33:93] <2113> MERCHANT PUB KEY LOAD OK [0]
DEBUG	[2020-08-05 16:10:33:93] <2113> MAKE ENCRYPT OK[<?xml version="1.0" encoding="UTF-8"?>
<CancelInfo>
	  <CancelTID>StdpayCARDmajorgol0320200724114527138718</CancelTID>
	  <CancelMsg urlencode="1">%BC%EE%C7%CE%B8%F4+%BF%EE%BF%B5%C0%DA+%BD%C2%C0%CE+%C3%EB%BC%D2</CancelMsg>
	  <CancelReason/></CancelInfo>]
INFO	[2020-08-05 16:10:33:93] <2113> MAKE BODY OK
INFO	[2020-08-05 16:10:33:94] <2113> SIGN OK
INFO	[2020-08-05 16:10:33:94] <2113> MAKE HEAD OK
INFO	[2020-08-05 16:10:33:94] <2113> MSG_TO_PG:[0096200175D SHA1                   0                                      300420majorgol03                    StdpayCARDmajorgol0320200724114527138718<?xml version="1.0" encoding="UTF-8"?>
<INIpay>
	  <CancelInfo>
	    <SessionKey>iPn8W3jo+ro7OW+CshN9xV4GU63CN0he0b5o1ZpOUv1ZvMEqTw9gOmydIQ/qVAeN
cdaG1df4As9EvB33oll60twrCe4s1a/vy2Qe6isBBbtM8XctzfVuTaMN0ba3utyF
+58pSGarjjvzC1m8s/jqb1HlQuIFhnqCMFhE13GqbofzPT8C2bE9+Q==
</SessionKey>
	    <Encrypted>eYi4F4u6Fa55RyqscRqSXIbB0aTqrcyvtNcMQVoB5w6q/Ak07fjh1VIAI49zgVLX
Wn90RZDhKsazsyORg579pucM2rGTnDEPc2YuEjL45STwUuP5QaNujCq3wP21b5Y8
pKlbPPIr47kU+Tk880gF8J5unJ8cWkymeHDQo+JDDA5hLpXjZU3QVH+gpHc/4rZX
G6I5Z+I3T/BFu91pZ0ABVvGy4cPgTrwUCsx3Zq9xL3Cr2fgxXY16zcJdzOtRjQOT
FOxPhTf51BETYhrxa8KNQkh0hkpGlVKqc2lg9ccL8Z+COsaXkUwNQAs+KYUj2kUG
Av1uCTIgMvsY3QeC1KVcOw==
</Encrypted></CancelInfo>
	  <ReservedInfo>
	    <MReserved1/>
	    <MReserved2/>
	    <MReserved3/></ReservedInfo>
	  <ManageInfo>
	    <Language/>
	    <URL/>
	    <TXVersion>5036B141209canceLinux     PHPchkfake   2.6.32-754.11.1.el6.x86_64PHP:</TXVersion>
	    <TXUserID/>
	    <TXRegNum/></ManageInfo></INIpay>AI70OOMd/s801+nCmSn+HwzAEa7o1STFjH2IhQeaQFQM7C9unrOGUl+BrDlJPO0M
TzKriKkO/PBVp/1G99uJ8NgRqPKGiEFPiQCsFCbJr6x6i34xnCr3AriwOdWo4c9M
WX35YTSybvohuOCOsUl5XsISGygY68ZXFqJNQ04q5eyL
]
INFO	[2020-08-05 16:10:33:94] <2113> DNS LOOKUP OK(203.238.37.3:203.238.37.3:34049) laptime:0
INFO	[2020-08-05 16:10:33:96] <2113> SOCKET CONNECT OK
INFO	[2020-08-05 16:10:33:96] <2113> SEND OK
INFO	[2020-08-05 16:10:33:745] <2113> RECV OK
INFO	[2020-08-05 16:10:33:745] <2113> MSG_FROM_PG:[0093300175D SHA1                   0                                      300430majorgol03                    StdpayCARDmajorgol0320200724114527138718<?xml version="1.0" encoding="UTF-8"?><INIpay>
<CancelInfo>
<ResultCode>120000</ResultCode>
<ResultMsg urlencode="1">%C1%A4%BB%F3%C3%B3%B8%AE%B5%C7%BE%FA%BD%C0%B4%CF%B4%D9.</ResultMsg>
<SessionKey>APSzR36wo5QgnZxxo1upmUgXNBXN1FrLHadRawVOzZpfXZOSJIfhpUjHZVi9gBSc
rdmqzg9UCcppBhXgfkn9CNeOSFWBVZxKUwXK3gtBT0eX5/f2AJclfEhhRGWy32ak
aFlI570RU1sgJRDVcFSe3F4xI+U7V1WuujrgqmZqrEovfeJcXHWlzqw=
</SessionKey>
<Encrypted>gkC2qsRRl/eE4fZhLQ3Gj4TVGLgNOZqYWYdCbE3BG069omIhiX16B5b0S/f5f4Wl
wy6+l8XbXUdmplR+F3rvNg9kRiMB5RzyBI2/WTE69o3bf1rfp3yIJ/xVCsv/mGC5
qq7GBfNGmjDZW3JINa9hQNhUOhK12ibK5aPyBi8vQ4RVDMnI0bPOsYEooJILm5XY
9sazlIxHwJJOfyFJQ+nZl+CRlT7lAeaCCzBU8z4j9qTy7mI9zuqr78ObYWMQRsYL
sAJF201BcxfeiGXlItnkYbHR/0c+SUZO+Gop7SzQadlaMRatmmP7KQBXckliEY7j
PrMZm9xqYpeXXcA3Jy6LxFsxoGo9kYg8
</Encrypted>
</CancelInfo>
<ManageInfo/>
<ReservedInfo>
<MReserved1 urlencode="1"/>
<MReserved2 urlencode="1"/>
<MReserved3 urlencode="1"/>
</ReservedInfo>
</INIpay>
fJnfliocjJA4TpuRZIo0Zb/aD0riPnVQfuOH/QJjzXltTIX0GFKI1ORtLprOWklg
kEPApXlO4xFosfOyL77EGMFuNnjmus47lB75lITAQaWe4p2oo3W9QQ9XCs6etX0I
4/F1ppwroe2wa86ikUtR0BPR1QJ2Q7pBUQS3H5jTdkY=
]
INFO	[2020-08-05 16:10:33:745] <2113> VERIFY OK
INFO	[2020-08-05 16:10:33:745] <2113> PARSE HEAD OK
INFO	[2020-08-05 16:10:33:746] <2113> PARSE BODY OK
INFO	[2020-08-05 16:10:33:746] <2113> DECRYPT OK
DEBUG	[2020-08-05 16:10:33:746] <2113> DECRYPT MSG:[<?xml version="1.0" encoding="UTF-8"?><CancelInfo>
<CancelDate>20200805</CancelDate>
<CancelTime>161034</CancelTime>
<ResultCode>120000</ResultCode>
<ResultMsg urlencode="1">%C1%A4%BB%F3%C3%B3%B8%AE%B5%C7%BE%FA%BD%C0%B4%CF%B4%D9.</ResultMsg>
</CancelInfo>]
INFO	[2020-08-05 16:10:33:746] <2113> DECRYPT PARSE OK
INFO	[2020-08-05 16:10:33:746] <2113> END cancel 정상처리되었습니다. Laptime:[0.655sec]
INFO	[2020-08-05 16:10:33:746] <2113> ===============================================================
