INFO	[2022-01-10 10:50:26:609] <15515> START INIPHP repay (V5036-141209)(OS:Linux2.6.32-754.11.1.el6.x86_64,PHP:5.3.3)
DEBUG	[2022-01-10 10:50:26:609] <15515> inipayhome:/home1/killdeal/public_html/shop/inicis
DEBUG	[2022-01-10 10:50:26:609] <15515> debug:false
DEBUG	[2022-01-10 10:50:26:609] <15515> type:repay
DEBUG	[2022-01-10 10:50:26:609] <15515> pgid:INIphpRPAY
DEBUG	[2022-01-10 10:50:26:609] <15515> subpgip:203.238.3.10
DEBUG	[2022-01-10 10:50:26:609] <15515> mid:fourseason
DEBUG	[2022-01-10 10:50:26:609] <15515> admin:1111
DEBUG	[2022-01-10 10:50:26:609] <15515> oldtid:INIMX_CARDfourseason20211223222246265865
DEBUG	[2022-01-10 10:50:26:609] <15515> currency:WON
DEBUG	[2022-01-10 10:50:26:609] <15515> price:37600
DEBUG	[2022-01-10 10:50:26:609] <15515> confirm_price:49200
DEBUG	[2022-01-10 10:50:26:609] <15515> buyeremail:sini1010@naver.com
DEBUG	[2022-01-10 10:50:26:609] <15515> tax:3418
DEBUG	[2022-01-10 10:50:26:609] <15515> taxfree:0
INFO	[2022-01-10 10:50:26:609] <15515> Check Field OK
INFO	[2022-01-10 10:50:26:609] <15515> Make TID OK INIphpRPAYfourseason20220110105026095513
INFO	[2022-01-10 10:50:26:609] <15515> PI PUB KEY LOAD OK []
INFO	[2022-01-10 10:50:26:610] <15515> PG PUB KEY LOAD OK [30]
INFO	[2022-01-10 10:50:26:610] <15515> MERCHANT PRIV KEY LOAD OK
INFO	[2022-01-10 10:50:26:610] <15515> MERCHANT PUB KEY LOAD OK [0]
DEBUG	[2022-01-10 10:50:26:611] <15515> MAKE ENCRYPT OK[<?xml version="1.0" encoding="UTF-8"?>
<PartCancelInfo>
	  <PRTC_TID>INIMX_CARDfourseason20211223222246265865</PRTC_TID>
	  <PRTC_Price>37600</PRTC_Price>
	  <PRTC_Remains>49200</PRTC_Remains>
	  <PRTC_Quota/>
	  <PRTC_Interest/>
	  <PRTC_NoAcctFNBC/>
	  <PRTC_NmAcctFNBC/></PartCancelInfo>]
INFO	[2022-01-10 10:50:26:611] <15515> MAKE BODY OK
INFO	[2022-01-10 10:50:26:611] <15515> SIGN OK
INFO	[2022-01-10 10:50:26:611] <15515> MAKE HEAD OK
INFO	[2022-01-10 10:50:26:611] <15515> MSG_TO_PG:[0111700175D SHA1                   0                                      300620fourseason               37600INIphpRPAYfourseason20220110105026095513<?xml version="1.0" encoding="UTF-8"?>
<INIpay>
	  <PartCancelInfo>
	    <SessionKey>kURk67LuuzBMv+j+sDpb0BrhQTXjXCvt5dkuTN4lvzwakwnFlOkO7ZLreM+8SXsC
kMxkcTgBOR/BckhIkh8FsMSvtyJiSicK+SoBW0OAVEavq/alGmypY/+TSvLWfhVx
ibiMVP7V5Iqr/j24rV18ttlp7vqn4vp6JAUh/XLsq2n359X20ymGiA==
</SessionKey>
	    <Encrypted>qt29lt+6JaHOzWY920Mn+klFC3oGW0UiV6Zrxya6tRDULtjCP7LAMqfzQf/J9jEp
EaiyilI/avGll7biVyr215gY0CLjmB/qi0mYiYQYW8bW7xz6BTlcJUpPal1RNwy5
ZjxYhDmp0puRkd3t9cRo/UJfb8UAyejao799JWd3sXKpwR3QyMQ7kmtIBeFeZWC8
2aGuHTFqUrPgzcyqISmnRuKh6PEa4wfk5rPLOk1Lk4vmZ2h+CDeb6LQFTElEx1zG
1UOrWntYy3trMCSc20RgEnfdi02OgRYPLuhlL+WtOYupe78uMfRMm10USZX2ne5i
HN6nwx9ARhA3N5TQn2yvGCgt/l18/vX+8gw5MvWmNA+Cms95mHw02vxu64JFbdqa
GTbl9tbdVm4=
</Encrypted></PartCancelInfo>
	  <GoodsInfo>
	    <Tax>3418</Tax>
	    <TaxFree/>
	    <Currency>WON</Currency></GoodsInfo>
	  <ReservedInfo>
	    <MReserved1/>
	    <MReserved2/>
	    <MReserved3/></ReservedInfo>
	  <ManageInfo>
	    <Language/>
	    <URL/>
	    <TXVersion>5036B141209repayLinux     PHPchkfake   2.6.32-754.11.1.el6.x86_64PHP:</TXVersion>
	    <TXUserID/>
	    <TXRegNum/></ManageInfo></INIpay>ADwf+mc7xi08RjsBnCh5FFzbrdHufGq2cl+EZl8dn2LRp2d+BHbzuwFSru/lZS5I
hicmW1KsQyTRl61YXvwA8qLXLgySjDMtK00wdGLHkKcqpm2b5njoUXaICgBcBGxn
vpIZeQBzapY8r/1waSQZKf6skveU08Jib4+9omn+i+iV
]
INFO	[2022-01-10 10:50:26:611] <15515> DNS LOOKUP OK(203.238.37.3:203.238.37.3:34049) laptime:0
INFO	[2022-01-10 10:50:26:614] <15515> SOCKET CONNECT OK
INFO	[2022-01-10 10:50:26:614] <15515> SEND OK
INFO	[2022-01-10 10:50:26:878] <15515> RECV OK
INFO	[2022-01-10 10:50:26:878] <15515> MSG_FROM_PG:[0098000175D SHA1                   0                                      300630fourseason               37600INIphpRPAYfourseason20220110105026095513<?xml version="1.0" encoding="UTF-8"?><INIpay>
<PartCancelInfo>
<PayMethod>Card</PayMethod>
<ResultCode>120000</ResultCode>
<ResultMsg urlencode="1">%C1%A4%BB%F3%C3%B3%B8%AE%B5%C7%BE%FA%BD%C0%B4%CF%B4%D9.</ResultMsg>
<SessionKey>AIFBJ4mrA7TzxI4DokGH9O31OGr5AC9US6J2fIPJ6BhZ07J0mRIsTwpr95Y5vJBW
KtYqQfK0a25IoqQJuRL196NVkEOe3A++e7AwTi0ec60T9uItOr5kl85/HWeTuA8O
iwuT79OBveJsoZEakI/wV5k+BP/Pvko9PmZpK8FE2yg/3U8aYfXPMK0=
</SessionKey>
<Encrypted>Pr6qTY9lDvE+QtZ7cYetFbqVycChaNzwGZA0c2Z/rl6myganBX0PWEKgXkibv28A
WAmrohVySeKi9IzxeQfpE2h3z6++tb9QF4rPclTqb5vRWhBCoUSGdL4UnVQPe798
qhHwPRUt3tfEhA8M3N92rmP1WE+779KZ60HKsYqnKUnmWsqxq6tKjkfrhNOv6CoV
TDwGEaG8SrH7QuOK9thyFKOypXdhrlKm2oiVxIj3r+/4t2f1nijar4RQxZudSUU7
N+oa2o1TvzgfvmkO2j9frk5qhET6RTPBbXKEyja/b5fkg6rDNQBkegBgs0nrfY2U
tL1Nh+aFyhRmhwowz4EHgTRmeImQurI3y7HvB6+g+uei0WTJic2NAujFArkmk2Mq
4uuOZVP9q6E4AtZQQvSthjqUrE2q1wHEPXkP9BWQp8ryHYwYUELaDNMrDQfDodGc
nR/4ycWUplw=
</Encrypted>
</PartCancelInfo>
<ManageInfo/>
<ReservedInfo/>
</INIpay>
Az0WngYPED/Rwry6zpOeLa+2Pq3BelwBy+QF6ZGzQ32ibB695WQFSy94vJuxR+/e
WeYBHyDuhHGW9Q03loP99p96gkZG+hO7Ap+RAS3skRUfee7Pg6C3ihtQKPW+HMZH
1h0rcv/8NPtREQS2oeLaG+AyhCabJ7PDjl7ePx832Rg=
]
INFO	[2022-01-10 10:50:26:878] <15515> VERIFY OK
INFO	[2022-01-10 10:50:26:878] <15515> PARSE HEAD OK
INFO	[2022-01-10 10:50:26:878] <15515> PARSE BODY OK
INFO	[2022-01-10 10:50:26:879] <15515> DECRYPT OK
DEBUG	[2022-01-10 10:50:26:879] <15515> DECRYPT MSG:[<?xml version="1.0" encoding="UTF-8"?><PartCancelInfo>
<PRTC_TID>INIMX_CARDfourseason20211223222246265865</PRTC_TID>
<PRTC_Price>37600</PRTC_Price>
<PRTC_Remains>49200</PRTC_Remains>
<PRTC_Quota>00</PRTC_Quota>
<PRTC_Type>1</PRTC_Type>
<CancelDate>20220110</CancelDate>
<CancelTime>105026</CancelTime>
<PRTC_Cnt>1</PRTC_Cnt>
</PartCancelInfo>]
INFO	[2022-01-10 10:50:26:879] <15515> DECRYPT PARSE OK
INFO	[2022-01-10 10:50:26:879] <15515> END repay 정상처리되었습니다. Laptime:[0.27sec]
INFO	[2022-01-10 10:50:26:879] <15515> ===============================================================
