INFO	[2022-05-18 09:50:10:386] <23076> START INIPHP repay (V5036-141209)(OS:Linux2.6.32-754.11.1.el6.x86_64,PHP:5.3.3)
DEBUG	[2022-05-18 09:50:10:386] <23076> inipayhome:/home1/killdeal/public_html/shop/inicis
DEBUG	[2022-05-18 09:50:10:386] <23076> debug:false
DEBUG	[2022-05-18 09:50:10:386] <23076> type:repay
DEBUG	[2022-05-18 09:50:10:386] <23076> pgid:INIphpRPAY
DEBUG	[2022-05-18 09:50:10:386] <23076> subpgip:203.238.3.10
DEBUG	[2022-05-18 09:50:10:386] <23076> mid:fourseason
DEBUG	[2022-05-18 09:50:10:386] <23076> admin:1111
DEBUG	[2022-05-18 09:50:10:386] <23076> oldtid:INIMX_CARDfourseason20220506104202415640
DEBUG	[2022-05-18 09:50:10:386] <23076> currency:WON
DEBUG	[2022-05-18 09:50:10:386] <23076> price:35900
DEBUG	[2022-05-18 09:50:10:386] <23076> confirm_price:52300
DEBUG	[2022-05-18 09:50:10:386] <23076> buyeremail:sweet2043@hanmail.net
DEBUG	[2022-05-18 09:50:10:386] <23076> tax:3264
DEBUG	[2022-05-18 09:50:10:386] <23076> taxfree:0
INFO	[2022-05-18 09:50:10:386] <23076> Check Field OK
INFO	[2022-05-18 09:50:10:386] <23076> Make TID OK INIphpRPAYfourseason20220518095010868044
INFO	[2022-05-18 09:50:10:386] <23076> PI PUB KEY LOAD OK []
INFO	[2022-05-18 09:50:10:387] <23076> PG PUB KEY LOAD OK [30]
INFO	[2022-05-18 09:50:10:387] <23076> MERCHANT PRIV KEY LOAD OK
INFO	[2022-05-18 09:50:10:388] <23076> MERCHANT PUB KEY LOAD OK [0]
DEBUG	[2022-05-18 09:50:10:388] <23076> MAKE ENCRYPT OK[<?xml version="1.0" encoding="UTF-8"?>
<PartCancelInfo>
	  <PRTC_TID>INIMX_CARDfourseason20220506104202415640</PRTC_TID>
	  <PRTC_Price>35900</PRTC_Price>
	  <PRTC_Remains>52300</PRTC_Remains>
	  <PRTC_Quota/>
	  <PRTC_Interest/>
	  <PRTC_NoAcctFNBC/>
	  <PRTC_NmAcctFNBC/></PartCancelInfo>]
INFO	[2022-05-18 09:50:10:388] <23076> MAKE BODY OK
INFO	[2022-05-18 09:50:10:389] <23076> SIGN OK
INFO	[2022-05-18 09:50:10:389] <23076> MAKE HEAD OK
INFO	[2022-05-18 09:50:10:389] <23076> MSG_TO_PG:[0111700175D SHA1                   0                                      300620fourseason               35900INIphpRPAYfourseason20220518095010868044<?xml version="1.0" encoding="UTF-8"?>
<INIpay>
	  <PartCancelInfo>
	    <SessionKey>uYo1fETv3CXBmHPjY4qj0i3SFwFbiP3OpQBQasrTEbPJAwq/rccrovo7oHx9mZok
c3RtEambKobk3dNVdDPLiVI3Ck8ArTRB3JOqrheYllzljBSgyjvDCEgiIj+lKUpC
fZairabrMXRgBWhFQV10zcBEi9268b6PssImoG5k+tvG/Hg4kSK+iA==
</SessionKey>
	    <Encrypted>v71x10EMeO6a56F4F8F9XkqHE4zNKiDjbAmq5Bi3LAwX8cmW3olY0SxTyrUtQhrF
wC9Wse5r597o3ZZAP78HE0g49l7LnOjuBIHcH/c50mZx+hcBJDnhGdLQy70P+MDr
5rH6t3QNDzCRba0gSMO00GzasN4YhQWdvsbt65Zcb9f8Qh2nldbg5hzc+eaLiWOz
kZYhR6HQpflmHuSmUToyAbw6991SxR3LBi0OemP4JKvSu39TZ/a77VYQYenn44mY
0DN3W+441N5AlCmGj57jOiUE4Cx0vtrQENBxI+GcYv+fU/x2u25uZCEtVosq5Eid
G6PrtgRx/RAmxkVAK7jyqlGvFrNCER5btXm0tnavxkc0/nEWb9Al99kyus4I7duv
a5RYlwghMoY=
</Encrypted></PartCancelInfo>
	  <GoodsInfo>
	    <Tax>3264</Tax>
	    <TaxFree/>
	    <Currency>WON</Currency></GoodsInfo>
	  <ReservedInfo>
	    <MReserved1/>
	    <MReserved2/>
	    <MReserved3/></ReservedInfo>
	  <ManageInfo>
	    <Language/>
	    <URL/>
	    <TXVersion>5036B141209repayLinux     PHPchkfake   2.6.32-754.11.1.el6.x86_64PHP:</TXVersion>
	    <TXUserID/>
	    <TXRegNum/></ManageInfo></INIpay>AFtn0aa2v6/x0oQGguRPwLuBOe7eigEMXYk6DiUiaDW7uxg0qQ5BaNZYM8EfhnKW
Stul+SVDoviv2xJNhQvFm0WFnXqB5cHxHl0PUJc18fEWPID20Chgzc5aMVFAfFPV
dqoP1W4N1yLRPZhzNHrJTj05kbc/fDbgvcFl//BhM9VZ
]
INFO	[2022-05-18 09:50:10:389] <23076> DNS LOOKUP OK(203.238.37.3:203.238.37.3:34049) laptime:0
INFO	[2022-05-18 09:50:10:391] <23076> SOCKET CONNECT OK
INFO	[2022-05-18 09:50:10:391] <23076> SEND OK
INFO	[2022-05-18 09:50:10:589] <23076> RECV OK
INFO	[2022-05-18 09:50:10:589] <23076> MSG_FROM_PG:[0098000175D SHA1                   0                                      300630fourseason               35900INIphpRPAYfourseason20220518095010868044<?xml version="1.0" encoding="UTF-8"?><INIpay>
<PartCancelInfo>
<PayMethod>Card</PayMethod>
<ResultCode>120000</ResultCode>
<ResultMsg urlencode="1">%C1%A4%BB%F3%C3%B3%B8%AE%B5%C7%BE%FA%BD%C0%B4%CF%B4%D9.</ResultMsg>
<SessionKey>AKlgWPR2sbZ4z4i7an+l8beS3CmUsLfbMlNnfHr3aREWG6zvVEnf7s05/4OSh9VV
Exx2dMXkkV52ThCowpNYq4fOER28fSrwOEAS5U7iZ0aOlU2BPXTtSKbT1GWvAWSv
faI54EAV4CKoQBQ/uXuiSnYxWw5WYROVejlR5uIboAVR6jZJxbR5wyw=
</SessionKey>
<Encrypted>mfFHPiNqhLoHL841FccRUfuwZqknApzpDe8+5+LkvF1NHdaIHp3Ih9z1Frk+lv7d
cyfv06O3+ETlzku1i+UlsDIh1OSKAEeklfkZxktrrdLH3HMfy0fUWcOhQbPZc0qA
FZE+pUdRsSggK3pp2NsQGazWRPGx3PMJtBha0fLQ+J6gM47fdSLgh9W9gZdQoLXM
cOWX9g2JfwBTuGcQNl8rvIxW1uE6dOlF8Brj1zReWM1qPscrRPzw+8H3SRzBVa3W
7+vFKaIqXWNej9ZmT/5DzfQd4kMCeXepeagHzacK7ONcEEOBvHa/aes8ewAYu/k7
N1wapEc1UJOEp0/4NhW2XTBp5//m4o+oh/+fS8qCz1FEZtNAcLBx7sYJpZZRJjGH
gjEo3562k6k4L2ZvS9ECx99QalsC9x6ep2+2gf2FOyXAvarzlcwRdHixCypo/5LD
WCM6vsxTSJI=
</Encrypted>
</PartCancelInfo>
<ManageInfo/>
<ReservedInfo/>
</INIpay>
1tcexL+PV239P+0zh2eTPlplK0Xyct36NqOvzcznPIxv7791IW2oN1l7amcPE2mH
k/fhpF4HdNJdYIMhm8UPn9N1Jvq9p9rUjWLXyPAhIk3MapHqCLt7WZWLTrohO+bF
ex4Udy/DV8fafjMiD8FfICbvna9hgQc/anCN9mIMVAA=
]
INFO	[2022-05-18 09:50:10:589] <23076> VERIFY OK
INFO	[2022-05-18 09:50:10:589] <23076> PARSE HEAD OK
INFO	[2022-05-18 09:50:10:589] <23076> PARSE BODY OK
INFO	[2022-05-18 09:50:10:590] <23076> DECRYPT OK
DEBUG	[2022-05-18 09:50:10:590] <23076> DECRYPT MSG:[<?xml version="1.0" encoding="UTF-8"?><PartCancelInfo>
<PRTC_TID>INIMX_CARDfourseason20220506104202415640</PRTC_TID>
<PRTC_Price>35900</PRTC_Price>
<PRTC_Remains>52300</PRTC_Remains>
<PRTC_Quota>00</PRTC_Quota>
<PRTC_Type>1</PRTC_Type>
<CancelDate>20220518</CancelDate>
<CancelTime>095011</CancelTime>
<PRTC_Cnt>1</PRTC_Cnt>
</PartCancelInfo>]
INFO	[2022-05-18 09:50:10:590] <23076> DECRYPT PARSE OK
INFO	[2022-05-18 09:50:10:590] <23076> END repay 정상처리되었습니다. Laptime:[0.204sec]
INFO	[2022-05-18 09:50:10:590] <23076> ===============================================================
