INFO	[2021-08-21 07:24:11:558] <24576> START INIPHP cancel (V5036-141209)(OS:Linux2.6.32-754.11.1.el6.x86_64,PHP:5.3.3)
DEBUG	[2021-08-21 07:24:11:558] <24576> inipayhome:/home1/killdeal/public_html/shop/inicis
DEBUG	[2021-08-21 07:24:11:558] <24576> debug:false
DEBUG	[2021-08-21 07:24:11:558] <24576> type:cancel
DEBUG	[2021-08-21 07:24:11:558] <24576> mid:majorgol03
DEBUG	[2021-08-21 07:24:11:558] <24576> admin:1111
DEBUG	[2021-08-21 07:24:11:558] <24576> tid:INIMX_VBNKmajorgol0320210821072032775502
DEBUG	[2021-08-21 07:24:11:558] <24576> cancelmsg:주문자 본인 취소-상품옵션 선택 잘못함
INFO	[2021-08-21 07:24:11:558] <24576> Check Field OK
INFO	[2021-08-21 07:24:11:558] <24576> PI PUB KEY LOAD OK []
INFO	[2021-08-21 07:24:11:558] <24576> PG PUB KEY LOAD OK [30]
INFO	[2021-08-21 07:24:11:559] <24576> MERCHANT PRIV KEY LOAD OK
INFO	[2021-08-21 07:24:11:559] <24576> MERCHANT PUB KEY LOAD OK [0]
DEBUG	[2021-08-21 07:24:11:559] <24576> MAKE ENCRYPT OK[<?xml version="1.0" encoding="UTF-8"?>
<CancelInfo>
	  <CancelTID>INIMX_VBNKmajorgol0320210821072032775502</CancelTID>
	  <CancelMsg urlencode="1">%C1%D6%B9%AE%C0%DA+%BA%BB%C0%CE+%C3%EB%BC%D2-%BB%F3%C7%B0%BF%C9%BC%C7+%BC%B1%C5%C3+%C0%DF%B8%F8%C7%D4</CancelMsg>
	  <CancelReason/></CancelInfo>]
INFO	[2021-08-21 07:24:11:560] <24576> MAKE BODY OK
INFO	[2021-08-21 07:24:11:560] <24576> SIGN OK
INFO	[2021-08-21 07:24:11:560] <24576> MAKE HEAD OK
INFO	[2021-08-21 07:24:11:560] <24576> MSG_TO_PG:[0101500175D SHA1                   0                                      300420majorgol03                    INIMX_VBNKmajorgol0320210821072032775502<?xml version="1.0" encoding="UTF-8"?>
<INIpay>
	  <CancelInfo>
	    <SessionKey>YxRFX3DEonfGf82+epeXADm9yupUWQFjzsm9SjQdThbhMWUy9rzYMnRvmqMO5Vti
sATJst6ZzYoF/6Od98ChI7h/WPLCAFnHZNvtD+VAt28Gg9SeZ/fIRq8Itmpzv0VA
rUIViSKL4zuRgvZRjIXLGMgxd471hvJMsgT4GSuxafs5HRHUrjiRiw==
</SessionKey>
	    <Encrypted>qJeMn6Go2N9YIOkcXn+fcsO554o4wRtVvc0bn5WOEi5/fOpF1rRYkBmbFiGxeRa1
3zfNAdlC7hXZG6cqHONgsbUSGwLqk6ni1kPp1gqNQiE7MUcVn4d1cgDcLS45QNor
3a9zmYAvQ9CjyXtAlpzGOjsJjqqok3OCcvVL6OW6VlDP702gFr3qBR3Er89n200f
djRkWh15nq89HLSredIC2GUYVP+R3iqG+Ha6etY4iKu726KEnI5YxbNnA/FqndR/
0H5MNGb4MsAFJb91UHJDlRNOTVUFFum/LUYO/tKAcTG1eUCghyc/vanyPvBGS1vz
XuA4PPtquARih61qOrVqJ6VKq2C9eLK+SE9Dl8kj5TrR3AsRiBwULf83cjfgJx+1
JWQGCieh1nw=
</Encrypted></CancelInfo>
	  <ReservedInfo>
	    <MReserved1/>
	    <MReserved2/>
	    <MReserved3/></ReservedInfo>
	  <ManageInfo>
	    <Language/>
	    <URL/>
	    <TXVersion>5036B141209canceLinux     PHPchkfake   2.6.32-754.11.1.el6.x86_64PHP:</TXVersion>
	    <TXUserID/>
	    <TXRegNum/></ManageInfo></INIpay>AEgmGZ8d/qHCVqUqjjNFHgwyIIJN/UPUPuWP7yeSeh1VsFG7py8+QirWx7ShqAyE
G5dedyd8XjJCTaP0nd4YygXmMWVbehiO6ixwuRmcEDcOgewS7cY5ecNZ+Inug0HM
llDOFXiO9UOAT0v5GyYlUfTyabLWn0pmXR9y2ZUoieT+
]
INFO	[2021-08-21 07:24:11:560] <24576> DNS LOOKUP OK(203.238.37.3:203.238.37.3:34049) laptime:0
INFO	[2021-08-21 07:24:11:563] <24576> SOCKET CONNECT OK
INFO	[2021-08-21 07:24:11:563] <24576> SEND OK
INFO	[2021-08-21 07:24:11:706] <24576> RECV OK
INFO	[2021-08-21 07:24:11:706] <24576> MSG_FROM_PG:[0123800175D SHA1                   0                                      300430majorgol03                    INIMX_VBNKmajorgol0320210821072032775502<?xml version="1.0" encoding="UTF-8"?><INIpay>
<CancelInfo>
<ResultCode>170000</ResultCode>
<ResultMsg urlencode="1">%C1%A4%BB%F3%C3%B3%B8%AE%B5%C7%BE%FA%BD%C0%B4%CF%B4%D9.</ResultMsg>
<SessionKey>APcCeI1QqZ9tnpoozmQ38MIL+gr8raMasvT3MdiB6wARchcFx0i1KhwBOxLzFb/a
bYKE5Y06T/95OAAbY1ahPYMsO/OJ0wbM+IlQ4yEL35O6KjJ0xKSyn/Ouzst8Abei
X5MkwHa/Xrg/DP4PdlQ0yHAn1Fdewv+oFoICXfVLNUAeEDx6187n4LE=
</SessionKey>
<Encrypted>H0CU6z36eDB7uSR5OmsYNac/dGg26PAQic4X6uBNPcAtTX9J7tU26rMuIUhjXbxn
AgZ9UOLT4dn3wGXz+/B7++crVq7/Fi5poD2xUmX+VsQvTfHR1i4isRMQNl56fdFO
PxdYL0L3ThAij9LhzaN08+dwVL/wtF+LDYwBNhdHRN8T6zh7G7hZL55xy9wyJfl4
p+mSVfJRKDy6GqXhQi+gCc92Mzn0MqqqZADByj6VzJ6KXwryw2TzrqIXn7UzUv3B
u/rBONKoJt9LlMZ7ICT2h+5X2Y9ingm6Qln/s9Cqip64mHqtGG8i3JJ7n+30b4tG
tNUIow2aKaLPiSeYACk2Lt4GcZ3ff+cE3lFqBofSlxzcAcx1JgwGtJy6+sUf/7fz
PaOEXa4Zl50BNr/QoCmxuO+EPFSDbUZHti3MghyXyN2lcHULxiX68S/3jSI9Smm3
qRhJD2+mIxxkmcXuoS48KhWhiQKiLPtx+1Ac+Z/5DruCB5KL7koV7xcdU3at/hOM
KEnOAy0y6ilYAhZhSNwD1QD5n/TLQ/SjlWavyFoP0wJ3PT+n50DoWXqx1/gBarF/
WJyg9GTNlwIJc93Heby4kXecF8j48GSk7sT3rDYnynezktJfHIXLdiOaoLuPqQWr
0j3iOb1Ikw8=
</Encrypted>
</CancelInfo>
<ManageInfo/>
<ReservedInfo>
<MReserved1 urlencode="1"/>
<MReserved2 urlencode="1"/>
<MReserved3 urlencode="1"/>
</ReservedInfo>
</INIpay>
vmqNx+2zF4Tkj/E2aZySya8CBiOq+khmfj3evcjA6KyiyndNcdqwIqEBeg2tAz6Q
6eLwKaFlWNJUxDLCexskkJdnhbEmTN/9N3o7CN92ZRzaY2JyiNyGhGNPNzQmNhkT
YEEKd1NDyCxHdkonNWTk0kVqmBELygjx+Z7tj3p8R0E=
]
INFO	[2021-08-21 07:24:11:706] <24576> VERIFY OK
INFO	[2021-08-21 07:24:11:707] <24576> PARSE HEAD OK
INFO	[2021-08-21 07:24:11:707] <24576> PARSE BODY OK
INFO	[2021-08-21 07:24:11:708] <24576> DECRYPT OK
DEBUG	[2021-08-21 07:24:11:708] <24576> DECRYPT MSG:[<?xml version="1.0" encoding="UTF-8"?><CancelInfo>
<CancelDate>20210821</CancelDate>
<CancelTime>072411</CancelTime>
<ResultCode>170000</ResultCode>
<ResultMsg urlencode="1">%C1%A4%BB%F3%C3%B3%B8%AE%B5%C7%BE%FA%BD%C0%B4%CF%B4%D9.</ResultMsg>
<CSHR_CancelDate>20210821</CSHR_CancelDate>
<CSHR_CancelTime>072411</CSHR_CancelTime>
<CSHR_ResultCode>220000</CSHR_ResultCode>
<CSHR_ResultMsg urlencode="1">%C1%A4%BB%F3%C3%B3%B8%AE%B5%C7%BE%FA%BD%C0%B4%CF%B4%D9.</CSHR_ResultMsg>
</CancelInfo>]
INFO	[2021-08-21 07:24:11:708] <24576> DECRYPT PARSE OK
INFO	[2021-08-21 07:24:11:708] <24576> END cancel 정상처리되었습니다. Laptime:[0.15sec]
INFO	[2021-08-21 07:24:11:708] <24576> ===============================================================
