INFO	[2023-03-23 18:27:30:943] <13644> START INIPHP cancel (V5036-141209)(OS:Linux2.6.32-754.11.1.el6.x86_64,PHP:5.3.3)
DEBUG	[2023-03-23 18:27:30:944] <13644> inipayhome:/home1/killdeal/public_html/shop/inicis
DEBUG	[2023-03-23 18:27:30:944] <13644> debug:false
DEBUG	[2023-03-23 18:27:30:944] <13644> type:cancel
DEBUG	[2023-03-23 18:27:30:944] <13644> mid:majorgol03
DEBUG	[2023-03-23 18:27:30:944] <13644> admin:1111
DEBUG	[2023-03-23 18:27:30:944] <13644> tid:INIMX_CARDmajorgol0320230323174300925508
DEBUG	[2023-03-23 18:27:30:944] <13644> cancelmsg:주문자 본인 취소-상품옵션 선택 잘못함
INFO	[2023-03-23 18:27:30:944] <13644> Check Field OK
INFO	[2023-03-23 18:27:30:944] <13644> PI PUB KEY LOAD OK []
INFO	[2023-03-23 18:27:30:944] <13644> PG PUB KEY LOAD OK [30]
INFO	[2023-03-23 18:27:30:944] <13644> MERCHANT PRIV KEY LOAD OK
INFO	[2023-03-23 18:27:30:945] <13644> MERCHANT PUB KEY LOAD OK [0]
DEBUG	[2023-03-23 18:27:30:945] <13644> MAKE ENCRYPT OK[<?xml version="1.0" encoding="UTF-8"?>
<CancelInfo>
	  <CancelTID>INIMX_CARDmajorgol0320230323174300925508</CancelTID>
	  <CancelMsg urlencode="1">%C1%D6%B9%AE%C0%DA+%BA%BB%C0%CE+%C3%EB%BC%D2-%BB%F3%C7%B0%BF%C9%BC%C7+%BC%B1%C5%C3+%C0%DF%B8%F8%C7%D4</CancelMsg>
	  <CancelReason/></CancelInfo>]
INFO	[2023-03-23 18:27:30:945] <13644> MAKE BODY OK
INFO	[2023-03-23 18:27:30:946] <13644> SIGN OK
INFO	[2023-03-23 18:27:30:946] <13644> MAKE HEAD OK
INFO	[2023-03-23 18:27:30:946] <13644> MSG_TO_PG:[0101500175D SHA1                   0                                      300420majorgol03                    INIMX_CARDmajorgol0320230323174300925508<?xml version="1.0" encoding="UTF-8"?>
<INIpay>
	  <CancelInfo>
	    <SessionKey>YAac/KSRDa4wxCaiLxbS+mQIXqvBmsgGRsOee2NRp0rwxq8SmYXhIN6z8+S/ahUe
apqsOh1mZ8YIYriMit4CBFTFvoDr780SoFCZMmi4pyQGtCSPc/bzdO+9lMYvMuNb
b3jRwOlL1n/FXKwzkfgA2DEfi35a1KGVimBmliMI+DyUDcMYy0P9YQ==
</SessionKey>
	    <Encrypted>wd/sMzSVeVesKh9eb3ov0xfzyTKMLKNwxrUZ0tomOJF2XTN6LzWZQvhs9RWF+nZX
rx30+AGml7XRVWNWn1lPtnrOLr3G6E4BS4C8cAkVEBoWEd9NCU+rUHvH2gUSJyNj
DZ3/bCtu+RK+RSs8IqzO7eqcEpc6eMf56pTMScadzKls39230Wlt3qWAejumqFpE
ldXV/co78hsRuzueJcPbICqXhI8dygZzlbv7jcjzFVfbuA9otudHi8cO4CIZNLDW
9eI6leq8b14lhtVipxS1GggXlHNB/6MEYwYzrsR9qLxyWeEMsgjuDIfLPt7mBQTn
ZqS3ZNjZVbXrj5HYqyRYtEMMED1GArRPkbum5QYdSEo6XnUYlurDn7WrEmHSQmyy
wYOzt9X76T0=
</Encrypted></CancelInfo>
	  <ReservedInfo>
	    <MReserved1/>
	    <MReserved2/>
	    <MReserved3/></ReservedInfo>
	  <ManageInfo>
	    <Language/>
	    <URL/>
	    <TXVersion>5036B141209canceLinux     PHPchkfake   2.6.32-754.11.1.el6.x86_64PHP:</TXVersion>
	    <TXUserID/>
	    <TXRegNum/></ManageInfo></INIpay>AB9TFZzzHwEyxAaIqOFVO70f8c1WDcwquiUscRNeNnc6j0HGinAhQPXwe9859XkB
utBYpFU7cSRZegRT2xklY0Qa5LUd+6z510zJ/miN+Dkr3+dh9s0NF60vdq8+A35m
9TWV/xQsR7ZPEE7CF8aqBi3eZzGoCVA0ZEWxPiaqXYhb
]
INFO	[2023-03-23 18:27:30:946] <13644> DNS LOOKUP OK(203.238.37.3:203.238.37.3:34049) laptime:0
INFO	[2023-03-23 18:27:30:948] <13644> SOCKET CONNECT OK
INFO	[2023-03-23 18:27:30:948] <13644> SEND OK
INFO	[2023-03-23 18:27:31:494] <13644> RECV OK
INFO	[2023-03-23 18:27:31:494] <13644> MSG_FROM_PG:[0093300175D SHA1                   0                                      300430majorgol03                    INIMX_CARDmajorgol0320230323174300925508<?xml version="1.0" encoding="UTF-8"?><INIpay>
<CancelInfo>
<ResultCode>120000</ResultCode>
<ResultMsg urlencode="1">%C1%A4%BB%F3%C3%B3%B8%AE%B5%C7%BE%FA%BD%C0%B4%CF%B4%D9.</ResultMsg>
<SessionKey>AKu5Eq8VvDLxLBYIOnFgPZybEVRs2qCDLzNWXDZJeF90xpngbPQmvnSc56ptKuJZ
90hJp1u9u2WGdMpbKjReqYPIeqlmUMeK92NOmM1f8sO+Bjo//X8pGisoQtoX1ubz
l5fMPTYM4spUFaJkDETSXiW+TnApuGRXj4WsE0LNL3SBjiFGWXEz7l8=
</SessionKey>
<Encrypted>mgjQUn+BwkFIlTRFmUMFRGzpk4nzP1QBwqwOx9yPvD4bZY+4gZQG2efWV+Tt/Jap
TRpXY5Fk8B2dAsQDTxoN+rUn3D+clTM0MycQT7gY7+UiQKDYdehD/cwDQ+lzfwom
4KRiuST82jqwMtouAVn/6u6iNQTaSwxnr5nU4txlMhR0fU+WJkCso32/NloXVOO2
dS8fKLIz9g1zCTdOi7iv5jMp9khikOM/XJnqSD5SnzKqLUKfU03k98s2F4KnlwxH
r4sakWOyPIt/rb0uq7GdrDRtwb4HmCAUP7mU6JPxUNkTXbjuugRz4f+HsDLMWkFQ
a/BfewUK1MOfPd8cOu3gNSDPUVyh5sqC
</Encrypted>
</CancelInfo>
<ManageInfo/>
<ReservedInfo>
<MReserved1 urlencode="1"/>
<MReserved2 urlencode="1"/>
<MReserved3 urlencode="1"/>
</ReservedInfo>
</INIpay>
XTgJ/LpA/0XPwGLaB+wGlnITBSt0Fe1WLfOSwhCJBLu53gDwhPemj3AxI1ueL7Ga
pWnh/OqZNxX6Qon0EZaxxnbSL5ZEzUUhymmKuIg5X/Wp2kgOmJeuBRZbTleGjkFs
IVuM6FaeZgSdlAPMFrUzW3VOqxiGrlPyicgWUQ81Yrk=
]
INFO	[2023-03-23 18:27:31:494] <13644> VERIFY OK
INFO	[2023-03-23 18:27:31:494] <13644> PARSE HEAD OK
INFO	[2023-03-23 18:27:31:495] <13644> PARSE BODY OK
INFO	[2023-03-23 18:27:31:496] <13644> DECRYPT OK
DEBUG	[2023-03-23 18:27:31:496] <13644> DECRYPT MSG:[<?xml version="1.0" encoding="UTF-8"?><CancelInfo>
<CancelDate>20230323</CancelDate>
<CancelTime>182731</CancelTime>
<ResultCode>120000</ResultCode>
<ResultMsg urlencode="1">%C1%A4%BB%F3%C3%B3%B8%AE%B5%C7%BE%FA%BD%C0%B4%CF%B4%D9.</ResultMsg>
</CancelInfo>]
INFO	[2023-03-23 18:27:31:496] <13644> DECRYPT PARSE OK
INFO	[2023-03-23 18:27:31:496] <13644> END cancel 정상처리되었습니다. Laptime:[0.553sec]
INFO	[2023-03-23 18:27:31:496] <13644> ===============================================================
