INFO	[2021-11-15 01:04:57:197] <18292> START INIPHP cancel (V5036-141209)(OS:Linux2.6.32-754.11.1.el6.x86_64,PHP:5.3.3)
DEBUG	[2021-11-15 01:04:57:197] <18292> inipayhome:/home1/killdeal/public_html/shop/inicis
DEBUG	[2021-11-15 01:04:57:197] <18292> debug:false
DEBUG	[2021-11-15 01:04:57:197] <18292> type:cancel
DEBUG	[2021-11-15 01:04:57:197] <18292> mid:fourseason
DEBUG	[2021-11-15 01:04:57:197] <18292> admin:1111
DEBUG	[2021-11-15 01:04:57:197] <18292> tid:INIMX_CARDfourseason20211115005809805058
DEBUG	[2021-11-15 01:04:57:197] <18292> cancelmsg:주문자 본인 취소-구매의사 없음
INFO	[2021-11-15 01:04:57:197] <18292> Check Field OK
INFO	[2021-11-15 01:04:57:197] <18292> PI PUB KEY LOAD OK []
INFO	[2021-11-15 01:04:57:197] <18292> PG PUB KEY LOAD OK [30]
INFO	[2021-11-15 01:04:57:198] <18292> MERCHANT PRIV KEY LOAD OK
INFO	[2021-11-15 01:04:57:198] <18292> MERCHANT PUB KEY LOAD OK [0]
DEBUG	[2021-11-15 01:04:57:199] <18292> MAKE ENCRYPT OK[<?xml version="1.0" encoding="UTF-8"?>
<CancelInfo>
	  <CancelTID>INIMX_CARDfourseason20211115005809805058</CancelTID>
	  <CancelMsg urlencode="1">%C1%D6%B9%AE%C0%DA+%BA%BB%C0%CE+%C3%EB%BC%D2-%B1%B8%B8%C5%C0%C7%BB%E7+%BE%F8%C0%BD</CancelMsg>
	  <CancelReason/></CancelInfo>]
INFO	[2021-11-15 01:04:57:199] <18292> MAKE BODY OK
INFO	[2021-11-15 01:04:57:199] <18292> SIGN OK
INFO	[2021-11-15 01:04:57:199] <18292> MAKE HEAD OK
INFO	[2021-11-15 01:04:57:199] <18292> MSG_TO_PG:[0099400175D SHA1                   0                                      300420fourseason                    INIMX_CARDfourseason20211115005809805058<?xml version="1.0" encoding="UTF-8"?>
<INIpay>
	  <CancelInfo>
	    <SessionKey>pDoKerJU99C83Xu1lWGG5yl1Ntw0tRrtAw69L7ZTxyt0FJAL3XWoN6t06goE4ktA
G63peYZZqccqUyM/l+j63O/z7iQpGsvmiQDspYro7zZN7SKZHhceBWJZNrp6oClj
VnJBUIsdd3NaHRaFLG0M1OpAw126fj6BmWqGGK5GAd4JryU1wjeR4Q==
</SessionKey>
	    <Encrypted>v93hRAu+9H4w1+Vdsg4dzZYhF94bX89tfYYBocNa7R6B4+C1pz9LcbfO0HuJeUSb
DbEN2XZmsETWJVWvCgP/tCGHjtcWdxWHHQhhOKGIbrVUMzc2n5jwAwZiMVtCyPdm
g/v0U4hdclWgouHMbdrqoMNWgDiLBLxtQspYbckeSQCckmhM0QlwVtkREgiqj5gm
TpIMm6HuGgKTz5bUhrdTlckn5qV2XCM//SxJ6LVMdeYxu6w6J+6oNZBWhXnuO0mP
paAQ7Owx4QtIQIgtMJ9iDIDTmXZV3v6WZF79NPf/JLHpB+PNSDx40Lph1XBNNP1h
sXCJd2ArgNJwbUXrJTKlMIAEfI0JyzGHLVV/FCi28RoWMdiJEq+2yQ==
</Encrypted></CancelInfo>
	  <ReservedInfo>
	    <MReserved1/>
	    <MReserved2/>
	    <MReserved3/></ReservedInfo>
	  <ManageInfo>
	    <Language/>
	    <URL/>
	    <TXVersion>5036B141209canceLinux     PHPchkfake   2.6.32-754.11.1.el6.x86_64PHP:</TXVersion>
	    <TXUserID/>
	    <TXRegNum/></ManageInfo></INIpay>ANT1V6qmVr9lMAUcyJ14zbHweAFO1e9ATyqsyM5MemUWl8NbDbZZvmUH3sicI3pR
gQKGeyiWZQZVnzDDS/zQwZnsLMfQuviwDyw/ZxqynO256ZagGxQwoXA0EPYvQcbZ
mMCxxBIAK5wDQWMQCCm2Csk/D8tW4vhSHaIH+cE5mkZ7
]
INFO	[2021-11-15 01:04:57:199] <18292> DNS LOOKUP OK(203.238.37.3:203.238.37.3:34049) laptime:0
INFO	[2021-11-15 01:04:57:202] <18292> SOCKET CONNECT OK
INFO	[2021-11-15 01:04:57:202] <18292> SEND OK
INFO	[2021-11-15 01:04:58:129] <18292> RECV OK
INFO	[2021-11-15 01:04:58:129] <18292> MSG_FROM_PG:[0093300175D SHA1                   0                                      300430fourseason                    INIMX_CARDfourseason20211115005809805058<?xml version="1.0" encoding="UTF-8"?><INIpay>
<CancelInfo>
<ResultCode>120000</ResultCode>
<ResultMsg urlencode="1">%C1%A4%BB%F3%C3%B3%B8%AE%B5%C7%BE%FA%BD%C0%B4%CF%B4%D9.</ResultMsg>
<SessionKey>ANty/Pvd4WnqlI+mXz926iTu+rLU9vSKkhHKty0Uyl/cL2jbofsUj0lASHl+x95g
CfXQR+vANT4JKbmIA3oPXRQhKQ8bbF03NNwkWWuHSAKnyvkCqQb+dsK+eycUf4dw
vWcYtulPGtFmSSCwydVhcwe7/V+M0I75kYBPmz6h5RB3rvnaWn6DBy4=
</SessionKey>
<Encrypted>fOzWtoOk6yeCtP0FmAgFa/YViVOo2zKjkfGIPERiEg1NO1IxoDr/LC861yA27QFt
FQWCZUcUXLItg9m9pen9zqdq6HywLcdvEb0d5km7HUqeNlyM4KbgBrfhCB0FIvBr
Z0Gmk9R0jjA8PO+NnfTZZdetm3pNL4+CsY2bXNCw/TwLl3ogbBZZ0zN+kNTnDfBp
Us+nLrg8U8Eeet/msVZx7K7kZ2Hfj3wSeb7xsiB/ZYaAqoMvZ3S9b3R8QyAXcYXx
wSckGIHrwwccHQToJBTIZ5HGWasmTQ0UGbVCEfCtpaYShMvQJn7Kb0aOvqfz9mlf
rYv7oDubbKuh88LqgUEF+bRYwWqvuRRw
</Encrypted>
</CancelInfo>
<ManageInfo/>
<ReservedInfo>
<MReserved1 urlencode="1"/>
<MReserved2 urlencode="1"/>
<MReserved3 urlencode="1"/>
</ReservedInfo>
</INIpay>
mdrk1aAkIqJ+VM9QI0aFUl3H2Xx3VRvEoP+eiZQw/2sxCTi1KBwTELcRSN0oyOe1
a5scKk6ltVLKGzu9dzC5Nob/wrVeDj2P8FaSKSWl21iSB93Ae/LmSd+Vzvd7Dmsy
8P2i5Qc/NMtpzBRKRQxn4XTZx+JD7JYFkaoM/2cTcIY=
]
INFO	[2021-11-15 01:04:58:129] <18292> VERIFY OK
INFO	[2021-11-15 01:04:58:129] <18292> PARSE HEAD OK
INFO	[2021-11-15 01:04:58:129] <18292> PARSE BODY OK
INFO	[2021-11-15 01:04:58:130] <18292> DECRYPT OK
DEBUG	[2021-11-15 01:04:58:130] <18292> DECRYPT MSG:[<?xml version="1.0" encoding="UTF-8"?><CancelInfo>
<CancelDate>20211115</CancelDate>
<CancelTime>010458</CancelTime>
<ResultCode>120000</ResultCode>
<ResultMsg urlencode="1">%C1%A4%BB%F3%C3%B3%B8%AE%B5%C7%BE%FA%BD%C0%B4%CF%B4%D9.</ResultMsg>
</CancelInfo>]
INFO	[2021-11-15 01:04:58:130] <18292> DECRYPT PARSE OK
INFO	[2021-11-15 01:04:58:130] <18292> END cancel 정상처리되었습니다. Laptime:[0.933sec]
INFO	[2021-11-15 01:04:58:130] <18292> ===============================================================
