INFO	[2020-02-07 10:43:25:828] <26608> START INIPHP receipt (V5036-141209)(OS:Linux2.6.32-754.11.1.el6.x86_64,PHP:5.3.3)
DEBUG	[2020-02-07 10:43:25:828] <26608> inipayhome:/home/killdeal/public_html/shop/inicis
DEBUG	[2020-02-07 10:43:25:828] <26608> debug:false
DEBUG	[2020-02-07 10:43:25:828] <26608> type:receipt
DEBUG	[2020-02-07 10:43:25:828] <26608> pgid:INIphpRECP
DEBUG	[2020-02-07 10:43:25:828] <26608> paymethod:CASH
DEBUG	[2020-02-07 10:43:25:828] <26608> currency:WON
DEBUG	[2020-02-07 10:43:25:828] <26608> admin:1111
DEBUG	[2020-02-07 10:43:25:828] <26608> mid:majorgol03
DEBUG	[2020-02-07 10:43:25:828] <26608> goodname:던롭젝시오X레귤러스틸9I남성아이언세트
DEBUG	[2020-02-07 10:43:25:828] <26608> cr_price:1287000
DEBUG	[2020-02-07 10:43:25:828] <26608> sup_price:1170000
DEBUG	[2020-02-07 10:43:25:828] <26608> tax:117000
DEBUG	[2020-02-07 10:43:25:828] <26608> srvc_price:0
DEBUG	[2020-02-07 10:43:25:828] <26608> buyername:신정진
DEBUG	[2020-02-07 10:43:25:828] <26608> buyeremail:lkchsjjj@naver.com
DEBUG	[2020-02-07 10:43:25:828] <26608> buyertel:01095259052
DEBUG	[2020-02-07 10:43:25:828] <26608> reg_num:01095259052
DEBUG	[2020-02-07 10:43:25:828] <26608> useopt:0
DEBUG	[2020-02-07 10:43:25:828] <26608> companynumber:
INFO	[2020-02-07 10:43:25:828] <26608> Check Field OK
INFO	[2020-02-07 10:43:25:828] <26608> Make TID OK INIphpRECPmajorgol0320200207104325281356
INFO	[2020-02-07 10:43:25:828] <26608> PI PUB KEY LOAD OK []
INFO	[2020-02-07 10:43:25:829] <26608> PG PUB KEY LOAD OK [30]
INFO	[2020-02-07 10:43:25:829] <26608> MERCHANT PRIV KEY LOAD OK
INFO	[2020-02-07 10:43:25:829] <26608> MERCHANT PUB KEY LOAD OK [0]
DEBUG	[2020-02-07 10:43:25:830] <26608> MAKE ENCRYPT OK[<?xml version="1.0" encoding="UTF-8"?>
<PaymentInfo>
	  <Payment>
	    <CASH>
	      <CSHR_ApplPrice>1287000</CSHR_ApplPrice>
	      <CSHR_SupplyPrice>1170000</CSHR_SupplyPrice>
	      <CSHR_Tax>117000</CSHR_Tax>
	      <CSHR_ServicePrice/>
	      <CSHR_Type>0</CSHR_Type>
	      <CSHR_RegNum>01095259052</CSHR_RegNum>
	      <CSHR_CompanyNum/></CASH></Payment></PaymentInfo>]
INFO	[2020-02-07 10:43:25:830] <26608> MAKE BODY OK
INFO	[2020-02-07 10:43:25:831] <26608> SIGN OK
INFO	[2020-02-07 10:43:25:831] <26608> MAKE HEAD OK
INFO	[2020-02-07 10:43:25:831] <26608> MSG_TO_PG:[0194400175D SHA1                   0                                      300200majorgol03             1287000INIphpRECPmajorgol0320200207104325281356<?xml version="1.0" encoding="UTF-8"?>
<INIpay>
	  <GoodsInfo>
	    <GoodsCnt>1</GoodsCnt>
	    <MOID/>
	    <Currency>WON</Currency>
	    <Tax>117000</Tax>
	    <TaxFree/>
	    <Goods>
	      <SMID>majorgol03</SMID>
	      <GoodsName urlencode="1">%B4%F8%B7%D3%C1%A7%BD%C3%BF%C0X%B7%B9%B1%D6%B7%AF%BD%BA%C6%BF9I%B3%B2%BC%BA%BE%C6%C0%CC%BE%F0%BC%BC%C6%AE</GoodsName>
	      <GoodsPrice>1287000</GoodsPrice></Goods></GoodsInfo>
	  <BuyerInfo>
	    <BuyerName urlencode="1">%BD%C5%C1%A4%C1%F8</BuyerName>
	    <BuyerTel>01095259052</BuyerTel>
	    <BuyerEmail urlencode="1">lkchsjjj%40naver.com</BuyerEmail>
	    <ParentEmail/>
	    <RecvName/>
	    <RecvTel/>
	    <RecvMsg/>
	    <RecvAddr/>
	    <RecvPostNum/></BuyerInfo>
	  <PaymentInfo>
	    <Payment>
	      <PayMethod>CASH</PayMethod>
	      <JoinCard/>
	      <JoinExpire/>
	      <MailOrder/>
	      <SessionKey>kZ6ta3YRpyq85NzF1f1FEHTpP1zcXpuTuYs0Tw8FpyN6ZXuHPHIHF1vsDbuu/ijY
dcCzRB227UUIwpIuxaYkSs5uq4aBFQstfqAl9Emfv4JDZj9Izam2UjL4aQ+kR0DG
24ho8rtBjZr/d2cdeb+tF9FfglIUE91Z8G4qyG3lhbIdJyIOVjlUgg==
</SessionKey>
	      <Encrypted>Mkzw7vRtN31T3RrDgYqiRFRpcbNhhPiO6z20tfdtRVAv15EXsaOT/wBhae2JjuWz
PjAM6PfRcamDXGUUmwZk5SXsABzzb2X1t5LM181c4pL4A6WGT7v6IOaKFRJ+ABm6
kcS87/KS5+221LMzEJkK7R3WW+lsRFaNdlZURZz+OTcTJFKlrXwJdbXIVmST3YHN
eqnw+XXgbbDtKKofv0JoHctquoW/ucKVpKpS6suEnuKrTcq3VFxUeScXdCGA8rKR
ODX0FoAh12AE6XMmL0DxybmS+NEQAsUKbu6UDUqyZpBVQHCCBRRy8FPEIvK6rl1O
e2vvONoTJ3hjkWnuqWhGV814OK0oS8eBWVV91jGdrT4SpnKrbwNYkRHdVjTk8ZnV
pCnWep+HQkdMFqiO+qwoKp/FqnGg0krtkaIMryOMzmMG4DGprGEunVIxVSVEQCo0
piGkKXIfUkGAS+elT1ZS7RdAfuanppI7vtqOVss6Q/SE2ycxRKeohQ==
</Encrypted></Payment></PaymentInfo>
	  <ReservedInfo>
	    <MReserved1/>
	    <MReserved2/>
	    <MReserved3/></ReservedInfo>
	  <ManageInfo>
	    <Language/>
	    <URL/>
	    <TXVersion>5036B141209receiLinux     PHPchkfake   2.6.32-754.11.1.el6.x86_64PHP:</TXVersion>
	    <TXUserID/>
	    <TXRegNum/>
	    <Ack>1</Ack></ManageInfo></INIpay>AIGuL4pRn0PVBFidanFSHFgvl4Qnq804UhafpQgt0h6pownQ0m40r3zVMfjeTXvh
aHWa77UV9nexiYhsrTVaHkfAmGNeaE08O0x5Ic/MnTVdaY3t3hWhCp8000ODPFBh
Q4cPXw276OLSOycuXVcIhhiTHp8LYEE+YbjRN9WCRlAa
]
INFO	[2020-02-07 10:43:25:831] <26608> DNS LOOKUP OK(203.238.37.3:203.238.37.3:34049) laptime:0
INFO	[2020-02-07 10:43:25:833] <26608> SOCKET CONNECT OK
INFO	[2020-02-07 10:43:25:833] <26608> SEND OK
INFO	[2020-02-07 10:43:25:955] <26608> RECV OK
INFO	[2020-02-07 10:43:25:955] <26608> MSG_FROM_PG:[0226400175D SHA1                   0                                      300210majorgol03             1287000INIphpRECPmajorgol0320200207104325281356<?xml version="1.0" encoding="UTF-8"?>
<INIpay>
  <GoodsInfo>
    <GoodsCnt>1</GoodsCnt>
    <MOID urlencode="1"></MOID>
    <Currency>WON</Currency>
    <Goods no="1">
      <SMID>majorgol03</SMID>
      <GoodsName urlencode="1">%B4%F8%B7%D3%C1%A7%BD%C3%BF%C0X%B7%B9%B1%D6%B7%AF%BD%BA%C6%BF9I%B3%B2%BC%BA%BE%C6%C0%CC%BE%F0%BC%BC%C6%AE</GoodsName>
      <GoodsCntS>1</GoodsCntS>
      <GoodsPrice>1287000</GoodsPrice>
    </Goods>
  </GoodsInfo>
  <PaymentInfo>
    <Payment>
      <SessionKey>AOHh43XRBDu3WbsEVVoI8WYt7ltX6WUbwQ1JM6pg9Pf4U5JdKC7GdgvCp51zv6AZ
nBVJdn2A6x1RcT9vtBcuL9DLBheug0C66q9FglwEKZx6e5PyRKFhvN1BAGtVcalE
jMXceM/aIVI40jFAOPhjd2Ec/pbNZ3WO+zxa+twDWD11/LB5i2U7leQ=
</SessionKey>
      <Encrypted>Ccsu0NO6Ws/pf9VAKvVv0DX2PgFxdoBBb1vFNSkty61bramRU7TR6v4hPJaAKf6I
fac/VTU2XdfvoSJqWAfCEkiyfhiKFYuBg5TWT5fKDieNCFJ9G4PtFUclMNxAC7Br
OJX+3Fa8qpC4vPexrgeyNvYPBnB3deVIz4by/TTLueQ2aKlq0rZU+8fGj6DpXqPG
j/GO70ELwrKS6TLMZ12QSiVGYMejY7q25KY7d2Sr02UDKRtnZGG28HaUylvCuAZP
AY169rQPfCmoLk/WgaCFbRezefocM0Y7a9S32SXMAfPmPQfGtMpyAyH60dMY3Awf
hhfE73ykXx/a6EK9BEEBar8oBkeqJMoRvpsRkdPxanLWWoXkxkBZmtC51GealF70
Yl18j9ZZ8LJ9dG4+NWQAT1wGYT72PXYkGX3CGp08PzthE1UxaUeZZ7zoZFv9GLkP
dzTXn0A+B6dlohWLdlXlGj8ir/fSeYB3F+6y3LcAcdbnpKJxnpua30NgNiBn46/M
rL1zT86Tm85uOOy+eaRa394qwWzYcxl/Xlro3Rv4VaCMiLHYKstACxgKtSj0D4xf
Xr7bSeoXc3wSiMVaiJ8BZLdHSlwLVvDWVYGj4yTszxnrmXWGIA/vbkwRHtTswRfp
tHcU1wwwoIaioAMNznebwJ4v0ZUysO+hrz9AHf9yCldVsyQKuu18JVO71T59blXv
kN/FtyRII7MYX13LDJmoP3ZHB8sLLIqB6/pCr6fcj3skPD+k/xUwXIAlAEUcii5N
XhCoxQ2IazoZlQ/n/FgbbVC5gXetoU/Oqs6zCeQDgc3JQnnyrLrzRYlsaWEseuvA
+HFQa6UDIl1Wo9+ITWld4Q==
</Encrypted>
      <PayMethod>CASH</PayMethod>
      <ResultCode>220000</ResultCode>
      <ResultMsg urlencode="1">%C1%A4%BB%F3%C3%B3%B8%AE%B5%C7%BE%FA%BD%C0%B4%CF%B4%D9.</ResultMsg>
    </Payment>
  </PaymentInfo>
  <ManageInfo>
    <EventCode></EventCode>
    <OrgCurrency></OrgCurrency>
    <ExchangeRate></ExchangeRate>
    <OrgPrice></OrgPrice>
  </ManageInfo>
  <ReservedInfo>
    <MReserved1 urlencode="1"></MReserved1>
    <MReserved2 urlencode="1"></MReserved2>
    <MReserved3 urlencode="1"></MReserved3>
    <PGReserved1 urlencode="1"></PGReserved1>
    <PGReserved2 urlencode="1"></PGReserved2>
    <PGReserved3 urlencode="1"></PGReserved3>
  </ReservedInfo>
</INIpay>
C8l+GmN7DYDY6zofNmmWXfoMw3LH3jdO+gjcJSf5xd0HgxNO75suZxqe0GGuG6+P
DD0TvDeaB7D2s6XL85QCO45khmPA2YOKJX3plR56dSEb9oHc27TqSbSxu4YLkrit
8ZYrUc31PyPMXmcCy/4Okeu9NPvIOlAnZFmH0srzLyk=
]
INFO	[2020-02-07 10:43:25:955] <26608> VERIFY OK
INFO	[2020-02-07 10:43:25:955] <26608> PARSE HEAD OK
INFO	[2020-02-07 10:43:25:955] <26608> PARSE BODY OK
INFO	[2020-02-07 10:43:25:956] <26608> DECRYPT OK
DEBUG	[2020-02-07 10:43:25:956] <26608> DECRYPT MSG:[<?xml version="1.0" encoding="UTF-8"?>
<PaymentInfo>
  <Payment>
    <EASYPAY/>
    <CASH>
      <CSHR_ApplPrice>1287000</CSHR_ApplPrice>
      <CSHR_SupplyPrice>1170000</CSHR_SupplyPrice>
      <CSHR_Tax>117000</CSHR_Tax>
      <CSHR_ServicePrice></CSHR_ServicePrice>
      <CSHR_Type>0</CSHR_Type>
      <CSHR_ApplDate>20200207</CSHR_ApplDate>
      <CSHR_ApplTime>104326</CSHR_ApplTime>
      <CSHR_ApplNum>269620466</CSHR_ApplNum>
      <CSHR_ResultCode>220000</CSHR_ResultCode>
      <CSHR_ResultMsg urlencode="1">%C1%A4%BB%F3%C3%B3%B8%AE%B5%C7%BE%FA%BD%C0%B4%CF%B4%D9.</CSHR_ResultMsg>
    </CASH>
  </Payment>
</PaymentInfo>]
INFO	[2020-02-07 10:43:25:956] <26608> DECRYPT PARSE OK
INFO	[2020-02-07 10:43:25:956] <26608> WAIT ACK INVOKING
DEBUG	[2020-02-07 10:43:25:956] <26608> MAKE HEAD OK
INFO	[2020-02-07 10:43:25:959] <26608> SUCCESS ACK INVOKING
INFO	[2020-02-07 10:43:25:959] <26608> END receipt 정상처리되었습니다. Laptime:[0.131sec]
INFO	[2020-02-07 10:43:25:959] <26608> ===============================================================
