INFO	[2022-03-04 16:43:13:929] <16758> START INIPHP cancel (V5036-141209)(OS:Linux2.6.32-754.11.1.el6.x86_64,PHP:5.3.3)
DEBUG	[2022-03-04 16:43:13:929] <16758> inipayhome:/home1/killdeal/public_html/shop/inicis
DEBUG	[2022-03-04 16:43:13:929] <16758> debug:false
DEBUG	[2022-03-04 16:43:13:929] <16758> type:cancel
DEBUG	[2022-03-04 16:43:13:929] <16758> mid:majorgol03
DEBUG	[2022-03-04 16:43:13:929] <16758> admin:1111
DEBUG	[2022-03-04 16:43:13:929] <16758> tid:INIMX_CARDmajorgol0320220304091714584393
DEBUG	[2022-03-04 16:43:13:929] <16758> cancelmsg:쇼핑몰 운영자 승인 취소
INFO	[2022-03-04 16:43:13:929] <16758> Check Field OK
INFO	[2022-03-04 16:43:13:929] <16758> PI PUB KEY LOAD OK []
INFO	[2022-03-04 16:43:13:930] <16758> PG PUB KEY LOAD OK [30]
INFO	[2022-03-04 16:43:13:930] <16758> MERCHANT PRIV KEY LOAD OK
INFO	[2022-03-04 16:43:13:930] <16758> MERCHANT PUB KEY LOAD OK [0]
DEBUG	[2022-03-04 16:43:13:931] <16758> MAKE ENCRYPT OK[<?xml version="1.0" encoding="UTF-8"?>
<CancelInfo>
	  <CancelTID>INIMX_CARDmajorgol0320220304091714584393</CancelTID>
	  <CancelMsg urlencode="1">%BC%EE%C7%CE%B8%F4+%BF%EE%BF%B5%C0%DA+%BD%C2%C0%CE+%C3%EB%BC%D2</CancelMsg>
	  <CancelReason/></CancelInfo>]
INFO	[2022-03-04 16:43:13:931] <16758> MAKE BODY OK
INFO	[2022-03-04 16:43:13:931] <16758> SIGN OK
INFO	[2022-03-04 16:43:13:931] <16758> MAKE HEAD OK
INFO	[2022-03-04 16:43:13:931] <16758> MSG_TO_PG:[0096200175D SHA1                   0                                      300420majorgol03                    INIMX_CARDmajorgol0320220304091714584393<?xml version="1.0" encoding="UTF-8"?>
<INIpay>
	  <CancelInfo>
	    <SessionKey>iE8U79hJMWXrVY5gaCZaBr/dL0QyiVKK0GRZDTpB0S37T8yxe3zPPNINd1G92YwM
vUawyqfnIwjzOjPZxm6/6y8fiHwu9eb2Dl0q3fL77Qvc6LmYhqL0QFbbCr+LfTSL
MXqx6JUixPlzCuSx9K7Vs0lagIKxmndTcnnpNd77umFyVKmK6Fbw4A==
</SessionKey>
	    <Encrypted>fMtK0nedkV60AS/c2hZmIvBR9MXUo0xNO0ALAnubHXfs/Rgawj1fuKWJLoBugKDz
33lRC7pPGgrSShYXfoy7bqxkWxhg+SUekup/EKYMONPE6LFakct9PBd0HJsNABip
Q4w4vjNv52M2sphC7saoL5lh322eVfamIu0Pd1rZSzSgG1d897gMVV7YUwxm0o6G
6C2gdXW31rIM1jIW3Ufhl6J8D14O8gZiUozZpQWcw4E/BmOmfz2chraN1Pf1Uq4q
fR9sTa/ZYdnA6UhAYozvOiB22qoswnK+cAqaPkW/m69A/lVF/0JrBUWOByy0uUM0
kCpODooan6l1S6DS0964UQ==
</Encrypted></CancelInfo>
	  <ReservedInfo>
	    <MReserved1/>
	    <MReserved2/>
	    <MReserved3/></ReservedInfo>
	  <ManageInfo>
	    <Language/>
	    <URL/>
	    <TXVersion>5036B141209canceLinux     PHPchkfake   2.6.32-754.11.1.el6.x86_64PHP:</TXVersion>
	    <TXUserID/>
	    <TXRegNum/></ManageInfo></INIpay>ALbjLaNa2MJEZu9r38vySkYV7yvMms3fgHL0sDSujK9TeDzIcHBqt9Mp3fgxTOXV
pniwKH76vNV7dH4pTLZR7nGUxceHacECB1fKEQWgKtLGyvEoIQrZDCQ2mqUgZa5Q
5P8Osu6QgEQaX+LVOo3pmH1tEgmF6ScN3GNInVebbXfi
]
INFO	[2022-03-04 16:43:13:931] <16758> DNS LOOKUP OK(203.238.37.3:203.238.37.3:34049) laptime:0
INFO	[2022-03-04 16:43:13:934] <16758> SOCKET CONNECT OK
INFO	[2022-03-04 16:43:13:934] <16758> SEND OK
INFO	[2022-03-04 16:43:14:850] <16758> RECV OK
INFO	[2022-03-04 16:43:14:850] <16758> MSG_FROM_PG:[0093300175D SHA1                   0                                      300430majorgol03                    INIMX_CARDmajorgol0320220304091714584393<?xml version="1.0" encoding="UTF-8"?><INIpay>
<CancelInfo>
<ResultCode>120000</ResultCode>
<ResultMsg urlencode="1">%C1%A4%BB%F3%C3%B3%B8%AE%B5%C7%BE%FA%BD%C0%B4%CF%B4%D9.</ResultMsg>
<SessionKey>AI37eaI7UnoCzEbT0kMeFMMmZ2MRbABLAgNzWEV0hPmZ42pxIBr+rjVt00O0Z6Jk
7RJy68NXRtNfLE/3flvr+lU/uRI69963mfN5YlbMQz/vlguSJh+h74mqfI2XRChy
6Fro0fBeilA4ACOjuGeJ0DzFo4ha6EPwNC7FeE3G4UiZGFXx0VtrBCM=
</SessionKey>
<Encrypted>0DPbuQCar5iMSmYYjSfOIxYotpDLS823yiYdCjJSKSg37je2zWFnBjhBeT7jwTJ0
bn1t82OtykYESAmtgnw/ZiqKHdkQbf0zAxgxWpXeWtZwMMO5wzifp1T940rnolgs
VOsyFuYpMyJ+qWD/SuUKqR/NE7I7WJecYHj/omQieLLjdoO/Jmq6awIHLmSGWjGc
rToswzquLoBSJ0qXVkD8Ltmkw/F6tBy/sbYwn1WWLp9y1XyjFC80wOLnQ4GLHSrE
073KKL3u6RrqrmNXanEkCTE7upZFORVuIP4SfoRJ81EpQDNj99dboJHD5iW5BRnq
YgQpn6OWQcn1AaRyLObYuHP3xkp6UYP0
</Encrypted>
</CancelInfo>
<ManageInfo/>
<ReservedInfo>
<MReserved1 urlencode="1"/>
<MReserved2 urlencode="1"/>
<MReserved3 urlencode="1"/>
</ReservedInfo>
</INIpay>
Vxf22MwPrFn2SxdyGLBmV72808NUuwVj9qSYVM2m+eFr9v5IaB2XnM2m6aesskX4
4iy4ygMAJlOH5PWPF200/ZMQYDFUQ3MbQM4/zzO8jEklxAec25u2DrJziqbHh5vM
CWL68F4ypuRKZEwjbotrbldacDd/dD2FwqONcdD83do=
]
INFO	[2022-03-04 16:43:14:850] <16758> VERIFY OK
INFO	[2022-03-04 16:43:14:850] <16758> PARSE HEAD OK
INFO	[2022-03-04 16:43:14:850] <16758> PARSE BODY OK
INFO	[2022-03-04 16:43:14:851] <16758> DECRYPT OK
DEBUG	[2022-03-04 16:43:14:851] <16758> DECRYPT MSG:[<?xml version="1.0" encoding="UTF-8"?><CancelInfo>
<CancelDate>20220304</CancelDate>
<CancelTime>164314</CancelTime>
<ResultCode>120000</ResultCode>
<ResultMsg urlencode="1">%C1%A4%BB%F3%C3%B3%B8%AE%B5%C7%BE%FA%BD%C0%B4%CF%B4%D9.</ResultMsg>
</CancelInfo>]
INFO	[2022-03-04 16:43:14:851] <16758> DECRYPT PARSE OK
INFO	[2022-03-04 16:43:14:851] <16758> END cancel 정상처리되었습니다. Laptime:[0.922sec]
INFO	[2022-03-04 16:43:14:851] <16758> ===============================================================
