INFO	[2022-06-18 18:00:57:702] <16366> START INIPHP receipt (V5036-141209)(OS:Linux2.6.32-754.11.1.el6.x86_64,PHP:5.3.3)
DEBUG	[2022-06-18 18:00:57:702] <16366> inipayhome:/home1/killdeal/public_html/shop/inicis
DEBUG	[2022-06-18 18:00:57:702] <16366> debug:false
DEBUG	[2022-06-18 18:00:57:702] <16366> type:receipt
DEBUG	[2022-06-18 18:00:57:702] <16366> pgid:INIphpRECP
DEBUG	[2022-06-18 18:00:57:702] <16366> paymethod:CASH
DEBUG	[2022-06-18 18:00:57:702] <16366> currency:WON
DEBUG	[2022-06-18 18:00:57:702] <16366> admin:1111
DEBUG	[2022-06-18 18:00:57:702] <16366> mid:fourseason
DEBUG	[2022-06-18 18:00:57:702] <16366> goodname:핫딜드루시그니쳐스탠드캐디백
DEBUG	[2022-06-18 18:00:57:702] <16366> cr_price:299000
DEBUG	[2022-06-18 18:00:57:702] <16366> sup_price:271818
DEBUG	[2022-06-18 18:00:57:702] <16366> tax:27182
DEBUG	[2022-06-18 18:00:57:702] <16366> srvc_price:0
DEBUG	[2022-06-18 18:00:57:702] <16366> buyername:김영범
DEBUG	[2022-06-18 18:00:57:702] <16366> buyeremail:kyb2053@hanmail.net
DEBUG	[2022-06-18 18:00:57:702] <16366> buyertel:01025112053
DEBUG	[2022-06-18 18:00:57:702] <16366> reg_num:5131768066
DEBUG	[2022-06-18 18:00:57:702] <16366> useopt:1
DEBUG	[2022-06-18 18:00:57:702] <16366> companynumber:
INFO	[2022-06-18 18:00:57:702] <16366> Check Field OK
INFO	[2022-06-18 18:00:57:702] <16366> Make TID OK INIphpRECPfourseason20220618180057024921
INFO	[2022-06-18 18:00:57:702] <16366> PI PUB KEY LOAD OK []
INFO	[2022-06-18 18:00:57:703] <16366> PG PUB KEY LOAD OK [30]
INFO	[2022-06-18 18:00:57:703] <16366> MERCHANT PRIV KEY LOAD OK
INFO	[2022-06-18 18:00:57:703] <16366> MERCHANT PUB KEY LOAD OK [0]
DEBUG	[2022-06-18 18:00:57:703] <16366> MAKE ENCRYPT OK[<?xml version="1.0" encoding="UTF-8"?>
<PaymentInfo>
	  <Payment>
	    <CASH>
	      <CSHR_ApplPrice>299000</CSHR_ApplPrice>
	      <CSHR_SupplyPrice>271818</CSHR_SupplyPrice>
	      <CSHR_Tax>27182</CSHR_Tax>
	      <CSHR_ServicePrice/>
	      <CSHR_Type>1</CSHR_Type>
	      <CSHR_RegNum>5131768066</CSHR_RegNum>
	      <CSHR_CompanyNum/></CASH></Payment></PaymentInfo>]
INFO	[2022-06-18 18:00:57:704] <16366> MAKE BODY OK
INFO	[2022-06-18 18:00:57:704] <16366> SIGN OK
INFO	[2022-06-18 18:00:57:704] <16366> MAKE HEAD OK
INFO	[2022-06-18 18:00:57:704] <16366> MSG_TO_PG:[0192200175D SHA1                   0                                      300200fourseason              299000INIphpRECPfourseason20220618180057024921<?xml version="1.0" encoding="UTF-8"?>
<INIpay>
	  <GoodsInfo>
	    <GoodsCnt>1</GoodsCnt>
	    <MOID/>
	    <Currency>WON</Currency>
	    <Tax>27182</Tax>
	    <TaxFree/>
	    <Goods>
	      <SMID>fourseason</SMID>
	      <GoodsName urlencode="1">%C7%D6%B5%F4%B5%E5%B7%E7%BD%C3%B1%D7%B4%CF%C3%C4%BD%BA%C5%C4%B5%E5%C4%B3%B5%F0%B9%E9</GoodsName>
	      <GoodsPrice>299000</GoodsPrice></Goods></GoodsInfo>
	  <BuyerInfo>
	    <BuyerName urlencode="1">%B1%E8%BF%B5%B9%FC</BuyerName>
	    <BuyerTel>01025112053</BuyerTel>
	    <BuyerEmail urlencode="1">kyb2053%40hanmail.net</BuyerEmail>
	    <ParentEmail/>
	    <RecvName/>
	    <RecvTel/>
	    <RecvMsg/>
	    <RecvAddr/>
	    <RecvPostNum/></BuyerInfo>
	  <PaymentInfo>
	    <Payment>
	      <PayMethod>CASH</PayMethod>
	      <JoinCard/>
	      <JoinExpire/>
	      <MailOrder/>
	      <SessionKey>TFcuoSpX54j9kZZsjSoewymRG+88W9t9NVJXWqV0xMKZZWdROykQis561arQRJZK
qDE8DvkV1BueCfNRMbEu36BhIHeY/DirDvCfg6O0Z+tt2cVcYeUutvvo7ZxNffot
8eWaRe5t1W9ahuUotoLTDStwuZ6W2jVjYQ7KWUlYzE7LcH0V8lMd6Q==
</SessionKey>
	      <Encrypted>1ci8fTSGmMggUrC69lC2G1OTWojGL+qTjHWPVS+2IzI/usPw7kwTQBfeMzocBvdO
cN9p0mi5nc/yOBQOhMo+xdTMNQE8uTHBS39xvQnAOqLEVAzq6zoI45Y+yGEdf0J9
3Ef6FITgVeBFGPhAffp6HTADvEMuOSjFrQWkRUqmNB2CTzzEBXiFEPSonIPOArCP
NVTXwZv65D+NV5pHBcnPckmtWrfQkFbiQQv6ddSVIMN4W+OEWX0p3HJNjnuIiJAY
gb8Oxplhsc7c5lU7yJTrLNol0pR3HYrUh/y1JrhqMqFjHj+OGN+qYE5kA49DluUM
gcBbRIrl/sCA86hh1Rtml8xwF7orAyyjwlyXLms/q31aKm+0UzM7xBz3bIxjypa3
v49/u0KEH64gs1eNN8jmPKsehGQG9aNQ4XByZwd3joD+YhEfeu03sNJStQXCtNhg
MrT+5HgeV38QxLutwQxl2WdvKihqJYlufXSCFtNyHd/t4Vr2ttn9Mw==
</Encrypted></Payment></PaymentInfo>
	  <ReservedInfo>
	    <MReserved1/>
	    <MReserved2/>
	    <MReserved3/></ReservedInfo>
	  <ManageInfo>
	    <Language/>
	    <URL/>
	    <TXVersion>5036B141209receiLinux     PHPchkfake   2.6.32-754.11.1.el6.x86_64PHP:</TXVersion>
	    <TXUserID/>
	    <TXRegNum/>
	    <Ack>1</Ack></ManageInfo></INIpay>AOmNysemoAnUcarRodQPtTGm+e6nyxuYM2xbXnaU5lLYca28tEfN+KNC4E4EctcA
2J5lxZHbic4jN2fO4oFEw7OS4ZBFYPXQ/SS9oq2HgZmN0XbgGUlVoyECIO9u1Wh6
OrRTGzzxEnTPCFtUSS0MtAl/7UPU+oM06QPEknZzDa/A
]
INFO	[2022-06-18 18:00:57:704] <16366> DNS LOOKUP OK(203.238.37.3:203.238.37.3:34049) laptime:0
INFO	[2022-06-18 18:00:57:707] <16366> SOCKET CONNECT OK
INFO	[2022-06-18 18:00:57:707] <16366> SEND OK
INFO	[2022-06-18 18:00:57:812] <16366> RECV OK
INFO	[2022-06-18 18:00:57:812] <16366> MSG_FROM_PG:[0166300175D SHA1                   0                                      300210fourseason              299000INIphpRECPfourseason20220618180057024921<?xml version="1.0" encoding="UTF-8"?><INIpay>
<GoodsInfo>
<GoodsCnt>1</GoodsCnt>
<MOID urlencode="1"/>
<Currency>WON</Currency>
<Goods no="1">
<SMID>fourseason</SMID>
<GoodsName urlencode="1">%C7%D6%B5%F4%B5%E5%B7%E7%BD%C3%B1%D7%B4%CF%C3%C4%BD%BA%C5%C4%B5%E5%C4%B3%B5%F0%B9%E9</GoodsName>
<GoodsCntS>1</GoodsCntS>
<GoodsPrice>299000</GoodsPrice>
</Goods>
</GoodsInfo>
<PaymentInfo>
<Payment>
<SessionKey>AKYXwXHsgFERWEU/hokzJ3SWMy+FBwlRhXRDUpU3+N/OGWuaqykKX0f5RhbHPJt4
k2YjOwVVIjq3xoUs4g8fxBSktPJO5RgUsgz0ohWrrXUyYUSVRsdQM6b4lwNgHzWk
St0w39bhKRLMS0GUhVwLLcLcIb6rnItgmlID2VpyHND22YC0x6fHkWw=
</SessionKey>
<Encrypted>iJcSQIfTEa3uQVEQpzYObqRVWRs/SGm/GwjnuA/f+41xoWhxCL84q5ZLTBJsj2RO
OTwm9/YtJQfAvRHqT2RSlnPV22Z9KgCiFDwvMVK1Kmq1TB+jc6zTwSrNkIFEn98g
d8n+hVMGUh6ITAOi4iU4RnvUo0PsjohPwI3eGLnbZYeFqnIiqo2e/t8MHDPFPwji
gvHZXNnDr26e+6UyVqhrw3Xk8XO07xlMR0BrwSqys1IgLbe6+cM2enqbq7Ab4McB
sdnpNwz1YPCs7HBElNrYjRnluKGnwCsC6qBQqPcLEELTHBbHG7HreSH8OoUT7lnI
EfzOSvyiyw7b2z1BqOWW8nayWgz8izFLSAABro3kh/t2BE96EdidpNA6utiiBKyl
Ou3El2/lN+D4Ia5d3vpgUBKADopcO9FXlLt1aiLNO63jsp0Q44LVwQ/UwHgo0iZQ
UAHYwGqgNZIXQDTSYKdF3lVmdXg9+TymG5xl8kECzunKlsIYJ3b8BIBAQ09wEhTF
GvEZ3xbldrv2ViGfj0i5JWnkfy6SvBSetGjATa97d86pI9xzZNeiKSU1bBLJBMsa
0NAglLcYbSOO8jNagDZdrM3vzeu3lBi7D27giCl2FhBWn0UAZE0OwzhGjHpGrm5m
935xD6AOSBQwiACCcm2QOR8DL950s+0hR5mizATdvdbCOqNhke0yjTkJsTNr33TM
</Encrypted>
<PayMethod>CASH</PayMethod>
<ResultCode>220000</ResultCode>
<ResultMsg urlencode="1">%C1%A4%BB%F3%C3%B3%B8%AE%B5%C7%BE%FA%BD%C0%B4%CF%B4%D9.</ResultMsg>
</Payment>
</PaymentInfo>
<ManageInfo/>
<ReservedInfo>
<MReserved1 urlencode="1"/>
<MReserved2 urlencode="1"/>
<MReserved3 urlencode="1"/>
</ReservedInfo>
</INIpay>
ZAtyUeUfSp4TBcJPCc1jeW9I31xi2cQP1n9YWdUdwxWwpGwk5X2TddrhclPIqJOG
X7lPzgjBXiILg+Avtc073p9ryWrr47ggUjy0CaXucHHMr8aP6jjw7acLt3povzL7
XZZ+TZ4g/GgIp5zotoZ/bMCOvLVcURs7CDlDpFdJkKs=
]
INFO	[2022-06-18 18:00:57:812] <16366> VERIFY OK
INFO	[2022-06-18 18:00:57:812] <16366> PARSE HEAD OK
INFO	[2022-06-18 18:00:57:813] <16366> PARSE BODY OK
INFO	[2022-06-18 18:00:57:814] <16366> DECRYPT OK
DEBUG	[2022-06-18 18:00:57:814] <16366> DECRYPT MSG:[<?xml version="1.0" encoding="UTF-8"?><PaymentInfo>
<Payment>
<CASH>
<CSHR_ApplPrice>299000</CSHR_ApplPrice>
<CSHR_SupplyPrice>271818</CSHR_SupplyPrice>
<CSHR_Tax>27182</CSHR_Tax>
<CSHR_ServicePrice/>
<CSHR_Type>1</CSHR_Type>
<CSHR_ApplDate>20220618</CSHR_ApplDate>
<CSHR_ApplTime>180058</CSHR_ApplTime>
<CSHR_ApplNum>269495598</CSHR_ApplNum>
<CSHR_ResultCode>220000</CSHR_ResultCode>
<CSHR_ResultMsg urlencode="1">%C1%A4%BB%F3%C3%B3%B8%AE%B5%C7%BE%FA%BD%C0%B4%CF%B4%D9.</CSHR_ResultMsg>
</CASH>
</Payment>
</PaymentInfo>]
INFO	[2022-06-18 18:00:57:814] <16366> DECRYPT PARSE OK
INFO	[2022-06-18 18:00:57:814] <16366> WAIT ACK INVOKING
DEBUG	[2022-06-18 18:00:57:814] <16366> MAKE HEAD OK
INFO	[2022-06-18 18:00:57:818] <16366> SUCCESS ACK INVOKING
INFO	[2022-06-18 18:00:57:818] <16366> END receipt 정상처리되었습니다. Laptime:[0.115sec]
INFO	[2022-06-18 18:00:57:818] <16366> ===============================================================
