INFO	[2021-04-16 09:29:51:267] <10825> START INIPHP cancel (V5036-141209)(OS:Linux2.6.32-754.11.1.el6.x86_64,PHP:5.3.3)
DEBUG	[2021-04-16 09:29:51:268] <10825> inipayhome:/home1/killdeal/public_html/shop/inicis
DEBUG	[2021-04-16 09:29:51:268] <10825> debug:false
DEBUG	[2021-04-16 09:29:51:268] <10825> type:cancel
DEBUG	[2021-04-16 09:29:51:268] <10825> mid:fourseason
DEBUG	[2021-04-16 09:29:51:268] <10825> admin:1111
DEBUG	[2021-04-16 09:29:51:268] <10825> tid:StdpayCARDfourseason20210414164342711291
DEBUG	[2021-04-16 09:29:51:268] <10825> cancelmsg:쇼핑몰 운영자 승인 취소
INFO	[2021-04-16 09:29:51:268] <10825> Check Field OK
INFO	[2021-04-16 09:29:51:268] <10825> PI PUB KEY LOAD OK []
INFO	[2021-04-16 09:29:51:268] <10825> PG PUB KEY LOAD OK [30]
INFO	[2021-04-16 09:29:51:269] <10825> MERCHANT PRIV KEY LOAD OK
INFO	[2021-04-16 09:29:51:269] <10825> MERCHANT PUB KEY LOAD OK [0]
DEBUG	[2021-04-16 09:29:51:269] <10825> MAKE ENCRYPT OK[<?xml version="1.0" encoding="UTF-8"?>
<CancelInfo>
	  <CancelTID>StdpayCARDfourseason20210414164342711291</CancelTID>
	  <CancelMsg urlencode="1">%BC%EE%C7%CE%B8%F4+%BF%EE%BF%B5%C0%DA+%BD%C2%C0%CE+%C3%EB%BC%D2</CancelMsg>
	  <CancelReason/></CancelInfo>]
INFO	[2021-04-16 09:29:51:269] <10825> MAKE BODY OK
INFO	[2021-04-16 09:29:51:270] <10825> SIGN OK
INFO	[2021-04-16 09:29:51:270] <10825> MAKE HEAD OK
INFO	[2021-04-16 09:29:51:270] <10825> MSG_TO_PG:[0096200175D SHA1                   0                                      300420fourseason                    StdpayCARDfourseason20210414164342711291<?xml version="1.0" encoding="UTF-8"?>
<INIpay>
	  <CancelInfo>
	    <SessionKey>DFeqVazndeo1O90e7ANyHHkCaYVuPKITg47P6p7EHUx7WVlPg6b+zuEXKEqxUVYM
rH/hYsVZEpSq+Mfj4M+sxXwv1D+3ftWERT9pKCnZFzH8eX0G85kklhVMYEXPbq2f
r5TY3lvwxY0SCkCZCt/TphUS/4pMY5JP1Ul+1rMQBNpQTzalvr8JiQ==
</SessionKey>
	    <Encrypted>CAd38NRaQuAZN/beWzCIYGJaCYQv8iGtAbdLhv/2a/Gf9is0zmdMM+xAKynMoCSq
mk47ZPgu7z0JhlBsxnEQ2KQb0HZXwICpQivH71xxtqBcyrA34elFwFNt5ON7b4Ar
zZbsZp12hMpuqopSTshr0iiV1YuS+GiQmes5R11Lq/Py3EAxnB8pv1dLYp49APak
2uB8aIJk/P1C7n0mb6cPi1PcGCW0OZHhMkYzdcBHsAh4xsN0KJ2tf3lriuokz2zs
ezJkfkM77wGZWorRPb1ofUYgFmawZbEIPhaax8283CZYMdTqzT7tXWtS9KkMhysi
NcaKWqe6UwlXdRatb0/sjQ==
</Encrypted></CancelInfo>
	  <ReservedInfo>
	    <MReserved1/>
	    <MReserved2/>
	    <MReserved3/></ReservedInfo>
	  <ManageInfo>
	    <Language/>
	    <URL/>
	    <TXVersion>5036B141209canceLinux     PHPchkfake   2.6.32-754.11.1.el6.x86_64PHP:</TXVersion>
	    <TXUserID/>
	    <TXRegNum/></ManageInfo></INIpay>ANAcEXF1E0Ju/lWenD/1Uu/t3OwHTPahC0JPLL1zzzmuo4pTmCvzkiT1iEvK+w0O
9V/RZIgUh0WjTbl4Cuvyba+hsHyjt0sXJeGDX5Kbyf1RusBggvC1015qCFM6tfUt
qCdr/0u26Q5aMuDgkMDcclADFUPuSH7e9JweEU2cpyb6
]
INFO	[2021-04-16 09:29:51:270] <10825> DNS LOOKUP OK(203.238.37.3:203.238.37.3:34049) laptime:0
INFO	[2021-04-16 09:29:51:273] <10825> SOCKET CONNECT OK
INFO	[2021-04-16 09:29:51:274] <10825> SEND OK
INFO	[2021-04-16 09:29:51:443] <10825> RECV OK
INFO	[2021-04-16 09:29:51:443] <10825> MSG_FROM_PG:[0093300175D SHA1                   0                                      300430fourseason                    StdpayCARDfourseason20210414164342711291<?xml version="1.0" encoding="UTF-8"?><INIpay>
<CancelInfo>
<ResultCode>120000</ResultCode>
<ResultMsg urlencode="1">%C1%A4%BB%F3%C3%B3%B8%AE%B5%C7%BE%FA%BD%C0%B4%CF%B4%D9.</ResultMsg>
<SessionKey>ACAk1SbZ5+qk836GbxmF26Aos5W/Z4UbUhGIfOA/XoP3/OFMzbA8MYbXuwPI+yWz
TEjaJ+A5p5QEgnIJ5UqS/CESbK5XPHLScYFVXHnqXSMhpusRqG/ivLkDTGBToxMv
Zsfda4n1xUtzHowB6BHm1Yy9Bz3s4rG7iYzl89tdLECGvu+G710MEUY=
</SessionKey>
<Encrypted>mG6M06bYNF535nGnzotE560DtYXifC/X5VsnnAi2eKVZb0cq4mCd9erF8RRTJ+2k
YIswXfP+hV2JwAQ1DLnjEhHlqCJ/DIfPMvtn9B8EgzWgcY3c3Ss1aOBNU44x25+K
E1Hj216439MaM7CRHzUGbnEKjIQqFyIRTA7a7cuBJdsWjwMQMa8G+t50LMtOIBSI
QVHrTL5CHJpVdWBluT9zClyvFoZ9Ki5KWzOjOv01sl77bpN9aWqh6OOZXBAvNRCj
iyDAu/JZc4gZtgtX16WyqSAeYq/CpniUolXaJ7TH5T6ZH+zaYC5qSQh4OLBFJosH
smAhmTJzZQ/VYM8F/GaAove2CXcETcBb
</Encrypted>
</CancelInfo>
<ManageInfo/>
<ReservedInfo>
<MReserved1 urlencode="1"/>
<MReserved2 urlencode="1"/>
<MReserved3 urlencode="1"/>
</ReservedInfo>
</INIpay>
VqDv0IBBRHVvCiyX2xQLoiN63Yx5cMDrjIiOFBBtBDUqP3hRx7DhUAT7ZUNSbnVw
jIgdUw+5a3MBvZOyUcgFcAvLmpQLt+av7+ovx9GagZV6JlyXrIHeY0Js6/xI4JQ3
u8NINlJRRAu8JftN8bPA2Yxi7hHE4AyoHielLiu0a5M=
]
INFO	[2021-04-16 09:29:51:443] <10825> VERIFY OK
INFO	[2021-04-16 09:29:51:443] <10825> PARSE HEAD OK
INFO	[2021-04-16 09:29:51:443] <10825> PARSE BODY OK
INFO	[2021-04-16 09:29:51:444] <10825> DECRYPT OK
DEBUG	[2021-04-16 09:29:51:444] <10825> DECRYPT MSG:[<?xml version="1.0" encoding="UTF-8"?><CancelInfo>
<CancelDate>20210416</CancelDate>
<CancelTime>092951</CancelTime>
<ResultCode>120000</ResultCode>
<ResultMsg urlencode="1">%C1%A4%BB%F3%C3%B3%B8%AE%B5%C7%BE%FA%BD%C0%B4%CF%B4%D9.</ResultMsg>
</CancelInfo>]
INFO	[2021-04-16 09:29:51:444] <10825> DECRYPT PARSE OK
INFO	[2021-04-16 09:29:51:444] <10825> END cancel 정상처리되었습니다. Laptime:[0.177sec]
INFO	[2021-04-16 09:29:51:444] <10825> ===============================================================
INFO	[2021-04-16 17:19:28:389] <10384> START INIPHP cancel (V5036-141209)(OS:Linux2.6.32-754.11.1.el6.x86_64,PHP:5.3.3)
DEBUG	[2021-04-16 17:19:28:389] <10384> inipayhome:/home1/killdeal/public_html/shop/inicis
DEBUG	[2021-04-16 17:19:28:389] <10384> debug:false
DEBUG	[2021-04-16 17:19:28:389] <10384> type:cancel
DEBUG	[2021-04-16 17:19:28:389] <10384> mid:fourseason
DEBUG	[2021-04-16 17:19:28:389] <10384> admin:1111
DEBUG	[2021-04-16 17:19:28:389] <10384> tid:INIMX_CARDfourseason20210405000329165609
DEBUG	[2021-04-16 17:19:28:389] <10384> cancelmsg:쇼핑몰 운영자 승인 취소
INFO	[2021-04-16 17:19:28:389] <10384> Check Field OK
INFO	[2021-04-16 17:19:28:389] <10384> PI PUB KEY LOAD OK []
INFO	[2021-04-16 17:19:28:389] <10384> PG PUB KEY LOAD OK [30]
INFO	[2021-04-16 17:19:28:389] <10384> MERCHANT PRIV KEY LOAD OK
INFO	[2021-04-16 17:19:28:390] <10384> MERCHANT PUB KEY LOAD OK [0]
DEBUG	[2021-04-16 17:19:28:390] <10384> MAKE ENCRYPT OK[<?xml version="1.0" encoding="UTF-8"?>
<CancelInfo>
	  <CancelTID>INIMX_CARDfourseason20210405000329165609</CancelTID>
	  <CancelMsg urlencode="1">%BC%EE%C7%CE%B8%F4+%BF%EE%BF%B5%C0%DA+%BD%C2%C0%CE+%C3%EB%BC%D2</CancelMsg>
	  <CancelReason/></CancelInfo>]
INFO	[2021-04-16 17:19:28:390] <10384> MAKE BODY OK
INFO	[2021-04-16 17:19:28:391] <10384> SIGN OK
INFO	[2021-04-16 17:19:28:391] <10384> MAKE HEAD OK
INFO	[2021-04-16 17:19:28:391] <10384> MSG_TO_PG:[0096200175D SHA1                   0                                      300420fourseason                    INIMX_CARDfourseason20210405000329165609<?xml version="1.0" encoding="UTF-8"?>
<INIpay>
	  <CancelInfo>
	    <SessionKey>RXcUmW2Bl0wEm8sc55aGZ4HZ5Bi+m5AdtscHyV6rjvHu5lDgmSNWF6H3nY/d5OLt
oaNBxeqBnWyT1r20yaXIhF03vSMjHU3GYYooRLqJWgfCIEi5F4zZd/lZf+dSbF83
clLsJzG/2XgGP3oxKDzadOASHl0+Y/UzBpvwp0sv4qcTjb0R+490sw==
</SessionKey>
	    <Encrypted>o2V1GS7mYgselpkq3PwhTOE9/L9LM/vlIonVXT0nVMIxNOGq3alxFfm5WmdjvaHf
OeBXTxbZLqOeLQSRocmYB09m2/aVEjtG2K5BdfjQE6E7m5Vd6vUtmSGEG+yQLs2X
BJp52WJQkGAWm3hCY41xVmT8ex1mW0DXpYoy4QkQrNGdlzeCVG895VrxI7W6s07C
CdS1LxwUeqnNG60wTgfCkHGY+YOA1RWByLk0+zB5cf+sV6gQnmPQ5RVF62hFFl3S
BKcaBciaLIpW5AVVvfT7b8pete5vPebAQvnmVQAMUKwUe3XKryz5hWz1Y0pvhZcy
7llCy3YBXQbJqIukrhDdzw==
</Encrypted></CancelInfo>
	  <ReservedInfo>
	    <MReserved1/>
	    <MReserved2/>
	    <MReserved3/></ReservedInfo>
	  <ManageInfo>
	    <Language/>
	    <URL/>
	    <TXVersion>5036B141209canceLinux     PHPchkfake   2.6.32-754.11.1.el6.x86_64PHP:</TXVersion>
	    <TXUserID/>
	    <TXRegNum/></ManageInfo></INIpay>ALD4n2qjLDgIlNi4TsVfhtUFYwobDd/LaN7yZ1ZpAWtHdaCdtm8UG14s1V038qfZ
FttFNQLTba54ZVblllu98X3QDwMW6RyijrnL26yIFzmSXDgnf8ZuuhWRmzlj3sBs
ysKHn5QpfqFGO7pJy2ihykDdUOhkbi92PsI1FLr/Cl75
]
INFO	[2021-04-16 17:19:28:391] <10384> DNS LOOKUP OK(203.238.37.3:203.238.37.3:34049) laptime:0
INFO	[2021-04-16 17:19:28:393] <10384> SOCKET CONNECT OK
INFO	[2021-04-16 17:19:28:393] <10384> SEND OK
INFO	[2021-04-16 17:19:29:348] <10384> RECV OK
INFO	[2021-04-16 17:19:29:348] <10384> MSG_FROM_PG:[0093300175D SHA1                   0                                      300430fourseason                    INIMX_CARDfourseason20210405000329165609<?xml version="1.0" encoding="UTF-8"?><INIpay>
<CancelInfo>
<ResultCode>120000</ResultCode>
<ResultMsg urlencode="1">%C1%A4%BB%F3%C3%B3%B8%AE%B5%C7%BE%FA%BD%C0%B4%CF%B4%D9.</ResultMsg>
<SessionKey>AO4rtPuM3+Io62F/vzxPmPNpDNmgqd3KOwpV4Va54ThgevqMeiHdtHofDutwPHj3
giZh654l87bOX/pPW0YFcagZjq6hWtheZAVfzdqHiKSaiBdghtbxnxqDuGxrVu/R
0rBcVS2zCa/8YY0aqWtj1JXlxVg1HVTRRqGOOA7uWAElDqMvdLFRk1A=
</SessionKey>
<Encrypted>uLA/GLguw88TvCDkXZwOOymkGgc4iWMYMNHTb6Ej5HaQANddmS+V6YdNLF/91X76
0oVQo6uNvDRAgZut6wsw+G4h1ADDcP5cmpFfoogHGrGgsHgZRmmQoJ8u0gK1LeX0
ymvcWZFXOBk3OjS9cva8QzLB2E0HU+IoXKbdoGbdSWLHGe/w0N0tOie+QXBHbUMn
ViVmUK6rTlizbV0vcOkVm7UpCV55WGytRK6urdylKptmB8uqVw6gQZdJ643Yaz5E
Z6DU0fvutXc23yTIqmKNsSD1r41QaEFgdOw9niIk3sFVEtEu0PZ6J/cpuXkXuGzV
62YX/v9QAdttk/PRzFgWOFrRcDkg7wF+
</Encrypted>
</CancelInfo>
<ManageInfo/>
<ReservedInfo>
<MReserved1 urlencode="1"/>
<MReserved2 urlencode="1"/>
<MReserved3 urlencode="1"/>
</ReservedInfo>
</INIpay>
EbJNTID6jl0rUCS8VD/B7rf9PHXWB6wyUh+hhAZG5nJGWVrV0QtLd8ZwProRFGV5
5sBVF2WUlNGJ6k2yqsaCWkU57kBSVIiKV2gR9UXzVm9E5km7AcY+fpuyRj2OGM8H
YBYViiL3nnmUsURMrzJAthKAzg1wNNc+w0PeFitGO9c=
]
INFO	[2021-04-16 17:19:29:348] <10384> VERIFY OK
INFO	[2021-04-16 17:19:29:348] <10384> PARSE HEAD OK
INFO	[2021-04-16 17:19:29:348] <10384> PARSE BODY OK
INFO	[2021-04-16 17:19:29:349] <10384> DECRYPT OK
DEBUG	[2021-04-16 17:19:29:349] <10384> DECRYPT MSG:[<?xml version="1.0" encoding="UTF-8"?><CancelInfo>
<CancelDate>20210416</CancelDate>
<CancelTime>171929</CancelTime>
<ResultCode>120000</ResultCode>
<ResultMsg urlencode="1">%C1%A4%BB%F3%C3%B3%B8%AE%B5%C7%BE%FA%BD%C0%B4%CF%B4%D9.</ResultMsg>
</CancelInfo>]
INFO	[2021-04-16 17:19:29:349] <10384> DECRYPT PARSE OK
INFO	[2021-04-16 17:19:29:349] <10384> END cancel 정상처리되었습니다. Laptime:[0.96sec]
INFO	[2021-04-16 17:19:29:349] <10384> ===============================================================
INFO	[2021-04-16 21:44:44:963] <10442> START INIPHP cancel (V5036-141209)(OS:Linux2.6.32-754.11.1.el6.x86_64,PHP:5.3.3)
DEBUG	[2021-04-16 21:44:44:963] <10442> inipayhome:/home1/killdeal/public_html/shop/inicis
DEBUG	[2021-04-16 21:44:44:963] <10442> debug:false
DEBUG	[2021-04-16 21:44:44:963] <10442> type:cancel
DEBUG	[2021-04-16 21:44:44:963] <10442> mid:fourseason
DEBUG	[2021-04-16 21:44:44:963] <10442> admin:1111
DEBUG	[2021-04-16 21:44:44:963] <10442> tid:INIMX_ISP_fourseason20210416213908405189
DEBUG	[2021-04-16 21:44:44:963] <10442> cancelmsg:주문자 본인 취소-상품옵션 선택 잘못함
INFO	[2021-04-16 21:44:44:963] <10442> Check Field OK
INFO	[2021-04-16 21:44:44:963] <10442> PI PUB KEY LOAD OK []
INFO	[2021-04-16 21:44:44:963] <10442> PG PUB KEY LOAD OK [30]
INFO	[2021-04-16 21:44:44:963] <10442> MERCHANT PRIV KEY LOAD OK
INFO	[2021-04-16 21:44:44:963] <10442> MERCHANT PUB KEY LOAD OK [0]
DEBUG	[2021-04-16 21:44:44:963] <10442> MAKE ENCRYPT OK[<?xml version="1.0" encoding="UTF-8"?>
<CancelInfo>
	  <CancelTID>INIMX_ISP_fourseason20210416213908405189</CancelTID>
	  <CancelMsg urlencode="1">%C1%D6%B9%AE%C0%DA+%BA%BB%C0%CE+%C3%EB%BC%D2-%BB%F3%C7%B0%BF%C9%BC%C7+%BC%B1%C5%C3+%C0%DF%B8%F8%C7%D4</CancelMsg>
	  <CancelReason/></CancelInfo>]
INFO	[2021-04-16 21:44:44:964] <10442> MAKE BODY OK
INFO	[2021-04-16 21:44:44:964] <10442> SIGN OK
INFO	[2021-04-16 21:44:44:964] <10442> MAKE HEAD OK
INFO	[2021-04-16 21:44:44:964] <10442> MSG_TO_PG:[0101500175D SHA1                   0                                      300420fourseason                    INIMX_ISP_fourseason20210416213908405189<?xml version="1.0" encoding="UTF-8"?>
<INIpay>
	  <CancelInfo>
	    <SessionKey>UehfM+C2owomofYGRxFrXBIkbY+hm3rbzj8m3YADisWMRQCBdsaCljVPjrMIR/y3
EDah1ttbkLcVe/XVb9f1D1fb+E4FUqfLSSg9MdwmhVutEc5SGEvKBIcfNVpVM55x
rrPxAiVwkbo2OS0jBT+0VhKgKoUuPLrWciM0FHvoEgPgvK93hbpVPQ==
</SessionKey>
	    <Encrypted>p2dHKtgbZgu59ofmWMe2B21oZjKsxOLjyERp/V9huquQ9/PE72JYsJNHJsHPn5D3
pB90Rh+UBFLlUHZ+axuprIlgwUdG+Mbol3n0Oj3SxCCGivqa2S2uJuJ1Ab63FYWV
8kol+8nfqG/Y4uqPe+SLBEfQQBbxJdKZmapE2mdzN7uXvyeDWjhRPqz+ui7CmlLn
j1R2H+uv0Qmeq4XF4VJFimSvjLsmrGbw/dgb6z8GbSajUxEGgdWLRD0oIzp/OJ56
gLYaKxzDLqAHSaCT8YjtlAnzC8KzvCTkNnDK7P9OME1q4j3UCBwKqhNNOTr49yr9
bbgNOkwFbdmHvCJZZqMH3aOumTec8mHJYHMaqboDRSK+/3numfAjR0xzJPuj6N/5
IpXLksF8CPs=
</Encrypted></CancelInfo>
	  <ReservedInfo>
	    <MReserved1/>
	    <MReserved2/>
	    <MReserved3/></ReservedInfo>
	  <ManageInfo>
	    <Language/>
	    <URL/>
	    <TXVersion>5036B141209canceLinux     PHPchkfake   2.6.32-754.11.1.el6.x86_64PHP:</TXVersion>
	    <TXUserID/>
	    <TXRegNum/></ManageInfo></INIpay>AKjs7HQdRA1juO3Itxr1Ew6x99UBujfoxvjXituDCGrkN9kVDiuJ1QA3f69F6UPJ
TSZw70jWjlblI56B9Ge8YghexfTCaE4ipbhaX03cs9ElmqKu0R42SJsEnDCi3JP7
WOUWpOMu5l1nWH+gmv+YzCQus8SV96b1sR8jgr2Vnv8Z
]
INFO	[2021-04-16 21:44:44:964] <10442> DNS LOOKUP OK(203.238.37.3:203.238.37.3:34049) laptime:0
INFO	[2021-04-16 21:44:44:966] <10442> SOCKET CONNECT OK
INFO	[2021-04-16 21:44:44:966] <10442> SEND OK
INFO	[2021-04-16 21:44:46:51] <10442> RECV OK
INFO	[2021-04-16 21:44:46:51] <10442> MSG_FROM_PG:[0086100175D SHA1                   0                                      300430fourseason                    INIMX_ISP_fourseason20210416213908405189<?xml version="1.0" encoding="UTF-8"?><INIpay>
<CancelInfo>
<ResultCode>170000</ResultCode>
<ResultMsg urlencode="1">%C1%A4%BB%F3%BF%CF%B7%E1</ResultMsg>
<SessionKey>ABike0Wg6KMvR/wpVFsN/7g0TMKYBI8zP8cthG7CqrFMvPM5CQT1RQ9KnX6Vk7v8
eNRdgyCJxaeO9Oq2fZDMss29C6NG+u106zL1VQGlYKIyU3wO71w7qlowthIHLFh1
UYgaSuqUyQH0l6W5Rlh0ULOsGimrQy1JWil9aIODVKqWhtDRl/onaOA=
</SessionKey>
<Encrypted>OBbnX9ksRNxC68u5MDMBOk6MTCcg6nPxIVhaOcVv01Pp4uktYixY9jN7H4LMSwg7
RlfrA/zSLix31D8zuFbbrjX318RuN4E/s7ojnS059clBQCYCAGCO+v1f7h+t5eZP
28nkdYygIio4Ndlw+iUcscG9IWj8CUrfv5h7J5CtRGZy71MHsvAKLtZLpaeOCZPI
TOEsucdKXKz7EblHrf/sRhCw90lAlqRubWTpBC9NsPWX1NMyhTWtv4q0wmXy8Kx+
ffPMn0Udd1W/Rt3RewNmKKqws+pz3v5kFgChhNgBse/n5CG4Z77xSQ==
</Encrypted>
</CancelInfo>
<ManageInfo/>
<ReservedInfo>
<MReserved1 urlencode="1"/>
<MReserved2 urlencode="1"/>
<MReserved3 urlencode="1"/>
</ReservedInfo>
</INIpay>
3nWVDcDYpGGUYKOacVrKHEqE6vM/0wNGk1Lcjp/8XA6ZaFjN6W08W7GEMfWrdxq3
9TAkpQ8hBPLw+Z3UPu+FEDi3DUOjvKq1fmqaVnrW7aB0Uvjl8mSPrtcQRZFcrA5P
SKIxkXHqCfSOC9Z20rnvLeOCbbvW5BUGOuRRvRY1jDE=
]
INFO	[2021-04-16 21:44:46:51] <10442> VERIFY OK
INFO	[2021-04-16 21:44:46:51] <10442> PARSE HEAD OK
INFO	[2021-04-16 21:44:46:52] <10442> PARSE BODY OK
INFO	[2021-04-16 21:44:46:53] <10442> DECRYPT OK
DEBUG	[2021-04-16 21:44:46:53] <10442> DECRYPT MSG:[<?xml version="1.0" encoding="UTF-8"?><CancelInfo>
<CancelDate>20210416</CancelDate>
<CancelTime>214445</CancelTime>
<ResultCode>170000</ResultCode>
<ResultMsg urlencode="1">%C1%A4%BB%F3%BF%CF%B7%E1</ResultMsg>
</CancelInfo>]
INFO	[2021-04-16 21:44:46:53] <10442> DECRYPT PARSE OK
INFO	[2021-04-16 21:44:46:53] <10442> END cancel 정상완료 Laptime:[1.09sec]
INFO	[2021-04-16 21:44:46:53] <10442> ===============================================================
