INFO	[2022-07-05 15:21:10:155] <12463> START INIPHP repay (V5036-141209)(OS:Linux2.6.32-754.11.1.el6.x86_64,PHP:5.3.3)
DEBUG	[2022-07-05 15:21:10:155] <12463> inipayhome:/home1/killdeal/public_html/shop/inicis
DEBUG	[2022-07-05 15:21:10:155] <12463> debug:false
DEBUG	[2022-07-05 15:21:10:155] <12463> type:repay
DEBUG	[2022-07-05 15:21:10:155] <12463> pgid:INIphpRPAY
DEBUG	[2022-07-05 15:21:10:155] <12463> subpgip:203.238.3.10
DEBUG	[2022-07-05 15:21:10:155] <12463> mid:fourseason
DEBUG	[2022-07-05 15:21:10:155] <12463> admin:1111
DEBUG	[2022-07-05 15:21:10:155] <12463> oldtid:INIMX_CARDfourseason20220702071641945234
DEBUG	[2022-07-05 15:21:10:155] <12463> currency:WON
DEBUG	[2022-07-05 15:21:10:155] <12463> price:1900
DEBUG	[2022-07-05 15:21:10:155] <12463> confirm_price:101600
DEBUG	[2022-07-05 15:21:10:155] <12463> buyeremail:chuchuqop@naver.com
DEBUG	[2022-07-05 15:21:10:155] <12463> tax:173
DEBUG	[2022-07-05 15:21:10:155] <12463> taxfree:0
INFO	[2022-07-05 15:21:10:155] <12463> Check Field OK
INFO	[2022-07-05 15:21:10:155] <12463> Make TID OK INIphpRPAYfourseason20220705152110554187
INFO	[2022-07-05 15:21:10:155] <12463> PI PUB KEY LOAD OK []
INFO	[2022-07-05 15:21:10:155] <12463> PG PUB KEY LOAD OK [30]
INFO	[2022-07-05 15:21:10:156] <12463> MERCHANT PRIV KEY LOAD OK
INFO	[2022-07-05 15:21:10:156] <12463> MERCHANT PUB KEY LOAD OK [0]
DEBUG	[2022-07-05 15:21:10:156] <12463> MAKE ENCRYPT OK[<?xml version="1.0" encoding="UTF-8"?>
<PartCancelInfo>
	  <PRTC_TID>INIMX_CARDfourseason20220702071641945234</PRTC_TID>
	  <PRTC_Price>1900</PRTC_Price>
	  <PRTC_Remains>101600</PRTC_Remains>
	  <PRTC_Quota/>
	  <PRTC_Interest/>
	  <PRTC_NoAcctFNBC/>
	  <PRTC_NmAcctFNBC/></PartCancelInfo>]
INFO	[2022-07-05 15:21:10:157] <12463> MAKE BODY OK
INFO	[2022-07-05 15:21:10:157] <12463> SIGN OK
INFO	[2022-07-05 15:21:10:157] <12463> MAKE HEAD OK
INFO	[2022-07-05 15:21:10:157] <12463> MSG_TO_PG:[0111600175D SHA1                   0                                      300620fourseason                1900INIphpRPAYfourseason20220705152110554187<?xml version="1.0" encoding="UTF-8"?>
<INIpay>
	  <PartCancelInfo>
	    <SessionKey>Ubexydg+fieApRf+Ms4hfOxAqXe4B0k2imDQfc59aeyQMjyJ1QNyE2RRYfNYFnNO
jnAVj3z5S1SfTEXksxdMDwJ/PeMbT1UQPEFfd20JJqSV8+yeV/xpD/MfwftBNm9V
eOCiiZ0nPrl7cu216fWfqHq4C8Qc98M3+NBqDyKb6t9tGUNTAnJ75g==
</SessionKey>
	    <Encrypted>oCbue1MAdwpFSy1ZIkpE+9/tPzODNGJir1App39Cv+pKf079SfNF4YXpGtO297LD
e6o7VmjkTkgY5uM8odWM3uCTAsZdq1MU0vRaqCUzS9M/fprGX2O/93leifOF+xXj
lKCBsFZya7GlYUmPfIRgPQHSL8/TflHvUcxaHxY+1DMrE+tdBIB62cbbvY+ZMKcH
eH6W7ndyVt4HYMOqEN8Km2HhBSBns/1/Kh/3jA8erBQcrJSydVAn4my4WNTZizk3
LJrWU0MCLWLGPuqgNbn6YHuN0yeL9/cGT6ta1mcPwv4Zw1uFuXlbX+oNTDpSirEi
KZhKTSTyhWIq499r2THk/zwVYZQOovPH8O/JGmrWRMOnOAe0OxnCXkqHDd2QLHZI
McDobwC+LjE=
</Encrypted></PartCancelInfo>
	  <GoodsInfo>
	    <Tax>173</Tax>
	    <TaxFree/>
	    <Currency>WON</Currency></GoodsInfo>
	  <ReservedInfo>
	    <MReserved1/>
	    <MReserved2/>
	    <MReserved3/></ReservedInfo>
	  <ManageInfo>
	    <Language/>
	    <URL/>
	    <TXVersion>5036B141209repayLinux     PHPchkfake   2.6.32-754.11.1.el6.x86_64PHP:</TXVersion>
	    <TXUserID/>
	    <TXRegNum/></ManageInfo></INIpay>AAM8HUu+7P1JXd55vtSL3laX2sSjg5MU+Pu+XHdDD+WqYrYs/kdAv1BPvkRJcBr3
zfl1vNDnW+r4HKaXBYesSLaGnmgraa3VBO1tOLoK/eK6rHj9dhjJOH9tiRFdaMaA
bJdUFWpMi7/H3HN0Jzez+jhWuf6rrC3bV2iyKSYBaBlg
]
INFO	[2022-07-05 15:21:10:157] <12463> DNS LOOKUP OK(203.238.37.3:203.238.37.3:34049) laptime:0
INFO	[2022-07-05 15:21:10:160] <12463> SOCKET CONNECT OK
INFO	[2022-07-05 15:21:10:160] <12463> SEND OK
INFO	[2022-07-05 15:21:10:424] <12463> RECV OK
INFO	[2022-07-05 15:21:10:424] <12463> MSG_FROM_PG:[0098000175D SHA1                   0                                      300630fourseason                1900INIphpRPAYfourseason20220705152110554187<?xml version="1.0" encoding="UTF-8"?><INIpay>
<PartCancelInfo>
<PayMethod>Card</PayMethod>
<ResultCode>120000</ResultCode>
<ResultMsg urlencode="1">%C1%A4%BB%F3%C3%B3%B8%AE%B5%C7%BE%FA%BD%C0%B4%CF%B4%D9.</ResultMsg>
<SessionKey>ALt1+jYP/l+3K1TJjwikUc9E+0SveO8OJuJsuOI8aiwkw2dR23i9Se6VDPyovYHx
V/9y/uSjTxZibyKxkTXP2Zawr/a0wIJNwJJXmz8Vw4BqT5jgmqKnOOgZ3COLHHiV
sTiZCqOMcGyVr46DwpxF8tgKDaS0XJ4oiDAumMrmpXX2YQNgoe++wss=
</SessionKey>
<Encrypted>CsvsWPNWoZGW3YP8Kdy9aO9Zgch5TK7HHFak49zruvMdVQd6t+SjkPE9f3E/sZLN
KmR/WUDOrAKpr8IUGmZot3v21yq4dpq8JZ7NPKQKGSlBzuwnlQ1NuBc8FvbNQimj
IXt+Rsvz70K43emgaqEile6e2J9FRNd1vJz4WtjnC4V9tih4ksk11sIFs/TubrKa
M8N4c4VMBhhaVnXxA+jN1Hby8U2kT7CjEyRZoTOLH0LZcWnJPXf/l6P0ArIDZlRZ
Unh/Y+hSs5GpJzn4xQtEo1k0DGRQzQ851jSyfGYtYU6g1sEkfgZNFKTsbTsygN53
fbmyOSHGq95PmgoVdcK2jQ1hgeyPqWzWvXHZDjmrqNfQK0+P2xSBCWAYA2vXmLkg
YENTxLFN/7DirdJotTC8ux7LEGsVZTS9O8h6gMYyqFm1ZkSL4pHKTZskEVNQn3xR
XXM7MZlHVGo=
</Encrypted>
</PartCancelInfo>
<ManageInfo/>
<ReservedInfo/>
</INIpay>
brXomLGji/2wVqLc9XKkoHcuQkgyGapfVxD3lmqkKF8bdKQm+MgBY+AhMslESqzk
l0sSeHmh7R+ASVq6afVSWj7xRLgFy2bBSZtVaJsMPAseS7Lzm15kyyP4KgmvEwFq
JKlz1ouxemIJDZDWG5z5i8V7dtgn7RZcUthBocRT+Uw=
]
INFO	[2022-07-05 15:21:10:424] <12463> VERIFY OK
INFO	[2022-07-05 15:21:10:424] <12463> PARSE HEAD OK
INFO	[2022-07-05 15:21:10:425] <12463> PARSE BODY OK
INFO	[2022-07-05 15:21:10:425] <12463> DECRYPT OK
DEBUG	[2022-07-05 15:21:10:425] <12463> DECRYPT MSG:[<?xml version="1.0" encoding="UTF-8"?><PartCancelInfo>
<PRTC_TID>INIMX_CARDfourseason20220702071641945234</PRTC_TID>
<PRTC_Price>1900</PRTC_Price>
<PRTC_Remains>101600</PRTC_Remains>
<PRTC_Quota>03</PRTC_Quota>
<PRTC_Type>1</PRTC_Type>
<CancelDate>20220705</CancelDate>
<CancelTime>152109</CancelTime>
<PRTC_Cnt>1</PRTC_Cnt>
</PartCancelInfo>]
INFO	[2022-07-05 15:21:10:425] <12463> DECRYPT PARSE OK
INFO	[2022-07-05 15:21:10:425] <12463> END repay 정상처리되었습니다. Laptime:[0.271sec]
INFO	[2022-07-05 15:21:10:425] <12463> ===============================================================
