INFO	[2020-09-05 10:49:37:75] <26826> START INIPHP receipt (V5036-141209)(OS:Linux2.6.32-754.11.1.el6.x86_64,PHP:5.3.3)
DEBUG	[2020-09-05 10:49:37:75] <26826> inipayhome:/home/killdeal/public_html/shop/inicis
DEBUG	[2020-09-05 10:49:37:75] <26826> debug:false
DEBUG	[2020-09-05 10:49:37:75] <26826> type:receipt
DEBUG	[2020-09-05 10:49:37:75] <26826> pgid:INIphpRECP
DEBUG	[2020-09-05 10:49:37:75] <26826> paymethod:CASH
DEBUG	[2020-09-05 10:49:37:75] <26826> currency:WON
DEBUG	[2020-09-05 10:49:37:75] <26826> admin:1111
DEBUG	[2020-09-05 10:49:37:75] <26826> mid:majorgol03
DEBUG	[2020-09-05 10:49:37:75] <26826> goodname:핫딜2박스총24구2020브리지스톤슈퍼스트레이트3피스골프공
DEBUG	[2020-09-05 10:49:37:75] <26826> cr_price:59900
DEBUG	[2020-09-05 10:49:37:75] <26826> sup_price:54455
DEBUG	[2020-09-05 10:49:37:75] <26826> tax:5445
DEBUG	[2020-09-05 10:49:37:75] <26826> srvc_price:0
DEBUG	[2020-09-05 10:49:37:75] <26826> buyername:이상조
DEBUG	[2020-09-05 10:49:37:75] <26826> buyeremail:sjlee9716@hanmail.net
DEBUG	[2020-09-05 10:49:37:75] <26826> buyertel:
DEBUG	[2020-09-05 10:49:37:75] <26826> reg_num:5886500251
DEBUG	[2020-09-05 10:49:37:75] <26826> useopt:1
DEBUG	[2020-09-05 10:49:37:75] <26826> companynumber:
INFO	[2020-09-05 10:49:37:75] <26826> Check Field OK
INFO	[2020-09-05 10:49:37:75] <26826> Make TID OK INIphpRECPmajorgol0320200905104937759665
INFO	[2020-09-05 10:49:37:75] <26826> PI PUB KEY LOAD OK []
INFO	[2020-09-05 10:49:37:75] <26826> PG PUB KEY LOAD OK [30]
INFO	[2020-09-05 10:49:37:76] <26826> MERCHANT PRIV KEY LOAD OK
INFO	[2020-09-05 10:49:37:76] <26826> MERCHANT PUB KEY LOAD OK [0]
DEBUG	[2020-09-05 10:49:37:77] <26826> MAKE ENCRYPT OK[<?xml version="1.0" encoding="UTF-8"?>
<PaymentInfo>
	  <Payment>
	    <CASH>
	      <CSHR_ApplPrice>59900</CSHR_ApplPrice>
	      <CSHR_SupplyPrice>54455</CSHR_SupplyPrice>
	      <CSHR_Tax>5445</CSHR_Tax>
	      <CSHR_ServicePrice/>
	      <CSHR_Type>1</CSHR_Type>
	      <CSHR_RegNum>5886500251</CSHR_RegNum>
	      <CSHR_CompanyNum/></CASH></Payment></PaymentInfo>]
INFO	[2020-09-05 10:49:37:77] <26826> MAKE BODY OK
INFO	[2020-09-05 10:49:37:78] <26826> SIGN OK
INFO	[2020-09-05 10:49:37:78] <26826> MAKE HEAD OK
INFO	[2020-09-05 10:49:37:78] <26826> MSG_TO_PG:[0196300175D SHA1                   0                                      300200majorgol03               59900INIphpRECPmajorgol0320200905104937759665<?xml version="1.0" encoding="UTF-8"?>
<INIpay>
	  <GoodsInfo>
	    <GoodsCnt>1</GoodsCnt>
	    <MOID/>
	    <Currency>WON</Currency>
	    <Tax>5445</Tax>
	    <TaxFree/>
	    <Goods>
	      <SMID>majorgol03</SMID>
	      <GoodsName urlencode="1">%C7%D6%B5%F42%B9%DA%BD%BA%C3%D124%B1%B82020%BA%EA%B8%AE%C1%F6%BD%BA%C5%E6%BD%B4%C6%DB%BD%BA%C6%AE%B7%B9%C0%CC%C6%AE3%C7%C7%BD%BA%B0%F1%C7%C1%B0%F8</GoodsName>
	      <GoodsPrice>59900</GoodsPrice></Goods></GoodsInfo>
	  <BuyerInfo>
	    <BuyerName urlencode="1">%C0%CC%BB%F3%C1%B6</BuyerName>
	    <BuyerTel/>
	    <BuyerEmail urlencode="1">sjlee9716%40hanmail.net</BuyerEmail>
	    <ParentEmail/>
	    <RecvName/>
	    <RecvTel/>
	    <RecvMsg/>
	    <RecvAddr/>
	    <RecvPostNum/></BuyerInfo>
	  <PaymentInfo>
	    <Payment>
	      <PayMethod>CASH</PayMethod>
	      <JoinCard/>
	      <JoinExpire/>
	      <MailOrder/>
	      <SessionKey>0VyDdu42KyFgJea9Ulo0hO0BtpQOXoJxmyx7lAKUWHmcJHpFuOin3YLkj0vtndhz
7kyF0YjTKvLZXEwdR890dJ2QSwMXMkr2jekI0KR+S09dDSGEldEaXhSl2wZs+nwB
htbCF1IC+x+GHVyQhmBcTtDYoMD1UDrl1VedwMFtAu64ZQ0ctiAWBw==
</SessionKey>
	      <Encrypted>PMrI00Z/WRu9VwjTTuV5PQhFK3urNFnOd/BpFgJy2bL5wEOULdqQ09lfQECdPOC8
9+kp6uiKdhloXcBMq38tMR6aSsP3SXFvxPll3yLErbrpoX4x3wvmm4X1c4FMBHAe
SjZqji/7kjxHXAzEawYrPO2sTVOjA94Fg1jjY0EyVEygYPS98I+Q44fIoUqQfd0X
o2QDZ7ofSdSRzQAbORoKDgSdnMbXRNUNFSZjNljtVefv5DkAULrPVoQNXDBIHnQY
aZrJfcipWWTjnw4K0rgH9eWar8Ow0Ze7BbSPeCWnXxU4OCYZAQvLS199c8ksU7tg
hyxLeR5flerVBr4Ef2c9psGI/9ZqzOjDtL+C2qjudJ3nyb8tSJg2gvVHoUqX52Sj
KQSksQ/FDfezsUCuUDrwXdIcY7ixGPBSws5Bm539lO8cBiNifJ8scFQWvFYr97rZ
O1K7RYywmpC47vHzRqFV0+fFCvWOAwxyJzloKteX243OVFeHowWqbg==
</Encrypted></Payment></PaymentInfo>
	  <ReservedInfo>
	    <MReserved1/>
	    <MReserved2/>
	    <MReserved3/></ReservedInfo>
	  <ManageInfo>
	    <Language/>
	    <URL/>
	    <TXVersion>5036B141209receiLinux     PHPchkfake   2.6.32-754.11.1.el6.x86_64PHP:</TXVersion>
	    <TXUserID/>
	    <TXRegNum/>
	    <Ack>1</Ack></ManageInfo></INIpay>ARm53ecKhkV6GhdKvbsTaPTNqnnBaboKwelCGXWqaRkOJIvM7zD/Mu8esBPniUBc
Bnop7BNxlQBgvMOL8k9ZlVQEHBNjO5eUNFFClnIITYHI+UetSjUhO8+heIC5oOam
PhYc0ZZ/lJXHfGRRCLXBap1XOkRqFEB5wTeeTElQp2+i
]
INFO	[2020-09-05 10:49:37:83] <26826> DNS LOOKUP OK(203.238.37.3:203.238.37.3:34049) laptime:0
INFO	[2020-09-05 10:49:37:86] <26826> SOCKET CONNECT OK
INFO	[2020-09-05 10:49:37:86] <26826> SEND OK
INFO	[2020-09-05 10:49:37:219] <26826> RECV OK
INFO	[2020-09-05 10:49:37:219] <26826> MSG_FROM_PG:[0229100175D SHA1                   0                                      300210majorgol03               59900INIphpRECPmajorgol0320200905104937759665<?xml version="1.0" encoding="UTF-8"?>
<INIpay>
  <GoodsInfo>
    <GoodsCnt>1</GoodsCnt>
    <MOID urlencode="1"></MOID>
    <Currency>WON</Currency>
    <Goods no="1">
      <SMID>majorgol03</SMID>
      <GoodsName urlencode="1">%C7%D6%B5%F42%B9%DA%BD%BA%C3%D124%B1%B82020%BA%EA%B8%AE%C1%F6%BD%BA%C5%E6%BD%B4%C6%DB%BD%BA%C6%AE%B7%B9%C0%CC%C6%AE3%C7%C7%BD%BA%B0%F1%C7%C1%B0%F8</GoodsName>
      <GoodsCntS>1</GoodsCntS>
      <GoodsPrice>59900</GoodsPrice>
    </Goods>
  </GoodsInfo>
  <PaymentInfo>
    <Payment>
      <SessionKey>ALJtbfHtVZ87O7mMZsX0fa7FiUKxCtB0oHmiVJ1LuLuZ0VZKOj8hSkCilJeQdZ3m
tlX4EUsnRDcz01OFmnp38DyvmwL0k788ExJZWDqW8JNGgU/Q07jA0FKgiBBDQAJz
CxFcpmqO+HWG3McKqIRRK8fti5ciJG2X5rNd/UD1bnYWIHsHMzN8BNw=
</SessionKey>
      <Encrypted>KOMUGzUliQglf9uBcgm6XUVz39rmkr5HVlu5aoIQjnmmB0OC13Ns0uYVAJ2rQzaB
Z8m9vds4+AuIi3o5hXJsJSyPX30JwjVt5XnpuZDvWM9xZ4upIDKEE1Aj9bg/AOqi
+rSHfGs7MPcWfBGv2GxhJK3ctFTBxWq7DDDIyleQtGOvM9Vf0KcDAqBbui23VOah
kPgezXb5J/DLZ7Q40+dWmrdiGgz8TR6SOfk8vzvgMh6OhV2BzPHdL+zpk0rh2Mva
4IkI2QNEgYV1cE9e1mQ34GJBcK/5QIJ0izjx5w/zyVLN/+xiGgrg9sK2z1GAnUWU
o/NB5W5OVMg8rsh/PzWqWcqvnDETAQgS15hICjxQhjD+iAl+V35i78AX8Rcrzkh1
s/fkSrUpysPVErTAwy2SxLrgmHoBUvxFW9Tm0QFR2UDUYfzJFmF9G2/ccUcMsW9N
M79z9vx91wRx/e70hJr8FU8rr9QAUI7klftit4gl/OfbOulqgN7ayK98mbHhMcvv
PA5VSs55S4j40lFypxgn/tmh2uicpT4vmV1kYPTq7S20zswZdnr/EzpDWCPAG/NJ
JPX7a7arLlP8JFCxDubQS3cf9D4hJE6/WnFi7yo8E6wkAEmGHtwp9rNC6jRV7H/B
V4Momyh5xykzWFjAJTZXyTPp2YIZCBloK6sygYfKR//Xr/QPoxbiDdn4RXNoxkFe
lfKlAiDP9G2/L4N5o+w55eiBOps/6vQ9D29K35rWRe2UpqpymlWZbFjyKsZpdKp/
wq06UWXyTwKptBB2FXV0hqL8IwMJwnHQcOouo4Oeun5xAL4oQm/3aZ5Ng6FM/hMF
5G5q6VubVsk=
</Encrypted>
      <PayMethod>CASH</PayMethod>
      <ResultCode>220000</ResultCode>
      <ResultMsg urlencode="1">%C1%A4%BB%F3%C3%B3%B8%AE%B5%C7%BE%FA%BD%C0%B4%CF%B4%D9.</ResultMsg>
    </Payment>
  </PaymentInfo>
  <ManageInfo>
    <EventCode></EventCode>
    <OrgCurrency></OrgCurrency>
    <ExchangeRate></ExchangeRate>
    <OrgPrice></OrgPrice>
  </ManageInfo>
  <ReservedInfo>
    <MReserved1 urlencode="1"></MReserved1>
    <MReserved2 urlencode="1"></MReserved2>
    <MReserved3 urlencode="1"></MReserved3>
    <PGReserved1 urlencode="1"></PGReserved1>
    <PGReserved2 urlencode="1"></PGReserved2>
    <PGReserved3 urlencode="1"></PGReserved3>
  </ReservedInfo>
</INIpay>
FLCm2iaylCTMWr4inYbIGTSWsL+yjbFweUeP2eitH/Su1nlbBNyzWgTxs7BsJEU6
puFnwwtUFsTN0Vgt4srnHjjlS8LpwvT+EwkQf8G3i0frv9oNeEX+kpdY3sTHdY3F
VtkEvYHXJCecGKbh7sh6cYT9ZwEdW4YSIpPyq3pzwOo=
]
INFO	[2020-09-05 10:49:37:219] <26826> VERIFY OK
INFO	[2020-09-05 10:49:37:219] <26826> PARSE HEAD OK
INFO	[2020-09-05 10:49:37:224] <26826> PARSE BODY OK
INFO	[2020-09-05 10:49:37:225] <26826> DECRYPT OK
DEBUG	[2020-09-05 10:49:37:225] <26826> DECRYPT MSG:[<?xml version="1.0" encoding="UTF-8"?>
<PaymentInfo>
  <Payment>
    <EASYPAY/>
    <CASH>
      <CSHR_ApplPrice>59900</CSHR_ApplPrice>
      <CSHR_SupplyPrice>54455</CSHR_SupplyPrice>
      <CSHR_Tax>5445</CSHR_Tax>
      <CSHR_ServicePrice></CSHR_ServicePrice>
      <CSHR_Type>1</CSHR_Type>
      <CSHR_ApplDate>20200905</CSHR_ApplDate>
      <CSHR_ApplTime>104937</CSHR_ApplTime>
      <CSHR_ApplNum>266181318</CSHR_ApplNum>
      <CSHR_ResultCode>220000</CSHR_ResultCode>
      <CSHR_ResultMsg urlencode="1">%C1%A4%BB%F3%C3%B3%B8%AE%B5%C7%BE%FA%BD%C0%B4%CF%B4%D9.</CSHR_ResultMsg>
    </CASH>
  </Payment>
</PaymentInfo>]
INFO	[2020-09-05 10:49:37:225] <26826> DECRYPT PARSE OK
INFO	[2020-09-05 10:49:37:225] <26826> WAIT ACK INVOKING
DEBUG	[2020-09-05 10:49:37:225] <26826> MAKE HEAD OK
INFO	[2020-09-05 10:49:37:228] <26826> SUCCESS ACK INVOKING
INFO	[2020-09-05 10:49:37:228] <26826> END receipt 정상처리되었습니다. Laptime:[0.153sec]
INFO	[2020-09-05 10:49:37:228] <26826> ===============================================================
