INFO	[2020-08-11 10:47:53:336] <8320> START INIPHP cancel (V5036-141209)(OS:Linux2.6.32-754.11.1.el6.x86_64,PHP:5.3.3)
DEBUG	[2020-08-11 10:47:53:336] <8320> inipayhome:/home/killdeal/public_html/shop/inicis
DEBUG	[2020-08-11 10:47:53:336] <8320> debug:false
DEBUG	[2020-08-11 10:47:53:336] <8320> type:cancel
DEBUG	[2020-08-11 10:47:53:336] <8320> mid:majorgol03
DEBUG	[2020-08-11 10:47:53:336] <8320> admin:1111
DEBUG	[2020-08-11 10:47:53:336] <8320> tid:StdpayVBNKmajorgol0320200811104613403487
DEBUG	[2020-08-11 10:47:53:336] <8320> cancelmsg:주문자 본인 취소-구매의사 없음
INFO	[2020-08-11 10:47:53:336] <8320> Check Field OK
INFO	[2020-08-11 10:47:53:336] <8320> PI PUB KEY LOAD OK []
INFO	[2020-08-11 10:47:53:337] <8320> PG PUB KEY LOAD OK [30]
INFO	[2020-08-11 10:47:53:337] <8320> MERCHANT PRIV KEY LOAD OK
INFO	[2020-08-11 10:47:53:337] <8320> MERCHANT PUB KEY LOAD OK [0]
DEBUG	[2020-08-11 10:47:53:338] <8320> MAKE ENCRYPT OK[<?xml version="1.0" encoding="UTF-8"?>
<CancelInfo>
	  <CancelTID>StdpayVBNKmajorgol0320200811104613403487</CancelTID>
	  <CancelMsg urlencode="1">%C1%D6%B9%AE%C0%DA+%BA%BB%C0%CE+%C3%EB%BC%D2-%B1%B8%B8%C5%C0%C7%BB%E7+%BE%F8%C0%BD</CancelMsg>
	  <CancelReason/></CancelInfo>]
INFO	[2020-08-11 10:47:53:338] <8320> MAKE BODY OK
INFO	[2020-08-11 10:47:53:338] <8320> SIGN OK
INFO	[2020-08-11 10:47:53:338] <8320> MAKE HEAD OK
INFO	[2020-08-11 10:47:53:338] <8320> MSG_TO_PG:[0099400175D SHA1                   0                                      300420majorgol03                    StdpayVBNKmajorgol0320200811104613403487<?xml version="1.0" encoding="UTF-8"?>
<INIpay>
	  <CancelInfo>
	    <SessionKey>19iUbezEaVYuc9FwMbFv98PnMajWpUJhP0SbLkbwt3WSW7uAHl7WauznXfsR13hH
nzzONUlFcnPPKAJbWb8d23CZW00lzrEcOah9lNe6NWmpA5U0MxgXmOSfreVSYFdE
SPFmWDmY6fi5F8rVOhORePrFRR3xKVYSgKYEhGIH9V6IppqQBc4qZQ==
</SessionKey>
	    <Encrypted>zc5e5TLwtlHrr5pHpjJ1wzW7JuFLPey9IPa7zth0vnVsUChsFNx8KXbZ36NHR41l
VCH480PL46/Mp2pE6cPXMt6YouUJaXZMOzb+ep1DM3YRAe62wP4u3TnG1m1SFqnP
zMu5WRcpugDHsSZ68U0rouJobEGPXo9EHpTrsYMI521IKQ+/+UaVxGt2ikiySH/N
HXSFvr/VslawpFWVc1gFTNw3GdMHq6NQYKjH9RXpgSclxKy+VoXkQjOy8QYP8g9i
jXvvTQQyuSjTiVWZ9vEI2oIKqJo9ra3qrfsVrMzWfTEf7YeIEWSsCZZTeCG5nvhy
krgw0rNUIvRZczCSQeD37TVZqflcJ8p6XLSctu8lrhT9rBB6YsMuJA==
</Encrypted></CancelInfo>
	  <ReservedInfo>
	    <MReserved1/>
	    <MReserved2/>
	    <MReserved3/></ReservedInfo>
	  <ManageInfo>
	    <Language/>
	    <URL/>
	    <TXVersion>5036B141209canceLinux     PHPchkfake   2.6.32-754.11.1.el6.x86_64PHP:</TXVersion>
	    <TXUserID/>
	    <TXRegNum/></ManageInfo></INIpay>ALzC7TZMcSpXKGgGIV3JWde4eNoh+lSKq0gv0uHJBt+K4hHm4EMDvHlQQ8vaQITV
5rnh+Vu1xHUVPR9gcQ9CStP17vJtwyVxhVv0nVYMwP536YyLCHcb9RN4hKk0H/yT
P6U8NelwZn+efOopgvsxYQFkWQnKMSLR5LRfjngkUjlf
]
INFO	[2020-08-11 10:47:53:338] <8320> DNS LOOKUP OK(203.238.37.3:203.238.37.3:34049) laptime:0
INFO	[2020-08-11 10:47:53:341] <8320> SOCKET CONNECT OK
INFO	[2020-08-11 10:47:53:341] <8320> SEND OK
INFO	[2020-08-11 10:47:53:686] <8320> RECV OK
INFO	[2020-08-11 10:47:53:686] <8320> MSG_FROM_PG:[0119300175D SHA1                   0                                      300430majorgol03                    StdpayVBNKmajorgol0320200811104613403487<?xml version="1.0" encoding="UTF-8"?><INIpay>
<CancelInfo>
<ResultCode>504685</ResultCode>
<ResultMsg urlencode="1">%BF%A1%BD%BA%C5%A9%B7%CE+%B0%C5%B7%A1+%C3%EB%BC%D2+%BA%D2%B0%A1.+%BF%A1%BD%BA%C5%A9%B7%CE+%B0%C5%B7%A1+%C3%EB%BC%D2+%B9%E6%B9%FD%C0%BB+%C8%AE%C0%CE+%C7%CF%BF%A9+%C1%D6%BD%C3%B1%E2+%B9%D9%B6%F8%B4%CF%B4%D9.</ResultMsg>
<SessionKey>ANPsN2I+448eJ7+KFgpC4tMwh4up8M4iC3cYb60AiFkinrZJdhL9QHYqn2ckNXWA
qzLZlSSh63jlu6eFuD4Oq7nzb2V5jS2V43TzecOlqkr/5kXP22uIWtQquD1JTuVs
IfnvEjE+RLCe543m97q0hmyJ5G1Uk/Dr1fsnB3Afi1a13kP8gJeqxaE=
</SessionKey>
<Encrypted>sreA06JvKtXHkkcduirOx0aphspaQAwgFUzVqMyh3tJjpRXDYYCTzKB7rDZHbCeH
Xk6ZSADQ+5b4LOvD1cVRCMiIgAYzHnI0Wrm97XZHGcPtz5cZGvSztdEVQ6uLp+YJ
ihejG08bZOVHX8h+PNkEc606X3JzqK1M9h5WLOzFWg54r/TFZAsjhZEVuMyV0oGV
pgNC3gLcZfgDF2eREB0jmZU7kj8NtXufvfTCeMuf+IL6arLFCkz1pDRlVpU91kYB
RzkgCw+VHLR6zN1PTvSQq1IqNNXh00j4YE8TB3OyVWvV2i3BHjX2VE0aVxBGBAZD
wQ8yAxWeYRMYEl+Hf0PXQO2UA3cNWZapP7xAWz5nW3lOT6TNjeYt3yqz6eqbDUgD
K7hAFH8W7giVmf0uIPbIwk7RU8w/oO3+RXftLPfYKrSsiueJ30J24Q+kYF5Wgqek
Lv9ybkwZeG4=
</Encrypted>
</CancelInfo>
<ManageInfo/>
<ReservedInfo>
<MReserved1 urlencode="1"/>
<MReserved2 urlencode="1"/>
<MReserved3 urlencode="1"/>
</ReservedInfo>
</INIpay>
GvC3RgLUEJA+oOu/QWwK6tzI3jigoWlg8tNExhlC86rCPAcCkCJLlRAGyY5qku5N
/7rejY8Qj1ir8BdwzJZrZPAAYfs0sx1y1dLK8IemTtf5NRryq62tGNzrZuU17qnm
Xlx/MN0ZxoEfuPBt9aWB/RSYqR1TxvzlkJ7HD0o65fk=
]
INFO	[2020-08-11 10:47:53:686] <8320> VERIFY OK
INFO	[2020-08-11 10:47:53:686] <8320> PARSE HEAD OK
INFO	[2020-08-11 10:47:53:687] <8320> PARSE BODY OK
INFO	[2020-08-11 10:47:53:687] <8320> DECRYPT OK
DEBUG	[2020-08-11 10:47:53:687] <8320> DECRYPT MSG:[<?xml version="1.0" encoding="UTF-8"?><CancelInfo>
<ResultCode>504685</ResultCode>
<ResultMsg urlencode="1">%BF%A1%BD%BA%C5%A9%B7%CE+%B0%C5%B7%A1+%C3%EB%BC%D2+%BA%D2%B0%A1.+%BF%A1%BD%BA%C5%A9%B7%CE+%B0%C5%B7%A1+%C3%EB%BC%D2+%B9%E6%B9%FD%C0%BB+%C8%AE%C0%CE+%C7%CF%BF%A9+%C1%D6%BD%C3%B1%E2+%B9%D9%B6%F8%B4%CF%B4%D9.</ResultMsg>
</CancelInfo>]
INFO	[2020-08-11 10:47:53:687] <8320> DECRYPT PARSE OK
INFO	[2020-08-11 10:47:53:687] <8320> END cancel [504685|에스크로 거래 취소 불가. 에스크로 거래 취소 방법을 확인 하여 주시기 바랍니다.] Laptime:[0.351sec]
INFO	[2020-08-11 10:47:53:687] <8320> ===============================================================
INFO	[2020-08-11 10:48:02:568] <19920> START INIPHP cancel (V5036-141209)(OS:Linux2.6.32-754.11.1.el6.x86_64,PHP:5.3.3)
DEBUG	[2020-08-11 10:48:02:568] <19920> inipayhome:/home/killdeal/public_html/shop/inicis
DEBUG	[2020-08-11 10:48:02:568] <19920> debug:false
DEBUG	[2020-08-11 10:48:02:568] <19920> type:cancel
DEBUG	[2020-08-11 10:48:02:568] <19920> mid:majorgol03
DEBUG	[2020-08-11 10:48:02:568] <19920> admin:1111
DEBUG	[2020-08-11 10:48:02:568] <19920> tid:StdpayVBNKmajorgol0320200811104613403487
DEBUG	[2020-08-11 10:48:02:568] <19920> cancelmsg:주문자 본인 취소-구매의사 없음
INFO	[2020-08-11 10:48:02:568] <19920> Check Field OK
INFO	[2020-08-11 10:48:02:568] <19920> PI PUB KEY LOAD OK []
INFO	[2020-08-11 10:48:02:568] <19920> PG PUB KEY LOAD OK [30]
INFO	[2020-08-11 10:48:02:568] <19920> MERCHANT PRIV KEY LOAD OK
INFO	[2020-08-11 10:48:02:568] <19920> MERCHANT PUB KEY LOAD OK [0]
DEBUG	[2020-08-11 10:48:02:569] <19920> MAKE ENCRYPT OK[<?xml version="1.0" encoding="UTF-8"?>
<CancelInfo>
	  <CancelTID>StdpayVBNKmajorgol0320200811104613403487</CancelTID>
	  <CancelMsg urlencode="1">%C1%D6%B9%AE%C0%DA+%BA%BB%C0%CE+%C3%EB%BC%D2-%B1%B8%B8%C5%C0%C7%BB%E7+%BE%F8%C0%BD</CancelMsg>
	  <CancelReason/></CancelInfo>]
INFO	[2020-08-11 10:48:02:569] <19920> MAKE BODY OK
INFO	[2020-08-11 10:48:02:569] <19920> SIGN OK
INFO	[2020-08-11 10:48:02:569] <19920> MAKE HEAD OK
INFO	[2020-08-11 10:48:02:570] <19920> MSG_TO_PG:[0099400175D SHA1                   0                                      300420majorgol03                    StdpayVBNKmajorgol0320200811104613403487<?xml version="1.0" encoding="UTF-8"?>
<INIpay>
	  <CancelInfo>
	    <SessionKey>PPx6TRbaQGyj/Z0nPtPSktvB9n82X0f+Kh7/jtH/46i7k0glIUOidOwSkZgyf9mL
DEHAzMo8sPT7vqjpX457env54X5yvDxvXmnP2NK9aXWCqob1yoHDl6pCofpOPm4z
+JRWFVnuZjxSD9HHXIuLNDS8/L/jTZG4/FVrpHMcFjyZW3jxtvoYuA==
</SessionKey>
	    <Encrypted>OJ/644YjhGVRln9ZsyV4D5FtLkCUbVgDRkJo/TuOUNv1htbxzm/9Xe2MKeUg1P9T
kbxHFhdO0QSVPTVuReZWbkWdp7/Yvocygq6jm4KBvkxa3E8cGJOd74cNfBl4N6TW
dbsTSZLcyIA0PzTLz0ofBaFEtBU3iotAhzRh96qHsji8IOzaS1hgcvAT1g2x25ef
SEgpDJsWYouyNoXvOWb5BoiQQEtPQOgzBdzLg40bgSp9xpYGAFJX0sSyBExlFPG/
7/6SOBHQDcXXAPTEOmkldI5ZyHvG0hC5rmSdyr1LIcQe/RzS902auIN+o4PRBSXQ
BmfptjC48D8tD3vWikOuhvBZMGU3QJqGJfNGLY9gnG1VeFBD6/aMEw==
</Encrypted></CancelInfo>
	  <ReservedInfo>
	    <MReserved1/>
	    <MReserved2/>
	    <MReserved3/></ReservedInfo>
	  <ManageInfo>
	    <Language/>
	    <URL/>
	    <TXVersion>5036B141209canceLinux     PHPchkfake   2.6.32-754.11.1.el6.x86_64PHP:</TXVersion>
	    <TXUserID/>
	    <TXRegNum/></ManageInfo></INIpay>AOArkzFBxP4zqtY0JfLXKgJ6vOR5aKfAfWopxNP5US0mViH/0F5iqlmIqDvEo6SA
3YiNaZDwKtjFUAWKTukkzrx1m0bNZYTD3sBv666iVD2lOmfg2kwQRU0cwg+3Mr2W
E+gBYdAXIXnACR6tFnqNk8V0CyYhXLw/hqQTLDUmG1/Z
]
INFO	[2020-08-11 10:48:02:570] <19920> DNS LOOKUP OK(203.238.37.3:203.238.37.3:34049) laptime:0
INFO	[2020-08-11 10:48:02:572] <19920> SOCKET CONNECT OK
INFO	[2020-08-11 10:48:02:572] <19920> SEND OK
INFO	[2020-08-11 10:48:02:813] <19920> RECV OK
INFO	[2020-08-11 10:48:02:813] <19920> MSG_FROM_PG:[0159300175D SHA1                   0                                      300430majorgol03                    StdpayVBNKmajorgol0320200811104613403487<?xml version="1.0" encoding="UTF-8"?>
<INIpay>
  <CancelInfo>
    <ResultCode>170000</ResultCode>
    <ResultMsg urlencode="1">%C1%A4%BB%F3%C3%B3%B8%AE%B5%C7%BE%FA%BD%C0%B4%CF%B4%D9.</ResultMsg>
    <SessionKey>AC/FwveiX4cdKfoLV37dZd3bbcXNC/TbMsYZZa7qcoybvozKegDry6g3othaTyOP
eWgOHg6zTDwJjwfNYBkfqZfx3R5LnSYy6hA36jF5V46KodM6jYoRIgmD+2hUvb/H
nqniRsOhh+Tbbm1HvIbHe59RQFXMGL94HfHmzb/cdDX1jrTst3vaq9E=
</SessionKey>
    <Encrypted>vAy5jYd/zN9Hh5IXRRMCR54KZTBPaepMCNtzNsvbFi/eirnP2scQIb0syogQgh2M
d6JRkyyhavB41CnTbmbFZdpvWKgVUVWm1IdEJxq2CYq5uYWsOg7VgHrtB3MxlbP+
BuJCcHsdQaeXRliHDOygqMS+35NZdDtuZJY8+hUPbKzrZ/APIy6w66/06bvR/qWe
Bv0WDuy19c2TF3nGJwcc9MBu6D62qt3YSXijkwkXEohCw3GdQu4ToidsuV1DICFf
BMvFBsl5TLf5BFollHq0jBItGguoQJB+7NNRpoDJSqNUwhGzrY5ughqbnTz/CIWc
OBV6YgY6ZK3Gf4Z7/JCZAgzGRXFToeFrDcu3p1xSTWgpodkCdASus+jdqoYnHe6D
djoCzHnXludM6qUOQpXKM/Dcr0nqXNCuX53uP+74YwgGIsp+uufBZQcUQbj4nWYk
lhsNOOM1acZj+y27BTO/e9n8MDSSy/nlGtgT6VFxFxw2Rj6xXxshQ4o1DGYvn6vM
DBCHxFAN/jrJs+J/mkGNr/2H7yHkaja5HO96NsDi8PYqicgULPjVbeJwL71NMrnA
TZXmttu7cIsYlG1LUTonPg9MBzJoCNPtx0h7pfDeoQywoZR9zSPtqN7VsOvL98Ze
Avlyv5HupxK6WlCHtgdOnC9aeouoXlJ9svXfvarZOnJcsQIjFCMw3m3fSPHXtxpG
be3uz5UkHW3uobUKjf7Wx07Jf0mGr4anAMoZsgjLcTR44Jy3ta3O0HT3H8r2tupg
zxfQ4UwNL6V4FegsLzVGZw==
</Encrypted>
  </CancelInfo>
  <ManageInfo/>
  <ReservedInfo>
    <MReserved1 urlencode="1"></MReserved1>
    <MReserved2 urlencode="1"></MReserved2>
    <MReserved3 urlencode="1"></MReserved3>
    <PGReserved1 urlencode="1"></PGReserved1>
    <PGReserved2 urlencode="1"></PGReserved2>
    <PGReserved3 urlencode="1"></PGReserved3>
  </ReservedInfo>
</INIpay>
abwrAsuaihnLQjEblgfkL4DKBhIhud7thVU/8C4HY8wLBOX0ZCh3wYSARZfQrnt4
StGJtJQtwRdv4YHUOieQASeWao/FSnqaBwaVihiOp28T7LYvHukfk9KGY6V+cmTY
LRwuUbKekZPT4MFhd0np/c9zO7XEjMRnLfw0I9KM760=
]
INFO	[2020-08-11 10:48:02:813] <19920> VERIFY OK
INFO	[2020-08-11 10:48:02:813] <19920> PARSE HEAD OK
INFO	[2020-08-11 10:48:02:814] <19920> PARSE BODY OK
INFO	[2020-08-11 10:48:02:814] <19920> DECRYPT OK
DEBUG	[2020-08-11 10:48:02:814] <19920> DECRYPT MSG:[<?xml version="1.0" encoding="UTF-8"?>
<CancelInfo>
  <CancelDate>20200811</CancelDate>
  <CancelTime>104803</CancelTime>
  <ResultCode>170000</ResultCode>
  <ResultMsg urlencode="1">%C1%A4%BB%F3%C3%B3%B8%AE%B5%C7%BE%FA%BD%C0%B4%CF%B4%D9.</ResultMsg>
  <CSHR_CancelNum></CSHR_CancelNum>
  <CSHR_CancelDate>20200811</CSHR_CancelDate>
  <CSHR_CancelTime>104803</CSHR_CancelTime>
  <CSHR_ResultCode>220000</CSHR_ResultCode>
  <CSHR_ResultMsg urlencode="1">%C1%A4%BB%F3%C3%B3%B8%AE%B5%C7%BE%FA%BD%C0%B4%CF%B4%D9.</CSHR_ResultMsg>
  <VACT_FlgRemit urlencode="1"></VACT_FlgRemit>
</CancelInfo>]
INFO	[2020-08-11 10:48:02:815] <19920> DECRYPT PARSE OK
INFO	[2020-08-11 10:48:02:815] <19920> END cancel 정상처리되었습니다. Laptime:[0.247sec]
INFO	[2020-08-11 10:48:02:815] <19920> ===============================================================
INFO	[2020-08-11 10:49:30:984] <19138> START INIPHP cancel (V5036-141209)(OS:Linux2.6.32-754.11.1.el6.x86_64,PHP:5.3.3)
DEBUG	[2020-08-11 10:49:30:984] <19138> inipayhome:/home/killdeal/public_html/shop/inicis
DEBUG	[2020-08-11 10:49:30:984] <19138> debug:false
DEBUG	[2020-08-11 10:49:30:984] <19138> type:cancel
DEBUG	[2020-08-11 10:49:30:984] <19138> mid:majorgol03
DEBUG	[2020-08-11 10:49:30:984] <19138> admin:1111
DEBUG	[2020-08-11 10:49:30:984] <19138> tid:StdpayVBNKmajorgol0320200811104847122157
DEBUG	[2020-08-11 10:49:30:984] <19138> cancelmsg:주문자 본인 취소-구매의사 없음
INFO	[2020-08-11 10:49:30:984] <19138> Check Field OK
INFO	[2020-08-11 10:49:30:984] <19138> PI PUB KEY LOAD OK []
INFO	[2020-08-11 10:49:30:984] <19138> PG PUB KEY LOAD OK [30]
INFO	[2020-08-11 10:49:30:984] <19138> MERCHANT PRIV KEY LOAD OK
INFO	[2020-08-11 10:49:30:984] <19138> MERCHANT PUB KEY LOAD OK [0]
DEBUG	[2020-08-11 10:49:30:985] <19138> MAKE ENCRYPT OK[<?xml version="1.0" encoding="UTF-8"?>
<CancelInfo>
	  <CancelTID>StdpayVBNKmajorgol0320200811104847122157</CancelTID>
	  <CancelMsg urlencode="1">%C1%D6%B9%AE%C0%DA+%BA%BB%C0%CE+%C3%EB%BC%D2-%B1%B8%B8%C5%C0%C7%BB%E7+%BE%F8%C0%BD</CancelMsg>
	  <CancelReason/></CancelInfo>]
INFO	[2020-08-11 10:49:30:985] <19138> MAKE BODY OK
INFO	[2020-08-11 10:49:30:985] <19138> SIGN OK
INFO	[2020-08-11 10:49:30:985] <19138> MAKE HEAD OK
INFO	[2020-08-11 10:49:30:985] <19138> MSG_TO_PG:[0099400175D SHA1                   0                                      300420majorgol03                    StdpayVBNKmajorgol0320200811104847122157<?xml version="1.0" encoding="UTF-8"?>
<INIpay>
	  <CancelInfo>
	    <SessionKey>wDohiU+hUeUz+5b/QzlgQ1JXUysddqOwrvSNjoejcfIVkYhc9yreJZJSEZPZCX19
bw4xlXrrN5L1nb3StVBXGYGaRDonpaHULTefXAXagcpwOGTpN4syh0nkUwqsVgxC
bGm/oh3vm6rPDfjCc/x+uSwccS+utcDq3672CoSmkDR+f/xx5bIsaw==
</SessionKey>
	    <Encrypted>FqbvBtPXvWyx2t6pHNslGJ38j1op932r2AdWUcYazuEKyWUWAno9ZquTPxCRut9g
8kdxNbzLJS7CsAscLsSp/rHOsVpJtLLtaY5lwwB/4tZwj/qiZc5nA1UhaxJTXs1k
8GnYvSzNuJKPzLf6s0J1xXd0uVC7Z4dv1wkbjnP+nRKp9ZfFioU38KpaF7/AZ7Sg
PA3N5mNHt64RO8jVumjjkli6E6HEBCSwuFbibUt13bF/kQzy1rWx86BhL7pQ9OLy
wqeIB46HqViG4ryfwrmI9l6Ml0HDkkKvVLHhjUAalwDcRhXFGf7lVRTX/dVF89bI
wGiSzmnm/4cmK/raSdyjz/C/klcBQamcG+1OJNWkwHC2BKfHItBnpg==
</Encrypted></CancelInfo>
	  <ReservedInfo>
	    <MReserved1/>
	    <MReserved2/>
	    <MReserved3/></ReservedInfo>
	  <ManageInfo>
	    <Language/>
	    <URL/>
	    <TXVersion>5036B141209canceLinux     PHPchkfake   2.6.32-754.11.1.el6.x86_64PHP:</TXVersion>
	    <TXUserID/>
	    <TXRegNum/></ManageInfo></INIpay>AO5O1uFuBT/dAD9ZiqPXLLblMViRF9zh85BGZxEwTVJMJroeYRZ1xVnjmfqAaHQe
5RrVmq6rhMKg5qZMvKmv7lpuCupMzU95+WxREF/lxmYGBpgkVa6Unk91MOnE6loC
3rM1Ak1tLdHvAHKlAdn8X0JkvHkzn0z+EL6khQXmTOF0
]
INFO	[2020-08-11 10:49:30:985] <19138> DNS LOOKUP OK(203.238.37.3:203.238.37.3:34049) laptime:0
INFO	[2020-08-11 10:49:30:990] <19138> SOCKET CONNECT OK
INFO	[2020-08-11 10:49:30:990] <19138> SEND OK
INFO	[2020-08-11 10:49:31:231] <19138> RECV OK
INFO	[2020-08-11 10:49:31:231] <19138> MSG_FROM_PG:[0159300175D SHA1                   0                                      300430majorgol03                    StdpayVBNKmajorgol0320200811104847122157<?xml version="1.0" encoding="UTF-8"?>
<INIpay>
  <CancelInfo>
    <ResultCode>170000</ResultCode>
    <ResultMsg urlencode="1">%C1%A4%BB%F3%C3%B3%B8%AE%B5%C7%BE%FA%BD%C0%B4%CF%B4%D9.</ResultMsg>
    <SessionKey>AQPzXqeYcWjVo94auPrhz4YRMRWizX9jlbmI3PDK52i0roPEa7eZWOAylgz7q6vY
kJ4Muo7mz3nTXOTRr+ANMaIXmt+6gCpx+sbWo99lafuK1scgmu27uZaQO2Hmp59C
lWE2XWuDsebAqK90TX4MHCLbpJa1spllZnUWyj5/Iz7o5Oy3X2M3ViE=
</SessionKey>
    <Encrypted>hbv42aYyv4kvc75jELtAj87tDQmOcIYzBeEvaHPonLT4MIh8M1X/yoIWHQQdEmef
WuXp6KjWdTpWlxde1cLg9pAvPaDnLEDBVNFdU0Cz1FjuUXABoXTqXMtlyI9+6fnF
9engRMrLMB2SW8wyxj4soNvrCuST5lJ/GNSddJa7FAs70UAIcwq9RF9cOl1QjP/j
D1eU4TrUoGd9HZ7/koYZOqwPimZ2tShYz/PmRlw7nILH50sNn9yWiCkW6oOovzVG
A6TtgXlLyTA5vzCjAZQxQFUEJlNEZnG4v8qVXsUDQc4tBis3rS46/cURgRilfvN7
21p370VBy4kLFAImqt1HOvc9wRLsbrmvq5digd8eco8hAg4WBWXZKtK7wVhWN2Pf
hla3y3FweQrqRNavItn3wm3h86/50OS2jdHcBmt1mnHig26ub+U2xon01aM1xYQZ
rnz+1YchHsTrEP4rFB67hiM7QAhvEG01/pCisWd9L8oEGPvt0qrvcI/jiGG6jKeI
vYBTrH/kYVMkk2r6NvWJIApW7yPeEpnouxFL343PB0Nr8Qk/6G9Y1pFWXF210Sqn
L8721eqZ27dRI07VdOa95JyhHyKLVEpLvu53NvIToqjhoj8yr7q/5oBtX33qHrK4
hFqUS14bZNUcy0wB/F/q4+D4j6BsF85Qpvlx/tN+/eeyPRsvN95ZUOcbShQGMfkt
Q5+zj50FqpUD8QFan3sXfWiOGsL1eyFKNrS1Bxz3my11VfPa04vmbsN8oXijKCSZ
8mFk3H+MPtJIcqwoePXsug==
</Encrypted>
  </CancelInfo>
  <ManageInfo/>
  <ReservedInfo>
    <MReserved1 urlencode="1"></MReserved1>
    <MReserved2 urlencode="1"></MReserved2>
    <MReserved3 urlencode="1"></MReserved3>
    <PGReserved1 urlencode="1"></PGReserved1>
    <PGReserved2 urlencode="1"></PGReserved2>
    <PGReserved3 urlencode="1"></PGReserved3>
  </ReservedInfo>
</INIpay>
KGq1VQYSDSFtuaasJn5bwrvJ1dFvVQA9hX6Bi8T0Vi/XjixPxMAHXotvBeaFOaHV
rm+iz02VxbNsVwaIEQdFRuggUg2smHjNyfcT3utQy7+uDd7EbctV9uM5pR4JzpSe
C1x9pj3mGBXySeVAxak/EAmhRY2YuPOXBkBfusl4eyU=
]
INFO	[2020-08-11 10:49:31:231] <19138> VERIFY OK
INFO	[2020-08-11 10:49:31:231] <19138> PARSE HEAD OK
INFO	[2020-08-11 10:49:31:231] <19138> PARSE BODY OK
INFO	[2020-08-11 10:49:31:232] <19138> DECRYPT OK
DEBUG	[2020-08-11 10:49:31:232] <19138> DECRYPT MSG:[<?xml version="1.0" encoding="UTF-8"?>
<CancelInfo>
  <CancelDate>20200811</CancelDate>
  <CancelTime>104931</CancelTime>
  <ResultCode>170000</ResultCode>
  <ResultMsg urlencode="1">%C1%A4%BB%F3%C3%B3%B8%AE%B5%C7%BE%FA%BD%C0%B4%CF%B4%D9.</ResultMsg>
  <CSHR_CancelNum></CSHR_CancelNum>
  <CSHR_CancelDate>20200811</CSHR_CancelDate>
  <CSHR_CancelTime>104931</CSHR_CancelTime>
  <CSHR_ResultCode>220000</CSHR_ResultCode>
  <CSHR_ResultMsg urlencode="1">%C1%A4%BB%F3%C3%B3%B8%AE%B5%C7%BE%FA%BD%C0%B4%CF%B4%D9.</CSHR_ResultMsg>
  <VACT_FlgRemit urlencode="1"></VACT_FlgRemit>
</CancelInfo>]
INFO	[2020-08-11 10:49:31:232] <19138> DECRYPT PARSE OK
INFO	[2020-08-11 10:49:31:232] <19138> END cancel 정상처리되었습니다. Laptime:[0.249sec]
INFO	[2020-08-11 10:49:31:232] <19138> ===============================================================
INFO	[2020-08-11 10:50:44:429] <15465> START INIPHP cancel (V5036-141209)(OS:Linux2.6.32-754.11.1.el6.x86_64,PHP:5.3.3)
DEBUG	[2020-08-11 10:50:44:429] <15465> inipayhome:/home/killdeal/public_html/shop/inicis
DEBUG	[2020-08-11 10:50:44:429] <15465> debug:false
DEBUG	[2020-08-11 10:50:44:429] <15465> type:cancel
DEBUG	[2020-08-11 10:50:44:429] <15465> mid:majorgol03
DEBUG	[2020-08-11 10:50:44:429] <15465> admin:1111
DEBUG	[2020-08-11 10:50:44:429] <15465> tid:StdpayVBNKmajorgol0320200811105010027341
DEBUG	[2020-08-11 10:50:44:429] <15465> cancelmsg:주문자 본인 취소-구매의사 없음
INFO	[2020-08-11 10:50:44:429] <15465> Check Field OK
INFO	[2020-08-11 10:50:44:429] <15465> PI PUB KEY LOAD OK []
INFO	[2020-08-11 10:50:44:429] <15465> PG PUB KEY LOAD OK [30]
INFO	[2020-08-11 10:50:44:429] <15465> MERCHANT PRIV KEY LOAD OK
INFO	[2020-08-11 10:50:44:429] <15465> MERCHANT PUB KEY LOAD OK [0]
DEBUG	[2020-08-11 10:50:44:430] <15465> MAKE ENCRYPT OK[<?xml version="1.0" encoding="UTF-8"?>
<CancelInfo>
	  <CancelTID>StdpayVBNKmajorgol0320200811105010027341</CancelTID>
	  <CancelMsg urlencode="1">%C1%D6%B9%AE%C0%DA+%BA%BB%C0%CE+%C3%EB%BC%D2-%B1%B8%B8%C5%C0%C7%BB%E7+%BE%F8%C0%BD</CancelMsg>
	  <CancelReason/></CancelInfo>]
INFO	[2020-08-11 10:50:44:430] <15465> MAKE BODY OK
INFO	[2020-08-11 10:50:44:430] <15465> SIGN OK
INFO	[2020-08-11 10:50:44:430] <15465> MAKE HEAD OK
INFO	[2020-08-11 10:50:44:430] <15465> MSG_TO_PG:[0099400175D SHA1                   0                                      300420majorgol03                    StdpayVBNKmajorgol0320200811105010027341<?xml version="1.0" encoding="UTF-8"?>
<INIpay>
	  <CancelInfo>
	    <SessionKey>1oDfOFWRcrHJ7g/rKM5eI6l+BeIQcG0od6cYio0RQqL8Q33/n4FsFG4cQ0s5wtlf
+rBhHo0NBqHpTTOo53gNCRUQXGpnUr4h1F8aj5RXxQIlzqjoqwPMvBeUbaR4/4K+
ibpT56sYwz6IJxT1hJWkaImAtRIX3wQkBeOj1Z4H+NRs3NriEV60tw==
</SessionKey>
	    <Encrypted>A5gtEY/YPgYF7HxjKSzWRvo62OLTg6FPcEX57TeAaDjextQ8nuwS7wyVV+vqBkVD
g6hbE/35oN73vz7TfluDmnpMITYBR860EN6JxN6T9GT08wbr7YSRpu+MyFp+Ee6h
mZiry5Sjp8SO6VCOAohKrCDXEseE0v1Kb9huLjD+MiEYVBfAXZLa99oSLV6oGSpU
Y+82hfL1TT+JA1LTuUPseqRm38I7M0cXrjEA3Jfoa26mtuAZb/zlHcQfr98KhI5i
sNIP1go81/4sE8QIulH9ndZBuV4eMPicFktOsMqwkGCqgCo7BrDm+Onxe19IdY6P
3gzIrkrBWZeFyixzqs8VP91QBedv6JUN7qCtYiFQrrQAe+Gq1d6eiQ==
</Encrypted></CancelInfo>
	  <ReservedInfo>
	    <MReserved1/>
	    <MReserved2/>
	    <MReserved3/></ReservedInfo>
	  <ManageInfo>
	    <Language/>
	    <URL/>
	    <TXVersion>5036B141209canceLinux     PHPchkfake   2.6.32-754.11.1.el6.x86_64PHP:</TXVersion>
	    <TXUserID/>
	    <TXRegNum/></ManageInfo></INIpay>ABm1WuFEtzroGr1f0Nsxpup7wjFWoIUJ0uIsPXS9COILGreemzyY5MxxlP1RwBPF
R5fOf2GTjnsHw9etFJmylBFBsavIH3HqN8cRusg8hr+VCuFBK/Q3hX/mX939bk7K
xp9NfZ9sqzf0+NV29Xdr9F/4lxCGey5lEBqXWXmC6/v4
]
INFO	[2020-08-11 10:50:44:431] <15465> DNS LOOKUP OK(203.238.37.3:203.238.37.3:34049) laptime:0
INFO	[2020-08-11 10:50:44:432] <15465> SOCKET CONNECT OK
INFO	[2020-08-11 10:50:44:432] <15465> SEND OK
INFO	[2020-08-11 10:50:44:670] <15465> RECV OK
INFO	[2020-08-11 10:50:44:670] <15465> MSG_FROM_PG:[0159300175D SHA1                   0                                      300430majorgol03                    StdpayVBNKmajorgol0320200811105010027341<?xml version="1.0" encoding="UTF-8"?>
<INIpay>
  <CancelInfo>
    <ResultCode>170000</ResultCode>
    <ResultMsg urlencode="1">%C1%A4%BB%F3%C3%B3%B8%AE%B5%C7%BE%FA%BD%C0%B4%CF%B4%D9.</ResultMsg>
    <SessionKey>AE8OvCejl121URggFCA3yx2E2TIZs5Y0ICw3fDTx72QtWZl3ehU2cAPYawxei9+y
alU77i5h8uCkFQScefjwWxZQI9E/f+eWYEJEYV40YOEdBtGoiBdspXeDIxe9vxlW
we/7AOcgJ2qQUahBrvpVSar9XousVkXr5dwzsl2tLrjFGxcb+FyPPiA=
</SessionKey>
    <Encrypted>venRwhMNsyJ0Xk32flRLuKYyTMfCeY2R0HKwlDa/0KAHjinVx4EcLjPx7BdQpqgR
ml5P/5hnOmqi+OPqcFXvyYwjfZ5wz5rg1xv1hBAkdthSR2Xfnkl1fetQPLuc2GKx
w141gtTSxxgwGXTrVDo1XeCqBC4+znszHoJxOKXNrxAo6UWyd0jC/KcAcTt05HZC
VjKLI1I2PpmjTtGZLylxzoZR4L7FjNusOspHV/6cvartC/bs52vBr/WRNkWt7ELO
eywyZWmhE+oFZhdwTLr3iCntBVkVEe2DUrXQ0444HZOWEKsDUfx+wQ7JFAJjlOxz
dYnyLK2ep5uK3zhVtNLRjtcpX4k3Hk0fdC7pG0idc3nU/7cttfof+W878YJ3DGGK
IIaSqM7Rcs2q1KRHIxrEZ6wIrSEv9pb8TJXVmhRLdAWdFSYmwzSwf7mS2jjKtA6N
sTYUlyvJHVMr25hansGAfjHFQ5oIsFM9yW8UtgKPhIeB2oE457zzow9EuCs4ocGc
nKB8bMIfBvLYliCLqPQaD3QOkofhYwXZbB69T8O3ZUNb5fxRnyCbIaJcSkjqXg/s
X6EUvkfHLZUDIeKLB2n12942Outj3uj1pzEfbLSjuXvpL3eab/l9QaBWakqG3q1v
Q+Gan17IGNHXB3KySAuf5wAdZx/CziI1Uas8qh0NtPQyZ5AohHtj3a5M//kEp5GP
z7ZeiOZaMZ/Sb9Dix6T1YzKB49yhuSTNubAK1j69+JGkRJC24nIYy5y7cWEu6mSq
87O1snX0JfrI9ZEXFTIT0A==
</Encrypted>
  </CancelInfo>
  <ManageInfo/>
  <ReservedInfo>
    <MReserved1 urlencode="1"></MReserved1>
    <MReserved2 urlencode="1"></MReserved2>
    <MReserved3 urlencode="1"></MReserved3>
    <PGReserved1 urlencode="1"></PGReserved1>
    <PGReserved2 urlencode="1"></PGReserved2>
    <PGReserved3 urlencode="1"></PGReserved3>
  </ReservedInfo>
</INIpay>
dmIq9YlZMGK5aaKUcD5SaHgb1plBubuojqLJg2toUMwtsaaiRp9NdiG8Vpz2ROkf
WR8WPcXYCfQAWxtQKxegZw7DQr4k9ckKuQawGBAKDgFALt13/s7nK842oBe8FusX
QwC+eHaGJZBLXrtTmkPuo6iaXTnTbXbHgY0NAju8OZk=
]
INFO	[2020-08-11 10:50:44:670] <15465> VERIFY OK
INFO	[2020-08-11 10:50:44:670] <15465> PARSE HEAD OK
INFO	[2020-08-11 10:50:44:670] <15465> PARSE BODY OK
INFO	[2020-08-11 10:50:44:671] <15465> DECRYPT OK
DEBUG	[2020-08-11 10:50:44:671] <15465> DECRYPT MSG:[<?xml version="1.0" encoding="UTF-8"?>
<CancelInfo>
  <CancelDate>20200811</CancelDate>
  <CancelTime>105045</CancelTime>
  <ResultCode>170000</ResultCode>
  <ResultMsg urlencode="1">%C1%A4%BB%F3%C3%B3%B8%AE%B5%C7%BE%FA%BD%C0%B4%CF%B4%D9.</ResultMsg>
  <CSHR_CancelNum></CSHR_CancelNum>
  <CSHR_CancelDate>20200811</CSHR_CancelDate>
  <CSHR_CancelTime>105045</CSHR_CancelTime>
  <CSHR_ResultCode>220000</CSHR_ResultCode>
  <CSHR_ResultMsg urlencode="1">%C1%A4%BB%F3%C3%B3%B8%AE%B5%C7%BE%FA%BD%C0%B4%CF%B4%D9.</CSHR_ResultMsg>
  <VACT_FlgRemit urlencode="1"></VACT_FlgRemit>
</CancelInfo>]
INFO	[2020-08-11 10:50:44:671] <15465> DECRYPT PARSE OK
INFO	[2020-08-11 10:50:44:672] <15465> END cancel 정상처리되었습니다. Laptime:[0.243sec]
INFO	[2020-08-11 10:50:44:672] <15465> ===============================================================
INFO	[2020-08-11 11:27:55:64] <26327> START INIPHP cancel (V5036-141209)(OS:Linux2.6.32-754.11.1.el6.x86_64,PHP:5.3.3)
DEBUG	[2020-08-11 11:27:55:64] <26327> inipayhome:/home/killdeal/public_html/shop/inicis
DEBUG	[2020-08-11 11:27:55:64] <26327> debug:false
DEBUG	[2020-08-11 11:27:55:64] <26327> type:cancel
DEBUG	[2020-08-11 11:27:55:64] <26327> mid:majorgol03
DEBUG	[2020-08-11 11:27:55:64] <26327> admin:1111
DEBUG	[2020-08-11 11:27:55:64] <26327> tid:INIMX_VBNKmajorgol0320200811112619324102
DEBUG	[2020-08-11 11:27:55:64] <26327> cancelmsg:주문자 본인 취소-구매의사 없음
INFO	[2020-08-11 11:27:55:64] <26327> Check Field OK
INFO	[2020-08-11 11:27:55:64] <26327> PI PUB KEY LOAD OK []
INFO	[2020-08-11 11:27:55:65] <26327> PG PUB KEY LOAD OK [30]
INFO	[2020-08-11 11:27:55:65] <26327> MERCHANT PRIV KEY LOAD OK
INFO	[2020-08-11 11:27:55:65] <26327> MERCHANT PUB KEY LOAD OK [0]
DEBUG	[2020-08-11 11:27:55:65] <26327> MAKE ENCRYPT OK[<?xml version="1.0" encoding="UTF-8"?>
<CancelInfo>
	  <CancelTID>INIMX_VBNKmajorgol0320200811112619324102</CancelTID>
	  <CancelMsg urlencode="1">%C1%D6%B9%AE%C0%DA+%BA%BB%C0%CE+%C3%EB%BC%D2-%B1%B8%B8%C5%C0%C7%BB%E7+%BE%F8%C0%BD</CancelMsg>
	  <CancelReason/></CancelInfo>]
INFO	[2020-08-11 11:27:55:65] <26327> MAKE BODY OK
INFO	[2020-08-11 11:27:55:66] <26327> SIGN OK
INFO	[2020-08-11 11:27:55:66] <26327> MAKE HEAD OK
INFO	[2020-08-11 11:27:55:66] <26327> MSG_TO_PG:[0099400175D SHA1                   0                                      300420majorgol03                    INIMX_VBNKmajorgol0320200811112619324102<?xml version="1.0" encoding="UTF-8"?>
<INIpay>
	  <CancelInfo>
	    <SessionKey>hiEDyvemqp6O/j8I1pXT8dZxVX0f5+ZEwjpwKH10d8kpxq6UrDtYjUYQF7mhAkls
bqceMiTdnm6LX63LYIKM6OeH0/uomNxo3hwMW+2j4hBxqVS9dScRYU3LxKF9kYEb
sZO/ZuQmqXQmBA97wDXVnrQjzR76ltXWOlPvr+hBTsBUV5UfYoql/A==
</SessionKey>
	    <Encrypted>4T5u6xaqdTXDTarDtec5ns2ocoqP12VOiTU7C2y5C7WMCYLPHIRGfX/5d8PKymVV
mJs3dmFvg0dtB/beZkKlo12uDrxDqrn7wS12irNbX//qOo2xw2rRbs6DDJCLchOx
pgUayA8CK0ucydPQewBEdzxQsaawjoXgvx+4nLNYreFRo+kFvE+/7lHEA9ktw9Mn
Z7ZBuXuSP6KaFYU7MaSFJXw0ZRhVE0d0iu0ZFgfF/orEz7BRixO1SzES5/xh7q/Q
YmhKf+UM7ZE6f9Boe6VgB69PU2fFqpls79WqiOPUzhw0wB427iOoIM3/WLMWMFKJ
sFQS0g00rf4f8xAr8+L2pVZMsWXno8CI+70MtgsvEYXBlvOQkG0ejg==
</Encrypted></CancelInfo>
	  <ReservedInfo>
	    <MReserved1/>
	    <MReserved2/>
	    <MReserved3/></ReservedInfo>
	  <ManageInfo>
	    <Language/>
	    <URL/>
	    <TXVersion>5036B141209canceLinux     PHPchkfake   2.6.32-754.11.1.el6.x86_64PHP:</TXVersion>
	    <TXUserID/>
	    <TXRegNum/></ManageInfo></INIpay>AQzybOHycsDx0+f25dqSFvqK5GJW8lRxPDiZcxoQmyNR3syEIZSV+j0DNeAtcewM
sE+CxiBHHpdgyOItUEPD5hBouta505mxkfZSk3poYe4sbbhG6BOv2rFZW3JLd0db
8KrEyVun4RE6qA+Ep2RRvq9sQ4aviMACeHzBYOYg5HQ8
]
INFO	[2020-08-11 11:27:55:66] <26327> DNS LOOKUP OK(203.238.37.3:203.238.37.3:34049) laptime:0
INFO	[2020-08-11 11:27:55:69] <26327> SOCKET CONNECT OK
INFO	[2020-08-11 11:27:55:69] <26327> SEND OK
INFO	[2020-08-11 11:27:55:250] <26327> RECV OK
INFO	[2020-08-11 11:27:55:250] <26327> MSG_FROM_PG:[0159300175D SHA1                   0                                      300430majorgol03                    INIMX_VBNKmajorgol0320200811112619324102<?xml version="1.0" encoding="UTF-8"?>
<INIpay>
  <CancelInfo>
    <ResultCode>170000</ResultCode>
    <ResultMsg urlencode="1">%C1%A4%BB%F3%C3%B3%B8%AE%B5%C7%BE%FA%BD%C0%B4%CF%B4%D9.</ResultMsg>
    <SessionKey>ADxD+h0WgnTcV018I8KT8IG5xoxzAMO3Rp3+UQuiTXP1z1V/pGlhGXkl3768GWKu
EimcMGpTguD8yFC7HT5iUStmcBQeG4W4mcmoQKQaPZAvgzuPDUUvrb+/xUCdqb7F
RVYUR7/mYpWvh1aUST8GJ54Rl9n0wwPtH4mCopMIhncMkvlQl+2o7Cs=
</SessionKey>
    <Encrypted>zuNM1MSUoylqQ3K9U9jFfEmvnnMa8YONm6kUylAxQzoovV29oxgS07tfTO1TkB4W
fKaPj/mVe4LAn3sfzNSjxh6iqDC4nA7344TGDf/sVh/M9m3Wb7xajj6syYYNWQtH
oTzwRqYJp3OlaqYx1ZmGioDVfsG1rBPia+Gh5R+hHIwF3VdckKHdfFr5Dl6nA41p
GpmD4KCFb9M2ZPqbHFQuUE9PuisIaOH4bqVmgvWQ0eBkSNFVgQmaCUM3hWksxF5S
DNq2KnQNNUgGOJMjyDKhWCivZzt9RPtPYVSv5Ne9r2u25sHa0Y4W179bLh4ui5Zr
MeObzwsU/AAqry9weLqui35vYIH9vBuG2yLLokWPqdgO1eEklKF1zgPug3rfiSOb
IWIFCS5yaoe8ckjVhlJaMi2ZtohgbcJRFtiCFWKJ05WBCKkrcc4/tvMmnKube2Wd
gupdowhViKnJOk8RukivR7viRxMQDvqm0k/ezj7bPqgMnvfv/v/zG5SrQ2jvzeSu
rwOQdM8yWmCJIKtc8aXeP/PcJFz735o7zeaX7NQLdg2YnRk5aDsdF+Gu3Bn+ZXIZ
JeMuTu3aiyKk/F+y5W+8WMqHnaSXx0gsdiYzzsHRHYVtAOq0tsWxAKM8goeUF11L
qmBqpU5YnCWyY8GYWfUW/7et/Hb40KZJGGW/fqmktBzehA34xXjoZt7pBjSf+/Dx
HXm9riIoKLbKN7R+2jIUjwwUyKc7W9HEXRuXNvRAbKarR/Y84LEtErDa4wWHPvPZ
8Saq3nVwna0Pzmx7wxsBfQ==
</Encrypted>
  </CancelInfo>
  <ManageInfo/>
  <ReservedInfo>
    <MReserved1 urlencode="1"></MReserved1>
    <MReserved2 urlencode="1"></MReserved2>
    <MReserved3 urlencode="1"></MReserved3>
    <PGReserved1 urlencode="1"></PGReserved1>
    <PGReserved2 urlencode="1"></PGReserved2>
    <PGReserved3 urlencode="1"></PGReserved3>
  </ReservedInfo>
</INIpay>
mQQqo9g2nbImJEMHP3xxVqt6iiiTESedEVTYFi8SrlFhwtv8x0TgsvEW8TrMsQJh
vPwCXPJSn7XF/tDCs1EarrAWqhCFibBgdvFHhhj5MqAPr9wWgej0duWuRS/HEDfn
754PYk2B+alfd6Q3ssd9Gg4KWqjCP5V8r2W9zvXL+kg=
]
INFO	[2020-08-11 11:27:55:250] <26327> VERIFY OK
INFO	[2020-08-11 11:27:55:250] <26327> PARSE HEAD OK
INFO	[2020-08-11 11:27:55:251] <26327> PARSE BODY OK
INFO	[2020-08-11 11:27:55:252] <26327> DECRYPT OK
DEBUG	[2020-08-11 11:27:55:252] <26327> DECRYPT MSG:[<?xml version="1.0" encoding="UTF-8"?>
<CancelInfo>
  <CancelDate>20200811</CancelDate>
  <CancelTime>112755</CancelTime>
  <ResultCode>170000</ResultCode>
  <ResultMsg urlencode="1">%C1%A4%BB%F3%C3%B3%B8%AE%B5%C7%BE%FA%BD%C0%B4%CF%B4%D9.</ResultMsg>
  <CSHR_CancelNum></CSHR_CancelNum>
  <CSHR_CancelDate>20200811</CSHR_CancelDate>
  <CSHR_CancelTime>112755</CSHR_CancelTime>
  <CSHR_ResultCode>220000</CSHR_ResultCode>
  <CSHR_ResultMsg urlencode="1">%C1%A4%BB%F3%C3%B3%B8%AE%B5%C7%BE%FA%BD%C0%B4%CF%B4%D9.</CSHR_ResultMsg>
  <VACT_FlgRemit urlencode="1"></VACT_FlgRemit>
</CancelInfo>]
INFO	[2020-08-11 11:27:55:252] <26327> DECRYPT PARSE OK
INFO	[2020-08-11 11:27:55:252] <26327> END cancel 정상처리되었습니다. Laptime:[0.188sec]
INFO	[2020-08-11 11:27:55:252] <26327> ===============================================================
INFO	[2020-08-11 11:28:04:568] <26136> START INIPHP cancel (V5036-141209)(OS:Linux2.6.32-754.11.1.el6.x86_64,PHP:5.3.3)
DEBUG	[2020-08-11 11:28:04:568] <26136> inipayhome:/home/killdeal/public_html/shop/inicis
DEBUG	[2020-08-11 11:28:04:568] <26136> debug:false
DEBUG	[2020-08-11 11:28:04:568] <26136> type:cancel
DEBUG	[2020-08-11 11:28:04:568] <26136> mid:majorgol03
DEBUG	[2020-08-11 11:28:04:568] <26136> admin:1111
DEBUG	[2020-08-11 11:28:04:568] <26136> tid:INIMX_VBNKmajorgol0320200811112717784904
DEBUG	[2020-08-11 11:28:04:568] <26136> cancelmsg:주문자 본인 취소-구매의사 없음
INFO	[2020-08-11 11:28:04:568] <26136> Check Field OK
INFO	[2020-08-11 11:28:04:569] <26136> PI PUB KEY LOAD OK []
INFO	[2020-08-11 11:28:04:569] <26136> PG PUB KEY LOAD OK [30]
INFO	[2020-08-11 11:28:04:569] <26136> MERCHANT PRIV KEY LOAD OK
INFO	[2020-08-11 11:28:04:569] <26136> MERCHANT PUB KEY LOAD OK [0]
DEBUG	[2020-08-11 11:28:04:569] <26136> MAKE ENCRYPT OK[<?xml version="1.0" encoding="UTF-8"?>
<CancelInfo>
	  <CancelTID>INIMX_VBNKmajorgol0320200811112717784904</CancelTID>
	  <CancelMsg urlencode="1">%C1%D6%B9%AE%C0%DA+%BA%BB%C0%CE+%C3%EB%BC%D2-%B1%B8%B8%C5%C0%C7%BB%E7+%BE%F8%C0%BD</CancelMsg>
	  <CancelReason/></CancelInfo>]
INFO	[2020-08-11 11:28:04:570] <26136> MAKE BODY OK
INFO	[2020-08-11 11:28:04:570] <26136> SIGN OK
INFO	[2020-08-11 11:28:04:570] <26136> MAKE HEAD OK
INFO	[2020-08-11 11:28:04:570] <26136> MSG_TO_PG:[0099400175D SHA1                   0                                      300420majorgol03                    INIMX_VBNKmajorgol0320200811112717784904<?xml version="1.0" encoding="UTF-8"?>
<INIpay>
	  <CancelInfo>
	    <SessionKey>dNMytx5bTdk5jI0lXTYVTlMbkEDQrSrpL8jOU9mkNgX2PkGV3Thrs7PsvbX4Fdzn
5HWMMqrcIpT00LQT0FuYAOyJttG782Bywl6Pm6Lml6Uj0K7Viy6b0NMioAjfDT8l
Hl628IWxNqRFS2LKI9YIQ7RtNtePCFhFCpQC8TzsgsqZ6o7uL4BQqQ==
</SessionKey>
	    <Encrypted>692JafIA3AtTm+mFDvjX7zIzSFtHMZxDMPUt0ScEg1GmUgjHOPdQThc6ZrEpDEbV
HBgskEHgLz7L0HqBEpE5eysB21mfH7QJ/j+ENUkh43TLGbN+WFvocaYg+pYF5rOS
IdAgUuI1OADjmewf/7FA6CPqmCpJjiA1FdNj5auDbFFapT3fE2JpTwtTOWiou6Tb
WLulAiuFPuFRrrpJ+JtsjYoMLvArHyUgk1I18iujGt7ZC6Z2Pwn3Tc8bq8Ky1pGb
GHA4nh1GaZCgGFXWdaxW0Ak8ZTRZVmrgXpGbwZJgI6AP+XfRU8p69QRrcVvVEMJG
L8y7V3FdpjAfcVcgfFjt9DATH0Bc0eH7W/Y4Kcn8YnIEe6LOgNbtIA==
</Encrypted></CancelInfo>
	  <ReservedInfo>
	    <MReserved1/>
	    <MReserved2/>
	    <MReserved3/></ReservedInfo>
	  <ManageInfo>
	    <Language/>
	    <URL/>
	    <TXVersion>5036B141209canceLinux     PHPchkfake   2.6.32-754.11.1.el6.x86_64PHP:</TXVersion>
	    <TXUserID/>
	    <TXRegNum/></ManageInfo></INIpay>AHSYwGp/R7V10a289yo4hGBPSOyr7TALxP4g0+Sb+Asb1SYZK9FAMTcjn//GwS5P
T+NHz9o4l1JYDvRIwR6uF62LtKzezgd/KppT223CfVJt/HTvuwW/6wq+kALr+5ne
ARZE50qhNLvnTOvc3yR7N1DZLZf0jS7fixQGU1kuxDi1
]
INFO	[2020-08-11 11:28:04:570] <26136> DNS LOOKUP OK(203.238.37.3:203.238.37.3:34049) laptime:0
INFO	[2020-08-11 11:28:04:573] <26136> SOCKET CONNECT OK
INFO	[2020-08-11 11:28:04:573] <26136> SEND OK
INFO	[2020-08-11 11:28:04:718] <26136> RECV OK
INFO	[2020-08-11 11:28:04:718] <26136> MSG_FROM_PG:[0159300175D SHA1                   0                                      300430majorgol03                    INIMX_VBNKmajorgol0320200811112717784904<?xml version="1.0" encoding="UTF-8"?>
<INIpay>
  <CancelInfo>
    <ResultCode>170000</ResultCode>
    <ResultMsg urlencode="1">%C1%A4%BB%F3%C3%B3%B8%AE%B5%C7%BE%FA%BD%C0%B4%CF%B4%D9.</ResultMsg>
    <SessionKey>AFAzsFlFzIh185YMIIKlrSyCDZU5jclQJkTYYi8/iSEG0pbxJJ6cuhAUDNmgNr5y
u0wBYUUaslTUzYtnDV3SD2Ee3A68iV5Nfzg6RSCOcXe3QXUOCKVPN80lyGuOc308
41ZldYMScoyNgbXhqrVqy2WmqfePxYpWNOVG8hBr4AwtsoChi1A8RpE=
</SessionKey>
    <Encrypted>pl8mXoT2+2B4c2xLMkNn1b/v/QjxE8pFqpnhCrDEc6gpHlu7jOtF8ehESwhrsdaj
B2iXcPbKjtiWLdNDdtGYtLJ+YtLcvW29oDCHGUd049wXPGXlC+xM3nXQoPpg2YiD
afIEiaHPheFrwB1lC9q6Ow+0DQxTtxlWB2gXccbBUiCyEejld/xnVonytWgsY5xW
ig9ZLcxQEmU7NUMbXQ7g4JCBsH3iGC6IXJSlIcRS0lG7Kzr7d71WbFzoYwZfFUwf
6Lq4qOFIZrfpd5nI3azsnJwX06saHzmOUzuejGwoy8aZ1LpvpA8g8aQ82rALsVPE
ksOqGdGyhl6Pbe93RnjSOwW9kXzAAd637V7jtaV9E7sAebJgZkZWuss2+nmQhB7i
HhQ6QuFCnYMrddhl+7f1yNyaWnENNUn/gHlg7LcXYW3AKxLO6Ddk7NJ05WcmzaqT
TBueQpQKZrSI6XFJXac0wt2f485gyy1Z5tHgpjuW5JibssmMupVOlqInF2OTHoEn
XjRKgRIMhrzoDNAabHida/o3nzvUESHjekPH99z5G9pI7jKEEfbUZeLdaVNBjGhm
3QPFZ+naEHf25+4Q7OQLXFAwHjvKF/pjMuEI+kk/tWdTvrUD6rIXGalgOoclgV5g
l9tadZ7IAsH/iYy0BGfefg+Q/ZweSlwbJVYNlh1iEpvGYfYxT5zzzP8orcB3zPos
wJncUc/UVfeUw0v8JOcRagDrcncKUtW/ONcHgUckhXZ9UlTv6HsJW4Vc51s4VPd+
6pun2ffegLxfQ9UT9YExxg==
</Encrypted>
  </CancelInfo>
  <ManageInfo/>
  <ReservedInfo>
    <MReserved1 urlencode="1"></MReserved1>
    <MReserved2 urlencode="1"></MReserved2>
    <MReserved3 urlencode="1"></MReserved3>
    <PGReserved1 urlencode="1"></PGReserved1>
    <PGReserved2 urlencode="1"></PGReserved2>
    <PGReserved3 urlencode="1"></PGReserved3>
  </ReservedInfo>
</INIpay>
rc9Y8ttjOBZIBvq4jtJvtmIEp2arm2ZwXmh2R6J53+cCnrdgIOgWnonFWgM/dsKS
1WXsyZx9l1QB0SVZYMZYuHf+6uGE68+yQ4VZspMimJoPTRO8SM49I8P391cHIXEY
yf//QdxjeaLKZ2A26bHVAh35x1avZ1uB6sT2hGSiQHU=
]
INFO	[2020-08-11 11:28:04:718] <26136> VERIFY OK
INFO	[2020-08-11 11:28:04:718] <26136> PARSE HEAD OK
INFO	[2020-08-11 11:28:04:718] <26136> PARSE BODY OK
INFO	[2020-08-11 11:28:04:719] <26136> DECRYPT OK
DEBUG	[2020-08-11 11:28:04:719] <26136> DECRYPT MSG:[<?xml version="1.0" encoding="UTF-8"?>
<CancelInfo>
  <CancelDate>20200811</CancelDate>
  <CancelTime>112805</CancelTime>
  <ResultCode>170000</ResultCode>
  <ResultMsg urlencode="1">%C1%A4%BB%F3%C3%B3%B8%AE%B5%C7%BE%FA%BD%C0%B4%CF%B4%D9.</ResultMsg>
  <CSHR_CancelNum></CSHR_CancelNum>
  <CSHR_CancelDate>20200811</CSHR_CancelDate>
  <CSHR_CancelTime>112805</CSHR_CancelTime>
  <CSHR_ResultCode>220000</CSHR_ResultCode>
  <CSHR_ResultMsg urlencode="1">%C1%A4%BB%F3%C3%B3%B8%AE%B5%C7%BE%FA%BD%C0%B4%CF%B4%D9.</CSHR_ResultMsg>
  <VACT_FlgRemit urlencode="1"></VACT_FlgRemit>
</CancelInfo>]
INFO	[2020-08-11 11:28:04:719] <26136> DECRYPT PARSE OK
INFO	[2020-08-11 11:28:04:719] <26136> END cancel 정상처리되었습니다. Laptime:[0.151sec]
INFO	[2020-08-11 11:28:04:719] <26136> ===============================================================
INFO	[2020-08-11 13:26:48:739] <2425> START INIPHP cancel (V5036-141209)(OS:Linux2.6.32-754.11.1.el6.x86_64,PHP:5.3.3)
DEBUG	[2020-08-11 13:26:48:739] <2425> inipayhome:/home/killdeal/public_html/shop/inicis
DEBUG	[2020-08-11 13:26:48:739] <2425> debug:false
DEBUG	[2020-08-11 13:26:48:739] <2425> type:cancel
DEBUG	[2020-08-11 13:26:48:739] <2425> mid:majorgol03
DEBUG	[2020-08-11 13:26:48:739] <2425> admin:1111
DEBUG	[2020-08-11 13:26:48:739] <2425> tid:INIMX_VBNKmajorgol0320200811132627155307
DEBUG	[2020-08-11 13:26:48:739] <2425> cancelmsg:주문자 본인 취소-구매의사 없음
INFO	[2020-08-11 13:26:48:739] <2425> Check Field OK
INFO	[2020-08-11 13:26:48:739] <2425> PI PUB KEY LOAD OK []
INFO	[2020-08-11 13:26:48:739] <2425> PG PUB KEY LOAD OK [30]
INFO	[2020-08-11 13:26:48:739] <2425> MERCHANT PRIV KEY LOAD OK
INFO	[2020-08-11 13:26:48:739] <2425> MERCHANT PUB KEY LOAD OK [0]
DEBUG	[2020-08-11 13:26:48:740] <2425> MAKE ENCRYPT OK[<?xml version="1.0" encoding="UTF-8"?>
<CancelInfo>
	  <CancelTID>INIMX_VBNKmajorgol0320200811132627155307</CancelTID>
	  <CancelMsg urlencode="1">%C1%D6%B9%AE%C0%DA+%BA%BB%C0%CE+%C3%EB%BC%D2-%B1%B8%B8%C5%C0%C7%BB%E7+%BE%F8%C0%BD</CancelMsg>
	  <CancelReason/></CancelInfo>]
INFO	[2020-08-11 13:26:48:740] <2425> MAKE BODY OK
INFO	[2020-08-11 13:26:48:740] <2425> SIGN OK
INFO	[2020-08-11 13:26:48:740] <2425> MAKE HEAD OK
INFO	[2020-08-11 13:26:48:740] <2425> MSG_TO_PG:[0099400175D SHA1                   0                                      300420majorgol03                    INIMX_VBNKmajorgol0320200811132627155307<?xml version="1.0" encoding="UTF-8"?>
<INIpay>
	  <CancelInfo>
	    <SessionKey>mgtcrkZMPiXu/1YZmVt8OFK3txu6Q7Ra0iLODpIGWHUXpTRNgs9OjGgJJvcFAOAm
TLBt+KCqggrSNUrg0hhGKKirWTZkogWCjl27/owT0rz8gw7CREwfnQuNMDsmlPTh
ZVdTWc8nWuDdTJljweD5rkMA2WBuaZ/0lNc2ENG3fUCn8srqO7kppA==
</SessionKey>
	    <Encrypted>rEqI38YW4SnvDRuYwctnlCVrK7EIj2aQc9mnXNO99l1irfXRIQcg+FLsQduyJFhQ
DyDYDBSeuKYfmVMAcLokTKOvuPrLWqUnC6oH5WSwb0SPKYpFm7tbgecoyTVdVIu1
0eZvZFpDLfyzCCAkTYba4xv8N5OTSTiT9QWowDBFhoWtUu7BbEJtT2WAJMcYLlYo
Fe/KsX8DFcftjDF+ZQhdrXf5ONwBAZByFOOAyRtmWFTPJQLibptyz3H8nq398fjp
ufl5q8JdqcYdHvLCBq4eyexTWclxSE5p+Cz47527bGqg3CeFvL/5Lnao1S2rhJZC
6pywq0s24Rd/gNeAlZd5YUerui/9jgHT2/7AfknzixjiU/MVSQFOAw==
</Encrypted></CancelInfo>
	  <ReservedInfo>
	    <MReserved1/>
	    <MReserved2/>
	    <MReserved3/></ReservedInfo>
	  <ManageInfo>
	    <Language/>
	    <URL/>
	    <TXVersion>5036B141209canceLinux     PHPchkfake   2.6.32-754.11.1.el6.x86_64PHP:</TXVersion>
	    <TXUserID/>
	    <TXRegNum/></ManageInfo></INIpay>AA8hXiMutqUcljncprTuKwP3yL/noZw3r2BTSiWRptWTfRX7tP4AZRfXH8xiAje3
j3KfP2Qof0nwte0HEn8eYb0hAcCzhXpHZ3mTE4O6nDFz0r4aDNSWwXsqSelOAbdv
elS/nyxDSUeFKKLM+LC7Dk5yX8mOGduz5Y4eAfp/Qicw
]
INFO	[2020-08-11 13:26:48:741] <2425> DNS LOOKUP OK(203.238.37.3:203.238.37.3:34049) laptime:0
INFO	[2020-08-11 13:26:48:743] <2425> SOCKET CONNECT OK
INFO	[2020-08-11 13:26:48:743] <2425> SEND OK
INFO	[2020-08-11 13:26:49:9] <2425> RECV OK
INFO	[2020-08-11 13:26:49:9] <2425> MSG_FROM_PG:[0159300175D SHA1                   0                                      300430majorgol03                    INIMX_VBNKmajorgol0320200811132627155307<?xml version="1.0" encoding="UTF-8"?>
<INIpay>
  <CancelInfo>
    <ResultCode>170000</ResultCode>
    <ResultMsg urlencode="1">%C1%A4%BB%F3%C3%B3%B8%AE%B5%C7%BE%FA%BD%C0%B4%CF%B4%D9.</ResultMsg>
    <SessionKey>AE6PUkf+v2TpzHspE9ZVxQRHquVImNTX1g2hH1Qk/Kvd+C349oIXMAQFK1yJ8eAB
w6Gj06itzdOPGZX9FPihVoRNywATYvN1GbeIG9uI78YiVfmBlovSciBBQ8WMCdfK
H/JaOuTLgBTRCzRO7m9ZhaQhcXMt0TiY+X9fzMvGTPPlDelVBTQmMiw=
</SessionKey>
    <Encrypted>B4z/SqJFXk9TRTuOBuNWlmSzLNdp5Hw/LUb2XkFM2v1RhsyqCK+hR1oKNn1RwqAf
zyAiy+nCfFTjDBeoyN85U5ixF3TYy96+lyZQSs/mWIxLxMCch/VGjo5BDGfbj3Nh
YUvrxjoCnD6Wx7Px5epIuaGSMHQ8wKCOHuVC9OD1QH/hCcT9Py5XogIDE+KUPADb
czjjB08rkR5KzmcMHseUmeErjeprRgXkYf1dXnXlPSTEZw83WJgXsxuTYe9qS+pI
NWLatF5jn5fJvudVWGEaCnf0CZc9xi3Xyk1zcEjIJmHfDD+/MuqunsIW51Qs3tcZ
QthwJKY5+xIZgyQ4XTu04mksD8InULkilhx2tPxASY+pgI5Mb33uy/JGyyekPc/4
xeOsFmn1bh75ZjGvfNhKydTaUF/5Q5Wg3TDncutIDI28p8nA405gNjDnZznWDDZM
Mfr3DhS2SWFywSz3emqetrZ9VrIi8HqhgRIK+1f4Lmh3Zts/c6zHTvoAljH1E6ak
K1xs3w0fsJlCXJMRAskw4y7O41MUmCpTXGegM4IFR9pG7ElY5yhOwjuJtage/kYw
/0U0N7C3oD0k4XcQZhUlOomfsvkJhCr5o0QYwEBojh2nz16krj38ZeSCH43/IhYx
pMkFAddgrASn+eTg8UJww9jP7dGHgO3ll7rplJ757iWJmHTsZdqzRtksG3pDrAoC
z2yNmJrAOGpYPoc4j+SoUn4z0YaVHgv6Tk0MS9xt1hLWfk12CkeVcmrmLRcpYzPG
27pF/9F1+HO1xHOqCSvtGg==
</Encrypted>
  </CancelInfo>
  <ManageInfo/>
  <ReservedInfo>
    <MReserved1 urlencode="1"></MReserved1>
    <MReserved2 urlencode="1"></MReserved2>
    <MReserved3 urlencode="1"></MReserved3>
    <PGReserved1 urlencode="1"></PGReserved1>
    <PGReserved2 urlencode="1"></PGReserved2>
    <PGReserved3 urlencode="1"></PGReserved3>
  </ReservedInfo>
</INIpay>
GTwk3DIafet5rz3Cbav1QNmBZtit80FNb6PNRXamg7sSl5C2zaxWPkTRBXJ3MN8x
SUGYDfuVNXmmMhfpeKJjE7unmk6rZW/s8azYjrI5wtjhipeeuqg8l47tbQgz/WCs
lCJljqxOPhcwL+LvF/yFcTivxWgEs0mgcaVYg2a3ylc=
]
INFO	[2020-08-11 13:26:49:9] <2425> VERIFY OK
INFO	[2020-08-11 13:26:49:9] <2425> PARSE HEAD OK
INFO	[2020-08-11 13:26:49:10] <2425> PARSE BODY OK
INFO	[2020-08-11 13:26:49:10] <2425> DECRYPT OK
DEBUG	[2020-08-11 13:26:49:10] <2425> DECRYPT MSG:[<?xml version="1.0" encoding="UTF-8"?>
<CancelInfo>
  <CancelDate>20200811</CancelDate>
  <CancelTime>132649</CancelTime>
  <ResultCode>170000</ResultCode>
  <ResultMsg urlencode="1">%C1%A4%BB%F3%C3%B3%B8%AE%B5%C7%BE%FA%BD%C0%B4%CF%B4%D9.</ResultMsg>
  <CSHR_CancelNum></CSHR_CancelNum>
  <CSHR_CancelDate>20200811</CSHR_CancelDate>
  <CSHR_CancelTime>132649</CSHR_CancelTime>
  <CSHR_ResultCode>220000</CSHR_ResultCode>
  <CSHR_ResultMsg urlencode="1">%C1%A4%BB%F3%C3%B3%B8%AE%B5%C7%BE%FA%BD%C0%B4%CF%B4%D9.</CSHR_ResultMsg>
  <VACT_FlgRemit urlencode="1"></VACT_FlgRemit>
</CancelInfo>]
INFO	[2020-08-11 13:26:49:10] <2425> DECRYPT PARSE OK
INFO	[2020-08-11 13:26:49:11] <2425> END cancel 정상처리되었습니다. Laptime:[0.272sec]
INFO	[2020-08-11 13:26:49:11] <2425> ===============================================================
INFO	[2020-08-11 14:01:20:279] <15477> START INIPHP cancel (V5036-141209)(OS:Linux2.6.32-754.11.1.el6.x86_64,PHP:5.3.3)
DEBUG	[2020-08-11 14:01:20:279] <15477> inipayhome:/home/killdeal/public_html/shop/inicis
DEBUG	[2020-08-11 14:01:20:279] <15477> debug:false
DEBUG	[2020-08-11 14:01:20:279] <15477> type:cancel
DEBUG	[2020-08-11 14:01:20:279] <15477> mid:majorgol03
DEBUG	[2020-08-11 14:01:20:279] <15477> admin:1111
DEBUG	[2020-08-11 14:01:20:279] <15477> tid:StdpayVBNKmajorgol0320200811140045679134
DEBUG	[2020-08-11 14:01:20:279] <15477> cancelmsg:주문자 본인 취소-구매의사 없음
INFO	[2020-08-11 14:01:20:279] <15477> Check Field OK
INFO	[2020-08-11 14:01:20:279] <15477> PI PUB KEY LOAD OK []
INFO	[2020-08-11 14:01:20:279] <15477> PG PUB KEY LOAD OK [30]
INFO	[2020-08-11 14:01:20:279] <15477> MERCHANT PRIV KEY LOAD OK
INFO	[2020-08-11 14:01:20:280] <15477> MERCHANT PUB KEY LOAD OK [0]
DEBUG	[2020-08-11 14:01:20:280] <15477> MAKE ENCRYPT OK[<?xml version="1.0" encoding="UTF-8"?>
<CancelInfo>
	  <CancelTID>StdpayVBNKmajorgol0320200811140045679134</CancelTID>
	  <CancelMsg urlencode="1">%C1%D6%B9%AE%C0%DA+%BA%BB%C0%CE+%C3%EB%BC%D2-%B1%B8%B8%C5%C0%C7%BB%E7+%BE%F8%C0%BD</CancelMsg>
	  <CancelReason/></CancelInfo>]
INFO	[2020-08-11 14:01:20:280] <15477> MAKE BODY OK
INFO	[2020-08-11 14:01:20:281] <15477> SIGN OK
INFO	[2020-08-11 14:01:20:281] <15477> MAKE HEAD OK
INFO	[2020-08-11 14:01:20:281] <15477> MSG_TO_PG:[0099400175D SHA1                   0                                      300420majorgol03                    StdpayVBNKmajorgol0320200811140045679134<?xml version="1.0" encoding="UTF-8"?>
<INIpay>
	  <CancelInfo>
	    <SessionKey>hBr6Xbwa6/rfHvriFYUBKFcrYPJ+t+QHyCOxtLDLZD8nneNSol1SSjTJ69F8W3RP
sWdatoaxwbiaKn8/Jg6ZZMwY829jeS7n5Aq9NDlCQiWV6HbhNwjleizh+jppfvsp
ZX1T9Or1YKfM5LFc5wb/EMv/HGE3gDvekpobZjTS1oa73iNczhibnw==
</SessionKey>
	    <Encrypted>7hRqfBJSOeAw/INTF6JFtPuE/BsJgriQqrL/TwczdHfBwSRB8ksug9uUAZY2HeHj
ZNGsT6ic3TnPghtU7ey0Zfp9nrSCKPtVItUrEQJ5AgYc6Rrmz66q8UwZaB9uIgbe
PQsxa5vZabevs/WhPqqsREy/huJY4VXjYqtkeu+f0S44hlGkNlJnhB2R7z87j/ZA
zbjCvdM3X7vA8r1vTm+8UFsLSiyGTYa+vV3jzGIF3KSTlb0ibFH6mgxznR92Et1a
+ZZNAGF1w6/SH378gTIfSo291UGA2nLiQdYPPHbsd7QKGrAFrlXt4TOJJb/Oqd3f
ZUdUl/IbZ/Qlj+SGSUpYdhAKGBU6DghsPMAa7mQa8i/uuqQ8e0XjyQ==
</Encrypted></CancelInfo>
	  <ReservedInfo>
	    <MReserved1/>
	    <MReserved2/>
	    <MReserved3/></ReservedInfo>
	  <ManageInfo>
	    <Language/>
	    <URL/>
	    <TXVersion>5036B141209canceLinux     PHPchkfake   2.6.32-754.11.1.el6.x86_64PHP:</TXVersion>
	    <TXUserID/>
	    <TXRegNum/></ManageInfo></INIpay>AD+GsEQPpCrtPFJVoJz2yFxnmzdmTvbN45Jkvx+U5Gy4s8tgQPIfCRMdJbKs9alm
e7/QrP8s1Xp8VS8wj0ZutgMnV3jPJd7LUFarsJmbVHqSaaQgrXLHG6NVjBPsSOm4
ymNIJSur31oiTjz1rB1/Z8+ehYVGeNONOyRM28yRvuE8
]
INFO	[2020-08-11 14:01:20:281] <15477> DNS LOOKUP OK(203.238.37.3:203.238.37.3:34049) laptime:0
INFO	[2020-08-11 14:01:20:283] <15477> SOCKET CONNECT OK
INFO	[2020-08-11 14:01:20:283] <15477> SEND OK
INFO	[2020-08-11 14:01:20:542] <15477> RECV OK
INFO	[2020-08-11 14:01:20:542] <15477> MSG_FROM_PG:[0119300175D SHA1                   0                                      300430majorgol03                    StdpayVBNKmajorgol0320200811140045679134<?xml version="1.0" encoding="UTF-8"?><INIpay>
<CancelInfo>
<ResultCode>504685</ResultCode>
<ResultMsg urlencode="1">%BF%A1%BD%BA%C5%A9%B7%CE+%B0%C5%B7%A1+%C3%EB%BC%D2+%BA%D2%B0%A1.+%BF%A1%BD%BA%C5%A9%B7%CE+%B0%C5%B7%A1+%C3%EB%BC%D2+%B9%E6%B9%FD%C0%BB+%C8%AE%C0%CE+%C7%CF%BF%A9+%C1%D6%BD%C3%B1%E2+%B9%D9%B6%F8%B4%CF%B4%D9.</ResultMsg>
<SessionKey>AH++aImDACapgBmVvuGOSRvbR6AXtX2QD1NKs+HClFhvapuyRinaOuijIWG+tdc4
l1rD5d9KVdA5OeKMnrbmIy0aylNvV7BTk6s/8GvYoHlwRfplfMFwYA4X3rZGxhmI
by+exjtweL+aER8O5th+FfMzMtMMjVscYkstje5DJ6JjuQ99aVk4cGg=
</SessionKey>
<Encrypted>NeJrO+M/lZsbzOMVCJEEbAzopc6yKUTmzqpII+Vjhm2WALMBf6FoiyhkRvgPsZQ2
86JGdCnKrubEZevDVgs8rBFnnaKzANUskxK2//eWgYrIWZ5fshbFrGB5djm6g65M
5/fB1YXKc/e3KSz2Ur+35jmzaSWtFlD5xmMzDhTXXRYGpv8G9qbQOqOlFsTNrbqc
ce4G46neMbRopFsujkRXuIxWsuFrC7zxTGWFPfk3/JklGP10Q54vChS3XUXLWjQo
cOHM3/lGKDftFlTGMJeZYLrkTODV/6wobEyxYegJZJL4iv/jOCCd2Da6sw6lF1O1
XrZAr85+tHCsDfXKtgEjBY7osFNx7GEPiJKKjkRqIJznwRNNETR7gPVuC6diFrPd
NRk7oafKt9D9uWEue0INGpVB4gfjAtJ1W8hKqyJbae0SddyNsT9XgTFGN5Isg//G
3XFGVXk5qeI=
</Encrypted>
</CancelInfo>
<ManageInfo/>
<ReservedInfo>
<MReserved1 urlencode="1"/>
<MReserved2 urlencode="1"/>
<MReserved3 urlencode="1"/>
</ReservedInfo>
</INIpay>
sumEbGGkRgzsEKuaCZoZAeKuR5k6KzUcjsL7J6Yo34Vnkrrgr7wCwkRJAblx6BUt
G+RHogzsAm2xA5x1a+HIvDV/nyD6l6pzmvY9BQ0WIedwhp8Jw9yV5jx+icWrEfkk
ugL1Ki43nmLjG7j2RH47eZ37SkCpGR1lD7A1TVICZHo=
]
INFO	[2020-08-11 14:01:20:547] <15477> VERIFY OK
INFO	[2020-08-11 14:01:20:547] <15477> PARSE HEAD OK
INFO	[2020-08-11 14:01:20:548] <15477> PARSE BODY OK
INFO	[2020-08-11 14:01:20:548] <15477> DECRYPT OK
DEBUG	[2020-08-11 14:01:20:548] <15477> DECRYPT MSG:[<?xml version="1.0" encoding="UTF-8"?><CancelInfo>
<ResultCode>504685</ResultCode>
<ResultMsg urlencode="1">%BF%A1%BD%BA%C5%A9%B7%CE+%B0%C5%B7%A1+%C3%EB%BC%D2+%BA%D2%B0%A1.+%BF%A1%BD%BA%C5%A9%B7%CE+%B0%C5%B7%A1+%C3%EB%BC%D2+%B9%E6%B9%FD%C0%BB+%C8%AE%C0%CE+%C7%CF%BF%A9+%C1%D6%BD%C3%B1%E2+%B9%D9%B6%F8%B4%CF%B4%D9.</ResultMsg>
</CancelInfo>]
INFO	[2020-08-11 14:01:20:548] <15477> DECRYPT PARSE OK
INFO	[2020-08-11 14:01:20:548] <15477> END cancel [504685|에스크로 거래 취소 불가. 에스크로 거래 취소 방법을 확인 하여 주시기 바랍니다.] Laptime:[0.269sec]
INFO	[2020-08-11 14:01:20:548] <15477> ===============================================================
INFO	[2020-08-11 14:01:35:732] <12972> START INIPHP cancel (V5036-141209)(OS:Linux2.6.32-754.11.1.el6.x86_64,PHP:5.3.3)
DEBUG	[2020-08-11 14:01:35:732] <12972> inipayhome:/home/killdeal/public_html/shop/inicis
DEBUG	[2020-08-11 14:01:35:732] <12972> debug:false
DEBUG	[2020-08-11 14:01:35:732] <12972> type:cancel
DEBUG	[2020-08-11 14:01:35:732] <12972> mid:majorgol03
DEBUG	[2020-08-11 14:01:35:732] <12972> admin:1111
DEBUG	[2020-08-11 14:01:35:732] <12972> tid:StdpayVBNKmajorgol0320200811140045679134
DEBUG	[2020-08-11 14:01:35:732] <12972> cancelmsg:주문자 본인 취소-구매의사 없음
INFO	[2020-08-11 14:01:35:732] <12972> Check Field OK
INFO	[2020-08-11 14:01:35:732] <12972> PI PUB KEY LOAD OK []
INFO	[2020-08-11 14:01:35:732] <12972> PG PUB KEY LOAD OK [30]
INFO	[2020-08-11 14:01:35:732] <12972> MERCHANT PRIV KEY LOAD OK
INFO	[2020-08-11 14:01:35:732] <12972> MERCHANT PUB KEY LOAD OK [0]
DEBUG	[2020-08-11 14:01:35:733] <12972> MAKE ENCRYPT OK[<?xml version="1.0" encoding="UTF-8"?>
<CancelInfo>
	  <CancelTID>StdpayVBNKmajorgol0320200811140045679134</CancelTID>
	  <CancelMsg urlencode="1">%C1%D6%B9%AE%C0%DA+%BA%BB%C0%CE+%C3%EB%BC%D2-%B1%B8%B8%C5%C0%C7%BB%E7+%BE%F8%C0%BD</CancelMsg>
	  <CancelReason/></CancelInfo>]
INFO	[2020-08-11 14:01:35:733] <12972> MAKE BODY OK
INFO	[2020-08-11 14:01:35:733] <12972> SIGN OK
INFO	[2020-08-11 14:01:35:733] <12972> MAKE HEAD OK
INFO	[2020-08-11 14:01:35:733] <12972> MSG_TO_PG:[0099400175D SHA1                   0                                      300420majorgol03                    StdpayVBNKmajorgol0320200811140045679134<?xml version="1.0" encoding="UTF-8"?>
<INIpay>
	  <CancelInfo>
	    <SessionKey>js0/9OF2/yDFrXfDEkfJMWrNr93KFBIhrAURovCKP/UmvKNvQIOq/EaeKCcUHIf+
wCZ2J2T76Lvp+w7UQjkDXZIfqACAAmxBwLijXJnmCrrsVyvmBhkQ+QD1daioY0Mh
ZvksD9N4X+cocnYk30FAAViaGs/YhcJo+fB8mRbYODYJPWcJumJX7Q==
</SessionKey>
	    <Encrypted>/WZ1/S6j0xw4mb+qkQ7inIWYZS6DiWO2b+coyEGFoXo6wWOkE+/j0iFE3pmFuGjF
xey8prs1s1/Dt1tl0So/7/crIQkRAQ8wYFITjztoY35P40SSRPKaAiYFZn4+AcxM
k+U54Nc2FCCe2wFCayq1LccIWgaZLmnolBxj21wUzZC2Gy6pBfDaWo3+Xl4YpTf/
6YO/DfTIzmF7VGHsPK+l+QLZkJ+WG0hpjpCnTO632dZLPWFWta3QNiNZop4ejlPx
6y12AEbNgVtmGoxHqgB+fYsOlkgVuNlfQBOgkVguguvyHO/NO1i1GAJSjuj6LQZc
vcq350QMUN8NFICJdmks8KPZ+nQSJ4hrYRKZDRUhUTj2Mp2+99gltQ==
</Encrypted></CancelInfo>
	  <ReservedInfo>
	    <MReserved1/>
	    <MReserved2/>
	    <MReserved3/></ReservedInfo>
	  <ManageInfo>
	    <Language/>
	    <URL/>
	    <TXVersion>5036B141209canceLinux     PHPchkfake   2.6.32-754.11.1.el6.x86_64PHP:</TXVersion>
	    <TXUserID/>
	    <TXRegNum/></ManageInfo></INIpay>AEmPK9zqBr7WyRcVsMDVqzjLNibpKTob4ZJ9qLNstS6QvlLpqUcCnrKawLuMuAUF
YwlBDSBaE96Q20wHfKp8iNHIf6BgQUWuaGuqP0DSoqLq5ghN3xjpUao2a2/bQFve
q3AXZnJ6cDSFuD+N3MLPYIRElCgVWNnDIbErDq6EoX5o
]
INFO	[2020-08-11 14:01:35:733] <12972> DNS LOOKUP OK(203.238.37.3:203.238.37.3:34049) laptime:0
INFO	[2020-08-11 14:01:35:736] <12972> SOCKET CONNECT OK
INFO	[2020-08-11 14:01:35:736] <12972> SEND OK
INFO	[2020-08-11 14:01:35:982] <12972> RECV OK
INFO	[2020-08-11 14:01:35:982] <12972> MSG_FROM_PG:[0159300175D SHA1                   0                                      300430majorgol03                    StdpayVBNKmajorgol0320200811140045679134<?xml version="1.0" encoding="UTF-8"?>
<INIpay>
  <CancelInfo>
    <ResultCode>170000</ResultCode>
    <ResultMsg urlencode="1">%C1%A4%BB%F3%C3%B3%B8%AE%B5%C7%BE%FA%BD%C0%B4%CF%B4%D9.</ResultMsg>
    <SessionKey>AFOh/92MeLjaqxy/1vDyCyA5remaYsDMs8PD+TJmLa4H+Hcxdi1LA9twUI6pFxnt
bxV4jNfGLJdJsIZRAaU+HaDTuaS6MIRMjtF5J2fnJRfG3IEseLATc8jmxCeeZq9S
pH4VgzP6CCS68d+Tp9N5BAJj4stPbhMYYG6HzK4EUJgN+bRZIE90JtQ=
</SessionKey>
    <Encrypted>ZmUXCDiQ3rPtw6lyiEJuMIOOYpOhwVNd4NrelR4x+3vCvUN+WyRMZIxGZgWf5bsP
UO1syo3aXjUxlvbrGjrlkl3GExmoQ6H9XuVVobM4xQpQHhdZY/Dij2UJU2LWZ7X4
ICVB4junxsufSM7Yp/kswCT3QJ/qfO3KitzGnjFYprbVj+dnyXoRMJofVALhnQW/
QtODlLn0Hhb23BHnGXYCr+0UqpwGWfxSeFVcuxl9ofgYyfsHRezTN/+up6cMJWJz
DJt8uw/NETky+bGfVKTEBbIIoJ0d4NGmqmBc0qMJcos0SPN+hz3/KIowmVoM2WSA
ncfX7ItWcDlhw0cVrlMJxzpsSjudC1trNZv8Iu0whviBGj0eZfFmdY80wXFYXkrf
L77p8Mh0G/ylxd9KuDDthOjTGx0YheRYZS0xdXDak62kKoVuVeO7p6iW76bmV79m
PTq7pKmBDn6CdGwcZTvB45MEe6IOgDwVvEG9U4vbUwOJUUvmT6D5uGx/169gd7M8
TfJPof2JYbEQWuSU7sZsGZEorQuqzDTnPH1rEwERTucfaZskKoSqTr6GxcNcmVbM
Rwy4ob1OdqL3jv1Fom1yS49EtnNBccQKq1Jb2+fWPA0a9zk66BDEWrGQOhrnSNU7
eQbHceYrXo0PEGoCsTwIC5IGBModLDr66qJ4P4z5zJJVB/5mNSTgb0VUO37ZJS/i
P92j6hjmLFvab+dmsTjTvn7dawQvHRHCIKHp2me2QZY4zWW/fSSYEZgUgaNXvXNU
T4Wkt7cyb9cv5USccxmYaQ==
</Encrypted>
  </CancelInfo>
  <ManageInfo/>
  <ReservedInfo>
    <MReserved1 urlencode="1"></MReserved1>
    <MReserved2 urlencode="1"></MReserved2>
    <MReserved3 urlencode="1"></MReserved3>
    <PGReserved1 urlencode="1"></PGReserved1>
    <PGReserved2 urlencode="1"></PGReserved2>
    <PGReserved3 urlencode="1"></PGReserved3>
  </ReservedInfo>
</INIpay>
fOAeFLLcDIQjRb79f8BqlnQ3W47euqK9ZoK5IYxCeGEuPAY4z3Oa6xIy105IiHAR
lvG1XPu82D/q/EbMagQFNeOSxR7secmhgCslV/5zr/XGvAbg0/xqjhElJqLm7dgq
BM4t4NnVTvM2NVlp0d0uowJ9rtdBbGZ4iKZI/k6KagM=
]
INFO	[2020-08-11 14:01:35:982] <12972> VERIFY OK
INFO	[2020-08-11 14:01:35:982] <12972> PARSE HEAD OK
INFO	[2020-08-11 14:01:35:983] <12972> PARSE BODY OK
INFO	[2020-08-11 14:01:35:984] <12972> DECRYPT OK
DEBUG	[2020-08-11 14:01:35:984] <12972> DECRYPT MSG:[<?xml version="1.0" encoding="UTF-8"?>
<CancelInfo>
  <CancelDate>20200811</CancelDate>
  <CancelTime>140136</CancelTime>
  <ResultCode>170000</ResultCode>
  <ResultMsg urlencode="1">%C1%A4%BB%F3%C3%B3%B8%AE%B5%C7%BE%FA%BD%C0%B4%CF%B4%D9.</ResultMsg>
  <CSHR_CancelNum></CSHR_CancelNum>
  <CSHR_CancelDate>20200811</CSHR_CancelDate>
  <CSHR_CancelTime>140136</CSHR_CancelTime>
  <CSHR_ResultCode>220000</CSHR_ResultCode>
  <CSHR_ResultMsg urlencode="1">%C1%A4%BB%F3%C3%B3%B8%AE%B5%C7%BE%FA%BD%C0%B4%CF%B4%D9.</CSHR_ResultMsg>
  <VACT_FlgRemit urlencode="1"></VACT_FlgRemit>
</CancelInfo>]
INFO	[2020-08-11 14:01:35:984] <12972> DECRYPT PARSE OK
INFO	[2020-08-11 14:01:35:984] <12972> END cancel 정상처리되었습니다. Laptime:[0.252sec]
INFO	[2020-08-11 14:01:35:984] <12972> ===============================================================
INFO	[2020-08-11 14:11:04:753] <12972> START INIPHP cancel (V5036-141209)(OS:Linux2.6.32-754.11.1.el6.x86_64,PHP:5.3.3)
DEBUG	[2020-08-11 14:11:04:753] <12972> inipayhome:/home/killdeal/public_html/shop/inicis
DEBUG	[2020-08-11 14:11:04:753] <12972> debug:false
DEBUG	[2020-08-11 14:11:04:753] <12972> type:cancel
DEBUG	[2020-08-11 14:11:04:753] <12972> mid:majorgol03
DEBUG	[2020-08-11 14:11:04:753] <12972> admin:1111
DEBUG	[2020-08-11 14:11:04:753] <12972> tid:INIMX_CARDmajorgol0320200803123049945811
DEBUG	[2020-08-11 14:11:04:753] <12972> cancelmsg:쇼핑몰 운영자 승인 취소
INFO	[2020-08-11 14:11:04:754] <12972> Check Field OK
INFO	[2020-08-11 14:11:04:754] <12972> PI PUB KEY LOAD OK []
INFO	[2020-08-11 14:11:04:754] <12972> PG PUB KEY LOAD OK [30]
INFO	[2020-08-11 14:11:04:754] <12972> MERCHANT PRIV KEY LOAD OK
INFO	[2020-08-11 14:11:04:754] <12972> MERCHANT PUB KEY LOAD OK [0]
DEBUG	[2020-08-11 14:11:04:754] <12972> MAKE ENCRYPT OK[<?xml version="1.0" encoding="UTF-8"?>
<CancelInfo>
	  <CancelTID>INIMX_CARDmajorgol0320200803123049945811</CancelTID>
	  <CancelMsg urlencode="1">%BC%EE%C7%CE%B8%F4+%BF%EE%BF%B5%C0%DA+%BD%C2%C0%CE+%C3%EB%BC%D2</CancelMsg>
	  <CancelReason/></CancelInfo>]
INFO	[2020-08-11 14:11:04:755] <12972> MAKE BODY OK
INFO	[2020-08-11 14:11:04:755] <12972> SIGN OK
INFO	[2020-08-11 14:11:04:755] <12972> MAKE HEAD OK
INFO	[2020-08-11 14:11:04:755] <12972> MSG_TO_PG:[0096200175D SHA1                   0                                      300420majorgol03                    INIMX_CARDmajorgol0320200803123049945811<?xml version="1.0" encoding="UTF-8"?>
<INIpay>
	  <CancelInfo>
	    <SessionKey>CGGyIJm57FZ6jJz/DYKZjtzJ0/48sHzJW6lRiGCCx4VCMrfkt+5nILMAkaw6Yqy0
81teB5jD0SJyGDT8FNOty/h82wcX5plepiPukwzlwWiIpO+TSLNmiVC29R6R+ZLy
8yPdI6AcdOzV+T2IseakbAiGFkd5P3s1InRCN41AAwFVdmceVx5+YA==
</SessionKey>
	    <Encrypted>wjTXm97iCeqGyucMb4y3L4FPGw/DMelvQ2H7cf1KElu3VY6uFviURrkpo6g3L4Ah
GkM+6lkRUHEMdiaaaCLkefqPwUeBcAq0sB8A6sZqKaKNkzRcjLiiAJWlDRBKuUKq
EP5Llld/1K+6E4xikKBMBL8lsO1AAkiUOb2l4fBDa/XS82I0aEWn1yYbZ/T67O2Q
d0cQpECzaZEN2ZKY4A/jPrhD15b+zmRcSfLuYXg2dGfAr7poXQ+bOR/UClyBW87W
7EoN5NWhdUepF+Up6EQXmrLMWWWDSf+F7YNp/SI8QHag3JugRTnhbKV/CD0TBT3S
qjAsx6G6Mbcs4eB1U4UDkQ==
</Encrypted></CancelInfo>
	  <ReservedInfo>
	    <MReserved1/>
	    <MReserved2/>
	    <MReserved3/></ReservedInfo>
	  <ManageInfo>
	    <Language/>
	    <URL/>
	    <TXVersion>5036B141209canceLinux     PHPchkfake   2.6.32-754.11.1.el6.x86_64PHP:</TXVersion>
	    <TXUserID/>
	    <TXRegNum/></ManageInfo></INIpay>AO/ofRa5IhiB8cwlejmcpzCLlnPaANRZNyqeA+yqbRYAvzsrZFnAC7s9jpRYEz9+
s8K5+kUzopbExAy2ql3977aTEvcXN30IrscS2Nx8T5B+Gz1emEEFjm2IkowPK8km
ggiKxXL68vKyT6GfeS5Z3FF9X70lvyl83+4wYrGXJ1N6
]
INFO	[2020-08-11 14:11:04:755] <12972> DNS LOOKUP OK(203.238.37.3:203.238.37.3:34049) laptime:0
INFO	[2020-08-11 14:11:04:759] <12972> SOCKET CONNECT OK
INFO	[2020-08-11 14:11:04:759] <12972> SEND OK
INFO	[2020-08-11 14:11:05:136] <12972> RECV OK
INFO	[2020-08-11 14:11:05:137] <12972> MSG_FROM_PG:[0115800175D SHA1                   0                                      300430majorgol03                    INIMX_CARDmajorgol0320200803123049945811<?xml version="1.0" encoding="UTF-8"?>
<INIpay>
  <CancelInfo>
    <ResultCode>120000</ResultCode>
    <ResultMsg urlencode="1">%C1%A4%BB%F3%C3%B3%B8%AE%B5%C7%BE%FA%BD%C0%B4%CF%B4%D9.</ResultMsg>
    <SessionKey>ALzB/CW1Fcq95DBTkouZ9wgZuBDoRXo9kwuZrVQzdNNlLB164B/F22pRljItHVOY
ycqx2Nu3VYvAgBbOLu0HglXHYG8GGL+YRhTGXsnJk8MHFfXaE6YqLNaDQrRNvPcS
C6S41BonY1EzwUQK0FL8dGImcsAxZYeoJ5D7R58ApNUUpeOAd7POsj8=
</SessionKey>
    <Encrypted>/Chk6/YIO5vzKArjK8Fapn4ILB7ivVz3SRJRjcSyaC/VHF+W80qQWAAg60EyTBJ8
B06ERkXLyMLfGFsNvPOh+qDnRRpe8h2W5h4/JbC8YyZ/3+h8aJP4SA+vv3DNeQ1A
YEly/TWEs0bLC8xXdYDhSvrCi6yLfp8g4sLsX8cr5d8/SEEpJgKqvKxkx+Bo5aPO
zpyebAfn6D7Qx5JHNo1P0I4ZLaXy0747Yl5VMrPSbLWUzT5yVg4/DEMxQvfV1fiF
Lah1sQwuE7AosFP3dcOEjFkL5srnLyXZwveWcopcnJsMNWq7i/H+pBXmiQFMR8oY
GjgmAPG0FaS9ZOa22enjR4J/7dun3//1pTpPhB1yZek=
</Encrypted>
  </CancelInfo>
  <ManageInfo/>
  <ReservedInfo>
    <MReserved1 urlencode="1"></MReserved1>
    <MReserved2 urlencode="1"></MReserved2>
    <MReserved3 urlencode="1"></MReserved3>
    <PGReserved1 urlencode="1"></PGReserved1>
    <PGReserved2 urlencode="1"></PGReserved2>
    <PGReserved3 urlencode="1"></PGReserved3>
  </ReservedInfo>
</INIpay>
zbO5d5fYGaPHEMFc3XC2+MyNrPPL+0ynDY4pBndyQX2dwmaLVfPAmkqRwCC+4pXw
xhxXwThvKn+EHN5VG15QJClASpUnoAlnb9foT66WxSDNd4Ve4ZSYcSb/LM8hKU9M
LuqwGuQf7wNZbWAzKIA4iIEjdB57JJH+4xVFysne2To=
]
INFO	[2020-08-11 14:11:05:137] <12972> VERIFY OK
INFO	[2020-08-11 14:11:05:137] <12972> PARSE HEAD OK
INFO	[2020-08-11 14:11:05:137] <12972> PARSE BODY OK
INFO	[2020-08-11 14:11:05:138] <12972> DECRYPT OK
DEBUG	[2020-08-11 14:11:05:138] <12972> DECRYPT MSG:[<?xml version="1.0" encoding="UTF-8"?>
<CancelInfo>
  <CancelDate>20200811</CancelDate>
  <CancelTime>141105</CancelTime>
  <ResultCode>120000</ResultCode>
  <ResultMsg urlencode="1">%C1%A4%BB%F3%C3%B3%B8%AE%B5%C7%BE%FA%BD%C0%B4%CF%B4%D9.</ResultMsg>
</CancelInfo>]
INFO	[2020-08-11 14:11:05:138] <12972> DECRYPT PARSE OK
INFO	[2020-08-11 14:11:05:138] <12972> END cancel 정상처리되었습니다. Laptime:[0.384sec]
INFO	[2020-08-11 14:11:05:138] <12972> ===============================================================
INFO	[2020-08-11 15:21:32:153] <11050> START INIPHP cancel (V5036-141209)(OS:Linux2.6.32-754.11.1.el6.x86_64,PHP:5.3.3)
DEBUG	[2020-08-11 15:21:32:153] <11050> inipayhome:/home/killdeal/public_html/shop/inicis
DEBUG	[2020-08-11 15:21:32:153] <11050> debug:false
DEBUG	[2020-08-11 15:21:32:153] <11050> type:cancel
DEBUG	[2020-08-11 15:21:32:153] <11050> mid:majorgol03
DEBUG	[2020-08-11 15:21:32:153] <11050> admin:1111
DEBUG	[2020-08-11 15:21:32:153] <11050> tid:StdpayCARDmajorgol0320200811125242927866
DEBUG	[2020-08-11 15:21:32:153] <11050> cancelmsg:쇼핑몰 운영자 승인 취소
INFO	[2020-08-11 15:21:32:154] <11050> Check Field OK
INFO	[2020-08-11 15:21:32:154] <11050> PI PUB KEY LOAD OK []
INFO	[2020-08-11 15:21:32:154] <11050> PG PUB KEY LOAD OK [30]
INFO	[2020-08-11 15:21:32:154] <11050> MERCHANT PRIV KEY LOAD OK
INFO	[2020-08-11 15:21:32:154] <11050> MERCHANT PUB KEY LOAD OK [0]
DEBUG	[2020-08-11 15:21:32:155] <11050> MAKE ENCRYPT OK[<?xml version="1.0" encoding="UTF-8"?>
<CancelInfo>
	  <CancelTID>StdpayCARDmajorgol0320200811125242927866</CancelTID>
	  <CancelMsg urlencode="1">%BC%EE%C7%CE%B8%F4+%BF%EE%BF%B5%C0%DA+%BD%C2%C0%CE+%C3%EB%BC%D2</CancelMsg>
	  <CancelReason/></CancelInfo>]
INFO	[2020-08-11 15:21:32:155] <11050> MAKE BODY OK
INFO	[2020-08-11 15:21:32:155] <11050> SIGN OK
INFO	[2020-08-11 15:21:32:155] <11050> MAKE HEAD OK
INFO	[2020-08-11 15:21:32:155] <11050> MSG_TO_PG:[0096200175D SHA1                   0                                      300420majorgol03                    StdpayCARDmajorgol0320200811125242927866<?xml version="1.0" encoding="UTF-8"?>
<INIpay>
	  <CancelInfo>
	    <SessionKey>d6/NOt5IpJwRq6rVxmIyOPjqO1jOmfw0DnysXmkdcJIQ3lfvuFKbOX3euyzyPUjB
MQyhCaL2f3HL+XmGqpRAaL95Z8+9FumZ6riDJTSaMama4BuJgJjqgc1CRnk+P8SF
Is4+EeaN3cQfGbAoTNya/3YAi5NV8kHRpW7IDTp/xI7kCghfuheSyA==
</SessionKey>
	    <Encrypted>vw+t0p89kfzoWPqSSDc3FrxKSpPD+wjhu1k3t5LKAFarg+C+hHQ4Ippz5IFDVrCq
qp6Y+oG4D/refW+RaiNy27isBs/T+x+bpGxwEnDjU8dCVEedWaUaJSUyM9fLpvLs
UJQcczgh+XO7S5WC36p4mNvwzVNpsgbG4FsTSrtqixXJ31j76naf14z6trq5AW7D
zhcKyweqIUzxujW+CNEGaPuNFrrmk1DL+yHp1djc5y4rg450is+1ka0NQZrwBqSo
QD6AXrcPokmtLg5+bgfnuJPLZj3rw/MCbVzCJiXZGwdB/N8icqQIxypY9IbEpZPA
XwpGRjC1AeCSYE8Cq6cj9A==
</Encrypted></CancelInfo>
	  <ReservedInfo>
	    <MReserved1/>
	    <MReserved2/>
	    <MReserved3/></ReservedInfo>
	  <ManageInfo>
	    <Language/>
	    <URL/>
	    <TXVersion>5036B141209canceLinux     PHPchkfake   2.6.32-754.11.1.el6.x86_64PHP:</TXVersion>
	    <TXUserID/>
	    <TXRegNum/></ManageInfo></INIpay>AN8jEonhOjmbPG5CxK8R/NYrgM9n8sDywgfkTPRj5FnTEWWuIy1M/TWp8lUh7QES
PTlZcKH1ZDukSNCYWSD1qpAWkoAfB5lwxcGBroeU+0SVlhPMW/b2MPszk6c/5IKM
YCFZrW5cFlrlBAPp2hgAT8HuYSFuiR0Al8laAZWlYDi7
]
INFO	[2020-08-11 15:21:32:155] <11050> DNS LOOKUP OK(203.238.37.3:203.238.37.3:34049) laptime:0
INFO	[2020-08-11 15:21:32:159] <11050> SOCKET CONNECT OK
INFO	[2020-08-11 15:21:32:159] <11050> SEND OK
INFO	[2020-08-11 15:21:32:799] <11050> RECV OK
INFO	[2020-08-11 15:21:32:799] <11050> MSG_FROM_PG:[0093300175D SHA1                   0                                      300430majorgol03                    StdpayCARDmajorgol0320200811125242927866<?xml version="1.0" encoding="UTF-8"?><INIpay>
<CancelInfo>
<ResultCode>120000</ResultCode>
<ResultMsg urlencode="1">%C1%A4%BB%F3%C3%B3%B8%AE%B5%C7%BE%FA%BD%C0%B4%CF%B4%D9.</ResultMsg>
<SessionKey>AG5JE9XCklCyBt8jRAY3JSuiIU/Id2lMC4ytEvSC7rj4yunu46x5d6Ehw/m/zmla
Fpt3s//bkGSpAQqbsbMBlF5Ab2heGGWq0HvUKQoTorI4THHSq8iABIy7QiIritwm
T3cgmk1RFTCiXsKxYCqt26YRvHaaBTmOsHkmJ7Rqk6sBQaAEAezlYNg=
</SessionKey>
<Encrypted>IbxVwcGdI1GEsERTDNQQQJtrWBKAea/zCnL3Am4512RkGuCr+tOYAZ2AZc31CUh2
OZKY6mlMmQf9UleByLiYFEBxaZqOVuNm7RE4r4ljWcRghRotTwVz7wVsegtCVvT6
Ro7P1koDuWeGoI0IWKjEPChKcZblnEtrHnPQ+5DnC/8BerwNb8/c4HyVCySjb7d+
F3qhLdIdmLSPGKU1JRX+Sm/i1mKakDSqEfjG8RJe4POMNaTwtzNOfCfoh2QlSzwI
tVF0hnF0dmggbsw+SATyFY913B4FBR7KKJ6Apw7YOFAHEFu6zl3de8mDB9ecqgpV
3pzee+CT/7bdumHQLLwGliBFiO3WVvpO
</Encrypted>
</CancelInfo>
<ManageInfo/>
<ReservedInfo>
<MReserved1 urlencode="1"/>
<MReserved2 urlencode="1"/>
<MReserved3 urlencode="1"/>
</ReservedInfo>
</INIpay>
xfrip78p3pQHinwfikTGtU1nMkYvy5zAgdppITHrDU7un1142tzYGDNZfD4ByxXY
NXPD7pH5s4kRuvdqA+h0L7hMfZcXZRyPJ8Xc2aAj68aCVSs7Nlwfklfz9gHSPh70
uHpLoiJgexrfNWBRv5WlDeOLMdU/pYOsD5pfiqA/eZ8=
]
INFO	[2020-08-11 15:21:32:799] <11050> VERIFY OK
INFO	[2020-08-11 15:21:32:799] <11050> PARSE HEAD OK
INFO	[2020-08-11 15:21:32:799] <11050> PARSE BODY OK
INFO	[2020-08-11 15:21:32:800] <11050> DECRYPT OK
DEBUG	[2020-08-11 15:21:32:800] <11050> DECRYPT MSG:[<?xml version="1.0" encoding="UTF-8"?><CancelInfo>
<CancelDate>20200811</CancelDate>
<CancelTime>152133</CancelTime>
<ResultCode>120000</ResultCode>
<ResultMsg urlencode="1">%C1%A4%BB%F3%C3%B3%B8%AE%B5%C7%BE%FA%BD%C0%B4%CF%B4%D9.</ResultMsg>
</CancelInfo>]
INFO	[2020-08-11 15:21:32:800] <11050> DECRYPT PARSE OK
INFO	[2020-08-11 15:21:32:800] <11050> END cancel 정상처리되었습니다. Laptime:[0.647sec]
INFO	[2020-08-11 15:21:32:800] <11050> ===============================================================
