INFO	[2020-11-05 14:53:23:699] <27351> START INIPHP cancel (V5036-141209)(OS:Linux2.6.32-754.11.1.el6.x86_64,PHP:5.3.3)
DEBUG	[2020-11-05 14:53:23:699] <27351> inipayhome:/home1/killdeal/public_html/shop/inicis
DEBUG	[2020-11-05 14:53:23:699] <27351> debug:false
DEBUG	[2020-11-05 14:53:23:699] <27351> type:cancel
DEBUG	[2020-11-05 14:53:23:699] <27351> mid:majorgol03
DEBUG	[2020-11-05 14:53:23:699] <27351> admin:1111
DEBUG	[2020-11-05 14:53:23:699] <27351> tid:INIMX_CARDmajorgol0320201028172349685986
DEBUG	[2020-11-05 14:53:23:699] <27351> cancelmsg:쇼핑몰 운영자 승인 취소
INFO	[2020-11-05 14:53:23:699] <27351> Check Field OK
INFO	[2020-11-05 14:53:23:699] <27351> PI PUB KEY LOAD OK []
INFO	[2020-11-05 14:53:23:700] <27351> PG PUB KEY LOAD OK [30]
INFO	[2020-11-05 14:53:23:700] <27351> MERCHANT PRIV KEY LOAD OK
INFO	[2020-11-05 14:53:23:700] <27351> MERCHANT PUB KEY LOAD OK [0]
DEBUG	[2020-11-05 14:53:23:701] <27351> MAKE ENCRYPT OK[<?xml version="1.0" encoding="UTF-8"?>
<CancelInfo>
	  <CancelTID>INIMX_CARDmajorgol0320201028172349685986</CancelTID>
	  <CancelMsg urlencode="1">%BC%EE%C7%CE%B8%F4+%BF%EE%BF%B5%C0%DA+%BD%C2%C0%CE+%C3%EB%BC%D2</CancelMsg>
	  <CancelReason/></CancelInfo>]
INFO	[2020-11-05 14:53:23:701] <27351> MAKE BODY OK
INFO	[2020-11-05 14:53:23:701] <27351> SIGN OK
INFO	[2020-11-05 14:53:23:701] <27351> MAKE HEAD OK
INFO	[2020-11-05 14:53:23:701] <27351> MSG_TO_PG:[0096200175D SHA1                   0                                      300420majorgol03                    INIMX_CARDmajorgol0320201028172349685986<?xml version="1.0" encoding="UTF-8"?>
<INIpay>
	  <CancelInfo>
	    <SessionKey>kQ1DWal/udT7IcB8eXipVq3kKDJcqMFkzxX67T8YLeLeUakFnGDpIIHnnzygMcxv
uUcry7HdCiQUhJZSdZz3LBzUndWtImPTBXZFqci4uVB4Ob0O9uULtY0w5z3Lx/bY
5U1WbcOJxVXluhdfdR2rrnNsSa/ce8re241G4e9nTPezusTze63BEw==
</SessionKey>
	    <Encrypted>ZrTxNnLtoCp5WURVkpJ5AAVkJo70PP0S9trzcf46ofdU2AMu1a/jC6E5jjt18Pck
5HSxNZjLiDbbYHYtS5N0/sdptNI0Ew0PbJXTLWh2Pm02MIy9O9RiCHav205MzWt8
Olsr21Xrcjj5Y89B7YFSe1C6biYStecHcHA07oxCEiNdJokbu5/B3QWtuawblpdy
4aOSDi++nKfO1Yky6jH/ic+HSAOIK/XgFex07LtkItZ4z/QZ3nFFKbyi0HssWThd
wvDSn3Mm8OtrDSuYzgzI8NDEPfPT5RlfQDpn0OgnCdLmXm+i4TuokiMUw6UJfhj8
3pGdAV/BYxplwsJW3KJrEA==
</Encrypted></CancelInfo>
	  <ReservedInfo>
	    <MReserved1/>
	    <MReserved2/>
	    <MReserved3/></ReservedInfo>
	  <ManageInfo>
	    <Language/>
	    <URL/>
	    <TXVersion>5036B141209canceLinux     PHPchkfake   2.6.32-754.11.1.el6.x86_64PHP:</TXVersion>
	    <TXUserID/>
	    <TXRegNum/></ManageInfo></INIpay>AOeN1Tkjh98LL6wswK6KL9rVYsHLZht9teiTZBnh+WeHLAaNVr5orx5F2Vl7DKtb
ZvW5EOXX5RuQP8TNjPvgnOHVj1YWumZcs9TOJcGr/Gcf8Rw8oAxTTOWhAIz7H+IV
wiHqqU7b/XHtOSvRFDyzOoljAV2QqpvLW06vhAxRpWoZ
]
INFO	[2020-11-05 14:53:23:701] <27351> DNS LOOKUP OK(203.238.37.3:203.238.37.3:34049) laptime:0
INFO	[2020-11-05 14:53:23:704] <27351> SOCKET CONNECT OK
INFO	[2020-11-05 14:53:23:704] <27351> SEND OK
INFO	[2020-11-05 14:53:24:107] <27351> RECV OK
INFO	[2020-11-05 14:53:24:107] <27351> MSG_FROM_PG:[0093300175D SHA1                   0                                      300430majorgol03                    INIMX_CARDmajorgol0320201028172349685986<?xml version="1.0" encoding="UTF-8"?><INIpay>
<CancelInfo>
<ResultCode>120000</ResultCode>
<ResultMsg urlencode="1">%C1%A4%BB%F3%C3%B3%B8%AE%B5%C7%BE%FA%BD%C0%B4%CF%B4%D9.</ResultMsg>
<SessionKey>APOitnB/XAA2pMcib52gowQavz/aQiDw9qo3yAbY9uT8j9TyQ3h3m+WBxFcB4DMo
D7ltJ0i3k2eDJC02Fm5ObdXJl/1oMVJG40Gm0Lr2lAO+FWEE9abpx5Hes33/X191
SwJDyJKLDneBfChTs72KWLra/eMshuLG6J0/OON7TWVKRnpAkznD1uI=
</SessionKey>
<Encrypted>iwRRWatOCzU1l7Z1lUhmsPisNhre/lhQn64YLgeSdJfmuo8HFRLooqu3P5u6QoJ+
Q+ot3EMTo0qW0YQQIif3lUlyj++o/IZrhWgOMlcjNWZ0B9u/8jpsgWEhPdr/Toml
qGv7l8WeGUG6hHz/fCYGjA3zRW9wpLsIkoF2ttdEAD0QedGkr92AtcwaRR/6+QAR
K2FjSdLHB9V6WsnS+8FpDjXF5BGCBOyz8mD+1d1wOA8WwZD++BHGeMhyfItSWWgl
3GykjBE+YDr/kEq4yxLODrC8utSfzoozbDBnd7OVNgP+Xq6RIkf5HV4nymAsX42C
7447fKZmDF4EOJzmml8aLRnMyxEBSrXc
</Encrypted>
</CancelInfo>
<ManageInfo/>
<ReservedInfo>
<MReserved1 urlencode="1"/>
<MReserved2 urlencode="1"/>
<MReserved3 urlencode="1"/>
</ReservedInfo>
</INIpay>
qjw8NuCIgUoK79ZBosZWXn8ifvZffrcaO/d76jZrraH6BRfjyi7TERCGXJJDv7tv
vu6U2M2VJyLBJ9PWknUoq7Y6hi+3oEmQJ8hRwcabkkJ9mWU60lkWw9Ctw5ft/6Ib
NnMXtSq93gERLkjltbah3x1skUyVwgX7g5CNEXQyN9U=
]
INFO	[2020-11-05 14:53:24:107] <27351> VERIFY OK
INFO	[2020-11-05 14:53:24:107] <27351> PARSE HEAD OK
INFO	[2020-11-05 14:53:24:108] <27351> PARSE BODY OK
INFO	[2020-11-05 14:53:24:108] <27351> DECRYPT OK
DEBUG	[2020-11-05 14:53:24:108] <27351> DECRYPT MSG:[<?xml version="1.0" encoding="UTF-8"?><CancelInfo>
<CancelDate>20201105</CancelDate>
<CancelTime>145323</CancelTime>
<ResultCode>120000</ResultCode>
<ResultMsg urlencode="1">%C1%A4%BB%F3%C3%B3%B8%AE%B5%C7%BE%FA%BD%C0%B4%CF%B4%D9.</ResultMsg>
</CancelInfo>]
INFO	[2020-11-05 14:53:24:108] <27351> DECRYPT PARSE OK
INFO	[2020-11-05 14:53:24:108] <27351> END cancel 정상처리되었습니다. Laptime:[0.41sec]
INFO	[2020-11-05 14:53:24:108] <27351> ===============================================================
INFO	[2020-11-05 14:56:26:235] <17163> START INIPHP cancel (V5036-141209)(OS:Linux2.6.32-754.11.1.el6.x86_64,PHP:5.3.3)
DEBUG	[2020-11-05 14:56:26:235] <17163> inipayhome:/home1/killdeal/public_html/shop/inicis
DEBUG	[2020-11-05 14:56:26:235] <17163> debug:false
DEBUG	[2020-11-05 14:56:26:235] <17163> type:cancel
DEBUG	[2020-11-05 14:56:26:235] <17163> mid:majorgol03
DEBUG	[2020-11-05 14:56:26:235] <17163> admin:1111
DEBUG	[2020-11-05 14:56:26:235] <17163> tid:StdpayCARDmajorgol0320201024225229674343
DEBUG	[2020-11-05 14:56:26:235] <17163> cancelmsg:쇼핑몰 운영자 승인 취소
INFO	[2020-11-05 14:56:26:235] <17163> Check Field OK
INFO	[2020-11-05 14:56:26:235] <17163> PI PUB KEY LOAD OK []
INFO	[2020-11-05 14:56:26:236] <17163> PG PUB KEY LOAD OK [30]
INFO	[2020-11-05 14:56:26:236] <17163> MERCHANT PRIV KEY LOAD OK
INFO	[2020-11-05 14:56:26:236] <17163> MERCHANT PUB KEY LOAD OK [0]
DEBUG	[2020-11-05 14:56:26:236] <17163> MAKE ENCRYPT OK[<?xml version="1.0" encoding="UTF-8"?>
<CancelInfo>
	  <CancelTID>StdpayCARDmajorgol0320201024225229674343</CancelTID>
	  <CancelMsg urlencode="1">%BC%EE%C7%CE%B8%F4+%BF%EE%BF%B5%C0%DA+%BD%C2%C0%CE+%C3%EB%BC%D2</CancelMsg>
	  <CancelReason/></CancelInfo>]
INFO	[2020-11-05 14:56:26:237] <17163> MAKE BODY OK
INFO	[2020-11-05 14:56:26:237] <17163> SIGN OK
INFO	[2020-11-05 14:56:26:237] <17163> MAKE HEAD OK
INFO	[2020-11-05 14:56:26:237] <17163> MSG_TO_PG:[0096200175D SHA1                   0                                      300420majorgol03                    StdpayCARDmajorgol0320201024225229674343<?xml version="1.0" encoding="UTF-8"?>
<INIpay>
	  <CancelInfo>
	    <SessionKey>Cfa/d/jGyz7li4eJnFHolDjheaNKGyEF81KUof1AtB3HjERZtRMcAiQ1ylAiMeFP
7yKZndzYvykFsrURoB2Lya1grPypqQb0j6l2I4VDdJkQSuJ8Tiff3ksOimf1a4JL
mY/89w3ML82wy3AhfOMM87VJ1JDaxnJqed429RonnR3IB2/PMrxZlA==
</SessionKey>
	    <Encrypted>r9kPsHhMPuGvbLrtZy9M359ExpKBMK8alizwicE/dnm4y8hPTVXtMMvbAFmKyYzV
UZM7w49/sEoU79SPGILkV5rbfFZDcHdsjbrBvHzBhAQiJPr21bMhx+3QBlgiM4EM
RQWzEf0auvy73Qq84gLuRhqcD7D7KHND3hEnFR4MWlCnSeAHzOgmSjzlGeJWjqpy
8rp/7yAzjRgVjlAlpw1gHL2T8zFngomqZC/A6DSrXyiZ47TRYQGYEbpCdk7tgKSv
jqcIC25TRVstkKSTmReYmFSDhwtDToAawDjoHxGQ1T+Kml7r9vAcEPLsPXzZadX3
3XDsUno050DzT/Yl1uHv3Q==
</Encrypted></CancelInfo>
	  <ReservedInfo>
	    <MReserved1/>
	    <MReserved2/>
	    <MReserved3/></ReservedInfo>
	  <ManageInfo>
	    <Language/>
	    <URL/>
	    <TXVersion>5036B141209canceLinux     PHPchkfake   2.6.32-754.11.1.el6.x86_64PHP:</TXVersion>
	    <TXUserID/>
	    <TXRegNum/></ManageInfo></INIpay>AH1kd9r5MOj5n7zvuduqVSOFNeS/5jvaaYo2V8cGZxSdAdvFwAeUcmYLKVc8x8wt
RO1e5G9Fi7+5QZC8SZFEOCgXrBbGt90M9u11Oc6VpkslbqTVKudyjPxxTZD8cepM
P/KsyiX7eSwoukI193nZ3RthgzrmhTkFrwAlfy+I+I8d
]
INFO	[2020-11-05 14:56:26:237] <17163> DNS LOOKUP OK(203.238.37.3:203.238.37.3:34049) laptime:0
INFO	[2020-11-05 14:56:26:240] <17163> SOCKET CONNECT OK
INFO	[2020-11-05 14:56:26:240] <17163> SEND OK
INFO	[2020-11-05 14:56:26:725] <17163> RECV OK
INFO	[2020-11-05 14:56:26:725] <17163> MSG_FROM_PG:[0093300175D SHA1                   0                                      300430majorgol03                    StdpayCARDmajorgol0320201024225229674343<?xml version="1.0" encoding="UTF-8"?><INIpay>
<CancelInfo>
<ResultCode>120000</ResultCode>
<ResultMsg urlencode="1">%C1%A4%BB%F3%C3%B3%B8%AE%B5%C7%BE%FA%BD%C0%B4%CF%B4%D9.</ResultMsg>
<SessionKey>ADu0BakQ+pAvuJPOl2jNx8QSV4Nfqhs8lmgwn5IBA6zvux6Q1bNIbkGeJrbIhlAy
xjjm9sR8+KtvcoDHCTJI/setQXSPVNqTTW/OZQKX391mzRjjsgQkWpXOTmzNJuRP
XqDpvljKvq+XHS5wEyydqkTIO5w6jAXX1ITIXV5h/ZFK+g3dr6gNTL0=
</SessionKey>
<Encrypted>wyRgO//Tp2Z4KtiWNDbpPrttI1ZODQBxWoordzgS2rEVTZsDVjhEFoNrtXDNV8cx
7IQoGKHNFJyTkYVWri2ZjpgvG0Vlh1lhaJnMq8ScKf6vfCSZ1Nhk6qbO76J0+6Xw
hlhhzWqyl0ZM6RRtI6wAdECHMLQ4R2JZw7vGlE/SFr7rofGk4PQjB+5VMQiuuwmi
zfFy5yyr2zXrCgvo/2ypONoPb+7YxAAUg/QhOcSwzPacP9qYddnC/sdBCXQR7XLJ
J5pYbdatYU29hYxnm7rFFZ2Faidwq4mzXIae+r93rjL2A/xFiDEr4LEvRaOq1zVH
DqG/iecGmec4bdbliuD7+MmRu+0ugTtH
</Encrypted>
</CancelInfo>
<ManageInfo/>
<ReservedInfo>
<MReserved1 urlencode="1"/>
<MReserved2 urlencode="1"/>
<MReserved3 urlencode="1"/>
</ReservedInfo>
</INIpay>
ktW6eCQRq+w7PwNu/Ph0FDFU/mZBsSJ6QMY28MMJ13PkXaRDzfqbJqi2fwX60kpL
4HuxTeRff2207liwee8JuKlBOwiaV8t1ya+lioS8snKi6H9gULOnYiVL1CM53v1Q
usdtfh5u2MM2LVZatxAyNPb+OQK/jue8hBHDZZPQ0aM=
]
INFO	[2020-11-05 14:56:26:725] <17163> VERIFY OK
INFO	[2020-11-05 14:56:26:725] <17163> PARSE HEAD OK
INFO	[2020-11-05 14:56:26:726] <17163> PARSE BODY OK
INFO	[2020-11-05 14:56:26:726] <17163> DECRYPT OK
DEBUG	[2020-11-05 14:56:26:726] <17163> DECRYPT MSG:[<?xml version="1.0" encoding="UTF-8"?><CancelInfo>
<CancelDate>20201105</CancelDate>
<CancelTime>145626</CancelTime>
<ResultCode>120000</ResultCode>
<ResultMsg urlencode="1">%C1%A4%BB%F3%C3%B3%B8%AE%B5%C7%BE%FA%BD%C0%B4%CF%B4%D9.</ResultMsg>
</CancelInfo>]
INFO	[2020-11-05 14:56:26:726] <17163> DECRYPT PARSE OK
INFO	[2020-11-05 14:56:26:727] <17163> END cancel 정상처리되었습니다. Laptime:[0.491sec]
INFO	[2020-11-05 14:56:26:727] <17163> ===============================================================
