INFO	[2022-11-07 17:06:10:365] <27845> START INIPHP repay (V5036-141209)(OS:Linux2.6.32-754.11.1.el6.x86_64,PHP:5.3.3)
DEBUG	[2022-11-07 17:06:10:365] <27845> inipayhome:/home1/killdeal/public_html/shop/inicis
DEBUG	[2022-11-07 17:06:10:365] <27845> debug:false
DEBUG	[2022-11-07 17:06:10:365] <27845> type:repay
DEBUG	[2022-11-07 17:06:10:365] <27845> pgid:INIphpRPAY
DEBUG	[2022-11-07 17:06:10:365] <27845> subpgip:203.238.3.10
DEBUG	[2022-11-07 17:06:10:365] <27845> mid:majorgol03
DEBUG	[2022-11-07 17:06:10:365] <27845> admin:1111
DEBUG	[2022-11-07 17:06:10:365] <27845> oldtid:INIMX_CARDmajorgol0320221104114026615128
DEBUG	[2022-11-07 17:06:10:365] <27845> currency:WON
DEBUG	[2022-11-07 17:06:10:365] <27845> price:86000
DEBUG	[2022-11-07 17:06:10:365] <27845> confirm_price:356900
DEBUG	[2022-11-07 17:06:10:365] <27845> buyeremail:Roy_kim881224@icloud.com
DEBUG	[2022-11-07 17:06:10:365] <27845> tax:7818
DEBUG	[2022-11-07 17:06:10:365] <27845> taxfree:0
INFO	[2022-11-07 17:06:10:365] <27845> Check Field OK
INFO	[2022-11-07 17:06:10:365] <27845> Make TID OK INIphpRPAYmajorgol0320221107170610651783
INFO	[2022-11-07 17:06:10:365] <27845> PI PUB KEY LOAD OK []
INFO	[2022-11-07 17:06:10:366] <27845> PG PUB KEY LOAD OK [30]
INFO	[2022-11-07 17:06:10:366] <27845> MERCHANT PRIV KEY LOAD OK
INFO	[2022-11-07 17:06:10:366] <27845> MERCHANT PUB KEY LOAD OK [0]
DEBUG	[2022-11-07 17:06:10:366] <27845> MAKE ENCRYPT OK[<?xml version="1.0" encoding="UTF-8"?>
<PartCancelInfo>
	  <PRTC_TID>INIMX_CARDmajorgol0320221104114026615128</PRTC_TID>
	  <PRTC_Price>86000</PRTC_Price>
	  <PRTC_Remains>356900</PRTC_Remains>
	  <PRTC_Quota/>
	  <PRTC_Interest/>
	  <PRTC_NoAcctFNBC/>
	  <PRTC_NmAcctFNBC/></PartCancelInfo>]
INFO	[2022-11-07 17:06:10:367] <27845> MAKE BODY OK
INFO	[2022-11-07 17:06:10:367] <27845> SIGN OK
INFO	[2022-11-07 17:06:10:367] <27845> MAKE HEAD OK
INFO	[2022-11-07 17:06:10:367] <27845> MSG_TO_PG:[0111700175D SHA1                   0                                      300620majorgol03               86000INIphpRPAYmajorgol0320221107170610651783<?xml version="1.0" encoding="UTF-8"?>
<INIpay>
	  <PartCancelInfo>
	    <SessionKey>ANe80oSfQ3PUAu6Y4mZIAaDkY0ybcdImGGtdvS6XxauhHYrSr1B+iVz/ClQhjCTx
lWGhWhPSTUWIhqcDAqUjGr2TOxjR4v5EnTSIBsQavNL6yv8JUMs+CoKc45kXAxY9
1ijSf/9Vc/2wKRaPGlEPN+OhejGWY0ZaDy5FLIptaFtvCSfuaRyOpg==
</SessionKey>
	    <Encrypted>E1DaD0h3SIBQJlwIwH9r5cX3K3jMaxfDTEiKkbpOR/EmZ+CyPi0HciUlHOaEW7F7
SB5gOAuPbnnfqZYCTbD2Ubz3I1OFXOxETH+2qo2ZWw5cytrFJjN3sVIFQNrSSkLc
W2adm/cRQRp7xGY13goccYiu0AJPUWgC7S0WOpOUXZZQqZ3zBqnEacKOIhUvtsuB
3hoNfuezS0ENvzY6x9utl4ivcpakKZ/E0IfMQo8cUOvQe67L6S9ftXW4hRtNehe+
4lzlydCRROnr4rDjk+UyiBOS5qbrBu8PR1SnPchFZeueiMFuoCW4uMTZ8aX8zSaH
uuoEK+Cc79Rx//P3moUpGMlBj16MJnPjvh8I5Kyds5Q2nIMG3ZrNWwBHd670VPds
Uc1OLPc2b0g=
</Encrypted></PartCancelInfo>
	  <GoodsInfo>
	    <Tax>7818</Tax>
	    <TaxFree/>
	    <Currency>WON</Currency></GoodsInfo>
	  <ReservedInfo>
	    <MReserved1/>
	    <MReserved2/>
	    <MReserved3/></ReservedInfo>
	  <ManageInfo>
	    <Language/>
	    <URL/>
	    <TXVersion>5036B141209repayLinux     PHPchkfake   2.6.32-754.11.1.el6.x86_64PHP:</TXVersion>
	    <TXUserID/>
	    <TXRegNum/></ManageInfo></INIpay>AIRkLTxtI2lrPFAnfgKf2K6zYTpdhqCUdW7BGGtPw4p7r3pbwa9xfMMW7TeBbhcZ
yKm2Gy72alP6d+dRLCCmYBCYix5XhT/e/tcaIBJUZDkUYIMw9RegJqsw6RTp1HPi
bMWU41xi+yWRs62LTWTXM00YYU7jHa5HH2dBmTsUU2SP
]
INFO	[2022-11-07 17:06:10:367] <27845> DNS LOOKUP OK(203.238.37.3:203.238.37.3:34049) laptime:0
INFO	[2022-11-07 17:06:10:370] <27845> SOCKET CONNECT OK
INFO	[2022-11-07 17:06:10:370] <27845> SEND OK
INFO	[2022-11-07 17:06:10:590] <27845> RECV OK
INFO	[2022-11-07 17:06:10:590] <27845> MSG_FROM_PG:[0099200175D SHA1                   0                                      300630majorgol03               86000INIphpRPAYmajorgol0320221107170610651783<?xml version="1.0" encoding="UTF-8"?><INIpay>
<PartCancelInfo>
<PayMethod>Card</PayMethod>
<ResultCode>120000</ResultCode>
<ResultMsg urlencode="1">%C1%A4%BB%F3%C3%B3%B8%AE%B5%C7%BE%FA%BD%C0%B4%CF%B4%D9.</ResultMsg>
<SessionKey>AQJg/fCoAWSkIV5PLvPjUekvYCoXXEkMCJnhOzjF4OYOnh2BZug1u4EQTG5xq4xo
VFWmpUr+VPdr210wYfTWqbRDHNMsv+eLli7d19UYP0iDvFx2HA+t4W1gxfTT3AnG
Tg1anNoL/Big29EAqvKUQBAaHeZnh89EF3H0d+Ia+XHBtd0EMhTbPO8=
</SessionKey>
<Encrypted>9Enek+GAtiJ/XqEgwyQdlxpfYo406RLum/at0Y1n+D2Dqiwt1G2oHHJiOaz5LB5s
MUdZ+a+HrFHgUPsb+uHH+Sp00V+Gc1hgfAGCpX/ZQVSFa6M8wXRpjPlS/iaaM8sR
r1VS+OPOu118JhDnRvt4SLwhm3wkgSRwq834oWv/nModiEuVI01dSPepkvwhzGER
PPqd2XFqGI5ijkLGLeGMInOVE+uKAHVTIajbGz8dQWoD3Teh1aP+EOWNoTqnmEUJ
9iYn8EdRR625dI+78cC2CYGOG3nBKIWczvAqajoXPSxT9yM5XGxUk1E2qBxF6Xml
FK4TGntXPBk9taKZV7FOItaKeiw7jXMtElXBLpTsq7NJBkaSMcGTn8IEzIvWOkOI
1RGuGdCuRxmxvfHWERUZXxahl+c3sdofhsaTr4DEYpjpWeU5IjKewHLPzK6QRLyZ
Fo6+pgBjScnRMXUViJfnNg==
</Encrypted>
</PartCancelInfo>
<ManageInfo/>
<ReservedInfo/>
</INIpay>
svrSbbnmQkGxVmwTcOZonwNpMgZaQmOM7+eFC4YDp/r6aTmcvPJGzyjAySDdrUxP
Jh52qd2si8G1NE62lZK1z4rVEdWv3ViKKl7cCqSdZR6LOCJtyeqjSE/DFbXp9d9E
pQUd2x5mTWZmD+2arFY6uXoajLBE17kXJ3MwtYMWjQs=
]
INFO	[2022-11-07 17:06:10:590] <27845> VERIFY OK
INFO	[2022-11-07 17:06:10:590] <27845> PARSE HEAD OK
INFO	[2022-11-07 17:06:10:590] <27845> PARSE BODY OK
INFO	[2022-11-07 17:06:10:591] <27845> DECRYPT OK
DEBUG	[2022-11-07 17:06:10:591] <27845> DECRYPT MSG:[<?xml version="1.0" encoding="UTF-8"?><PartCancelInfo>
<PRTC_TID>INIMX_CARDmajorgol0320221104114026615128</PRTC_TID>
<PRTC_Price>86000</PRTC_Price>
<PRTC_Remains>356900</PRTC_Remains>
<PRTC_Quota>03</PRTC_Quota>
<PRTC_Type>1</PRTC_Type>
<CancelDate>20221107</CancelDate>
<CancelTime>170610</CancelTime>
<PRTC_Cnt>1</PRTC_Cnt>
</PartCancelInfo>]
INFO	[2022-11-07 17:06:10:591] <27845> DECRYPT PARSE OK
INFO	[2022-11-07 17:06:10:591] <27845> END repay 정상처리되었습니다. Laptime:[0.226sec]
INFO	[2022-11-07 17:06:10:591] <27845> ===============================================================
