INFO	[2020-09-01 12:25:24:581] <3958> START INIPHP cancel (V5036-141209)(OS:Linux2.6.32-754.11.1.el6.x86_64,PHP:5.3.3)
DEBUG	[2020-09-01 12:25:24:581] <3958> inipayhome:/home/killdeal/public_html/shop/inicis
DEBUG	[2020-09-01 12:25:24:581] <3958> debug:false
DEBUG	[2020-09-01 12:25:24:581] <3958> type:cancel
DEBUG	[2020-09-01 12:25:24:581] <3958> mid:majorgol03
DEBUG	[2020-09-01 12:25:24:581] <3958> admin:1111
DEBUG	[2020-09-01 12:25:24:581] <3958> tid:INIMX_VBNKmajorgol0320200901122439564486
DEBUG	[2020-09-01 12:25:24:581] <3958> cancelmsg:주문자 본인 취소-상품옵션 선택 잘못함
INFO	[2020-09-01 12:25:24:581] <3958> Check Field OK
INFO	[2020-09-01 12:25:24:581] <3958> PI PUB KEY LOAD OK []
INFO	[2020-09-01 12:25:24:586] <3958> PG PUB KEY LOAD OK [30]
INFO	[2020-09-01 12:25:24:586] <3958> MERCHANT PRIV KEY LOAD OK
INFO	[2020-09-01 12:25:24:587] <3958> MERCHANT PUB KEY LOAD OK [0]
DEBUG	[2020-09-01 12:25:24:587] <3958> MAKE ENCRYPT OK[<?xml version="1.0" encoding="UTF-8"?>
<CancelInfo>
	  <CancelTID>INIMX_VBNKmajorgol0320200901122439564486</CancelTID>
	  <CancelMsg urlencode="1">%C1%D6%B9%AE%C0%DA+%BA%BB%C0%CE+%C3%EB%BC%D2-%BB%F3%C7%B0%BF%C9%BC%C7+%BC%B1%C5%C3+%C0%DF%B8%F8%C7%D4</CancelMsg>
	  <CancelReason/></CancelInfo>]
INFO	[2020-09-01 12:25:24:587] <3958> MAKE BODY OK
INFO	[2020-09-01 12:25:24:588] <3958> SIGN OK
INFO	[2020-09-01 12:25:24:588] <3958> MAKE HEAD OK
INFO	[2020-09-01 12:25:24:588] <3958> MSG_TO_PG:[0101500175D SHA1                   0                                      300420majorgol03                    INIMX_VBNKmajorgol0320200901122439564486<?xml version="1.0" encoding="UTF-8"?>
<INIpay>
	  <CancelInfo>
	    <SessionKey>TbDqGlyPofozuh2oKncDzCo69uk9ErDHJrv9MjULRM1nJVfdvs1n3ZPcCVi2ivap
vNZzMbYlYshWGxilz377+zL6ezggXiwdRk/ditibifSmLlUOYppJ5RFeHN7p0TOn
esuAKXzsY5kUyHZLKGIf7r7K/IdRHn1+NVuL9t9yCx35mTIZwvv4cQ==
</SessionKey>
	    <Encrypted>nyZKds7yfAFkucQX7krHk+Z6K3CrXRshC85bcQshspMhA3FZ6A/eNxcgMPRu7X1L
Lywdn1R07G0ndca4KSv8dIbfH/1jw+uCsnt1RPfcvP7kb7VvCsBpKpkRaQ+bxcmW
+ECoKUCfhzOEYlbUJx5t5y2FRl5MooyUd5l4E9zuyiZ9yK44k9KxyTiR6sbGXFSN
ms0pzqcmKrfksIgKcg20fcwjYVfqerhgfo6DyD1EAhtWb9F9X2hAqBcHZGjskFpI
KNqXm6+nwZAxCXNA/991S8CvigTsfjzf0wbGFmKoiZVUJ+EJ3bCCy24ZbH7IAwAN
JZKS6PPghMHHZjw+BXCeMTAVMmOJd1pPVw7OxMpEgBJvNRY9Ln1RFHLjDZ0xbjET
GROvkxFXBTQ=
</Encrypted></CancelInfo>
	  <ReservedInfo>
	    <MReserved1/>
	    <MReserved2/>
	    <MReserved3/></ReservedInfo>
	  <ManageInfo>
	    <Language/>
	    <URL/>
	    <TXVersion>5036B141209canceLinux     PHPchkfake   2.6.32-754.11.1.el6.x86_64PHP:</TXVersion>
	    <TXUserID/>
	    <TXRegNum/></ManageInfo></INIpay>AH6tszSmLl7DFpxOYDX366W1bi439exERh+YNyejLrMXB59uHEGcnTbHeoQaT45e
8ix8oiWWiTnb9KI5tgxeocISkmAMBUfO+oMDEfBLIaUPli4uXP6W8U9ua6p/ytRL
X4IW4bjLQalRRHJ2cpPEWhXCxzHXM3smcl1XzvbjK2+P
]
INFO	[2020-09-01 12:25:24:588] <3958> DNS LOOKUP OK(203.238.37.3:203.238.37.3:34049) laptime:0
INFO	[2020-09-01 12:25:24:592] <3958> SOCKET CONNECT OK
INFO	[2020-09-01 12:25:24:592] <3958> SEND OK
INFO	[2020-09-01 12:25:24:763] <3958> RECV OK
INFO	[2020-09-01 12:25:24:763] <3958> MSG_FROM_PG:[0159300175D SHA1                   0                                      300430majorgol03                    INIMX_VBNKmajorgol0320200901122439564486<?xml version="1.0" encoding="UTF-8"?>
<INIpay>
  <CancelInfo>
    <ResultCode>170000</ResultCode>
    <ResultMsg urlencode="1">%C1%A4%BB%F3%C3%B3%B8%AE%B5%C7%BE%FA%BD%C0%B4%CF%B4%D9.</ResultMsg>
    <SessionKey>ARR4iebAmULUDzUa7ZKTX+fobm7+kLxsRqRRdFTn+DFdZfQ552/6Xj8yuMuUNT+e
0Bi7fZIDhqTYHikhW0lqLRtceJNIBKzd6MjYUfNH72SBM94KIU81V1tm39beTXBp
QZEJ3rkw19IIjPC6WnxddHF8SFVYTmyuTNp+rKbnavDkqLgrb0U8OKo=
</SessionKey>
    <Encrypted>KGBUchvTiwOZ35HAOOtI44pmu1PKyTusDRScVvlHqEvt45xOpO3ItoITf0OpnA/3
Y04F2rhn10mULa0Gj+mjNvu/YIS5TjrCXAThUFEx9mUXPR9ZnvvJpdt+b0CTQzTH
B8H0ARLJd1JTpalMJkcAg+E0tIpHeN4FEzUnulBjF419E6MKgV2xqAuiUOkuqwcf
dH/iLtTIQaQb0XENJS6As/DKie8wkYCgw0amgZBSgGn1XY6fFoYMuGPGRAnlJxh4
QusoMU2PMW/sCNIErFIxmCvWaTFrQydARdZzeV//3StgteJQTVBLqTmTzDgL5h96
cfzD0NHvfh7ezkLYni1a+8M0Nt7YsziVkc3JKGpZis9d9WqEnNaL48LPzemFPDfm
RaLfS+2zL1eLFd/L9hdvi9y9v+tj7fyqDX3Fm6PritBx7atR8mvLZ71b9q1KAr0+
sjQOpiKwN2PHcAI5SPf2dK6PP/TvyDfYsbvvnmNtWVGhNbisdlxgZWBPSMF81iZd
0/uc7iIhboUBLfDiD4yJSC1RDLrIGxTX0raGjMS3oHR/7maGGBao2LWby56KlqDS
ihAvMCAVB3AKL8f+pCb38llURClVyQOA7kegujaZU9X1mOIbCaeRVwqNiY8Frbl8
PY++uzNPOizh10RtVGcVJQ2jDUTJQS7BmDjm/IcUZRCPgKYXmkWP4sM943D2Lb7E
5vRMuytCl/h/Z59CkARN0Fs02GJ+ik+5Cwf+2V0di7MeQB6BMG+ndz3gfRcYK0p4
ZXPfqHV3yyFc0RRHE8c2zQ==
</Encrypted>
  </CancelInfo>
  <ManageInfo/>
  <ReservedInfo>
    <MReserved1 urlencode="1"></MReserved1>
    <MReserved2 urlencode="1"></MReserved2>
    <MReserved3 urlencode="1"></MReserved3>
    <PGReserved1 urlencode="1"></PGReserved1>
    <PGReserved2 urlencode="1"></PGReserved2>
    <PGReserved3 urlencode="1"></PGReserved3>
  </ReservedInfo>
</INIpay>
Il1MpDfNXYkbNTqPqA0URzc+p3a9VUOWy4AxbCBhR7PH+rJtWaZ4MK0RsPJldcX3
d7ryoL3q5uI5AY2NIpaE2sIWHZ49iwSnH8IwnqhQQcVCWviW5F78hj4vY5wSlniq
9E1iY/LsfNfxd7ZIt9mn1Xw2jrXH8jRl37oYnlkk2xE=
]
INFO	[2020-09-01 12:25:24:763] <3958> VERIFY OK
INFO	[2020-09-01 12:25:24:763] <3958> PARSE HEAD OK
INFO	[2020-09-01 12:25:24:763] <3958> PARSE BODY OK
INFO	[2020-09-01 12:25:24:764] <3958> DECRYPT OK
DEBUG	[2020-09-01 12:25:24:764] <3958> DECRYPT MSG:[<?xml version="1.0" encoding="UTF-8"?>
<CancelInfo>
  <CancelDate>20200901</CancelDate>
  <CancelTime>122524</CancelTime>
  <ResultCode>170000</ResultCode>
  <ResultMsg urlencode="1">%C1%A4%BB%F3%C3%B3%B8%AE%B5%C7%BE%FA%BD%C0%B4%CF%B4%D9.</ResultMsg>
  <CSHR_CancelNum></CSHR_CancelNum>
  <CSHR_CancelDate>20200901</CSHR_CancelDate>
  <CSHR_CancelTime>122525</CSHR_CancelTime>
  <CSHR_ResultCode>220000</CSHR_ResultCode>
  <CSHR_ResultMsg urlencode="1">%C1%A4%BB%F3%C3%B3%B8%AE%B5%C7%BE%FA%BD%C0%B4%CF%B4%D9.</CSHR_ResultMsg>
  <VACT_FlgRemit urlencode="1"></VACT_FlgRemit>
</CancelInfo>]
INFO	[2020-09-01 12:25:24:764] <3958> DECRYPT PARSE OK
INFO	[2020-09-01 12:25:24:764] <3958> END cancel 정상처리되었습니다. Laptime:[0.184sec]
INFO	[2020-09-01 12:25:24:764] <3958> ===============================================================
INFO	[2020-09-01 14:17:56:528] <26817> START INIPHP cancel (V5036-141209)(OS:Linux2.6.32-754.11.1.el6.x86_64,PHP:5.3.3)
DEBUG	[2020-09-01 14:17:56:528] <26817> inipayhome:/home/killdeal/public_html/shop/inicis
DEBUG	[2020-09-01 14:17:56:528] <26817> debug:false
DEBUG	[2020-09-01 14:17:56:528] <26817> type:cancel
DEBUG	[2020-09-01 14:17:56:528] <26817> mid:majorgol03
DEBUG	[2020-09-01 14:17:56:528] <26817> admin:1111
DEBUG	[2020-09-01 14:17:56:528] <26817> tid:INIMX_CARDmajorgol0320200901141341944747
DEBUG	[2020-09-01 14:17:56:528] <26817> cancelmsg:주문자 본인 취소-상품옵션 선택 잘못함
INFO	[2020-09-01 14:17:56:528] <26817> Check Field OK
INFO	[2020-09-01 14:17:56:528] <26817> PI PUB KEY LOAD OK []
INFO	[2020-09-01 14:17:56:529] <26817> PG PUB KEY LOAD OK [30]
INFO	[2020-09-01 14:17:56:529] <26817> MERCHANT PRIV KEY LOAD OK
INFO	[2020-09-01 14:17:56:529] <26817> MERCHANT PUB KEY LOAD OK [0]
DEBUG	[2020-09-01 14:17:56:529] <26817> MAKE ENCRYPT OK[<?xml version="1.0" encoding="UTF-8"?>
<CancelInfo>
	  <CancelTID>INIMX_CARDmajorgol0320200901141341944747</CancelTID>
	  <CancelMsg urlencode="1">%C1%D6%B9%AE%C0%DA+%BA%BB%C0%CE+%C3%EB%BC%D2-%BB%F3%C7%B0%BF%C9%BC%C7+%BC%B1%C5%C3+%C0%DF%B8%F8%C7%D4</CancelMsg>
	  <CancelReason/></CancelInfo>]
INFO	[2020-09-01 14:17:56:529] <26817> MAKE BODY OK
INFO	[2020-09-01 14:17:56:530] <26817> SIGN OK
INFO	[2020-09-01 14:17:56:530] <26817> MAKE HEAD OK
INFO	[2020-09-01 14:17:56:530] <26817> MSG_TO_PG:[0101500175D SHA1                   0                                      300420majorgol03                    INIMX_CARDmajorgol0320200901141341944747<?xml version="1.0" encoding="UTF-8"?>
<INIpay>
	  <CancelInfo>
	    <SessionKey>XgVxr9hIUScYtwhjtBDaPRkGCKmse5Bv/Y4WtMy3Q9Zah6rVkjsttxgqzxLAEvF7
AL1wfteAzxRZ3nw49nnn86nLhx2z9ezic1I6ZQcTKcWLyk30AESyVHp+kqNCIoWi
KqtoJEoA6IerGVKGYusY7FVOwToj0jO5Cqm2x5lC1S2D8qAmdFU5hA==
</SessionKey>
	    <Encrypted>gsFQFmgsOaq5fYYb8hbU5olwIRvxqQBOXmnY5sSD55PX4MvuC5fk89ojgBjZAA1d
/LBomFyNQznWIbgAr+6qjSXiGEMwgXhfr0eTAkLHKgIwMUX/QV8WagrHGLnljJ24
g7NhG195M8SdnYYvQGCT2LFhNgc1KdVjcdxouXcXMd7WeEDdowRVDa0UFcy4dhsA
xG9QMeD5qkH+ziKizcAlAOoFEPYdlrmhybQpkb7FrZgF09CEb0aL8m5K6gFvL0tc
AwzIr3Ufuh7RJHZwYJ4oFEsQJXpycK2rYwep6idWsTl/uZF6yZ5TLUZdGudvyS2W
dfuvaNe8QylFbT9Qg3025sHAo+QWavCCOxn6oqIChvOGt50RXVBVqudbUEFOmwzY
/NJ1QQvqlXo=
</Encrypted></CancelInfo>
	  <ReservedInfo>
	    <MReserved1/>
	    <MReserved2/>
	    <MReserved3/></ReservedInfo>
	  <ManageInfo>
	    <Language/>
	    <URL/>
	    <TXVersion>5036B141209canceLinux     PHPchkfake   2.6.32-754.11.1.el6.x86_64PHP:</TXVersion>
	    <TXUserID/>
	    <TXRegNum/></ManageInfo></INIpay>ANS5ugwzdTwIWYt6rosnlDlhS7g2aQINHjIh4h1E6wlshakZe5hGqde6nmwZyqq6
RqW7b7EIL8SRZHuCPKQvbqcVCRPl94fchnLHPFRSfg7d9IipX/k72eLb4gsvsoeJ
n0bf1ZxG8fBkfatHGK8gNd75hB47dAMCLfZBQT1sO3Ur
]
INFO	[2020-09-01 14:17:56:530] <26817> DNS LOOKUP OK(203.238.37.3:203.238.37.3:34049) laptime:0
INFO	[2020-09-01 14:17:56:533] <26817> SOCKET CONNECT OK
INFO	[2020-09-01 14:17:56:533] <26817> SEND OK
INFO	[2020-09-01 14:17:58:588] <26817> RECV OK
INFO	[2020-09-01 14:17:58:588] <26817> MSG_FROM_PG:[0115800175D SHA1                   0                                      300430majorgol03                    INIMX_CARDmajorgol0320200901141341944747<?xml version="1.0" encoding="UTF-8"?>
<INIpay>
  <CancelInfo>
    <ResultCode>120000</ResultCode>
    <ResultMsg urlencode="1">%C1%A4%BB%F3%C3%B3%B8%AE%B5%C7%BE%FA%BD%C0%B4%CF%B4%D9.</ResultMsg>
    <SessionKey>ABPUlmGlNQiDzLYHKw73GtjicksST8y09KAvs4kM9hfBvze01uo2KcwOInrMDewt
frbONQL0MXV37j+KpFUyzpnS3FF8KrH8eaf80wu2iuBXzFhqiuEk4dwc8dSWMaEZ
yxCUSHq2y0IR/xF7jQZU4KMCgY4I4dhyGNjZ1slraNJ3Oo32ue3Wnfw=
</SessionKey>
    <Encrypted>IdNnED3SEOPImci1K0i5hXQQZF9xvTf01yzzw5cog8YkMc8Wt7lLTk2oLrnlp/Wd
xlt8bbs9y+j2o1l/wEeAy4WY3i2mbDzRELIghxtptABwX+tM9WXsdLta14/UkG3T
CORmRa9VY4G/itbBKRZ1renBeQTQPdTG5pQcbKy6LlDFN//hzW1Fpir6qQH7EQwF
dO9A5tSIgYwl0Rbl9S7WV0AFN84AehmBIqJ6rAe7JK7hKHIF2TbKwKeru0Cbd4fu
iBsWBqvd3OmkBe1s88u58Gc64nH75xfUzPhWaUd2KTj4GR2xcJ/C6sOaW0OgvqIn
NZQq8pulxO6cWcRUse/Ce+hJQsYew2ZJp13IRAH7R2Q=
</Encrypted>
  </CancelInfo>
  <ManageInfo/>
  <ReservedInfo>
    <MReserved1 urlencode="1"></MReserved1>
    <MReserved2 urlencode="1"></MReserved2>
    <MReserved3 urlencode="1"></MReserved3>
    <PGReserved1 urlencode="1"></PGReserved1>
    <PGReserved2 urlencode="1"></PGReserved2>
    <PGReserved3 urlencode="1"></PGReserved3>
  </ReservedInfo>
</INIpay>
1PebBRgIk3fGfXOW8r/mvn6aREOHX5s8XBZMa55BoseD8Pqo7gk6aE5xDUCHHVPD
/+29eW+UKosb42ArbuJNh+2iBcPEiHTwYDE8I1a/tCEao6aelesUS1X5Bvq3DU9V
CIlR95Nyn86bWAvvzOTLlvAsVcNKJlOl3IRSRRd4NeM=
]
INFO	[2020-09-01 14:17:58:588] <26817> VERIFY OK
INFO	[2020-09-01 14:17:58:588] <26817> PARSE HEAD OK
INFO	[2020-09-01 14:17:58:588] <26817> PARSE BODY OK
INFO	[2020-09-01 14:17:58:589] <26817> DECRYPT OK
DEBUG	[2020-09-01 14:17:58:589] <26817> DECRYPT MSG:[<?xml version="1.0" encoding="UTF-8"?>
<CancelInfo>
  <CancelDate>20200901</CancelDate>
  <CancelTime>141757</CancelTime>
  <ResultCode>120000</ResultCode>
  <ResultMsg urlencode="1">%C1%A4%BB%F3%C3%B3%B8%AE%B5%C7%BE%FA%BD%C0%B4%CF%B4%D9.</ResultMsg>
</CancelInfo>]
INFO	[2020-09-01 14:17:58:589] <26817> DECRYPT PARSE OK
INFO	[2020-09-01 14:17:58:589] <26817> END cancel 정상처리되었습니다. Laptime:[2.061sec]
INFO	[2020-09-01 14:17:58:589] <26817> ===============================================================
INFO	[2020-09-01 14:53:34:461] <17028> START INIPHP cancel (V5036-141209)(OS:Linux2.6.32-754.11.1.el6.x86_64,PHP:5.3.3)
DEBUG	[2020-09-01 14:53:34:461] <17028> inipayhome:/home/killdeal/public_html/shop/inicis
DEBUG	[2020-09-01 14:53:34:461] <17028> debug:false
DEBUG	[2020-09-01 14:53:34:461] <17028> type:cancel
DEBUG	[2020-09-01 14:53:34:461] <17028> mid:majorgol03
DEBUG	[2020-09-01 14:53:34:461] <17028> admin:1111
DEBUG	[2020-09-01 14:53:34:461] <17028> tid:INIMX_CARDmajorgol0320200829114701215776
DEBUG	[2020-09-01 14:53:34:461] <17028> cancelmsg:쇼핑몰 운영자 승인 취소
INFO	[2020-09-01 14:53:34:461] <17028> Check Field OK
INFO	[2020-09-01 14:53:34:461] <17028> PI PUB KEY LOAD OK []
INFO	[2020-09-01 14:53:34:461] <17028> PG PUB KEY LOAD OK [30]
INFO	[2020-09-01 14:53:34:462] <17028> MERCHANT PRIV KEY LOAD OK
INFO	[2020-09-01 14:53:34:462] <17028> MERCHANT PUB KEY LOAD OK [0]
DEBUG	[2020-09-01 14:53:34:462] <17028> MAKE ENCRYPT OK[<?xml version="1.0" encoding="UTF-8"?>
<CancelInfo>
	  <CancelTID>INIMX_CARDmajorgol0320200829114701215776</CancelTID>
	  <CancelMsg urlencode="1">%BC%EE%C7%CE%B8%F4+%BF%EE%BF%B5%C0%DA+%BD%C2%C0%CE+%C3%EB%BC%D2</CancelMsg>
	  <CancelReason/></CancelInfo>]
INFO	[2020-09-01 14:53:34:462] <17028> MAKE BODY OK
INFO	[2020-09-01 14:53:34:463] <17028> SIGN OK
INFO	[2020-09-01 14:53:34:463] <17028> MAKE HEAD OK
INFO	[2020-09-01 14:53:34:463] <17028> MSG_TO_PG:[0096200175D SHA1                   0                                      300420majorgol03                    INIMX_CARDmajorgol0320200829114701215776<?xml version="1.0" encoding="UTF-8"?>
<INIpay>
	  <CancelInfo>
	    <SessionKey>ynNzoZaCD2DQezKFDOKdAv+f4CZc6qw1u5M/YfUYZFEUR6+GEHEOQFOAS75myzQa
R8XCKzONL+GTs3lfr1nuQCp16WVu+XyfafkdiFNZQtrrqVIhEdiS811qEXehjE5J
W3joQtSSNVtihnwOdVj6TeLI9OnvJmcbBHWtKpz3omcDdfn9l5gaMg==
</SessionKey>
	    <Encrypted>FOZ0v90gvjwQBvn5drLe8S6EoxErVxx7dHCMvUd4QvNTfP7fv/J6BuMem0aTVpXr
4tZu0xDEwbLutYy1SyWamdOIepzYWjlDehpuBZCTDWhJN8U4oIijFHGJW6IIoSxk
IM2gGjeF0Yx3qJLWMRsvWqK56VrvGb9X+lnpwYBrtQ5uplDqpoFKWLmD1+jzHdNh
867+8f7ymDU8qrrGsloJSeLu8WoGu1C3bu0ZJoqWT/N+yIvq1dWTzBUTRakzRHs+
3YGlzZYZjuH8SsMpqzMUWOhh3rJP3FEVfyq0Z9/SCpjgj6lX3aZH4Jz3nnmdg3Ur
1+YQzYq3Oq3r/yvIIav4wA==
</Encrypted></CancelInfo>
	  <ReservedInfo>
	    <MReserved1/>
	    <MReserved2/>
	    <MReserved3/></ReservedInfo>
	  <ManageInfo>
	    <Language/>
	    <URL/>
	    <TXVersion>5036B141209canceLinux     PHPchkfake   2.6.32-754.11.1.el6.x86_64PHP:</TXVersion>
	    <TXUserID/>
	    <TXRegNum/></ManageInfo></INIpay>AD/N+9xteFmGqVYAVh1TFkpF5yPDALLko19eBdVGhRU8awuiUH8iVDOD+CBDsTsM
5egoW/QBtRqit/NXCEJNUfMwLpKQ5CApfG4HVpGSnnNA4gPy6jm3B2l9jXJ9FhbC
UtlurdXtGakDDDYeaaw/N0VkfiXie8/liUC6N+Loluf5
]
INFO	[2020-09-01 14:53:34:463] <17028> DNS LOOKUP OK(203.238.37.3:203.238.37.3:34049) laptime:0
INFO	[2020-09-01 14:53:34:466] <17028> SOCKET CONNECT OK
INFO	[2020-09-01 14:53:34:466] <17028> SEND OK
INFO	[2020-09-01 14:53:34:643] <17028> RECV OK
INFO	[2020-09-01 14:53:34:643] <17028> MSG_FROM_PG:[0115800175D SHA1                   0                                      300430majorgol03                    INIMX_CARDmajorgol0320200829114701215776<?xml version="1.0" encoding="UTF-8"?>
<INIpay>
  <CancelInfo>
    <ResultCode>120000</ResultCode>
    <ResultMsg urlencode="1">%C1%A4%BB%F3%C3%B3%B8%AE%B5%C7%BE%FA%BD%C0%B4%CF%B4%D9.</ResultMsg>
    <SessionKey>AKw6l1zjhJbRN0R9/xMvEXgwKGOjPjyqFmK4e+eq5xBMdkOW3rn2KDouINYweCDK
BBgY/eqgudRDYLTe+qZH9Z4qVS/FoBa2EdXNrKi2pvcS0GvYPqF9UqLWM5kCx6m5
embflHF587ELqhV4qJ7LglJq/91yENmitISXYDjRNQynOtLQs3JNgFY=
</SessionKey>
    <Encrypted>YrM8e1psg2Ow37mcSgUPcnzKfWgSL5PPbQn4alvP4Z9lIVC4SoI+/aF2qavlWsLV
S4t0jyfxyX2RoYtyRWbb1dma5xRsydrnqbIA7yLuJsF7r+WxLBfFI6Wgy+vemPJd
OtSJh7nlAi6GAz4jkb05XpuPjTeZzMNkYghLHxhSHWXoLF0JW06in1Hz++Rl8lvW
DiviYZtYDgZ4IaN3+PuACNagSdbuAhQ28SuVZYvR/ltKSX1AP7FgyZJgKlqKEvF3
Bzq/qKbd/zc2v70Ek3STSs86zSX7zgGr/b5RQX0JI5jUDoYTAukQ3Evs6jcyH02s
kjvd/k4DbZAogQmXMBIeC2YoNYvkAXeqnpACTfM47RA=
</Encrypted>
  </CancelInfo>
  <ManageInfo/>
  <ReservedInfo>
    <MReserved1 urlencode="1"></MReserved1>
    <MReserved2 urlencode="1"></MReserved2>
    <MReserved3 urlencode="1"></MReserved3>
    <PGReserved1 urlencode="1"></PGReserved1>
    <PGReserved2 urlencode="1"></PGReserved2>
    <PGReserved3 urlencode="1"></PGReserved3>
  </ReservedInfo>
</INIpay>
Rl/SJLe+oO1/57qPorXXsjHUp63a7qBpt9NTvHUEaDUj9I8YTw1nY10jcMvYZ2rf
aYuOdrwYHr1HI0tBzFUEirMx8JbQpM+Q7+/zEfXfANNAQyphujobPJ1VNrSmmJdj
eUBRk3xBQa87kh+ss393wjvJOPi8wXZZ2eFEQ0r3fho=
]
INFO	[2020-09-01 14:53:34:643] <17028> VERIFY OK
INFO	[2020-09-01 14:53:34:643] <17028> PARSE HEAD OK
INFO	[2020-09-01 14:53:34:643] <17028> PARSE BODY OK
INFO	[2020-09-01 14:53:34:644] <17028> DECRYPT OK
DEBUG	[2020-09-01 14:53:34:644] <17028> DECRYPT MSG:[<?xml version="1.0" encoding="UTF-8"?>
<CancelInfo>
  <CancelDate>20200901</CancelDate>
  <CancelTime>145334</CancelTime>
  <ResultCode>120000</ResultCode>
  <ResultMsg urlencode="1">%C1%A4%BB%F3%C3%B3%B8%AE%B5%C7%BE%FA%BD%C0%B4%CF%B4%D9.</ResultMsg>
</CancelInfo>]
INFO	[2020-09-01 14:53:34:644] <17028> DECRYPT PARSE OK
INFO	[2020-09-01 14:53:34:644] <17028> END cancel 정상처리되었습니다. Laptime:[0.183sec]
INFO	[2020-09-01 14:53:34:644] <17028> ===============================================================
