INFO	[2023-08-29 22:45:26:59] <10476> START INIPHP cancel (V5036-141209)(OS:Linux2.6.32-754.11.1.el6.x86_64,PHP:5.3.3)
DEBUG	[2023-08-29 22:45:26:59] <10476> inipayhome:/home1/killdeal/public_html/shop/inicis
DEBUG	[2023-08-29 22:45:26:59] <10476> debug:false
DEBUG	[2023-08-29 22:45:26:59] <10476> type:cancel
DEBUG	[2023-08-29 22:45:26:59] <10476> mid:majorgol03
DEBUG	[2023-08-29 22:45:26:59] <10476> admin:1111
DEBUG	[2023-08-29 22:45:26:59] <10476> tid:INIMX_CARDmajorgol0320230829162041604162
DEBUG	[2023-08-29 22:45:26:59] <10476> cancelmsg:주문자 본인 취소-상품옵션 선택 잘못함
INFO	[2023-08-29 22:45:26:59] <10476> Check Field OK
INFO	[2023-08-29 22:45:26:60] <10476> PI PUB KEY LOAD OK []
INFO	[2023-08-29 22:45:26:127] <10476> PG PUB KEY LOAD OK [30]
INFO	[2023-08-29 22:45:26:127] <10476> MERCHANT PRIV KEY LOAD OK
INFO	[2023-08-29 22:45:26:128] <10476> MERCHANT PUB KEY LOAD OK [0]
DEBUG	[2023-08-29 22:45:26:128] <10476> MAKE ENCRYPT OK[<?xml version="1.0" encoding="UTF-8"?>
<CancelInfo>
	  <CancelTID>INIMX_CARDmajorgol0320230829162041604162</CancelTID>
	  <CancelMsg urlencode="1">%C1%D6%B9%AE%C0%DA+%BA%BB%C0%CE+%C3%EB%BC%D2-%BB%F3%C7%B0%BF%C9%BC%C7+%BC%B1%C5%C3+%C0%DF%B8%F8%C7%D4</CancelMsg>
	  <CancelReason/></CancelInfo>]
INFO	[2023-08-29 22:45:26:128] <10476> MAKE BODY OK
INFO	[2023-08-29 22:45:26:129] <10476> SIGN OK
INFO	[2023-08-29 22:45:26:129] <10476> MAKE HEAD OK
INFO	[2023-08-29 22:45:26:129] <10476> MSG_TO_PG:[0101500175D SHA1                   0                                      300420majorgol03                    INIMX_CARDmajorgol0320230829162041604162<?xml version="1.0" encoding="UTF-8"?>
<INIpay>
	  <CancelInfo>
	    <SessionKey>ctTpMg52syvgZxVJY4YrvYvDwuThGuJA7H11H/bHY/O/fbV0oRCTVLFNOiGth6M1
n1nvHXPHnmzNn4yNCzddmh7w9ZZPIHCz9afmKw0hPZwcMo86kDJskzPGEoWgMPva
DqwV07PrOWHDodnG1XktalChWtd4HFc+W7sOWTuPQulRsDxfUcYp2g==
</SessionKey>
	    <Encrypted>bGM+5P0pa9QRZ811uOWUJWzqOaK1TQNCRmBex5Gu7wcZ9vgDfkodtrrJLHUA1OuS
63DTTIY1yY5L+gvSoJoswa5dmb69aCYqT00h5STCGzIL41r+Qx5x4MZCBuba5bwM
SkayvaXeSnOGBSNKeClOSuUmBlqBQbn2e21nx6VrD0jKClXA1mxKLZZ+cgjWxGuE
IhRalg0t7WUioSZkaQ75U71gGcEI1y8A2KnbZotBYTO3+N2AretULNHkvqc7s4k1
yj9AJYJbP1OjZE41qKBHENlgQUErULN1c6U6BSxgXSok5Sx4r0AwOV46ErADFHHa
RJ9JbmMrzHdDSouj+WrZhTGRF9Sm7MGnRm7Y532Anf9jIygks3urVL0mCJCBBrUp
b3Q2j5Uiq0Y=
</Encrypted></CancelInfo>
	  <ReservedInfo>
	    <MReserved1/>
	    <MReserved2/>
	    <MReserved3/></ReservedInfo>
	  <ManageInfo>
	    <Language/>
	    <URL/>
	    <TXVersion>5036B141209canceLinux     PHPchkfake   2.6.32-754.11.1.el6.x86_64PHP:</TXVersion>
	    <TXUserID/>
	    <TXRegNum/></ManageInfo></INIpay>ARItJ1G9x+YU616DOjU2gllWGYdTpLBQxEwlZ3blyPlo48kMHHCrv6x6LwKr/U1x
5xv7szH0rCIB3oJ4nTwjzUYenXm3kP0rErkogvbRzEnTcypT6A6ms1wYhgVVR8Kp
60d4f3mUT5qTkDKPVw2EvJ9aFYGzGWjHjNpmicmeCJwG
]
INFO	[2023-08-29 22:45:26:129] <10476> DNS LOOKUP OK(203.238.37.3:203.238.37.3:34049) laptime:0
INFO	[2023-08-29 22:45:26:132] <10476> SOCKET CONNECT OK
INFO	[2023-08-29 22:45:26:132] <10476> SEND OK
INFO	[2023-08-29 22:45:26:992] <10476> RECV OK
INFO	[2023-08-29 22:45:26:992] <10476> MSG_FROM_PG:[0093300175D SHA1                   0                                      300430majorgol03                    INIMX_CARDmajorgol0320230829162041604162<?xml version="1.0" encoding="UTF-8"?><INIpay>
<CancelInfo>
<ResultCode>120000</ResultCode>
<ResultMsg urlencode="1">%C1%A4%BB%F3%C3%B3%B8%AE%B5%C7%BE%FA%BD%C0%B4%CF%B4%D9.</ResultMsg>
<SessionKey>AAX8jsNHvxTyPY9UCq+CydG6W4UTxVITFA5v08YPb0ocrD8juVc4Xz8iDaHzqE6K
uozU+HVNDf1lCJV4b4RiloPj1fV3aTpGgQmhmyev9ip/32ieCCkdnePTiw04ndX2
JspqcVW6B1JSKQZm01Or7GEZfBUPGv20Zh1ZYctN+VHNeGABluCjJ3I=
</SessionKey>
<Encrypted>L2hlSazOREpUgfiaiRB/fICv1IylIcgapRQD5d5M5/UkjcgOFilQLjQstdxwtfUm
1PZwXYTJvylIOCZGMy1SbmfCguFr648PwitcVNkqX4MC5TeFzIAwCIZh/0Qln5/b
MJ7h1T0ymP0HyC1tiQRM0h34v1Fiqns5u9XfwcDYveHTZYu4kbzsUf15iVSS9Ams
YJ7c3NRjdhcMtMpw0pLiIDzzzV3Hmx9rsoVEwNy8hrV+CmUuqwvgrg7JB0MR+chZ
FJfXbDQW57df1O6bx7SQodax3KHUJNKt9mJQBK6vPTIc++hsUUmDZheGKAUIAMTd
Q4G9hwT2Mo8QJ2YVYdCchVPl+A+5xPZY
</Encrypted>
</CancelInfo>
<ManageInfo/>
<ReservedInfo>
<MReserved1 urlencode="1"/>
<MReserved2 urlencode="1"/>
<MReserved3 urlencode="1"/>
</ReservedInfo>
</INIpay>
UmRBRUEU6+uQBX2+6MMOAyHAgtVECOFHZ1mx48LJVFWi5oKfG+bXOVyEFAXhKqTB
Zfkgo+GvKbTYc0mtPOSQ0suUKLSJv+J1bLeQw2Kkr+ZovSA5iVmDfeiPaI9M3d+o
MGH6NAOHlvSnO4/PUbLNvm/2Zzthz0UmDPDVL6HdPK4=
]
INFO	[2023-08-29 22:45:26:992] <10476> VERIFY OK
INFO	[2023-08-29 22:45:26:993] <10476> PARSE HEAD OK
INFO	[2023-08-29 22:45:26:998] <10476> PARSE BODY OK
INFO	[2023-08-29 22:45:26:999] <10476> DECRYPT OK
DEBUG	[2023-08-29 22:45:26:999] <10476> DECRYPT MSG:[<?xml version="1.0" encoding="UTF-8"?><CancelInfo>
<CancelDate>20230829</CancelDate>
<CancelTime>224525</CancelTime>
<ResultCode>120000</ResultCode>
<ResultMsg urlencode="1">%C1%A4%BB%F3%C3%B3%B8%AE%B5%C7%BE%FA%BD%C0%B4%CF%B4%D9.</ResultMsg>
</CancelInfo>]
INFO	[2023-08-29 22:45:26:999] <10476> DECRYPT PARSE OK
INFO	[2023-08-29 22:45:26:999] <10476> END cancel 정상처리되었습니다. Laptime:[0.939sec]
INFO	[2023-08-29 22:45:26:999] <10476> ===============================================================
