INFO	[2021-04-12 20:59:56:51] <31455> START INIPHP cancel (V5036-141209)(OS:Linux2.6.32-754.11.1.el6.x86_64,PHP:5.3.3)
DEBUG	[2021-04-12 20:59:56:51] <31455> inipayhome:/home1/killdeal/public_html/shop/inicis
DEBUG	[2021-04-12 20:59:56:51] <31455> debug:false
DEBUG	[2021-04-12 20:59:56:51] <31455> type:cancel
DEBUG	[2021-04-12 20:59:56:51] <31455> mid:fourseason
DEBUG	[2021-04-12 20:59:56:51] <31455> admin:1111
DEBUG	[2021-04-12 20:59:56:51] <31455> tid:INIMX_CARDfourseason20210412174945835124
DEBUG	[2021-04-12 20:59:56:51] <31455> cancelmsg:주문자 본인 취소-상품옵션 선택 잘못함
INFO	[2021-04-12 20:59:56:51] <31455> Check Field OK
INFO	[2021-04-12 20:59:56:51] <31455> PI PUB KEY LOAD OK []
INFO	[2021-04-12 20:59:56:51] <31455> PG PUB KEY LOAD OK [30]
INFO	[2021-04-12 20:59:56:52] <31455> MERCHANT PRIV KEY LOAD OK
INFO	[2021-04-12 20:59:56:52] <31455> MERCHANT PUB KEY LOAD OK [0]
DEBUG	[2021-04-12 20:59:56:53] <31455> MAKE ENCRYPT OK[<?xml version="1.0" encoding="UTF-8"?>
<CancelInfo>
	  <CancelTID>INIMX_CARDfourseason20210412174945835124</CancelTID>
	  <CancelMsg urlencode="1">%C1%D6%B9%AE%C0%DA+%BA%BB%C0%CE+%C3%EB%BC%D2-%BB%F3%C7%B0%BF%C9%BC%C7+%BC%B1%C5%C3+%C0%DF%B8%F8%C7%D4</CancelMsg>
	  <CancelReason/></CancelInfo>]
INFO	[2021-04-12 20:59:56:53] <31455> MAKE BODY OK
INFO	[2021-04-12 20:59:56:53] <31455> SIGN OK
INFO	[2021-04-12 20:59:56:53] <31455> MAKE HEAD OK
INFO	[2021-04-12 20:59:56:53] <31455> MSG_TO_PG:[0101500175D SHA1                   0                                      300420fourseason                    INIMX_CARDfourseason20210412174945835124<?xml version="1.0" encoding="UTF-8"?>
<INIpay>
	  <CancelInfo>
	    <SessionKey>WzrbScexhmcKiLyTwSofBmYyzbz0BxlikUTMjB5ZXUBmB3nz7A8ZgMAgRyVjok7p
j0qnZBJq4ZzZ3J7WBr/TNOvpaheCbXh6N//pNwY4TYoDRNJwm5uA2mNc6kCymNYr
sHkGaGC6DTGooNm9SKF3SA9s5gBSEaC5X3JX7prdyPF6YTr2CfeIPg==
</SessionKey>
	    <Encrypted>pM93tPF6ANwgbLqBlhfDS9SCJkXxo6rDjWFqn/3IwYUnnOIBPXELWUGCEbQh6KTB
4mScXWor0GDWhWdH1plHPEwJGK4L5pt/t5DNV5eNCBsiug7OQh+I/7hxd5wyg6vx
+w3zH7z7/QVoTjRMG4H/SrbGRx/3LYtq4hbJSJCv0Ge8eIMqi1Da/c/1uZ3pSbpG
3PPxL48Xc9sj6xLPYUrKlemvya4nkw3UnndFH5wA/jkddUk1wm5cmLXzdvnpYniv
rGELbns84KaUdOetw0cJkOyKO8Pq6VvLu2AbMLbyn37+zBRZQK3RKMYT1ECK+aQA
sBFEoTBIYkBOAcXlZVLnfB1F4jQX3s3Dow+QzlBaI0UpteY6dQDUrHlbGn4lps6M
i5EmPkMgJdk=
</Encrypted></CancelInfo>
	  <ReservedInfo>
	    <MReserved1/>
	    <MReserved2/>
	    <MReserved3/></ReservedInfo>
	  <ManageInfo>
	    <Language/>
	    <URL/>
	    <TXVersion>5036B141209canceLinux     PHPchkfake   2.6.32-754.11.1.el6.x86_64PHP:</TXVersion>
	    <TXUserID/>
	    <TXRegNum/></ManageInfo></INIpay>AP+528obC00x3qGAwUXxrh4WrPEClFQsS7+gHTJ2fD5a2DanxbeJu4kzPA/285Mf
+ATaRuyxI/ZYBVizhWxiTYBtngaAXRIv+kCgQqIvcCPZyrTNiv2IM/u3hgQ5IKSH
FtNhcy+lJ2YR7ZfXulRrBKJe6OIOgmF50ycYVUItCsMo
]
INFO	[2021-04-12 20:59:56:53] <31455> DNS LOOKUP OK(203.238.37.3:203.238.37.3:34049) laptime:0
INFO	[2021-04-12 20:59:56:56] <31455> SOCKET CONNECT OK
INFO	[2021-04-12 20:59:56:56] <31455> SEND OK
INFO	[2021-04-12 20:59:57:198] <31455> RECV OK
INFO	[2021-04-12 20:59:57:198] <31455> MSG_FROM_PG:[0093300175D SHA1                   0                                      300430fourseason                    INIMX_CARDfourseason20210412174945835124<?xml version="1.0" encoding="UTF-8"?><INIpay>
<CancelInfo>
<ResultCode>120000</ResultCode>
<ResultMsg urlencode="1">%C1%A4%BB%F3%C3%B3%B8%AE%B5%C7%BE%FA%BD%C0%B4%CF%B4%D9.</ResultMsg>
<SessionKey>AB4U7Nn2lUmm5ueEKPN+rjv6zu3HZ34weHYbncQc+mTM1uk+Otv6+KC9f4XJ/77N
PgjOjLwidZhxq4W/fkUymY9NW+4Z5X+HZsVvRXz2OwVUKi7ceH2ljpX7KpDYkKDc
tjK5Krwr9ZGGcNRqjKbtJ8jrx1s34HbCzBhj/cqsbSrq/EIENsD6IPs=
</SessionKey>
<Encrypted>rjHN4+q5TUi/wZYwqPZSX9agbuJHfP8FeK8zfNiN2Orev2/ulRrZp8wg+bVvIjKh
/h4WxQjYEnEHvrre57h3TrIyQDfxi8UnOMRP4wIwERS24MAzRIururmkU32JrJlr
gmphShFwXaGnQRRm2gGK6ZocdBLzSIc1ywNOHevv+lKDstk77O9gJGUIOb8rwkmC
eBybnH3hfLT8jDwdN2vpEJS1mW8Id3DGl7p2vv0kVCGdEVh7c2kRwDLbyeLiiRZQ
ni5x6cN+sIB6JVCiX87rTEa/Bkg/Kskcc+DkMQcIteWKusH7CH0T/iskBkOcjEnL
2SeE262/+lT/YWSQf7BDq0K0EgT317Ur
</Encrypted>
</CancelInfo>
<ManageInfo/>
<ReservedInfo>
<MReserved1 urlencode="1"/>
<MReserved2 urlencode="1"/>
<MReserved3 urlencode="1"/>
</ReservedInfo>
</INIpay>
dZ0+k7mVxmfWe+XrnnXaU9m2nIOGtMO2FURQucN7nJwdGkuE4iV6KnD5pGLfV9Js
IoAEJVV4FE+j31y7MNux0kltuBklSEtJJVIbP0y8sAgruWq1c+cHU5z9Q1Br911j
Ni5gU7MT76nRLnieoeuI3YI0MpXqVW9vrOS7ZEAfiQA=
]
INFO	[2021-04-12 20:59:57:199] <31455> VERIFY OK
INFO	[2021-04-12 20:59:57:199] <31455> PARSE HEAD OK
INFO	[2021-04-12 20:59:57:199] <31455> PARSE BODY OK
INFO	[2021-04-12 20:59:57:200] <31455> DECRYPT OK
DEBUG	[2021-04-12 20:59:57:200] <31455> DECRYPT MSG:[<?xml version="1.0" encoding="UTF-8"?><CancelInfo>
<CancelDate>20210412</CancelDate>
<CancelTime>205957</CancelTime>
<ResultCode>120000</ResultCode>
<ResultMsg urlencode="1">%C1%A4%BB%F3%C3%B3%B8%AE%B5%C7%BE%FA%BD%C0%B4%CF%B4%D9.</ResultMsg>
</CancelInfo>]
INFO	[2021-04-12 20:59:57:200] <31455> DECRYPT PARSE OK
INFO	[2021-04-12 20:59:57:200] <31455> END cancel 정상처리되었습니다. Laptime:[1.149sec]
INFO	[2021-04-12 20:59:57:200] <31455> ===============================================================
