INFO	[2023-11-10 11:26:57:304] <25382> START INIPHP cancel (V5036-141209)(OS:Linux2.6.32-754.11.1.el6.x86_64,PHP:5.3.3)
DEBUG	[2023-11-10 11:26:57:304] <25382> inipayhome:/home1/killdeal/public_html/shop/inicis
DEBUG	[2023-11-10 11:26:57:304] <25382> debug:false
DEBUG	[2023-11-10 11:26:57:304] <25382> type:cancel
DEBUG	[2023-11-10 11:26:57:304] <25382> mid:majorgol03
DEBUG	[2023-11-10 11:26:57:304] <25382> admin:1111
DEBUG	[2023-11-10 11:26:57:304] <25382> tid:INIMX_CARDmajorgol0320231030151322524604
DEBUG	[2023-11-10 11:26:57:304] <25382> cancelmsg:쇼핑몰 운영자 승인 취소
INFO	[2023-11-10 11:26:57:304] <25382> Check Field OK
INFO	[2023-11-10 11:26:57:304] <25382> PI PUB KEY LOAD OK []
INFO	[2023-11-10 11:26:57:306] <25382> PG PUB KEY LOAD OK [30]
INFO	[2023-11-10 11:26:57:308] <25382> MERCHANT PRIV KEY LOAD OK
INFO	[2023-11-10 11:26:57:308] <25382> MERCHANT PUB KEY LOAD OK [0]
DEBUG	[2023-11-10 11:26:57:309] <25382> MAKE ENCRYPT OK[<?xml version="1.0" encoding="UTF-8"?>
<CancelInfo>
	  <CancelTID>INIMX_CARDmajorgol0320231030151322524604</CancelTID>
	  <CancelMsg urlencode="1">%BC%EE%C7%CE%B8%F4+%BF%EE%BF%B5%C0%DA+%BD%C2%C0%CE+%C3%EB%BC%D2</CancelMsg>
	  <CancelReason/></CancelInfo>]
INFO	[2023-11-10 11:26:57:309] <25382> MAKE BODY OK
INFO	[2023-11-10 11:26:57:309] <25382> SIGN OK
INFO	[2023-11-10 11:26:57:309] <25382> MAKE HEAD OK
INFO	[2023-11-10 11:26:57:309] <25382> MSG_TO_PG:[0096200175D SHA1                   0                                      300420majorgol03                    INIMX_CARDmajorgol0320231030151322524604<?xml version="1.0" encoding="UTF-8"?>
<INIpay>
	  <CancelInfo>
	    <SessionKey>wjcEbjODsssuGtyJA/qTu/8FFqglFqvJuI+p8kLAPA2Q/LRlZYCjJHiSO10+4hR6
bLudDmu8KppTWpdAd69qrcEpMWZKxuPJYFdLTLQSVZL5piuiv1yT4qyv4paca5mi
zFr/I0FiLIzY+1U4c1+nEiqA+qfXz7LmJiTwP7cuXEz++xg+INgEjA==
</SessionKey>
	    <Encrypted>J8N/wUcNy34t96KQgZxdgtUEddGNKH9zLlhnO8OekrqLDjhgIAqRpZeMc7aKNwT2
wK9OnVPZ5g5+ChOZf8257lBKQIkeZgIWNYTSesL3w/K0RxPIcMhJFgI245pw7VI3
y3S5eUczutz+Lmkz2VHZ8+UtJ+uahhaTCTL1rkrwhx5pmvXjl6is8eqCzu6K5iwd
blnw/m8cefZ7AR7SbbBPI7MAiCHggLLDdZosgSoWGKUJ05ZoCjW/uRniXBzuYSpn
SR7OwrOxtTqova97daRtjJZlYUPVDj9Ios8xXXEQaIuBSsiXIj2CtX3E91lqElsL
FNX5hYJez+BgKxhm3Mz1Gw==
</Encrypted></CancelInfo>
	  <ReservedInfo>
	    <MReserved1/>
	    <MReserved2/>
	    <MReserved3/></ReservedInfo>
	  <ManageInfo>
	    <Language/>
	    <URL/>
	    <TXVersion>5036B141209canceLinux     PHPchkfake   2.6.32-754.11.1.el6.x86_64PHP:</TXVersion>
	    <TXUserID/>
	    <TXRegNum/></ManageInfo></INIpay>AQ8Swt6uzzUNge1mfBj6fxLg735EQj3qyg8S5Syr1kGxwmemqVbH4xwA+6dqwy/Y
0aJDTaEpIFmyWOYcEkcXWfa+9KivC07bgPUAgTO4pWlCCSd7MALB5Vt0rLrjqohV
17aknGtTiWZKcmssHv0n7j221BKqrxiO1MEdaTFuFfq/
]
INFO	[2023-11-10 11:26:57:309] <25382> DNS LOOKUP OK(203.238.37.3:203.238.37.3:34049) laptime:0
INFO	[2023-11-10 11:26:57:311] <25382> SOCKET CONNECT OK
INFO	[2023-11-10 11:26:57:311] <25382> SEND OK
INFO	[2023-11-10 11:26:57:661] <25382> RECV OK
INFO	[2023-11-10 11:26:57:661] <25382> MSG_FROM_PG:[0093300175D SHA1                   0                                      300430majorgol03                    INIMX_CARDmajorgol0320231030151322524604<?xml version="1.0" encoding="UTF-8"?><INIpay>
<CancelInfo>
<ResultCode>120000</ResultCode>
<ResultMsg urlencode="1">%C1%A4%BB%F3%C3%B3%B8%AE%B5%C7%BE%FA%BD%C0%B4%CF%B4%D9.</ResultMsg>
<SessionKey>ABLbZAtTWADfejQi/kppB2O0Wvre4M189+4wu4nTGG+56UbGSMwdCZ0jM24auHR8
E7cSllfW2IImwyGomGloSzaKf0JcHKZI0b+MSBuOEoQFXraB4I7MFO4VHldGaT+V
yq9PzYPYP1bb1r8SA8h0odUHdIwELkWAe3tcCq5zodqHzZJUl3FXIpE=
</SessionKey>
<Encrypted>CanAiRJJtToc7xCwSosG6RbnZFxA3SF4H8PyptTjE+1bcrYHXrokJXYC79W/4Pi0
/glnLTajqYJVDxilFPPnR5Sxg9ax2XJfoLKruOxkWudXtME1qVrmLRF9rAMW4etr
B/ASiOFMMdKLUf2naMGQ+HT3zvp4WlE7jJP9eVl/HucMa6qjUt1G0yamXyKi8i/O
Die0rIWQUwhZD+ajwEHiYUWL66IAPC/qTSclAipx8k/Xxfpb5WtwboqcPnaFJAqS
NA/f4J1DX5SRbs9HepHG5xiFMFqNYlUGs9NkSlIOJuUZpxg2tZ2NoHAfNPbiBedB
Id4Jaufl6QjKQRf4pN7UIxKWF7IoEr+B
</Encrypted>
</CancelInfo>
<ManageInfo/>
<ReservedInfo>
<MReserved1 urlencode="1"/>
<MReserved2 urlencode="1"/>
<MReserved3 urlencode="1"/>
</ReservedInfo>
</INIpay>
RxNHSPqWbO6n2IhePmGiJ3bPZ1Pvek9Ogc4Y6a2UCNYMQ150DlTyD3Fq5Waw2QL8
L4TxoGCxsU48RUIPb36I+KSrCt+bai0Z8dwY79KJLVEDu8bz5V7hwcO+QUKfHmHa
eM6Rp4ONRBOhgg1m/3L3h3ufICQcCVFjXTWyHmB25Gw=
]
INFO	[2023-11-10 11:26:57:661] <25382> VERIFY OK
INFO	[2023-11-10 11:26:57:661] <25382> PARSE HEAD OK
INFO	[2023-11-10 11:26:57:661] <25382> PARSE BODY OK
INFO	[2023-11-10 11:26:57:662] <25382> DECRYPT OK
DEBUG	[2023-11-10 11:26:57:662] <25382> DECRYPT MSG:[<?xml version="1.0" encoding="UTF-8"?><CancelInfo>
<CancelDate>20231110</CancelDate>
<CancelTime>112658</CancelTime>
<ResultCode>120000</ResultCode>
<ResultMsg urlencode="1">%C1%A4%BB%F3%C3%B3%B8%AE%B5%C7%BE%FA%BD%C0%B4%CF%B4%D9.</ResultMsg>
</CancelInfo>]
INFO	[2023-11-10 11:26:57:662] <25382> DECRYPT PARSE OK
INFO	[2023-11-10 11:26:57:662] <25382> END cancel 정상처리되었습니다. Laptime:[0.358sec]
INFO	[2023-11-10 11:26:57:662] <25382> ===============================================================
INFO	[2023-11-10 14:20:06:636] <7892> START INIPHP cancel (V5036-141209)(OS:Linux2.6.32-754.11.1.el6.x86_64,PHP:5.3.3)
DEBUG	[2023-11-10 14:20:06:636] <7892> inipayhome:/home1/killdeal/public_html/shop/inicis
DEBUG	[2023-11-10 14:20:06:636] <7892> debug:false
DEBUG	[2023-11-10 14:20:06:636] <7892> type:cancel
DEBUG	[2023-11-10 14:20:06:636] <7892> mid:majorgol03
DEBUG	[2023-11-10 14:20:06:636] <7892> admin:1111
DEBUG	[2023-11-10 14:20:06:636] <7892> tid:StdpayCARDmajorgol0320231030134820807865
DEBUG	[2023-11-10 14:20:06:636] <7892> cancelmsg:쇼핑몰 운영자 승인 취소
INFO	[2023-11-10 14:20:06:636] <7892> Check Field OK
INFO	[2023-11-10 14:20:06:636] <7892> PI PUB KEY LOAD OK []
INFO	[2023-11-10 14:20:06:637] <7892> PG PUB KEY LOAD OK [30]
INFO	[2023-11-10 14:20:06:637] <7892> MERCHANT PRIV KEY LOAD OK
INFO	[2023-11-10 14:20:06:637] <7892> MERCHANT PUB KEY LOAD OK [0]
DEBUG	[2023-11-10 14:20:06:637] <7892> MAKE ENCRYPT OK[<?xml version="1.0" encoding="UTF-8"?>
<CancelInfo>
	  <CancelTID>StdpayCARDmajorgol0320231030134820807865</CancelTID>
	  <CancelMsg urlencode="1">%BC%EE%C7%CE%B8%F4+%BF%EE%BF%B5%C0%DA+%BD%C2%C0%CE+%C3%EB%BC%D2</CancelMsg>
	  <CancelReason/></CancelInfo>]
INFO	[2023-11-10 14:20:06:637] <7892> MAKE BODY OK
INFO	[2023-11-10 14:20:06:638] <7892> SIGN OK
INFO	[2023-11-10 14:20:06:638] <7892> MAKE HEAD OK
INFO	[2023-11-10 14:20:06:638] <7892> MSG_TO_PG:[0096200175D SHA1                   0                                      300420majorgol03                    StdpayCARDmajorgol0320231030134820807865<?xml version="1.0" encoding="UTF-8"?>
<INIpay>
	  <CancelInfo>
	    <SessionKey>y9bWRZMl2LPyeQ8ZSOlJhETOF7JhgICUey4QkoW20bu7E4MfQeb1kXoHWP6vHgEy
u4agNW+T7CkgjNEuvTEb1gf8w7XGDr1C+u9fDCr3EWB00JcQOlD0JZOwjWkqGSD5
CeAdDkyW7oK1ehWM7YdxpvYy/+IxkpA3Q2Wfs+vuIkEe2Pd8ctDUtQ==
</SessionKey>
	    <Encrypted>4VUa/evyBRCW2dDNR2xuV6o23lJUlXJlMrbeZlyWINqxQMXzyjrIfhPa6fMn6d3J
aWZXzOp0swOBQg1VVDHQ9xjJRfZi964taMuVwhI0F8dU/vMQuDucgrMZ/qheL2xv
BE/q4vyTWJ7UT9d7EZ9AIiYMyOP4PglJApcabvoOZSx1lG0q97WKweRAxTwmCtr5
KQBTwY/Ka1xmA1/YA7IpxmOlToKUoyvU89V/w6f0Eisk3DOZjofS5cH3KP2LYzjW
H5UsvwCjlJz11c0eDrW5vtNaX+4WcMu0Jy+QxFypsrZDxKRH2u4vicnQ7Sqr2zdQ
+3LiZpUPWwFQ1TTqszop0w==
</Encrypted></CancelInfo>
	  <ReservedInfo>
	    <MReserved1/>
	    <MReserved2/>
	    <MReserved3/></ReservedInfo>
	  <ManageInfo>
	    <Language/>
	    <URL/>
	    <TXVersion>5036B141209canceLinux     PHPchkfake   2.6.32-754.11.1.el6.x86_64PHP:</TXVersion>
	    <TXUserID/>
	    <TXRegNum/></ManageInfo></INIpay>AO6PSfBYjK5LJno2Um+AlpOxHhOm20xv+WmbFVtn9DQcpYIoRRGUp45XvCwjqcEC
PyUKYvLKEigE4wERFHDk0yvALO7Cy/uwX9XbQeZWSdWyZx8ffrXahJ5k1A55FWVQ
nvzk7mCLwvk57PnefGKuzDgMyI/hiKW6LyV7heI5/xoN
]
INFO	[2023-11-10 14:20:06:638] <7892> DNS LOOKUP OK(203.238.37.3:203.238.37.3:34049) laptime:0
INFO	[2023-11-10 14:20:06:640] <7892> SOCKET CONNECT OK
INFO	[2023-11-10 14:20:06:640] <7892> SEND OK
INFO	[2023-11-10 14:20:07:308] <7892> RECV OK
INFO	[2023-11-10 14:20:07:308] <7892> MSG_FROM_PG:[0093300175D SHA1                   0                                      300430majorgol03                    StdpayCARDmajorgol0320231030134820807865<?xml version="1.0" encoding="UTF-8"?><INIpay>
<CancelInfo>
<ResultCode>120000</ResultCode>
<ResultMsg urlencode="1">%C1%A4%BB%F3%C3%B3%B8%AE%B5%C7%BE%FA%BD%C0%B4%CF%B4%D9.</ResultMsg>
<SessionKey>AOzbJuuQ1oEZVuFzrT1y3iEmIeCGkW69xvgk3gMBngh6ncyM2mjXd5AEs6w44AIN
lz2k01FRe09QZTMLKOIG8svGFP5MwKwQZk8N0QrHhQql8sP1V4oWtQnCUSWUbatx
a7hgVGOvnaPW5HfaMfpxil9fNl+LDJKNR5cgA9C0+mmH2QKppdGBmds=
</SessionKey>
<Encrypted>D+9e4+QVauqQm3mWrnZccCWT3ApO4kLoSQ6FSXEsSecDQdfEihg+l6w7wQYz19V4
2EIyW+ww6WDbcm6q1BGz/BJmtFIxeH2bt1fqdpVdSKxKyWOQwDqb9R4qoJ8q90zn
N2og/Dr6elQsihvVEAdtQrpWzF3IAI9OQ/k07uScfas4ZZXlOdjb2KxSeHuU6yZJ
cXIqZ5vDCirHiopyyIVKhtlkxA1c9bLQJALKgAouIx0HJgMmmapimengR0Oa9mK5
dV/uEZ4cYoylypLTNrbyH/X/3u6j2167fZNISoY5UkqfJDErIyiK3mkUSrZp3XeV
ycKwx24cQp70dVF2YXxIlv13vtjCQm/1
</Encrypted>
</CancelInfo>
<ManageInfo/>
<ReservedInfo>
<MReserved1 urlencode="1"/>
<MReserved2 urlencode="1"/>
<MReserved3 urlencode="1"/>
</ReservedInfo>
</INIpay>
lwa/Q/a5NkNgxR1MJGiMw8LAYdc/NJM4LtBrWXbxuPUMYAT5PZsKfawj9GTryfe1
4/hEgOkz6hplsduu092uOCdbFiKWq2JVLyW/eMqmpgxBZyra5MTVhZqt15YdJajf
kYteqkeSXUWHnK9hGYz6uUEfZUlx8H/QRfrPTnLqe0Y=
]
INFO	[2023-11-10 14:20:07:308] <7892> VERIFY OK
INFO	[2023-11-10 14:20:07:308] <7892> PARSE HEAD OK
INFO	[2023-11-10 14:20:07:308] <7892> PARSE BODY OK
INFO	[2023-11-10 14:20:07:309] <7892> DECRYPT OK
DEBUG	[2023-11-10 14:20:07:309] <7892> DECRYPT MSG:[<?xml version="1.0" encoding="UTF-8"?><CancelInfo>
<CancelDate>20231110</CancelDate>
<CancelTime>142008</CancelTime>
<ResultCode>120000</ResultCode>
<ResultMsg urlencode="1">%C1%A4%BB%F3%C3%B3%B8%AE%B5%C7%BE%FA%BD%C0%B4%CF%B4%D9.</ResultMsg>
</CancelInfo>]
INFO	[2023-11-10 14:20:07:309] <7892> DECRYPT PARSE OK
INFO	[2023-11-10 14:20:07:309] <7892> END cancel 정상처리되었습니다. Laptime:[0.673sec]
INFO	[2023-11-10 14:20:07:309] <7892> ===============================================================
INFO	[2023-11-10 20:02:25:776] <7904> START INIPHP cancel (V5036-141209)(OS:Linux2.6.32-754.11.1.el6.x86_64,PHP:5.3.3)
DEBUG	[2023-11-10 20:02:25:776] <7904> inipayhome:/home1/killdeal/public_html/shop/inicis
DEBUG	[2023-11-10 20:02:25:776] <7904> debug:false
DEBUG	[2023-11-10 20:02:25:776] <7904> type:cancel
DEBUG	[2023-11-10 20:02:25:776] <7904> mid:majorgol03
DEBUG	[2023-11-10 20:02:25:776] <7904> admin:1111
DEBUG	[2023-11-10 20:02:25:776] <7904> tid:INIMX_CARDmajorgol0320231110162223635194
DEBUG	[2023-11-10 20:02:25:776] <7904> cancelmsg:주문자 본인 취소-구매의사 없음
INFO	[2023-11-10 20:02:25:776] <7904> Check Field OK
INFO	[2023-11-10 20:02:25:776] <7904> PI PUB KEY LOAD OK []
INFO	[2023-11-10 20:02:25:777] <7904> PG PUB KEY LOAD OK [30]
INFO	[2023-11-10 20:02:25:777] <7904> MERCHANT PRIV KEY LOAD OK
INFO	[2023-11-10 20:02:25:777] <7904> MERCHANT PUB KEY LOAD OK [0]
DEBUG	[2023-11-10 20:02:25:777] <7904> MAKE ENCRYPT OK[<?xml version="1.0" encoding="UTF-8"?>
<CancelInfo>
	  <CancelTID>INIMX_CARDmajorgol0320231110162223635194</CancelTID>
	  <CancelMsg urlencode="1">%C1%D6%B9%AE%C0%DA+%BA%BB%C0%CE+%C3%EB%BC%D2-%B1%B8%B8%C5%C0%C7%BB%E7+%BE%F8%C0%BD</CancelMsg>
	  <CancelReason/></CancelInfo>]
INFO	[2023-11-10 20:02:25:778] <7904> MAKE BODY OK
INFO	[2023-11-10 20:02:25:778] <7904> SIGN OK
INFO	[2023-11-10 20:02:25:778] <7904> MAKE HEAD OK
INFO	[2023-11-10 20:02:25:778] <7904> MSG_TO_PG:[0099400175D SHA1                   0                                      300420majorgol03                    INIMX_CARDmajorgol0320231110162223635194<?xml version="1.0" encoding="UTF-8"?>
<INIpay>
	  <CancelInfo>
	    <SessionKey>fe7OchUYNhgHkiWFztgg2buJnaNXiLURLlMnOov46RxK+iOwZd0OG7czgiWFK62r
ex60wDQFSJprotwBD04uUS1ltqFKGO1gnH+rHQfzNave9iXVUy2+eRRzVJqGEW56
Khl0UjN0CBgXJ19i/VYLewyOwxiG77IYcmVkeO/jWadrxncrGqAeLw==
</SessionKey>
	    <Encrypted>ZWMsrRUL1mfYmiZ1bLYbY645f+YUtd4eagM4HSRkkvwsjtXq5R6yJGtZzOuSIEZ/
8ic+VJ9luYhEZha62DQxgwKjdGkRm+JBi5nD3lOZoUWPxTBFDyJmxsER0cUNT51L
cA1OYSbc6nx06TThanUtzhUJtB5wW+lXsCDqOtEPQ/AnWCyX2/EwpsGbV2jRiS0s
N2rNlKN4SODtd5CCm/FO952LHN7t6SaMAcLyPjTgkrhpiGMTH7lwrOUAN4C1iCIp
jGQP+ZkqTI3CmjkyQ4IAmRNd+8z0EglU30YN32V72sB3r8Pc+YdtB/6XCxbRgoNQ
rOsiQ0swZn9OgzuLmJ07NcnpxiQPDvQlKj6s04pkB0SydarfaRwigw==
</Encrypted></CancelInfo>
	  <ReservedInfo>
	    <MReserved1/>
	    <MReserved2/>
	    <MReserved3/></ReservedInfo>
	  <ManageInfo>
	    <Language/>
	    <URL/>
	    <TXVersion>5036B141209canceLinux     PHPchkfake   2.6.32-754.11.1.el6.x86_64PHP:</TXVersion>
	    <TXUserID/>
	    <TXRegNum/></ManageInfo></INIpay>AHmpnmIBP4jE+ex761LA6DQPRTUrdMjCjJ/UUAE4SmgDgLgdvzo8eCy7cF6J0b4S
rWHIvER0NWZ2Ebvu+aANfiR8C0hZlAltNjPKXaoD8TLFsfTZcP8Wm5dKgHLcw9Ss
jNwwVJClvV3f+H0AFVCnY9Vek99DNXyIF4MsHk5FeRWB
]
INFO	[2023-11-10 20:02:25:778] <7904> DNS LOOKUP OK(203.238.37.3:203.238.37.3:34049) laptime:0
INFO	[2023-11-10 20:02:25:780] <7904> SOCKET CONNECT OK
INFO	[2023-11-10 20:02:25:780] <7904> SEND OK
INFO	[2023-11-10 20:02:27:11] <7904> RECV OK
INFO	[2023-11-10 20:02:27:12] <7904> MSG_FROM_PG:[0093300175D SHA1                   0                                      300430majorgol03                    INIMX_CARDmajorgol0320231110162223635194<?xml version="1.0" encoding="UTF-8"?><INIpay>
<CancelInfo>
<ResultCode>120000</ResultCode>
<ResultMsg urlencode="1">%C1%A4%BB%F3%C3%B3%B8%AE%B5%C7%BE%FA%BD%C0%B4%CF%B4%D9.</ResultMsg>
<SessionKey>ACu35bZrm4YE6BAZAcr14550b5NtvxWhHywcVLaXYDRWOXju+gV2DY5p9R+2Xkh4
pJWG5epakdPjwJ7NK+lsDhnRVZEhJAs8XbjGf8jajmjWLSbzrD2YJpeLydGzqh7T
EaYtomov7epq/eaINw2SKYQxG+zK3Pp8VmVb2DrfwMRG6TmFQQ3oglk=
</SessionKey>
<Encrypted>epHZLry3r0t6Y/hOepXImzRKyhTfv5OYR/rIte+A8CSaWEMvuJ0DPYsUfQgMykO/
Noi1gDtrYo+6BHeP92ZJDxFv0kA9ll8DLRFervfEOlodjTE75NDffzLcA2xCzDuA
WvZjQp89bgjhzQ4JkecZzNe+n7So7K+zvCtE9b0Gh9WRzXvaqGKWDhD1csxtojyd
EwB+aa1jrksRWheBhF9EsWXVQj+WulmmR52Ui1Xinhmtaoslmf9mPHeTgtxaUD2k
sq1PFMGdq0YYCIPMTcTH/RP5CqzUXUFjWfDUm/PauyfACF0/pIf9hJdm2FRCj1lj
l/XTC299S7bxC7DRjpZr/v5Hx5Q2WB22
</Encrypted>
</CancelInfo>
<ManageInfo/>
<ReservedInfo>
<MReserved1 urlencode="1"/>
<MReserved2 urlencode="1"/>
<MReserved3 urlencode="1"/>
</ReservedInfo>
</INIpay>
Y5BCQdQjCMUqqXhBREuGjxO2n25RjGEMGRqbWaUQgKJu8oXQv5W79s2a+YdVLaEU
Q7pbedrD28WYPmA4+9EQu4HKEVuZDFzRL+kwwhOTzo8To0Mt+8DvZWsllVisVmWh
6X+LBEsjji9BTRcMTIrRKo6eB9nlhz3w35I8JUjbDq4=
]
INFO	[2023-11-10 20:02:27:12] <7904> VERIFY OK
INFO	[2023-11-10 20:02:27:12] <7904> PARSE HEAD OK
INFO	[2023-11-10 20:02:27:12] <7904> PARSE BODY OK
INFO	[2023-11-10 20:02:27:13] <7904> DECRYPT OK
DEBUG	[2023-11-10 20:02:27:13] <7904> DECRYPT MSG:[<?xml version="1.0" encoding="UTF-8"?><CancelInfo>
<CancelDate>20231110</CancelDate>
<CancelTime>200227</CancelTime>
<ResultCode>120000</ResultCode>
<ResultMsg urlencode="1">%C1%A4%BB%F3%C3%B3%B8%AE%B5%C7%BE%FA%BD%C0%B4%CF%B4%D9.</ResultMsg>
</CancelInfo>]
INFO	[2023-11-10 20:02:27:13] <7904> DECRYPT PARSE OK
INFO	[2023-11-10 20:02:27:13] <7904> END cancel 정상처리되었습니다. Laptime:[1.237sec]
INFO	[2023-11-10 20:02:27:13] <7904> ===============================================================
INFO	[2023-11-10 21:43:34:43] <7840> START INIPHP cancel (V5036-141209)(OS:Linux2.6.32-754.11.1.el6.x86_64,PHP:5.3.3)
DEBUG	[2023-11-10 21:43:34:43] <7840> inipayhome:/home1/killdeal/public_html/shop/inicis
DEBUG	[2023-11-10 21:43:34:43] <7840> debug:false
DEBUG	[2023-11-10 21:43:34:43] <7840> type:cancel
DEBUG	[2023-11-10 21:43:34:43] <7840> mid:majorgol03
DEBUG	[2023-11-10 21:43:34:43] <7840> admin:1111
DEBUG	[2023-11-10 21:43:34:43] <7840> tid:INIMX_CARDmajorgol0320231110214210295890
DEBUG	[2023-11-10 21:43:34:43] <7840> cancelmsg:주문자 본인 취소-상품옵션 선택 잘못함
INFO	[2023-11-10 21:43:34:43] <7840> Check Field OK
INFO	[2023-11-10 21:43:34:43] <7840> PI PUB KEY LOAD OK []
INFO	[2023-11-10 21:43:34:43] <7840> PG PUB KEY LOAD OK [30]
INFO	[2023-11-10 21:43:34:43] <7840> MERCHANT PRIV KEY LOAD OK
INFO	[2023-11-10 21:43:34:43] <7840> MERCHANT PUB KEY LOAD OK [0]
DEBUG	[2023-11-10 21:43:34:44] <7840> MAKE ENCRYPT OK[<?xml version="1.0" encoding="UTF-8"?>
<CancelInfo>
	  <CancelTID>INIMX_CARDmajorgol0320231110214210295890</CancelTID>
	  <CancelMsg urlencode="1">%C1%D6%B9%AE%C0%DA+%BA%BB%C0%CE+%C3%EB%BC%D2-%BB%F3%C7%B0%BF%C9%BC%C7+%BC%B1%C5%C3+%C0%DF%B8%F8%C7%D4</CancelMsg>
	  <CancelReason/></CancelInfo>]
INFO	[2023-11-10 21:43:34:44] <7840> MAKE BODY OK
INFO	[2023-11-10 21:43:34:44] <7840> SIGN OK
INFO	[2023-11-10 21:43:34:44] <7840> MAKE HEAD OK
INFO	[2023-11-10 21:43:34:44] <7840> MSG_TO_PG:[0101500175D SHA1                   0                                      300420majorgol03                    INIMX_CARDmajorgol0320231110214210295890<?xml version="1.0" encoding="UTF-8"?>
<INIpay>
	  <CancelInfo>
	    <SessionKey>cnhZVlxkeoylD2olRWuaSA7qFfnSCZ/l0knwTq/3dCGY6/Wq2FKdkfQF/eJ8g6GO
jNYDuGByuqw+YS9HLmMumOUxMxZuFzfAhH9UT8QXVfLcXpv/D6sV9QI5ymV7mXFS
o1AF0kP971+EZYFQK12ALX+GKH+KjU+OstyPg1Ywv29AWlWxPKuxCA==
</SessionKey>
	    <Encrypted>CLp12KoTlB/SXT+UM6sUaamyqVWSbXdEbbjMNx+8eo3L+xcFVxiVKAZ9emuV9wur
015d0MOkeDcV+5HupIDbhKgLTnWwEE5FXk+19NY9OxY6LJkerDpZjQzWTIxUCzdA
aj5F/TpQmMI17qXOC7iEV5DQFe6B2bdL7wKbzlOhJnoceWMirEYwEKRTgQSe/ZES
Ys0K0YHRbsi7gHNXbyUfGTnEzrvGln778smJsIdXnrkuXJmKPb8QSbTSD22BGzrf
wW46KglHKqAuNaF7yniGd+CzVFLMvISGuPbOsJL7FVq8Bkr+J89PsYV2RuB/Ni2e
y0uJLez8jMMS4J3sPecOn810blgbh8+by8BfkP2PH59Xk/oT0Kj02lXn3zOIyrRn
IV9m2YoMd0M=
</Encrypted></CancelInfo>
	  <ReservedInfo>
	    <MReserved1/>
	    <MReserved2/>
	    <MReserved3/></ReservedInfo>
	  <ManageInfo>
	    <Language/>
	    <URL/>
	    <TXVersion>5036B141209canceLinux     PHPchkfake   2.6.32-754.11.1.el6.x86_64PHP:</TXVersion>
	    <TXUserID/>
	    <TXRegNum/></ManageInfo></INIpay>AGtv7AI4LW03pImnSHT5cvzf3XHqRlJqxqA3f+U7acPbO8/sCHNPT1X1ImYbZIEM
Z91/HGGhPr4iba7EI8YYxYWLaE0MvJAnr7Mzz8FJtn7Nvp8SRC3y+RBTAOHgZuhE
PpsSDIm1Ef3Tt4B135tPlLT5oOd2pxI0ThpUQZW6DUvn
]
INFO	[2023-11-10 21:43:34:44] <7840> DNS LOOKUP OK(203.238.37.3:203.238.37.3:34049) laptime:0
INFO	[2023-11-10 21:43:34:46] <7840> SOCKET CONNECT OK
INFO	[2023-11-10 21:43:34:46] <7840> SEND OK
INFO	[2023-11-10 21:43:34:318] <7840> RECV OK
INFO	[2023-11-10 21:43:34:318] <7840> MSG_FROM_PG:[0093300175D SHA1                   0                                      300430majorgol03                    INIMX_CARDmajorgol0320231110214210295890<?xml version="1.0" encoding="UTF-8"?><INIpay>
<CancelInfo>
<ResultCode>120000</ResultCode>
<ResultMsg urlencode="1">%C1%A4%BB%F3%C3%B3%B8%AE%B5%C7%BE%FA%BD%C0%B4%CF%B4%D9.</ResultMsg>
<SessionKey>AR7Rkzlnlp48XoPZV8cIRHT9BENEFQC77YyAmKhqS9M33hxCNpda7zj6G99Vagiv
De7LY8SafjinSGtEOJu+STOm9pz7DsPPRH01xKl1x2zrAsxFJJg6iY+ru7+Iinum
1ABuEovuaRivas49m2gabCjj5zMfpvMdn7c01aAB4zl0yatPMGwxYG0=
</SessionKey>
<Encrypted>J/0c857HXPJHQ4or501NVbYGFQgvElu7dsb8Pe1NhuzOCl1bfo54V/xCf706QxJw
FddaX2g519Dm1N/I5ncWqrYpfWHwSLlY5xDPVM6QTJ4FFbe74UabWXp2hEuEZaf5
JQ4J3WZ/SHkmhVIfIfXVawNz7hja0t0Ihcx4b3r9ka4I+lCNiGW7is8T92eSswuH
cWcAvboOxdPOAl0NiMUf7FmuzpwFduvaA1Mal9iDf0qpiqFGUNAjRGt4hshsieOB
YvyaK2mCMi7y5m7T6WzuRBnbw5BbnIlqAmL/PyyH5xDltCv+A9PPCsw9Cw12Dj2L
foD1skzNyKbIEJFyANF4YwtaibHY2OMd
</Encrypted>
</CancelInfo>
<ManageInfo/>
<ReservedInfo>
<MReserved1 urlencode="1"/>
<MReserved2 urlencode="1"/>
<MReserved3 urlencode="1"/>
</ReservedInfo>
</INIpay>
EF5e+OnwXzQemAKnMjJO8dw8TEsWY0N6BUhGy3aWGjoClV87u8JincRUOTaUtvsa
ym+THI/nJi6OoFjNablfCyBNwx9vsbPUwXWTBzUpRKnFWQ93MnMiDEirznnFjOmJ
a7ith3oUwCaWMMc/BpOyMZMChIJ5Ud6Oub9HeyqGt1M=
]
INFO	[2023-11-10 21:43:34:318] <7840> VERIFY OK
INFO	[2023-11-10 21:43:34:318] <7840> PARSE HEAD OK
INFO	[2023-11-10 21:43:34:319] <7840> PARSE BODY OK
INFO	[2023-11-10 21:43:34:319] <7840> DECRYPT OK
DEBUG	[2023-11-10 21:43:34:319] <7840> DECRYPT MSG:[<?xml version="1.0" encoding="UTF-8"?><CancelInfo>
<CancelDate>20231110</CancelDate>
<CancelTime>214335</CancelTime>
<ResultCode>120000</ResultCode>
<ResultMsg urlencode="1">%C1%A4%BB%F3%C3%B3%B8%AE%B5%C7%BE%FA%BD%C0%B4%CF%B4%D9.</ResultMsg>
</CancelInfo>]
INFO	[2023-11-10 21:43:34:320] <7840> DECRYPT PARSE OK
INFO	[2023-11-10 21:43:34:320] <7840> END cancel 정상처리되었습니다. Laptime:[0.277sec]
INFO	[2023-11-10 21:43:34:320] <7840> ===============================================================
