INFO	[2021-09-08 06:49:20:609] <32709> START INIPHP cancel (V5036-141209)(OS:Linux2.6.32-754.11.1.el6.x86_64,PHP:5.3.3)
DEBUG	[2021-09-08 06:49:20:609] <32709> inipayhome:/home1/killdeal/public_html/shop/inicis
DEBUG	[2021-09-08 06:49:20:609] <32709> debug:false
DEBUG	[2021-09-08 06:49:20:609] <32709> type:cancel
DEBUG	[2021-09-08 06:49:20:609] <32709> mid:majorgol03
DEBUG	[2021-09-08 06:49:20:609] <32709> admin:1111
DEBUG	[2021-09-08 06:49:20:609] <32709> tid:INIMX_ISP_majorgol0320210908064203705238
DEBUG	[2021-09-08 06:49:20:609] <32709> cancelmsg:주문자 본인 취소-상품옵션 선택 잘못함
INFO	[2021-09-08 06:49:20:609] <32709> Check Field OK
INFO	[2021-09-08 06:49:20:609] <32709> PI PUB KEY LOAD OK []
INFO	[2021-09-08 06:49:20:609] <32709> PG PUB KEY LOAD OK [30]
INFO	[2021-09-08 06:49:20:610] <32709> MERCHANT PRIV KEY LOAD OK
INFO	[2021-09-08 06:49:20:610] <32709> MERCHANT PUB KEY LOAD OK [0]
DEBUG	[2021-09-08 06:49:20:610] <32709> MAKE ENCRYPT OK[<?xml version="1.0" encoding="UTF-8"?>
<CancelInfo>
	  <CancelTID>INIMX_ISP_majorgol0320210908064203705238</CancelTID>
	  <CancelMsg urlencode="1">%C1%D6%B9%AE%C0%DA+%BA%BB%C0%CE+%C3%EB%BC%D2-%BB%F3%C7%B0%BF%C9%BC%C7+%BC%B1%C5%C3+%C0%DF%B8%F8%C7%D4</CancelMsg>
	  <CancelReason/></CancelInfo>]
INFO	[2021-09-08 06:49:20:611] <32709> MAKE BODY OK
INFO	[2021-09-08 06:49:20:611] <32709> SIGN OK
INFO	[2021-09-08 06:49:20:611] <32709> MAKE HEAD OK
INFO	[2021-09-08 06:49:20:611] <32709> MSG_TO_PG:[0101500175D SHA1                   0                                      300420majorgol03                    INIMX_ISP_majorgol0320210908064203705238<?xml version="1.0" encoding="UTF-8"?>
<INIpay>
	  <CancelInfo>
	    <SessionKey>r19E10mYghWEGMYMbdc/VF3PJIkqmZFoatnE2IY994iumSBKEC2+tgpPSFXssohi
JX65tu5y79evz4uej/Zf/jc7Ip2anJ+GMK3UBxgXyyCPeO+G3x6Tb3sdDx+Rj3V7
GD5vjIcIKuPHrY54zwmnb08M0Pa0esxuGo54eGKVfacyQy0Ny1WW7Q==
</SessionKey>
	    <Encrypted>AL9IgKL58svb+v0ob8J4OkgAazsYWBJt5DB/rZlDT4DUEll8PZhFhRgjxg/WolUM
t+jwIUlaIo6fDU6vJgrDGrZZPT4L44XO1cPCaV5Q/7q2oGlrRSRGG340fxFksrV9
ES+zCAEtFYDWksjp7P6FHeap547Dm/ENVgilcOHKgsJ7W42fzzGjAW6kjYOpji9K
vVlbqh6lnAqc/9YwdoVzm/K9xb9xLYDtXUNDyuKXVYcA6AaVzhBjvUI9Tr4wNQEp
qxaQT9ksMqYQdvNRSIzOv0mWJS1fsaksR0ObMaJe1GJ0Z3yn743nYKjikhhPKoAb
U70rfVBb+bgefCb/9ifSwZZelXWsSkJJASgViCe0Lxeu4gWaaxhSE+S2C+JZErYv
wmWu8n2tKk8=
</Encrypted></CancelInfo>
	  <ReservedInfo>
	    <MReserved1/>
	    <MReserved2/>
	    <MReserved3/></ReservedInfo>
	  <ManageInfo>
	    <Language/>
	    <URL/>
	    <TXVersion>5036B141209canceLinux     PHPchkfake   2.6.32-754.11.1.el6.x86_64PHP:</TXVersion>
	    <TXUserID/>
	    <TXRegNum/></ManageInfo></INIpay>AMXdpQCFh7hR8Y8zy/++/nH5Acd21o9agROFw3EL7Wr3YmS5Id4ILx5MnfKqbSWd
4z+U3KqSbN9jwq4GDnrRg7FZ0Bpczz0c5Kd1+uMJfTXMTVCX225Hh1hhg5tHHX8C
SKtNB/RP318C0WU0nEj4kQfdlitn3a9FiD/NFpha0BAz
]
INFO	[2021-09-08 06:49:20:611] <32709> DNS LOOKUP OK(203.238.37.3:203.238.37.3:34049) laptime:0
INFO	[2021-09-08 06:49:20:614] <32709> SOCKET CONNECT OK
INFO	[2021-09-08 06:49:20:614] <32709> SEND OK
INFO	[2021-09-08 06:49:21:83] <32709> RECV OK
INFO	[2021-09-08 06:49:21:83] <32709> MSG_FROM_PG:[0086100175D SHA1                   0                                      300430majorgol03                    INIMX_ISP_majorgol0320210908064203705238<?xml version="1.0" encoding="UTF-8"?><INIpay>
<CancelInfo>
<ResultCode>170000</ResultCode>
<ResultMsg urlencode="1">%C1%A4%BB%F3%BF%CF%B7%E1</ResultMsg>
<SessionKey>AGgUfoCfjAFryP80jTArW6omSOwj2xGDdiPi0VhAPtnynZN5IU6z/8gu6ON7AZbd
K5pYk4FxigiWm7Vm/C22XZsGrjW8hK5zM1Mf1sWigJkeQNU7RSQqPbdjzNuIzQSw
nsExiCYWYmYIPcxvsa74+VDmiXk9ous3BkdloRTXLfwVhJtEinKZlx4=
</SessionKey>
<Encrypted>5wo6UvrWDuRNIk1533qMK2ziMciihy78bm12wLOpIR1VjJp0g25YkyjrFKOwG5Na
UNe0onwBuxwLHjLjBXUSVBgn5oGkO+nm82tZt54+MkGBHOsgiinSVoH5PqMrwDon
rh+xOQQ3TLIXa2RUwYM/66dL1ln9dREwOgTBYdqBG0Q+MlIvnDDIGovqnFgx4dKD
i+exuX9v8dTNY94bCtILKTeIEYkyjUK/wmm0AXvkRQAbTe1EKzv0z5bn9ocZgpM9
64oRwsFp9fvEc27D3C7J8Rflmb+CdTSdjR3PahgJS/SzjU3N5XPJ9g==
</Encrypted>
</CancelInfo>
<ManageInfo/>
<ReservedInfo>
<MReserved1 urlencode="1"/>
<MReserved2 urlencode="1"/>
<MReserved3 urlencode="1"/>
</ReservedInfo>
</INIpay>
ogimxhv3oFU4uL2IO6YG7gPXtFpGy+xh/yS46w0ZKGFZ23AGYnotaOV9aFxYzN9V
sjaI34XpyKyHMVq9S1WwCh+Pe6yiAihx3IE+vsEspI/DfxKChlMl1kglUZKSobMX
YGn5uOlK7etWf07eKyJ7Tpi2MlaZAkcyQHqXgUvZoCI=
]
INFO	[2021-09-08 06:49:21:84] <32709> VERIFY OK
INFO	[2021-09-08 06:49:21:84] <32709> PARSE HEAD OK
INFO	[2021-09-08 06:49:21:84] <32709> PARSE BODY OK
INFO	[2021-09-08 06:49:21:85] <32709> DECRYPT OK
DEBUG	[2021-09-08 06:49:21:85] <32709> DECRYPT MSG:[<?xml version="1.0" encoding="UTF-8"?><CancelInfo>
<CancelDate>20210908</CancelDate>
<CancelTime>064920</CancelTime>
<ResultCode>170000</ResultCode>
<ResultMsg urlencode="1">%C1%A4%BB%F3%BF%CF%B7%E1</ResultMsg>
</CancelInfo>]
INFO	[2021-09-08 06:49:21:85] <32709> DECRYPT PARSE OK
INFO	[2021-09-08 06:49:21:85] <32709> END cancel 정상완료 Laptime:[0.476sec]
INFO	[2021-09-08 06:49:21:85] <32709> ===============================================================
INFO	[2021-09-08 10:32:14:25] <28079> START INIPHP cancel (V5036-141209)(OS:Linux2.6.32-754.11.1.el6.x86_64,PHP:5.3.3)
DEBUG	[2021-09-08 10:32:14:25] <28079> inipayhome:/home1/killdeal/public_html/shop/inicis
DEBUG	[2021-09-08 10:32:14:25] <28079> debug:false
DEBUG	[2021-09-08 10:32:14:25] <28079> type:cancel
DEBUG	[2021-09-08 10:32:14:25] <28079> mid:majorgol03
DEBUG	[2021-09-08 10:32:14:25] <28079> admin:1111
DEBUG	[2021-09-08 10:32:14:25] <28079> tid:INIMX_CARDmajorgol0320210828150928865763
DEBUG	[2021-09-08 10:32:14:25] <28079> cancelmsg:쇼핑몰 운영자 승인 취소
INFO	[2021-09-08 10:32:14:25] <28079> Check Field OK
INFO	[2021-09-08 10:32:14:25] <28079> PI PUB KEY LOAD OK []
INFO	[2021-09-08 10:32:14:26] <28079> PG PUB KEY LOAD OK [30]
INFO	[2021-09-08 10:32:14:26] <28079> MERCHANT PRIV KEY LOAD OK
INFO	[2021-09-08 10:32:14:26] <28079> MERCHANT PUB KEY LOAD OK [0]
DEBUG	[2021-09-08 10:32:14:26] <28079> MAKE ENCRYPT OK[<?xml version="1.0" encoding="UTF-8"?>
<CancelInfo>
	  <CancelTID>INIMX_CARDmajorgol0320210828150928865763</CancelTID>
	  <CancelMsg urlencode="1">%BC%EE%C7%CE%B8%F4+%BF%EE%BF%B5%C0%DA+%BD%C2%C0%CE+%C3%EB%BC%D2</CancelMsg>
	  <CancelReason/></CancelInfo>]
INFO	[2021-09-08 10:32:14:27] <28079> MAKE BODY OK
INFO	[2021-09-08 10:32:14:27] <28079> SIGN OK
INFO	[2021-09-08 10:32:14:27] <28079> MAKE HEAD OK
INFO	[2021-09-08 10:32:14:27] <28079> MSG_TO_PG:[0096200175D SHA1                   0                                      300420majorgol03                    INIMX_CARDmajorgol0320210828150928865763<?xml version="1.0" encoding="UTF-8"?>
<INIpay>
	  <CancelInfo>
	    <SessionKey>W5KLT+RU7Y7QssqODswn2jxkimP1XzZBBCWUFCegWPF2Aw2LL38wOT3QfjPJ+at6
4vOXGToVIYZYroGTDgYJUQOZSNp3WiZtO0dl8ha074A1ebMkYmhvLpPc1qyTcHDH
mjzeo4VLCYMwNMZNka1FWeu0/ne9fuVmWpHNfcvJmFQp73IbOPhVAQ==
</SessionKey>
	    <Encrypted>xGSc4C+NRj9ZhV9uM9ZEvEU0cRq9rDoypEn+tuUGf3DP9bmDUrGnJW4clpwTje4Y
QyzyG8SQ+VS6rnvmDjXfIsMK7jdyb51xWKLLKh8MzOAuM3nbslPWzReaOPIHpDKC
+AhKcqAGzmo/d6nBnGpElgh7/e5UVktEPif+j+eg5RcOYWMgpcLJ/3616o+uHhyq
PCrXG066vlHTA4fb3h7Bmr16XsPMoCInbl7I2qfBkw2ON5jE88ALufIY0z5eJjhR
bt+4j/o1BhVLalZGEPnuOEEaC7p4YggmxF5EW3h7wPyvcSCgjsBynYWNklKwob3m
uVDACHGrAE/9KFRUYcZwhQ==
</Encrypted></CancelInfo>
	  <ReservedInfo>
	    <MReserved1/>
	    <MReserved2/>
	    <MReserved3/></ReservedInfo>
	  <ManageInfo>
	    <Language/>
	    <URL/>
	    <TXVersion>5036B141209canceLinux     PHPchkfake   2.6.32-754.11.1.el6.x86_64PHP:</TXVersion>
	    <TXUserID/>
	    <TXRegNum/></ManageInfo></INIpay>ACcW975TR2nzWvm58h63/zGOBGEvF4hZzQ/SEprtojBzrXmZiDQ+pJC1CS1ZDY8j
OV/lIMxUe3tfE8dtpIaV44BtC1tOG3eq+HtdbVVHMiXdZyEam13RyU2ve4hiU0cK
JUyDFYDSZ78pLg/q4J7/WYsT9ACHrcJLcr78LaXpfU6J
]
INFO	[2021-09-08 10:32:14:27] <28079> DNS LOOKUP OK(203.238.37.3:203.238.37.3:34049) laptime:0
INFO	[2021-09-08 10:32:14:29] <28079> SOCKET CONNECT OK
INFO	[2021-09-08 10:32:14:30] <28079> SEND OK
INFO	[2021-09-08 10:32:14:231] <28079> RECV OK
INFO	[2021-09-08 10:32:14:231] <28079> MSG_FROM_PG:[0093300175D SHA1                   0                                      300430majorgol03                    INIMX_CARDmajorgol0320210828150928865763<?xml version="1.0" encoding="UTF-8"?><INIpay>
<CancelInfo>
<ResultCode>120000</ResultCode>
<ResultMsg urlencode="1">%C1%A4%BB%F3%C3%B3%B8%AE%B5%C7%BE%FA%BD%C0%B4%CF%B4%D9.</ResultMsg>
<SessionKey>ANj1fRK8UgFdnsL5GhWppwSsIOxOc2/2JzFkfEJL/EsS51iXQwb4W4eC8o5D6kXV
u+rZi/gux2Qkc8w5u6cMk7XpRsKag6gk27xX00PgssOnUimMhJ7TetEgfdmtjzJu
zKygucZXEYJ7yUI+mWXXB5hEQnNRSrCyd9RSvEkciaswwD219H1j4F0=
</SessionKey>
<Encrypted>bJZzkDXGhmen2WlrviZEOyfhjYs0wR/t2Au7zLMlGhwEizQvXuB+yIVDyds6v7cA
A6odj+psBQo9jpJtt5A6t9JlSQr5XDlwn30cPyXBRUbUfCxu7ZJwhaWZNZPFZtdl
O0E31QxTFcN9c9Kafi1+RzEJkWFWZzFSb7kA3D7OmS/2EIRpaOHluFiDP/Zqb67/
UiDmOA0JPUUkArWLtelDzNqbk7P8jAvOKQ2JUHC88VyS4OnCr7J+ooG+N+v8vwpH
xqb9E+zZ/TMMt6YwsrvdWDQ7y5RaPbMr67C7rB9lEedrDQYeNZKWP9lTsgdh3+gf
FyFIe9frFdQPOMnSVJrIMHg5XHIyGV2r
</Encrypted>
</CancelInfo>
<ManageInfo/>
<ReservedInfo>
<MReserved1 urlencode="1"/>
<MReserved2 urlencode="1"/>
<MReserved3 urlencode="1"/>
</ReservedInfo>
</INIpay>
iENwAF5zyKFXK/VsWz9tcSylcLz6iBcTOEBjIq4wxbA5joPp79L40COLb9dqGa1u
6l/G7ibbv+TGiqYvDOLmvxIZNAboBfW07S5X6uZaQZ9tImLGnmaMJKoblsi43gD7
kxHAeHtKzvOybDyeNneqYvrCC4z/4PDU/KdY1ZWS2d0=
]
INFO	[2021-09-08 10:32:14:231] <28079> VERIFY OK
INFO	[2021-09-08 10:32:14:231] <28079> PARSE HEAD OK
INFO	[2021-09-08 10:32:14:232] <28079> PARSE BODY OK
INFO	[2021-09-08 10:32:14:232] <28079> DECRYPT OK
DEBUG	[2021-09-08 10:32:14:232] <28079> DECRYPT MSG:[<?xml version="1.0" encoding="UTF-8"?><CancelInfo>
<CancelDate>20210908</CancelDate>
<CancelTime>103214</CancelTime>
<ResultCode>120000</ResultCode>
<ResultMsg urlencode="1">%C1%A4%BB%F3%C3%B3%B8%AE%B5%C7%BE%FA%BD%C0%B4%CF%B4%D9.</ResultMsg>
</CancelInfo>]
INFO	[2021-09-08 10:32:14:232] <28079> DECRYPT PARSE OK
INFO	[2021-09-08 10:32:14:232] <28079> END cancel 정상처리되었습니다. Laptime:[0.207sec]
INFO	[2021-09-08 10:32:14:232] <28079> ===============================================================
INFO	[2021-09-08 13:40:01:902] <3174> START INIPHP cancel (V5036-141209)(OS:Linux2.6.32-754.11.1.el6.x86_64,PHP:5.3.3)
DEBUG	[2021-09-08 13:40:01:902] <3174> inipayhome:/home1/killdeal/public_html/shop/inicis
DEBUG	[2021-09-08 13:40:01:902] <3174> debug:false
DEBUG	[2021-09-08 13:40:01:902] <3174> type:cancel
DEBUG	[2021-09-08 13:40:01:902] <3174> mid:majorgol03
DEBUG	[2021-09-08 13:40:01:902] <3174> admin:1111
DEBUG	[2021-09-08 13:40:01:902] <3174> tid:StdpayVBNKmajorgol0320210908132754357226
DEBUG	[2021-09-08 13:40:01:902] <3174> cancelmsg:주문자 본인 취소-상품옵션 선택 잘못함
INFO	[2021-09-08 13:40:01:902] <3174> Check Field OK
INFO	[2021-09-08 13:40:01:902] <3174> PI PUB KEY LOAD OK []
INFO	[2021-09-08 13:40:01:903] <3174> PG PUB KEY LOAD OK [30]
INFO	[2021-09-08 13:40:01:903] <3174> MERCHANT PRIV KEY LOAD OK
INFO	[2021-09-08 13:40:01:903] <3174> MERCHANT PUB KEY LOAD OK [0]
DEBUG	[2021-09-08 13:40:01:903] <3174> MAKE ENCRYPT OK[<?xml version="1.0" encoding="UTF-8"?>
<CancelInfo>
	  <CancelTID>StdpayVBNKmajorgol0320210908132754357226</CancelTID>
	  <CancelMsg urlencode="1">%C1%D6%B9%AE%C0%DA+%BA%BB%C0%CE+%C3%EB%BC%D2-%BB%F3%C7%B0%BF%C9%BC%C7+%BC%B1%C5%C3+%C0%DF%B8%F8%C7%D4</CancelMsg>
	  <CancelReason/></CancelInfo>]
INFO	[2021-09-08 13:40:01:903] <3174> MAKE BODY OK
INFO	[2021-09-08 13:40:01:904] <3174> SIGN OK
INFO	[2021-09-08 13:40:01:904] <3174> MAKE HEAD OK
INFO	[2021-09-08 13:40:01:904] <3174> MSG_TO_PG:[0101500175D SHA1                   0                                      300420majorgol03                    StdpayVBNKmajorgol0320210908132754357226<?xml version="1.0" encoding="UTF-8"?>
<INIpay>
	  <CancelInfo>
	    <SessionKey>u5qwqOIEWruYtEzsAZ2oLkoN3XdwVLqdUMWlpkT5vLBHJzV3x8g54jkksFmpJVYI
7ZVtacO7DPhClP/S5aniNsm5Rv9f7aSmgZuswYCPltOUjxSai+BmDCuk/TJCQ1kw
wUKlfkyGh81Yl5EMO2xNoy6qoFQdLaiTe8b9G8EVYDvAUHE+NO0bxg==
</SessionKey>
	    <Encrypted>OzXTA5yUCGkJHRSvceMfRECfQyS3Tdzi7aGVVITdM8Z4X6ZtnJuclSu15JfbVoLk
rJ6PN8Ry79Wprzc2E8sMcoPRYy8w+NuE9i6/MTdj3KmWITWUA5WS3Bk1SceaQIX8
ijL56a0L+Cr6hIJuCd9ecbQ9uKiiXK9Ifk2zv7VWVQ0b7SIKjP1FOO/tlVEO8bws
P/5UdhOJKSOzWFMucrD9LN6sb4eiy69G4WVfM51/X3RRbATT+T99roK/bL+pgt4p
Az6GKtdOnbiaDpahQWnSv2j2rSDIDlIgA0HFxQUwT8HYtjYn7JSLF0p62HqtO21c
5ipnKBhckfg7LCs1QkEPipG4VGDbe5GMyxz5jmFpySsAH1+0N9JLu2XZHLiqAUN1
ft0wb3+xT2k=
</Encrypted></CancelInfo>
	  <ReservedInfo>
	    <MReserved1/>
	    <MReserved2/>
	    <MReserved3/></ReservedInfo>
	  <ManageInfo>
	    <Language/>
	    <URL/>
	    <TXVersion>5036B141209canceLinux     PHPchkfake   2.6.32-754.11.1.el6.x86_64PHP:</TXVersion>
	    <TXUserID/>
	    <TXRegNum/></ManageInfo></INIpay>ANxoE1Fn5gcCR34QBSWA9rBmqaOxr8l8eTcRjEbG3RPYGUv9SobdTzL6dcPINyj0
Mt+KNww4zjHBFEHtNoOqE7+ldwHGbEo6vCPvws/PZeRgey5fpPHmyEz51AZ+u9KS
G8PdPO474ryBMi0TdPIn7spBFyKgtZuMFd9GsiYzR/HP
]
INFO	[2021-09-08 13:40:01:904] <3174> DNS LOOKUP OK(203.238.37.3:203.238.37.3:34049) laptime:0
INFO	[2021-09-08 13:40:01:907] <3174> SOCKET CONNECT OK
INFO	[2021-09-08 13:40:01:907] <3174> SEND OK
INFO	[2021-09-08 13:40:02:11] <3174> RECV OK
INFO	[2021-09-08 13:40:02:11] <3174> MSG_FROM_PG:[0123800175D SHA1                   0                                      300430majorgol03                    StdpayVBNKmajorgol0320210908132754357226<?xml version="1.0" encoding="UTF-8"?><INIpay>
<CancelInfo>
<ResultCode>170000</ResultCode>
<ResultMsg urlencode="1">%C1%A4%BB%F3%C3%B3%B8%AE%B5%C7%BE%FA%BD%C0%B4%CF%B4%D9.</ResultMsg>
<SessionKey>ADAhFFY5EEneHlpP1cyoAVstCjQepGfSy5TLSaroDaXKuxgiMCpUOGshiYIJcPal
Nq9x2/NPAfauUC6Enpk4zWWXNdLuBXrcx0OtWm9B76KcfvX+SkugiXWhjE75MUIM
A3cXOniAkm1uZGnAZuRPCPUysMZp+rEUE+++aUZh2nnRQpztZvBBalk=
</SessionKey>
<Encrypted>Kwk8gk9XQ0vkNRGvGdctyPMi6HoeOwD3cYgBq/pSFMzaww9B3Gsw9j+g0D9vL1Or
6RkGSqtuTT34FUGa5O62gJYGTRNzVsCBcXEe4PqmmfqFxgCQDWw8ri75U6K4ifgV
KAd/Yh/KSmUhdGEIATQxYzWUKg+3s3z65+xtUjtdkbF9cNmNJr6JO1JTM/L91k8C
GVTEtk1xf3Rt36EVNnEwEQADkpXXMlEUM+S+ttEV/yPFmr/vLOgSKsAapIuCBCay
tqwZkwwKY6Wo/7V7n+f/PoLwiXcyYVtvMhu8qSqxrddTLwY6koSw3Tb+rXx7eL9n
b8Vqtq+9BG9sDhJjBRl9thJK4Ae15RB7ZxnWiVf9qJc+VJxQawVqBsED6ys+8SR7
7Z5/i4ZgwmIFdwsOisiopPH2TLL6UgXa7+LMc0y0lWSgXEWK8yN1g9uHSO7M91NF
vCxVeDrK84kvMUHRIXNFac7hA+29rnHGlYDmIQ/py27e597CmWOA782PEINMYJ57
aBOah8q0IDfQVEYigei6c3NgYMsuMFEWnmEqASjyv6DgYsmcpiUCo0+OP5eo5WPW
OvlTdMtQ+iovlEqX8raQsGicXGdfqCr8bkPUv4wPU4O6JyLJ2uRrIaWuQiA6foHV
i9NmbsUYq5w=
</Encrypted>
</CancelInfo>
<ManageInfo/>
<ReservedInfo>
<MReserved1 urlencode="1"/>
<MReserved2 urlencode="1"/>
<MReserved3 urlencode="1"/>
</ReservedInfo>
</INIpay>
QfeRjlrx2ncZkf3KaiSYX5mhbRAxlSsk4DSK1s0KRW9ceeKmg7jj6K7AiiPr/B6n
1riJBNbWcyWN6EnCQMPmfY3/3DMj4gpBXa8fyNmAlET4U/TmbVkhnG9Q1Dgoc5Y+
09zZ/UKLg29lsAaKzGp3yNIEKp18KWk452UnlXQ+2Cw=
]
INFO	[2021-09-08 13:40:02:11] <3174> VERIFY OK
INFO	[2021-09-08 13:40:02:11] <3174> PARSE HEAD OK
INFO	[2021-09-08 13:40:02:11] <3174> PARSE BODY OK
INFO	[2021-09-08 13:40:02:12] <3174> DECRYPT OK
DEBUG	[2021-09-08 13:40:02:12] <3174> DECRYPT MSG:[<?xml version="1.0" encoding="UTF-8"?><CancelInfo>
<CancelDate>20210908</CancelDate>
<CancelTime>134002</CancelTime>
<ResultCode>170000</ResultCode>
<ResultMsg urlencode="1">%C1%A4%BB%F3%C3%B3%B8%AE%B5%C7%BE%FA%BD%C0%B4%CF%B4%D9.</ResultMsg>
<CSHR_CancelDate>20210908</CSHR_CancelDate>
<CSHR_CancelTime>134002</CSHR_CancelTime>
<CSHR_ResultCode>220000</CSHR_ResultCode>
<CSHR_ResultMsg urlencode="1">%C1%A4%BB%F3%C3%B3%B8%AE%B5%C7%BE%FA%BD%C0%B4%CF%B4%D9.</CSHR_ResultMsg>
</CancelInfo>]
INFO	[2021-09-08 13:40:02:12] <3174> DECRYPT PARSE OK
INFO	[2021-09-08 13:40:02:12] <3174> END cancel 정상처리되었습니다. Laptime:[0.11sec]
INFO	[2021-09-08 13:40:02:12] <3174> ===============================================================
