INFO	[2021-11-03 17:04:34:776] <6922> START INIPHP receipt (V5036-141209)(OS:Linux2.6.32-754.11.1.el6.x86_64,PHP:5.3.3)
DEBUG	[2021-11-03 17:04:34:776] <6922> inipayhome:/home1/killdeal/public_html/shop/inicis
DEBUG	[2021-11-03 17:04:34:776] <6922> debug:false
DEBUG	[2021-11-03 17:04:34:776] <6922> type:receipt
DEBUG	[2021-11-03 17:04:34:776] <6922> pgid:INIphpRECP
DEBUG	[2021-11-03 17:04:34:776] <6922> paymethod:CASH
DEBUG	[2021-11-03 17:04:34:776] <6922> currency:WON
DEBUG	[2021-11-03 17:04:34:776] <6922> admin:1111
DEBUG	[2021-11-03 17:04:34:776] <6922> mid:fourseason
DEBUG	[2021-11-03 17:04:34:776] <6922> goodname:핫딜2021리카타X히스케이콜라보캡캐리어모자케이스 외 2건
DEBUG	[2021-11-03 17:04:34:776] <6922> cr_price:190900
DEBUG	[2021-11-03 17:04:34:776] <6922> sup_price:173545
DEBUG	[2021-11-03 17:04:34:776] <6922> tax:17355
DEBUG	[2021-11-03 17:04:34:776] <6922> srvc_price:0
DEBUG	[2021-11-03 17:04:34:776] <6922> buyername:이상준
DEBUG	[2021-11-03 17:04:34:776] <6922> buyeremail:zibeasy@naver.com
DEBUG	[2021-11-03 17:04:34:776] <6922> buyertel:01024168306
DEBUG	[2021-11-03 17:04:34:776] <6922> reg_num:7709011241013
DEBUG	[2021-11-03 17:04:34:776] <6922> useopt:0
DEBUG	[2021-11-03 17:04:34:776] <6922> companynumber:
INFO	[2021-11-03 17:04:34:776] <6922> Check Field OK
INFO	[2021-11-03 17:04:34:777] <6922> Make TID OK INIphpRECPfourseason20211103170434765022
INFO	[2021-11-03 17:04:34:777] <6922> PI PUB KEY LOAD OK []
INFO	[2021-11-03 17:04:34:777] <6922> PG PUB KEY LOAD OK [30]
INFO	[2021-11-03 17:04:34:777] <6922> MERCHANT PRIV KEY LOAD OK
INFO	[2021-11-03 17:04:34:777] <6922> MERCHANT PUB KEY LOAD OK [0]
DEBUG	[2021-11-03 17:04:34:778] <6922> MAKE ENCRYPT OK[<?xml version="1.0" encoding="UTF-8"?>
<PaymentInfo>
	  <Payment>
	    <CASH>
	      <CSHR_ApplPrice>190900</CSHR_ApplPrice>
	      <CSHR_SupplyPrice>173545</CSHR_SupplyPrice>
	      <CSHR_Tax>17355</CSHR_Tax>
	      <CSHR_ServicePrice/>
	      <CSHR_Type>0</CSHR_Type>
	      <CSHR_RegNum>7709011241013</CSHR_RegNum>
	      <CSHR_CompanyNum/></CASH></Payment></PaymentInfo>]
INFO	[2021-11-03 17:04:34:778] <6922> MAKE BODY OK
INFO	[2021-11-03 17:04:34:779] <6922> SIGN OK
INFO	[2021-11-03 17:04:34:779] <6922> MAKE HEAD OK
INFO	[2021-11-03 17:04:34:779] <6922> MSG_TO_PG:[0198200175D SHA1                   0                                      300200fourseason              190900INIphpRECPfourseason20211103170434765022<?xml version="1.0" encoding="UTF-8"?>
<INIpay>
	  <GoodsInfo>
	    <GoodsCnt>1</GoodsCnt>
	    <MOID/>
	    <Currency>WON</Currency>
	    <Tax>17355</Tax>
	    <TaxFree/>
	    <Goods>
	      <SMID>fourseason</SMID>
	      <GoodsName urlencode="1">%C7%D6%B5%F42021%B8%AE%C4%AB%C5%B8X%C8%F7%BD%BA%C4%C9%C0%CC%C4%DD%B6%F3%BA%B8%C4%B8%C4%B3%B8%AE%BE%EE%B8%F0%C0%DA%C4%C9%C0%CC%BD%BA+%BF%DC+2%B0%C7</GoodsName>
	      <GoodsPrice>190900</GoodsPrice></Goods></GoodsInfo>
	  <BuyerInfo>
	    <BuyerName urlencode="1">%C0%CC%BB%F3%C1%D8</BuyerName>
	    <BuyerTel>01024168306</BuyerTel>
	    <BuyerEmail urlencode="1">zibeasy%40naver.com</BuyerEmail>
	    <ParentEmail/>
	    <RecvName/>
	    <RecvTel/>
	    <RecvMsg/>
	    <RecvAddr/>
	    <RecvPostNum/></BuyerInfo>
	  <PaymentInfo>
	    <Payment>
	      <PayMethod>CASH</PayMethod>
	      <JoinCard/>
	      <JoinExpire/>
	      <MailOrder/>
	      <SessionKey>kIkReXw9rYDYluG4MJ62SColToKNbOpstBvuB7rd9CfBBGbj/Qw3QLcR+u60j3zz
o0OMn92wJqSx+aMYINIzM0gwJ4ZN6M1vEwUDAthEFqCbcQVwsU08PnbetIzSLRn9
PCeG52qT7y+4VwOzflL4G2V2ygNnEKYddplnk6FVwZPT8PJ/5XX2jg==
</SessionKey>
	      <Encrypted>+oHa3ghp0JSnlwAqDWoPgdkWDl/CC6nwXxDwTJeiR/l6mbfwX6Sj96++8woSpZLk
FU6JgtgwdNy2OP0GIBi4rfGi1p0AW5YX8Bz/MdJk6eOGuDTUsjSR8r6aCpP6AHLf
3zUyJAdwDLFKghApgCzJ2q0qQQpQqikKAd6O0AK49O2FkiDmdrya/yFWe2Bi/4Dw
2xIJlESNShOR+m+EUUrBoYzd12unwNV+tSAfa0jh7rFNV1V2SueVO2JUulZqviDs
+nwLPBdjFh9t2lTHa0cK7KrXrJBiTRZU6yd46/op9MV1eYKWEBBzeM0ok4243FPJ
dZo/K3/LGnScS2Sknyb4mGIpYlAqlOGt2LWa0JJTpGEqGPhGGuuAKmLIGuJDK3S3
OUC8IWqmHuNligmqkJ/F//klzm0jvDvOdwgtdmOD1T71ihE+3kfR2tnnfj2fBARW
tlcXVl0QvA64l/mqN1fiDWwKsjq3DJ5DktDgdHTHJ4ZDeb1gz+F8+w==
</Encrypted></Payment></PaymentInfo>
	  <ReservedInfo>
	    <MReserved1/>
	    <MReserved2/>
	    <MReserved3/></ReservedInfo>
	  <ManageInfo>
	    <Language/>
	    <URL/>
	    <TXVersion>5036B141209receiLinux     PHPchkfake   2.6.32-754.11.1.el6.x86_64PHP:</TXVersion>
	    <TXUserID/>
	    <TXRegNum/>
	    <Ack>1</Ack></ManageInfo></INIpay>AEziedrfLd3C6Sxu3QnQTXrVQAFDvGavLrFFy+/Ru4x8hj7k2IZ3T5KF3o+56E5t
ZUA2qjeWew5V0u1oPTQU5g5kHB90QoR+RETZ8YzFEcXmyFzYsrzRfIz2GDU04k0G
0B/mhKPBPNZQewSGNuiujTMiqhGU9PkNjMtYM9PESGTx
]
INFO	[2021-11-03 17:04:34:779] <6922> DNS LOOKUP OK(203.238.37.3:203.238.37.3:34049) laptime:0
INFO	[2021-11-03 17:04:34:782] <6922> SOCKET CONNECT OK
INFO	[2021-11-03 17:04:34:782] <6922> SEND OK
INFO	[2021-11-03 17:04:34:919] <6922> RECV OK
INFO	[2021-11-03 17:04:34:919] <6922> MSG_FROM_PG:[0172500175D SHA1                   0                                      300210fourseason              190900INIphpRECPfourseason20211103170434765022<?xml version="1.0" encoding="UTF-8"?><INIpay>
<GoodsInfo>
<GoodsCnt>1</GoodsCnt>
<MOID urlencode="1"/>
<Currency>WON</Currency>
<Goods no="1">
<SMID>fourseason</SMID>
<GoodsName urlencode="1">%C7%D6%B5%F42021%B8%AE%C4%AB%C5%B8X%C8%F7%BD%BA%C4%C9%C0%CC%C4%DD%B6%F3%BA%B8%C4%B8%C4%B3%B8%AE%BE%EE%B8%F0%C0%DA%C4%C9%C0%CC%BD%BA+%BF%DC+2%B0%C7</GoodsName>
<GoodsCntS>1</GoodsCntS>
<GoodsPrice>190900</GoodsPrice>
</Goods>
</GoodsInfo>
<PaymentInfo>
<Payment>
<SessionKey>AAD47+WquHVMUSNdyyZD2E+pt80glynvAqCZasPalCY+sYrK2cfhziLxy5FEdErn
q8wpzs+Om+ZQlHUlAYoJ1BleAR4uAlXuyrOoG9MCUsZjlY3uhBwCg5MvbgSAXjAi
VRqY9WGV1NaSjZheA43iPSPDp3RYSo0m5gVwpmVyM1b4x3MxOCfN9ns=
</SessionKey>
<Encrypted>K2/sLloayd1W4vHlcJYh+IPlV6Z5KFa7+nwcRCsRAw8jbUW4MXNZS9YhD5Mb+p9X
9Z2rr5hh0pgRWaMIXWQzMA7qT4X9PwY2kt5Ogdki3C349KA2Ooe9cT5id7s9lvUN
IIR215D1ofJsEs8jtNyNShS4XstUGBtDdjlRv3h4DmclwLtfV6/XJM5oWSLsRrnv
IWgMYjMsQMcAhVkwt/ZGQckckWYFxlliW7ZF4Per+tULnX5yOk1M2tOiILf/Q0M/
ydF+1LLn7dE6hZYO2oJ3fmtu+/LkmreeLZ8s8KfaqYByu5LD85H7T9AOz6D/c3fI
WTccYwvlVa53K1ioRKBZUUS33cu5CZN78gIDxy6YIeXVJplFCeSGKA+2hOqyRee5
b0fJznWD/1sH/DoRlnmRge1oZ4dmM538PdVsbLB91HIv8lLwifQRgHb7n6YGqfzv
rf0sQekEhoo2ex95mgnGMhKz/h9Mwn5n3mF9SHLLgkrAxCNWgNZmqSIVitYGZUJZ
XndfKFaXv79WB6m9fN3uR7B/XOB8i4vZb+u/O3cQx6kQCFN+E669Bg5IlcF7wvXf
7Sg/fXgFBOS2LDIvefGTurcT8Y76kBkGeBw5MQN8Zj/xXCrqW7J7VHaTZEZUdGvC
JXkcFbLoZqNjauc1j764LeiLTl3UfKlOfl/404h8rE8H8SWq17F7e/wu8G26lmEQ
</Encrypted>
<PayMethod>CASH</PayMethod>
<ResultCode>220000</ResultCode>
<ResultMsg urlencode="1">%C1%A4%BB%F3%C3%B3%B8%AE%B5%C7%BE%FA%BD%C0%B4%CF%B4%D9.</ResultMsg>
</Payment>
</PaymentInfo>
<ManageInfo/>
<ReservedInfo>
<MReserved1 urlencode="1"/>
<MReserved2 urlencode="1"/>
<MReserved3 urlencode="1"/>
</ReservedInfo>
</INIpay>
q8KE09WnhkZ52/f7GdVDp1Iq01pS9+MjVHQVbisX+HVywxerJATO3/Vz9DJ5qNMb
h37yCAm2GZkNRs0l3YxOzcItSwoyvkED5Mxka03lIu1P5opn6KDWIOuIgVxLo8hu
ZcXY7qEk+QEFqxJ9yI/dBar1Drtth29E4sEjAGFCNs8=
]
INFO	[2021-11-03 17:04:34:919] <6922> VERIFY OK
INFO	[2021-11-03 17:04:34:919] <6922> PARSE HEAD OK
INFO	[2021-11-03 17:04:34:920] <6922> PARSE BODY OK
INFO	[2021-11-03 17:04:34:920] <6922> DECRYPT OK
DEBUG	[2021-11-03 17:04:34:920] <6922> DECRYPT MSG:[<?xml version="1.0" encoding="UTF-8"?><PaymentInfo>
<Payment>
<CASH>
<CSHR_ApplPrice>190900</CSHR_ApplPrice>
<CSHR_SupplyPrice>173545</CSHR_SupplyPrice>
<CSHR_Tax>17355</CSHR_Tax>
<CSHR_ServicePrice/>
<CSHR_Type>0</CSHR_Type>
<CSHR_ApplDate>20211103</CSHR_ApplDate>
<CSHR_ApplTime>170435</CSHR_ApplTime>
<CSHR_ApplNum>267052648</CSHR_ApplNum>
<CSHR_ResultCode>220000</CSHR_ResultCode>
<CSHR_ResultMsg urlencode="1">%C1%A4%BB%F3%C3%B3%B8%AE%B5%C7%BE%FA%BD%C0%B4%CF%B4%D9.</CSHR_ResultMsg>
</CASH>
</Payment>
</PaymentInfo>]
INFO	[2021-11-03 17:04:34:921] <6922> DECRYPT PARSE OK
INFO	[2021-11-03 17:04:34:921] <6922> WAIT ACK INVOKING
DEBUG	[2021-11-03 17:04:34:921] <6922> MAKE HEAD OK
INFO	[2021-11-03 17:04:34:924] <6922> SUCCESS ACK INVOKING
INFO	[2021-11-03 17:04:34:924] <6922> END receipt 정상처리되었습니다. Laptime:[0.148sec]
INFO	[2021-11-03 17:04:34:924] <6922> ===============================================================
