INFO	[2021-03-12 11:25:47:128] <15830> START INIPHP receipt (V5036-141209)(OS:Linux2.6.32-754.11.1.el6.x86_64,PHP:5.3.3)
DEBUG	[2021-03-12 11:25:47:128] <15830> inipayhome:/home1/killdeal/public_html/shop/inicis
DEBUG	[2021-03-12 11:25:47:128] <15830> debug:false
DEBUG	[2021-03-12 11:25:47:128] <15830> type:receipt
DEBUG	[2021-03-12 11:25:47:128] <15830> pgid:INIphpRECP
DEBUG	[2021-03-12 11:25:47:128] <15830> paymethod:CASH
DEBUG	[2021-03-12 11:25:47:128] <15830> currency:WON
DEBUG	[2021-03-12 11:25:47:128] <15830> admin:1111
DEBUG	[2021-03-12 11:25:47:128] <15830> mid:majorgol03
DEBUG	[2021-03-12 11:25:47:128] <15830> goodname:핫딜아디다스FW남성뉴페디드베스트조끼FS6954FS6955FS6958FS6959
DEBUG	[2021-03-12 11:25:47:128] <15830> cr_price:102000
DEBUG	[2021-03-12 11:25:47:128] <15830> sup_price:92727
DEBUG	[2021-03-12 11:25:47:128] <15830> tax:9273
DEBUG	[2021-03-12 11:25:47:128] <15830> srvc_price:0
DEBUG	[2021-03-12 11:25:47:128] <15830> buyername:유진규
DEBUG	[2021-03-12 11:25:47:128] <15830> buyeremail:yzjzkz0@naver.com
DEBUG	[2021-03-12 11:25:47:128] <15830> buyertel:01066954775
DEBUG	[2021-03-12 11:25:47:128] <15830> reg_num:01066954775
DEBUG	[2021-03-12 11:25:47:128] <15830> useopt:0
DEBUG	[2021-03-12 11:25:47:128] <15830> companynumber:
INFO	[2021-03-12 11:25:47:128] <15830> Check Field OK
INFO	[2021-03-12 11:25:47:128] <15830> Make TID OK INIphpRECPmajorgol0320210312112547285086
INFO	[2021-03-12 11:25:47:128] <15830> PI PUB KEY LOAD OK []
INFO	[2021-03-12 11:25:47:128] <15830> PG PUB KEY LOAD OK [30]
INFO	[2021-03-12 11:25:47:128] <15830> MERCHANT PRIV KEY LOAD OK
INFO	[2021-03-12 11:25:47:128] <15830> MERCHANT PUB KEY LOAD OK [0]
DEBUG	[2021-03-12 11:25:47:129] <15830> MAKE ENCRYPT OK[<?xml version="1.0" encoding="UTF-8"?>
<PaymentInfo>
	  <Payment>
	    <CASH>
	      <CSHR_ApplPrice>102000</CSHR_ApplPrice>
	      <CSHR_SupplyPrice>92727</CSHR_SupplyPrice>
	      <CSHR_Tax>9273</CSHR_Tax>
	      <CSHR_ServicePrice/>
	      <CSHR_Type>0</CSHR_Type>
	      <CSHR_RegNum>01066954775</CSHR_RegNum>
	      <CSHR_CompanyNum/></CASH></Payment></PaymentInfo>]
INFO	[2021-03-12 11:25:47:129] <15830> MAKE BODY OK
INFO	[2021-03-12 11:25:47:130] <15830> SIGN OK
INFO	[2021-03-12 11:25:47:130] <15830> MAKE HEAD OK
INFO	[2021-03-12 11:25:47:130] <15830> MSG_TO_PG:[0196300175D SHA1                   0                                      300200majorgol03              102000INIphpRECPmajorgol0320210312112547285086<?xml version="1.0" encoding="UTF-8"?>
<INIpay>
	  <GoodsInfo>
	    <GoodsCnt>1</GoodsCnt>
	    <MOID/>
	    <Currency>WON</Currency>
	    <Tax>9273</Tax>
	    <TaxFree/>
	    <Goods>
	      <SMID>majorgol03</SMID>
	      <GoodsName urlencode="1">%C7%D6%B5%F4%BE%C6%B5%F0%B4%D9%BD%BAFW%B3%B2%BC%BA%B4%BA%C6%E4%B5%F0%B5%E5%BA%A3%BD%BA%C6%AE%C1%B6%B3%A2FS6954FS6955FS6958FS6959</GoodsName>
	      <GoodsPrice>102000</GoodsPrice></Goods></GoodsInfo>
	  <BuyerInfo>
	    <BuyerName urlencode="1">%C0%AF%C1%F8%B1%D4</BuyerName>
	    <BuyerTel>01066954775</BuyerTel>
	    <BuyerEmail urlencode="1">yzjzkz0%40naver.com</BuyerEmail>
	    <ParentEmail/>
	    <RecvName/>
	    <RecvTel/>
	    <RecvMsg/>
	    <RecvAddr/>
	    <RecvPostNum/></BuyerInfo>
	  <PaymentInfo>
	    <Payment>
	      <PayMethod>CASH</PayMethod>
	      <JoinCard/>
	      <JoinExpire/>
	      <MailOrder/>
	      <SessionKey>ntZU3y7l78WeScZZdyluzfXoPVz9oq75oG33nqXd12e8x98m7UMpuUpG6Pc016pa
z2pVPUYNjr1E+w0bDhOjao8ayosv/5vey/AfyjpAj6qMuQTri7UanK0lpv1iltyb
FDfOZcZ7hlx3IkdGun+4TLa/szQfg5KPkvuNcoeqSKjCO2vcPblRmQ==
</SessionKey>
	      <Encrypted>K2NjwJ2ec/z0x7fs8iyE1JON5oOLc+bO2Hfh2HN8zaYIrwJ1Sj+/f5vUu+zuCkzU
Iel+e3HsSJtWNSsi/A2csxO5j+sSikJPT8iEt7ZR8/TfMqAQbMnIY8JLFXA7tGlg
97VB4pxbduIEVkenV5KV/dTKvSK0KVO3lwYDQ9L7VuTsmDMo/qr8a8dL/g8GAc6g
TUH5rhTRjL0x5GbH/IvlfxJ3LcLmLQLF3JpTbk+bsWAAalRrD/RlqulVGTlfmqyT
BivG65rSCi9JZUnSrwp5ne2iqxRb/BISWL7klMdKFaCOpCGW1fmRFF+NoBnlnsAB
v+RFWVXZTIA8XAAxdBk41F6Id+zcEipsJLvlbnVAPN/x/E3p9aBWo4PtBZsBO065
8C3TufyIFabyXTEbEZJs7fzdJounPxyk8x1yImlptdIRACOyZ+SoBa/hF6AmAAZz
anWN9W3UKSF+XU6bidjmQY7Tv/4wOt0RakqcecpFXjTtNwwtupJ7yg==
</Encrypted></Payment></PaymentInfo>
	  <ReservedInfo>
	    <MReserved1/>
	    <MReserved2/>
	    <MReserved3/></ReservedInfo>
	  <ManageInfo>
	    <Language/>
	    <URL/>
	    <TXVersion>5036B141209receiLinux     PHPchkfake   2.6.32-754.11.1.el6.x86_64PHP:</TXVersion>
	    <TXUserID/>
	    <TXRegNum/>
	    <Ack>1</Ack></ManageInfo></INIpay>AAhzOPcQpqVWcb3JgG9X6rrzal4Hp6KZa9fF2wwJvYQlUGmGVtkAw7NjzEWL5kSk
/FrJebjiOVYOhZ01Cd+mA7uyTQzOCxvRFZLY8Ai8ZSNd0Vt6MHbNhixWrgUIoyi2
XuNtsKPNJ77QsA8tnRip+1sAKKYex7Cfjb/rS3fhYirx
]
INFO	[2021-03-12 11:25:47:130] <15830> DNS LOOKUP OK(203.238.37.3:203.238.37.3:34049) laptime:0
INFO	[2021-03-12 11:25:47:131] <15830> SOCKET CONNECT OK
INFO	[2021-03-12 11:25:47:131] <15830> SEND OK
INFO	[2021-03-12 11:25:47:243] <15830> RECV OK
INFO	[2021-03-12 11:25:47:244] <15830> MSG_FROM_PG:[0170700175D SHA1                   0                                      300210majorgol03              102000INIphpRECPmajorgol0320210312112547285086<?xml version="1.0" encoding="UTF-8"?><INIpay>
<GoodsInfo>
<GoodsCnt>1</GoodsCnt>
<MOID urlencode="1"/>
<Currency>WON</Currency>
<Goods no="1">
<SMID>majorgol03</SMID>
<GoodsName urlencode="1">%C7%D6%B5%F4%BE%C6%B5%F0%B4%D9%BD%BAFW%B3%B2%BC%BA%B4%BA%C6%E4%B5%F0%B5%E5%BA%A3%BD%BA%C6%AE%C1%B6%B3%A2FS6954FS6955FS6958FS6959</GoodsName>
<GoodsCntS>1</GoodsCntS>
<GoodsPrice>102000</GoodsPrice>
</Goods>
</GoodsInfo>
<PaymentInfo>
<Payment>
<SessionKey>ANHpIXIIwAH8IZYO6kgRp9NY5uZsP5lCZ/sOB+GXLMWeOdqFZa4Zb9ISzU8+0ADT
uxV9LrAgGvEnAC0i4LuzhHO55c2gFNW5eBEzii8mog3V/1fk9WRfsGv3Oqi16Nrx
aJfdckrIljBpN2e67tCgl2S7E2luHKCLl8edaKif6v2qrzA+ALlBhcY=
</SessionKey>
<Encrypted>41mheWmP+J2BUZ6os2wkphUuSAr9lP1sahh2gn/Ef+eFBwvgB8OQ5Qf2GVVMd8/Q
/eZReU7QleK1NDsfRVZx/81GXkUMOaTz/3vmII6evajeUyN7HUL+s6UOKp7/xnEE
beROlSPszaq50aekvy9CH6jXEIOtYkLw1ImmPyfAjVYOU8R/VtC2HNzYqykcN6/u
a5kJTXn7eLvSZOgvfLWq3kU+UbT0fBUWrQuCNkawBi63u0uTxrxZLqAID2ygEAF9
T1rBi7EEaChlg637zc3ylf7IjeSxqfP6L/Pen5S+RUHp08uN6FRtvpOow1zJjD6/
rIRyCJDWQlAJyy9UIN+Oq83ebJLxWlAfwCHPRPcNcwZ+TXD2v+NHvnHFttyZanIJ
MPg8ejuHP6v+8EELAoEE0u7LFg93pLLDlZjeQQMx8GmG52hV3L86JiHG3gdxBcCR
9mxjXPLA8fS5wuekSu6saXuFISBBLJE+xNRf022+9/t4X3c5lFaRNOTgYJ4k4aDr
NFiBPNa3s2adiMRStbIc0sm8GMMskGeCk93w6jVv13+pQaNxK97FWGeceEIItQkk
U+qJbuw+Wo0+j4gtxqpJqhc8aorlyoexfzU+eoHLjhTJAoZ+4RtEaxxoTMUt2e4J
0j0aAX5ETyVDFQYdWJkiu7D4VXt1ASx+1ZqUNdNNtKeFW6bpiXqljgmcqSYtYkkC
</Encrypted>
<PayMethod>CASH</PayMethod>
<ResultCode>220000</ResultCode>
<ResultMsg urlencode="1">%C1%A4%BB%F3%C3%B3%B8%AE%B5%C7%BE%FA%BD%C0%B4%CF%B4%D9.</ResultMsg>
</Payment>
</PaymentInfo>
<ManageInfo/>
<ReservedInfo>
<MReserved1 urlencode="1"/>
<MReserved2 urlencode="1"/>
<MReserved3 urlencode="1"/>
</ReservedInfo>
</INIpay>
0TlY1B5q7QsmQyOBEP7tZ9GZcdPydbrk1i+rPtHhzsVBB12Y/w4gZSS9gVR0/em6
7kPKUbeptE21VUk675/MMNfx6S2448hgjiFJNk1X9x7wkXrWh0BkG51AZVb5R/m0
pHKU+fKR9Js/sYv8bXt5zWENvWOFwQKUsQPdmY/lOkQ=
]
INFO	[2021-03-12 11:25:47:244] <15830> VERIFY OK
INFO	[2021-03-12 11:25:47:244] <15830> PARSE HEAD OK
INFO	[2021-03-12 11:25:47:244] <15830> PARSE BODY OK
INFO	[2021-03-12 11:25:47:245] <15830> DECRYPT OK
DEBUG	[2021-03-12 11:25:47:245] <15830> DECRYPT MSG:[<?xml version="1.0" encoding="UTF-8"?><PaymentInfo>
<Payment>
<CASH>
<CSHR_ApplPrice>102000</CSHR_ApplPrice>
<CSHR_SupplyPrice>92727</CSHR_SupplyPrice>
<CSHR_Tax>9273</CSHR_Tax>
<CSHR_ServicePrice/>
<CSHR_Type>0</CSHR_Type>
<CSHR_ApplDate>20210312</CSHR_ApplDate>
<CSHR_ApplTime>112546</CSHR_ApplTime>
<CSHR_ApplNum>268348956</CSHR_ApplNum>
<CSHR_ResultCode>220000</CSHR_ResultCode>
<CSHR_ResultMsg urlencode="1">%C1%A4%BB%F3%C3%B3%B8%AE%B5%C7%BE%FA%BD%C0%B4%CF%B4%D9.</CSHR_ResultMsg>
</CASH>
</Payment>
</PaymentInfo>]
INFO	[2021-03-12 11:25:47:245] <15830> DECRYPT PARSE OK
INFO	[2021-03-12 11:25:47:245] <15830> WAIT ACK INVOKING
DEBUG	[2021-03-12 11:25:47:245] <15830> MAKE HEAD OK
INFO	[2021-03-12 11:25:47:248] <15830> SUCCESS ACK INVOKING
INFO	[2021-03-12 11:25:47:248] <15830> END receipt 정상처리되었습니다. Laptime:[0.121sec]
INFO	[2021-03-12 11:25:47:248] <15830> ===============================================================
