INFO	[2022-03-17 13:21:44:909] <31672> START INIPHP cancel (V5036-141209)(OS:Linux2.6.32-754.11.1.el6.x86_64,PHP:5.3.3)
DEBUG	[2022-03-17 13:21:44:909] <31672> inipayhome:/home1/killdeal/public_html/shop/inicis
DEBUG	[2022-03-17 13:21:44:909] <31672> debug:false
DEBUG	[2022-03-17 13:21:44:909] <31672> type:cancel
DEBUG	[2022-03-17 13:21:44:909] <31672> mid:majorgol03
DEBUG	[2022-03-17 13:21:44:909] <31672> admin:1111
DEBUG	[2022-03-17 13:21:44:909] <31672> tid:INIMX_CARDmajorgol0320220309001640235285
DEBUG	[2022-03-17 13:21:44:909] <31672> cancelmsg:쇼핑몰 운영자 승인 취소
INFO	[2022-03-17 13:21:44:910] <31672> Check Field OK
INFO	[2022-03-17 13:21:44:910] <31672> PI PUB KEY LOAD OK []
INFO	[2022-03-17 13:21:44:910] <31672> PG PUB KEY LOAD OK [30]
INFO	[2022-03-17 13:21:44:911] <31672> MERCHANT PRIV KEY LOAD OK
INFO	[2022-03-17 13:21:44:911] <31672> MERCHANT PUB KEY LOAD OK [0]
DEBUG	[2022-03-17 13:21:44:912] <31672> MAKE ENCRYPT OK[<?xml version="1.0" encoding="UTF-8"?>
<CancelInfo>
	  <CancelTID>INIMX_CARDmajorgol0320220309001640235285</CancelTID>
	  <CancelMsg urlencode="1">%BC%EE%C7%CE%B8%F4+%BF%EE%BF%B5%C0%DA+%BD%C2%C0%CE+%C3%EB%BC%D2</CancelMsg>
	  <CancelReason/></CancelInfo>]
INFO	[2022-03-17 13:21:44:912] <31672> MAKE BODY OK
INFO	[2022-03-17 13:21:44:912] <31672> SIGN OK
INFO	[2022-03-17 13:21:44:912] <31672> MAKE HEAD OK
INFO	[2022-03-17 13:21:44:912] <31672> MSG_TO_PG:[0096200175D SHA1                   0                                      300420majorgol03                    INIMX_CARDmajorgol0320220309001640235285<?xml version="1.0" encoding="UTF-8"?>
<INIpay>
	  <CancelInfo>
	    <SessionKey>COBfjF12RMgrklub6oWsAz6b4v8ukm7aMVMTHnDQgoLop+8EAMiJdZ0/KvnhwiAg
2b1qgWST7F5+dUxa8mAUK/hiIDD9j3V9y4EDQhn965/MG8SGCv/6h+2ULkx1iNmX
SFdZip32MYM406uJ1e9UGOrlW3ZAI8dwsiFN+dCX2H3I/uSYkB+/HQ==
</SessionKey>
	    <Encrypted>pXaFEKmmqQf+o0uRQEQnikGzO3OZ123e3gKaE386dmhbMOanacqsu5kA0xM3mK6K
m6cXjc/qAqfl084iDZtLRWTKSLXvHuruVSO7i0fAQji8/F9DzxKSn9xjvtnUOhwX
19J4Im2iH0lbzgl++dZhyU/Tq6BRIzDHOadEXYYqKKItQ3YpiNkah8OtWLgBm6xs
JSDgFJ0F5XcEXP6Eo4y8NXwj2ZviataYZl9iIdwll24Byy6XyC3q2e4wtFjnhCRe
pBsQCE1K9K5so+3+JAgIsdHvANYQPh4HbcZNvzGzViJhC/IIrjXstfpqlzWl76Uy
IHYsBdMDFYyfS3lmbcsKRQ==
</Encrypted></CancelInfo>
	  <ReservedInfo>
	    <MReserved1/>
	    <MReserved2/>
	    <MReserved3/></ReservedInfo>
	  <ManageInfo>
	    <Language/>
	    <URL/>
	    <TXVersion>5036B141209canceLinux     PHPchkfake   2.6.32-754.11.1.el6.x86_64PHP:</TXVersion>
	    <TXUserID/>
	    <TXRegNum/></ManageInfo></INIpay>ADb513SNwkJo8pjHlOfDxZZBdw8m07av/RTRSgm4N+Ke/znT5MKvSkqU1XF68GND
JSd0Id4Nq/8dZIUzRDTlwZFljqnJhNy+44IMt3jIAyNhHfWcq35xuvnS5x1Xwgv8
ic+C6fAk6nAdsqQ0Wu9zHmXbc3paGnnt+yT0ZGAZ5eOb
]
INFO	[2022-03-17 13:21:44:912] <31672> DNS LOOKUP OK(203.238.37.3:203.238.37.3:34049) laptime:0
INFO	[2022-03-17 13:21:44:915] <31672> SOCKET CONNECT OK
INFO	[2022-03-17 13:21:44:915] <31672> SEND OK
INFO	[2022-03-17 13:21:45:117] <31672> RECV OK
INFO	[2022-03-17 13:21:45:117] <31672> MSG_FROM_PG:[0093300175D SHA1                   0                                      300430majorgol03                    INIMX_CARDmajorgol0320220309001640235285<?xml version="1.0" encoding="UTF-8"?><INIpay>
<CancelInfo>
<ResultCode>120000</ResultCode>
<ResultMsg urlencode="1">%C1%A4%BB%F3%C3%B3%B8%AE%B5%C7%BE%FA%BD%C0%B4%CF%B4%D9.</ResultMsg>
<SessionKey>AF7YdARBVz+xwzw0F3x4F+Zha9OKFw84ffiW7Zt7IUkyyHxX2B2Wb11qX+Oyj8oa
FrIQljM+1COoldJV8KvgRu3YwDioDoz8n3j2wUqyYUKHzLSpzwhDoT63PJDeSc8F
VGTAIkfb4Vh4wWZYD1XShTyzg2lkl7bWxlh04/3hgfo6Gu4hrcDZqro=
</SessionKey>
<Encrypted>4i4c2wHtomlH/03MTYHT/0Qf3LY/kAEcY4zXaVoaWwq4mkEJTakyy10iBCMKey5e
ZC5Yy6qsYPgCu0yJ5TOPwNzamSkg3ecgsHd8QrzdgcmkEL6NSsyjr/nBzbieGiEL
dmkUkR3BFufdo2iGCRfMPRTrUPsV3W09B3ZL/g6c4rgJ+5cCiNsfg1poFZiw8uJX
k8Cqw+SuRJBncMPKQN7UDafkZiDVLWUQIXYLSPFDEhVjJhtntcvVjDTsj6m/fSSw
wvCCTMSM7vvGbTlFFAdeApVVh3vJIPrqzPV+xVQo44OR9eumthNReSyNjp81ooq3
Sl5M6LWzMFJfquyDj6+7hQKLFAE1dBKd
</Encrypted>
</CancelInfo>
<ManageInfo/>
<ReservedInfo>
<MReserved1 urlencode="1"/>
<MReserved2 urlencode="1"/>
<MReserved3 urlencode="1"/>
</ReservedInfo>
</INIpay>
0kcDbblkBDCmmA4knRwiLhExScsq6eEmGv/I/o7Q7EU5GlwMq6sOktZfUZtC+laN
jpEQspCeHj4Jv3AdgEBdzgbdJvF5a0V1xODkiD2rttQLtSDr9tNXYMNu/Y59OeU1
OPfvgZzcFvxc2R4mud1hcgBCkF8hN2fBlM2com0AF0Q=
]
INFO	[2022-03-17 13:21:45:117] <31672> VERIFY OK
INFO	[2022-03-17 13:21:45:117] <31672> PARSE HEAD OK
INFO	[2022-03-17 13:21:45:118] <31672> PARSE BODY OK
INFO	[2022-03-17 13:21:45:118] <31672> DECRYPT OK
DEBUG	[2022-03-17 13:21:45:118] <31672> DECRYPT MSG:[<?xml version="1.0" encoding="UTF-8"?><CancelInfo>
<CancelDate>20220317</CancelDate>
<CancelTime>132146</CancelTime>
<ResultCode>120000</ResultCode>
<ResultMsg urlencode="1">%C1%A4%BB%F3%C3%B3%B8%AE%B5%C7%BE%FA%BD%C0%B4%CF%B4%D9.</ResultMsg>
</CancelInfo>]
INFO	[2022-03-17 13:21:45:119] <31672> DECRYPT PARSE OK
INFO	[2022-03-17 13:21:45:119] <31672> END cancel 정상처리되었습니다. Laptime:[0.209sec]
INFO	[2022-03-17 13:21:45:119] <31672> ===============================================================
