INFO	[2023-05-15 11:33:24:504] <18894> START INIPHP cancel (V5036-141209)(OS:Linux2.6.32-754.11.1.el6.x86_64,PHP:5.3.3)
DEBUG	[2023-05-15 11:33:24:504] <18894> inipayhome:/home1/killdeal/public_html/shop/inicis
DEBUG	[2023-05-15 11:33:24:504] <18894> debug:false
DEBUG	[2023-05-15 11:33:24:504] <18894> type:cancel
DEBUG	[2023-05-15 11:33:24:504] <18894> mid:majorgol03
DEBUG	[2023-05-15 11:33:24:504] <18894> admin:1111
DEBUG	[2023-05-15 11:33:24:504] <18894> tid:INIMX_CARDmajorgol0320230429104255295511
DEBUG	[2023-05-15 11:33:24:504] <18894> cancelmsg:쇼핑몰 운영자 승인 취소
INFO	[2023-05-15 11:33:24:504] <18894> Check Field OK
INFO	[2023-05-15 11:33:24:504] <18894> PI PUB KEY LOAD OK []
INFO	[2023-05-15 11:33:24:505] <18894> PG PUB KEY LOAD OK [30]
INFO	[2023-05-15 11:33:24:505] <18894> MERCHANT PRIV KEY LOAD OK
INFO	[2023-05-15 11:33:24:505] <18894> MERCHANT PUB KEY LOAD OK [0]
DEBUG	[2023-05-15 11:33:24:506] <18894> MAKE ENCRYPT OK[<?xml version="1.0" encoding="UTF-8"?>
<CancelInfo>
	  <CancelTID>INIMX_CARDmajorgol0320230429104255295511</CancelTID>
	  <CancelMsg urlencode="1">%BC%EE%C7%CE%B8%F4+%BF%EE%BF%B5%C0%DA+%BD%C2%C0%CE+%C3%EB%BC%D2</CancelMsg>
	  <CancelReason/></CancelInfo>]
INFO	[2023-05-15 11:33:24:506] <18894> MAKE BODY OK
INFO	[2023-05-15 11:33:24:506] <18894> SIGN OK
INFO	[2023-05-15 11:33:24:506] <18894> MAKE HEAD OK
INFO	[2023-05-15 11:33:24:506] <18894> MSG_TO_PG:[0096200175D SHA1                   0                                      300420majorgol03                    INIMX_CARDmajorgol0320230429104255295511<?xml version="1.0" encoding="UTF-8"?>
<INIpay>
	  <CancelInfo>
	    <SessionKey>xa9kQ7Mt0dYJwx2lOQYHy2j4Qw7BS5jyrFK0E3CAnNMnwd6MrDem2gSnrYuReVun
EQ9I+v/NcnQxhRUfovB4zLnNy1qLWIMnPgkzruWzhmCSSMqMD3NTimPPLbkjdU8W
4mEheOD8Q6HhhtNd7PpmUdvYvehha5wBx3vvAxaai+T3G7WzlbkaMQ==
</SessionKey>
	    <Encrypted>FuRbPUwH5xMkYQrV9JyKpfHKdVMTo68cl0r3P63Ug6ysNUmqIIj4fSkXGkkv6Jy/
8AMG2jKvrOJJP5pFtUinKJUIkbAaN9wc090PndEpKrZTOczUo2jwFQhTt2VunPht
tyH4t343qxCvAzT0TPyDnxHPrW1cCsTJGfpVgN3AL75+74Omje0TwG58QMkLKMf4
R/j9Jcg6hg9VaqbQooyEtlV51noGkXnhy5MKvxALorGDfpmCBCSbpLwTZnNWMPkV
zY9S9BAMZQoeqNeqoMcTLWlgf2QmzG/kHjNzcVjj40ajRnJ7RfK8Q+4axbttPmiC
7PWj2opVw+WCURFO5QbfeA==
</Encrypted></CancelInfo>
	  <ReservedInfo>
	    <MReserved1/>
	    <MReserved2/>
	    <MReserved3/></ReservedInfo>
	  <ManageInfo>
	    <Language/>
	    <URL/>
	    <TXVersion>5036B141209canceLinux     PHPchkfake   2.6.32-754.11.1.el6.x86_64PHP:</TXVersion>
	    <TXUserID/>
	    <TXRegNum/></ManageInfo></INIpay>AI+zAsWcrJFM6cBOoY2ce2AyK4O2tS59J5toX1/aqKkOY7zi9GFLgQcQCvbb98iw
FqpY7/84iTyT3ubzQ3mjVpJIa74tZvBPPRdG0BSvdFEaC9v6FZif8+c8WBSzUfc6
RZ3r9bE1EwERKk6yq6s7ziRKgLPcZv++HreiKRE1Fuic
]
INFO	[2023-05-15 11:33:24:507] <18894> DNS LOOKUP OK(203.238.37.3:203.238.37.3:34049) laptime:0
INFO	[2023-05-15 11:33:24:508] <18894> SOCKET CONNECT OK
INFO	[2023-05-15 11:33:24:508] <18894> SEND OK
INFO	[2023-05-15 11:33:25:607] <18894> RECV OK
INFO	[2023-05-15 11:33:25:607] <18894> MSG_FROM_PG:[0093300175D SHA1                   0                                      300430majorgol03                    INIMX_CARDmajorgol0320230429104255295511<?xml version="1.0" encoding="UTF-8"?><INIpay>
<CancelInfo>
<ResultCode>120000</ResultCode>
<ResultMsg urlencode="1">%C1%A4%BB%F3%C3%B3%B8%AE%B5%C7%BE%FA%BD%C0%B4%CF%B4%D9.</ResultMsg>
<SessionKey>AAb/l49iokyCXaR1SwjwTfwtZ2uGRJypw0U9s09v+VKDWxzFJkGFVK6kUOQMohCA
Pv0pZDw3QZY0v4AUY8a9dSjNTMGOtM74X9fLt1pioFPXjDf+K7I7fS6uTRg2fpIj
yxx9HUhRPmDQERB1YPx/vPhEn6GPgYOcaNSXjJs4yc7+ao1G2kjC2gM=
</SessionKey>
<Encrypted>gVc4A0UkS/HR+fK7YbaUO2wCRzd3gthnpCTYVepHS79QGiHx7rMfzmohTDW8DSsv
M44nbFcBGBG8ZAM7HyD9D8saMbzbIpe7OSB16R7S+lUoLuHetll1KoVbdJsuSr0+
cKVb0oBYawfEGZ5Gvb5zOmK9KcjYRbPJwVERc9I32iidpwzf3+kjqDPN3BMjlfiB
dkyhNHlwwF3RbHNwqo4qbHJe9bvSf/FcuU4TflriOt63qgIUJNUL+WvwlUZbEcrd
hR9tzGMJX/znMU10dliYakGq1IQcw9JsXBVgg2+a7BlhN6tB+dyjz2I0HEk9gZcp
Ij+L/kKFi+mIEKJ57Lb5udi+Oi5RCaZT
</Encrypted>
</CancelInfo>
<ManageInfo/>
<ReservedInfo>
<MReserved1 urlencode="1"/>
<MReserved2 urlencode="1"/>
<MReserved3 urlencode="1"/>
</ReservedInfo>
</INIpay>
hDW/3C1ZAc520voCOaSELrT8MLiRSgnAzapYGM4fAhQu9sxzDOERMNHGoyf7vRnp
P6iGyQS4lP/dUodcUcJQLTyPqq0F5n3erZOSRIf//1n+cdWX5Ril9W6K1oShZjCK
bVcOO4Maymy6z1dxtpnV9XJTb8cX8mm3nNukM2FIGHY=
]
INFO	[2023-05-15 11:33:25:607] <18894> VERIFY OK
INFO	[2023-05-15 11:33:25:607] <18894> PARSE HEAD OK
INFO	[2023-05-15 11:33:25:607] <18894> PARSE BODY OK
INFO	[2023-05-15 11:33:25:608] <18894> DECRYPT OK
DEBUG	[2023-05-15 11:33:25:608] <18894> DECRYPT MSG:[<?xml version="1.0" encoding="UTF-8"?><CancelInfo>
<CancelDate>20230515</CancelDate>
<CancelTime>113326</CancelTime>
<ResultCode>120000</ResultCode>
<ResultMsg urlencode="1">%C1%A4%BB%F3%C3%B3%B8%AE%B5%C7%BE%FA%BD%C0%B4%CF%B4%D9.</ResultMsg>
</CancelInfo>]
INFO	[2023-05-15 11:33:25:608] <18894> DECRYPT PARSE OK
INFO	[2023-05-15 11:33:25:608] <18894> END cancel 정상처리되었습니다. Laptime:[1.104sec]
INFO	[2023-05-15 11:33:25:608] <18894> ===============================================================
INFO	[2023-05-15 14:15:33:864] <21647> START INIPHP cancel (V5036-141209)(OS:Linux2.6.32-754.11.1.el6.x86_64,PHP:5.3.3)
DEBUG	[2023-05-15 14:15:33:864] <21647> inipayhome:/home1/killdeal/public_html/shop/inicis
DEBUG	[2023-05-15 14:15:33:864] <21647> debug:false
DEBUG	[2023-05-15 14:15:33:864] <21647> type:cancel
DEBUG	[2023-05-15 14:15:33:864] <21647> mid:majorgol03
DEBUG	[2023-05-15 14:15:33:864] <21647> admin:1111
DEBUG	[2023-05-15 14:15:33:864] <21647> tid:INIMX_CARDmajorgol0320230514115019915317
DEBUG	[2023-05-15 14:15:33:864] <21647> cancelmsg:쇼핑몰 운영자 승인 취소
INFO	[2023-05-15 14:15:33:864] <21647> Check Field OK
INFO	[2023-05-15 14:15:33:864] <21647> PI PUB KEY LOAD OK []
INFO	[2023-05-15 14:15:33:864] <21647> PG PUB KEY LOAD OK [30]
INFO	[2023-05-15 14:15:33:864] <21647> MERCHANT PRIV KEY LOAD OK
INFO	[2023-05-15 14:15:33:864] <21647> MERCHANT PUB KEY LOAD OK [0]
DEBUG	[2023-05-15 14:15:33:865] <21647> MAKE ENCRYPT OK[<?xml version="1.0" encoding="UTF-8"?>
<CancelInfo>
	  <CancelTID>INIMX_CARDmajorgol0320230514115019915317</CancelTID>
	  <CancelMsg urlencode="1">%BC%EE%C7%CE%B8%F4+%BF%EE%BF%B5%C0%DA+%BD%C2%C0%CE+%C3%EB%BC%D2</CancelMsg>
	  <CancelReason/></CancelInfo>]
INFO	[2023-05-15 14:15:33:865] <21647> MAKE BODY OK
INFO	[2023-05-15 14:15:33:865] <21647> SIGN OK
INFO	[2023-05-15 14:15:33:865] <21647> MAKE HEAD OK
INFO	[2023-05-15 14:15:33:865] <21647> MSG_TO_PG:[0096200175D SHA1                   0                                      300420majorgol03                    INIMX_CARDmajorgol0320230514115019915317<?xml version="1.0" encoding="UTF-8"?>
<INIpay>
	  <CancelInfo>
	    <SessionKey>p3sA88WJMYK+MsnLgvoebTtXnT6kOm8bYLOg1u3rAcf7m1UavNON4twWqkUFTiwY
1Vg1e0ysvb8hWg5itjiSLTkqJGrxxa9u+eebEh77ZknjRlhbQnKkOBSKfGyCq8uD
S80sCDA8dP1V38Uz8gRTvSHkFuCNWesnOXGjQ5nB5qj5Yqtay/OwGA==
</SessionKey>
	    <Encrypted>I3APLflEh8i9QJNNn3rpauLWkBEMleMdulVnD/qHbYW8uzUUjVE3tAgGyBdlmz7Q
KaimL5eLPUd0iFdYyucYJE9rF3rCHXRBzl4IGW1ifGb4/BJAF/6gnfVq2x93bjnZ
p1YSbVJivN+GOQBaauaJ4/6kQd0dGjIFMkPD4WtvWfmbN/mCtCjT2JsgEj27R996
Eogx6r3yGWpmvowN2i/LScd0QDfjY9V0u5QkaqaiSKid18PagDukh7Mh4OV0xoEl
bEhsUAewXJPcvZsIxEFM/FRLh5JLMgQUALhNRKOxWAtRALsSdNLVFMIHMvtlPh82
5SYHpgSB2MVRg3QVNqitbw==
</Encrypted></CancelInfo>
	  <ReservedInfo>
	    <MReserved1/>
	    <MReserved2/>
	    <MReserved3/></ReservedInfo>
	  <ManageInfo>
	    <Language/>
	    <URL/>
	    <TXVersion>5036B141209canceLinux     PHPchkfake   2.6.32-754.11.1.el6.x86_64PHP:</TXVersion>
	    <TXUserID/>
	    <TXRegNum/></ManageInfo></INIpay>APjJhY6nlG2tPuuWPjAHg8qTRJsNk6/VLkE5gO958n+FiBn9jIOfCfU9LjpaqvKi
0p3ZkRRccqIahgcb8f0rOmkXK97d9vRWHvZxa50ncgqug3hSi+3XmFrnu8r48ktv
W7eB70Iq6ZbCJ+LE8rH4qag8zeZ1V/uaXAXddEYveXVY
]
INFO	[2023-05-15 14:15:33:866] <21647> DNS LOOKUP OK(203.238.37.3:203.238.37.3:34049) laptime:0
INFO	[2023-05-15 14:15:33:867] <21647> SOCKET CONNECT OK
INFO	[2023-05-15 14:15:33:867] <21647> SEND OK
INFO	[2023-05-15 14:15:34:38] <21647> RECV OK
INFO	[2023-05-15 14:15:34:38] <21647> MSG_FROM_PG:[0093300175D SHA1                   0                                      300430majorgol03                    INIMX_CARDmajorgol0320230514115019915317<?xml version="1.0" encoding="UTF-8"?><INIpay>
<CancelInfo>
<ResultCode>120000</ResultCode>
<ResultMsg urlencode="1">%C1%A4%BB%F3%C3%B3%B8%AE%B5%C7%BE%FA%BD%C0%B4%CF%B4%D9.</ResultMsg>
<SessionKey>ANWpFreKu3y1P/KPIE62X2x7ICwLY51tffhJOqUH7OXr1b4tIJjWHJIwkDjKyjV4
kqiyarDVEvIRrshvkFWLIMg5HcvchKL/c2HdALZKfokWFN5Mfdl4TQN3FDDJo5qm
tWLnksV5lRWHzUhS3zkq6R2v6K6XzX7aPUwQi2B7iGSGAnP910dcPf8=
</SessionKey>
<Encrypted>CCXdGZmJFi2TJjmlfZdRXcAOsaUiC3fF1LllxKPVsvfX9uxNGFWAjs/l3Onj13eR
k4oHnRonYOM2GrmNocTIsFM69pew6NNhCocUkYk/vlUZVlord6i7vRF9nSLVgLHW
nkfaLBItYcPkehdc5kL44ffHUhggFtOaG4nSjex6JVs8YBNk9DHMpJ7dvJslY8FW
wnM0UoI4Tyj2RuoIb8VNcM2sScTBYrLZFJ0nnP9n44GCA0iXg2umUkMA+c6N04TJ
a6VZPCP1n382EqwrbShflpMmKcQGHwqyHsR4R2SoQdUYC1OmEimvwSsMq8WRaU9V
Jnaa4Qyf3Jpd7ynK5DiQhdxyCtRh7OMu
</Encrypted>
</CancelInfo>
<ManageInfo/>
<ReservedInfo>
<MReserved1 urlencode="1"/>
<MReserved2 urlencode="1"/>
<MReserved3 urlencode="1"/>
</ReservedInfo>
</INIpay>
H8Rf/yq3fqZJcwOgPvr9Fea3g+0uer8FTRRbtJ/sPwuvSW7DY2X9EigP8C0hfaqE
4InkhJ7gJSzkKBYZH77R1yX4246b0SfSq/F+ybey7EzYGppjnDC26U0qYyMlWMQZ
nXonXJvVQdTxH8l2acLhG8eG8pEWfrYnejVS9i8Txmo=
]
INFO	[2023-05-15 14:15:34:38] <21647> VERIFY OK
INFO	[2023-05-15 14:15:34:38] <21647> PARSE HEAD OK
INFO	[2023-05-15 14:15:34:39] <21647> PARSE BODY OK
INFO	[2023-05-15 14:15:34:39] <21647> DECRYPT OK
DEBUG	[2023-05-15 14:15:34:39] <21647> DECRYPT MSG:[<?xml version="1.0" encoding="UTF-8"?><CancelInfo>
<CancelDate>20230515</CancelDate>
<CancelTime>141534</CancelTime>
<ResultCode>120000</ResultCode>
<ResultMsg urlencode="1">%C1%A4%BB%F3%C3%B3%B8%AE%B5%C7%BE%FA%BD%C0%B4%CF%B4%D9.</ResultMsg>
</CancelInfo>]
INFO	[2023-05-15 14:15:34:40] <21647> DECRYPT PARSE OK
INFO	[2023-05-15 14:15:34:40] <21647> END cancel 정상처리되었습니다. Laptime:[0.176sec]
INFO	[2023-05-15 14:15:34:40] <21647> ===============================================================
INFO	[2023-05-15 16:10:20:997] <21632> START INIPHP cancel (V5036-141209)(OS:Linux2.6.32-754.11.1.el6.x86_64,PHP:5.3.3)
DEBUG	[2023-05-15 16:10:20:997] <21632> inipayhome:/home1/killdeal/public_html/shop/inicis
DEBUG	[2023-05-15 16:10:20:997] <21632> debug:false
DEBUG	[2023-05-15 16:10:20:997] <21632> type:cancel
DEBUG	[2023-05-15 16:10:20:997] <21632> mid:majorgol03
DEBUG	[2023-05-15 16:10:20:997] <21632> admin:1111
DEBUG	[2023-05-15 16:10:20:997] <21632> tid:INIMX_VBNKmajorgol0320230515160931395314
DEBUG	[2023-05-15 16:10:20:997] <21632> cancelmsg:주문자 본인 취소-상품옵션 선택 잘못함
INFO	[2023-05-15 16:10:20:997] <21632> Check Field OK
INFO	[2023-05-15 16:10:20:997] <21632> PI PUB KEY LOAD OK []
INFO	[2023-05-15 16:10:20:997] <21632> PG PUB KEY LOAD OK [30]
INFO	[2023-05-15 16:10:20:997] <21632> MERCHANT PRIV KEY LOAD OK
INFO	[2023-05-15 16:10:20:997] <21632> MERCHANT PUB KEY LOAD OK [0]
DEBUG	[2023-05-15 16:10:20:998] <21632> MAKE ENCRYPT OK[<?xml version="1.0" encoding="UTF-8"?>
<CancelInfo>
	  <CancelTID>INIMX_VBNKmajorgol0320230515160931395314</CancelTID>
	  <CancelMsg urlencode="1">%C1%D6%B9%AE%C0%DA+%BA%BB%C0%CE+%C3%EB%BC%D2-%BB%F3%C7%B0%BF%C9%BC%C7+%BC%B1%C5%C3+%C0%DF%B8%F8%C7%D4</CancelMsg>
	  <CancelReason/></CancelInfo>]
INFO	[2023-05-15 16:10:20:998] <21632> MAKE BODY OK
INFO	[2023-05-15 16:10:20:998] <21632> SIGN OK
INFO	[2023-05-15 16:10:20:998] <21632> MAKE HEAD OK
INFO	[2023-05-15 16:10:20:999] <21632> MSG_TO_PG:[0101500175D SHA1                   0                                      300420majorgol03                    INIMX_VBNKmajorgol0320230515160931395314<?xml version="1.0" encoding="UTF-8"?>
<INIpay>
	  <CancelInfo>
	    <SessionKey>amlSjwRC6iBMsKcl1+KFCKV6Kc0Lwpn5aGvwKwhV1a+sADUtb7hg570vCMHzmBC7
fX1/xDUTzsPBcHKe5K4CY0aZbGerLP0uPe/eVKzksrBNb7gIGHfEolF1ZFCBcaRp
Dhi1wIHEP9nrKtrsJkbmhOOOoDuuBiOV+VLWsSmPRCsVn2mQ/YzgCA==
</SessionKey>
	    <Encrypted>8rcjW5EgbIDz5yuSUP3gPaUlPyTDt3uzfukl72+VWMtpMWoDVC7gtRXVZcPEGjRe
TQhphNr2VGt0Atmb8Yx0Jsu7XU0yWHmQG2l/FgDdB8xpk+a7SyXOz/rKJW2yLF9h
eLFSnozw8l+bO/qDBdXuribrDKlBnxvP4UUuMhtkqze/YtJMZf9OnrCbvEQ7Z0gz
vUahO1KYkPml9iWJiZG2FbFem3/Dzzw+j2wFkOgMDG3nfMLMN0Y13AEnHJkNuh50
VCmeT4VEdnl8U5vTzcHIZca6Ts2zc0QDHXqAbI4gA7pNhvZucQfEcG3AoEAIRyqk
w7XRJzMzYB5QtBuNcIFlPtusnY2N50L73crK9CqsMfpB1kCEy3CHn0PZmfGe4kvN
WaHrY93iuCI=
</Encrypted></CancelInfo>
	  <ReservedInfo>
	    <MReserved1/>
	    <MReserved2/>
	    <MReserved3/></ReservedInfo>
	  <ManageInfo>
	    <Language/>
	    <URL/>
	    <TXVersion>5036B141209canceLinux     PHPchkfake   2.6.32-754.11.1.el6.x86_64PHP:</TXVersion>
	    <TXUserID/>
	    <TXRegNum/></ManageInfo></INIpay>AFtFQwuI+Z0Xm3+fd3q7f/V7o9Ter5Y7wx9eK978QGW0dGuXHKZ9OPJkIa5mN73C
jLjD9B3XQl10MW0RI/DWgnDZ8K0etMf8sQUH7XeYyhbyKbMkexNjxwn/FJx3y46d
k8ao9qMpgIUajtmzmjcbhtiq+zD/yWGLslv1yTX5sE1E
]
INFO	[2023-05-15 16:10:20:999] <21632> DNS LOOKUP OK(203.238.37.3:203.238.37.3:34049) laptime:0
INFO	[2023-05-15 16:10:21:0] <21632> SOCKET CONNECT OK
INFO	[2023-05-15 16:10:21:0] <21632> SEND OK
INFO	[2023-05-15 16:10:21:120] <21632> RECV OK
INFO	[2023-05-15 16:10:21:120] <21632> MSG_FROM_PG:[0123800175D SHA1                   0                                      300430majorgol03                    INIMX_VBNKmajorgol0320230515160931395314<?xml version="1.0" encoding="UTF-8"?><INIpay>
<CancelInfo>
<ResultCode>170000</ResultCode>
<ResultMsg urlencode="1">%C1%A4%BB%F3%C3%B3%B8%AE%B5%C7%BE%FA%BD%C0%B4%CF%B4%D9.</ResultMsg>
<SessionKey>AJRQf/SM2HlbdRGlQ/+TVuO29H29KBdfWw5XWdLRpILb7LfY82yyLDCf9GMIlh9q
Jus36y7XslFPOvRIYhvpaG+LOPZvL8wzMkXsM1BjQ7wACsyXwke8x9qhDGh4hc/c
elIQZ5lgNw3KF76sV2gMQlhJPj0gTdjAWwvOC8iNvXVltv0ihv7pA7I=
</SessionKey>
<Encrypted>r35YjrAqEdA/a7VloY5pA2+Vt34xK0OoRtTi6Yj2CkL2EkmKypk2TgvddnyrxhKE
NtkDIOv4ffn4YO36AcPam9JgVQLWSV7hSlnr+Z/RcoDWCoIMj93PTiD96uQyV+iA
wIvlxcl+LHxEZ/Ou9ynG1W8L3RatVRdgVRPZt+sUrFv0KowwlzWRAPRVAiIS0OFP
EiGMtxCh4iifZR3zq9uhbiIV1v2ZEPtmFZgrx8h5sSbMsBISC25NHiSa9RggMPhN
tASPC6qFPB39JQAVZSQvevBJyp1+Lu62L5CEu9UwBkD25s5u4Xup9Rj0PpAcritD
8PWEV+U2IwBQliVu5EmRY6+N2GJCFp3ffMbo6gMDdlVSpoGzvlE7rVHoJ8f4A47w
OG76ujhfnvBwznDJ07/DYVv1uVGw7OpXtTFStWLdvixhcofUNWPdYP1LcpcYH9Kk
65W0RNH65NHcoy8QIEQGAPR2NXtR5Sv1ATj3lJU0/RRuiksjpAygkRoNo+xjpcgl
eKv4/j3GPvNl42LczOdqkG5wV8q4/VELFzQys4Kef7fWOOu7+Dyr0UXosq5OFDCA
flwUQm6An70S5R6IMarY+DEkF1UOpn8WjGn93tbiIPlBI0zIem6mD50ho0yjv6tZ
XiCqddxLCs4=
</Encrypted>
</CancelInfo>
<ManageInfo/>
<ReservedInfo>
<MReserved1 urlencode="1"/>
<MReserved2 urlencode="1"/>
<MReserved3 urlencode="1"/>
</ReservedInfo>
</INIpay>
gBVeC7Rxpc4ubkQOfT+6cMa6blYqJvAYuQduodaEH6C6DqMT0ET7dXUf0PSlqMDJ
TpHIupX4gyXIg04DrKptoCNNZBeJVMVfS165ruBusBF9WcBn10qxu2NOSiuzovMR
vbaGGQg3uVbhc4NEqFgUa+QYp9Uf1FnLBXqdhr3JOtg=
]
INFO	[2023-05-15 16:10:21:120] <21632> VERIFY OK
INFO	[2023-05-15 16:10:21:121] <21632> PARSE HEAD OK
INFO	[2023-05-15 16:10:21:121] <21632> PARSE BODY OK
INFO	[2023-05-15 16:10:21:122] <21632> DECRYPT OK
DEBUG	[2023-05-15 16:10:21:122] <21632> DECRYPT MSG:[<?xml version="1.0" encoding="UTF-8"?><CancelInfo>
<CancelDate>20230515</CancelDate>
<CancelTime>161021</CancelTime>
<ResultCode>170000</ResultCode>
<ResultMsg urlencode="1">%C1%A4%BB%F3%C3%B3%B8%AE%B5%C7%BE%FA%BD%C0%B4%CF%B4%D9.</ResultMsg>
<CSHR_CancelDate>20230515</CSHR_CancelDate>
<CSHR_CancelTime>161021</CSHR_CancelTime>
<CSHR_ResultCode>220000</CSHR_ResultCode>
<CSHR_ResultMsg urlencode="1">%C1%A4%BB%F3%C3%B3%B8%AE%B5%C7%BE%FA%BD%C0%B4%CF%B4%D9.</CSHR_ResultMsg>
</CancelInfo>]
INFO	[2023-05-15 16:10:21:122] <21632> DECRYPT PARSE OK
INFO	[2023-05-15 16:10:21:122] <21632> END cancel 정상처리되었습니다. Laptime:[0.125sec]
INFO	[2023-05-15 16:10:21:122] <21632> ===============================================================
