INFO	[2024-01-23 11:18:57:124] <21725> START INIPHP cancel (V5036-141209)(OS:Linux2.6.32-754.11.1.el6.x86_64,PHP:5.3.3)
DEBUG	[2024-01-23 11:18:57:124] <21725> inipayhome:/home1/killdeal/public_html/shop/inicis
DEBUG	[2024-01-23 11:18:57:124] <21725> debug:false
DEBUG	[2024-01-23 11:18:57:124] <21725> type:cancel
DEBUG	[2024-01-23 11:18:57:124] <21725> mid:majorgol03
DEBUG	[2024-01-23 11:18:57:124] <21725> admin:1111
DEBUG	[2024-01-23 11:18:57:124] <21725> tid:StdpayVBNKmajorgol0320240123111850742556
DEBUG	[2024-01-23 11:18:57:124] <21725> cancelmsg:주문자 본인 취소-구매의사 없음
INFO	[2024-01-23 11:18:57:124] <21725> Check Field OK
INFO	[2024-01-23 11:18:57:124] <21725> PI PUB KEY LOAD OK []
INFO	[2024-01-23 11:18:57:124] <21725> PG PUB KEY LOAD OK [30]
INFO	[2024-01-23 11:18:57:125] <21725> MERCHANT PRIV KEY LOAD OK
INFO	[2024-01-23 11:18:57:125] <21725> MERCHANT PUB KEY LOAD OK [0]
DEBUG	[2024-01-23 11:18:57:125] <21725> MAKE ENCRYPT OK[<?xml version="1.0" encoding="UTF-8"?>
<CancelInfo>
	  <CancelTID>StdpayVBNKmajorgol0320240123111850742556</CancelTID>
	  <CancelMsg urlencode="1">%C1%D6%B9%AE%C0%DA+%BA%BB%C0%CE+%C3%EB%BC%D2-%B1%B8%B8%C5%C0%C7%BB%E7+%BE%F8%C0%BD</CancelMsg>
	  <CancelReason/></CancelInfo>]
INFO	[2024-01-23 11:18:57:125] <21725> MAKE BODY OK
INFO	[2024-01-23 11:18:57:126] <21725> SIGN OK
INFO	[2024-01-23 11:18:57:126] <21725> MAKE HEAD OK
INFO	[2024-01-23 11:18:57:126] <21725> MSG_TO_PG:[0099400175D SHA1                   0                                      300420majorgol03                    StdpayVBNKmajorgol0320240123111850742556<?xml version="1.0" encoding="UTF-8"?>
<INIpay>
	  <CancelInfo>
	    <SessionKey>buYAgWECwzDsxpPnJ3yZazh4p+UwwWeIMKdBiyp5MA5OvQpdWh8s/9155Kir7WD6
0/PxExgp8lL2c+VCU5Qx0mPS8GC1mZXl+qvYMPnik7yJ7soaNYVBe8lf1h4HoU1U
egGcOOsmhlT2630CrldBdWJ6Yw4JT5du4lJdWRF1V130WdW65a2JJQ==
</SessionKey>
	    <Encrypted>kWgiXO/hluUl2PHadt6DgRNtcnqRRmJpTBseHH6jR+QIBWzwG8hQvlvkbvTnsWuZ
+6YWCvcuDklkoFHkRtXlAsWwSyhW171fATcnC81KmpiEsqgeO6Qsz1Nb+OeJwqN2
4kU1RXSbsWxyxOUT+7zwZJB7oytrOORtFZtsNqjEnXO8oxEFxbyWlWAevSeoIP8C
WHdeOYp6mM4TC5MzSHXxbCvAn7ZKvWHAkWvf1P2e4Pc8o1rk3UUfZ3PJEgmFqZ9I
nnBg+0hJs2L+4eWPkYHt0BbcKNVfQkigyUZJ3tker3Ki6zL5r4wQthnkUa9WoZyC
M5M7Ikv/s/ulPz+COt1Ln1+vzq9m19yN1Bu3723IbpS5YVPc60VRmQ==
</Encrypted></CancelInfo>
	  <ReservedInfo>
	    <MReserved1/>
	    <MReserved2/>
	    <MReserved3/></ReservedInfo>
	  <ManageInfo>
	    <Language/>
	    <URL/>
	    <TXVersion>5036B141209canceLinux     PHPchkfake   2.6.32-754.11.1.el6.x86_64PHP:</TXVersion>
	    <TXUserID/>
	    <TXRegNum/></ManageInfo></INIpay>AQAys/OKOf0Q/vogPAolsLkVxgGPyUr/1g/Yif1YeWMHc36NifQR68gcafjggAIn
z9BXY/bSPrldcmoo4IXr/vf0Aj49NNLCdVDtN9uFqk/IFwZYeHjTAXMFbYhhyoK+
RBfkukiIHFG5VejodyxUOPXSQMlXOKKJaSWWe0Ike9bO
]
INFO	[2024-01-23 11:18:57:126] <21725> DNS LOOKUP OK(203.238.37.3:203.238.37.3:34049) laptime:0
INFO	[2024-01-23 11:18:57:129] <21725> SOCKET CONNECT OK
INFO	[2024-01-23 11:18:57:129] <21725> SEND OK
INFO	[2024-01-23 11:18:57:284] <21725> RECV OK
INFO	[2024-01-23 11:18:57:284] <21725> MSG_FROM_PG:[0123800175D SHA1                   0                                      300430majorgol03                    StdpayVBNKmajorgol0320240123111850742556<?xml version="1.0" encoding="UTF-8"?><INIpay>
<CancelInfo>
<ResultCode>170000</ResultCode>
<ResultMsg urlencode="1">%C1%A4%BB%F3%C3%B3%B8%AE%B5%C7%BE%FA%BD%C0%B4%CF%B4%D9.</ResultMsg>
<SessionKey>ADsq1d3FJH+6yKdkjJF7erpozE0TdxRMsAkNtfWWAiiACi3tD2wmoc5T6VqMLABP
lai0C0BS1fs8BixyGQPCYF2h+8fheop+qke7lkMFRRaiCV+OMvVNIs8Q3juiDk5X
PD6Ix4r8pbXgxygexUHeSx+uz7ctfE5GNvZ3kg1H0Wj/xVYTjeu5yI8=
</SessionKey>
<Encrypted>jJl/jkPNbFxxRXmX30SFi+wgV7ATiro6jZ4ZTL2+BshmOTHWAyb6yD4NEIWo2J5n
h1ysrCKfoRMVUiGWjgCu4fsBax/Kx87H6UFGlT0gyf4G7WKPlTV5KebPuCM08URt
ef+vHKRob+LlXVDuEdN0hST+cVYX2PlKo/rGYpa0hDua4LaCzrwzMcvgnS/pm05c
PoH3nKTJ5ws1SdRCicRXn64kfbxTqqRpqh2TW9sZTWfDG6pcP7wZXnTAIxrufiRi
sWwmJBpD28EhW3tFt7eSjJHUODTeYRB6tfN/9KCxMvGzEj8lnoeRTmf6Ar/qAiJM
UhZlW79hz2cG5brwv5DuqcSC4F3goPU28J3M9nvq4CJ7C/cTt3jQdVMfawaMwjg8
mCl/Bp7HZyNIBIiEtFc/Cl3XIzKOwUQ9vWvI99xXcPh/7+HmASeeXowqHqDAvZLj
XPJ6sPXoyV6prRmHMtKFG9oZAaXHWMvPOWQNO6EXLkwrs2uTWM22nKmXiiZkdEQz
3vZqwaWta1csxJRRA4fu8zzMkALAjaBZv/neV5h6ownNYgf0aXGP7MIfbeQCc/2i
F5J3nkdR8Un37/WuLMG52vv5R1uZXmd/LJ20bsLsd5rFnHlGZQ6Kh9posByBc/mW
m1QyJpSAPCs=
</Encrypted>
</CancelInfo>
<ManageInfo/>
<ReservedInfo>
<MReserved1 urlencode="1"/>
<MReserved2 urlencode="1"/>
<MReserved3 urlencode="1"/>
</ReservedInfo>
</INIpay>
l1pBKWM+VxWhEraAmsPCMP51KFnY2+u7Jv8x2VFBp34oCRKwZmDafrwPewucPciF
1w2OhWdd1IGMoNISfkXrSj4U+dqLcDKtf8J9QxoUbkZzySLLar5b+v0Hj15VgWEm
gRY0DiiSaPlqTEEr+icNKdkVDd+GKyDkr0aVaP0+Dno=
]
INFO	[2024-01-23 11:18:57:284] <21725> VERIFY OK
INFO	[2024-01-23 11:18:57:284] <21725> PARSE HEAD OK
INFO	[2024-01-23 11:18:57:284] <21725> PARSE BODY OK
INFO	[2024-01-23 11:18:57:285] <21725> DECRYPT OK
DEBUG	[2024-01-23 11:18:57:285] <21725> DECRYPT MSG:[<?xml version="1.0" encoding="UTF-8"?><CancelInfo>
<CancelDate>20240123</CancelDate>
<CancelTime>111857</CancelTime>
<ResultCode>170000</ResultCode>
<ResultMsg urlencode="1">%C1%A4%BB%F3%C3%B3%B8%AE%B5%C7%BE%FA%BD%C0%B4%CF%B4%D9.</ResultMsg>
<CSHR_CancelDate>20240123</CSHR_CancelDate>
<CSHR_CancelTime>111857</CSHR_CancelTime>
<CSHR_ResultCode>220000</CSHR_ResultCode>
<CSHR_ResultMsg urlencode="1">%C1%A4%BB%F3%C3%B3%B8%AE%B5%C7%BE%FA%BD%C0%B4%CF%B4%D9.</CSHR_ResultMsg>
</CancelInfo>]
INFO	[2024-01-23 11:18:57:285] <21725> DECRYPT PARSE OK
INFO	[2024-01-23 11:18:57:285] <21725> END cancel 정상처리되었습니다. Laptime:[0.161sec]
INFO	[2024-01-23 11:18:57:285] <21725> ===============================================================
