INFO	[2022-06-14 06:54:22:971] <18292> START INIPHP cancel (V5036-141209)(OS:Linux2.6.32-754.11.1.el6.x86_64,PHP:5.3.3)
DEBUG	[2022-06-14 06:54:22:971] <18292> inipayhome:/home1/killdeal/public_html/shop/inicis
DEBUG	[2022-06-14 06:54:22:971] <18292> debug:false
DEBUG	[2022-06-14 06:54:22:971] <18292> type:cancel
DEBUG	[2022-06-14 06:54:22:971] <18292> mid:majorgol03
DEBUG	[2022-06-14 06:54:22:971] <18292> admin:1111
DEBUG	[2022-06-14 06:54:22:971] <18292> tid:INIMX_CARDmajorgol0320220613234934555373
DEBUG	[2022-06-14 06:54:22:971] <18292> cancelmsg:주문자 본인 취소-상품옵션 선택 잘못함
INFO	[2022-06-14 06:54:22:971] <18292> Check Field OK
INFO	[2022-06-14 06:54:22:971] <18292> PI PUB KEY LOAD OK []
INFO	[2022-06-14 06:54:22:971] <18292> PG PUB KEY LOAD OK [30]
INFO	[2022-06-14 06:54:22:972] <18292> MERCHANT PRIV KEY LOAD OK
INFO	[2022-06-14 06:54:22:972] <18292> MERCHANT PUB KEY LOAD OK [0]
DEBUG	[2022-06-14 06:54:22:972] <18292> MAKE ENCRYPT OK[<?xml version="1.0" encoding="UTF-8"?>
<CancelInfo>
	  <CancelTID>INIMX_CARDmajorgol0320220613234934555373</CancelTID>
	  <CancelMsg urlencode="1">%C1%D6%B9%AE%C0%DA+%BA%BB%C0%CE+%C3%EB%BC%D2-%BB%F3%C7%B0%BF%C9%BC%C7+%BC%B1%C5%C3+%C0%DF%B8%F8%C7%D4</CancelMsg>
	  <CancelReason/></CancelInfo>]
INFO	[2022-06-14 06:54:22:972] <18292> MAKE BODY OK
INFO	[2022-06-14 06:54:22:973] <18292> SIGN OK
INFO	[2022-06-14 06:54:22:973] <18292> MAKE HEAD OK
INFO	[2022-06-14 06:54:22:973] <18292> MSG_TO_PG:[0101500175D SHA1                   0                                      300420majorgol03                    INIMX_CARDmajorgol0320220613234934555373<?xml version="1.0" encoding="UTF-8"?>
<INIpay>
	  <CancelInfo>
	    <SessionKey>JNlyznz9E7bUPZc9nrcbNWKogY44dDdoCySg19yZVlJvmBsD6jSj79iFrC1IPFow
kq9/VqQtnCE4bgy9Dpdy7AXM+15KwOW4VKifiJ2wBiCSXvJPyfi1gUKrtVl+9QnZ
rx69oH8O2NHWGyxLIF31XxMNx6As2b+l2rYVusA+Xi4Kav87LlrGwA==
</SessionKey>
	    <Encrypted>LSU18n7DcHJEw60B33iRbBNx9OV41Ow1/O8XKDnAlQT38lMnfjIGmBdeLrfaEQBT
dh245k6CL+QWzlshlRW45Qw8NlGvUWP5DyZ9fowe3BBGI6flnTTbP3avRUlvoUwT
EnlLmp5K/31ZyLR+EdNFtZVjZrBYjGoMN9vj4BmjLil0WuRQouinVhfNVVJY9AF1
ZszLAAsj0yMxeAOGgH3ApafDTK2DNyo9Id3fe28O08cJW2kAgP3NAuV/5bck/Bm7
NM20f8cz/cKh3IMohXVy4NildFJTo71TvewSi8L2Mbz5n8X51y0Nn6OuYLtAz1lg
VyLtnAJmbKEcCSBJatu3JZfodtBVZONACIg2Bo6XF67+Vi73gT6eL+jMAAA0yBnK
/g2LH6fmINc=
</Encrypted></CancelInfo>
	  <ReservedInfo>
	    <MReserved1/>
	    <MReserved2/>
	    <MReserved3/></ReservedInfo>
	  <ManageInfo>
	    <Language/>
	    <URL/>
	    <TXVersion>5036B141209canceLinux     PHPchkfake   2.6.32-754.11.1.el6.x86_64PHP:</TXVersion>
	    <TXUserID/>
	    <TXRegNum/></ManageInfo></INIpay>ABFrSMvG/WoisVWj2iwZMFtKK5RC1D0wYqEfZ8ekrY7yRstVL/lQeM2QgLX0JAk5
BLlQ3FsDNNaN5CNIGW4sV5wHJ0PAsgH//4nVWxqWNwHYNEKojVUXqFPF9buMXlKW
b481ctkBpxZwzAWI94nKvkfxzjKX15ZuTFDHNETuVYK5
]
INFO	[2022-06-14 06:54:22:973] <18292> DNS LOOKUP OK(203.238.37.3:203.238.37.3:34049) laptime:0
INFO	[2022-06-14 06:54:22:975] <18292> SOCKET CONNECT OK
INFO	[2022-06-14 06:54:22:975] <18292> SEND OK
INFO	[2022-06-14 06:54:23:187] <18292> RECV OK
INFO	[2022-06-14 06:54:23:187] <18292> MSG_FROM_PG:[0093300175D SHA1                   0                                      300430majorgol03                    INIMX_CARDmajorgol0320220613234934555373<?xml version="1.0" encoding="UTF-8"?><INIpay>
<CancelInfo>
<ResultCode>120000</ResultCode>
<ResultMsg urlencode="1">%C1%A4%BB%F3%C3%B3%B8%AE%B5%C7%BE%FA%BD%C0%B4%CF%B4%D9.</ResultMsg>
<SessionKey>ARItZZxUUMOfC3w3qfyz2bUfFHTBB4+etyQ9rNqYXI/6DoFp7DRpQuojJoC27Q2b
x/5/xiNY7NUUp5rkCF2fR2tlmRrmOwY8zNNNjd92vOGNuc/3pyW3pL+Watmr6dxm
jynAOLmWrm54SSSLXSvBaJxRVveFxlJrpaRfL0ugire180n/JIMmfu8=
</SessionKey>
<Encrypted>LtYIIoMDpQldDsmGlVdC8jgYIBUnzhnHBZCCZbQX7xBAvid6CMiQ0JqSV2xB1lIK
qfoGJyNfgC5Pzr2DhlKcBDMy/uS9vjaNfT4zooG+X17VYl3JLUHk9PsW7pdcy5q7
WLnZpLpfM6JAyJ5tZhdzLwXbNUZkdWYbMFApQy9xPFehkb1Yv+i5aanmnKaCINRr
Rhm6w/PlrLA6Av0JUfragf+CvHjQldjSjd/AgzcbK4m0SaC5ngTYGgwHna9o/my+
fQNE5esOWt90iPq6ZJPgcM0OMT4RL3HQCmizAlLQfhKLOmA5fwwtCFRyPT8nz6hd
RbMPwiRZYKAbi8cakQ5BUw3LQd7WDI4y
</Encrypted>
</CancelInfo>
<ManageInfo/>
<ReservedInfo>
<MReserved1 urlencode="1"/>
<MReserved2 urlencode="1"/>
<MReserved3 urlencode="1"/>
</ReservedInfo>
</INIpay>
vFSYt9eaoBHI/aDE+AnruyDqstbc6w6RkxCucauk85WAgs9yoWHAKKE+wny+iUaI
oOfNnQVj1aUsl7h/tad4h1uHW1K8leCVBFoeGV78W8HNHlgHm3mJPLmUlnQYW7Mm
1aTVj88paKTR107Z7kvqfeeqagHI5/7S/Ril9Ov1TR4=
]
INFO	[2022-06-14 06:54:23:187] <18292> VERIFY OK
INFO	[2022-06-14 06:54:23:187] <18292> PARSE HEAD OK
INFO	[2022-06-14 06:54:23:188] <18292> PARSE BODY OK
INFO	[2022-06-14 06:54:23:188] <18292> DECRYPT OK
DEBUG	[2022-06-14 06:54:23:188] <18292> DECRYPT MSG:[<?xml version="1.0" encoding="UTF-8"?><CancelInfo>
<CancelDate>20220614</CancelDate>
<CancelTime>065423</CancelTime>
<ResultCode>120000</ResultCode>
<ResultMsg urlencode="1">%C1%A4%BB%F3%C3%B3%B8%AE%B5%C7%BE%FA%BD%C0%B4%CF%B4%D9.</ResultMsg>
</CancelInfo>]
INFO	[2022-06-14 06:54:23:189] <18292> DECRYPT PARSE OK
INFO	[2022-06-14 06:54:23:189] <18292> END cancel 정상처리되었습니다. Laptime:[0.218sec]
INFO	[2022-06-14 06:54:23:189] <18292> ===============================================================
INFO	[2022-06-14 16:55:17:18] <17998> START INIPHP cancel (V5036-141209)(OS:Linux2.6.32-754.11.1.el6.x86_64,PHP:5.3.3)
DEBUG	[2022-06-14 16:55:17:18] <17998> inipayhome:/home1/killdeal/public_html/shop/inicis
DEBUG	[2022-06-14 16:55:17:18] <17998> debug:false
DEBUG	[2022-06-14 16:55:17:18] <17998> type:cancel
DEBUG	[2022-06-14 16:55:17:18] <17998> mid:majorgol03
DEBUG	[2022-06-14 16:55:17:18] <17998> admin:1111
DEBUG	[2022-06-14 16:55:17:18] <17998> tid:INIMX_CARDmajorgol0320220614164346434237
DEBUG	[2022-06-14 16:55:17:18] <17998> cancelmsg:주문자 본인 취소-구매의사 없음
INFO	[2022-06-14 16:55:17:18] <17998> Check Field OK
INFO	[2022-06-14 16:55:17:18] <17998> PI PUB KEY LOAD OK []
INFO	[2022-06-14 16:55:17:18] <17998> PG PUB KEY LOAD OK [30]
INFO	[2022-06-14 16:55:17:18] <17998> MERCHANT PRIV KEY LOAD OK
INFO	[2022-06-14 16:55:17:18] <17998> MERCHANT PUB KEY LOAD OK [0]
DEBUG	[2022-06-14 16:55:17:19] <17998> MAKE ENCRYPT OK[<?xml version="1.0" encoding="UTF-8"?>
<CancelInfo>
	  <CancelTID>INIMX_CARDmajorgol0320220614164346434237</CancelTID>
	  <CancelMsg urlencode="1">%C1%D6%B9%AE%C0%DA+%BA%BB%C0%CE+%C3%EB%BC%D2-%B1%B8%B8%C5%C0%C7%BB%E7+%BE%F8%C0%BD</CancelMsg>
	  <CancelReason/></CancelInfo>]
INFO	[2022-06-14 16:55:17:19] <17998> MAKE BODY OK
INFO	[2022-06-14 16:55:17:19] <17998> SIGN OK
INFO	[2022-06-14 16:55:17:19] <17998> MAKE HEAD OK
INFO	[2022-06-14 16:55:17:19] <17998> MSG_TO_PG:[0099400175D SHA1                   0                                      300420majorgol03                    INIMX_CARDmajorgol0320220614164346434237<?xml version="1.0" encoding="UTF-8"?>
<INIpay>
	  <CancelInfo>
	    <SessionKey>kScefLjgln5A7kpCapOH0xgEJwSt41plHorvgeLgE0YLUzsSwujS+oBk2UjjnGkc
Qf7M2ezp9mTCLf88AbykEWW7SszN9LmYBZEyXuCgVULzLEBefXQw0nsuc2O2fj6u
8UCfFRHWRQHOEOjDsKFX+M9XoqUlZgRdaB/aAiCEK+tj+DE5cjub3Q==
</SessionKey>
	    <Encrypted>0FJW2hkmDKk/H5gYWHPqt4Nv92IXuU1opjOrJHi6popUa2Qkfd6B8nSqWhGFG2X0
zgDJEJh54miC3xOjq1/rNZvKODyKdYWeo2bC6QnOwsmwzY1IfB87n1n3SuYLlgqT
iw6+l6eebfE/gltvQXyFrAj/803F9kw71favQhk5yHaJk10s1USILSr0LHk3aznm
IWyw0a4uGTQCfKFUi8if1HZ5k21SVMwgL11tetUbkG/WqiD1uzNmMnYq32lLLZO4
9zuw4skz2iz7bob75yGsk8hWakckNRRfjAmDD/cTqB0Dr9ogYWJNq/MHRJnXgX8S
xcV1HyqtznyXRAAQT6GAGMAn+unVJLWhxAFoFYiAZ1OmIePHie04MQ==
</Encrypted></CancelInfo>
	  <ReservedInfo>
	    <MReserved1/>
	    <MReserved2/>
	    <MReserved3/></ReservedInfo>
	  <ManageInfo>
	    <Language/>
	    <URL/>
	    <TXVersion>5036B141209canceLinux     PHPchkfake   2.6.32-754.11.1.el6.x86_64PHP:</TXVersion>
	    <TXUserID/>
	    <TXRegNum/></ManageInfo></INIpay>AFpw4towFaoNnn5anai3b7dRZ716zL8hakdXDMsViiEgbuzAb8+AiCBfmXId40DD
3abrCZ/CNsklD7eLLsnGuZcYzY8PIdBg1fmHEC6qQx5Yiwv7ab+UKpMsSY9s6KuE
zcxdic4m8Z2ZeuFMyrOTa0ZceEQ+Jvlk1pyR/K4psPhI
]
INFO	[2022-06-14 16:55:17:19] <17998> DNS LOOKUP OK(203.238.37.3:203.238.37.3:34049) laptime:0
INFO	[2022-06-14 16:55:17:23] <17998> SOCKET CONNECT OK
INFO	[2022-06-14 16:55:17:23] <17998> SEND OK
INFO	[2022-06-14 16:55:17:785] <17998> RECV OK
INFO	[2022-06-14 16:55:17:785] <17998> MSG_FROM_PG:[0093300175D SHA1                   0                                      300430majorgol03                    INIMX_CARDmajorgol0320220614164346434237<?xml version="1.0" encoding="UTF-8"?><INIpay>
<CancelInfo>
<ResultCode>120000</ResultCode>
<ResultMsg urlencode="1">%C1%A4%BB%F3%C3%B3%B8%AE%B5%C7%BE%FA%BD%C0%B4%CF%B4%D9.</ResultMsg>
<SessionKey>AQ3mI/BH80DN8IO1LLrZJD7S7y1AaCFkkKDne90zclB3V3k5Cd4bN4EBD1oPxBmw
4r8Qa2pJaAF8igFKNT7bsmUj30dYapIGM3a6HLMXOmGlY0mLtRSqH9XISa3tWfXG
3Ca/2HKTyBfCf/0+2NAuMU0nbyzLNPzTAl98AoSVmKa694W762bctDc=
</SessionKey>
<Encrypted>YWVTSBpA3/lvbl9RLAHmzIIvEyCDbgTdiHJjxn3cA02lRxmfQc69yCchC1Sqtxay
tyd1+P/vuRikKTjytUgK3/UzwzT5KlNPcavTdM9H32hBQwZXs8J+sglxHGLC4U73
HLBptYaihkRJN3tUvpCV7FVZOBoQ/L5vZ7tmiIB/JNZxcokDezPBci9ggfcpSnA3
yYWO85qFxAeVjMsMFwI8/FCWg/8p/SRQaZ4jonwEScAP8o8eqI0YvpdOVQabDykp
L5jg2lkYq6bnG2BzaYlDFLjvx6JslJz4GawNaJSuPmu+WZMkcG6cU2o2z1J9j/wi
Xam88vC29sduzg3Y34HzcB8Ma1hARlZ6
</Encrypted>
</CancelInfo>
<ManageInfo/>
<ReservedInfo>
<MReserved1 urlencode="1"/>
<MReserved2 urlencode="1"/>
<MReserved3 urlencode="1"/>
</ReservedInfo>
</INIpay>
h188aNfz4EPqVQucCdghDBljobdImenEQMNZ/4cnLP5KjzZsxTzXjMuCHAdbcoBX
u3o8noFYfiF4NUIg0jEDga6IxtslOtADw8Hk4YmMU/ehHPe+uBBVbdEeb/X7uaBb
oNZaA78FfaD4QlhvOqyO1uGovRtSkIwDSCAc/P8PJvQ=
]
INFO	[2022-06-14 16:55:17:785] <17998> VERIFY OK
INFO	[2022-06-14 16:55:17:785] <17998> PARSE HEAD OK
INFO	[2022-06-14 16:55:17:785] <17998> PARSE BODY OK
INFO	[2022-06-14 16:55:17:786] <17998> DECRYPT OK
DEBUG	[2022-06-14 16:55:17:786] <17998> DECRYPT MSG:[<?xml version="1.0" encoding="UTF-8"?><CancelInfo>
<CancelDate>20220614</CancelDate>
<CancelTime>165518</CancelTime>
<ResultCode>120000</ResultCode>
<ResultMsg urlencode="1">%C1%A4%BB%F3%C3%B3%B8%AE%B5%C7%BE%FA%BD%C0%B4%CF%B4%D9.</ResultMsg>
</CancelInfo>]
INFO	[2022-06-14 16:55:17:786] <17998> DECRYPT PARSE OK
INFO	[2022-06-14 16:55:17:786] <17998> END cancel 정상처리되었습니다. Laptime:[0.769sec]
INFO	[2022-06-14 16:55:17:786] <17998> ===============================================================
