INFO	[2023-05-15 13:17:13:134] <18918> START INIPHP repay (V5036-141209)(OS:Linux2.6.32-754.11.1.el6.x86_64,PHP:5.3.3)
DEBUG	[2023-05-15 13:17:13:134] <18918> inipayhome:/home1/killdeal/public_html/shop/inicis
DEBUG	[2023-05-15 13:17:13:134] <18918> debug:false
DEBUG	[2023-05-15 13:17:13:134] <18918> type:repay
DEBUG	[2023-05-15 13:17:13:134] <18918> pgid:INIphpRPAY
DEBUG	[2023-05-15 13:17:13:134] <18918> subpgip:203.238.3.10
DEBUG	[2023-05-15 13:17:13:134] <18918> mid:majorgol03
DEBUG	[2023-05-15 13:17:13:134] <18918> admin:1111
DEBUG	[2023-05-15 13:17:13:134] <18918> oldtid:INIMX_CARDmajorgol0320230422110432425980
DEBUG	[2023-05-15 13:17:13:134] <18918> currency:WON
DEBUG	[2023-05-15 13:17:13:134] <18918> price:79000
DEBUG	[2023-05-15 13:17:13:134] <18918> confirm_price:199000
DEBUG	[2023-05-15 13:17:13:134] <18918> buyeremail:choyj1001@naver.com
DEBUG	[2023-05-15 13:17:13:134] <18918> tax:7182
DEBUG	[2023-05-15 13:17:13:134] <18918> taxfree:0
INFO	[2023-05-15 13:17:13:135] <18918> Check Field OK
INFO	[2023-05-15 13:17:13:135] <18918> Make TID OK INIphpRPAYmajorgol0320230515131713355465
INFO	[2023-05-15 13:17:13:135] <18918> PI PUB KEY LOAD OK []
INFO	[2023-05-15 13:17:13:135] <18918> PG PUB KEY LOAD OK [30]
INFO	[2023-05-15 13:17:13:135] <18918> MERCHANT PRIV KEY LOAD OK
INFO	[2023-05-15 13:17:13:135] <18918> MERCHANT PUB KEY LOAD OK [0]
DEBUG	[2023-05-15 13:17:13:136] <18918> MAKE ENCRYPT OK[<?xml version="1.0" encoding="UTF-8"?>
<PartCancelInfo>
	  <PRTC_TID>INIMX_CARDmajorgol0320230422110432425980</PRTC_TID>
	  <PRTC_Price>79000</PRTC_Price>
	  <PRTC_Remains>199000</PRTC_Remains>
	  <PRTC_Quota/>
	  <PRTC_Interest/>
	  <PRTC_NoAcctFNBC/>
	  <PRTC_NmAcctFNBC/></PartCancelInfo>]
INFO	[2023-05-15 13:17:13:136] <18918> MAKE BODY OK
INFO	[2023-05-15 13:17:13:136] <18918> SIGN OK
INFO	[2023-05-15 13:17:13:136] <18918> MAKE HEAD OK
INFO	[2023-05-15 13:17:13:136] <18918> MSG_TO_PG:[0111700175D SHA1                   0                                      300620majorgol03               79000INIphpRPAYmajorgol0320230515131713355465<?xml version="1.0" encoding="UTF-8"?>
<INIpay>
	  <PartCancelInfo>
	    <SessionKey>JqVMMUUxWAG2jsZJ4ztIaBZtkqCULArfZcPtrLUhfTi5yjv53alRbcD1LcpWaEVv
dPokyQqhBCa2Kmy8LCvkHO/kCFyIAyGqMsrZjgkGpCZ/jcYVxvDeZNP4Ko9cYu7O
MViC7bK4/3IjEry9dhM8OdaJhHUePUQBJNvuA9iPgqY/ygaV40O4kg==
</SessionKey>
	    <Encrypted>uMvb/YUAtrfxPC5YAAAmmsoSqJAxTR1LijJkOe0ENIzBG4/0Wqbz5/N9T1QVCe6b
zotdnQEu1cap4gI+O3b5V+C+8+K+/eFZln5T8exAVJEcPKO0H3g+HXD1fkPdndDa
L6jfnJohbN7NyLuLfXYvM3KxF8EDRIY31iD9yCXfWoAB1m2UP8GTodQ9aRqFH/il
T6WqHBro2oH8bsV0NJdtpVeB94z4mLE/7Jv40zZZXE7veBARGkfzp6DNgl12+pRn
2myMb5nXwRWd0JTWY+LTgktV2AqWDlAe3LlKghYqNuhkcsuAWvMbJJbHhwfH1w3i
v2tcoQH/+IWr+ALbm820kKlGSVwAQmaNfZsGAgNrLpRftdrTtDoqF0SZcdjH7cxC
gvppCPp6B2Q=
</Encrypted></PartCancelInfo>
	  <GoodsInfo>
	    <Tax>7182</Tax>
	    <TaxFree/>
	    <Currency>WON</Currency></GoodsInfo>
	  <ReservedInfo>
	    <MReserved1/>
	    <MReserved2/>
	    <MReserved3/></ReservedInfo>
	  <ManageInfo>
	    <Language/>
	    <URL/>
	    <TXVersion>5036B141209repayLinux     PHPchkfake   2.6.32-754.11.1.el6.x86_64PHP:</TXVersion>
	    <TXUserID/>
	    <TXRegNum/></ManageInfo></INIpay>ANK43CSBNyppmeT6+S+Ykv7p5SCJaGByUWQZ2Z3V/RQmKTdTyG/EkdiBOoCoDi23
/6pUGaBvdYpBu1ErrQAEux6B85VwuWDB5Bfzkgm+qAnjvIXFBgsF3gvtftGjVqOv
sLA7p2+erN5pnYrCEIJI3W0beOZeIjX/u34ykjWdiw0o
]
INFO	[2023-05-15 13:17:13:136] <18918> DNS LOOKUP OK(203.238.37.3:203.238.37.3:34049) laptime:0
INFO	[2023-05-15 13:17:13:140] <18918> SOCKET CONNECT OK
INFO	[2023-05-15 13:17:13:140] <18918> SEND OK
INFO	[2023-05-15 13:17:13:413] <18918> RECV OK
INFO	[2023-05-15 13:17:13:413] <18918> MSG_FROM_PG:[0099200175D SHA1                   0                                      300630majorgol03               79000INIphpRPAYmajorgol0320230515131713355465<?xml version="1.0" encoding="UTF-8"?><INIpay>
<PartCancelInfo>
<PayMethod>Card</PayMethod>
<ResultCode>120000</ResultCode>
<ResultMsg urlencode="1">%C1%A4%BB%F3%C3%B3%B8%AE%B5%C7%BE%FA%BD%C0%B4%CF%B4%D9.</ResultMsg>
<SessionKey>AAX7WgrQU/fKTC7k7EXgfqdOlFIzFzZx4D+LCb2qGudUc5Ju9KRYAcAnSXtiiRpl
NZotppMBphcDTUybgOF6z+4FL/6f0hSZuwAtlmPgI5sYpBPHw6i/7gH2iqJP3xZX
VygwxTVDABlQ0pKul+gVJHc2AkVhBPwO8UXoGajvozFBxOAqMabvDHc=
</SessionKey>
<Encrypted>Z42c7qQeSpa40fV9elvM3epuDpRzOnheRkoFsPybO2TUZxZNgvSJYjNKN7+opiVP
xaNzc8/KK0UUh3mSejItGxe1bz1bRyHy8dlDCie3r0ni/tjHh3zQyEQFseN1TWtO
foYOwL7WuV9sVdsntXX8xyhDAwy+oSH8hIh1/jJtseSJpydvty2AhXVyn0Waz7AH
8Uq7VVZz4Q1yHIfrn0I5D3ItTzCDtFVbvKYnwaWJx+n6/T5/aqvcgGEMgbytLaiZ
5f+SOJA8PMo3qoLRwr7oDk9x7/nNFGRW851n9pYcmWM1bkQHVIRYXJMXm94k61HL
5WiMOvpMdTsOX8Xidmfxa4rXvWNTKD6wFo2KIE2F/23ut6prPybzkzltwR8vujrS
THq+IzEGDxknBPvJsTPGZtF3UH+sK6NvPLz4i08TixlKWM7vk/Qa8x2uN06AUfgG
MVMG1IR4t7dY3gnVg3foWA==
</Encrypted>
</PartCancelInfo>
<ManageInfo/>
<ReservedInfo/>
</INIpay>
elgB241HCH6RH79iIJqEyMtcpjFuw7SU+ES4q+kK/zVoI5IW38lpPahLQYkg1I3K
9rRCWlJ1bbGeIfyQrxqxa9CMOgz4ipzykro8ubZHrN7FJoAYy4ejHYUP0ytm6Kjl
oZoOmULE8jKtPGBnWtRxoLNk8d4q10v/KLpTOJTolzI=
]
INFO	[2023-05-15 13:17:13:413] <18918> VERIFY OK
INFO	[2023-05-15 13:17:13:413] <18918> PARSE HEAD OK
INFO	[2023-05-15 13:17:13:413] <18918> PARSE BODY OK
INFO	[2023-05-15 13:17:13:414] <18918> DECRYPT OK
DEBUG	[2023-05-15 13:17:13:414] <18918> DECRYPT MSG:[<?xml version="1.0" encoding="UTF-8"?><PartCancelInfo>
<PRTC_TID>INIMX_CARDmajorgol0320230422110432425980</PRTC_TID>
<PRTC_Price>79000</PRTC_Price>
<PRTC_Remains>199000</PRTC_Remains>
<PRTC_Quota>03</PRTC_Quota>
<PRTC_Type>1</PRTC_Type>
<CancelDate>20230515</CancelDate>
<CancelTime>131713</CancelTime>
<PRTC_Cnt>1</PRTC_Cnt>
</PartCancelInfo>]
INFO	[2023-05-15 13:17:13:414] <18918> DECRYPT PARSE OK
INFO	[2023-05-15 13:17:13:414] <18918> END repay 정상처리되었습니다. Laptime:[0.28sec]
INFO	[2023-05-15 13:17:13:414] <18918> ===============================================================
