INFO	[2020-08-15 21:05:21:306] <1031> START INIPHP cancel (V5036-141209)(OS:Linux2.6.32-754.11.1.el6.x86_64,PHP:5.3.3)
DEBUG	[2020-08-15 21:05:21:306] <1031> inipayhome:/home/killdeal/public_html/shop/inicis
DEBUG	[2020-08-15 21:05:21:306] <1031> debug:false
DEBUG	[2020-08-15 21:05:21:306] <1031> type:cancel
DEBUG	[2020-08-15 21:05:21:306] <1031> mid:majorgol03
DEBUG	[2020-08-15 21:05:21:306] <1031> admin:1111
DEBUG	[2020-08-15 21:05:21:306] <1031> tid:INIMX_VBNKmajorgol0320200814112006165554
DEBUG	[2020-08-15 21:05:21:306] <1031> cancelmsg:주문자 본인 취소-상품옵션 선택 잘못함
INFO	[2020-08-15 21:05:21:306] <1031> Check Field OK
INFO	[2020-08-15 21:05:21:306] <1031> PI PUB KEY LOAD OK []
INFO	[2020-08-15 21:05:21:306] <1031> PG PUB KEY LOAD OK [30]
INFO	[2020-08-15 21:05:21:307] <1031> MERCHANT PRIV KEY LOAD OK
INFO	[2020-08-15 21:05:21:307] <1031> MERCHANT PUB KEY LOAD OK [0]
DEBUG	[2020-08-15 21:05:21:307] <1031> MAKE ENCRYPT OK[<?xml version="1.0" encoding="UTF-8"?>
<CancelInfo>
	  <CancelTID>INIMX_VBNKmajorgol0320200814112006165554</CancelTID>
	  <CancelMsg urlencode="1">%C1%D6%B9%AE%C0%DA+%BA%BB%C0%CE+%C3%EB%BC%D2-%BB%F3%C7%B0%BF%C9%BC%C7+%BC%B1%C5%C3+%C0%DF%B8%F8%C7%D4</CancelMsg>
	  <CancelReason/></CancelInfo>]
INFO	[2020-08-15 21:05:21:307] <1031> MAKE BODY OK
INFO	[2020-08-15 21:05:21:308] <1031> SIGN OK
INFO	[2020-08-15 21:05:21:308] <1031> MAKE HEAD OK
INFO	[2020-08-15 21:05:21:308] <1031> MSG_TO_PG:[0101500175D SHA1                   0                                      300420majorgol03                    INIMX_VBNKmajorgol0320200814112006165554<?xml version="1.0" encoding="UTF-8"?>
<INIpay>
	  <CancelInfo>
	    <SessionKey>4DiYoueJUateeR52Lj8rs0W6bnXKlWQT+42ZwkkLTdsGxhPL8ZnJeIU7GazQDBNE
SGIfLCcLNwMAbqaSQmQXuuwpKbg50UZB6hq5XIE6kVwVc5eot8BWa2Kjs0K6ikl9
64yb2lo7lhhXMMrg7cP4XhzXqYNV5o3y/J5/XGaHpD0eju51R4LQRQ==
</SessionKey>
	    <Encrypted>ZTXQtVfcOT1Vemey9FdxDYsGGrDOJP9YaNNu5/WYaiS6fj0rvLy7St4cyLI/tV1I
LxQbXJjLgQifRGfqKvBp+IdZA6I4/dzhI4Qbr0aXCMsls0rzwd0aY0JnV4dQgAZs
95YTnHDi+ZNPaZgCbG4h3ilmyNnZHNk6GAqagbpoIlCYJKkRptKWtKPmfOpDAxOo
BZcky/Tu15x8JMs5NV/Zqc/qBq76ZwCTtp8z0xtVWASbkxKS8URByU3EjMOOyjfw
K17neyrtsWmbjGuHwbV/YfcPu+kXYW80ggkK8baYO+uaqNnKYEeQtIfywuh1Jypd
wUrF5W+Tez0DI5FV0fg6rUoIJ9NR/zTeqizSfa6TB4lkWzu8AaKmiWLj6AmKPbnY
9RZfiXLUMg8=
</Encrypted></CancelInfo>
	  <ReservedInfo>
	    <MReserved1/>
	    <MReserved2/>
	    <MReserved3/></ReservedInfo>
	  <ManageInfo>
	    <Language/>
	    <URL/>
	    <TXVersion>5036B141209canceLinux     PHPchkfake   2.6.32-754.11.1.el6.x86_64PHP:</TXVersion>
	    <TXUserID/>
	    <TXRegNum/></ManageInfo></INIpay>AIdG0pcXQ44LIigI2WuE+6MuU31oplbUS5JgTkwwhLMgjlt2i+KKZ/IDBuD2aeLm
bamLVDNG0a5Z5VzJDtfPKcseoG7jYN5BBY96KH7KexV89Vv3rPFLJWqMM2HwcEoM
WovyyPF1SXM4eLOKYgh5uB2/3OgfuVutjanqgQT1K9cH
]
INFO	[2020-08-15 21:05:21:308] <1031> DNS LOOKUP OK(203.238.37.3:203.238.37.3:34049) laptime:0
INFO	[2020-08-15 21:05:21:310] <1031> SOCKET CONNECT OK
INFO	[2020-08-15 21:05:21:310] <1031> SEND OK
INFO	[2020-08-15 21:05:21:426] <1031> RECV OK
INFO	[2020-08-15 21:05:21:426] <1031> MSG_FROM_PG:[0139400175D SHA1                   0                                      300430majorgol03                    INIMX_VBNKmajorgol0320200814112006165554<?xml version="1.0" encoding="UTF-8"?>
<INIpay>
  <CancelInfo>
    <ResultCode>504628</ResultCode>
    <ResultMsg urlencode="1">%C3%EB%BC%D2%BA%D2%B0%A1%B4%C9+%B0%C5%B7%A1</ResultMsg>
    <SessionKey>AGr0D2OnUP2KVqLBoFdQrqcu0CBpSX61w3kakM+Wm3uIEhHmL/7tWZOjwv+d5fbX
Y8VfA4pLG61EsJp3LmEdoSOsKOMdq8jKJhxfN7BLVf//NwDQIOvIb5hP4gM6S1FI
/GemajphUP1tYeMVmW4tLN3yah2tW+Mw+R1eCcBoMKsVyNJZcxdgOO4=
</SessionKey>
    <Encrypted>3VJ0J+9Pk+uyRHnYyaW/3TML3z4igkeunF7grI4icr2NjhlbGgjs58aA3+NHefwt
8XlV+75tPZ7tlE9noN31szYZfweBD1zqjzdJ0uDpepRiGSnzwWgAPlhhRnc/ZO94
3yqCkoNmbTD4nYA6dsA6xPUjq2/gmr02w+dLKnQU197mIT9MgKU0OfhWCMypXfuv
u0rXvbqiNxz1RIyGXDrQR923nsGGF3By8gQ+hcRuV3N4Cr7i1K//UIt8+OxqhDdo
1dA/0aBxt0O2AoKivTQmTmMJISJStv7obcvu5gRkTrbcRIXcv2f2rTJ0Q42licbX
Sh0by3/QZv4bdOcXuBO7dOFu/3VUPFn/H60VNUq9ixFiBjIl/r8Lm9DoWOPFHyy1
Vy/NmzNqYhQs4iHfzpDYuYIX/VrSxJSUBS9vBXOOyh64U6lRx2JDXdUT9A+khBz1
qpvn+Ai3w2ls8Naph5vxIqjsMX67PhoR/q73GeQsRCLOKI7AcfRz5adzkMeV1s6a
6EMooXCMtKeZaS70G2VwRPAmvUUrHH29sFVwurCMAy8T7gWMDnunpXtAmFz31FkT
jLJTknz067ItV30uLwmfpDUdUxwHtAJW
</Encrypted>
  </CancelInfo>
  <ManageInfo/>
  <ReservedInfo>
    <MReserved1 urlencode="1"></MReserved1>
    <MReserved2 urlencode="1"></MReserved2>
    <MReserved3 urlencode="1"></MReserved3>
    <PGReserved1 urlencode="1"></PGReserved1>
    <PGReserved2 urlencode="1"></PGReserved2>
    <PGReserved3 urlencode="1"></PGReserved3>
  </ReservedInfo>
</INIpay>
JpwDE2nfmWGTnHhKHhsjJ4eJvjwIxFcM7IhWBalw6FDNVDQPYl++aX2FlCDtIaap
IY5i9+Ys85v0PkelZKGXYJlgtZCbpZ2lUoPAF2Mcx/fFPY3rcTJoEIkOHrrdNUan
7dI4m8FILsOMLh5QY8EtQVsYY6hoyiwQvc4zxAgD76s=
]
INFO	[2020-08-15 21:05:21:426] <1031> VERIFY OK
INFO	[2020-08-15 21:05:21:426] <1031> PARSE HEAD OK
INFO	[2020-08-15 21:05:21:426] <1031> PARSE BODY OK
INFO	[2020-08-15 21:05:21:427] <1031> DECRYPT OK
DEBUG	[2020-08-15 21:05:21:427] <1031> DECRYPT MSG:[<?xml version="1.0" encoding="UTF-8"?>
<CancelInfo>
  <CancelDate>20200815</CancelDate>
  <CancelTime>210521</CancelTime>
  <ResultCode>504628</ResultCode>
  <ResultMsg urlencode="1">%C3%EB%BC%D2%BA%D2%B0%A1%B4%C9+%B0%C5%B7%A1</ResultMsg>
  <CSHR_CancelNum></CSHR_CancelNum>
  <CSHR_CancelDate></CSHR_CancelDate>
  <CSHR_CancelTime></CSHR_CancelTime>
  <CSHR_ResultCode></CSHR_ResultCode>
  <CSHR_ResultMsg urlencode="1"></CSHR_ResultMsg>
</CancelInfo>]
INFO	[2020-08-15 21:05:21:427] <1031> DECRYPT PARSE OK
INFO	[2020-08-15 21:05:21:427] <1031> END cancel [504628|취소불가능 거래] Laptime:[0.121sec]
INFO	[2020-08-15 21:05:21:427] <1031> ===============================================================
INFO	[2020-08-15 21:05:34:524] <23607> START INIPHP cancel (V5036-141209)(OS:Linux2.6.32-754.11.1.el6.x86_64,PHP:5.3.3)
DEBUG	[2020-08-15 21:05:34:524] <23607> inipayhome:/home/killdeal/public_html/shop/inicis
DEBUG	[2020-08-15 21:05:34:524] <23607> debug:false
DEBUG	[2020-08-15 21:05:34:524] <23607> type:cancel
DEBUG	[2020-08-15 21:05:34:524] <23607> mid:majorgol03
DEBUG	[2020-08-15 21:05:34:524] <23607> admin:1111
DEBUG	[2020-08-15 21:05:34:524] <23607> tid:INIMX_VBNKmajorgol0320200814112006165554
DEBUG	[2020-08-15 21:05:34:524] <23607> cancelmsg:주문자 본인 취소-상품옵션 선택 잘못함
INFO	[2020-08-15 21:05:34:524] <23607> Check Field OK
INFO	[2020-08-15 21:05:34:524] <23607> PI PUB KEY LOAD OK []
INFO	[2020-08-15 21:05:34:524] <23607> PG PUB KEY LOAD OK [30]
INFO	[2020-08-15 21:05:34:524] <23607> MERCHANT PRIV KEY LOAD OK
INFO	[2020-08-15 21:05:34:524] <23607> MERCHANT PUB KEY LOAD OK [0]
DEBUG	[2020-08-15 21:05:34:525] <23607> MAKE ENCRYPT OK[<?xml version="1.0" encoding="UTF-8"?>
<CancelInfo>
	  <CancelTID>INIMX_VBNKmajorgol0320200814112006165554</CancelTID>
	  <CancelMsg urlencode="1">%C1%D6%B9%AE%C0%DA+%BA%BB%C0%CE+%C3%EB%BC%D2-%BB%F3%C7%B0%BF%C9%BC%C7+%BC%B1%C5%C3+%C0%DF%B8%F8%C7%D4</CancelMsg>
	  <CancelReason/></CancelInfo>]
INFO	[2020-08-15 21:05:34:525] <23607> MAKE BODY OK
INFO	[2020-08-15 21:05:34:525] <23607> SIGN OK
INFO	[2020-08-15 21:05:34:525] <23607> MAKE HEAD OK
INFO	[2020-08-15 21:05:34:525] <23607> MSG_TO_PG:[0101500175D SHA1                   0                                      300420majorgol03                    INIMX_VBNKmajorgol0320200814112006165554<?xml version="1.0" encoding="UTF-8"?>
<INIpay>
	  <CancelInfo>
	    <SessionKey>fjKNoCSGVcV+T0prDC9FLT8lGU2KbimWTZCUyoPGxsUJr/EC1/4wmM1hf6gKMhYg
lkVy01mgqLSUZP9cwjuIMWC0mAJ5f+igZ9MgJWQTTvw4vRSZ9ZOnuy/UF0Gb6n2D
xSdJWiFrGnVZrZxf+qrKzhuppUxJL+nMPjolf7QkBhHWocNene5ybA==
</SessionKey>
	    <Encrypted>6TPkpiTLACGTI8Xi8mf2kWZHXzIUFsuE3Qn1U82SzHBDQ1ndZdGM4/Rsbnm19jnO
kdHnFSpBxI0XNw5oI2jfOYGROZDQvvSRTuEYR2mYNlpKk7csj+xPK4iDtoow3UR2
gN3T4tscoA0LE2G6H2tn1BKqSYSARLojg+rcYMtpdKSM9H+8hPZtoHKDtQMxnlCi
3TeFg+C0jwyP2vsv4lvXhcOvmM7VbmhY9EHIR3CpejXj1kHeCDKdkzAxZlIavGzN
pq8xKmw6e/3ffizzuJ3CxRTpBbn0W9HLejdT8lf9oG5OSqV0tRpbNAdeJB2txb99
KsnNe8PKp8iO8q9iQ/sJl9frjfyVBWXZZG7jTnPio1EDt5bCK4Xdn/m9TTZ7dVCw
zS2iyCrWIec=
</Encrypted></CancelInfo>
	  <ReservedInfo>
	    <MReserved1/>
	    <MReserved2/>
	    <MReserved3/></ReservedInfo>
	  <ManageInfo>
	    <Language/>
	    <URL/>
	    <TXVersion>5036B141209canceLinux     PHPchkfake   2.6.32-754.11.1.el6.x86_64PHP:</TXVersion>
	    <TXUserID/>
	    <TXRegNum/></ManageInfo></INIpay>AO0YuTqaPQwU6dyn5EHI+BYMeo7NXBJwhJYm2Npfsh3ZuadnD1OxX28Nq1TGGB23
6ru69mY/uoLTSYOzQMWy67vGKEjVvIrE0UkFUYQNc0/AGEsK72kW3irwgWNTq/qK
PeGOmoC7JRZg+pQXKQ34cOiv0wj6TApngcjwmLupSjiS
]
INFO	[2020-08-15 21:05:34:525] <23607> DNS LOOKUP OK(203.238.37.3:203.238.37.3:34049) laptime:0
INFO	[2020-08-15 21:05:34:528] <23607> SOCKET CONNECT OK
INFO	[2020-08-15 21:05:34:528] <23607> SEND OK
INFO	[2020-08-15 21:05:34:653] <23607> RECV OK
INFO	[2020-08-15 21:05:34:653] <23607> MSG_FROM_PG:[0139400175D SHA1                   0                                      300430majorgol03                    INIMX_VBNKmajorgol0320200814112006165554<?xml version="1.0" encoding="UTF-8"?>
<INIpay>
  <CancelInfo>
    <ResultCode>504628</ResultCode>
    <ResultMsg urlencode="1">%C3%EB%BC%D2%BA%D2%B0%A1%B4%C9+%B0%C5%B7%A1</ResultMsg>
    <SessionKey>AMkzluiOR/gDMzhH3qEpCwVlc3MmTayCgdQSanqFcwSdEESlvV4aXQpptsaMg5UZ
IoHlM+yKgAdwcvzaa9Jim/G4QOSDLV9azvLR6mSWe029PITGd1u+cMZhchU99Tt5
GvGbwK3YjHMb8KNsgmrFizBPyNSdWLOGpmbxlFg5ZfpMax5jNr3tJtE=
</SessionKey>
    <Encrypted>JK4ZZAEmEHpThSI3Is5mC3oQz2VvqlT+i9MAAGL3tE/bfgE9nLkyVTfxX8u6anYy
uqAlb4JCI36q1K9j9DCgxmy9fkWHaxfL89IIpdajKoEFoI6CyKVCc2LEuTmIWEgq
kNpXTvfImMnXlH26UKCaBWrHWh7KniIlhavfCO3amRxZuXB/Qdv9ZwiI9Gg7vcJf
9twiZaVi2sLHp4iNtAQns/8nWUqV9pR77aRsKIwnpcxuOYvkB85a3tPhXj0CMNb9
ETq6mSqaZX/iW8L1pg/La7TBMwFoY5WtjalO7/p2T83JsVVC80BvHte6aJegyiKO
GKwH+UQvrQHaeSjqUkU7zcQbD3XYS3eDO3P6071pXYtmPhEX3povRWCi9RPjKvER
lZZIJ56pq38zmFdvEuOHUzCBtDdh8t7JmIKSZ6boGGUqrvuIKE5zqvlo9jsaDN+a
h464XrJtnLLvmikC6T/O2iF+cAADpClzkVDAyLLSwYVelfugdSbkGthZ2A5+2/DK
0GLlYIBTg84mPjTiA1uDQTyaymF0LqH4HddS0hiUwL/FazATqRAl+oT2veFe/+7v
m9YHvD63KCXjW2+YJhmu6OoGkK0r2GTM
</Encrypted>
  </CancelInfo>
  <ManageInfo/>
  <ReservedInfo>
    <MReserved1 urlencode="1"></MReserved1>
    <MReserved2 urlencode="1"></MReserved2>
    <MReserved3 urlencode="1"></MReserved3>
    <PGReserved1 urlencode="1"></PGReserved1>
    <PGReserved2 urlencode="1"></PGReserved2>
    <PGReserved3 urlencode="1"></PGReserved3>
  </ReservedInfo>
</INIpay>
f/xgUKttP6xSGJciDbBnrVXMW/rgG1xzLhW0nAjKgLD29TQXN9MZZMomVGkAd+I8
jOZUGLutFuUqebRw5Rl8MjdcKpCnjIYRHctzSJmVOEtNvXckLAK4yF2fPgywkLjB
rkiDjl0PT4oxWCC2yabaNEcqhbaXb8bq6iVRqJIV5YM=
]
INFO	[2020-08-15 21:05:34:653] <23607> VERIFY OK
INFO	[2020-08-15 21:05:34:653] <23607> PARSE HEAD OK
INFO	[2020-08-15 21:05:34:653] <23607> PARSE BODY OK
INFO	[2020-08-15 21:05:34:654] <23607> DECRYPT OK
DEBUG	[2020-08-15 21:05:34:654] <23607> DECRYPT MSG:[<?xml version="1.0" encoding="UTF-8"?>
<CancelInfo>
  <CancelDate>20200815</CancelDate>
  <CancelTime>210534</CancelTime>
  <ResultCode>504628</ResultCode>
  <ResultMsg urlencode="1">%C3%EB%BC%D2%BA%D2%B0%A1%B4%C9+%B0%C5%B7%A1</ResultMsg>
  <CSHR_CancelNum></CSHR_CancelNum>
  <CSHR_CancelDate></CSHR_CancelDate>
  <CSHR_CancelTime></CSHR_CancelTime>
  <CSHR_ResultCode></CSHR_ResultCode>
  <CSHR_ResultMsg urlencode="1"></CSHR_ResultMsg>
</CancelInfo>]
INFO	[2020-08-15 21:05:34:654] <23607> DECRYPT PARSE OK
INFO	[2020-08-15 21:05:34:654] <23607> END cancel [504628|취소불가능 거래] Laptime:[0.13sec]
INFO	[2020-08-15 21:05:34:654] <23607> ===============================================================
INFO	[2020-08-15 21:06:50:122] <29693> START INIPHP cancel (V5036-141209)(OS:Linux2.6.32-754.11.1.el6.x86_64,PHP:5.3.3)
DEBUG	[2020-08-15 21:06:50:122] <29693> inipayhome:/home/killdeal/public_html/shop/inicis
DEBUG	[2020-08-15 21:06:50:122] <29693> debug:false
DEBUG	[2020-08-15 21:06:50:122] <29693> type:cancel
DEBUG	[2020-08-15 21:06:50:122] <29693> mid:majorgol03
DEBUG	[2020-08-15 21:06:50:122] <29693> admin:1111
DEBUG	[2020-08-15 21:06:50:122] <29693> tid:INIMX_VBNKmajorgol0320200814112006165554
DEBUG	[2020-08-15 21:06:50:122] <29693> cancelmsg:주문자 본인 취소-배송이지연되고 있음
INFO	[2020-08-15 21:06:50:122] <29693> Check Field OK
INFO	[2020-08-15 21:06:50:122] <29693> PI PUB KEY LOAD OK []
INFO	[2020-08-15 21:06:50:122] <29693> PG PUB KEY LOAD OK [30]
INFO	[2020-08-15 21:06:50:122] <29693> MERCHANT PRIV KEY LOAD OK
INFO	[2020-08-15 21:06:50:123] <29693> MERCHANT PUB KEY LOAD OK [0]
DEBUG	[2020-08-15 21:06:50:123] <29693> MAKE ENCRYPT OK[<?xml version="1.0" encoding="UTF-8"?>
<CancelInfo>
	  <CancelTID>INIMX_VBNKmajorgol0320200814112006165554</CancelTID>
	  <CancelMsg urlencode="1">%C1%D6%B9%AE%C0%DA+%BA%BB%C0%CE+%C3%EB%BC%D2-%B9%E8%BC%DB%C0%CC%C1%F6%BF%AC%B5%C7%B0%ED+%C0%D6%C0%BD</CancelMsg>
	  <CancelReason/></CancelInfo>]
INFO	[2020-08-15 21:06:50:123] <29693> MAKE BODY OK
INFO	[2020-08-15 21:06:50:124] <29693> SIGN OK
INFO	[2020-08-15 21:06:50:124] <29693> MAKE HEAD OK
INFO	[2020-08-15 21:06:50:124] <29693> MSG_TO_PG:[0101500175D SHA1                   0                                      300420majorgol03                    INIMX_VBNKmajorgol0320200814112006165554<?xml version="1.0" encoding="UTF-8"?>
<INIpay>
	  <CancelInfo>
	    <SessionKey>b7kv0eNXlESAUHfVv4P2AY5b+FkaKlhIWrpld11DFxSEq25ohrfAKXO27gh1XkMQ
lV2VkCXnvcPn/BWW2ibceOx43FVUbJM7yhaColC3TbTUS2VfEeObx2zC9jHMy0Ap
k2FHc3fRIl0eoFUOCy9gdeThqc/tOXZsMvBTchg2kdTZAVaK7Gpnlg==
</SessionKey>
	    <Encrypted>mtm1WZs5UwROb6tkoqvCoeDZfFbdXHsZRTP/7m4V8t1yIo+f3mUF8FLbt3o/zY9h
e3D9QksL+EWBDEZrSN30h8PVbuHxt8p6r/E5dk02t2DaG/63GhhckALgn00cHOHN
89sAOYaBanIuiF33Mhx7a63IE/ABkwRNMlwRWZMyPjVJ7GaKfbDG3KeGRMotCwEv
kt89rOOs9I1pPoqZpZAGr8BcrBIPmA96MScy+wbqt+NadXLKTiIpi/DxBFRgoCpX
sBeJLVXlb+Tm55W7cGXgouA7tQrbdoLYFtox1qABEcZ2a01+zF1suwI9Y2R8GbtY
eWMT4fea7B8qWWI0TNofFYDrVWiaK6VXJ6giDriSTq2MSWGUFvrbK+OUh8BA+isF
1jNs9CD+n8U=
</Encrypted></CancelInfo>
	  <ReservedInfo>
	    <MReserved1/>
	    <MReserved2/>
	    <MReserved3/></ReservedInfo>
	  <ManageInfo>
	    <Language/>
	    <URL/>
	    <TXVersion>5036B141209canceLinux     PHPchkfake   2.6.32-754.11.1.el6.x86_64PHP:</TXVersion>
	    <TXUserID/>
	    <TXRegNum/></ManageInfo></INIpay>AE8qLDYGW/K6RhSXUqe4bImnBJvcyeQ2ed3Rn50Mq6KLU/joRkBAdsCJ8plz9hbo
9LNaDQjY73qu6nRH44N/Fx3Q7zxaNO+cV2SFwkkIJMDIUSzCiUcb289GgLjIYcef
LanprZ+3yTI32ov21QIvE2nU6/hc4MvT+Upyi4QrI6tg
]
INFO	[2020-08-15 21:06:50:124] <29693> DNS LOOKUP OK(203.238.37.3:203.238.37.3:34049) laptime:0
INFO	[2020-08-15 21:06:50:126] <29693> SOCKET CONNECT OK
INFO	[2020-08-15 21:06:50:126] <29693> SEND OK
INFO	[2020-08-15 21:06:50:241] <29693> RECV OK
INFO	[2020-08-15 21:06:50:241] <29693> MSG_FROM_PG:[0139400175D SHA1                   0                                      300430majorgol03                    INIMX_VBNKmajorgol0320200814112006165554<?xml version="1.0" encoding="UTF-8"?>
<INIpay>
  <CancelInfo>
    <ResultCode>504628</ResultCode>
    <ResultMsg urlencode="1">%C3%EB%BC%D2%BA%D2%B0%A1%B4%C9+%B0%C5%B7%A1</ResultMsg>
    <SessionKey>ALpTbGHa8J4EjVWCPJayFuvHBuMl07IwfT+8DVyrsdMBgDXYcGiNDlvJ8fF2rqT3
L1bFh+3ZKCRz6IbJug16ZAyB7VOo1GOKgjQBprZv5JrBwwr4WjQbWN1iW9GE6tJG
Afe4S2nsUSezPyIhDU2tJldvQpjR2TGqbRUTwJsXvyORXPTG4NGmvKQ=
</SessionKey>
    <Encrypted>3AuLamXwJ+XrhUK0OkuBCoUYsrnp20gHwjtQoGQFpjYulSINzRxRbEaUJ+vSsmo/
GUFz/vNC8Y76peIkKDXi+V82zCX29B7QMnYBx9sAyQ1T+YgrS4JtJpKjssc7O4FQ
gBdFHjwOr2owv5Th5V+5p2FOhKfwBzBfL2L/4DUt4DXgNyO4G6sbYPqNL0IJ6gvO
11yvJwT+KNLKf39nCrKWbuz9tNQuXmhJN4w76NwAeYc3i2ZMPQcD2SviXb3ovHnm
99RxEmv+u0ACd1ok5Enpiem+LbFoZmWpKFRYxsrXHvSyQyhfd9NWuo1s7LStf3kG
sZw3eBQ1BVka1X4iC+oZU3BbmIhYfl7vCoD+sKtOKbtDEXHiW5IqAH2okibcEo8V
IkGADr4V7D4geMDJLYH907pWnZpyL7gC4W6ChihRwHEcGVAOqKdAwj+Z3i8P1GyU
05a6iobkR7LnSoVxzqjcmLIaUBZTWSnVhfnLP4JKgv0uKE3HLUiLv2L7GNP9vHDW
2npSWJkzR11c82IKYkYQ9zPQeb+C0Ffa4qFbIRFsr8vV6xXKhcOCgxvQDdKjWYJ0
kAmcFO2EsxNf4AEhstwy789wFXo9otE9
</Encrypted>
  </CancelInfo>
  <ManageInfo/>
  <ReservedInfo>
    <MReserved1 urlencode="1"></MReserved1>
    <MReserved2 urlencode="1"></MReserved2>
    <MReserved3 urlencode="1"></MReserved3>
    <PGReserved1 urlencode="1"></PGReserved1>
    <PGReserved2 urlencode="1"></PGReserved2>
    <PGReserved3 urlencode="1"></PGReserved3>
  </ReservedInfo>
</INIpay>
I1gXuVhdUh+7pqIj7zEJv7TooyhsH4EtG4319Uhjs1twg+suc2xMmfYPMWPXt/Vh
eDNudh0NnLNS9ULN/GTW+Tn/DoS3LxtUmkMflSgUM1cr+wMEGaBv2KmmX9PipgMc
sScPytEbyaQ4UsEDF1BYiRedURNm2tQzMtcKXd04aK8=
]
INFO	[2020-08-15 21:06:50:241] <29693> VERIFY OK
INFO	[2020-08-15 21:06:50:241] <29693> PARSE HEAD OK
INFO	[2020-08-15 21:06:50:241] <29693> PARSE BODY OK
INFO	[2020-08-15 21:06:50:242] <29693> DECRYPT OK
DEBUG	[2020-08-15 21:06:50:242] <29693> DECRYPT MSG:[<?xml version="1.0" encoding="UTF-8"?>
<CancelInfo>
  <CancelDate>20200815</CancelDate>
  <CancelTime>210650</CancelTime>
  <ResultCode>504628</ResultCode>
  <ResultMsg urlencode="1">%C3%EB%BC%D2%BA%D2%B0%A1%B4%C9+%B0%C5%B7%A1</ResultMsg>
  <CSHR_CancelNum></CSHR_CancelNum>
  <CSHR_CancelDate></CSHR_CancelDate>
  <CSHR_CancelTime></CSHR_CancelTime>
  <CSHR_ResultCode></CSHR_ResultCode>
  <CSHR_ResultMsg urlencode="1"></CSHR_ResultMsg>
</CancelInfo>]
INFO	[2020-08-15 21:06:50:242] <29693> DECRYPT PARSE OK
INFO	[2020-08-15 21:06:50:242] <29693> END cancel [504628|취소불가능 거래] Laptime:[0.12sec]
INFO	[2020-08-15 21:06:50:242] <29693> ===============================================================
INFO	[2020-08-15 22:26:23:246] <3854> START INIPHP cancel (V5036-141209)(OS:Linux2.6.32-754.11.1.el6.x86_64,PHP:5.3.3)
DEBUG	[2020-08-15 22:26:23:246] <3854> inipayhome:/home/killdeal/public_html/shop/inicis
DEBUG	[2020-08-15 22:26:23:246] <3854> debug:false
DEBUG	[2020-08-15 22:26:23:246] <3854> type:cancel
DEBUG	[2020-08-15 22:26:23:246] <3854> mid:majorgol03
DEBUG	[2020-08-15 22:26:23:246] <3854> admin:1111
DEBUG	[2020-08-15 22:26:23:246] <3854> tid:INIMX_CARDmajorgol0320200814163455625079
DEBUG	[2020-08-15 22:26:23:246] <3854> cancelmsg:주문자 본인 취소-구매의사 없음
INFO	[2020-08-15 22:26:23:246] <3854> Check Field OK
INFO	[2020-08-15 22:26:23:246] <3854> PI PUB KEY LOAD OK []
INFO	[2020-08-15 22:26:23:246] <3854> PG PUB KEY LOAD OK [30]
INFO	[2020-08-15 22:26:23:246] <3854> MERCHANT PRIV KEY LOAD OK
INFO	[2020-08-15 22:26:23:246] <3854> MERCHANT PUB KEY LOAD OK [0]
DEBUG	[2020-08-15 22:26:23:247] <3854> MAKE ENCRYPT OK[<?xml version="1.0" encoding="UTF-8"?>
<CancelInfo>
	  <CancelTID>INIMX_CARDmajorgol0320200814163455625079</CancelTID>
	  <CancelMsg urlencode="1">%C1%D6%B9%AE%C0%DA+%BA%BB%C0%CE+%C3%EB%BC%D2-%B1%B8%B8%C5%C0%C7%BB%E7+%BE%F8%C0%BD</CancelMsg>
	  <CancelReason/></CancelInfo>]
INFO	[2020-08-15 22:26:23:247] <3854> MAKE BODY OK
INFO	[2020-08-15 22:26:23:247] <3854> SIGN OK
INFO	[2020-08-15 22:26:23:248] <3854> MAKE HEAD OK
INFO	[2020-08-15 22:26:23:248] <3854> MSG_TO_PG:[0099400175D SHA1                   0                                      300420majorgol03                    INIMX_CARDmajorgol0320200814163455625079<?xml version="1.0" encoding="UTF-8"?>
<INIpay>
	  <CancelInfo>
	    <SessionKey>qJ/ow88XcHKa36e3cl+448lqNhMEmvVo8zu8/SpaH9iWxLkqnRSE5I3YlT1OTlQN
o32TPS2Ezyd7dnie8aZFbLpGiOz9WWiz4z7mhjSvY7k+LWWr3YbGhVgLN8NzJ6r8
q0g6b86QOad12Yt9Et1aUmr3vOxsQ2sD2glZxQZLlyNfctf64e31hA==
</SessionKey>
	    <Encrypted>4xHh0vveBPRCbxSSWRiwZ5M5WsQc3e/E1OOO5utCYbqUtXv1dfUR8H4Duf82THgu
Gmz8vPZSZa3ippLihq9wUX4lNy0FJfqP7XXDyY8jH1HsJ0rjcrzmD52a+5ruW37T
kbspXgMKSVVpbCNzcczQd9KIc1DZwXVKivS8sj5/c6AQSnAtBofxSMdR85YkK7SO
SFNUeg8RLtQwNq1atSyoGoK7s0SMD0vr4mNTE1FGUWvEnY6Zp3M5Srhv9mqyTQ5p
Dkc2gC5tpqatjpwgO3RT4uSJ1RaKe0m+phPPYkrmulZ9KiuwKw2mqvREiX2CG6bn
eHIVU5CM+gMXH1aaKeZ+47SWXR5XBnM5KJgaXYGdwuxdcmsjhFYkEw==
</Encrypted></CancelInfo>
	  <ReservedInfo>
	    <MReserved1/>
	    <MReserved2/>
	    <MReserved3/></ReservedInfo>
	  <ManageInfo>
	    <Language/>
	    <URL/>
	    <TXVersion>5036B141209canceLinux     PHPchkfake   2.6.32-754.11.1.el6.x86_64PHP:</TXVersion>
	    <TXUserID/>
	    <TXRegNum/></ManageInfo></INIpay>AOLC2q87Xa8RTs6xL9i1PboWX5oRV90s4vU6UpGHy661VO4MM8HPz+zvRdOCkUyr
l3u2Rr/H6XRDHyuLUWaJn+xA0WxYS/PFWKnE5C1rpDGODc2JXLxas7+SZeM7LV14
XM5Gq7F7UdX/n4HTdOsqEihe2nhNLBlfNzcgK1HA8OFr
]
INFO	[2020-08-15 22:26:23:248] <3854> DNS LOOKUP OK(203.238.37.3:203.238.37.3:34049) laptime:0
INFO	[2020-08-15 22:26:23:250] <3854> SOCKET CONNECT OK
INFO	[2020-08-15 22:26:23:250] <3854> SEND OK
INFO	[2020-08-15 22:26:23:650] <3854> RECV OK
INFO	[2020-08-15 22:26:23:650] <3854> MSG_FROM_PG:[0115800175D SHA1                   0                                      300430majorgol03                    INIMX_CARDmajorgol0320200814163455625079<?xml version="1.0" encoding="UTF-8"?>
<INIpay>
  <CancelInfo>
    <ResultCode>120000</ResultCode>
    <ResultMsg urlencode="1">%C1%A4%BB%F3%C3%B3%B8%AE%B5%C7%BE%FA%BD%C0%B4%CF%B4%D9.</ResultMsg>
    <SessionKey>ARrk9v6MmZbUGBLurVcq47bRcY7BvdH5ZwKdgm+JljdKGPlLVThek4/Oce9v1f4g
Ns+IpcvMshwNbD+cUW4jmP6v7dSfidHhHQff0oBviqMacwzAb8ApasqBywuNrbjT
tpgkm79eEFgwa8SoAPeC/dmjZsV5PnX976HrNq/bgKCUKIWlC2eJSPI=
</SessionKey>
    <Encrypted>HWw9/U/a/NMY1x07WrXeYvRPO49gJ5XdZ2dMEE9tNNP97szSyRsKX6QsDnUG/Fq8
pyqLKfuGfRhR0d3x3mFILmLto4j1mornmV+86Ge7msMY3dd0ojZ0MBmJTZH+k2r2
aGLfJjr7/zM92s3ZWy2L7Ycs1Bhci+uxLFuNxyNpvIsNcOVsGWjukLGsRzgoWehH
JPt3owiD9Iskx32PSn6p7+NoJFw4MFbUPNSDS9fHiiiz7P9mvEpB9D+sIRcNRyo4
R6iotnB5Vlov0fenZScuhoQk9EMIFa3qXsRpCh7LaWr4+YPs3zH2KcqS3ZstG+f/
+Ii9h4ylOn1Ux+qqFRbmUX9TVFtoTpGlTa9OTxLK7DY=
</Encrypted>
  </CancelInfo>
  <ManageInfo/>
  <ReservedInfo>
    <MReserved1 urlencode="1"></MReserved1>
    <MReserved2 urlencode="1"></MReserved2>
    <MReserved3 urlencode="1"></MReserved3>
    <PGReserved1 urlencode="1"></PGReserved1>
    <PGReserved2 urlencode="1"></PGReserved2>
    <PGReserved3 urlencode="1"></PGReserved3>
  </ReservedInfo>
</INIpay>
Y+SNh22C4HFUZMMBXI0ckCn1iNIvrSl8mqHKqAsKzvo9WeOQIsh/n0LpKigxdfLu
AOTrm0O4GB7EGjgrF6b1LZ3a+PNzw9rb+fCayuHZ7f2LuPw8/cxFEyZMiXIgq4g8
MyW5plYE4q6UVOSXcGd3mDEpkjzX5gguqGlzuu+Qwkw=
]
INFO	[2020-08-15 22:26:23:650] <3854> VERIFY OK
INFO	[2020-08-15 22:26:23:650] <3854> PARSE HEAD OK
INFO	[2020-08-15 22:26:23:651] <3854> PARSE BODY OK
INFO	[2020-08-15 22:26:23:651] <3854> DECRYPT OK
DEBUG	[2020-08-15 22:26:23:651] <3854> DECRYPT MSG:[<?xml version="1.0" encoding="UTF-8"?>
<CancelInfo>
  <CancelDate>20200815</CancelDate>
  <CancelTime>222623</CancelTime>
  <ResultCode>120000</ResultCode>
  <ResultMsg urlencode="1">%C1%A4%BB%F3%C3%B3%B8%AE%B5%C7%BE%FA%BD%C0%B4%CF%B4%D9.</ResultMsg>
</CancelInfo>]
INFO	[2020-08-15 22:26:23:652] <3854> DECRYPT PARSE OK
INFO	[2020-08-15 22:26:23:652] <3854> END cancel 정상처리되었습니다. Laptime:[0.406sec]
INFO	[2020-08-15 22:26:23:652] <3854> ===============================================================
