INFO	[2021-08-25 10:40:19:982] <3844> START INIPHP cancel (V5036-141209)(OS:Linux2.6.32-754.11.1.el6.x86_64,PHP:5.3.3)
DEBUG	[2021-08-25 10:40:19:982] <3844> inipayhome:/home1/killdeal/public_html/shop/inicis
DEBUG	[2021-08-25 10:40:19:982] <3844> debug:false
DEBUG	[2021-08-25 10:40:19:982] <3844> type:cancel
DEBUG	[2021-08-25 10:40:19:982] <3844> mid:fourseason
DEBUG	[2021-08-25 10:40:19:982] <3844> admin:1111
DEBUG	[2021-08-25 10:40:19:982] <3844> tid:INIMX_CARDfourseason20210823223559395952
DEBUG	[2021-08-25 10:40:19:982] <3844> cancelmsg:쇼핑몰 운영자 승인 취소
INFO	[2021-08-25 10:40:19:982] <3844> Check Field OK
INFO	[2021-08-25 10:40:19:982] <3844> PI PUB KEY LOAD OK []
INFO	[2021-08-25 10:40:19:983] <3844> PG PUB KEY LOAD OK [30]
INFO	[2021-08-25 10:40:19:983] <3844> MERCHANT PRIV KEY LOAD OK
INFO	[2021-08-25 10:40:19:983] <3844> MERCHANT PUB KEY LOAD OK [0]
DEBUG	[2021-08-25 10:40:19:984] <3844> MAKE ENCRYPT OK[<?xml version="1.0" encoding="UTF-8"?>
<CancelInfo>
	  <CancelTID>INIMX_CARDfourseason20210823223559395952</CancelTID>
	  <CancelMsg urlencode="1">%BC%EE%C7%CE%B8%F4+%BF%EE%BF%B5%C0%DA+%BD%C2%C0%CE+%C3%EB%BC%D2</CancelMsg>
	  <CancelReason/></CancelInfo>]
INFO	[2021-08-25 10:40:19:984] <3844> MAKE BODY OK
INFO	[2021-08-25 10:40:19:984] <3844> SIGN OK
INFO	[2021-08-25 10:40:19:984] <3844> MAKE HEAD OK
INFO	[2021-08-25 10:40:19:984] <3844> MSG_TO_PG:[0096200175D SHA1                   0                                      300420fourseason                    INIMX_CARDfourseason20210823223559395952<?xml version="1.0" encoding="UTF-8"?>
<INIpay>
	  <CancelInfo>
	    <SessionKey>OaAuxW5qU7Xp1K+MajXpxre4wziZ4iz3J8Zzd3Zxb+YN+ZAzNpe/S+dCHUR8Wu5c
i6zOu/pcuAkl/iP+8dA4jKklhGB4UlGadAwh3PbBfC3hoKBmO/Vc98oUpH1VS/OQ
Yuc5ct4kMvRe+GZ+cQCOvbzRZtTROIxtgNfBvw9/mhHyCz1d5K/E+A==
</SessionKey>
	    <Encrypted>Y0Xpz/PUSXDSaXGZsTpeejLYfG6Z5qwiprZuaI4f7GNcALdS9jkr/hh+mv7UnLV1
7GLLjMt14NF9n63ooUKcPHMbd89qwJoChFchFwwLGsjb8IA+RNBWTocv+O/1t9fp
tkHPde07yT7UKTyiW2y0/rvMSxSMtCroRTY3vIdrwwRabvbXt52Qt1Qn/OIfZNP0
3hBhjY6XvJLoOxMToHukUjKdmLbyp816H6SlLWsXnBdHPnqoJks4D/+6zQDRBPdc
mu7Vllnc+r3YZ3P2sPkAs09iGO51pZAXZHpvFyw9AuU0K7RSVlTtMNMihT+/fMOo
930z1gzA7MxNtME8pETThQ==
</Encrypted></CancelInfo>
	  <ReservedInfo>
	    <MReserved1/>
	    <MReserved2/>
	    <MReserved3/></ReservedInfo>
	  <ManageInfo>
	    <Language/>
	    <URL/>
	    <TXVersion>5036B141209canceLinux     PHPchkfake   2.6.32-754.11.1.el6.x86_64PHP:</TXVersion>
	    <TXUserID/>
	    <TXRegNum/></ManageInfo></INIpay>AFEIIQKZrHSlzfRfhNQyIXNyUAFPR1nYuWespKifPks7AP5C4dLJdQqkU6ZC4dZS
Ttfjbn3P1gAHMu2bdUx74FD30rF/vpyBumaPs68OEr4XOM6xLFgXxeC4mbi+zayW
B/zxnvY/sqdMEaN5UwVFEJUyiDXgLqMITOoS3RDoFUCD
]
INFO	[2021-08-25 10:40:19:984] <3844> DNS LOOKUP OK(203.238.37.3:203.238.37.3:34049) laptime:0
INFO	[2021-08-25 10:40:19:992] <3844> SOCKET CONNECT OK
INFO	[2021-08-25 10:40:19:992] <3844> SEND OK
INFO	[2021-08-25 10:40:20:415] <3844> RECV OK
INFO	[2021-08-25 10:40:20:415] <3844> MSG_FROM_PG:[0093300175D SHA1                   0                                      300430fourseason                    INIMX_CARDfourseason20210823223559395952<?xml version="1.0" encoding="UTF-8"?><INIpay>
<CancelInfo>
<ResultCode>120000</ResultCode>
<ResultMsg urlencode="1">%C1%A4%BB%F3%C3%B3%B8%AE%B5%C7%BE%FA%BD%C0%B4%CF%B4%D9.</ResultMsg>
<SessionKey>AELAwy/E/Fn3PjQbxNlZoxN6CEUMxTbv6iY5HG3XSUSrIwE3zLRjeR0QMRSov38M
Mpv+c0PoL5sGj+g0zhgh7eejpftNZxFK4MsdbY2PGtnK34PZ4sQnhiT2CHjxtbmK
34Ntt4iysLikFv1+LjH7xsIEh2LOfIGDHynLxOMonwGwhDaPaUj+KE8=
</SessionKey>
<Encrypted>qvWrzTrJp8BAnqAmYbY8xxAJY93BkQOwglq7Z8s4py+K7w0GJiTDNmxJfEsYWrmF
32sJb3D1ybq0OjBDiz7nSnc0JtUyWn3jE+4Et03YQK4z2PUadLZm7bEVol+hGJh0
1bFRkHnxjf2fTS/LsOdF5EIv3NdxAW6V1Nio07sJg7KVUmZ4T9q/x2jzROfIBC4A
q+QjkOjRFewgL1BkJXjt5kiFvvKyLErEailzSnQuhDjc3ohzeDCEHtyw10p0HNsW
dX4tLMuMkcnAmjGnJwkYMzrdNauNqq1WYVYGlja6jgtXOiWnSxnfs+eUZH8/zbu3
/BW+PG/sa3AzkucKn0xndjlUNp2vdy+Y
</Encrypted>
</CancelInfo>
<ManageInfo/>
<ReservedInfo>
<MReserved1 urlencode="1"/>
<MReserved2 urlencode="1"/>
<MReserved3 urlencode="1"/>
</ReservedInfo>
</INIpay>
qzmv6atDvzapw+kc79tynOGZR6SHTiq4xATCWhOEQpBo0VipfUAs55fRr43mI/tr
2UotReGBdIEJO+lbiEsV8k3cfjdysw+XdttvRWUibv7/TayUH0cSIM8qY7aTD2K3
iKJYKNTP5PCa6mXwGREsPtAQdWAYJHzcdX+wPFOv3WQ=
]
INFO	[2021-08-25 10:40:20:415] <3844> VERIFY OK
INFO	[2021-08-25 10:40:20:415] <3844> PARSE HEAD OK
INFO	[2021-08-25 10:40:20:415] <3844> PARSE BODY OK
INFO	[2021-08-25 10:40:20:416] <3844> DECRYPT OK
DEBUG	[2021-08-25 10:40:20:416] <3844> DECRYPT MSG:[<?xml version="1.0" encoding="UTF-8"?><CancelInfo>
<CancelDate>20210825</CancelDate>
<CancelTime>104020</CancelTime>
<ResultCode>120000</ResultCode>
<ResultMsg urlencode="1">%C1%A4%BB%F3%C3%B3%B8%AE%B5%C7%BE%FA%BD%C0%B4%CF%B4%D9.</ResultMsg>
</CancelInfo>]
INFO	[2021-08-25 10:40:20:416] <3844> DECRYPT PARSE OK
INFO	[2021-08-25 10:40:20:416] <3844> END cancel 정상처리되었습니다. Laptime:[0.434sec]
INFO	[2021-08-25 10:40:20:416] <3844> ===============================================================
INFO	[2021-08-25 16:01:29:912] <15661> START INIPHP cancel (V5036-141209)(OS:Linux2.6.32-754.11.1.el6.x86_64,PHP:5.3.3)
DEBUG	[2021-08-25 16:01:29:912] <15661> inipayhome:/home1/killdeal/public_html/shop/inicis
DEBUG	[2021-08-25 16:01:29:912] <15661> debug:false
DEBUG	[2021-08-25 16:01:29:912] <15661> type:cancel
DEBUG	[2021-08-25 16:01:29:912] <15661> mid:fourseason
DEBUG	[2021-08-25 16:01:29:912] <15661> admin:1111
DEBUG	[2021-08-25 16:01:29:912] <15661> tid:StdpayCARDfourseason20210811002936550424
DEBUG	[2021-08-25 16:01:29:912] <15661> cancelmsg:쇼핑몰 운영자 승인 취소
INFO	[2021-08-25 16:01:29:912] <15661> Check Field OK
INFO	[2021-08-25 16:01:29:912] <15661> PI PUB KEY LOAD OK []
INFO	[2021-08-25 16:01:29:913] <15661> PG PUB KEY LOAD OK [30]
INFO	[2021-08-25 16:01:29:913] <15661> MERCHANT PRIV KEY LOAD OK
INFO	[2021-08-25 16:01:29:913] <15661> MERCHANT PUB KEY LOAD OK [0]
DEBUG	[2021-08-25 16:01:29:913] <15661> MAKE ENCRYPT OK[<?xml version="1.0" encoding="UTF-8"?>
<CancelInfo>
	  <CancelTID>StdpayCARDfourseason20210811002936550424</CancelTID>
	  <CancelMsg urlencode="1">%BC%EE%C7%CE%B8%F4+%BF%EE%BF%B5%C0%DA+%BD%C2%C0%CE+%C3%EB%BC%D2</CancelMsg>
	  <CancelReason/></CancelInfo>]
INFO	[2021-08-25 16:01:29:913] <15661> MAKE BODY OK
INFO	[2021-08-25 16:01:29:914] <15661> SIGN OK
INFO	[2021-08-25 16:01:29:914] <15661> MAKE HEAD OK
INFO	[2021-08-25 16:01:29:914] <15661> MSG_TO_PG:[0096200175D SHA1                   0                                      300420fourseason                    StdpayCARDfourseason20210811002936550424<?xml version="1.0" encoding="UTF-8"?>
<INIpay>
	  <CancelInfo>
	    <SessionKey>YOigPxlmv10v8/NZh8CrXqSWgXbsIiSBmaBfqMscHq2cVAdbtUHUctd/xsLawUYp
l7Cibnpt1saMyVj/TxCx2EbevbznJfRBdfgvo1+QOGQOfGEjXPcOuXvrU38uagST
aFqxxcLgq902Lvz9kuU8tttcrGkzoRitUW/WO82nwVWhrntr+4JAMg==
</SessionKey>
	    <Encrypted>53VulEV2bJiAui/4EtdJ/lkth7bntGgQBr/NPKRo1LIqjyq4kpPGFONSzV2oU1Un
2UucVqqZYNmcCJOGOoEo58oAhfc/dhT+opDE3u8ZdWIMfssBZrGlEHJ+MzNxazYV
KNQFJW/qRlRxnJK6q8xVRCjIAyNqWhBgZ6DiaK7OoPtxGrwK9/Z3F/CFtos4a20e
SZzPl2WK4klJe6xMG/wLv2d7ZL58gp0gefK4G35N4KdFvyQ2lEpHbflSgzDUorrs
i54ARJj0QrNW/5unMybDcj2tAvBUc77tB6MvcycYL5rbphqyVKpz7y6DOrfNy/D6
vWoHBP3WD9hGU+pjs9+Tdw==
</Encrypted></CancelInfo>
	  <ReservedInfo>
	    <MReserved1/>
	    <MReserved2/>
	    <MReserved3/></ReservedInfo>
	  <ManageInfo>
	    <Language/>
	    <URL/>
	    <TXVersion>5036B141209canceLinux     PHPchkfake   2.6.32-754.11.1.el6.x86_64PHP:</TXVersion>
	    <TXUserID/>
	    <TXRegNum/></ManageInfo></INIpay>AEENUT0Kds31iJiYJqDY3o61OEizxLTtntY2i5WH6cA7zaz9IwzZB+bZgf0WboNw
unwIJUGLoNjlZopFAyQzuzim3Ztf36VB5N/hBQSwyxA35pxzDrVZlm97G/R2PVdI
43HLfRmD5RdlODYjX2f9MAHFUt9Fe4c5vIlto3DfjKBD
]
INFO	[2021-08-25 16:01:29:914] <15661> DNS LOOKUP OK(203.238.37.3:203.238.37.3:34049) laptime:0
INFO	[2021-08-25 16:01:29:917] <15661> SOCKET CONNECT OK
INFO	[2021-08-25 16:01:29:917] <15661> SEND OK
INFO	[2021-08-25 16:01:30:622] <15661> RECV OK
INFO	[2021-08-25 16:01:30:622] <15661> MSG_FROM_PG:[0093300175D SHA1                   0                                      300430fourseason                    StdpayCARDfourseason20210811002936550424<?xml version="1.0" encoding="UTF-8"?><INIpay>
<CancelInfo>
<ResultCode>120000</ResultCode>
<ResultMsg urlencode="1">%C1%A4%BB%F3%C3%B3%B8%AE%B5%C7%BE%FA%BD%C0%B4%CF%B4%D9.</ResultMsg>
<SessionKey>AQMJn/TE1UZba0BBfM85rpYCYgVy3w2AJsQQ+LtPlw+GsoCYrfb4iv/ucV7HDwKv
dU7OhtFo+/3xhCFU9Je/V9Y6W/P968YhfjPaT49vKhHOPav4z073M/ZdAVcM9IVM
qW9yPjnwMmzkiX4J9c4ezmshAaYUlM0HNQANaLv1wYqju7JA5F+K7zs=
</SessionKey>
<Encrypted>jmDldeT1n9xVMZCGOd/VddRzkBovXVL5mVhiOCAOQLyhD+TuNfpbVDIYhOzhCb/u
nEa7+ClbgOErOVVqv46Dg7O/VHtfH4EG8QJUoNAaTNL0G1SOa8Ai/CjEfW+38KaJ
/zad8bAXyq81oGgUjo3QmPYw8WWR84U8eVhuAV1wikJYc/KsACTnHXXO5xcMqqqj
bx+cyA3YOoTwArU0+mwyzr+by/mCKT9pJQYG/vLtBxyGguZ/9/+o1tnLr5tNW0lQ
10iuV4nQg1LbHqoTX2cHxLvZt3vg3nsKijG3huThY7hA0xV2GfOdypknWO1Uz91R
D6w7aKFLp9+zN3AgMY2fRZiEvsezAIeV
</Encrypted>
</CancelInfo>
<ManageInfo/>
<ReservedInfo>
<MReserved1 urlencode="1"/>
<MReserved2 urlencode="1"/>
<MReserved3 urlencode="1"/>
</ReservedInfo>
</INIpay>
gkhQ3TX/OJfD5qndUmrHq4gVJX2/5LNfJacbsO3Q9xnYsIU9NuyoOarV4ddE3z6X
E7ft79qONzjZki3XaLPQ8IEDl0+OQ22egFBKi9lcfMNhKkxKCmGMQRiZgPCMf69G
wMWXp49pFgjlXRyzbhwtezR/+Wz0CPYiuZ0RIQn7p1g=
]
INFO	[2021-08-25 16:01:30:622] <15661> VERIFY OK
INFO	[2021-08-25 16:01:30:622] <15661> PARSE HEAD OK
INFO	[2021-08-25 16:01:30:622] <15661> PARSE BODY OK
INFO	[2021-08-25 16:01:30:623] <15661> DECRYPT OK
DEBUG	[2021-08-25 16:01:30:623] <15661> DECRYPT MSG:[<?xml version="1.0" encoding="UTF-8"?><CancelInfo>
<CancelDate>20210825</CancelDate>
<CancelTime>160131</CancelTime>
<ResultCode>120000</ResultCode>
<ResultMsg urlencode="1">%C1%A4%BB%F3%C3%B3%B8%AE%B5%C7%BE%FA%BD%C0%B4%CF%B4%D9.</ResultMsg>
</CancelInfo>]
INFO	[2021-08-25 16:01:30:623] <15661> DECRYPT PARSE OK
INFO	[2021-08-25 16:01:30:623] <15661> END cancel 정상처리되었습니다. Laptime:[0.711sec]
INFO	[2021-08-25 16:01:30:623] <15661> ===============================================================
