INFO	[2021-03-27 15:23:39:37] <13575> START INIPHP cancel (V5036-141209)(OS:Linux2.6.32-754.11.1.el6.x86_64,PHP:5.3.3)
DEBUG	[2021-03-27 15:23:39:37] <13575> inipayhome:/home1/killdeal/public_html/shop/inicis
DEBUG	[2021-03-27 15:23:39:37] <13575> debug:false
DEBUG	[2021-03-27 15:23:39:37] <13575> type:cancel
DEBUG	[2021-03-27 15:23:39:37] <13575> mid:majorgol03
DEBUG	[2021-03-27 15:23:39:37] <13575> admin:1111
DEBUG	[2021-03-27 15:23:39:37] <13575> tid:INIMX_CARDmajorgol0320210326235743115351
DEBUG	[2021-03-27 15:23:39:37] <13575> cancelmsg:주문자 본인 취소-상품옵션 선택 잘못함
INFO	[2021-03-27 15:23:39:37] <13575> Check Field OK
INFO	[2021-03-27 15:23:39:37] <13575> PI PUB KEY LOAD OK []
INFO	[2021-03-27 15:23:39:37] <13575> PG PUB KEY LOAD OK [30]
INFO	[2021-03-27 15:23:39:38] <13575> MERCHANT PRIV KEY LOAD OK
INFO	[2021-03-27 15:23:39:38] <13575> MERCHANT PUB KEY LOAD OK [0]
DEBUG	[2021-03-27 15:23:39:38] <13575> MAKE ENCRYPT OK[<?xml version="1.0" encoding="UTF-8"?>
<CancelInfo>
	  <CancelTID>INIMX_CARDmajorgol0320210326235743115351</CancelTID>
	  <CancelMsg urlencode="1">%C1%D6%B9%AE%C0%DA+%BA%BB%C0%CE+%C3%EB%BC%D2-%BB%F3%C7%B0%BF%C9%BC%C7+%BC%B1%C5%C3+%C0%DF%B8%F8%C7%D4</CancelMsg>
	  <CancelReason/></CancelInfo>]
INFO	[2021-03-27 15:23:39:38] <13575> MAKE BODY OK
INFO	[2021-03-27 15:23:39:39] <13575> SIGN OK
INFO	[2021-03-27 15:23:39:39] <13575> MAKE HEAD OK
INFO	[2021-03-27 15:23:39:39] <13575> MSG_TO_PG:[0101500175D SHA1                   0                                      300420majorgol03                    INIMX_CARDmajorgol0320210326235743115351<?xml version="1.0" encoding="UTF-8"?>
<INIpay>
	  <CancelInfo>
	    <SessionKey>FYmtfC4+Q/naKb0UESw3sxApuiSpPadM4jFSl4H4PZ3ZXbTvFuNM1yPlWEpDoR53
dV3L9uWjX9UF+591DlV1h9IOGo+m8hd4aLZMzLey6LmeolefJi81BIJTnPD1BBOy
iB+bc3C3uVspCzF/GVFMQi9eLSYsu1dmI5DZamYP+JMsbvbpGiYbww==
</SessionKey>
	    <Encrypted>WLjuYyq75eHK9xKuRBbs30Oc8M3oZhSeAH2ZhBTOZZBTUkBX1Xn0U+iaBOIxb/Mn
zndRKCJCJmWRKw0S3SjSrBR0ROTEI/FEP9vIAnuaLTR1ImmUK8BTf7aOoLheEFlv
gPOfvixxEzD78GUfW+u72NcYMCWzthGd+jIPo1xgrDMP29j+V4g67FqkhdQh3TiQ
6g1JyqtYFdgEjngJ+A1g7caQB4MR1XezDE6ois0JmAo8l0Zl41pf48Py1R78366u
iDy9IYlhtYUW5xrMdXDkpY7YIFFcdZK5VCn57HbPfkz4ATKN054zU/o89wsz5YXj
RDTvFl19/vTLOfNpyGN+EnWOsaPruuCOPzgP6xZrlSdmclCiOMIMbs00aXzZTfvP
ictLLU5ckyQ=
</Encrypted></CancelInfo>
	  <ReservedInfo>
	    <MReserved1/>
	    <MReserved2/>
	    <MReserved3/></ReservedInfo>
	  <ManageInfo>
	    <Language/>
	    <URL/>
	    <TXVersion>5036B141209canceLinux     PHPchkfake   2.6.32-754.11.1.el6.x86_64PHP:</TXVersion>
	    <TXUserID/>
	    <TXRegNum/></ManageInfo></INIpay>AN5w0vG8xfb4o9D0CLnmg6k95al34iztA+T5dGf2EfUVYQI+ZX9JBGGJwkwvZVfO
N8qyOYtAsHV/Kbd/5HpoAxSKbD6Xb8FsBlo4rUKYn8AnnUMIQ7x8acBa4g4PdlVY
L454LcOEzmHE5knueqYogmxKFh3+Jg7jJ96dhMLBKGcn
]
INFO	[2021-03-27 15:23:39:39] <13575> DNS LOOKUP OK(203.238.37.3:203.238.37.3:34049) laptime:0
INFO	[2021-03-27 15:23:39:42] <13575> SOCKET CONNECT OK
INFO	[2021-03-27 15:23:39:42] <13575> SEND OK
INFO	[2021-03-27 15:23:39:498] <13575> RECV OK
INFO	[2021-03-27 15:23:39:498] <13575> MSG_FROM_PG:[0093300175D SHA1                   0                                      300430majorgol03                    INIMX_CARDmajorgol0320210326235743115351<?xml version="1.0" encoding="UTF-8"?><INIpay>
<CancelInfo>
<ResultCode>120000</ResultCode>
<ResultMsg urlencode="1">%C1%A4%BB%F3%C3%B3%B8%AE%B5%C7%BE%FA%BD%C0%B4%CF%B4%D9.</ResultMsg>
<SessionKey>AN6rfTUA7/SdZ2lYIxR0EkONwUYL7hLoPDM2bTMeLmvQ8ZkBVZIgqmY/HfBKRa42
+sDgi6LzxbBj+pg6Df31HO8wKxEtX178yDr2phSM7bafF8CLQEa+XgOd9JVQneme
4BPigOIfKhOvf80+monMYGFRAUaW+1yCaP3FRribARIXaUSoB2nEq9Y=
</SessionKey>
<Encrypted>G2o2w4RMo3iOszlcao2rlb3QsgD6Ud2MRaIeXTvaO+HJ+JURUEUc++Iyw3QK9A77
JgKtbVpaUgB0jXoVlM09zIFiTNiSZ4cvLI8bVfiu0elS/H98kEnbkCi7KAwiYbLW
8oaRHshco3jqaSNEg39R88PUXELYUID1P/bL9rF0BLHMU/5wVlbD+uJuzMyl/eA2
J1ubV8LcFBtplSI0SnKoGhegTeeuZjTJZWOnOB7vsU91nbgz/glgiMPKRlCrnT3Q
I3eeuwHz1ZyC2bXKDciQOVtO9u/JQDGd6dnvG+nU4OgcKvYhDmuZnF3m4RADUzH2
rMmPfpcBnrebL0ScsEXxaBXnzCI1J9Iq
</Encrypted>
</CancelInfo>
<ManageInfo/>
<ReservedInfo>
<MReserved1 urlencode="1"/>
<MReserved2 urlencode="1"/>
<MReserved3 urlencode="1"/>
</ReservedInfo>
</INIpay>
nnGlbnkAsIf3aVfqTlZpKhkmX+BVhxP9/E5mwLDUADgBCwAuAOyNH9900IejEqYA
vRk4ie8kxQo6BsjqSMfASH6ppNqanROl2ILJWBUSLtHY57ecoxhgSV6tbJuo7Pl4
6ONXLW47zMUyK/RkSegaBFEGCxAntk7pV3z9mpOVtFY=
]
INFO	[2021-03-27 15:23:39:498] <13575> VERIFY OK
INFO	[2021-03-27 15:23:39:498] <13575> PARSE HEAD OK
INFO	[2021-03-27 15:23:39:498] <13575> PARSE BODY OK
INFO	[2021-03-27 15:23:39:499] <13575> DECRYPT OK
DEBUG	[2021-03-27 15:23:39:499] <13575> DECRYPT MSG:[<?xml version="1.0" encoding="UTF-8"?><CancelInfo>
<CancelDate>20210327</CancelDate>
<CancelTime>152340</CancelTime>
<ResultCode>120000</ResultCode>
<ResultMsg urlencode="1">%C1%A4%BB%F3%C3%B3%B8%AE%B5%C7%BE%FA%BD%C0%B4%CF%B4%D9.</ResultMsg>
</CancelInfo>]
INFO	[2021-03-27 15:23:39:499] <13575> DECRYPT PARSE OK
INFO	[2021-03-27 15:23:39:499] <13575> END cancel 정상처리되었습니다. Laptime:[0.462sec]
INFO	[2021-03-27 15:23:39:499] <13575> ===============================================================
INFO	[2021-03-27 22:57:48:81] <17699> START INIPHP cancel (V5036-141209)(OS:Linux2.6.32-754.11.1.el6.x86_64,PHP:5.3.3)
DEBUG	[2021-03-27 22:57:48:81] <17699> inipayhome:/home1/killdeal/public_html/shop/inicis
DEBUG	[2021-03-27 22:57:48:81] <17699> debug:false
DEBUG	[2021-03-27 22:57:48:81] <17699> type:cancel
DEBUG	[2021-03-27 22:57:48:81] <17699> mid:majorgol03
DEBUG	[2021-03-27 22:57:48:81] <17699> admin:1111
DEBUG	[2021-03-27 22:57:48:81] <17699> tid:INIMX_CARDmajorgol0320210327224316465623
DEBUG	[2021-03-27 22:57:48:81] <17699> cancelmsg:주문자 본인 취소-상품옵션 선택 잘못함
INFO	[2021-03-27 22:57:48:81] <17699> Check Field OK
INFO	[2021-03-27 22:57:48:81] <17699> PI PUB KEY LOAD OK []
INFO	[2021-03-27 22:57:48:82] <17699> PG PUB KEY LOAD OK [30]
INFO	[2021-03-27 22:57:48:82] <17699> MERCHANT PRIV KEY LOAD OK
INFO	[2021-03-27 22:57:48:82] <17699> MERCHANT PUB KEY LOAD OK [0]
DEBUG	[2021-03-27 22:57:48:82] <17699> MAKE ENCRYPT OK[<?xml version="1.0" encoding="UTF-8"?>
<CancelInfo>
	  <CancelTID>INIMX_CARDmajorgol0320210327224316465623</CancelTID>
	  <CancelMsg urlencode="1">%C1%D6%B9%AE%C0%DA+%BA%BB%C0%CE+%C3%EB%BC%D2-%BB%F3%C7%B0%BF%C9%BC%C7+%BC%B1%C5%C3+%C0%DF%B8%F8%C7%D4</CancelMsg>
	  <CancelReason/></CancelInfo>]
INFO	[2021-03-27 22:57:48:82] <17699> MAKE BODY OK
INFO	[2021-03-27 22:57:48:83] <17699> SIGN OK
INFO	[2021-03-27 22:57:48:83] <17699> MAKE HEAD OK
INFO	[2021-03-27 22:57:48:83] <17699> MSG_TO_PG:[0101500175D SHA1                   0                                      300420majorgol03                    INIMX_CARDmajorgol0320210327224316465623<?xml version="1.0" encoding="UTF-8"?>
<INIpay>
	  <CancelInfo>
	    <SessionKey>QquoDnW5tfQunsuhEghCKPxXFyK/vGRB60b1GjPw6IdSkVp1jp0ESmW4DF+c+Ay8
CP76WV9PkgrlWV1xgljiWO6Krx9Y5/982OZF6Y1UntICQDv3qOL4VyyNzMXyoGbB
o161OHxFOy11JsCa4Sv436DPov6SvNE1KC0qtd2lX+RyvowkpeFW9Q==
</SessionKey>
	    <Encrypted>crc/zJ4peGJsRMyFR63DsPRMcxgk+x5QRsjIE33ymxT3saKpkkHDx7BjI1IdEt1n
rq/OuBDIMbGYiVaY+W4Pz8HGZo3WMmaJS0Ei6c8omxAH2DkN45lLB5rP0YO0UdmJ
VMKAL9uK1wWi21qkluMxmJGmZ0YyaSi064hxd9Gnyur9RCtpNADC2iMOn5HHsg76
vZXJildzvqPiNqy1quUz7IA6J6JWWKieosDTqa+exS3pE4n82B6914eeLDIsCjoC
SEXNJk8rG8s65n3BnhBx/MDFIMziHVhwxJ6M+P3hO4CQCTbn8FS/spJjRFr+05bl
QX9Nls3x+/pPw67D44KLkoQJtZ7VzX73cIiwIl8riKzgSiK0kenJoP01Z2EJWXp/
VPcuyrLx/HI=
</Encrypted></CancelInfo>
	  <ReservedInfo>
	    <MReserved1/>
	    <MReserved2/>
	    <MReserved3/></ReservedInfo>
	  <ManageInfo>
	    <Language/>
	    <URL/>
	    <TXVersion>5036B141209canceLinux     PHPchkfake   2.6.32-754.11.1.el6.x86_64PHP:</TXVersion>
	    <TXUserID/>
	    <TXRegNum/></ManageInfo></INIpay>AKzL8xl7OWzRuWPxoUJ406xOsSi7AcgYJpO9HQd+G0fmPyCt0lW+2yOtQg5X+65A
5ASPJjBNQYZybLvBY9AnVaefcHTQ74hebwrgN3y/m7QWIUCulRo9r/yffrho1Nnt
gNmI2oBu8EiGoCUKMe+0HWe+/Ad5lfBLqrhP7LFi0Apr
]
INFO	[2021-03-27 22:57:48:83] <17699> DNS LOOKUP OK(203.238.37.3:203.238.37.3:34049) laptime:0
INFO	[2021-03-27 22:57:48:86] <17699> SOCKET CONNECT OK
INFO	[2021-03-27 22:57:48:86] <17699> SEND OK
INFO	[2021-03-27 22:57:48:772] <17699> RECV OK
INFO	[2021-03-27 22:57:48:772] <17699> MSG_FROM_PG:[0093300175D SHA1                   0                                      300430majorgol03                    INIMX_CARDmajorgol0320210327224316465623<?xml version="1.0" encoding="UTF-8"?><INIpay>
<CancelInfo>
<ResultCode>120000</ResultCode>
<ResultMsg urlencode="1">%C1%A4%BB%F3%C3%B3%B8%AE%B5%C7%BE%FA%BD%C0%B4%CF%B4%D9.</ResultMsg>
<SessionKey>AAFXb5t8r12m+10iP+Pst6MDx5bpgbk5oIJ5ASsdor+225vAiYklc1pkg7pcQQOg
vixW/HMpALolHbGzFz74AqmOnVIaTJuJSMcp5iiC5J8YnkdjqG4nza/RC2qUg4HK
f8/jPDJ+DOtl9cUg4fTYieewrYe0VrdJOGi1azHcDw2bsfwCDeSdjRQ=
</SessionKey>
<Encrypted>eB7PkyIyqOz0RPDA9FcLfY0nBByYF0QiRzjMkK133Xea1CsYQGZhzf83pXnBWtxX
Q2Bh/XWvzFotBHFe9xyu/CEWrwEwgcSLsZ4uhK3J/5QmUDjkf42MANjKhtCTaz/Q
0ExhwM1wh5WeXcXdV0OcKrtSlLOI53eYLiVU1YaAJuS8XjWNTZbRlu3S0tPDo952
4D0VPuoeMqjGbZAhVrfcT+u/sNJORtEgjOSVRC2q9RRhWN3HfslSHcSbHOuFO5s2
8dc3MI4AfLDEKeYe/conVDyJCI0LwT114Zb/c3i4TUWpeZsyZcMIXsh5aUg0pbi8
IOsDguIoS/JKKMYKw038gmUN8jgLypbM
</Encrypted>
</CancelInfo>
<ManageInfo/>
<ReservedInfo>
<MReserved1 urlencode="1"/>
<MReserved2 urlencode="1"/>
<MReserved3 urlencode="1"/>
</ReservedInfo>
</INIpay>
wUsrBn6Lvy5xYRgXT+W2/0UgCkb+bgytXG9uCgIEeu/aT8JLh6hAQg5rasll8Y8R
jJotFJa/StYAEDBov98g2d8+F39tRpHWOLGL89GYtHSsX7R3AZXmtM5fZVosbYoE
g5JHEJ7ITFmG2+UqpFAMhov+VEaINftakKB6vwLqlfY=
]
INFO	[2021-03-27 22:57:48:772] <17699> VERIFY OK
INFO	[2021-03-27 22:57:48:772] <17699> PARSE HEAD OK
INFO	[2021-03-27 22:57:48:772] <17699> PARSE BODY OK
INFO	[2021-03-27 22:57:48:773] <17699> DECRYPT OK
DEBUG	[2021-03-27 22:57:48:773] <17699> DECRYPT MSG:[<?xml version="1.0" encoding="UTF-8"?><CancelInfo>
<CancelDate>20210327</CancelDate>
<CancelTime>225749</CancelTime>
<ResultCode>120000</ResultCode>
<ResultMsg urlencode="1">%C1%A4%BB%F3%C3%B3%B8%AE%B5%C7%BE%FA%BD%C0%B4%CF%B4%D9.</ResultMsg>
</CancelInfo>]
INFO	[2021-03-27 22:57:48:773] <17699> DECRYPT PARSE OK
INFO	[2021-03-27 22:57:48:773] <17699> END cancel 정상처리되었습니다. Laptime:[0.692sec]
INFO	[2021-03-27 22:57:48:773] <17699> ===============================================================
