INFO	[2020-12-15 11:30:41:294] <17656> START INIPHP cancel (V5036-141209)(OS:Linux2.6.32-754.11.1.el6.x86_64,PHP:5.3.3)
DEBUG	[2020-12-15 11:30:41:294] <17656> inipayhome:/home1/killdeal/public_html/shop/inicis
DEBUG	[2020-12-15 11:30:41:294] <17656> debug:false
DEBUG	[2020-12-15 11:30:41:294] <17656> type:cancel
DEBUG	[2020-12-15 11:30:41:294] <17656> mid:majorgol03
DEBUG	[2020-12-15 11:30:41:294] <17656> admin:1111
DEBUG	[2020-12-15 11:30:41:294] <17656> tid:INIMX_CARDmajorgol0320201207180020295085
DEBUG	[2020-12-15 11:30:41:294] <17656> cancelmsg:쇼핑몰 운영자 승인 취소
INFO	[2020-12-15 11:30:41:294] <17656> Check Field OK
INFO	[2020-12-15 11:30:41:294] <17656> PI PUB KEY LOAD OK []
INFO	[2020-12-15 11:30:41:295] <17656> PG PUB KEY LOAD OK [30]
INFO	[2020-12-15 11:30:41:295] <17656> MERCHANT PRIV KEY LOAD OK
INFO	[2020-12-15 11:30:41:295] <17656> MERCHANT PUB KEY LOAD OK [0]
DEBUG	[2020-12-15 11:30:41:296] <17656> MAKE ENCRYPT OK[<?xml version="1.0" encoding="UTF-8"?>
<CancelInfo>
	  <CancelTID>INIMX_CARDmajorgol0320201207180020295085</CancelTID>
	  <CancelMsg urlencode="1">%BC%EE%C7%CE%B8%F4+%BF%EE%BF%B5%C0%DA+%BD%C2%C0%CE+%C3%EB%BC%D2</CancelMsg>
	  <CancelReason/></CancelInfo>]
INFO	[2020-12-15 11:30:41:296] <17656> MAKE BODY OK
INFO	[2020-12-15 11:30:41:296] <17656> SIGN OK
INFO	[2020-12-15 11:30:41:296] <17656> MAKE HEAD OK
INFO	[2020-12-15 11:30:41:296] <17656> MSG_TO_PG:[0096200175D SHA1                   0                                      300420majorgol03                    INIMX_CARDmajorgol0320201207180020295085<?xml version="1.0" encoding="UTF-8"?>
<INIpay>
	  <CancelInfo>
	    <SessionKey>qfUhZjXtMIWCr82qzQnP18JOvoShvq8mFWUOaoO7hjvooa9sM+QIAcns62aJViEI
6qGs5fyRWjBoLHg8CiXeMMO0HGIjGZZtvidyZkgEVvI3xeIK8itFkCA+PuRI4Vxo
ufcL9wg4S6qtxZ/Z8pvS/huHZn1xOSSs2YoIgJ4dne3qbboAVgICBQ==
</SessionKey>
	    <Encrypted>VSftTOAC0dcpPhc6t6ayWKIVFiRBt3wLTNvqKd1HMCRrc/mzhetbgDrJ2DWSiMRZ
1Ja1DG5AUUoXYBVvASYODyF12Qw47ePYMLUjZDbbJY817fAskqyN9j8MwDxi1l3U
uLa6W0T89XzMiYXZfnN46W65CPiF++cKcpzx8qeLNCkoQxQ3L18zY9BfmNYONdXJ
bcZq1fChiywd1UIzhhUABma5uDClEieqVSgllrlwTvADAHZFvgPAfKVyhk+DAgSK
DSR7oH315EZkJQi5Wvx95x6FAe2tUqbinyAQhUPDL/x9YdxcnLZ8YsGFHkOZhI1S
kNG+ILGinzkHoqhk4Ih1aw==
</Encrypted></CancelInfo>
	  <ReservedInfo>
	    <MReserved1/>
	    <MReserved2/>
	    <MReserved3/></ReservedInfo>
	  <ManageInfo>
	    <Language/>
	    <URL/>
	    <TXVersion>5036B141209canceLinux     PHPchkfake   2.6.32-754.11.1.el6.x86_64PHP:</TXVersion>
	    <TXUserID/>
	    <TXRegNum/></ManageInfo></INIpay>AN+rM2TrXaPK+jIIZBE419eImUr0m2zIKEQGBkIc37XNrDuyEzOnEP9+jcFi4QLK
tg1KfYTB5vnKF1QJMIrcfTQr7HFHEjQ2fN6ZlOs2mwszmtqFArZxX8tB169Ro8Y9
v5TW8SonKtF8JEujqPsUUMqjARZBwiH2jUQyy9E1D9lW
]
INFO	[2020-12-15 11:30:41:296] <17656> DNS LOOKUP OK(203.238.37.3:203.238.37.3:34049) laptime:0
INFO	[2020-12-15 11:30:41:299] <17656> SOCKET CONNECT OK
INFO	[2020-12-15 11:30:41:299] <17656> SEND OK
INFO	[2020-12-15 11:30:41:760] <17656> RECV OK
INFO	[2020-12-15 11:30:41:760] <17656> MSG_FROM_PG:[0115800175D SHA1                   0                                      300430majorgol03                    INIMX_CARDmajorgol0320201207180020295085<?xml version="1.0" encoding="UTF-8"?>
<INIpay>
  <CancelInfo>
    <ResultCode>120000</ResultCode>
    <ResultMsg urlencode="1">%C1%A4%BB%F3%C3%B3%B8%AE%B5%C7%BE%FA%BD%C0%B4%CF%B4%D9.</ResultMsg>
    <SessionKey>AGRwnIMfHn5ervN0+0McxLrqFwY+gM7c3SoXjfwyu2jScrI7aoQC0oAYg7XmCAfo
xVehEMk870XrSge0xdh4mCQ/sCiVfeP1Oh3sRGJhy/c1jazondsYchy3yCrxLn1G
KbTqfocdo3/zYgWdTiFcp/S9PV45w7iC5x8fFNZMYDX5lZpAMl0174w=
</SessionKey>
    <Encrypted>g29GpNzWYwUTeHBeBiLYhDY8iIsjcZCM3QB/qZwOQcXT+BXYaQi/kYsoJ4n2RNGK
FWwJk0gFjaXMNZRFNyMzkrTnzzmZ8gfIaeFUpQNT+3w7HKZqscGA+hmqfFJWzKK9
ffnOgWvgFZWtMSSxo6FXNTLX2izredio1nmvKGSd2Qpu+jLdq4JaPz5SihPYXoug
83XtJLE8wDmI85lu8RVcngWIZPqpF8VTSopew8jC3//0bEMFe4eBeR3zRvm/Arq+
lXODjxe38i4GFIHFBswDBzV5/TKvquEhCEvNIaX3cNjFcnbphUbSB7sPpiTYJXVm
AQGFIpq8bO9A/uhDvT+tFpfSGq8RU6iEHKG68scbFVM=
</Encrypted>
  </CancelInfo>
  <ManageInfo/>
  <ReservedInfo>
    <MReserved1 urlencode="1"></MReserved1>
    <MReserved2 urlencode="1"></MReserved2>
    <MReserved3 urlencode="1"></MReserved3>
    <PGReserved1 urlencode="1"></PGReserved1>
    <PGReserved2 urlencode="1"></PGReserved2>
    <PGReserved3 urlencode="1"></PGReserved3>
  </ReservedInfo>
</INIpay>
MQK3NwugC2Q9/fUxzDVPr5kkM4jl3w4SYw5Mc5EGGO+w6PZxqT0Zic1RF287POGQ
My9jIMFsjtZzkaO8tNMdw5c4M02GFdc8Fcqenojdd1yat6R5EJlJS1yW1GQhcCxb
Z61iJ4Mz6GlSL88Txeh32dKfkMJjLs76mNmh1T54x7s=
]
INFO	[2020-12-15 11:30:41:760] <17656> VERIFY OK
INFO	[2020-12-15 11:30:41:760] <17656> PARSE HEAD OK
INFO	[2020-12-15 11:30:41:761] <17656> PARSE BODY OK
INFO	[2020-12-15 11:30:41:761] <17656> DECRYPT OK
DEBUG	[2020-12-15 11:30:41:761] <17656> DECRYPT MSG:[<?xml version="1.0" encoding="UTF-8"?>
<CancelInfo>
  <CancelDate>20201215</CancelDate>
  <CancelTime>113041</CancelTime>
  <ResultCode>120000</ResultCode>
  <ResultMsg urlencode="1">%C1%A4%BB%F3%C3%B3%B8%AE%B5%C7%BE%FA%BD%C0%B4%CF%B4%D9.</ResultMsg>
</CancelInfo>]
INFO	[2020-12-15 11:30:41:761] <17656> DECRYPT PARSE OK
INFO	[2020-12-15 11:30:41:761] <17656> END cancel 정상처리되었습니다. Laptime:[0.467sec]
INFO	[2020-12-15 11:30:41:761] <17656> ===============================================================
INFO	[2020-12-15 13:11:21:255] <22048> START INIPHP cancel (V5036-141209)(OS:Linux2.6.32-754.11.1.el6.x86_64,PHP:5.3.3)
DEBUG	[2020-12-15 13:11:21:255] <22048> inipayhome:/home1/killdeal/public_html/shop/inicis
DEBUG	[2020-12-15 13:11:21:255] <22048> debug:false
DEBUG	[2020-12-15 13:11:21:255] <22048> type:cancel
DEBUG	[2020-12-15 13:11:21:255] <22048> mid:majorgol03
DEBUG	[2020-12-15 13:11:21:255] <22048> admin:1111
DEBUG	[2020-12-15 13:11:21:255] <22048> tid:StdpayCARDmajorgol0320201202122524935681
DEBUG	[2020-12-15 13:11:21:255] <22048> cancelmsg:쇼핑몰 운영자 승인 취소
INFO	[2020-12-15 13:11:21:255] <22048> Check Field OK
INFO	[2020-12-15 13:11:21:255] <22048> PI PUB KEY LOAD OK []
INFO	[2020-12-15 13:11:21:256] <22048> PG PUB KEY LOAD OK [30]
INFO	[2020-12-15 13:11:21:256] <22048> MERCHANT PRIV KEY LOAD OK
INFO	[2020-12-15 13:11:21:256] <22048> MERCHANT PUB KEY LOAD OK [0]
DEBUG	[2020-12-15 13:11:21:256] <22048> MAKE ENCRYPT OK[<?xml version="1.0" encoding="UTF-8"?>
<CancelInfo>
	  <CancelTID>StdpayCARDmajorgol0320201202122524935681</CancelTID>
	  <CancelMsg urlencode="1">%BC%EE%C7%CE%B8%F4+%BF%EE%BF%B5%C0%DA+%BD%C2%C0%CE+%C3%EB%BC%D2</CancelMsg>
	  <CancelReason/></CancelInfo>]
INFO	[2020-12-15 13:11:21:257] <22048> MAKE BODY OK
INFO	[2020-12-15 13:11:21:257] <22048> SIGN OK
INFO	[2020-12-15 13:11:21:257] <22048> MAKE HEAD OK
INFO	[2020-12-15 13:11:21:257] <22048> MSG_TO_PG:[0096200175D SHA1                   0                                      300420majorgol03                    StdpayCARDmajorgol0320201202122524935681<?xml version="1.0" encoding="UTF-8"?>
<INIpay>
	  <CancelInfo>
	    <SessionKey>U7FAUpvAtA3zhwJ1kbXKIg6FVfzGW8dgRLQdiEVzWQHLi7KnR4kfpQ+BQozafbtH
b3RFNPoMCVdCo3Hc2mmAjxejS8mmYlLzzQxyDoxYaLV+1EAXEL376bF1sdFQkkMx
rPG8xKO+357iLotKqZbd5b6sIe/gTGRApOF4JzNvr0AyMM1ichWZCw==
</SessionKey>
	    <Encrypted>7SZBm6HCZ/I4DuzmIONlY/VK92u07vtxetnMAUWhFM/24m+pzdxjvF+053ad2Aim
l3cjYPHzVLklqqnYYQeTDTex2qjqZLx4kuVXiBPwYrDj+wl7IZaHcwjXsD9OnIqN
4Q4tvi+Go2gAruKGenbrS7UGwo/VbVOm9yvMJU21HBmc3owIs04JrZDheqqH0H0v
GlltnQP6R0PJK+HrQVt8jt1LC8420+ugpxrl2TlkFd4tMJgkvc5eoQbA1mTclU7i
p/qUeSncpvVwu75w+LselxuFwTtNxaNSbhQP/0Ihnek/5NLT3tIFauITHWhvRBTp
X89Xt1+LUS5urLlEnfGJ6g==
</Encrypted></CancelInfo>
	  <ReservedInfo>
	    <MReserved1/>
	    <MReserved2/>
	    <MReserved3/></ReservedInfo>
	  <ManageInfo>
	    <Language/>
	    <URL/>
	    <TXVersion>5036B141209canceLinux     PHPchkfake   2.6.32-754.11.1.el6.x86_64PHP:</TXVersion>
	    <TXUserID/>
	    <TXRegNum/></ManageInfo></INIpay>ACdKbSd1+e7Pxxgi8laFNIwurcI9fFW8/ybmrzYq8D5Eu7FNHbaRnt6k/TS1RIFw
jwGNiskaKPVVfv7uhf7Gk+43WEpz9AXJN+Z9mHeXg2SdtDP9uR2OOLdrHJd1t1hD
MnAiQxMhSXrVf0S2M0JtGxhcELNIXdS5CtqpwN1rd4ov
]
INFO	[2020-12-15 13:11:21:257] <22048> DNS LOOKUP OK(203.238.37.3:203.238.37.3:34049) laptime:0
INFO	[2020-12-15 13:11:21:259] <22048> SOCKET CONNECT OK
INFO	[2020-12-15 13:11:21:259] <22048> SEND OK
INFO	[2020-12-15 13:11:21:785] <22048> RECV OK
INFO	[2020-12-15 13:11:21:785] <22048> MSG_FROM_PG:[0115800175D SHA1                   0                                      300430majorgol03                    StdpayCARDmajorgol0320201202122524935681<?xml version="1.0" encoding="UTF-8"?>
<INIpay>
  <CancelInfo>
    <ResultCode>120000</ResultCode>
    <ResultMsg urlencode="1">%C1%A4%BB%F3%C3%B3%B8%AE%B5%C7%BE%FA%BD%C0%B4%CF%B4%D9.</ResultMsg>
    <SessionKey>AOhdXUHHQr1CnUx1TaTdYoqFk0N4QGpKPBtnPKEr3+SRbjujR2JOdY+UOeylbZg2
ZbXKW7y11xvrg/Z807CqTdlCy/xmhG2jdzqY6j6L0CSwMfUaCghOVe2zHoywJg+R
dC0nTEU1bd7l01EB6Nf1h1wvsj/LiLLo7XtnwjLOLVyFCJqzZHEnlHs=
</SessionKey>
    <Encrypted>sWyoLdQZ9e4M45oE30C7/xZFZcKHQWoI0kox3FRWkdteBGRhIA556sU/7FpTkOSo
hRUxwb45BSjRUVQg7Qe3z5fXIA2W3smYjXQr9+yLHiHWLkAeXErAOoLsiUODlf/j
1qtE/CINE3B6yV62V7JFPdzWVJ+iKmOyDpUHFAJwXblm8iPAKH4eY2hR89hTu+F8
y8JKlV7DJFdMeZPqFy6GEG8arZTL7FmbnM5l4agsZPYcLaWYldY0xbO3J0jaID4G
25RAObrLiQBH1OYqdWY0XSiz0MvZNxjgmGVejM5OLrQSffg4MI7xFuUwxK5cs+Bg
bnIT8OKxK/GJaiCrOfgaW75PLnLfixkVQBSGWiMWpTU=
</Encrypted>
  </CancelInfo>
  <ManageInfo/>
  <ReservedInfo>
    <MReserved1 urlencode="1"></MReserved1>
    <MReserved2 urlencode="1"></MReserved2>
    <MReserved3 urlencode="1"></MReserved3>
    <PGReserved1 urlencode="1"></PGReserved1>
    <PGReserved2 urlencode="1"></PGReserved2>
    <PGReserved3 urlencode="1"></PGReserved3>
  </ReservedInfo>
</INIpay>
n5iuIxshWcjiAaQ0IVWMfrRTVK6SBo2ilvqOhREgLt0iid0/R3qePyVRLqP6XRp6
yXcrHSTk3+cNanP+5hm2p9p2/EPA4gtXrbmODtbTVe0IRm1b393eUHCI+rxsnJHa
LcqfvLwZ4zJLxYSjwlZxr2Z5+ZKV8MFnWzonhre1w8s=
]
INFO	[2020-12-15 13:11:21:785] <22048> VERIFY OK
INFO	[2020-12-15 13:11:21:786] <22048> PARSE HEAD OK
INFO	[2020-12-15 13:11:21:786] <22048> PARSE BODY OK
INFO	[2020-12-15 13:11:21:786] <22048> DECRYPT OK
DEBUG	[2020-12-15 13:11:21:786] <22048> DECRYPT MSG:[<?xml version="1.0" encoding="UTF-8"?>
<CancelInfo>
  <CancelDate>20201215</CancelDate>
  <CancelTime>131121</CancelTime>
  <ResultCode>120000</ResultCode>
  <ResultMsg urlencode="1">%C1%A4%BB%F3%C3%B3%B8%AE%B5%C7%BE%FA%BD%C0%B4%CF%B4%D9.</ResultMsg>
</CancelInfo>]
INFO	[2020-12-15 13:11:21:787] <22048> DECRYPT PARSE OK
INFO	[2020-12-15 13:11:21:787] <22048> END cancel 정상처리되었습니다. Laptime:[0.531sec]
INFO	[2020-12-15 13:11:21:787] <22048> ===============================================================
INFO	[2020-12-15 14:04:36:316] <17795> START INIPHP cancel (V5036-141209)(OS:Linux2.6.32-754.11.1.el6.x86_64,PHP:5.3.3)
DEBUG	[2020-12-15 14:04:36:316] <17795> inipayhome:/home1/killdeal/public_html/shop/inicis
DEBUG	[2020-12-15 14:04:36:316] <17795> debug:false
DEBUG	[2020-12-15 14:04:36:316] <17795> type:cancel
DEBUG	[2020-12-15 14:04:36:316] <17795> mid:majorgol03
DEBUG	[2020-12-15 14:04:36:316] <17795> admin:1111
DEBUG	[2020-12-15 14:04:36:316] <17795> tid:INIMX_ISP_majorgol0320201206220943675007
DEBUG	[2020-12-15 14:04:36:316] <17795> cancelmsg:쇼핑몰 운영자 승인 취소
INFO	[2020-12-15 14:04:36:316] <17795> Check Field OK
INFO	[2020-12-15 14:04:36:316] <17795> PI PUB KEY LOAD OK []
INFO	[2020-12-15 14:04:36:317] <17795> PG PUB KEY LOAD OK [30]
INFO	[2020-12-15 14:04:36:317] <17795> MERCHANT PRIV KEY LOAD OK
INFO	[2020-12-15 14:04:36:317] <17795> MERCHANT PUB KEY LOAD OK [0]
DEBUG	[2020-12-15 14:04:36:317] <17795> MAKE ENCRYPT OK[<?xml version="1.0" encoding="UTF-8"?>
<CancelInfo>
	  <CancelTID>INIMX_ISP_majorgol0320201206220943675007</CancelTID>
	  <CancelMsg urlencode="1">%BC%EE%C7%CE%B8%F4+%BF%EE%BF%B5%C0%DA+%BD%C2%C0%CE+%C3%EB%BC%D2</CancelMsg>
	  <CancelReason/></CancelInfo>]
INFO	[2020-12-15 14:04:36:317] <17795> MAKE BODY OK
INFO	[2020-12-15 14:04:36:318] <17795> SIGN OK
INFO	[2020-12-15 14:04:36:318] <17795> MAKE HEAD OK
INFO	[2020-12-15 14:04:36:318] <17795> MSG_TO_PG:[0096200175D SHA1                   0                                      300420majorgol03                    INIMX_ISP_majorgol0320201206220943675007<?xml version="1.0" encoding="UTF-8"?>
<INIpay>
	  <CancelInfo>
	    <SessionKey>stZ1CqMuF+poleI0GJqUNPYEXwDtrHoDXAc0SRcf0F03FDH5s2xb7c85oLTA2Wfv
46rQY12f+3892l0vOeBJJUuyGOx6QxMsjvdC3ncb+ST50axbz28PY2iwguQj8iuE
zL7lZFdwn3q6GkbKBT/4/NJL/GXyA2b1652aybdQmg36taRFdFrfXg==
</SessionKey>
	    <Encrypted>/uLcCsffc/JdYTEKPTt1emnNqlg3jfVIIbTR+LCMVWLUrTPPSLkKcK5SnnIUXhT1
7MzZWPXe9jf7gXhfjiTviDN7C3cX9Xz4zSBBAr/e5nC1gmzGN9vZ8k85tjYl1RcL
57ek0crZRRye7eXHjiCzR6fVCFPASfFnDAJTDrdereaTOE6o2jmgjAOxUXZy/8+k
C72fcwcb6ho15we/Xy6Z+XBe0HcRm1TG8xS4NulmQM+bxcpW+sysActrqkrGBPq5
pVuX7KDJwscQdSGrRIpEOEqOQ10W949LLgPU6cpfjLqCpN51I82b7kxoPNO8VlU5
mVrzZeRbJdKFQpAQyb7N6Q==
</Encrypted></CancelInfo>
	  <ReservedInfo>
	    <MReserved1/>
	    <MReserved2/>
	    <MReserved3/></ReservedInfo>
	  <ManageInfo>
	    <Language/>
	    <URL/>
	    <TXVersion>5036B141209canceLinux     PHPchkfake   2.6.32-754.11.1.el6.x86_64PHP:</TXVersion>
	    <TXUserID/>
	    <TXRegNum/></ManageInfo></INIpay>ARm8kcLqGrB7o2DKok66eZKQht6s0f7u3n5vceF2RJjeYZ9Ipm8vDJMIVS0pVc0I
g14kz+7G5Uz+FuQiJQ6axuQYr2FkNmhl1zfLs2SxsP1PX9iuHVJ+3Ah47mhoO8Nn
SNIBsK+Ddz++hkn6ZsBY01t+eO4qDfdcNOQtFBj/5UMj
]
INFO	[2020-12-15 14:04:36:318] <17795> DNS LOOKUP OK(203.238.37.3:203.238.37.3:34049) laptime:0
INFO	[2020-12-15 14:04:36:320] <17795> SOCKET CONNECT OK
INFO	[2020-12-15 14:04:36:320] <17795> SEND OK
INFO	[2020-12-15 14:04:36:619] <17795> RECV OK
INFO	[2020-12-15 14:04:36:619] <17795> MSG_FROM_PG:[0108200175D SHA1                   0                                      300430majorgol03                    INIMX_ISP_majorgol0320201206220943675007<?xml version="1.0" encoding="UTF-8"?>
<INIpay>
  <CancelInfo>
    <ResultCode>170000</ResultCode>
    <ResultMsg urlencode="1">%C1%A4%BB%F3%BF%CF%B7%E1</ResultMsg>
    <SessionKey>AA89GXp9wx/n69RtOBXKffuI3wfj9rcSr3NrLyGaeP4JXWJjO1eN287WOrz3a+rm
oHfCRKmuRQgbhDQexkPUsrrLWiSW87xHKymoBtsmA9hfb21wtV9vKxYsFfVHZSbL
IGxnmUn7QIJK0CmJMil6zZGma1m6E6mn2An4v16A5mEwESh0Gi4QcMA=
</SessionKey>
    <Encrypted>nH+VEZl96AkXwLODQ8tJaOgWGo44XIcUc4X59x3GRvwb0p2XJ+CxtdtgO9eeQXb6
S8TaBr6LMyEnAzAHUwqNVu2I6lFzT8HfOgwLqxpePA19q3HwedLajoLKa4ZE3Ger
GqhKXgdILTT0A44Gn5IOO1KrqGblCVv5bNyj0rq6GgFgVr9DSdxxH55bBaa4SDlX
Xbf+fR86iGa7a+G2Ax6gYvRe5MlwbkxJ0tCHztTazw9AoLHNcnZAQc2TEjM7/Rs1
9NM5K6wzvYD7j8SZUigWZ9jiNHri4vl6jIHUTu6ULDI/yyOFgK2gAnRuZ/cXVqvV
</Encrypted>
  </CancelInfo>
  <ManageInfo/>
  <ReservedInfo>
    <MReserved1 urlencode="1"></MReserved1>
    <MReserved2 urlencode="1"></MReserved2>
    <MReserved3 urlencode="1"></MReserved3>
    <PGReserved1 urlencode="1"></PGReserved1>
    <PGReserved2 urlencode="1"></PGReserved2>
    <PGReserved3 urlencode="1"></PGReserved3>
  </ReservedInfo>
</INIpay>
C3nCrXDz0pyM52IJ9ggzzNXh29miRWnXrikbn3wTPCMNiThnlXfK4QJmeAxWmPh2
n2RRRlPxosACC4s4GMzl0a96g3wjv5aQWBOVBAAY1s6v1LmC+ezyEKZ9+RQPWMpK
i5GDQ9yfV7aSXEOviOfPBwi7139QiURZx0+HoMYUImc=
]
INFO	[2020-12-15 14:04:36:619] <17795> VERIFY OK
INFO	[2020-12-15 14:04:36:619] <17795> PARSE HEAD OK
INFO	[2020-12-15 14:04:36:620] <17795> PARSE BODY OK
INFO	[2020-12-15 14:04:36:620] <17795> DECRYPT OK
DEBUG	[2020-12-15 14:04:36:620] <17795> DECRYPT MSG:[<?xml version="1.0" encoding="UTF-8"?>
<CancelInfo>
  <CancelDate>20201215</CancelDate>
  <CancelTime>140436</CancelTime>
  <ResultCode>170000</ResultCode>
  <ResultMsg urlencode="1">%C1%A4%BB%F3%BF%CF%B7%E1</ResultMsg>
</CancelInfo>]
INFO	[2020-12-15 14:04:36:621] <17795> DECRYPT PARSE OK
INFO	[2020-12-15 14:04:36:621] <17795> END cancel 정상완료 Laptime:[0.305sec]
INFO	[2020-12-15 14:04:36:621] <17795> ===============================================================
