INFO	[2022-08-26 13:36:40:602] <28341> START INIPHP repay (V5036-141209)(OS:Linux2.6.32-754.11.1.el6.x86_64,PHP:5.3.3)
DEBUG	[2022-08-26 13:36:40:602] <28341> inipayhome:/home1/killdeal/public_html/shop/inicis
DEBUG	[2022-08-26 13:36:40:602] <28341> debug:false
DEBUG	[2022-08-26 13:36:40:602] <28341> type:repay
DEBUG	[2022-08-26 13:36:40:602] <28341> pgid:INIphpRPAY
DEBUG	[2022-08-26 13:36:40:602] <28341> subpgip:203.238.3.10
DEBUG	[2022-08-26 13:36:40:602] <28341> mid:majorgol03
DEBUG	[2022-08-26 13:36:40:602] <28341> admin:1111
DEBUG	[2022-08-26 13:36:40:602] <28341> oldtid:INIMX_CARDmajorgol0320220806003544105391
DEBUG	[2022-08-26 13:36:40:602] <28341> currency:WON
DEBUG	[2022-08-26 13:36:40:602] <28341> price:119000
DEBUG	[2022-08-26 13:36:40:602] <28341> confirm_price:80900
DEBUG	[2022-08-26 13:36:40:602] <28341> buyeremail:j6907jin@hanmail.net
DEBUG	[2022-08-26 13:36:40:602] <28341> tax:10818
DEBUG	[2022-08-26 13:36:40:602] <28341> taxfree:0
INFO	[2022-08-26 13:36:40:602] <28341> Check Field OK
INFO	[2022-08-26 13:36:40:602] <28341> Make TID OK INIphpRPAYmajorgol0320220826133640024924
INFO	[2022-08-26 13:36:40:602] <28341> PI PUB KEY LOAD OK []
INFO	[2022-08-26 13:36:40:602] <28341> PG PUB KEY LOAD OK [30]
INFO	[2022-08-26 13:36:40:602] <28341> MERCHANT PRIV KEY LOAD OK
INFO	[2022-08-26 13:36:40:603] <28341> MERCHANT PUB KEY LOAD OK [0]
DEBUG	[2022-08-26 13:36:40:603] <28341> MAKE ENCRYPT OK[<?xml version="1.0" encoding="UTF-8"?>
<PartCancelInfo>
	  <PRTC_TID>INIMX_CARDmajorgol0320220806003544105391</PRTC_TID>
	  <PRTC_Price>119000</PRTC_Price>
	  <PRTC_Remains>80900</PRTC_Remains>
	  <PRTC_Quota/>
	  <PRTC_Interest/>
	  <PRTC_NoAcctFNBC/>
	  <PRTC_NmAcctFNBC/></PartCancelInfo>]
INFO	[2022-08-26 13:36:40:603] <28341> MAKE BODY OK
INFO	[2022-08-26 13:36:40:604] <28341> SIGN OK
INFO	[2022-08-26 13:36:40:604] <28341> MAKE HEAD OK
INFO	[2022-08-26 13:36:40:604] <28341> MSG_TO_PG:[0111800175D SHA1                   0                                      300620majorgol03              119000INIphpRPAYmajorgol0320220826133640024924<?xml version="1.0" encoding="UTF-8"?>
<INIpay>
	  <PartCancelInfo>
	    <SessionKey>Kdc8N75ga9P63Voa5emS2YgcT/1LBPhcepwllf3mH3G0rUvjyA4K9TYnpqGgDyeP
h5/ZQ8Vi4Sf8UQQJaaQNMV7aQE2/i9vjU/ANmE9/FjMw5FzHNHjR191oPZwk8z4m
dR3dOsxEysWImiREMEsxZ8w9iGdOYlcw9y/XuDh1QfnNxt+agJWU7g==
</SessionKey>
	    <Encrypted>GqwScYX75ju/vGsvxJTyvZ/eC5ibBBoQhpok4ewckyJgFe5VmuK09jRIcKT4f6ck
thEIvJyqjrlCUUaJSaRhkKUbaDtcxhnYkndo+tA3tzwI2ZXaJ2CfnE5vn6MOklGY
3ZA4GNE/ajjqkRo1ZP03DRA0y7ANTXQtI2Ag78PikX7TSCSTYYD1cPoFkxlZGofo
ScGk8DXoWelOalEsS9IzdjLnbAkCiUYmPJr6CgJNiYeUeLUKAten3fz/bFw6nMlD
gfQlVQTAeeN240aK8du7CXtvp3lJ/vHE+6RkQ2OKH5xOgzzVeKJSh/ygsn2Kg/0+
JngQdgatjpqZPylwrPCCCk60mznaFL3ah6eMvIpv8FkGth6ob3pCNbkWfR35X74b
h0Vx4wHwjaE=
</Encrypted></PartCancelInfo>
	  <GoodsInfo>
	    <Tax>10818</Tax>
	    <TaxFree/>
	    <Currency>WON</Currency></GoodsInfo>
	  <ReservedInfo>
	    <MReserved1/>
	    <MReserved2/>
	    <MReserved3/></ReservedInfo>
	  <ManageInfo>
	    <Language/>
	    <URL/>
	    <TXVersion>5036B141209repayLinux     PHPchkfake   2.6.32-754.11.1.el6.x86_64PHP:</TXVersion>
	    <TXUserID/>
	    <TXRegNum/></ManageInfo></INIpay>AQMOv/HgTPZzuM+OeNUsS/B/XLDPwPV3SCxKkFOmzTGHITlAeByDg3pWu8sJoU2R
bdd4M6j0kXaGND46FKUv6PLfAjqbE0/X5oypdXjnPfINKAP8GV6gJITakOKSsE02
j3BYKR55oH20cP9F3ZqeRFB5y0GcPTB1JdrOORVSMmH3
]
INFO	[2022-08-26 13:36:40:604] <28341> DNS LOOKUP OK(203.238.37.3:203.238.37.3:34049) laptime:0
INFO	[2022-08-26 13:36:40:606] <28341> SOCKET CONNECT OK
INFO	[2022-08-26 13:36:40:606] <28341> SEND OK
INFO	[2022-08-26 13:36:40:897] <28341> RECV OK
INFO	[2022-08-26 13:36:40:897] <28341> MSG_FROM_PG:[0099200175D SHA1                   0                                      300630majorgol03              119000INIphpRPAYmajorgol0320220826133640024924<?xml version="1.0" encoding="UTF-8"?><INIpay>
<PartCancelInfo>
<PayMethod>Card</PayMethod>
<ResultCode>120000</ResultCode>
<ResultMsg urlencode="1">%C1%A4%BB%F3%C3%B3%B8%AE%B5%C7%BE%FA%BD%C0%B4%CF%B4%D9.</ResultMsg>
<SessionKey>AOntwbsgsatysCOCqjmTHSw5uxtv0Ft1wfiRgDgvvMZrS5Mz47RoYQ0OdvyP4Cnp
rdTSKq7m7uuJwNd6k55MCYJxp9qwVImnXksE8SXdJBBfK0Un7Mfd705JHPYOX9DS
252Dd16bwHDzqpnvvgUAcxyjk4uDOUe57vN1tS9VaWkmfQLV0GK45Cg=
</SessionKey>
<Encrypted>bqW7YHhFSBSPOheu8rKLOujQChgzDpr7OjcnB7g4f/k0isAWa7/0D+uexUPCL61h
9qYnecZFIOxgkz1Sw8Xn6rz8/mXjT6O8Z61zLOwxF8CS93wSgAj69Wt1Aacz5Sob
v5mgbVwgkO8d3gZqFXxG6I8UaRLEyBNCh7tBlbSu0EfzYy0gjUGM2dG5hq6WPm7F
Bsl4ea9R/v8wrTk/wvT7odQJvXlMjTW7OSoHWQbow9zGapM68Hv/Ns1DpTF3pLrw
lmYCqQUlSosDEgS1iaRI+JsgytvekBqyv5R+SimI3UWjGVe9rln1RsOJ4X3527up
iMxvMgUtPqsNExrIt2CDod/WDPHx7q6D8xmznu7HimnQE4WuPMOUzqNfndjJXIpQ
Nf+AtbJ2IJMdghTJXBpw+crg/foH2Tl6b6r+nxzOJtLgn00YJbfys6RWKFtCjTRU
uTQ1IafGdd7hh3J/xpttpA==
</Encrypted>
</PartCancelInfo>
<ManageInfo/>
<ReservedInfo/>
</INIpay>
QlC+wZl4RJ+CeMVn7LOx2xAvII3XgFSTkmy3vhlBgjhp/2CR0C2CzjfbY3kdZi1k
5bv+Cv0AmtGR8t9WEFWOGHiwQV48tz4nsxiIY9iuyBRVMcr4ekrn+9dKTfFZuanS
XoUwRqQYqWS7DI2OfY0nWy3mQMtx/FPFJAE+D84o46I=
]
INFO	[2022-08-26 13:36:40:897] <28341> VERIFY OK
INFO	[2022-08-26 13:36:40:897] <28341> PARSE HEAD OK
INFO	[2022-08-26 13:36:40:897] <28341> PARSE BODY OK
INFO	[2022-08-26 13:36:40:898] <28341> DECRYPT OK
DEBUG	[2022-08-26 13:36:40:898] <28341> DECRYPT MSG:[<?xml version="1.0" encoding="UTF-8"?><PartCancelInfo>
<PRTC_TID>INIMX_CARDmajorgol0320220806003544105391</PRTC_TID>
<PRTC_Price>119000</PRTC_Price>
<PRTC_Remains>80900</PRTC_Remains>
<PRTC_Quota>03</PRTC_Quota>
<PRTC_Type>1</PRTC_Type>
<CancelDate>20220826</CancelDate>
<CancelTime>133640</CancelTime>
<PRTC_Cnt>1</PRTC_Cnt>
</PartCancelInfo>]
INFO	[2022-08-26 13:36:40:898] <28341> DECRYPT PARSE OK
INFO	[2022-08-26 13:36:40:898] <28341> END repay 정상처리되었습니다. Laptime:[0.296sec]
INFO	[2022-08-26 13:36:40:898] <28341> ===============================================================
INFO	[2022-08-26 13:36:50:122] <17583> START INIPHP repay (V5036-141209)(OS:Linux2.6.32-754.11.1.el6.x86_64,PHP:5.3.3)
DEBUG	[2022-08-26 13:36:50:122] <17583> inipayhome:/home1/killdeal/public_html/shop/inicis
DEBUG	[2022-08-26 13:36:50:122] <17583> debug:false
DEBUG	[2022-08-26 13:36:50:122] <17583> type:repay
DEBUG	[2022-08-26 13:36:50:122] <17583> pgid:INIphpRPAY
DEBUG	[2022-08-26 13:36:50:122] <17583> subpgip:203.238.3.10
DEBUG	[2022-08-26 13:36:50:122] <17583> mid:majorgol03
DEBUG	[2022-08-26 13:36:50:122] <17583> admin:1111
DEBUG	[2022-08-26 13:36:50:122] <17583> oldtid:INIMX_CARDmajorgol0320220806003544105391
DEBUG	[2022-08-26 13:36:50:122] <17583> currency:WON
DEBUG	[2022-08-26 13:36:50:122] <17583> price:48000
DEBUG	[2022-08-26 13:36:50:122] <17583> confirm_price:32900
DEBUG	[2022-08-26 13:36:50:122] <17583> buyeremail:j6907jin@hanmail.net
DEBUG	[2022-08-26 13:36:50:122] <17583> tax:4364
DEBUG	[2022-08-26 13:36:50:122] <17583> taxfree:0
INFO	[2022-08-26 13:36:50:122] <17583> Check Field OK
INFO	[2022-08-26 13:36:50:122] <17583> Make TID OK INIphpRPAYmajorgol0320220826133650227615
INFO	[2022-08-26 13:36:50:122] <17583> PI PUB KEY LOAD OK []
INFO	[2022-08-26 13:36:50:122] <17583> PG PUB KEY LOAD OK [30]
INFO	[2022-08-26 13:36:50:123] <17583> MERCHANT PRIV KEY LOAD OK
INFO	[2022-08-26 13:36:50:123] <17583> MERCHANT PUB KEY LOAD OK [0]
DEBUG	[2022-08-26 13:36:50:123] <17583> MAKE ENCRYPT OK[<?xml version="1.0" encoding="UTF-8"?>
<PartCancelInfo>
	  <PRTC_TID>INIMX_CARDmajorgol0320220806003544105391</PRTC_TID>
	  <PRTC_Price>48000</PRTC_Price>
	  <PRTC_Remains>32900</PRTC_Remains>
	  <PRTC_Quota/>
	  <PRTC_Interest/>
	  <PRTC_NoAcctFNBC/>
	  <PRTC_NmAcctFNBC/></PartCancelInfo>]
INFO	[2022-08-26 13:36:50:123] <17583> MAKE BODY OK
INFO	[2022-08-26 13:36:50:124] <17583> SIGN OK
INFO	[2022-08-26 13:36:50:124] <17583> MAKE HEAD OK
INFO	[2022-08-26 13:36:50:124] <17583> MSG_TO_PG:[0111700175D SHA1                   0                                      300620majorgol03               48000INIphpRPAYmajorgol0320220826133650227615<?xml version="1.0" encoding="UTF-8"?>
<INIpay>
	  <PartCancelInfo>
	    <SessionKey>GrH8/zg/XRJW4+JMKCCCVmWXvJK0VPw4Hnl8TbxVlD3rhoShja7TqN2bjbbFvwrL
Jw5zLFBoxnn70Q6XA7WZO+Gu6BTbeuz/Eb7+bCOzKtSMuL6S5Rtq11zHP4daqBtB
76KgwDszl/Z68R8kfEzyUhHoTKChuXI6Bs3qhNsvha4JMUrGNQ1zfw==
</SessionKey>
	    <Encrypted>oaUOuuci/oxwcDS5G6EAmi08ExVbrlSEmuJyzhGlEM+lcG1RvPNHyrWc48XlWQoI
ufIviv8mNGdYLRa38vh2c8VXt0hkBxdCg5LmOFq/EEie/qH0VjVGJ9JpFqKyMqoB
GxXfTPuSwFxgIf+8lmzxyZuheIF25O8TuTaR4DbtixUZBK/nILwSgGDR6QlbVnvv
jIjlcYmm1ziYvREYUmL96G+Gn3GYHn/AlYwAaUaMQPBjGLOOa/HjpHt1qT9n+FhR
n7uE3C+lOYnE8wd3OK2XjQCGuVY11RKH95TdMLxGr6tczPmIlfNtg9CuOGVIWMDX
UMRPvpv/OdNUZKNLKflasMUZADv8kXVY+Z16VjStq4bFSaNm8HPnLMHqfnYnlEwU
TM6HggMV0cU=
</Encrypted></PartCancelInfo>
	  <GoodsInfo>
	    <Tax>4364</Tax>
	    <TaxFree/>
	    <Currency>WON</Currency></GoodsInfo>
	  <ReservedInfo>
	    <MReserved1/>
	    <MReserved2/>
	    <MReserved3/></ReservedInfo>
	  <ManageInfo>
	    <Language/>
	    <URL/>
	    <TXVersion>5036B141209repayLinux     PHPchkfake   2.6.32-754.11.1.el6.x86_64PHP:</TXVersion>
	    <TXUserID/>
	    <TXRegNum/></ManageInfo></INIpay>AG9h5VMxdjcpjQkXSEpRoe415/RFnLJ0JHL2umhlBn/wm0Jq59tdQ8dEw5+Fr5IU
oD8dZPcZxCeX22kWYjmLE0MM6n5aF4TupofSBcKwLyb+DK8DOb3KlECD900Kls8m
R9NVIsUp8x2BKD8shCwMo6zcHBtGXLT25KgBkvST8usA
]
INFO	[2022-08-26 13:36:50:124] <17583> DNS LOOKUP OK(203.238.37.3:203.238.37.3:34049) laptime:0
INFO	[2022-08-26 13:36:50:127] <17583> SOCKET CONNECT OK
INFO	[2022-08-26 13:36:50:127] <17583> SEND OK
INFO	[2022-08-26 13:36:50:246] <17583> RECV OK
INFO	[2022-08-26 13:36:50:246] <17583> MSG_FROM_PG:[0098000175D SHA1                   0                                      300630majorgol03               48000INIphpRPAYmajorgol0320220826133650227615<?xml version="1.0" encoding="UTF-8"?><INIpay>
<PartCancelInfo>
<PayMethod>Card</PayMethod>
<ResultCode>120000</ResultCode>
<ResultMsg urlencode="1">%C1%A4%BB%F3%C3%B3%B8%AE%B5%C7%BE%FA%BD%C0%B4%CF%B4%D9.</ResultMsg>
<SessionKey>AJ7KFzYRumYGS0RP9Q1rvuZOeGDCszrxHNyNBh56SR7IvGItblFMuqznotg8NbqP
EQVo/YIYsFB6sWfI/goRiiJ1Sxa3b6OwlOHKu3MIq2vEyG1YsHRRQGgELTD3ie4u
0LeORvXszzeSmAtpF7UlKcRmLDMtI93vVdhfylUPx7SEbm18S9Z/mMI=
</SessionKey>
<Encrypted>HhxaSIoV3NUAqtOA7B+4j/sR0ME/8eggxHIlN+DTXXf16xS7Bc4MELGzsLZZpzEC
mpzGk04EWy32y0tsNURM904G3dStH4s60wD9pcAlkQkBlXMdd25Exm+ifZy1KcBn
KrX/ayGcfU9kh+ZtWoID7JCWQ0krSuk4BgrP3eouTBC7VA3th2tDGgjMmmH36djA
iIDh5Ib877V34nRAE94824T6HK0Kv1qAA5CwVjIn/NkTg4VxPzls1n8OdIu/G4B3
s27WQoDzwVo7tWB9D3h0wcrWY9KJ87PNPtxUPMl56B6IlKDpvEDN3gzYD0IfOQd+
CV8MzZceh9H5XqW0qZiPRvC+45b7RneEoz5rYiSdFYokm8NpKWJs1FbGIWSbVq2X
efzSmeFe+lCOBjT40vL9gc4shLg/MHor9tLztwJZ0OD0r4nxm8bDqS7y685StdR0
DIIoC8jdGtE=
</Encrypted>
</PartCancelInfo>
<ManageInfo/>
<ReservedInfo/>
</INIpay>
r2Sr+2jes4sKOm/ItHTRCuSFzKu6uBFo+W6xY6VFNzJ0rPpluLwhBTN5EWcuZ9kI
E4LKqrGtSI8s3kSivnhZC/xf6ojTTR+Qk91Ql1rNewkWq0fsN56m9jsLCDiVIq2U
iAHftbV+wsgzdJDo/1dN1eZ3InFH0kAwoybRyEFhET4=
]
INFO	[2022-08-26 13:36:50:246] <17583> VERIFY OK
INFO	[2022-08-26 13:36:50:246] <17583> PARSE HEAD OK
INFO	[2022-08-26 13:36:50:246] <17583> PARSE BODY OK
INFO	[2022-08-26 13:36:50:247] <17583> DECRYPT OK
DEBUG	[2022-08-26 13:36:50:247] <17583> DECRYPT MSG:[<?xml version="1.0" encoding="UTF-8"?><PartCancelInfo>
<PRTC_TID>INIMX_CARDmajorgol0320220806003544105391</PRTC_TID>
<PRTC_Price>48000</PRTC_Price>
<PRTC_Remains>32900</PRTC_Remains>
<PRTC_Quota>03</PRTC_Quota>
<PRTC_Type>1</PRTC_Type>
<CancelDate>20220826</CancelDate>
<CancelTime>133650</CancelTime>
<PRTC_Cnt>2</PRTC_Cnt>
</PartCancelInfo>]
INFO	[2022-08-26 13:36:50:247] <17583> DECRYPT PARSE OK
INFO	[2022-08-26 13:36:50:247] <17583> END repay 정상처리되었습니다. Laptime:[0.125sec]
INFO	[2022-08-26 13:36:50:247] <17583> ===============================================================
