INFO	[2021-03-31 16:17:06:712] <5193> START INIPHP cancel (V5036-141209)(OS:Linux2.6.32-754.11.1.el6.x86_64,PHP:5.3.3)
DEBUG	[2021-03-31 16:17:06:712] <5193> inipayhome:/home1/killdeal/public_html/shop/inicis
DEBUG	[2021-03-31 16:17:06:712] <5193> debug:false
DEBUG	[2021-03-31 16:17:06:712] <5193> type:cancel
DEBUG	[2021-03-31 16:17:06:712] <5193> mid:majorgol03
DEBUG	[2021-03-31 16:17:06:712] <5193> admin:1111
DEBUG	[2021-03-31 16:17:06:712] <5193> tid:INIMX_CARDmajorgol0320210331161651155133
DEBUG	[2021-03-31 16:17:06:712] <5193> cancelmsg:주문자 본인 취소-구매의사 없음
INFO	[2021-03-31 16:17:06:712] <5193> Check Field OK
INFO	[2021-03-31 16:17:06:712] <5193> PI PUB KEY LOAD OK []
INFO	[2021-03-31 16:17:06:712] <5193> PG PUB KEY LOAD OK [30]
INFO	[2021-03-31 16:17:06:713] <5193> MERCHANT PRIV KEY LOAD OK
INFO	[2021-03-31 16:17:06:713] <5193> MERCHANT PUB KEY LOAD OK [0]
DEBUG	[2021-03-31 16:17:06:713] <5193> MAKE ENCRYPT OK[<?xml version="1.0" encoding="UTF-8"?>
<CancelInfo>
	  <CancelTID>INIMX_CARDmajorgol0320210331161651155133</CancelTID>
	  <CancelMsg urlencode="1">%C1%D6%B9%AE%C0%DA+%BA%BB%C0%CE+%C3%EB%BC%D2-%B1%B8%B8%C5%C0%C7%BB%E7+%BE%F8%C0%BD</CancelMsg>
	  <CancelReason/></CancelInfo>]
INFO	[2021-03-31 16:17:06:714] <5193> MAKE BODY OK
INFO	[2021-03-31 16:17:06:714] <5193> SIGN OK
INFO	[2021-03-31 16:17:06:714] <5193> MAKE HEAD OK
INFO	[2021-03-31 16:17:06:714] <5193> MSG_TO_PG:[0099400175D SHA1                   0                                      300420majorgol03                    INIMX_CARDmajorgol0320210331161651155133<?xml version="1.0" encoding="UTF-8"?>
<INIpay>
	  <CancelInfo>
	    <SessionKey>eoEUKXOvKZbefczNRGoImwMlPriYhEk/r/7fkvb5xWWFKWlvM1drffVb7H9LOILr
xPx2yeMZnfN65DCN2eFsxxU7QBT65JRYqDhVgw46UYfmUy8WQKVd4A7OR1AIYT7H
ltqzHju8de4SYlwADwLlmC2UQyIIku2deXqLa8+L5AURLPf6G8EX/A==
</SessionKey>
	    <Encrypted>aqfxw5NQUshaOOFJ1XbVavaQmOGSW04Qr7JyQLvBAe3rU6K0OsVAQaR5zY28uZ3g
/u8pHrmOdoUiYgK80w8TEAUTR5k3e2GMcyEE11zWxDyvFzyUPvBoOyjs2UyucR8N
Y78dPpbX0wpOx4qeiqAKQ39pwJwtF5uOVlLan7tiND4ZOW5WMnBxWFOv82t3nSYZ
tbt/tGJhOSAZtbwy3T3cTG3mTa196FPPTzvaAVgXpAN7BcYzeJus+xg+wSlJcjQQ
xjlJ4DMeY86zv08VjNRWvb5WxrvGzV1TPK2h8mvA3baKEYzNi6ZtIGiYpjifxEq8
rIc3gl2ljeE+HRQLCCmRssF9tRdsBY//Fzpj9BUk3TBecX3u73HCZA==
</Encrypted></CancelInfo>
	  <ReservedInfo>
	    <MReserved1/>
	    <MReserved2/>
	    <MReserved3/></ReservedInfo>
	  <ManageInfo>
	    <Language/>
	    <URL/>
	    <TXVersion>5036B141209canceLinux     PHPchkfake   2.6.32-754.11.1.el6.x86_64PHP:</TXVersion>
	    <TXUserID/>
	    <TXRegNum/></ManageInfo></INIpay>AFYJdWbdrfwYbYLKIU6rcqylKkFSlHuP8M0pysFoxqaMxPNj9HoTAIUAVrA6C5bC
QXNNujZdTufitErvTHrplx7uvS2pjVkj43C5fKee/oeDvUoBYAIQE4+yTRxmG8mM
bvUgyMsqkwDzSJo3t+cA94b7gUIb4L9dTDtupzxfC1ho
]
INFO	[2021-03-31 16:17:06:714] <5193> DNS LOOKUP OK(203.238.37.3:203.238.37.3:34049) laptime:0
INFO	[2021-03-31 16:17:06:717] <5193> SOCKET CONNECT OK
INFO	[2021-03-31 16:17:06:717] <5193> SEND OK
INFO	[2021-03-31 16:17:07:204] <5193> RECV OK
INFO	[2021-03-31 16:17:07:204] <5193> MSG_FROM_PG:[0093300175D SHA1                   0                                      300430majorgol03                    INIMX_CARDmajorgol0320210331161651155133<?xml version="1.0" encoding="UTF-8"?><INIpay>
<CancelInfo>
<ResultCode>120000</ResultCode>
<ResultMsg urlencode="1">%C1%A4%BB%F3%C3%B3%B8%AE%B5%C7%BE%FA%BD%C0%B4%CF%B4%D9.</ResultMsg>
<SessionKey>ADMg1tOy4lBwBilHVWpJxh/xWQv//dv3cz4p9Y7nCj2XaH5SslWbS5mOKIrRsFC1
X5Kijf1qRVD7lsIhG3pqbMLeKTOAknFAIZlukiHgNgLcXd5n/SGhR6kchwT+KiFW
dxFwysAfIE0FR7R69zoXsE0kyaETzFsEgONuffnFLwjHb9vYT70hSik=
</SessionKey>
<Encrypted>OhkbVkSm+0Q2BBSj5naMntxMC0iMEU2vQEQ75hX7DVmR+bpwL+LqgfVaOaCy5mkk
swydyiI76oL1EfY2hRQBoAHZE+dP9W4X8+QB7mrAgQ/g2b6byluTAt+DMTittlGN
o8OTfg+ShXJ5DXab25t7n8LmtxNroScvKZvlpmor6lt7d6pXBLj0liqD532661xz
GYp9qqGTkn6XFV0JXeqrU2E1xxorUr168hl8OczzpEW0CN29D3nfm++upp/wvMgJ
do+GNbgrXaZWtZOEAjU8HcdV03RPbW8Vmil6e4Hk6Xpsq6oJCt3w2EU2X7FbDArb
Qc3/icqMEMm0L2VIGKFAXpEDfSrUjy5c
</Encrypted>
</CancelInfo>
<ManageInfo/>
<ReservedInfo>
<MReserved1 urlencode="1"/>
<MReserved2 urlencode="1"/>
<MReserved3 urlencode="1"/>
</ReservedInfo>
</INIpay>
LmNchTbPEJrc7+qWSLqwmW4C6cypQEUdludsmutwVtU5utOWZOe5bURW8DXNbtiT
UcXZVoDrnWjwnM0a5VRWKwCULP+7RhDlzb4T5WciyaWIhM0H3LeAEZixlRzNUgJD
r5xY465SxxiD8dCghdf6P/Rv9qFyYH7ooK2f/bBgKt8=
]
INFO	[2021-03-31 16:17:07:204] <5193> VERIFY OK
INFO	[2021-03-31 16:17:07:204] <5193> PARSE HEAD OK
INFO	[2021-03-31 16:17:07:204] <5193> PARSE BODY OK
INFO	[2021-03-31 16:17:07:205] <5193> DECRYPT OK
DEBUG	[2021-03-31 16:17:07:205] <5193> DECRYPT MSG:[<?xml version="1.0" encoding="UTF-8"?><CancelInfo>
<CancelDate>20210331</CancelDate>
<CancelTime>161707</CancelTime>
<ResultCode>120000</ResultCode>
<ResultMsg urlencode="1">%C1%A4%BB%F3%C3%B3%B8%AE%B5%C7%BE%FA%BD%C0%B4%CF%B4%D9.</ResultMsg>
</CancelInfo>]
INFO	[2021-03-31 16:17:07:205] <5193> DECRYPT PARSE OK
INFO	[2021-03-31 16:17:07:205] <5193> END cancel 정상처리되었습니다. Laptime:[0.493sec]
INFO	[2021-03-31 16:17:07:205] <5193> ===============================================================
INFO	[2021-03-31 16:18:05:991] <29772> START INIPHP cancel (V5036-141209)(OS:Linux2.6.32-754.11.1.el6.x86_64,PHP:5.3.3)
DEBUG	[2021-03-31 16:18:05:991] <29772> inipayhome:/home1/killdeal/public_html/shop/inicis
DEBUG	[2021-03-31 16:18:05:991] <29772> debug:false
DEBUG	[2021-03-31 16:18:05:991] <29772> type:cancel
DEBUG	[2021-03-31 16:18:05:991] <29772> mid:majorgol03
DEBUG	[2021-03-31 16:18:05:991] <29772> admin:1111
DEBUG	[2021-03-31 16:18:05:991] <29772> tid:INIMX_CARDmajorgol0320210331161754255499
DEBUG	[2021-03-31 16:18:05:991] <29772> cancelmsg:주문자 본인 취소-구매의사 없음
INFO	[2021-03-31 16:18:05:991] <29772> Check Field OK
INFO	[2021-03-31 16:18:05:991] <29772> PI PUB KEY LOAD OK []
INFO	[2021-03-31 16:18:05:991] <29772> PG PUB KEY LOAD OK [30]
INFO	[2021-03-31 16:18:05:991] <29772> MERCHANT PRIV KEY LOAD OK
INFO	[2021-03-31 16:18:05:991] <29772> MERCHANT PUB KEY LOAD OK [0]
DEBUG	[2021-03-31 16:18:05:992] <29772> MAKE ENCRYPT OK[<?xml version="1.0" encoding="UTF-8"?>
<CancelInfo>
	  <CancelTID>INIMX_CARDmajorgol0320210331161754255499</CancelTID>
	  <CancelMsg urlencode="1">%C1%D6%B9%AE%C0%DA+%BA%BB%C0%CE+%C3%EB%BC%D2-%B1%B8%B8%C5%C0%C7%BB%E7+%BE%F8%C0%BD</CancelMsg>
	  <CancelReason/></CancelInfo>]
INFO	[2021-03-31 16:18:05:992] <29772> MAKE BODY OK
INFO	[2021-03-31 16:18:05:992] <29772> SIGN OK
INFO	[2021-03-31 16:18:05:992] <29772> MAKE HEAD OK
INFO	[2021-03-31 16:18:05:992] <29772> MSG_TO_PG:[0099400175D SHA1                   0                                      300420majorgol03                    INIMX_CARDmajorgol0320210331161754255499<?xml version="1.0" encoding="UTF-8"?>
<INIpay>
	  <CancelInfo>
	    <SessionKey>yfsED5a7y0qbc83QL2Oss7X+iW/fbAvpj7AIxnqp0N+8xiBur1k5/m3C/fAXFd5y
BBiQZ/0ViSyP2k+9Perq/TfgN2hqv08tRZShDO0uyYfgVOXmZ0bY4gvUedfolc58
QmGNQUvz0rSnDyK4lQJdQ4ea83pgTfJF4BNkZyVsu0GRXWwEveEHbg==
</SessionKey>
	    <Encrypted>CAXhy9pkNEU6yNGpuKHJy9shhVOOd3fpBKtFSH6c6mYIyBy8aEz7/nhI/FLOccrB
bJF+1Ne5q6kHyWsgfZ4Emt5brBw/zu8nSrw5ClpELnsp3SjyuKx7ioV6UAyD60Iq
0jjIJmzeZ+sflwXuXHAAgOe3sA6l7azPUt75D8bu0S764814JRdn4jXM4fB5Fzp2
xIg+bk3pVBouO0pqbEkoC7Wa5GDD1KJJ0nnYrI/yjWIQy+WKzZraKGROvoxUu5vR
yC4eJTQ4xJADAu5Qj5JlmJgHPNdKs1iQlhoIv7CcAY63WiaevhvFmkEChMuZAeJz
ES48IbQecex9y8W4gg+dFVHWEPCi5i6xk0WVhK8x6DXQ8J9l7y21XA==
</Encrypted></CancelInfo>
	  <ReservedInfo>
	    <MReserved1/>
	    <MReserved2/>
	    <MReserved3/></ReservedInfo>
	  <ManageInfo>
	    <Language/>
	    <URL/>
	    <TXVersion>5036B141209canceLinux     PHPchkfake   2.6.32-754.11.1.el6.x86_64PHP:</TXVersion>
	    <TXUserID/>
	    <TXRegNum/></ManageInfo></INIpay>AE/b6hblUXoQMQlecJiTugiiC1vKi1fdMCK8gEo834m3C0D0R/wB2reIkgZ5wgI3
pfkbQI/JxT7oxrh8el0LCrxNc3diF7oGan5GbPCCVSmo0Q4Ew9tR+nSSZcFK+phV
Hn7WCCHrYsXFFlHt7JJpB1RP7WT4IbVK3KFUHBZac/ip
]
INFO	[2021-03-31 16:18:05:992] <29772> DNS LOOKUP OK(203.238.37.3:203.238.37.3:34049) laptime:0
INFO	[2021-03-31 16:18:05:995] <29772> SOCKET CONNECT OK
INFO	[2021-03-31 16:18:05:995] <29772> SEND OK
INFO	[2021-03-31 16:18:07:301] <29772> RECV OK
INFO	[2021-03-31 16:18:07:301] <29772> MSG_FROM_PG:[0093300175D SHA1                   0                                      300430majorgol03                    INIMX_CARDmajorgol0320210331161754255499<?xml version="1.0" encoding="UTF-8"?><INIpay>
<CancelInfo>
<ResultCode>120000</ResultCode>
<ResultMsg urlencode="1">%C1%A4%BB%F3%C3%B3%B8%AE%B5%C7%BE%FA%BD%C0%B4%CF%B4%D9.</ResultMsg>
<SessionKey>AMo8e0Fibx5loAeWhRwxDagFXuvrlllXsdvvMvbFfIt6NU44MGQ0PqgITvpPK1Iq
1s/jLNjN2y4f3O/0jXoYJS72MiWf9QnGZQnTd7DhiEiVPTBSO3zbSMwRlTDR+Y7P
KuY/kpVtmmJV8FLXXs14xONV4fPH7PryPW5yAoZ+VvJkdhl9g7qYEl4=
</SessionKey>
<Encrypted>aqvnR00Lj03hEdQXsm+7D91RQPog/aXwDW3jTLsLOGoOPwaXRd85j/0pKk5ZKvNk
R/90Vq5zvstaZXQoRPbkq7EIGJNkjojfSOt9nemdnheEzB1ciBtNKTBv6e69KQ2Y
VctK/CcDgRV+sf0AVWzHhvVnQEBgbPfDlh75FPg89RpnND19sBW/NpJGKTU2qw5t
ApBlZ70wYtCqYcAsJdoaeuevA5czjlIEIawOdRONpy+WxddLrpiVYso539gpZCu/
+KIBVM8QJ3IddK+NLXl9FJSStsxKJAbyNbBIUVSKBzfi1e24FjOSS0vKeV6nrwcz
GbYEk8gJXrtA5gDSVlHpBqhKQh0C2eNE
</Encrypted>
</CancelInfo>
<ManageInfo/>
<ReservedInfo>
<MReserved1 urlencode="1"/>
<MReserved2 urlencode="1"/>
<MReserved3 urlencode="1"/>
</ReservedInfo>
</INIpay>
FM6q2kTZD5pShTS5nEmruC/cDV2vreYmkyr7lDYf+WuK1PdGiFymhy2HGMSm5UHe
ovu7wNzJZB+CCfqGpfEClwA1ko6T8MNHTNEGq2rQ5QsDfmhPViQE8MARa/fwGtdh
JWSyDRiUc0yYEcH7dXqjfcd/JvVwhNafpSEUTJSol24=
]
INFO	[2021-03-31 16:18:07:301] <29772> VERIFY OK
INFO	[2021-03-31 16:18:07:301] <29772> PARSE HEAD OK
INFO	[2021-03-31 16:18:07:302] <29772> PARSE BODY OK
INFO	[2021-03-31 16:18:07:302] <29772> DECRYPT OK
DEBUG	[2021-03-31 16:18:07:302] <29772> DECRYPT MSG:[<?xml version="1.0" encoding="UTF-8"?><CancelInfo>
<CancelDate>20210331</CancelDate>
<CancelTime>161807</CancelTime>
<ResultCode>120000</ResultCode>
<ResultMsg urlencode="1">%C1%A4%BB%F3%C3%B3%B8%AE%B5%C7%BE%FA%BD%C0%B4%CF%B4%D9.</ResultMsg>
</CancelInfo>]
INFO	[2021-03-31 16:18:07:303] <29772> DECRYPT PARSE OK
INFO	[2021-03-31 16:18:07:303] <29772> END cancel 정상처리되었습니다. Laptime:[1.312sec]
INFO	[2021-03-31 16:18:07:303] <29772> ===============================================================
INFO	[2021-03-31 16:19:45:171] <29740> START INIPHP cancel (V5036-141209)(OS:Linux2.6.32-754.11.1.el6.x86_64,PHP:5.3.3)
DEBUG	[2021-03-31 16:19:45:172] <29740> inipayhome:/home1/killdeal/public_html/shop/inicis
DEBUG	[2021-03-31 16:19:45:172] <29740> debug:false
DEBUG	[2021-03-31 16:19:45:172] <29740> type:cancel
DEBUG	[2021-03-31 16:19:45:172] <29740> mid:majorgol03
DEBUG	[2021-03-31 16:19:45:172] <29740> admin:1111
DEBUG	[2021-03-31 16:19:45:172] <29740> tid:INIMX_CARDmajorgol0320210331161934325199
DEBUG	[2021-03-31 16:19:45:172] <29740> cancelmsg:주문자 본인 취소-구매의사 없음
INFO	[2021-03-31 16:19:45:172] <29740> Check Field OK
INFO	[2021-03-31 16:19:45:172] <29740> PI PUB KEY LOAD OK []
INFO	[2021-03-31 16:19:45:172] <29740> PG PUB KEY LOAD OK [30]
INFO	[2021-03-31 16:19:45:172] <29740> MERCHANT PRIV KEY LOAD OK
INFO	[2021-03-31 16:19:45:172] <29740> MERCHANT PUB KEY LOAD OK [0]
DEBUG	[2021-03-31 16:19:45:172] <29740> MAKE ENCRYPT OK[<?xml version="1.0" encoding="UTF-8"?>
<CancelInfo>
	  <CancelTID>INIMX_CARDmajorgol0320210331161934325199</CancelTID>
	  <CancelMsg urlencode="1">%C1%D6%B9%AE%C0%DA+%BA%BB%C0%CE+%C3%EB%BC%D2-%B1%B8%B8%C5%C0%C7%BB%E7+%BE%F8%C0%BD</CancelMsg>
	  <CancelReason/></CancelInfo>]
INFO	[2021-03-31 16:19:45:173] <29740> MAKE BODY OK
INFO	[2021-03-31 16:19:45:173] <29740> SIGN OK
INFO	[2021-03-31 16:19:45:173] <29740> MAKE HEAD OK
INFO	[2021-03-31 16:19:45:173] <29740> MSG_TO_PG:[0099400175D SHA1                   0                                      300420majorgol03                    INIMX_CARDmajorgol0320210331161934325199<?xml version="1.0" encoding="UTF-8"?>
<INIpay>
	  <CancelInfo>
	    <SessionKey>yVCyiiDMWA03NVBmsQCdAnEMVJQmbmJQ/jD+DJrUzyWDHtqqkFJ6KDltbMCG4mcj
w6FHJb0W1qYuDULbYo+6BeB80WUmhynOPv1AKLh9rcxuqvk5D8lITOThaEcZsVj7
qkIcwA6QvBoEKH8qeH9umdg6wgXaT/SQaCVzNyopC7k77NOlxw7rOw==
</SessionKey>
	    <Encrypted>raidnLdz1e0LtByIFuAB1uhM8sfTLn1dpwJBbDpMmAtpJYcerPj0hRqAaIG6pq85
V1aGi7M4dy9UAsK2pX2dEDhlFn/d/RHu6fGaqnytmCC9m6zrrrr3RPkdEamyXokN
KMfjYqKZ2ZrCwxgjvcUUMjD5SDg9yhJJwuzCS0Xr4b9MvQqFJMkJHpRDEUnI+WR2
yA9Qr0LF4ZLI0V4Icv6YkRAalw9fgpfdtW/mD1pc7G3KjKIK3p/yZK4hYKnLHtY6
VMpvhbEzHYgkafhaOYxaYGyy8tOkuRmgoqckIZYUgNdTtYTW2OGCnD7/6Vo6OBTA
tULIWdxQKrC6qL0AO/2Prgzw4gpQMm1zNF2ay8jWQkebXfSTZBK79w==
</Encrypted></CancelInfo>
	  <ReservedInfo>
	    <MReserved1/>
	    <MReserved2/>
	    <MReserved3/></ReservedInfo>
	  <ManageInfo>
	    <Language/>
	    <URL/>
	    <TXVersion>5036B141209canceLinux     PHPchkfake   2.6.32-754.11.1.el6.x86_64PHP:</TXVersion>
	    <TXUserID/>
	    <TXRegNum/></ManageInfo></INIpay>AIM6mtjTOeY0T9WLuFOXVL0vRurT55Dbd/lmaj6bzpdUhi5W4JebOnnJA1wYOR+v
Q2XxQUsuv5zbC2upKrBCx09NiM1Fh0rDfxMYX47fAvby/Fv2ptuXaXEvJyW6Fywq
JbepxM97dGJV+f9FK1aTsnQHLT+QmybH8ZToK99u28Ef
]
INFO	[2021-03-31 16:19:45:173] <29740> DNS LOOKUP OK(203.238.37.3:203.238.37.3:34049) laptime:0
INFO	[2021-03-31 16:19:45:175] <29740> SOCKET CONNECT OK
INFO	[2021-03-31 16:19:45:175] <29740> SEND OK
INFO	[2021-03-31 16:19:45:447] <29740> RECV OK
INFO	[2021-03-31 16:19:45:447] <29740> MSG_FROM_PG:[0093300175D SHA1                   0                                      300430majorgol03                    INIMX_CARDmajorgol0320210331161934325199<?xml version="1.0" encoding="UTF-8"?><INIpay>
<CancelInfo>
<ResultCode>120000</ResultCode>
<ResultMsg urlencode="1">%C1%A4%BB%F3%C3%B3%B8%AE%B5%C7%BE%FA%BD%C0%B4%CF%B4%D9.</ResultMsg>
<SessionKey>AJbYPIqCdkVBHaAv0/3jXExJnxVgNueBDH1id/8uRtVzwHHYV9CtwOzi+OG2Nq0b
//TfLPrZf6qmk8sf9b6MWhLrRnjzrE2qFOe2yBvoS75O6BzQL5fn6H64yzek/Rct
gNPBfAsktVCKFhKbTlNQz0bq+YXqxECr4PHnZ1BYg3wmDZ1e6mB9Koo=
</SessionKey>
<Encrypted>MswWusENZYpwcVOp96PHw67x/rsX0U0AJlpbJjObpKTllV23VapeF3yLMsu8+vfW
6u4/mIibfPoI7i9KpQt8JQScSTRRrFB8CClX8sl7Tql6Pd5VgLbp2mKwzn4t41ay
bKLe5i9AwlcJmiHYHrHLiii8VuI3XV0ElKul8lZQS8x3EoXdm3SChH7V4UXF2SnG
jEyqCtCFY2r8dw23jQTnhN/ehhnrun2RYlZFEdsf+bueptKRO1V0T0eBtmM2HLnp
Xznm36a6h0dff1zeZYMLxr6o1PGyq9S/5FwK8IaaRVpd+ij9DGzrUNMZIDBYcIX1
2fr609vtlxzbrN6S9nKXQPXg9c2Dqbpf
</Encrypted>
</CancelInfo>
<ManageInfo/>
<ReservedInfo>
<MReserved1 urlencode="1"/>
<MReserved2 urlencode="1"/>
<MReserved3 urlencode="1"/>
</ReservedInfo>
</INIpay>
paJGTHIX5lHPynLvUdarMRBKBHYWHtFzTtLKVW1JOVMdTo8CZqeqo+3d0cfdcta1
ehLVCvbey2/3y+kGo69krGqRJcwfEVyajdwgN/tbFLzYniBVxy3G2Til1nNg8OYT
61N49Inhjg4W4lI4tgIOerctOVVL1xTev4MxSCOKIUQ=
]
INFO	[2021-03-31 16:19:45:447] <29740> VERIFY OK
INFO	[2021-03-31 16:19:45:447] <29740> PARSE HEAD OK
INFO	[2021-03-31 16:19:45:447] <29740> PARSE BODY OK
INFO	[2021-03-31 16:19:45:448] <29740> DECRYPT OK
DEBUG	[2021-03-31 16:19:45:448] <29740> DECRYPT MSG:[<?xml version="1.0" encoding="UTF-8"?><CancelInfo>
<CancelDate>20210331</CancelDate>
<CancelTime>161945</CancelTime>
<ResultCode>120000</ResultCode>
<ResultMsg urlencode="1">%C1%A4%BB%F3%C3%B3%B8%AE%B5%C7%BE%FA%BD%C0%B4%CF%B4%D9.</ResultMsg>
</CancelInfo>]
INFO	[2021-03-31 16:19:45:448] <29740> DECRYPT PARSE OK
INFO	[2021-03-31 16:19:45:448] <29740> END cancel 정상처리되었습니다. Laptime:[0.277sec]
INFO	[2021-03-31 16:19:45:448] <29740> ===============================================================
INFO	[2021-03-31 16:20:39:549] <5767> START INIPHP cancel (V5036-141209)(OS:Linux2.6.32-754.11.1.el6.x86_64,PHP:5.3.3)
DEBUG	[2021-03-31 16:20:39:549] <5767> inipayhome:/home1/killdeal/public_html/shop/inicis
DEBUG	[2021-03-31 16:20:39:549] <5767> debug:false
DEBUG	[2021-03-31 16:20:39:549] <5767> type:cancel
DEBUG	[2021-03-31 16:20:39:549] <5767> mid:majorgol03
DEBUG	[2021-03-31 16:20:39:549] <5767> admin:1111
DEBUG	[2021-03-31 16:20:39:549] <5767> tid:INIMX_ISP_majorgol0320210331162029715451
DEBUG	[2021-03-31 16:20:39:549] <5767> cancelmsg:주문자 본인 취소-구매의사 없음
INFO	[2021-03-31 16:20:39:549] <5767> Check Field OK
INFO	[2021-03-31 16:20:39:549] <5767> PI PUB KEY LOAD OK []
INFO	[2021-03-31 16:20:39:550] <5767> PG PUB KEY LOAD OK [30]
INFO	[2021-03-31 16:20:39:550] <5767> MERCHANT PRIV KEY LOAD OK
INFO	[2021-03-31 16:20:39:550] <5767> MERCHANT PUB KEY LOAD OK [0]
DEBUG	[2021-03-31 16:20:39:550] <5767> MAKE ENCRYPT OK[<?xml version="1.0" encoding="UTF-8"?>
<CancelInfo>
	  <CancelTID>INIMX_ISP_majorgol0320210331162029715451</CancelTID>
	  <CancelMsg urlencode="1">%C1%D6%B9%AE%C0%DA+%BA%BB%C0%CE+%C3%EB%BC%D2-%B1%B8%B8%C5%C0%C7%BB%E7+%BE%F8%C0%BD</CancelMsg>
	  <CancelReason/></CancelInfo>]
INFO	[2021-03-31 16:20:39:550] <5767> MAKE BODY OK
INFO	[2021-03-31 16:20:39:551] <5767> SIGN OK
INFO	[2021-03-31 16:20:39:551] <5767> MAKE HEAD OK
INFO	[2021-03-31 16:20:39:551] <5767> MSG_TO_PG:[0099400175D SHA1                   0                                      300420majorgol03                    INIMX_ISP_majorgol0320210331162029715451<?xml version="1.0" encoding="UTF-8"?>
<INIpay>
	  <CancelInfo>
	    <SessionKey>FozdROyiyZMp559rPUiZ/GoAXl/qEdCF3AjuuyyOLHAOUXu5dLmOyzSWkYvAOfDJ
Ighg0mtd6SVd+/GG9P99dK276uyNj0444GkIKdhfprgHu+aDi/CWhGRAMkdmeFma
qh1HVEQRzGyqnzoeFBchBJQuEByFV8njIdqHmlX3+k92abi/lRnEwA==
</SessionKey>
	    <Encrypted>xGVSBGr4BYToSTpHhbuY4vZQIhV2FEsnF33ve4BkxErHyWAhybrDJTYuA9lnhBCV
8J/SJOEQlJj3KqntVWMvXzXXo2aVUlxS9NGdDPAOv544sVqKDKOA9Jfm6c+srslY
3h6j/a783A14O6mxpvUhmsjdNNFn7Xvm0g3ifv/208oa6Eh6dJo/7hVV2u5RwT8C
WkX9/3gQyP0fcrAV4Pv1B/2Aszr+FdRBXnkFJ4Zsdw8zhtVqeBgsIrn1goQDtzjn
llTUBCG/iYrO4yTuiC6gzztW7fMf/TRSr3FlklqAObmYikj5zEOWu/TA/y1rJJYL
JLHrUm/y2P1EAZZB/6noh/xepW6hfOlXnyVAYEwIyDzeGue7U7FzYg==
</Encrypted></CancelInfo>
	  <ReservedInfo>
	    <MReserved1/>
	    <MReserved2/>
	    <MReserved3/></ReservedInfo>
	  <ManageInfo>
	    <Language/>
	    <URL/>
	    <TXVersion>5036B141209canceLinux     PHPchkfake   2.6.32-754.11.1.el6.x86_64PHP:</TXVersion>
	    <TXUserID/>
	    <TXRegNum/></ManageInfo></INIpay>AMV5KKq/mgliVxQ+B+gIbHxVeTTQKCJNfIi/N8KsfZtQlXbw11UwdH9IMUYy5rUl
shSqFGorF01qEoqu8FA6FkP9y0MFNGH7bSva09FsM0Bg1RZpG4Panob5Sa+XL/VU
7n88BTV2BYUKkEIp3GBgV3Om0fApJGai3KeAPhOXl+y7
]
INFO	[2021-03-31 16:20:39:551] <5767> DNS LOOKUP OK(203.238.37.3:203.238.37.3:34049) laptime:0
INFO	[2021-03-31 16:20:39:553] <5767> SOCKET CONNECT OK
INFO	[2021-03-31 16:20:39:553] <5767> SEND OK
INFO	[2021-03-31 16:20:40:661] <5767> RECV OK
INFO	[2021-03-31 16:20:40:661] <5767> MSG_FROM_PG:[0086100175D SHA1                   0                                      300430majorgol03                    INIMX_ISP_majorgol0320210331162029715451<?xml version="1.0" encoding="UTF-8"?><INIpay>
<CancelInfo>
<ResultCode>170000</ResultCode>
<ResultMsg urlencode="1">%C1%A4%BB%F3%BF%CF%B7%E1</ResultMsg>
<SessionKey>ASBG1F7jfnIeOQSujTB/MtKFFMXkuwfI99mHvWM7hvGQtwV/VxnCX9pPJ1w0zj3R
Sh6v84kZCrlaPv7SPGG0g4HQb3GJUFCS50e7I1SQ5cxS+m4bWogK37KLddkzGu3h
G/XKrrMZai7s62634yWBn9SODSYF9fxAxOw6STAvZrJI2l+V3gOvba0=
</SessionKey>
<Encrypted>XsrKBhdCxqlgWnTAbR8V34L6ZP9TpOJrKO9uAI77saxGVJehDGtXiyReT1PX2Teo
8nGLNZ1lQ0ABJR7oGeKDDUPumyM5eW7WaGoa2/Q1cULo2cyDZXSN5HzCAjxm7YYV
F6lx59ySnkaWEjh1XWhI1LiNfNpKYqLu7EGayQWL/4H+fkjFp5n5FfNlrSCg0dnP
cu6lJhu5cLNqqtT+HeYpZSKvjGoHWYg7AJtxbIjgH8lnqxkxX3gGRKmYTf/GBXtt
m4M/3tCv4mIqsJqYUV/UV5Byr5XU6DsPF2o6qxgiGcwSNaK91x1b/w==
</Encrypted>
</CancelInfo>
<ManageInfo/>
<ReservedInfo>
<MReserved1 urlencode="1"/>
<MReserved2 urlencode="1"/>
<MReserved3 urlencode="1"/>
</ReservedInfo>
</INIpay>
IvyidJXQG3BzQNiv4SjxOQCC07MG7q3BY7068TjKSEZG8jNjDo0f4kmEtY3ccctI
kD7UaCwh7P5BpR7/pzLmRTwCAIisfZmtfGIhFhpNMXPiEn916aSBi4Ir4F26VAtr
vF3+tOWG5rOiEw49YJpsTqZWRJvN6/mjqaGmbe0Zg8g=
]
INFO	[2021-03-31 16:20:40:661] <5767> VERIFY OK
INFO	[2021-03-31 16:20:40:661] <5767> PARSE HEAD OK
INFO	[2021-03-31 16:20:40:661] <5767> PARSE BODY OK
INFO	[2021-03-31 16:20:40:662] <5767> DECRYPT OK
DEBUG	[2021-03-31 16:20:40:662] <5767> DECRYPT MSG:[<?xml version="1.0" encoding="UTF-8"?><CancelInfo>
<CancelDate>20210331</CancelDate>
<CancelTime>162040</CancelTime>
<ResultCode>170000</ResultCode>
<ResultMsg urlencode="1">%C1%A4%BB%F3%BF%CF%B7%E1</ResultMsg>
</CancelInfo>]
INFO	[2021-03-31 16:20:40:662] <5767> DECRYPT PARSE OK
INFO	[2021-03-31 16:20:40:662] <5767> END cancel 정상완료 Laptime:[1.113sec]
INFO	[2021-03-31 16:20:40:662] <5767> ===============================================================
INFO	[2021-03-31 16:30:45:340] <29764> START INIPHP cancel (V5036-141209)(OS:Linux2.6.32-754.11.1.el6.x86_64,PHP:5.3.3)
DEBUG	[2021-03-31 16:30:45:340] <29764> inipayhome:/home1/killdeal/public_html/shop/inicis
DEBUG	[2021-03-31 16:30:45:340] <29764> debug:false
DEBUG	[2021-03-31 16:30:45:340] <29764> type:cancel
DEBUG	[2021-03-31 16:30:45:340] <29764> mid:majorgol03
DEBUG	[2021-03-31 16:30:45:340] <29764> admin:1111
DEBUG	[2021-03-31 16:30:45:340] <29764> tid:INIMX_CARDmajorgol0320210331162631555761
DEBUG	[2021-03-31 16:30:45:340] <29764> cancelmsg:주문자 본인 취소-구매의사 없음
INFO	[2021-03-31 16:30:45:340] <29764> Check Field OK
INFO	[2021-03-31 16:30:45:340] <29764> PI PUB KEY LOAD OK []
INFO	[2021-03-31 16:30:45:341] <29764> PG PUB KEY LOAD OK [30]
INFO	[2021-03-31 16:30:45:341] <29764> MERCHANT PRIV KEY LOAD OK
INFO	[2021-03-31 16:30:45:341] <29764> MERCHANT PUB KEY LOAD OK [0]
DEBUG	[2021-03-31 16:30:45:341] <29764> MAKE ENCRYPT OK[<?xml version="1.0" encoding="UTF-8"?>
<CancelInfo>
	  <CancelTID>INIMX_CARDmajorgol0320210331162631555761</CancelTID>
	  <CancelMsg urlencode="1">%C1%D6%B9%AE%C0%DA+%BA%BB%C0%CE+%C3%EB%BC%D2-%B1%B8%B8%C5%C0%C7%BB%E7+%BE%F8%C0%BD</CancelMsg>
	  <CancelReason/></CancelInfo>]
INFO	[2021-03-31 16:30:45:341] <29764> MAKE BODY OK
INFO	[2021-03-31 16:30:45:342] <29764> SIGN OK
INFO	[2021-03-31 16:30:45:342] <29764> MAKE HEAD OK
INFO	[2021-03-31 16:30:45:342] <29764> MSG_TO_PG:[0099400175D SHA1                   0                                      300420majorgol03                    INIMX_CARDmajorgol0320210331162631555761<?xml version="1.0" encoding="UTF-8"?>
<INIpay>
	  <CancelInfo>
	    <SessionKey>VHzXsr/OKV1MsW19DZ0OCcfdlMENHIyoEt1R8lGq0o3NsJ1qv+uih/Nw8PRw+MUX
CoSfTrNWbLTmOY8Slt9TOwfJqHIJ4+BWpdttkPsRJK11wETkgOnznJ+ABLD29kC9
YTbCUvD7k7up+9Jc79rjBFQM+IEYxa40pwIyrYQSA9C1rO+RYSWfKg==
</SessionKey>
	    <Encrypted>hR8+DArPN9NbGct2jGFzbufZDRHY+Rthj3AquKLbJMHDgvlPlKYPnnSJbOz2St4e
KxUzi8hZO4yz+P7K61eivAPiME8wM3VCZY644LjcjOnptFpElNdHzU8YQL6a2iHh
wZAMK8ZGnTyaQ3qsW4M7qF4dLxLtpwesezExhKil387cNxyTrlMBe7oMh+zRkM0P
8AZ380kGA5rM/tnrxfNyMRyR8gP7VOX8zBLSQ7HKqLk31JSaJrwrhHLTKQf8TmSB
2swSOkoSX5Xkb7yxPuXIz+CAK14n2dmrwYpaV3t6MHmuVzfR1nMxGJYDkKZyOu4o
6Rk07VBz6GjP21ZE2r2sC00VNg9MByITHH5rLYvfijiktb9ZqCb96w==
</Encrypted></CancelInfo>
	  <ReservedInfo>
	    <MReserved1/>
	    <MReserved2/>
	    <MReserved3/></ReservedInfo>
	  <ManageInfo>
	    <Language/>
	    <URL/>
	    <TXVersion>5036B141209canceLinux     PHPchkfake   2.6.32-754.11.1.el6.x86_64PHP:</TXVersion>
	    <TXUserID/>
	    <TXRegNum/></ManageInfo></INIpay>AH3F5qbnBTZwD7uE5xOyufWU1MiJFShvvyel31Yx39St9gt3oMSTwZ1DAuQ1/VI5
AuGhauZyGG0V26eYQQ0+JWpUZRIPkIymRjjYgQ/xugWdOKjBZyfKtkHrwkeeN9DO
axfEjxvq/kGz3Iv4Hot6uKTGNuniaULuw82sFzQQ6tqv
]
INFO	[2021-03-31 16:30:45:342] <29764> DNS LOOKUP OK(203.238.37.3:203.238.37.3:34049) laptime:0
INFO	[2021-03-31 16:30:45:345] <29764> SOCKET CONNECT OK
INFO	[2021-03-31 16:30:45:345] <29764> SEND OK
INFO	[2021-03-31 16:30:45:678] <29764> RECV OK
INFO	[2021-03-31 16:30:45:678] <29764> MSG_FROM_PG:[0093300175D SHA1                   0                                      300430majorgol03                    INIMX_CARDmajorgol0320210331162631555761<?xml version="1.0" encoding="UTF-8"?><INIpay>
<CancelInfo>
<ResultCode>120000</ResultCode>
<ResultMsg urlencode="1">%C1%A4%BB%F3%C3%B3%B8%AE%B5%C7%BE%FA%BD%C0%B4%CF%B4%D9.</ResultMsg>
<SessionKey>ADzz1VhmAY+xym+soDqzcrY+zrXieNcbfA6+bSuvY4LXzJq+gf9WbpmpBOvXQVG1
7pQsR10tLPFI00zZw0/WWY58JmIkdZRU/CT3FRUbfXOhRhODfH2bGEqzmiec8rZs
/CZ4+NX2+5fgcbQKZof9QgnNIORpOUbs1RUSgT1+fvqCD3HvOBwq9Tw=
</SessionKey>
<Encrypted>WmqznTsiunevyPm3cF38ZylKMJ6SmAa1rz1sIFkyW559dFeL8cfa6VWwgVgX4IgT
AJrE9IsKk63mbujK4WW5QRnP1ewWVEIpbgPeGCJWBkduH1wn7KybLd25FAubNSIE
CWX15Q23veDxcZ/CM5K6wJJsqZ40UUNt/RPy1E85j/Fx84380UD2OelzheLWbFAt
xWVeHyasFjbbGs6iegUxo1zizDda1HXPZkoDBzC3tT9DQmGIOqVBFHrkpX2RcJ5E
S2s1Pa6qYLzZKWVJin1yGSIEZuw5leSVE+DK54fLZJndILPS617wlFBbYvzGjVeG
MDhCKfDz7x6U79Bk1UNOMPogl5G3jZlE
</Encrypted>
</CancelInfo>
<ManageInfo/>
<ReservedInfo>
<MReserved1 urlencode="1"/>
<MReserved2 urlencode="1"/>
<MReserved3 urlencode="1"/>
</ReservedInfo>
</INIpay>
x8uzHATigC59bRwofctRyyZfkuFVtBc525sJySgbAJigowp4Sz22nRHQDeQucBBU
hACaP7OFcjZq7JakJMCWwKeqo1STyKXrnEw3B7njmZ2HkE94qFqPZQFqUY92THSZ
SxgHlIPIXF5+rQGXI0MH6t3SE16aey+j09gcOayDdgE=
]
INFO	[2021-03-31 16:30:45:678] <29764> VERIFY OK
INFO	[2021-03-31 16:30:45:678] <29764> PARSE HEAD OK
INFO	[2021-03-31 16:30:45:678] <29764> PARSE BODY OK
INFO	[2021-03-31 16:30:45:679] <29764> DECRYPT OK
DEBUG	[2021-03-31 16:30:45:679] <29764> DECRYPT MSG:[<?xml version="1.0" encoding="UTF-8"?><CancelInfo>
<CancelDate>20210331</CancelDate>
<CancelTime>163045</CancelTime>
<ResultCode>120000</ResultCode>
<ResultMsg urlencode="1">%C1%A4%BB%F3%C3%B3%B8%AE%B5%C7%BE%FA%BD%C0%B4%CF%B4%D9.</ResultMsg>
</CancelInfo>]
INFO	[2021-03-31 16:30:45:679] <29764> DECRYPT PARSE OK
INFO	[2021-03-31 16:30:45:679] <29764> END cancel 정상처리되었습니다. Laptime:[0.339sec]
INFO	[2021-03-31 16:30:45:679] <29764> ===============================================================
INFO	[2021-03-31 16:56:35:754] <29774> START INIPHP cancel (V5036-141209)(OS:Linux2.6.32-754.11.1.el6.x86_64,PHP:5.3.3)
DEBUG	[2021-03-31 16:56:35:754] <29774> inipayhome:/home1/killdeal/public_html/shop/inicis
DEBUG	[2021-03-31 16:56:35:754] <29774> debug:false
DEBUG	[2021-03-31 16:56:35:754] <29774> type:cancel
DEBUG	[2021-03-31 16:56:35:754] <29774> mid:majorgol03
DEBUG	[2021-03-31 16:56:35:754] <29774> admin:1111
DEBUG	[2021-03-31 16:56:35:754] <29774> tid:INIMX_CARDmajorgol0320210331165543525599
DEBUG	[2021-03-31 16:56:35:754] <29774> cancelmsg:주문자 본인 취소-구매의사 없음
INFO	[2021-03-31 16:56:35:754] <29774> Check Field OK
INFO	[2021-03-31 16:56:35:754] <29774> PI PUB KEY LOAD OK []
INFO	[2021-03-31 16:56:35:755] <29774> PG PUB KEY LOAD OK [30]
INFO	[2021-03-31 16:56:35:755] <29774> MERCHANT PRIV KEY LOAD OK
INFO	[2021-03-31 16:56:35:755] <29774> MERCHANT PUB KEY LOAD OK [0]
DEBUG	[2021-03-31 16:56:35:755] <29774> MAKE ENCRYPT OK[<?xml version="1.0" encoding="UTF-8"?>
<CancelInfo>
	  <CancelTID>INIMX_CARDmajorgol0320210331165543525599</CancelTID>
	  <CancelMsg urlencode="1">%C1%D6%B9%AE%C0%DA+%BA%BB%C0%CE+%C3%EB%BC%D2-%B1%B8%B8%C5%C0%C7%BB%E7+%BE%F8%C0%BD</CancelMsg>
	  <CancelReason/></CancelInfo>]
INFO	[2021-03-31 16:56:35:755] <29774> MAKE BODY OK
INFO	[2021-03-31 16:56:35:756] <29774> SIGN OK
INFO	[2021-03-31 16:56:35:756] <29774> MAKE HEAD OK
INFO	[2021-03-31 16:56:35:756] <29774> MSG_TO_PG:[0099400175D SHA1                   0                                      300420majorgol03                    INIMX_CARDmajorgol0320210331165543525599<?xml version="1.0" encoding="UTF-8"?>
<INIpay>
	  <CancelInfo>
	    <SessionKey>TUYR4zPaNqTpBtYLpRD1EOwmhpA6EHHaRdLUc9Nq6j3tSYcCmHOxBeQPneSni5hM
vADiT0PfNQrVAdI36swhAhuUjKPxHvEdceX3hWMAKCO4CNkbpv0mZKueyh9JbZE5
3dhwXyqxMKwgiOFwj8aBm92kyLh+nbcziYlKqiPyxDyeBLoZdQLiKw==
</SessionKey>
	    <Encrypted>3ej/OMwkebOmX+ft4QMyzX0iS25Seyi3x+XBnOIGrnJoD2mXK9ZQ4q+dhiBg9zHc
cV54ruU7XO2+lbqbyG5zzE6+auCace976f/ZFKqw6HDFemgZ2z00skaQX1csUY0s
xfRXIoB68aOdhRynaRMMxeGPza0nHnmVZuijRhmLjBW6yGUkssYMC6+KN8nUtkOd
V4pPVIIU8p98b7WS9qFlQbUB9P0o5eHmq2J2upe46qafGi6juVGIY2xiw9iupFau
QBaOO1rQtjUnPjDNNEZgb8gCCMmEvHRq9+NI4dtHlE6qHIDUI2LjL64I7CCRKViT
vyIUhie8jZgzjsYRk3hSd+xOu/HTIFTr9jVnc2gd02cpXA7jKvoPhw==
</Encrypted></CancelInfo>
	  <ReservedInfo>
	    <MReserved1/>
	    <MReserved2/>
	    <MReserved3/></ReservedInfo>
	  <ManageInfo>
	    <Language/>
	    <URL/>
	    <TXVersion>5036B141209canceLinux     PHPchkfake   2.6.32-754.11.1.el6.x86_64PHP:</TXVersion>
	    <TXUserID/>
	    <TXRegNum/></ManageInfo></INIpay>ANUkT/QT3Wni6gQ/yXlxrfxhWE32ehkFSyijWCPLcKknaZ7Brvhq7bpFKlL7gsza
pXzaSQt51GOacnMX5tE2sNZ8q+wrrditI9MqrVHIlnrZ0NoI0Nu9t7Iuwik+Ms3s
C/ZRWqQ3APJkwHpo0KwREbSQ6LZjMONUKxR6ilJoLquL
]
INFO	[2021-03-31 16:56:35:756] <29774> DNS LOOKUP OK(203.238.37.3:203.238.37.3:34049) laptime:0
INFO	[2021-03-31 16:56:35:759] <29774> SOCKET CONNECT OK
INFO	[2021-03-31 16:56:35:759] <29774> SEND OK
INFO	[2021-03-31 16:56:36:0] <29774> RECV OK
INFO	[2021-03-31 16:56:36:0] <29774> MSG_FROM_PG:[0093300175D SHA1                   0                                      300430majorgol03                    INIMX_CARDmajorgol0320210331165543525599<?xml version="1.0" encoding="UTF-8"?><INIpay>
<CancelInfo>
<ResultCode>120000</ResultCode>
<ResultMsg urlencode="1">%C1%A4%BB%F3%C3%B3%B8%AE%B5%C7%BE%FA%BD%C0%B4%CF%B4%D9.</ResultMsg>
<SessionKey>ACqcCJ44LAfWkSAdiHnXB/fxL6bMrhW5TPAjH9Lccc4t6tLF672Qqd7DjKxENUWv
ZfeggRcIE3XT0p3038KELLv84xqf5p1lI2hZ1vzzE1YZn7HpF4VCPNaV27Ifb2uX
g7al1/5wrl+RG8A4nyXvgLkcaZBlagj6mVIHabIl1nDvJR9maLvXETk=
</SessionKey>
<Encrypted>96piEuzjjZ7JfoCDZMAU1btHKu9J8bXUWuvmLBGL+RhWWoJMqVsCv1JllvglD6Jx
lcyTKov1z8dGobh9+SScDcVZO8g9RNO/4Ip4G3bwl32wTV+CeHejWHans47NDEco
2db5kYFrrnmtcOcEFBuNNUILhuCgiBH5QlwcXm5AnpWi1VcF5QlgTdw1FCVFMROL
pHgXHeRlUODX6IlyxsH/g9uEQpe7qlJ28lGw6IMKZQdWSyWVA48fiKXP0OjrIJUR
SXXHBDTo8NiNvd4x8VcLzNZEJ6WpMIzwHHdSogmUFuUtOBUa4ss6w6BmhTHuw6Pd
Qzsz+VwTNZ+KRQIMDpRcVzQtd7wTOVfr
</Encrypted>
</CancelInfo>
<ManageInfo/>
<ReservedInfo>
<MReserved1 urlencode="1"/>
<MReserved2 urlencode="1"/>
<MReserved3 urlencode="1"/>
</ReservedInfo>
</INIpay>
PjWf9DL+zkfp6wJgghEbzBfSAQA1ET5mY0J/l1obwYq/dLmK81DfURIRitSB3D5E
UI5HGX3r2CFb6DvSUeGj4NVgKILp0doEr64YBOPyhqZbcyaKiUZ39VX1AKWG2788
YNCaBNbER/sFMVOrmLF3yjhqZgmrsx+ZgZ+m5od0H4w=
]
INFO	[2021-03-31 16:56:36:0] <29774> VERIFY OK
INFO	[2021-03-31 16:56:36:0] <29774> PARSE HEAD OK
INFO	[2021-03-31 16:56:36:0] <29774> PARSE BODY OK
INFO	[2021-03-31 16:56:36:1] <29774> DECRYPT OK
DEBUG	[2021-03-31 16:56:36:1] <29774> DECRYPT MSG:[<?xml version="1.0" encoding="UTF-8"?><CancelInfo>
<CancelDate>20210331</CancelDate>
<CancelTime>165636</CancelTime>
<ResultCode>120000</ResultCode>
<ResultMsg urlencode="1">%C1%A4%BB%F3%C3%B3%B8%AE%B5%C7%BE%FA%BD%C0%B4%CF%B4%D9.</ResultMsg>
</CancelInfo>]
INFO	[2021-03-31 16:56:36:1] <29774> DECRYPT PARSE OK
INFO	[2021-03-31 16:56:36:1] <29774> END cancel 정상처리되었습니다. Laptime:[0.247sec]
INFO	[2021-03-31 16:56:36:1] <29774> ===============================================================
INFO	[2021-03-31 16:59:53:838] <4976> START INIPHP cancel (V5036-141209)(OS:Linux2.6.32-754.11.1.el6.x86_64,PHP:5.3.3)
DEBUG	[2021-03-31 16:59:53:838] <4976> inipayhome:/home1/killdeal/public_html/shop/inicis
DEBUG	[2021-03-31 16:59:53:838] <4976> debug:false
DEBUG	[2021-03-31 16:59:53:838] <4976> type:cancel
DEBUG	[2021-03-31 16:59:53:838] <4976> mid:majorgol03
DEBUG	[2021-03-31 16:59:53:838] <4976> admin:1111
DEBUG	[2021-03-31 16:59:53:838] <4976> tid:INIMX_CARDmajorgol0320210331165857715431
DEBUG	[2021-03-31 16:59:53:838] <4976> cancelmsg:주문자 본인 취소-구매의사 없음
INFO	[2021-03-31 16:59:53:838] <4976> Check Field OK
INFO	[2021-03-31 16:59:53:838] <4976> PI PUB KEY LOAD OK []
INFO	[2021-03-31 16:59:53:838] <4976> PG PUB KEY LOAD OK [30]
INFO	[2021-03-31 16:59:53:839] <4976> MERCHANT PRIV KEY LOAD OK
INFO	[2021-03-31 16:59:53:839] <4976> MERCHANT PUB KEY LOAD OK [0]
DEBUG	[2021-03-31 16:59:53:839] <4976> MAKE ENCRYPT OK[<?xml version="1.0" encoding="UTF-8"?>
<CancelInfo>
	  <CancelTID>INIMX_CARDmajorgol0320210331165857715431</CancelTID>
	  <CancelMsg urlencode="1">%C1%D6%B9%AE%C0%DA+%BA%BB%C0%CE+%C3%EB%BC%D2-%B1%B8%B8%C5%C0%C7%BB%E7+%BE%F8%C0%BD</CancelMsg>
	  <CancelReason/></CancelInfo>]
INFO	[2021-03-31 16:59:53:839] <4976> MAKE BODY OK
INFO	[2021-03-31 16:59:53:840] <4976> SIGN OK
INFO	[2021-03-31 16:59:53:840] <4976> MAKE HEAD OK
INFO	[2021-03-31 16:59:53:840] <4976> MSG_TO_PG:[0099400175D SHA1                   0                                      300420majorgol03                    INIMX_CARDmajorgol0320210331165857715431<?xml version="1.0" encoding="UTF-8"?>
<INIpay>
	  <CancelInfo>
	    <SessionKey>ZmSC6xM/FBuyzO/ul3+6LsDWWOhZs7yqNWCU8GpQrDK3O8REGb15kVcV5eoK3bUr
ww/OJWCtbI0j6f2D+yy6iEnYDJULlBDJgElygbeYha0VmZE5UBYRRZBROmD0SKGm
LlbeBTkfm17/ydXs/urNSVhDh85PAXNOzv+YIloQrfQ6A8ckbRdldw==
</SessionKey>
	    <Encrypted>u8UWQdug+mAzA3i23DbJFi/LKAWAlaFDOUDtcMx7wDmbkJiYmOtPYRtPB0vSzmFy
gclenB0HjDo+fdUHXTxQHaX8+O7vBBMkH1aKZH6Y22J2OBS1vMMBgY11WuQqIROh
aJku27rmNrfT4KG31UXJttXDcz8xQVsemyPiagKoExJpnZfamiRh04cKQZMUTVZX
amJdB7S0wX5L8py0Z6Ls4uDBT5lS+N75C7U43rQq0/isvgILF4YbvEJbJEBdaFdg
E/+jZyQARzIw7bEI9nHS6BS7QzHZ4Kw2ZcqQtVoAihKpoIH6mQBDxf4xQwEKH+/B
N0jcwKJvOWlJVafcFx6+2ejfyMEVUbPDhIVGxXQIcxUFC83IxDcacA==
</Encrypted></CancelInfo>
	  <ReservedInfo>
	    <MReserved1/>
	    <MReserved2/>
	    <MReserved3/></ReservedInfo>
	  <ManageInfo>
	    <Language/>
	    <URL/>
	    <TXVersion>5036B141209canceLinux     PHPchkfake   2.6.32-754.11.1.el6.x86_64PHP:</TXVersion>
	    <TXUserID/>
	    <TXRegNum/></ManageInfo></INIpay>AK9V/gcpScUrU9kpGb5w0dM4Z8pRGghWf8zwvzLB17lwbdA/oypCYjDRXqgTpj3Z
Atsx83hkifPeGlDxWBTNMye1/TQbecTkahq29V91demyci1xFpAuVEXNfTx+3bQr
uUWrlSJ+EuBfV5kJJtk3dakfZG5YY36tvqTq3rIrI8hr
]
INFO	[2021-03-31 16:59:53:840] <4976> DNS LOOKUP OK(203.238.37.3:203.238.37.3:34049) laptime:0
INFO	[2021-03-31 16:59:53:843] <4976> SOCKET CONNECT OK
INFO	[2021-03-31 16:59:53:843] <4976> SEND OK
INFO	[2021-03-31 16:59:54:101] <4976> RECV OK
INFO	[2021-03-31 16:59:54:101] <4976> MSG_FROM_PG:[0093300175D SHA1                   0                                      300430majorgol03                    INIMX_CARDmajorgol0320210331165857715431<?xml version="1.0" encoding="UTF-8"?><INIpay>
<CancelInfo>
<ResultCode>120000</ResultCode>
<ResultMsg urlencode="1">%C1%A4%BB%F3%C3%B3%B8%AE%B5%C7%BE%FA%BD%C0%B4%CF%B4%D9.</ResultMsg>
<SessionKey>ABu4JRZ6sMVuYJPvRe46vfkqq2OZQunKyHYsyopSpM/4VeO3I+8FgDLCz5ybRVy0
EUBEfQ4gjof1XqWdlbFwxdyhpWdrbhtovdavZb+W3Ti0ArJ2kvYnS6DBBTSjEyQj
jbHd2JkGlgP0SZzg6GTw2RJ9LCLy3I0ei8vGUujnmp9WjCcc9AoS6to=
</SessionKey>
<Encrypted>NBlm2oGFUuS15H66Ysu1DZh1XHqULr1WJPh+MKwOT8uodGgIY/gbpykxk2CSyFHY
VBjIF6vXNYh1GeOsYv+Ius5AVohTPRDMTXcUb2DR+7deV/8aR+W/PAvYGn38Cgf6
6YaBP1ECyLl4VWvz5UEJI1u0Sbk18nEuHL5nrpBz5CTBIv3Vl7Z6xPLD9/t6o/OP
4AO4lEmWu7l9xo1Rlkha8nFusM7of5IHY/+xbs+Cn1cstZ27FG7WoqB5Fs5Ae7U4
zyZG7aaTydGW/JK0Rrbk7OsG84LLEvItjPX3qzyq8ga0aGpr7uhDdvf65AKIwI3J
C6vGH50CuemKZV6rRrBqsF9NCQl+n5HL
</Encrypted>
</CancelInfo>
<ManageInfo/>
<ReservedInfo>
<MReserved1 urlencode="1"/>
<MReserved2 urlencode="1"/>
<MReserved3 urlencode="1"/>
</ReservedInfo>
</INIpay>
i83pf6dudDm5B2vlZKeM2X7QlmJtMnuBqFlqdJYLsdoO1AeW7ZReGwk4cfhAA8GR
IJn5snKNlGZITPNIhJnObfsqURaXj0/5ARTjOevNqAvuFt7Eiw5ZCp0Uv3AEdBdg
kpz4FDJd/YAf9D/s3tz8kg8YC7Hzizy0MEjrBIQYMFg=
]
INFO	[2021-03-31 16:59:54:101] <4976> VERIFY OK
INFO	[2021-03-31 16:59:54:101] <4976> PARSE HEAD OK
INFO	[2021-03-31 16:59:54:101] <4976> PARSE BODY OK
INFO	[2021-03-31 16:59:54:102] <4976> DECRYPT OK
DEBUG	[2021-03-31 16:59:54:102] <4976> DECRYPT MSG:[<?xml version="1.0" encoding="UTF-8"?><CancelInfo>
<CancelDate>20210331</CancelDate>
<CancelTime>165954</CancelTime>
<ResultCode>120000</ResultCode>
<ResultMsg urlencode="1">%C1%A4%BB%F3%C3%B3%B8%AE%B5%C7%BE%FA%BD%C0%B4%CF%B4%D9.</ResultMsg>
</CancelInfo>]
INFO	[2021-03-31 16:59:54:102] <4976> DECRYPT PARSE OK
INFO	[2021-03-31 16:59:54:102] <4976> END cancel 정상처리되었습니다. Laptime:[0.264sec]
INFO	[2021-03-31 16:59:54:102] <4976> ===============================================================
INFO	[2021-03-31 17:03:10:238] <15092> START INIPHP cancel (V5036-141209)(OS:Linux2.6.32-754.11.1.el6.x86_64,PHP:5.3.3)
DEBUG	[2021-03-31 17:03:10:238] <15092> inipayhome:/home1/killdeal/public_html/shop/inicis
DEBUG	[2021-03-31 17:03:10:238] <15092> debug:false
DEBUG	[2021-03-31 17:03:10:238] <15092> type:cancel
DEBUG	[2021-03-31 17:03:10:238] <15092> mid:majorgol03
DEBUG	[2021-03-31 17:03:10:238] <15092> admin:1111
DEBUG	[2021-03-31 17:03:10:238] <15092> tid:INIMX_CARDmajorgol0320210331170222505381
DEBUG	[2021-03-31 17:03:10:238] <15092> cancelmsg:주문자 본인 취소-구매의사 없음
INFO	[2021-03-31 17:03:10:239] <15092> Check Field OK
INFO	[2021-03-31 17:03:10:239] <15092> PI PUB KEY LOAD OK []
INFO	[2021-03-31 17:03:10:239] <15092> PG PUB KEY LOAD OK [30]
INFO	[2021-03-31 17:03:10:239] <15092> MERCHANT PRIV KEY LOAD OK
INFO	[2021-03-31 17:03:10:239] <15092> MERCHANT PUB KEY LOAD OK [0]
DEBUG	[2021-03-31 17:03:10:239] <15092> MAKE ENCRYPT OK[<?xml version="1.0" encoding="UTF-8"?>
<CancelInfo>
	  <CancelTID>INIMX_CARDmajorgol0320210331170222505381</CancelTID>
	  <CancelMsg urlencode="1">%C1%D6%B9%AE%C0%DA+%BA%BB%C0%CE+%C3%EB%BC%D2-%B1%B8%B8%C5%C0%C7%BB%E7+%BE%F8%C0%BD</CancelMsg>
	  <CancelReason/></CancelInfo>]
INFO	[2021-03-31 17:03:10:240] <15092> MAKE BODY OK
INFO	[2021-03-31 17:03:10:240] <15092> SIGN OK
INFO	[2021-03-31 17:03:10:240] <15092> MAKE HEAD OK
INFO	[2021-03-31 17:03:10:240] <15092> MSG_TO_PG:[0099400175D SHA1                   0                                      300420majorgol03                    INIMX_CARDmajorgol0320210331170222505381<?xml version="1.0" encoding="UTF-8"?>
<INIpay>
	  <CancelInfo>
	    <SessionKey>YzO9YvEClOlUxwOGymEw2tL8hL3ynptnaUbactAoQg5ENqullh3ZqT2FwGgpxYid
w55Sh1Mill3F5/fsWlbAndzzONtON6Jv6HCb5589/5V6kl67TU/ZnNRE1xS3ibjc
OtdehCEymDb1C/FTyxVDDxgb1X7TtqAfjU0a09NwIPxQQzkLPjPNOg==
</SessionKey>
	    <Encrypted>kec3Yr7nkySKxBFhv8Z3yiefOGMQ3ZcX2FILtanNYyU885usv2E/1QEBXHmADL9j
c/Fk5fnIQwU6hVm4w9uIB3ppRQ+DUc2i5LMWY5w9Vqqta8d37Op3rdUZ95i+8XNt
58lptVHAG0DbyqRcye3Q342QcrFtbpJK9QIAddej+s6bI13LXyZX59EFUqgJAaVn
zN73l5D9l5RSbWhkYQvNq+BsdWrG8yX7JWqgkz/GVOWesPZkE3W2zE+YDQ6Z3RDI
2HxQ4TXBngv0yyGrCdBvzENiUIaj71LKO2HVOkrbbyoWiwK8PoUYSzUKk0YnQUNx
QBSOhq94U3Wh0k/KCx4l7IQMUgjYXi5cbl/wMaIUIW8IFzQbFLIqxw==
</Encrypted></CancelInfo>
	  <ReservedInfo>
	    <MReserved1/>
	    <MReserved2/>
	    <MReserved3/></ReservedInfo>
	  <ManageInfo>
	    <Language/>
	    <URL/>
	    <TXVersion>5036B141209canceLinux     PHPchkfake   2.6.32-754.11.1.el6.x86_64PHP:</TXVersion>
	    <TXUserID/>
	    <TXRegNum/></ManageInfo></INIpay>AFrG4d7qH8FN8ZnbRdDgqe1feeo3nVLiil2WWUHEEUBmrt1umqGL2B38DfD2B/nc
38MKHrf0HvylgyLROKlmHxabXvYlwUfQsLDtQOYO1jCdQ2aAsWEYV/34/gLC/60t
yUjZ80ez+uJD0Oj4ZuaUtLGEPCdBV9il7bUL5aa4U+7U
]
INFO	[2021-03-31 17:03:10:240] <15092> DNS LOOKUP OK(203.238.37.3:203.238.37.3:34049) laptime:0
INFO	[2021-03-31 17:03:10:242] <15092> SOCKET CONNECT OK
INFO	[2021-03-31 17:03:10:242] <15092> SEND OK
INFO	[2021-03-31 17:03:10:533] <15092> RECV OK
INFO	[2021-03-31 17:03:10:533] <15092> MSG_FROM_PG:[0093300175D SHA1                   0                                      300430majorgol03                    INIMX_CARDmajorgol0320210331170222505381<?xml version="1.0" encoding="UTF-8"?><INIpay>
<CancelInfo>
<ResultCode>120000</ResultCode>
<ResultMsg urlencode="1">%C1%A4%BB%F3%C3%B3%B8%AE%B5%C7%BE%FA%BD%C0%B4%CF%B4%D9.</ResultMsg>
<SessionKey>AQfFcxLRcBkVHnhbWggObf7+tf9TBV/ilXjdcP4xWSwo26XhsmVidKmzyyBbtlTR
9HgcxKxQ4vLFzH4FQH/UK/vMGevkR9Veh1HMaErTiBS0Nv5atTAvksE0XGK3KLtN
608ADL8a2buTHeuqqosPpvxI8xSRmYyhezF2fF7qWPZyju8rk3ErI9I=
</SessionKey>
<Encrypted>jqXL/jfy7dY3u1YUIpRB1n7VPiN3GDdwl9m43a+eYGR+R+SbZGSitnNF3RD7R+80
BTkQ6mnin9Jro0ONXyxi+2PuJLQEjlAU0dQLEVauVVdF1JYfSRlP5Sw/DXYwzyZv
kx8SxrCPOc8nnW+ecuhXd5KMkapaNHjkkWezadU1TgKveTWa48nwzi4i6CbFCTAu
TIgKBeE+THqyP59t3Izg5XX6eL6SN/CBE1EueBrmP4dJx/LYBoY1mPKVYiEKG1XL
HJxY7z0sS0WDWW7S/9cRsxGG4zD3QtsSOIuxAXYUERs/0JUwDa5VNWj6UKBzXnts
wlhc5rb8X0gt5oBRxRcz5T4rcx7trFvJ
</Encrypted>
</CancelInfo>
<ManageInfo/>
<ReservedInfo>
<MReserved1 urlencode="1"/>
<MReserved2 urlencode="1"/>
<MReserved3 urlencode="1"/>
</ReservedInfo>
</INIpay>
lXUOnp0jQ/H58mpPLRwwfVBLye7nloZHqdTMnlh4M55IQqHHXNSr8H2UgCzbcqIL
CJ0TAf5qiPpOh5cUlo1lpKqE+s1L/gJPSUV06anSLzyLwWxRO7ezthueFfcnw+mC
nXTl8YBAf1bTI7UXg+BESMG5MCFEwroQixWbMiaFuiQ=
]
INFO	[2021-03-31 17:03:10:533] <15092> VERIFY OK
INFO	[2021-03-31 17:03:10:533] <15092> PARSE HEAD OK
INFO	[2021-03-31 17:03:10:534] <15092> PARSE BODY OK
INFO	[2021-03-31 17:03:10:535] <15092> DECRYPT OK
DEBUG	[2021-03-31 17:03:10:535] <15092> DECRYPT MSG:[<?xml version="1.0" encoding="UTF-8"?><CancelInfo>
<CancelDate>20210331</CancelDate>
<CancelTime>170310</CancelTime>
<ResultCode>120000</ResultCode>
<ResultMsg urlencode="1">%C1%A4%BB%F3%C3%B3%B8%AE%B5%C7%BE%FA%BD%C0%B4%CF%B4%D9.</ResultMsg>
</CancelInfo>]
INFO	[2021-03-31 17:03:10:535] <15092> DECRYPT PARSE OK
INFO	[2021-03-31 17:03:10:535] <15092> END cancel 정상처리되었습니다. Laptime:[0.296sec]
INFO	[2021-03-31 17:03:10:535] <15092> ===============================================================
INFO	[2021-03-31 17:04:07:929] <31960> START INIPHP cancel (V5036-141209)(OS:Linux2.6.32-754.11.1.el6.x86_64,PHP:5.3.3)
DEBUG	[2021-03-31 17:04:07:929] <31960> inipayhome:/home1/killdeal/public_html/shop/inicis
DEBUG	[2021-03-31 17:04:07:929] <31960> debug:false
DEBUG	[2021-03-31 17:04:07:929] <31960> type:cancel
DEBUG	[2021-03-31 17:04:07:929] <31960> mid:majorgol03
DEBUG	[2021-03-31 17:04:07:929] <31960> admin:1111
DEBUG	[2021-03-31 17:04:07:929] <31960> tid:INIMX_CARDmajorgol0320210331170344755300
DEBUG	[2021-03-31 17:04:07:929] <31960> cancelmsg:주문자 본인 취소-구매의사 없음
INFO	[2021-03-31 17:04:07:929] <31960> Check Field OK
INFO	[2021-03-31 17:04:07:930] <31960> PI PUB KEY LOAD OK []
INFO	[2021-03-31 17:04:07:930] <31960> PG PUB KEY LOAD OK [30]
INFO	[2021-03-31 17:04:07:930] <31960> MERCHANT PRIV KEY LOAD OK
INFO	[2021-03-31 17:04:07:930] <31960> MERCHANT PUB KEY LOAD OK [0]
DEBUG	[2021-03-31 17:04:07:930] <31960> MAKE ENCRYPT OK[<?xml version="1.0" encoding="UTF-8"?>
<CancelInfo>
	  <CancelTID>INIMX_CARDmajorgol0320210331170344755300</CancelTID>
	  <CancelMsg urlencode="1">%C1%D6%B9%AE%C0%DA+%BA%BB%C0%CE+%C3%EB%BC%D2-%B1%B8%B8%C5%C0%C7%BB%E7+%BE%F8%C0%BD</CancelMsg>
	  <CancelReason/></CancelInfo>]
INFO	[2021-03-31 17:04:07:931] <31960> MAKE BODY OK
INFO	[2021-03-31 17:04:07:931] <31960> SIGN OK
INFO	[2021-03-31 17:04:07:931] <31960> MAKE HEAD OK
INFO	[2021-03-31 17:04:07:931] <31960> MSG_TO_PG:[0099400175D SHA1                   0                                      300420majorgol03                    INIMX_CARDmajorgol0320210331170344755300<?xml version="1.0" encoding="UTF-8"?>
<INIpay>
	  <CancelInfo>
	    <SessionKey>WS36e7jj2MMsrZe/P/jwKSRkz4ENWhy+WADZsThUKoEpUBNG4syr4aZuig421NbY
qfyWQtGzQim2rB/5O1muFdq5bLaH45q5szN1v8sJD3LxolUI4446IgT+73qFztnm
9RH4XNiDU/4gU9uDRYlBGoNGz3ddGQ3jlJFyUR4dVss8kiHHqE671g==
</SessionKey>
	    <Encrypted>PXZaSJwippsj7fi2qkO0GhgkI/AWU5/XqKv4cRz7rtYkj47IWhSbbI4Hx7CAgvoD
a/snjqsals++ycRtdusNdjCgivbsEaUdYm2BVBFaZaJMR6ZGTJzRLrBnj9Hf4uXY
/cyjSgXh5Lh6RK2r+Ep42zIh6OY2+zp0Jn42EeHai+1R7pGyYIk71ugzL8nBUj10
qYKp6mmHkulMQAfPCM9471twCTngYAOEkcjVGf40sNMIAYf10APaipjj37z73uQ7
0kUq27icrd4W4Jw2CgfcWB0fag+90OKSM1S52oup+gbO6dV61C4AsXalkSpenydo
skH/1ov2Q6g/dcFDS/ITyDzkiWG9PgtpsZxvIes974hIuBD0ZEQMvg==
</Encrypted></CancelInfo>
	  <ReservedInfo>
	    <MReserved1/>
	    <MReserved2/>
	    <MReserved3/></ReservedInfo>
	  <ManageInfo>
	    <Language/>
	    <URL/>
	    <TXVersion>5036B141209canceLinux     PHPchkfake   2.6.32-754.11.1.el6.x86_64PHP:</TXVersion>
	    <TXUserID/>
	    <TXRegNum/></ManageInfo></INIpay>AGJW2SGqvJ4oyBn91i3xTIQ267B11Axzbke1zZeKea3zPnTONZNHqa8rC6Fzq/HO
9wB7X0vRCYh9xO8JtE8wpvftPSXLErRpqeKbslBY7TqhlYu5FaRcpBlaTbEwWop7
Cy+AnwNiNgsEdT1B7ryvnNRgfqyszSZt5rrba+sWDlC+
]
INFO	[2021-03-31 17:04:07:931] <31960> DNS LOOKUP OK(203.238.37.3:203.238.37.3:34049) laptime:0
INFO	[2021-03-31 17:04:07:933] <31960> SOCKET CONNECT OK
INFO	[2021-03-31 17:04:07:933] <31960> SEND OK
INFO	[2021-03-31 17:04:08:229] <31960> RECV OK
INFO	[2021-03-31 17:04:08:229] <31960> MSG_FROM_PG:[0093300175D SHA1                   0                                      300430majorgol03                    INIMX_CARDmajorgol0320210331170344755300<?xml version="1.0" encoding="UTF-8"?><INIpay>
<CancelInfo>
<ResultCode>120000</ResultCode>
<ResultMsg urlencode="1">%C1%A4%BB%F3%C3%B3%B8%AE%B5%C7%BE%FA%BD%C0%B4%CF%B4%D9.</ResultMsg>
<SessionKey>AMxsnNa8ELuUNBVQI/usUCn/b1ezJedXqJ0zr7oFDIssX5cQKoGKhizVSgx2Snmf
/8cd/Zug3cX38i6dxWAbl9AgvIYP7o2MtET22HVdLqqX0ZmzrYfUO82Ah/sCxv/k
3YtK8J73rX5XlBJ5k8V8C/DVhnNnY+YzyZKjHLHcZ++AROGgIp7Ggaw=
</SessionKey>
<Encrypted>EknRVraqYwmTd55Yx2Af/ABCnIuopF+vqmd+kE9roCeuLLqp8iqTBAKK2xRCIW8c
6b3cVTdy4arJlBJozNPvKz71qSVkaYXE4phcrLIC3yvnIgQydIfBx8wVPDBVk8Eg
e/4VH3ANyXeXkonXJGHDJdTxorFc0mtlvdc6j7XxJ+CAkhAx9Pz7gsjU8ny0MLDF
2Con8f1N2PVVjSOzmpQNb5m6qvet+vY7XOzUJKL8ZQrsIewKR9TfjvF53+p/7oGO
E3B4kBf2wpFkMuX3Hy1NK2mjh/EQr6GLWSkU2WMPvAuHRJAqv7UGUP43OR1gqz7u
lCYa3DmVfgQqCVdKgNbqO5lsV9n9dA6M
</Encrypted>
</CancelInfo>
<ManageInfo/>
<ReservedInfo>
<MReserved1 urlencode="1"/>
<MReserved2 urlencode="1"/>
<MReserved3 urlencode="1"/>
</ReservedInfo>
</INIpay>
HBzZvKRQ055EZ1e+CGlQzTMYkqvriUNZaVaii09+KcFUHbw1FiF41AKEX492SKYQ
34ja5q/QpLOMq6vdofotdLyWRN5UIO6wynwgsatY5eyjuCv4prYXqFwFgndW2ADX
gZvjh07nQJERockQHtS4C9qRoO0WqyqEXTZHVtWMys0=
]
INFO	[2021-03-31 17:04:08:230] <31960> VERIFY OK
INFO	[2021-03-31 17:04:08:230] <31960> PARSE HEAD OK
INFO	[2021-03-31 17:04:08:230] <31960> PARSE BODY OK
INFO	[2021-03-31 17:04:08:230] <31960> DECRYPT OK
DEBUG	[2021-03-31 17:04:08:231] <31960> DECRYPT MSG:[<?xml version="1.0" encoding="UTF-8"?><CancelInfo>
<CancelDate>20210331</CancelDate>
<CancelTime>170408</CancelTime>
<ResultCode>120000</ResultCode>
<ResultMsg urlencode="1">%C1%A4%BB%F3%C3%B3%B8%AE%B5%C7%BE%FA%BD%C0%B4%CF%B4%D9.</ResultMsg>
</CancelInfo>]
INFO	[2021-03-31 17:04:08:231] <31960> DECRYPT PARSE OK
INFO	[2021-03-31 17:04:08:231] <31960> END cancel 정상처리되었습니다. Laptime:[0.301sec]
INFO	[2021-03-31 17:04:08:231] <31960> ===============================================================
