INFO	[2021-08-04 16:09:42:838] <30268> START INIPHP cancel (V5036-141209)(OS:Linux2.6.32-754.11.1.el6.x86_64,PHP:5.3.3)
DEBUG	[2021-08-04 16:09:42:838] <30268> inipayhome:/home1/killdeal/public_html/shop/inicis
DEBUG	[2021-08-04 16:09:42:838] <30268> debug:false
DEBUG	[2021-08-04 16:09:42:838] <30268> type:cancel
DEBUG	[2021-08-04 16:09:42:838] <30268> mid:majorgol03
DEBUG	[2021-08-04 16:09:42:838] <30268> admin:1111
DEBUG	[2021-08-04 16:09:42:838] <30268> tid:StdpayISP_majorgol0320210803133908847680
DEBUG	[2021-08-04 16:09:42:838] <30268> cancelmsg:쇼핑몰 운영자 승인 취소
INFO	[2021-08-04 16:09:42:838] <30268> Check Field OK
INFO	[2021-08-04 16:09:42:838] <30268> PI PUB KEY LOAD OK []
INFO	[2021-08-04 16:09:42:838] <30268> PG PUB KEY LOAD OK [30]
INFO	[2021-08-04 16:09:42:839] <30268> MERCHANT PRIV KEY LOAD OK
INFO	[2021-08-04 16:09:42:839] <30268> MERCHANT PUB KEY LOAD OK [0]
DEBUG	[2021-08-04 16:09:42:839] <30268> MAKE ENCRYPT OK[<?xml version="1.0" encoding="UTF-8"?>
<CancelInfo>
	  <CancelTID>StdpayISP_majorgol0320210803133908847680</CancelTID>
	  <CancelMsg urlencode="1">%BC%EE%C7%CE%B8%F4+%BF%EE%BF%B5%C0%DA+%BD%C2%C0%CE+%C3%EB%BC%D2</CancelMsg>
	  <CancelReason/></CancelInfo>]
INFO	[2021-08-04 16:09:42:840] <30268> MAKE BODY OK
INFO	[2021-08-04 16:09:42:840] <30268> SIGN OK
INFO	[2021-08-04 16:09:42:840] <30268> MAKE HEAD OK
INFO	[2021-08-04 16:09:42:840] <30268> MSG_TO_PG:[0096200175D SHA1                   0                                      300420majorgol03                    StdpayISP_majorgol0320210803133908847680<?xml version="1.0" encoding="UTF-8"?>
<INIpay>
	  <CancelInfo>
	    <SessionKey>J2aenEmzHCBpfbREZDIBftRYKsPDonA2/YXyaB507jWCuDscvUzVRMWqZYJQieac
HtNcy1p4A9tmIQJU873ei5uo8f+GINj5JRYsN8YE5Mu6uP9iSeOMfy8gk8j0egEb
P4Mylmz/zP7W5h8vUflW1dRemsxb9Wbp0eIjQCj8tCVaVJlrB3T4rQ==
</SessionKey>
	    <Encrypted>PGbTSPKVWHH0JiWdWt+DSZ3sDvEJP7p2NpahROegvCO6qcg6beShi/C93wmHMuaV
Cafv7DD+BVVRf3KCGnIZ/e2rHEHrvlZlsNmzdPhWgcZBNi9uOO9nEOb19bAj+Iqa
5v7haaoxyVopGc4Y8nsM5u0Ys+ueWlPhmlpbOhor9S6UgUwb8eoRfBR824lfTUpx
rWmurmc8a4CEmIzfRCtzr2SnQnyrE4Zd+TbBNp4NRovjnDVCiQumuKc+TzOd5AKo
YsdTG+4BNVwruA3UoL2VpXgwaILzuy8zx2SQDqfENsKD209K4g0g8qeogVc5xXlv
DFkVMg9qrr++fy2XZFLisQ==
</Encrypted></CancelInfo>
	  <ReservedInfo>
	    <MReserved1/>
	    <MReserved2/>
	    <MReserved3/></ReservedInfo>
	  <ManageInfo>
	    <Language/>
	    <URL/>
	    <TXVersion>5036B141209canceLinux     PHPchkfake   2.6.32-754.11.1.el6.x86_64PHP:</TXVersion>
	    <TXUserID/>
	    <TXRegNum/></ManageInfo></INIpay>ACF3JcGX1yhXe3YqFhid7hO11FpWdYJsutuM1LxKOje0OJULziVwIlfoZJkUSqYb
xaowSsPw5z13RDLZKNN4G0uTr46Y8ntelw0vmLo6Hl2Mhh+3i+Ijpxr0s1BoLD/G
8VoRfHzOFDvJNk3beUjbW5ZVtxxlsAit1DT/sG5r98Eq
]
INFO	[2021-08-04 16:09:42:840] <30268> DNS LOOKUP OK(203.238.37.3:203.238.37.3:34049) laptime:0
INFO	[2021-08-04 16:09:42:843] <30268> SOCKET CONNECT OK
INFO	[2021-08-04 16:09:42:843] <30268> SEND OK
INFO	[2021-08-04 16:09:43:513] <30268> RECV OK
INFO	[2021-08-04 16:09:43:513] <30268> MSG_FROM_PG:[0086100175D SHA1                   0                                      300430majorgol03                    StdpayISP_majorgol0320210803133908847680<?xml version="1.0" encoding="UTF-8"?><INIpay>
<CancelInfo>
<ResultCode>170000</ResultCode>
<ResultMsg urlencode="1">%C1%A4%BB%F3%BF%CF%B7%E1</ResultMsg>
<SessionKey>AQz1mmw67VgydBwI9m8IcEZ9PD/uJZKhS0+IrwYFCY8+y3nZg6ALqMfW6IATeay+
bZSVZEFMN31Rbi6c+ui2xUOw2+lZ/ZyfM7xIRUS1ZXqqoLBUrlPaSDQ8/oW2tEc8
9H3UXU9XLkQFXmjw9u0Z5blKQ92wLrIJ1LGEZDNhbJpHIcsJlVqlRCM=
</SessionKey>
<Encrypted>WTsboAaHCIBKBDDTOBh1jCzGak8z38/Mq1eMlAMqVx2IHAnBJU34gc251yFuCFvL
q+ROsgXuP/BcyF+fBmQBiQMGWvGs+H+OKMP27vQ/NNlgtGlskpdG7oW3bJ7KlD5y
9/SrVE6HztqsXzzoH/TGP3ibB8Tm9YP/3Qlr/fAxUvMJh3ZpsxLqjAYS2/yCRt2+
TNpZ79DGPokOKDF4uhsSFk4XPH8Lqk9yfq7G0wke3StzFXwvjzYYwWKqgDmmGZf6
FUKQ7hu+l45AfKKL5esAghr1nTdN0v9NwS7yKzxH+ihFburVFbqtgA==
</Encrypted>
</CancelInfo>
<ManageInfo/>
<ReservedInfo>
<MReserved1 urlencode="1"/>
<MReserved2 urlencode="1"/>
<MReserved3 urlencode="1"/>
</ReservedInfo>
</INIpay>
UrJmspygUnAhEFEpuo7+cbYgxcNxGLC651KOE4oGiaYSRZ7twhTLnrf2jPBPW5Oo
Q50tVyW9i+Ysgla+YpPvWvOWRuwYZn8MlA9Ur55dCTrTIngTvvOiu3G2Y79YpYFu
833xeXIMkdSXa3biRC8+3Ww/QyHUtqugxf6o/geLLRQ=
]
INFO	[2021-08-04 16:09:43:513] <30268> VERIFY OK
INFO	[2021-08-04 16:09:43:513] <30268> PARSE HEAD OK
INFO	[2021-08-04 16:09:43:513] <30268> PARSE BODY OK
INFO	[2021-08-04 16:09:43:514] <30268> DECRYPT OK
DEBUG	[2021-08-04 16:09:43:514] <30268> DECRYPT MSG:[<?xml version="1.0" encoding="UTF-8"?><CancelInfo>
<CancelDate>20210804</CancelDate>
<CancelTime>160943</CancelTime>
<ResultCode>170000</ResultCode>
<ResultMsg urlencode="1">%C1%A4%BB%F3%BF%CF%B7%E1</ResultMsg>
</CancelInfo>]
INFO	[2021-08-04 16:09:43:514] <30268> DECRYPT PARSE OK
INFO	[2021-08-04 16:09:43:514] <30268> END cancel 정상완료 Laptime:[0.676sec]
INFO	[2021-08-04 16:09:43:514] <30268> ===============================================================
INFO	[2021-08-04 17:05:55:157] <30241> START INIPHP cancel (V5036-141209)(OS:Linux2.6.32-754.11.1.el6.x86_64,PHP:5.3.3)
DEBUG	[2021-08-04 17:05:55:157] <30241> inipayhome:/home1/killdeal/public_html/shop/inicis
DEBUG	[2021-08-04 17:05:55:157] <30241> debug:false
DEBUG	[2021-08-04 17:05:55:157] <30241> type:cancel
DEBUG	[2021-08-04 17:05:55:157] <30241> mid:majorgol03
DEBUG	[2021-08-04 17:05:55:157] <30241> admin:1111
DEBUG	[2021-08-04 17:05:55:157] <30241> tid:INIMX_ISP_majorgol0320210804164615815536
DEBUG	[2021-08-04 17:05:55:157] <30241> cancelmsg:주문자 본인 취소-상품옵션 선택 잘못함
INFO	[2021-08-04 17:05:55:157] <30241> Check Field OK
INFO	[2021-08-04 17:05:55:157] <30241> PI PUB KEY LOAD OK []
INFO	[2021-08-04 17:05:55:157] <30241> PG PUB KEY LOAD OK [30]
INFO	[2021-08-04 17:05:55:157] <30241> MERCHANT PRIV KEY LOAD OK
INFO	[2021-08-04 17:05:55:157] <30241> MERCHANT PUB KEY LOAD OK [0]
DEBUG	[2021-08-04 17:05:55:158] <30241> MAKE ENCRYPT OK[<?xml version="1.0" encoding="UTF-8"?>
<CancelInfo>
	  <CancelTID>INIMX_ISP_majorgol0320210804164615815536</CancelTID>
	  <CancelMsg urlencode="1">%C1%D6%B9%AE%C0%DA+%BA%BB%C0%CE+%C3%EB%BC%D2-%BB%F3%C7%B0%BF%C9%BC%C7+%BC%B1%C5%C3+%C0%DF%B8%F8%C7%D4</CancelMsg>
	  <CancelReason/></CancelInfo>]
INFO	[2021-08-04 17:05:55:158] <30241> MAKE BODY OK
INFO	[2021-08-04 17:05:55:158] <30241> SIGN OK
INFO	[2021-08-04 17:05:55:158] <30241> MAKE HEAD OK
INFO	[2021-08-04 17:05:55:158] <30241> MSG_TO_PG:[0101500175D SHA1                   0                                      300420majorgol03                    INIMX_ISP_majorgol0320210804164615815536<?xml version="1.0" encoding="UTF-8"?>
<INIpay>
	  <CancelInfo>
	    <SessionKey>YQYWCjmzPaQVlaGLBLndRr7jFf4JBsdgPFXHGmXOAz3SZyUgD3gFqSGFidxFqVkn
taa4hHQcZyEaw2Xg96QL5e2rcaYyDXSQL64RG5/Y56pkf/c7u3HlAHUhb1Fa3UNs
hpxp6jPNz/dkFnrmxWYn99aMbw8pQxXtX8WVLYx7OFNcw85sp/K2Qw==
</SessionKey>
	    <Encrypted>qls0zYUtk995drKURxbKUTPO91TRJEAgw9eOZjYv6TayOKvTpCN2mIK6cTqxTzsx
+wfYVCFpQbpMO4HQVONSPc6iaypGn0i57PskCVbFj9KDdj8cbo+CG4zL214iRmqQ
aAoRqbDwgzAwT1Oit4/k2w03v+B96MuqfXAe0erHVuOV1xs4fhBhLuA8pb4aA+uy
MQDKlxPwC11qQqiZr5Uzwy8lF7yN3h+GYshyR2kuKkR4/1oZ1EtFyvVHk1CHbOXj
QHxjmAwWbLth5A2i5OaQuX/+uvLC9J52RHSITSSezdQw1w/rafIq9DebzjJxh2gE
aVNbiNZp/2gjlXgrBiDmGnrEZ+BFP32yAK3aAPUpqQbqz99k+JlVEcO5b0EawoEw
Jjyedsj2OXQ=
</Encrypted></CancelInfo>
	  <ReservedInfo>
	    <MReserved1/>
	    <MReserved2/>
	    <MReserved3/></ReservedInfo>
	  <ManageInfo>
	    <Language/>
	    <URL/>
	    <TXVersion>5036B141209canceLinux     PHPchkfake   2.6.32-754.11.1.el6.x86_64PHP:</TXVersion>
	    <TXUserID/>
	    <TXRegNum/></ManageInfo></INIpay>AD29j7HEHPqaQ3lvQBE8Xph9EC4OoNE9aUAw/K7XVDXhd3yHalcBr1HpsKDugybr
x4DrVEpkNC68RV/FijXde7bgUrz8aWzuWJ4VLWILKNqxyLnNPjf8aHMtEdiEqlP8
v+dyQfFfLaUYAhASmP2nAW8X2l1B/h68I8XfLUEXKxCP
]
INFO	[2021-08-04 17:05:55:159] <30241> DNS LOOKUP OK(203.238.37.3:203.238.37.3:34049) laptime:0
INFO	[2021-08-04 17:05:55:161] <30241> SOCKET CONNECT OK
INFO	[2021-08-04 17:05:55:161] <30241> SEND OK
INFO	[2021-08-04 17:05:55:744] <30241> RECV OK
INFO	[2021-08-04 17:05:55:744] <30241> MSG_FROM_PG:[0086100175D SHA1                   0                                      300430majorgol03                    INIMX_ISP_majorgol0320210804164615815536<?xml version="1.0" encoding="UTF-8"?><INIpay>
<CancelInfo>
<ResultCode>170000</ResultCode>
<ResultMsg urlencode="1">%C1%A4%BB%F3%BF%CF%B7%E1</ResultMsg>
<SessionKey>ANUwKsiTgzf8E2oTCpSCx2cv9cNQIe+w1DyejISpPOCRUn1gW2BrbxjCaX+lRkWV
EQ7r+Osm7E3y/DMLcJgJOBZrbwGayj6kzH/rmjUzlUixnpY2WjMI8sHdC5WaFkTT
CHWfc8nS8DgOO+UefHJVfDMogM5ovSw5NqBiwcrrOicMzw5hQxZZa8s=
</SessionKey>
<Encrypted>Z8kNi7johRmf5T5xrgmvMKQpgSsoAV7IjKpA1As2O5DAlhRKCvqFLB+hGl+Wwktz
d3isQjEn4lW3Hju3onRfN+Y40Gqx1L2nRVwWVSO5q/geAKoWnteYqAFuepi7u7mt
fcA+sxTsOu8YsPCd3q2Jue40ZqMy9KiiQzoEbHdDXEdT2x/4iNZcA/aQ8oyLq7nh
0GY2sntQ/PKhxyMizC08fsuYh3D2fnU+wBXCB4tP5AITckzjyLekh7OD6fgjJTLE
z6goCU5SZ2hrVaB5ZITYc5ZAckGigSD3cX3M1d338fY6lxzeVy67jg==
</Encrypted>
</CancelInfo>
<ManageInfo/>
<ReservedInfo>
<MReserved1 urlencode="1"/>
<MReserved2 urlencode="1"/>
<MReserved3 urlencode="1"/>
</ReservedInfo>
</INIpay>
BG9ib/EVHiOuYWEvJw0SKXhuiTNRU4WBjAuLUlS9RMIx0/apLJtVkC+skrqvg/IG
7GblXf4yNirWTP46ecm8ngIwsGdAf7AmwJs7gUOceUeKBJzSIrbTNhHsDB7/5Ef9
GuxjzReOT0rH1VpNQB9JrPBUsQsV+hvhLkwVHpbLbhQ=
]
INFO	[2021-08-04 17:05:55:744] <30241> VERIFY OK
INFO	[2021-08-04 17:05:55:744] <30241> PARSE HEAD OK
INFO	[2021-08-04 17:05:55:744] <30241> PARSE BODY OK
INFO	[2021-08-04 17:05:55:745] <30241> DECRYPT OK
DEBUG	[2021-08-04 17:05:55:745] <30241> DECRYPT MSG:[<?xml version="1.0" encoding="UTF-8"?><CancelInfo>
<CancelDate>20210804</CancelDate>
<CancelTime>170555</CancelTime>
<ResultCode>170000</ResultCode>
<ResultMsg urlencode="1">%C1%A4%BB%F3%BF%CF%B7%E1</ResultMsg>
</CancelInfo>]
INFO	[2021-08-04 17:05:55:745] <30241> DECRYPT PARSE OK
INFO	[2021-08-04 17:05:55:745] <30241> END cancel 정상완료 Laptime:[0.589sec]
INFO	[2021-08-04 17:05:55:745] <30241> ===============================================================
INFO	[2021-08-04 19:42:10:146] <30230> START INIPHP cancel (V5036-141209)(OS:Linux2.6.32-754.11.1.el6.x86_64,PHP:5.3.3)
DEBUG	[2021-08-04 19:42:10:146] <30230> inipayhome:/home1/killdeal/public_html/shop/inicis
DEBUG	[2021-08-04 19:42:10:146] <30230> debug:false
DEBUG	[2021-08-04 19:42:10:146] <30230> type:cancel
DEBUG	[2021-08-04 19:42:10:146] <30230> mid:majorgol03
DEBUG	[2021-08-04 19:42:10:146] <30230> admin:1111
DEBUG	[2021-08-04 19:42:10:146] <30230> tid:INIMX_VBNKmajorgol0320210804180703215907
DEBUG	[2021-08-04 19:42:10:146] <30230> cancelmsg:주문자 본인 취소-구매의사 없음
INFO	[2021-08-04 19:42:10:146] <30230> Check Field OK
INFO	[2021-08-04 19:42:10:146] <30230> PI PUB KEY LOAD OK []
INFO	[2021-08-04 19:42:10:147] <30230> PG PUB KEY LOAD OK [30]
INFO	[2021-08-04 19:42:10:147] <30230> MERCHANT PRIV KEY LOAD OK
INFO	[2021-08-04 19:42:10:147] <30230> MERCHANT PUB KEY LOAD OK [0]
DEBUG	[2021-08-04 19:42:10:147] <30230> MAKE ENCRYPT OK[<?xml version="1.0" encoding="UTF-8"?>
<CancelInfo>
	  <CancelTID>INIMX_VBNKmajorgol0320210804180703215907</CancelTID>
	  <CancelMsg urlencode="1">%C1%D6%B9%AE%C0%DA+%BA%BB%C0%CE+%C3%EB%BC%D2-%B1%B8%B8%C5%C0%C7%BB%E7+%BE%F8%C0%BD</CancelMsg>
	  <CancelReason/></CancelInfo>]
INFO	[2021-08-04 19:42:10:147] <30230> MAKE BODY OK
INFO	[2021-08-04 19:42:10:148] <30230> SIGN OK
INFO	[2021-08-04 19:42:10:148] <30230> MAKE HEAD OK
INFO	[2021-08-04 19:42:10:148] <30230> MSG_TO_PG:[0099400175D SHA1                   0                                      300420majorgol03                    INIMX_VBNKmajorgol0320210804180703215907<?xml version="1.0" encoding="UTF-8"?>
<INIpay>
	  <CancelInfo>
	    <SessionKey>3Q/8BeD/Y2oBdKTMtA6JyOx1yhT2sJKotjbDQFde7MItZrqJ+iIAeqbW0SMpXAIY
+gFVbE+PEvBBMp1601DERCMof9bDgFNTHJY2GJe7QJ8ywDPSbNsstj0+XvE8Dddu
DaUpu1d4PTHqEnsJh4prLerOrK+PcgL8sN+5Wcs5nkI1XTYQwfqbcQ==
</SessionKey>
	    <Encrypted>cZLDil3AiKXwWL5DaHuWzyKbPuHqwhk7AvNVQ7sCXz3EFHyOzoBTfdrMSJvq89VL
6JAR2Tz0MbGCVrT6E9lWf2lPVkMVnDGrCN2VSRX8vEH2L6QHNEX48O47AUZS+Wp6
rcTJexWXJCnt7AFqCNS6jjL4MnXfblFTT8pOMp9CyuDts9ipP4pPaOEEfQtSEXDV
hpGlIUsI76HUxeSGBDv0QadEo5aXBx7xprUJnJXXCjNiGrd7Snv0cNlAXlgaoQJs
+ShnUtTIDp8ABnccN/EzALnm78xN1pmDuwWRiJee9o82d5wOmJ7mkdgit0+AUJnu
A0bDRJD8dTvjC2vRuk9eWMJqv4jMfr76d2s+UFIcWlVmkNdqb2h2Pg==
</Encrypted></CancelInfo>
	  <ReservedInfo>
	    <MReserved1/>
	    <MReserved2/>
	    <MReserved3/></ReservedInfo>
	  <ManageInfo>
	    <Language/>
	    <URL/>
	    <TXVersion>5036B141209canceLinux     PHPchkfake   2.6.32-754.11.1.el6.x86_64PHP:</TXVersion>
	    <TXUserID/>
	    <TXRegNum/></ManageInfo></INIpay>ACr+H8FUkmP6bcjGSRyy3/FZQf62I0WzLiesnlWLUqFVSgq3VPl6zmb3M1c/6oPb
sga3ehdwXhXjlBExmzivM/eCM11U1nYGeJ3AUFAUWBLlYmqyeGNzZ8Ktz9j/ier+
ELNF0Jg3+wuiUVD6+vDhFuOi8ycmhHxV+/9gDB4b0F91
]
INFO	[2021-08-04 19:42:10:148] <30230> DNS LOOKUP OK(203.238.37.3:203.238.37.3:34049) laptime:0
INFO	[2021-08-04 19:42:10:151] <30230> SOCKET CONNECT OK
INFO	[2021-08-04 19:42:10:151] <30230> SEND OK
INFO	[2021-08-04 19:42:10:247] <30230> RECV OK
INFO	[2021-08-04 19:42:10:247] <30230> MSG_FROM_PG:[0081500175D SHA1                   0                                      300430majorgol03                    INIMX_VBNKmajorgol0320210804180703215907<?xml version="1.0" encoding="UTF-8"?><INIpay>
<CancelInfo>
<ResultCode>504628</ResultCode>
<ResultMsg urlencode="1">%C3%EB%BC%D2%BA%D2%B0%A1%B4%C9+%B0%C5%B7%A1</ResultMsg>
<SessionKey>AJqdQzHCZWUdBBWKzkI48Pf07vJEtl5TfcJaOrX8Txjl35yu4WTxmDGiwN/OvgOk
Szulk7dx9C3P3qpZXBTpNkwIVZgvC9CzYIOeDTbV/4xs87NSn34YqiGytE4k0qWn
FAgOnn69ai52sz2Hhl2Axw451mmJKFJipMVK3u5b1jNTT5UhjyfoMdY=
</SessionKey>
<Encrypted>DqK8GJQpG8dHsva8RNL7T7Xxh9AOHmzJrcarpwq0LhuDaKGUUB9OAoBaPpllkge8
Uer5CksiMKBdoQM2+sAwfJ20Cx9M/7XQ3r/GJzITosBYFXXNc5/M6LHZNmmGQJCP
fHhUPy6t6jWKC5ZTtZr2H6M/l9XJcOVHNF5LCe0jQWzhKIpt0GrOKCmXPwiuRNeN
xAdeT0rxg+eVUb2FX9Jg7Utf6Img16oFCBLG+BucsTCaS795GNe0sg==
</Encrypted>
</CancelInfo>
<ManageInfo/>
<ReservedInfo>
<MReserved1 urlencode="1"/>
<MReserved2 urlencode="1"/>
<MReserved3 urlencode="1"/>
</ReservedInfo>
</INIpay>
WUt20fRL6/UKv32P8pIDctDRKd7PGe04tR5Rn8Ke47XHz5yKX6UKeRqUrLa1XctE
YIFV0iSebkvjosImJI5CESYbtoaHLWPjknQyaIzIfsuDMUZhcJpoiPf+WN2VbvWD
s3p3ch8y9Gk7xSdfbxyb+phvQvFVlJ2qeBKV6u9T8cw=
]
INFO	[2021-08-04 19:42:10:247] <30230> VERIFY OK
INFO	[2021-08-04 19:42:10:247] <30230> PARSE HEAD OK
INFO	[2021-08-04 19:42:10:247] <30230> PARSE BODY OK
INFO	[2021-08-04 19:42:10:248] <30230> DECRYPT OK
DEBUG	[2021-08-04 19:42:10:248] <30230> DECRYPT MSG:[<?xml version="1.0" encoding="UTF-8"?><CancelInfo>
<ResultCode>504628</ResultCode>
<ResultMsg urlencode="1">%C3%EB%BC%D2%BA%D2%B0%A1%B4%C9+%B0%C5%B7%A1</ResultMsg>
</CancelInfo>]
INFO	[2021-08-04 19:42:10:248] <30230> DECRYPT PARSE OK
INFO	[2021-08-04 19:42:10:248] <30230> END cancel [504628|취소불가능 거래] Laptime:[0.102sec]
INFO	[2021-08-04 19:42:10:248] <30230> ===============================================================
INFO	[2021-08-04 19:47:02:406] <30210> START INIPHP cancel (V5036-141209)(OS:Linux2.6.32-754.11.1.el6.x86_64,PHP:5.3.3)
DEBUG	[2021-08-04 19:47:02:406] <30210> inipayhome:/home1/killdeal/public_html/shop/inicis
DEBUG	[2021-08-04 19:47:02:406] <30210> debug:false
DEBUG	[2021-08-04 19:47:02:406] <30210> type:cancel
DEBUG	[2021-08-04 19:47:02:406] <30210> mid:majorgol03
DEBUG	[2021-08-04 19:47:02:406] <30210> admin:1111
DEBUG	[2021-08-04 19:47:02:406] <30210> tid:INIMX_CARDmajorgol0320210804180239545045
DEBUG	[2021-08-04 19:47:02:406] <30210> cancelmsg:주문자 본인 취소-구매의사 없음
INFO	[2021-08-04 19:47:02:406] <30210> Check Field OK
INFO	[2021-08-04 19:47:02:406] <30210> PI PUB KEY LOAD OK []
INFO	[2021-08-04 19:47:02:407] <30210> PG PUB KEY LOAD OK [30]
INFO	[2021-08-04 19:47:02:407] <30210> MERCHANT PRIV KEY LOAD OK
INFO	[2021-08-04 19:47:02:407] <30210> MERCHANT PUB KEY LOAD OK [0]
DEBUG	[2021-08-04 19:47:02:407] <30210> MAKE ENCRYPT OK[<?xml version="1.0" encoding="UTF-8"?>
<CancelInfo>
	  <CancelTID>INIMX_CARDmajorgol0320210804180239545045</CancelTID>
	  <CancelMsg urlencode="1">%C1%D6%B9%AE%C0%DA+%BA%BB%C0%CE+%C3%EB%BC%D2-%B1%B8%B8%C5%C0%C7%BB%E7+%BE%F8%C0%BD</CancelMsg>
	  <CancelReason/></CancelInfo>]
INFO	[2021-08-04 19:47:02:407] <30210> MAKE BODY OK
INFO	[2021-08-04 19:47:02:408] <30210> SIGN OK
INFO	[2021-08-04 19:47:02:408] <30210> MAKE HEAD OK
INFO	[2021-08-04 19:47:02:408] <30210> MSG_TO_PG:[0099400175D SHA1                   0                                      300420majorgol03                    INIMX_CARDmajorgol0320210804180239545045<?xml version="1.0" encoding="UTF-8"?>
<INIpay>
	  <CancelInfo>
	    <SessionKey>2rh2qj21V79g/U7bcldMkX8gWe5t9lNlydug47O7OLpWHvNaMoym3uW8h6uIjBXt
VDTUgZupeVM6MuCVeAfXT2CoGJMlmtoW/ATE/2R/AitZKrcGK1dbsyEGqi1A5dPb
g4supZmBDsgc+vMlA7FVcTtgJuUACKVrfKn6lm0dahcAnh1zkxuvvA==
</SessionKey>
	    <Encrypted>aSG8rtD4Mz9kD+KitRLNSejjX/YloW0tKUOF+97WZHRLgC9lyJzcYOBuQbowEI8H
Zb2rrcMa95cXYDbFPMqTFghGIrKctYA35sQG2DfSOEJTBe7YwmgiKGPrqo/L7IHS
wqH6QHlWG9UQ8mx7hTwX3TcMT0KZU6aN7pFRq3sdHp+AzlS1SQI1o6GS6cau0T+m
V30ZN46PlgO69E4P7frpk2eha7IX2H7/ohUKIgN1Tw4hwXMA9BluRtmyaps5b4nV
XeYD16ecQl7FrCVx80XvKNXUg361ObUgeWUcYCDozW5dBE1Np3bmBvZ9FfAssuft
JU1saRD/aOfO57nbwtI/wvyql9bvEdyQAwEeQZjIqEQZuec7Aa0TDg==
</Encrypted></CancelInfo>
	  <ReservedInfo>
	    <MReserved1/>
	    <MReserved2/>
	    <MReserved3/></ReservedInfo>
	  <ManageInfo>
	    <Language/>
	    <URL/>
	    <TXVersion>5036B141209canceLinux     PHPchkfake   2.6.32-754.11.1.el6.x86_64PHP:</TXVersion>
	    <TXUserID/>
	    <TXRegNum/></ManageInfo></INIpay>ARWrACr3MqmQlqn+vxwRQfQ7fcnH5umwAGrNs207d1VBa0wxIBu2zJaZ+wJu49fa
6RBe2RllMch6jA4W/F9YOq5Bq7w3KREMplHasRHb51RTvQdzBtBuPxfEvXf8kNwO
I7aJRxPAtCNqhGUW3rAB0xjnyzlXIHSvUjMvqPHsUzmZ
]
INFO	[2021-08-04 19:47:02:408] <30210> DNS LOOKUP OK(203.238.37.3:203.238.37.3:34049) laptime:0
INFO	[2021-08-04 19:47:02:410] <30210> SOCKET CONNECT OK
INFO	[2021-08-04 19:47:02:410] <30210> SEND OK
INFO	[2021-08-04 19:47:03:52] <30210> RECV OK
INFO	[2021-08-04 19:47:03:52] <30210> MSG_FROM_PG:[0093300175D SHA1                   0                                      300430majorgol03                    INIMX_CARDmajorgol0320210804180239545045<?xml version="1.0" encoding="UTF-8"?><INIpay>
<CancelInfo>
<ResultCode>120000</ResultCode>
<ResultMsg urlencode="1">%C1%A4%BB%F3%C3%B3%B8%AE%B5%C7%BE%FA%BD%C0%B4%CF%B4%D9.</ResultMsg>
<SessionKey>AL1TWCQJJwlkh6WeGVEpj9s0+uSclCS0iUKW58G6YUQGkt+YBk4BCKp9vbG3Pit+
NDLxuSKEKoqqboYec9L79lB7az/72Dw0BpY1VR1bVl/DB2rcvxEAMIG79fE8oSLj
61DK5c+ws+MvEu8cXNiW/Cjw+HwcJ6Mp7fJOhfLfjX86+5v8OXEGyrw=
</SessionKey>
<Encrypted>SepDiCKKJGCez+IASOSELWZBhS7trGlwmGp4Bf3K5GuOlYG70TSPFtG4ROgijvKr
xGha1b0qiSALwZKldQ8d07Merckllfy6fQPxDw7Ij/TeGL+XsxbAFPyLO/jP71HY
sEJltUiMpQaLeRNF0iRPfxfPzQZwJCrOMAZqtHBIb7cbt00i2DV3+5i8V6P7lXvu
T1+vuJcdVctx8QVxnL5lG5HQTlDirz58zrHqHtwM7/5K+ifL+iCWVK3vgTMcAKCo
iyuziTBG6I1w1r2Gxq/zn0GCq+2HNuj9SQr/yCUWB7fpsUxRgZyAEm0xmX2/LNNp
YAy95ooVPfcgQvoeNX4IOiW8JwkmRktL
</Encrypted>
</CancelInfo>
<ManageInfo/>
<ReservedInfo>
<MReserved1 urlencode="1"/>
<MReserved2 urlencode="1"/>
<MReserved3 urlencode="1"/>
</ReservedInfo>
</INIpay>
RNNdhCRf/UzS8yaZobYPufOFEYGBAjgT93phrpiBL36IN6pR6luFmvqVZuq2JPZH
3ZyDBAhWYDZ16q1StzgTbPIV8iGxXut1AGcosFdm0hEShW1vbCSyrDR7aIghF7sm
+iIjL3Ro0hFCrBsFCkI//fcetRdh74WCUhSk2GsQ2TA=
]
INFO	[2021-08-04 19:47:03:52] <30210> VERIFY OK
INFO	[2021-08-04 19:47:03:52] <30210> PARSE HEAD OK
INFO	[2021-08-04 19:47:03:53] <30210> PARSE BODY OK
INFO	[2021-08-04 19:47:03:53] <30210> DECRYPT OK
DEBUG	[2021-08-04 19:47:03:53] <30210> DECRYPT MSG:[<?xml version="1.0" encoding="UTF-8"?><CancelInfo>
<CancelDate>20210804</CancelDate>
<CancelTime>194702</CancelTime>
<ResultCode>120000</ResultCode>
<ResultMsg urlencode="1">%C1%A4%BB%F3%C3%B3%B8%AE%B5%C7%BE%FA%BD%C0%B4%CF%B4%D9.</ResultMsg>
</CancelInfo>]
INFO	[2021-08-04 19:47:03:53] <30210> DECRYPT PARSE OK
INFO	[2021-08-04 19:47:03:53] <30210> END cancel 정상처리되었습니다. Laptime:[0.647sec]
INFO	[2021-08-04 19:47:03:53] <30210> ===============================================================
INFO	[2021-08-04 19:47:34:725] <30241> START INIPHP cancel (V5036-141209)(OS:Linux2.6.32-754.11.1.el6.x86_64,PHP:5.3.3)
DEBUG	[2021-08-04 19:47:34:725] <30241> inipayhome:/home1/killdeal/public_html/shop/inicis
DEBUG	[2021-08-04 19:47:34:725] <30241> debug:false
DEBUG	[2021-08-04 19:47:34:725] <30241> type:cancel
DEBUG	[2021-08-04 19:47:34:725] <30241> mid:majorgol03
DEBUG	[2021-08-04 19:47:34:725] <30241> admin:1111
DEBUG	[2021-08-04 19:47:34:725] <30241> tid:INIMX_CARDmajorgol0320210804180029865946
DEBUG	[2021-08-04 19:47:34:725] <30241> cancelmsg:주문자 본인 취소-구매의사 없음
INFO	[2021-08-04 19:47:34:725] <30241> Check Field OK
INFO	[2021-08-04 19:47:34:725] <30241> PI PUB KEY LOAD OK []
INFO	[2021-08-04 19:47:34:726] <30241> PG PUB KEY LOAD OK [30]
INFO	[2021-08-04 19:47:34:726] <30241> MERCHANT PRIV KEY LOAD OK
INFO	[2021-08-04 19:47:34:726] <30241> MERCHANT PUB KEY LOAD OK [0]
DEBUG	[2021-08-04 19:47:34:726] <30241> MAKE ENCRYPT OK[<?xml version="1.0" encoding="UTF-8"?>
<CancelInfo>
	  <CancelTID>INIMX_CARDmajorgol0320210804180029865946</CancelTID>
	  <CancelMsg urlencode="1">%C1%D6%B9%AE%C0%DA+%BA%BB%C0%CE+%C3%EB%BC%D2-%B1%B8%B8%C5%C0%C7%BB%E7+%BE%F8%C0%BD</CancelMsg>
	  <CancelReason/></CancelInfo>]
INFO	[2021-08-04 19:47:34:726] <30241> MAKE BODY OK
INFO	[2021-08-04 19:47:34:727] <30241> SIGN OK
INFO	[2021-08-04 19:47:34:727] <30241> MAKE HEAD OK
INFO	[2021-08-04 19:47:34:727] <30241> MSG_TO_PG:[0099400175D SHA1                   0                                      300420majorgol03                    INIMX_CARDmajorgol0320210804180029865946<?xml version="1.0" encoding="UTF-8"?>
<INIpay>
	  <CancelInfo>
	    <SessionKey>gbrUWHsoJevKJp/n0GLwwhJWgTGP6QIwXIbcdG6nu3Neb3ou6Khm57zwi6XWXQ1g
uQLW0U9xGDEG+d4vVxBMDylNcIoeDrgDZ5pA0TOyZoDxU5JB+l2dsX9bGXHAtukW
yddqIe11Hq0IgozSAlh0l3bdja6pLjPAf/C7kxJOI2uGydLwLNA0tQ==
</SessionKey>
	    <Encrypted>TKmleaVstzi031kZhJjhWIUpxWZTo746VbAQsIP2hLmBrZJARc83KLNV8ZOH03uQ
3WpLlfJBcNYIskkTDozMJFoAedd7yTjZ6IL05etTCTRYuvd4rT4uYNY8QkDVEQH6
tRdGrO+Xc6x5ns0ldnZRbTBBl5o3bOGlkwlSaNLu4iP+1iPlVYiucSQnfnssm3Xd
o9qW8/1R1xyXlF3tqaieC0qQpDhpgy4egXtYGG2N/oV//QUdKqP97+4mqBTashKZ
A0mV0dxHaw8T25JiS+DuOeLgR42FsP45zzGlTp9QAOrUTItU1P8NxmUowL3ZGceh
+PgCiQIkCSj5L4UQ/d5qHzEnjWypLIPCI7pkytZMQWGDTA6LoNhAdQ==
</Encrypted></CancelInfo>
	  <ReservedInfo>
	    <MReserved1/>
	    <MReserved2/>
	    <MReserved3/></ReservedInfo>
	  <ManageInfo>
	    <Language/>
	    <URL/>
	    <TXVersion>5036B141209canceLinux     PHPchkfake   2.6.32-754.11.1.el6.x86_64PHP:</TXVersion>
	    <TXUserID/>
	    <TXRegNum/></ManageInfo></INIpay>AGlTXN3L3NtDZs6hXASXpK5MW2At0OWZLWPZnex6rEqRCkCOqVie03z1/yixUwqv
JOOzWzoEOVdROcOPEvhylOz9iYwMWkmXbfMosCQXpbSjOFVlO/W1SNLEYS0q9aKf
yfk7RdyC++Mk/LjcMu0V4wJbSzOp8XbJep39wapPrl8W
]
INFO	[2021-08-04 19:47:34:727] <30241> DNS LOOKUP OK(203.238.37.3:203.238.37.3:34049) laptime:0
INFO	[2021-08-04 19:47:34:730] <30241> SOCKET CONNECT OK
INFO	[2021-08-04 19:47:34:730] <30241> SEND OK
INFO	[2021-08-04 19:47:35:43] <30241> RECV OK
INFO	[2021-08-04 19:47:35:43] <30241> MSG_FROM_PG:[0093300175D SHA1                   0                                      300430majorgol03                    INIMX_CARDmajorgol0320210804180029865946<?xml version="1.0" encoding="UTF-8"?><INIpay>
<CancelInfo>
<ResultCode>120000</ResultCode>
<ResultMsg urlencode="1">%C1%A4%BB%F3%C3%B3%B8%AE%B5%C7%BE%FA%BD%C0%B4%CF%B4%D9.</ResultMsg>
<SessionKey>AN3/f5/Gga/znD6nhnaUoyHjYDd39BxI/yJ5CyGu5/DgrAu/N1qs0PLH3FONX7QP
6D7nuMuoAihmOpSrf8DmBSorD9wytVkAmWFKu9IOdwgBTYZOPCf7fFlh9uoXelat
ZCgCeQtHA3/sM+1rlH5cNWvcCTAhMhZe4BEa2bzpAyFbi2texALophc=
</SessionKey>
<Encrypted>lYsYlzQ5b9RC27DfyXIKUsOEjEDGaZ/O2d/JFUYRxhju07MSgWaKmsQh8IiDYwbp
bZImr6dlGBM4u0m5imI1Vc4x0Q3xofQVkdi9RO+DSXcQFjQM6opY3lFDT7T4Dxw/
B4Op3pOatBH2QbTk5yvUpA1DL4ZvbkhB0pEg0BEZTES1k/MJDKVAgIe8M57ur4yr
7nlfTYqcmLWJ+lATsfqs4s7fHvWvRxuUikCXuP+ofKmWXMnlFm83s4Pwmz/xqvjw
pigqqXAoyakVh283Rq4VqyDXlrBDmI7oW03q6VWmmwBBmtH8X4nfPbssKY1zEPKh
cOdZboWl0jD4ZIzElMDo8P+aMHidhfKO
</Encrypted>
</CancelInfo>
<ManageInfo/>
<ReservedInfo>
<MReserved1 urlencode="1"/>
<MReserved2 urlencode="1"/>
<MReserved3 urlencode="1"/>
</ReservedInfo>
</INIpay>
dO1q3zue7ZzUx9UwhfNDqPrcQOMghIDS5DFWiW4LlKJ4Pns3LgUdMWfT1UMXlNJN
C5lye1LiZbYZLkFj32IYil5RU094xJRQ9+iO25nTtNLAJNsOUcBykTmohyOT1iar
+Q1fhpp2PHqafrBhO9zeb4DkqRHSONR8UWD0XMR0Jqo=
]
INFO	[2021-08-04 19:47:35:44] <30241> VERIFY OK
INFO	[2021-08-04 19:47:35:44] <30241> PARSE HEAD OK
INFO	[2021-08-04 19:47:35:44] <30241> PARSE BODY OK
INFO	[2021-08-04 19:47:35:44] <30241> DECRYPT OK
DEBUG	[2021-08-04 19:47:35:44] <30241> DECRYPT MSG:[<?xml version="1.0" encoding="UTF-8"?><CancelInfo>
<CancelDate>20210804</CancelDate>
<CancelTime>194734</CancelTime>
<ResultCode>120000</ResultCode>
<ResultMsg urlencode="1">%C1%A4%BB%F3%C3%B3%B8%AE%B5%C7%BE%FA%BD%C0%B4%CF%B4%D9.</ResultMsg>
</CancelInfo>]
INFO	[2021-08-04 19:47:35:45] <30241> DECRYPT PARSE OK
INFO	[2021-08-04 19:47:35:45] <30241> END cancel 정상처리되었습니다. Laptime:[0.319sec]
INFO	[2021-08-04 19:47:35:45] <30241> ===============================================================
