INFO	[2021-09-27 09:11:30:49] <9207> START INIPHP repay (V5036-141209)(OS:Linux2.6.32-754.11.1.el6.x86_64,PHP:5.3.3)
DEBUG	[2021-09-27 09:11:30:49] <9207> inipayhome:/home1/killdeal/public_html/shop/inicis
DEBUG	[2021-09-27 09:11:30:49] <9207> debug:false
DEBUG	[2021-09-27 09:11:30:49] <9207> type:repay
DEBUG	[2021-09-27 09:11:30:49] <9207> pgid:INIphpRPAY
DEBUG	[2021-09-27 09:11:30:49] <9207> subpgip:203.238.3.10
DEBUG	[2021-09-27 09:11:30:49] <9207> mid:fourseason
DEBUG	[2021-09-27 09:11:30:49] <9207> admin:1111
DEBUG	[2021-09-27 09:11:30:49] <9207> oldtid:StdpayCARDfourseason20210921003201883668
DEBUG	[2021-09-27 09:11:30:49] <9207> currency:WON
DEBUG	[2021-09-27 09:11:30:49] <9207> price:25600
DEBUG	[2021-09-27 09:11:30:49] <9207> confirm_price:94900
DEBUG	[2021-09-27 09:11:30:49] <9207> buyeremail:kwonog59@naver.com
DEBUG	[2021-09-27 09:11:30:49] <9207> tax:2327
DEBUG	[2021-09-27 09:11:30:49] <9207> taxfree:0
INFO	[2021-09-27 09:11:30:49] <9207> Check Field OK
INFO	[2021-09-27 09:11:30:49] <9207> Make TID OK INIphpRPAYfourseason20210927091130495051
INFO	[2021-09-27 09:11:30:49] <9207> PI PUB KEY LOAD OK []
INFO	[2021-09-27 09:11:30:50] <9207> PG PUB KEY LOAD OK [30]
INFO	[2021-09-27 09:11:30:50] <9207> MERCHANT PRIV KEY LOAD OK
INFO	[2021-09-27 09:11:30:50] <9207> MERCHANT PUB KEY LOAD OK [0]
DEBUG	[2021-09-27 09:11:30:51] <9207> MAKE ENCRYPT OK[<?xml version="1.0" encoding="UTF-8"?>
<PartCancelInfo>
	  <PRTC_TID>StdpayCARDfourseason20210921003201883668</PRTC_TID>
	  <PRTC_Price>25600</PRTC_Price>
	  <PRTC_Remains>94900</PRTC_Remains>
	  <PRTC_Quota/>
	  <PRTC_Interest/>
	  <PRTC_NoAcctFNBC/>
	  <PRTC_NmAcctFNBC/></PartCancelInfo>]
INFO	[2021-09-27 09:11:30:51] <9207> MAKE BODY OK
INFO	[2021-09-27 09:11:30:51] <9207> SIGN OK
INFO	[2021-09-27 09:11:30:51] <9207> MAKE HEAD OK
INFO	[2021-09-27 09:11:30:51] <9207> MSG_TO_PG:[0111700175D SHA1                   0                                      300620fourseason               25600INIphpRPAYfourseason20210927091130495051<?xml version="1.0" encoding="UTF-8"?>
<INIpay>
	  <PartCancelInfo>
	    <SessionKey>na3gZAgO1gXjulbdSJdJfTRyqhOWoWnSspP9pm1pusesNXcIdPHqlIf7V+mqSTgD
BL+Kb+ZrBu66A55v6vBlcuBdx7VLmsBgQOFN5xfp37rsrc6BLNVS672QBtCQmuGo
hxPgnRbF8Dwy7DvSDxSp/dk1NoFrvHnqfMgIvw330buzA+wqgRf3iQ==
</SessionKey>
	    <Encrypted>Ed5AVNl/jmUKv8Yhtd0O70O46QXewqDkTbOvwyLuUC1kjn2oImY/f6+nfxO3frue
piDD/eh4L5iaQ9/mUPyuExktLs43U88cRB9Co/C880W5n3zGCh8hcUFVWOPGr8Si
GI202lLAEMZFp4rk8nZVc50lyrNUvnXhgFpUWViX9rBXqxzWC/+f1JkEAXaXlM5G
wnrOhbAEqn1FcqOjP5neyIqFTxsgpoapFs59y4A5hviYRxtD8an20IX5JZuZm+SP
SeJTfWzkO8BeK+ZBl+SgMJCeaZ6rBjHWqDVoUT+/jg9/0sWA7XGWUvoBZZAhHegk
a9JKjYeO8jHEDzNhAwH3virL90VkYfu3KuFW3D//Hzb1jJy32PvEk57cLeZdTOlK
WYkmQ60kIMQ=
</Encrypted></PartCancelInfo>
	  <GoodsInfo>
	    <Tax>2327</Tax>
	    <TaxFree/>
	    <Currency>WON</Currency></GoodsInfo>
	  <ReservedInfo>
	    <MReserved1/>
	    <MReserved2/>
	    <MReserved3/></ReservedInfo>
	  <ManageInfo>
	    <Language/>
	    <URL/>
	    <TXVersion>5036B141209repayLinux     PHPchkfake   2.6.32-754.11.1.el6.x86_64PHP:</TXVersion>
	    <TXUserID/>
	    <TXRegNum/></ManageInfo></INIpay>AMdeba31SeFqwJIIEpFiFMZ/tZkj4Y5whiJzngeCvLLWBnBilWSGofgs7zk9PMgM
o8IMauu/mObyMx6DcSiCtnlg4cin9nAmaK093gTcHDA8dvcld+P/GJHD97FZ24kF
MHo6SLmGuRfxYN9HxoNa9dgwJtE7D3Rwn2rqJBo6ZYOC
]
INFO	[2021-09-27 09:11:30:52] <9207> DNS LOOKUP OK(203.238.37.3:203.238.37.3:34049) laptime:0
INFO	[2021-09-27 09:11:30:54] <9207> SOCKET CONNECT OK
INFO	[2021-09-27 09:11:30:54] <9207> SEND OK
INFO	[2021-09-27 09:11:30:359] <9207> RECV OK
INFO	[2021-09-27 09:11:30:359] <9207> MSG_FROM_PG:[0098000175D SHA1                   0                                      300630fourseason               25600INIphpRPAYfourseason20210927091130495051<?xml version="1.0" encoding="UTF-8"?><INIpay>
<PartCancelInfo>
<PayMethod>Card</PayMethod>
<ResultCode>120000</ResultCode>
<ResultMsg urlencode="1">%C1%A4%BB%F3%C3%B3%B8%AE%B5%C7%BE%FA%BD%C0%B4%CF%B4%D9.</ResultMsg>
<SessionKey>APLI4KqoDi7Ffc+pBM2cxK6iFXMtdFfC2dxVIDPEpWeQPy7Zo/fBBuPNvawAFORm
ZzMs5frcaYuzuf4q58r894kr4kStlGvRkRaSg430e0Pja1ZGBogchHgi+MEYhusP
wcBtYugj9hGLqxVqJ6UF5PEz7NgDsZP+HXriNLCsRNccqgEkfeTdrlY=
</SessionKey>
<Encrypted>piVuY9HBhh1nqft1Rv47ie/lCRY6XqzvcNTzfuEBJX9yhI4sTdjrF/+Go4VNntPX
O4Btx1e/nqk9HEg+fIzcYYI2qQO9A7VqtpMuUF2UmhWfw1HB3EDMU6VO0x//nJFy
nf5OJdcP5KRyJYEvCvfqyiPR26PKKcVR5bb9WDVwSsGwgcnp2gqtkry00OuYnk11
s9CE1H7/0UgnqOozUvvtdBRLG1Cc18sqOfPS3NEr4kRIy+WqwYAcKyCKSaqOCNWc
O864oBzo371W4YgJ+Yp2OdO1LCgDwd9pcYhHzZGPaXHlSgcnTqFvib6sFnbBPWxH
9bxxtzlv0OrH8XbmXl/LioxSsVGWNfegWZwZ//tQcpx5SQQm7TI0OyoQ/B/1Bf5A
btnpubz4z5PrN/nAbBc8YS/lQTygojWHAtdd8yVAcG7MstAqhda8CggbCabT+P+L
XeVofjKU4Ts=
</Encrypted>
</PartCancelInfo>
<ManageInfo/>
<ReservedInfo/>
</INIpay>
hCGHlC1jdbD9x5gO9UtBb/1YbjISPGHrctH/e3Kvp6oVJr7v1+l9++UT5wcVBrBP
Xi2R5EHKXYCT/LeSdsHrLUzH/QzAkk+Ep9IBZjk577bvvGISrpbEX2PZcZ4On+Uy
9SNOT2fz6EI4Wp0PfR1Bb89Y3XTjVdqSBi7ll25HMyo=
]
INFO	[2021-09-27 09:11:30:359] <9207> VERIFY OK
INFO	[2021-09-27 09:11:30:359] <9207> PARSE HEAD OK
INFO	[2021-09-27 09:11:30:359] <9207> PARSE BODY OK
INFO	[2021-09-27 09:11:30:360] <9207> DECRYPT OK
DEBUG	[2021-09-27 09:11:30:360] <9207> DECRYPT MSG:[<?xml version="1.0" encoding="UTF-8"?><PartCancelInfo>
<PRTC_TID>StdpayCARDfourseason20210921003201883668</PRTC_TID>
<PRTC_Price>25600</PRTC_Price>
<PRTC_Remains>94900</PRTC_Remains>
<PRTC_Quota>05</PRTC_Quota>
<PRTC_Type>1</PRTC_Type>
<CancelDate>20210927</CancelDate>
<CancelTime>091130</CancelTime>
<PRTC_Cnt>1</PRTC_Cnt>
</PartCancelInfo>]
INFO	[2021-09-27 09:11:30:360] <9207> DECRYPT PARSE OK
INFO	[2021-09-27 09:11:30:360] <9207> END repay 정상처리되었습니다. Laptime:[0.312sec]
INFO	[2021-09-27 09:11:30:360] <9207> ===============================================================
