INFO	[2023-10-06 17:25:17:913] <25071> START INIPHP cancel (V5036-141209)(OS:Linux2.6.32-754.11.1.el6.x86_64,PHP:5.3.3)
DEBUG	[2023-10-06 17:25:17:913] <25071> inipayhome:/home1/killdeal/public_html/shop/inicis
DEBUG	[2023-10-06 17:25:17:913] <25071> debug:false
DEBUG	[2023-10-06 17:25:17:913] <25071> type:cancel
DEBUG	[2023-10-06 17:25:17:913] <25071> mid:majorgol03
DEBUG	[2023-10-06 17:25:17:913] <25071> admin:1111
DEBUG	[2023-10-06 17:25:17:913] <25071> tid:INIMX_CARDmajorgol0320231006170553905992
DEBUG	[2023-10-06 17:25:17:913] <25071> cancelmsg:주문자 본인 취소-상품옵션 선택 잘못함
INFO	[2023-10-06 17:25:17:913] <25071> Check Field OK
INFO	[2023-10-06 17:25:17:913] <25071> PI PUB KEY LOAD OK []
INFO	[2023-10-06 17:25:17:918] <25071> PG PUB KEY LOAD OK [30]
INFO	[2023-10-06 17:25:17:918] <25071> MERCHANT PRIV KEY LOAD OK
INFO	[2023-10-06 17:25:17:918] <25071> MERCHANT PUB KEY LOAD OK [0]
DEBUG	[2023-10-06 17:25:17:919] <25071> MAKE ENCRYPT OK[<?xml version="1.0" encoding="UTF-8"?>
<CancelInfo>
	  <CancelTID>INIMX_CARDmajorgol0320231006170553905992</CancelTID>
	  <CancelMsg urlencode="1">%C1%D6%B9%AE%C0%DA+%BA%BB%C0%CE+%C3%EB%BC%D2-%BB%F3%C7%B0%BF%C9%BC%C7+%BC%B1%C5%C3+%C0%DF%B8%F8%C7%D4</CancelMsg>
	  <CancelReason/></CancelInfo>]
INFO	[2023-10-06 17:25:17:919] <25071> MAKE BODY OK
INFO	[2023-10-06 17:25:17:919] <25071> SIGN OK
INFO	[2023-10-06 17:25:17:919] <25071> MAKE HEAD OK
INFO	[2023-10-06 17:25:17:919] <25071> MSG_TO_PG:[0101500175D SHA1                   0                                      300420majorgol03                    INIMX_CARDmajorgol0320231006170553905992<?xml version="1.0" encoding="UTF-8"?>
<INIpay>
	  <CancelInfo>
	    <SessionKey>T5NZ2sX18fgMboxY0tPKUqdJaSZhnsNf2XOg6oGvZ3STU1YktLIwJhf4hVeGpCPu
FBSHzuTEaYT900FoowH9FqEbFD1H61hZTL172b4APUET0veNbL/JyCRkCNoWLB0S
WrRtMZ10Jq+6qN3txdkS17ISFlFT4J3SX4bgfDejonW5xHlHctUyoA==
</SessionKey>
	    <Encrypted>g1Q8FcV45fk1VQ/xejikuuWUNighFCqtZpiYRxYnpFUeBSsDEIhzMNtPefFelO6v
zaX84TwXfQG1qz86hDJnz88K1rz+RVsYxW7dvyW8xf2XxhlZe3AADeYS7fSh8j9b
qe37ZLnYUVuhphCAopjt3FUafJUv7E1hxi2CYbTmq+C1mG3Uydr/uz54xX4T9fh1
6rSusftspPetXfW0SINSKVIKeoPOYPeGEOrKP+Qn2gHJWUoHsGNxbYC2ZdEdEWSV
fJeeMp1Y6cMzCwX4rB1lY6pM3Zs+TJvatiUEyfxvi5SpHMWGldZlF2I5r94quyyX
dXC1X5QqDlwDQsf46n8bGzH5J9zzVsacJrXApqlAq0CsnBUWZcuio2YMr8VLQebX
OOOkl0w3F3c=
</Encrypted></CancelInfo>
	  <ReservedInfo>
	    <MReserved1/>
	    <MReserved2/>
	    <MReserved3/></ReservedInfo>
	  <ManageInfo>
	    <Language/>
	    <URL/>
	    <TXVersion>5036B141209canceLinux     PHPchkfake   2.6.32-754.11.1.el6.x86_64PHP:</TXVersion>
	    <TXUserID/>
	    <TXRegNum/></ManageInfo></INIpay>AKjRD2BB/1MJetq4APUZltZeV0zA+SQHY2JjFC92FYC/934E4tNo/6KYM+KlAAv+
/YwOBj81rQjrkRPIB02L8BejcZHkOTvDmlMmtInGrkURmERuezHFVSB6ZCIzOeMw
bgbXwX2Uk5OwRAEhKUqi5+qOCyrARoFVpllibeeUDOPA
]
INFO	[2023-10-06 17:25:17:919] <25071> DNS LOOKUP OK(203.238.37.3:203.238.37.3:34049) laptime:0
INFO	[2023-10-06 17:25:17:922] <25071> SOCKET CONNECT OK
INFO	[2023-10-06 17:25:17:922] <25071> SEND OK
INFO	[2023-10-06 17:25:18:777] <25071> RECV OK
INFO	[2023-10-06 17:25:18:777] <25071> MSG_FROM_PG:[0093300175D SHA1                   0                                      300430majorgol03                    INIMX_CARDmajorgol0320231006170553905992<?xml version="1.0" encoding="UTF-8"?><INIpay>
<CancelInfo>
<ResultCode>120000</ResultCode>
<ResultMsg urlencode="1">%C1%A4%BB%F3%C3%B3%B8%AE%B5%C7%BE%FA%BD%C0%B4%CF%B4%D9.</ResultMsg>
<SessionKey>AEsvJf7zYZRhokJnoJRnHX8Em5kAb16C6JJ6oPm9eeWW95Z5JbWgtS7cacAO4FiY
lmerIub3Ot/SuGam0olRE5KqyIiTaFe76PMO+pf6QXenM1YVAC8yI4Lukybg5cps
MV9zj8HQRXZqeKi8U0V7ON6h1Psvy/TU4csc9lfeIQV8tTCBmFwEkSo=
</SessionKey>
<Encrypted>v2rODmUvevDmER0Mt9xUwXvBE13YZI5BHUmjVD6rlv2C1uhu6BylG9812b5fFpBz
KKZgxq7NiP4NHwQR4UAcNbaJJ6vcw+pAQ+juThY1ajAxk3ejP3SgQ4OpASAOPCbF
ZPsf71CNSpP7KzfIYVBnWH/2x2ZWlEzOSMeNJOhp2WfszSEAzYN4Ka9mv1ZfB7AR
xlYz0onF6vGQgIMH6n3fm328rOQu49ooY8C3F3uqAxQaWGg4JnF9ybmvUnYEhFjs
McR4RGnhuOGdCp+UZMiOkStuVkhOuR9Tl40QxKAod+V+SghwLgxR6MUuqzCCDfQY
mZNo8zjrvnTfu15QkbuLh1F3/XTXyOOm
</Encrypted>
</CancelInfo>
<ManageInfo/>
<ReservedInfo>
<MReserved1 urlencode="1"/>
<MReserved2 urlencode="1"/>
<MReserved3 urlencode="1"/>
</ReservedInfo>
</INIpay>
cn9F7gt0p4XLwBqdD7fkjDmZXrDQ1ZaS8FlcHfnA2xGjDGimgTzNYTdZMk0JllCA
Gh/4qLiuDFVQhCghGDLCn+0LfOYJG+Z2PhMBm4h2cAjW1e1/tS9/7CME4h3cX3V8
P+0LISIkPSwRlhgmzSk7RBWI5+L5tZWbIHDC1oqbjrs=
]
INFO	[2023-10-06 17:25:18:777] <25071> VERIFY OK
INFO	[2023-10-06 17:25:18:777] <25071> PARSE HEAD OK
INFO	[2023-10-06 17:25:18:783] <25071> PARSE BODY OK
INFO	[2023-10-06 17:25:18:783] <25071> DECRYPT OK
DEBUG	[2023-10-06 17:25:18:784] <25071> DECRYPT MSG:[<?xml version="1.0" encoding="UTF-8"?><CancelInfo>
<CancelDate>20231006</CancelDate>
<CancelTime>172519</CancelTime>
<ResultCode>120000</ResultCode>
<ResultMsg urlencode="1">%C1%A4%BB%F3%C3%B3%B8%AE%B5%C7%BE%FA%BD%C0%B4%CF%B4%D9.</ResultMsg>
</CancelInfo>]
INFO	[2023-10-06 17:25:18:784] <25071> DECRYPT PARSE OK
INFO	[2023-10-06 17:25:18:784] <25071> END cancel 정상처리되었습니다. Laptime:[0.871sec]
INFO	[2023-10-06 17:25:18:784] <25071> ===============================================================
