INFO	[2022-02-20 08:27:02:3] <16258> START INIPHP cancel (V5036-141209)(OS:Linux2.6.32-754.11.1.el6.x86_64,PHP:5.3.3)
DEBUG	[2022-02-20 08:27:02:3] <16258> inipayhome:/home1/killdeal/public_html/shop/inicis
DEBUG	[2022-02-20 08:27:02:3] <16258> debug:false
DEBUG	[2022-02-20 08:27:02:3] <16258> type:cancel
DEBUG	[2022-02-20 08:27:02:3] <16258> mid:majorgol03
DEBUG	[2022-02-20 08:27:02:3] <16258> admin:1111
DEBUG	[2022-02-20 08:27:02:3] <16258> tid:INIMX_CARDmajorgol0320220219152108375892
DEBUG	[2022-02-20 08:27:02:3] <16258> cancelmsg:주문자 본인 취소-상품옵션 선택 잘못함
INFO	[2022-02-20 08:27:02:3] <16258> Check Field OK
INFO	[2022-02-20 08:27:02:3] <16258> PI PUB KEY LOAD OK []
INFO	[2022-02-20 08:27:02:3] <16258> PG PUB KEY LOAD OK [30]
INFO	[2022-02-20 08:27:02:3] <16258> MERCHANT PRIV KEY LOAD OK
INFO	[2022-02-20 08:27:02:4] <16258> MERCHANT PUB KEY LOAD OK [0]
DEBUG	[2022-02-20 08:27:02:4] <16258> MAKE ENCRYPT OK[<?xml version="1.0" encoding="UTF-8"?>
<CancelInfo>
	  <CancelTID>INIMX_CARDmajorgol0320220219152108375892</CancelTID>
	  <CancelMsg urlencode="1">%C1%D6%B9%AE%C0%DA+%BA%BB%C0%CE+%C3%EB%BC%D2-%BB%F3%C7%B0%BF%C9%BC%C7+%BC%B1%C5%C3+%C0%DF%B8%F8%C7%D4</CancelMsg>
	  <CancelReason/></CancelInfo>]
INFO	[2022-02-20 08:27:02:4] <16258> MAKE BODY OK
INFO	[2022-02-20 08:27:02:5] <16258> SIGN OK
INFO	[2022-02-20 08:27:02:5] <16258> MAKE HEAD OK
INFO	[2022-02-20 08:27:02:5] <16258> MSG_TO_PG:[0101500175D SHA1                   0                                      300420majorgol03                    INIMX_CARDmajorgol0320220219152108375892<?xml version="1.0" encoding="UTF-8"?>
<INIpay>
	  <CancelInfo>
	    <SessionKey>ijB1jPaetJ4s2QwpcXmShX+CsQVakZzGNJiUvcAAJQtHAma/BPbux5bI7Ku5ixBO
VxPBgrNTs/Q+Q1FIP1joPZdkKeE+3vDSgHGEVdggDWvZeJViyURUoW85E+L4SRdy
tlFY1nGnqOKnnu5577AgjhQU9IlVCxldm54IJyh+2Q/oV8Hq0sRiMQ==
</SessionKey>
	    <Encrypted>qbJNKs8SDb2Uoeifgrd4lp9Hiozhuw8NfUjBaKBfPgmhI3znm7O/wh2jn+HnstOc
XCsiNTFVtnV6aiMxf4ZZczOAQjHQKq06uprub16BW7dQwAzqmF0nsOKzvkldEMCg
sSztLwiZ/wIb1+YrnK2pxZY9PnyuT3dTP6yUvDmqhetJi2E9RBPlc4qvQ9Z7CH1C
hS7BlTov7ppFDjTnax3KqoaQvlXD90DHIiJwZWV9uCn10ls3fRwzmhtRhkbZGzhx
eTyhQU9LS6TptkGT/y0vjwCUo6WnpSFJsCgFRN6ZIAWDy0VzhIjgzZTYbmQJsSrJ
x5cNAhLs/uD/o50n08UaNXmyQIaJNtyLV6CdgmblufEI1kaFFblGCdR7lWh5uaLv
ZpV1nFRNhxk=
</Encrypted></CancelInfo>
	  <ReservedInfo>
	    <MReserved1/>
	    <MReserved2/>
	    <MReserved3/></ReservedInfo>
	  <ManageInfo>
	    <Language/>
	    <URL/>
	    <TXVersion>5036B141209canceLinux     PHPchkfake   2.6.32-754.11.1.el6.x86_64PHP:</TXVersion>
	    <TXUserID/>
	    <TXRegNum/></ManageInfo></INIpay>AMeA67jOuFu1rP0LkB4aOx1KB0i7XEfPduBiSOPrv/KaitV5fqEI3/iyWQ2ETIX9
bLbNpPEiE2BbGZV+mvngiWTyX0QLUhaMoKNr2eKsMN5sUzJeSauhIx06DEU0is0R
KdpB5YNQruUHg+XVsaEG6bjqz5yFlH/F8SgsMJiUGzEI
]
INFO	[2022-02-20 08:27:02:5] <16258> DNS LOOKUP OK(203.238.37.3:203.238.37.3:34049) laptime:0
INFO	[2022-02-20 08:27:02:7] <16258> SOCKET CONNECT OK
INFO	[2022-02-20 08:27:02:7] <16258> SEND OK
INFO	[2022-02-20 08:27:02:809] <16258> RECV OK
INFO	[2022-02-20 08:27:02:809] <16258> MSG_FROM_PG:[0093300175D SHA1                   0                                      300430majorgol03                    INIMX_CARDmajorgol0320220219152108375892<?xml version="1.0" encoding="UTF-8"?><INIpay>
<CancelInfo>
<ResultCode>120000</ResultCode>
<ResultMsg urlencode="1">%C1%A4%BB%F3%C3%B3%B8%AE%B5%C7%BE%FA%BD%C0%B4%CF%B4%D9.</ResultMsg>
<SessionKey>AKTDoU/HBXsraL9eE7dSON3s5bcbPOtKdvlJG34oOyE+vflPhnBXYFnHcc58K2DO
PvChHNYHVA+Pk351ZlJQaWungbXdnv2e14BNwJ1xkZSQwJ6B5Zi4M987ijR7TYMZ
uUgzi5ioy91E4whXLGZtuTpYETmRJBDkJIhryXV9fTnW7exZ/zeok3Q=
</SessionKey>
<Encrypted>395n9ZwO0Xqn2pkKNVSK1Le49MWJvwrfTZzP4x8mrBvY8EdZZkDRDql5gKi12sGa
dmaJd9mhkrGJJKchOU/3zj8SSGMOLTwE5yVirvWToAPxMhekQxMZIqjJQoh2dsNf
mZF95uOXU97KJ8mvJsAeRSL5PwPKkfaY7+BdyGi+b9U2upwoF57k9dfFpjGoAG9f
VpdkWmENRwgCxEtXQlKDz9f2I+GuVoLdx7nO25Qd0bADEx50F4CJwLh4xHEAaWzY
ZpA+qCO8TZlr+E2r7ZxYvoXqUvMn6o6R3xT9VIiDg7eqytS7oISIcOCmVZugbqee
eB1s2eq6iSos7nYcPJjDAtksRs/ysYH0
</Encrypted>
</CancelInfo>
<ManageInfo/>
<ReservedInfo>
<MReserved1 urlencode="1"/>
<MReserved2 urlencode="1"/>
<MReserved3 urlencode="1"/>
</ReservedInfo>
</INIpay>
lvya3R7fGPbD3yiEcS0VgZGd0/bUtDQ91iAi4+Q8BFxo5BVZa2KgvBzMMfW1x7bT
PZKMD9ZwGZCL9iAWlfgx+vYKDiy7GbmIg0fhGGmMkfr19bpac4pGfwsZAuAU7wCo
1XUfMzhWG4UObIgPJEO/uRdkCoo0UsVMb/fwGixIxmc=
]
INFO	[2022-02-20 08:27:02:809] <16258> VERIFY OK
INFO	[2022-02-20 08:27:02:809] <16258> PARSE HEAD OK
INFO	[2022-02-20 08:27:02:809] <16258> PARSE BODY OK
INFO	[2022-02-20 08:27:02:810] <16258> DECRYPT OK
DEBUG	[2022-02-20 08:27:02:810] <16258> DECRYPT MSG:[<?xml version="1.0" encoding="UTF-8"?><CancelInfo>
<CancelDate>20220220</CancelDate>
<CancelTime>082702</CancelTime>
<ResultCode>120000</ResultCode>
<ResultMsg urlencode="1">%C1%A4%BB%F3%C3%B3%B8%AE%B5%C7%BE%FA%BD%C0%B4%CF%B4%D9.</ResultMsg>
</CancelInfo>]
INFO	[2022-02-20 08:27:02:810] <16258> DECRYPT PARSE OK
INFO	[2022-02-20 08:27:02:810] <16258> END cancel 정상처리되었습니다. Laptime:[0.807sec]
INFO	[2022-02-20 08:27:02:810] <16258> ===============================================================
