INFO	[2023-07-17 14:17:55:839] <12982> START INIPHP cancel (V5036-141209)(OS:Linux2.6.32-754.11.1.el6.x86_64,PHP:5.3.3)
DEBUG	[2023-07-17 14:17:55:839] <12982> inipayhome:/home1/killdeal/public_html/shop/inicis
DEBUG	[2023-07-17 14:17:55:839] <12982> debug:false
DEBUG	[2023-07-17 14:17:55:839] <12982> type:cancel
DEBUG	[2023-07-17 14:17:55:839] <12982> mid:majorgol03
DEBUG	[2023-07-17 14:17:55:839] <12982> admin:1111
DEBUG	[2023-07-17 14:17:55:839] <12982> tid:INIMX_CARDmajorgol0320230712225627245527
DEBUG	[2023-07-17 14:17:55:839] <12982> cancelmsg:쇼핑몰 운영자 승인 취소
INFO	[2023-07-17 14:17:55:839] <12982> Check Field OK
INFO	[2023-07-17 14:17:55:839] <12982> PI PUB KEY LOAD OK []
INFO	[2023-07-17 14:17:55:840] <12982> PG PUB KEY LOAD OK [30]
INFO	[2023-07-17 14:17:55:840] <12982> MERCHANT PRIV KEY LOAD OK
INFO	[2023-07-17 14:17:55:840] <12982> MERCHANT PUB KEY LOAD OK [0]
DEBUG	[2023-07-17 14:17:55:841] <12982> MAKE ENCRYPT OK[<?xml version="1.0" encoding="UTF-8"?>
<CancelInfo>
	  <CancelTID>INIMX_CARDmajorgol0320230712225627245527</CancelTID>
	  <CancelMsg urlencode="1">%BC%EE%C7%CE%B8%F4+%BF%EE%BF%B5%C0%DA+%BD%C2%C0%CE+%C3%EB%BC%D2</CancelMsg>
	  <CancelReason/></CancelInfo>]
INFO	[2023-07-17 14:17:55:841] <12982> MAKE BODY OK
INFO	[2023-07-17 14:17:55:841] <12982> SIGN OK
INFO	[2023-07-17 14:17:55:841] <12982> MAKE HEAD OK
INFO	[2023-07-17 14:17:55:841] <12982> MSG_TO_PG:[0096200175D SHA1                   0                                      300420majorgol03                    INIMX_CARDmajorgol0320230712225627245527<?xml version="1.0" encoding="UTF-8"?>
<INIpay>
	  <CancelInfo>
	    <SessionKey>RJlnhoY1C4kWGtqEusM80+VOqhTA+dbw7Pfj8heDmonTwzG/nQUNluiYh8xDawqd
qzPNVdQroUk5zmJU0WQ7PZdAE4RyvEeFFyYVzJzOcdAlKzS10I1DUd+PPTlFDHOf
tNYA6Th+YkwQtyC6nCfT4N78TsGoNsuVKQIZb9p6JoT9BHyEIyYRhw==
</SessionKey>
	    <Encrypted>LQfeNltWV5QRh4bN6pSgc3kVvkDfQbywkYH/0mEBHVww5c5KfczLE2wHDFJwDQbz
se+J0vuGEBpsPGXTzfxj+SanviKF5vMh8rkkwTQnIAlmkkNNbiWN5pJM4PDqkyTd
ng2XNZIsC4fQcMrq3dsG0f6lNhEv7P3gFTeqsdtx1gKZWEon8HUcJNk8FP7J7evA
TzcyV5vzdXRXeyfJu3YQul5iFTiWTcyl2Bwx8Rdtmi6WpL3hUo/7nvNx/JX6HOw+
VaTSZSBaC24cxDYyVW+dg53Fo3Ziij/KJHuwLesRi+0wlPkuhBya5b1psaXKBzUc
Ep6C+GUMRWsBPk1/jyAItg==
</Encrypted></CancelInfo>
	  <ReservedInfo>
	    <MReserved1/>
	    <MReserved2/>
	    <MReserved3/></ReservedInfo>
	  <ManageInfo>
	    <Language/>
	    <URL/>
	    <TXVersion>5036B141209canceLinux     PHPchkfake   2.6.32-754.11.1.el6.x86_64PHP:</TXVersion>
	    <TXUserID/>
	    <TXRegNum/></ManageInfo></INIpay>AO151785Zal53vKAOwGZpvk4Ov05oDRNwEBbuEbxa2TUUDvxwJdoOgb33pggw49b
RyxXcYz3U3o59lPS3nEo8tx5H/zavEoJVZTFIa9NegdVAGwu/t8NU8Z+XKkQxUIb
UFxba3B2aAvjTkU23YAdG1EIgLweHP3c6DOb8oaEeVh9
]
INFO	[2023-07-17 14:17:55:842] <12982> DNS LOOKUP OK(203.238.37.3:203.238.37.3:34049) laptime:0
INFO	[2023-07-17 14:17:55:843] <12982> SOCKET CONNECT OK
INFO	[2023-07-17 14:17:55:844] <12982> SEND OK
INFO	[2023-07-17 14:17:56:727] <12982> RECV OK
INFO	[2023-07-17 14:17:56:727] <12982> MSG_FROM_PG:[0093300175D SHA1                   0                                      300430majorgol03                    INIMX_CARDmajorgol0320230712225627245527<?xml version="1.0" encoding="UTF-8"?><INIpay>
<CancelInfo>
<ResultCode>120000</ResultCode>
<ResultMsg urlencode="1">%C1%A4%BB%F3%C3%B3%B8%AE%B5%C7%BE%FA%BD%C0%B4%CF%B4%D9.</ResultMsg>
<SessionKey>AFFU0VL2QjPauz4fEjIPtyhXmXkS1GOQCW7XNgRXkSHfhB4UW/DLKb12T7BSsn9f
QCth5C00wDUNaCIE204Dsy/+DAJEjuAX6+3pAVAK/4VGuqDAel0JE7AjIFhQSaC2
Ogz/LQJ41/SC7RnK64Gy81LfW/vEtIJZWv6vfmUxoqrBJZ7AGDS8dns=
</SessionKey>
<Encrypted>JyKvA2aZoQNQGrvgcuyBh31PunfInwRJAEXNehKmOQgoEQxHCHZQBuv9W38EFjum
1ELc4EnRDQsmiIZybJt12+HXQPqVPycUderySSKVDnDdmzVmrmPqxsEvySRiKZZT
FR/9Wbz06EGafumqxPBHQ1xLI2QMh3CNWAjAgJrBAnHWnZfEhcg2R1xkHAomApif
d9hyOxvjkzUGk3EwGgLqgeMLVR3OdX7HGg6xK1rFl38zjQWAk2HxwoH0sellcffe
bxdrG6R7f810/qWbqDQUrdL03DnocDlp4njH++aUdSQXsvwhhykZ+FKied92KIGg
y7M4uKr9/EeyjVJQrvOru65gsCn6GP9E
</Encrypted>
</CancelInfo>
<ManageInfo/>
<ReservedInfo>
<MReserved1 urlencode="1"/>
<MReserved2 urlencode="1"/>
<MReserved3 urlencode="1"/>
</ReservedInfo>
</INIpay>
C0CaXX3thwgG40yXQ7IL12eHtOV7BWUn1K2PObCl/l8duLjwMwT+xYf3Vj7hFhbW
UDFRseXLBqhw9IE4gPtXuz8CkGFTCzD7kdvKDbNFIb8eoq/120Q3PX+nEq3umYvS
MzmVNv3NaFDlitPBHw64C2QvnOgjbb0D4wRqa8Of6jg=
]
INFO	[2023-07-17 14:17:56:727] <12982> VERIFY OK
INFO	[2023-07-17 14:17:56:727] <12982> PARSE HEAD OK
INFO	[2023-07-17 14:17:56:727] <12982> PARSE BODY OK
INFO	[2023-07-17 14:17:56:728] <12982> DECRYPT OK
DEBUG	[2023-07-17 14:17:56:728] <12982> DECRYPT MSG:[<?xml version="1.0" encoding="UTF-8"?><CancelInfo>
<CancelDate>20230717</CancelDate>
<CancelTime>141755</CancelTime>
<ResultCode>120000</ResultCode>
<ResultMsg urlencode="1">%C1%A4%BB%F3%C3%B3%B8%AE%B5%C7%BE%FA%BD%C0%B4%CF%B4%D9.</ResultMsg>
</CancelInfo>]
INFO	[2023-07-17 14:17:56:728] <12982> DECRYPT PARSE OK
INFO	[2023-07-17 14:17:56:728] <12982> END cancel 정상처리되었습니다. Laptime:[0.889sec]
INFO	[2023-07-17 14:17:56:728] <12982> ===============================================================
