INFO	[2022-11-15 09:07:26:551] <29000> START INIPHP repay (V5036-141209)(OS:Linux2.6.32-754.11.1.el6.x86_64,PHP:5.3.3)
DEBUG	[2022-11-15 09:07:26:551] <29000> inipayhome:/home1/killdeal/public_html/shop/inicis
DEBUG	[2022-11-15 09:07:26:551] <29000> debug:false
DEBUG	[2022-11-15 09:07:26:551] <29000> type:repay
DEBUG	[2022-11-15 09:07:26:551] <29000> pgid:INIphpRPAY
DEBUG	[2022-11-15 09:07:26:551] <29000> subpgip:203.238.3.10
DEBUG	[2022-11-15 09:07:26:551] <29000> mid:majorgol03
DEBUG	[2022-11-15 09:07:26:551] <29000> admin:1111
DEBUG	[2022-11-15 09:07:26:551] <29000> oldtid:INIMX_CARDmajorgol0320221107231455294706
DEBUG	[2022-11-15 09:07:26:551] <29000> currency:WON
DEBUG	[2022-11-15 09:07:26:551] <29000> price:59800
DEBUG	[2022-11-15 09:07:26:551] <29000> confirm_price:289000
DEBUG	[2022-11-15 09:07:26:551] <29000> buyeremail:etranger225@gmail.com
DEBUG	[2022-11-15 09:07:26:551] <29000> tax:5436
DEBUG	[2022-11-15 09:07:26:551] <29000> taxfree:0
INFO	[2022-11-15 09:07:26:551] <29000> Check Field OK
INFO	[2022-11-15 09:07:26:551] <29000> Make TID OK INIphpRPAYmajorgol0320221115090726515505
INFO	[2022-11-15 09:07:26:551] <29000> PI PUB KEY LOAD OK []
INFO	[2022-11-15 09:07:26:552] <29000> PG PUB KEY LOAD OK [30]
INFO	[2022-11-15 09:07:26:552] <29000> MERCHANT PRIV KEY LOAD OK
INFO	[2022-11-15 09:07:26:552] <29000> MERCHANT PUB KEY LOAD OK [0]
DEBUG	[2022-11-15 09:07:26:553] <29000> MAKE ENCRYPT OK[<?xml version="1.0" encoding="UTF-8"?>
<PartCancelInfo>
	  <PRTC_TID>INIMX_CARDmajorgol0320221107231455294706</PRTC_TID>
	  <PRTC_Price>59800</PRTC_Price>
	  <PRTC_Remains>289000</PRTC_Remains>
	  <PRTC_Quota/>
	  <PRTC_Interest/>
	  <PRTC_NoAcctFNBC/>
	  <PRTC_NmAcctFNBC/></PartCancelInfo>]
INFO	[2022-11-15 09:07:26:553] <29000> MAKE BODY OK
INFO	[2022-11-15 09:07:26:554] <29000> SIGN OK
INFO	[2022-11-15 09:07:26:554] <29000> MAKE HEAD OK
INFO	[2022-11-15 09:07:26:554] <29000> MSG_TO_PG:[0111700175D SHA1                   0                                      300620majorgol03               59800INIphpRPAYmajorgol0320221115090726515505<?xml version="1.0" encoding="UTF-8"?>
<INIpay>
	  <PartCancelInfo>
	    <SessionKey>DgAaX7iLYVUgGnscyxlOmQUtO05FODD5nX13Le9MlQ/+mhged57zB8tg+PHlPXTN
yNs8yNpH2+7tlt3EPeLHwYQZz+YgCYkoEJtLmrsFNSOlSiWi/ldwxt/bsP2lKDun
CDcFYsJqsL01CQdjLt7SVJxMb0I4VxvLEEIrli8V27skXirWIr/EvA==
</SessionKey>
	    <Encrypted>ZSt8MGsIzYXeVaW5spCvUus0ZsW7kJgBZ6nQ9vOVOyZrEaXJsx/THmDykX+oxii6
Wj8ndPp85E8gojAPrATiI5Bw5z7rHPCCCO2rxaQQ5ycixa2CZB5j9bajg/KD/8Cf
w35956KQQ4dmuOxzypkuaTTY9ZqiVjW5sAmRHzHOXFEIOTh93rRS/fTDs0j5D7Qh
XKRx5MKzCcFK4apSu8nJswi7KT/aNDK4LpcXEZd8u3a3CKKaAocbTV5EUZl2x6ai
0CaUDvZ3mthNDp9bEJXnSidO5Pu/9MEAV5TAGuYbbfnizZij8aFsFPBVj8vCH7V/
QTVdl8By+mPMVMe+r/EPs3zXUEThOyEMmLqEVc/E1OAmGWGmvljE5mRQHR/5sDyo
iTUNR5hwyH0=
</Encrypted></PartCancelInfo>
	  <GoodsInfo>
	    <Tax>5436</Tax>
	    <TaxFree/>
	    <Currency>WON</Currency></GoodsInfo>
	  <ReservedInfo>
	    <MReserved1/>
	    <MReserved2/>
	    <MReserved3/></ReservedInfo>
	  <ManageInfo>
	    <Language/>
	    <URL/>
	    <TXVersion>5036B141209repayLinux     PHPchkfake   2.6.32-754.11.1.el6.x86_64PHP:</TXVersion>
	    <TXUserID/>
	    <TXRegNum/></ManageInfo></INIpay>AE7T7qriviCUls0C0HvOsrZdxYOmT9ELvvIhD/khGdEjR/UqwdmchHbkyafFVLVF
9lDjWk48br5NMWe3O6I/xJ5FWAomnJW1EVdJ6KMHcwgbyGnKq6V6AesRza3GZosJ
Y05QlrYpXivDJ2FyW/GDv9AAAZYwOwOzYw7mrm+Cp0pM
]
INFO	[2022-11-15 09:07:26:554] <29000> DNS LOOKUP OK(203.238.37.3:203.238.37.3:34049) laptime:0
INFO	[2022-11-15 09:07:26:556] <29000> SOCKET CONNECT OK
INFO	[2022-11-15 09:07:26:556] <29000> SEND OK
INFO	[2022-11-15 09:07:26:860] <29000> RECV OK
INFO	[2022-11-15 09:07:26:860] <29000> MSG_FROM_PG:[0099200175D SHA1                   0                                      300630majorgol03               59800INIphpRPAYmajorgol0320221115090726515505<?xml version="1.0" encoding="UTF-8"?><INIpay>
<PartCancelInfo>
<PayMethod>Card</PayMethod>
<ResultCode>120000</ResultCode>
<ResultMsg urlencode="1">%C1%A4%BB%F3%C3%B3%B8%AE%B5%C7%BE%FA%BD%C0%B4%CF%B4%D9.</ResultMsg>
<SessionKey>AKAfNImJsJg0FhxDEnPHhxwg9NpsY/hgD1TXRXmLP3HVGOwLKggoH/I3Ejrllkwv
K3p7ycwzrDd+Y7hHeT/5CiWQhRUfX7r8DTEpSkB8D6OtSmZoO65QmqCNr2BKTJjl
wELl50lLZ5Jwg+D1uvu2sVG9a8UEWy/8mtGeqmR09xz3yUvXHTax3yY=
</SessionKey>
<Encrypted>U3TKJDDX+D6mjrpOgRdOItqIPaHddZsn0VEZLA1DuNtijQkhwm8BMz7gsJ9MFE8Q
3vp+C8igvMLFp9BYHuy/b3v9Kn/e/w0/vA58QbsVQjt0e+WiOvMeA4+VQuhilFO2
HAfw+uROnpbJNbQqh5UKsnjeUqxcSYbaDxLgNz+WhrBcH37YDA820Tpiix23DJUj
qN59aKPtCxmV6KeyqLXVgHy9UL0oQlOYFd8aN2kfMdOA/F/P9/3dS/ZiUMyEr4Zi
mDgMsaveQmHlKWz7JVDheDg+nwyhEjbra6TelkAwe/1VWk6ZzHq1CluZlBkea7nz
089I6weinEi2fHzRQyCLxPVDNGHbp0fFxGzfVgn+U72YafcGc1gbbPAyHjptJ6d7
bIaplOMxqFaiVWwjeBddEZE1gVLioCje6hZa75bLmTnQDCYgF3Qo2crlXdwqUFuB
yQmbSuZfoTzT5QHsuOv3Bg==
</Encrypted>
</PartCancelInfo>
<ManageInfo/>
<ReservedInfo/>
</INIpay>
o/cQvqp9E9O4utqLGXlQuyHFF7k7vuJ8x62E5J/zVGocMG3QwdRO27gpeCshI1uT
L7Hkf5JKovd81zoGyvoniDaH7d8WZzebvAkJYzFOQ2vqVgZfd3U/F0c4WE8kwwz4
uwERktDVkltnAJseUcXPSssA9a6IVj8OZG1Dc5nYHdY=
]
INFO	[2022-11-15 09:07:26:860] <29000> VERIFY OK
INFO	[2022-11-15 09:07:26:860] <29000> PARSE HEAD OK
INFO	[2022-11-15 09:07:26:860] <29000> PARSE BODY OK
INFO	[2022-11-15 09:07:26:861] <29000> DECRYPT OK
DEBUG	[2022-11-15 09:07:26:861] <29000> DECRYPT MSG:[<?xml version="1.0" encoding="UTF-8"?><PartCancelInfo>
<PRTC_TID>INIMX_CARDmajorgol0320221107231455294706</PRTC_TID>
<PRTC_Price>59800</PRTC_Price>
<PRTC_Remains>289000</PRTC_Remains>
<PRTC_Quota>00</PRTC_Quota>
<PRTC_Type>1</PRTC_Type>
<CancelDate>20221115</CancelDate>
<CancelTime>090727</CancelTime>
<PRTC_Cnt>1</PRTC_Cnt>
</PartCancelInfo>]
INFO	[2022-11-15 09:07:26:861] <29000> DECRYPT PARSE OK
INFO	[2022-11-15 09:07:26:861] <29000> END repay 정상처리되었습니다. Laptime:[0.31sec]
INFO	[2022-11-15 09:07:26:861] <29000> ===============================================================
