INFO	[2020-09-09 14:36:12:725] <16367> START INIPHP receipt (V5036-141209)(OS:Linux2.6.32-754.11.1.el6.x86_64,PHP:5.3.3)
DEBUG	[2020-09-09 14:36:12:725] <16367> inipayhome:/home/killdeal/public_html/shop/inicis
DEBUG	[2020-09-09 14:36:12:725] <16367> debug:false
DEBUG	[2020-09-09 14:36:12:725] <16367> type:receipt
DEBUG	[2020-09-09 14:36:12:725] <16367> pgid:INIphpRECP
DEBUG	[2020-09-09 14:36:12:725] <16367> paymethod:CASH
DEBUG	[2020-09-09 14:36:12:725] <16367> currency:WON
DEBUG	[2020-09-09 14:36:12:725] <16367> admin:1111
DEBUG	[2020-09-09 14:36:12:725] <16367> mid:majorgol03
DEBUG	[2020-09-09 14:36:12:725] <16367> goodname:≈≥µÙ∆Ø∞°33∫Í∏Æ¡ˆΩ∫≈ÊNEW∆Æ∑πø¿º“«¡∆Æ∞Ò«¡∞¯3¥ı¡«≤¡∂¿ÃNEWø˛¥ıº“«¡∞Ò«¡¿Â∞©øﬁº’3¿Â
DEBUG	[2020-09-09 14:36:12:725] <16367> cr_price:64250
DEBUG	[2020-09-09 14:36:12:725] <16367> sup_price:58409
DEBUG	[2020-09-09 14:36:12:725] <16367> tax:5841
DEBUG	[2020-09-09 14:36:12:725] <16367> srvc_price:0
DEBUG	[2020-09-09 14:36:12:725] <16367> buyername:±Ëµµº∫
DEBUG	[2020-09-09 14:36:12:725] <16367> buyeremail:7759kds@naver.com
DEBUG	[2020-09-09 14:36:12:725] <16367> buyertel:01049998140
DEBUG	[2020-09-09 14:36:12:725] <16367> reg_num:01049998140
DEBUG	[2020-09-09 14:36:12:725] <16367> useopt:0
DEBUG	[2020-09-09 14:36:12:725] <16367> companynumber:
INFO	[2020-09-09 14:36:12:725] <16367> Check Field OK
INFO	[2020-09-09 14:36:12:725] <16367> Make TID OK INIphpRECPmajorgol0320200909143612259088
INFO	[2020-09-09 14:36:12:725] <16367> PI PUB KEY LOAD OK []
INFO	[2020-09-09 14:36:12:726] <16367> PG PUB KEY LOAD OK [30]
INFO	[2020-09-09 14:36:12:726] <16367> MERCHANT PRIV KEY LOAD OK
INFO	[2020-09-09 14:36:12:726] <16367> MERCHANT PUB KEY LOAD OK [0]
DEBUG	[2020-09-09 14:36:12:726] <16367> MAKE ENCRYPT OK[<?xml version="1.0" encoding="UTF-8"?>
<PaymentInfo>
	  <Payment>
	    <CASH>
	      <CSHR_ApplPrice>64250</CSHR_ApplPrice>
	      <CSHR_SupplyPrice>58409</CSHR_SupplyPrice>
	      <CSHR_Tax>5841</CSHR_Tax>
	      <CSHR_ServicePrice/>
	      <CSHR_Type>0</CSHR_Type>
	      <CSHR_RegNum>01049998140</CSHR_RegNum>
	      <CSHR_CompanyNum/></CASH></Payment></PaymentInfo>]
INFO	[2020-09-09 14:36:12:727] <16367> MAKE BODY OK
INFO	[2020-09-09 14:36:12:727] <16367> SIGN OK
INFO	[2020-09-09 14:36:12:727] <16367> MAKE HEAD OK
INFO	[2020-09-09 14:36:12:727] <16367> MSG_TO_PG:[0204800175D SHA1                   0                                      300200majorgol03               64250INIphpRECPmajorgol0320200909143612259088<?xml version="1.0" encoding="UTF-8"?>
<INIpay>
	  <GoodsInfo>
	    <GoodsCnt>1</GoodsCnt>
	    <MOID/>
	    <Currency>WON</Currency>
	    <Tax>5841</Tax>
	    <TaxFree/>
	    <Goods>
	      <SMID>majorgol03</SMID>
	      <GoodsName urlencode="1">%C5%B3%B5%F4%C6%AF%B0%A133%BA%EA%B8%AE%C1%F6%BD%BA%C5%E6NEW%C6%AE%B7%B9%BF%C0%BC%D2%C7%C1%C6%AE%B0%F1%C7%C1%B0%F83%B4%F5%C1%F0%C7%B2%C1%B6%C0%CCNEW%BF%FE%B4%F5%BC%D2%C7%C1%B0%F1%C7%C1%C0%E5%B0%A9%BF%DE%BC%D53%C0%E5</GoodsName>
	      <GoodsPrice>64250</GoodsPrice></Goods></GoodsInfo>
	  <BuyerInfo>
	    <BuyerName urlencode="1">%B1%E8%B5%B5%BC%BA</BuyerName>
	    <BuyerTel>01049998140</BuyerTel>
	    <BuyerEmail urlencode="1">7759kds%40naver.com</BuyerEmail>
	    <ParentEmail/>
	    <RecvName/>
	    <RecvTel/>
	    <RecvMsg/>
	    <RecvAddr/>
	    <RecvPostNum/></BuyerInfo>
	  <PaymentInfo>
	    <Payment>
	      <PayMethod>CASH</PayMethod>
	      <JoinCard/>
	      <JoinExpire/>
	      <MailOrder/>
	      <SessionKey>wEjAsFSIarhJNAprmvuJW6YOHPzkY5upZfZeOeHk/erM/F46T182NzVMes2Y/QM2
iNBcqvKdbM6/xzaq7HHh+bKyGAtwkRlrochqIaaPUdqufDej5xrVC6JrQJUe63P+
p7xeoTqW7/TQqEFbXP/+4uxwOxyzkBK8WLJPJBeMWwh73l+yXIhmdA==
</SessionKey>
	      <Encrypted>X1GECo58O4Rz5gfk9AtCCP6HijyE3KQmE4tWZEn5eC1pd7oljBfv1lp3yjlzW7Gt
rVZdGC49FVlt/rFAQnMA9JCxfkORvy8atJMfXRvniwRqxrmzEiPizcjoNqYfe+Xq
Mz/RwyqLGtvEkLuX+DaVtE3N+eJd4URX9+vR6LSbJzO5RC2MLT12OhELLlXZO4cS
qyfvH+4LonAK10UjUXRcm2dasYh8Z0EMbGSzvu1kpdy43oCbjOFglAqgOD5sk4nY
LNiV75Z3VwXCNAWqlpUwOJVLc5LhLZED6giOHFEHMoVP6ayJivcA7etxiioXh9VT
DEc773GPReRYe/iduxGMK8DB/khLxiIl4hoDlH5vGql+AMe/Hkr2rY7rMGKyVUcJ
wjtVbHv/BMnFGpDvRSunCTLL9YPJTFK/NfU2DcJG2DsxkBls6iJLkGuw5wuyRGFq
1NSXWYYXmhNmRfltOauj5I+XVJB2TEM3gRmOIYn24OWpcQXoo+OQsA==
</Encrypted></Payment></PaymentInfo>
	  <ReservedInfo>
	    <MReserved1/>
	    <MReserved2/>
	    <MReserved3/></ReservedInfo>
	  <ManageInfo>
	    <Language/>
	    <URL/>
	    <TXVersion>5036B141209receiLinux     PHPchkfake   2.6.32-754.11.1.el6.x86_64PHP:</TXVersion>
	    <TXUserID/>
	    <TXRegNum/>
	    <Ack>1</Ack></ManageInfo></INIpay>AL5DoIf6+ksWGFesRa69XxNzap+TCW9w058SFsPEpwo3nglNhMXEsGj5ZUzfx0Wm
2OB0AFr7ke2Rtx4w/yY4G9M3qjX6STeZPnSB5deg7QSzmZ3axsxn8uV8AZdqJTP/
SsBmlVD++ENUh6Ft+PPJkBXx17KOXPJKxCchKGjvSpvu
]
INFO	[2020-09-09 14:36:12:727] <16367> DNS LOOKUP OK(203.238.37.3:203.238.37.3:34049) laptime:0
INFO	[2020-09-09 14:36:12:729] <16367> SOCKET CONNECT OK
INFO	[2020-09-09 14:36:12:729] <16367> SEND OK
INFO	[2020-09-09 14:36:12:844] <16367> RECV OK
INFO	[2020-09-09 14:36:12:844] <16367> MSG_FROM_PG:[0235900175D SHA1                   0                                      300210majorgol03               64250INIphpRECPmajorgol0320200909143612259088<?xml version="1.0" encoding="UTF-8"?>
<INIpay>
  <GoodsInfo>
    <GoodsCnt>1</GoodsCnt>
    <MOID urlencode="1"></MOID>
    <Currency>WON</Currency>
    <Goods no="1">
      <SMID>majorgol03</SMID>
      <GoodsName urlencode="1">%C5%B3%B5%F4%C6%AF%B0%A133%BA%EA%B8%AE%C1%F6%BD%BA%C5%E6NEW%C6%AE%B7%B9%BF%C0%BC%D2%C7%C1%C6%AE%B0%F1%C7%C1%B0%F83%B4%F5%C1%F0%C7%B2%C1%B6%C0%CCNEW%BF%FE%B4%F5%BC%D2%C7%C1%B0%F1%C7%C1%C0%E5%B0%A9%BF%DE%BC%D53%C0%E5</GoodsName>
      <GoodsCntS>1</GoodsCntS>
      <GoodsPrice>64250</GoodsPrice>
    </Goods>
  </GoodsInfo>
  <PaymentInfo>
    <Payment>
      <SessionKey>ANCO5CppMIEDbWTFkhJpFxSAPgPMxwBUJr8DGkYvOswtBaPFdoQNVPPh1aCSjGGb
svPiWgFpy7UEYpaTKjI/1Slc9KHn+NvjMDnFx9mBsF6C9YndIHGWeA7F09mjt5MC
sjFIqFw8Y8GicXCyuXbHdwK9Zb1UUsODRelhx8cw5UC47+q04fEYf0w=
</SessionKey>
      <Encrypted>j2Ed2JL0LeHxIAoIZQKPi0DexDYiKnln/D05VNtg4+AqVpaLlbfUGiMZLyM+Z7mI
7dReQAyLpFGlQG2nBfjR7RaUx+Fa1qbqnbL5xC625StpXHlthN0QgYhH5EMdXEAh
V9kWYzmrnXzTO2gU4hJq27MeG4+A/bl2KeBIrlKgeliL0dhdIAOYgBtMFGht5Ypd
/FAXvIy/AgAElwQsqCtWKfNxq4RiVtP7xl7F75430pYQ8uOBE70ngZ7VWXlGXfD8
CTvwGQG/ENLusVF/WLMOUdQE15lPP2sF6OcBV46EO07PSKZdbOURhjMQy7Lvbd5N
/2TourkxouQ+wEnzRSgWZH/kgRoev0i+ivOqCo9ahtCiBpHPpC/5aV8MDyO9kPzW
GQI0m+eL2PB6QHaLoHB0BGHqgP9VRurHwebrVtIg1Z2e+vzSyEtxoQM/0vEoLuFA
UCZ6qhWbZpKy3BJbxer7HkN+2EzXWo19zG/wDZVAbP4crMS2cNmb707vX/M8HoI4
zI0mTwYwBd4NRCmm29EGeDenBGeMgqunYyTeKNT5jVPEr+rODS5snVH+t8FCHT1C
CQQsNWLX7RTQ6J3VeXiQsGjmJsMn/+x2gCH1S0rg2rCUDo5irx0J7Kp8z7N3XYec
F1uZwezTLNHi3foiG/wCGKLdDLaGSL5QQ0RVjhg4lBF+eaz57/cwyPMKpRoJwuWQ
huuaLMHFYmAx14K9Y0FORSyb0qL48aUOiGVXEHm+3YKSlFDSrM4I6w5VfDvEPhTq
lhTKfhuBhksobP5BRpAHJL0Z6q1URhLgAyGwnh9nrHIIlSunXRQWu/3dsHWvalDq
tJLpY0z357U=
</Encrypted>
      <PayMethod>CASH</PayMethod>
      <ResultCode>220000</ResultCode>
      <ResultMsg urlencode="1">%C1%A4%BB%F3%C3%B3%B8%AE%B5%C7%BE%FA%BD%C0%B4%CF%B4%D9.</ResultMsg>
    </Payment>
  </PaymentInfo>
  <ManageInfo>
    <EventCode></EventCode>
    <OrgCurrency></OrgCurrency>
    <ExchangeRate></ExchangeRate>
    <OrgPrice></OrgPrice>
  </ManageInfo>
  <ReservedInfo>
    <MReserved1 urlencode="1"></MReserved1>
    <MReserved2 urlencode="1"></MReserved2>
    <MReserved3 urlencode="1"></MReserved3>
    <PGReserved1 urlencode="1"></PGReserved1>
    <PGReserved2 urlencode="1"></PGReserved2>
    <PGReserved3 urlencode="1"></PGReserved3>
  </ReservedInfo>
</INIpay>
VKZN0JnL2rRwyrhp+TGiZTZe3tfLTNWvQwOIuy5QT3wo8aAaDHnbq49lell8TN1W
wvhPB4oFFdYPfQFjQr3g9tGiEdKHsH+QoO3V5W7n5Y4V1jaHYQbj29EywZigXPdg
Q6rqi+CnqCYzeCpjC5E+cmgcrnxaCcbA3i3jlGoecYg=
]
INFO	[2020-09-09 14:36:12:844] <16367> VERIFY OK
INFO	[2020-09-09 14:36:12:844] <16367> PARSE HEAD OK
INFO	[2020-09-09 14:36:12:845] <16367> PARSE BODY OK
INFO	[2020-09-09 14:36:12:846] <16367> DECRYPT OK
DEBUG	[2020-09-09 14:36:12:846] <16367> DECRYPT MSG:[<?xml version="1.0" encoding="UTF-8"?>
<PaymentInfo>
  <Payment>
    <EASYPAY/>
    <CASH>
      <CSHR_ApplPrice>64250</CSHR_ApplPrice>
      <CSHR_SupplyPrice>58409</CSHR_SupplyPrice>
      <CSHR_Tax>5841</CSHR_Tax>
      <CSHR_ServicePrice></CSHR_ServicePrice>
      <CSHR_Type>0</CSHR_Type>
      <CSHR_ApplDate>20200909</CSHR_ApplDate>
      <CSHR_ApplTime>143613</CSHR_ApplTime>
      <CSHR_ApplNum>266612416</CSHR_ApplNum>
      <CSHR_ResultCode>220000</CSHR_ResultCode>
      <CSHR_ResultMsg urlencode="1">%C1%A4%BB%F3%C3%B3%B8%AE%B5%C7%BE%FA%BD%C0%B4%CF%B4%D9.</CSHR_ResultMsg>
    </CASH>
  </Payment>
</PaymentInfo>]
INFO	[2020-09-09 14:36:12:846] <16367> DECRYPT PARSE OK
INFO	[2020-09-09 14:36:12:846] <16367> WAIT ACK INVOKING
DEBUG	[2020-09-09 14:36:12:846] <16367> MAKE HEAD OK
INFO	[2020-09-09 14:36:12:848] <16367> SUCCESS ACK INVOKING
INFO	[2020-09-09 14:36:12:848] <16367> END receipt ¡§ªÛ√≥∏Æµ«æ˙Ω¿¥œ¥Ÿ. Laptime:[0.123sec]
INFO	[2020-09-09 14:36:12:848] <16367> ===============================================================
