INFO	[2020-10-16 10:55:56:747] <25809> START INIPHP cancel (V5036-141209)(OS:Linux2.6.32-754.11.1.el6.x86_64,PHP:5.3.3)
DEBUG	[2020-10-16 10:55:56:747] <25809> inipayhome:/home/killdeal/public_html/shop/inicis
DEBUG	[2020-10-16 10:55:56:747] <25809> debug:false
DEBUG	[2020-10-16 10:55:56:747] <25809> type:cancel
DEBUG	[2020-10-16 10:55:56:747] <25809> mid:majorgol03
DEBUG	[2020-10-16 10:55:56:747] <25809> admin:1111
DEBUG	[2020-10-16 10:55:56:747] <25809> tid:INIMX_CARDmajorgol0320200930170556975880
DEBUG	[2020-10-16 10:55:56:747] <25809> cancelmsg:쇼핑몰 운영자 승인 취소
INFO	[2020-10-16 10:55:56:747] <25809> Check Field OK
INFO	[2020-10-16 10:55:56:747] <25809> PI PUB KEY LOAD OK []
INFO	[2020-10-16 10:55:56:747] <25809> PG PUB KEY LOAD OK [30]
INFO	[2020-10-16 10:55:56:747] <25809> MERCHANT PRIV KEY LOAD OK
INFO	[2020-10-16 10:55:56:748] <25809> MERCHANT PUB KEY LOAD OK [0]
DEBUG	[2020-10-16 10:55:56:748] <25809> MAKE ENCRYPT OK[<?xml version="1.0" encoding="UTF-8"?>
<CancelInfo>
	  <CancelTID>INIMX_CARDmajorgol0320200930170556975880</CancelTID>
	  <CancelMsg urlencode="1">%BC%EE%C7%CE%B8%F4+%BF%EE%BF%B5%C0%DA+%BD%C2%C0%CE+%C3%EB%BC%D2</CancelMsg>
	  <CancelReason/></CancelInfo>]
INFO	[2020-10-16 10:55:56:748] <25809> MAKE BODY OK
INFO	[2020-10-16 10:55:56:749] <25809> SIGN OK
INFO	[2020-10-16 10:55:56:749] <25809> MAKE HEAD OK
INFO	[2020-10-16 10:55:56:749] <25809> MSG_TO_PG:[0096200175D SHA1                   0                                      300420majorgol03                    INIMX_CARDmajorgol0320200930170556975880<?xml version="1.0" encoding="UTF-8"?>
<INIpay>
	  <CancelInfo>
	    <SessionKey>EtEXYpJASdYTCMFVE7kiiAjaKJAJUN9hv9zOXmBwU8/KjWjhv+vr/asBQnXobOZq
nmR4wgbXoAi+OKxQv4+mvDP+W6G+O+ugsHM4a8w5FgWf2fOzQB9khUEQbCpgV1ve
hCfw3WJI7WktnQIAg303P4Dd7k/+mNmwJjvnNdFd5Yv1FtYYMQDdAA==
</SessionKey>
	    <Encrypted>fmE3zuuEgXeWpd3slKTeDZNWdWvVJzPOUhGaiLBNUeaXjwfLRDxDxkRnasMG/A92
1T3dH6ZbD4BpBWbKEWDST72X8gXYZORu/RCqOUT8108/+i+gTPaqPTpx1TtKRZ2V
HWehVR6GlxFgRSDdryPNzvSmuTaucHRMVNvr1CquxFkLGmiqHJWa369CQ4Aay77r
jJ8Rb8+PxfqPZcKV0/RcbL49UgF87ab088TPjkOrf9Pz0yFkXDXRUcNUE6nO/1Zc
20BhezRsxB4zS/Z9lmUAQJYLm+GrNJy/Pl8Ud0LbH6kNhx0adI2KuiK2QEj/ruT0
jXqJGZqR5d61O/+gHgchSg==
</Encrypted></CancelInfo>
	  <ReservedInfo>
	    <MReserved1/>
	    <MReserved2/>
	    <MReserved3/></ReservedInfo>
	  <ManageInfo>
	    <Language/>
	    <URL/>
	    <TXVersion>5036B141209canceLinux     PHPchkfake   2.6.32-754.11.1.el6.x86_64PHP:</TXVersion>
	    <TXUserID/>
	    <TXRegNum/></ManageInfo></INIpay>ABpZtJkHEksu141DI2m73MJWik1UF9uh+rKAVXQGCqtTkMb1ACB8e+RsSE1tm9i0
zCtqab8a0M2AP+pkUrUt5EYgczQbdhLtqB9407fxMbr8sLyemTyQedRRNQmfdF8k
vs7a3iHNlJvkRYSjzki8Ug7NM12tHO71MSvei0rd5IPC
]
INFO	[2020-10-16 10:55:56:749] <25809> DNS LOOKUP OK(203.238.37.3:203.238.37.3:34049) laptime:0
INFO	[2020-10-16 10:55:56:751] <25809> SOCKET CONNECT OK
INFO	[2020-10-16 10:55:56:751] <25809> SEND OK
INFO	[2020-10-16 10:55:57:16] <25809> RECV OK
INFO	[2020-10-16 10:55:57:16] <25809> MSG_FROM_PG:[0115800175D SHA1                   0                                      300430majorgol03                    INIMX_CARDmajorgol0320200930170556975880<?xml version="1.0" encoding="UTF-8"?>
<INIpay>
  <CancelInfo>
    <ResultCode>120000</ResultCode>
    <ResultMsg urlencode="1">%C1%A4%BB%F3%C3%B3%B8%AE%B5%C7%BE%FA%BD%C0%B4%CF%B4%D9.</ResultMsg>
    <SessionKey>AMOHtQgRkEVOVrpCg6yK7fV/V0/fkM+OPsAdJXjYKRJ7A/eWoUiuculNuI4e/I+t
Ndo3pF851twhjq4Rnw2N+LetQj5CHpiOBkjmaqptksFO/JxT1dlyBZnO39un3fL8
3l38mlTzep7/cxLIjiTLNqB5Cvxz7uc/NdS1oULjSqLjcqYwoyc+4uU=
</SessionKey>
    <Encrypted>eRhWTAXXHgxBcopXzX36WUkFrKzOirOF2p0TaXGCivEgvzAS9Itgjne/zLhXFaI0
JpGsLYn0KwNsxmSXPoT0qHej3Z3IBX/XWMlBE0b7oqw5SpwT4q29NU+lIscY6vQ6
FVCQWjxUQl4ZdHWXRkkc1JvV82y2lZ1pk5zA0W1+bP7aLb7AejW8V6oW+J1gaXA2
aJJnQXxe5stvYg1+Jm1dzlvZFY8cZQ5SPj7AhH3j7slo0JrpNZaBdrTeqnwkElWE
nwnOvZqc13qI1ApXU9qxtuUR8mSUMqwUOBqb2jXKyPogDaacjlHcWlysJ/xHJnij
zS5xwZwcB+XGA5RtTxDmQLke7LGuZkKIARWHnvmEJz8=
</Encrypted>
  </CancelInfo>
  <ManageInfo/>
  <ReservedInfo>
    <MReserved1 urlencode="1"></MReserved1>
    <MReserved2 urlencode="1"></MReserved2>
    <MReserved3 urlencode="1"></MReserved3>
    <PGReserved1 urlencode="1"></PGReserved1>
    <PGReserved2 urlencode="1"></PGReserved2>
    <PGReserved3 urlencode="1"></PGReserved3>
  </ReservedInfo>
</INIpay>
u7Hc98VU3lemsZzSB4IleXNzpKu6lyTaldNdlz6HRJwU0AFveXf3DcOaKe/qhw3b
Ab1UMwMCYTK72P03OqUIRQA+D+m3040Kyb/VNxni76t3BqGYmKNxRQCvQDk9F3E8
ULvR+jpGDUvm0pcRYVmkClnc6BmNfOBKCoNoyU4w2/Y=
]
INFO	[2020-10-16 10:55:57:16] <25809> VERIFY OK
INFO	[2020-10-16 10:55:57:16] <25809> PARSE HEAD OK
INFO	[2020-10-16 10:55:57:17] <25809> PARSE BODY OK
INFO	[2020-10-16 10:55:57:17] <25809> DECRYPT OK
DEBUG	[2020-10-16 10:55:57:17] <25809> DECRYPT MSG:[<?xml version="1.0" encoding="UTF-8"?>
<CancelInfo>
  <CancelDate>20201016</CancelDate>
  <CancelTime>105557</CancelTime>
  <ResultCode>120000</ResultCode>
  <ResultMsg urlencode="1">%C1%A4%BB%F3%C3%B3%B8%AE%B5%C7%BE%FA%BD%C0%B4%CF%B4%D9.</ResultMsg>
</CancelInfo>]
INFO	[2020-10-16 10:55:57:17] <25809> DECRYPT PARSE OK
INFO	[2020-10-16 10:55:57:17] <25809> END cancel 정상처리되었습니다. Laptime:[0.271sec]
INFO	[2020-10-16 10:55:57:17] <25809> ===============================================================
INFO	[2020-10-16 12:08:49:36] <14455> START INIPHP cancel (V5036-141209)(OS:Linux2.6.32-754.11.1.el6.x86_64,PHP:5.3.3)
DEBUG	[2020-10-16 12:08:49:36] <14455> inipayhome:/home/killdeal/public_html/shop/inicis
DEBUG	[2020-10-16 12:08:49:36] <14455> debug:false
DEBUG	[2020-10-16 12:08:49:36] <14455> type:cancel
DEBUG	[2020-10-16 12:08:49:36] <14455> mid:majorgol03
DEBUG	[2020-10-16 12:08:49:36] <14455> admin:1111
DEBUG	[2020-10-16 12:08:49:36] <14455> tid:INIMX_CARDmajorgol0320201016112534605139
DEBUG	[2020-10-16 12:08:49:36] <14455> cancelmsg:주문자 본인 취소-상품옵션 선택 잘못함
INFO	[2020-10-16 12:08:49:36] <14455> Check Field OK
INFO	[2020-10-16 12:08:49:36] <14455> PI PUB KEY LOAD OK []
INFO	[2020-10-16 12:08:49:36] <14455> PG PUB KEY LOAD OK [30]
INFO	[2020-10-16 12:08:49:36] <14455> MERCHANT PRIV KEY LOAD OK
INFO	[2020-10-16 12:08:49:36] <14455> MERCHANT PUB KEY LOAD OK [0]
DEBUG	[2020-10-16 12:08:49:37] <14455> MAKE ENCRYPT OK[<?xml version="1.0" encoding="UTF-8"?>
<CancelInfo>
	  <CancelTID>INIMX_CARDmajorgol0320201016112534605139</CancelTID>
	  <CancelMsg urlencode="1">%C1%D6%B9%AE%C0%DA+%BA%BB%C0%CE+%C3%EB%BC%D2-%BB%F3%C7%B0%BF%C9%BC%C7+%BC%B1%C5%C3+%C0%DF%B8%F8%C7%D4</CancelMsg>
	  <CancelReason/></CancelInfo>]
INFO	[2020-10-16 12:08:49:37] <14455> MAKE BODY OK
INFO	[2020-10-16 12:08:49:37] <14455> SIGN OK
INFO	[2020-10-16 12:08:49:37] <14455> MAKE HEAD OK
INFO	[2020-10-16 12:08:49:37] <14455> MSG_TO_PG:[0101500175D SHA1                   0                                      300420majorgol03                    INIMX_CARDmajorgol0320201016112534605139<?xml version="1.0" encoding="UTF-8"?>
<INIpay>
	  <CancelInfo>
	    <SessionKey>DjSjjzXpT1Y+p+qkvg7YYKXiHlcyWZWbzc3z/rLw6L6eZ8X2lNaWi/u/dX5kB3FO
HLCX4VlUspqen5rDqA87qwv8bXaeOC2zHMkssbuixjUR2bB8z8UFcssu4OvVmqpL
TMg+Fz4dTl8pNqbjYzPk+8Zhx2SFWqBPnq1abB+ZF3AFi8LBhjlE7Q==
</SessionKey>
	    <Encrypted>bCtszfEqZl6ctjXkPbkhNPPkHuQ1Mmzg9YJ8xIpUeh5J3n9UatB7e395w+top3cl
zDqzhrMJGHCfuGXxqaxRfyc2CVOq5XNtRYSI0N0c3AHGus2Sa2gCRaI96fwEOeTk
Ozoi7RLGCpp7QQRHOuTazutf1GDUm0WZJHE4HECnRvHXo6pM1CSLi8bvdkYWTopq
8RM6IKyBNJVTLAzz7epBuLqmbSLpp0ZNJHwH2gsz3MzqCszlQcCK9GYYkSkMgbdk
CGmg7yzPtDfS4/po/Ax+O5UG3D/KRzawBSUY4tNsKhp2x1H2yCMfA1/AzBuMUkC0
NU9Wn66P/YnXgui21ZoZJlfJzvrbU9hErOY7vM6XJEPAn1yXPrpvYmZNWQ7kRCrz
qkb6vJ1ACy4=
</Encrypted></CancelInfo>
	  <ReservedInfo>
	    <MReserved1/>
	    <MReserved2/>
	    <MReserved3/></ReservedInfo>
	  <ManageInfo>
	    <Language/>
	    <URL/>
	    <TXVersion>5036B141209canceLinux     PHPchkfake   2.6.32-754.11.1.el6.x86_64PHP:</TXVersion>
	    <TXUserID/>
	    <TXRegNum/></ManageInfo></INIpay>AEI78PVsq4+6UPPQkUat6jtoNRvHXRVGBfIqkGAQHCjICepaAVt88BdAcicGfzS1
zem2wp6+Xp8qP3XC6pACBdWs3o3oqVWSXfsIEZpVEASjPfp3S5IcGS519mFi1VhX
7x7orOOCGRMgYfZzYazUS/xbfx3v8tW58ZpArDvDpkL4
]
INFO	[2020-10-16 12:08:49:37] <14455> DNS LOOKUP OK(203.238.37.3:203.238.37.3:34049) laptime:0
INFO	[2020-10-16 12:08:49:40] <14455> SOCKET CONNECT OK
INFO	[2020-10-16 12:08:49:40] <14455> SEND OK
INFO	[2020-10-16 12:08:49:444] <14455> RECV OK
INFO	[2020-10-16 12:08:49:444] <14455> MSG_FROM_PG:[0115800175D SHA1                   0                                      300430majorgol03                    INIMX_CARDmajorgol0320201016112534605139<?xml version="1.0" encoding="UTF-8"?>
<INIpay>
  <CancelInfo>
    <ResultCode>120000</ResultCode>
    <ResultMsg urlencode="1">%C1%A4%BB%F3%C3%B3%B8%AE%B5%C7%BE%FA%BD%C0%B4%CF%B4%D9.</ResultMsg>
    <SessionKey>AHGE3f67jqnQjI8dR71DbtT0rg09GyWMXI55UI8jOZXD7bV35iD9mjogsoXhynKQ
6tomRWaREh8vMjEXq3S0chzR1LGbQCymT+n+CZ81RVBflMRtJzXvnOuDztAbSOUV
aPoLXyerSjUQVdoOvR0ojKEMmmok3udo2uagX3vdbKEr3uvOsj4Hxko=
</SessionKey>
    <Encrypted>JI8cEpuNNva0m/puKbBQY5CpNG2sLmIQD1yfkJ8UY8u4sBV4rSk+1fXUkhkms0fy
lOSlvDhkWK/Qi6jX0nNa0clz/poYyE2A27+0a5HaaqbvmoZwBfCajsXfV1+HHzKF
JEvU2l9VVM+dnBGRA7c6KvKzVOfNnSeejpSdIVsnlm3fUlIePTGPBRehkXVRyxds
Bb2FeuAIy8cW/mR7ptBE7O3CovJ2NiRH0JfR0xeyeZGlvCXX4LusXpv4F/XAnkmR
VtMLEXUPmiSoqMD27EJ3ClIEBV8/cRdM9A79OSq0ujszpU+tgw+9aNrbahp60JXr
EVokOM1uB7st9YnDNMmil34APDvaD7wtm/HcmBBn8ok=
</Encrypted>
  </CancelInfo>
  <ManageInfo/>
  <ReservedInfo>
    <MReserved1 urlencode="1"></MReserved1>
    <MReserved2 urlencode="1"></MReserved2>
    <MReserved3 urlencode="1"></MReserved3>
    <PGReserved1 urlencode="1"></PGReserved1>
    <PGReserved2 urlencode="1"></PGReserved2>
    <PGReserved3 urlencode="1"></PGReserved3>
  </ReservedInfo>
</INIpay>
z1nayX//AfpA+ixuSRdUNFl+Un/B4vYVP3M7E0YaZXfIb3kQE2oR518mQmdaQ4+t
GRKMMhWpEHKkccMwLRLbtQ66NiM90ussdyvqC3S57zeaFhnNnO3F/E3LxgMsfMpC
lXREkzuzGJ1w9DAkhM4Wi74XhCioNfSHq70PyG9znL4=
]
INFO	[2020-10-16 12:08:49:444] <14455> VERIFY OK
INFO	[2020-10-16 12:08:49:444] <14455> PARSE HEAD OK
INFO	[2020-10-16 12:08:49:445] <14455> PARSE BODY OK
INFO	[2020-10-16 12:08:49:445] <14455> DECRYPT OK
DEBUG	[2020-10-16 12:08:49:445] <14455> DECRYPT MSG:[<?xml version="1.0" encoding="UTF-8"?>
<CancelInfo>
  <CancelDate>20201016</CancelDate>
  <CancelTime>120849</CancelTime>
  <ResultCode>120000</ResultCode>
  <ResultMsg urlencode="1">%C1%A4%BB%F3%C3%B3%B8%AE%B5%C7%BE%FA%BD%C0%B4%CF%B4%D9.</ResultMsg>
</CancelInfo>]
INFO	[2020-10-16 12:08:49:445] <14455> DECRYPT PARSE OK
INFO	[2020-10-16 12:08:49:445] <14455> END cancel 정상처리되었습니다. Laptime:[0.41sec]
INFO	[2020-10-16 12:08:49:445] <14455> ===============================================================
INFO	[2020-10-16 12:18:34:487] <13270> START INIPHP cancel (V5036-141209)(OS:Linux2.6.32-754.11.1.el6.x86_64,PHP:5.3.3)
DEBUG	[2020-10-16 12:18:34:487] <13270> inipayhome:/home/killdeal/public_html/shop/inicis
DEBUG	[2020-10-16 12:18:34:487] <13270> debug:false
DEBUG	[2020-10-16 12:18:34:487] <13270> type:cancel
DEBUG	[2020-10-16 12:18:34:487] <13270> mid:majorgol03
DEBUG	[2020-10-16 12:18:34:487] <13270> admin:1111
DEBUG	[2020-10-16 12:18:34:487] <13270> tid:INIMX_CARDmajorgol0320201016121318125230
DEBUG	[2020-10-16 12:18:34:487] <13270> cancelmsg:주문자 본인 취소-구매의사 없음
INFO	[2020-10-16 12:18:34:487] <13270> Check Field OK
INFO	[2020-10-16 12:18:34:487] <13270> PI PUB KEY LOAD OK []
INFO	[2020-10-16 12:18:34:487] <13270> PG PUB KEY LOAD OK [30]
INFO	[2020-10-16 12:18:34:487] <13270> MERCHANT PRIV KEY LOAD OK
INFO	[2020-10-16 12:18:34:487] <13270> MERCHANT PUB KEY LOAD OK [0]
DEBUG	[2020-10-16 12:18:34:488] <13270> MAKE ENCRYPT OK[<?xml version="1.0" encoding="UTF-8"?>
<CancelInfo>
	  <CancelTID>INIMX_CARDmajorgol0320201016121318125230</CancelTID>
	  <CancelMsg urlencode="1">%C1%D6%B9%AE%C0%DA+%BA%BB%C0%CE+%C3%EB%BC%D2-%B1%B8%B8%C5%C0%C7%BB%E7+%BE%F8%C0%BD</CancelMsg>
	  <CancelReason/></CancelInfo>]
INFO	[2020-10-16 12:18:34:488] <13270> MAKE BODY OK
INFO	[2020-10-16 12:18:34:488] <13270> SIGN OK
INFO	[2020-10-16 12:18:34:488] <13270> MAKE HEAD OK
INFO	[2020-10-16 12:18:34:488] <13270> MSG_TO_PG:[0099400175D SHA1                   0                                      300420majorgol03                    INIMX_CARDmajorgol0320201016121318125230<?xml version="1.0" encoding="UTF-8"?>
<INIpay>
	  <CancelInfo>
	    <SessionKey>V/N6z3KkPclLpQ26WD+HvCzQxOIOqzYwLGr/ON8UfkQTq8p50Wd/r7J0E8aw48ey
2woS3K6D86d047oQ5Hygq9B9ieRU/no75dbWsU3NpZrXG35a8m8FgDId5SgIaUaS
fi4rzcgEOz/qgtMyBf3fLqvMZmLdVYsYUJwI5yH9cDxgfJwFxHhbRg==
</SessionKey>
	    <Encrypted>eDJz7NK8139WkI+fsajHrvGKChL8IbnjnTQF3jdlOPiwnV5Wd2hU+U24V4ykbnXA
fjUT6csctAB5pSrobR0s8eNUg8/M8FeY/R3XxE5yy0WUBqOO0U9nSuwFGy3DkNfs
xcsEZ8XLA4sxPHA5gP7AlNN4oMIbQHsl1WzyAzoIqFAzA7sOxfKaFECvJLQrTwu1
L9mDPNku9MZNVTjlUH7xp4vw2UkD9it6UjsJgY3EIicbAYROIRDwMlNesvKjgsmI
6QT2sWaDiapjJhiw0RRMGu1PQfJeAmT0Pca1x31JxpmLB8jQZ4xz5Ek2I2n9Lrux
Xz1rRuu1KonLU7t2ZV+oId8teH73YfCAvpwH4bzzLbe9BdRzE+Gk4A==
</Encrypted></CancelInfo>
	  <ReservedInfo>
	    <MReserved1/>
	    <MReserved2/>
	    <MReserved3/></ReservedInfo>
	  <ManageInfo>
	    <Language/>
	    <URL/>
	    <TXVersion>5036B141209canceLinux     PHPchkfake   2.6.32-754.11.1.el6.x86_64PHP:</TXVersion>
	    <TXUserID/>
	    <TXRegNum/></ManageInfo></INIpay>ANLqVis+9y1LhV8yrg82Qg8jbEaq0pYs+dC/5IGXmIZEYnce/Yv2jrpkt+27gnGm
tvMnmQKQXImUKW7mGR6FoSXqVsQ78DuNDWi9QuUC0882Kuy1mB6xPuc+FxjLj+YG
p+Q+0fIifjclp5BngxHdwLJPVfa0WpBeOhyRcim89nkv
]
INFO	[2020-10-16 12:18:34:488] <13270> DNS LOOKUP OK(203.238.37.3:203.238.37.3:34049) laptime:0
INFO	[2020-10-16 12:18:34:491] <13270> SOCKET CONNECT OK
INFO	[2020-10-16 12:18:34:491] <13270> SEND OK
INFO	[2020-10-16 12:18:34:792] <13270> RECV OK
INFO	[2020-10-16 12:18:34:792] <13270> MSG_FROM_PG:[0115800175D SHA1                   0                                      300430majorgol03                    INIMX_CARDmajorgol0320201016121318125230<?xml version="1.0" encoding="UTF-8"?>
<INIpay>
  <CancelInfo>
    <ResultCode>120000</ResultCode>
    <ResultMsg urlencode="1">%C1%A4%BB%F3%C3%B3%B8%AE%B5%C7%BE%FA%BD%C0%B4%CF%B4%D9.</ResultMsg>
    <SessionKey>AJPxCG5rvERxiSJ99Vsc2yThTdv071l+5JbH6PnEcfTdaIvfXrVH5FK4m4OPFxnc
aWq0ohuWW72XO5fWjN3CwiFpaHSUQau2K9cPH0tsqWExC8WERv1tDELJ5jxX3mvv
p7FtCwkz8MLu5J7Vc4yBEX8p1j9Wiwxiu/bQyC4U3l6lIJa5DbAtTqY=
</SessionKey>
    <Encrypted>9RuFMKdo3F22EYJpsh7bGzx0G/oYkHMyWd3l1Yg5lU2kAroxkByAgXyWMEnYssfI
8qXhmVYH51n5Qi/C71Pq74er2rmG43LJm8MXwEozd63joILs2sKtQv582LtisB/v
AP6rRxSVtOZCZT1+5XM8ZLUNYLmCIYF2wlKGzEWQlH0nKdVFNkBiL76t7mcTF2Zf
z054X8FQfpMo+7DRH8tlu5Zk9i+ipAK0KkfD/68Pcte9cyp2q2AK4SEImX6QHTeo
EaMKO1LgFSaWQKPrPifQh8dSScrrT6FtvyPBCm15f4AO7+PhJNjUm27A6dYm8HOB
43vTkYAB+yyyaa2IGNNxQwAJpsD07cFtCtrpD1EDdOY=
</Encrypted>
  </CancelInfo>
  <ManageInfo/>
  <ReservedInfo>
    <MReserved1 urlencode="1"></MReserved1>
    <MReserved2 urlencode="1"></MReserved2>
    <MReserved3 urlencode="1"></MReserved3>
    <PGReserved1 urlencode="1"></PGReserved1>
    <PGReserved2 urlencode="1"></PGReserved2>
    <PGReserved3 urlencode="1"></PGReserved3>
  </ReservedInfo>
</INIpay>
QUtrpI/HXpedTHjwX8ZWZMAsWErEDN/q0dCDYg2d54Pd5M78xbrPxEhEtWXlveNy
X+HOxisWcaocyEL4Pl0NTKtq1+TE/ZeUud2vUsvwbyKhKVud+Ejcn0t7PuvXATY2
0zhGWhSkvyvqJhfxMyuOw2ZZU8vsFTzttO0YxZ0bnUI=
]
INFO	[2020-10-16 12:18:34:792] <13270> VERIFY OK
INFO	[2020-10-16 12:18:34:792] <13270> PARSE HEAD OK
INFO	[2020-10-16 12:18:34:792] <13270> PARSE BODY OK
INFO	[2020-10-16 12:18:34:793] <13270> DECRYPT OK
DEBUG	[2020-10-16 12:18:34:793] <13270> DECRYPT MSG:[<?xml version="1.0" encoding="UTF-8"?>
<CancelInfo>
  <CancelDate>20201016</CancelDate>
  <CancelTime>121835</CancelTime>
  <ResultCode>120000</ResultCode>
  <ResultMsg urlencode="1">%C1%A4%BB%F3%C3%B3%B8%AE%B5%C7%BE%FA%BD%C0%B4%CF%B4%D9.</ResultMsg>
</CancelInfo>]
INFO	[2020-10-16 12:18:34:793] <13270> DECRYPT PARSE OK
INFO	[2020-10-16 12:18:34:793] <13270> END cancel 정상처리되었습니다. Laptime:[0.306sec]
INFO	[2020-10-16 12:18:34:793] <13270> ===============================================================
