INFO	[2020-04-11 22:43:21:237] <23369> START INIPHP receipt (V5036-141209)(OS:Linux2.6.32-754.11.1.el6.x86_64,PHP:5.3.3)
DEBUG	[2020-04-11 22:43:21:237] <23369> inipayhome:/home/killdeal/public_html/shop/inicis
DEBUG	[2020-04-11 22:43:21:237] <23369> debug:false
DEBUG	[2020-04-11 22:43:21:237] <23369> type:receipt
DEBUG	[2020-04-11 22:43:21:237] <23369> pgid:INIphpRECP
DEBUG	[2020-04-11 22:43:21:237] <23369> paymethod:CASH
DEBUG	[2020-04-11 22:43:21:237] <23369> currency:WON
DEBUG	[2020-04-11 22:43:21:237] <23369> admin:1111
DEBUG	[2020-04-11 22:43:21:237] <23369> mid:majorgol03
DEBUG	[2020-04-11 22:43:21:237] <23369> goodname:5켤레1세트아디다스퍼포먼스스포츠양말
DEBUG	[2020-04-11 22:43:21:237] <23369> cr_price:19500
DEBUG	[2020-04-11 22:43:21:237] <23369> sup_price:17727
DEBUG	[2020-04-11 22:43:21:237] <23369> tax:1773
DEBUG	[2020-04-11 22:43:21:237] <23369> srvc_price:0
DEBUG	[2020-04-11 22:43:21:237] <23369> buyername:이우호
DEBUG	[2020-04-11 22:43:21:237] <23369> buyeremail:yukisss@naver.com
DEBUG	[2020-04-11 22:43:21:237] <23369> buyertel:01096963628
DEBUG	[2020-04-11 22:43:21:237] <23369> reg_num:01096963628
DEBUG	[2020-04-11 22:43:21:237] <23369> useopt:0
DEBUG	[2020-04-11 22:43:21:237] <23369> companynumber:
INFO	[2020-04-11 22:43:21:237] <23369> Check Field OK
INFO	[2020-04-11 22:43:21:237] <23369> Make TID OK INIphpRECPmajorgol0320200411224321378260
INFO	[2020-04-11 22:43:21:237] <23369> PI PUB KEY LOAD OK []
INFO	[2020-04-11 22:43:21:237] <23369> PG PUB KEY LOAD OK [30]
INFO	[2020-04-11 22:43:21:237] <23369> MERCHANT PRIV KEY LOAD OK
INFO	[2020-04-11 22:43:21:238] <23369> MERCHANT PUB KEY LOAD OK [0]
DEBUG	[2020-04-11 22:43:21:238] <23369> MAKE ENCRYPT OK[<?xml version="1.0" encoding="UTF-8"?>
<PaymentInfo>
	  <Payment>
	    <CASH>
	      <CSHR_ApplPrice>19500</CSHR_ApplPrice>
	      <CSHR_SupplyPrice>17727</CSHR_SupplyPrice>
	      <CSHR_Tax>1773</CSHR_Tax>
	      <CSHR_ServicePrice/>
	      <CSHR_Type>0</CSHR_Type>
	      <CSHR_RegNum>01096963628</CSHR_RegNum>
	      <CSHR_CompanyNum/></CASH></Payment></PaymentInfo>]
INFO	[2020-04-11 22:43:21:239] <23369> MAKE BODY OK
INFO	[2020-04-11 22:43:21:239] <23369> SIGN OK
INFO	[2020-04-11 22:43:21:239] <23369> MAKE HEAD OK
INFO	[2020-04-11 22:43:21:239] <23369> MSG_TO_PG:[0193800175D SHA1                   0                                      300200majorgol03               19500INIphpRECPmajorgol0320200411224321378260<?xml version="1.0" encoding="UTF-8"?>
<INIpay>
	  <GoodsInfo>
	    <GoodsCnt>1</GoodsCnt>
	    <MOID/>
	    <Currency>WON</Currency>
	    <Tax>1773</Tax>
	    <TaxFree/>
	    <Goods>
	      <SMID>majorgol03</SMID>
	      <GoodsName urlencode="1">5%C4%D3%B7%B91%BC%BC%C6%AE%BE%C6%B5%F0%B4%D9%BD%BA%C6%DB%C6%F7%B8%D5%BD%BA%BD%BA%C6%F7%C3%F7%BE%E7%B8%BB</GoodsName>
	      <GoodsPrice>19500</GoodsPrice></Goods></GoodsInfo>
	  <BuyerInfo>
	    <BuyerName urlencode="1">%C0%CC%BF%EC%C8%A3</BuyerName>
	    <BuyerTel>01096963628</BuyerTel>
	    <BuyerEmail urlencode="1">yukisss%40naver.com</BuyerEmail>
	    <ParentEmail/>
	    <RecvName/>
	    <RecvTel/>
	    <RecvMsg/>
	    <RecvAddr/>
	    <RecvPostNum/></BuyerInfo>
	  <PaymentInfo>
	    <Payment>
	      <PayMethod>CASH</PayMethod>
	      <JoinCard/>
	      <JoinExpire/>
	      <MailOrder/>
	      <SessionKey>iQs31GcDbuRjERE3vGjnSTr4iKg2sOBfYR9vcp3d8Xehkt/NTaWpCFk5BhNjR063
mswZJhAK1N5EFm1slpNmPo2O3xq7JnR6DYeklLp7NXMeTwH8L4o3CEEJkre4wz4t
0yFFGmS/6yPAt7earevH7q9peJmiZGrxJqvEmTpHtPFF2L1yDQFUBw==
</SessionKey>
	      <Encrypted>4zMlEznN9xZPDYOBFT9o2+quQkE5ZGo9mmoZWKppdfB2ZNyXo4f8Czpso6LN0nOF
qJxnNKciqluGoG1BudPK0xFA2FCywNMZVNTxqZ1TNPxLm9f5lSM5iEeXlhbpi5Tw
cGOR9VqR9a0jqZAcTal6a/REjoW+R1NloNLYGVYW0WOfRr25hAWxt4Fu/MmjPLMB
3YyYDUWNACHEQ3s//vND90svQLD8qM+j+RX+bugGtmJCfp65VSYjCXRMY1Vt7sb7
17iSACji0AYN+sSXrYompyKTfJayIoFvvfNbcbpgLU+x2dsmBPGogjIg1Z5oHlX7
a2SXwDtX+gUG5bsPCVnnob4ZGwaSGOT2dl1+7KDeDG2VaTE4eQ4XADg54F2tf3eH
QD0Z8VqFXopvGrqh1q3kZLOk7aWggDx+qcdj3x+S9RK9M4AuDJSZFOnwioXDdvc5
QpntOoJ/Q26Q4S7h20KNCPg3hTvyP52+j7cipX34I1pVJK5+MZJsWg==
</Encrypted></Payment></PaymentInfo>
	  <ReservedInfo>
	    <MReserved1/>
	    <MReserved2/>
	    <MReserved3/></ReservedInfo>
	  <ManageInfo>
	    <Language/>
	    <URL/>
	    <TXVersion>5036B141209receiLinux     PHPchkfake   2.6.32-754.11.1.el6.x86_64PHP:</TXVersion>
	    <TXUserID/>
	    <TXRegNum/>
	    <Ack>1</Ack></ManageInfo></INIpay>AO6rKA0+LmE2oTAOTcCEKicszeYMcMDjGA3hPRzPHIMqIO4MoMOBC96BBxvhHN1M
tJlGd9eJasAMh4pkpcqrZ48XQnG7xnIMb65AygY9ce6kZhuPiQOKGm50GHdk1WKY
u7bZ4Dabux6gHtIXHmyW4OguT5MmU5LbAHMDpCvsu857
]
INFO	[2020-04-11 22:43:21:239] <23369> DNS LOOKUP OK(203.238.37.3:203.238.37.3:34049) laptime:0
INFO	[2020-04-11 22:43:21:241] <23369> SOCKET CONNECT OK
INFO	[2020-04-11 22:43:21:241] <23369> SEND OK
INFO	[2020-04-11 22:43:21:358] <23369> RECV OK
INFO	[2020-04-11 22:43:21:358] <23369> MSG_FROM_PG:[0224900175D SHA1                   0                                      300210majorgol03               19500INIphpRECPmajorgol0320200411224321378260<?xml version="1.0" encoding="UTF-8"?>
<INIpay>
  <GoodsInfo>
    <GoodsCnt>1</GoodsCnt>
    <MOID urlencode="1"></MOID>
    <Currency>WON</Currency>
    <Goods no="1">
      <SMID>majorgol03</SMID>
      <GoodsName urlencode="1">5%C4%D3%B7%B91%BC%BC%C6%AE%BE%C6%B5%F0%B4%D9%BD%BA%C6%DB%C6%F7%B8%D5%BD%BA%BD%BA%C6%F7%C3%F7%BE%E7%B8%BB</GoodsName>
      <GoodsCntS>1</GoodsCntS>
      <GoodsPrice>19500</GoodsPrice>
    </Goods>
  </GoodsInfo>
  <PaymentInfo>
    <Payment>
      <SessionKey>AGaZKZ5xP1f1JQHg/mURDX5fp8aFx6afbR+y9xiG6ycGKpr8ScN0WwJLIDXugKUt
fru6Wj45/NArI/TBu2h/9gKMLvGnu7rfdoOFAIHX7HC+Vve06q7JAaUOYo94DYJC
PQhdEPd7QzBKXqhzKw0xZxWaQ9qPqJYHih3nFFt7Tk5Rl2YvARZURMY=
</SessionKey>
      <Encrypted>ASKZ67fnB/KxHSq51ByEbWwv6Fi8zp/OtY7TUjHlU8tOILas2lFyEhqqxAyLtesW
eA/9NG9qiOwFy1jX4Sz5wSTzPgcYDlKMbmoYscmhEDizvyrZsUrWFNkddG8ljmEh
3rpPmszxyq3O+6T0mQeMvox8wBEsBJvd3eBt3B06hGQDxbygpW4OZcsEkqiYj+iR
gZF2gUSUMUvLriB/6T2GPH9fwr6kuqIEe1ZpvH24wM7tTbnrDniAJ9Ol/hAW/rlb
qZJZNMwc76WWcVOQuAbMBQiFg4Mno0cptDcLbM/VsDQxo+SflWxnYGAMA9Wi8cl9
Psbmci/DxRdtWdifuNw2KvnN6Z/+/bGcmytm/tkoboW2CeL4uzGN5zwLas5/rSDf
vvgQAWDhIQCEAY6ms4A0RdWjQMw20JJXrBH58ITUbTeyktabfFltpPJCvm4/a3f/
JCwDqps7B0KCFHsAIhcTLNyxDRMCviN9d/BAe8lWUNCx0oKwW0lH9EqmenHbYjBp
VTsX4pt0yMyyLeQ5gIUkGbSo3UuDgBFlla7NltOlF3eXSs9qwCVvP462mx8u/IWO
gGGLUOO3ujLgDNUBCcsgInndTPh5UEon2riUpCsC9C/LIj7ymR+Sh/B3/BVbnswQ
92wyd3jzhqkuhsd0k36AhxescIMj1ccQMzMd4p+SHzV0KeNqno+909nrO3MJD+sy
kuXpegf7tSiEhIKWLKK18Wiugm+iQpd95u0acQr/l759AdGi/r8zSprqoHQRvrvs
UtnWh5wA8DQi8e7s8qjKBAyVLG2Kf7LRuySlxPsY1csMADyNL2jASG58hg5hFSDR
IBQ2NUG6Owg=
</Encrypted>
      <PayMethod>CASH</PayMethod>
      <ResultCode>220000</ResultCode>
      <ResultMsg urlencode="1">%C1%A4%BB%F3%C3%B3%B8%AE%B5%C7%BE%FA%BD%C0%B4%CF%B4%D9.</ResultMsg>
    </Payment>
  </PaymentInfo>
  <ManageInfo>
    <EventCode></EventCode>
    <OrgCurrency></OrgCurrency>
    <ExchangeRate></ExchangeRate>
    <OrgPrice></OrgPrice>
  </ManageInfo>
  <ReservedInfo>
    <MReserved1 urlencode="1"></MReserved1>
    <MReserved2 urlencode="1"></MReserved2>
    <MReserved3 urlencode="1"></MReserved3>
    <PGReserved1 urlencode="1"></PGReserved1>
    <PGReserved2 urlencode="1"></PGReserved2>
    <PGReserved3 urlencode="1"></PGReserved3>
  </ReservedInfo>
</INIpay>
RDUoKW86VSAwecx5n2x6JtdmfmiZothYVhTOwFG9VbR6uoUSglmgJnsYmwHLVIPm
y7BtqojxqHwQbVpfjVspZ3XJZMPy+GWFfDfpz6Q23zXD/1L0ypHysqsP3mYZiBeS
p8QaRtBCd482gcVc3oaZz3x/vdgEIMsWVqdE/ghS2uU=
]
INFO	[2020-04-11 22:43:21:358] <23369> VERIFY OK
INFO	[2020-04-11 22:43:21:358] <23369> PARSE HEAD OK
INFO	[2020-04-11 22:43:21:358] <23369> PARSE BODY OK
INFO	[2020-04-11 22:43:21:359] <23369> DECRYPT OK
DEBUG	[2020-04-11 22:43:21:359] <23369> DECRYPT MSG:[<?xml version="1.0" encoding="UTF-8"?>
<PaymentInfo>
  <Payment>
    <EASYPAY/>
    <CASH>
      <CSHR_ApplPrice>19500</CSHR_ApplPrice>
      <CSHR_SupplyPrice>17727</CSHR_SupplyPrice>
      <CSHR_Tax>1773</CSHR_Tax>
      <CSHR_ServicePrice></CSHR_ServicePrice>
      <CSHR_Type>0</CSHR_Type>
      <CSHR_ApplDate>20200411</CSHR_ApplDate>
      <CSHR_ApplTime>224322</CSHR_ApplTime>
      <CSHR_ApplNum>269518264</CSHR_ApplNum>
      <CSHR_ResultCode>220000</CSHR_ResultCode>
      <CSHR_ResultMsg urlencode="1">%C1%A4%BB%F3%C3%B3%B8%AE%B5%C7%BE%FA%BD%C0%B4%CF%B4%D9.</CSHR_ResultMsg>
    </CASH>
  </Payment>
</PaymentInfo>]
INFO	[2020-04-11 22:43:21:360] <23369> DECRYPT PARSE OK
INFO	[2020-04-11 22:43:21:360] <23369> WAIT ACK INVOKING
DEBUG	[2020-04-11 22:43:21:360] <23369> MAKE HEAD OK
INFO	[2020-04-11 22:43:21:362] <23369> SUCCESS ACK INVOKING
INFO	[2020-04-11 22:43:21:362] <23369> END receipt 정상처리되었습니다. Laptime:[0.125sec]
INFO	[2020-04-11 22:43:21:362] <23369> ===============================================================
