INFO	[2021-04-13 17:01:49:357] <2485> START INIPHP cancel (V5036-141209)(OS:Linux2.6.32-754.11.1.el6.x86_64,PHP:5.3.3)
DEBUG	[2021-04-13 17:01:49:357] <2485> inipayhome:/home1/killdeal/public_html/shop/inicis
DEBUG	[2021-04-13 17:01:49:357] <2485> debug:false
DEBUG	[2021-04-13 17:01:49:357] <2485> type:cancel
DEBUG	[2021-04-13 17:01:49:357] <2485> mid:majorgol03
DEBUG	[2021-04-13 17:01:49:357] <2485> admin:1111
DEBUG	[2021-04-13 17:01:49:357] <2485> tid:INIMX_CARDmajorgol0320210404154251525417
DEBUG	[2021-04-13 17:01:49:357] <2485> cancelmsg:쇼핑몰 운영자 승인 취소
INFO	[2021-04-13 17:01:49:357] <2485> Check Field OK
INFO	[2021-04-13 17:01:49:357] <2485> PI PUB KEY LOAD OK []
INFO	[2021-04-13 17:01:49:357] <2485> PG PUB KEY LOAD OK [30]
INFO	[2021-04-13 17:01:49:357] <2485> MERCHANT PRIV KEY LOAD OK
INFO	[2021-04-13 17:01:49:358] <2485> MERCHANT PUB KEY LOAD OK [0]
DEBUG	[2021-04-13 17:01:49:358] <2485> MAKE ENCRYPT OK[<?xml version="1.0" encoding="UTF-8"?>
<CancelInfo>
	  <CancelTID>INIMX_CARDmajorgol0320210404154251525417</CancelTID>
	  <CancelMsg urlencode="1">%BC%EE%C7%CE%B8%F4+%BF%EE%BF%B5%C0%DA+%BD%C2%C0%CE+%C3%EB%BC%D2</CancelMsg>
	  <CancelReason/></CancelInfo>]
INFO	[2021-04-13 17:01:49:358] <2485> MAKE BODY OK
INFO	[2021-04-13 17:01:49:359] <2485> SIGN OK
INFO	[2021-04-13 17:01:49:359] <2485> MAKE HEAD OK
INFO	[2021-04-13 17:01:49:359] <2485> MSG_TO_PG:[0096200175D SHA1                   0                                      300420majorgol03                    INIMX_CARDmajorgol0320210404154251525417<?xml version="1.0" encoding="UTF-8"?>
<INIpay>
	  <CancelInfo>
	    <SessionKey>wca5Tjp6HfiS6xF/MzDVUR2i2FcsAL5v1DR4EsGz0edlYMV1AR3TobX7Gn6FFDPr
s2RZ0Yvy6jGklay0WTbAhbaDvhKura7zMYK47QU0Gqfm6SyYivuy2I8IU38U4w5P
pCP2wo6zqxIS4zEcdapJBA5P/xjGh/xauwctXy9NtLXFTr1tMpyosQ==
</SessionKey>
	    <Encrypted>oubUE3yKVMQL8qaUdGRA+wNVw7ayBCyVXe/HewPCYQmmT6SQlFlt0LDheWdy2tsF
Twzg+TJ+3iZ2F0WYYq0Ygg+1AGG2uyFexm6Sn4x29VsalpfTBs15GfDbQ4VTkmMR
VjhfWRNkiLKvN2z0jqm30XyCaXej2Hln9MMlJt1TQuYvH1dezJmB6/eY8xIAKQ+P
fmm9YpijEImtdGVB/lnBbN40TEuBw06nMHXKG7hnDQcJ+I0ve7qkg84PjIh6rfZk
0DWhGYAV5g5bAmStzbjB9NzSnUDSXgsZdZaGixaqgdxDRtkxJRMreYwUJtu/oAxh
Di7Y06WLez+x1+XMNLFZCw==
</Encrypted></CancelInfo>
	  <ReservedInfo>
	    <MReserved1/>
	    <MReserved2/>
	    <MReserved3/></ReservedInfo>
	  <ManageInfo>
	    <Language/>
	    <URL/>
	    <TXVersion>5036B141209canceLinux     PHPchkfake   2.6.32-754.11.1.el6.x86_64PHP:</TXVersion>
	    <TXUserID/>
	    <TXRegNum/></ManageInfo></INIpay>AGp908ewVp4JZ+MdabRIrhlAtcKr9LIqPnPSHxtnsD6ProFRskTLkxjecNnOHX+R
po2gwc5TM5WZQ9F5RKokdmM8cN1PukMBDUGaN6kYpdF0LZaeFneYH64liSSmCuBi
x9PXPpdXwMwqQrF3mhha5FCH+s7lxdJ0qtOsO2yhLnzN
]
INFO	[2021-04-13 17:01:49:359] <2485> DNS LOOKUP OK(203.238.37.3:203.238.37.3:34049) laptime:0
INFO	[2021-04-13 17:01:49:361] <2485> SOCKET CONNECT OK
INFO	[2021-04-13 17:01:49:361] <2485> SEND OK
INFO	[2021-04-13 17:01:49:809] <2485> RECV OK
INFO	[2021-04-13 17:01:49:809] <2485> MSG_FROM_PG:[0093300175D SHA1                   0                                      300430majorgol03                    INIMX_CARDmajorgol0320210404154251525417<?xml version="1.0" encoding="UTF-8"?><INIpay>
<CancelInfo>
<ResultCode>120000</ResultCode>
<ResultMsg urlencode="1">%C1%A4%BB%F3%C3%B3%B8%AE%B5%C7%BE%FA%BD%C0%B4%CF%B4%D9.</ResultMsg>
<SessionKey>APKFNCMFTyWl7XrMZAKvW467/N0rfat42dvMAejzf51LIYVQj+1VmFhNGv9/DofN
4uk8Y58CJ91QpKy42+CFk9BXdTz8n3eqiBSeik4sOlEYcqGwI1pBH/V62KGwLI8i
Iv1vrh5qtUqlAd3WlvuFlFw9fvd4zWfq6ZQnL0U7eWfJo1xTVvB1+zY=
</SessionKey>
<Encrypted>R2w5kJGeOiWcz7s7MRmFyuaP6xPqSBcnQ7hhb4I7rfdtiT573saE7HXASBjZFEV8
Wp3UXGlUUVWUaZaEohzVhb5ss8qLCcdtlZyZY3mMyBbTp+GRYjRxwPX6jmZ/bLmS
WflgiA99hvUNuazUF+Ob7jFGjd3xjwJ/bDStTmGVOQyyi6ymz+ZQDGXrDuLWDxUr
j4773uVTATb9rlkO3ViVNSgvo70cZxMxzlszx3MdvMxAHKlkNAqKWH9x+TKPuqBz
ZQjH3W6W+FFAZyw+2PZ4HEhCY6kOAAgm7t8tucSnNdv2zH55M0DSM0F3sezuxOCx
1P+He4w58JhI06epk2+KpC6nG9rk4IJm
</Encrypted>
</CancelInfo>
<ManageInfo/>
<ReservedInfo>
<MReserved1 urlencode="1"/>
<MReserved2 urlencode="1"/>
<MReserved3 urlencode="1"/>
</ReservedInfo>
</INIpay>
BfpAd5kZ1yVfSOKc1YJ0srHNMlYpj8qv8jmHAe93FxGtNyHrPOn9pbQ+TzKw7fPX
Y3uILmVyAoO7FBMN94I67oJZz+/ACFauJyLzHJ6TNPlFAbbRl3jUFAc4NkDxzA99
EKIB4vQ5t15M2wQrJntnK/gk+nufh7VeYLxSkrK4EvA=
]
INFO	[2021-04-13 17:01:49:809] <2485> VERIFY OK
INFO	[2021-04-13 17:01:49:809] <2485> PARSE HEAD OK
INFO	[2021-04-13 17:01:49:809] <2485> PARSE BODY OK
INFO	[2021-04-13 17:01:49:810] <2485> DECRYPT OK
DEBUG	[2021-04-13 17:01:49:810] <2485> DECRYPT MSG:[<?xml version="1.0" encoding="UTF-8"?><CancelInfo>
<CancelDate>20210413</CancelDate>
<CancelTime>170149</CancelTime>
<ResultCode>120000</ResultCode>
<ResultMsg urlencode="1">%C1%A4%BB%F3%C3%B3%B8%AE%B5%C7%BE%FA%BD%C0%B4%CF%B4%D9.</ResultMsg>
</CancelInfo>]
INFO	[2021-04-13 17:01:49:810] <2485> DECRYPT PARSE OK
INFO	[2021-04-13 17:01:49:810] <2485> END cancel 정상처리되었습니다. Laptime:[0.453sec]
INFO	[2021-04-13 17:01:49:810] <2485> ===============================================================
INFO	[2021-04-13 20:21:55:902] <2529> START INIPHP cancel (V5036-141209)(OS:Linux2.6.32-754.11.1.el6.x86_64,PHP:5.3.3)
DEBUG	[2021-04-13 20:21:55:902] <2529> inipayhome:/home1/killdeal/public_html/shop/inicis
DEBUG	[2021-04-13 20:21:55:902] <2529> debug:false
DEBUG	[2021-04-13 20:21:55:902] <2529> type:cancel
DEBUG	[2021-04-13 20:21:55:902] <2529> mid:majorgol03
DEBUG	[2021-04-13 20:21:55:902] <2529> admin:1111
DEBUG	[2021-04-13 20:21:55:902] <2529> tid:StdpayCARDmajorgol0320210413202153835882
DEBUG	[2021-04-13 20:21:55:902] <2529> cancelmsg:DB FAIL
INFO	[2021-04-13 20:21:55:902] <2529> Check Field OK
INFO	[2021-04-13 20:21:55:902] <2529> PI PUB KEY LOAD OK []
INFO	[2021-04-13 20:21:55:902] <2529> PG PUB KEY LOAD OK [30]
INFO	[2021-04-13 20:21:55:902] <2529> MERCHANT PRIV KEY LOAD OK
INFO	[2021-04-13 20:21:55:902] <2529> MERCHANT PUB KEY LOAD OK [0]
DEBUG	[2021-04-13 20:21:55:903] <2529> MAKE ENCRYPT OK[<?xml version="1.0" encoding="UTF-8"?>
<CancelInfo>
	  <CancelTID>StdpayCARDmajorgol0320210413202153835882</CancelTID>
	  <CancelMsg urlencode="1">DB+FAIL</CancelMsg>
	  <CancelReason/></CancelInfo>]
INFO	[2021-04-13 20:21:55:903] <2529> MAKE BODY OK
INFO	[2021-04-13 20:21:55:903] <2529> SIGN OK
INFO	[2021-04-13 20:21:55:903] <2529> MAKE HEAD OK
INFO	[2021-04-13 20:21:55:903] <2529> MSG_TO_PG:[0088500175D SHA1                   0                                      300420majorgol03                    StdpayCARDmajorgol0320210413202153835882<?xml version="1.0" encoding="UTF-8"?>
<INIpay>
	  <CancelInfo>
	    <SessionKey>C+hXJua9S5/Pjfu4ovYmZ7WlBb4Bj2qs1BHKdV7EZxA8ZecmDWK6djd1ITGf//Yb
IVj3aDotBus0UlUvu7QN1opQ8WbSIomwk98IfsfjaW1K+Ej02dqXWum0udVF7BOS
hCG3jPk+pCUEOjayD7GNJmbbazFOWOX/uhmdl3sUNmYZ3TovMDEZQQ==
</SessionKey>
	    <Encrypted>wn0Ql1qMmcyk9vLAjrcVSTWxSMpqJC0pJwVo9OG243JOiDRylE7VWF3bcSenhQq5
32K+J7AFhYiZUN6eEFUWKZqyMhIjK1XT4Ue85SDqUkE3o1qNEGZZvNg9bpv7hLuj
G/dZvuxAdN5XOhBQqW+xgEGP8R9xermIeyodWpQBV9VMNG07MFuruZ5sa0vK9Jgg
a5V6mD1FFRmsqMVHEhlKE1Coaa4OembWfUF3VNxLPUMWS1ib8yg3PzOVYW0H+Scr
Aq7XAocdR+M=
</Encrypted></CancelInfo>
	  <ReservedInfo>
	    <MReserved1/>
	    <MReserved2/>
	    <MReserved3/></ReservedInfo>
	  <ManageInfo>
	    <Language/>
	    <URL/>
	    <TXVersion>5036B141209canceLinux     PHPchkfake   2.6.32-754.11.1.el6.x86_64PHP:</TXVersion>
	    <TXUserID/>
	    <TXRegNum/></ManageInfo></INIpay>ABD4ZXBCegzIB0nP8FlBCVNDQGkTUgCLxkBq+yIuvxmf2019cbeM/SlKn5CwJ6v7
e3ZRwpNgk+QL4iCab+Zx6Fp8TvJLI2wG6qBrPiG+Ak2xup1Aipx00K16ykPd6DZv
PzOZ8V0yCsO0g6Gh3byZVOqYqSaXUmP3S8YGhdtlFGir
]
INFO	[2021-04-13 20:21:55:903] <2529> DNS LOOKUP OK(203.238.37.3:203.238.37.3:34049) laptime:0
INFO	[2021-04-13 20:21:55:905] <2529> SOCKET CONNECT OK
INFO	[2021-04-13 20:21:55:905] <2529> SEND OK
INFO	[2021-04-13 20:21:57:288] <2529> RECV OK
INFO	[2021-04-13 20:21:57:288] <2529> MSG_FROM_PG:[0093300175D SHA1                   0                                      300430majorgol03                    StdpayCARDmajorgol0320210413202153835882<?xml version="1.0" encoding="UTF-8"?><INIpay>
<CancelInfo>
<ResultCode>120000</ResultCode>
<ResultMsg urlencode="1">%C1%A4%BB%F3%C3%B3%B8%AE%B5%C7%BE%FA%BD%C0%B4%CF%B4%D9.</ResultMsg>
<SessionKey>AD9xjQgd0gb+PxlXkKWu/IlHqcj2pHoDKR9Qh0g6p93PwQPBcYey31/Zef0nUFpg
7o2IVgAQcTzL1FHm+8dEioOcmdDIrMqXq+ds1MDpAQpiyaL0xiPPPH3pI6jR01Sc
+iVFS5fLDiOLTN4J6t51+DNS/ebDGcc4dy80SfFRau4S1vLFuDzNQtY=
</SessionKey>
<Encrypted>92zDQDkeakhUprEG69L3mulCXgklsAR809otaHK/STfFXTH9qiV8sKJPTqQ7aTYo
hBpi8DP/gv1TW4zi3F5EG8RYpovvQL5vvVNou2BX0IvMHo8Zv0VZbpRfgowzNyMR
biemitkleVz09UpFFYcNxO4EPCg00ZT+IUtm8G2eZc1/MfOxcrSuoPcRCbe8WgAE
rspW3z5mAVFeu6++7dL9ljymD6tOmZTmaurxJ3TPx9ThM9akXPE6EU75swS5LrqI
oBY9XJrfQFEGaz2RFu4yE4fGILxrO0VWCqZD9XioR4SX5fFd/yy54hf0lUnoB/Kd
OBV4oWMa4gNfk/cdmEHTzKZenJFoU0dz
</Encrypted>
</CancelInfo>
<ManageInfo/>
<ReservedInfo>
<MReserved1 urlencode="1"/>
<MReserved2 urlencode="1"/>
<MReserved3 urlencode="1"/>
</ReservedInfo>
</INIpay>
iOhDmVNJcUZNHwxspyXxMowGvIe41mAVX2VefooTL0nK6tF9IWO0O6WeSNVljyh2
y+ybs0Cl/QlVYrnn1y6Q2sTh8KPVqUwwyrCw2tPjJGQenfbfz+E+mcxmR+WkOAwI
nFVoFb/onkYonGb8IB4eLaGg0FIGTS2ZHcwC2JtQ6M0=
]
INFO	[2021-04-13 20:21:57:288] <2529> VERIFY OK
INFO	[2021-04-13 20:21:57:288] <2529> PARSE HEAD OK
INFO	[2021-04-13 20:21:57:288] <2529> PARSE BODY OK
INFO	[2021-04-13 20:21:57:289] <2529> DECRYPT OK
DEBUG	[2021-04-13 20:21:57:289] <2529> DECRYPT MSG:[<?xml version="1.0" encoding="UTF-8"?><CancelInfo>
<CancelDate>20210413</CancelDate>
<CancelTime>202157</CancelTime>
<ResultCode>120000</ResultCode>
<ResultMsg urlencode="1">%C1%A4%BB%F3%C3%B3%B8%AE%B5%C7%BE%FA%BD%C0%B4%CF%B4%D9.</ResultMsg>
</CancelInfo>]
INFO	[2021-04-13 20:21:57:289] <2529> DECRYPT PARSE OK
INFO	[2021-04-13 20:21:57:289] <2529> END cancel 정상처리되었습니다. Laptime:[1.388sec]
INFO	[2021-04-13 20:21:57:289] <2529> ===============================================================
