INFO	[2021-01-14 13:53:13:30] <3157> START INIPHP cancel (V5036-141209)(OS:Linux2.6.32-754.11.1.el6.x86_64,PHP:5.3.3)
DEBUG	[2021-01-14 13:53:13:30] <3157> inipayhome:/home1/killdeal/public_html/shop/inicis
DEBUG	[2021-01-14 13:53:13:30] <3157> debug:false
DEBUG	[2021-01-14 13:53:13:30] <3157> type:cancel
DEBUG	[2021-01-14 13:53:13:30] <3157> mid:fourseason
DEBUG	[2021-01-14 13:53:13:30] <3157> admin:1111
DEBUG	[2021-01-14 13:53:13:30] <3157> tid:INIMX_CARDfourseason20210109185604915033
DEBUG	[2021-01-14 13:53:13:30] <3157> cancelmsg:쇼핑몰 운영자 승인 취소
INFO	[2021-01-14 13:53:13:30] <3157> Check Field OK
INFO	[2021-01-14 13:53:13:30] <3157> PI PUB KEY LOAD OK []
INFO	[2021-01-14 13:53:13:30] <3157> PG PUB KEY LOAD OK [30]
INFO	[2021-01-14 13:53:13:30] <3157> MERCHANT PRIV KEY LOAD OK
INFO	[2021-01-14 13:53:13:30] <3157> MERCHANT PUB KEY LOAD OK [0]
DEBUG	[2021-01-14 13:53:13:31] <3157> MAKE ENCRYPT OK[<?xml version="1.0" encoding="UTF-8"?>
<CancelInfo>
	  <CancelTID>INIMX_CARDfourseason20210109185604915033</CancelTID>
	  <CancelMsg urlencode="1">%BC%EE%C7%CE%B8%F4+%BF%EE%BF%B5%C0%DA+%BD%C2%C0%CE+%C3%EB%BC%D2</CancelMsg>
	  <CancelReason/></CancelInfo>]
INFO	[2021-01-14 13:53:13:31] <3157> MAKE BODY OK
INFO	[2021-01-14 13:53:13:31] <3157> SIGN OK
INFO	[2021-01-14 13:53:13:31] <3157> MAKE HEAD OK
INFO	[2021-01-14 13:53:13:31] <3157> MSG_TO_PG:[0096200175D SHA1                   0                                      300420fourseason                    INIMX_CARDfourseason20210109185604915033<?xml version="1.0" encoding="UTF-8"?>
<INIpay>
	  <CancelInfo>
	    <SessionKey>guZe+weDcu4UtGxiiJ57A6OJIkpuN4X1Bh3tip715icm52ryuCHuOPqOZXDOM/yb
PG5/2z1u2PjbcMOEJeDFN+xg0EmzDfWhezJLxXpcks4vPzEfDy3P+Bi/fDlTUPlJ
EbhrqEvLRovLV37s+NACGlqbp9UXjhj3dy6rn6sGRbnoSkvpDKmDMA==
</SessionKey>
	    <Encrypted>nFGh/zSy3ql0UQXjrrP4MeI9M9UHCMQNoXOP8BvypzE449IUtOLLqvro5Be0rdas
2V6FLPFAUcb4q7hM/XpYPRccJNhS0kI7HF84yCxB7hZuMfjOZdNnIrYAmaWbLSEm
je3Tyb9sBIC0IYp5Yscw8FLsFfVWHVFf0Yoj62kvzNi5FDuOeLsNmJ6Ng4va8vcg
CZstLS0Yy0GlDzSwk1QKABzdIk8iBBItp0RL/+qL8ZFOVkOWZ/hmBrieu5ppVWdC
T6eTEoyuP1KhOvBryopRestQZHcttte2Euz3NeqrhKvrceC/hMtuNgsovjbNB75a
wxec8FCa4hwChiNTbjw4ZQ==
</Encrypted></CancelInfo>
	  <ReservedInfo>
	    <MReserved1/>
	    <MReserved2/>
	    <MReserved3/></ReservedInfo>
	  <ManageInfo>
	    <Language/>
	    <URL/>
	    <TXVersion>5036B141209canceLinux     PHPchkfake   2.6.32-754.11.1.el6.x86_64PHP:</TXVersion>
	    <TXUserID/>
	    <TXRegNum/></ManageInfo></INIpay>AMEUJO0qqdDRAoB1d9vvKPjKCE6OojHW1ZMnUQ5WVd0ST+6Ur0EzwdhaJ4YRaHbn
uND1tPdvI/cK62b9sXwEiSI5BK2FOlIoeOavNm/b9GS6gxTNrDOa4YKdLW+p6Yn3
ExKbfHDGLPYZA+OI1MZu1JTnXikbbh5JTxfp5R1WtK39
]
INFO	[2021-01-14 13:53:13:31] <3157> DNS LOOKUP OK(203.238.37.3:203.238.37.3:34049) laptime:0
INFO	[2021-01-14 13:53:13:34] <3157> SOCKET CONNECT OK
INFO	[2021-01-14 13:53:13:34] <3157> SEND OK
INFO	[2021-01-14 13:53:13:966] <3157> RECV OK
INFO	[2021-01-14 13:53:13:966] <3157> MSG_FROM_PG:[0115800175D SHA1                   0                                      300430fourseason                    INIMX_CARDfourseason20210109185604915033<?xml version="1.0" encoding="UTF-8"?>
<INIpay>
  <CancelInfo>
    <ResultCode>120000</ResultCode>
    <ResultMsg urlencode="1">%C1%A4%BB%F3%C3%B3%B8%AE%B5%C7%BE%FA%BD%C0%B4%CF%B4%D9.</ResultMsg>
    <SessionKey>APJ/GCDq6Wf66ISNRtxASskFl7JVSHt0pBdlqfRoG9Tfoqek/6rTPnPrF6Dd7rrj
19zdqJnYoYAdEuJSucAubJa37MTkIANAvRzeNnPYzszSEga9gQGx9UK0B4uGltk9
rbt140mx5fFpMtZwmq7lPkTpdlJhrpMaacal/HoBn2E95nUYInB7t8c=
</SessionKey>
    <Encrypted>RKCSgEmGEF10DahhtWco5vj70x4Hvh4KPjRiMsrMKL8YA1vT7hSN1IMShgwsZDmM
NEeV88yWZ0KyHzahCt23cSe/mGjcoNOmLYEI61IxCSDEW8imvqw0t7xg01M9Ol1h
HuosXX15U9lo/Bu9BirQm+iJpgWl2Dfp0yUvVNTvXw7RuAbCrmgaGdziX+qF7jdZ
5ZLx09XjXOEetZvWre7Ye9lnxj9YnybNxu8EFXHIXazoSQGe6fkdJROHbkSU6SPp
0ejc0qyseI1jTzRmnOIg7VUFiUogHaXHYZfm5tti+EyWCyZOxhirOU3UvAD/SqA3
lDsKVVPqWrcog3PrwVucSC277NF0OGRywkZvP+N7+kM=
</Encrypted>
  </CancelInfo>
  <ManageInfo/>
  <ReservedInfo>
    <MReserved1 urlencode="1"></MReserved1>
    <MReserved2 urlencode="1"></MReserved2>
    <MReserved3 urlencode="1"></MReserved3>
    <PGReserved1 urlencode="1"></PGReserved1>
    <PGReserved2 urlencode="1"></PGReserved2>
    <PGReserved3 urlencode="1"></PGReserved3>
  </ReservedInfo>
</INIpay>
TLZvuCrDAXlYHaW/HTX2TAn2IFBUsu7vsWIxoDRCdrn20Jxhteb+ZGmH9bUKFjBe
gl1tGbnWxSQqOM46qZW2dZikoYOaDCp5Kbh8b404AuPV43Kn9rrCZsMmUdMCSX5u
erTIbulHXeo+PaZWTrVmacbYGQhXJHAs5lVbJL4sQnQ=
]
INFO	[2021-01-14 13:53:13:966] <3157> VERIFY OK
INFO	[2021-01-14 13:53:13:966] <3157> PARSE HEAD OK
INFO	[2021-01-14 13:53:13:967] <3157> PARSE BODY OK
INFO	[2021-01-14 13:53:13:967] <3157> DECRYPT OK
DEBUG	[2021-01-14 13:53:13:967] <3157> DECRYPT MSG:[<?xml version="1.0" encoding="UTF-8"?>
<CancelInfo>
  <CancelDate>20210114</CancelDate>
  <CancelTime>135313</CancelTime>
  <ResultCode>120000</ResultCode>
  <ResultMsg urlencode="1">%C1%A4%BB%F3%C3%B3%B8%AE%B5%C7%BE%FA%BD%C0%B4%CF%B4%D9.</ResultMsg>
</CancelInfo>]
INFO	[2021-01-14 13:53:13:967] <3157> DECRYPT PARSE OK
INFO	[2021-01-14 13:53:13:967] <3157> END cancel 정상처리되었습니다. Laptime:[0.938sec]
INFO	[2021-01-14 13:53:13:967] <3157> ===============================================================
