INFO	[2022-10-31 11:19:23:178] <16994> START INIPHP repay (V5036-141209)(OS:Linux2.6.32-754.11.1.el6.x86_64,PHP:5.3.3)
DEBUG	[2022-10-31 11:19:23:178] <16994> inipayhome:/home1/killdeal/public_html/shop/inicis
DEBUG	[2022-10-31 11:19:23:178] <16994> debug:false
DEBUG	[2022-10-31 11:19:23:178] <16994> type:repay
DEBUG	[2022-10-31 11:19:23:178] <16994> pgid:INIphpRPAY
DEBUG	[2022-10-31 11:19:23:178] <16994> subpgip:203.238.3.10
DEBUG	[2022-10-31 11:19:23:178] <16994> mid:fourseason
DEBUG	[2022-10-31 11:19:23:178] <16994> admin:1111
DEBUG	[2022-10-31 11:19:23:178] <16994> oldtid:StdpayCARDfourseason20221024060524606212
DEBUG	[2022-10-31 11:19:23:178] <16994> currency:WON
DEBUG	[2022-10-31 11:19:23:178] <16994> price:32800
DEBUG	[2022-10-31 11:19:23:178] <16994> confirm_price:239000
DEBUG	[2022-10-31 11:19:23:178] <16994> buyeremail:jungdeokyong@daum.net
DEBUG	[2022-10-31 11:19:23:178] <16994> tax:2982
DEBUG	[2022-10-31 11:19:23:178] <16994> taxfree:0
INFO	[2022-10-31 11:19:23:178] <16994> Check Field OK
INFO	[2022-10-31 11:19:23:178] <16994> Make TID OK INIphpRPAYfourseason20221031111923786188
INFO	[2022-10-31 11:19:23:178] <16994> PI PUB KEY LOAD OK []
INFO	[2022-10-31 11:19:23:179] <16994> PG PUB KEY LOAD OK [30]
INFO	[2022-10-31 11:19:23:179] <16994> MERCHANT PRIV KEY LOAD OK
INFO	[2022-10-31 11:19:23:179] <16994> MERCHANT PUB KEY LOAD OK [0]
DEBUG	[2022-10-31 11:19:23:179] <16994> MAKE ENCRYPT OK[<?xml version="1.0" encoding="UTF-8"?>
<PartCancelInfo>
	  <PRTC_TID>StdpayCARDfourseason20221024060524606212</PRTC_TID>
	  <PRTC_Price>32800</PRTC_Price>
	  <PRTC_Remains>239000</PRTC_Remains>
	  <PRTC_Quota/>
	  <PRTC_Interest/>
	  <PRTC_NoAcctFNBC/>
	  <PRTC_NmAcctFNBC/></PartCancelInfo>]
INFO	[2022-10-31 11:19:23:180] <16994> MAKE BODY OK
INFO	[2022-10-31 11:19:23:180] <16994> SIGN OK
INFO	[2022-10-31 11:19:23:180] <16994> MAKE HEAD OK
INFO	[2022-10-31 11:19:23:180] <16994> MSG_TO_PG:[0111700175D SHA1                   0                                      300620fourseason               32800INIphpRPAYfourseason20221031111923786188<?xml version="1.0" encoding="UTF-8"?>
<INIpay>
	  <PartCancelInfo>
	    <SessionKey>Yxi3Q3flcYivMxm4iIYlDxBctTcPnS6mw6bvQnftQDTWUFGO/KV647JIlZJToOdD
/EnFxyEJHmU+UgyJSv58hhNHzZCj6PaQwXAFPS9mjYlXk9cHWcDeIE6KQMwdmtm2
zLUJ1NfAJ0HMAWfBogDe1IB4D0MAKpfRzyCSISAsv8baVnHYs9Qp+Q==
</SessionKey>
	    <Encrypted>v6qqJyu5xv3Ss72BvUYsg0OVJo6d2cfRkoHtA7oSE5BcMn3NVhViwzSPX041ULMy
CAKVKXnua3z/1llG8TKac75C8lZ+ebjpEWFVbwz5kJdc/IiKrVtShDubZeiBjB0D
IA7GdkpM/SHbsfa+2DSQOnLVJat4GZD16eC/S2KnBb74yhvh0APpNqG335gQzZDp
jyN1m34FF3D9Yl0UWlCnNxT+82Hr9j/2UrLnIkqH3rX7tVHzuN+7KFDahN6ClI1A
KPvmdVa6IUGYdtWPYIrQgYKUE1d3NKuG++sLMfIibvW17iAozi3SgjHvJgE5vBkE
Of+j+oaHb6Uw6RrsBrwpYXDnej+K38NC+zSUskWUUsRk3nafJx2jlXPyomVBghPT
pryLCyQOD00=
</Encrypted></PartCancelInfo>
	  <GoodsInfo>
	    <Tax>2982</Tax>
	    <TaxFree/>
	    <Currency>WON</Currency></GoodsInfo>
	  <ReservedInfo>
	    <MReserved1/>
	    <MReserved2/>
	    <MReserved3/></ReservedInfo>
	  <ManageInfo>
	    <Language/>
	    <URL/>
	    <TXVersion>5036B141209repayLinux     PHPchkfake   2.6.32-754.11.1.el6.x86_64PHP:</TXVersion>
	    <TXUserID/>
	    <TXRegNum/></ManageInfo></INIpay>ABHlP8AniRlRPJnZkHdpIB+x3l0c/w98SvqW8Hcemg36SXmgcrNTeGCsInoVNB5T
TtX9JqckD1xDRgSFzMPTkDGiHsqK7bfki5SOEZ5lm615iTSp0U0gylZZqOajIEde
88khWSC2VbQrLFfy3IeRsr+dTWx70v92WcI+aAOWStTJ
]
INFO	[2022-10-31 11:19:23:180] <16994> DNS LOOKUP OK(203.238.37.3:203.238.37.3:34049) laptime:0
INFO	[2022-10-31 11:19:23:183] <16994> SOCKET CONNECT OK
INFO	[2022-10-31 11:19:23:183] <16994> SEND OK
INFO	[2022-10-31 11:19:23:437] <16994> RECV OK
INFO	[2022-10-31 11:19:23:437] <16994> MSG_FROM_PG:[0099200175D SHA1                   0                                      300630fourseason               32800INIphpRPAYfourseason20221031111923786188<?xml version="1.0" encoding="UTF-8"?><INIpay>
<PartCancelInfo>
<PayMethod>Card</PayMethod>
<ResultCode>120000</ResultCode>
<ResultMsg urlencode="1">%C1%A4%BB%F3%C3%B3%B8%AE%B5%C7%BE%FA%BD%C0%B4%CF%B4%D9.</ResultMsg>
<SessionKey>AA+fwgq4UHjmaYigCZacqRLmE8EJUYMglHmWdoTRYRswx1T2bUu5tyofcjbIeNZO
BsQm0aUeFAI93YQb4r3hSafSGaY7nXTZhduNiXo9IG7gD4ACPlcDb1U2gwvSy3LN
Dv1U8vnjKX+oug1RgxwXjJIZaD4lY6bFsDFr2MiJPxgxR0fBXoLIs4s=
</SessionKey>
<Encrypted>2MO2tlpdOVFfeadIVzRIMt76R6mwrd1WCGt1u+rOr1u5kvnUkUBQNeTe6IICBcyW
EbMXm4NZKlcQPzBM6F5cyTc6YyVAicR0ddPOhwDl59CVjX2WBhPMoELUKj0iFn6f
VcLOr4+PrcjNoEQj0WmmO3lvZ1f0c14PL0otdW1i3PT1oh+JzArfCCsg61Nv5sDB
eqQfXeJooRNv+FPst5CPHT1zivEnYpZYBqYTt0ftPRGaJTaDYruZIJsthN1qTc3s
bRql697o1BGK6iXEyUBe7jnPyTZQkDGKSPbJH1BhNYRZEeY37h+UWolddvvrNF66
2VIDd+D7nc33NCPzVD32vvZi7E8+Rlt1N75WW6ic1czkp6WRbAbXcZ6x20KV1WGb
3Ef3jqaYofhiGeGx2nwi7epSv7VSJRMEeNic/wxHV+9n6wlbjsm3AX/SX/59iRvl
jE0d/6PArhIkqKHIwKIKOA==
</Encrypted>
</PartCancelInfo>
<ManageInfo/>
<ReservedInfo/>
</INIpay>
qopeNSaoaHeKZgmgNa+wMU+Prh22Xk1AtPP6x96D7608X9Xt16IHoe/U7NPYJVmX
/lkosaN9Qv4ND/5n/TgV3Z23cOJKGbni/apB5BKXNX1J6tVPWl2m9vcxc34vDwL2
ghCgBIDVAKOEwu2x1Y5BrXLLLhlbiV6LZAzvirDcTq8=
]
INFO	[2022-10-31 11:19:23:437] <16994> VERIFY OK
INFO	[2022-10-31 11:19:23:437] <16994> PARSE HEAD OK
INFO	[2022-10-31 11:19:23:437] <16994> PARSE BODY OK
INFO	[2022-10-31 11:19:23:438] <16994> DECRYPT OK
DEBUG	[2022-10-31 11:19:23:438] <16994> DECRYPT MSG:[<?xml version="1.0" encoding="UTF-8"?><PartCancelInfo>
<PRTC_TID>StdpayCARDfourseason20221024060524606212</PRTC_TID>
<PRTC_Price>32800</PRTC_Price>
<PRTC_Remains>239000</PRTC_Remains>
<PRTC_Quota>00</PRTC_Quota>
<PRTC_Type>1</PRTC_Type>
<CancelDate>20221031</CancelDate>
<CancelTime>111923</CancelTime>
<PRTC_Cnt>1</PRTC_Cnt>
</PartCancelInfo>]
INFO	[2022-10-31 11:19:23:438] <16994> DECRYPT PARSE OK
INFO	[2022-10-31 11:19:23:438] <16994> END repay 정상처리되었습니다. Laptime:[0.26sec]
INFO	[2022-10-31 11:19:23:438] <16994> ===============================================================
