INFO	[2021-06-16 11:24:23:849] <14317> START INIPHP receipt (V5036-141209)(OS:Linux2.6.32-754.11.1.el6.x86_64,PHP:5.3.3)
DEBUG	[2021-06-16 11:24:23:849] <14317> inipayhome:/home1/killdeal/public_html/shop/inicis
DEBUG	[2021-06-16 11:24:23:849] <14317> debug:false
DEBUG	[2021-06-16 11:24:23:849] <14317> type:receipt
DEBUG	[2021-06-16 11:24:23:849] <14317> pgid:INIphpRECP
DEBUG	[2021-06-16 11:24:23:849] <14317> paymethod:CASH
DEBUG	[2021-06-16 11:24:23:849] <14317> currency:WON
DEBUG	[2021-06-16 11:24:23:849] <14317> admin:1111
DEBUG	[2021-06-16 11:24:23:849] <14317> mid:fourseason
DEBUG	[2021-06-16 11:24:23:849] <14317> goodname:핫딜타이틀리스트PROV1V1XA급로스트볼 외 3건
DEBUG	[2021-06-16 11:24:23:849] <14317> cr_price:258000
DEBUG	[2021-06-16 11:24:23:849] <14317> sup_price:234545
DEBUG	[2021-06-16 11:24:23:849] <14317> tax:23455
DEBUG	[2021-06-16 11:24:23:849] <14317> srvc_price:0
DEBUG	[2021-06-16 11:24:23:849] <14317> buyername:김규선
DEBUG	[2021-06-16 11:24:23:849] <14317> buyeremail:tomsun67@naver.com
DEBUG	[2021-06-16 11:24:23:849] <14317> buyertel:
DEBUG	[2021-06-16 11:24:23:849] <14317> reg_num:01050050945
DEBUG	[2021-06-16 11:24:23:849] <14317> useopt:0
DEBUG	[2021-06-16 11:24:23:849] <14317> companynumber:
INFO	[2021-06-16 11:24:23:849] <14317> Check Field OK
INFO	[2021-06-16 11:24:23:849] <14317> Make TID OK INIphpRECPfourseason20210616112423494589
INFO	[2021-06-16 11:24:23:849] <14317> PI PUB KEY LOAD OK []
INFO	[2021-06-16 11:24:23:850] <14317> PG PUB KEY LOAD OK [30]
INFO	[2021-06-16 11:24:23:850] <14317> MERCHANT PRIV KEY LOAD OK
INFO	[2021-06-16 11:24:23:850] <14317> MERCHANT PUB KEY LOAD OK [0]
DEBUG	[2021-06-16 11:24:23:851] <14317> MAKE ENCRYPT OK[<?xml version="1.0" encoding="UTF-8"?>
<PaymentInfo>
	  <Payment>
	    <CASH>
	      <CSHR_ApplPrice>258000</CSHR_ApplPrice>
	      <CSHR_SupplyPrice>234545</CSHR_SupplyPrice>
	      <CSHR_Tax>23455</CSHR_Tax>
	      <CSHR_ServicePrice/>
	      <CSHR_Type>0</CSHR_Type>
	      <CSHR_RegNum>01050050945</CSHR_RegNum>
	      <CSHR_CompanyNum/></CASH></Payment></PaymentInfo>]
INFO	[2021-06-16 11:24:23:851] <14317> MAKE BODY OK
INFO	[2021-06-16 11:24:23:851] <14317> SIGN OK
INFO	[2021-06-16 11:24:23:852] <14317> MAKE HEAD OK
INFO	[2021-06-16 11:24:23:852] <14317> MSG_TO_PG:[0191800175D SHA1                   0                                      300200fourseason              258000INIphpRECPfourseason20210616112423494589<?xml version="1.0" encoding="UTF-8"?>
<INIpay>
	  <GoodsInfo>
	    <GoodsCnt>1</GoodsCnt>
	    <MOID/>
	    <Currency>WON</Currency>
	    <Tax>23455</Tax>
	    <TaxFree/>
	    <Goods>
	      <SMID>fourseason</SMID>
	      <GoodsName urlencode="1">%C7%D6%B5%F4%C5%B8%C0%CC%C6%B2%B8%AE%BD%BA%C6%AEPROV1V1XA%B1%DE%B7%CE%BD%BA%C6%AE%BA%BC+%BF%DC+3%B0%C7</GoodsName>
	      <GoodsPrice>258000</GoodsPrice></Goods></GoodsInfo>
	  <BuyerInfo>
	    <BuyerName urlencode="1">%B1%E8%B1%D4%BC%B1</BuyerName>
	    <BuyerTel/>
	    <BuyerEmail urlencode="1">tomsun67%40naver.com</BuyerEmail>
	    <ParentEmail/>
	    <RecvName/>
	    <RecvTel/>
	    <RecvMsg/>
	    <RecvAddr/>
	    <RecvPostNum/></BuyerInfo>
	  <PaymentInfo>
	    <Payment>
	      <PayMethod>CASH</PayMethod>
	      <JoinCard/>
	      <JoinExpire/>
	      <MailOrder/>
	      <SessionKey>y7dozc2yW13QDmThC+Yq06ZB3ygjz0maNtzQ3KAyg53EnhVWnqN6tP1Wl7huseBK
uKDn1MsePLQAVP9cgzNvt1tr7odL9fyGtfcJNGwTYSIJaz5NRzShmmiaaJnsBEdU
NN1xGu9eLdi9ZFshfJazP3BrLBIX3kHNDt/hNFQKvaCYHJs+5nj3iQ==
</SessionKey>
	      <Encrypted>nhW6nLEXbsSfXgcefdc3naaAd8hT8Ke1JXgasED24BAoPE+vnfYeiz9W6k9L0f7T
ktzzVM6lto/fYJ7jO5Sww/PyqKlsWUdGET5nSOEhNSuDUtgN6L2Oo4BW2BQUUOp5
opC0ixC4mQVlHLdWEVco6yl5LyHfg7IvEEWebt6R8v87KPcGNCZdXtSWXxbvy0oI
IqYNY7idiS0uJPNQSGAdidrjW1bu4TlixIVBiXIVSXYnDNM241nKXtboG1qa7lFR
GDq1OmhygRfvG7rn/jhaKnQFhovXqw5W4IN1jrK1Ehb5tDOMOcAeC1wohk8CE5jd
BF2I569n8d8DUNlmQ5W65ICmtUjvXdGx7xSXku1Duzn5nDylqf5MPt0LsgNkd4VF
v6Mv0HVAULfsAvBN/zlb6pl2UjTBmmQt1sbbWGQOxN+FEDYAajC08VWiMjooRksg
ZF16sjtjqbm746qVRXATYJr3/bZNl2qIfKg5wQz0LjHvyZQhYru00A==
</Encrypted></Payment></PaymentInfo>
	  <ReservedInfo>
	    <MReserved1/>
	    <MReserved2/>
	    <MReserved3/></ReservedInfo>
	  <ManageInfo>
	    <Language/>
	    <URL/>
	    <TXVersion>5036B141209receiLinux     PHPchkfake   2.6.32-754.11.1.el6.x86_64PHP:</TXVersion>
	    <TXUserID/>
	    <TXRegNum/>
	    <Ack>1</Ack></ManageInfo></INIpay>AO3QmYwhqGV1MJZrf5gp129v3W9/2MJONtGgcCBa7QnTEgpuIjX+aqlzlQbhXh8A
EMzAgGiAHsAZiIjnqof9q0CrKe9qYEbEmeWYYLp42/3x9iLfGDzmDNNh3RFmxYrM
7xIdqkvN5+GS2lxcthSH7vMMcVL76HWR1IZTVZ9BM3Oe
]
INFO	[2021-06-16 11:24:23:852] <14317> DNS LOOKUP OK(203.238.37.3:203.238.37.3:34049) laptime:0
INFO	[2021-06-16 11:24:23:854] <14317> SOCKET CONNECT OK
INFO	[2021-06-16 11:24:23:854] <14317> SEND OK
INFO	[2021-06-16 11:24:23:974] <14317> RECV OK
INFO	[2021-06-16 11:24:23:974] <14317> MSG_FROM_PG:[0168100175D SHA1                   0                                      300210fourseason              258000INIphpRECPfourseason20210616112423494589<?xml version="1.0" encoding="UTF-8"?><INIpay>
<GoodsInfo>
<GoodsCnt>1</GoodsCnt>
<MOID urlencode="1"/>
<Currency>WON</Currency>
<Goods no="1">
<SMID>fourseason</SMID>
<GoodsName urlencode="1">%C7%D6%B5%F4%C5%B8%C0%CC%C6%B2%B8%AE%BD%BA%C6%AEPROV1V1XA%B1%DE%B7%CE%BD%BA%C6%AE%BA%BC+%BF%DC+3%B0%C7</GoodsName>
<GoodsCntS>1</GoodsCntS>
<GoodsPrice>258000</GoodsPrice>
</Goods>
</GoodsInfo>
<PaymentInfo>
<Payment>
<SessionKey>AMXk472JrZ7+ee5s04HP3d4ZTovCBh8+NUPb2/P6BMRxEhoIbenu/gW70TKTewuW
Ul5blD8lFf7w0nVNslZi2S8G+fO72rv8anhikNtZSx5/9qtYapU+rrlxVKQ2OX2w
1awqAA60tkTN24sE3jyo+Xld/qvS4IUJp48bE6YQWTJK5mIfFY+2WjI=
</SessionKey>
<Encrypted>vg1j9AXNfJ7sPf9hbvxDHXbbCKxdyQsAhWruYwiEsEvnPyd0eAvZ0wePVm43e/9p
xeIGQdyGKmcj3Jf+8tStSkxBIVdZl2yP1i75BUmeZZvxqnJ7AJayTwzcfUC7SUen
6GopUzpbt2uFbKpDIryCEl+VEJQmtdDDV+RkS7E4HtrdoU1hno/hzCy9Pi7g1zpj
gjIk8rbQ3XteHmd8ybL5OizoTMQ1/mLWIRLipZWM8Z8quNMoF0lXcNsKgqm5E4HO
MBmrNvBnZz37rsLcXAXa1NI2VeERwpCydncm+W2y8LphJJhbRs7+OsbHHGvB98+L
VrLrRxlhXAV8MAdJ/V35kUrnmsZa1Hgx3Oquj1ND7Nu9VfvZVsP2bSggptExshim
kB7hwepCowbtdfQlRGoNbZPM/14qfib6peqmG+0Ivfv07AqZfKXXxjrr9VGssbA1
f4qBz2zotM8EA2Rkiun/pARVTT6BvOg6GalG+OlChHcYodE7uI0UcxBioxEP44C6
LU0Y2RkUCqXL10rKAcs8eonKqhRwTU++rNkJXz03MqdcsbKI4ki2mY3Vy4IqgZ9s
Msz0YyE6B0YW/rLeBMvLY49PB/a6CENP+5975R6pczju4gvKpWQPxAUqsQVZAQmE
9Ksye5YT8G13zE2VWUhGTSnUXPl9pCYwWJa6JWdtilRRGisbMLrZweqdGMilxQOp
</Encrypted>
<PayMethod>CASH</PayMethod>
<ResultCode>220000</ResultCode>
<ResultMsg urlencode="1">%C1%A4%BB%F3%C3%B3%B8%AE%B5%C7%BE%FA%BD%C0%B4%CF%B4%D9.</ResultMsg>
</Payment>
</PaymentInfo>
<ManageInfo/>
<ReservedInfo>
<MReserved1 urlencode="1"/>
<MReserved2 urlencode="1"/>
<MReserved3 urlencode="1"/>
</ReservedInfo>
</INIpay>
Pc8NzgH1BI0rEL5Up6VINw1T6KWqJcBBaJIQFijhkevDG8vDpM153kEgq97pW6u3
CesxuROzkUJapBAkO6dWfQnOU5MYNH9z4h9HvfeVdYKZtIA032mXiuTJJVsIj4o4
0feR7Lb9ttu79OdWFOWmZTwn0XKEMXsobUOkIvlREx4=
]
INFO	[2021-06-16 11:24:23:975] <14317> VERIFY OK
INFO	[2021-06-16 11:24:23:975] <14317> PARSE HEAD OK
INFO	[2021-06-16 11:24:23:975] <14317> PARSE BODY OK
INFO	[2021-06-16 11:24:23:976] <14317> DECRYPT OK
DEBUG	[2021-06-16 11:24:23:976] <14317> DECRYPT MSG:[<?xml version="1.0" encoding="UTF-8"?><PaymentInfo>
<Payment>
<CASH>
<CSHR_ApplPrice>258000</CSHR_ApplPrice>
<CSHR_SupplyPrice>234545</CSHR_SupplyPrice>
<CSHR_Tax>23455</CSHR_Tax>
<CSHR_ServicePrice/>
<CSHR_Type>0</CSHR_Type>
<CSHR_ApplDate>20210616</CSHR_ApplDate>
<CSHR_ApplTime>112424</CSHR_ApplTime>
<CSHR_ApplNum>266328138</CSHR_ApplNum>
<CSHR_ResultCode>220000</CSHR_ResultCode>
<CSHR_ResultMsg urlencode="1">%C1%A4%BB%F3%C3%B3%B8%AE%B5%C7%BE%FA%BD%C0%B4%CF%B4%D9.</CSHR_ResultMsg>
</CASH>
</Payment>
</PaymentInfo>]
INFO	[2021-06-16 11:24:23:976] <14317> DECRYPT PARSE OK
INFO	[2021-06-16 11:24:23:976] <14317> WAIT ACK INVOKING
DEBUG	[2021-06-16 11:24:23:976] <14317> MAKE HEAD OK
INFO	[2021-06-16 11:24:23:980] <14317> SUCCESS ACK INVOKING
INFO	[2021-06-16 11:24:23:980] <14317> END receipt 정상처리되었습니다. Laptime:[0.131sec]
INFO	[2021-06-16 11:24:23:980] <14317> ===============================================================
