INFO	[2023-06-23 15:09:11:770] <22273> START INIPHP cancel (V5036-141209)(OS:Linux2.6.32-754.11.1.el6.x86_64,PHP:5.3.3)
DEBUG	[2023-06-23 15:09:11:770] <22273> inipayhome:/home1/killdeal/public_html/shop/inicis
DEBUG	[2023-06-23 15:09:11:770] <22273> debug:false
DEBUG	[2023-06-23 15:09:11:770] <22273> type:cancel
DEBUG	[2023-06-23 15:09:11:770] <22273> mid:majorgol03
DEBUG	[2023-06-23 15:09:11:770] <22273> admin:1111
DEBUG	[2023-06-23 15:09:11:770] <22273> tid:INIMX_CARDmajorgol0320230623150026135158
DEBUG	[2023-06-23 15:09:11:770] <22273> cancelmsg:주문자 본인 취소-상품옵션 선택 잘못함
INFO	[2023-06-23 15:09:11:770] <22273> Check Field OK
INFO	[2023-06-23 15:09:11:770] <22273> PI PUB KEY LOAD OK []
INFO	[2023-06-23 15:09:11:771] <22273> PG PUB KEY LOAD OK [30]
INFO	[2023-06-23 15:09:11:771] <22273> MERCHANT PRIV KEY LOAD OK
INFO	[2023-06-23 15:09:11:771] <22273> MERCHANT PUB KEY LOAD OK [0]
DEBUG	[2023-06-23 15:09:11:772] <22273> MAKE ENCRYPT OK[<?xml version="1.0" encoding="UTF-8"?>
<CancelInfo>
	  <CancelTID>INIMX_CARDmajorgol0320230623150026135158</CancelTID>
	  <CancelMsg urlencode="1">%C1%D6%B9%AE%C0%DA+%BA%BB%C0%CE+%C3%EB%BC%D2-%BB%F3%C7%B0%BF%C9%BC%C7+%BC%B1%C5%C3+%C0%DF%B8%F8%C7%D4</CancelMsg>
	  <CancelReason/></CancelInfo>]
INFO	[2023-06-23 15:09:11:772] <22273> MAKE BODY OK
INFO	[2023-06-23 15:09:11:772] <22273> SIGN OK
INFO	[2023-06-23 15:09:11:772] <22273> MAKE HEAD OK
INFO	[2023-06-23 15:09:11:772] <22273> MSG_TO_PG:[0101500175D SHA1                   0                                      300420majorgol03                    INIMX_CARDmajorgol0320230623150026135158<?xml version="1.0" encoding="UTF-8"?>
<INIpay>
	  <CancelInfo>
	    <SessionKey>KRNbptb2KBYeteg8FDpRFGE/BfsH3bQtSBbxKM/G5ab291w/8gflREABSVSZ7f5z
/bPLtODlAwfh0JyTCwousZEt0+TOA8jxIU0kAvnr7WWCGUwG6ZCJECxCzsdbG7wl
ZekWASpKHUCKtZaY9EFePnXrcssPoCdke5y4fDq82pIBCAeP4cH8vQ==
</SessionKey>
	    <Encrypted>CwHRgjVknebmRhc81dms+miwyzmpcnzbH/j9r0Wysd2gjDlQDVCo44oJOXaFysTA
HaSesIVPz/oR9JMQFvBFXdKNCKw3XT8dECdu9GTt8px+6CpRo86yX0NDQrc/nspU
jeWEa8ZPyvbnGGN70KVX7YqexeIR2DudwgeyebX1IuMakcku1R3oIpmUxnEC3hjr
Cilf8RCzWX2LRci6Qa9kh/CxiwxLGmkzcuUtVsYiiGtTgvpWy5VPLxrOU1UTVcGN
CHDQIBITYT8aTvb9r2X0673D5k44H/MZaieAYw51RQc4hkGfBxcYmdpu1L9NNkGj
hJFdEr/rmYNCIK53ueF5kqooW3YE7AXNJf2bVdBQ26J6JSvGPCsiRt5crczPHdXx
xJjdchIWiz4=
</Encrypted></CancelInfo>
	  <ReservedInfo>
	    <MReserved1/>
	    <MReserved2/>
	    <MReserved3/></ReservedInfo>
	  <ManageInfo>
	    <Language/>
	    <URL/>
	    <TXVersion>5036B141209canceLinux     PHPchkfake   2.6.32-754.11.1.el6.x86_64PHP:</TXVersion>
	    <TXUserID/>
	    <TXRegNum/></ManageInfo></INIpay>AJT2v4dkBI+1FKpSLMVxf6DdSb0wU7qJWF76i4HBRy6Vg3/DN5UdspmIlxAc5VZC
J1lM7QRAVoAM9gSTv2JCrh18YD/PCsAlOj1OJxGYLMUdPYUwApVYCZ+sGkEmeTsZ
Sju0Oh5EnIb8FZg+7qBMmWO8DiraefjmiQSaYzwl0Cb6
]
INFO	[2023-06-23 15:09:11:773] <22273> DNS LOOKUP OK(203.238.37.3:203.238.37.3:34049) laptime:0
INFO	[2023-06-23 15:09:11:775] <22273> SOCKET CONNECT OK
INFO	[2023-06-23 15:09:11:775] <22273> SEND OK
INFO	[2023-06-23 15:09:12:61] <22273> RECV OK
INFO	[2023-06-23 15:09:12:61] <22273> MSG_FROM_PG:[0093300175D SHA1                   0                                      300430majorgol03                    INIMX_CARDmajorgol0320230623150026135158<?xml version="1.0" encoding="UTF-8"?><INIpay>
<CancelInfo>
<ResultCode>120000</ResultCode>
<ResultMsg urlencode="1">%C1%A4%BB%F3%C3%B3%B8%AE%B5%C7%BE%FA%BD%C0%B4%CF%B4%D9.</ResultMsg>
<SessionKey>AH/7VPdAza66KoDdrnWsjfUgsaXM+x71CJOL02riBD4MD16y1gV2HV8LFsx6vCa3
Q8qlzqXiUs/zZqUxMGWq+zc/Z433oDqBvVytA++hpUP9WpXzuk8xU5n1trRKTIlJ
LTxg6vxXwaMStWZdKZ/40eZS48hYzALVnA7v99iVZCLx0aGIUhqKwfI=
</SessionKey>
<Encrypted>UtBW4ptPXF6r7LbFGLx9XwvhH9Ver6OEYbvUa6LxhtqMrc7JN82hsENuK95D+EWA
OHk5weZebNdb5TNCkMLb45ARkMp+pf3SA3+YJdZV1CwiAyPP50J3WvEFO5NP7Xba
YAtgpBpLp/k3yhXNJgWSz08LPa8lHvpZdW35jJhoWWKePpLV8Xwd1mNmeJjN5Vk0
VHwf/W5t8F7nYfu6d6jMCSc12yN1brV3vnih/OLKx7LSyuVMBcWxJDkMAuGgsrpT
pZ9tIwapyKK9wO08wP270LRHDBFwx6ZJs2H4g+eH84b1eVjOdoPgTpWM4RaFaaxi
sQZViS74DcdRX8zZ0Hfj+10MkF0yIw9V
</Encrypted>
</CancelInfo>
<ManageInfo/>
<ReservedInfo>
<MReserved1 urlencode="1"/>
<MReserved2 urlencode="1"/>
<MReserved3 urlencode="1"/>
</ReservedInfo>
</INIpay>
GcQMLAC2wXLt//8rzeh80gjJ4rEdZ2A2eT4Kpbtmniz+g/oO/n3gOwM7Ef67hUEP
r4CwWX4dHWXUUlsCTYW1lBGJ7eZ48Ow1HrQzhWo4ATdHhqcw+f6vbdUqLpEtp7Vj
7HY0Lb6lHM5C7Vs+OFZpwF79D3v+qOfGrnXE2oahpeE=
]
INFO	[2023-06-23 15:09:12:62] <22273> VERIFY OK
INFO	[2023-06-23 15:09:12:62] <22273> PARSE HEAD OK
INFO	[2023-06-23 15:09:12:62] <22273> PARSE BODY OK
INFO	[2023-06-23 15:09:12:63] <22273> DECRYPT OK
DEBUG	[2023-06-23 15:09:12:63] <22273> DECRYPT MSG:[<?xml version="1.0" encoding="UTF-8"?><CancelInfo>
<CancelDate>20230623</CancelDate>
<CancelTime>150912</CancelTime>
<ResultCode>120000</ResultCode>
<ResultMsg urlencode="1">%C1%A4%BB%F3%C3%B3%B8%AE%B5%C7%BE%FA%BD%C0%B4%CF%B4%D9.</ResultMsg>
</CancelInfo>]
INFO	[2023-06-23 15:09:12:63] <22273> DECRYPT PARSE OK
INFO	[2023-06-23 15:09:12:63] <22273> END cancel 정상처리되었습니다. Laptime:[0.293sec]
INFO	[2023-06-23 15:09:12:63] <22273> ===============================================================
INFO	[2023-06-23 15:29:04:330] <22258> START INIPHP cancel (V5036-141209)(OS:Linux2.6.32-754.11.1.el6.x86_64,PHP:5.3.3)
DEBUG	[2023-06-23 15:29:04:330] <22258> inipayhome:/home1/killdeal/public_html/shop/inicis
DEBUG	[2023-06-23 15:29:04:330] <22258> debug:false
DEBUG	[2023-06-23 15:29:04:330] <22258> type:cancel
DEBUG	[2023-06-23 15:29:04:330] <22258> mid:majorgol03
DEBUG	[2023-06-23 15:29:04:330] <22258> admin:1111
DEBUG	[2023-06-23 15:29:04:330] <22258> tid:INIMX_CARDmajorgol0320230614013708705115
DEBUG	[2023-06-23 15:29:04:330] <22258> cancelmsg:쇼핑몰 운영자 승인 취소
INFO	[2023-06-23 15:29:04:330] <22258> Check Field OK
INFO	[2023-06-23 15:29:04:330] <22258> PI PUB KEY LOAD OK []
INFO	[2023-06-23 15:29:04:330] <22258> PG PUB KEY LOAD OK [30]
INFO	[2023-06-23 15:29:04:331] <22258> MERCHANT PRIV KEY LOAD OK
INFO	[2023-06-23 15:29:04:331] <22258> MERCHANT PUB KEY LOAD OK [0]
DEBUG	[2023-06-23 15:29:04:331] <22258> MAKE ENCRYPT OK[<?xml version="1.0" encoding="UTF-8"?>
<CancelInfo>
	  <CancelTID>INIMX_CARDmajorgol0320230614013708705115</CancelTID>
	  <CancelMsg urlencode="1">%BC%EE%C7%CE%B8%F4+%BF%EE%BF%B5%C0%DA+%BD%C2%C0%CE+%C3%EB%BC%D2</CancelMsg>
	  <CancelReason/></CancelInfo>]
INFO	[2023-06-23 15:29:04:331] <22258> MAKE BODY OK
INFO	[2023-06-23 15:29:04:332] <22258> SIGN OK
INFO	[2023-06-23 15:29:04:332] <22258> MAKE HEAD OK
INFO	[2023-06-23 15:29:04:332] <22258> MSG_TO_PG:[0096200175D SHA1                   0                                      300420majorgol03                    INIMX_CARDmajorgol0320230614013708705115<?xml version="1.0" encoding="UTF-8"?>
<INIpay>
	  <CancelInfo>
	    <SessionKey>XHUCnO+TG5OwaqzkO+4IK1Ex6UPOJXm10Re3SXx5FZ7gipUdrvHTZo+p2H6LLq54
KXgRpB1goNv+d3e7E6HPErpeYVFlqEdolaz/2qz4C8zgGjYLoIh4YSR6FsZ96Giw
YAMEDJ+0v0Zw79+WxWAMGTlHzqzVKXQDmofEKrpy4GTAWBeA8F8eqA==
</SessionKey>
	    <Encrypted>KrSt/OKGIS/bzJrQT6YDYxEkUTiLQWT9OMRLLdhnh9lwhMZrUCZ8uweVfsf4n1Az
6DuGToPmrXgCLSZY2QVYoifc/U1P1IgF/haFXwt1Tr9i0WzJESoV+N30iHiYxiEH
mKOZE1TmpTg+6wMmobQ6kBzLBPIaWb9H5Z8VHBsXwd9PwMcMohMTMxvPX6NhEyly
ZXLOw7gCQooqm8ZROkeJmYIPxoeHh8t4+qkRbEVT0focNVlxvefGocbiLpUmEdB0
npGahBwgQ3nsOHsD63SjgrEiw56x5l/1Hw8CwCPDJVOv9tHUpoMCqlvvUUc3BRgH
0l+CHuMxf5CQkQcqabYAtQ==
</Encrypted></CancelInfo>
	  <ReservedInfo>
	    <MReserved1/>
	    <MReserved2/>
	    <MReserved3/></ReservedInfo>
	  <ManageInfo>
	    <Language/>
	    <URL/>
	    <TXVersion>5036B141209canceLinux     PHPchkfake   2.6.32-754.11.1.el6.x86_64PHP:</TXVersion>
	    <TXUserID/>
	    <TXRegNum/></ManageInfo></INIpay>AMVTd/RXGylPf5jFNCUvmLqJxxPdJUAz05I9s4HGYFNca83i89/4QlXEl0AL15Gr
BeLXbKdlTowmy0n6Lb652KS6eMVavqLplqv3HeiQdTGKCDv/nS2+mj5GLqbucR+m
9wXJcimA2+I1zLJvjO6lLcnI4lFUASuGjRmpia4JtV/Q
]
INFO	[2023-06-23 15:29:04:332] <22258> DNS LOOKUP OK(203.238.37.3:203.238.37.3:34049) laptime:0
INFO	[2023-06-23 15:29:04:334] <22258> SOCKET CONNECT OK
INFO	[2023-06-23 15:29:04:334] <22258> SEND OK
INFO	[2023-06-23 15:29:04:476] <22258> RECV OK
INFO	[2023-06-23 15:29:04:476] <22258> MSG_FROM_PG:[0093300175D SHA1                   0                                      300430majorgol03                    INIMX_CARDmajorgol0320230614013708705115<?xml version="1.0" encoding="UTF-8"?><INIpay>
<CancelInfo>
<ResultCode>120000</ResultCode>
<ResultMsg urlencode="1">%C1%A4%BB%F3%C3%B3%B8%AE%B5%C7%BE%FA%BD%C0%B4%CF%B4%D9.</ResultMsg>
<SessionKey>AFq/6GaUc/HB1WD5NEAcmmwOL5z3xhzP4f1eaQzLeO5JKTqxvh3mxi/48uTpc5od
jj3IWoHTqvBf2RQH+XYwJn8GG2mWUJ8LSdEBymuUg3Hr4pBCr/4ZgM6FNtpEKm+H
kJuy8L/FkX35LeNQz3OfRUEYa+fwHB/XEp1CkdXzat1kYTbsC864QLs=
</SessionKey>
<Encrypted>EAhln6FxcPIeYOVAQWXGRFczLlCA7XrrXzilIsNZFIiRK8qEqbhgh58cEMRei973
GhuBYbcJ0QpQiPC2tzYH6n1pvnbupRiFENrmNPYBCRdiF1RFkmIQr5MyN+x9Vklz
gxUGXAXo5amA2d2FGt6WrcYZ+Wfqk9v3z+Zf6tazhN/KjtD1PUBPpmtSVDNZmMZM
zKDwxfEpB4NEaxYhTQk1sA1MOpb5csuXqv+wX03IA7Xyl0rgU/RzTiuzaf7B8uJ1
yRwzqbohKmufZ4CAzEeFH8OQ6LDrPMel5V7+3O9iscVhYMUqtZy51Vwk0442dksd
8tpz78dgRwJFxoOIsg0bQiq4uWrGzWui
</Encrypted>
</CancelInfo>
<ManageInfo/>
<ReservedInfo>
<MReserved1 urlencode="1"/>
<MReserved2 urlencode="1"/>
<MReserved3 urlencode="1"/>
</ReservedInfo>
</INIpay>
2gATG4wmIqD9RKdilfjAasJ/bFgdW2lEQYdzvtORK6ha/l2BnADLkG6kN10TV2WU
6G8QfMvcO7iiq/3o/yjsC5AKDQGV1CfW1zxHn4q/4nKJ+fkzE4DmEorx/OvuItbU
D23wNVMVKFFBJGUm+DGu8CnyLvzot4MzdzueNmQPC+4=
]
INFO	[2023-06-23 15:29:04:476] <22258> VERIFY OK
INFO	[2023-06-23 15:29:04:476] <22258> PARSE HEAD OK
INFO	[2023-06-23 15:29:04:477] <22258> PARSE BODY OK
INFO	[2023-06-23 15:29:04:477] <22258> DECRYPT OK
DEBUG	[2023-06-23 15:29:04:477] <22258> DECRYPT MSG:[<?xml version="1.0" encoding="UTF-8"?><CancelInfo>
<CancelDate>20230623</CancelDate>
<CancelTime>152904</CancelTime>
<ResultCode>120000</ResultCode>
<ResultMsg urlencode="1">%C1%A4%BB%F3%C3%B3%B8%AE%B5%C7%BE%FA%BD%C0%B4%CF%B4%D9.</ResultMsg>
</CancelInfo>]
INFO	[2023-06-23 15:29:04:477] <22258> DECRYPT PARSE OK
INFO	[2023-06-23 15:29:04:477] <22258> END cancel 정상처리되었습니다. Laptime:[0.147sec]
INFO	[2023-06-23 15:29:04:477] <22258> ===============================================================
