INFO	[2021-11-23 14:37:27:503] <25405> START INIPHP repay (V5036-141209)(OS:Linux2.6.32-754.11.1.el6.x86_64,PHP:5.3.3)
DEBUG	[2021-11-23 14:37:27:503] <25405> inipayhome:/home1/killdeal/public_html/shop/inicis
DEBUG	[2021-11-23 14:37:27:503] <25405> debug:false
DEBUG	[2021-11-23 14:37:27:503] <25405> type:repay
DEBUG	[2021-11-23 14:37:27:503] <25405> pgid:INIphpRPAY
DEBUG	[2021-11-23 14:37:27:503] <25405> subpgip:203.238.3.10
DEBUG	[2021-11-23 14:37:27:503] <25405> mid:fourseason
DEBUG	[2021-11-23 14:37:27:503] <25405> admin:1111
DEBUG	[2021-11-23 14:37:27:503] <25405> oldtid:StdpayCARDfourseason20211109083458183503
DEBUG	[2021-11-23 14:37:27:503] <25405> currency:WON
DEBUG	[2021-11-23 14:37:27:503] <25405> price:276000
DEBUG	[2021-11-23 14:37:27:503] <25405> confirm_price:360000
DEBUG	[2021-11-23 14:37:27:503] <25405> buyeremail:legency2@daum.net
DEBUG	[2021-11-23 14:37:27:503] <25405> tax:25091
DEBUG	[2021-11-23 14:37:27:503] <25405> taxfree:0
INFO	[2021-11-23 14:37:27:503] <25405> Check Field OK
INFO	[2021-11-23 14:37:27:503] <25405> Make TID OK INIphpRPAYfourseason20211123143727038055
INFO	[2021-11-23 14:37:27:503] <25405> PI PUB KEY LOAD OK []
INFO	[2021-11-23 14:37:27:504] <25405> PG PUB KEY LOAD OK [30]
INFO	[2021-11-23 14:37:27:504] <25405> MERCHANT PRIV KEY LOAD OK
INFO	[2021-11-23 14:37:27:504] <25405> MERCHANT PUB KEY LOAD OK [0]
DEBUG	[2021-11-23 14:37:27:505] <25405> MAKE ENCRYPT OK[<?xml version="1.0" encoding="UTF-8"?>
<PartCancelInfo>
	  <PRTC_TID>StdpayCARDfourseason20211109083458183503</PRTC_TID>
	  <PRTC_Price>276000</PRTC_Price>
	  <PRTC_Remains>360000</PRTC_Remains>
	  <PRTC_Quota/>
	  <PRTC_Interest/>
	  <PRTC_NoAcctFNBC/>
	  <PRTC_NmAcctFNBC/></PartCancelInfo>]
INFO	[2021-11-23 14:37:27:505] <25405> MAKE BODY OK
INFO	[2021-11-23 14:37:27:506] <25405> SIGN OK
INFO	[2021-11-23 14:37:27:506] <25405> MAKE HEAD OK
INFO	[2021-11-23 14:37:27:506] <25405> MSG_TO_PG:[0111800175D SHA1                   0                                      300620fourseason              276000INIphpRPAYfourseason20211123143727038055<?xml version="1.0" encoding="UTF-8"?>
<INIpay>
	  <PartCancelInfo>
	    <SessionKey>eL18+v6MRs8IbxaGBtjdREe6dA4gcetE3LtU4cIPkUOvs69d6GhF/I9vWBc89eCW
IoKo0dh/Hd3SoiChJL64sb7HApMZ6TaT00OY+ygtnqe/6nXzLnEjda9Yoji0FklP
5lsQH07rrTV0Hni4zKt0W1Qg+PJ6J1mupfPQ9lyrant0wLmsWVh1AQ==
</SessionKey>
	    <Encrypted>+hl1zP0Q8z2B6MndwuPE11jezRVtPg5M6K7mL13+bplakXNOGYdxzPTwhn++KSXK
ml4lyzhhGlWJJu0VlKTwEvDFZWQML/8Kr31NlnRmmMs/mHFUCalKQ6J+1kXchbP1
xZQkE3QPE6QbVoPjD2dVBtbmzcyxvqCFOEdBZnjT3qMFenYk8ZvLoM0WLmTYO1dW
80hzbghydNBi8TZtkQn3xklYsFq3gi+bitPhWm8p1suvwY7taYKYz2DSzeTdLVIq
9faUWEkLZyzD6ngFwGlYNT4+p2Ho0fWRKBSip1t3rMYHUCNYCZLn8eTvCGjzo9nv
votmQt9wvBHQ1S0vOdJHQ7VR7c6Ymbahrkn3j7Wq8W7Rdixyv8r+zL9Fx4qrEuG3
SeHNsafZEm8=
</Encrypted></PartCancelInfo>
	  <GoodsInfo>
	    <Tax>25091</Tax>
	    <TaxFree/>
	    <Currency>WON</Currency></GoodsInfo>
	  <ReservedInfo>
	    <MReserved1/>
	    <MReserved2/>
	    <MReserved3/></ReservedInfo>
	  <ManageInfo>
	    <Language/>
	    <URL/>
	    <TXVersion>5036B141209repayLinux     PHPchkfake   2.6.32-754.11.1.el6.x86_64PHP:</TXVersion>
	    <TXUserID/>
	    <TXRegNum/></ManageInfo></INIpay>ACFj5jAIK8TNLzBmuJET6ze2FK/2yJ7plBuK9XLs4JLDz02LgZVWeVNfaXV09SG/
lL7nl+qsYypb7o975bCNfd3UnrBj1lswjjl/w8HrK4v3KuRhPcoRLizuGR2vZaZc
4FnBZHxF54o3sAMFQEUtG8FJB5CCsIcgPdMsecHRlK3d
]
INFO	[2021-11-23 14:37:27:506] <25405> DNS LOOKUP OK(203.238.37.3:203.238.37.3:34049) laptime:0
INFO	[2021-11-23 14:37:27:508] <25405> SOCKET CONNECT OK
INFO	[2021-11-23 14:37:27:508] <25405> SEND OK
INFO	[2021-11-23 14:37:27:731] <25405> RECV OK
INFO	[2021-11-23 14:37:27:731] <25405> MSG_FROM_PG:[0099200175D SHA1                   0                                      300630fourseason              276000INIphpRPAYfourseason20211123143727038055<?xml version="1.0" encoding="UTF-8"?><INIpay>
<PartCancelInfo>
<PayMethod>Card</PayMethod>
<ResultCode>120000</ResultCode>
<ResultMsg urlencode="1">%C1%A4%BB%F3%C3%B3%B8%AE%B5%C7%BE%FA%BD%C0%B4%CF%B4%D9.</ResultMsg>
<SessionKey>ADBoI3DVk3FhEvFb3tZ3Tom0Clgia+vRiSUKL1T3o0qDz3HTzTv6HfTiBJ2e0ZcG
YnzSMiuinCKhmAKLz1xRFTbmNRjqNF3ulynWQRUm65rjA5zm3dpx18maaMj0/Eyj
8N+Ft2rhVXu2KniTIaDBomDOC68mZNIXRghfJCN6iG1oM0SigeiJk2s=
</SessionKey>
<Encrypted>sZV1pomJVv52qO/T1LAe7aWrGzsWQ7Xt91x+9/PLOvzIZdeMyX0JTpIUsxsroPmx
9GFC1JOtG1A2d1SAx3MO2cMiEn4mrlYYnOdRJGnL0vn3Yg5JSyVyONIbKt+aAM+L
+D4P6DEk5kijxP60HX7ZmNozU1Sm3x/TZ+q5TzP5S8Wk4fTI36wZkNg06ZxQbBj0
8aJTByhk3Huo3tV1boj+Rjn6vPNKUxFqNQkBhd5+5wno25NYjGMMzurEsIrqZjeW
eN0qh20vnxOK4hrQXS8Vc1FmQWVpBdziyV0qal1qSDG+pQ60JlWv2hCMSPdt3XrF
/P+jZ7+6EYmn1gVsGRazsTRHq0MwMghZ30EX44XHDqBNJtPL/w1vvp914ob5gopY
l505yrSyHMBzeeACx7eF3/1G79qjy8JmQM90ZpTetTERTC7ezB6Bc9wG+3LP+OEE
7hDEkmvA7G2QOMQ8qU429g==
</Encrypted>
</PartCancelInfo>
<ManageInfo/>
<ReservedInfo/>
</INIpay>
CbHNjOTHCK3qf248p96x34B6QkbthAeP2nULUbdBi0kSQB5L3vjmOqmy9QuZhasa
Te4CnKQef90ZCs2SORscpOzDhLem+8LUuWpWC+VLslG2gWFKzCOeWc7QTCsj7UQA
sEdn/iDR1KsElvUz2Nx+KqquMB+BygPSTOuthQO6fyU=
]
INFO	[2021-11-23 14:37:27:731] <25405> VERIFY OK
INFO	[2021-11-23 14:37:27:731] <25405> PARSE HEAD OK
INFO	[2021-11-23 14:37:27:731] <25405> PARSE BODY OK
INFO	[2021-11-23 14:37:27:732] <25405> DECRYPT OK
DEBUG	[2021-11-23 14:37:27:732] <25405> DECRYPT MSG:[<?xml version="1.0" encoding="UTF-8"?><PartCancelInfo>
<PRTC_TID>StdpayCARDfourseason20211109083458183503</PRTC_TID>
<PRTC_Price>276000</PRTC_Price>
<PRTC_Remains>360000</PRTC_Remains>
<PRTC_Quota>00</PRTC_Quota>
<PRTC_Type>1</PRTC_Type>
<CancelDate>20211123</CancelDate>
<CancelTime>143728</CancelTime>
<PRTC_Cnt>1</PRTC_Cnt>
</PartCancelInfo>]
INFO	[2021-11-23 14:37:27:732] <25405> DECRYPT PARSE OK
INFO	[2021-11-23 14:37:27:732] <25405> END repay 정상처리되었습니다. Laptime:[0.229sec]
INFO	[2021-11-23 14:37:27:732] <25405> ===============================================================
