INFO	[2021-05-28 17:12:23:454] <25429> START INIPHP repay (V5036-141209)(OS:Linux2.6.32-754.11.1.el6.x86_64,PHP:5.3.3)
DEBUG	[2021-05-28 17:12:23:454] <25429> inipayhome:/home1/killdeal/public_html/shop/inicis
DEBUG	[2021-05-28 17:12:23:454] <25429> debug:false
DEBUG	[2021-05-28 17:12:23:454] <25429> type:repay
DEBUG	[2021-05-28 17:12:23:454] <25429> pgid:INIphpRPAY
DEBUG	[2021-05-28 17:12:23:454] <25429> subpgip:203.238.3.10
DEBUG	[2021-05-28 17:12:23:454] <25429> mid:fourseason
DEBUG	[2021-05-28 17:12:23:454] <25429> admin:1111
DEBUG	[2021-05-28 17:12:23:454] <25429> oldtid:INIMX_CARDfourseason20210526110948135487
DEBUG	[2021-05-28 17:12:23:454] <25429> currency:WON
DEBUG	[2021-05-28 17:12:23:454] <25429> price:19400
DEBUG	[2021-05-28 17:12:23:454] <25429> confirm_price:118800
DEBUG	[2021-05-28 17:12:23:454] <25429> buyeremail:0708baby@naver.com
DEBUG	[2021-05-28 17:12:23:454] <25429> tax:1764
DEBUG	[2021-05-28 17:12:23:454] <25429> taxfree:0
INFO	[2021-05-28 17:12:23:454] <25429> Check Field OK
INFO	[2021-05-28 17:12:23:454] <25429> Make TID OK INIphpRPAYfourseason20210528171223548160
INFO	[2021-05-28 17:12:23:454] <25429> PI PUB KEY LOAD OK []
INFO	[2021-05-28 17:12:23:455] <25429> PG PUB KEY LOAD OK [30]
INFO	[2021-05-28 17:12:23:455] <25429> MERCHANT PRIV KEY LOAD OK
INFO	[2021-05-28 17:12:23:455] <25429> MERCHANT PUB KEY LOAD OK [0]
DEBUG	[2021-05-28 17:12:23:455] <25429> MAKE ENCRYPT OK[<?xml version="1.0" encoding="UTF-8"?>
<PartCancelInfo>
	  <PRTC_TID>INIMX_CARDfourseason20210526110948135487</PRTC_TID>
	  <PRTC_Price>19400</PRTC_Price>
	  <PRTC_Remains>118800</PRTC_Remains>
	  <PRTC_Quota/>
	  <PRTC_Interest/>
	  <PRTC_NoAcctFNBC/>
	  <PRTC_NmAcctFNBC/></PartCancelInfo>]
INFO	[2021-05-28 17:12:23:456] <25429> MAKE BODY OK
INFO	[2021-05-28 17:12:23:456] <25429> SIGN OK
INFO	[2021-05-28 17:12:23:456] <25429> MAKE HEAD OK
INFO	[2021-05-28 17:12:23:456] <25429> MSG_TO_PG:[0111700175D SHA1                   0                                      300620fourseason               19400INIphpRPAYfourseason20210528171223548160<?xml version="1.0" encoding="UTF-8"?>
<INIpay>
	  <PartCancelInfo>
	    <SessionKey>IJAfi1HvKhgFlests2NtlsKeZvyApIDGeqoIcBEaatUdRIZVE6oDj/LK7k24DOT4
NFNEXviwTVzL9M+rCiAT+BEzAB4KnY8OQsdClLqj42Y5+qKumR6Ed8wPcNBds886
Me9rKJj+4iTrWe9Z4kPQJ1BA4RILrOZKFXXBjy8vVRvOqgD9JPjYsA==
</SessionKey>
	    <Encrypted>WkTwhlHTEvqWqeFU7mefCv0LLpOCjff36/qfwWk9ZkNIZ6FMpCEbJIJZrtaLc/zo
cbqhe8lcAG7IMWEw5VP7QUY59A/hBOIlmRcuctnOIlmoILAe6+zbtFGRpKDN2vkK
F4/4wKpntP6vGy+eaZpq/gZfROmSvn2zXcaYTP+p9LTtW94C0W/9jyR85T0JGT2k
IQqGCmvso3CCuQQSQVopbdAuJlWXoUuUCyriZ46s16TkljyxThbeu9N2ClJdAndz
ZO4Y60h9D9ZeHNckHHafVCaVjZdCrUUnDt6+5EAyIcX3PAmZ816woPuMDI0+CZ81
FbqPR9tVtZ2NUnbFX++nnCaRu+qxKDa9WVadQ2hdGwPgq59wRuzAHVy7I9FLfYfY
qJTiiWvFI1Y=
</Encrypted></PartCancelInfo>
	  <GoodsInfo>
	    <Tax>1764</Tax>
	    <TaxFree/>
	    <Currency>WON</Currency></GoodsInfo>
	  <ReservedInfo>
	    <MReserved1/>
	    <MReserved2/>
	    <MReserved3/></ReservedInfo>
	  <ManageInfo>
	    <Language/>
	    <URL/>
	    <TXVersion>5036B141209repayLinux     PHPchkfake   2.6.32-754.11.1.el6.x86_64PHP:</TXVersion>
	    <TXUserID/>
	    <TXRegNum/></ManageInfo></INIpay>AMWbck2ive30gNiOkQdqad8Dva1J9Mz1xfdwJ5d/Wjnf5idm10Yi6E2IQu5eoD+I
cAvsdABc5ry0X/r5Tf5HlEmQif66mCeilf5Eqz1WlnPTkNUjgr/WbidBTWZAOaB+
R1un3q5W2VS/HExpyLGa+4RqQuXqj8uzPdytQm2bM28s
]
INFO	[2021-05-28 17:12:23:456] <25429> DNS LOOKUP OK(203.238.37.3:203.238.37.3:34049) laptime:0
INFO	[2021-05-28 17:12:23:459] <25429> SOCKET CONNECT OK
INFO	[2021-05-28 17:12:23:459] <25429> SEND OK
INFO	[2021-05-28 17:12:23:775] <25429> RECV OK
INFO	[2021-05-28 17:12:23:775] <25429> MSG_FROM_PG:[0099200175D SHA1                   0                                      300630fourseason               19400INIphpRPAYfourseason20210528171223548160<?xml version="1.0" encoding="UTF-8"?><INIpay>
<PartCancelInfo>
<PayMethod>Card</PayMethod>
<ResultCode>120000</ResultCode>
<ResultMsg urlencode="1">%C1%A4%BB%F3%C3%B3%B8%AE%B5%C7%BE%FA%BD%C0%B4%CF%B4%D9.</ResultMsg>
<SessionKey>ALkxfnOGSCvN2H9qfvcaM1S6F6Xgh0gz2UxjK3kOHVeBCXDGICZvMf9bq9uTOWl0
rA6koa1xlE9/1vheqUlWwIIYgvOKHW41tjo/uyXWIm+30ZbgGiiAEVzh3kZdZz0H
Q+qbWvFg4MvEqqBj3HtXOpaIVGgOt5DZuNu+K0j9uAxnXapBx2vZBis=
</SessionKey>
<Encrypted>Yi8e/AEdiq9pvBO2Zjvq06gdbv6eNLkFrdYhX7tiAfG6era3z365o6mNTVbmkn68
YPU13IDP6S5MuwtLb89S46Rarv0JSRz+S7wDQrcpDnaypAwchDEJwKx7YtGnIq95
Nr7ltmpWdtOZYHLo3f53EdD0OlBEzfKzL3ru/82R1bLT+T6xraCtIoSlEgjt6yvc
stNKhps2aL3OFzuRc2jSeNev2H2eRbAvvJG5rc8OnwUUo3RMLLMBDAansDQ/LPnm
VgJ4OSMImfUqaIkgiK8DySvDxfrc3eWMDMDhtLT40jjiV8KI5OO6N0/87bWRUJ/E
j2NbaYdjlkHcznf6x+vOvwQ7rMdOMd5k7goMysrn3OShlmU+AZ2CuY63eHqRtJ9B
GTaUnyTM9WhdO91zaxySKfYlGBtqoq2hCIFxdGMDbGP20Q5p60ba59mBhkg75mSc
h2IqNze1UpCCzPGmzVA+hA==
</Encrypted>
</PartCancelInfo>
<ManageInfo/>
<ReservedInfo/>
</INIpay>
CLAeZ17Fu4KJDqTCWAMqB7RSx00Azsrzl0YamQ2CG9EfmnILF05hH7HRCmewQFXc
rXf6ezdbwZOBfN8FC/9z5m7kSW2dBisIR2UxDbiEND9Jt+jNiHTGXFEOkF5fh+tq
Qdrnzed7dS6Dob+kV/xVRDWJBo394V2vqZ2juaS32JY=
]
INFO	[2021-05-28 17:12:23:775] <25429> VERIFY OK
INFO	[2021-05-28 17:12:23:775] <25429> PARSE HEAD OK
INFO	[2021-05-28 17:12:23:775] <25429> PARSE BODY OK
INFO	[2021-05-28 17:12:23:776] <25429> DECRYPT OK
DEBUG	[2021-05-28 17:12:23:776] <25429> DECRYPT MSG:[<?xml version="1.0" encoding="UTF-8"?><PartCancelInfo>
<PRTC_TID>INIMX_CARDfourseason20210526110948135487</PRTC_TID>
<PRTC_Price>19400</PRTC_Price>
<PRTC_Remains>118800</PRTC_Remains>
<PRTC_Quota>00</PRTC_Quota>
<PRTC_Type>1</PRTC_Type>
<CancelDate>20210528</CancelDate>
<CancelTime>171223</CancelTime>
<PRTC_Cnt>1</PRTC_Cnt>
</PartCancelInfo>]
INFO	[2021-05-28 17:12:23:776] <25429> DECRYPT PARSE OK
INFO	[2021-05-28 17:12:23:776] <25429> END repay 정상처리되었습니다. Laptime:[0.322sec]
INFO	[2021-05-28 17:12:23:776] <25429> ===============================================================
