INFO	[2021-10-27 13:19:02:960] <15648> START INIPHP cancel (V5036-141209)(OS:Linux2.6.32-754.11.1.el6.x86_64,PHP:5.3.3)
DEBUG	[2021-10-27 13:19:02:960] <15648> inipayhome:/home1/killdeal/public_html/shop/inicis
DEBUG	[2021-10-27 13:19:02:960] <15648> debug:false
DEBUG	[2021-10-27 13:19:02:960] <15648> type:cancel
DEBUG	[2021-10-27 13:19:02:960] <15648> mid:fourseason
DEBUG	[2021-10-27 13:19:02:960] <15648> admin:1111
DEBUG	[2021-10-27 13:19:02:960] <15648> tid:INIMX_CARDfourseason20211027003407665856
DEBUG	[2021-10-27 13:19:02:960] <15648> cancelmsg:쇼핑몰 운영자 승인 취소
INFO	[2021-10-27 13:19:02:960] <15648> Check Field OK
INFO	[2021-10-27 13:19:02:960] <15648> PI PUB KEY LOAD OK []
INFO	[2021-10-27 13:19:02:961] <15648> PG PUB KEY LOAD OK [30]
INFO	[2021-10-27 13:19:02:961] <15648> MERCHANT PRIV KEY LOAD OK
INFO	[2021-10-27 13:19:02:961] <15648> MERCHANT PUB KEY LOAD OK [0]
DEBUG	[2021-10-27 13:19:02:961] <15648> MAKE ENCRYPT OK[<?xml version="1.0" encoding="UTF-8"?>
<CancelInfo>
	  <CancelTID>INIMX_CARDfourseason20211027003407665856</CancelTID>
	  <CancelMsg urlencode="1">%BC%EE%C7%CE%B8%F4+%BF%EE%BF%B5%C0%DA+%BD%C2%C0%CE+%C3%EB%BC%D2</CancelMsg>
	  <CancelReason/></CancelInfo>]
INFO	[2021-10-27 13:19:02:961] <15648> MAKE BODY OK
INFO	[2021-10-27 13:19:02:962] <15648> SIGN OK
INFO	[2021-10-27 13:19:02:962] <15648> MAKE HEAD OK
INFO	[2021-10-27 13:19:02:962] <15648> MSG_TO_PG:[0096200175D SHA1                   0                                      300420fourseason                    INIMX_CARDfourseason20211027003407665856<?xml version="1.0" encoding="UTF-8"?>
<INIpay>
	  <CancelInfo>
	    <SessionKey>sKESddGeNyvT+uX/GAz7zy064jL4EdVKmhk7+2NuHJoqYrFgFA5+qlECM07JUB3C
iHSOEzKvt4OaqVPZS5h+D00IpYyyGBicpQDNHiPPgxN5yZKJ5AiiZUmDKjdnBc1b
dusL9HJhpZbRT1Ptkwx8cWtst3IeRv4zVOnQzWR6hgE3+x1cwE4t0A==
</SessionKey>
	    <Encrypted>pEiJg+sXHCUDpt1cGDfxj35/BYlzU1esHkY2nWjEkOOOU1NvZ39talQA45EeaA+X
wizO0obdYLleNRW1WZvwq1pYABvs6n7Cb1O4FKdq/MvGCuwA2pZx/FS+7BLfvqlq
BDaNKRkBfSDYqXqAo53286fYtn4aLysoT+p0F0KWN8HWR/bz6DRHmFSxrEQ5QeEt
y7r+FPyRawUhsfmFTeCCZyAVaEewAf9/EijLJRUlICr6jZVoswTcln5U9L/7LeBD
TkywxzFoWsnG7PA3IJwQeB9OHXA2yuTTNNh8vqIklzGJLk5u0+wOdXj/c9RrAcFq
nmbOdlS1YVUHV0bhtlKlyg==
</Encrypted></CancelInfo>
	  <ReservedInfo>
	    <MReserved1/>
	    <MReserved2/>
	    <MReserved3/></ReservedInfo>
	  <ManageInfo>
	    <Language/>
	    <URL/>
	    <TXVersion>5036B141209canceLinux     PHPchkfake   2.6.32-754.11.1.el6.x86_64PHP:</TXVersion>
	    <TXUserID/>
	    <TXRegNum/></ManageInfo></INIpay>AP21hYiuyNbVYC0R33JPuNkCFzTBuigLFgRxsAPMlh+XB8KcIVhTboCfQ54/YSTX
Qshdip9prIzXB/7kBxVLm12+LOwhzNBpe+qWgns2vdgekZj9GAI7+Wudk5OCo6/T
/0p8PITAPZ+QUq5BnLzIsgmQbBek805mphXEFwdOyCEr
]
INFO	[2021-10-27 13:19:02:962] <15648> DNS LOOKUP OK(203.238.37.3:203.238.37.3:34049) laptime:0
INFO	[2021-10-27 13:19:02:965] <15648> SOCKET CONNECT OK
INFO	[2021-10-27 13:19:02:965] <15648> SEND OK
INFO	[2021-10-27 13:19:03:243] <15648> RECV OK
INFO	[2021-10-27 13:19:03:243] <15648> MSG_FROM_PG:[0093300175D SHA1                   0                                      300430fourseason                    INIMX_CARDfourseason20211027003407665856<?xml version="1.0" encoding="UTF-8"?><INIpay>
<CancelInfo>
<ResultCode>120000</ResultCode>
<ResultMsg urlencode="1">%C1%A4%BB%F3%C3%B3%B8%AE%B5%C7%BE%FA%BD%C0%B4%CF%B4%D9.</ResultMsg>
<SessionKey>AJ1xuZpR0F615UV626EQoGvwrJrgItNBBzLnRDEFmD+KG03N/RAG/wEiFn/QMRQY
QlGJp9ofFhegwzdLes8I5O0a6n+q22eN46HbDH5C9qcaqaRCXDnu2B4Ct2VaVtFX
MWCeN8Z6UV6sKHVXE2Ldw8HCXKZixt9Mkc0EvSkh0dWDh9Rf/+cX3n8=
</SessionKey>
<Encrypted>uQa3FyQjcDHAddEpmEUROGBHT3qsLuieSRz2hKYbYkoTZEfTVHoYT1Xh5MjOPtFE
KeY81yWCJjR+rELf7GNiFkOjLmwjrxxaU3bx4VvJeQMB3wkqlmi3wt5dZSlRQULT
rYXB3oo2XiAJsaHlPVXNEAdqNmS0nwxZiM8UD3LNXvERADJYa0nweBtfo0ruAQa6
t8oEweUdp0/tjgzMY+rDeD9yh+UDOpuvd+wi6RIIm8fdAG0vWpWyYrnE0IiwSp25
HdDiXXhRIdrjq+xjEcnTQdsx3sgju1Gv/HUPw1eg92GPJBCHQ0hGhBkxDnog8v6L
ZFmXzIFGK71lmm8csg8pAM9ZMLyR1wPx
</Encrypted>
</CancelInfo>
<ManageInfo/>
<ReservedInfo>
<MReserved1 urlencode="1"/>
<MReserved2 urlencode="1"/>
<MReserved3 urlencode="1"/>
</ReservedInfo>
</INIpay>
fBx5PYYME8AEzgfO75gBC2YRpifLgH7rFa0RUzLYCiZz4m7908jllPYYcf0n56s9
jI8nynZnHyb4S0RF0VjSm9VlBhU+TbXDnYwVXp1B6+8tujyjCJsTGK59oJzjA9I9
SOEbkFA1vLB+65d+rXhZ4Dy6yAdJWofl+CCoJkkOj54=
]
INFO	[2021-10-27 13:19:03:243] <15648> VERIFY OK
INFO	[2021-10-27 13:19:03:243] <15648> PARSE HEAD OK
INFO	[2021-10-27 13:19:03:243] <15648> PARSE BODY OK
INFO	[2021-10-27 13:19:03:244] <15648> DECRYPT OK
DEBUG	[2021-10-27 13:19:03:244] <15648> DECRYPT MSG:[<?xml version="1.0" encoding="UTF-8"?><CancelInfo>
<CancelDate>20211027</CancelDate>
<CancelTime>131902</CancelTime>
<ResultCode>120000</ResultCode>
<ResultMsg urlencode="1">%C1%A4%BB%F3%C3%B3%B8%AE%B5%C7%BE%FA%BD%C0%B4%CF%B4%D9.</ResultMsg>
</CancelInfo>]
INFO	[2021-10-27 13:19:03:244] <15648> DECRYPT PARSE OK
INFO	[2021-10-27 13:19:03:244] <15648> END cancel 정상처리되었습니다. Laptime:[0.284sec]
INFO	[2021-10-27 13:19:03:244] <15648> ===============================================================
