INFO	[2021-11-04 11:35:12:388] <26961> START INIPHP cancel (V5036-141209)(OS:Linux2.6.32-754.11.1.el6.x86_64,PHP:5.3.3)
DEBUG	[2021-11-04 11:35:12:388] <26961> inipayhome:/home1/killdeal/public_html/shop/inicis
DEBUG	[2021-11-04 11:35:12:388] <26961> debug:false
DEBUG	[2021-11-04 11:35:12:388] <26961> type:cancel
DEBUG	[2021-11-04 11:35:12:388] <26961> mid:majorgol03
DEBUG	[2021-11-04 11:35:12:388] <26961> admin:1111
DEBUG	[2021-11-04 11:35:12:388] <26961> tid:StdpayVBNKmajorgol0320211103170553009528
DEBUG	[2021-11-04 11:35:12:388] <26961> cancelmsg:주문자 본인 취소-상품옵션 선택 잘못함
INFO	[2021-11-04 11:35:12:388] <26961> Check Field OK
INFO	[2021-11-04 11:35:12:388] <26961> PI PUB KEY LOAD OK []
INFO	[2021-11-04 11:35:12:389] <26961> PG PUB KEY LOAD OK [30]
INFO	[2021-11-04 11:35:12:389] <26961> MERCHANT PRIV KEY LOAD OK
INFO	[2021-11-04 11:35:12:389] <26961> MERCHANT PUB KEY LOAD OK [0]
DEBUG	[2021-11-04 11:35:12:389] <26961> MAKE ENCRYPT OK[<?xml version="1.0" encoding="UTF-8"?>
<CancelInfo>
	  <CancelTID>StdpayVBNKmajorgol0320211103170553009528</CancelTID>
	  <CancelMsg urlencode="1">%C1%D6%B9%AE%C0%DA+%BA%BB%C0%CE+%C3%EB%BC%D2-%BB%F3%C7%B0%BF%C9%BC%C7+%BC%B1%C5%C3+%C0%DF%B8%F8%C7%D4</CancelMsg>
	  <CancelReason/></CancelInfo>]
INFO	[2021-11-04 11:35:12:390] <26961> MAKE BODY OK
INFO	[2021-11-04 11:35:12:390] <26961> SIGN OK
INFO	[2021-11-04 11:35:12:390] <26961> MAKE HEAD OK
INFO	[2021-11-04 11:35:12:390] <26961> MSG_TO_PG:[0101500175D SHA1                   0                                      300420majorgol03                    StdpayVBNKmajorgol0320211103170553009528<?xml version="1.0" encoding="UTF-8"?>
<INIpay>
	  <CancelInfo>
	    <SessionKey>EXSMzVor/FGk4Ykpf3deg0qCuPnUxwTPbDccVo1V5CcHctd68BTvgLMS9+ItFh80
xltmAyE0sRcCKZMPguLdT/rpbSpEA8QW4+hx+NKR8d3N/QJCKGwF6SyZCUCcAPSU
GslQU1I80hVbkv95pfDcI1F2naMWB81SFpA1UsTuFnilcelO8vR2VA==
</SessionKey>
	    <Encrypted>Zj0amlGY5ypU0gd7J4ce8QlHFNzFKWVpfqvCwouGwMuZmWdRwC/iq40ESL+2/1qQ
OTGI99lOhpgmRf+nmPM9+tiewKtIHAkbbOBFVas0dtvNt0A059u12DL7lQmpgav/
FrIFJV+z4jrLh3RHETZkWto2U0ee9MwqJq7hxHwiDWKUwW5U6QZ14Nj87Gz1Yo8y
GlUti/52mZMJ+W/bcenYcMWb9QgTGauGA7gv+b7j6xovGL9IaXyoHyyPUS5QhSmN
zy0RqqGeLxRehLzHZjphlt/uiE+3JE8XDfTeV1gMXDYl+JYBvAeWQaJZv2owVj3d
WXAPn50emq18tLVF/zo9ArKgBTjIZE1Xb9JOYm9Y9UboKV6jQt1BLwpnw6NgAxxP
wf2UmeRCbQQ=
</Encrypted></CancelInfo>
	  <ReservedInfo>
	    <MReserved1/>
	    <MReserved2/>
	    <MReserved3/></ReservedInfo>
	  <ManageInfo>
	    <Language/>
	    <URL/>
	    <TXVersion>5036B141209canceLinux     PHPchkfake   2.6.32-754.11.1.el6.x86_64PHP:</TXVersion>
	    <TXUserID/>
	    <TXRegNum/></ManageInfo></INIpay>AGkXyLchNoiNAkxK4lizjkfUVnckJRK88gLrqUoymet6wKMQNuWJMe/N+NO76dE4
HsnQe6+7NYOIG7OmNPP7VIfc1rOMhQnsjK1It8cssJXMRVMJwmFaDsvs0U60xHNa
VdNkPhTYLSiGEAULjghyrpHGKOt8bV05WbrXDfrNKDqu
]
INFO	[2021-11-04 11:35:12:390] <26961> DNS LOOKUP OK(203.238.37.3:203.238.37.3:34049) laptime:0
INFO	[2021-11-04 11:35:12:393] <26961> SOCKET CONNECT OK
INFO	[2021-11-04 11:35:12:393] <26961> SEND OK
INFO	[2021-11-04 11:35:12:533] <26961> RECV OK
INFO	[2021-11-04 11:35:12:533] <26961> MSG_FROM_PG:[0123800175D SHA1                   0                                      300430majorgol03                    StdpayVBNKmajorgol0320211103170553009528<?xml version="1.0" encoding="UTF-8"?><INIpay>
<CancelInfo>
<ResultCode>170000</ResultCode>
<ResultMsg urlencode="1">%C1%A4%BB%F3%C3%B3%B8%AE%B5%C7%BE%FA%BD%C0%B4%CF%B4%D9.</ResultMsg>
<SessionKey>AAdEC5ohKb90GqhyNX4TpvvWiR/nyZkO9SQbPAT+dknyR14WmFNWnhcDuLggjpFT
omME4+AJ37grNJgQccSaMIdVo63+JN0gbwfWsKSCYIOc0VC7ijqrIU+T6VFEWE3Z
lckGEP/pA+ApcvVoOnc6CrZ8qdnbSzmb23eSzvEKOhZ171mc/xbYH3E=
</SessionKey>
<Encrypted>yfmbMb0IyKnsXMrmezmJ5pWAutLjS15ZtiwTfOy+4xfmUFZppazrmGEkOXq1XYiy
knIctjXoYdYEr1/lFq5DKARUSl25TjcS7T1giIcSRRhE+8JO4QREK5DZZ1M2ByLb
NZcIspQs7OwfHNjrERv5/HTMVFEsiXqzWuutkSgsOrodjRykzaarFOeJy0opwxA0
pv0LKjKHzWrvyyZK2Li99qdTM3xS3Vj5qp95RxHxKEf54rbLoDY0q9Iti6N15YXn
5CcUe2r86kAxRzvak3WmMyop8XNhNrTcI6URCrFm31mDPJuZTMIY3WSvD9gpeBmk
bFOgW/vxMcpBu6iB6XwIgA+tJPmPYIEpOi1ApFX4hVxK5l6LM8u9ui5GuTcjCu4E
vf0B3PnLj7QKjqwlk0s7Q+7+zDjOQyavJH8qvoU7AFomAgN9aErx03yDr42vhFuF
yuZgMVSbCOF4nAp4WA4XYC2AvXdOnG1IkaYByDel55yWL9iXIk9Yuf6CHh4L20LW
p3XsEe2pS6UVoo24iVOfTa3G3J5iprkka55JiQMG2DchC3aNs053eVKtNpjHrjmI
2iuKTkhhTaq5YO1dH0OUyvcF9ydmunYZkePKK9B4gzpjVPWawzF+uafIHoAs6K2x
KZ9vXzotkZc=
</Encrypted>
</CancelInfo>
<ManageInfo/>
<ReservedInfo>
<MReserved1 urlencode="1"/>
<MReserved2 urlencode="1"/>
<MReserved3 urlencode="1"/>
</ReservedInfo>
</INIpay>
zdqze9JN3HyP/Ph3R+Hq7wRxhjgORmz7ZGMgMt+Be06b8mhvHeDwVMvneKZ+5op4
C5SyGw/+28dJdeUbs6gTtcQq1AMqGvrZ6Pzb2PloT9+fCg6GisaVJX5B80Z2aPx2
+Hp/bOOih37Wfvna1QW5SbVEzh83qdiSwkp7wx9druA=
]
INFO	[2021-11-04 11:35:12:533] <26961> VERIFY OK
INFO	[2021-11-04 11:35:12:533] <26961> PARSE HEAD OK
INFO	[2021-11-04 11:35:12:533] <26961> PARSE BODY OK
INFO	[2021-11-04 11:35:12:534] <26961> DECRYPT OK
DEBUG	[2021-11-04 11:35:12:534] <26961> DECRYPT MSG:[<?xml version="1.0" encoding="UTF-8"?><CancelInfo>
<CancelDate>20211104</CancelDate>
<CancelTime>113513</CancelTime>
<ResultCode>170000</ResultCode>
<ResultMsg urlencode="1">%C1%A4%BB%F3%C3%B3%B8%AE%B5%C7%BE%FA%BD%C0%B4%CF%B4%D9.</ResultMsg>
<CSHR_CancelDate>20211104</CSHR_CancelDate>
<CSHR_CancelTime>113513</CSHR_CancelTime>
<CSHR_ResultCode>220000</CSHR_ResultCode>
<CSHR_ResultMsg urlencode="1">%C1%A4%BB%F3%C3%B3%B8%AE%B5%C7%BE%FA%BD%C0%B4%CF%B4%D9.</CSHR_ResultMsg>
</CancelInfo>]
INFO	[2021-11-04 11:35:12:534] <26961> DECRYPT PARSE OK
INFO	[2021-11-04 11:35:12:534] <26961> END cancel 정상처리되었습니다. Laptime:[0.146sec]
INFO	[2021-11-04 11:35:12:534] <26961> ===============================================================
