INFO	[2022-10-24 13:24:09:930] <13825> START INIPHP cancel (V5036-141209)(OS:Linux2.6.32-754.11.1.el6.x86_64,PHP:5.3.3)
DEBUG	[2022-10-24 13:24:09:930] <13825> inipayhome:/home1/killdeal/public_html/shop/inicis
DEBUG	[2022-10-24 13:24:09:930] <13825> debug:false
DEBUG	[2022-10-24 13:24:09:930] <13825> type:cancel
DEBUG	[2022-10-24 13:24:09:930] <13825> mid:majorgol03
DEBUG	[2022-10-24 13:24:09:930] <13825> admin:1111
DEBUG	[2022-10-24 13:24:09:930] <13825> tid:INIMX_CARDmajorgol0320221017160516935159
DEBUG	[2022-10-24 13:24:09:930] <13825> cancelmsg:쇼핑몰 운영자 승인 취소
INFO	[2022-10-24 13:24:09:930] <13825> Check Field OK
INFO	[2022-10-24 13:24:09:930] <13825> PI PUB KEY LOAD OK []
INFO	[2022-10-24 13:24:09:930] <13825> PG PUB KEY LOAD OK [30]
INFO	[2022-10-24 13:24:09:931] <13825> MERCHANT PRIV KEY LOAD OK
INFO	[2022-10-24 13:24:09:931] <13825> MERCHANT PUB KEY LOAD OK [0]
DEBUG	[2022-10-24 13:24:09:931] <13825> MAKE ENCRYPT OK[<?xml version="1.0" encoding="UTF-8"?>
<CancelInfo>
	  <CancelTID>INIMX_CARDmajorgol0320221017160516935159</CancelTID>
	  <CancelMsg urlencode="1">%BC%EE%C7%CE%B8%F4+%BF%EE%BF%B5%C0%DA+%BD%C2%C0%CE+%C3%EB%BC%D2</CancelMsg>
	  <CancelReason/></CancelInfo>]
INFO	[2022-10-24 13:24:09:932] <13825> MAKE BODY OK
INFO	[2022-10-24 13:24:09:932] <13825> SIGN OK
INFO	[2022-10-24 13:24:09:932] <13825> MAKE HEAD OK
INFO	[2022-10-24 13:24:09:932] <13825> MSG_TO_PG:[0096200175D SHA1                   0                                      300420majorgol03                    INIMX_CARDmajorgol0320221017160516935159<?xml version="1.0" encoding="UTF-8"?>
<INIpay>
	  <CancelInfo>
	    <SessionKey>N+Pj5GWyBJTTNnGfT8g7rUpf+Vm83hb7+Xe+nRkdKSylqIxluK44p/zxo47KXsVm
x1GyFyx2m/eZx9Z8ILkBbfC2sv3kNFZIvf3gY3AU8aQP5M0SVwNQ2kCTTmEsMuaX
h1aeQJBkTsFMMRj+RMJJwTH27wTOlyfBZ1LvcuSo3WE04c0dDBNw8Q==
</SessionKey>
	    <Encrypted>/lemll5qHc+AmyxzVmZe4Vr1TH4W/TskimSF2yGTRI8d16MR5NHtFjLwgr2gkmeD
2lzE1Y0WifpLEaAHvWn1CNwpDgNCsrlwXALpQ9r5kZ6U3OUOf99Ucnc56lXZXbPo
e3hAmvJ6xE50yp5/TjakCubaAtu4nNVzlakYkyPH5cJCm6Y4OHO7JtBSnBOtUcZV
wvx/UL801DegB5+ROG09A4V/YW++E0qFuIIpuDtT4Rs31SNhViLo6HfFXCAXyOgb
QRGf80/zY6OB3nUCMSIIl3WvKSButy6J23AkSuPyGVVEinVvs3PGKachT9VSeSFg
uKD0/fUdiKADwm+G70SDuw==
</Encrypted></CancelInfo>
	  <ReservedInfo>
	    <MReserved1/>
	    <MReserved2/>
	    <MReserved3/></ReservedInfo>
	  <ManageInfo>
	    <Language/>
	    <URL/>
	    <TXVersion>5036B141209canceLinux     PHPchkfake   2.6.32-754.11.1.el6.x86_64PHP:</TXVersion>
	    <TXUserID/>
	    <TXRegNum/></ManageInfo></INIpay>AHI3CSEOO9CcgA/h18hdk7VRwgIQ390Mgt/GlkAzQXR0mrdwWgRXkTV/Tjnh07Tj
ZQL/oLLCYE0+tg4YEvE9j78ppzyYoRNqw1mDp2E/ieouai+ezMv/L996BBqnJ+4t
xfuAww2QwcKOGZJEDpfNH1Ks1UbfxG9Pk89UTNukPt2j
]
INFO	[2022-10-24 13:24:09:932] <13825> DNS LOOKUP OK(203.238.37.3:203.238.37.3:34049) laptime:0
INFO	[2022-10-24 13:24:09:936] <13825> SOCKET CONNECT OK
INFO	[2022-10-24 13:24:09:936] <13825> SEND OK
INFO	[2022-10-24 13:24:10:748] <13825> RECV OK
INFO	[2022-10-24 13:24:10:748] <13825> MSG_FROM_PG:[0093300175D SHA1                   0                                      300430majorgol03                    INIMX_CARDmajorgol0320221017160516935159<?xml version="1.0" encoding="UTF-8"?><INIpay>
<CancelInfo>
<ResultCode>120000</ResultCode>
<ResultMsg urlencode="1">%C1%A4%BB%F3%C3%B3%B8%AE%B5%C7%BE%FA%BD%C0%B4%CF%B4%D9.</ResultMsg>
<SessionKey>AAvqXBYASgN2pa6dkGwkX4BPysiCJEWSss8jsf+WJrYo1ulpRbMNbw+3by1X+9vl
YzJbnCRYpKIW3xXnLGU+1jAT68LIB35LAqCFbWXhaeEXiArKWxCpxpXSJvFyRK4r
N+mb/iotxPX4i30sGg5WoMj/aTf9dRVm6yz0xhD/K935qQud3ljj8Mk=
</SessionKey>
<Encrypted>8pkcmWibYcXz5XT2xH5skRwQXBrOK0O9hH6bd1xlP7UuSUF4noN/eR33pSjiOr3a
lqCFPkq72GZdZytGwc05sdR6pDN33VLq0w2WXUOlZbR5+IYWIV3lRGYD2ctRbSvx
GDg5/WUxWLZJ54NaRnOxEan9kbcBCUiWzh0sP5N1FXUk32GhtvRz1lEZgnSoN5ZN
l/wyM5hWBRDSlInzu3rWpQrUFQj0n2LvHllENZ70apILFRnKBam+j0wneDY5dyFu
8fb/g4Z8tiACJepyqmU4sMoD2paIYyji+9inb2QDRN3j50GtIiy/8yUZNvIUy5Dc
Q7rEJsKBwc02BsT/OKOJ5XE6ZKn9FDu+
</Encrypted>
</CancelInfo>
<ManageInfo/>
<ReservedInfo>
<MReserved1 urlencode="1"/>
<MReserved2 urlencode="1"/>
<MReserved3 urlencode="1"/>
</ReservedInfo>
</INIpay>
fk0tSkL+QpxTyLVMGsPBynDTbHVsLHXFqv1k1lm3HTo9UErqDOaUpn/MbT4UywYZ
PV3wF1RK2K60ulKYaIojRoyFAX6WBp5kAhW5yDlbpJ6qKTMhsh7cVFtYcdWxF4gF
u8TyGlHzFPA5dN74HUwA2SJ+3A5+jAlLVAp7SriNxCY=
]
INFO	[2022-10-24 13:24:10:748] <13825> VERIFY OK
INFO	[2022-10-24 13:24:10:748] <13825> PARSE HEAD OK
INFO	[2022-10-24 13:24:10:749] <13825> PARSE BODY OK
INFO	[2022-10-24 13:24:10:749] <13825> DECRYPT OK
DEBUG	[2022-10-24 13:24:10:749] <13825> DECRYPT MSG:[<?xml version="1.0" encoding="UTF-8"?><CancelInfo>
<CancelDate>20221024</CancelDate>
<CancelTime>132410</CancelTime>
<ResultCode>120000</ResultCode>
<ResultMsg urlencode="1">%C1%A4%BB%F3%C3%B3%B8%AE%B5%C7%BE%FA%BD%C0%B4%CF%B4%D9.</ResultMsg>
</CancelInfo>]
INFO	[2022-10-24 13:24:10:749] <13825> DECRYPT PARSE OK
INFO	[2022-10-24 13:24:10:749] <13825> END cancel 정상처리되었습니다. Laptime:[0.82sec]
INFO	[2022-10-24 13:24:10:749] <13825> ===============================================================
INFO	[2022-10-24 19:40:20:722] <21373> START INIPHP cancel (V5036-141209)(OS:Linux2.6.32-754.11.1.el6.x86_64,PHP:5.3.3)
DEBUG	[2022-10-24 19:40:20:722] <21373> inipayhome:/home1/killdeal/public_html/shop/inicis
DEBUG	[2022-10-24 19:40:20:722] <21373> debug:false
DEBUG	[2022-10-24 19:40:20:722] <21373> type:cancel
DEBUG	[2022-10-24 19:40:20:722] <21373> mid:majorgol03
DEBUG	[2022-10-24 19:40:20:722] <21373> admin:1111
DEBUG	[2022-10-24 19:40:20:722] <21373> tid:INIMX_CARDmajorgol0320221024143756854280
DEBUG	[2022-10-24 19:40:20:722] <21373> cancelmsg:주문자 본인 취소-상품옵션 선택 잘못함
INFO	[2022-10-24 19:40:20:722] <21373> Check Field OK
INFO	[2022-10-24 19:40:20:722] <21373> PI PUB KEY LOAD OK []
INFO	[2022-10-24 19:40:20:722] <21373> PG PUB KEY LOAD OK [30]
INFO	[2022-10-24 19:40:20:722] <21373> MERCHANT PRIV KEY LOAD OK
INFO	[2022-10-24 19:40:20:722] <21373> MERCHANT PUB KEY LOAD OK [0]
DEBUG	[2022-10-24 19:40:20:723] <21373> MAKE ENCRYPT OK[<?xml version="1.0" encoding="UTF-8"?>
<CancelInfo>
	  <CancelTID>INIMX_CARDmajorgol0320221024143756854280</CancelTID>
	  <CancelMsg urlencode="1">%C1%D6%B9%AE%C0%DA+%BA%BB%C0%CE+%C3%EB%BC%D2-%BB%F3%C7%B0%BF%C9%BC%C7+%BC%B1%C5%C3+%C0%DF%B8%F8%C7%D4</CancelMsg>
	  <CancelReason/></CancelInfo>]
INFO	[2022-10-24 19:40:20:723] <21373> MAKE BODY OK
INFO	[2022-10-24 19:40:20:723] <21373> SIGN OK
INFO	[2022-10-24 19:40:20:723] <21373> MAKE HEAD OK
INFO	[2022-10-24 19:40:20:723] <21373> MSG_TO_PG:[0101500175D SHA1                   0                                      300420majorgol03                    INIMX_CARDmajorgol0320221024143756854280<?xml version="1.0" encoding="UTF-8"?>
<INIpay>
	  <CancelInfo>
	    <SessionKey>Addnt+EELiZMVcdVIb7Tj024iZtnh6oRqKN+HAj/w0UB9hbaLNM/3xUQcnMrRVqx
V0eJ/NMmpuimjj4uuAWXIjY8HyXqaWsufndhbJsl/dcXL68UKiXhSC5KF3xLudSB
ygQwJUz7k4UinE7HQgRrQ9M7E9q+6ag+FQ0bdPbr624CcX9E7MB9rA==
</SessionKey>
	    <Encrypted>nlQWFjcPK9MQyXh3lM8NUDiicAqUiyWSKAZgq9aAbl6YZQz682M3r4uvT85xgTyd
Ch5uTaCtRFFshUjEwHrIqTq2athaLFWFOusJKc5F7y3KBjk8PSikrJNjDV5iJ6Hv
d306jWL7YfDk7nofsZ0h01jgH3IBsr0OdhK2vV7rPbGzf0RkVwnl9tFkFY7eSITn
tx09RtAPp19TzSoY+SheKm4fRMjnWk7qQBAFCLbcFgbFZ+YW4QRAMMFKarCM0k8O
NQXMJ/q1cH6mRQjyE0WhW5rk6y4Fx2yrKdkMG1T/PWZ4y4n7ffDNush9TGYQmZNV
99B215yxgcg1M2yIGzOGDu5dvsYmHoBGcL07qMM49P7FIWQvwr66E9UZA6HJVEjS
Tr0dAar0WF4=
</Encrypted></CancelInfo>
	  <ReservedInfo>
	    <MReserved1/>
	    <MReserved2/>
	    <MReserved3/></ReservedInfo>
	  <ManageInfo>
	    <Language/>
	    <URL/>
	    <TXVersion>5036B141209canceLinux     PHPchkfake   2.6.32-754.11.1.el6.x86_64PHP:</TXVersion>
	    <TXUserID/>
	    <TXRegNum/></ManageInfo></INIpay>AO7nNrVYHiWhSUJn+iNg9djMVq7VCHJhdIG50BR+kUO9ZTGTC590so04LDozVHRu
GP9KwbIY2GogMm1IyokHhDJaJroJzE3hHg/ua9paJLFfIzFZhFrV3jV4LTNmGnbZ
qS5sKGsVwmjvyzXgga/lqk0It5cYLwgh5fDOm03DLuL5
]
INFO	[2022-10-24 19:40:20:723] <21373> DNS LOOKUP OK(203.238.37.3:203.238.37.3:34049) laptime:0
INFO	[2022-10-24 19:40:20:726] <21373> SOCKET CONNECT OK
INFO	[2022-10-24 19:40:20:726] <21373> SEND OK
INFO	[2022-10-24 19:40:21:721] <21373> RECV OK
INFO	[2022-10-24 19:40:21:721] <21373> MSG_FROM_PG:[0093300175D SHA1                   0                                      300430majorgol03                    INIMX_CARDmajorgol0320221024143756854280<?xml version="1.0" encoding="UTF-8"?><INIpay>
<CancelInfo>
<ResultCode>120000</ResultCode>
<ResultMsg urlencode="1">%C1%A4%BB%F3%C3%B3%B8%AE%B5%C7%BE%FA%BD%C0%B4%CF%B4%D9.</ResultMsg>
<SessionKey>AEGdwSemfLp8HM7/fdJ2kXZX9GNGFajq1QuIvaXT5d+UpL/Qn3ZvdzXILbUW/MJP
Sv7o8A7LXGWzZqayZ7WU4HeN4pC3ZUFZsOhRfKn/T7EtnIeCAlDNNLjseVJDkq6A
3Kk7kbTtEF9OJgDZMg3VzwpNlxbeMCrSORp9l/lZ2HU4cWQaVxM1Tco=
</SessionKey>
<Encrypted>F4XKi7+cKjJl9/RS0zGQ3t46qOoBwERhoKEaR+mRAngZHWtuws7w4U4I+3rivQcM
eaNgHeCJv6Jfo1AlIpfqczgY46IlyCSTHAshD6f9Gx/oT3eMFn1MNCl0OfBOpkQC
vEzEzhMgpgjuVmetpzp9JcaWA60lvXedmvZrdJQu1sSfwzba7aMgj9gvvfMsBKuW
NFzPjhyfa9ny1+WzvmCNZPZl9moAmkcQ+nAeknrvOFDx7Uq4WFD6J1q4nmVd8clG
yUyjMztJG5umsjxIQx3bchkJRO+eXH+fz0t6tcwfXrBXB0NITRiQwYbDlSLdymt9
ruN3sDmLqInaS4q3UB07dbl1GZ6h0yFC
</Encrypted>
</CancelInfo>
<ManageInfo/>
<ReservedInfo>
<MReserved1 urlencode="1"/>
<MReserved2 urlencode="1"/>
<MReserved3 urlencode="1"/>
</ReservedInfo>
</INIpay>
ZOYYG3k9ZPt5+nEuryZmG6QXrMjm01N0EjXqkcbafHo7n0qVRqznn8jXjRP3JFac
CG7wc3R7WD1iKhhFPy+ZrsVcxjaHzdXwN6D03diOngfHtjDEB8PHpsS09Dy2vYtc
ekZfxSORTw1Q0N0ei/GiyQMhWSXW5YlJqNcpt5AUseE=
]
INFO	[2022-10-24 19:40:21:721] <21373> VERIFY OK
INFO	[2022-10-24 19:40:21:721] <21373> PARSE HEAD OK
INFO	[2022-10-24 19:40:21:721] <21373> PARSE BODY OK
INFO	[2022-10-24 19:40:21:722] <21373> DECRYPT OK
DEBUG	[2022-10-24 19:40:21:722] <21373> DECRYPT MSG:[<?xml version="1.0" encoding="UTF-8"?><CancelInfo>
<CancelDate>20221024</CancelDate>
<CancelTime>194021</CancelTime>
<ResultCode>120000</ResultCode>
<ResultMsg urlencode="1">%C1%A4%BB%F3%C3%B3%B8%AE%B5%C7%BE%FA%BD%C0%B4%CF%B4%D9.</ResultMsg>
</CancelInfo>]
INFO	[2022-10-24 19:40:21:722] <21373> DECRYPT PARSE OK
INFO	[2022-10-24 19:40:21:722] <21373> END cancel 정상처리되었습니다. Laptime:[1.001sec]
INFO	[2022-10-24 19:40:21:722] <21373> ===============================================================
