INFO	[2021-10-29 10:48:08:269] <12374> START INIPHP cancel (V5036-141209)(OS:Linux2.6.32-754.11.1.el6.x86_64,PHP:5.3.3)
DEBUG	[2021-10-29 10:48:08:269] <12374> inipayhome:/home1/killdeal/public_html/shop/inicis
DEBUG	[2021-10-29 10:48:08:269] <12374> debug:false
DEBUG	[2021-10-29 10:48:08:269] <12374> type:cancel
DEBUG	[2021-10-29 10:48:08:269] <12374> mid:fourseason
DEBUG	[2021-10-29 10:48:08:269] <12374> admin:1111
DEBUG	[2021-10-29 10:48:08:269] <12374> tid:INIMX_ISP_fourseason20211027192235735570
DEBUG	[2021-10-29 10:48:08:269] <12374> cancelmsg:쇼핑몰 운영자 승인 취소
INFO	[2021-10-29 10:48:08:269] <12374> Check Field OK
INFO	[2021-10-29 10:48:08:269] <12374> PI PUB KEY LOAD OK []
INFO	[2021-10-29 10:48:08:270] <12374> PG PUB KEY LOAD OK [30]
INFO	[2021-10-29 10:48:08:270] <12374> MERCHANT PRIV KEY LOAD OK
INFO	[2021-10-29 10:48:08:271] <12374> MERCHANT PUB KEY LOAD OK [0]
DEBUG	[2021-10-29 10:48:08:271] <12374> MAKE ENCRYPT OK[<?xml version="1.0" encoding="UTF-8"?>
<CancelInfo>
	  <CancelTID>INIMX_ISP_fourseason20211027192235735570</CancelTID>
	  <CancelMsg urlencode="1">%BC%EE%C7%CE%B8%F4+%BF%EE%BF%B5%C0%DA+%BD%C2%C0%CE+%C3%EB%BC%D2</CancelMsg>
	  <CancelReason/></CancelInfo>]
INFO	[2021-10-29 10:48:08:272] <12374> MAKE BODY OK
INFO	[2021-10-29 10:48:08:272] <12374> SIGN OK
INFO	[2021-10-29 10:48:08:272] <12374> MAKE HEAD OK
INFO	[2021-10-29 10:48:08:272] <12374> MSG_TO_PG:[0096200175D SHA1                   0                                      300420fourseason                    INIMX_ISP_fourseason20211027192235735570<?xml version="1.0" encoding="UTF-8"?>
<INIpay>
	  <CancelInfo>
	    <SessionKey>QjfZGH75hDoOlA7tLiUfVTJdgHwAQkh2kGeJK6EPJqSFt5zJfRBw8PU30TFH7Es8
rieqmqFfDNt0rH7PrHjHbjCeg/EQNG8uatj90rqF1ISsqUPoZI97l9iKI2p+KxjP
Ka2lldte0dEiO5Ca2BZb7U2Q2G/KWa9vM8FvxixiHf7YAllcOVZNeg==
</SessionKey>
	    <Encrypted>Rk1C2w/FlxKCYBVQS6W4tDwuV9vSrIYoiNf/waFJwkKZSIBpQVANLiB5rPeuWzsz
jxgZ99VizafB6KIp0SaBOYf4vdXUsn58POk35fL5Obq2vZF/9WuD6XYQXoIVSqG/
bu0bh5ND0kebJzzPEup9K//QMXAbNeuimgwDxoPVTkpQpf8NR/TSBSkDML8l986G
w8gFzI+YZYsv4Z7CsVO9TeNjuMluXTdkW/t00cOaVjrr6XrNib8pz4cZ9JpYqMUq
yBc8xNzKKmr5fNEXoOKi/Gqswp2DKPtvBXbKmZGgBd2tL0X/WnJyOqDO3IqCasA5
G/wnSPr/ENrV1OmtUg/3yw==
</Encrypted></CancelInfo>
	  <ReservedInfo>
	    <MReserved1/>
	    <MReserved2/>
	    <MReserved3/></ReservedInfo>
	  <ManageInfo>
	    <Language/>
	    <URL/>
	    <TXVersion>5036B141209canceLinux     PHPchkfake   2.6.32-754.11.1.el6.x86_64PHP:</TXVersion>
	    <TXUserID/>
	    <TXRegNum/></ManageInfo></INIpay>APGKdB55s024tx05Dsmv7mybbP7707/bDmaiDYHEklOcJ865KMyCdw9C3dl6yfiE
ZguxYLD290md6D9fTGWg8fTRCU/L/ddoV5E3XfnkbIx8OptatXpNb/mJp6rCZS/N
MGgJ6STgzYQCI37KCW9gmV1v7m6WvuQWriOudZ8zedUO
]
INFO	[2021-10-29 10:48:08:272] <12374> DNS LOOKUP OK(203.238.37.3:203.238.37.3:34049) laptime:0
INFO	[2021-10-29 10:48:08:275] <12374> SOCKET CONNECT OK
INFO	[2021-10-29 10:48:08:275] <12374> SEND OK
INFO	[2021-10-29 10:48:09:314] <12374> RECV OK
INFO	[2021-10-29 10:48:09:314] <12374> MSG_FROM_PG:[0086100175D SHA1                   0                                      300430fourseason                    INIMX_ISP_fourseason20211027192235735570<?xml version="1.0" encoding="UTF-8"?><INIpay>
<CancelInfo>
<ResultCode>170000</ResultCode>
<ResultMsg urlencode="1">%C1%A4%BB%F3%BF%CF%B7%E1</ResultMsg>
<SessionKey>AFEoGswkc4yLItDEgryvdJjetKpNfI883g77eoM3QOuJYZ7nFi2QuGxKTI0IrPRp
eMzgyp50hTkxrUeV4lu1eIUE3zOcg52Q2kd2LSWyFyIPKz2EtfQ5/CCVYiesDAfe
1tWhvOZmgvqEC/b/jFCEOxzLX4XETtwpM4PfqEFCpFnLbscnq3zya60=
</SessionKey>
<Encrypted>y/IDu1mdVy5e6zQdti1kfkCm3Z1tQiRZ4TF27wpE7wTY21s4wvbGT3dvpWcyM5fy
7uSptVX8arpS9aJlztlm4aan0bUOhiEGjMq7r7L0xaGdAUmfTa9zOMJzs0kOzkeU
gtc4pjFqWz+SFS/yhle1XDqzOg3AlXByZ0tgx8WYm+Tg9Lx96pG404/b7/7+NJpL
BOzAHGJmemDmeC6GbXDd5MVkKqL4Lh2D7WxxeMGZomiV+7LBbj/2pqBrPhIB8NHk
RJcPj/rFYeKHkHLoOqdTaCLyOGi7aWjfV2p7VJ+9FlUvcMU+UBw6/g==
</Encrypted>
</CancelInfo>
<ManageInfo/>
<ReservedInfo>
<MReserved1 urlencode="1"/>
<MReserved2 urlencode="1"/>
<MReserved3 urlencode="1"/>
</ReservedInfo>
</INIpay>
gC46y3c5SQXQIwFCzc+unZBFfKVPezOQzLhvN1+bhIFEGVGZgalIxjWRvdch0f5v
jDam6XFsiHxVsQWZ0NtMC0W5++LLaIfgrqAdePd0rAcfikyRqykssLS29FDyELs0
kb5ntyRIla1V/NeBZNIFuphhGaznBz0pUknwXuiLkpA=
]
INFO	[2021-10-29 10:48:09:314] <12374> VERIFY OK
INFO	[2021-10-29 10:48:09:314] <12374> PARSE HEAD OK
INFO	[2021-10-29 10:48:09:314] <12374> PARSE BODY OK
INFO	[2021-10-29 10:48:09:315] <12374> DECRYPT OK
DEBUG	[2021-10-29 10:48:09:315] <12374> DECRYPT MSG:[<?xml version="1.0" encoding="UTF-8"?><CancelInfo>
<CancelDate>20211029</CancelDate>
<CancelTime>104808</CancelTime>
<ResultCode>170000</ResultCode>
<ResultMsg urlencode="1">%C1%A4%BB%F3%BF%CF%B7%E1</ResultMsg>
</CancelInfo>]
INFO	[2021-10-29 10:48:09:315] <12374> DECRYPT PARSE OK
INFO	[2021-10-29 10:48:09:315] <12374> END cancel 정상완료 Laptime:[1.046sec]
INFO	[2021-10-29 10:48:09:315] <12374> ===============================================================
INFO	[2021-10-29 14:44:15:766] <20468> START INIPHP cancel (V5036-141209)(OS:Linux2.6.32-754.11.1.el6.x86_64,PHP:5.3.3)
DEBUG	[2021-10-29 14:44:15:766] <20468> inipayhome:/home1/killdeal/public_html/shop/inicis
DEBUG	[2021-10-29 14:44:15:766] <20468> debug:false
DEBUG	[2021-10-29 14:44:15:766] <20468> type:cancel
DEBUG	[2021-10-29 14:44:15:766] <20468> mid:fourseason
DEBUG	[2021-10-29 14:44:15:766] <20468> admin:1111
DEBUG	[2021-10-29 14:44:15:766] <20468> tid:INIMX_CARDfourseason20211022103406595820
DEBUG	[2021-10-29 14:44:15:766] <20468> cancelmsg:쇼핑몰 운영자 승인 취소
INFO	[2021-10-29 14:44:15:766] <20468> Check Field OK
INFO	[2021-10-29 14:44:15:766] <20468> PI PUB KEY LOAD OK []
INFO	[2021-10-29 14:44:15:766] <20468> PG PUB KEY LOAD OK [30]
INFO	[2021-10-29 14:44:15:766] <20468> MERCHANT PRIV KEY LOAD OK
INFO	[2021-10-29 14:44:15:766] <20468> MERCHANT PUB KEY LOAD OK [0]
DEBUG	[2021-10-29 14:44:15:767] <20468> MAKE ENCRYPT OK[<?xml version="1.0" encoding="UTF-8"?>
<CancelInfo>
	  <CancelTID>INIMX_CARDfourseason20211022103406595820</CancelTID>
	  <CancelMsg urlencode="1">%BC%EE%C7%CE%B8%F4+%BF%EE%BF%B5%C0%DA+%BD%C2%C0%CE+%C3%EB%BC%D2</CancelMsg>
	  <CancelReason/></CancelInfo>]
INFO	[2021-10-29 14:44:15:767] <20468> MAKE BODY OK
INFO	[2021-10-29 14:44:15:767] <20468> SIGN OK
INFO	[2021-10-29 14:44:15:767] <20468> MAKE HEAD OK
INFO	[2021-10-29 14:44:15:767] <20468> MSG_TO_PG:[0096200175D SHA1                   0                                      300420fourseason                    INIMX_CARDfourseason20211022103406595820<?xml version="1.0" encoding="UTF-8"?>
<INIpay>
	  <CancelInfo>
	    <SessionKey>OlIyChgooZ6whNZET1ql/DLiJkrh+cTuYEi98fWPAVWIT0D+0NCgqcF1IEi5DYws
8i3BiTYdHOLExBHf9179wijpOmawFO+GWIwAa3/iFWwY2HkMJe0Bx/mikMt/jzDO
WjpaKlXEXhn7S0ptC/I8OBVsj4g0Qgzm5lbFV5OGcQVdhxY6ShOJ5w==
</SessionKey>
	    <Encrypted>BK8rq1ZNzYn+PmOJZ+eYMTrv/Tu5Mt2egg/oHQWuu0YFcca0yh7V99tsbz763JL8
+Y/f57jp4IVeRpccJDZrU6FhplgdtWysjyXZ4u1MnQA7bwxbiuOVqL8biq2i4MkI
bhZAFOcuYLLB3y9G1GO1sEJ65I7YUtkyjC+xuMU5hIGvRbGWBmAY1n8oFWSAgtVB
MvLTwmUydCZy6TI9+8tXN8qlMR/ZNI5oSARMv7Ab/kFFmhKK3qw1vpYqT0GCTF9U
Eg7tJeteAV3Tx3CZMayf/iDz0iejnyRtA/BlGHOA7du+2UEeyr819G6QQ5veKMPJ
rID2TGaYfsd9j9Z+oSogVw==
</Encrypted></CancelInfo>
	  <ReservedInfo>
	    <MReserved1/>
	    <MReserved2/>
	    <MReserved3/></ReservedInfo>
	  <ManageInfo>
	    <Language/>
	    <URL/>
	    <TXVersion>5036B141209canceLinux     PHPchkfake   2.6.32-754.11.1.el6.x86_64PHP:</TXVersion>
	    <TXUserID/>
	    <TXRegNum/></ManageInfo></INIpay>AOgtxhHjTOP3i1cU5mzGF6f7BDig90ZL26qI4Uch+M37QvjHZOatfEARhtGENDTf
SpWk8vkPa9EZ8CsADQcfNlHGtoiVusQPD6e+ZZGfaBVjw9XS9Fgw5x35+G5Yyyc0
9TzlgX48UEtzXA/cbc4QHRNukeN1+e9D3+G6wngfBCZz
]
INFO	[2021-10-29 14:44:15:767] <20468> DNS LOOKUP OK(203.238.37.3:203.238.37.3:34049) laptime:0
INFO	[2021-10-29 14:44:15:770] <20468> SOCKET CONNECT OK
INFO	[2021-10-29 14:44:15:770] <20468> SEND OK
INFO	[2021-10-29 14:44:16:224] <20468> RECV OK
INFO	[2021-10-29 14:44:16:225] <20468> MSG_FROM_PG:[0093300175D SHA1                   0                                      300430fourseason                    INIMX_CARDfourseason20211022103406595820<?xml version="1.0" encoding="UTF-8"?><INIpay>
<CancelInfo>
<ResultCode>120000</ResultCode>
<ResultMsg urlencode="1">%C1%A4%BB%F3%C3%B3%B8%AE%B5%C7%BE%FA%BD%C0%B4%CF%B4%D9.</ResultMsg>
<SessionKey>AOPlrVDhq8GJUC9f+pAWOXl0dXQpgIIK9BcA6dxYHEzoZ+sSAvyJbbTDeJrKPHC8
Iczg7aU1KtRXAFpSdxlIYNQtYEJeveQFQIoJ9II2aMk+1o8FRe+OWiClfYCsmfrn
9W/Os8cf8/Jy6SFGb4TUe1BNBIHf4itgwikWnRVipXKxvU2rNuISTJU=
</SessionKey>
<Encrypted>ONs9UXsDlRKIETYrP1QCkpfRr8aMa30ZO7h4f01Rie0Y4K4Gwk3Drdqm/z2Ro4Ku
LdEbsX/lho4iopXapPcU+/GcYzZl69U0D3wEGB6X+xNeTBLcalkJY159hRQWXABJ
dRIhM3Ls+cM1qD+5/OzAJX99scNr3BQUOlc+rJuK+3X/kRGdwBh9io11nAJgmIxV
lBw5B2yD6SfLQKCwwXA8Hzw9qGuaT8mn6XKFrGtlD1HtoT3KF38BDk90/i/qWrpg
UUw8tJhV9LTFUL6L7CZhiCEDwVkMdBhKqOAYVUW92CHMRcWp7CHm+vMlEeD/rJ2E
lQ+/tJfg5ihLGiI/S68zMOibAfg67esE
</Encrypted>
</CancelInfo>
<ManageInfo/>
<ReservedInfo>
<MReserved1 urlencode="1"/>
<MReserved2 urlencode="1"/>
<MReserved3 urlencode="1"/>
</ReservedInfo>
</INIpay>
GgfOI8JKoSZj2+6k2Yd6GVlnDsYdHqtkCx6znDrdTahF1OIONFa+Nymh9e1y6NRu
9gI10yQ71Eb5bd42eLtkNwKhiFYk9GoBI5Uzte5YXq4Okfin5spUSAlTINA0nJh0
ZVggoC3Vyo2ovNC1DskqzneupqkfproE2pVlGeILuco=
]
INFO	[2021-10-29 14:44:16:225] <20468> VERIFY OK
INFO	[2021-10-29 14:44:16:225] <20468> PARSE HEAD OK
INFO	[2021-10-29 14:44:16:225] <20468> PARSE BODY OK
INFO	[2021-10-29 14:44:16:226] <20468> DECRYPT OK
DEBUG	[2021-10-29 14:44:16:226] <20468> DECRYPT MSG:[<?xml version="1.0" encoding="UTF-8"?><CancelInfo>
<CancelDate>20211029</CancelDate>
<CancelTime>144415</CancelTime>
<ResultCode>120000</ResultCode>
<ResultMsg urlencode="1">%C1%A4%BB%F3%C3%B3%B8%AE%B5%C7%BE%FA%BD%C0%B4%CF%B4%D9.</ResultMsg>
</CancelInfo>]
INFO	[2021-10-29 14:44:16:226] <20468> DECRYPT PARSE OK
INFO	[2021-10-29 14:44:16:226] <20468> END cancel 정상처리되었습니다. Laptime:[0.46sec]
INFO	[2021-10-29 14:44:16:226] <20468> ===============================================================
