INFO	[2021-07-16 18:57:59:87] <22213> START INIPHP cancel (V5036-141209)(OS:Linux2.6.32-754.11.1.el6.x86_64,PHP:5.3.3)
DEBUG	[2021-07-16 18:57:59:87] <22213> inipayhome:/home1/killdeal/public_html/shop/inicis
DEBUG	[2021-07-16 18:57:59:87] <22213> debug:false
DEBUG	[2021-07-16 18:57:59:87] <22213> type:cancel
DEBUG	[2021-07-16 18:57:59:87] <22213> mid:fourseason
DEBUG	[2021-07-16 18:57:59:87] <22213> admin:1111
DEBUG	[2021-07-16 18:57:59:87] <22213> tid:INIMX_CARDfourseason20210716184756865700
DEBUG	[2021-07-16 18:57:59:87] <22213> cancelmsg:주문자 본인 취소-상품옵션 선택 잘못함
INFO	[2021-07-16 18:57:59:87] <22213> Check Field OK
INFO	[2021-07-16 18:57:59:87] <22213> PI PUB KEY LOAD OK []
INFO	[2021-07-16 18:57:59:87] <22213> PG PUB KEY LOAD OK [30]
INFO	[2021-07-16 18:57:59:87] <22213> MERCHANT PRIV KEY LOAD OK
INFO	[2021-07-16 18:57:59:88] <22213> MERCHANT PUB KEY LOAD OK [0]
DEBUG	[2021-07-16 18:57:59:88] <22213> MAKE ENCRYPT OK[<?xml version="1.0" encoding="UTF-8"?>
<CancelInfo>
	  <CancelTID>INIMX_CARDfourseason20210716184756865700</CancelTID>
	  <CancelMsg urlencode="1">%C1%D6%B9%AE%C0%DA+%BA%BB%C0%CE+%C3%EB%BC%D2-%BB%F3%C7%B0%BF%C9%BC%C7+%BC%B1%C5%C3+%C0%DF%B8%F8%C7%D4</CancelMsg>
	  <CancelReason/></CancelInfo>]
INFO	[2021-07-16 18:57:59:88] <22213> MAKE BODY OK
INFO	[2021-07-16 18:57:59:89] <22213> SIGN OK
INFO	[2021-07-16 18:57:59:89] <22213> MAKE HEAD OK
INFO	[2021-07-16 18:57:59:89] <22213> MSG_TO_PG:[0101500175D SHA1                   0                                      300420fourseason                    INIMX_CARDfourseason20210716184756865700<?xml version="1.0" encoding="UTF-8"?>
<INIpay>
	  <CancelInfo>
	    <SessionKey>2Yo2YDrqYHCDdqm6VQKwMZp0vJffDq+z3ploSEM4XF+vXTKNJY+tGQod9AMcEHGp
+SSUX5XtjfuTrmFJTY7QLJTF4KBi5lBdz31MRo7Lviuh7beYzrg55SMJCevTvL0X
SEHFRxJKoUH67zmIfcU2QBT2ij8WoRTiJve4Wy1VP6g7RMUJxj1OrQ==
</SessionKey>
	    <Encrypted>mffG2a2uiuw8IDtUxfwFfSicgS+IUkYmDQDZPvCBHhGczJ8pcwhzbAdKYMLJgjoB
OtfDE2pyMr6LsPizVeZqawiT0eGDKzeD4y7uxJacioNHJ/vxxgEhO2iIiJzbcsHP
0Fu5jZ8bxmz2ScwuDliEcI5uDY5Inembe2Px+cV9tCQrcfj/qq9PQ7ayD1zByEhk
zNzylss544YLLOqwNxgCx3lM+lsIkD5YnADpHOBngMiGZd+663rmlzvk6beT59tW
4qmyb8lq6H1vb3hRvS1gVzMh7joVQkpdwW+phrk8OSH9P3lUkw12vwoVsRFzhavB
zEo2pVdSWYZQJT8iNcaSlNI2cqoO40o5YL6yrAFh30D00KWS1TXBruOoCsxC0wbm
PDw5m0VTTsk=
</Encrypted></CancelInfo>
	  <ReservedInfo>
	    <MReserved1/>
	    <MReserved2/>
	    <MReserved3/></ReservedInfo>
	  <ManageInfo>
	    <Language/>
	    <URL/>
	    <TXVersion>5036B141209canceLinux     PHPchkfake   2.6.32-754.11.1.el6.x86_64PHP:</TXVersion>
	    <TXUserID/>
	    <TXRegNum/></ManageInfo></INIpay>AMpKRS6NXJUettOaaB1+n3GlJtetP5GbeTfyatvkCeVIUe+Q3F6NlxHC9mRFGRAX
r42r6A+3peK0FcgbhfT0UjpixCvMromLf1A0k2BAjSlgWWQ4RMM+4MUECUs2ytnE
kuJPFM4zZ8CN4Jq4aM7dkIEMLVh0h2r3d52sqTG5YWBP
]
INFO	[2021-07-16 18:57:59:89] <22213> DNS LOOKUP OK(203.238.37.3:203.238.37.3:34049) laptime:0
INFO	[2021-07-16 18:57:59:91] <22213> SOCKET CONNECT OK
INFO	[2021-07-16 18:57:59:91] <22213> SEND OK
INFO	[2021-07-16 18:58:00:633] <22213> RECV OK
INFO	[2021-07-16 18:58:00:633] <22213> MSG_FROM_PG:[0093300175D SHA1                   0                                      300430fourseason                    INIMX_CARDfourseason20210716184756865700<?xml version="1.0" encoding="UTF-8"?><INIpay>
<CancelInfo>
<ResultCode>120000</ResultCode>
<ResultMsg urlencode="1">%C1%A4%BB%F3%C3%B3%B8%AE%B5%C7%BE%FA%BD%C0%B4%CF%B4%D9.</ResultMsg>
<SessionKey>AKfzvxgiPgDJDzlECPZeoMj06HSTNCcUZli5DTtp8DP/R4mu3PN/i/PNAzg4yWLn
fWtGdkwgJf2N3A/0spLxoZ54HQUObt1ekWGxuX1LanSw7OmKBxwf5x6H/pzhX5Jj
X2D4ZfB0fSMvaGYsHJ7vzlvaGtTMKBSgfNSD3PN7slPXIGcdSjbliRU=
</SessionKey>
<Encrypted>87EfwNTKlIIKUwPcSfbmaG8RxLhA/VT7cY4L2I7iCpqbOfRQEZgwgUDhs/MpIJFH
iEgn60IjwTb+dmAnJaV9tJP4xcrjKy4q0M0ykYKXTI8PpOH2/O+I00w8E0Exp68O
6X/CFZBe1H5dK05XzsrdcXvvJ2PuzhszpoI6f8BhD9gfc9GgqZ0HF8SRuq/Im67Z
x2kRPdh+j7TacT4m+aQQoCo9OXoXHsMDXoVBzX58bkhmTQPoP2bgE4xwaMfXnoxM
WXl2bhHH8Sj4SYbt44IE1GU/IbMwexsPWON4ir3i6Nt1fi7rJ/8rJbPee+ACzgKT
YIa7KMikaqPyTWrnsxAGiCetbUMDNAyu
</Encrypted>
</CancelInfo>
<ManageInfo/>
<ReservedInfo>
<MReserved1 urlencode="1"/>
<MReserved2 urlencode="1"/>
<MReserved3 urlencode="1"/>
</ReservedInfo>
</INIpay>
uQFO76DWt6LIGmMLA6aM+ucl0a4eIVrdj9kyRdQ0r27m+dUhgvEcB64wj8epQaBK
aBm8AU9UtHU+zDwAHktIn5F77BSWxSwe+aYKm4lqSrXlXTrlrJBx2joB7yhuP6c5
SgfoevUB4aNFOaWzF/kOZDRKBJrFcBxvs42VXKWnECI=
]
INFO	[2021-07-16 18:58:00:633] <22213> VERIFY OK
INFO	[2021-07-16 18:58:00:633] <22213> PARSE HEAD OK
INFO	[2021-07-16 18:58:00:633] <22213> PARSE BODY OK
INFO	[2021-07-16 18:58:00:634] <22213> DECRYPT OK
DEBUG	[2021-07-16 18:58:00:634] <22213> DECRYPT MSG:[<?xml version="1.0" encoding="UTF-8"?><CancelInfo>
<CancelDate>20210716</CancelDate>
<CancelTime>185800</CancelTime>
<ResultCode>120000</ResultCode>
<ResultMsg urlencode="1">%C1%A4%BB%F3%C3%B3%B8%AE%B5%C7%BE%FA%BD%C0%B4%CF%B4%D9.</ResultMsg>
</CancelInfo>]
INFO	[2021-07-16 18:58:00:634] <22213> DECRYPT PARSE OK
INFO	[2021-07-16 18:58:00:634] <22213> END cancel 정상처리되었습니다. Laptime:[1.547sec]
INFO	[2021-07-16 18:58:00:634] <22213> ===============================================================
INFO	[2021-07-16 19:57:53:703] <20178> START INIPHP cancel (V5036-141209)(OS:Linux2.6.32-754.11.1.el6.x86_64,PHP:5.3.3)
DEBUG	[2021-07-16 19:57:53:703] <20178> inipayhome:/home1/killdeal/public_html/shop/inicis
DEBUG	[2021-07-16 19:57:53:703] <20178> debug:false
DEBUG	[2021-07-16 19:57:53:703] <20178> type:cancel
DEBUG	[2021-07-16 19:57:53:703] <20178> mid:fourseason
DEBUG	[2021-07-16 19:57:53:703] <20178> admin:1111
DEBUG	[2021-07-16 19:57:53:703] <20178> tid:StdpayCARDfourseason20210716195029513345
DEBUG	[2021-07-16 19:57:53:703] <20178> cancelmsg:주문자 본인 취소-상품옵션 선택 잘못함
INFO	[2021-07-16 19:57:53:703] <20178> Check Field OK
INFO	[2021-07-16 19:57:53:703] <20178> PI PUB KEY LOAD OK []
INFO	[2021-07-16 19:57:53:703] <20178> PG PUB KEY LOAD OK [30]
INFO	[2021-07-16 19:57:53:703] <20178> MERCHANT PRIV KEY LOAD OK
INFO	[2021-07-16 19:57:53:703] <20178> MERCHANT PUB KEY LOAD OK [0]
DEBUG	[2021-07-16 19:57:53:704] <20178> MAKE ENCRYPT OK[<?xml version="1.0" encoding="UTF-8"?>
<CancelInfo>
	  <CancelTID>StdpayCARDfourseason20210716195029513345</CancelTID>
	  <CancelMsg urlencode="1">%C1%D6%B9%AE%C0%DA+%BA%BB%C0%CE+%C3%EB%BC%D2-%BB%F3%C7%B0%BF%C9%BC%C7+%BC%B1%C5%C3+%C0%DF%B8%F8%C7%D4</CancelMsg>
	  <CancelReason/></CancelInfo>]
INFO	[2021-07-16 19:57:53:704] <20178> MAKE BODY OK
INFO	[2021-07-16 19:57:53:704] <20178> SIGN OK
INFO	[2021-07-16 19:57:53:704] <20178> MAKE HEAD OK
INFO	[2021-07-16 19:57:53:704] <20178> MSG_TO_PG:[0101500175D SHA1                   0                                      300420fourseason                    StdpayCARDfourseason20210716195029513345<?xml version="1.0" encoding="UTF-8"?>
<INIpay>
	  <CancelInfo>
	    <SessionKey>YEa7a/YXgMNswR+I86GSsBc6u8yHXMKTXs5h/FEcJIMFvd6O5DgqwHqYg+gEZy7j
XLezlnPAh5gPrQDJ40Zl1U7RaioeiQDjL+u3kMYvdbdmcDjEJsRuWOQ319np2s3W
CAfZywY/TXlrFRA5hmm9xPQSrxK6EulqyZyqplFIg8hcjsOlwjUr/Q==
</SessionKey>
	    <Encrypted>ilggeoWLxgU+QNE8MFsVy7aHbQ8MmsGcZlgHlkOAR+CbeqmCz7ZIO8mRxvQf3Xcb
JD0oabEadN6xRsRFKfn1ylUNSo2sxZB060lszSuRf1ti4rrErPzbdDmyELDvqerE
VPRReP3eOjThusCmeRM7D+vrNuTMErsp+dzpEqxEOb3NRNi8O45aUKdx7yQ+euGA
OKwDApM/rrApgZfADY2pskGqCxDlRpHdbptsxkoTs5S2MqINN/Xwubvi1pT+IhE6
2Xuu4GbnVw07XYTl97upCLqOqgO2pQDQ/3ueBELkcgpnWtu1IImajNRzFwnIG4is
T+u0SvblOFpkx4QC2fVJgs2ACC+VabCMwl7Ki+cy/DkxxYAnzgYOuobXCyH6QGT7
Dp8gEBtFxxI=
</Encrypted></CancelInfo>
	  <ReservedInfo>
	    <MReserved1/>
	    <MReserved2/>
	    <MReserved3/></ReservedInfo>
	  <ManageInfo>
	    <Language/>
	    <URL/>
	    <TXVersion>5036B141209canceLinux     PHPchkfake   2.6.32-754.11.1.el6.x86_64PHP:</TXVersion>
	    <TXUserID/>
	    <TXRegNum/></ManageInfo></INIpay>AL4cdfhYuStNGqdJi70zRscrGtJJFun/p6Sd2HS1/+mbgrjSZUyKU9gndKLUVOsw
BTP+n0na8jCluZlsXmSIcQYdnhcR+ecepIRr2WVne5yfOOyU/ltiLqWmqswZtRtW
HNaklI/KyNs6uBTOv3Zp6NH0mfX1RSUEJ1vcT3gcjbJb
]
INFO	[2021-07-16 19:57:53:705] <20178> DNS LOOKUP OK(203.238.37.3:203.238.37.3:34049) laptime:0
INFO	[2021-07-16 19:57:53:707] <20178> SOCKET CONNECT OK
INFO	[2021-07-16 19:57:53:707] <20178> SEND OK
INFO	[2021-07-16 19:57:54:483] <20178> RECV OK
INFO	[2021-07-16 19:57:54:483] <20178> MSG_FROM_PG:[0093300175D SHA1                   0                                      300430fourseason                    StdpayCARDfourseason20210716195029513345<?xml version="1.0" encoding="UTF-8"?><INIpay>
<CancelInfo>
<ResultCode>120000</ResultCode>
<ResultMsg urlencode="1">%C1%A4%BB%F3%C3%B3%B8%AE%B5%C7%BE%FA%BD%C0%B4%CF%B4%D9.</ResultMsg>
<SessionKey>AD6y6+JrmcvMvoPLxNbmwhrCBM84VYIQWaWvEaDS84qLuVsFR/Pc9Y9LSJiTBPnH
wIuZ4I0ewV3VARa1Lo0vqZE1rIJcPyhRdDcpMJjjt1GzHwuRw1PZ0bz6EyIgp5nH
3591U6h1c97sPXKBN4ZvbyJAgw8xbBSD4erXwbYm6qG7/d21Iwx1NmA=
</SessionKey>
<Encrypted>UKw3++IXCKMFn3RMboT7ZEpVk7pVeXt2XmGL/LcrpPKtH4G+Gv9KC3+BSm04bDQv
C6Wetps9LJbwo3rg67O0pkveLQbtYAdxPKhNBdtmIqrpIknW2TPAOUDGLZEg515J
1hVeN7MBi4IVzIfVBGyrlnmx+43OmQFvpA3ySrzzV0SxC7Rd8HY8K8DDAjCQ3cTS
QYVWDtZ5yUBDpd2EV1Nla1020Sm28bOhOszIZTwakwtjHU02UdjkDgiWZhzJ77VM
iZHx3XGgR0cRaT7d96zIPfh9Y59+2FImSbFz357tJ2fRan52fGpDOlqKwhBF5zK3
8XcZyaGL1ZFTOGF4EsMPchM/CRWMVSlH
</Encrypted>
</CancelInfo>
<ManageInfo/>
<ReservedInfo>
<MReserved1 urlencode="1"/>
<MReserved2 urlencode="1"/>
<MReserved3 urlencode="1"/>
</ReservedInfo>
</INIpay>
1NuxCVi6dbFI3kj0x+Ynik2TdgI+UTHjU72ONyxAWgsPOe5ZNQD48V/NPTcz+b/y
nK6SifY+Kw5WY2betdPEDSm12nDeoctCGFI68orZ+2wtKoajDAkvkCcdH+x/hiU4
BnsImjCT1snsnKkuiBY9DCxAl5dmMrw1SxVn3YzUyTY=
]
INFO	[2021-07-16 19:57:54:483] <20178> VERIFY OK
INFO	[2021-07-16 19:57:54:483] <20178> PARSE HEAD OK
INFO	[2021-07-16 19:57:54:483] <20178> PARSE BODY OK
INFO	[2021-07-16 19:57:54:484] <20178> DECRYPT OK
DEBUG	[2021-07-16 19:57:54:484] <20178> DECRYPT MSG:[<?xml version="1.0" encoding="UTF-8"?><CancelInfo>
<CancelDate>20210716</CancelDate>
<CancelTime>195754</CancelTime>
<ResultCode>120000</ResultCode>
<ResultMsg urlencode="1">%C1%A4%BB%F3%C3%B3%B8%AE%B5%C7%BE%FA%BD%C0%B4%CF%B4%D9.</ResultMsg>
</CancelInfo>]
INFO	[2021-07-16 19:57:54:484] <20178> DECRYPT PARSE OK
INFO	[2021-07-16 19:57:54:484] <20178> END cancel 정상처리되었습니다. Laptime:[0.781sec]
INFO	[2021-07-16 19:57:54:484] <20178> ===============================================================
