INFO	[2020-06-11 11:09:47:235] <16904> START INIPHP cancel (V5036-141209)(OS:Linux2.6.32-754.11.1.el6.x86_64,PHP:5.3.3)
DEBUG	[2020-06-11 11:09:47:235] <16904> inipayhome:/home/killdeal/public_html/shop/inicis
DEBUG	[2020-06-11 11:09:47:235] <16904> debug:false
DEBUG	[2020-06-11 11:09:47:235] <16904> type:cancel
DEBUG	[2020-06-11 11:09:47:235] <16904> mid:majorgol03
DEBUG	[2020-06-11 11:09:47:235] <16904> admin:1111
DEBUG	[2020-06-11 11:09:47:235] <16904> tid:INIMX_CARDmajorgol0320200611110352705827
DEBUG	[2020-06-11 11:09:47:235] <16904> cancelmsg:쇼핑몰 운영자 승인 취소
INFO	[2020-06-11 11:09:47:235] <16904> Check Field OK
INFO	[2020-06-11 11:09:47:235] <16904> PI PUB KEY LOAD OK []
INFO	[2020-06-11 11:09:47:235] <16904> PG PUB KEY LOAD OK [30]
INFO	[2020-06-11 11:09:47:236] <16904> MERCHANT PRIV KEY LOAD OK
INFO	[2020-06-11 11:09:47:236] <16904> MERCHANT PUB KEY LOAD OK [0]
DEBUG	[2020-06-11 11:09:47:237] <16904> MAKE ENCRYPT OK[<?xml version="1.0" encoding="UTF-8"?>
<CancelInfo>
	  <CancelTID>INIMX_CARDmajorgol0320200611110352705827</CancelTID>
	  <CancelMsg urlencode="1">%BC%EE%C7%CE%B8%F4+%BF%EE%BF%B5%C0%DA+%BD%C2%C0%CE+%C3%EB%BC%D2</CancelMsg>
	  <CancelReason/></CancelInfo>]
INFO	[2020-06-11 11:09:47:237] <16904> MAKE BODY OK
INFO	[2020-06-11 11:09:47:238] <16904> SIGN OK
INFO	[2020-06-11 11:09:47:238] <16904> MAKE HEAD OK
INFO	[2020-06-11 11:09:47:238] <16904> MSG_TO_PG:[0096200175D SHA1                   0                                      300420majorgol03                    INIMX_CARDmajorgol0320200611110352705827<?xml version="1.0" encoding="UTF-8"?>
<INIpay>
	  <CancelInfo>
	    <SessionKey>QynPZamFbaQQjbm1UMztncqsJN4zslpDKmwcJDZn6Ns0JAiS4eMorTzMBpI6j89q
s2UW57ZoGq09wEy7vCpj2NiPu6i/D6RSRGwaMouSipTig0nloYYQwkSArme+Z/wP
tp5kNfEIcKcLiktp+/7ULzaDQfe3i0VPcmKeYvIOUsshAvSfkzMVzA==
</SessionKey>
	    <Encrypted>r6eCtvsNWREF+VfJbqcl5hDh8KeM7/G4z9AK//c1QYybMATbafESGnnxmNDdiejF
SSGTU2wH8hD7Fh0XFAyALgXOMJMTt60eZaG1Bqrr0G3YbhMGdcRGIhgCr97xsjch
ZIBs9IIXgtfp42j/+ibHtEJch5mFd44kTOOIsJJeoTDJxqZwC5mxMtetIwbt20E/
YyzZRI4/iSEsCztQ3juIhlf2vrIKOHsd4FyXAk7Jv2qYX9Kwnly+Sh0bd5TmOuIp
ZVmniHJ4EbXyIAlbL/xZDF5NmsH+K2eCJF4Pb+k8AxcMyg9J03PujRQkXxpR+pwv
UkWsn80SONrRKNTxmzazhw==
</Encrypted></CancelInfo>
	  <ReservedInfo>
	    <MReserved1/>
	    <MReserved2/>
	    <MReserved3/></ReservedInfo>
	  <ManageInfo>
	    <Language/>
	    <URL/>
	    <TXVersion>5036B141209canceLinux     PHPchkfake   2.6.32-754.11.1.el6.x86_64PHP:</TXVersion>
	    <TXUserID/>
	    <TXRegNum/></ManageInfo></INIpay>AQ2d50BK62iR+GTYqtyN6zo7WQG2iZaMV83CKBgp2VM+j0g/cfd8n1yF77F0QFR5
Je6WMqTLn8hmqpBAKzAUYOYCiJVO5/Ax2SZSjFt4AwHCIfzabQZi1nD/UMc5XTnZ
fNzOueK4THaOK/NHQEC6CL0Hdrjz9EOGu9GXCfZEipCS
]
INFO	[2020-06-11 11:09:47:238] <16904> DNS LOOKUP OK(203.238.37.3:203.238.37.3:34049) laptime:0
INFO	[2020-06-11 11:09:47:240] <16904> SOCKET CONNECT OK
INFO	[2020-06-11 11:09:47:240] <16904> SEND OK
INFO	[2020-06-11 11:09:47:839] <16904> RECV OK
INFO	[2020-06-11 11:09:47:839] <16904> MSG_FROM_PG:[0115800175D SHA1                   0                                      300430majorgol03                    INIMX_CARDmajorgol0320200611110352705827<?xml version="1.0" encoding="UTF-8"?>
<INIpay>
  <CancelInfo>
    <ResultCode>120000</ResultCode>
    <ResultMsg urlencode="1">%C1%A4%BB%F3%C3%B3%B8%AE%B5%C7%BE%FA%BD%C0%B4%CF%B4%D9.</ResultMsg>
    <SessionKey>ABCpLeBeuDzKzDHum1w6wRYQ6T8dnq+XoyENbu4YpTzAjuhZvC9JM7dMg40636oR
IaV7XU/dZq120zQ1UjGkKe4+M+8hcILgdzewo/vCDW7bzXUp4y05uUOZo2k5aUs6
IqsiCY7+aRcod9OCnhb/cNf/4lXpJXAa+8IHagX4trjSqmzYCmE0qVE=
</SessionKey>
    <Encrypted>r6hielPIYC+yeOV+zB1eTmDk+SWIotZO3dfQ9cFSHAEe2ohABzlERXPg+yOio/8z
9R5NBHXVksbP2U2UBN0TF5Ta32uwf+31mrNHdiNqnoBMXlMy5lvUFwb4hdLz5ch9
0wQaJi2LS5OViS7zAxHe6GWpe2y3PdHLiJw5m6Wak7jXqYzLf8p20rHZW7tEuJs/
uHQBoNS0e8v4Hslrtnza2IwmWp6/TB48WPWJwbttJVli6s3FajhPqLVLkUxaV5Hb
m8nxHplBHxYfM8J4EliB0o/fq1pTRGMeU6efaqy3G1RvO6UBv9Gb81dIl+n7sHl9
F2qVYMW8+w1ra44OPrihWtZTy9Im2Xmwy6rsJMGuDPM=
</Encrypted>
  </CancelInfo>
  <ManageInfo/>
  <ReservedInfo>
    <MReserved1 urlencode="1"></MReserved1>
    <MReserved2 urlencode="1"></MReserved2>
    <MReserved3 urlencode="1"></MReserved3>
    <PGReserved1 urlencode="1"></PGReserved1>
    <PGReserved2 urlencode="1"></PGReserved2>
    <PGReserved3 urlencode="1"></PGReserved3>
  </ReservedInfo>
</INIpay>
Fx9wT8FvX7aeFEhnl2O+i7TybD9VjiMzgdc3sTUrBAr3riOcY8RSLfENjizYo6hb
8ncbNLxG25tMLy4foncx9780bVLZqlY/682pxY0Txn/1JicrWgMS/r+pj46xtaHR
Cc5K0DQVEtrv+drehjGLdmXHxjKTNcQU2TywobDsKwQ=
]
INFO	[2020-06-11 11:09:47:839] <16904> VERIFY OK
INFO	[2020-06-11 11:09:47:839] <16904> PARSE HEAD OK
INFO	[2020-06-11 11:09:47:839] <16904> PARSE BODY OK
INFO	[2020-06-11 11:09:47:840] <16904> DECRYPT OK
DEBUG	[2020-06-11 11:09:47:840] <16904> DECRYPT MSG:[<?xml version="1.0" encoding="UTF-8"?>
<CancelInfo>
  <CancelDate>20200611</CancelDate>
  <CancelTime>110948</CancelTime>
  <ResultCode>120000</ResultCode>
  <ResultMsg urlencode="1">%C1%A4%BB%F3%C3%B3%B8%AE%B5%C7%BE%FA%BD%C0%B4%CF%B4%D9.</ResultMsg>
</CancelInfo>]
INFO	[2020-06-11 11:09:47:840] <16904> DECRYPT PARSE OK
INFO	[2020-06-11 11:09:47:841] <16904> END cancel 정상처리되었습니다. Laptime:[0.606sec]
INFO	[2020-06-11 11:09:47:841] <16904> ===============================================================
INFO	[2020-06-11 11:18:53:938] <18540> START INIPHP cancel (V5036-141209)(OS:Linux2.6.32-754.11.1.el6.x86_64,PHP:5.3.3)
DEBUG	[2020-06-11 11:18:53:938] <18540> inipayhome:/home/killdeal/public_html/shop/inicis
DEBUG	[2020-06-11 11:18:53:938] <18540> debug:false
DEBUG	[2020-06-11 11:18:53:938] <18540> type:cancel
DEBUG	[2020-06-11 11:18:53:938] <18540> mid:majorgol03
DEBUG	[2020-06-11 11:18:53:938] <18540> admin:1111
DEBUG	[2020-06-11 11:18:53:938] <18540> tid:INIMX_CARDmajorgol0320200611111751605499
DEBUG	[2020-06-11 11:18:53:938] <18540> cancelmsg:주문자 본인 취소-구매의사 없음
INFO	[2020-06-11 11:18:53:938] <18540> Check Field OK
INFO	[2020-06-11 11:18:53:938] <18540> PI PUB KEY LOAD OK []
INFO	[2020-06-11 11:18:53:938] <18540> PG PUB KEY LOAD OK [30]
INFO	[2020-06-11 11:18:53:938] <18540> MERCHANT PRIV KEY LOAD OK
INFO	[2020-06-11 11:18:53:938] <18540> MERCHANT PUB KEY LOAD OK [0]
DEBUG	[2020-06-11 11:18:53:939] <18540> MAKE ENCRYPT OK[<?xml version="1.0" encoding="UTF-8"?>
<CancelInfo>
	  <CancelTID>INIMX_CARDmajorgol0320200611111751605499</CancelTID>
	  <CancelMsg urlencode="1">%C1%D6%B9%AE%C0%DA+%BA%BB%C0%CE+%C3%EB%BC%D2-%B1%B8%B8%C5%C0%C7%BB%E7+%BE%F8%C0%BD</CancelMsg>
	  <CancelReason/></CancelInfo>]
INFO	[2020-06-11 11:18:53:939] <18540> MAKE BODY OK
INFO	[2020-06-11 11:18:53:940] <18540> SIGN OK
INFO	[2020-06-11 11:18:53:940] <18540> MAKE HEAD OK
INFO	[2020-06-11 11:18:53:940] <18540> MSG_TO_PG:[0099400175D SHA1                   0                                      300420majorgol03                    INIMX_CARDmajorgol0320200611111751605499<?xml version="1.0" encoding="UTF-8"?>
<INIpay>
	  <CancelInfo>
	    <SessionKey>f+spWFbLxK78OzoII8C4xL00hK8TEBhROYu7jUolGtTGKTR9kUOVpKm/nAOSVyo/
xS9dh6k6RS6MF+FvLm7KkP0qfXKUsEn46O1WCDwf6SH3YJpYz0uUCXzc/gTjXGDs
Y26i75qCpgC85Eq/yyXzS80LhmUlxstV2sNIG50nCkdGmQ6Of5icFg==
</SessionKey>
	    <Encrypted>D9Ey7ZmbhQYc1qWXPwqddysE17fQ9qVRcnc9unDZOcXPxZlQFYheSqBGWFk43YuA
huEWf+on1sGz8GpNzVat2LvS97DdnzU1R5RNyWfXdfqNmltwun6tao6b86zSva9I
EUKMwLWkInkCqYR0h26g1l3QEAlV2SYM/HF8FPocpUA/jL/DU2JjSSACIMjwWljz
XNJEGsKR2SWYQ03qS+LAwojZJ3Fw2s1wmzOCyACgPELPiQPlBE6Wq+p6vfkoPjtm
0Q6I4D9Ado7PaChEi0LSGEHZ/ucoliYl7ImUTvovCHwheTNZtVSSgGpwgRk+EdY4
vW/HPiWyz1AJxudQUcCsE1ZRlzUZEu+eEG7Fy4PvPdg7avjSCJO6xA==
</Encrypted></CancelInfo>
	  <ReservedInfo>
	    <MReserved1/>
	    <MReserved2/>
	    <MReserved3/></ReservedInfo>
	  <ManageInfo>
	    <Language/>
	    <URL/>
	    <TXVersion>5036B141209canceLinux     PHPchkfake   2.6.32-754.11.1.el6.x86_64PHP:</TXVersion>
	    <TXUserID/>
	    <TXRegNum/></ManageInfo></INIpay>AOvfA+RwKukr0xlqwQL/BK5YSsEE8uxBaKLiFM/cB7jFfkvNiUG/2X/W4v642+g/
n3KgmFqj6t/Mma+1XcsA0b76/hBLd7LWdZNzox2LyJjLOayVwM3auCKE1DJV0xj0
UphkiFKUnmGl/I+NO4HlvLWTvtdyL2/Nyn1gdjYSfECs
]
INFO	[2020-06-11 11:18:53:940] <18540> DNS LOOKUP OK(203.238.37.3:203.238.37.3:34049) laptime:0
INFO	[2020-06-11 11:18:53:942] <18540> SOCKET CONNECT OK
INFO	[2020-06-11 11:18:53:942] <18540> SEND OK
INFO	[2020-06-11 11:18:54:599] <18540> RECV OK
INFO	[2020-06-11 11:18:54:599] <18540> MSG_FROM_PG:[0115800175D SHA1                   0                                      300430majorgol03                    INIMX_CARDmajorgol0320200611111751605499<?xml version="1.0" encoding="UTF-8"?>
<INIpay>
  <CancelInfo>
    <ResultCode>120000</ResultCode>
    <ResultMsg urlencode="1">%C1%A4%BB%F3%C3%B3%B8%AE%B5%C7%BE%FA%BD%C0%B4%CF%B4%D9.</ResultMsg>
    <SessionKey>AETCma4j0Rv6Hp29Uuf6c2pR0ngWNagZGoOktAjMujDxTJOwoEuIm25tA9FChrCr
HNxgW8bGeX5cvNmxoir7TX8zUh4fvmXZlK549IRvsNwPG3n/trejn5ARyTfLm60C
yGFMIS/bByPs2dfokPzSfKt9atY0iZ8InrErXfns7p7+lyGK+TtqcD4=
</SessionKey>
    <Encrypted>jpcYGEL4Fdh42kSm76KqDXrJfQq3Qe+AcoA4nHxUMNaBj63w5nidVOST5Hk/c2eT
w1pbY7dmexMBnRqs0CzD8gsM9JfnB7bsxiBSbYFTvRzwXtQD5GWcrK12jKN33JZu
Xg/CfdPq5j/e2v8tw0ER6+0/v8Wzr7DZrijChykKmFfj4GsSh4F9baLm4iPuK+rB
sIg5O4fUU156Ag2poMergYQS+pHuRIviqk79nGjDfAPw3CpQwa2sEzslcmeVm3DU
npqub0xwtvwkrDzx/feeIB6lFt65gIFBPbEidJr7i+gpEMzNC08nFzew8EeydiqN
pXMIP+xe9y75qBDHHwUpbh8nMjzNRSkeA6y8v+Z3EoA=
</Encrypted>
  </CancelInfo>
  <ManageInfo/>
  <ReservedInfo>
    <MReserved1 urlencode="1"></MReserved1>
    <MReserved2 urlencode="1"></MReserved2>
    <MReserved3 urlencode="1"></MReserved3>
    <PGReserved1 urlencode="1"></PGReserved1>
    <PGReserved2 urlencode="1"></PGReserved2>
    <PGReserved3 urlencode="1"></PGReserved3>
  </ReservedInfo>
</INIpay>
XGje4Ay7YAXxQkUBBnN8W3DcZgQ3x3eQT8NOPCJPj0IAXlkDr/uncu4TPxrTEcB4
OVkRGVhajAXAXfvq1GI2DKhJFoDKe1+oZl6p2UEpEuFlT3qT6ueutnuMFyrmb+qU
yXsq3bIupiHz/WQdXXm3K7XI9TnUnpD+/q/ns0EIEwM=
]
INFO	[2020-06-11 11:18:54:600] <18540> VERIFY OK
INFO	[2020-06-11 11:18:54:600] <18540> PARSE HEAD OK
INFO	[2020-06-11 11:18:54:600] <18540> PARSE BODY OK
INFO	[2020-06-11 11:18:54:601] <18540> DECRYPT OK
DEBUG	[2020-06-11 11:18:54:601] <18540> DECRYPT MSG:[<?xml version="1.0" encoding="UTF-8"?>
<CancelInfo>
  <CancelDate>20200611</CancelDate>
  <CancelTime>111855</CancelTime>
  <ResultCode>120000</ResultCode>
  <ResultMsg urlencode="1">%C1%A4%BB%F3%C3%B3%B8%AE%B5%C7%BE%FA%BD%C0%B4%CF%B4%D9.</ResultMsg>
</CancelInfo>]
INFO	[2020-06-11 11:18:54:601] <18540> DECRYPT PARSE OK
INFO	[2020-06-11 11:18:54:601] <18540> END cancel 정상처리되었습니다. Laptime:[0.664sec]
INFO	[2020-06-11 11:18:54:601] <18540> ===============================================================
INFO	[2020-06-11 11:19:03:218] <11929> START INIPHP cancel (V5036-141209)(OS:Linux2.6.32-754.11.1.el6.x86_64,PHP:5.3.3)
DEBUG	[2020-06-11 11:19:03:218] <11929> inipayhome:/home/killdeal/public_html/shop/inicis
DEBUG	[2020-06-11 11:19:03:218] <11929> debug:false
DEBUG	[2020-06-11 11:19:03:218] <11929> type:cancel
DEBUG	[2020-06-11 11:19:03:218] <11929> mid:majorgol03
DEBUG	[2020-06-11 11:19:03:218] <11929> admin:1111
DEBUG	[2020-06-11 11:19:03:218] <11929> tid:INIMX_VBNKmajorgol0320200611111347925809
DEBUG	[2020-06-11 11:19:03:218] <11929> cancelmsg:주문자 본인 취소-구매의사 없음
INFO	[2020-06-11 11:19:03:218] <11929> Check Field OK
INFO	[2020-06-11 11:19:03:218] <11929> PI PUB KEY LOAD OK []
INFO	[2020-06-11 11:19:03:219] <11929> PG PUB KEY LOAD OK [30]
INFO	[2020-06-11 11:19:03:219] <11929> MERCHANT PRIV KEY LOAD OK
INFO	[2020-06-11 11:19:03:219] <11929> MERCHANT PUB KEY LOAD OK [0]
DEBUG	[2020-06-11 11:19:03:219] <11929> MAKE ENCRYPT OK[<?xml version="1.0" encoding="UTF-8"?>
<CancelInfo>
	  <CancelTID>INIMX_VBNKmajorgol0320200611111347925809</CancelTID>
	  <CancelMsg urlencode="1">%C1%D6%B9%AE%C0%DA+%BA%BB%C0%CE+%C3%EB%BC%D2-%B1%B8%B8%C5%C0%C7%BB%E7+%BE%F8%C0%BD</CancelMsg>
	  <CancelReason/></CancelInfo>]
INFO	[2020-06-11 11:19:03:220] <11929> MAKE BODY OK
INFO	[2020-06-11 11:19:03:220] <11929> SIGN OK
INFO	[2020-06-11 11:19:03:220] <11929> MAKE HEAD OK
INFO	[2020-06-11 11:19:03:220] <11929> MSG_TO_PG:[0099400175D SHA1                   0                                      300420majorgol03                    INIMX_VBNKmajorgol0320200611111347925809<?xml version="1.0" encoding="UTF-8"?>
<INIpay>
	  <CancelInfo>
	    <SessionKey>Ko04my0xfyhaNupWyjaMKngg/uAWDIa/uRGRsdC4yphq1LMKZSNRgqayiXWqRr8D
Khp3f+fKuw88GqHpgqSlKyhTHY5t2nja0lV8qwQPAMDNlhftc3Q8zis6/xGloKQ8
zZewHfv8/OnmOgcxm5QAOP2S1xaM4DTMSJOk4biMkAUJJ0tdLjczrw==
</SessionKey>
	    <Encrypted>SrCNEI56dYQjKo6KNs+qRNK2N9j8YTYQDlnF6iEAbukKH7zhJi55YcwpvGKBdVNX
3TH5igH07P3YhHCz6vZ6RFLSkGNqoP41zp7zyoTpPeCVGE4dTKu+HmUygaAX0WB1
EJEHtRfsf9wdqJe9J51hftqp8mOnedgeWOR0F63W4gyWw9J3pQJ1wxZs06tm5moM
HP5KIum7KCyAkYgX9xa5OX9DWphp6U1tY6MbGX9z3pCFGOArwyccLC15JrjzCUFb
zOQsjBtL1NoOKBMT+qeUoAghm1eZv1iC2MYrbJfswQpZcIpeFgBEUhi3cnry7EJO
jXi9QxyCLSdhCsQno17/ydJt2noVdqHtvRSFhCfiP/lEQ3BvH9WvCw==
</Encrypted></CancelInfo>
	  <ReservedInfo>
	    <MReserved1/>
	    <MReserved2/>
	    <MReserved3/></ReservedInfo>
	  <ManageInfo>
	    <Language/>
	    <URL/>
	    <TXVersion>5036B141209canceLinux     PHPchkfake   2.6.32-754.11.1.el6.x86_64PHP:</TXVersion>
	    <TXUserID/>
	    <TXRegNum/></ManageInfo></INIpay>AQDTBxOWfH6dEVORsCWBGUOtiPRsbymbgpVYRySb+KzQp7nvB2rmBA1zkdAI2IVH
sz3Fd0WGYtNWrtfdU9sQYxt0F9tR43ZuTeOs/gLhpx7T/IaPBopG2s11qgkA9BRW
I4cm3uSNZqxX4hoh8xo84UgJfSevyit0EUgAGfmC76QC
]
INFO	[2020-06-11 11:19:03:220] <11929> DNS LOOKUP OK(203.238.37.3:203.238.37.3:34049) laptime:0
INFO	[2020-06-11 11:19:03:223] <11929> SOCKET CONNECT OK
INFO	[2020-06-11 11:19:03:223] <11929> SEND OK
INFO	[2020-06-11 11:19:03:418] <11929> RECV OK
INFO	[2020-06-11 11:19:03:418] <11929> MSG_FROM_PG:[0159300175D SHA1                   0                                      300430majorgol03                    INIMX_VBNKmajorgol0320200611111347925809<?xml version="1.0" encoding="UTF-8"?>
<INIpay>
  <CancelInfo>
    <ResultCode>170000</ResultCode>
    <ResultMsg urlencode="1">%C1%A4%BB%F3%C3%B3%B8%AE%B5%C7%BE%FA%BD%C0%B4%CF%B4%D9.</ResultMsg>
    <SessionKey>AR2AMHNoRS10vUobNZJeuLkJdAA9k9CcKijGCiJ2QOsaZ5Xr0aP1jkQu6qkJ1a2l
BbiyVFtyEV5iqsUMISaimjgL9e69aqZmieG2S6UHTuRvbUg8EZczP7cz2RdnUn6z
vJvGSUB/h27OjqbiVw6O+4KxUOSoYjSLk+cYJDVqUTwpvgkMfxv5Bqo=
</SessionKey>
    <Encrypted>MHeaFtJlgJTGVXbA+c/EpWxofV/bT44HCwAsH7sjv1TGTuNfGAo5syo71433w2Gj
HR/8jImXflIexAukG3Pc4eaZ1b6N6jmCtkAjlg7Qft4G0NZbfZfSUChwMZcOPoc/
elt5GGbL/jNDccDzOITnrSkEmjmkNBfFDt0b8iLmGk4XQUO1vga/4THuhVOR9gsR
6MRgP3D5bGfwUibVdVKXtSXAg7bAC6qTY4qXUMLJj4jWJzuIVf2jAC4nOcZVWrdo
w3a9XqiVfNGtflwXO2MGo0Ny5NRBXDAe0Fv3ppuGbuaX5h0UQD7sDbzl4FopU8pq
D42k4Aj6dP0S90l0QipulLPVqPgV9FTuiK2vKQRinj4bhJxwgp8M+u3mVfVKL692
bQ01tNq0yHXq9nJqUDvhDeG4YVZUKxrE0usof48bBXj4Fp4a/QuySKhWHxna5WHL
Y5o3kHY/4k3xKN9t3V7V5mvOFGXda/U+Ho4o73pqBXb9rwlSr/3KsBQK+8OMqyNe
qF1VE0dy+lCRBj7Ec0kluys0xifBl1lnEWgtNSfbD9A0FIRiuEgH5eN4J5qrEnNX
a5E1TprJqTB5zPUGpjKsxi5gVEAM+K+tgesaibqFLhVHugbttsxHjIx2auIGw1dW
NBM5KezGmxRmhfFOAofTuRI/9HXs98tWzMC0MZvyuJKGA/3Doeyeq+5ITYZy36OM
g9dW8CUJuI5WQVtcQtnGmdnDvafbc39zOgm3GCVtBEqGOjfWPL1zM/KYVgx8i3FB
zicA75MVKnPOHi00sHMZHQ==
</Encrypted>
  </CancelInfo>
  <ManageInfo/>
  <ReservedInfo>
    <MReserved1 urlencode="1"></MReserved1>
    <MReserved2 urlencode="1"></MReserved2>
    <MReserved3 urlencode="1"></MReserved3>
    <PGReserved1 urlencode="1"></PGReserved1>
    <PGReserved2 urlencode="1"></PGReserved2>
    <PGReserved3 urlencode="1"></PGReserved3>
  </ReservedInfo>
</INIpay>
1pOBj3m/vX/FGb84EGR+GGJMdnpxpf6hfPAS3prhIVNzC2R9Oj0xLHm1XfZquBGL
yXVcgtPZpn/9kK4nKXGspjnRqeg0H95UrQwq91x+y65r8yIWFlQdsyX/Yetn75JB
NdOQvj+9OzhGU0kQtAMknBAo0W8/Wbm0dicy+vkFCng=
]
INFO	[2020-06-11 11:19:03:418] <11929> VERIFY OK
INFO	[2020-06-11 11:19:03:418] <11929> PARSE HEAD OK
INFO	[2020-06-11 11:19:03:418] <11929> PARSE BODY OK
INFO	[2020-06-11 11:19:03:419] <11929> DECRYPT OK
DEBUG	[2020-06-11 11:19:03:419] <11929> DECRYPT MSG:[<?xml version="1.0" encoding="UTF-8"?>
<CancelInfo>
  <CancelDate>20200611</CancelDate>
  <CancelTime>111904</CancelTime>
  <ResultCode>170000</ResultCode>
  <ResultMsg urlencode="1">%C1%A4%BB%F3%C3%B3%B8%AE%B5%C7%BE%FA%BD%C0%B4%CF%B4%D9.</ResultMsg>
  <CSHR_CancelNum></CSHR_CancelNum>
  <CSHR_CancelDate>20200611</CSHR_CancelDate>
  <CSHR_CancelTime>111904</CSHR_CancelTime>
  <CSHR_ResultCode>220000</CSHR_ResultCode>
  <CSHR_ResultMsg urlencode="1">%C1%A4%BB%F3%C3%B3%B8%AE%B5%C7%BE%FA%BD%C0%B4%CF%B4%D9.</CSHR_ResultMsg>
  <VACT_FlgRemit urlencode="1"></VACT_FlgRemit>
</CancelInfo>]
INFO	[2020-06-11 11:19:03:420] <11929> DECRYPT PARSE OK
INFO	[2020-06-11 11:19:03:420] <11929> END cancel 정상처리되었습니다. Laptime:[0.201sec]
INFO	[2020-06-11 11:19:03:420] <11929> ===============================================================
INFO	[2020-06-11 11:19:16:738] <12084> START INIPHP cancel (V5036-141209)(OS:Linux2.6.32-754.11.1.el6.x86_64,PHP:5.3.3)
DEBUG	[2020-06-11 11:19:16:738] <12084> inipayhome:/home/killdeal/public_html/shop/inicis
DEBUG	[2020-06-11 11:19:16:738] <12084> debug:false
DEBUG	[2020-06-11 11:19:16:738] <12084> type:cancel
DEBUG	[2020-06-11 11:19:16:738] <12084> mid:majorgol03
DEBUG	[2020-06-11 11:19:16:738] <12084> admin:1111
DEBUG	[2020-06-11 11:19:16:738] <12084> tid:INIMX_CARDmajorgol0320200611111605325315
DEBUG	[2020-06-11 11:19:16:738] <12084> cancelmsg:쇼핑몰 운영자 승인 취소
INFO	[2020-06-11 11:19:16:738] <12084> Check Field OK
INFO	[2020-06-11 11:19:16:738] <12084> PI PUB KEY LOAD OK []
INFO	[2020-06-11 11:19:16:738] <12084> PG PUB KEY LOAD OK [30]
INFO	[2020-06-11 11:19:16:738] <12084> MERCHANT PRIV KEY LOAD OK
INFO	[2020-06-11 11:19:16:739] <12084> MERCHANT PUB KEY LOAD OK [0]
DEBUG	[2020-06-11 11:19:16:739] <12084> MAKE ENCRYPT OK[<?xml version="1.0" encoding="UTF-8"?>
<CancelInfo>
	  <CancelTID>INIMX_CARDmajorgol0320200611111605325315</CancelTID>
	  <CancelMsg urlencode="1">%BC%EE%C7%CE%B8%F4+%BF%EE%BF%B5%C0%DA+%BD%C2%C0%CE+%C3%EB%BC%D2</CancelMsg>
	  <CancelReason/></CancelInfo>]
INFO	[2020-06-11 11:19:16:739] <12084> MAKE BODY OK
INFO	[2020-06-11 11:19:16:740] <12084> SIGN OK
INFO	[2020-06-11 11:19:16:740] <12084> MAKE HEAD OK
INFO	[2020-06-11 11:19:16:740] <12084> MSG_TO_PG:[0096200175D SHA1                   0                                      300420majorgol03                    INIMX_CARDmajorgol0320200611111605325315<?xml version="1.0" encoding="UTF-8"?>
<INIpay>
	  <CancelInfo>
	    <SessionKey>vB7RH09Ubv7s/MBXoTRpAqCX3rAs77mOhINdWjN9dRoQjWelEU7KsGYaeONOXHO0
dssTJyrAiwIbj4KxtZoLGtdnev+aePH7pWScifaB0fp0OrcBl7HoDVO6WH3jLDmN
Ju1LD2beJN0M8wdQulTFvZRgUmQQOHXqKZ14b6KQW6sSRBQX4Zb7pQ==
</SessionKey>
	    <Encrypted>q7VK70fhnO5jSICiycSwSJP+ELJ8cUtT0nCNBH9GJGdIa7d63bY2G8fKv2whOOxT
cnodLBb6EaiI33P+YwVCRWN4f/7resXG+G1ulxfIQkRHkqte+FkxQaG+QAUKjKYo
7Wl91PHYQ3Hq+CRauM5B4wuoi2DgB5N9QRV0fvR2RwHdmrc++WGxg2oIFRUuYWgW
muP5m+hzXCDBhhsGuz88nZWuk4/z2vz4+HjRBvcSvZHLvEooM82o7q32PrkY4nZ9
qcIiosnoafYUJ2KQPninAvOBvW57+1KJkecd9wEdrLhG6rLTSTKW5LqRyezDKTTq
BAJ+3USqTXxr2isYnduPYw==
</Encrypted></CancelInfo>
	  <ReservedInfo>
	    <MReserved1/>
	    <MReserved2/>
	    <MReserved3/></ReservedInfo>
	  <ManageInfo>
	    <Language/>
	    <URL/>
	    <TXVersion>5036B141209canceLinux     PHPchkfake   2.6.32-754.11.1.el6.x86_64PHP:</TXVersion>
	    <TXUserID/>
	    <TXRegNum/></ManageInfo></INIpay>AKJSbYL7yhV0BuTjxJ3d6g0OtA6xYDzyso7KvEyEWJ0uY14tybI39cOlvBIa+12p
xSAMGmsHnMCp8rVFr4AcR2nVPDum7O6oIfOJiAfVR5aPH0+ouVHzG0IN1Z3v1dn4
fP4TkKxYajiC6iu3rj08Axzxjerwdf6g7jybMXpVGQXl
]
INFO	[2020-06-11 11:19:16:740] <12084> DNS LOOKUP OK(203.238.37.3:203.238.37.3:34049) laptime:0
INFO	[2020-06-11 11:19:16:742] <12084> SOCKET CONNECT OK
INFO	[2020-06-11 11:19:16:742] <12084> SEND OK
INFO	[2020-06-11 11:19:17:42] <12084> RECV OK
INFO	[2020-06-11 11:19:17:42] <12084> MSG_FROM_PG:[0115800175D SHA1                   0                                      300430majorgol03                    INIMX_CARDmajorgol0320200611111605325315<?xml version="1.0" encoding="UTF-8"?>
<INIpay>
  <CancelInfo>
    <ResultCode>120000</ResultCode>
    <ResultMsg urlencode="1">%C1%A4%BB%F3%C3%B3%B8%AE%B5%C7%BE%FA%BD%C0%B4%CF%B4%D9.</ResultMsg>
    <SessionKey>AGPf9RlQQxLWrw0tbvEuVg1uCWFPT08V6MCiiUSjCiEz/jLnA38+fFsvLZ+X+sCx
268GYjh5w4SrwgCRaFjFg42lBk0qfuXL3esVkYOOTZbpz7/2xzgTOnF6WXSSp3DI
GToEEWyWhIsndP5yr1942JrI57z4z0JH3vJwUczD800Wn6XfAhsg2LU=
</SessionKey>
    <Encrypted>9uT6h80KTKePvxDBy8pMO+qWtRdmBUFyJ3ruVYFy1418AhMBxubz/lJeR1s4u80r
4FIkTWt1AiwyUtIyXCy/7dluUM2usPIfjAYvFICOrnOCwjqbqIfe9UZLenbxt9Xf
X+3C5sFiB1czeOsdbWOW+mA0kKSKh9mD/039JwbwL0RSnHDXgOWduPYSIFlrNqxu
X/1dBl4RDlxyf9igJ4EUi2C1cn98PNcjag77BIMimXM+AOquiGIJjwnfnQEoBW0z
QqL/EbEWj5prnOhDlohqEcEWfAsRnkdK+YqOiXGcKD3IMZ+Oa5AW/tkjxdzR4Kx9
LztzDEBb5cUS1JLakXlrwKSqlwffxufnNA79VexxmN4=
</Encrypted>
  </CancelInfo>
  <ManageInfo/>
  <ReservedInfo>
    <MReserved1 urlencode="1"></MReserved1>
    <MReserved2 urlencode="1"></MReserved2>
    <MReserved3 urlencode="1"></MReserved3>
    <PGReserved1 urlencode="1"></PGReserved1>
    <PGReserved2 urlencode="1"></PGReserved2>
    <PGReserved3 urlencode="1"></PGReserved3>
  </ReservedInfo>
</INIpay>
z3dBOFVKzplpVbDKGRWqJcjilIrty0gamjuHu3iq04aqN4HaNnTkfuyYy9nRuFM+
Ynmwe/oPCwurmJbTMqqDaxNuvjLYKf0dXdWKlG1jK0lv9HOo6CbIGw++gCicHuGe
GSp6nj3rmHMevQmRumPo3eW9KFPKMNECjdghq6g7Uj4=
]
INFO	[2020-06-11 11:19:17:42] <12084> VERIFY OK
INFO	[2020-06-11 11:19:17:42] <12084> PARSE HEAD OK
INFO	[2020-06-11 11:19:17:43] <12084> PARSE BODY OK
INFO	[2020-06-11 11:19:17:43] <12084> DECRYPT OK
DEBUG	[2020-06-11 11:19:17:44] <12084> DECRYPT MSG:[<?xml version="1.0" encoding="UTF-8"?>
<CancelInfo>
  <CancelDate>20200611</CancelDate>
  <CancelTime>111918</CancelTime>
  <ResultCode>120000</ResultCode>
  <ResultMsg urlencode="1">%C1%A4%BB%F3%C3%B3%B8%AE%B5%C7%BE%FA%BD%C0%B4%CF%B4%D9.</ResultMsg>
</CancelInfo>]
INFO	[2020-06-11 11:19:17:44] <12084> DECRYPT PARSE OK
INFO	[2020-06-11 11:19:17:44] <12084> END cancel 정상처리되었습니다. Laptime:[0.306sec]
INFO	[2020-06-11 11:19:17:44] <12084> ===============================================================
INFO	[2020-06-11 11:31:18:190] <12030> START INIPHP cancel (V5036-141209)(OS:Linux2.6.32-754.11.1.el6.x86_64,PHP:5.3.3)
DEBUG	[2020-06-11 11:31:18:190] <12030> inipayhome:/home/killdeal/public_html/shop/inicis
DEBUG	[2020-06-11 11:31:18:190] <12030> debug:false
DEBUG	[2020-06-11 11:31:18:190] <12030> type:cancel
DEBUG	[2020-06-11 11:31:18:190] <12030> mid:majorgol03
DEBUG	[2020-06-11 11:31:18:190] <12030> admin:1111
DEBUG	[2020-06-11 11:31:18:190] <12030> tid:INIMX_CARDmajorgol0320200611113037925796
DEBUG	[2020-06-11 11:31:18:190] <12030> cancelmsg:주문자 본인 취소-구매의사 없음
INFO	[2020-06-11 11:31:18:190] <12030> Check Field OK
INFO	[2020-06-11 11:31:18:190] <12030> PI PUB KEY LOAD OK []
INFO	[2020-06-11 11:31:18:190] <12030> PG PUB KEY LOAD OK [30]
INFO	[2020-06-11 11:31:18:190] <12030> MERCHANT PRIV KEY LOAD OK
INFO	[2020-06-11 11:31:18:191] <12030> MERCHANT PUB KEY LOAD OK [0]
DEBUG	[2020-06-11 11:31:18:191] <12030> MAKE ENCRYPT OK[<?xml version="1.0" encoding="UTF-8"?>
<CancelInfo>
	  <CancelTID>INIMX_CARDmajorgol0320200611113037925796</CancelTID>
	  <CancelMsg urlencode="1">%C1%D6%B9%AE%C0%DA+%BA%BB%C0%CE+%C3%EB%BC%D2-%B1%B8%B8%C5%C0%C7%BB%E7+%BE%F8%C0%BD</CancelMsg>
	  <CancelReason/></CancelInfo>]
INFO	[2020-06-11 11:31:18:191] <12030> MAKE BODY OK
INFO	[2020-06-11 11:31:18:192] <12030> SIGN OK
INFO	[2020-06-11 11:31:18:192] <12030> MAKE HEAD OK
INFO	[2020-06-11 11:31:18:192] <12030> MSG_TO_PG:[0099400175D SHA1                   0                                      300420majorgol03                    INIMX_CARDmajorgol0320200611113037925796<?xml version="1.0" encoding="UTF-8"?>
<INIpay>
	  <CancelInfo>
	    <SessionKey>A/P5xZMWG9n7aGbpYsaCCo4mumbYVsSeP/K7wQdzZWZv2Io/VdtDuzTvbOSXAN79
zsOe/fjYvACEbQlbvp35k3PpgHEeHTLTo888hC9eB84YivJOeZxRwNrWM5SbnaGt
6Y7eQsHbuWnckrwuHqL6omCZ8tSuhS6bzorQnk3Wg3fG7p4gOlFMig==
</SessionKey>
	    <Encrypted>sItkglQZMQ9kWg+91tGumxeylSCHASuSu9Z9XWLzqcDrr4YRuP/mxDsCRbhmpsok
oz/fZbeQvM7F21mpFfFu8Xx1qXynVdpL5MNFtZTc1xrQgAKtti7KqdzaLZM3YEaz
hlXI5Xp+n+m9S0KnP4JqqVV+58UUqGfh1kRkJJTCOSoRYBGgeuSeHQcJx/KrHsd2
Py0FtdsdAb3Oj8zXL722ohGktT8MX2AxxSmS795FYqV3eRRbUa4K/Caa74uyZx7e
m78faiaBnLefndmeZ39JYjw1MSOrHK9LiHTqqxhh4HZpa5k2krKnr+rK1sCC3u2t
ywEZxcyfoBLbaEO8ZI5gPKYVJLNWkRMzLZohJq+VZxS5oQVw2hm/8g==
</Encrypted></CancelInfo>
	  <ReservedInfo>
	    <MReserved1/>
	    <MReserved2/>
	    <MReserved3/></ReservedInfo>
	  <ManageInfo>
	    <Language/>
	    <URL/>
	    <TXVersion>5036B141209canceLinux     PHPchkfake   2.6.32-754.11.1.el6.x86_64PHP:</TXVersion>
	    <TXUserID/>
	    <TXRegNum/></ManageInfo></INIpay>AJERS5XsmKVobDQbjTrkR+gChf5BcVJi9MYNpJwFDcwB7wvi7fnbGhO7teW3eIyq
DfMog137qr1XfFedickRlfd/ui7aqvg73SBar1ia2NKYPy9qKOhkZCvGLvSsY6mS
UU+hr5sXQR6/Kcif9wLcO6QGRCs5o+JWB8HRELTIglVs
]
INFO	[2020-06-11 11:31:18:192] <12030> DNS LOOKUP OK(203.238.37.3:203.238.37.3:34049) laptime:0
INFO	[2020-06-11 11:31:18:194] <12030> SOCKET CONNECT OK
INFO	[2020-06-11 11:31:18:194] <12030> SEND OK
INFO	[2020-06-11 11:31:18:638] <12030> RECV OK
INFO	[2020-06-11 11:31:18:638] <12030> MSG_FROM_PG:[0115800175D SHA1                   0                                      300430majorgol03                    INIMX_CARDmajorgol0320200611113037925796<?xml version="1.0" encoding="UTF-8"?>
<INIpay>
  <CancelInfo>
    <ResultCode>120000</ResultCode>
    <ResultMsg urlencode="1">%C1%A4%BB%F3%C3%B3%B8%AE%B5%C7%BE%FA%BD%C0%B4%CF%B4%D9.</ResultMsg>
    <SessionKey>ALYmOOq2V4a/yU9VEVfUZQlwZ3FnUzNUdI5ckY53Ky0HeJ5IxJ8JKBG+oY7VDGbU
Nl7nLUHgfpJCb/yoQsYj76Ur3CowN83xYfmnujNSHXr1y27Xwgv3D3XQtDxO2mTJ
KGnp/MfBpAgax+UkW4QTl0rO+rnmQJ7CRBys4hJeiK4zFhnhreosfKg=
</SessionKey>
    <Encrypted>ya4fpVLPbr5CPdisKelrc6i4SwbRy5i1B3y0ybL4PjF/MrO6vgSaQC0jhLHzl1Gd
jy/Ke4M/Z+gywhZjBkFQ6oWRZkMsheXYNyf8So/3m3LZBxEySkDNvf5vPCGvRXcO
Dhxt2kK62blN1QgLnbEqitMQExBfka93AD/lkKu3ZLiSz4eZ/F2S7XqCiCN0e4mA
SHsOR0ffu1TIl2XNa4bD4weg8QuJ8PfIXs/6uLiMkQGioopBywa03lW334elQY0L
vof4bMd/I4E49U7iuR3jG1qlOf436BCTozWGojldCo9s1Cqnx8iA1xQVD6cn2YBu
9cRGPQ0xEpvcYDorfYw+K2LyP1q7yncgB7vX3QvHVik=
</Encrypted>
  </CancelInfo>
  <ManageInfo/>
  <ReservedInfo>
    <MReserved1 urlencode="1"></MReserved1>
    <MReserved2 urlencode="1"></MReserved2>
    <MReserved3 urlencode="1"></MReserved3>
    <PGReserved1 urlencode="1"></PGReserved1>
    <PGReserved2 urlencode="1"></PGReserved2>
    <PGReserved3 urlencode="1"></PGReserved3>
  </ReservedInfo>
</INIpay>
RYmSPzdpxNzlbxbDPgL9hEp6p7/19G66/QW4XC5ZNr+9MtNNI+LtTNSQGRBSX+cl
wBJ07Y8yUfxGOlIMCtuv6BSZiT1MmL8Uua80nIfVqr47RccmIpII6k9xuQOYxpVo
4c79fMg29nAB6trC+wGw9IUDYtEqfzk7equwfDZL7QE=
]
INFO	[2020-06-11 11:31:18:638] <12030> VERIFY OK
INFO	[2020-06-11 11:31:18:638] <12030> PARSE HEAD OK
INFO	[2020-06-11 11:31:18:638] <12030> PARSE BODY OK
INFO	[2020-06-11 11:31:18:639] <12030> DECRYPT OK
DEBUG	[2020-06-11 11:31:18:639] <12030> DECRYPT MSG:[<?xml version="1.0" encoding="UTF-8"?>
<CancelInfo>
  <CancelDate>20200611</CancelDate>
  <CancelTime>113119</CancelTime>
  <ResultCode>120000</ResultCode>
  <ResultMsg urlencode="1">%C1%A4%BB%F3%C3%B3%B8%AE%B5%C7%BE%FA%BD%C0%B4%CF%B4%D9.</ResultMsg>
</CancelInfo>]
INFO	[2020-06-11 11:31:18:639] <12030> DECRYPT PARSE OK
INFO	[2020-06-11 11:31:18:639] <12030> END cancel 정상처리되었습니다. Laptime:[0.45sec]
INFO	[2020-06-11 11:31:18:639] <12030> ===============================================================
INFO	[2020-06-11 12:32:31:936] <11986> START INIPHP cancel (V5036-141209)(OS:Linux2.6.32-754.11.1.el6.x86_64,PHP:5.3.3)
DEBUG	[2020-06-11 12:32:31:936] <11986> inipayhome:/home/killdeal/public_html/shop/inicis
DEBUG	[2020-06-11 12:32:31:936] <11986> debug:false
DEBUG	[2020-06-11 12:32:31:936] <11986> type:cancel
DEBUG	[2020-06-11 12:32:31:936] <11986> mid:majorgol03
DEBUG	[2020-06-11 12:32:31:936] <11986> admin:1111
DEBUG	[2020-06-11 12:32:31:936] <11986> tid:INIMX_VBNKmajorgol0320200611112921445557
DEBUG	[2020-06-11 12:32:31:936] <11986> cancelmsg:주문자 본인 취소-구매의사 없음
INFO	[2020-06-11 12:32:31:936] <11986> Check Field OK
INFO	[2020-06-11 12:32:31:936] <11986> PI PUB KEY LOAD OK []
INFO	[2020-06-11 12:32:31:936] <11986> PG PUB KEY LOAD OK [30]
INFO	[2020-06-11 12:32:31:936] <11986> MERCHANT PRIV KEY LOAD OK
INFO	[2020-06-11 12:32:31:937] <11986> MERCHANT PUB KEY LOAD OK [0]
DEBUG	[2020-06-11 12:32:31:937] <11986> MAKE ENCRYPT OK[<?xml version="1.0" encoding="UTF-8"?>
<CancelInfo>
	  <CancelTID>INIMX_VBNKmajorgol0320200611112921445557</CancelTID>
	  <CancelMsg urlencode="1">%C1%D6%B9%AE%C0%DA+%BA%BB%C0%CE+%C3%EB%BC%D2-%B1%B8%B8%C5%C0%C7%BB%E7+%BE%F8%C0%BD</CancelMsg>
	  <CancelReason/></CancelInfo>]
INFO	[2020-06-11 12:32:31:937] <11986> MAKE BODY OK
INFO	[2020-06-11 12:32:31:938] <11986> SIGN OK
INFO	[2020-06-11 12:32:31:938] <11986> MAKE HEAD OK
INFO	[2020-06-11 12:32:31:938] <11986> MSG_TO_PG:[0099400175D SHA1                   0                                      300420majorgol03                    INIMX_VBNKmajorgol0320200611112921445557<?xml version="1.0" encoding="UTF-8"?>
<INIpay>
	  <CancelInfo>
	    <SessionKey>zTcAL2ApuBwpwIBz7jt8t3VDojqGLq2aS24eUmQ70IOShw7pbC8F3huqfQBCXyrm
A1tmN8sStejw2J3h9u7M2P63kfuG/isUyZcZVbANd2Unm1l80ybof6zoE6nOtzeY
m2vHUwY+HpgYjybuKBglRvgYX+GpKo5dXptOYWIsmUn0PTtFZpiaHA==
</SessionKey>
	    <Encrypted>LvLr+cMe4jZtr9QdZbFHqbW1vAOw32ZLJObfgQtqC5ZffFq/tSbVvsjdK8XVe5ge
T74v6fvYY3uRfnI1egtSRpD6n/8RVLTdBNngWL9doZdFq3zG7ph7gYmXVNpqJWUk
5gmj8/aeJrvW/HGlCVwYLFyWPiGnaXpgbnr902IZlDJB/BtWunfX59lmTJ6+T5/J
87cpTOhRA3odDpYcv5vi65QR/d/MCGO39auiKuPjoKIXmfEum3Mw9Wz6friUHWLk
GRTBDdG9K9FBkP+OtTRrcyyH0GdBE1z7F96HFuCWGnHBLD6QmEm6fM36JQrCzUTE
KGZ69tO2qh6Bs0ILBJPjUOLGqIjNAkCmBNV9UUcjxkoC4Sza9OJ90g==
</Encrypted></CancelInfo>
	  <ReservedInfo>
	    <MReserved1/>
	    <MReserved2/>
	    <MReserved3/></ReservedInfo>
	  <ManageInfo>
	    <Language/>
	    <URL/>
	    <TXVersion>5036B141209canceLinux     PHPchkfake   2.6.32-754.11.1.el6.x86_64PHP:</TXVersion>
	    <TXUserID/>
	    <TXRegNum/></ManageInfo></INIpay>AC8FT1Jyon9SPEZmENLw8kRfTF8j6l0p2LyPx4VpZBzxzOEdtKC7EwFNjnO8kd/u
jpdhgRFOZFCDeDjg/yO0DlxFEZTaooK6p8kK7dZ0RUB+e2gWhu/q7lvMIgnSy14E
zXUOuBaLNGVLOBx4y0e/3xpJG8K5DQ6WE7laCpWG52Fg
]
INFO	[2020-06-11 12:32:31:938] <11986> DNS LOOKUP OK(203.238.37.3:203.238.37.3:34049) laptime:0
INFO	[2020-06-11 12:32:31:940] <11986> SOCKET CONNECT OK
INFO	[2020-06-11 12:32:31:940] <11986> SEND OK
INFO	[2020-06-11 12:32:32:78] <11986> RECV OK
INFO	[2020-06-11 12:32:32:78] <11986> MSG_FROM_PG:[0159300175D SHA1                   0                                      300430majorgol03                    INIMX_VBNKmajorgol0320200611112921445557<?xml version="1.0" encoding="UTF-8"?>
<INIpay>
  <CancelInfo>
    <ResultCode>170000</ResultCode>
    <ResultMsg urlencode="1">%C1%A4%BB%F3%C3%B3%B8%AE%B5%C7%BE%FA%BD%C0%B4%CF%B4%D9.</ResultMsg>
    <SessionKey>AHcXixmqTdVPLIcGRKJjUzx4I8K0VASJBp2/pM5Vi/i9WpHWe+W2VkhuL2NL/48Z
rt9+Nk4g765FtByO6IYTbqcMraCdc5VAy8Yup0+qXdygQZzi7o/DDttG+gObWAZW
iysnBfTg6z3C02JeMo2psCPN2cHdqSf+UbXciTsGYmdQ3ZJMA7JUv5o=
</SessionKey>
    <Encrypted>OP6QYoUHCFmp/BTW4fRYJ1QEkhrNMvxgoGT9d4YFHidZ+DaL8D1YJ2oO8eCTqRMA
wo56Q13zS7i3tcOrR5a4nc8KQQBYbit1BsgwvtNigN9TOl8UTOVbmhQvHwk0h5dY
oR7qhMtkXsXWUfhgsgP+qmDhjfs1Ix2wOZ0JB99AXUO4dI9fzG01U6zW0jNvXujB
TS17UzGDb802lxZuPp/5a51dBahZReeJNfOw+pbD6iaokOdA7pdvVAttmwO2O6/n
l/sd7RzmgJT78iK+LgZU/96gzdgPD79rSv3ztTeMyE0ggvAY3zG4x6m42scXsejR
FfIlkP9B4i7ICRl8twHvCfgxqZ5lNWclMVDA5fzt/hS7+d13HxjjsRyGhAJ64pxx
QSN++71VSyWrbspjMid0ZfGjS8i4YNxDDKN/FGeiBptJ3sqVonSiQB58HJatTP9Z
D5Gdn4ja1x+Boph6XiP5t6whLlflu3KtuA6QQaThnklDpyN8w0HB3GY2xTqyxmDe
BTObDMcI6Gw03agx+u9WHup8y3UkZAxcQC2zFXadGTwwGlz9V+oaN23rRxglY6ea
hz0hTUPYakYdSXHbPRJZmAxK3VTky1zReFu2K1Noq857KS5VFvd/0DdqWqxKVNP+
MSDnOgp7YQilHj5wv2jFiZI/O04BA/IYW+hFg43GlUp6jqhqZqWrC9I1+kvot9VV
QDerfWj8GFFsSCVUBOTOeXBQ4nMLMJ8FEUJjidzBU0YsAlirnHqE9RSar9gQjEID
tntEE9Uy8OUupfUYfuDvIw==
</Encrypted>
  </CancelInfo>
  <ManageInfo/>
  <ReservedInfo>
    <MReserved1 urlencode="1"></MReserved1>
    <MReserved2 urlencode="1"></MReserved2>
    <MReserved3 urlencode="1"></MReserved3>
    <PGReserved1 urlencode="1"></PGReserved1>
    <PGReserved2 urlencode="1"></PGReserved2>
    <PGReserved3 urlencode="1"></PGReserved3>
  </ReservedInfo>
</INIpay>
gtyrRZyEG0K7WKhob8SnucPlcqkyNKo6muMLaANx7+BsPXJWOpInBY6CijdBOKTW
o8hj4hnDZEetzggSp86fn3vpwYypht4TL4Dfk+69007UifhFNBQ9EQODT5nix+lE
vYCWoHhqfwnaqSj4+D6s5MdHd+ggmSArTiklIriUoU4=
]
INFO	[2020-06-11 12:32:32:78] <11986> VERIFY OK
INFO	[2020-06-11 12:32:32:78] <11986> PARSE HEAD OK
INFO	[2020-06-11 12:32:32:79] <11986> PARSE BODY OK
INFO	[2020-06-11 12:32:32:79] <11986> DECRYPT OK
DEBUG	[2020-06-11 12:32:32:79] <11986> DECRYPT MSG:[<?xml version="1.0" encoding="UTF-8"?>
<CancelInfo>
  <CancelDate>20200611</CancelDate>
  <CancelTime>123233</CancelTime>
  <ResultCode>170000</ResultCode>
  <ResultMsg urlencode="1">%C1%A4%BB%F3%C3%B3%B8%AE%B5%C7%BE%FA%BD%C0%B4%CF%B4%D9.</ResultMsg>
  <CSHR_CancelNum></CSHR_CancelNum>
  <CSHR_CancelDate>20200611</CSHR_CancelDate>
  <CSHR_CancelTime>123233</CSHR_CancelTime>
  <CSHR_ResultCode>220000</CSHR_ResultCode>
  <CSHR_ResultMsg urlencode="1">%C1%A4%BB%F3%C3%B3%B8%AE%B5%C7%BE%FA%BD%C0%B4%CF%B4%D9.</CSHR_ResultMsg>
  <VACT_FlgRemit urlencode="1"></VACT_FlgRemit>
</CancelInfo>]
INFO	[2020-06-11 12:32:32:80] <11986> DECRYPT PARSE OK
INFO	[2020-06-11 12:32:32:80] <11986> END cancel 정상처리되었습니다. Laptime:[0.144sec]
INFO	[2020-06-11 12:32:32:80] <11986> ===============================================================
INFO	[2020-06-11 12:33:55:563] <27418> START INIPHP cancel (V5036-141209)(OS:Linux2.6.32-754.11.1.el6.x86_64,PHP:5.3.3)
DEBUG	[2020-06-11 12:33:55:564] <27418> inipayhome:/home/killdeal/public_html/shop/inicis
DEBUG	[2020-06-11 12:33:55:564] <27418> debug:false
DEBUG	[2020-06-11 12:33:55:564] <27418> type:cancel
DEBUG	[2020-06-11 12:33:55:564] <27418> mid:majorgol03
DEBUG	[2020-06-11 12:33:55:564] <27418> admin:1111
DEBUG	[2020-06-11 12:33:55:564] <27418> tid:INIMX_VBNKmajorgol0320200611123348105271
DEBUG	[2020-06-11 12:33:55:564] <27418> cancelmsg:주문자 본인 취소-구매의사 없음
INFO	[2020-06-11 12:33:55:564] <27418> Check Field OK
INFO	[2020-06-11 12:33:55:564] <27418> PI PUB KEY LOAD OK []
INFO	[2020-06-11 12:33:55:564] <27418> PG PUB KEY LOAD OK [30]
INFO	[2020-06-11 12:33:55:564] <27418> MERCHANT PRIV KEY LOAD OK
INFO	[2020-06-11 12:33:55:564] <27418> MERCHANT PUB KEY LOAD OK [0]
DEBUG	[2020-06-11 12:33:55:565] <27418> MAKE ENCRYPT OK[<?xml version="1.0" encoding="UTF-8"?>
<CancelInfo>
	  <CancelTID>INIMX_VBNKmajorgol0320200611123348105271</CancelTID>
	  <CancelMsg urlencode="1">%C1%D6%B9%AE%C0%DA+%BA%BB%C0%CE+%C3%EB%BC%D2-%B1%B8%B8%C5%C0%C7%BB%E7+%BE%F8%C0%BD</CancelMsg>
	  <CancelReason/></CancelInfo>]
INFO	[2020-06-11 12:33:55:565] <27418> MAKE BODY OK
INFO	[2020-06-11 12:33:55:565] <27418> SIGN OK
INFO	[2020-06-11 12:33:55:565] <27418> MAKE HEAD OK
INFO	[2020-06-11 12:33:55:565] <27418> MSG_TO_PG:[0099400175D SHA1                   0                                      300420majorgol03                    INIMX_VBNKmajorgol0320200611123348105271<?xml version="1.0" encoding="UTF-8"?>
<INIpay>
	  <CancelInfo>
	    <SessionKey>vJtgy6sBJwjMHyU/Q545Mx/Jz3P+VwxmuP9Z6OnRl0e5v83vo3Drt7YYs3OYfdNa
RjP3K5t3Fyi+DWq6kL+4cBnu5any69ThqC1NLH9dokSfqvEJAy9RJkqRdWu3wtoW
dUUMIDjLshL8C6uOEdb+vSSixxetfYzWEf/alIsZd/e8iOJXEmNwUw==
</SessionKey>
	    <Encrypted>TiISmYXBjEnFlS4LZIsnx3ZcjiLi04rHb2VMn9EE9PT0a9wXATSbaQqjf2BWM8Bd
r/IFi21RsXIomP+l8k6jsIJ6RWnDpaQvo5huGhXjWyGdg8K47GCqwn5jrrYaCEO4
TTZQW0/f/7b3YiqfcYPn/tluEF8N5hvp0uKcMXa2/DzigPVkED1pHd8MCt+h/9dA
jH/kyRLmcOLsovRX+faj7Splo5ERYpeDSqzTGzDhnHMF/0Ph8wtxZc7k3x5Z/BZb
6+MXK7Ef3tybstTUCEM91zFcDlUpuegt9HCZ6/2NABy/+VZlH8fAQ9ew2R/xuei4
9BXZh1YJ42pb6EaaQ8I3BPQCsvfZW5tsx5i2Asd+cYd7Vb1LHEvgrQ==
</Encrypted></CancelInfo>
	  <ReservedInfo>
	    <MReserved1/>
	    <MReserved2/>
	    <MReserved3/></ReservedInfo>
	  <ManageInfo>
	    <Language/>
	    <URL/>
	    <TXVersion>5036B141209canceLinux     PHPchkfake   2.6.32-754.11.1.el6.x86_64PHP:</TXVersion>
	    <TXUserID/>
	    <TXRegNum/></ManageInfo></INIpay>AMgT6XjyiUcqbesoaIlPqRbQUDQkANUZpRLrCbZZuxXuQWH0sPqNz5oI4+X3JDUc
2IVbL8TOR3l9trdX5eRJG3vaisr25rKF4S4MjTxeaYGbTdJT5CuCV5kgJV0F3F/i
PtpQJhRdh8R70hNZiEcrbhO3v/rieRrBA7NABpC1xYLB
]
INFO	[2020-06-11 12:33:55:565] <27418> DNS LOOKUP OK(203.238.37.3:203.238.37.3:34049) laptime:0
INFO	[2020-06-11 12:33:55:568] <27418> SOCKET CONNECT OK
INFO	[2020-06-11 12:33:55:568] <27418> SEND OK
INFO	[2020-06-11 12:33:55:821] <27418> RECV OK
INFO	[2020-06-11 12:33:55:821] <27418> MSG_FROM_PG:[0159300175D SHA1                   0                                      300430majorgol03                    INIMX_VBNKmajorgol0320200611123348105271<?xml version="1.0" encoding="UTF-8"?>
<INIpay>
  <CancelInfo>
    <ResultCode>170000</ResultCode>
    <ResultMsg urlencode="1">%C1%A4%BB%F3%C3%B3%B8%AE%B5%C7%BE%FA%BD%C0%B4%CF%B4%D9.</ResultMsg>
    <SessionKey>AEth7BpJu16nfgJGUNfOY+vhzJx/ZPw7+lm3PoB6F3+oXiKoinYPEkuDOVWa5dA0
Fo+75aAyDrkzbsY4JfkQaNjx+6U1Ar1sU5XeT+oyM9hg1KIN08o4WRIqD7VwCLZG
rBomhmfQjqb0AlqDOqtOOW/umXJwrTdVkj5gjfrUAMqcWQT6FXAl1ek=
</SessionKey>
    <Encrypted>EymOZ+T5z70xrNsSzzPgXG/LaBsBeFUDrnhiYRGNRHvUgwv7yZxRzMp0ltNvuNjH
Pkt/WcKVHWAx9nhgnIbS3JZQYb4u0XHnhqEw/vG4p1NvyAx0UGfF2l64XlUSaITu
HINYN7gVNPWjkI+6jN0pWqLSVqBhLfnWaD+QqR1lCYRnYEZckOtlUKzyNnIam1EA
OKYMm4RVHrwTOue+7bXJ8CeNCCt71ZfV81yaY3gOVsqLGYIVeBB1a8sRPJDFaiXR
KaRfOP8qm2VHL1wgh11yZc3yZJzD88+4Ke+oGyYStbCamrgEU956OS302DrasHac
f+Pev83ADlkf2INR3K6bG/5WWZD3RTCKR0vih/2qz4Jyu1YozDXE0g6tHJGT4YQX
KJZuEcfq4N1X4FSsKGtKOCLmvP34CLU8gmpnOM3NZoRv3sEjA9uRFpnKdIC772RZ
8MBck7AFplEdg7Hd5iFscm3qhPj/MSkzBMmC9jmxGAk2HERzRY7hcL0c2g1859cA
DYh4WqhgWhltoL+GOHs+P8s3WggVPNNPikFm7GIy1zSjIlmwf1Vi7qbh1Cbem/Mv
GlbZmzf0vGG0qz1Dbw3OE/GD688vdcSrgn+acY2MbKplk38Clza4auVRIcqJlsUh
EGScD5VdCxGsiQgIG9IpDCQ5V/g4pNRvyr8YeCEQ27mBG/UxtW7k7LqAsr3fsSYA
K11pJP+QJBvvSC61Qs92iCwEyrrHF2mH/taHF3LzF5HdkecVBs1Iv490PfS8VcCh
doNN6qjLykiwvaR1dpF0jA==
</Encrypted>
  </CancelInfo>
  <ManageInfo/>
  <ReservedInfo>
    <MReserved1 urlencode="1"></MReserved1>
    <MReserved2 urlencode="1"></MReserved2>
    <MReserved3 urlencode="1"></MReserved3>
    <PGReserved1 urlencode="1"></PGReserved1>
    <PGReserved2 urlencode="1"></PGReserved2>
    <PGReserved3 urlencode="1"></PGReserved3>
  </ReservedInfo>
</INIpay>
gn8nNx1jwZZH0Jg3WtkUHHuyvoU70ATyJ4VBN8vj9KPnH6zBXcJbDO4jXT3xXmRZ
2S9Hi00I7sY7dE2JsyrkVsI31YuOBBCzT1aiuazGbIRo3rbhYeH6nrbpI6tkI4+J
tyiXEmKJdPog05sGK75kY4ZmZxD2UQvTHF1NVtB1QTc=
]
INFO	[2020-06-11 12:33:55:821] <27418> VERIFY OK
INFO	[2020-06-11 12:33:55:821] <27418> PARSE HEAD OK
INFO	[2020-06-11 12:33:55:821] <27418> PARSE BODY OK
INFO	[2020-06-11 12:33:55:822] <27418> DECRYPT OK
DEBUG	[2020-06-11 12:33:55:822] <27418> DECRYPT MSG:[<?xml version="1.0" encoding="UTF-8"?>
<CancelInfo>
  <CancelDate>20200611</CancelDate>
  <CancelTime>123357</CancelTime>
  <ResultCode>170000</ResultCode>
  <ResultMsg urlencode="1">%C1%A4%BB%F3%C3%B3%B8%AE%B5%C7%BE%FA%BD%C0%B4%CF%B4%D9.</ResultMsg>
  <CSHR_CancelNum></CSHR_CancelNum>
  <CSHR_CancelDate>20200611</CSHR_CancelDate>
  <CSHR_CancelTime>123357</CSHR_CancelTime>
  <CSHR_ResultCode>220000</CSHR_ResultCode>
  <CSHR_ResultMsg urlencode="1">%C1%A4%BB%F3%C3%B3%B8%AE%B5%C7%BE%FA%BD%C0%B4%CF%B4%D9.</CSHR_ResultMsg>
  <VACT_FlgRemit urlencode="1"></VACT_FlgRemit>
</CancelInfo>]
INFO	[2020-06-11 12:33:55:822] <27418> DECRYPT PARSE OK
INFO	[2020-06-11 12:33:55:822] <27418> END cancel 정상처리되었습니다. Laptime:[0.259sec]
INFO	[2020-06-11 12:33:55:822] <27418> ===============================================================
INFO	[2020-06-11 12:36:50:76] <32752> START INIPHP cancel (V5036-141209)(OS:Linux2.6.32-754.11.1.el6.x86_64,PHP:5.3.3)
DEBUG	[2020-06-11 12:36:50:76] <32752> inipayhome:/home/killdeal/public_html/shop/inicis
DEBUG	[2020-06-11 12:36:50:76] <32752> debug:false
DEBUG	[2020-06-11 12:36:50:76] <32752> type:cancel
DEBUG	[2020-06-11 12:36:50:76] <32752> mid:majorgol03
DEBUG	[2020-06-11 12:36:50:76] <32752> admin:1111
DEBUG	[2020-06-11 12:36:50:76] <32752> tid:INIMX_VBNKmajorgol0320200611123636135313
DEBUG	[2020-06-11 12:36:50:76] <32752> cancelmsg:주문자 본인 취소-구매의사 없음
INFO	[2020-06-11 12:36:50:76] <32752> Check Field OK
INFO	[2020-06-11 12:36:50:76] <32752> PI PUB KEY LOAD OK []
INFO	[2020-06-11 12:36:50:76] <32752> PG PUB KEY LOAD OK [30]
INFO	[2020-06-11 12:36:50:76] <32752> MERCHANT PRIV KEY LOAD OK
INFO	[2020-06-11 12:36:50:76] <32752> MERCHANT PUB KEY LOAD OK [0]
DEBUG	[2020-06-11 12:36:50:77] <32752> MAKE ENCRYPT OK[<?xml version="1.0" encoding="UTF-8"?>
<CancelInfo>
	  <CancelTID>INIMX_VBNKmajorgol0320200611123636135313</CancelTID>
	  <CancelMsg urlencode="1">%C1%D6%B9%AE%C0%DA+%BA%BB%C0%CE+%C3%EB%BC%D2-%B1%B8%B8%C5%C0%C7%BB%E7+%BE%F8%C0%BD</CancelMsg>
	  <CancelReason/></CancelInfo>]
INFO	[2020-06-11 12:36:50:77] <32752> MAKE BODY OK
INFO	[2020-06-11 12:36:50:77] <32752> SIGN OK
INFO	[2020-06-11 12:36:50:77] <32752> MAKE HEAD OK
INFO	[2020-06-11 12:36:50:77] <32752> MSG_TO_PG:[0099400175D SHA1                   0                                      300420majorgol03                    INIMX_VBNKmajorgol0320200611123636135313<?xml version="1.0" encoding="UTF-8"?>
<INIpay>
	  <CancelInfo>
	    <SessionKey>wswuM/K6SiwG7+YPGDzWEd1Xo/SY39qMiheTsDtfM++UNadZgtZjjjOI56xFgMO2
fqRZNH/knw8Fgl0a6EdAVWxA3WHtvsynOURa7VUd73SRW1yNud+Z/nUBD0MNM3ed
HaUDyaUrQmhzj4wXg3fiWL6koxhagD+SK+00Kxr5OhgeUU9m2WXvBg==
</SessionKey>
	    <Encrypted>Qd2zIF244wEIPHB47a1OcDCwD32cr2QxE3DhZ83o3z4NrMLVyh5kHK8RhM1HIzTf
pNpVlks95s84s6NChxpouGxqYLXL5afaELErcRG57vwC01NZ72WuYGxLXqiZ+xKB
98zqtsPRQqPyxVqNRrrlwPAn0mxFgqcBow6mIZv8IhxL44rIkUbuuzWkCXzR/eBN
Lywh1P40TkTPFEKhcwRd/BMMY6jjSOhPSixoxFn2W59tAaSKDZQVQfPF2qblg29O
T0mAxf55gf5Te9KTNMbairRM2fhfOtS9JocIUb5s3wOZep1yn2NpuESOmUuQgMTu
N3MT1QGq/0KmZScfmRfXSBwwfyBMcxhDkkGucRSo0iXGyPAeot5Cdg==
</Encrypted></CancelInfo>
	  <ReservedInfo>
	    <MReserved1/>
	    <MReserved2/>
	    <MReserved3/></ReservedInfo>
	  <ManageInfo>
	    <Language/>
	    <URL/>
	    <TXVersion>5036B141209canceLinux     PHPchkfake   2.6.32-754.11.1.el6.x86_64PHP:</TXVersion>
	    <TXUserID/>
	    <TXRegNum/></ManageInfo></INIpay>AQvyfMy0hKmFe2bqReJsaI6L/uSxjGrvocwqyiVRW+atvG3NyOZ35XFYTMmBBau/
mykVoYWNkCWayj320nkkXS/SEdzSIfLbUzhbmDLcwqx9qV9Nvll1BRJc/aOvjpOA
wIyqcAb/4L7Zkz1TEGBJa5nuDBwtLMgRZjT/NFY6ZCyf
]
INFO	[2020-06-11 12:36:50:78] <32752> DNS LOOKUP OK(203.238.37.3:203.238.37.3:34049) laptime:0
INFO	[2020-06-11 12:36:50:80] <32752> SOCKET CONNECT OK
INFO	[2020-06-11 12:36:50:80] <32752> SEND OK
INFO	[2020-06-11 12:36:50:324] <32752> RECV OK
INFO	[2020-06-11 12:36:50:324] <32752> MSG_FROM_PG:[0159300175D SHA1                   0                                      300430majorgol03                    INIMX_VBNKmajorgol0320200611123636135313<?xml version="1.0" encoding="UTF-8"?>
<INIpay>
  <CancelInfo>
    <ResultCode>170000</ResultCode>
    <ResultMsg urlencode="1">%C1%A4%BB%F3%C3%B3%B8%AE%B5%C7%BE%FA%BD%C0%B4%CF%B4%D9.</ResultMsg>
    <SessionKey>ACh2anxhtEwToIjz/uhJiaJmv6H6AGQ+Ew6NRrHKIqsSRFpQEwAb8UoCZfX0wXbN
D5SnU1p5baRihcjIb3vIeqHdPyryJknW9Koprv4s7wB06uCa/5hCx6umj9S9365j
QHIhOM4nVTJluHENOYxzXmZRXgAJUHZJmOYdVX0G/hivJ/cRVcsvrVk=
</SessionKey>
    <Encrypted>97lIcznMRQ0zeMQiVl0cWZG2V0bIn+rr8s9A7R+VkfvXjUsA/2lRsQbOq4cUlwgQ
5DmT+Eh1gLNdSXoAr6+wfDSSsdT37c9WOB2ML1sVPGiQQhBR7XgCQ3X+ZGP3UwM0
0p023+pRzVgSIOEFO0DBEhzEMkXdTM0MhpaT/+oQwf1wfR20ASYCXnmtPh8q2LIh
qc52wpfFogBgTXfLaTMevaQLE4uikeoTCJkteX5Uopjf4yD91Zs3sVxLLejfo9Vq
xGNXzeQ5TdegnSKLdcAAiY8xuaLO24umES2a6+V5IttWmM0ov0c44juh9MqdyRB0
BKFpswng5ZRcWKbf4vv6Dp7dOmGrQshnCZgNltSbbjc45XpsrotX3XUuw2SfPe7L
ojXob6O5bJsc7DMlKrPzHNgkc82xIqIPBrDQIiWYvSK5uL78EQmIidV2PIxbgJkY
YpO9dRj9a0tMAQ05XR4PQYhekX0dHDzzifmRNegG0wz25m60zeO9thI8pW7w+EVm
IbWj8F3U76SOCidvZ1RNM3OGDnlbUbNmv/g0pdJpcE8+DcUWiZkk0z6Rkmoi8eRp
nov1NM6iRomYfB3R3ei8kP5B0L0tfJ4+am4Z054ap6vgppltyempGN+8IOXRIbED
9uFhHLGAqe9nHDetx65IISp7aPNOz0uS8hMQAJOECN3mQL2jcENrvVOlQgX4zULQ
3oIs/na74SPvMfVL9t0rw6dK03QSaIhzhexXAyti1eXiQFcyi2rfYlNd9/IsztfP
PsAJyS7KnKt8uwW2ahOKfQ==
</Encrypted>
  </CancelInfo>
  <ManageInfo/>
  <ReservedInfo>
    <MReserved1 urlencode="1"></MReserved1>
    <MReserved2 urlencode="1"></MReserved2>
    <MReserved3 urlencode="1"></MReserved3>
    <PGReserved1 urlencode="1"></PGReserved1>
    <PGReserved2 urlencode="1"></PGReserved2>
    <PGReserved3 urlencode="1"></PGReserved3>
  </ReservedInfo>
</INIpay>
xvRmRmd2afsfiCmYrQV+K3lhz28cOynKtzISZx67tOoMOLOHUHS+k7N+1nSNBINN
aZ2InUjOjeWpDpYlkfVUWMEAvnPiucbDRgWGp2fOh7aTlNJhB/MGq/Tpfnki/uLg
IyIdpC51R2EiNxiNwulR6G68rcoHcxk3vgoR43wRMt4=
]
INFO	[2020-06-11 12:36:50:324] <32752> VERIFY OK
INFO	[2020-06-11 12:36:50:324] <32752> PARSE HEAD OK
INFO	[2020-06-11 12:36:50:325] <32752> PARSE BODY OK
INFO	[2020-06-11 12:36:50:326] <32752> DECRYPT OK
DEBUG	[2020-06-11 12:36:50:326] <32752> DECRYPT MSG:[<?xml version="1.0" encoding="UTF-8"?>
<CancelInfo>
  <CancelDate>20200611</CancelDate>
  <CancelTime>123651</CancelTime>
  <ResultCode>170000</ResultCode>
  <ResultMsg urlencode="1">%C1%A4%BB%F3%C3%B3%B8%AE%B5%C7%BE%FA%BD%C0%B4%CF%B4%D9.</ResultMsg>
  <CSHR_CancelNum></CSHR_CancelNum>
  <CSHR_CancelDate>20200611</CSHR_CancelDate>
  <CSHR_CancelTime>123651</CSHR_CancelTime>
  <CSHR_ResultCode>220000</CSHR_ResultCode>
  <CSHR_ResultMsg urlencode="1">%C1%A4%BB%F3%C3%B3%B8%AE%B5%C7%BE%FA%BD%C0%B4%CF%B4%D9.</CSHR_ResultMsg>
  <VACT_FlgRemit urlencode="1"></VACT_FlgRemit>
</CancelInfo>]
INFO	[2020-06-11 12:36:50:327] <32752> DECRYPT PARSE OK
INFO	[2020-06-11 12:36:50:327] <32752> END cancel 정상처리되었습니다. Laptime:[0.251sec]
INFO	[2020-06-11 12:36:50:327] <32752> ===============================================================
INFO	[2020-06-11 12:42:08:46] <22690> START INIPHP cancel (V5036-141209)(OS:Linux2.6.32-754.11.1.el6.x86_64,PHP:5.3.3)
DEBUG	[2020-06-11 12:42:08:46] <22690> inipayhome:/home/killdeal/public_html/shop/inicis
DEBUG	[2020-06-11 12:42:08:46] <22690> debug:false
DEBUG	[2020-06-11 12:42:08:46] <22690> type:cancel
DEBUG	[2020-06-11 12:42:08:46] <22690> mid:majorgol03
DEBUG	[2020-06-11 12:42:08:46] <22690> admin:1111
DEBUG	[2020-06-11 12:42:08:46] <22690> tid:INIMX_VBNKmajorgol0320200611124110515541
DEBUG	[2020-06-11 12:42:08:46] <22690> cancelmsg:주문자 본인 취소-구매의사 없음
INFO	[2020-06-11 12:42:08:46] <22690> Check Field OK
INFO	[2020-06-11 12:42:08:46] <22690> PI PUB KEY LOAD OK []
INFO	[2020-06-11 12:42:08:46] <22690> PG PUB KEY LOAD OK [30]
INFO	[2020-06-11 12:42:08:46] <22690> MERCHANT PRIV KEY LOAD OK
INFO	[2020-06-11 12:42:08:46] <22690> MERCHANT PUB KEY LOAD OK [0]
DEBUG	[2020-06-11 12:42:08:47] <22690> MAKE ENCRYPT OK[<?xml version="1.0" encoding="UTF-8"?>
<CancelInfo>
	  <CancelTID>INIMX_VBNKmajorgol0320200611124110515541</CancelTID>
	  <CancelMsg urlencode="1">%C1%D6%B9%AE%C0%DA+%BA%BB%C0%CE+%C3%EB%BC%D2-%B1%B8%B8%C5%C0%C7%BB%E7+%BE%F8%C0%BD</CancelMsg>
	  <CancelReason/></CancelInfo>]
INFO	[2020-06-11 12:42:08:47] <22690> MAKE BODY OK
INFO	[2020-06-11 12:42:08:48] <22690> SIGN OK
INFO	[2020-06-11 12:42:08:48] <22690> MAKE HEAD OK
INFO	[2020-06-11 12:42:08:48] <22690> MSG_TO_PG:[0099400175D SHA1                   0                                      300420majorgol03                    INIMX_VBNKmajorgol0320200611124110515541<?xml version="1.0" encoding="UTF-8"?>
<INIpay>
	  <CancelInfo>
	    <SessionKey>Lw9kHfO4w3XOY+2grNZGVCh1N72JUcigiuxdXHbBltbkVgswamQWzb8geekx6UUH
2GUMbobXnJoQEGgCXV2PUM8YVKhYgirZbuZUthz8YVA0k6RVoHfLNe3SEccAYlfV
VnnzX4Q75j0dcVyG1CBp95J9UWBalTCfFPdpvay/giHjL+VNRJnclA==
</SessionKey>
	    <Encrypted>K0xtvXFDCNj2RRYPg0UXfrTeOtO1i2FhCo2RUQ+DWU9scrQ3a1+GslxM6TFbixms
llgJNuS6LfiEY5duC8L8SYk/tCwsIMMb9nY6bvD5nkafXqMpTrfAc6fhsRAk8SsT
xMpl0a+qEposXUwv5rdoR8GiDBUwIcKTLpIshXAwiwhpGc2Bnh0WjZgw1Es9Gcq8
bCj8RBfCSb5k5sUhEopVwYOtyuYW+gXJvDjlZOiG08qSAaOhQjN5YJUEFGf5HB6B
b47VhfGxhCOJ4ixizLZzsJf4L7NgsOH/W6FYfl/2+MYoo9o46hc/HXgIFlkY33sZ
C5T8MQs79ejOtgcXwMiQKi+UBT0TxlYjMDcf0e0+QIT/jMNSQJhatw==
</Encrypted></CancelInfo>
	  <ReservedInfo>
	    <MReserved1/>
	    <MReserved2/>
	    <MReserved3/></ReservedInfo>
	  <ManageInfo>
	    <Language/>
	    <URL/>
	    <TXVersion>5036B141209canceLinux     PHPchkfake   2.6.32-754.11.1.el6.x86_64PHP:</TXVersion>
	    <TXUserID/>
	    <TXRegNum/></ManageInfo></INIpay>AFVDWINUxntvwhZvGVlXfDw/4rkepXttxeIC7zmhTJUt764vvdKYnfDwL5/yX4XC
lXQX5TifLZpJOf7dDUVkBy9o7xSX/Gy7xm1qj81IW3m9Zy5H5A34asTsDJ6AOWQV
GCCZdRsjwONp1v4n+bvfK4bMEAzUyPI0gWjCvO+YD8yM
]
INFO	[2020-06-11 12:42:08:48] <22690> DNS LOOKUP OK(203.238.37.3:203.238.37.3:34049) laptime:0
INFO	[2020-06-11 12:42:08:50] <22690> SOCKET CONNECT OK
INFO	[2020-06-11 12:42:08:50] <22690> SEND OK
INFO	[2020-06-11 12:42:08:288] <22690> RECV OK
INFO	[2020-06-11 12:42:08:288] <22690> MSG_FROM_PG:[0159300175D SHA1                   0                                      300430majorgol03                    INIMX_VBNKmajorgol0320200611124110515541<?xml version="1.0" encoding="UTF-8"?>
<INIpay>
  <CancelInfo>
    <ResultCode>170000</ResultCode>
    <ResultMsg urlencode="1">%C1%A4%BB%F3%C3%B3%B8%AE%B5%C7%BE%FA%BD%C0%B4%CF%B4%D9.</ResultMsg>
    <SessionKey>AFlIW3+cok5+ZC5IIykW2ZbGXjznM3gfmNUeRHS/jCZkdvzGyu9AMZUkBCywvdDZ
HOGx1jhQhEpvMb8j3WXumwxvSwuTDhW+mJD4Ci2DTVgMOUZ1a2Gcb295dExup6b4
fQzFotecPQ1RVIBCDvR8Sa/KOhtlWOEb84F+jVKoKSi+KCA45tDrJ+M=
</SessionKey>
    <Encrypted>i+wmx2HVmLlguoSQsWoe6NnVvCbXuHLyWvB5TRpdnwyYn+7oKGWyy38HZr2AFSqn
r+9ZhOJr2mJhQOzqnG3BHpZjXGrW0pJt86XZPlDC8RFl3jk4fRfCj2rDJEp2/OpA
+bG5eTpTFMyvd6ew6XLAh930xEdyV5OgQo6ejqOBSAYSB/P95/YVSH9IJZ3sHHFp
U3S1ZnMXGS3dz5awTph+8PtNun5Y6cxWd5eet7okfWZNIvJYZOKko9BBL8c4mFBN
WgmctYb5mm4vdKaRpnqynfg6Ce3Y7kQplohI/WwlREKSj+N00E2lx35X/PWKV3uI
T/dfRwD4nuG1Tf4y/2xG2bOMEzmF/vlyQCHaRHQTXr2/Rk3TBZHsm5t3i95aP16V
mGwV/VhviGpUYH6yvbDDtYksZHxf9KdcRq4y2g1g2cyBQ79fDMn+ZXSbob5RTwNo
l0EjHFJq18ijM7QRLDjVHWJUvIqjCNvqi/s1RuM2O2KvKKlL3wfdwEdSA+1NlUbz
Dooy+1HPevYbBXemtWwcxYIw7H+mNxejZ1ninnJlwuCt8dqH4dXHolhd+B6VW/TD
OQFq6o6uym+rTqmfpV8udPLyzonlcepawpuRo9xE/uJ6XLAO7yvocrYDh3ZeoAND
UJhnxrnHqG2MWGLem4xsQ4WOS4GHFUDyC0u9ReigohAO+kRAb89S+vz0VvXcCpG7
qnfzrZNuTqTbogIS5yQMUINc8xwHXa1DPszugrfqsqLKxasY5e1BvNUQf/DVP/Eq
yl+t0E3+AnbWPNd/HMSGQQ==
</Encrypted>
  </CancelInfo>
  <ManageInfo/>
  <ReservedInfo>
    <MReserved1 urlencode="1"></MReserved1>
    <MReserved2 urlencode="1"></MReserved2>
    <MReserved3 urlencode="1"></MReserved3>
    <PGReserved1 urlencode="1"></PGReserved1>
    <PGReserved2 urlencode="1"></PGReserved2>
    <PGReserved3 urlencode="1"></PGReserved3>
  </ReservedInfo>
</INIpay>
MNDNA/i8SA9t44RaXBvqIILMFHoMQ4h2KOaugeU4AgJMGmRINXacmkZ7sUCsXJQ+
byd8IizKymSuOxsj+vshIofL/Kei1l7q3LuJAuT3IbygciTJpuTeo1bIZynptrpH
5eIprLXSFzqfRiQRBr3tW+/SCfygXzgZHfyUslAzwIg=
]
INFO	[2020-06-11 12:42:08:288] <22690> VERIFY OK
INFO	[2020-06-11 12:42:08:288] <22690> PARSE HEAD OK
INFO	[2020-06-11 12:42:08:288] <22690> PARSE BODY OK
INFO	[2020-06-11 12:42:08:289] <22690> DECRYPT OK
DEBUG	[2020-06-11 12:42:08:289] <22690> DECRYPT MSG:[<?xml version="1.0" encoding="UTF-8"?>
<CancelInfo>
  <CancelDate>20200611</CancelDate>
  <CancelTime>124209</CancelTime>
  <ResultCode>170000</ResultCode>
  <ResultMsg urlencode="1">%C1%A4%BB%F3%C3%B3%B8%AE%B5%C7%BE%FA%BD%C0%B4%CF%B4%D9.</ResultMsg>
  <CSHR_CancelNum></CSHR_CancelNum>
  <CSHR_CancelDate>20200611</CSHR_CancelDate>
  <CSHR_CancelTime>124209</CSHR_CancelTime>
  <CSHR_ResultCode>220000</CSHR_ResultCode>
  <CSHR_ResultMsg urlencode="1">%C1%A4%BB%F3%C3%B3%B8%AE%B5%C7%BE%FA%BD%C0%B4%CF%B4%D9.</CSHR_ResultMsg>
  <VACT_FlgRemit urlencode="1"></VACT_FlgRemit>
</CancelInfo>]
INFO	[2020-06-11 12:42:08:289] <22690> DECRYPT PARSE OK
INFO	[2020-06-11 12:42:08:289] <22690> END cancel 정상처리되었습니다. Laptime:[0.243sec]
INFO	[2020-06-11 12:42:08:289] <22690> ===============================================================
