INFO	[2022-11-24 13:29:57:463] <17860> START INIPHP receipt (V5036-141209)(OS:Linux2.6.32-754.11.1.el6.x86_64,PHP:5.3.3)
DEBUG	[2022-11-24 13:29:57:463] <17860> inipayhome:/home1/killdeal/public_html/shop/inicis
DEBUG	[2022-11-24 13:29:57:463] <17860> debug:false
DEBUG	[2022-11-24 13:29:57:463] <17860> type:receipt
DEBUG	[2022-11-24 13:29:57:463] <17860> pgid:INIphpRECP
DEBUG	[2022-11-24 13:29:57:463] <17860> paymethod:CASH
DEBUG	[2022-11-24 13:29:57:463] <17860> currency:WON
DEBUG	[2022-11-24 13:29:57:463] <17860> admin:1111
DEBUG	[2022-11-24 13:29:57:463] <17860> mid:fourseason
DEBUG	[2022-11-24 13:29:57:463] <17860> goodname:BSJ콕뱅크웰컴이벤트3M리플렉티브스텐드캐디백보스턴백셋트
DEBUG	[2022-11-24 13:29:57:463] <17860> cr_price:199000
DEBUG	[2022-11-24 13:29:57:463] <17860> sup_price:180909
DEBUG	[2022-11-24 13:29:57:463] <17860> tax:18091
DEBUG	[2022-11-24 13:29:57:463] <17860> srvc_price:0
DEBUG	[2022-11-24 13:29:57:463] <17860> buyername:이경구
DEBUG	[2022-11-24 13:29:57:463] <17860> buyeremail:kkl93@naver.com
DEBUG	[2022-11-24 13:29:57:463] <17860> buyertel:01058964499
DEBUG	[2022-11-24 13:29:57:463] <17860> reg_num:7225600640
DEBUG	[2022-11-24 13:29:57:463] <17860> useopt:1
DEBUG	[2022-11-24 13:29:57:463] <17860> companynumber:
INFO	[2022-11-24 13:29:57:463] <17860> Check Field OK
INFO	[2022-11-24 13:29:57:463] <17860> Make TID OK INIphpRECPfourseason20221124132957634705
INFO	[2022-11-24 13:29:57:463] <17860> PI PUB KEY LOAD OK []
INFO	[2022-11-24 13:29:57:463] <17860> PG PUB KEY LOAD OK [30]
INFO	[2022-11-24 13:29:57:464] <17860> MERCHANT PRIV KEY LOAD OK
INFO	[2022-11-24 13:29:57:464] <17860> MERCHANT PUB KEY LOAD OK [0]
DEBUG	[2022-11-24 13:29:57:465] <17860> MAKE ENCRYPT OK[<?xml version="1.0" encoding="UTF-8"?>
<PaymentInfo>
	  <Payment>
	    <CASH>
	      <CSHR_ApplPrice>199000</CSHR_ApplPrice>
	      <CSHR_SupplyPrice>180909</CSHR_SupplyPrice>
	      <CSHR_Tax>18091</CSHR_Tax>
	      <CSHR_ServicePrice/>
	      <CSHR_Type>1</CSHR_Type>
	      <CSHR_RegNum>7225600640</CSHR_RegNum>
	      <CSHR_CompanyNum/></CASH></Payment></PaymentInfo>]
INFO	[2022-11-24 13:29:57:465] <17860> MAKE BODY OK
INFO	[2022-11-24 13:29:57:466] <17860> SIGN OK
INFO	[2022-11-24 13:29:57:466] <17860> MAKE HEAD OK
INFO	[2022-11-24 13:29:57:466] <17860> MSG_TO_PG:[0198900175D SHA1                   0                                      300200fourseason              199000INIphpRECPfourseason20221124132957634705<?xml version="1.0" encoding="UTF-8"?>
<INIpay>
	  <GoodsInfo>
	    <GoodsCnt>1</GoodsCnt>
	    <MOID/>
	    <Currency>WON</Currency>
	    <Tax>18091</Tax>
	    <TaxFree/>
	    <Goods>
	      <SMID>fourseason</SMID>
	      <GoodsName urlencode="1">BSJ%C4%DB%B9%F0%C5%A9%C0%A3%C4%C4%C0%CC%BA%A5%C6%AE3M%B8%AE%C7%C3%B7%BA%C6%BC%BA%EA%BD%BA%C5%D9%B5%E5%C4%B3%B5%F0%B9%E9%BA%B8%BD%BA%C5%CF%B9%E9%BC%C2%C6%AE</GoodsName>
	      <GoodsPrice>199000</GoodsPrice></Goods></GoodsInfo>
	  <BuyerInfo>
	    <BuyerName urlencode="1">%C0%CC%B0%E6%B1%B8</BuyerName>
	    <BuyerTel>01058964499</BuyerTel>
	    <BuyerEmail urlencode="1">kkl93%40naver.com</BuyerEmail>
	    <ParentEmail/>
	    <RecvName/>
	    <RecvTel/>
	    <RecvMsg/>
	    <RecvAddr/>
	    <RecvPostNum/></BuyerInfo>
	  <PaymentInfo>
	    <Payment>
	      <PayMethod>CASH</PayMethod>
	      <JoinCard/>
	      <JoinExpire/>
	      <MailOrder/>
	      <SessionKey>T+sMTJ1VqjjlHy5vBxqvAZrwEtTh6S4OAmLW/ha5bcfbs5GZDfTW5b/Oz8rPYU+I
z0mn9VHGN1r5nbxHd/WeCMqIs9GkYFOh/Fosc6PnZG4iUP+lLuqpOswcA0+r8vfv
MGsmTd/hgxjhlxR+XNMh3RBhXhWjpny007BlRIFhbty/yLiRL+4Wdg==
</SessionKey>
	      <Encrypted>+8hOr5eWXk6TLKXX2Y0bJPMVK2d0id8lTAjMa4563C7dQUtls9Z2tFq7w2kFioCU
bmupQ/vV90Cv1r0lll5EKXjSAOahdj4WBfY1pfB0suP+Hf6ePEPDAbVvD1c8qajc
Dn66HE2zbkmQoAiscTraWDOLYBkZ+a46Y9MR2N8Eh8OJEyqP4eptUwQrf7oueMft
fdxb3zlb8t52o3/bfXX8ohU8yBv/LBNnrAmTSBlXwxvLBSroEWVKIJ6/1U4HOi8g
ZlQb9CkqJidPGbm/8UuCMMNNfPdSlaN9eX66JGzGYTHy70flu5RMmLzvxO4D1cyY
uYaFrHrzHXRjZd5HnGir7/71Q7A4IPRsFR5CwmeLYbq4IXNFEm/EtNQkDb0/l5Qz
RtV1skun5u2JyjCWj/mAV+zOeGdYLdeRDNiH9GjZeTBI1EjWug/jhhfBagzudMMk
JYwSlBW5l/sJuX1j97mjcGGMON+Mf+67VB8z+fe2qWd/VaZ1gYZ+MQ==
</Encrypted></Payment></PaymentInfo>
	  <ReservedInfo>
	    <MReserved1/>
	    <MReserved2/>
	    <MReserved3/></ReservedInfo>
	  <ManageInfo>
	    <Language/>
	    <URL/>
	    <TXVersion>5036B141209receiLinux     PHPchkfake   2.6.32-754.11.1.el6.x86_64PHP:</TXVersion>
	    <TXUserID/>
	    <TXRegNum/>
	    <Ack>1</Ack></ManageInfo></INIpay>AFmTHM02NOGbwJdEi9v3powa1mu0Fla3XiUPlgF3z32x6V78MpN13pcJNYSM7Gbz
J3W9ZNYKPa8hz4MJVxD804FydcMgRIb197YUuJOAekT9R5Ttm86jEwdK93RYon6r
q6hEc/BDQ1VFF+AdWdz/MzHS4k81CgfRz72Plnn5I+RY
]
INFO	[2022-11-24 13:29:57:466] <17860> DNS LOOKUP OK(203.238.37.3:203.238.37.3:34049) laptime:0
INFO	[2022-11-24 13:29:57:468] <17860> SOCKET CONNECT OK
INFO	[2022-11-24 13:29:57:468] <17860> SEND OK
INFO	[2022-11-24 13:29:57:593] <17860> RECV OK
INFO	[2022-11-24 13:29:57:593] <17860> MSG_FROM_PG:[0173400175D SHA1                   0                                      300210fourseason              199000INIphpRECPfourseason20221124132957634705<?xml version="1.0" encoding="UTF-8"?><INIpay>
<GoodsInfo>
<GoodsCnt>1</GoodsCnt>
<MOID urlencode="1"/>
<Currency>WON</Currency>
<Goods no="1">
<SMID>fourseason</SMID>
<GoodsName urlencode="1">BSJ%C4%DB%B9%F0%C5%A9%C0%A3%C4%C4%C0%CC%BA%A5%C6%AE3M%B8%AE%C7%C3%B7%BA%C6%BC%BA%EA%BD%BA%C5%D9%B5%E5%C4%B3%B5%F0%B9%E9%BA%B8%BD%BA%C5%CF%B9%E9%BC%C2%C6%AE</GoodsName>
<GoodsCntS>1</GoodsCntS>
<GoodsPrice>199000</GoodsPrice>
</Goods>
</GoodsInfo>
<PaymentInfo>
<Payment>
<SessionKey>AAksKyCiKm2uBh60r258Uc+kij6kPsuPO8xUfQyzi/oA694PU8TNQyT8S4JN0a6J
x/dl/MZB6+/L+qdwRJ8LTAKg88+46m07xPlGvPz/4+LlPH0IXpw3LkqUIHaHDfSy
6Llq1XMF5Nab1RFCOz3ffS8qN6wfAoK+t/CuXonfi/unTR7mXr2bEOw=
</SessionKey>
<Encrypted>AMsQwNP72rXyCO4dTZ815hXzeZHKLHcf15t50ZTTbsGYJsmJ4vwkgOK+6r1bC8/0
nHPbqUc4fRIJUkA9oZI+QAaAEq/un4DFgYT2IjLrX5IaLfpb9dZ+fXw0W6x2bMOg
TTB1CUIIWxzCL4TrXyqgJ+LSJxCSRfMsFH1R1twRX0Ty1K8iOjPXXpJpYOYlLP0j
ItdteSg+xqI3dp/+w/iv92ViTObAlQhrHEPVmszga01RITmNfSGh031shHTYowhG
XXkRekYaXTot9l2x04uzt4x+DfZgKTqlaV1sjuAl3ypSjKq5U/bZMnihznYYO9Yc
iPPms2fKrwX93NLVIMllGnLdawtFVIg4Qk2itkY4uC4j5JuPFfS79KLXfI85jk+t
afu6C3ehoVBLhTy9ANcsSJlhCEuLfM+ZcufJFKc0mXiCY/lILjo7uXhASOmewPWr
R6KtClYex3rBXICWw+T9jCjtcHC3I8T4GLNurqmUTVlS7P3s7YORk89JqUJeY0Tz
kYdXyYPCICzvdP9yiDw8/AihD0vlGhooiBB9bdFUYd/HJ9B+T4THfnkZmOQEIh0y
iQqi97az383MvOzHZg/P5m90tzkbEn6se1tKP9TSt9XTs3yseydyAVQPnjYkwlim
8Ei1wpN4KhqOz868cyu24FuQ5yZGFOczROC4S89HxcYBXWqOJZfj9nx1J/BjIrf+
</Encrypted>
<PayMethod>CASH</PayMethod>
<ResultCode>220000</ResultCode>
<ResultMsg urlencode="1">%C1%A4%BB%F3%C3%B3%B8%AE%B5%C7%BE%FA%BD%C0%B4%CF%B4%D9.</ResultMsg>
</Payment>
</PaymentInfo>
<ManageInfo/>
<ReservedInfo>
<MReserved1 urlencode="1"/>
<MReserved2 urlencode="1"/>
<MReserved3 urlencode="1"/>
</ReservedInfo>
</INIpay>
RqNOnNsWAls5QxRv3zgoWaiQAc6ihFtkK8eUOpuE7IWMSfUdE/lRqgKnTFrU98Xd
NCdsFF1k/HfUsAA0P5/W8kpYOcIj46UdUKqJo+5MF0G+3xCUTBsrDUdYW/MyVUy4
sIuZy63QdcW5zOnGY4ngtxJiUciwAiqr3ny7cPgkc7E=
]
INFO	[2022-11-24 13:29:57:593] <17860> VERIFY OK
INFO	[2022-11-24 13:29:57:593] <17860> PARSE HEAD OK
INFO	[2022-11-24 13:29:57:593] <17860> PARSE BODY OK
INFO	[2022-11-24 13:29:57:594] <17860> DECRYPT OK
DEBUG	[2022-11-24 13:29:57:594] <17860> DECRYPT MSG:[<?xml version="1.0" encoding="UTF-8"?><PaymentInfo>
<Payment>
<CASH>
<CSHR_ApplPrice>199000</CSHR_ApplPrice>
<CSHR_SupplyPrice>180909</CSHR_SupplyPrice>
<CSHR_Tax>18091</CSHR_Tax>
<CSHR_ServicePrice/>
<CSHR_Type>1</CSHR_Type>
<CSHR_ApplDate>20221124</CSHR_ApplDate>
<CSHR_ApplTime>132957</CSHR_ApplTime>
<CSHR_ApplNum>269266370</CSHR_ApplNum>
<CSHR_ResultCode>220000</CSHR_ResultCode>
<CSHR_ResultMsg urlencode="1">%C1%A4%BB%F3%C3%B3%B8%AE%B5%C7%BE%FA%BD%C0%B4%CF%B4%D9.</CSHR_ResultMsg>
</CASH>
</Payment>
</PaymentInfo>]
INFO	[2022-11-24 13:29:57:595] <17860> DECRYPT PARSE OK
INFO	[2022-11-24 13:29:57:595] <17860> WAIT ACK INVOKING
DEBUG	[2022-11-24 13:29:57:595] <17860> MAKE HEAD OK
INFO	[2022-11-24 13:29:57:598] <17860> SUCCESS ACK INVOKING
INFO	[2022-11-24 13:29:57:598] <17860> END receipt 정상처리되었습니다. Laptime:[0.135sec]
INFO	[2022-11-24 13:29:57:598] <17860> ===============================================================
