INFO	[2022-04-25 00:04:26:873] <26781> START INIPHP cancel (V5036-141209)(OS:Linux2.6.32-754.11.1.el6.x86_64,PHP:5.3.3)
DEBUG	[2022-04-25 00:04:26:873] <26781> inipayhome:/home1/killdeal/public_html/shop/inicis
DEBUG	[2022-04-25 00:04:26:873] <26781> debug:false
DEBUG	[2022-04-25 00:04:26:873] <26781> type:cancel
DEBUG	[2022-04-25 00:04:26:873] <26781> mid:majorgol03
DEBUG	[2022-04-25 00:04:26:873] <26781> admin:1111
DEBUG	[2022-04-25 00:04:26:873] <26781> tid:INIMX_VBNKmajorgol0320220424235835585156
DEBUG	[2022-04-25 00:04:26:873] <26781> cancelmsg:주문자 본인 취소-상품옵션 선택 잘못함
INFO	[2022-04-25 00:04:26:873] <26781> Check Field OK
INFO	[2022-04-25 00:04:26:873] <26781> PI PUB KEY LOAD OK []
INFO	[2022-04-25 00:04:26:873] <26781> PG PUB KEY LOAD OK [30]
INFO	[2022-04-25 00:04:26:874] <26781> MERCHANT PRIV KEY LOAD OK
INFO	[2022-04-25 00:04:26:874] <26781> MERCHANT PUB KEY LOAD OK [0]
DEBUG	[2022-04-25 00:04:26:874] <26781> MAKE ENCRYPT OK[<?xml version="1.0" encoding="UTF-8"?>
<CancelInfo>
	  <CancelTID>INIMX_VBNKmajorgol0320220424235835585156</CancelTID>
	  <CancelMsg urlencode="1">%C1%D6%B9%AE%C0%DA+%BA%BB%C0%CE+%C3%EB%BC%D2-%BB%F3%C7%B0%BF%C9%BC%C7+%BC%B1%C5%C3+%C0%DF%B8%F8%C7%D4</CancelMsg>
	  <CancelReason/></CancelInfo>]
INFO	[2022-04-25 00:04:26:874] <26781> MAKE BODY OK
INFO	[2022-04-25 00:04:26:875] <26781> SIGN OK
INFO	[2022-04-25 00:04:26:875] <26781> MAKE HEAD OK
INFO	[2022-04-25 00:04:26:875] <26781> MSG_TO_PG:[0101500175D SHA1                   0                                      300420majorgol03                    INIMX_VBNKmajorgol0320220424235835585156<?xml version="1.0" encoding="UTF-8"?>
<INIpay>
	  <CancelInfo>
	    <SessionKey>Jmu0STTcciLPWrSTdnj444QB3R03caPiL5LUTKL+ignpDsq3Bzl4wAHjMOKkX1gb
AztScUWmi96BWguCnZloCFbG1m8lCYM/w0iXVHsNgKjsHiQSGUbycsYqiZmTki8x
xF5AhKN+wLm6VPPQh7E/p6yhbQ44MjUp3XHlbuFS2sVaXBxJJkfnPQ==
</SessionKey>
	    <Encrypted>IJI03k4m2Gy19g0KLV4ZFI3APEoCyDt+BfMp/GyCKbE9PaoiT+R6tR/Dg3mvyVmp
45eADvnwXi/SloxrkY67IXYM8CDhXhDIildz2jKsjnpsxnMtr+vBLKOxWU+5JrHh
KXmoG2fr9OlK4pdO5UHZrdVNJBCZqUcknFyyCOA70sh+XD+I5CvoREjunv1UdFXn
F0THwWaAUfB5YF8bkRMQDpYRqh1tg7q0poktQRcsDgHZsJLT0Kr5p7N3YbfkvhLI
7OtVux10PvXKF5dFrPfqiIKzWZLQAZbF9+xDCn8NjHKoLZYsBL9y2PrK3I3x7T8N
MMQ8ukgIUJJlq+onAz8Wutalp58WGJdjVQPwKCtnvbt1gd+k4+rxlNNCq3lPiYiS
2W2vM/GTpag=
</Encrypted></CancelInfo>
	  <ReservedInfo>
	    <MReserved1/>
	    <MReserved2/>
	    <MReserved3/></ReservedInfo>
	  <ManageInfo>
	    <Language/>
	    <URL/>
	    <TXVersion>5036B141209canceLinux     PHPchkfake   2.6.32-754.11.1.el6.x86_64PHP:</TXVersion>
	    <TXUserID/>
	    <TXRegNum/></ManageInfo></INIpay>AAlKn2Nbi7S2usuwJpNJFY0jIVC6MdNC9v1ak3GO2Nl1L4aBRsuB4HvAzEsTEvIz
3KI0ZBIsyYBCwpsRetxypW9n8um27dmQIFAkTS56WLdEacrrMdBG7Qtypqlble8+
8fUNKOY1WsEbLZg0pbkzFqPUXiLEUwQlj5AuAHEYZw0F
]
INFO	[2022-04-25 00:04:26:875] <26781> DNS LOOKUP OK(203.238.37.3:203.238.37.3:34049) laptime:0
INFO	[2022-04-25 00:04:26:877] <26781> SOCKET CONNECT OK
INFO	[2022-04-25 00:04:26:877] <26781> SEND OK
INFO	[2022-04-25 00:04:27:23] <26781> RECV OK
INFO	[2022-04-25 00:04:27:23] <26781> MSG_FROM_PG:[0123800175D SHA1                   0                                      300430majorgol03                    INIMX_VBNKmajorgol0320220424235835585156<?xml version="1.0" encoding="UTF-8"?><INIpay>
<CancelInfo>
<ResultCode>170000</ResultCode>
<ResultMsg urlencode="1">%C1%A4%BB%F3%C3%B3%B8%AE%B5%C7%BE%FA%BD%C0%B4%CF%B4%D9.</ResultMsg>
<SessionKey>APrv/LiwlDOogp9LGJUPpcniZljlFZJ2Cec8YXByudPMYf/IaPFT5woAecC+GSLk
wJ856F3DoVK7dbrD7KHykVzIQMRzpXFqmLyWiJQagtAW56AzIhCVddPWPiefPUCc
+O9/36/jm56cqPFcVTKgwLw5+VuZ3HhRLX6lPerLVx6hz3NglNUDuP4=
</SessionKey>
<Encrypted>gezMAVhyDE9o5TxKbIktui7uHwyFMxhuXA1ADKFaeG+LOdMnRPbxkGWVh86K7nGv
nqLIyKfLaRiaKD+fSrxS2slUh+L3jooh98ujpoGYmHS5zGJtl8xayS9BYoimD6Cd
JfLtNpZUkYL9dbijHZdcknJy1n/oBKQjD6pD7jZie6XojvnLfK0wiAKxAPAXhydQ
3wq0elbClKOx8AkvkRjh+ZXLB6jXkLg16sJgbtk8MNJS1hIdTZXuwHp/oVImmMLm
DJBrXFm3Im8F7b1b3nfebkwDD2r7MBvE+8uHXuZS/uC5A9v5vt0cqYOJkulpI7fj
Ak5CZZpMO2n1Xx5DTiQibm6ejYTDBZUdLt11WK2AabYRJrkr0ZWnkVco2hE3mmst
H/7xEVOwexGUu9PKta7+fXckkCZ754v8fa3eX3tC4chqnnJ8PI5WXKYEs0cw6zm2
IQtylC8XHhyh+ZQdwT0CUSWYQ9NMQJAcZwtzdUnisAb2glOFIiHgDuXWFVXqG3pd
gHl9unHm2D+c1cOkA2Xg6zAyv1vjUuWXtrsN4O7QPzyAVia1XzCjxn44iv2yApkf
jshCl6WG7b3aAuFVoXQ98npJhhPynPluxYG297WMtW2PXfFaVp7nwHF8gOXYSIPJ
vQJUG4x1eVE=
</Encrypted>
</CancelInfo>
<ManageInfo/>
<ReservedInfo>
<MReserved1 urlencode="1"/>
<MReserved2 urlencode="1"/>
<MReserved3 urlencode="1"/>
</ReservedInfo>
</INIpay>
vbv7fttgSStoWcFO8lWDdT7SkudYnbkleaZVHnprvZ/MA51ZMnF/k9wIQZZqJAfR
l7WMGtN2Hz1dfsPIz00RFRAJrdr4arYPN0FLUG4+6EWpDVajV9kV9X+HvqSoKnYH
kMLyTgQLPZworyJ9UaCMM9jfFL0XvSd+ATpbV1tGcc8=
]
INFO	[2022-04-25 00:04:27:23] <26781> VERIFY OK
INFO	[2022-04-25 00:04:27:23] <26781> PARSE HEAD OK
INFO	[2022-04-25 00:04:27:24] <26781> PARSE BODY OK
INFO	[2022-04-25 00:04:27:24] <26781> DECRYPT OK
DEBUG	[2022-04-25 00:04:27:24] <26781> DECRYPT MSG:[<?xml version="1.0" encoding="UTF-8"?><CancelInfo>
<CancelDate>20220425</CancelDate>
<CancelTime>000427</CancelTime>
<ResultCode>170000</ResultCode>
<ResultMsg urlencode="1">%C1%A4%BB%F3%C3%B3%B8%AE%B5%C7%BE%FA%BD%C0%B4%CF%B4%D9.</ResultMsg>
<CSHR_CancelDate>20220425</CSHR_CancelDate>
<CSHR_CancelTime>000427</CSHR_CancelTime>
<CSHR_ResultCode>220000</CSHR_ResultCode>
<CSHR_ResultMsg urlencode="1">%C1%A4%BB%F3%C3%B3%B8%AE%B5%C7%BE%FA%BD%C0%B4%CF%B4%D9.</CSHR_ResultMsg>
</CancelInfo>]
INFO	[2022-04-25 00:04:27:25] <26781> DECRYPT PARSE OK
INFO	[2022-04-25 00:04:27:25] <26781> END cancel 정상처리되었습니다. Laptime:[0.152sec]
INFO	[2022-04-25 00:04:27:25] <26781> ===============================================================
INFO	[2022-04-25 15:36:55:588] <6637> START INIPHP cancel (V5036-141209)(OS:Linux2.6.32-754.11.1.el6.x86_64,PHP:5.3.3)
DEBUG	[2022-04-25 15:36:55:588] <6637> inipayhome:/home1/killdeal/public_html/shop/inicis
DEBUG	[2022-04-25 15:36:55:588] <6637> debug:false
DEBUG	[2022-04-25 15:36:55:588] <6637> type:cancel
DEBUG	[2022-04-25 15:36:55:588] <6637> mid:majorgol03
DEBUG	[2022-04-25 15:36:55:588] <6637> admin:1111
DEBUG	[2022-04-25 15:36:55:588] <6637> tid:INIMX_CARDmajorgol0320220417181611535904
DEBUG	[2022-04-25 15:36:55:588] <6637> cancelmsg:쇼핑몰 운영자 승인 취소
INFO	[2022-04-25 15:36:55:588] <6637> Check Field OK
INFO	[2022-04-25 15:36:55:588] <6637> PI PUB KEY LOAD OK []
INFO	[2022-04-25 15:36:55:589] <6637> PG PUB KEY LOAD OK [30]
INFO	[2022-04-25 15:36:55:589] <6637> MERCHANT PRIV KEY LOAD OK
INFO	[2022-04-25 15:36:55:589] <6637> MERCHANT PUB KEY LOAD OK [0]
DEBUG	[2022-04-25 15:36:55:590] <6637> MAKE ENCRYPT OK[<?xml version="1.0" encoding="UTF-8"?>
<CancelInfo>
	  <CancelTID>INIMX_CARDmajorgol0320220417181611535904</CancelTID>
	  <CancelMsg urlencode="1">%BC%EE%C7%CE%B8%F4+%BF%EE%BF%B5%C0%DA+%BD%C2%C0%CE+%C3%EB%BC%D2</CancelMsg>
	  <CancelReason/></CancelInfo>]
INFO	[2022-04-25 15:36:55:590] <6637> MAKE BODY OK
INFO	[2022-04-25 15:36:55:590] <6637> SIGN OK
INFO	[2022-04-25 15:36:55:591] <6637> MAKE HEAD OK
INFO	[2022-04-25 15:36:55:591] <6637> MSG_TO_PG:[0096200175D SHA1                   0                                      300420majorgol03                    INIMX_CARDmajorgol0320220417181611535904<?xml version="1.0" encoding="UTF-8"?>
<INIpay>
	  <CancelInfo>
	    <SessionKey>RqAKWZNGCDKb1dSldSDhoLCy1hoKXvdLDgS62lzUVvfwPzYcN0H7mNYDm/SxcoWQ
MYFd/qNxY37Ac7OjIluvECP6d7v3iEYhWW+yso9Wl2wedlQ5CnE64LSiTamlEhh6
fJ7dGPr5LY+pBBga1XxDIyeEDS2y8ptrFM+SkyjvzIMCjzxNekNEBg==
</SessionKey>
	    <Encrypted>TvYhl7BY9RhAxhVbxT+05wDfxygLhoJzhLmIUQWO81SG5BF7fnJwG81hvTBtXRtJ
aZ4LtlOznZWIcTDMyxw6H8Sv6AGaZhPjj5na3QnKcDdDLtOW4QVo5gwGqFCQd7cM
FC1idfGxRZlRckpHIzdcqyM5s0R6T89+492f9y3Bm896tHkWwuALPF5w7pNyicoF
621wA860HFBvSOrKi/JN/icd3nI0f3+8Ihah2ja+L/DyS/yRnG/hUAKZyYET7lVM
hA7sHxsq4gTdayNkkhPiJ6+iCmCsJDA8l5p9G3vhKIAmjJxmSUbtbvzjkUpyu6BU
qkx56BdO7H8Lr9B90gdjzQ==
</Encrypted></CancelInfo>
	  <ReservedInfo>
	    <MReserved1/>
	    <MReserved2/>
	    <MReserved3/></ReservedInfo>
	  <ManageInfo>
	    <Language/>
	    <URL/>
	    <TXVersion>5036B141209canceLinux     PHPchkfake   2.6.32-754.11.1.el6.x86_64PHP:</TXVersion>
	    <TXUserID/>
	    <TXRegNum/></ManageInfo></INIpay>AIpapIZdsNscfzWgbtYYXQpPyV6gtL7krgiUYATNVGDccCuhj+2DtKpGkofFcZmm
3i14ygo1xLmJ8kIk7l8Q6KuW6i5VqAX//af3qXcp8N9HYJ+XEhuZ+iMDb0ntbHig
/zIWzoDvOpShtMQtMNpkcQj9rCIVSYfJG5l6hoHRUofl
]
INFO	[2022-04-25 15:36:55:591] <6637> DNS LOOKUP OK(203.238.37.3:203.238.37.3:34049) laptime:0
INFO	[2022-04-25 15:36:55:593] <6637> SOCKET CONNECT OK
INFO	[2022-04-25 15:36:55:593] <6637> SEND OK
INFO	[2022-04-25 15:36:56:320] <6637> RECV OK
INFO	[2022-04-25 15:36:56:320] <6637> MSG_FROM_PG:[0093300175D SHA1                   0                                      300430majorgol03                    INIMX_CARDmajorgol0320220417181611535904<?xml version="1.0" encoding="UTF-8"?><INIpay>
<CancelInfo>
<ResultCode>120000</ResultCode>
<ResultMsg urlencode="1">%C1%A4%BB%F3%C3%B3%B8%AE%B5%C7%BE%FA%BD%C0%B4%CF%B4%D9.</ResultMsg>
<SessionKey>AM3oVC1ts5DbiSkWbY8FBXJjx3Xmj1ztpp8LqlwSIU5TnxztBrtsGre8sV99ZnS7
MH8IgmPtCkueeOazEPlC2QkJLmeDjPom7G6c19ydhRUEgtfdh5JlvCntr7M8ZDoG
4IykRVVlHz3jYelekKIcH/4gcf98fJRjXrTwXs/vxdLxLB0yR4EJkYY=
</SessionKey>
<Encrypted>d89oylqERIhBfr02qTqxuRmKDzqS3NZJ8K2xz5UU74AHvJg1jTuwIy8Zylui8h17
Lbk9/XQ02i0soOhzgT5vn7l9p/nWvNjPloL/l+/zjlHSR1m9t6E3qFRKZ2qlrpJM
FjA+b96Jc17On8nqb896AUvAD2C2UrwcOMH7XYGAlIhKxEfFGJz/JvXzBXNL8e/4
HSu8jUDAu5R9LbJxJIx5fkxgmqg8rlkWqdTizgzG7dsuQvUIBhkOQb0GUc2pFyLy
zpqm5tkrS5ci/pnnI+lbt2/GZb+coQAJSUNnxPddzFfMkH7FIxbEoXKWoCHJBt2Z
/48AF1jWqKEyktt3gqcBkYFZMYGHq91L
</Encrypted>
</CancelInfo>
<ManageInfo/>
<ReservedInfo>
<MReserved1 urlencode="1"/>
<MReserved2 urlencode="1"/>
<MReserved3 urlencode="1"/>
</ReservedInfo>
</INIpay>
Z3j8dHg946KS3UbZaokR5K8APGJfehjOOVD/TL7gNSJqWE27noA2jMRw/sQJMRem
5awRD0m1sH/9SL3bPRNLDe3uMKuXNrQh4xomcdEQYiU+F1McBP/bDUJ9eULdhGHn
jLWGK4S1vYHpxjhMImqmexZe3rtP8D5//xhNS+ir2PU=
]
INFO	[2022-04-25 15:36:56:320] <6637> VERIFY OK
INFO	[2022-04-25 15:36:56:320] <6637> PARSE HEAD OK
INFO	[2022-04-25 15:36:56:321] <6637> PARSE BODY OK
INFO	[2022-04-25 15:36:56:322] <6637> DECRYPT OK
DEBUG	[2022-04-25 15:36:56:322] <6637> DECRYPT MSG:[<?xml version="1.0" encoding="UTF-8"?><CancelInfo>
<CancelDate>20220425</CancelDate>
<CancelTime>153656</CancelTime>
<ResultCode>120000</ResultCode>
<ResultMsg urlencode="1">%C1%A4%BB%F3%C3%B3%B8%AE%B5%C7%BE%FA%BD%C0%B4%CF%B4%D9.</ResultMsg>
</CancelInfo>]
INFO	[2022-04-25 15:36:56:322] <6637> DECRYPT PARSE OK
INFO	[2022-04-25 15:36:56:322] <6637> END cancel 정상처리되었습니다. Laptime:[0.734sec]
INFO	[2022-04-25 15:36:56:322] <6637> ===============================================================
