INFO	[2022-11-05 16:09:45:547] <15387> START INIPHP cancel (V5036-141209)(OS:Linux2.6.32-754.11.1.el6.x86_64,PHP:5.3.3)
DEBUG	[2022-11-05 16:09:45:547] <15387> inipayhome:/home1/killdeal/public_html/shop/inicis
DEBUG	[2022-11-05 16:09:45:547] <15387> debug:false
DEBUG	[2022-11-05 16:09:45:547] <15387> type:cancel
DEBUG	[2022-11-05 16:09:45:547] <15387> mid:majorgol03
DEBUG	[2022-11-05 16:09:45:547] <15387> admin:1111
DEBUG	[2022-11-05 16:09:45:547] <15387> tid:INIMX_CARDmajorgol0320221105155302304717
DEBUG	[2022-11-05 16:09:45:547] <15387> cancelmsg:주문자 본인 취소-상품옵션 선택 잘못함
INFO	[2022-11-05 16:09:45:547] <15387> Check Field OK
INFO	[2022-11-05 16:09:45:547] <15387> PI PUB KEY LOAD OK []
INFO	[2022-11-05 16:09:45:548] <15387> PG PUB KEY LOAD OK [30]
INFO	[2022-11-05 16:09:45:548] <15387> MERCHANT PRIV KEY LOAD OK
INFO	[2022-11-05 16:09:45:549] <15387> MERCHANT PUB KEY LOAD OK [0]
DEBUG	[2022-11-05 16:09:45:549] <15387> MAKE ENCRYPT OK[<?xml version="1.0" encoding="UTF-8"?>
<CancelInfo>
	  <CancelTID>INIMX_CARDmajorgol0320221105155302304717</CancelTID>
	  <CancelMsg urlencode="1">%C1%D6%B9%AE%C0%DA+%BA%BB%C0%CE+%C3%EB%BC%D2-%BB%F3%C7%B0%BF%C9%BC%C7+%BC%B1%C5%C3+%C0%DF%B8%F8%C7%D4</CancelMsg>
	  <CancelReason/></CancelInfo>]
INFO	[2022-11-05 16:09:45:549] <15387> MAKE BODY OK
INFO	[2022-11-05 16:09:45:550] <15387> SIGN OK
INFO	[2022-11-05 16:09:45:550] <15387> MAKE HEAD OK
INFO	[2022-11-05 16:09:45:550] <15387> MSG_TO_PG:[0101500175D SHA1                   0                                      300420majorgol03                    INIMX_CARDmajorgol0320221105155302304717<?xml version="1.0" encoding="UTF-8"?>
<INIpay>
	  <CancelInfo>
	    <SessionKey>WlMCq/SZcoMvrF4AzYKCBPoQJ8Giv/T6vXopcPXUcLbT5/F25664/X2iZByW5hed
tkDRDKykcyr5JSSu7ojvittv0IIzdiAMfeXvdEyav3Gah7d14T6t/ko2JoqTQdQr
TipqunDoIaCBzsfzqRD5knDPuzhR9naX33iWKoBsZk7Ynw7vfeS4iQ==
</SessionKey>
	    <Encrypted>kWH64N+OHeAEJwC2dwrv47T2nJ6GxDlq/pExsZ8TJ0YlRNzUUq9FVkx6PsejYvan
FUUbG6oK21uEpyM4erZqnn0c9acMGIJf3PAtlQthcABqDI1vH34a9WJ+CZk0pyzy
fnpMGTXBvw3PWg3mkU48deJ8fjmiMxY/CbfaOfsVjhtVt/1Cbv8ieqPT79zzoucv
UovOyxMafC9AP6gfqJYTRk2Dotwf6w2orrNvdmw0Lfyg7ckRMl+XE4pqNOJHGd/r
/zEo2u1fomKWm3ZsnAqRXoneTeUOokuXhVO9RM5SXBm6timHF8RrAF9X8a+nhVXD
ZDVFxIrQGd5TTo97pC6jClD8c8G47Y7lSZzInQh+SYaDZ2fTRy08GrGI/Yjki/Oq
PtTq27aNc1Y=
</Encrypted></CancelInfo>
	  <ReservedInfo>
	    <MReserved1/>
	    <MReserved2/>
	    <MReserved3/></ReservedInfo>
	  <ManageInfo>
	    <Language/>
	    <URL/>
	    <TXVersion>5036B141209canceLinux     PHPchkfake   2.6.32-754.11.1.el6.x86_64PHP:</TXVersion>
	    <TXUserID/>
	    <TXRegNum/></ManageInfo></INIpay>AGxRfCP3XMagbQnCg2JOrLxwpjZzmvSIqVjeENRIl6W9Ca16mXRO3UuW3926irmS
c4S47kL9PG5Tx6lX/6tTsGYx5WgeotaKVzsZmKTH4Sw0J2sjO+Li85mWWRvmaNAF
jOYNB/1Qd9LcBl5iu/niFQ5r9uMN8E6XlabHrs/vB99y
]
INFO	[2022-11-05 16:09:45:550] <15387> DNS LOOKUP OK(203.238.37.3:203.238.37.3:34049) laptime:0
INFO	[2022-11-05 16:09:45:553] <15387> SOCKET CONNECT OK
INFO	[2022-11-05 16:09:45:553] <15387> SEND OK
INFO	[2022-11-05 16:09:46:462] <15387> RECV OK
INFO	[2022-11-05 16:09:46:462] <15387> MSG_FROM_PG:[0093300175D SHA1                   0                                      300430majorgol03                    INIMX_CARDmajorgol0320221105155302304717<?xml version="1.0" encoding="UTF-8"?><INIpay>
<CancelInfo>
<ResultCode>120000</ResultCode>
<ResultMsg urlencode="1">%C1%A4%BB%F3%C3%B3%B8%AE%B5%C7%BE%FA%BD%C0%B4%CF%B4%D9.</ResultMsg>
<SessionKey>AO0F/iCuR6gUlG2z1YBOrMQljuj7QcNI0VgJfq7LaqPE2ST3rCXgJ1VIU8BV2hzp
7xMUItLseid2gTR6wrKJStlKZ4FIkyDzYL2ijd1E60HhKaPK3Pdcnhl3nSFwVsZk
CXiy2KJe12aaFrgBR2O89TNjr5NICOQMMJ8VIO12dsN2mv3M/tEFyHA=
</SessionKey>
<Encrypted>ZDRcrL6zU2YYQigiOqrb+Q6hM+5EgnuR0yut2TjKIk8FFhWZv3ch+gDo4PsuoQJI
F/HDT0oaV3vsAvxncvyag5G7y08JE2bJpvfowpF9B2RyjdzxtsHWOTjrG2hs97P3
1hcpE/xrh8QOiMzm/X4zGYMUT/kkoIRhg36AUeb1+I17q3JyVdufonsYnf5yTAWg
/Ef7ZgkYvDWHgbrTH3KwzdPALqrIsRO4j0PlVSrYsnSyiAT98OTK49sX+tS0NiVl
XBJxwNJcHvtGMSWM+kJwExGqC67hOlfLy1xNUYGgTYuTIafOrJSGfV+0KC48wLXz
0TuIvK86cfAP3kpGvlgKEaaAmCrVOvjq
</Encrypted>
</CancelInfo>
<ManageInfo/>
<ReservedInfo>
<MReserved1 urlencode="1"/>
<MReserved2 urlencode="1"/>
<MReserved3 urlencode="1"/>
</ReservedInfo>
</INIpay>
3WorDnO+JF7a85kYJPLg8CRwt+PTssFtmYfXCRno5SRI1igiXTid9c0Z8Ra4r4PX
PHW8ldMr4Ke8aJnaHFsqiJXe8UHhy7m/Ocu9D3SGF57xy2qyAILhsEHoC9wnGJLu
p183w9S5Nq3cpJNKQYhhvu9P8OCEeh3rlGaNAcbEN6Y=
]
INFO	[2022-11-05 16:09:46:462] <15387> VERIFY OK
INFO	[2022-11-05 16:09:46:463] <15387> PARSE HEAD OK
INFO	[2022-11-05 16:09:46:463] <15387> PARSE BODY OK
INFO	[2022-11-05 16:09:46:463] <15387> DECRYPT OK
DEBUG	[2022-11-05 16:09:46:463] <15387> DECRYPT MSG:[<?xml version="1.0" encoding="UTF-8"?><CancelInfo>
<CancelDate>20221105</CancelDate>
<CancelTime>160946</CancelTime>
<ResultCode>120000</ResultCode>
<ResultMsg urlencode="1">%C1%A4%BB%F3%C3%B3%B8%AE%B5%C7%BE%FA%BD%C0%B4%CF%B4%D9.</ResultMsg>
</CancelInfo>]
INFO	[2022-11-05 16:09:46:464] <15387> DECRYPT PARSE OK
INFO	[2022-11-05 16:09:46:464] <15387> END cancel 정상처리되었습니다. Laptime:[0.916sec]
INFO	[2022-11-05 16:09:46:464] <15387> ===============================================================
