INFO	[2021-12-31 14:16:42:219] <4080> START INIPHP cancel (V5036-141209)(OS:Linux2.6.32-754.11.1.el6.x86_64,PHP:5.3.3)
DEBUG	[2021-12-31 14:16:42:219] <4080> inipayhome:/home1/killdeal/public_html/shop/inicis
DEBUG	[2021-12-31 14:16:42:219] <4080> debug:false
DEBUG	[2021-12-31 14:16:42:219] <4080> type:cancel
DEBUG	[2021-12-31 14:16:42:219] <4080> mid:majorgol03
DEBUG	[2021-12-31 14:16:42:219] <4080> admin:1111
DEBUG	[2021-12-31 14:16:42:219] <4080> tid:INIMX_CARDmajorgol0320211220211040205513
DEBUG	[2021-12-31 14:16:42:219] <4080> cancelmsg:쇼핑몰 운영자 승인 취소
INFO	[2021-12-31 14:16:42:219] <4080> Check Field OK
INFO	[2021-12-31 14:16:42:219] <4080> PI PUB KEY LOAD OK []
INFO	[2021-12-31 14:16:42:219] <4080> PG PUB KEY LOAD OK [30]
INFO	[2021-12-31 14:16:42:220] <4080> MERCHANT PRIV KEY LOAD OK
INFO	[2021-12-31 14:16:42:220] <4080> MERCHANT PUB KEY LOAD OK [0]
DEBUG	[2021-12-31 14:16:42:220] <4080> MAKE ENCRYPT OK[<?xml version="1.0" encoding="UTF-8"?>
<CancelInfo>
	  <CancelTID>INIMX_CARDmajorgol0320211220211040205513</CancelTID>
	  <CancelMsg urlencode="1">%BC%EE%C7%CE%B8%F4+%BF%EE%BF%B5%C0%DA+%BD%C2%C0%CE+%C3%EB%BC%D2</CancelMsg>
	  <CancelReason/></CancelInfo>]
INFO	[2021-12-31 14:16:42:221] <4080> MAKE BODY OK
INFO	[2021-12-31 14:16:42:221] <4080> SIGN OK
INFO	[2021-12-31 14:16:42:221] <4080> MAKE HEAD OK
INFO	[2021-12-31 14:16:42:221] <4080> MSG_TO_PG:[0096200175D SHA1                   0                                      300420majorgol03                    INIMX_CARDmajorgol0320211220211040205513<?xml version="1.0" encoding="UTF-8"?>
<INIpay>
	  <CancelInfo>
	    <SessionKey>DSX+H4/iuayr5zdN9OBBGwmG/cUyTeL2bsQURVnLWeJ1cSEvxzqayTws2lMfOPsb
YiLOvZ7h9WM5e3A9bXviRKKhp6QoPpP9HMm3ckIwjBdXhSDy9h1Zo9ZKGGNADC4o
nCJhTLdvS+VqRvRozx46fpOYArW7DassT9YNAZggqRroeMjgPCrwIg==
</SessionKey>
	    <Encrypted>k4V3QOgFrDVpw/AEXUEQ+3E6L2scpoKltS3luIQyJVKjaOSIw06reXoN0b/e3/Ck
fPspxOJFDgo3fe/WOVjC6zX4xeztidiqj9BE1P1ZVxuM8MTFtQx6e3Y/5LGIXJBV
kaja0vJZKfL+zMQWEhbUnyKWls6RNF8+HP/JFUB1+DQBgVCxdOp73WFT7NG8TCEA
bfFbrCMmHRSdorRBnAsWvOz7LbQQtXucwLLMPW6JB2chagl+vLSYuL0eArAiZPQ1
LooAzHb8sWTmO6cDg6obnz/uJ5l/xDrMc5qEgUGK0Mi8GIn3cKI1hsSq/qnVOa7K
PtHqQ1vq/Pa/KHcw4syAZQ==
</Encrypted></CancelInfo>
	  <ReservedInfo>
	    <MReserved1/>
	    <MReserved2/>
	    <MReserved3/></ReservedInfo>
	  <ManageInfo>
	    <Language/>
	    <URL/>
	    <TXVersion>5036B141209canceLinux     PHPchkfake   2.6.32-754.11.1.el6.x86_64PHP:</TXVersion>
	    <TXUserID/>
	    <TXRegNum/></ManageInfo></INIpay>AJQoBgm4aFpiUKWjkgQrIHVsDJ8/anaXENo0TkoA8fOdYrGDN38Jwi1G1JgaD0/V
//5Me6qR6VvMUlb4me4bBqqgEUzlxtlqrngJlqI93WPknwCpJu9uktOCAEBPwJOR
1rjdht98Z98H7lCNmCwx+FHg1L4H64ia3keXoQHhGiZg
]
INFO	[2021-12-31 14:16:42:221] <4080> DNS LOOKUP OK(203.238.37.3:203.238.37.3:34049) laptime:0
INFO	[2021-12-31 14:16:42:224] <4080> SOCKET CONNECT OK
INFO	[2021-12-31 14:16:42:224] <4080> SEND OK
INFO	[2021-12-31 14:16:42:812] <4080> RECV OK
INFO	[2021-12-31 14:16:42:812] <4080> MSG_FROM_PG:[0093300175D SHA1                   0                                      300430majorgol03                    INIMX_CARDmajorgol0320211220211040205513<?xml version="1.0" encoding="UTF-8"?><INIpay>
<CancelInfo>
<ResultCode>120000</ResultCode>
<ResultMsg urlencode="1">%C1%A4%BB%F3%C3%B3%B8%AE%B5%C7%BE%FA%BD%C0%B4%CF%B4%D9.</ResultMsg>
<SessionKey>AHEsyovIFmvRtR9mbdi+Sn7QRCkrDJkdHjUJ2/Vc1Ld8Ry7X0TP6f51Yf7gX45yf
cDAG2YNyE8/nu/X6EOXwHRQcUgXutvYdMAuYjk9yHwx30/MBhOsz7rq/WWKv99rk
2URPOg+12Hp7l2GIMwJBhhOlLN+JR3hZUuOEenMeIRe4RXrUpG+Elog=
</SessionKey>
<Encrypted>PHdkGw0Sae/SEZMFRPEb2q5cKvqKT7eK6IrT5/XtSSTXzxYdIAl4gBx9zhqKxxtD
ZQTFcfAgHkiMtSqS7+ZiYUuVnLNXo6pX4M/lXoD0Ddj0Md3aLW8RViLTTFIkRlRq
MltRXapiGQLTcGPp5/QCdGYaSaLSmaBoslZRVGHPf1VnWztOEfMbAS8fVvmO4hfb
EmVJvqkzLWlSbJXf1KzpsyQ7hud2zX1OQN7CjyEuQpq3jH5vLlcnFMKN8FTKIsgZ
XcwCMnSF64vyjYdGQewZ9WobrrNx48fIa+wTxdUKHmIahwSTYEkpdAlUfMsVZYVc
AR51FA4p0jdG3QLOFbo5g0RTYh1azNF5
</Encrypted>
</CancelInfo>
<ManageInfo/>
<ReservedInfo>
<MReserved1 urlencode="1"/>
<MReserved2 urlencode="1"/>
<MReserved3 urlencode="1"/>
</ReservedInfo>
</INIpay>
taFzMZ5x44gu5qEQ4CCtPI2r850jEnpnZ8iv+/HkkMW1acQ/oYJycButOo5s+cBb
99UYoY9bUR0oRU+a1S35xann/FLq5yLtTidbW4dTmaYclrEAWaFD8z1X9NuNeOsV
9M4qAsnp7fX8Lc1aMiZm43dB6YfK3EbRXSc/+hwQy24=
]
INFO	[2021-12-31 14:16:42:812] <4080> VERIFY OK
INFO	[2021-12-31 14:16:42:812] <4080> PARSE HEAD OK
INFO	[2021-12-31 14:16:42:813] <4080> PARSE BODY OK
INFO	[2021-12-31 14:16:42:813] <4080> DECRYPT OK
DEBUG	[2021-12-31 14:16:42:814] <4080> DECRYPT MSG:[<?xml version="1.0" encoding="UTF-8"?><CancelInfo>
<CancelDate>20211231</CancelDate>
<CancelTime>141643</CancelTime>
<ResultCode>120000</ResultCode>
<ResultMsg urlencode="1">%C1%A4%BB%F3%C3%B3%B8%AE%B5%C7%BE%FA%BD%C0%B4%CF%B4%D9.</ResultMsg>
</CancelInfo>]
INFO	[2021-12-31 14:16:42:814] <4080> DECRYPT PARSE OK
INFO	[2021-12-31 14:16:42:814] <4080> END cancel 정상처리되었습니다. Laptime:[0.595sec]
INFO	[2021-12-31 14:16:42:814] <4080> ===============================================================
INFO	[2021-12-31 20:38:02:170] <31239> START INIPHP cancel (V5036-141209)(OS:Linux2.6.32-754.11.1.el6.x86_64,PHP:5.3.3)
DEBUG	[2021-12-31 20:38:02:170] <31239> inipayhome:/home1/killdeal/public_html/shop/inicis
DEBUG	[2021-12-31 20:38:02:170] <31239> debug:false
DEBUG	[2021-12-31 20:38:02:170] <31239> type:cancel
DEBUG	[2021-12-31 20:38:02:170] <31239> mid:majorgol03
DEBUG	[2021-12-31 20:38:02:170] <31239> admin:1111
DEBUG	[2021-12-31 20:38:02:170] <31239> tid:INIMX_CARDmajorgol0320211231203641405244
DEBUG	[2021-12-31 20:38:02:170] <31239> cancelmsg:주문자 본인 취소-상품옵션 선택 잘못함
INFO	[2021-12-31 20:38:02:171] <31239> Check Field OK
INFO	[2021-12-31 20:38:02:171] <31239> PI PUB KEY LOAD OK []
INFO	[2021-12-31 20:38:02:171] <31239> PG PUB KEY LOAD OK [30]
INFO	[2021-12-31 20:38:02:171] <31239> MERCHANT PRIV KEY LOAD OK
INFO	[2021-12-31 20:38:02:171] <31239> MERCHANT PUB KEY LOAD OK [0]
DEBUG	[2021-12-31 20:38:02:171] <31239> MAKE ENCRYPT OK[<?xml version="1.0" encoding="UTF-8"?>
<CancelInfo>
	  <CancelTID>INIMX_CARDmajorgol0320211231203641405244</CancelTID>
	  <CancelMsg urlencode="1">%C1%D6%B9%AE%C0%DA+%BA%BB%C0%CE+%C3%EB%BC%D2-%BB%F3%C7%B0%BF%C9%BC%C7+%BC%B1%C5%C3+%C0%DF%B8%F8%C7%D4</CancelMsg>
	  <CancelReason/></CancelInfo>]
INFO	[2021-12-31 20:38:02:172] <31239> MAKE BODY OK
INFO	[2021-12-31 20:38:02:172] <31239> SIGN OK
INFO	[2021-12-31 20:38:02:172] <31239> MAKE HEAD OK
INFO	[2021-12-31 20:38:02:172] <31239> MSG_TO_PG:[0101500175D SHA1                   0                                      300420majorgol03                    INIMX_CARDmajorgol0320211231203641405244<?xml version="1.0" encoding="UTF-8"?>
<INIpay>
	  <CancelInfo>
	    <SessionKey>v1lf7nIQ3gxzeEss1Pr5sC38Zvm0klcbromTgNsxCCjjQG6OIPe/nhEOpJ/VibAC
xzgoxN0KZi4mbeaerdRoU851dcN8KyRru4PubItJ1iqWUG2s5xnAjWNIld8e7PhS
eY9ywqOjIer9te+tCvMuw5+n3ClzoYSc+Aw4HVDYN/+j9bD/R57/yQ==
</SessionKey>
	    <Encrypted>T6n3Z32CnszkpEGhUnneUAvD1EcMC4zWNgWvXXqEBRaFZTR39iyLPQbwl9sVKZhc
ndy/RTahzlZeJOM0czGSzi+ixUvZAzLMBe/eJRAEBkPwetaZg8Jq/AN9gwMuDUwu
O6HfUNgreV+LFercjaFAFDCWHr8KENUvizEeUwU5yZbmDzCnA14HhTZddJmLqz13
Bc8b2lJnLPUssU8bQyJa14My2tfUbteBkArAm2AUCA/EzTSxeWIbUTrlcSWjddED
bTRpeQjM1vu55UTz4SGu2mnIGfEmWYxkOYkDej+HYap2elHoEC30Yts1s7/Qt/97
1DTgafPTrAU+b8Y28L+Cone58zlAp6v3I+gaLXr2aD6PKQdzS89BOGOIH+MuZxmg
H7OkHwkNcDg=
</Encrypted></CancelInfo>
	  <ReservedInfo>
	    <MReserved1/>
	    <MReserved2/>
	    <MReserved3/></ReservedInfo>
	  <ManageInfo>
	    <Language/>
	    <URL/>
	    <TXVersion>5036B141209canceLinux     PHPchkfake   2.6.32-754.11.1.el6.x86_64PHP:</TXVersion>
	    <TXUserID/>
	    <TXRegNum/></ManageInfo></INIpay>APF9sds5DGJCLY3G73MOkGmyDAZwrr8YjYpMczqaxqmRjGNndbJilas4ogcTbcs6
QHr3ug+jOq+wIFLRaPwKdIgZDf9GlrCovDGKPetPvjoZmh4pVVgyQJafLkEk2xUT
K7ZH4nLeui9qAXVssjemaQUmdaA4mQyTU9OVrAVBFyfq
]
INFO	[2021-12-31 20:38:02:172] <31239> DNS LOOKUP OK(203.238.37.3:203.238.37.3:34049) laptime:0
INFO	[2021-12-31 20:38:02:174] <31239> SOCKET CONNECT OK
INFO	[2021-12-31 20:38:02:174] <31239> SEND OK
INFO	[2021-12-31 20:38:02:482] <31239> RECV OK
INFO	[2021-12-31 20:38:02:482] <31239> MSG_FROM_PG:[0093300175D SHA1                   0                                      300430majorgol03                    INIMX_CARDmajorgol0320211231203641405244<?xml version="1.0" encoding="UTF-8"?><INIpay>
<CancelInfo>
<ResultCode>120000</ResultCode>
<ResultMsg urlencode="1">%C1%A4%BB%F3%C3%B3%B8%AE%B5%C7%BE%FA%BD%C0%B4%CF%B4%D9.</ResultMsg>
<SessionKey>AKW00aH0aY85GeLyYGyMx7jB1Z3TfE5O3rBTqCfdVedoVFmZEjBa0Ht1Ji9medQm
9jQ6SQqvASv22lO7Rd1Iu2X41KdtHYO8R4NVDWWRJu+4C9wS3d5dQa74zegHk+yu
bkU7agaJJa0I/MrRSrYRzMzFwrCWSAS7F5mI7JFrYIVy5XS+YgxHc38=
</SessionKey>
<Encrypted>tB95KJz1yUcZIkNXMTTWp4t/WJHEwzYdIeCECdclXlmGiJVYb2zZqvEYE2qDL6GW
ToGMXc/9vt1Gzb9FCwCd+ex4unR2MhkbrqcoNvzoLjMKpa6FEa7qAcotopRfbjq4
6RHKNV39uq7g5ehFQ+L9BA0hAEmvIuuB0IPg/J0SD1oxW/9j4nATDRp1wstlczmk
7us5kBMFqlbg+o403j6wKuIlC9dRpIEenqCeh/H/Qw/HGM+lngBvFlcJyE5rYMx7
3pf4sc2h8wNy+W0BTlWtQiw/FqYs4WV8hRns/O3EUh7A3131zSGgUWi4bv6qFaqw
goVzoWg+ueeXXGm0vHq5dM5kqp8/GuIW
</Encrypted>
</CancelInfo>
<ManageInfo/>
<ReservedInfo>
<MReserved1 urlencode="1"/>
<MReserved2 urlencode="1"/>
<MReserved3 urlencode="1"/>
</ReservedInfo>
</INIpay>
vkU1adKh5ldLwCm8oct1YbW5kmsxtRpeavcjbsTVZI99sSRgfxJD+SrtKDeq0Jzm
7hY3BP/mGRyfFyqXtwLHFVQMhwQe+Wv/hP3mXEOZMHEYhq5Hri3+w/y7mBMt6leT
321P1fmj3GPpxTeGYCs+zVXdiJ9bf/aRy1TYBauX/FU=
]
INFO	[2021-12-31 20:38:02:482] <31239> VERIFY OK
INFO	[2021-12-31 20:38:02:483] <31239> PARSE HEAD OK
INFO	[2021-12-31 20:38:02:483] <31239> PARSE BODY OK
INFO	[2021-12-31 20:38:02:484] <31239> DECRYPT OK
DEBUG	[2021-12-31 20:38:02:484] <31239> DECRYPT MSG:[<?xml version="1.0" encoding="UTF-8"?><CancelInfo>
<CancelDate>20211231</CancelDate>
<CancelTime>203802</CancelTime>
<ResultCode>120000</ResultCode>
<ResultMsg urlencode="1">%C1%A4%BB%F3%C3%B3%B8%AE%B5%C7%BE%FA%BD%C0%B4%CF%B4%D9.</ResultMsg>
</CancelInfo>]
INFO	[2021-12-31 20:38:02:484] <31239> DECRYPT PARSE OK
INFO	[2021-12-31 20:38:02:484] <31239> END cancel 정상처리되었습니다. Laptime:[0.313sec]
INFO	[2021-12-31 20:38:02:484] <31239> ===============================================================
