INFO	[2020-12-23 15:09:19:756] <23373> START INIPHP cancel (V5036-141209)(OS:Linux2.6.32-754.11.1.el6.x86_64,PHP:5.3.3)
DEBUG	[2020-12-23 15:09:19:756] <23373> inipayhome:/home1/killdeal/public_html/shop/inicis
DEBUG	[2020-12-23 15:09:19:756] <23373> debug:false
DEBUG	[2020-12-23 15:09:19:756] <23373> type:cancel
DEBUG	[2020-12-23 15:09:19:756] <23373> mid:majorgol03
DEBUG	[2020-12-23 15:09:19:756] <23373> admin:1111
DEBUG	[2020-12-23 15:09:19:756] <23373> tid:INIMX_CARDmajorgol0320201223145057354860
DEBUG	[2020-12-23 15:09:19:756] <23373> cancelmsg:주문자 본인 취소-배송이지연되고 있음
INFO	[2020-12-23 15:09:19:756] <23373> Check Field OK
INFO	[2020-12-23 15:09:19:756] <23373> PI PUB KEY LOAD OK []
INFO	[2020-12-23 15:09:19:756] <23373> PG PUB KEY LOAD OK [30]
INFO	[2020-12-23 15:09:19:756] <23373> MERCHANT PRIV KEY LOAD OK
INFO	[2020-12-23 15:09:19:756] <23373> MERCHANT PUB KEY LOAD OK [0]
DEBUG	[2020-12-23 15:09:19:757] <23373> MAKE ENCRYPT OK[<?xml version="1.0" encoding="UTF-8"?>
<CancelInfo>
	  <CancelTID>INIMX_CARDmajorgol0320201223145057354860</CancelTID>
	  <CancelMsg urlencode="1">%C1%D6%B9%AE%C0%DA+%BA%BB%C0%CE+%C3%EB%BC%D2-%B9%E8%BC%DB%C0%CC%C1%F6%BF%AC%B5%C7%B0%ED+%C0%D6%C0%BD</CancelMsg>
	  <CancelReason/></CancelInfo>]
INFO	[2020-12-23 15:09:19:757] <23373> MAKE BODY OK
INFO	[2020-12-23 15:09:19:757] <23373> SIGN OK
INFO	[2020-12-23 15:09:19:758] <23373> MAKE HEAD OK
INFO	[2020-12-23 15:09:19:758] <23373> MSG_TO_PG:[0101500175D SHA1                   0                                      300420majorgol03                    INIMX_CARDmajorgol0320201223145057354860<?xml version="1.0" encoding="UTF-8"?>
<INIpay>
	  <CancelInfo>
	    <SessionKey>aF2WnaQvf5fSv1FgTH/HXegy7Gf/nnGCngiTTnJMXNNsrtv4DJbtB9oEf8RO6rPO
9CAXWGntWS8tFduq07MRAuJ6atFBPkM4ghZU6n55euurNBAnnbnkucq2ntjUm8jE
NjDid3VxXTQSFXm0yqB8DBHJAun4WxUNcHAt9ZxGqzHjNeTFTLpCxg==
</SessionKey>
	    <Encrypted>XU2xJaER9XRKu2vIEY1w2wkiKujGixBaiDTuG+0awWqnW9bZbmZoF25b9gTEJG1d
f9C1UV7FefA5S/ScbTICp4aQDgTOL1pM08jIc8wdJkc3ebADTOCUNoJV666BuJPn
/WuEqlqJh4SDNAaMEn4vRuALybET3ioPFvk9+W8nuE0OcqiPtRxoW81IRxRsU1nE
Qq0hFEfF/aYHU9NILt9uFAPkoq8b5MiUKk2Pbn+jdwABQ6uSCIk7TtT2rGxFzMBC
bmK6wmQTiKUtsUGm5QSvDmWTAhOdF+qw2u3WOS0vl9JAc0z2ydoddchxTH8iQmTp
mskTTMel5oLWY2qtfP/A8C6NNs1dVfKAT+dwDf2B8TvxhnFu+jVbTHyp5R/NPjup
Wb3LyJxDX2A=
</Encrypted></CancelInfo>
	  <ReservedInfo>
	    <MReserved1/>
	    <MReserved2/>
	    <MReserved3/></ReservedInfo>
	  <ManageInfo>
	    <Language/>
	    <URL/>
	    <TXVersion>5036B141209canceLinux     PHPchkfake   2.6.32-754.11.1.el6.x86_64PHP:</TXVersion>
	    <TXUserID/>
	    <TXRegNum/></ManageInfo></INIpay>AOC4NrcM3+IyWNIBrIdgQZjAcbLlsMdPR06byQK5qlNYJ7ImIinxC/QvYr4Wa2sO
BqgV32QhtjXgKH+AleydtjYy001q0V47c6D8VKnSocW/0MEyttIG0I2fjH9CWIQk
CBSCtzDzkRNKdFcsGIugSIKbqDDgCS5pbuVjgS5rsqyX
]
INFO	[2020-12-23 15:09:19:758] <23373> DNS LOOKUP OK(203.238.37.3:203.238.37.3:34049) laptime:0
INFO	[2020-12-23 15:09:19:761] <23373> SOCKET CONNECT OK
INFO	[2020-12-23 15:09:19:761] <23373> SEND OK
INFO	[2020-12-23 15:09:20:396] <23373> RECV OK
INFO	[2020-12-23 15:09:20:396] <23373> MSG_FROM_PG:[0093300175D SHA1                   0                                      300430majorgol03                    INIMX_CARDmajorgol0320201223145057354860<?xml version="1.0" encoding="UTF-8"?><INIpay>
<CancelInfo>
<ResultCode>120000</ResultCode>
<ResultMsg urlencode="1">%C1%A4%BB%F3%C3%B3%B8%AE%B5%C7%BE%FA%BD%C0%B4%CF%B4%D9.</ResultMsg>
<SessionKey>AN3sjg03GZweqRczbr/DV6eir8TeY2PEwpDZZjJw1aCI4vkXc00Cy829Hm9PFRsM
Pa3xTuhLY+qMtlBR+9RflkBVUCbR7j2SnuEzpzrObZrt+hJUcYvmlZ2lbqz9vZ2O
pcIVTd9sWMWkeyxKD2NmC/2vAVfzrfRDTACMsQ62Vl/DSjAsPqLc6ig=
</SessionKey>
<Encrypted>Tm8Mmrk5FJrN8VGAjy1fa+T9X85JLrgFEwmZAnK+6j4cL1aoQM6WqWKvoJBZlGY5
7S+90DjJmm6C5NE0dEJmin9g59ZiLqje9VqOHOL4Mqm4s46qYGK8DmxRbM6vhDcf
5BRPnNSNs4kEA9GFOlaOam/7ZH3Vzj7Lp9tzse690YmPtwoEkGxoGiS/yB/b0Ac+
CQkMRf+329Ow55+Iurkpxr1syhdNAhuy2j2R99x7igRUKCmvs/jfeYLM2K30tWdM
sMIL2MteIyg8YVc/eOwgBjeQc8yfppU9hpba4hP/x5TY3LaYU4L/c6HTXLp1DMVJ
DhGVK8oSz2msicBGGJT0O3WuVRSkluj3
</Encrypted>
</CancelInfo>
<ManageInfo/>
<ReservedInfo>
<MReserved1 urlencode="1"/>
<MReserved2 urlencode="1"/>
<MReserved3 urlencode="1"/>
</ReservedInfo>
</INIpay>
fhUk08G/nGB8LZIqX93yQDx1n0nxPQ2MtBW4Xemuna/RMfws8Y0laLJZzDIg8ZAb
qtMQ2lSO+b878oIabAD7Vk2aJnO7HEOnDJQm5SXmxuoeZOLGJo1FlTojh8JN4yOo
Cx6+618AmUiodUDLBbvAIRcZ13kVKd6GsYibSYetZJs=
]
INFO	[2020-12-23 15:09:20:396] <23373> VERIFY OK
INFO	[2020-12-23 15:09:20:396] <23373> PARSE HEAD OK
INFO	[2020-12-23 15:09:20:396] <23373> PARSE BODY OK
INFO	[2020-12-23 15:09:20:397] <23373> DECRYPT OK
DEBUG	[2020-12-23 15:09:20:397] <23373> DECRYPT MSG:[<?xml version="1.0" encoding="UTF-8"?><CancelInfo>
<CancelDate>20201223</CancelDate>
<CancelTime>150920</CancelTime>
<ResultCode>120000</ResultCode>
<ResultMsg urlencode="1">%C1%A4%BB%F3%C3%B3%B8%AE%B5%C7%BE%FA%BD%C0%B4%CF%B4%D9.</ResultMsg>
</CancelInfo>]
INFO	[2020-12-23 15:09:20:397] <23373> DECRYPT PARSE OK
INFO	[2020-12-23 15:09:20:397] <23373> END cancel 정상처리되었습니다. Laptime:[0.641sec]
INFO	[2020-12-23 15:09:20:397] <23373> ===============================================================
