INFO	[2024-01-05 23:23:49:385] <13113> START INIPHP cancel (V5036-141209)(OS:Linux2.6.32-754.11.1.el6.x86_64,PHP:5.3.3)
DEBUG	[2024-01-05 23:23:49:385] <13113> inipayhome:/home1/killdeal/public_html/shop/inicis
DEBUG	[2024-01-05 23:23:49:385] <13113> debug:false
DEBUG	[2024-01-05 23:23:49:385] <13113> type:cancel
DEBUG	[2024-01-05 23:23:49:385] <13113> mid:majorgol03
DEBUG	[2024-01-05 23:23:49:385] <13113> admin:1111
DEBUG	[2024-01-05 23:23:49:385] <13113> tid:INIMX_CARDmajorgol0320240105210705804502
DEBUG	[2024-01-05 23:23:49:385] <13113> cancelmsg:주문자 본인 취소-구매의사 없음
INFO	[2024-01-05 23:23:49:385] <13113> Check Field OK
INFO	[2024-01-05 23:23:49:385] <13113> PI PUB KEY LOAD OK []
INFO	[2024-01-05 23:23:49:386] <13113> PG PUB KEY LOAD OK [30]
INFO	[2024-01-05 23:23:49:386] <13113> MERCHANT PRIV KEY LOAD OK
INFO	[2024-01-05 23:23:49:387] <13113> MERCHANT PUB KEY LOAD OK [0]
DEBUG	[2024-01-05 23:23:49:387] <13113> MAKE ENCRYPT OK[<?xml version="1.0" encoding="UTF-8"?>
<CancelInfo>
	  <CancelTID>INIMX_CARDmajorgol0320240105210705804502</CancelTID>
	  <CancelMsg urlencode="1">%C1%D6%B9%AE%C0%DA+%BA%BB%C0%CE+%C3%EB%BC%D2-%B1%B8%B8%C5%C0%C7%BB%E7+%BE%F8%C0%BD</CancelMsg>
	  <CancelReason/></CancelInfo>]
INFO	[2024-01-05 23:23:49:387] <13113> MAKE BODY OK
INFO	[2024-01-05 23:23:49:388] <13113> SIGN OK
INFO	[2024-01-05 23:23:49:388] <13113> MAKE HEAD OK
INFO	[2024-01-05 23:23:49:388] <13113> MSG_TO_PG:[0099400175D SHA1                   0                                      300420majorgol03                    INIMX_CARDmajorgol0320240105210705804502<?xml version="1.0" encoding="UTF-8"?>
<INIpay>
	  <CancelInfo>
	    <SessionKey>2x8aHlANJnPqsIRQGhU/6DZsBmC5na0PawDEVj3FVE8QX7thO38/L9enOQ8tlWMr
qK07minR/gCZF/OSB57MUDZxutHN/f9zl32IhFstx3NvxW7MzKbXcrr8HcKHVVRE
BRJBtfLoHHnpXrvFjYbYnur90apB9LU+Q3tDHnRtgZlOF9H48LoPCA==
</SessionKey>
	    <Encrypted>glxwkQZ8M2Qhmd9535ctpBpPcAjXuf5hHnwbCALHk8dLTDg18kVbbLxUh32+OlMf
hFhafXON2aiKHGvqp/laXamH74fxan8RpeLVAWhV9wVLW3Bh4LA2TIrIQNTLw2hM
fAA1fMfP+m8ulsf6qaLS/6SUbZU0sYnsmSjrsN5cCYhUYJBMgkljrMce/LfsF6un
n/SRW0Tmc1nYEq3l/br+YJq3v+IOor1sh7njD/fFbC5Hc6X0ayf1NirKLDSCsGjl
f/l5vOzk/peuqOtYTi3PglaF4hBtzE+/b4fZOddK0w8ShoE2A58RoGFXz6bVaqvZ
sXo2gA/IgsY4E2l4Ma622OdQhn7/9u8DmufMY1O1Xpc9zOnrjUgFXQ==
</Encrypted></CancelInfo>
	  <ReservedInfo>
	    <MReserved1/>
	    <MReserved2/>
	    <MReserved3/></ReservedInfo>
	  <ManageInfo>
	    <Language/>
	    <URL/>
	    <TXVersion>5036B141209canceLinux     PHPchkfake   2.6.32-754.11.1.el6.x86_64PHP:</TXVersion>
	    <TXUserID/>
	    <TXRegNum/></ManageInfo></INIpay>AGRNWJR6EFb7YoE5KVYqttdwVk0m4yFho2JbZTzbW0HjFOWsjx1Vu4y8TsxdpOAH
apLODVEUHU9FecifjX4DWgNh1hjvBh8L156C0xaSX5Rx1+SuMHEpEMjel1C9HQPe
hp2Ww51FBvFG+z/qTTXLFOan4VpatZqmllDQJp2CfujB
]
INFO	[2024-01-05 23:23:49:388] <13113> DNS LOOKUP OK(203.238.37.3:203.238.37.3:34049) laptime:0
INFO	[2024-01-05 23:23:49:389] <13113> SOCKET CONNECT OK
INFO	[2024-01-05 23:23:49:390] <13113> SEND OK
INFO	[2024-01-05 23:23:49:631] <13113> RECV OK
INFO	[2024-01-05 23:23:49:631] <13113> MSG_FROM_PG:[0093300175D SHA1                   0                                      300430majorgol03                    INIMX_CARDmajorgol0320240105210705804502<?xml version="1.0" encoding="UTF-8"?><INIpay>
<CancelInfo>
<ResultCode>120000</ResultCode>
<ResultMsg urlencode="1">%C1%A4%BB%F3%C3%B3%B8%AE%B5%C7%BE%FA%BD%C0%B4%CF%B4%D9.</ResultMsg>
<SessionKey>AJxNYQlbuK+P0wNuGpZVNRZVGpg58nto2ogpkYZGX1HO0YJC63akswV0qVzvoNri
mWjo0J6pdiNTrFh4dNlUZw+mrJgxPJv2nT+zt4Ra1dwLDCtCiIgWn+qtyR+vA8um
qF11IZr6pjdn7Knd7TOh2xeBRkT1MOVQqkBNSwoH+7nKHrIvM3s1xMM=
</SessionKey>
<Encrypted>mEuEVTqblhxvwNakTzxvGkHhW4EQA81PZHbb3TzBnbIOJA9IuAsuB23qqdazjlFX
JauHAry4gDyzxWuWWgsDEihg9ECZyRbd25/x2451hoiDz9OGmJ8Fw9EV1cc9vG/m
9tpBVJS1ysuQqbxMmQZRNSdjKHM/ROApgPNH99nHcW3jG34ryHZjfN20VVk7HWsd
7qDitRU62pm346IbxF48AZ5vhIpRqzoJ5D1nGZkdqfzmjFooUTzBLRQISgY964HJ
VzBXxrGSpNn7z4nrZ6Zv9ndt32KottnjeI+AllAHmCalBe2N9/SNMqnpxwJnF9S8
kldKAFeJCXBoIZuYkxOGuWPsG5ouNVsx
</Encrypted>
</CancelInfo>
<ManageInfo/>
<ReservedInfo>
<MReserved1 urlencode="1"/>
<MReserved2 urlencode="1"/>
<MReserved3 urlencode="1"/>
</ReservedInfo>
</INIpay>
z9Tfe+qv5fqE5nZQdmC++Of+lv35dD3AKePWfSfL95BsXfxdjMcl841X4BVhIpPL
kTK8JKHvTLw/N5XLZ7j5vjtalbVzuZuUiPFfbNMhEbeY8M7wOT1iSHfN5MKI8Xu5
lVButPLLc7o/p9bojfKTJsbBsH7zfpJPv9J7yCgUXUY=
]
INFO	[2024-01-05 23:23:49:631] <13113> VERIFY OK
INFO	[2024-01-05 23:23:49:631] <13113> PARSE HEAD OK
INFO	[2024-01-05 23:23:49:632] <13113> PARSE BODY OK
INFO	[2024-01-05 23:23:49:632] <13113> DECRYPT OK
DEBUG	[2024-01-05 23:23:49:633] <13113> DECRYPT MSG:[<?xml version="1.0" encoding="UTF-8"?><CancelInfo>
<CancelDate>20240105</CancelDate>
<CancelTime>232349</CancelTime>
<ResultCode>120000</ResultCode>
<ResultMsg urlencode="1">%C1%A4%BB%F3%C3%B3%B8%AE%B5%C7%BE%FA%BD%C0%B4%CF%B4%D9.</ResultMsg>
</CancelInfo>]
INFO	[2024-01-05 23:23:49:633] <13113> DECRYPT PARSE OK
INFO	[2024-01-05 23:23:49:633] <13113> END cancel 정상처리되었습니다. Laptime:[0.247sec]
INFO	[2024-01-05 23:23:49:633] <13113> ===============================================================
