INFO	[2023-06-23 11:39:23:614] <11336> START INIPHP cancel (V5036-141209)(OS:Linux2.6.32-754.11.1.el6.x86_64,PHP:5.3.3)
DEBUG	[2023-06-23 11:39:23:614] <11336> inipayhome:/home1/killdeal/public_html/shop/inicis
DEBUG	[2023-06-23 11:39:23:614] <11336> debug:false
DEBUG	[2023-06-23 11:39:23:614] <11336> type:cancel
DEBUG	[2023-06-23 11:39:23:614] <11336> mid:fourseason
DEBUG	[2023-06-23 11:39:23:614] <11336> admin:1111
DEBUG	[2023-06-23 11:39:23:614] <11336> tid:INIMX_ISP_fourseason20230623113642365594
DEBUG	[2023-06-23 11:39:23:614] <11336> cancelmsg:주문자 본인 취소-상품옵션 선택 잘못함
INFO	[2023-06-23 11:39:23:614] <11336> Check Field OK
INFO	[2023-06-23 11:39:23:614] <11336> PI PUB KEY LOAD OK []
INFO	[2023-06-23 11:39:23:672] <11336> PG PUB KEY LOAD OK [30]
INFO	[2023-06-23 11:39:23:672] <11336> MERCHANT PRIV KEY LOAD OK
INFO	[2023-06-23 11:39:23:672] <11336> MERCHANT PUB KEY LOAD OK [0]
DEBUG	[2023-06-23 11:39:23:673] <11336> MAKE ENCRYPT OK[<?xml version="1.0" encoding="UTF-8"?>
<CancelInfo>
	  <CancelTID>INIMX_ISP_fourseason20230623113642365594</CancelTID>
	  <CancelMsg urlencode="1">%C1%D6%B9%AE%C0%DA+%BA%BB%C0%CE+%C3%EB%BC%D2-%BB%F3%C7%B0%BF%C9%BC%C7+%BC%B1%C5%C3+%C0%DF%B8%F8%C7%D4</CancelMsg>
	  <CancelReason/></CancelInfo>]
INFO	[2023-06-23 11:39:23:673] <11336> MAKE BODY OK
INFO	[2023-06-23 11:39:23:674] <11336> SIGN OK
INFO	[2023-06-23 11:39:23:674] <11336> MAKE HEAD OK
INFO	[2023-06-23 11:39:23:674] <11336> MSG_TO_PG:[0101500175D SHA1                   0                                      300420fourseason                    INIMX_ISP_fourseason20230623113642365594<?xml version="1.0" encoding="UTF-8"?>
<INIpay>
	  <CancelInfo>
	    <SessionKey>bAcKOMuk05SFCmHaEhZCyD051lf8w11xJ34KylQVNPRvTiPYPG+lHwTw28rDq+ym
5zWQ3Vxp58FpNtwCnowZ8aBrP7WQEQRR1Mgj1BVXDNW2nRUyug8ZKLGnUC5/02K7
0xLr3IdQvmpdYMnTzFT3UyWGNtLeFrMzCe9/oWREIuM+xnocz3L4LA==
</SessionKey>
	    <Encrypted>fdLavHKIENT05+d80udPUEgWtga7omJs7asGjrpjJ319a/w9hAWdI5VgVCsdEIyF
0zB0Jo6931bkK6d11eHGUQuEHMfhIgrWTzptw/bD2JJQSLUwqaGt14Fonf1+KaMh
hA2I8gvYd+9wrRj9XAMgw9BiFDoIQjLPjB+QyNW+//vE7Sd4Q6QpderqRYVtstK0
eBVkp2U+kDJHVsMM/3yCCJKBcfUWbB+NmA36Xjwhz7Oh+BtJlPK+X2J3/xPqwTjv
T9DkDkTeBgNBjYMSDhoY1FYsBwVpGMrWwythcS3Bw6/LkoyJgkl0dOZqaUDEk4uA
0rrGcfW4CIER/J2sgXEAXJA2Gk564ANSvFo46pT7l5ZP5qt7roFMtr1vkNsHYiFg
/oncJKTbLR4=
</Encrypted></CancelInfo>
	  <ReservedInfo>
	    <MReserved1/>
	    <MReserved2/>
	    <MReserved3/></ReservedInfo>
	  <ManageInfo>
	    <Language/>
	    <URL/>
	    <TXVersion>5036B141209canceLinux     PHPchkfake   2.6.32-754.11.1.el6.x86_64PHP:</TXVersion>
	    <TXUserID/>
	    <TXRegNum/></ManageInfo></INIpay>ABabtYlgQSX6tRT5qIGo39Y6wtAEUit5uM5NqFnP8p+sx+eSU+Hhl5smBLouWzNI
QKrgImekguZPfy3OqZ1FEMJrtELOmmCd31t+Ip8Cf5hPZktq/j2hgyPCZ5DO4oFz
pSdpvrSqx1owVRqpIEfTsTM1YdtTuVAcoDmRT9Utq0MC
]
INFO	[2023-06-23 11:39:23:674] <11336> DNS LOOKUP OK(203.238.37.3:203.238.37.3:34049) laptime:0
INFO	[2023-06-23 11:39:23:676] <11336> SOCKET CONNECT OK
INFO	[2023-06-23 11:39:23:676] <11336> SEND OK
INFO	[2023-06-23 11:39:24:247] <11336> RECV OK
INFO	[2023-06-23 11:39:24:247] <11336> MSG_FROM_PG:[0086100175D SHA1                   0                                      300430fourseason                    INIMX_ISP_fourseason20230623113642365594<?xml version="1.0" encoding="UTF-8"?><INIpay>
<CancelInfo>
<ResultCode>170000</ResultCode>
<ResultMsg urlencode="1">%C1%A4%BB%F3%BF%CF%B7%E1</ResultMsg>
<SessionKey>ALg3bFnumKLrZuooUa+GhHYA2ptPKMsxizY0ZVvkVas1INdyWHeqianXcXejO5/5
udzgIciZ3Lg9Odw+8aVP776v5uOU4PyvCubMRDJ0UKQe+Bn8w/zIg/Kk+oJqDjZ5
ZkufXNxZXWIRp7TdTfN50s9ievuYt3250qpT5iuqypsf9eid0KH9bt0=
</SessionKey>
<Encrypted>bcyNr3DuuXIQh78TgrZGUgmkPH+7cJSPKBK4ILpQG2fnjdDS5+zDFiIxV1rRTK+c
UTDA9t1ytmftXMm4PjGi6A69eElqVFrqImrJoGfmXPQKkEwJrAAYP53/fkg699ZZ
IEiQ286IM9ju7NdrYd4UEtXZCOd2F+UMslY3spnYlYfyQF/AdfLGa8mmwwo1HUkC
yg7VFOKKuqe1hrR6qE4pQEoo14/NzeVqfrg/Yhso+4tmx6THHtxNm8Wr05CLO4oY
VaPKlI8uCacIpqXfCFFW6Qh+MhCJKg89yGyR/3FTdaBgzrJ19LB0Gg==
</Encrypted>
</CancelInfo>
<ManageInfo/>
<ReservedInfo>
<MReserved1 urlencode="1"/>
<MReserved2 urlencode="1"/>
<MReserved3 urlencode="1"/>
</ReservedInfo>
</INIpay>
Rg0C/k1PXF+EsWPNyG6/g3k5J2lPFpvlfLhlqZBSvj3jNLB1Sq4WP4DCOkv660X+
LkWNemNsg7AYve+qfXhPHwcllfi2sOWJUtcPy8u8Wpq3KyAWZoncwJAZkckMJuRh
HCx/Tn5IHt30QguYNuLCHqnXW/X1RX5LtqHSDdKqWUw=
]
INFO	[2023-06-23 11:39:24:247] <11336> VERIFY OK
INFO	[2023-06-23 11:39:24:247] <11336> PARSE HEAD OK
INFO	[2023-06-23 11:39:24:252] <11336> PARSE BODY OK
INFO	[2023-06-23 11:39:24:253] <11336> DECRYPT OK
DEBUG	[2023-06-23 11:39:24:253] <11336> DECRYPT MSG:[<?xml version="1.0" encoding="UTF-8"?><CancelInfo>
<CancelDate>20230623</CancelDate>
<CancelTime>113924</CancelTime>
<ResultCode>170000</ResultCode>
<ResultMsg urlencode="1">%C1%A4%BB%F3%BF%CF%B7%E1</ResultMsg>
</CancelInfo>]
INFO	[2023-06-23 11:39:24:253] <11336> DECRYPT PARSE OK
INFO	[2023-06-23 11:39:24:253] <11336> END cancel 정상완료 Laptime:[0.639sec]
INFO	[2023-06-23 11:39:24:253] <11336> ===============================================================
