INFO	[2022-09-29 13:23:20:897] <13761> START INIPHP cancel (V5036-141209)(OS:Linux2.6.32-754.11.1.el6.x86_64,PHP:5.3.3)
DEBUG	[2022-09-29 13:23:20:897] <13761> inipayhome:/home1/killdeal/public_html/shop/inicis
DEBUG	[2022-09-29 13:23:20:897] <13761> debug:false
DEBUG	[2022-09-29 13:23:20:897] <13761> type:cancel
DEBUG	[2022-09-29 13:23:20:897] <13761> mid:majorgol03
DEBUG	[2022-09-29 13:23:20:897] <13761> admin:1111
DEBUG	[2022-09-29 13:23:20:897] <13761> tid:INIMX_ISP_majorgol0320220920120124585396
DEBUG	[2022-09-29 13:23:20:897] <13761> cancelmsg:¼îÇÎ¸ô ¿î¿µÀÚ ½ÂÀÎ Ãë¼Ò
INFO	[2022-09-29 13:23:20:897] <13761> Check Field OK
INFO	[2022-09-29 13:23:20:897] <13761> PI PUB KEY LOAD OK []
INFO	[2022-09-29 13:23:20:897] <13761> PG PUB KEY LOAD OK [30]
INFO	[2022-09-29 13:23:20:898] <13761> MERCHANT PRIV KEY LOAD OK
INFO	[2022-09-29 13:23:20:898] <13761> MERCHANT PUB KEY LOAD OK [0]
DEBUG	[2022-09-29 13:23:20:899] <13761> MAKE ENCRYPT OK[<?xml version="1.0" encoding="UTF-8"?>
<CancelInfo>
	  <CancelTID>INIMX_ISP_majorgol0320220920120124585396</CancelTID>
	  <CancelMsg urlencode="1">%BC%EE%C7%CE%B8%F4+%BF%EE%BF%B5%C0%DA+%BD%C2%C0%CE+%C3%EB%BC%D2</CancelMsg>
	  <CancelReason/></CancelInfo>]
INFO	[2022-09-29 13:23:20:899] <13761> MAKE BODY OK
INFO	[2022-09-29 13:23:20:899] <13761> SIGN OK
INFO	[2022-09-29 13:23:20:899] <13761> MAKE HEAD OK
INFO	[2022-09-29 13:23:20:899] <13761> MSG_TO_PG:[0096200175D SHA1                   0                                      300420majorgol03                    INIMX_ISP_majorgol0320220920120124585396<?xml version="1.0" encoding="UTF-8"?>
<INIpay>
	  <CancelInfo>
	    <SessionKey>yG/KKdXSxSj/+az8FmS++dEgow2RNRewdSLg5NUsLEnAxGATKUEwMfjUQX300oGB
axGnF8lL0StGQtGVTh2UyQEdnrRfhmtpUNIGq7tRbZ5r+iioTvP+V9ILUZOt0xwB
OVHwYUaRofmxSH+SeUKC9yZl8co2xlnkglEsxSWd82LQT42LZMQZuw==
</SessionKey>
	    <Encrypted>j/r1hRpDDlRbtw4WkSC5bg7T1qxWI9MVtI2fJyiqM9oeTeEA5PiieuuraKqgld+0
NytyHQDDhHcFoz2hhShjO6taPBN5gygbI7eiUmFNjE4wDCdpoKJcRaPr4HVj3nVd
7/XTWUGu8OipDLmUXu1NpIas7uHps6CCBpazmDFghJwq1Fuo8cpseCwpWzt0xQLn
VM+NvkPFOCwLNknl31nimiWrva8Lj5KCtP/zju0Rg1wU9CRwH3zhBql+vrWkkPis
i+DOSsGbnoMZNk9Q8y/E7unL6VU6RualzqdtLfYHDyAvf/KeW8Mv3ZDUWAwYcYZ9
fCxXgNi4V1pQRfyKpKRgIg==
</Encrypted></CancelInfo>
	  <ReservedInfo>
	    <MReserved1/>
	    <MReserved2/>
	    <MReserved3/></ReservedInfo>
	  <ManageInfo>
	    <Language/>
	    <URL/>
	    <TXVersion>5036B141209canceLinux     PHPchkfake   2.6.32-754.11.1.el6.x86_64PHP:</TXVersion>
	    <TXUserID/>
	    <TXRegNum/></ManageInfo></INIpay>AL42rdbO+oV1kDkpv+keaL2TWPLVe484FmkIqlNjwarW8K38R/orxMeBKj24U9UJ
oG6Rk2OR0wDipPEjFefM1ut9QXbKN30IwK30vCPA5TTdWU+EbT8E7ZyWEXf3qe2h
2G5OQDzyKdDr4SPR6wMa9Y9Fqxx1XKvaP1vyGNzxWOXM
]
INFO	[2022-09-29 13:23:20:899] <13761> DNS LOOKUP OK(203.238.37.3:203.238.37.3:34049) laptime:0
INFO	[2022-09-29 13:23:20:902] <13761> SOCKET CONNECT OK
INFO	[2022-09-29 13:23:20:902] <13761> SEND OK
INFO	[2022-09-29 13:23:21:373] <13761> RECV OK
INFO	[2022-09-29 13:23:21:373] <13761> MSG_FROM_PG:[0086100175D SHA1                   0                                      300430majorgol03                    INIMX_ISP_majorgol0320220920120124585396<?xml version="1.0" encoding="UTF-8"?><INIpay>
<CancelInfo>
<ResultCode>170000</ResultCode>
<ResultMsg urlencode="1">%C1%A4%BB%F3%BF%CF%B7%E1</ResultMsg>
<SessionKey>AHYwfthGtGwp0rizcUSN9UR0rZ5jX18FjTidq4kphjK5jbXI3HYj8A65NEzdRvEF
7mgkjJ0m/SbZKb3uRd0a13Wv7su7ClbT0rnPJE1IBBRFwMSNFT6FXoxRXPEplAKS
f8nJUl1Vm0Jmy2d9jP+ZF0nF6O9Z5ElbUjixhe5SF+jLSGiaC12eCXI=
</SessionKey>
<Encrypted>hkhutMKltUzLvxm+Uebn43FqnNwL+2bEAF1rScpWcGBofbQkLYikVJ7BAChteSeY
5kJl+tHy6VIFoDwkTzglLYbu/nwV/r7xh8p2idNKPfF8Te9pCI9FaKDs/IXU8QlF
ukFkrwf79qndOaboyrMgPbP6Npzicgwx1W5tRzmwJT96Vh1mK87Q7jx39NNnSpbB
JO2AVIYfCxUEImsMMQIfTgdVnWzHPfVx1ORr/KA9sY22u/D6v2IlIZVR+Yc6/hu5
+ooaqjgRS7K87pIr1IWb1MYAHkWIemIdjTF9lzBytjBALL1wZfaXcw==
</Encrypted>
</CancelInfo>
<ManageInfo/>
<ReservedInfo>
<MReserved1 urlencode="1"/>
<MReserved2 urlencode="1"/>
<MReserved3 urlencode="1"/>
</ReservedInfo>
</INIpay>
GWugs8x0q4XTNq+cy90c038XpR1+aOJhPawNeu0Y4PQFhohtx9Hvusj6cFO8+S4H
hDO9pyZuT3/u0BSf8BNA3UVS4EnZ19FvJ+h4mqMlnu+KxapAdngIZQvxu3TNhZTg
wmKPbQeBKFz3MqfknGq/jDGSbwkCeTmiCT0OJ3PUesA=
]
INFO	[2022-09-29 13:23:21:373] <13761> VERIFY OK
INFO	[2022-09-29 13:23:21:373] <13761> PARSE HEAD OK
INFO	[2022-09-29 13:23:21:373] <13761> PARSE BODY OK
INFO	[2022-09-29 13:23:21:374] <13761> DECRYPT OK
DEBUG	[2022-09-29 13:23:21:374] <13761> DECRYPT MSG:[<?xml version="1.0" encoding="UTF-8"?><CancelInfo>
<CancelDate>20220929</CancelDate>
<CancelTime>132320</CancelTime>
<ResultCode>170000</ResultCode>
<ResultMsg urlencode="1">%C1%A4%BB%F3%BF%CF%B7%E1</ResultMsg>
</CancelInfo>]
INFO	[2022-09-29 13:23:21:374] <13761> DECRYPT PARSE OK
INFO	[2022-09-29 13:23:21:374] <13761> END cancel Á¤»ó¿Ï·á Laptime:[0.477sec]
INFO	[2022-09-29 13:23:21:374] <13761> ===============================================================
