INFO	[2022-11-02 13:24:37:841] <8431> START INIPHP receipt (V5036-141209)(OS:Linux2.6.32-754.11.1.el6.x86_64,PHP:5.3.3)
DEBUG	[2022-11-02 13:24:37:841] <8431> inipayhome:/home1/killdeal/public_html/shop/inicis
DEBUG	[2022-11-02 13:24:37:841] <8431> debug:false
DEBUG	[2022-11-02 13:24:37:841] <8431> type:receipt
DEBUG	[2022-11-02 13:24:37:841] <8431> pgid:INIphpRECP
DEBUG	[2022-11-02 13:24:37:841] <8431> paymethod:CASH
DEBUG	[2022-11-02 13:24:37:841] <8431> currency:WON
DEBUG	[2022-11-02 13:24:37:841] <8431> admin:1111
DEBUG	[2022-11-02 13:24:37:841] <8431> mid:fourseason
DEBUG	[2022-11-02 13:24:37:841] <8431> goodname:핫딜2더즌총24구2022프로기아PRGRNEW소프트디스턴스골프공
DEBUG	[2022-11-02 13:24:37:841] <8431> cr_price:35900
DEBUG	[2022-11-02 13:24:37:841] <8431> sup_price:32636
DEBUG	[2022-11-02 13:24:37:841] <8431> tax:3264
DEBUG	[2022-11-02 13:24:37:841] <8431> srvc_price:0
DEBUG	[2022-11-02 13:24:37:841] <8431> buyername:이서린
DEBUG	[2022-11-02 13:24:37:841] <8431> buyeremail:rin2298@naver.com
DEBUG	[2022-11-02 13:24:37:841] <8431> buyertel:01099890510
DEBUG	[2022-11-02 13:24:37:841] <8431> reg_num:01099890510
DEBUG	[2022-11-02 13:24:37:841] <8431> useopt:0
DEBUG	[2022-11-02 13:24:37:841] <8431> companynumber:
INFO	[2022-11-02 13:24:37:841] <8431> Check Field OK
INFO	[2022-11-02 13:24:37:841] <8431> Make TID OK INIphpRECPfourseason20221102132437418292
INFO	[2022-11-02 13:24:37:841] <8431> PI PUB KEY LOAD OK []
INFO	[2022-11-02 13:24:37:842] <8431> PG PUB KEY LOAD OK [30]
INFO	[2022-11-02 13:24:37:842] <8431> MERCHANT PRIV KEY LOAD OK
INFO	[2022-11-02 13:24:37:843] <8431> MERCHANT PUB KEY LOAD OK [0]
DEBUG	[2022-11-02 13:24:37:843] <8431> MAKE ENCRYPT OK[<?xml version="1.0" encoding="UTF-8"?>
<PaymentInfo>
	  <Payment>
	    <CASH>
	      <CSHR_ApplPrice>35900</CSHR_ApplPrice>
	      <CSHR_SupplyPrice>32636</CSHR_SupplyPrice>
	      <CSHR_Tax>3264</CSHR_Tax>
	      <CSHR_ServicePrice/>
	      <CSHR_Type>0</CSHR_Type>
	      <CSHR_RegNum>01099890510</CSHR_RegNum>
	      <CSHR_CompanyNum/></CASH></Payment></PaymentInfo>]
INFO	[2022-11-02 13:24:37:844] <8431> MAKE BODY OK
INFO	[2022-11-02 13:24:37:844] <8431> SIGN OK
INFO	[2022-11-02 13:24:37:844] <8431> MAKE HEAD OK
INFO	[2022-11-02 13:24:37:844] <8431> MSG_TO_PG:[0196800175D SHA1                   0                                      300200fourseason               35900INIphpRECPfourseason20221102132437418292<?xml version="1.0" encoding="UTF-8"?>
<INIpay>
	  <GoodsInfo>
	    <GoodsCnt>1</GoodsCnt>
	    <MOID/>
	    <Currency>WON</Currency>
	    <Tax>3264</Tax>
	    <TaxFree/>
	    <Goods>
	      <SMID>fourseason</SMID>
	      <GoodsName urlencode="1">%C7%D6%B5%F42%B4%F5%C1%F0%C3%D124%B1%B82022%C7%C1%B7%CE%B1%E2%BE%C6PRGRNEW%BC%D2%C7%C1%C6%AE%B5%F0%BD%BA%C5%CF%BD%BA%B0%F1%C7%C1%B0%F8</GoodsName>
	      <GoodsPrice>35900</GoodsPrice></Goods></GoodsInfo>
	  <BuyerInfo>
	    <BuyerName urlencode="1">%C0%CC%BC%AD%B8%B0</BuyerName>
	    <BuyerTel>01099890510</BuyerTel>
	    <BuyerEmail urlencode="1">rin2298%40naver.com</BuyerEmail>
	    <ParentEmail/>
	    <RecvName/>
	    <RecvTel/>
	    <RecvMsg/>
	    <RecvAddr/>
	    <RecvPostNum/></BuyerInfo>
	  <PaymentInfo>
	    <Payment>
	      <PayMethod>CASH</PayMethod>
	      <JoinCard/>
	      <JoinExpire/>
	      <MailOrder/>
	      <SessionKey>bx4eL138RTcbW+f5ZfefZ12s0jF0IJglEL7z+ymOu2cs2kFiycI5o53gnHdZWcpf
rAqJUP5vLjkwgwApkWmRDNyt6CysAomt2jsbJzU4h47fnvDukZlQe4nr+i7VOEl5
8MmI2HUKLVWf6h0dKHw+sKOQ0BL1R4BpCkPKHTuuqi4SI8jhTVQQQw==
</SessionKey>
	      <Encrypted>JrUIxFQOE2nn1HlTQ7AOSk9YOvpjXKljI0GKi2jFfjYlatMPS/z3kEYenX10/Tn9
oQeGqVZvWoy46FBdGTtln/+Z8huFEEl7b2xHwWylM16X0fN1BYNfkf9VYYjDMMCl
DqXRmo/66u3HWI9G8G/WtocpL5yqWlPKSUdgAZ+9lyESFiHBkhbcgwvCCZZrafsD
EpOxw8AGb9ZFWWa6qn2r+LRoksUcYNcdNjkT8gQeU5ZjGaHhOSvL+lIH+FoT1spb
ygF3PJ4s6LrmUYRSsGACaXP0+n39dwUh7YXz4guiQ630RGhytvwUnGa7sqombLxi
I3TC2vjrfu8/4ITd/F7zyp+7VtCD/PxKRO/YE4dnk7r7sNR8bgextU8tiSmZyYzQ
SkgTRptcAp/Js8kU/Fumr6IrJXYzNgyZsf/pSHvGaTXjqHVqtFnbQ2ggIIhsqYHg
ZehMwm9dtPl/7BYDHMrgV6P+Kq/tfXcMrOen9pUh1Lk0yTzLjnb5xQ==
</Encrypted></Payment></PaymentInfo>
	  <ReservedInfo>
	    <MReserved1/>
	    <MReserved2/>
	    <MReserved3/></ReservedInfo>
	  <ManageInfo>
	    <Language/>
	    <URL/>
	    <TXVersion>5036B141209receiLinux     PHPchkfake   2.6.32-754.11.1.el6.x86_64PHP:</TXVersion>
	    <TXUserID/>
	    <TXRegNum/>
	    <Ack>1</Ack></ManageInfo></INIpay>AHWiq3rVJ55NF+17F0HoFyL+gwqHhYmECOnddXOg/eTpSDp7r705dFHGDlzkBWGE
KMWvYKi17bpdn/C1TYBtIgptJST/7HQs3EtR01pcGqgnhfzFzD6r940ffRY88tgq
4hmUv2ASYtp2VOOx+EMa/SDbzHvHtfQx/J8GxUufvogQ
]
INFO	[2022-11-02 13:24:37:844] <8431> DNS LOOKUP OK(203.238.37.3:203.238.37.3:34049) laptime:0
INFO	[2022-11-02 13:24:37:847] <8431> SOCKET CONNECT OK
INFO	[2022-11-02 13:24:37:847] <8431> SEND OK
INFO	[2022-11-02 13:24:37:965] <8431> RECV OK
INFO	[2022-11-02 13:24:37:965] <8431> MSG_FROM_PG:[0170400175D SHA1                   0                                      300210fourseason               35900INIphpRECPfourseason20221102132437418292<?xml version="1.0" encoding="UTF-8"?><INIpay>
<GoodsInfo>
<GoodsCnt>1</GoodsCnt>
<MOID urlencode="1"/>
<Currency>WON</Currency>
<Goods no="1">
<SMID>fourseason</SMID>
<GoodsName urlencode="1">%C7%D6%B5%F42%B4%F5%C1%F0%C3%D124%B1%B82022%C7%C1%B7%CE%B1%E2%BE%C6PRGRNEW%BC%D2%C7%C1%C6%AE%B5%F0%BD%BA%C5%CF%BD%BA%B0%F1%C7%C1%B0%F8</GoodsName>
<GoodsCntS>1</GoodsCntS>
<GoodsPrice>35900</GoodsPrice>
</Goods>
</GoodsInfo>
<PaymentInfo>
<Payment>
<SessionKey>AGv60A2xnARIWbnUG6nHCyqtI12/1AqU8GzyIflX8Zb8IGNjkYrYS5xRnGhpyobD
M2dXR2GnwHW51bi5w3DPCIRsMjsv8KvmJ9i37BSXNpEJ7nbavpitvAKXLX6j+Rhb
H2aDZ+/Up3hIzxYNZqpkijQpOzShPL3SUJK3DEXRgx6i+by4a1ayNsE=
</SessionKey>
<Encrypted>8m9ejcA+ejJfWMG+88bNYGFs1BJiHzBAbEJNZXBFGM3AVVABrPr2Gw/MiRT88sir
yIpTFupqj/UCpdfDYYNgLrjTcHngtAqsLZ8EEhMocDM4WZK5JZNegXygyuasBkb9
uRUEFc9vAIL+Vj0DbPs0BlvzXjZVFwfIqoHmT7I+uc/gyQfkW3vRUunXlVk3y2YB
BN6Euk5STh3WbP/anUlZ+UAxNhC/ektzxn3P/Ju5zXNfTmacuVrFPal/Z7X30/Fn
j7fJg6tPNnpu3hMo/8YNWV4HWfcp/uQGvp3Nf3UmOeGaZnDHte27SGuM6SYEQ9zq
xXoqMo5FAPqDZCBRtglFHkCCRPjQS4bQppOwqU0tAkX8Guiun7oBiw6X/IQwCvAh
6EA+MCSIecZq8RqFbA9cUmpwnFeIW9IpjzfKFTbEitrVGJoMR+8bTMfzdXyAFjZZ
pp9Lerf/yXu9DmbhTP4QgeINdO5JHE9QrZjzMFEp52WGymwcIG/0h1y3dLafvecH
XoIZx7mDzTnpQpE6AGpe73R+WkKfF2PXn82qPwHFhe/XQ448srq1roO2i3Jf9LRw
jtT9tZDFhflrQFMpOqmy+irpEAlRirRZJDhCqcJtbiusGeAML2i2nxD1aOB8mX1A
r63+8Ow3kLBaAxvPytlBvTXEFXZAj6lrr1dWzJXxKUXf/SalcQHLvg==
</Encrypted>
<PayMethod>CASH</PayMethod>
<ResultCode>220000</ResultCode>
<ResultMsg urlencode="1">%C1%A4%BB%F3%C3%B3%B8%AE%B5%C7%BE%FA%BD%C0%B4%CF%B4%D9.</ResultMsg>
</Payment>
</PaymentInfo>
<ManageInfo/>
<ReservedInfo>
<MReserved1 urlencode="1"/>
<MReserved2 urlencode="1"/>
<MReserved3 urlencode="1"/>
</ReservedInfo>
</INIpay>
mQx7Oibgccai0OITToZ6yRKJkYJhqsEfuZNX2yJYxwxZH21ui7HbW8bJGiV981mj
RQ/HkCDFkyPnQrNsIMJ2HIVoat1Tjlw3D2sauUN3uNQ78sfechpIi3b5rN4J1bat
jDbekjXTRKEfT6Ovi4zzjVoEimJLf1ak/1DwgQJ2W80=
]
INFO	[2022-11-02 13:24:37:965] <8431> VERIFY OK
INFO	[2022-11-02 13:24:37:965] <8431> PARSE HEAD OK
INFO	[2022-11-02 13:24:37:965] <8431> PARSE BODY OK
INFO	[2022-11-02 13:24:37:966] <8431> DECRYPT OK
DEBUG	[2022-11-02 13:24:37:966] <8431> DECRYPT MSG:[<?xml version="1.0" encoding="UTF-8"?><PaymentInfo>
<Payment>
<CASH>
<CSHR_ApplPrice>35900</CSHR_ApplPrice>
<CSHR_SupplyPrice>32636</CSHR_SupplyPrice>
<CSHR_Tax>3264</CSHR_Tax>
<CSHR_ServicePrice/>
<CSHR_Type>0</CSHR_Type>
<CSHR_ApplDate>20221102</CSHR_ApplDate>
<CSHR_ApplTime>132437</CSHR_ApplTime>
<CSHR_ApplNum>266407014</CSHR_ApplNum>
<CSHR_ResultCode>220000</CSHR_ResultCode>
<CSHR_ResultMsg urlencode="1">%C1%A4%BB%F3%C3%B3%B8%AE%B5%C7%BE%FA%BD%C0%B4%CF%B4%D9.</CSHR_ResultMsg>
</CASH>
</Payment>
</PaymentInfo>]
INFO	[2022-11-02 13:24:37:966] <8431> DECRYPT PARSE OK
INFO	[2022-11-02 13:24:37:966] <8431> WAIT ACK INVOKING
DEBUG	[2022-11-02 13:24:37:966] <8431> MAKE HEAD OK
INFO	[2022-11-02 13:24:37:970] <8431> SUCCESS ACK INVOKING
INFO	[2022-11-02 13:24:37:970] <8431> END receipt 정상처리되었습니다. Laptime:[0.129sec]
INFO	[2022-11-02 13:24:37:970] <8431> ===============================================================
