INFO	[2022-11-08 11:59:27:278] <27843> START INIPHP receipt (V5036-141209)(OS:Linux2.6.32-754.11.1.el6.x86_64,PHP:5.3.3)
DEBUG	[2022-11-08 11:59:27:278] <27843> inipayhome:/home1/killdeal/public_html/shop/inicis
DEBUG	[2022-11-08 11:59:27:278] <27843> debug:false
DEBUG	[2022-11-08 11:59:27:278] <27843> type:receipt
DEBUG	[2022-11-08 11:59:27:278] <27843> pgid:INIphpRECP
DEBUG	[2022-11-08 11:59:27:278] <27843> paymethod:CASH
DEBUG	[2022-11-08 11:59:27:278] <27843> currency:WON
DEBUG	[2022-11-08 11:59:27:278] <27843> admin:1111
DEBUG	[2022-11-08 11:59:27:278] <27843> mid:majorgol03
DEBUG	[2022-11-08 11:59:27:278] <27843> goodname:핫딜JDX남성앞판사선반집업방풍스웨터X1RWSPM44
DEBUG	[2022-11-08 11:59:27:278] <27843> cr_price:67600
DEBUG	[2022-11-08 11:59:27:278] <27843> sup_price:61455
DEBUG	[2022-11-08 11:59:27:278] <27843> tax:6145
DEBUG	[2022-11-08 11:59:27:278] <27843> srvc_price:0
DEBUG	[2022-11-08 11:59:27:278] <27843> buyername:김기선
DEBUG	[2022-11-08 11:59:27:278] <27843> buyeremail:su421078@naver.com
DEBUG	[2022-11-08 11:59:27:278] <27843> buyertel:01094377289
DEBUG	[2022-11-08 11:59:27:278] <27843> reg_num:01094377289
DEBUG	[2022-11-08 11:59:27:278] <27843> useopt:0
DEBUG	[2022-11-08 11:59:27:278] <27843> companynumber:
INFO	[2022-11-08 11:59:27:278] <27843> Check Field OK
INFO	[2022-11-08 11:59:27:278] <27843> Make TID OK INIphpRECPmajorgol0320221108115927784615
INFO	[2022-11-08 11:59:27:278] <27843> PI PUB KEY LOAD OK []
INFO	[2022-11-08 11:59:27:279] <27843> PG PUB KEY LOAD OK [30]
INFO	[2022-11-08 11:59:27:279] <27843> MERCHANT PRIV KEY LOAD OK
INFO	[2022-11-08 11:59:27:279] <27843> MERCHANT PUB KEY LOAD OK [0]
DEBUG	[2022-11-08 11:59:27:279] <27843> MAKE ENCRYPT OK[<?xml version="1.0" encoding="UTF-8"?>
<PaymentInfo>
	  <Payment>
	    <CASH>
	      <CSHR_ApplPrice>67600</CSHR_ApplPrice>
	      <CSHR_SupplyPrice>61455</CSHR_SupplyPrice>
	      <CSHR_Tax>6145</CSHR_Tax>
	      <CSHR_ServicePrice/>
	      <CSHR_Type>0</CSHR_Type>
	      <CSHR_RegNum>01094377289</CSHR_RegNum>
	      <CSHR_CompanyNum/></CASH></Payment></PaymentInfo>]
INFO	[2022-11-08 11:59:27:280] <27843> MAKE BODY OK
INFO	[2022-11-08 11:59:27:280] <27843> SIGN OK
INFO	[2022-11-08 11:59:27:280] <27843> MAKE HEAD OK
INFO	[2022-11-08 11:59:27:280] <27843> MSG_TO_PG:[0194300175D SHA1                   0                                      300200majorgol03               67600INIphpRECPmajorgol0320221108115927784615<?xml version="1.0" encoding="UTF-8"?>
<INIpay>
	  <GoodsInfo>
	    <GoodsCnt>1</GoodsCnt>
	    <MOID/>
	    <Currency>WON</Currency>
	    <Tax>6145</Tax>
	    <TaxFree/>
	    <Goods>
	      <SMID>majorgol03</SMID>
	      <GoodsName urlencode="1">%C7%D6%B5%F4JDX%B3%B2%BC%BA%BE%D5%C6%C7%BB%E7%BC%B1%B9%DD%C1%FD%BE%F7%B9%E6%C7%B3%BD%BA%BF%FE%C5%CDX1RWSPM44</GoodsName>
	      <GoodsPrice>67600</GoodsPrice></Goods></GoodsInfo>
	  <BuyerInfo>
	    <BuyerName urlencode="1">%B1%E8%B1%E2%BC%B1</BuyerName>
	    <BuyerTel>01094377289</BuyerTel>
	    <BuyerEmail urlencode="1">su421078%40naver.com</BuyerEmail>
	    <ParentEmail/>
	    <RecvName/>
	    <RecvTel/>
	    <RecvMsg/>
	    <RecvAddr/>
	    <RecvPostNum/></BuyerInfo>
	  <PaymentInfo>
	    <Payment>
	      <PayMethod>CASH</PayMethod>
	      <JoinCard/>
	      <JoinExpire/>
	      <MailOrder/>
	      <SessionKey>NA0taUmEhNlxWdaLh1vPUtTRuq7sfWYYswAPg9Z4dLayn0mPdj7q/7FdRcZKPJlo
h1L1R9VDwj9LutnO7QqF9VVSR25dWL0bqUFo4qu7T+j0EJ5X1fjmewltduun/Rmr
zDkq4rVm5UB8RY6FdvAZ2yTBjRWzF4tGApfMpMA1PpGmjYzRflydCA==
</SessionKey>
	      <Encrypted>m6D0woG99ySlYIuvIsqG8rN0yqCyKUYY7NQbAHg8MHatj0keUgRxIg52mSOFyedB
IQfREhN5tc6CXSyhAmK9MMJMpZUX6qiaz6bT1xwLmbIgbt4j8ea97UTJJvBE+5Z2
sbYfZ0Y2HAxXiqb2U8SkougUEqr87+LZQtPfsWjglb0aMjW3f4Vqx/NxpYlvZhTK
/qFABQIEuV66UP7Ja/gXCSYXd33Kbgh1KLye5FHhPjAqlxEivHyNzJ+8fZ6EzrXO
8V95cpPmbtrHTmzSxd79En8t29RmIVcMf8IK+fLb7s1rdjXI+b8vVvUHSHXs7QZP
HIR/UEMxAfzT+tB64l87XboffGmRj35D+l3Qk1JpkZ9n2Kb87CdG1/GUkgwK3ndV
Y1ogv450D7je5AdRoV9TmWD12hpShzdlkeTsuey3MBFuWgng/ufjrTegvbK0KtaE
gpsC3H4XXsQpm04lYodb01IOnX4yd/EBxnXbtspdDh06f1aXnRxCfw==
</Encrypted></Payment></PaymentInfo>
	  <ReservedInfo>
	    <MReserved1/>
	    <MReserved2/>
	    <MReserved3/></ReservedInfo>
	  <ManageInfo>
	    <Language/>
	    <URL/>
	    <TXVersion>5036B141209receiLinux     PHPchkfake   2.6.32-754.11.1.el6.x86_64PHP:</TXVersion>
	    <TXUserID/>
	    <TXRegNum/>
	    <Ack>1</Ack></ManageInfo></INIpay>AA1FPsS8JFYwQjxrNYJFSDiEdy+NEb8w58vFGObH7w2biz93eb2HHIJKsr8gZr7Z
0CCpc1U4cXfVyMl5hTds00eeOmqRA5Dy+vQh7o30DPaxsm40GzEHtjJjo1NdIRU+
ouPiOoXd3ccrNDdepjcC/zHapxptqJYRWYvj6RBNJmCA
]
INFO	[2022-11-08 11:59:27:280] <27843> DNS LOOKUP OK(203.238.37.3:203.238.37.3:34049) laptime:0
INFO	[2022-11-08 11:59:27:283] <27843> SOCKET CONNECT OK
INFO	[2022-11-08 11:59:27:283] <27843> SEND OK
INFO	[2022-11-08 11:59:27:389] <27843> RECV OK
INFO	[2022-11-08 11:59:27:389] <27843> MSG_FROM_PG:[0167800175D SHA1                   0                                      300210majorgol03               67600INIphpRECPmajorgol0320221108115927784615<?xml version="1.0" encoding="UTF-8"?><INIpay>
<GoodsInfo>
<GoodsCnt>1</GoodsCnt>
<MOID urlencode="1"/>
<Currency>WON</Currency>
<Goods no="1">
<SMID>majorgol03</SMID>
<GoodsName urlencode="1">%C7%D6%B5%F4JDX%B3%B2%BC%BA%BE%D5%C6%C7%BB%E7%BC%B1%B9%DD%C1%FD%BE%F7%B9%E6%C7%B3%BD%BA%BF%FE%C5%CDX1RWSPM44</GoodsName>
<GoodsCntS>1</GoodsCntS>
<GoodsPrice>67600</GoodsPrice>
</Goods>
</GoodsInfo>
<PaymentInfo>
<Payment>
<SessionKey>ABrQ8SXFm3LUay/TZP04Ja1lX6H+OLcLQHd2UnjLQH/k+SpBfSnLp7SCzNpGnho1
9NxyGwRDqVbHepqwyOIBabue6kes896iuCCF/E1XvC1LFG8D6mBGfz+4RHpORuE7
Q+97apIwmBZKE0HpjoaqkWNMSHvw6/x/xCbIFcUuL0oLo/9mkSEcIJU=
</SessionKey>
<Encrypted>9SRIig255KMlYYup1E9QTCRtX2vhKw6Fw7L9dwoXHazKOuryovyRmGTcxBEQzAwF
FGhij69zq5Q84KrjdFZjT/srldE64PGN09yju9Zzzsasgc2S1KGs9+C4RRUHp0cN
Tt2nKm5qCdAM9qNr0GLHnNEj0vH6hsiax+fB+cr5JnvI0qSMXZSJbxxP7do7uyQN
lH4hVZvifepWsPbugtvCKVYNryAZkQFIBizKYFeIUnc1mmul9g6H1EaIk30+Flca
wzf5ciCDg4+SQipiDdGKZ1zdWvYKLebCb3hgTrmkeSA1A9v8LQeMzkf4SeYuDxCh
AZsvPakJgZeYUQxn0qc73ubOT3YHl6ZwYY36H12M7zCtHkmRSRRMRN6sp81NpiCF
ifj99K99u2V7mUyZmPu9zvG7Ix/382X+KVP5nk7KFuL+dKRGT+vSN5IvyqaZGHtc
naCEsg+MIhmEhQndKsVWCbTUIuh2K2x+b3Hy+9BiIkgV3sYGlm1l7r0+cY2RlscD
c3Pf4P/subluEPvfrsS4i/BxA9kdLP7/dFH2CqggWVKYIqlGa6/FZrjGVDarnzpz
VJvBaQnR0cZYNgSWPf3WLNZY1mO6+eO6oPggjkEeRAAowoHGMQCt8OcrWzDqEFxq
adNePA/728wfYxzKjV5xvFzBkX5FNTG2BPOzTCIBMkJSXABK8Mvmug==
</Encrypted>
<PayMethod>CASH</PayMethod>
<ResultCode>220000</ResultCode>
<ResultMsg urlencode="1">%C1%A4%BB%F3%C3%B3%B8%AE%B5%C7%BE%FA%BD%C0%B4%CF%B4%D9.</ResultMsg>
</Payment>
</PaymentInfo>
<ManageInfo/>
<ReservedInfo>
<MReserved1 urlencode="1"/>
<MReserved2 urlencode="1"/>
<MReserved3 urlencode="1"/>
</ReservedInfo>
</INIpay>
GPwWi5rEN6AZF++vqOQlak4F81jdLa48525L4Uk/fv2r1rE4F0wKJ5osfXfFM94Y
8quxwPRd19Ula0tFAPGX005d9OxddHGAKTeQBjqH1qNRtQWgZTRn+ajRut2TV4UH
qMXBcBsiRiEFyFUPnwRX3Rpilx7842ocx//9w+6PRzY=
]
INFO	[2022-11-08 11:59:27:389] <27843> VERIFY OK
INFO	[2022-11-08 11:59:27:389] <27843> PARSE HEAD OK
INFO	[2022-11-08 11:59:27:390] <27843> PARSE BODY OK
INFO	[2022-11-08 11:59:27:390] <27843> DECRYPT OK
DEBUG	[2022-11-08 11:59:27:390] <27843> DECRYPT MSG:[<?xml version="1.0" encoding="UTF-8"?><PaymentInfo>
<Payment>
<CASH>
<CSHR_ApplPrice>67600</CSHR_ApplPrice>
<CSHR_SupplyPrice>61455</CSHR_SupplyPrice>
<CSHR_Tax>6145</CSHR_Tax>
<CSHR_ServicePrice/>
<CSHR_Type>0</CSHR_Type>
<CSHR_ApplDate>20221108</CSHR_ApplDate>
<CSHR_ApplTime>115927</CSHR_ApplTime>
<CSHR_ApplNum>267130066</CSHR_ApplNum>
<CSHR_ResultCode>220000</CSHR_ResultCode>
<CSHR_ResultMsg urlencode="1">%C1%A4%BB%F3%C3%B3%B8%AE%B5%C7%BE%FA%BD%C0%B4%CF%B4%D9.</CSHR_ResultMsg>
</CASH>
</Payment>
</PaymentInfo>]
INFO	[2022-11-08 11:59:27:391] <27843> DECRYPT PARSE OK
INFO	[2022-11-08 11:59:27:391] <27843> WAIT ACK INVOKING
DEBUG	[2022-11-08 11:59:27:391] <27843> MAKE HEAD OK
INFO	[2022-11-08 11:59:27:394] <27843> SUCCESS ACK INVOKING
INFO	[2022-11-08 11:59:27:394] <27843> END receipt 정상처리되었습니다. Laptime:[0.116sec]
INFO	[2022-11-08 11:59:27:394] <27843> ===============================================================
