INFO	[2019-12-17 15:19:11:119] <6171> START INIPHP cancel (V5036-141209)(OS:Linux2.6.32-754.11.1.el6.x86_64,PHP:5.3.3)
DEBUG	[2019-12-17 15:19:11:119] <6171> inipayhome:/home/killdeal/public_html/shop/inicis
DEBUG	[2019-12-17 15:19:11:119] <6171> debug:false
DEBUG	[2019-12-17 15:19:11:119] <6171> type:cancel
DEBUG	[2019-12-17 15:19:11:119] <6171> mid:majorgol03
DEBUG	[2019-12-17 15:19:11:119] <6171> admin:1111
DEBUG	[2019-12-17 15:19:11:119] <6171> tid:INIMX_CARDiniescrow020190506153512505444
DEBUG	[2019-12-17 15:19:11:119] <6171> cancelmsg:ºÓ«Œ∏Ù øÓøµ¿⁄ Ω¬¿Œ √Îº“
INFO	[2019-12-17 15:19:11:119] <6171> Check Field OK
INFO	[2019-12-17 15:19:11:119] <6171> PI PUB KEY LOAD OK []
INFO	[2019-12-17 15:19:11:120] <6171> PG PUB KEY LOAD OK [30]
INFO	[2019-12-17 15:19:11:120] <6171> MERCHANT PRIV KEY LOAD OK
INFO	[2019-12-17 15:19:11:120] <6171> MERCHANT PUB KEY LOAD OK [0]
DEBUG	[2019-12-17 15:19:11:121] <6171> MAKE ENCRYPT OK[<?xml version="1.0" encoding="UTF-8"?>
<CancelInfo>
	  <CancelTID>INIMX_CARDiniescrow020190506153512505444</CancelTID>
	  <CancelMsg urlencode="1">%BC%EE%C7%CE%B8%F4+%BF%EE%BF%B5%C0%DA+%BD%C2%C0%CE+%C3%EB%BC%D2</CancelMsg>
	  <CancelReason/></CancelInfo>]
INFO	[2019-12-17 15:19:11:121] <6171> MAKE BODY OK
INFO	[2019-12-17 15:19:11:121] <6171> SIGN OK
INFO	[2019-12-17 15:19:11:121] <6171> MAKE HEAD OK
INFO	[2019-12-17 15:19:11:121] <6171> MSG_TO_PG:[0096200175D SHA1                   0                                      300420majorgol03                    INIMX_CARDiniescrow020190506153512505444<?xml version="1.0" encoding="UTF-8"?>
<INIpay>
	  <CancelInfo>
	    <SessionKey>JGPrwwMUVSmyTPV5rzD9Gl52lq8wQDu7K7Ug6XEt94oR3EaMUh9nsyi8XLY/Fvqf
/eGjCQ4kigb6FlM45GVRGUlzIlGwOXgJCUGDXdQQwil4Kybg/VvE3juG82Y414RS
kpBUGq9M82VbToZCuMc7kiGqj1rnuIQv8i8WIr9uGTHqP1vVCCYRnQ==
</SessionKey>
	    <Encrypted>yjpeQpxUn84DPOy6Pv/UM9nJ7LXgsGgmkpIpwTjJuaQGbi5xF84qulP4txHdeTuZ
zwkdGZZqbul82dQFiO6IRmXmByka8Z5/x4U6Ytqo+NkyRTkL7ff41dmIj+cNvaUf
TMKaxLN6fQGnwgJ3K70YmRQwYLXNc9VnNad9iFWgv6mrZh/rCY2dqdpVELOP2Kap
ufMJwGcg3mMjh21TEM2T5hO/HndU++GC2TKOYrJ0VRou8QtngxWC9bf0gDBe4UUE
Xs0A+KXJGX9whusAg/mBW4/Kh6EzJV6kxPz+zdRODjxGYspc+MHKW4cXtecBbtWE
OO/wb3OycBPsQyAOXQGN0w==
</Encrypted></CancelInfo>
	  <ReservedInfo>
	    <MReserved1/>
	    <MReserved2/>
	    <MReserved3/></ReservedInfo>
	  <ManageInfo>
	    <Language/>
	    <URL/>
	    <TXVersion>5036B141209canceLinux     PHPchkfake   2.6.32-754.11.1.el6.x86_64PHP:</TXVersion>
	    <TXUserID/>
	    <TXRegNum/></ManageInfo></INIpay>AMf+VfaINzlCyeXltvL35tVgF2LEjXdg0jlFNyJ+NBw4CyzcU0LqAzUj3+1rLt+3
A0ip81c7W9xdUijOZ9Bp0t/yZEYf9Jb2v2om+PjJLV1pTr+9RTLIedtLX0ICYZCj
z2vBwMXI3rrSYWl1w4zROxFcI4aSxfX3KIGoVjSK7sU8
]
INFO	[2019-12-17 15:19:11:121] <6171> DNS LOOKUP OK(203.238.37.3:203.238.37.3:34049) laptime:0
INFO	[2019-12-17 15:19:11:123] <6171> SOCKET CONNECT OK
INFO	[2019-12-17 15:19:11:123] <6171> SEND OK
INFO	[2019-12-17 15:19:11:318] <6171> RECV OK
INFO	[2019-12-17 15:19:11:318] <6171> MSG_FROM_PG:[0110100175D SHA1                   0                                      300430majorgol03                    INIMX_CARDiniescrow020190506153512505444<?xml version="1.0" encoding="UTF-8"?>
<INIpay>
  <CancelInfo>
    <ResultCode>400683</ResultCode>
    <ResultMsg urlencode="1">TID+%B0%A1%B8%CD%C1%A1ID+%BA%D2%C0%CF%C4%A1</ResultMsg>
    <SessionKey>AETgQHCkNW5kjLt5BG//+QwAkXR/B8rsr7b3e9HMrBj4169jStRR5saZTaX704Rz
UUUaD1x65XlMuXDn8lA9SxT3oYDvUPx2xGds30rxf6BMNr5IbEknEh9Tgey4rBcr
9fBVktdxKixPqv6Ykk2HgBzNRHKyPtel/fOvmoAJu8VgQH/Z6FvgBG0=
</SessionKey>
    <Encrypted>Erhuv6/IVTrdbjMqkymppa0S5/udbP3g5psbZcm3AeXjBZQnoX+gSPzzqynIFfGR
OaFq1i543LFitNklVuQZP/ozZGku7rGSr1Q/PtUya0RZ9BQb9uYl5lopDVBPGSGb
Kn40ZRWFzlGH27vqaJnNo6GxJVDgh+4eKj9JONGLTM2VJhrbeEKR+0Wu9+AfKMaf
bMTW0DMDI9tmlMT/EVNk8iC9PzX3rfOwcAUh8ImzxvK6jMHU8eY7MR8ict0I+JDJ
sMwPByhB+vkHqlRUZclmVQOu50UNlQhQlDVEvqgNp1n3DR6MX7c9idboZhWJOvrm
</Encrypted>
  </CancelInfo>
  <ManageInfo/>
  <ReservedInfo>
    <MReserved1 urlencode="1"></MReserved1>
    <MReserved2 urlencode="1"></MReserved2>
    <MReserved3 urlencode="1"></MReserved3>
    <PGReserved1 urlencode="1"></PGReserved1>
    <PGReserved2 urlencode="1"></PGReserved2>
    <PGReserved3 urlencode="1"></PGReserved3>
  </ReservedInfo>
</INIpay>
nsK4LMbCDZQFLIFtgh3wMM/RR/8+QyPhybgXR+2236dKrSSzQLM1n4MmmkQBgTt7
GxTAfOhF3yUCFKzHC/CjGS1Q/yTy8AyqL4sMO8RfVAhn9+5bZwqJ6dAAhCDSKuJj
XEpGruo7zjRWpUzegD52eZFcTumO6aC6nA0mQMdQM1s=
]
INFO	[2019-12-17 15:19:11:318] <6171> VERIFY OK
INFO	[2019-12-17 15:19:11:318] <6171> PARSE HEAD OK
INFO	[2019-12-17 15:19:11:319] <6171> PARSE BODY OK
INFO	[2019-12-17 15:19:11:319] <6171> DECRYPT OK
DEBUG	[2019-12-17 15:19:11:319] <6171> DECRYPT MSG:[<?xml version="1.0" encoding="UTF-8"?>
<CancelInfo>
  <CancelDate></CancelDate>
  <CancelTime></CancelTime>
  <ResultCode>400683</ResultCode>
  <ResultMsg urlencode="1">TID+%B0%A1%B8%CD%C1%A1ID+%BA%D2%C0%CF%C4%A1</ResultMsg>
</CancelInfo>]
INFO	[2019-12-17 15:19:11:319] <6171> DECRYPT PARSE OK
INFO	[2019-12-17 15:19:11:319] <6171> END cancel [400683|TID ∞°∏Õ¡°ID ∫“¿œƒ°] Laptime:[0.2sec]
INFO	[2019-12-17 15:19:11:319] <6171> ===============================================================
