INFO	[2023-05-08 14:23:56:182] <27548> START INIPHP cancel (V5036-141209)(OS:Linux2.6.32-754.11.1.el6.x86_64,PHP:5.3.3)
DEBUG	[2023-05-08 14:23:56:182] <27548> inipayhome:/home1/killdeal/public_html/shop/inicis
DEBUG	[2023-05-08 14:23:56:182] <27548> debug:false
DEBUG	[2023-05-08 14:23:56:182] <27548> type:cancel
DEBUG	[2023-05-08 14:23:56:182] <27548> mid:majorgol03
DEBUG	[2023-05-08 14:23:56:182] <27548> admin:1111
DEBUG	[2023-05-08 14:23:56:182] <27548> tid:INIMX_CARDmajorgol0320230506081648585530
DEBUG	[2023-05-08 14:23:56:182] <27548> cancelmsg:쇼핑몰 운영자 승인 취소
INFO	[2023-05-08 14:23:56:182] <27548> Check Field OK
INFO	[2023-05-08 14:23:56:182] <27548> PI PUB KEY LOAD OK []
INFO	[2023-05-08 14:23:56:183] <27548> PG PUB KEY LOAD OK [30]
INFO	[2023-05-08 14:23:56:183] <27548> MERCHANT PRIV KEY LOAD OK
INFO	[2023-05-08 14:23:56:184] <27548> MERCHANT PUB KEY LOAD OK [0]
DEBUG	[2023-05-08 14:23:56:184] <27548> MAKE ENCRYPT OK[<?xml version="1.0" encoding="UTF-8"?>
<CancelInfo>
	  <CancelTID>INIMX_CARDmajorgol0320230506081648585530</CancelTID>
	  <CancelMsg urlencode="1">%BC%EE%C7%CE%B8%F4+%BF%EE%BF%B5%C0%DA+%BD%C2%C0%CE+%C3%EB%BC%D2</CancelMsg>
	  <CancelReason/></CancelInfo>]
INFO	[2023-05-08 14:23:56:184] <27548> MAKE BODY OK
INFO	[2023-05-08 14:23:56:185] <27548> SIGN OK
INFO	[2023-05-08 14:23:56:185] <27548> MAKE HEAD OK
INFO	[2023-05-08 14:23:56:185] <27548> MSG_TO_PG:[0096200175D SHA1                   0                                      300420majorgol03                    INIMX_CARDmajorgol0320230506081648585530<?xml version="1.0" encoding="UTF-8"?>
<INIpay>
	  <CancelInfo>
	    <SessionKey>NJgRxfOzyFeWVhpLNthg3kLAjRZmx4AJFLIq7368RasMiZ3gsFHqE+D6WOpufnLA
Lvd9HdesJOMwCvHANAvbKtPI/RxL2WJwMhHxfClHq9qkI859JakXRJD1NLSjk5mx
HZlUofxV/hv9zjPnhWA8wG1y7Ssj8UlzmqH1BV/9zT+yaEuCxxyX+Q==
</SessionKey>
	    <Encrypted>nsyUnIbKt0d4ABHtS+gs03iLs2jGgil+Kpg5kSEiPLGHPgOu4eaXCPXlfnz5ThTc
eveppRTiSxV73JBCGem+mxbFPQLiIT88RB+dhjOX2iLT2WKw/z1MGnSSVi3DnE3P
4DlbEsjKq/hfGGY9EmoT3dsD66uMWoSZJO3HzzJMmbVT41BT6dqzNRfuV6sYsUAa
GTYu8Mg6TWTuwPw8xSK7or2544Xk1IWZJUpZh87qJttvTA82PDXi6Kp7EWl5eQ/r
7h15SwrjWAkYapqkCCgxB6JwikIzajpsRRjCS6pXwJ3txjZ2QvQuVziGFQWRz7Fy
2vLbQgoO0Fg4QxkbfZjRtg==
</Encrypted></CancelInfo>
	  <ReservedInfo>
	    <MReserved1/>
	    <MReserved2/>
	    <MReserved3/></ReservedInfo>
	  <ManageInfo>
	    <Language/>
	    <URL/>
	    <TXVersion>5036B141209canceLinux     PHPchkfake   2.6.32-754.11.1.el6.x86_64PHP:</TXVersion>
	    <TXUserID/>
	    <TXRegNum/></ManageInfo></INIpay>APp1k8E7sxUQwKCBlrAoX/ABz5v5vsr/4JBKeQJWGtE07vlIMOLSYr1XpAkN8Bmi
caEi6Rge+On21IFFUQ+/TcR0Vql1O/9h6FSYjj/CD3Z1bEGt4dZufPM5rXe3PWUt
30rbuQB8AgMhqfQuoMDbvzGs4YvYGXUxE875QP3F0dgS
]
INFO	[2023-05-08 14:23:56:185] <27548> DNS LOOKUP OK(203.238.37.3:203.238.37.3:34049) laptime:0
INFO	[2023-05-08 14:23:56:186] <27548> SOCKET CONNECT OK
INFO	[2023-05-08 14:23:56:186] <27548> SEND OK
INFO	[2023-05-08 14:23:57:74] <27548> RECV OK
INFO	[2023-05-08 14:23:57:74] <27548> MSG_FROM_PG:[0093300175D SHA1                   0                                      300430majorgol03                    INIMX_CARDmajorgol0320230506081648585530<?xml version="1.0" encoding="UTF-8"?><INIpay>
<CancelInfo>
<ResultCode>120000</ResultCode>
<ResultMsg urlencode="1">%C1%A4%BB%F3%C3%B3%B8%AE%B5%C7%BE%FA%BD%C0%B4%CF%B4%D9.</ResultMsg>
<SessionKey>ALqLWmawBef1IYy6/ggDmUs6J6iUDIu2T9x618UaEaU5kcjJHbuSyakOFFECljtn
G9na99sZF9WPaaJ8flKYcdr1IaoB+IpBu9VfbF/1Gi/8wDZef6if5jCAI2eRuJwH
N9Zv5yXR61lOC7ESrcyC5sUlpcbJZE1XmjJLp1oc83bkhGoTWY6zBpA=
</SessionKey>
<Encrypted>TMyb008tef/bu7N288OvDDvGyDPBtUWe5RT1xSMqIXH70Hplzf7hJMGagSbWRatk
kgoG78yRJnQKi/mf7ywVTj9PYAiBBwkoVfMgipCJmytTSucs21s30snavvv+yFeC
IeTvYwoTbv/jwu1wNDMBhmHYxtu5tpp3LgZ2ywkDa+rjWNEks8sSOVsOyxOIZdCh
uYgCC56XN1XKSdC/gzvorBl42B/8mBPhZxW34pET/jIDNrx5bcKxt+A9qFeJK76O
q28JfQE9of1jGx2bm8/StdNbWUX5Gb/qZJFP1kQrdHV2h/SpyRLZddqmFF/9BGdy
goa/th6eH4beBXn8z5B48kcOfgJ4uRz0
</Encrypted>
</CancelInfo>
<ManageInfo/>
<ReservedInfo>
<MReserved1 urlencode="1"/>
<MReserved2 urlencode="1"/>
<MReserved3 urlencode="1"/>
</ReservedInfo>
</INIpay>
hkZBW3reOSJ/4RTOflXOszkDbm9dLu8s4m5NsD8TwvuLqN2GBD7ZKkCr0QqaSAWO
vQ/kCgj5nuYbtU4iq+zzH6OMk4kr+VdyUWQld1YvEVifWea3egOXkKpbb8X2CQXO
Fku8hzFQ1AgfWC/DSzOSBVO33Vi6r+2FbINU93cyJ2g=
]
INFO	[2023-05-08 14:23:57:74] <27548> VERIFY OK
INFO	[2023-05-08 14:23:57:74] <27548> PARSE HEAD OK
INFO	[2023-05-08 14:23:57:74] <27548> PARSE BODY OK
INFO	[2023-05-08 14:23:57:75] <27548> DECRYPT OK
DEBUG	[2023-05-08 14:23:57:75] <27548> DECRYPT MSG:[<?xml version="1.0" encoding="UTF-8"?><CancelInfo>
<CancelDate>20230508</CancelDate>
<CancelTime>142356</CancelTime>
<ResultCode>120000</ResultCode>
<ResultMsg urlencode="1">%C1%A4%BB%F3%C3%B3%B8%AE%B5%C7%BE%FA%BD%C0%B4%CF%B4%D9.</ResultMsg>
</CancelInfo>]
INFO	[2023-05-08 14:23:57:75] <27548> DECRYPT PARSE OK
INFO	[2023-05-08 14:23:57:75] <27548> END cancel 정상처리되었습니다. Laptime:[0.893sec]
INFO	[2023-05-08 14:23:57:75] <27548> ===============================================================
