INFO	[2020-11-20 21:05:49:116] <16110> START INIPHP cancel (V5036-141209)(OS:Linux2.6.32-754.11.1.el6.x86_64,PHP:5.3.3)
DEBUG	[2020-11-20 21:05:49:116] <16110> inipayhome:/home1/killdeal/public_html/shop/inicis
DEBUG	[2020-11-20 21:05:49:116] <16110> debug:false
DEBUG	[2020-11-20 21:05:49:116] <16110> type:cancel
DEBUG	[2020-11-20 21:05:49:116] <16110> mid:majorgol03
DEBUG	[2020-11-20 21:05:49:116] <16110> admin:1111
DEBUG	[2020-11-20 21:05:49:116] <16110> tid:INIMX_CARDmajorgol0320201120210503614864
DEBUG	[2020-11-20 21:05:49:116] <16110> cancelmsg:주문자 본인 취소-상품옵션 선택 잘못함
INFO	[2020-11-20 21:05:49:116] <16110> Check Field OK
INFO	[2020-11-20 21:05:49:116] <16110> PI PUB KEY LOAD OK []
INFO	[2020-11-20 21:05:49:117] <16110> PG PUB KEY LOAD OK [30]
INFO	[2020-11-20 21:05:49:117] <16110> MERCHANT PRIV KEY LOAD OK
INFO	[2020-11-20 21:05:49:117] <16110> MERCHANT PUB KEY LOAD OK [0]
DEBUG	[2020-11-20 21:05:49:118] <16110> MAKE ENCRYPT OK[<?xml version="1.0" encoding="UTF-8"?>
<CancelInfo>
	  <CancelTID>INIMX_CARDmajorgol0320201120210503614864</CancelTID>
	  <CancelMsg urlencode="1">%C1%D6%B9%AE%C0%DA+%BA%BB%C0%CE+%C3%EB%BC%D2-%BB%F3%C7%B0%BF%C9%BC%C7+%BC%B1%C5%C3+%C0%DF%B8%F8%C7%D4</CancelMsg>
	  <CancelReason/></CancelInfo>]
INFO	[2020-11-20 21:05:49:118] <16110> MAKE BODY OK
INFO	[2020-11-20 21:05:49:118] <16110> SIGN OK
INFO	[2020-11-20 21:05:49:118] <16110> MAKE HEAD OK
INFO	[2020-11-20 21:05:49:118] <16110> MSG_TO_PG:[0101500175D SHA1                   0                                      300420majorgol03                    INIMX_CARDmajorgol0320201120210503614864<?xml version="1.0" encoding="UTF-8"?>
<INIpay>
	  <CancelInfo>
	    <SessionKey>b/o4GkBzOI5NY+Uk0V59kgJlBhZGLQZXXdhz1BjFHfB9bJzPERKoudek6QhNmUp6
mJTAcjR+Wb+PHDf+jKhyDyIHV73J0B0bYtBjamxRxDV5sfN2aIIomMdyANPG+bny
wTlREy09qTrmbg9EavhU8JDcBQU2KiYw/iTM+imWguMJQtkVygjb5w==
</SessionKey>
	    <Encrypted>bh3/bEN340MZv+bdbNbNrYvGjdQGVAvPrYLUbDy791A2I4U+moFTLFPRImj483oK
sUqGUxbSUXnra4FuSAlI+O892Y/t74e0ZSL35/OuGpOhV7vbna24R6ZpWrPuKAj3
v5YPpMmMFxt7b1G0kk4muVPUXrjNI9Pl+9OegwOLPLCowBiQWImOGdQbrNjiIYGv
DbMXYw1y6obfnzVE+ldOFQ/HscL553V7IxHI52Y54gHLwoEZTAxNle5DlGUquCl4
6Sm4diesrNXJHCXcReXSy8TaVSyOlZxRI3iTtiM7CgLWDY/wzhBH/DJiet6sdPPU
/5fXqY5Mx8VMUy6xAY+V2udP4kNNMBeMnIbvftVunc9i3kbv/UKZUxIIEJMQp3Au
mdmdxJ1k8yc=
</Encrypted></CancelInfo>
	  <ReservedInfo>
	    <MReserved1/>
	    <MReserved2/>
	    <MReserved3/></ReservedInfo>
	  <ManageInfo>
	    <Language/>
	    <URL/>
	    <TXVersion>5036B141209canceLinux     PHPchkfake   2.6.32-754.11.1.el6.x86_64PHP:</TXVersion>
	    <TXUserID/>
	    <TXRegNum/></ManageInfo></INIpay>ACqo1ifxOcIQag4DtR0mzGqQsKlwEQLCQO0UMxNIcZz24WuARHywM/un1W0qdwK1
kyADANAjOjZCgWW8MVngC72XHeaL3QA1ahE+UMXDW0uDAi886pWcTPLYy9LEkzk+
Jpcf4lEEiDM6PFmYXNDHwo3LExUkOE4eLvPu5NCGIg3B
]
INFO	[2020-11-20 21:05:49:118] <16110> DNS LOOKUP OK(203.238.37.3:203.238.37.3:34049) laptime:0
INFO	[2020-11-20 21:05:49:121] <16110> SOCKET CONNECT OK
INFO	[2020-11-20 21:05:49:121] <16110> SEND OK
INFO	[2020-11-20 21:05:49:728] <16110> RECV OK
INFO	[2020-11-20 21:05:49:728] <16110> MSG_FROM_PG:[0093300175D SHA1                   0                                      300430majorgol03                    INIMX_CARDmajorgol0320201120210503614864<?xml version="1.0" encoding="UTF-8"?><INIpay>
<CancelInfo>
<ResultCode>120000</ResultCode>
<ResultMsg urlencode="1">%C1%A4%BB%F3%C3%B3%B8%AE%B5%C7%BE%FA%BD%C0%B4%CF%B4%D9.</ResultMsg>
<SessionKey>ALlKMPjcp87lsnuLv0ht5KWCviikun7/sbWCA6R8v7lhg4mS6IeAGLSdFGTiVLpl
kXJxzVcm2GuOhIJxd+bm0ep6rMnpOLYs4sbbGjcQSOWRzFu8DA+Il962D1MINBMi
mKh7hAKX9SBkKignR92HVGEFii1dysFd5WeZmwUx9doPsOi/cuwkIaM=
</SessionKey>
<Encrypted>149uG8fqqTfsrde+wOFp/WTCKBrA+qTgUU9c9+ajnLNsWFxCbNRk0CptsfKgKPkX
nlZnLQwjQVmn/paCGSGdQzUr7gHUA7w+aX2CwXjzlwTEyyAC3ldFVvmw+A90VPbf
DzuXtEez6wPWtu/ZDqwgDM8OTkk/FH3D/00IkQdZOZhaLCQP4IuxeEjNHgCcoFxP
eVOuB8/9ijIITG9L8pqgHIZCGvUXswDBCsHaDJ2WoBYVQ6VW/SHgy/Wz35HdwgjZ
VJwgrqABcJnk6lvhgUELBWB8vsIboXcFh/HXUquLoNNs0VYIsQ+KqjXaxjdxStFt
mIESg7C8DgTSnPqPpsNpdxMaqPDTvcQJ
</Encrypted>
</CancelInfo>
<ManageInfo/>
<ReservedInfo>
<MReserved1 urlencode="1"/>
<MReserved2 urlencode="1"/>
<MReserved3 urlencode="1"/>
</ReservedInfo>
</INIpay>
Bs61jKbeYbpcm0r8uGGRh4KhkIYxFk9EXI4zEqcY4zdkqMY+q7JMDPPHMNLuT3WI
TiB57aI5xLQKahLRehLJht+vqkSbuFtisT819hTP7S6tliynBIPTbaUcwerZAHBp
cdFJAZsNfPjSTVfsOX1+CiVWy6eacSVcYkUPP5mNk4E=
]
INFO	[2020-11-20 21:05:49:728] <16110> VERIFY OK
INFO	[2020-11-20 21:05:49:728] <16110> PARSE HEAD OK
INFO	[2020-11-20 21:05:49:728] <16110> PARSE BODY OK
INFO	[2020-11-20 21:05:49:729] <16110> DECRYPT OK
DEBUG	[2020-11-20 21:05:49:729] <16110> DECRYPT MSG:[<?xml version="1.0" encoding="UTF-8"?><CancelInfo>
<CancelDate>20201120</CancelDate>
<CancelTime>210549</CancelTime>
<ResultCode>120000</ResultCode>
<ResultMsg urlencode="1">%C1%A4%BB%F3%C3%B3%B8%AE%B5%C7%BE%FA%BD%C0%B4%CF%B4%D9.</ResultMsg>
</CancelInfo>]
INFO	[2020-11-20 21:05:49:729] <16110> DECRYPT PARSE OK
INFO	[2020-11-20 21:05:49:729] <16110> END cancel 정상처리되었습니다. Laptime:[0.613sec]
INFO	[2020-11-20 21:05:49:729] <16110> ===============================================================
