INFO	[2023-10-27 15:28:58:959] <27959> START INIPHP repay (V5036-141209)(OS:Linux2.6.32-754.11.1.el6.x86_64,PHP:5.3.3)
DEBUG	[2023-10-27 15:28:58:959] <27959> inipayhome:/home1/killdeal/public_html/shop/inicis
DEBUG	[2023-10-27 15:28:58:959] <27959> debug:false
DEBUG	[2023-10-27 15:28:58:959] <27959> type:repay
DEBUG	[2023-10-27 15:28:58:959] <27959> pgid:INIphpRPAY
DEBUG	[2023-10-27 15:28:58:959] <27959> subpgip:203.238.3.10
DEBUG	[2023-10-27 15:28:58:959] <27959> mid:majorgol03
DEBUG	[2023-10-27 15:28:58:959] <27959> admin:1111
DEBUG	[2023-10-27 15:28:58:959] <27959> oldtid:INIMX_CARDmajorgol0320231014165458145463
DEBUG	[2023-10-27 15:28:58:959] <27959> currency:WON
DEBUG	[2023-10-27 15:28:58:959] <27959> price:75000
DEBUG	[2023-10-27 15:28:58:959] <27959> confirm_price:44900
DEBUG	[2023-10-27 15:28:58:959] <27959> buyeremail:perseus0613@naver.com
DEBUG	[2023-10-27 15:28:58:959] <27959> tax:6818
DEBUG	[2023-10-27 15:28:58:959] <27959> taxfree:0
INFO	[2023-10-27 15:28:58:959] <27959> Check Field OK
INFO	[2023-10-27 15:28:58:959] <27959> Make TID OK INIphpRPAYmajorgol0320231027152858599649
INFO	[2023-10-27 15:28:58:959] <27959> PI PUB KEY LOAD OK []
INFO	[2023-10-27 15:28:58:960] <27959> PG PUB KEY LOAD OK [30]
INFO	[2023-10-27 15:28:58:960] <27959> MERCHANT PRIV KEY LOAD OK
INFO	[2023-10-27 15:28:58:960] <27959> MERCHANT PUB KEY LOAD OK [0]
DEBUG	[2023-10-27 15:28:58:961] <27959> MAKE ENCRYPT OK[<?xml version="1.0" encoding="UTF-8"?>
<PartCancelInfo>
	  <PRTC_TID>INIMX_CARDmajorgol0320231014165458145463</PRTC_TID>
	  <PRTC_Price>75000</PRTC_Price>
	  <PRTC_Remains>44900</PRTC_Remains>
	  <PRTC_Quota/>
	  <PRTC_Interest/>
	  <PRTC_NoAcctFNBC/>
	  <PRTC_NmAcctFNBC/></PartCancelInfo>]
INFO	[2023-10-27 15:28:58:961] <27959> MAKE BODY OK
INFO	[2023-10-27 15:28:58:961] <27959> SIGN OK
INFO	[2023-10-27 15:28:58:961] <27959> MAKE HEAD OK
INFO	[2023-10-27 15:28:58:961] <27959> MSG_TO_PG:[0111700175D SHA1                   0                                      300620majorgol03               75000INIphpRPAYmajorgol0320231027152858599649<?xml version="1.0" encoding="UTF-8"?>
<INIpay>
	  <PartCancelInfo>
	    <SessionKey>r1OVkZMmwXyiNjIwBCPNHE8DC3FFZ4AlUL8mfxtj2jEhZJw2Ok/5UATrZEfymbVM
ayxlKNdWE1MgTHmrICl774K0FrRDyEsCtVsvtbpCFW2MAN1bDnX239WY7jnqMRpv
sYrsNDZ8MlC3FfrdR/OVhi3GfRd93EVWRLerflwHkA/L7+hb4fWycA==
</SessionKey>
	    <Encrypted>oq/JoXPf9m2/+ULhDgaq9iMHc+TgbbSu1lnD+PNk2bZYKrgPWyKVhp8Wbebukinj
rigmHKAEqRbyw+30PFgyKY8ef2COIOMYqepzYMnum8FmbmOMk5gWH90GWKPJ8Bqi
I3jhcp1qiQwQDk6O6PuPbEMCNLsbkiV7X3FLVV9CxM84og029JF5wZEf9ZsNgRAU
/uoZE1XaQMSYt+rDOhChIVMYZuWfWvearakJ0vVdx9FWnizR1GkRyFxA1G7BoMZ7
Kx6promXdmrkiGL9kMKTFMKQHF0UdbhjWIL1EXVvrZIO8JeNdm6HAT+vogvYUb35
BtwigxtwfaDtcZOwPTSmkDnxkaExA+sX6a4ym241xXSfF8MFUkb3TahOd3/UDUls
XJSUu/Db3u4=
</Encrypted></PartCancelInfo>
	  <GoodsInfo>
	    <Tax>6818</Tax>
	    <TaxFree/>
	    <Currency>WON</Currency></GoodsInfo>
	  <ReservedInfo>
	    <MReserved1/>
	    <MReserved2/>
	    <MReserved3/></ReservedInfo>
	  <ManageInfo>
	    <Language/>
	    <URL/>
	    <TXVersion>5036B141209repayLinux     PHPchkfake   2.6.32-754.11.1.el6.x86_64PHP:</TXVersion>
	    <TXUserID/>
	    <TXRegNum/></ManageInfo></INIpay>AL2N7qAnmrh9tknRkzfEaU6+cXIg003bfmKqpGUfTHUJ8ry2efXF0McWVqO07a9a
8mb/jxSHYg4P3tHvs5W17vxdedrBnPQwWs6iOxQtP0ecd7/f1UbI+AXbzEsZD4JL
ErJ0wCuHuHsuSl/b/GZLIF8qQCVKXbhe/zkmW5IlRbVR
]
INFO	[2023-10-27 15:28:58:961] <27959> DNS LOOKUP OK(203.238.37.3:203.238.37.3:34049) laptime:0
INFO	[2023-10-27 15:28:58:963] <27959> SOCKET CONNECT OK
INFO	[2023-10-27 15:28:58:963] <27959> SEND OK
INFO	[2023-10-27 15:28:59:209] <27959> RECV OK
INFO	[2023-10-27 15:28:59:209] <27959> MSG_FROM_PG:[0098000175D SHA1                   0                                      300630majorgol03               75000INIphpRPAYmajorgol0320231027152858599649<?xml version="1.0" encoding="UTF-8"?><INIpay>
<PartCancelInfo>
<PayMethod>Card</PayMethod>
<ResultCode>120000</ResultCode>
<ResultMsg urlencode="1">%C1%A4%BB%F3%C3%B3%B8%AE%B5%C7%BE%FA%BD%C0%B4%CF%B4%D9.</ResultMsg>
<SessionKey>ACofvt9GgUUJT+vD7WjumTd6nyRPZbNjCJicDzho3YcPXeN9c0J++fdvDwyuBLzT
Er6oW5PeKWcUNUHmExtKmEEHRNqIaJ8zyvDy3hBejAIaqc50KgnPsKoBahtR1xMn
q7yHRLsogN/3dF1o6n8xaMIRAixkpzkchfJ3VDPz2DZzf2ID8Y4b9jU=
</SessionKey>
<Encrypted>zWCAIO+AhSe5+xRgHW7Qc7UwdT23ow6jdx8/2VdX+bHEo5LYtva5SsQmFEJqb7Ub
YjvxFSXCZcFCl0FjeL/Mxe6VLuoH3eckJsofNOP3NNm2Ql2ti48qWf/FiKrkuMXp
SuJweAOrJ+lEq4/m9TqIMJkBagBuCAGsIqDwvJMJumAxa3zklaK4Rg2eVgOlP5Hx
Y7wVI1pWACNYDOKBpmVnPaJygpykOYvQ6fGEj0BP4B/SXIhVGIGfcK5antGXNUM3
EMOabUTEyogfqiwjb9vDDHcrhJCDczTec2A0OKVAzdzfxri9BKqbgJlykPjmh5/y
3v04WqRgPJF+EUcTkaZxTzw3nYnIKevIRV3ej8w2thkWRwPkGrnKsT9A9QV7d3sD
NCQSTl78CJPkZNSoiPGbYRhSEZFuSVJ9Hvy7EOZRQzHD4efZbqOvxQmDDRUcob8y
bA9GvdjUq5w=
</Encrypted>
</PartCancelInfo>
<ManageInfo/>
<ReservedInfo/>
</INIpay>
CpfdKadkWNp8fWRwU0smWJfasIvTNq0EKParte8rwGOBDaA/E74szT7FQGNvad2J
RKnr6s49TcKlFYOJZo4HbWL6Dwk5HNNM3q4kk0/r77WXIR2l+1mv4fZtJE5GLknS
4RgF38KYRTxu6F6Ir9z7cB+aZrWtLDWb5tJUDWDmmV0=
]
INFO	[2023-10-27 15:28:59:209] <27959> VERIFY OK
INFO	[2023-10-27 15:28:59:209] <27959> PARSE HEAD OK
INFO	[2023-10-27 15:28:59:209] <27959> PARSE BODY OK
INFO	[2023-10-27 15:28:59:210] <27959> DECRYPT OK
DEBUG	[2023-10-27 15:28:59:210] <27959> DECRYPT MSG:[<?xml version="1.0" encoding="UTF-8"?><PartCancelInfo>
<PRTC_TID>INIMX_CARDmajorgol0320231014165458145463</PRTC_TID>
<PRTC_Price>75000</PRTC_Price>
<PRTC_Remains>44900</PRTC_Remains>
<PRTC_Quota>03</PRTC_Quota>
<PRTC_Type>1</PRTC_Type>
<CancelDate>20231027</CancelDate>
<CancelTime>152859</CancelTime>
<PRTC_Cnt>1</PRTC_Cnt>
</PartCancelInfo>]
INFO	[2023-10-27 15:28:59:210] <27959> DECRYPT PARSE OK
INFO	[2023-10-27 15:28:59:210] <27959> END repay 정상처리되었습니다. Laptime:[0.252sec]
INFO	[2023-10-27 15:28:59:210] <27959> ===============================================================
INFO	[2023-10-27 15:29:26:262] <398> START INIPHP repay (V5036-141209)(OS:Linux2.6.32-754.11.1.el6.x86_64,PHP:5.3.3)
DEBUG	[2023-10-27 15:29:26:262] <398> inipayhome:/home1/killdeal/public_html/shop/inicis
DEBUG	[2023-10-27 15:29:26:262] <398> debug:false
DEBUG	[2023-10-27 15:29:26:262] <398> type:repay
DEBUG	[2023-10-27 15:29:26:262] <398> pgid:INIphpRPAY
DEBUG	[2023-10-27 15:29:26:262] <398> subpgip:203.238.3.10
DEBUG	[2023-10-27 15:29:26:262] <398> mid:majorgol03
DEBUG	[2023-10-27 15:29:26:262] <398> admin:1111
DEBUG	[2023-10-27 15:29:26:262] <398> oldtid:INIMX_CARDmajorgol0320231019005228754389
DEBUG	[2023-10-27 15:29:26:262] <398> currency:WON
DEBUG	[2023-10-27 15:29:26:262] <398> price:77800
DEBUG	[2023-10-27 15:29:26:262] <398> confirm_price:142700
DEBUG	[2023-10-27 15:29:26:262] <398> buyeremail:humerus1052@naver.com
DEBUG	[2023-10-27 15:29:26:262] <398> tax:7073
DEBUG	[2023-10-27 15:29:26:262] <398> taxfree:0
INFO	[2023-10-27 15:29:26:262] <398> Check Field OK
INFO	[2023-10-27 15:29:26:262] <398> Make TID OK INIphpRPAYmajorgol0320231027152926629742
INFO	[2023-10-27 15:29:26:262] <398> PI PUB KEY LOAD OK []
INFO	[2023-10-27 15:29:26:262] <398> PG PUB KEY LOAD OK [30]
INFO	[2023-10-27 15:29:26:262] <398> MERCHANT PRIV KEY LOAD OK
INFO	[2023-10-27 15:29:26:262] <398> MERCHANT PUB KEY LOAD OK [0]
DEBUG	[2023-10-27 15:29:26:263] <398> MAKE ENCRYPT OK[<?xml version="1.0" encoding="UTF-8"?>
<PartCancelInfo>
	  <PRTC_TID>INIMX_CARDmajorgol0320231019005228754389</PRTC_TID>
	  <PRTC_Price>77800</PRTC_Price>
	  <PRTC_Remains>142700</PRTC_Remains>
	  <PRTC_Quota/>
	  <PRTC_Interest/>
	  <PRTC_NoAcctFNBC/>
	  <PRTC_NmAcctFNBC/></PartCancelInfo>]
INFO	[2023-10-27 15:29:26:263] <398> MAKE BODY OK
INFO	[2023-10-27 15:29:26:264] <398> SIGN OK
INFO	[2023-10-27 15:29:26:264] <398> MAKE HEAD OK
INFO	[2023-10-27 15:29:26:264] <398> MSG_TO_PG:[0111700175D SHA1                   0                                      300620majorgol03               77800INIphpRPAYmajorgol0320231027152926629742<?xml version="1.0" encoding="UTF-8"?>
<INIpay>
	  <PartCancelInfo>
	    <SessionKey>OJCnAaYIS63RPVBsavGZGarjG4fqPuCOxks9nm/oIzsnQUc152U0n11/qtTlBm6N
SjOwNTsFwdSQV64sXBXFOEHGpH6GTha1Gor0IvxsciHyMUDYeOq02l4zssWYSRTf
9RB92+RRaAtqoZbIQBuGIqh/Dd7BDE45Wl8AN7AFfXXCKzJz5gQ0fQ==
</SessionKey>
	    <Encrypted>MPkDveURBEBNOh0mFYFGJ+yP+mU7LFQ4PbzR3PXNFuMD9HFXKV9h+7TP2BXnm3q8
u6hZ0bIMsZkItJRx4MOotsN3DpPS8gETSg3XorvTbVlXMeFmRtGpHslYqziB6iAP
8m49GS8BCgs8rsiFcFKFQEYfNx08i208YfOUQuD6oFfW2h5YwLOCG4/KhrEV8LNq
M638MQ6WtFaa5xsS6/UbkMhHVpYYITSk4sh/HmkSxvAswTSroXTUq8Q6wopLaYz2
C7AvU8me0mJNkOO3kDBCqzAGcoYy4QPefi0JatCT7Nlk/d1IUR6fNyps/coUwwto
j9pW1sj86EKBqkF+3XlkzlsPAnuW8JjEi/cbYOeSGmFHDMxOUQkOks4VT/sdf3dq
wU1Miz99Ayw=
</Encrypted></PartCancelInfo>
	  <GoodsInfo>
	    <Tax>7073</Tax>
	    <TaxFree/>
	    <Currency>WON</Currency></GoodsInfo>
	  <ReservedInfo>
	    <MReserved1/>
	    <MReserved2/>
	    <MReserved3/></ReservedInfo>
	  <ManageInfo>
	    <Language/>
	    <URL/>
	    <TXVersion>5036B141209repayLinux     PHPchkfake   2.6.32-754.11.1.el6.x86_64PHP:</TXVersion>
	    <TXUserID/>
	    <TXRegNum/></ManageInfo></INIpay>ACTlu58DYqUjpI8bdqY0XE4JoY+3c3FIyZDyD3XBPXrU1EGgdHt1sq3DwNKGL4Nj
/CDXXzzx5gbrMdjcLobbepUVUmXUtspEwatT0Nh7XngCaOXWtjLWa8+ql63YNFwX
ftSi2HB+XPDHrH5t3Jlj2fuq9pUswHKc5UHfdyqAxj/9
]
INFO	[2023-10-27 15:29:26:264] <398> DNS LOOKUP OK(203.238.37.3:203.238.37.3:34049) laptime:0
INFO	[2023-10-27 15:29:26:265] <398> SOCKET CONNECT OK
INFO	[2023-10-27 15:29:26:265] <398> SEND OK
INFO	[2023-10-27 15:29:26:403] <398> RECV OK
INFO	[2023-10-27 15:29:26:403] <398> MSG_FROM_PG:[0099200175D SHA1                   0                                      300630majorgol03               77800INIphpRPAYmajorgol0320231027152926629742<?xml version="1.0" encoding="UTF-8"?><INIpay>
<PartCancelInfo>
<PayMethod>Card</PayMethod>
<ResultCode>120000</ResultCode>
<ResultMsg urlencode="1">%C1%A4%BB%F3%C3%B3%B8%AE%B5%C7%BE%FA%BD%C0%B4%CF%B4%D9.</ResultMsg>
<SessionKey>AP7Ksg7fb2wECaQ3UHKf1a05ZEARICsndw84xWDrxINczsKT+SOBaRaUZ8Do+cJm
3t3VRwuxXUCQuYJXNiU5GiyRXqMz+kDAtwZPQudoD35nv9u/qiybLoZXzkgJAtE9
Vwny7bd9LXJFg+1ugXt618xTWAuvvX5pFWkRLeUI9H6EUgJtl/5725E=
</SessionKey>
<Encrypted>vA7HyOMoY4YnrwIhRkAg1Um286/jkwIAvlQPdFq4zlhu6iO6lCBinx2r4iDG6gq3
zYTOoqC3sj4OH+sovileADrSnjH6fCqjdLF6+WweL/FBQL+yfG8o7DaG0ux3VhX4
MxE2kjeAiKukFXRTc/xZrW756RukeABwK472VsOha7hzxKc3eozRdirH4VCKTwnp
/epdKkPXoOHlv+pTero79GLz1PQzkmn3PjA4miezq4ruLLUXlDk2REr6cxwr8W0T
lOX6QbkGJDnRsaCdaKWG+6/2gs8Qom8F95qumxJsQM/sEs8cStVSQaaCY5hJ/y3c
udfepdPB7BpVBOFi+CUP715VbNHe33X7krixjNQPrKoZDZseukUZsuoX1Soq9qZ3
bDK70XldWzbsdDIaFzMyssjDVEOEqvusQr/bFr+7Wne2Pp04PFYZ9AjLKWbzxXyR
qYFQ+e5uOABM6yKLsiMIBQ==
</Encrypted>
</PartCancelInfo>
<ManageInfo/>
<ReservedInfo/>
</INIpay>
Q/QrmtuypzRQtEip6xsLAiUUMFNx0eAoCYDNeYOoIkX6zBcGSTuwAar+XrYKHQ/I
dtt42C8+QLxFMgYmK66q/xQ0LMm52yVy/PiY9h5tOQgxGm38Pkw2Byb94bIzK44k
taTYKcFPlEg2U/xFbouH3X+ZtYSULoUcY60bhGFdQlE=
]
INFO	[2023-10-27 15:29:26:403] <398> VERIFY OK
INFO	[2023-10-27 15:29:26:403] <398> PARSE HEAD OK
INFO	[2023-10-27 15:29:26:403] <398> PARSE BODY OK
INFO	[2023-10-27 15:29:26:404] <398> DECRYPT OK
DEBUG	[2023-10-27 15:29:26:404] <398> DECRYPT MSG:[<?xml version="1.0" encoding="UTF-8"?><PartCancelInfo>
<PRTC_TID>INIMX_CARDmajorgol0320231019005228754389</PRTC_TID>
<PRTC_Price>77800</PRTC_Price>
<PRTC_Remains>142700</PRTC_Remains>
<PRTC_Quota>00</PRTC_Quota>
<PRTC_Type>1</PRTC_Type>
<CancelDate>20231027</CancelDate>
<CancelTime>152926</CancelTime>
<PRTC_Cnt>2</PRTC_Cnt>
</PartCancelInfo>]
INFO	[2023-10-27 15:29:26:404] <398> DECRYPT PARSE OK
INFO	[2023-10-27 15:29:26:404] <398> END repay 정상처리되었습니다. Laptime:[0.142sec]
INFO	[2023-10-27 15:29:26:404] <398> ===============================================================
