INFO	[2019-12-24 09:35:45:610] <23578> START INIPHP cancel (V5036-141209)(OS:Linux2.6.32-754.11.1.el6.x86_64,PHP:5.3.3)
DEBUG	[2019-12-24 09:35:45:610] <23578> inipayhome:/home/killdeal/public_html/shop/inicis
DEBUG	[2019-12-24 09:35:45:610] <23578> debug:false
DEBUG	[2019-12-24 09:35:45:610] <23578> type:cancel
DEBUG	[2019-12-24 09:35:45:610] <23578> mid:majorgol03
DEBUG	[2019-12-24 09:35:45:610] <23578> admin:1111
DEBUG	[2019-12-24 09:35:45:610] <23578> tid:StdpayVBNKmajorgol0320191223112832322289
DEBUG	[2019-12-24 09:35:45:610] <23578> cancelmsg:주문자 본인 취소-테스트
INFO	[2019-12-24 09:35:45:610] <23578> Check Field OK
INFO	[2019-12-24 09:35:45:610] <23578> PI PUB KEY LOAD OK []
INFO	[2019-12-24 09:35:45:611] <23578> PG PUB KEY LOAD OK [30]
INFO	[2019-12-24 09:35:45:611] <23578> MERCHANT PRIV KEY LOAD OK
INFO	[2019-12-24 09:35:45:611] <23578> MERCHANT PUB KEY LOAD OK [0]
DEBUG	[2019-12-24 09:35:45:612] <23578> MAKE ENCRYPT OK[<?xml version="1.0" encoding="UTF-8"?>
<CancelInfo>
	  <CancelTID>StdpayVBNKmajorgol0320191223112832322289</CancelTID>
	  <CancelMsg urlencode="1">%C1%D6%B9%AE%C0%DA+%BA%BB%C0%CE+%C3%EB%BC%D2-%C5%D7%BD%BA%C6%AE</CancelMsg>
	  <CancelReason/></CancelInfo>]
INFO	[2019-12-24 09:35:45:612] <23578> MAKE BODY OK
INFO	[2019-12-24 09:35:45:612] <23578> SIGN OK
INFO	[2019-12-24 09:35:45:612] <23578> MAKE HEAD OK
INFO	[2019-12-24 09:35:45:612] <23578> MSG_TO_PG:[0096200175D SHA1                   0                                      300420majorgol03                    StdpayVBNKmajorgol0320191223112832322289<?xml version="1.0" encoding="UTF-8"?>
<INIpay>
	  <CancelInfo>
	    <SessionKey>rX5V9LjaAU2co215D1KPyGpkpxjQc0Lv/QuAlRWzoKNPfPP2gZ5tb1lMZWMxq8tv
AJwRETi0TP5XhxK62mjwJrbSUyxExbfcx8VcIcWgohEjVS+wysCw7rAilBfLkJY+
0Pl5gspvmCnyZ+t86Vo0v36kyRl2I7/pDlkXWuRC0OeI/uQpJ3J4CA==
</SessionKey>
	    <Encrypted>9AthEs0fcw7x2x/RnmdiqRUwk5jm0eWIt9zf75ZS9DGiW/ERsXZaFe5jh8X9Gb0w
2+dGdGUVhCn3lNDupvKbPNAhZiTBDVnSNveVAOGQNPxF1rdjhXjfsTmGvmnwufiF
WxwfHnehUnWwX72SlYxOfP+ttS90WcBVlEjg6PYCAA4QRyL3/2PhlaKN2jbS3kKz
YyRLS7vVL2PXaD7oEfdCrOBm9Z0WNI2e2Iaw1rOU3LtyU87m5S2rEWn+i0HJ8J9f
9FHEeObUppev6eTc4k3AChG4ZnWHJsyRPjGWdqMEeh1XMIdxHpOt740Wa9OC/Gai
q4catIiZuyiBpWcqGi+k3w==
</Encrypted></CancelInfo>
	  <ReservedInfo>
	    <MReserved1/>
	    <MReserved2/>
	    <MReserved3/></ReservedInfo>
	  <ManageInfo>
	    <Language/>
	    <URL/>
	    <TXVersion>5036B141209canceLinux     PHPchkfake   2.6.32-754.11.1.el6.x86_64PHP:</TXVersion>
	    <TXUserID/>
	    <TXRegNum/></ManageInfo></INIpay>APlCKNYTEm8kdNqLo740zAp6IojjtIWQMsotsebrmb2PqGaXdmKRVV/JvZDUtSGP
fzTpbzOQ3wC+jQjueG6XZeuV4cZjdH7RhoXVgUkvk9eHd8ygvQQAsDFTkXAubFLs
pIVcqCHXfykP43YZZxB7El5Qy9J0vi5HSc5nyM+ELFpE
]
INFO	[2019-12-24 09:35:45:612] <23578> DNS LOOKUP OK(203.238.37.3:203.238.37.3:34049) laptime:0
INFO	[2019-12-24 09:35:45:614] <23578> SOCKET CONNECT OK
INFO	[2019-12-24 09:35:45:614] <23578> SEND OK
INFO	[2019-12-24 09:35:45:756] <23578> RECV OK
INFO	[2019-12-24 09:35:45:756] <23578> MSG_FROM_PG:[0159300175D SHA1                   0                                      300430majorgol03                    StdpayVBNKmajorgol0320191223112832322289<?xml version="1.0" encoding="UTF-8"?>
<INIpay>
  <CancelInfo>
    <ResultCode>170000</ResultCode>
    <ResultMsg urlencode="1">%C1%A4%BB%F3%C3%B3%B8%AE%B5%C7%BE%FA%BD%C0%B4%CF%B4%D9.</ResultMsg>
    <SessionKey>AKWOcK2UJS6dQ+rIOKD0DnuH3xSs5M/NRAIpGjzj8pJpQUQZ0tplqYJipyGdLgGP
4AiDA1/SvsUbx3ZrzuOAJlhByqgPrI1YrA4GWV0tDAQoJRc1Lk+gbaF8MUCGD6Gy
R6/A0rpnGSvtcZIwGv0KCN1OfMmMtRc2R/O4RU0UJ9GdMQL/UsF/GSs=
</SessionKey>
    <Encrypted>H1ySN6Li4JwG9+o6dm1shFhDjvf00/zs5VZavBt0WXumsABGr0UbXIQKB6E/OdEK
+kXn1D1EPfOvt17CqfbpiGR13xkru7zCqNqoj57FLLB6D97rac4yUnJIP6gKX+hM
7YBEiYcGlyqO4JlhOPkN6X3jl7mAnnc8RgvTXkGLLMhMWwhwR/b2sI6DDIiqAlQt
sPEfPtVZAOHAiBKptfgqYLnRvgA0v3owLlgvAVBpwDi4TGXwAgB8dJGQzS3jrdsS
NsU8q+O0ES33QopNljQYhR9LJcRcAo3//iE1IYE13ms+YN8Lt9YaM/DvyGmnSrUx
mlgMwbhyjJfxcxjVSkIk09NiMTkIcljt5SJcPOrDJbh72HuRdx223GIEKIukZVQ/
3lOHEfSjVX+YKOS/DD6wu11VOS33mQA2byZdLYb6P78kKHHiEwfQS/dYZRIrKEyw
Iyi1evFEMW+J7/zpdx/RLHKL7ieand8xKLtfJHnZMzgeIMzNNNMZvBxKE4FvIV6y
WtZIpP7yWueuBeI6M+Q9bVjpU15r54OBmc8ROCaGIlA3CAxhR4lAj5YFxZh9goQZ
dstZEA+Y+/652VXbJlBGushKxB6z9/T9XkcZs6BorA12TfZi/9da00Dcdc0eY4lR
V98Igw7dh72EJxhcKocrCtXSMKTwOmbN+RRQz06uDVA0ZLPKJ5dWkyF6aICzGxHG
9pHb4FBQdhLM9K5Dm5e6XZqVk4itZvhJw58MLFnXWdqV2LY/S3Zd8F3yKJ3vD+Xp
WCyCOqICIlUZNswfUM0aTA==
</Encrypted>
  </CancelInfo>
  <ManageInfo/>
  <ReservedInfo>
    <MReserved1 urlencode="1"></MReserved1>
    <MReserved2 urlencode="1"></MReserved2>
    <MReserved3 urlencode="1"></MReserved3>
    <PGReserved1 urlencode="1"></PGReserved1>
    <PGReserved2 urlencode="1"></PGReserved2>
    <PGReserved3 urlencode="1"></PGReserved3>
  </ReservedInfo>
</INIpay>
mApMV93bnDwJySovwxoJsCT2n4qIpmIf6gASFY/cOM+gJ/bMLmQ44q+SztAHllnC
66qcy1VLHPtxKrpK6Uei0dnAEAoG5s3l35vmBWMZ1vVZp/Z1lK/SQeuiEIb6R8Lf
jcCtX0D4cDneXUnVU96AbiSJV6yNN8lBG2T5l5uJvr8=
]
INFO	[2019-12-24 09:35:45:756] <23578> VERIFY OK
INFO	[2019-12-24 09:35:45:756] <23578> PARSE HEAD OK
INFO	[2019-12-24 09:35:45:756] <23578> PARSE BODY OK
INFO	[2019-12-24 09:35:45:757] <23578> DECRYPT OK
DEBUG	[2019-12-24 09:35:45:757] <23578> DECRYPT MSG:[<?xml version="1.0" encoding="UTF-8"?>
<CancelInfo>
  <CancelDate>20191224</CancelDate>
  <CancelTime>093546</CancelTime>
  <ResultCode>170000</ResultCode>
  <ResultMsg urlencode="1">%C1%A4%BB%F3%C3%B3%B8%AE%B5%C7%BE%FA%BD%C0%B4%CF%B4%D9.</ResultMsg>
  <CSHR_CancelNum></CSHR_CancelNum>
  <CSHR_CancelDate>20191224</CSHR_CancelDate>
  <CSHR_CancelTime>093546</CSHR_CancelTime>
  <CSHR_ResultCode>220000</CSHR_ResultCode>
  <CSHR_ResultMsg urlencode="1">%C1%A4%BB%F3%C3%B3%B8%AE%B5%C7%BE%FA%BD%C0%B4%CF%B4%D9.</CSHR_ResultMsg>
  <VACT_FlgRemit urlencode="1"></VACT_FlgRemit>
</CancelInfo>]
INFO	[2019-12-24 09:35:45:757] <23578> DECRYPT PARSE OK
INFO	[2019-12-24 09:35:45:757] <23578> END cancel 정상처리되었습니다. Laptime:[0.147sec]
INFO	[2019-12-24 09:35:45:757] <23578> ===============================================================
