INFO	[2021-09-06 14:32:39:938] <2100> START INIPHP repay (V5036-141209)(OS:Linux2.6.32-754.11.1.el6.x86_64,PHP:5.3.3)
DEBUG	[2021-09-06 14:32:39:938] <2100> inipayhome:/home1/killdeal/public_html/shop/inicis
DEBUG	[2021-09-06 14:32:39:938] <2100> debug:false
DEBUG	[2021-09-06 14:32:39:938] <2100> type:repay
DEBUG	[2021-09-06 14:32:39:938] <2100> pgid:INIphpRPAY
DEBUG	[2021-09-06 14:32:39:938] <2100> subpgip:203.238.3.10
DEBUG	[2021-09-06 14:32:39:938] <2100> mid:fourseason
DEBUG	[2021-09-06 14:32:39:938] <2100> admin:1111
DEBUG	[2021-09-06 14:32:39:938] <2100> oldtid:INIMX_CARDfourseason20210902101819675567
DEBUG	[2021-09-06 14:32:39:938] <2100> currency:WON
DEBUG	[2021-09-06 14:32:39:938] <2100> price:18900
DEBUG	[2021-09-06 14:32:39:938] <2100> confirm_price:270800
DEBUG	[2021-09-06 14:32:39:938] <2100> buyeremail:daeyoungj.89@gmail.com
DEBUG	[2021-09-06 14:32:39:938] <2100> tax:1718
DEBUG	[2021-09-06 14:32:39:938] <2100> taxfree:0
INFO	[2021-09-06 14:32:39:938] <2100> Check Field OK
INFO	[2021-09-06 14:32:39:938] <2100> Make TID OK INIphpRPAYfourseason20210906143239387219
INFO	[2021-09-06 14:32:39:938] <2100> PI PUB KEY LOAD OK []
INFO	[2021-09-06 14:32:39:938] <2100> PG PUB KEY LOAD OK [30]
INFO	[2021-09-06 14:32:39:938] <2100> MERCHANT PRIV KEY LOAD OK
INFO	[2021-09-06 14:32:39:939] <2100> MERCHANT PUB KEY LOAD OK [0]
DEBUG	[2021-09-06 14:32:39:939] <2100> MAKE ENCRYPT OK[<?xml version="1.0" encoding="UTF-8"?>
<PartCancelInfo>
	  <PRTC_TID>INIMX_CARDfourseason20210902101819675567</PRTC_TID>
	  <PRTC_Price>18900</PRTC_Price>
	  <PRTC_Remains>270800</PRTC_Remains>
	  <PRTC_Quota/>
	  <PRTC_Interest/>
	  <PRTC_NoAcctFNBC/>
	  <PRTC_NmAcctFNBC/></PartCancelInfo>]
INFO	[2021-09-06 14:32:39:939] <2100> MAKE BODY OK
INFO	[2021-09-06 14:32:39:940] <2100> SIGN OK
INFO	[2021-09-06 14:32:39:940] <2100> MAKE HEAD OK
INFO	[2021-09-06 14:32:39:940] <2100> MSG_TO_PG:[0111700175D SHA1                   0                                      300620fourseason               18900INIphpRPAYfourseason20210906143239387219<?xml version="1.0" encoding="UTF-8"?>
<INIpay>
	  <PartCancelInfo>
	    <SessionKey>yYnLYm2Ty9NZa6GDNOF7QK0iFVoPTB1GD+pP8NbNWlybMeOAHKgeFiOi0ES7mern
WeNaqLDp+aC+jj1Po/2W0nodBtM9NOR5JDaEspBkqFc2Mw87kbzXyIt7Axkb3iRk
oBv4sOGqkpFICu7dcyYiURa4vD3hc9+AD+6D0x/vIow3EEiYMD9x/w==
</SessionKey>
	    <Encrypted>s7gvY6tdA3vSFNrztDHn9QHyRfEtDCL/JOzaQXn0azPzugvzYXs8+HEHK+d0/gi2
+Nx5UUKZXXVqwNAQ6VF30jbT64+Npd4gs7cTKeSn0fXT3gwdpnqoA12YPSt827Ma
o9Nm2wGHo5rX/Keq28bLua+sUhkS95FetoqfGd2FyMLX9gA8k/FwNo0kqz0bz1Bo
fNk3PN++9mm8Fyh/zpyD5LihkndPqhHV+iRln+VBy1GdEEEe8DglKgzg5ROyiYu2
UjvZBh4avYVPnKi6AdYh5aVCLOmcqBvEQFvomCOl/jeWv7hMrRWCdJMy8q/MFlGu
/j/pukQZXjTPzpO9nNZAJ0rEbVBKCSzO9PO5lXfVCSiy+qOagACCQ+5Mq3ddJGCh
99viwrjWgOE=
</Encrypted></PartCancelInfo>
	  <GoodsInfo>
	    <Tax>1718</Tax>
	    <TaxFree/>
	    <Currency>WON</Currency></GoodsInfo>
	  <ReservedInfo>
	    <MReserved1/>
	    <MReserved2/>
	    <MReserved3/></ReservedInfo>
	  <ManageInfo>
	    <Language/>
	    <URL/>
	    <TXVersion>5036B141209repayLinux     PHPchkfake   2.6.32-754.11.1.el6.x86_64PHP:</TXVersion>
	    <TXUserID/>
	    <TXRegNum/></ManageInfo></INIpay>AGlf73ROdOzr/pY+D98r8kDx3oJaR90S0TsVP2csdoxuvkB0v1yEW4ZBbGuucMij
bXLmjlaWjf3BqXsON5Cr4pPg9WQZJ6bu4bQk9yw1q4RrJcxzyZGxWUMy89Fv1a9W
dSii299eqDWMugPqxZf8bdQPnQLHwIpE2SAdPAmPeDZE
]
INFO	[2021-09-06 14:32:39:940] <2100> DNS LOOKUP OK(203.238.37.3:203.238.37.3:34049) laptime:0
INFO	[2021-09-06 14:32:39:943] <2100> SOCKET CONNECT OK
INFO	[2021-09-06 14:32:39:943] <2100> SEND OK
INFO	[2021-09-06 14:32:40:148] <2100> RECV OK
INFO	[2021-09-06 14:32:40:148] <2100> MSG_FROM_PG:[0099200175D SHA1                   0                                      300630fourseason               18900INIphpRPAYfourseason20210906143239387219<?xml version="1.0" encoding="UTF-8"?><INIpay>
<PartCancelInfo>
<PayMethod>Card</PayMethod>
<ResultCode>120000</ResultCode>
<ResultMsg urlencode="1">%C1%A4%BB%F3%C3%B3%B8%AE%B5%C7%BE%FA%BD%C0%B4%CF%B4%D9.</ResultMsg>
<SessionKey>ANdwwIUSU4AOZa3P9hAOOrCLgNxTek07gPsB+79U+642I0HNbfNFLDfPQBwlSYw+
NTg31KAF81FJuJzNQIabQf3KIxZQATLv1raTk7B702Nnq1s2SPSfPVdLagAsbffD
KW+jq6/zVK3uZgYplzdYv7rlujSOZa0Mk0SvchUFo7bF6l1kx49ZLN8=
</SessionKey>
<Encrypted>sbMs+t4wGE2wxQKgClLfClY1nIE6FuPALVXQAMuTNvGe28oCD1NXdTdDdNBtDL2P
yvp+8Y+SnOUFfHI+BhXYJt9vIaNATMPDi7ffiNkn2ivGLSiyqI29+nXyAc7jSAfJ
BleMU4UvXr5MLsnL1pRxdn6EbAdZy5nhliID82nPOilIgbKtc/UKp0vdhAC3z0FT
Ub3DHq/oXwoTxyFPMvLDE35STQ6XPxnzWTbyJTQe8S1sTU6ApZCZZaY0m2JUi1TY
yOnn6n5nGObgJRMAno5qYVdqy3WAmymwdaxOQYHhcf900pxRfwjvrmlgxf42OWJL
lL8R7dbTIrf1ESrGi93owgxHMQTrwap21CMODlzdaPlbtSQ8QdMw73OFl1YFwSCb
UPqGzOvNhFeq1EgFHE5TyLqrCwMTjjG8VTlhXO8nCsvMCPho1EHtTpqIouyhnanZ
pbLpajXn/DWpNqlxAlj8rg==
</Encrypted>
</PartCancelInfo>
<ManageInfo/>
<ReservedInfo/>
</INIpay>
pLNKfqi00aFJb1tgS4mTEhMbgdrsu3npw4mgUmY7n3UwqaSN58QlSaD/tCmhZbeA
A3fRUWI0lMhwr8EYpav/TAXpKuEpmUUfsSrqQkvE2VZNxr+vTSM7VX+Yo0EfAw44
m727reARoX8zPM4bBLUiYlW+8ameLd1E2UEOl+I2pRI=
]
INFO	[2021-09-06 14:32:40:148] <2100> VERIFY OK
INFO	[2021-09-06 14:32:40:148] <2100> PARSE HEAD OK
INFO	[2021-09-06 14:32:40:149] <2100> PARSE BODY OK
INFO	[2021-09-06 14:32:40:149] <2100> DECRYPT OK
DEBUG	[2021-09-06 14:32:40:149] <2100> DECRYPT MSG:[<?xml version="1.0" encoding="UTF-8"?><PartCancelInfo>
<PRTC_TID>INIMX_CARDfourseason20210902101819675567</PRTC_TID>
<PRTC_Price>18900</PRTC_Price>
<PRTC_Remains>270800</PRTC_Remains>
<PRTC_Quota>00</PRTC_Quota>
<PRTC_Type>1</PRTC_Type>
<CancelDate>20210906</CancelDate>
<CancelTime>143240</CancelTime>
<PRTC_Cnt>1</PRTC_Cnt>
</PartCancelInfo>]
INFO	[2021-09-06 14:32:40:150] <2100> DECRYPT PARSE OK
INFO	[2021-09-06 14:32:40:150] <2100> END repay 정상처리되었습니다. Laptime:[0.212sec]
INFO	[2021-09-06 14:32:40:150] <2100> ===============================================================
INFO	[2021-09-06 17:00:11:794] <29169> START INIPHP repay (V5036-141209)(OS:Linux2.6.32-754.11.1.el6.x86_64,PHP:5.3.3)
DEBUG	[2021-09-06 17:00:11:794] <29169> inipayhome:/home1/killdeal/public_html/shop/inicis
DEBUG	[2021-09-06 17:00:11:794] <29169> debug:false
DEBUG	[2021-09-06 17:00:11:794] <29169> type:repay
DEBUG	[2021-09-06 17:00:11:794] <29169> pgid:INIphpRPAY
DEBUG	[2021-09-06 17:00:11:794] <29169> subpgip:203.238.3.10
DEBUG	[2021-09-06 17:00:11:794] <29169> mid:fourseason
DEBUG	[2021-09-06 17:00:11:794] <29169> admin:1111
DEBUG	[2021-09-06 17:00:11:794] <29169> oldtid:INIMX_CARDfourseason20210904212830665006
DEBUG	[2021-09-06 17:00:11:794] <29169> currency:WON
DEBUG	[2021-09-06 17:00:11:794] <29169> price:32900
DEBUG	[2021-09-06 17:00:11:794] <29169> confirm_price:43700
DEBUG	[2021-09-06 17:00:11:794] <29169> buyeremail:whiteallen@naver.com
DEBUG	[2021-09-06 17:00:11:794] <29169> tax:2991
DEBUG	[2021-09-06 17:00:11:794] <29169> taxfree:0
INFO	[2021-09-06 17:00:11:794] <29169> Check Field OK
INFO	[2021-09-06 17:00:11:794] <29169> Make TID OK INIphpRPAYfourseason20210906170011943820
INFO	[2021-09-06 17:00:11:794] <29169> PI PUB KEY LOAD OK []
INFO	[2021-09-06 17:00:11:794] <29169> PG PUB KEY LOAD OK [30]
INFO	[2021-09-06 17:00:11:794] <29169> MERCHANT PRIV KEY LOAD OK
INFO	[2021-09-06 17:00:11:795] <29169> MERCHANT PUB KEY LOAD OK [0]
DEBUG	[2021-09-06 17:00:11:795] <29169> MAKE ENCRYPT OK[<?xml version="1.0" encoding="UTF-8"?>
<PartCancelInfo>
	  <PRTC_TID>INIMX_CARDfourseason20210904212830665006</PRTC_TID>
	  <PRTC_Price>32900</PRTC_Price>
	  <PRTC_Remains>43700</PRTC_Remains>
	  <PRTC_Quota/>
	  <PRTC_Interest/>
	  <PRTC_NoAcctFNBC/>
	  <PRTC_NmAcctFNBC/></PartCancelInfo>]
INFO	[2021-09-06 17:00:11:795] <29169> MAKE BODY OK
INFO	[2021-09-06 17:00:11:796] <29169> SIGN OK
INFO	[2021-09-06 17:00:11:796] <29169> MAKE HEAD OK
INFO	[2021-09-06 17:00:11:796] <29169> MSG_TO_PG:[0111700175D SHA1                   0                                      300620fourseason               32900INIphpRPAYfourseason20210906170011943820<?xml version="1.0" encoding="UTF-8"?>
<INIpay>
	  <PartCancelInfo>
	    <SessionKey>ONh7y45lgk9rQYMj7IaKoNAosa4Vyi0KBbboxI0PU8Rd1QGEMWAtOyCIdPJf8Mwy
XyDGhV3e68ZIrXgiPR3FWMXZCuzERsLqK1V8xNxwtMQcgRSNIMQWq9CsfUYelCdL
NAvVwu3HCnFR9oyphWeCDVM6HOSFYBHh2qAzUwVsF2yz/T6M24TyYg==
</SessionKey>
	    <Encrypted>oAsSlgI+7baTTx3ZAaV3oyo+5nnOBbk/JE+mIjUvvjqk4pLrxZlBlkD2jt8Q+Feq
lb4Y93tCZAh0pT/m6LBQthlWgX9YpaK+0WxTKE+vUXuQBPMTVZqV28HREHQ8U3kA
/q4Fh7SNl+i+X5lckgzkFq5ZqcayPm2NIOmSxsYMwNsF4pBozbkKu9vjaZiwG8Mo
8jSjDQOHW09kcds6C+/mwSAou9nyORTAoYWvyscRUQia4tFIhwMflkp7OHf+LL81
FawJIA4TkVok7kEMyjzj46iW7VnRySzSQW0KceMDcwAVW0lbdoT2AQRxgUcxqSl6
AVf+3GROKoqwSuySgJxKXou6PczcaQKZANFmPGq+wAvCKEmzT3XBO7ykIPZMHTqG
3EChx/7Krqk=
</Encrypted></PartCancelInfo>
	  <GoodsInfo>
	    <Tax>2991</Tax>
	    <TaxFree/>
	    <Currency>WON</Currency></GoodsInfo>
	  <ReservedInfo>
	    <MReserved1/>
	    <MReserved2/>
	    <MReserved3/></ReservedInfo>
	  <ManageInfo>
	    <Language/>
	    <URL/>
	    <TXVersion>5036B141209repayLinux     PHPchkfake   2.6.32-754.11.1.el6.x86_64PHP:</TXVersion>
	    <TXUserID/>
	    <TXRegNum/></ManageInfo></INIpay>AJVJ0YKAjuFxBVkd5p+4OezpxwdwrR6jN7tYbtzhTV+10mZnLclwLkG17e67Zfif
MbcTj3zTxxm+nHyuL3/WBNBTmLxBgbcYYvonkPY6VOtCW1Ec/fxZTgC5xL97Kaam
BGC+7QFOGDQrbN1c9NP5XtcZ2kPOvzFD7EC1tmrHgDsb
]
INFO	[2021-09-06 17:00:11:796] <29169> DNS LOOKUP OK(203.238.37.3:203.238.37.3:34049) laptime:0
INFO	[2021-09-06 17:00:11:799] <29169> SOCKET CONNECT OK
INFO	[2021-09-06 17:00:11:799] <29169> SEND OK
INFO	[2021-09-06 17:00:11:950] <29169> RECV OK
INFO	[2021-09-06 17:00:11:950] <29169> MSG_FROM_PG:[0098000175D SHA1                   0                                      300630fourseason               32900INIphpRPAYfourseason20210906170011943820<?xml version="1.0" encoding="UTF-8"?><INIpay>
<PartCancelInfo>
<PayMethod>Card</PayMethod>
<ResultCode>120000</ResultCode>
<ResultMsg urlencode="1">%C1%A4%BB%F3%C3%B3%B8%AE%B5%C7%BE%FA%BD%C0%B4%CF%B4%D9.</ResultMsg>
<SessionKey>AL7kZUamfDz7ssMr6L3EX8gIDTdqS4VU6AdAY2EqqWYOe9b8Syz3B4z4euYNJTVw
SWgveda/0ICC+RZ9PUhrAiTFR5pzjvyexkZOdGvqwUbHY+MPsHKeMi6JcEx7qMbD
ovA4OP2fg4mHB99JDYOFyzcJ+AFydnsqftFcuD7lLpEkr8mLntYv4zQ=
</SessionKey>
<Encrypted>BnvASDnscYMiM7cclCaCpaU4J1KBnN/UeCSJ5eaOwqJNnF6E74wBvviwEe8UdGan
6Rcy8LRq6KEPXL7XfaBW7rioWGIDCrNKo7aPg0c5GypZqf3NuaLQJDzFQnEco7CQ
/4KlJ3SOAQkgd5EflAX6HaPbEPtHl0RtrwVvVvOX+Zo3x9USmUGcfrSvgswHsq8D
iQCEeI2tRrmo+k8MM24yqTpJKRCawYe9dz99MDUFZsgIGbs6jaI6PJCgL9gxNc7m
oavNu+h8rahfq0vDBoRomaV/BNZpi+N00LSEHkxrBHMA6fu6KTdjxtPLLzKfBO1B
GuDTINzJFZTRgSkYx0dRWOD00Sz5nqykV4YFOmvJcTY6PWu+Zk3zk3GXu0Up9jD1
A8XvIssF7FVd9nYC1HY1GMeDCWEzAUl0jkWZ4ejnkTJk2AeqcbKXMaiBywqFtiUd
HNJyXFzXGEA=
</Encrypted>
</PartCancelInfo>
<ManageInfo/>
<ReservedInfo/>
</INIpay>
oYNtuvyov6/cpQXdzOxCBj24wAVVseFTw+69BQOqPGm8UsdGVIPxhVUlD+FNElk7
trOPme147DtwXYx0j7Km3GI5vAkuV54X8JH6Ypq61z68UPZwfpSa23pfxSK/JEU6
CLV0mfVcP4KBfNaNAMPgQaIYD6HCkZtVTBTBhMhcckU=
]
INFO	[2021-09-06 17:00:11:950] <29169> VERIFY OK
INFO	[2021-09-06 17:00:11:950] <29169> PARSE HEAD OK
INFO	[2021-09-06 17:00:11:950] <29169> PARSE BODY OK
INFO	[2021-09-06 17:00:11:951] <29169> DECRYPT OK
DEBUG	[2021-09-06 17:00:11:951] <29169> DECRYPT MSG:[<?xml version="1.0" encoding="UTF-8"?><PartCancelInfo>
<PRTC_TID>INIMX_CARDfourseason20210904212830665006</PRTC_TID>
<PRTC_Price>32900</PRTC_Price>
<PRTC_Remains>43700</PRTC_Remains>
<PRTC_Quota>00</PRTC_Quota>
<PRTC_Type>1</PRTC_Type>
<CancelDate>20210906</CancelDate>
<CancelTime>170012</CancelTime>
<PRTC_Cnt>1</PRTC_Cnt>
</PartCancelInfo>]
INFO	[2021-09-06 17:00:11:951] <29169> DECRYPT PARSE OK
INFO	[2021-09-06 17:00:11:951] <29169> END repay 정상처리되었습니다. Laptime:[0.158sec]
INFO	[2021-09-06 17:00:11:951] <29169> ===============================================================
