INFO	[2021-03-22 11:48:06:543] <6705> START INIPHP cancel (V5036-141209)(OS:Linux2.6.32-754.11.1.el6.x86_64,PHP:5.3.3)
DEBUG	[2021-03-22 11:48:06:543] <6705> inipayhome:/home1/killdeal/public_html/shop/inicis
DEBUG	[2021-03-22 11:48:06:543] <6705> debug:false
DEBUG	[2021-03-22 11:48:06:543] <6705> type:cancel
DEBUG	[2021-03-22 11:48:06:543] <6705> mid:majorgol03
DEBUG	[2021-03-22 11:48:06:543] <6705> admin:1111
DEBUG	[2021-03-22 11:48:06:543] <6705> tid:INIMX_CARDmajorgol0320210313153731775694
DEBUG	[2021-03-22 11:48:06:543] <6705> cancelmsg:쇼핑몰 운영자 승인 취소
INFO	[2021-03-22 11:48:06:543] <6705> Check Field OK
INFO	[2021-03-22 11:48:06:543] <6705> PI PUB KEY LOAD OK []
INFO	[2021-03-22 11:48:06:543] <6705> PG PUB KEY LOAD OK [30]
INFO	[2021-03-22 11:48:06:544] <6705> MERCHANT PRIV KEY LOAD OK
INFO	[2021-03-22 11:48:06:544] <6705> MERCHANT PUB KEY LOAD OK [0]
DEBUG	[2021-03-22 11:48:06:544] <6705> MAKE ENCRYPT OK[<?xml version="1.0" encoding="UTF-8"?>
<CancelInfo>
	  <CancelTID>INIMX_CARDmajorgol0320210313153731775694</CancelTID>
	  <CancelMsg urlencode="1">%BC%EE%C7%CE%B8%F4+%BF%EE%BF%B5%C0%DA+%BD%C2%C0%CE+%C3%EB%BC%D2</CancelMsg>
	  <CancelReason/></CancelInfo>]
INFO	[2021-03-22 11:48:06:545] <6705> MAKE BODY OK
INFO	[2021-03-22 11:48:06:545] <6705> SIGN OK
INFO	[2021-03-22 11:48:06:545] <6705> MAKE HEAD OK
INFO	[2021-03-22 11:48:06:545] <6705> MSG_TO_PG:[0096200175D SHA1                   0                                      300420majorgol03                    INIMX_CARDmajorgol0320210313153731775694<?xml version="1.0" encoding="UTF-8"?>
<INIpay>
	  <CancelInfo>
	    <SessionKey>3dzlie2ohL9f2sVozTqjY+u9h1rSJqJZU2ctLCbAJ6KANHrIhz/Qg7WrjzEsogay
cfZtqRhBCr+Qm3k7vgC77lqv8SOJG0sYuxu1026rG7EMCkxTm53KP8xc1DG2NPkl
QyrS70VqbanoJvhgy2hOPKSFviLXvaZjPhPXzptnGmp+B2XfIyh9qA==
</SessionKey>
	    <Encrypted>Ft/+sEyNaAAsFcjeB8KPoOHzfcyYyvzgBtG842xx9TGzzz6RsGucp7pBe9YKoYZg
KG+7zJS6SGKMF4+frM3TZAKa5VW1l4hJwHprMLemgn7AQLeS4rtPqb6wyELY1C04
WN2ckDfWeHBJjl/krAEhhqxGhtGHasImj93xTnPOZwj26jTsQvPqas1Aith/Frlq
7RxvvtSW9Rcg5Jkabw6v2RikxWcANa/I8hcufDZAasAx/EBer43InFiC9ypKBedS
sgMLUR2Hgmzr2guY5Ummaiy/66elcxL5AaBBV7dwPfnxBq7CaoQZpiioQ8XUqKqI
ZkyrU5SrkwkeUNqwhSIZqQ==
</Encrypted></CancelInfo>
	  <ReservedInfo>
	    <MReserved1/>
	    <MReserved2/>
	    <MReserved3/></ReservedInfo>
	  <ManageInfo>
	    <Language/>
	    <URL/>
	    <TXVersion>5036B141209canceLinux     PHPchkfake   2.6.32-754.11.1.el6.x86_64PHP:</TXVersion>
	    <TXUserID/>
	    <TXRegNum/></ManageInfo></INIpay>AOzoDVUZdo9rcKUV1xbsQ5HbS9Tvx5YOD4SW8dnKvoxjyK3pHe539FvGtTHY/BmJ
fSVmaxgRzuGVeBgR1K5qF93j8qP3MTQnIck95MW2sT8b3aCpSmCcpMMOzXL/POeB
AiNpAoeRo2QV1nLKX9ZEeUF37x5PCMRdr7JXFNUNjuXY
]
INFO	[2021-03-22 11:48:06:545] <6705> DNS LOOKUP OK(203.238.37.3:203.238.37.3:34049) laptime:0
INFO	[2021-03-22 11:48:06:548] <6705> SOCKET CONNECT OK
INFO	[2021-03-22 11:48:06:548] <6705> SEND OK
INFO	[2021-03-22 11:48:07:12] <6705> RECV OK
INFO	[2021-03-22 11:48:07:12] <6705> MSG_FROM_PG:[0093300175D SHA1                   0                                      300430majorgol03                    INIMX_CARDmajorgol0320210313153731775694<?xml version="1.0" encoding="UTF-8"?><INIpay>
<CancelInfo>
<ResultCode>120000</ResultCode>
<ResultMsg urlencode="1">%C1%A4%BB%F3%C3%B3%B8%AE%B5%C7%BE%FA%BD%C0%B4%CF%B4%D9.</ResultMsg>
<SessionKey>ALHvNSuGapBxfJtmI21uQFk5yhrMcGUUYu71763h0OY8WVumZnoLwepLrW9j/ibY
ehTAbxIK/Hu9QEXxVnLV7y6KmX3yHZZcMKlhoCnmfemsWTnDn8E9suJzVN3QNzTY
LlonofD62fh9JfDjh48FU3Av7kfO4P1K1yGg851NyxecHSdd7LRvDb0=
</SessionKey>
<Encrypted>p3uuE0TA9jU0pJ6Yna0AFanoYSTHH8xEInM0T4gpkwe/lgsxP0cDW3UokSGxlWDC
in6JZD8iGegPPgNZdlNLIO0j27HHXie22DqKMd8WP/8a6qzufo3nFu/kWczYGFPh
BfJzMdQ70aJ2W9yw5myNmAkKyECd28c4HuPsklskEb+Np6DxUMHAzso/tY9MpqSx
lcLnttPAKyxfTopttYr/avBL7Kc+YHC4kUmJqTmsWDnR89f369goD6sM2ukpODi8
A48Sjxy1e3VO248XXuCUjbYh0hTalDJYeehfxUashcK5CNQER0H0Wi7xHH4WVyCG
M6yvSOwgVCBtLoXANnyv4RbVH+rtXAmg
</Encrypted>
</CancelInfo>
<ManageInfo/>
<ReservedInfo>
<MReserved1 urlencode="1"/>
<MReserved2 urlencode="1"/>
<MReserved3 urlencode="1"/>
</ReservedInfo>
</INIpay>
EzNXOpP8Hz4osvxVpgtoz/npffu0G6REy53ByhnMsWRkKfLbyfVDUxerU2TUYTWA
1PEJYKdw7BNjm7wiLTC6CmVme/8BYU24L6bf0FAZp0PgXXBOzUYpTIPj6/jd/8tn
om1u+efFEkgs4X3kFvhGOTA16lsF1/xAU43s+rFK1pY=
]
INFO	[2021-03-22 11:48:07:12] <6705> VERIFY OK
INFO	[2021-03-22 11:48:07:12] <6705> PARSE HEAD OK
INFO	[2021-03-22 11:48:07:13] <6705> PARSE BODY OK
INFO	[2021-03-22 11:48:07:13] <6705> DECRYPT OK
DEBUG	[2021-03-22 11:48:07:13] <6705> DECRYPT MSG:[<?xml version="1.0" encoding="UTF-8"?><CancelInfo>
<CancelDate>20210322</CancelDate>
<CancelTime>114807</CancelTime>
<ResultCode>120000</ResultCode>
<ResultMsg urlencode="1">%C1%A4%BB%F3%C3%B3%B8%AE%B5%C7%BE%FA%BD%C0%B4%CF%B4%D9.</ResultMsg>
</CancelInfo>]
INFO	[2021-03-22 11:48:07:14] <6705> DECRYPT PARSE OK
INFO	[2021-03-22 11:48:07:14] <6705> END cancel 정상처리되었습니다. Laptime:[0.471sec]
INFO	[2021-03-22 11:48:07:14] <6705> ===============================================================
