INFO	[2020-07-22 09:56:34:512] <24897> START INIPHP cancel (V5036-141209)(OS:Linux2.6.32-754.11.1.el6.x86_64,PHP:5.3.3)
DEBUG	[2020-07-22 09:56:34:512] <24897> inipayhome:/home/killdeal/public_html/shop/inicis
DEBUG	[2020-07-22 09:56:34:512] <24897> debug:false
DEBUG	[2020-07-22 09:56:34:512] <24897> type:cancel
DEBUG	[2020-07-22 09:56:34:512] <24897> mid:majorgol03
DEBUG	[2020-07-22 09:56:34:512] <24897> admin:1111
DEBUG	[2020-07-22 09:56:34:512] <24897> tid:INIMX_CARDmajorgol0320200721231659145905
DEBUG	[2020-07-22 09:56:34:512] <24897> cancelmsg:주문자 본인 취소-상품옵션 선택 잘못함
INFO	[2020-07-22 09:56:34:512] <24897> Check Field OK
INFO	[2020-07-22 09:56:34:512] <24897> PI PUB KEY LOAD OK []
INFO	[2020-07-22 09:56:34:513] <24897> PG PUB KEY LOAD OK [30]
INFO	[2020-07-22 09:56:34:514] <24897> MERCHANT PRIV KEY LOAD OK
INFO	[2020-07-22 09:56:34:514] <24897> MERCHANT PUB KEY LOAD OK [0]
DEBUG	[2020-07-22 09:56:34:515] <24897> MAKE ENCRYPT OK[<?xml version="1.0" encoding="UTF-8"?>
<CancelInfo>
	  <CancelTID>INIMX_CARDmajorgol0320200721231659145905</CancelTID>
	  <CancelMsg urlencode="1">%C1%D6%B9%AE%C0%DA+%BA%BB%C0%CE+%C3%EB%BC%D2-%BB%F3%C7%B0%BF%C9%BC%C7+%BC%B1%C5%C3+%C0%DF%B8%F8%C7%D4</CancelMsg>
	  <CancelReason/></CancelInfo>]
INFO	[2020-07-22 09:56:34:515] <24897> MAKE BODY OK
INFO	[2020-07-22 09:56:34:515] <24897> SIGN OK
INFO	[2020-07-22 09:56:34:515] <24897> MAKE HEAD OK
INFO	[2020-07-22 09:56:34:515] <24897> MSG_TO_PG:[0101500175D SHA1                   0                                      300420majorgol03                    INIMX_CARDmajorgol0320200721231659145905<?xml version="1.0" encoding="UTF-8"?>
<INIpay>
	  <CancelInfo>
	    <SessionKey>H1m13Nrn62tHurtfbQ18XTdXUtidsJym0Cpwd57p7+hFuESm7bEgmhU5q1cLbKHI
pvM5sBdar6UpTVIod+kTU/LvNm0LToc7+o2AA0o3tLjhDENNIsk7tq2fOVtYaMjj
AjkiPF03SyjnJnjgoc+I/ffri92R0m/0Kl0JvIHY2rI/sJyccQhZLw==
</SessionKey>
	    <Encrypted>q5xoVRbL72/c/sYcMn+mKNLiqvuYdL6frEtV102mHqStV01D0UASbDSMnkXFg/7L
7mA6hVI6LApmU/Nw3F+0St+TEVuI4zRQIdm6OhVeRup/ttkv5ktKH3/8fPpzvtY4
naZYPpvL+ayZkUXF/iOcpf62vSHzuawKjgePITG2/Xw7qMX7MNe0R89qYkmXAErF
7oc7HOQZ6r/ATHeaZSYYfP6GpGp4ttyJby6CLuaVlPzWuzUHv/uOtOYR1ZmSa6kt
UneRhnZCXx1ASoIuyviDLi9lzpSlMhEWceHger0Rler/ATKr1+J9m86trs2T0FHD
R7lUS/UXl5NvsatRVc6bxZzWZlitO0uFxtZrcPfEFppTe2z3aUQOIZGKXONEO3mm
6HyqYFBTkkU=
</Encrypted></CancelInfo>
	  <ReservedInfo>
	    <MReserved1/>
	    <MReserved2/>
	    <MReserved3/></ReservedInfo>
	  <ManageInfo>
	    <Language/>
	    <URL/>
	    <TXVersion>5036B141209canceLinux     PHPchkfake   2.6.32-754.11.1.el6.x86_64PHP:</TXVersion>
	    <TXUserID/>
	    <TXRegNum/></ManageInfo></INIpay>AL6o5pSR8kkrcjv9Rsylaj+N/ybB3gE/pVqBm4G0ScjsPy7kxCZjT+vcTDc2XBMh
igcm10YA9gQ1DvPWb9ujJn9Wn9UA7C33TXMSagUYhj0aBNMaZzKnq5+FwKUGU+YG
znstVego5E4B5C+AIvfbiGtSigV7Gl6TEbqd2KZUm6MK
]
INFO	[2020-07-22 09:56:34:519] <24897> DNS LOOKUP OK(203.238.37.3:203.238.37.3:34049) laptime:0
INFO	[2020-07-22 09:56:34:522] <24897> SOCKET CONNECT OK
INFO	[2020-07-22 09:56:34:522] <24897> SEND OK
INFO	[2020-07-22 09:56:34:763] <24897> RECV OK
INFO	[2020-07-22 09:56:34:763] <24897> MSG_FROM_PG:[0115800175D SHA1                   0                                      300430majorgol03                    INIMX_CARDmajorgol0320200721231659145905<?xml version="1.0" encoding="UTF-8"?>
<INIpay>
  <CancelInfo>
    <ResultCode>120000</ResultCode>
    <ResultMsg urlencode="1">%C1%A4%BB%F3%C3%B3%B8%AE%B5%C7%BE%FA%BD%C0%B4%CF%B4%D9.</ResultMsg>
    <SessionKey>AIvLxh14WCJRriKnT9BzwlPPA0VIzcTtCjZGpEBo1jYFiQx8JHaIPUvCM3wiATT8
kzsDTgEKV6J1OZBF1KdCiLTTc14biU6yTsu1XFDreWd31qwotk06e5V29MxQGrWA
Qj1Bl8tpEvLlNQ9xP6chfxXvVfn5nrTbmT48GNitpcIWjarAKFw5aqg=
</SessionKey>
    <Encrypted>48OvuGp5xtMRz3yr5iEirbUJMpkKcJRu4nTZueBDyKbnMK0224AQmK987ci9c5Yp
/Jp9QOKDNQ3+tDHxdwfZhAdblVOQTBoa+myXmJ9wIi9e+gnvrX/vgsmrhaOmT6h6
ugk1IB0K34hW5YMGqViCL86ueHsinjmEE9mDJNvdX7MaXV1RBEGR6FXS8OaQB+Ii
rUyc3TgttTn/9632ljCZnqzsJT9puw/xPnWhgHGoR+HaKBCyRBsnwqiiIEQmQPxj
jXxCSE4HlXall9+zyrMh3QAf1bw4odcNGnOezHVgUauf7HUdTvis6bvINVZAFyRH
xh02poNBPCDlZpkKMyp4cKiqrKjvgw49dSY4GmE1UZc=
</Encrypted>
  </CancelInfo>
  <ManageInfo/>
  <ReservedInfo>
    <MReserved1 urlencode="1"></MReserved1>
    <MReserved2 urlencode="1"></MReserved2>
    <MReserved3 urlencode="1"></MReserved3>
    <PGReserved1 urlencode="1"></PGReserved1>
    <PGReserved2 urlencode="1"></PGReserved2>
    <PGReserved3 urlencode="1"></PGReserved3>
  </ReservedInfo>
</INIpay>
ym9cMN/JlZQ+3S2/EgAXZsWLFw/4ndQFHCY25Enu7jTfRvnZbieh9/Qs+6L3/+gU
ThpZsHRSY5Lzn52mz6d4KCy5B87hIpayxDtyNGpW8CjvQLSTowQfXyTi3Be3NMoL
w3cOez+wTq1i9AlOaO1wfJH4CA+i2Hlc7W0AUZdkcdw=
]
INFO	[2020-07-22 09:56:34:763] <24897> VERIFY OK
INFO	[2020-07-22 09:56:34:763] <24897> PARSE HEAD OK
INFO	[2020-07-22 09:56:34:770] <24897> PARSE BODY OK
INFO	[2020-07-22 09:56:34:770] <24897> DECRYPT OK
DEBUG	[2020-07-22 09:56:34:770] <24897> DECRYPT MSG:[<?xml version="1.0" encoding="UTF-8"?>
<CancelInfo>
  <CancelDate>20200722</CancelDate>
  <CancelTime>095635</CancelTime>
  <ResultCode>120000</ResultCode>
  <ResultMsg urlencode="1">%C1%A4%BB%F3%C3%B3%B8%AE%B5%C7%BE%FA%BD%C0%B4%CF%B4%D9.</ResultMsg>
</CancelInfo>]
INFO	[2020-07-22 09:56:34:770] <24897> DECRYPT PARSE OK
INFO	[2020-07-22 09:56:34:770] <24897> END cancel 정상처리되었습니다. Laptime:[0.259sec]
INFO	[2020-07-22 09:56:34:770] <24897> ===============================================================
INFO	[2020-07-22 11:28:06:779] <10867> START INIPHP cancel (V5036-141209)(OS:Linux2.6.32-754.11.1.el6.x86_64,PHP:5.3.3)
DEBUG	[2020-07-22 11:28:06:779] <10867> inipayhome:/home/killdeal/public_html/shop/inicis
DEBUG	[2020-07-22 11:28:06:779] <10867> debug:false
DEBUG	[2020-07-22 11:28:06:779] <10867> type:cancel
DEBUG	[2020-07-22 11:28:06:779] <10867> mid:majorgol03
DEBUG	[2020-07-22 11:28:06:779] <10867> admin:1111
DEBUG	[2020-07-22 11:28:06:779] <10867> tid:INIMX_CARDmajorgol0320200722112534965467
DEBUG	[2020-07-22 11:28:06:779] <10867> cancelmsg:주문자 본인 취소-구매의사 없음
INFO	[2020-07-22 11:28:06:779] <10867> Check Field OK
INFO	[2020-07-22 11:28:06:779] <10867> PI PUB KEY LOAD OK []
INFO	[2020-07-22 11:28:06:779] <10867> PG PUB KEY LOAD OK [30]
INFO	[2020-07-22 11:28:06:779] <10867> MERCHANT PRIV KEY LOAD OK
INFO	[2020-07-22 11:28:06:779] <10867> MERCHANT PUB KEY LOAD OK [0]
DEBUG	[2020-07-22 11:28:06:780] <10867> MAKE ENCRYPT OK[<?xml version="1.0" encoding="UTF-8"?>
<CancelInfo>
	  <CancelTID>INIMX_CARDmajorgol0320200722112534965467</CancelTID>
	  <CancelMsg urlencode="1">%C1%D6%B9%AE%C0%DA+%BA%BB%C0%CE+%C3%EB%BC%D2-%B1%B8%B8%C5%C0%C7%BB%E7+%BE%F8%C0%BD</CancelMsg>
	  <CancelReason/></CancelInfo>]
INFO	[2020-07-22 11:28:06:780] <10867> MAKE BODY OK
INFO	[2020-07-22 11:28:06:781] <10867> SIGN OK
INFO	[2020-07-22 11:28:06:781] <10867> MAKE HEAD OK
INFO	[2020-07-22 11:28:06:781] <10867> MSG_TO_PG:[0099400175D SHA1                   0                                      300420majorgol03                    INIMX_CARDmajorgol0320200722112534965467<?xml version="1.0" encoding="UTF-8"?>
<INIpay>
	  <CancelInfo>
	    <SessionKey>EmODV+YE7RSnAkbVEQXVD74qNc+pEsRv0DJ99qW0Ur4d4dC5TI0EZdvBVuPkg9L5
e9fYaC+960iQ/drJCtcTZvHZE2O+1qWJz35Q1N/JPBxW08zN+ulIXTK9UW1jqPIc
6oGw5zXR6Xp7Wf87y8EWxYh/u1+JFPUUjpfVObGC920HwDqouldL2Q==
</SessionKey>
	    <Encrypted>Tq6OwtXo4dzLF8NnSF6nNemsXSv8kIjFRggygniI8hr1P4V4FJrumCVy/Blnuwdn
abbwAOrs2e/bBLXP9Fr/DcsoXXHs9B3qz3auUcnC0ni+2BmQ6wFp1XkFf1XaYwV8
qhQRr/bqmSCXIFtp2gRYS9iseFvwj6Gsb1oOkDVFW1k72VNz0xtu06FaC6Tdh//1
m3KRsjVin9K+iohVkafNRId+E2VkFN0ilsvHTzdC+BH3R2u+wCDrTEjOBRuqDLFs
wQQ1Qeu7xhNzbjO3/iMO3qUH7VOjWGwbsIwqZFalqcsHDk/mJEt6UIP2/ltCOfLL
+EQwVT91L9BiDAl1J/4i6d9THC0oXUdISoOF0rxAxhbDexGvirY+2g==
</Encrypted></CancelInfo>
	  <ReservedInfo>
	    <MReserved1/>
	    <MReserved2/>
	    <MReserved3/></ReservedInfo>
	  <ManageInfo>
	    <Language/>
	    <URL/>
	    <TXVersion>5036B141209canceLinux     PHPchkfake   2.6.32-754.11.1.el6.x86_64PHP:</TXVersion>
	    <TXUserID/>
	    <TXRegNum/></ManageInfo></INIpay>ALMXIm+ni2yv3DuLckg/e6iVFTKaRfe1NZAiuG54EJbILGHhumADd36LR7A2TRIx
z9FVJPhq8/3L5GPAPULY6vydiM/xm9EqiPrORkSwSG1Tu5Xb3vvyN0BOvGYjAOt9
y01N3rA/y6qV5uBL8x+uwpMaa2VqcIU2Jgz/8+csqhuG
]
INFO	[2020-07-22 11:28:06:781] <10867> DNS LOOKUP OK(203.238.37.3:203.238.37.3:34049) laptime:0
INFO	[2020-07-22 11:28:06:783] <10867> SOCKET CONNECT OK
INFO	[2020-07-22 11:28:06:783] <10867> SEND OK
INFO	[2020-07-22 11:28:07:122] <10867> RECV OK
INFO	[2020-07-22 11:28:07:122] <10867> MSG_FROM_PG:[0115800175D SHA1                   0                                      300430majorgol03                    INIMX_CARDmajorgol0320200722112534965467<?xml version="1.0" encoding="UTF-8"?>
<INIpay>
  <CancelInfo>
    <ResultCode>120000</ResultCode>
    <ResultMsg urlencode="1">%C1%A4%BB%F3%C3%B3%B8%AE%B5%C7%BE%FA%BD%C0%B4%CF%B4%D9.</ResultMsg>
    <SessionKey>AQUUqTT9JVmnCZ7t19zdAqSeXR4BftOuwQMVffeAR//LgC6OdmDhxn/TtNbA/vGf
1VpIuw8Bf9Ya63bvlQ1cWFzBs9j2uANVZCWQ8mHNSU/4s1EkPOn6jRO5kc/v8Rml
ILuPGFZAjk/IX5o45ilzjsN0+BYow2HUNjNOEMnHmrlODx/gxQxnsHM=
</SessionKey>
    <Encrypted>HNV/sTmD2pFx5j6vbacFEz0xi+2iqcP3bnn+p7SPyGJRfp2XAVZlGNIeE6I6OGEn
NTOTzWU+pTDhgERXyEgaZ+Lj70iyI4kDjS9UrA5mCbACapd1jad67kTH3bXu7Man
D3Ncu7nj+zPGVz4WEG2XGbSsm9jRPWGlH1DGEiUXqR+nb5i7UThW5LNViNA3EOGQ
YWDeGSulRPyWxpF56+kZwDr6eWMbdD2z/p5UHkkL1lDsa8uOnGFf1upm34hlW3vK
IeYC0IYNtjoHw7BTosDwgI8CYCV2AmCWDhFatbQGDi+KxTNuT+HiBkGNq/Wvny0Z
U9+ffDQ9XvfgGT+xiLv99O/Tiry/4dY9mIXp6usQdzI=
</Encrypted>
  </CancelInfo>
  <ManageInfo/>
  <ReservedInfo>
    <MReserved1 urlencode="1"></MReserved1>
    <MReserved2 urlencode="1"></MReserved2>
    <MReserved3 urlencode="1"></MReserved3>
    <PGReserved1 urlencode="1"></PGReserved1>
    <PGReserved2 urlencode="1"></PGReserved2>
    <PGReserved3 urlencode="1"></PGReserved3>
  </ReservedInfo>
</INIpay>
s0M4Lyc9XuxjZZrtkUofwgKvHMAVJ8+axigYc39mPh917qkdadDSWeWZThzhzxEU
vaOLLWxdp6W32pGOSah1cON5Xcbk27pYf4f+DQpr4K/+Q4L8lrjsYQ6Zd6QDDI3p
VG7sOYTI2mc3iEEcgUvh/qEr8d+aeosHqd6qXSyfa4M=
]
INFO	[2020-07-22 11:28:07:122] <10867> VERIFY OK
INFO	[2020-07-22 11:28:07:122] <10867> PARSE HEAD OK
INFO	[2020-07-22 11:28:07:123] <10867> PARSE BODY OK
INFO	[2020-07-22 11:28:07:123] <10867> DECRYPT OK
DEBUG	[2020-07-22 11:28:07:123] <10867> DECRYPT MSG:[<?xml version="1.0" encoding="UTF-8"?>
<CancelInfo>
  <CancelDate>20200722</CancelDate>
  <CancelTime>112807</CancelTime>
  <ResultCode>120000</ResultCode>
  <ResultMsg urlencode="1">%C1%A4%BB%F3%C3%B3%B8%AE%B5%C7%BE%FA%BD%C0%B4%CF%B4%D9.</ResultMsg>
</CancelInfo>]
INFO	[2020-07-22 11:28:07:123] <10867> DECRYPT PARSE OK
INFO	[2020-07-22 11:28:07:123] <10867> END cancel 정상처리되었습니다. Laptime:[0.344sec]
INFO	[2020-07-22 11:28:07:123] <10867> ===============================================================
INFO	[2020-07-22 15:18:36:360] <9213> START INIPHP cancel (V5036-141209)(OS:Linux2.6.32-754.11.1.el6.x86_64,PHP:5.3.3)
DEBUG	[2020-07-22 15:18:36:360] <9213> inipayhome:/home/killdeal/public_html/shop/inicis
DEBUG	[2020-07-22 15:18:36:360] <9213> debug:false
DEBUG	[2020-07-22 15:18:36:360] <9213> type:cancel
DEBUG	[2020-07-22 15:18:36:360] <9213> mid:majorgol03
DEBUG	[2020-07-22 15:18:36:360] <9213> admin:1111
DEBUG	[2020-07-22 15:18:36:360] <9213> tid:StdpayCARDmajorgol0320200722143132186247
DEBUG	[2020-07-22 15:18:36:360] <9213> cancelmsg:쇼핑몰 운영자 승인 취소
INFO	[2020-07-22 15:18:36:360] <9213> Check Field OK
INFO	[2020-07-22 15:18:36:360] <9213> PI PUB KEY LOAD OK []
INFO	[2020-07-22 15:18:36:361] <9213> PG PUB KEY LOAD OK [30]
INFO	[2020-07-22 15:18:36:361] <9213> MERCHANT PRIV KEY LOAD OK
INFO	[2020-07-22 15:18:36:361] <9213> MERCHANT PUB KEY LOAD OK [0]
DEBUG	[2020-07-22 15:18:36:361] <9213> MAKE ENCRYPT OK[<?xml version="1.0" encoding="UTF-8"?>
<CancelInfo>
	  <CancelTID>StdpayCARDmajorgol0320200722143132186247</CancelTID>
	  <CancelMsg urlencode="1">%BC%EE%C7%CE%B8%F4+%BF%EE%BF%B5%C0%DA+%BD%C2%C0%CE+%C3%EB%BC%D2</CancelMsg>
	  <CancelReason/></CancelInfo>]
INFO	[2020-07-22 15:18:36:361] <9213> MAKE BODY OK
INFO	[2020-07-22 15:18:36:362] <9213> SIGN OK
INFO	[2020-07-22 15:18:36:362] <9213> MAKE HEAD OK
INFO	[2020-07-22 15:18:36:362] <9213> MSG_TO_PG:[0096200175D SHA1                   0                                      300420majorgol03                    StdpayCARDmajorgol0320200722143132186247<?xml version="1.0" encoding="UTF-8"?>
<INIpay>
	  <CancelInfo>
	    <SessionKey>P42fT2GE7+v+kJwu7fhFk6PAJTK7/5ufrFXPJF4ZvUmaBPwEFJuZ3x8MTKFDaFDy
UyOhkBf9OVkxuPBrLSYxXTSVknH0ffv7FEIhO24HSfjKEmgotj/DfPX0zy3CeogT
P1LVoPw++DAYHsFfAaGKA+s1oe7SQPHcll4sNpZV4X94401X3TZEiQ==
</SessionKey>
	    <Encrypted>VKhEus8Ym1xGocfjvC1/2Yy0rq9Ut2AIh+egXOdjDU5GKShUtwnk3QBqXxo9Vz8P
fvTcChgmCYicZFvS0CAyu5W7CYR6ysZebbo3EAN4lAdFshbJbaOVgcJuKnLJBUqG
5GoittgPk7ztjP9Mziki56pf3BXYf15qdBOYHloWuWA1ZW/VJ+FkLVVBcI1VW/QA
S21DOnN23nYw4aHljHzUPNQs9Qqfd/d6UdlcRPdoiy0Fcnr+k3HCmXvxsFYve5tk
2riU+VgE1FFtb2WQYoe2XvotAguLiSmaTm+YA/scd82CFMvcAQLs1G6MpwhFO30S
mevMLedZtFmAi7QA8c1h5Q==
</Encrypted></CancelInfo>
	  <ReservedInfo>
	    <MReserved1/>
	    <MReserved2/>
	    <MReserved3/></ReservedInfo>
	  <ManageInfo>
	    <Language/>
	    <URL/>
	    <TXVersion>5036B141209canceLinux     PHPchkfake   2.6.32-754.11.1.el6.x86_64PHP:</TXVersion>
	    <TXUserID/>
	    <TXRegNum/></ManageInfo></INIpay>AGQK2gH4zmCTB3wuMT47qm5i6rAjCnfhX8/NBS7skStBW/rhelFpTdZl1mruPaG1
GqO61d2azW8T6fZImc48SHoJPepYxbkDem4vT8olS6WeWgg+zJYqtHfrkjSSgFRq
+Uz1Sx/MMgs0jGBFykSj91hXZX+1ATOZMChv7iFjafYF
]
INFO	[2020-07-22 15:18:36:362] <9213> DNS LOOKUP OK(203.238.37.3:203.238.37.3:34049) laptime:0
INFO	[2020-07-22 15:18:36:364] <9213> SOCKET CONNECT OK
INFO	[2020-07-22 15:18:36:364] <9213> SEND OK
INFO	[2020-07-22 15:18:37:77] <9213> RECV OK
INFO	[2020-07-22 15:18:37:77] <9213> MSG_FROM_PG:[0115800175D SHA1                   0                                      300430majorgol03                    StdpayCARDmajorgol0320200722143132186247<?xml version="1.0" encoding="UTF-8"?>
<INIpay>
  <CancelInfo>
    <ResultCode>120000</ResultCode>
    <ResultMsg urlencode="1">%C1%A4%BB%F3%C3%B3%B8%AE%B5%C7%BE%FA%BD%C0%B4%CF%B4%D9.</ResultMsg>
    <SessionKey>AAMWkQRtROfBAkk/MU8tgNbXCjCLhV2occEFVqbbm4/52j9TJLAU/Y/2RgZdqoPO
CSKZMS7neaAui/zLR7dxCgp4ZeHQ7Xag7MSWcb8Un/7Jh9Ez7bdI+jgq016KC0fF
AUYNab6OF4/deZJ5LLCZYJ87itIJqPuQK6EA9xWvXvyJGjnSwk08tG8=
</SessionKey>
    <Encrypted>pRRz0AwgUqdw4H9zaiSUBhail6hnignJmwPJEC7i3FZUFSPXILgsKJnkkM1E+gRo
wk3wLnlXMmBvJPgzaNDZgePD+4vaBzDN+eV0uKTsILOQA3d45ZTE5//r3uFbmlu1
fgw1JrgUS90Dq+iBYtx08E2f6HGG/Gabw+t/vyViUDjsl8wsojarVAWc2MeXqTrR
Fi7g5PRlR5vOWsKfrkpnoqlbivQUf4OyNSUGRjxRTnA6uU7Uqfwf+T9NcBvae7vV
bUmfh0hwB6/uCJILoujnDI1B3cDZuCCzrMTHxEpFxK894RAYdlcTol8lZP6dv+0b
V8VOob1+aniF3cUheYIORYt91TQ7kVkEX7jjjQv1yLk=
</Encrypted>
  </CancelInfo>
  <ManageInfo/>
  <ReservedInfo>
    <MReserved1 urlencode="1"></MReserved1>
    <MReserved2 urlencode="1"></MReserved2>
    <MReserved3 urlencode="1"></MReserved3>
    <PGReserved1 urlencode="1"></PGReserved1>
    <PGReserved2 urlencode="1"></PGReserved2>
    <PGReserved3 urlencode="1"></PGReserved3>
  </ReservedInfo>
</INIpay>
ryCa/Io0fVQYQuK8cc1CBqoiTfno3jt3B1+DGD7eNFx27T+jbq6Tjx4t510HPViz
58ydBLgTohbKlnQ0OJQuSyAKmzgNKC9iNzA6D51HUuLAiNIMolDWGoKf2VZN+yhb
W5CwdhzJ2cJah+2+G+4GU3szBG4Gk/ZIzpYuHyZb2qA=
]
INFO	[2020-07-22 15:18:37:77] <9213> VERIFY OK
INFO	[2020-07-22 15:18:37:77] <9213> PARSE HEAD OK
INFO	[2020-07-22 15:18:37:78] <9213> PARSE BODY OK
INFO	[2020-07-22 15:18:37:78] <9213> DECRYPT OK
DEBUG	[2020-07-22 15:18:37:78] <9213> DECRYPT MSG:[<?xml version="1.0" encoding="UTF-8"?>
<CancelInfo>
  <CancelDate>20200722</CancelDate>
  <CancelTime>151837</CancelTime>
  <ResultCode>120000</ResultCode>
  <ResultMsg urlencode="1">%C1%A4%BB%F3%C3%B3%B8%AE%B5%C7%BE%FA%BD%C0%B4%CF%B4%D9.</ResultMsg>
</CancelInfo>]
INFO	[2020-07-22 15:18:37:78] <9213> DECRYPT PARSE OK
INFO	[2020-07-22 15:18:37:78] <9213> END cancel 정상처리되었습니다. Laptime:[0.718sec]
INFO	[2020-07-22 15:18:37:78] <9213> ===============================================================
INFO	[2020-07-22 23:39:28:40] <13005> START INIPHP cancel (V5036-141209)(OS:Linux2.6.32-754.11.1.el6.x86_64,PHP:5.3.3)
DEBUG	[2020-07-22 23:39:28:41] <13005> inipayhome:/home/killdeal/public_html/shop/inicis
DEBUG	[2020-07-22 23:39:28:41] <13005> debug:false
DEBUG	[2020-07-22 23:39:28:41] <13005> type:cancel
DEBUG	[2020-07-22 23:39:28:41] <13005> mid:majorgol03
DEBUG	[2020-07-22 23:39:28:41] <13005> admin:1111
DEBUG	[2020-07-22 23:39:28:41] <13005> tid:INIMX_VBNKmajorgol0320200722174534615582
DEBUG	[2020-07-22 23:39:28:41] <13005> cancelmsg:주문자 본인 취소-상품옵션 선택 잘못함
INFO	[2020-07-22 23:39:28:41] <13005> Check Field OK
INFO	[2020-07-22 23:39:28:41] <13005> PI PUB KEY LOAD OK []
INFO	[2020-07-22 23:39:28:41] <13005> PG PUB KEY LOAD OK [30]
INFO	[2020-07-22 23:39:28:41] <13005> MERCHANT PRIV KEY LOAD OK
INFO	[2020-07-22 23:39:28:41] <13005> MERCHANT PUB KEY LOAD OK [0]
DEBUG	[2020-07-22 23:39:28:42] <13005> MAKE ENCRYPT OK[<?xml version="1.0" encoding="UTF-8"?>
<CancelInfo>
	  <CancelTID>INIMX_VBNKmajorgol0320200722174534615582</CancelTID>
	  <CancelMsg urlencode="1">%C1%D6%B9%AE%C0%DA+%BA%BB%C0%CE+%C3%EB%BC%D2-%BB%F3%C7%B0%BF%C9%BC%C7+%BC%B1%C5%C3+%C0%DF%B8%F8%C7%D4</CancelMsg>
	  <CancelReason/></CancelInfo>]
INFO	[2020-07-22 23:39:28:42] <13005> MAKE BODY OK
INFO	[2020-07-22 23:39:28:42] <13005> SIGN OK
INFO	[2020-07-22 23:39:28:42] <13005> MAKE HEAD OK
INFO	[2020-07-22 23:39:28:42] <13005> MSG_TO_PG:[0101500175D SHA1                   0                                      300420majorgol03                    INIMX_VBNKmajorgol0320200722174534615582<?xml version="1.0" encoding="UTF-8"?>
<INIpay>
	  <CancelInfo>
	    <SessionKey>PGm88YTdcKlk/eQFPZ4JPRN1mD46Km2IOjqbKCzs48A47vuAKcS4GNIMs4W2Kyyp
hVQwZ8DBQcY66u6+31Q0m288/TTcbbRu4VZLkQSMRn5SJ6hV60odw/YUd+MUEzTh
FTM5PvaX1mxrRao2Mv5hkjX+f6H9HYmV5n18HYi1775ctuNwTL73wg==
</SessionKey>
	    <Encrypted>2sVzCqmj6h1XdymkRJFO2VfgmPOWMsYZlxP8+wmu0rpNyxOmFFhAIkiO/HYGJMZd
UovpVvsoCvaDg+RTvUfLb4NK/CHqqrAu5phhemI8esXG29S3Njsbz28EKHbLiUBc
81MuNP5JmfGimmijE+CPIuSYiZ5ht5Jif1dDpgEI/wIGEXV8l0KDSxe95p21T9HG
rRfjlXT4u/P2zR0wxr+0Su+iGGPyQKTa9/zZkwvAytfMv+1korutzWKL/ZpaB45S
yGEWIsvyMtmaCHpcvxrZQ2OFFriP4F0fgaugc879hzxq5GJ3aI+KFL8VknrIK2x5
dHpI3XU3P4PBcrw6B1kri/o1QhugRq4sw8scf/q9I5czjTg+uEPfasJZpvDpIWKa
AsjVsFZaIYA=
</Encrypted></CancelInfo>
	  <ReservedInfo>
	    <MReserved1/>
	    <MReserved2/>
	    <MReserved3/></ReservedInfo>
	  <ManageInfo>
	    <Language/>
	    <URL/>
	    <TXVersion>5036B141209canceLinux     PHPchkfake   2.6.32-754.11.1.el6.x86_64PHP:</TXVersion>
	    <TXUserID/>
	    <TXRegNum/></ManageInfo></INIpay>AO4z4R2Ve+lh3wEJozpKJFs+CPJmN/3J6paeNwmpf9tZ+3l75MUJ2ZblbQF7FlUv
F7AnUaCWXzlgIa16X4P2yW9m0qTzq10ecCyKOsnw2jw01HUhHBuXaxEk5AX3+MiK
G3JiDhth2G2C7ZWhvI9986n/E/v30Tdp9uKdHyX8uRwY
]
INFO	[2020-07-22 23:39:28:42] <13005> DNS LOOKUP OK(203.238.37.3:203.238.37.3:34049) laptime:0
INFO	[2020-07-22 23:39:28:45] <13005> SOCKET CONNECT OK
INFO	[2020-07-22 23:39:28:45] <13005> SEND OK
INFO	[2020-07-22 23:39:28:219] <13005> RECV OK
INFO	[2020-07-22 23:39:28:219] <13005> MSG_FROM_PG:[0159300175D SHA1                   0                                      300430majorgol03                    INIMX_VBNKmajorgol0320200722174534615582<?xml version="1.0" encoding="UTF-8"?>
<INIpay>
  <CancelInfo>
    <ResultCode>170000</ResultCode>
    <ResultMsg urlencode="1">%C1%A4%BB%F3%C3%B3%B8%AE%B5%C7%BE%FA%BD%C0%B4%CF%B4%D9.</ResultMsg>
    <SessionKey>AIwKXOzkrj1U6PZV3XEXmehypwkV8f5XZjoosksalAE89oi0CjA+2EPOaX2sqTyC
Hx3xxEtKeq+HARgadABVOVXHWWGA6L0R9dBioEeopZVE+P/ryLBR6GAycNHOyYJ2
+ifD866dV6KJV1ipSuC9swqzTWaCq6KoJ/x2F3Un00xn5C7cK0GE1rY=
</SessionKey>
    <Encrypted>xcOllHieapFc5awLDCr2vOWqKKo4zwrxCDZNfqd5w4YtTIueW8E9FGQ2aCZT1Erv
gvXSktYErpNeyomYY2ddfwO88A/8+QWtSXShAVbxsdnixsNFK9hS0fHddEZRUWhs
RSxICJsoNGzoyohC3c5QLIiHO+HV5YXU8YluZ5XWTT6qYaJeHwLpHhd0KjK79tH8
4+VtLPEXGBPI8HOAxcrccroVHJqbX0RjWwNRgOOC5Rq58lKFrC8d0Cp03ENQzdoK
cE4Y16TEwM2au+L0dD9a+qIsqPe8pr7LVmB/dRcgHeYBtnquApFwQHkoETCi0UPC
PYzwV+c41oNQQCWhKZezQidVoWEyymIlyDq/5yTDUU7RRuiiYjP/f15TfqM11YqL
EMsV0OEdyNIg/0vlkEYIw+KHtjxgx2JXIlVIN8qgKAgrQTvKei5xH7mUhuQIDl9h
C7FvtrfCswnjOew99hevrYyxeUpgx2AxYkLG5Ea6ehBhR9ipKgg2vtIkQ414AzQp
4CaFhfFWqzurkZ2xjtLXjaWtLb4j/DMxqW6y0VTGIjNUOOGwai834lqgp6xJ/1Al
KRsxw7l8dvZNtvvtvjjrJsKbow9fMbQGEDftayPbg9u5sRBrYy9jcDYviYQtFhHi
ZEevR9HhNJ2d08SkM6TXPLWcnp39dVmadRYkZxWuv9XupxKSUp76c3FTgIqXJGYt
YPkAkFLkX1bG/hoo9VRyfqJUndRuwznfHu/KQW+o9+VxLN73nG+whe0ud+Mv9Zxg
HYmz/pOG0+0fBllqvmMuFw==
</Encrypted>
  </CancelInfo>
  <ManageInfo/>
  <ReservedInfo>
    <MReserved1 urlencode="1"></MReserved1>
    <MReserved2 urlencode="1"></MReserved2>
    <MReserved3 urlencode="1"></MReserved3>
    <PGReserved1 urlencode="1"></PGReserved1>
    <PGReserved2 urlencode="1"></PGReserved2>
    <PGReserved3 urlencode="1"></PGReserved3>
  </ReservedInfo>
</INIpay>
AXIK6aqeyER5Kxf8390wNXnxg3CwfUHYOWPD98/N9dfOgvP8Aa4ZAdX1t1XLk57X
mjX5gc8KDBBvGv07TJ3IhBfvfHubG38HFMsqme1JamURvgaGc85eF7Vx9+NvckXF
DyrwJfQFkavmnboM82EfwxGHkHjHmVJeYTWXryp6vDI=
]
INFO	[2020-07-22 23:39:28:219] <13005> VERIFY OK
INFO	[2020-07-22 23:39:28:219] <13005> PARSE HEAD OK
INFO	[2020-07-22 23:39:28:219] <13005> PARSE BODY OK
INFO	[2020-07-22 23:39:28:220] <13005> DECRYPT OK
DEBUG	[2020-07-22 23:39:28:220] <13005> DECRYPT MSG:[<?xml version="1.0" encoding="UTF-8"?>
<CancelInfo>
  <CancelDate>20200722</CancelDate>
  <CancelTime>233928</CancelTime>
  <ResultCode>170000</ResultCode>
  <ResultMsg urlencode="1">%C1%A4%BB%F3%C3%B3%B8%AE%B5%C7%BE%FA%BD%C0%B4%CF%B4%D9.</ResultMsg>
  <CSHR_CancelNum></CSHR_CancelNum>
  <CSHR_CancelDate>20200722</CSHR_CancelDate>
  <CSHR_CancelTime>233928</CSHR_CancelTime>
  <CSHR_ResultCode>220000</CSHR_ResultCode>
  <CSHR_ResultMsg urlencode="1">%C1%A4%BB%F3%C3%B3%B8%AE%B5%C7%BE%FA%BD%C0%B4%CF%B4%D9.</CSHR_ResultMsg>
  <VACT_FlgRemit urlencode="1"></VACT_FlgRemit>
</CancelInfo>]
INFO	[2020-07-22 23:39:28:220] <13005> DECRYPT PARSE OK
INFO	[2020-07-22 23:39:28:220] <13005> END cancel 정상처리되었습니다. Laptime:[0.18sec]
INFO	[2020-07-22 23:39:28:220] <13005> ===============================================================
