INFO	[2021-03-15 08:41:53:534] <13851> START INIPHP cancel (V5036-141209)(OS:Linux2.6.32-754.11.1.el6.x86_64,PHP:5.3.3)
DEBUG	[2021-03-15 08:41:53:534] <13851> inipayhome:/home1/killdeal/public_html/shop/inicis
DEBUG	[2021-03-15 08:41:53:534] <13851> debug:false
DEBUG	[2021-03-15 08:41:53:534] <13851> type:cancel
DEBUG	[2021-03-15 08:41:53:534] <13851> mid:majorgol03
DEBUG	[2021-03-15 08:41:53:534] <13851> admin:1111
DEBUG	[2021-03-15 08:41:53:534] <13851> tid:INIMX_CARDmajorgol0320210315084143455186
DEBUG	[2021-03-15 08:41:53:534] <13851> cancelmsg:주문자 본인 취소-구매의사 없음
INFO	[2021-03-15 08:41:53:535] <13851> Check Field OK
INFO	[2021-03-15 08:41:53:535] <13851> PI PUB KEY LOAD OK []
INFO	[2021-03-15 08:41:53:535] <13851> PG PUB KEY LOAD OK [30]
INFO	[2021-03-15 08:41:53:535] <13851> MERCHANT PRIV KEY LOAD OK
INFO	[2021-03-15 08:41:53:536] <13851> MERCHANT PUB KEY LOAD OK [0]
DEBUG	[2021-03-15 08:41:53:536] <13851> MAKE ENCRYPT OK[<?xml version="1.0" encoding="UTF-8"?>
<CancelInfo>
	  <CancelTID>INIMX_CARDmajorgol0320210315084143455186</CancelTID>
	  <CancelMsg urlencode="1">%C1%D6%B9%AE%C0%DA+%BA%BB%C0%CE+%C3%EB%BC%D2-%B1%B8%B8%C5%C0%C7%BB%E7+%BE%F8%C0%BD</CancelMsg>
	  <CancelReason/></CancelInfo>]
INFO	[2021-03-15 08:41:53:536] <13851> MAKE BODY OK
INFO	[2021-03-15 08:41:53:537] <13851> SIGN OK
INFO	[2021-03-15 08:41:53:537] <13851> MAKE HEAD OK
INFO	[2021-03-15 08:41:53:537] <13851> MSG_TO_PG:[0099400175D SHA1                   0                                      300420majorgol03                    INIMX_CARDmajorgol0320210315084143455186<?xml version="1.0" encoding="UTF-8"?>
<INIpay>
	  <CancelInfo>
	    <SessionKey>UDLUxMFgU5zyirHzN4K4MDnbyZ3VLxtGC3YIw0hjvsVhGzNYFqZOPBgXI3oX/nvp
dZKm+GeDfOILvW1flZXaBqunlAbq5pnGmgdJHrw/CEJBzoN2tG1teMHrxzXPRIAv
RAOfWeUCjHYrAtcl5nWLGJug2E//o373T50/KNzKxWTFZi4IQ5Htqw==
</SessionKey>
	    <Encrypted>q7BTffn66j+GllX9CP0o6S6aA6GwHj0IiILLgikhFuFTIKn4/4yUSemROnH1XWct
JcVgUG+rbaz+QrfNNSJzVZv9QvMcLIq3BciCPtbQoYlSNVNtOP7hLGeeFzp/ZCuE
bS+ZRXkxSEMUkEMNDcIlp9XO1cmVV/8rsfioR6tuE2bekGRXQ3yCNw9YU7fLoDca
S83uIdVNcTLtbQZUt6ScOdoNZu1esZtCsiofwjuHiTvNveXZgu1oWLR3W1lfC+L5
3yHnvEAmGbXp1+/ryAQ/V6Ob7IzqNRhsfiMPIevzzqPQFhkxm1EqxOqS4edE/+N7
nQ+EJOVBaH33mLd4TAeiOXygZBBjGZOmR0DnaDTBszHDgq0ydYVotA==
</Encrypted></CancelInfo>
	  <ReservedInfo>
	    <MReserved1/>
	    <MReserved2/>
	    <MReserved3/></ReservedInfo>
	  <ManageInfo>
	    <Language/>
	    <URL/>
	    <TXVersion>5036B141209canceLinux     PHPchkfake   2.6.32-754.11.1.el6.x86_64PHP:</TXVersion>
	    <TXUserID/>
	    <TXRegNum/></ManageInfo></INIpay>ALuZ+f+1gnH8+UZUSfNYzdTcMzNsxLOo6qyqgwnGVqPsHyR29byfGZyHAlY4NtEO
kFkpGJyeh34fqRilJzdPBmZQcGG9Un5J6RRpWGEJM04+YmdFx8MhL8ihuqCNKlbG
VgN+TB/+JCLotWy357NC3q60yrACWleD1hbVfgOYpmcT
]
INFO	[2021-03-15 08:41:53:537] <13851> DNS LOOKUP OK(203.238.37.3:203.238.37.3:34049) laptime:0
INFO	[2021-03-15 08:41:53:539] <13851> SOCKET CONNECT OK
INFO	[2021-03-15 08:41:53:539] <13851> SEND OK
INFO	[2021-03-15 08:41:54:844] <13851> RECV OK
INFO	[2021-03-15 08:41:54:844] <13851> MSG_FROM_PG:[0093300175D SHA1                   0                                      300430majorgol03                    INIMX_CARDmajorgol0320210315084143455186<?xml version="1.0" encoding="UTF-8"?><INIpay>
<CancelInfo>
<ResultCode>120000</ResultCode>
<ResultMsg urlencode="1">%C1%A4%BB%F3%C3%B3%B8%AE%B5%C7%BE%FA%BD%C0%B4%CF%B4%D9.</ResultMsg>
<SessionKey>AM33ws9Uu4EnDh3bNbjs1GSk5QE+yzb93Q5tgNWoZo36b+mIhQfMFoUKl3MJIwsc
gmnjCcuMLFngP7hJi56O3uuyejtrFXCUTZ8AJ/XtmB6+Hk2R++grN2sLumuBqEVR
vYKdRfw+0d/g/zt42W+DMZW+1b0KDoR6v9KnfYXN87iRa4gMwa126p8=
</SessionKey>
<Encrypted>RW62vorZq6Pc/k+cB6fFT4Tx9tX+j8/3Ml0cpXBsd5sPWejsri9F/YKC0CCQS+qO
gFDeiji5WsG3ORF+FEtbaWWuRT7XmsVx6uZ4BSwqCphK96Gky5rauZD7zSV+2A1h
6K4YViS44WPJIBrH/V1mSeUxj69dKydCQaQHthq7ArzG87muq9scHw3fGY1U2nDR
2d+Ml+lYF0Q/1jpNpJ6OOJy4d7JyZVvdpUlhm0scIoVRi4Wc3Tm1DqsKsNI7T3El
hGdhG6rsMxR903x8l/NherKjDHgQF9m35Zf8OSHu78ii1MYBAuY1qxQM8VctuJuP
FEyZipsi457Fqso3xLVcncj8mQjZ1RrV
</Encrypted>
</CancelInfo>
<ManageInfo/>
<ReservedInfo>
<MReserved1 urlencode="1"/>
<MReserved2 urlencode="1"/>
<MReserved3 urlencode="1"/>
</ReservedInfo>
</INIpay>
TgR6+Wviq3GLmRx5M2a9ZkF7JFLAIAsRkAVPQmRCous5M6s8l7AlUxCeWPpIfQuO
HlY7t3HJZ2Y4rHgWdrfVgN6ugeN9tFJHDyy8FZTtPr8szVecq5n1hM2OEgPhbHme
CGHc6a6FMMvxonWj9adG3dCHk/APC34Iyv1O96k6ubg=
]
INFO	[2021-03-15 08:41:54:844] <13851> VERIFY OK
INFO	[2021-03-15 08:41:54:844] <13851> PARSE HEAD OK
INFO	[2021-03-15 08:41:54:845] <13851> PARSE BODY OK
INFO	[2021-03-15 08:41:54:845] <13851> DECRYPT OK
DEBUG	[2021-03-15 08:41:54:845] <13851> DECRYPT MSG:[<?xml version="1.0" encoding="UTF-8"?><CancelInfo>
<CancelDate>20210315</CancelDate>
<CancelTime>084154</CancelTime>
<ResultCode>120000</ResultCode>
<ResultMsg urlencode="1">%C1%A4%BB%F3%C3%B3%B8%AE%B5%C7%BE%FA%BD%C0%B4%CF%B4%D9.</ResultMsg>
</CancelInfo>]
INFO	[2021-03-15 08:41:54:845] <13851> DECRYPT PARSE OK
INFO	[2021-03-15 08:41:54:846] <13851> END cancel 정상처리되었습니다. Laptime:[1.311sec]
INFO	[2021-03-15 08:41:54:846] <13851> ===============================================================
INFO	[2021-03-15 16:00:22:357] <32566> START INIPHP cancel (V5036-141209)(OS:Linux2.6.32-754.11.1.el6.x86_64,PHP:5.3.3)
DEBUG	[2021-03-15 16:00:22:357] <32566> inipayhome:/home1/killdeal/public_html/shop/inicis
DEBUG	[2021-03-15 16:00:22:357] <32566> debug:false
DEBUG	[2021-03-15 16:00:22:357] <32566> type:cancel
DEBUG	[2021-03-15 16:00:22:357] <32566> mid:majorgol03
DEBUG	[2021-03-15 16:00:22:357] <32566> admin:1111
DEBUG	[2021-03-15 16:00:22:357] <32566> tid:INIMX_CARDmajorgol0320210311135649115862
DEBUG	[2021-03-15 16:00:22:357] <32566> cancelmsg:쇼핑몰 운영자 승인 취소
INFO	[2021-03-15 16:00:22:357] <32566> Check Field OK
INFO	[2021-03-15 16:00:22:357] <32566> PI PUB KEY LOAD OK []
INFO	[2021-03-15 16:00:22:357] <32566> PG PUB KEY LOAD OK [30]
INFO	[2021-03-15 16:00:22:357] <32566> MERCHANT PRIV KEY LOAD OK
INFO	[2021-03-15 16:00:22:358] <32566> MERCHANT PUB KEY LOAD OK [0]
DEBUG	[2021-03-15 16:00:22:358] <32566> MAKE ENCRYPT OK[<?xml version="1.0" encoding="UTF-8"?>
<CancelInfo>
	  <CancelTID>INIMX_CARDmajorgol0320210311135649115862</CancelTID>
	  <CancelMsg urlencode="1">%BC%EE%C7%CE%B8%F4+%BF%EE%BF%B5%C0%DA+%BD%C2%C0%CE+%C3%EB%BC%D2</CancelMsg>
	  <CancelReason/></CancelInfo>]
INFO	[2021-03-15 16:00:22:358] <32566> MAKE BODY OK
INFO	[2021-03-15 16:00:22:359] <32566> SIGN OK
INFO	[2021-03-15 16:00:22:359] <32566> MAKE HEAD OK
INFO	[2021-03-15 16:00:22:359] <32566> MSG_TO_PG:[0096200175D SHA1                   0                                      300420majorgol03                    INIMX_CARDmajorgol0320210311135649115862<?xml version="1.0" encoding="UTF-8"?>
<INIpay>
	  <CancelInfo>
	    <SessionKey>Ij5DEqdFK/tHHkXtGtXZuj0UCMvOQ9yc5/eADaWjg0ZJz5177+8hFkYPukK5OmIs
cb/OgiyBhLoyxLxnPk0v3blCZcEg1LO7IEpBvE6tFXt1xn+F1AoUnRYxnFAY/Pzd
G6KyqJaMg8acd3a0THScsHhR1CSzsW8zTjFxLk16BS2UnP72Fvn7/g==
</SessionKey>
	    <Encrypted>N8pdhanj/zDYKytnb/8WUOca8Q5RBxVaqogYkqPsHGkvet3LfOG+5pyBbGUphZen
EUksEzunhlVHPZjYHgZCA5nSZnwMw7sIqVTCTXuz5hzcYTXXGsO4Dk+g1h2D3tGJ
Sy16JVkVojEObqaxXPoZ6JGsqSFzhod+5sGmmBzIyFdUs63hjWMWXnlIu12IraEz
aerFTkqmvLKU/X1OSoaM+FjFdvZFQiwGgZJKYGQnMB1rQylyN9wWuSvVJaRKDJCv
tzh0Wxv5ooWoScjA/U4uawKyeqEvtW5gFNPK6rxWjor3hdCZdYLv/lbEvtdm6Xhi
ykQqeyyeIaDf9F+Z8dyuvw==
</Encrypted></CancelInfo>
	  <ReservedInfo>
	    <MReserved1/>
	    <MReserved2/>
	    <MReserved3/></ReservedInfo>
	  <ManageInfo>
	    <Language/>
	    <URL/>
	    <TXVersion>5036B141209canceLinux     PHPchkfake   2.6.32-754.11.1.el6.x86_64PHP:</TXVersion>
	    <TXUserID/>
	    <TXRegNum/></ManageInfo></INIpay>AJMxOtp3hHYidJLD9jWBFwgO6XQCC8JxGly4jYbT7Oldi9HJqGPL6FZv9HYa1vps
kcMEbABnudHcpWWR65YRwqyTXsFeK50KHdmoWFefkvrQepxnnixYG1V9nGvbdiSS
+y9MCHzTh9n+ebBX+6b84hHXg0DxggUzglRgLlbtdOfH
]
INFO	[2021-03-15 16:00:22:359] <32566> DNS LOOKUP OK(203.238.37.3:203.238.37.3:34049) laptime:0
INFO	[2021-03-15 16:00:22:361] <32566> SOCKET CONNECT OK
INFO	[2021-03-15 16:00:22:361] <32566> SEND OK
INFO	[2021-03-15 16:00:22:819] <32566> RECV OK
INFO	[2021-03-15 16:00:22:819] <32566> MSG_FROM_PG:[0093300175D SHA1                   0                                      300430majorgol03                    INIMX_CARDmajorgol0320210311135649115862<?xml version="1.0" encoding="UTF-8"?><INIpay>
<CancelInfo>
<ResultCode>120000</ResultCode>
<ResultMsg urlencode="1">%C1%A4%BB%F3%C3%B3%B8%AE%B5%C7%BE%FA%BD%C0%B4%CF%B4%D9.</ResultMsg>
<SessionKey>AF0wrqiDe4mX9cstmjjFZbLmX0oYoHxG9b6GQiGQiyD4MMLRaN2hd7zKk1ji98QW
nb3RQ5iXoXgt++xaOIu74SojH7zr3q3wbJiVfnlDeonDocn+opEs630tTcimxNb+
bCNrxhU9P05ZCacp0jTCWmoYI9V+2xt+yPxKYaa0e0ShpRnoxareVvE=
</SessionKey>
<Encrypted>o8NjKtnwkBbniwi6MZfYaczpw9GCude0zqKCh9nmsEov583DqzJVjGy2RwNKAwkK
z2yLmc4+KECjTJLik+9bW2dRx19K8fmdUyOUI15nqXNcXIYJ+jdiYMkYpToi3yXZ
04WfchIuOJTGWWaril/JNFBKf4C7qOvddiayUd6w4C91tlE0MQExB5DGt+NBPZNr
JR4pBi8e74VLgZ3M6mJsW/cdHIQqaOpWv6ybPoHLNgVhm7GUiaaqPwjxschF7eYA
WENZRjf4Ba754QHqcKrtFAjI0Vav75oDkWoCYtCer/RhoxsF1KEn/zYSBapjCEn7
TcAtCQl0A6BPzzUP84niIGayfGTuTjAD
</Encrypted>
</CancelInfo>
<ManageInfo/>
<ReservedInfo>
<MReserved1 urlencode="1"/>
<MReserved2 urlencode="1"/>
<MReserved3 urlencode="1"/>
</ReservedInfo>
</INIpay>
At8d5I6fJ6O4wvGpAR89iwC3R4+9wSOaPEHg2wmI45E41aCWm2FPYPUhpw7/KSGb
Yh2AbjMhLEkYS3aEBpJdjCTCaDrm25/uX6BPtzrqOB07aamFBTIQzzHUTw41EhvN
ylm7wP7ctfj6/tOAqGnf5uP/G64ynbci9atcxMFre3E=
]
INFO	[2021-03-15 16:00:22:819] <32566> VERIFY OK
INFO	[2021-03-15 16:00:22:819] <32566> PARSE HEAD OK
INFO	[2021-03-15 16:00:22:820] <32566> PARSE BODY OK
INFO	[2021-03-15 16:00:22:820] <32566> DECRYPT OK
DEBUG	[2021-03-15 16:00:22:820] <32566> DECRYPT MSG:[<?xml version="1.0" encoding="UTF-8"?><CancelInfo>
<CancelDate>20210315</CancelDate>
<CancelTime>160022</CancelTime>
<ResultCode>120000</ResultCode>
<ResultMsg urlencode="1">%C1%A4%BB%F3%C3%B3%B8%AE%B5%C7%BE%FA%BD%C0%B4%CF%B4%D9.</ResultMsg>
</CancelInfo>]
INFO	[2021-03-15 16:00:22:820] <32566> DECRYPT PARSE OK
INFO	[2021-03-15 16:00:22:820] <32566> END cancel 정상처리되었습니다. Laptime:[0.464sec]
INFO	[2021-03-15 16:00:22:820] <32566> ===============================================================
INFO	[2021-03-15 21:20:56:557] <4197> START INIPHP cancel (V5036-141209)(OS:Linux2.6.32-754.11.1.el6.x86_64,PHP:5.3.3)
DEBUG	[2021-03-15 21:20:56:557] <4197> inipayhome:/home1/killdeal/public_html/shop/inicis
DEBUG	[2021-03-15 21:20:56:557] <4197> debug:false
DEBUG	[2021-03-15 21:20:56:557] <4197> type:cancel
DEBUG	[2021-03-15 21:20:56:557] <4197> mid:majorgol03
DEBUG	[2021-03-15 21:20:56:557] <4197> admin:1111
DEBUG	[2021-03-15 21:20:56:557] <4197> tid:INIMX_VBNKmajorgol0320210315211532255047
DEBUG	[2021-03-15 21:20:56:557] <4197> cancelmsg:주문자 본인 취소-구매의사 없음
INFO	[2021-03-15 21:20:56:557] <4197> Check Field OK
INFO	[2021-03-15 21:20:56:557] <4197> PI PUB KEY LOAD OK []
INFO	[2021-03-15 21:20:56:558] <4197> PG PUB KEY LOAD OK [30]
INFO	[2021-03-15 21:20:56:558] <4197> MERCHANT PRIV KEY LOAD OK
INFO	[2021-03-15 21:20:56:558] <4197> MERCHANT PUB KEY LOAD OK [0]
DEBUG	[2021-03-15 21:20:56:558] <4197> MAKE ENCRYPT OK[<?xml version="1.0" encoding="UTF-8"?>
<CancelInfo>
	  <CancelTID>INIMX_VBNKmajorgol0320210315211532255047</CancelTID>
	  <CancelMsg urlencode="1">%C1%D6%B9%AE%C0%DA+%BA%BB%C0%CE+%C3%EB%BC%D2-%B1%B8%B8%C5%C0%C7%BB%E7+%BE%F8%C0%BD</CancelMsg>
	  <CancelReason/></CancelInfo>]
INFO	[2021-03-15 21:20:56:558] <4197> MAKE BODY OK
INFO	[2021-03-15 21:20:56:559] <4197> SIGN OK
INFO	[2021-03-15 21:20:56:559] <4197> MAKE HEAD OK
INFO	[2021-03-15 21:20:56:559] <4197> MSG_TO_PG:[0099400175D SHA1                   0                                      300420majorgol03                    INIMX_VBNKmajorgol0320210315211532255047<?xml version="1.0" encoding="UTF-8"?>
<INIpay>
	  <CancelInfo>
	    <SessionKey>a+K/NZ07DqFdfIy14NnMbCfPWpWLvc2UeO8uOfknXUaL3EJOlLOP4PpBM7p1hJPV
t/OpqvS/cmb6kWRNNeF1uEj++Vt4fmkbbkvs7TOdlb+TI61JXfVIbBsOal7jLzwC
ZkSoTYYuM9uIY1jolzxHikfSKNeGq1laiGEgKnVZ0Jq5Ezh33nZMpg==
</SessionKey>
	    <Encrypted>R8XtbHtgP2zMWylcZuHMBWhU5CQluzIdRQ2yDpquiopUH13PczCEBHO545ixsJJ4
+Um8RR7Tx4w0M6ZRQgMLBUtM+tLkDPiM1F/hpO2idNvhfZbDy6eEm3x+qo2vjl3R
5Koqi07frtXCCQavCcDcYVs0198aALVmt+s2vuqcfsGAWhZUolB/u1d8ZE5pdq15
riUYJ7fwPbH1pkJpZqXpkDyY7QS5fcnQhIWBwYeQNvxj0FDNxL3POPPrcgID4ZMN
isMuoNuvcFKop6bIjxBT7vW7R7mIsmhcIpoy/ZOY56tcLQPrUvb1aRLXqZEgZfpM
5vOstlgxZq65ieT69gj8cjdzyqALV7TkN5x6F3+9oJ+7pwT4QAvF8g==
</Encrypted></CancelInfo>
	  <ReservedInfo>
	    <MReserved1/>
	    <MReserved2/>
	    <MReserved3/></ReservedInfo>
	  <ManageInfo>
	    <Language/>
	    <URL/>
	    <TXVersion>5036B141209canceLinux     PHPchkfake   2.6.32-754.11.1.el6.x86_64PHP:</TXVersion>
	    <TXUserID/>
	    <TXRegNum/></ManageInfo></INIpay>ALgJ+xcCUoJfTsBM7R31gSFJZn9HCqNo9rHrumw7zU/oxEghRFPPp4YkJ8aJvA+F
0Wv/RWgnjiqxGhZRm1WAXaMlkccq2W8nbs5vp7v3/ugrrfq0aNXOcPJoe3UtCbZP
JV3ljbREw46qi/834PgWdeeJ7BDkBwwO3LGsZVdWvG9a
]
INFO	[2021-03-15 21:20:56:559] <4197> DNS LOOKUP OK(203.238.37.3:203.238.37.3:34049) laptime:0
INFO	[2021-03-15 21:20:56:561] <4197> SOCKET CONNECT OK
INFO	[2021-03-15 21:20:56:561] <4197> SEND OK
INFO	[2021-03-15 21:20:56:691] <4197> RECV OK
INFO	[2021-03-15 21:20:56:691] <4197> MSG_FROM_PG:[0123800175D SHA1                   0                                      300430majorgol03                    INIMX_VBNKmajorgol0320210315211532255047<?xml version="1.0" encoding="UTF-8"?><INIpay>
<CancelInfo>
<ResultCode>170000</ResultCode>
<ResultMsg urlencode="1">%C1%A4%BB%F3%C3%B3%B8%AE%B5%C7%BE%FA%BD%C0%B4%CF%B4%D9.</ResultMsg>
<SessionKey>AIV/uGvCIDn97Q4xElaQfe5kZ2WvRUu2n4GykA6OxyeJvZl4yxlAkN5hLYyLWHui
C9JSUlD0u6HFDvDRljJM7NSoaTD4t5ynO7pjTW9VCbHEjch6I0h90xpax2Olv+kP
LuQCEXon+2hP4NR4uRdZEFYON33XyyCRpnVoTKJ98b0rnBLEijgalYI=
</SessionKey>
<Encrypted>+ybmRBl6kWapU6tfNV+yEBhwO9E8wyX7K98VGDJyxyhHDaRnQIcEU2asv3LLiLrD
qs2h5mGPozoYC68V2wTGcEBzDhN6Dw2GcbMuozBuGhIGIk/383Imn77ruAGlh7gi
JFg5beCtGuZIs7nd+G/zWu/GVOCshHgRPyNyeKyxBgOLVfXCnMfsgT4Q1yesNCoE
redcSsaBPftceu4JZDgQBxid+6OWp4a4rZbtc7D6j9UEr/6HRMM9JGdS4Bcubetc
4yVNtJGnhXwQxKkR0J7MxZpmxKwKR28jLHl+kplnlmeufzjy7EKN8OVmB8ytZsQ3
ID7pvOV2vcnr5QGyi9LOsJG42qYcLGfJstuuBjAMUATaap1XFuVuECRdkIp1+0tD
zc4WV5Hpd2O1WA4U4GK6fGXZtM5UgjVRSow2mKzXYU1sCCjgRHE5ldE3fFtJM8xu
wQO5lnksOHSqY7mKwTQc49P1be1Anrqo51jVyy25M9dnIJB58taDp/Ed21zXnkIi
i1Ct6qUpdugVQfGAktlEQOlvoPzHiMfQXORDnPAiaMs5BqK0Ea6KowQ9j5a27V38
qf6HCZRp2LDiDy0dn67wf5dQ3PRWirHhFgcNMc/sJw0qRV3+S6zW8It0lq2ScFVr
6zz+afljFA0=
</Encrypted>
</CancelInfo>
<ManageInfo/>
<ReservedInfo>
<MReserved1 urlencode="1"/>
<MReserved2 urlencode="1"/>
<MReserved3 urlencode="1"/>
</ReservedInfo>
</INIpay>
sZRmMVFxavKERagbiEKUceUPjKfluAIKGcNint1Wo1UZsyGR+WAUH/hW3ZWvw/+b
5Bh5TV4PQhHK6HYqhwmyNaA9+z5FNSYHX96P4BgFUWMbkTN5cVRZhSnImIWqyQ3x
n+o1cTqh7hvIb28o+4xJ1/UqzguObnRHvT3XV+in2go=
]
INFO	[2021-03-15 21:20:56:691] <4197> VERIFY OK
INFO	[2021-03-15 21:20:56:691] <4197> PARSE HEAD OK
INFO	[2021-03-15 21:20:56:692] <4197> PARSE BODY OK
INFO	[2021-03-15 21:20:56:693] <4197> DECRYPT OK
DEBUG	[2021-03-15 21:20:56:693] <4197> DECRYPT MSG:[<?xml version="1.0" encoding="UTF-8"?><CancelInfo>
<CancelDate>20210315</CancelDate>
<CancelTime>212056</CancelTime>
<ResultCode>170000</ResultCode>
<ResultMsg urlencode="1">%C1%A4%BB%F3%C3%B3%B8%AE%B5%C7%BE%FA%BD%C0%B4%CF%B4%D9.</ResultMsg>
<CSHR_CancelDate>20210315</CSHR_CancelDate>
<CSHR_CancelTime>212056</CSHR_CancelTime>
<CSHR_ResultCode>220000</CSHR_ResultCode>
<CSHR_ResultMsg urlencode="1">%C1%A4%BB%F3%C3%B3%B8%AE%B5%C7%BE%FA%BD%C0%B4%CF%B4%D9.</CSHR_ResultMsg>
</CancelInfo>]
INFO	[2021-03-15 21:20:56:693] <4197> DECRYPT PARSE OK
INFO	[2021-03-15 21:20:56:693] <4197> END cancel 정상처리되었습니다. Laptime:[0.135sec]
INFO	[2021-03-15 21:20:56:693] <4197> ===============================================================
