INFO	[2022-07-31 15:54:32:907] <11824> START INIPHP receipt (V5036-141209)(OS:Linux2.6.32-754.11.1.el6.x86_64,PHP:5.3.3)
DEBUG	[2022-07-31 15:54:32:907] <11824> inipayhome:/home1/killdeal/public_html/shop/inicis
DEBUG	[2022-07-31 15:54:32:907] <11824> debug:false
DEBUG	[2022-07-31 15:54:32:907] <11824> type:receipt
DEBUG	[2022-07-31 15:54:32:907] <11824> pgid:INIphpRECP
DEBUG	[2022-07-31 15:54:32:907] <11824> paymethod:CASH
DEBUG	[2022-07-31 15:54:32:907] <11824> currency:WON
DEBUG	[2022-07-31 15:54:32:907] <11824> admin:1111
DEBUG	[2022-07-31 15:54:32:907] <11824> mid:majorgol03
DEBUG	[2022-07-31 15:54:32:907] <11824> goodname:핫딜아디다스FW아디퓨어스트레치남성바지ED0985
DEBUG	[2022-07-31 15:54:32:907] <11824> cr_price:46900
DEBUG	[2022-07-31 15:54:32:907] <11824> sup_price:42636
DEBUG	[2022-07-31 15:54:32:907] <11824> tax:4264
DEBUG	[2022-07-31 15:54:32:907] <11824> srvc_price:0
DEBUG	[2022-07-31 15:54:32:907] <11824> buyername:양상훈
DEBUG	[2022-07-31 15:54:32:907] <11824> buyeremail:sanghoon0203@naver.com
DEBUG	[2022-07-31 15:54:32:907] <11824> buyertel:
DEBUG	[2022-07-31 15:54:32:907] <11824> reg_num:01074562161
DEBUG	[2022-07-31 15:54:32:907] <11824> useopt:0
DEBUG	[2022-07-31 15:54:32:907] <11824> companynumber:
INFO	[2022-07-31 15:54:32:907] <11824> Check Field OK
INFO	[2022-07-31 15:54:32:907] <11824> Make TID OK INIphpRECPmajorgol0320220731155432075997
INFO	[2022-07-31 15:54:32:907] <11824> PI PUB KEY LOAD OK []
INFO	[2022-07-31 15:54:32:908] <11824> PG PUB KEY LOAD OK [30]
INFO	[2022-07-31 15:54:32:908] <11824> MERCHANT PRIV KEY LOAD OK
INFO	[2022-07-31 15:54:32:908] <11824> MERCHANT PUB KEY LOAD OK [0]
DEBUG	[2022-07-31 15:54:32:908] <11824> MAKE ENCRYPT OK[<?xml version="1.0" encoding="UTF-8"?>
<PaymentInfo>
	  <Payment>
	    <CASH>
	      <CSHR_ApplPrice>46900</CSHR_ApplPrice>
	      <CSHR_SupplyPrice>42636</CSHR_SupplyPrice>
	      <CSHR_Tax>4264</CSHR_Tax>
	      <CSHR_ServicePrice/>
	      <CSHR_Type>0</CSHR_Type>
	      <CSHR_RegNum>01074562161</CSHR_RegNum>
	      <CSHR_CompanyNum/></CASH></Payment></PaymentInfo>]
INFO	[2022-07-31 15:54:32:909] <11824> MAKE BODY OK
INFO	[2022-07-31 15:54:32:909] <11824> SIGN OK
INFO	[2022-07-31 15:54:32:910] <11824> MAKE HEAD OK
INFO	[2022-07-31 15:54:32:910] <11824> MSG_TO_PG:[0193400175D SHA1                   0                                      300200majorgol03               46900INIphpRECPmajorgol0320220731155432075997<?xml version="1.0" encoding="UTF-8"?>
<INIpay>
	  <GoodsInfo>
	    <GoodsCnt>1</GoodsCnt>
	    <MOID/>
	    <Currency>WON</Currency>
	    <Tax>4264</Tax>
	    <TaxFree/>
	    <Goods>
	      <SMID>majorgol03</SMID>
	      <GoodsName urlencode="1">%C7%D6%B5%F4%BE%C6%B5%F0%B4%D9%BD%BAFW%BE%C6%B5%F0%C7%BB%BE%EE%BD%BA%C6%AE%B7%B9%C4%A1%B3%B2%BC%BA%B9%D9%C1%F6ED0985</GoodsName>
	      <GoodsPrice>46900</GoodsPrice></Goods></GoodsInfo>
	  <BuyerInfo>
	    <BuyerName urlencode="1">%BE%E7%BB%F3%C8%C6</BuyerName>
	    <BuyerTel/>
	    <BuyerEmail urlencode="1">sanghoon0203%40naver.com</BuyerEmail>
	    <ParentEmail/>
	    <RecvName/>
	    <RecvTel/>
	    <RecvMsg/>
	    <RecvAddr/>
	    <RecvPostNum/></BuyerInfo>
	  <PaymentInfo>
	    <Payment>
	      <PayMethod>CASH</PayMethod>
	      <JoinCard/>
	      <JoinExpire/>
	      <MailOrder/>
	      <SessionKey>qfwl+DD7KQLP+kH6wM0wAVk7J/6v/Zhf/DnJnhS6ZTBj8jyP1QOt0BPuoSscF21g
FBBzNJi2ZBg/s9LWO5OM5ixDhBAHtJoC8xC9p1YZ6ELYTWDz3QZpxtOu37UMsmUY
amep8qdm9Qi+Vyc0kVo9toqWt+wxyIb/B2QPfHHk00ze1vv/35E7Fw==
</SessionKey>
	      <Encrypted>qagsu/OEqs1UaxAmz/pxfg/QPrsJrzTFYYyyv+wSafmdfNEbIgWW6NhOKNhlrQaM
Ex/GXH7JvztmdzPOzr7UfQ8mdfnH4fTnqzbxww+Fctdfq+y14v3XD+J22VxDXLgp
uKsIsTb+IIuWFetREbq4rEHL7hg4lrrN2dmxAOWRVlNYW8LX2HYcFHMtxPEUGmeL
E8GUkbzDDk8F+fghXIQ4wTAv4z8OKr5QySW7ZsHPvlbyfB/eReCOvabj+V6RAeVG
KQvQjmvBrFWm14cczAVRx08izdMt9QB8Lj82sw3rpd6gi7eRXj5rlj9hrfYjRvYv
/nmkkeyioEDgdxXBVCsinzKVTkVKnxG6237WZYolZJkPzAHPKLgTGYRkHsdy1SjW
uY780lBDLdEbTNJ4h+QJS98g9Cmk1Xp6E0VWhtP0d+cxkGVgHa6+OpEiG3Vi8oDv
tYTcm6NQGQG1m4r4CGoEBvXZUKd4JJwkTNCdS/ZO3MBicsqdFQYpkA==
</Encrypted></Payment></PaymentInfo>
	  <ReservedInfo>
	    <MReserved1/>
	    <MReserved2/>
	    <MReserved3/></ReservedInfo>
	  <ManageInfo>
	    <Language/>
	    <URL/>
	    <TXVersion>5036B141209receiLinux     PHPchkfake   2.6.32-754.11.1.el6.x86_64PHP:</TXVersion>
	    <TXUserID/>
	    <TXRegNum/>
	    <Ack>1</Ack></ManageInfo></INIpay>ANcXSyJlXrWw59IIdEd9yWS5/75HNYYSizLQoltYFMJgTL66eeAmgaB6U1zqu9aV
Aj65TzastMKTaeydfNIXDYyQHdmx/yPc6F38nNh3FugKwLfC0fl0aET7a+3Ppn/X
PpoK4Ywbv1ebFgezV+6bfZUPEiOH15D62SFk+6F6QKdm
]
INFO	[2022-07-31 15:54:32:910] <11824> DNS LOOKUP OK(203.238.37.3:203.238.37.3:34049) laptime:0
INFO	[2022-07-31 15:54:32:912] <11824> SOCKET CONNECT OK
INFO	[2022-07-31 15:54:32:912] <11824> SEND OK
INFO	[2022-07-31 15:54:33:13] <11824> RECV OK
INFO	[2022-07-31 15:54:33:13] <11824> MSG_FROM_PG:[0168600175D SHA1                   0                                      300210majorgol03               46900INIphpRECPmajorgol0320220731155432075997<?xml version="1.0" encoding="UTF-8"?><INIpay>
<GoodsInfo>
<GoodsCnt>1</GoodsCnt>
<MOID urlencode="1"/>
<Currency>WON</Currency>
<Goods no="1">
<SMID>majorgol03</SMID>
<GoodsName urlencode="1">%C7%D6%B5%F4%BE%C6%B5%F0%B4%D9%BD%BAFW%BE%C6%B5%F0%C7%BB%BE%EE%BD%BA%C6%AE%B7%B9%C4%A1%B3%B2%BC%BA%B9%D9%C1%F6ED0985</GoodsName>
<GoodsCntS>1</GoodsCntS>
<GoodsPrice>46900</GoodsPrice>
</Goods>
</GoodsInfo>
<PaymentInfo>
<Payment>
<SessionKey>ACDg2rNYfaXeqf1Jd6hB9bm0bZ8MfjNU21W8j6u+6ujdrOaoZt+3uuI3vw16mo1d
0mqQhdrC1XShw2bf77pTcsDLP7ERR1Ooj6oucWHL4SIfqhiWcUxI0vBsFI+Jm9kn
oDJZNIUvtfjkHm+M2EY864hMQ01RYu33RaYrb9istnj1lvdPy3mD6/Y=
</SessionKey>
<Encrypted>7lCJZar0mCY8cqGrKOhpgr+svhGJXHJ1Ly0z/TbiYFwceaF5sdDWXnys/txXVu6a
9GCMXWvz7KvSAXorotFiCoS4EnSEEnkCCWabLUNWaugHsK5afLz5qPFzK107Y9ni
uWbuv1iAZ5Xt/ENtz7BuonVJbtVN692tBaXAveNZhB1KqnpVOjMJPjxODl50CuoE
kVpxksl1ZhhheWjsWDx3RTJCjNA8OPQADiRR/4wsuh7QVPaI0KKfYw74dn0+CJg6
uZXhWrU+UvYz3ETxMkaZ2U2FhdoXwzCjtJqpSxDBs35IAEvGjqfAegGenVQdgjIj
jsvHzyjoDCNsIUTkKFByH/yFHpDglp8xW83Ky2zmLsML90lsagBq0g0A4a3e/3i5
CTMVEhD9F3YOoj1nXMdPOcSITDfm3h/MAIhXIS3I4x/Iqh2KvnkwAeJDqUuF0XuX
TqkcHCVl0mrT+OJKxeQRZsEoL7ekHOw+5an8mzXKXalulNKdq9F+W+KRyISkVi03
9xW4+D1ZsZB8v2d9jY/0XwrwpHpFlfcgbaRzgk0jeEQ8pXlxVtqOF4ca9eQ+1B0a
ZW4dSfobc2aUFxyI57KgRLzt4rP6D2UNDX/RBt/RdPx7oIYypBvrZ+xMbHBJE5nc
Q0k3UcDOwFtFMytduqRfx1ucL0XURZ74sib4bySem3/9TdEA2sG9zQ==
</Encrypted>
<PayMethod>CASH</PayMethod>
<ResultCode>220000</ResultCode>
<ResultMsg urlencode="1">%C1%A4%BB%F3%C3%B3%B8%AE%B5%C7%BE%FA%BD%C0%B4%CF%B4%D9.</ResultMsg>
</Payment>
</PaymentInfo>
<ManageInfo/>
<ReservedInfo>
<MReserved1 urlencode="1"/>
<MReserved2 urlencode="1"/>
<MReserved3 urlencode="1"/>
</ReservedInfo>
</INIpay>
sJ56/VJw6SDk8fu+Pssu8ZD776JnCOeS9E4g0XTOzylbI9JAwhFWuxi8L/EqBRoU
nL4PD+zfcakSfLgUSkFKDKNINdb5xrhDZGC9vEorzg7zG7lpkaqe1XRCkBBXFIZm
BYkvy+8v0BgGWryrdYhrARPDWM4FKaZQqZbModHU/48=
]
INFO	[2022-07-31 15:54:33:13] <11824> VERIFY OK
INFO	[2022-07-31 15:54:33:13] <11824> PARSE HEAD OK
INFO	[2022-07-31 15:54:33:14] <11824> PARSE BODY OK
INFO	[2022-07-31 15:54:33:15] <11824> DECRYPT OK
DEBUG	[2022-07-31 15:54:33:15] <11824> DECRYPT MSG:[<?xml version="1.0" encoding="UTF-8"?><PaymentInfo>
<Payment>
<CASH>
<CSHR_ApplPrice>46900</CSHR_ApplPrice>
<CSHR_SupplyPrice>42636</CSHR_SupplyPrice>
<CSHR_Tax>4264</CSHR_Tax>
<CSHR_ServicePrice/>
<CSHR_Type>0</CSHR_Type>
<CSHR_ApplDate>20220731</CSHR_ApplDate>
<CSHR_ApplTime>155433</CSHR_ApplTime>
<CSHR_ApplNum>265871156</CSHR_ApplNum>
<CSHR_ResultCode>220000</CSHR_ResultCode>
<CSHR_ResultMsg urlencode="1">%C1%A4%BB%F3%C3%B3%B8%AE%B5%C7%BE%FA%BD%C0%B4%CF%B4%D9.</CSHR_ResultMsg>
</CASH>
</Payment>
</PaymentInfo>]
INFO	[2022-07-31 15:54:33:15] <11824> DECRYPT PARSE OK
INFO	[2022-07-31 15:54:33:15] <11824> WAIT ACK INVOKING
DEBUG	[2022-07-31 15:54:33:15] <11824> MAKE HEAD OK
INFO	[2022-07-31 15:54:33:18] <11824> SUCCESS ACK INVOKING
INFO	[2022-07-31 15:54:33:19] <11824> END receipt 정상처리되었습니다. Laptime:[0.111sec]
INFO	[2022-07-31 15:54:33:19] <11824> ===============================================================
