INFO	[2022-03-03 13:38:45:278] <14113> START INIPHP repay (V5036-141209)(OS:Linux2.6.32-754.11.1.el6.x86_64,PHP:5.3.3)
DEBUG	[2022-03-03 13:38:45:278] <14113> inipayhome:/home1/killdeal/public_html/shop/inicis
DEBUG	[2022-03-03 13:38:45:278] <14113> debug:false
DEBUG	[2022-03-03 13:38:45:278] <14113> type:repay
DEBUG	[2022-03-03 13:38:45:278] <14113> pgid:INIphpRPAY
DEBUG	[2022-03-03 13:38:45:278] <14113> subpgip:203.238.3.10
DEBUG	[2022-03-03 13:38:45:278] <14113> mid:fourseason
DEBUG	[2022-03-03 13:38:45:278] <14113> admin:1111
DEBUG	[2022-03-03 13:38:45:278] <14113> oldtid:StdpayCARDfourseason20220303025120023732
DEBUG	[2022-03-03 13:38:45:278] <14113> currency:WON
DEBUG	[2022-03-03 13:38:45:278] <14113> price:210000
DEBUG	[2022-03-03 13:38:45:278] <14113> confirm_price:52900
DEBUG	[2022-03-03 13:38:45:278] <14113> buyeremail:y0sy@nate.com
DEBUG	[2022-03-03 13:38:45:278] <14113> tax:19091
DEBUG	[2022-03-03 13:38:45:278] <14113> taxfree:0
INFO	[2022-03-03 13:38:45:278] <14113> Check Field OK
INFO	[2022-03-03 13:38:45:278] <14113> Make TID OK INIphpRPAYfourseason20220303133845788424
INFO	[2022-03-03 13:38:45:278] <14113> PI PUB KEY LOAD OK []
INFO	[2022-03-03 13:38:45:279] <14113> PG PUB KEY LOAD OK [30]
INFO	[2022-03-03 13:38:45:279] <14113> MERCHANT PRIV KEY LOAD OK
INFO	[2022-03-03 13:38:45:279] <14113> MERCHANT PUB KEY LOAD OK [0]
DEBUG	[2022-03-03 13:38:45:280] <14113> MAKE ENCRYPT OK[<?xml version="1.0" encoding="UTF-8"?>
<PartCancelInfo>
	  <PRTC_TID>StdpayCARDfourseason20220303025120023732</PRTC_TID>
	  <PRTC_Price>210000</PRTC_Price>
	  <PRTC_Remains>52900</PRTC_Remains>
	  <PRTC_Quota/>
	  <PRTC_Interest/>
	  <PRTC_NoAcctFNBC/>
	  <PRTC_NmAcctFNBC/></PartCancelInfo>]
INFO	[2022-03-03 13:38:45:280] <14113> MAKE BODY OK
INFO	[2022-03-03 13:38:45:281] <14113> SIGN OK
INFO	[2022-03-03 13:38:45:281] <14113> MAKE HEAD OK
INFO	[2022-03-03 13:38:45:281] <14113> MSG_TO_PG:[0111800175D SHA1                   0                                      300620fourseason              210000INIphpRPAYfourseason20220303133845788424<?xml version="1.0" encoding="UTF-8"?>
<INIpay>
	  <PartCancelInfo>
	    <SessionKey>pwpLVFqC2mDaXDS1xb4GjXWZXwqOP4Ot3GfcG30D+8tSg61wHn9a+Xmsg0vKmszQ
aGznZRvNBWquoyT+ynrlUFI707ByD4l4x5g4u5pLEqsyCPYvj2OEl9Y4YL5aE50Y
Vwoq/zgQpmtrJB+fwz3PuVEpTkZfpPO42cGdNjfM3GLzKXRpy8t5Rw==
</SessionKey>
	    <Encrypted>SuYvx74v9gTYu5u/U162XEdtY7NLFgE2HQBgpk0Ney7qMSxrz5AeJg77WSLwcAbh
0gf11xuqhkFpofIRNpuSsjCYU08xl+R9sw4FuGp+JIZF63HnuQuPmaBMLzS4lpfS
mf2Ty1Dc5fxQxLS9KAjWWozHpBMPf2Ufq2rBaylH1rXBZVATwQ7Y3ZgnnEBYnXKS
DUxvgm0Y4sMme+qn8h56Rmw3l3xyerCyeVp/NUDteVheIVsV5Lbl9VKtyCO0u8U0
5H3y9R/3xCzPluHWnGN+Wj5gFNw8elXcTMAaEpdtGvbJHPlJG86SYW9GO/Axp3mh
mEDt5KigZHTsotBD2GwqqOz+ueKLlbqFCS2O/usFjn0TGRCb2soSPaWb3oK42Jfw
xY+Wl3vO9fw=
</Encrypted></PartCancelInfo>
	  <GoodsInfo>
	    <Tax>19091</Tax>
	    <TaxFree/>
	    <Currency>WON</Currency></GoodsInfo>
	  <ReservedInfo>
	    <MReserved1/>
	    <MReserved2/>
	    <MReserved3/></ReservedInfo>
	  <ManageInfo>
	    <Language/>
	    <URL/>
	    <TXVersion>5036B141209repayLinux     PHPchkfake   2.6.32-754.11.1.el6.x86_64PHP:</TXVersion>
	    <TXUserID/>
	    <TXRegNum/></ManageInfo></INIpay>ADX5+fzOxaUmW+TR9ATI0ZMByE7bs/33+CxtH/VlIVQbBzblberPO031dOYyTPI3
FvB+YNOgQ7fecNKAnS6LZ9tfGCPFvG8z+X/rZoFBchAqadxMER4JclaHwgtVbB4T
BlM4McTdWg9W3dvHYiYo/jQsZlSxJybZjEsppTpuZELc
]
INFO	[2022-03-03 13:38:45:281] <14113> DNS LOOKUP OK(203.238.37.3:203.238.37.3:34049) laptime:0
INFO	[2022-03-03 13:38:45:285] <14113> SOCKET CONNECT OK
INFO	[2022-03-03 13:38:45:285] <14113> SEND OK
INFO	[2022-03-03 13:38:45:495] <14113> RECV OK
INFO	[2022-03-03 13:38:45:495] <14113> MSG_FROM_PG:[0099200175D SHA1                   0                                      300630fourseason              210000INIphpRPAYfourseason20220303133845788424<?xml version="1.0" encoding="UTF-8"?><INIpay>
<PartCancelInfo>
<PayMethod>Card</PayMethod>
<ResultCode>120000</ResultCode>
<ResultMsg urlencode="1">%C1%A4%BB%F3%C3%B3%B8%AE%B5%C7%BE%FA%BD%C0%B4%CF%B4%D9.</ResultMsg>
<SessionKey>AHgiPUzMkhJ/KYsO7paJCLbd8hico+ZTgaGnPzyJnfWEO4mp1fIjZ1RzGIj8FQp+
pxXaoGKZQ3vjgWuzfO3k2KayQNesRudCMuLwdTL01XCZeMP28FO2hRxoElRFwtMy
CseSXpEs7w4c6+o7YjvEApWr2+Px04ldD16qNdbxnVOpDvLIRB11YmU=
</SessionKey>
<Encrypted>ZCSYgu7Aagfx0wUsN07r2BUp74uL3gTORMavvWjxH/MCjPkdBshQPUhsDYLIIQBV
nRrr6eAanl2n+jFqOYJLBCs6XMU6tP8Z2I/tLktLLCk8SpmoBDmm0wYUd0BQK2Le
iZpFJXD90SC3Szmi43XPQmlOuXLvxvOJirzBLmSJfjP+R+ExOFeSlNkBL1CYArgg
jJzfwRtKQFGNccduXgHBFPjEsyKFRF2L/6BeB0n/H8cYdHAupYn1+QRNwI9sRbE2
98413OR+4HQzw0juf9JGJF2giHtAPHKnZl69tamvFjdCMH/qIHoSMxI5T5CVcoFF
ohJZmp5GC8z2nEJnvAV69MV9f5aWrLiT9SEfZEfr2lJoxudtPtBMT7U+4rD10EVJ
TPLQeKgRvPaq4nPiUyeOB7yz1HZNjnrbK7L0RCbAQdJrXzkBP8HwbOk4pv1rMpyP
IAWWzh0g3uP53wXjC1f4Wg==
</Encrypted>
</PartCancelInfo>
<ManageInfo/>
<ReservedInfo/>
</INIpay>
eOD2xGVMMEZuarcSYvg0PgHNk4wRdKcSOGR5+42jsCvOHUqZdXVCmi20PpCeS7zr
+YaeYLvQODVfcB60slsewQ0MBkv0UYB63gW38xpKOnKWhCARboteLXjlHRdzkKNv
uNEHYoFxip7SpkAV8XhJQAT/xzVHREK8FVnQqilyp6M=
]
INFO	[2022-03-03 13:38:45:495] <14113> VERIFY OK
INFO	[2022-03-03 13:38:45:495] <14113> PARSE HEAD OK
INFO	[2022-03-03 13:38:45:495] <14113> PARSE BODY OK
INFO	[2022-03-03 13:38:45:496] <14113> DECRYPT OK
DEBUG	[2022-03-03 13:38:45:496] <14113> DECRYPT MSG:[<?xml version="1.0" encoding="UTF-8"?><PartCancelInfo>
<PRTC_TID>StdpayCARDfourseason20220303025120023732</PRTC_TID>
<PRTC_Price>210000</PRTC_Price>
<PRTC_Remains>52900</PRTC_Remains>
<PRTC_Quota>00</PRTC_Quota>
<PRTC_Type>1</PRTC_Type>
<CancelDate>20220303</CancelDate>
<CancelTime>133845</CancelTime>
<PRTC_Cnt>1</PRTC_Cnt>
</PartCancelInfo>]
INFO	[2022-03-03 13:38:45:496] <14113> DECRYPT PARSE OK
INFO	[2022-03-03 13:38:45:496] <14113> END repay 정상처리되었습니다. Laptime:[0.218sec]
INFO	[2022-03-03 13:38:45:496] <14113> ===============================================================
