INFO	[2020-03-06 09:39:22:896] <21592> START INIPHP cancel (V5036-141209)(OS:Linux2.6.32-754.11.1.el6.x86_64,PHP:5.3.3)
DEBUG	[2020-03-06 09:39:22:896] <21592> inipayhome:/home/killdeal/public_html/shop/inicis
DEBUG	[2020-03-06 09:39:22:896] <21592> debug:false
DEBUG	[2020-03-06 09:39:22:896] <21592> type:cancel
DEBUG	[2020-03-06 09:39:22:896] <21592> mid:majorgol03
DEBUG	[2020-03-06 09:39:22:896] <21592> admin:1111
DEBUG	[2020-03-06 09:39:22:896] <21592> tid:INIMX_CARDmajorgol0320200306091521445506
DEBUG	[2020-03-06 09:39:22:896] <21592> cancelmsg:주문자 본인 취소-구매의사 없음
INFO	[2020-03-06 09:39:22:896] <21592> Check Field OK
INFO	[2020-03-06 09:39:22:896] <21592> PI PUB KEY LOAD OK []
INFO	[2020-03-06 09:39:22:897] <21592> PG PUB KEY LOAD OK [30]
INFO	[2020-03-06 09:39:22:897] <21592> MERCHANT PRIV KEY LOAD OK
INFO	[2020-03-06 09:39:22:897] <21592> MERCHANT PUB KEY LOAD OK [0]
DEBUG	[2020-03-06 09:39:22:898] <21592> MAKE ENCRYPT OK[<?xml version="1.0" encoding="UTF-8"?>
<CancelInfo>
	  <CancelTID>INIMX_CARDmajorgol0320200306091521445506</CancelTID>
	  <CancelMsg urlencode="1">%C1%D6%B9%AE%C0%DA+%BA%BB%C0%CE+%C3%EB%BC%D2-%B1%B8%B8%C5%C0%C7%BB%E7+%BE%F8%C0%BD</CancelMsg>
	  <CancelReason/></CancelInfo>]
INFO	[2020-03-06 09:39:22:898] <21592> MAKE BODY OK
INFO	[2020-03-06 09:39:22:898] <21592> SIGN OK
INFO	[2020-03-06 09:39:22:898] <21592> MAKE HEAD OK
INFO	[2020-03-06 09:39:22:898] <21592> MSG_TO_PG:[0099400175D SHA1                   0                                      300420majorgol03                    INIMX_CARDmajorgol0320200306091521445506<?xml version="1.0" encoding="UTF-8"?>
<INIpay>
	  <CancelInfo>
	    <SessionKey>ofqfWFCm80JFIf/KZBGUD3GCF4UfmfRqyHZAswCB5yyTMjtcUunfUs38mgikT2R1
E4yV0kqIThfVkE4UKYzsbS613kQ+fI7iQdErV1Gp8MiRM/kexKQOwqlpdU5l6+JN
zR4/A21OLHNX8emsgf1VRiQW+6ZcXPCVqR2cn2JFlH794lsp8Fw2pw==
</SessionKey>
	    <Encrypted>S/tsfR40u3yRN4FCx0qff7sB+xa8NyJ/BwYscgcylJmLIaPDzVwK/TDyApwXSIC1
4Medf63LI0RfivbV+myTGhipXsufyDFm1YKKSM0dWokGdzHbkPyEid4+qys6JISU
kKoH8j5uqPjXz2W0Umb/flAHryuLh3ZYwb3/g+fzvRDCHab8LKYt6F3dZkD3DGj4
BLzD++wEUe66q10y+JcwHfPsYx2IwjZdI77v2DC6j6Lqmx5znSY/IB+drWR4L6PQ
DfjKvFr4osE7hBFJX3/hYPopgUdUmownVytmLmzn1CKEiMIqwc18hvo4tHcpKckx
7QIuAoP8Rk0dNhruTHNXHcn5Ps91XickwxURV7lOVsrs4Cp1pc1LCg==
</Encrypted></CancelInfo>
	  <ReservedInfo>
	    <MReserved1/>
	    <MReserved2/>
	    <MReserved3/></ReservedInfo>
	  <ManageInfo>
	    <Language/>
	    <URL/>
	    <TXVersion>5036B141209canceLinux     PHPchkfake   2.6.32-754.11.1.el6.x86_64PHP:</TXVersion>
	    <TXUserID/>
	    <TXRegNum/></ManageInfo></INIpay>APhF25Zk978lZC2LA9MG/xGD0hP/q+wBRZ7M2gpTPky7p6pNLr5YZit4WGcQLpi/
5xrPlH5n4g0+RrigkiKuEtkbBaS2DdhfqOjRJm08/Cvah6MPPulVDwllWFA7mEKD
/OZZBpLHSWDFfJHkJoYTMOpXl0edKcU4OkI9x+AESerX
]
INFO	[2020-03-06 09:39:22:898] <21592> DNS LOOKUP OK(203.238.37.3:203.238.37.3:34049) laptime:0
INFO	[2020-03-06 09:39:22:901] <21592> SOCKET CONNECT OK
INFO	[2020-03-06 09:39:22:901] <21592> SEND OK
INFO	[2020-03-06 09:39:23:454] <21592> RECV OK
INFO	[2020-03-06 09:39:23:454] <21592> MSG_FROM_PG:[0115800175D SHA1                   0                                      300430majorgol03                    INIMX_CARDmajorgol0320200306091521445506<?xml version="1.0" encoding="UTF-8"?>
<INIpay>
  <CancelInfo>
    <ResultCode>120000</ResultCode>
    <ResultMsg urlencode="1">%C1%A4%BB%F3%C3%B3%B8%AE%B5%C7%BE%FA%BD%C0%B4%CF%B4%D9.</ResultMsg>
    <SessionKey>ALY5rvI/nC85fCUK+zjZtmmf+y+XmquUID7bME6i2D16If/u3feVVJZ8g+SfCMqC
eJ7wRKl7PkgqkzJ4TZjy0QQtQlSPupFzpwl5gkF1ufKSBtUnP2oRmDqRmKkXgfsq
e81PWHJEwQVtRsZm89ZmPwhXf4oVMhCaBEuNvMxQof0rLL0C3g1Ty8Y=
</SessionKey>
    <Encrypted>QeEn+QJBI5/zN3lOYboBXDILCPQlem0tyjeB9TCEq7j/tHJBwuvzzXWFiN/3+1ib
x6VevKaErHrUIC7qklwrzEfR2g4r/s+TcSdqf/ldrYO8i067ENd5aqIxtwy0ItvR
/1ll3XT5lDOZlYjIn69deA0s1C5r5jxy0LMAbcUSa2kVJc+MuBHrjpQ8/LZV3j7U
t2pclHMLh07MN2A1NrVjPDcnHhfZG+NiMqVbsak4heWQKYqYJx2NKGpQXCPdS/bT
MloBM+S7YvKr21Rdsezg3IZikMGfxbZ4gjtyG8J+8TKPVjH/SzqKjJKBb4fcdtMJ
WiwCGe6zERzcjGIKjpn6qWsFVvQGNWsnCAQzgI7hKg4=
</Encrypted>
  </CancelInfo>
  <ManageInfo/>
  <ReservedInfo>
    <MReserved1 urlencode="1"></MReserved1>
    <MReserved2 urlencode="1"></MReserved2>
    <MReserved3 urlencode="1"></MReserved3>
    <PGReserved1 urlencode="1"></PGReserved1>
    <PGReserved2 urlencode="1"></PGReserved2>
    <PGReserved3 urlencode="1"></PGReserved3>
  </ReservedInfo>
</INIpay>
00CGisJ9/pWdaT2kBa43bSWe1vpq14/pNkK8hwcA2zclH5/fhlaskkXs/6Zdg+aA
JvHy2mkSw784BLzELmONyXo0yvqi9hoequJ2BtacQkrKRbsOmt5nuHjLwEJSQOG4
YR4ohoOk9qM3lsExqf/X4wiIG8b32UqxisGC26KE5pY=
]
INFO	[2020-03-06 09:39:23:454] <21592> VERIFY OK
INFO	[2020-03-06 09:39:23:454] <21592> PARSE HEAD OK
INFO	[2020-03-06 09:39:23:455] <21592> PARSE BODY OK
INFO	[2020-03-06 09:39:23:455] <21592> DECRYPT OK
DEBUG	[2020-03-06 09:39:23:455] <21592> DECRYPT MSG:[<?xml version="1.0" encoding="UTF-8"?>
<CancelInfo>
  <CancelDate>20200306</CancelDate>
  <CancelTime>093923</CancelTime>
  <ResultCode>120000</ResultCode>
  <ResultMsg urlencode="1">%C1%A4%BB%F3%C3%B3%B8%AE%B5%C7%BE%FA%BD%C0%B4%CF%B4%D9.</ResultMsg>
</CancelInfo>]
INFO	[2020-03-06 09:39:23:456] <21592> DECRYPT PARSE OK
INFO	[2020-03-06 09:39:23:456] <21592> END cancel 정상처리되었습니다. Laptime:[0.559sec]
INFO	[2020-03-06 09:39:23:456] <21592> ===============================================================
INFO	[2020-03-06 10:59:33:22] <6659> START INIPHP cancel (V5036-141209)(OS:Linux2.6.32-754.11.1.el6.x86_64,PHP:5.3.3)
DEBUG	[2020-03-06 10:59:33:22] <6659> inipayhome:/home/killdeal/public_html/shop/inicis
DEBUG	[2020-03-06 10:59:33:22] <6659> debug:false
DEBUG	[2020-03-06 10:59:33:22] <6659> type:cancel
DEBUG	[2020-03-06 10:59:33:22] <6659> mid:majorgol03
DEBUG	[2020-03-06 10:59:33:22] <6659> admin:1111
DEBUG	[2020-03-06 10:59:33:22] <6659> tid:StdpayISP_majorgol0320200306105756604235
DEBUG	[2020-03-06 10:59:33:22] <6659> cancelmsg:쇼핑몰 운영자 승인 취소
INFO	[2020-03-06 10:59:33:22] <6659> Check Field OK
INFO	[2020-03-06 10:59:33:22] <6659> PI PUB KEY LOAD OK []
INFO	[2020-03-06 10:59:33:22] <6659> PG PUB KEY LOAD OK [30]
INFO	[2020-03-06 10:59:33:23] <6659> MERCHANT PRIV KEY LOAD OK
INFO	[2020-03-06 10:59:33:23] <6659> MERCHANT PUB KEY LOAD OK [0]
DEBUG	[2020-03-06 10:59:33:23] <6659> MAKE ENCRYPT OK[<?xml version="1.0" encoding="UTF-8"?>
<CancelInfo>
	  <CancelTID>StdpayISP_majorgol0320200306105756604235</CancelTID>
	  <CancelMsg urlencode="1">%BC%EE%C7%CE%B8%F4+%BF%EE%BF%B5%C0%DA+%BD%C2%C0%CE+%C3%EB%BC%D2</CancelMsg>
	  <CancelReason/></CancelInfo>]
INFO	[2020-03-06 10:59:33:23] <6659> MAKE BODY OK
INFO	[2020-03-06 10:59:33:24] <6659> SIGN OK
INFO	[2020-03-06 10:59:33:24] <6659> MAKE HEAD OK
INFO	[2020-03-06 10:59:33:24] <6659> MSG_TO_PG:[0096200175D SHA1                   0                                      300420majorgol03                    StdpayISP_majorgol0320200306105756604235<?xml version="1.0" encoding="UTF-8"?>
<INIpay>
	  <CancelInfo>
	    <SessionKey>oM2v3RzL2gQD/G387O9ooZAtqEEN9QH59jo5nPSbamMTm//z3Rd+7d0QqCFN/+7t
Nk+vSJ7XbxioXl8L2tfSZOyYDRX49ZnEolc+wdxX3wkgdufi1vmBJl5kZcu73/E0
vOl7zMdOPzeMI1v8nSXGylNSPP+QqG2CHFO2ZqJdyDvjl6kwgqN1bg==
</SessionKey>
	    <Encrypted>1it95U+2EyDlnMah53ci4yLCWTqeIF6LddW5Y3tibSFUY63B34E1MAY6kxSLgc+/
99DwcTzp3hX7bt3ZK7E5VZNqG1wAv+OLP4i2l1zuKyiJTi5lnqiWRoXcpa4AAE6I
tTru4BswFIHozYaa6PIhlIoeGn6ZDl8EzTDv/KyOhhmUsS3LYiitBQ30I5WUcKwq
UiTQZpZ4sWS86i9qQDP81L/7z1dGlZmgxZQKBjOSOTHBkP5ZwXyIJfnx6+b6FkSh
bYCkoR1rA3xytGUcumcZ1kDeKMke5SHoANm1aIZ0OpIe3fGCVZ1jUmFN+Nsyfip2
PjOAvZydyzF4/KVVATWVHQ==
</Encrypted></CancelInfo>
	  <ReservedInfo>
	    <MReserved1/>
	    <MReserved2/>
	    <MReserved3/></ReservedInfo>
	  <ManageInfo>
	    <Language/>
	    <URL/>
	    <TXVersion>5036B141209canceLinux     PHPchkfake   2.6.32-754.11.1.el6.x86_64PHP:</TXVersion>
	    <TXUserID/>
	    <TXRegNum/></ManageInfo></INIpay>ALSfm0XQJ2A9mqQA3OG0dqasurlW5x4g7vpfb/g7d8yNVzJpFC3Y0c1TiAfyQv5r
s9bcJ1sWDdhORqswdT7E+5kV5r61l25H4Duc1uWpN7W13IUGcBtB6hjTjCjtphhG
sBwZIRdjQXdLK5rDQM+9Qs4aYugg8phUMxnTMPbZzR6a
]
INFO	[2020-03-06 10:59:33:24] <6659> DNS LOOKUP OK(203.238.37.3:203.238.37.3:34049) laptime:0
INFO	[2020-03-06 10:59:33:26] <6659> SOCKET CONNECT OK
INFO	[2020-03-06 10:59:33:26] <6659> SEND OK
INFO	[2020-03-06 10:59:34:326] <6659> RECV OK
INFO	[2020-03-06 10:59:34:326] <6659> MSG_FROM_PG:[0108200175D SHA1                   0                                      300430majorgol03                    StdpayISP_majorgol0320200306105756604235<?xml version="1.0" encoding="UTF-8"?>
<INIpay>
  <CancelInfo>
    <ResultCode>170000</ResultCode>
    <ResultMsg urlencode="1">%C1%A4%BB%F3%BF%CF%B7%E1</ResultMsg>
    <SessionKey>AC5+ZrCSQAKGPZ7Oers7kx7JQEus+2lkipNhSoPmvxQlrdCNUEIapC1Arudsqnql
tyRUZl+6SXEUU9cKHAUntknJyVwvSWv5jnEEyk5MaSItoZgNwtZg+REolUcofWCP
HtoRe7XLdDRCUyAH3BViCS+9TG3mI/5hsRagVGHI0cuSTO6wAlna0bc=
</SessionKey>
    <Encrypted>sNil5xWvS1UKxa1KnDeY9I5uJa9xSnMqQ1oVOqVoTWQOJW/e84Ndz8gFYEkFfW+A
vZYWrRPSAXK2t+G3VLCU8f9zFYbS4WadTwmgt+w3MFk2jIGjbChw1G0nMfjz+tB4
opjMVbJ739K9E1VZAELCzvj++kzSfgMXoEQw4tBvhQc0K4g6LyMIczmXBBiR+7YD
eHjH7K3A/c9JzwY8OvYgh+/GNg5M7DCmJopxeQLH5wrYfHY0502LCOOAGSn78z5B
WSIvDWlWtBVtFtqzSvd/iwp3D/LtBYOabswBuJFBx2VPBirTYlYrIvZVebVU1XhA
</Encrypted>
  </CancelInfo>
  <ManageInfo/>
  <ReservedInfo>
    <MReserved1 urlencode="1"></MReserved1>
    <MReserved2 urlencode="1"></MReserved2>
    <MReserved3 urlencode="1"></MReserved3>
    <PGReserved1 urlencode="1"></PGReserved1>
    <PGReserved2 urlencode="1"></PGReserved2>
    <PGReserved3 urlencode="1"></PGReserved3>
  </ReservedInfo>
</INIpay>
1S+ABkV32S5Y+oTPjRbGxUjiWcnsPqeWevI6t8iQibtOvdkQg43psXMWX1wxHfnL
lrJjlZ5tQ78rlEXLnFzwABu+NyVA/LI2ylkgkXc3q6LQ01lto4yHZObpmtxaZxbs
BqUOCLaN8cMhWShoDk4+W8pjU+W66OR198UtaIq8Pm4=
]
INFO	[2020-03-06 10:59:34:326] <6659> VERIFY OK
INFO	[2020-03-06 10:59:34:326] <6659> PARSE HEAD OK
INFO	[2020-03-06 10:59:34:326] <6659> PARSE BODY OK
INFO	[2020-03-06 10:59:34:327] <6659> DECRYPT OK
DEBUG	[2020-03-06 10:59:34:327] <6659> DECRYPT MSG:[<?xml version="1.0" encoding="UTF-8"?>
<CancelInfo>
  <CancelDate>20200306</CancelDate>
  <CancelTime>105934</CancelTime>
  <ResultCode>170000</ResultCode>
  <ResultMsg urlencode="1">%C1%A4%BB%F3%BF%CF%B7%E1</ResultMsg>
</CancelInfo>]
INFO	[2020-03-06 10:59:34:327] <6659> DECRYPT PARSE OK
INFO	[2020-03-06 10:59:34:327] <6659> END cancel 정상완료 Laptime:[1.305sec]
INFO	[2020-03-06 10:59:34:327] <6659> ===============================================================
INFO	[2020-03-06 11:04:48:115] <6659> START INIPHP cancel (V5036-141209)(OS:Linux2.6.32-754.11.1.el6.x86_64,PHP:5.3.3)
DEBUG	[2020-03-06 11:04:48:115] <6659> inipayhome:/home/killdeal/public_html/shop/inicis
DEBUG	[2020-03-06 11:04:48:115] <6659> debug:false
DEBUG	[2020-03-06 11:04:48:115] <6659> type:cancel
DEBUG	[2020-03-06 11:04:48:115] <6659> mid:majorgol03
DEBUG	[2020-03-06 11:04:48:115] <6659> admin:1111
DEBUG	[2020-03-06 11:04:48:115] <6659> tid:StdpayISP_majorgol0320200306110433107654
DEBUG	[2020-03-06 11:04:48:115] <6659> cancelmsg:주문자 본인 취소-구매의사 없음
INFO	[2020-03-06 11:04:48:115] <6659> Check Field OK
INFO	[2020-03-06 11:04:48:115] <6659> PI PUB KEY LOAD OK []
INFO	[2020-03-06 11:04:48:115] <6659> PG PUB KEY LOAD OK [30]
INFO	[2020-03-06 11:04:48:116] <6659> MERCHANT PRIV KEY LOAD OK
INFO	[2020-03-06 11:04:48:116] <6659> MERCHANT PUB KEY LOAD OK [0]
DEBUG	[2020-03-06 11:04:48:116] <6659> MAKE ENCRYPT OK[<?xml version="1.0" encoding="UTF-8"?>
<CancelInfo>
	  <CancelTID>StdpayISP_majorgol0320200306110433107654</CancelTID>
	  <CancelMsg urlencode="1">%C1%D6%B9%AE%C0%DA+%BA%BB%C0%CE+%C3%EB%BC%D2-%B1%B8%B8%C5%C0%C7%BB%E7+%BE%F8%C0%BD</CancelMsg>
	  <CancelReason/></CancelInfo>]
INFO	[2020-03-06 11:04:48:116] <6659> MAKE BODY OK
INFO	[2020-03-06 11:04:48:117] <6659> SIGN OK
INFO	[2020-03-06 11:04:48:117] <6659> MAKE HEAD OK
INFO	[2020-03-06 11:04:48:117] <6659> MSG_TO_PG:[0099400175D SHA1                   0                                      300420majorgol03                    StdpayISP_majorgol0320200306110433107654<?xml version="1.0" encoding="UTF-8"?>
<INIpay>
	  <CancelInfo>
	    <SessionKey>qXkQUgZ8uGHsOfTo9mDI/8J0oNaj3S5k8tqnieEJx2kriWsVM7TZXkOUyIKzGzcp
0EwxUC3Fczyj0M8hI8/zmuNI6nIaARGXCU8s8XDbpGDLX0vqJdRGjF1acC5rdEZR
JQkajjfZ41/H/DKLBGl/2NmBwSFZxSj1Pyf4hy/ZXQAauVRe4rPcVQ==
</SessionKey>
	    <Encrypted>98IbPIGbHyN6z8QGgZHI3HCOg8tIANhmELYSh3IZn+4dxqWO3ci1ZxVdHOXxxCB5
4yOn9m3FgUlsioZFrHlZHYkLGd3xwmOnawbeRGD7xOCB0P/Gbmkyd+HEAnHW/VxW
5WyzavcnM2+oeIHHWCXn4GHXGdg27jGycml/vGOdrl/DTfl+GVXLq2hK5BOu3Xgh
OUJH0bbpHDffwPfEagdMggVUJCinKc9dscBCoMlrUxuD3P8WvRzG2tiMdPTTsR5F
mIxDaSazk3Wv6yug37Sf9BWbJStEqKvwp4yusADDvlhQYBYny39hzyaW0mt5V5H8
YBAB1WX3lJaRA3gKC+Lnw5kw2tgv9S/Cc5La64K9yTWnknmcv2OSJw==
</Encrypted></CancelInfo>
	  <ReservedInfo>
	    <MReserved1/>
	    <MReserved2/>
	    <MReserved3/></ReservedInfo>
	  <ManageInfo>
	    <Language/>
	    <URL/>
	    <TXVersion>5036B141209canceLinux     PHPchkfake   2.6.32-754.11.1.el6.x86_64PHP:</TXVersion>
	    <TXUserID/>
	    <TXRegNum/></ManageInfo></INIpay>APq4+V4b8T3INc9BCzNIdPFgyXEjD5svHqkAU4theEczCek9tJ0eYnjD2kYeOI9P
1RIX454Q88zOLsUeYjMmucYCZoWKesHwiNCA9/MYTEFMFI34ErEXNKx4gxvnk3Wg
MEFi4Exe0lWaRcWVeIbi5zr87Ai/NIChtarw1/xQ35UG
]
INFO	[2020-03-06 11:04:48:117] <6659> DNS LOOKUP OK(203.238.37.3:203.238.37.3:34049) laptime:0
INFO	[2020-03-06 11:04:48:119] <6659> SOCKET CONNECT OK
INFO	[2020-03-06 11:04:48:119] <6659> SEND OK
INFO	[2020-03-06 11:04:48:598] <6659> RECV OK
INFO	[2020-03-06 11:04:48:598] <6659> MSG_FROM_PG:[0108200175D SHA1                   0                                      300430majorgol03                    StdpayISP_majorgol0320200306110433107654<?xml version="1.0" encoding="UTF-8"?>
<INIpay>
  <CancelInfo>
    <ResultCode>170000</ResultCode>
    <ResultMsg urlencode="1">%C1%A4%BB%F3%BF%CF%B7%E1</ResultMsg>
    <SessionKey>AEvumGLKOhvCY8pEFV1xLiPGmxxHbCgnQm24NdmM7cnJnMl4+JyRLgxx4j0gl5XH
73fjF3cvDxLfeFWot+nMvAo/cpYFHKu3tE9NMDeca5qkZ23Hj0HjXcH2OTWrMLmn
2LnULwOWPUR3rwEfFX6YQRVUPp+D1gSXAb+WApcALscFNVUuLf7ge10=
</SessionKey>
    <Encrypted>dKjlZF9RV0R2ajIcF3x3hURM3iSUtswG9tECpWKYjUBKWRjJmYNi6Vn4eP5IyWJb
ADT1uLsVRyV+m6hK+dMXryMxnwYHnWn/2nG4zceAneh7yRPbcQPN3Vi7TFNB8qW8
6MEKXr+8VS2OtYQ3Op1KwCQg+mD3Ba7wQqG2JHLRcbXU7NCxnryRswmg4unBYFqz
bAKT7oJCRwm/m/8z/JAjYbm8wu0i1o2H9q3RYvmRxngsthcpfTHpbo7mYxmntK7M
D08557DwMMWTd/ldbSeuTaZdhiNd/woBLU8qWg+zM9FG1M+tFhkxrO5WpAkCeWLO
</Encrypted>
  </CancelInfo>
  <ManageInfo/>
  <ReservedInfo>
    <MReserved1 urlencode="1"></MReserved1>
    <MReserved2 urlencode="1"></MReserved2>
    <MReserved3 urlencode="1"></MReserved3>
    <PGReserved1 urlencode="1"></PGReserved1>
    <PGReserved2 urlencode="1"></PGReserved2>
    <PGReserved3 urlencode="1"></PGReserved3>
  </ReservedInfo>
</INIpay>
Um8M8rsmQQVwMEjmBETxH2XZIiV7KSH7QnDasahX7lPyNwwAwCexU06L/H44MMoD
ku1XgNSjiYh5ulNTsnId+UK9cf5D4GZxYrpOOfb08vGNqPEgecOfBS+Vi9Ir+ewj
ZlPJXbmHZ4N4H+SHapbmwxKDNtwsBBnd6G/MvN8HlBo=
]
INFO	[2020-03-06 11:04:48:598] <6659> VERIFY OK
INFO	[2020-03-06 11:04:48:598] <6659> PARSE HEAD OK
INFO	[2020-03-06 11:04:48:598] <6659> PARSE BODY OK
INFO	[2020-03-06 11:04:48:599] <6659> DECRYPT OK
DEBUG	[2020-03-06 11:04:48:599] <6659> DECRYPT MSG:[<?xml version="1.0" encoding="UTF-8"?>
<CancelInfo>
  <CancelDate>20200306</CancelDate>
  <CancelTime>110449</CancelTime>
  <ResultCode>170000</ResultCode>
  <ResultMsg urlencode="1">%C1%A4%BB%F3%BF%CF%B7%E1</ResultMsg>
</CancelInfo>]
INFO	[2020-03-06 11:04:48:599] <6659> DECRYPT PARSE OK
INFO	[2020-03-06 11:04:48:599] <6659> END cancel 정상완료 Laptime:[0.484sec]
INFO	[2020-03-06 11:04:48:599] <6659> ===============================================================
INFO	[2020-03-06 11:57:40:116] <28695> START INIPHP cancel (V5036-141209)(OS:Linux2.6.32-754.11.1.el6.x86_64,PHP:5.3.3)
DEBUG	[2020-03-06 11:57:40:116] <28695> inipayhome:/home/killdeal/public_html/shop/inicis
DEBUG	[2020-03-06 11:57:40:116] <28695> debug:false
DEBUG	[2020-03-06 11:57:40:116] <28695> type:cancel
DEBUG	[2020-03-06 11:57:40:116] <28695> mid:majorgol03
DEBUG	[2020-03-06 11:57:40:116] <28695> admin:1111
DEBUG	[2020-03-06 11:57:40:116] <28695> tid:INIMX_CARDmajorgol0320200304184712915683
DEBUG	[2020-03-06 11:57:40:116] <28695> cancelmsg:쇼핑몰 운영자 승인 취소
INFO	[2020-03-06 11:57:40:116] <28695> Check Field OK
INFO	[2020-03-06 11:57:40:116] <28695> PI PUB KEY LOAD OK []
INFO	[2020-03-06 11:57:40:116] <28695> PG PUB KEY LOAD OK [30]
INFO	[2020-03-06 11:57:40:116] <28695> MERCHANT PRIV KEY LOAD OK
INFO	[2020-03-06 11:57:40:116] <28695> MERCHANT PUB KEY LOAD OK [0]
DEBUG	[2020-03-06 11:57:40:117] <28695> MAKE ENCRYPT OK[<?xml version="1.0" encoding="UTF-8"?>
<CancelInfo>
	  <CancelTID>INIMX_CARDmajorgol0320200304184712915683</CancelTID>
	  <CancelMsg urlencode="1">%BC%EE%C7%CE%B8%F4+%BF%EE%BF%B5%C0%DA+%BD%C2%C0%CE+%C3%EB%BC%D2</CancelMsg>
	  <CancelReason/></CancelInfo>]
INFO	[2020-03-06 11:57:40:117] <28695> MAKE BODY OK
INFO	[2020-03-06 11:57:40:117] <28695> SIGN OK
INFO	[2020-03-06 11:57:40:117] <28695> MAKE HEAD OK
INFO	[2020-03-06 11:57:40:118] <28695> MSG_TO_PG:[0096200175D SHA1                   0                                      300420majorgol03                    INIMX_CARDmajorgol0320200304184712915683<?xml version="1.0" encoding="UTF-8"?>
<INIpay>
	  <CancelInfo>
	    <SessionKey>ol6H1nPUZ539lNI30cOX9EwytwRSU+jn6ESHzyro38nW1qjt4TGxTdw5Pfw2MrJE
5ZNDk8UEGdUe/rGbCKlLhHTUs0Dh3a/GvlJthq0r+E76hxQqYq24e6Z0KgJ6uOgJ
yLIsEcbT0bgMezhwUpmAZXxppta7uOh0ufrXPKEBCbC7sFBNe21NGw==
</SessionKey>
	    <Encrypted>TUUByd/9Jy+W0tT4beU+wptEZFFJzx2Kw0ggJXiRofxKMmXQEfk2uRXHLHhduTE/
ZSJGtZe/5ej5kWG4+tuW9qbi6GwDb9uWAr+o7eLkti1GmTzEqEi6QeLpYicfGBc4
R+GRu8vImqu1nd8IhyrCGmT4Qky9ljkUTS8OvZq+k8810GOapBplK7D9zZpcf+S3
Lj1Ajz+klMLBxF8z2Yv0dOIYp8hSu2chQXN/1GiAyWH3Z+BjfdQHq3F40Dg9zNZX
rD9FYuBeoogttQU/aMyhpUkPreSxMax3md76E2XF0tTrkCgOk2Q+oNmLX4YXguKb
z2wYbFZB52aIRH19sfPfSg==
</Encrypted></CancelInfo>
	  <ReservedInfo>
	    <MReserved1/>
	    <MReserved2/>
	    <MReserved3/></ReservedInfo>
	  <ManageInfo>
	    <Language/>
	    <URL/>
	    <TXVersion>5036B141209canceLinux     PHPchkfake   2.6.32-754.11.1.el6.x86_64PHP:</TXVersion>
	    <TXUserID/>
	    <TXRegNum/></ManageInfo></INIpay>AMCyHj+XOE9DYTFRA1KWAHo3kQDObDTMcvOj04cvty+PXlnWOR7WCja5jKz3C1dD
iNOUh3fbbTxRl4dhjzOcY7gRAojjrSaLlY/+8AikaUIHkz22N/bQMJe5aTXvvT3F
rdGcUrWUQoBEPkGfwCBqiZVM/bjkf7y0CJcCQAULC0zq
]
INFO	[2020-03-06 11:57:40:118] <28695> DNS LOOKUP OK(203.238.37.3:203.238.37.3:34049) laptime:0
INFO	[2020-03-06 11:57:40:120] <28695> SOCKET CONNECT OK
INFO	[2020-03-06 11:57:40:120] <28695> SEND OK
INFO	[2020-03-06 11:57:40:275] <28695> RECV OK
INFO	[2020-03-06 11:57:40:276] <28695> MSG_FROM_PG:[0115800175D SHA1                   0                                      300430majorgol03                    INIMX_CARDmajorgol0320200304184712915683<?xml version="1.0" encoding="UTF-8"?>
<INIpay>
  <CancelInfo>
    <ResultCode>120000</ResultCode>
    <ResultMsg urlencode="1">%C1%A4%BB%F3%C3%B3%B8%AE%B5%C7%BE%FA%BD%C0%B4%CF%B4%D9.</ResultMsg>
    <SessionKey>AKm0CGBDEUKw6h5/2NJA7E7kRSenuWlDkOV/CEygdbvv6/rdDHKMvDERDeWzXCU+
k40nFxiLapMz5TvPeGaUQ4UniIRPcect3XiEI2jIgi8ZMzjNXTcG+ITHF3WpFOYo
3iYH9QGyED71lwKMfBQpjw6iQy9/USgFwxoVDs7vrKkZxd8wnbIF5+o=
</SessionKey>
    <Encrypted>z5JX1Czmi8n5FVmvMQi0UcvgS+9doCwlCseKptbqfD9nRJowkUKs6guVzHJGlyEZ
F9yKF/o9jSu1qAvwk5RL6L03+OXZhApqZlrPxpLK6t9TdgIEeSAcD8LI3mBOVnRF
pngPHS0m86fxg0OIdgMGbOR6kQvHNgHQe1dKzYlsBUW1OyzqBLTO7tK8K3A4dN/U
acGWYaIitif8RSGFi9/eeUDfvuQLJbSzne0Ll1D+GbiISgCHrGc6J1XSm2vvAixF
D7g9ypjn+8LS6ossj69RJqQ5azR2yxRo5+UJtTb7oGuVv7Nwxl8afx0s2MWpx73k
/xOrNpYqEpftqiClwvjYxyVu36+7Q31wji0UTtOEbpM=
</Encrypted>
  </CancelInfo>
  <ManageInfo/>
  <ReservedInfo>
    <MReserved1 urlencode="1"></MReserved1>
    <MReserved2 urlencode="1"></MReserved2>
    <MReserved3 urlencode="1"></MReserved3>
    <PGReserved1 urlencode="1"></PGReserved1>
    <PGReserved2 urlencode="1"></PGReserved2>
    <PGReserved3 urlencode="1"></PGReserved3>
  </ReservedInfo>
</INIpay>
iC6WDbnPhfqTgQs362d11FVdensSqvqmvTTTR5PSv0UnUt0QbFcmw871A3AXfVGi
73HHPK32xP4LbayH12k8AQI2lm60fPfmevQaPOTlwBd3IQlPsXWbceWm/qd24bpl
9sEfkDH9bH5AL6dM96FoeJfufI6oTyiqm3aN/VwqnTI=
]
INFO	[2020-03-06 11:57:40:276] <28695> VERIFY OK
INFO	[2020-03-06 11:57:40:276] <28695> PARSE HEAD OK
INFO	[2020-03-06 11:57:40:276] <28695> PARSE BODY OK
INFO	[2020-03-06 11:57:40:277] <28695> DECRYPT OK
DEBUG	[2020-03-06 11:57:40:277] <28695> DECRYPT MSG:[<?xml version="1.0" encoding="UTF-8"?>
<CancelInfo>
  <CancelDate>20200306</CancelDate>
  <CancelTime>115740</CancelTime>
  <ResultCode>120000</ResultCode>
  <ResultMsg urlencode="1">%C1%A4%BB%F3%C3%B3%B8%AE%B5%C7%BE%FA%BD%C0%B4%CF%B4%D9.</ResultMsg>
</CancelInfo>]
INFO	[2020-03-06 11:57:40:277] <28695> DECRYPT PARSE OK
INFO	[2020-03-06 11:57:40:277] <28695> END cancel 정상처리되었습니다. Laptime:[0.161sec]
INFO	[2020-03-06 11:57:40:277] <28695> ===============================================================
INFO	[2020-03-06 12:21:14:40] <7268> START INIPHP cancel (V5036-141209)(OS:Linux2.6.32-754.11.1.el6.x86_64,PHP:5.3.3)
DEBUG	[2020-03-06 12:21:14:40] <7268> inipayhome:/home/killdeal/public_html/shop/inicis
DEBUG	[2020-03-06 12:21:14:40] <7268> debug:false
DEBUG	[2020-03-06 12:21:14:40] <7268> type:cancel
DEBUG	[2020-03-06 12:21:14:40] <7268> mid:majorgol03
DEBUG	[2020-03-06 12:21:14:40] <7268> admin:1111
DEBUG	[2020-03-06 12:21:14:40] <7268> tid:StdpayISP_majorgol0320200306121934314451
DEBUG	[2020-03-06 12:21:14:40] <7268> cancelmsg:주문자 본인 취소-구매의사 없음
INFO	[2020-03-06 12:21:14:40] <7268> Check Field OK
INFO	[2020-03-06 12:21:14:40] <7268> PI PUB KEY LOAD OK []
INFO	[2020-03-06 12:21:14:40] <7268> PG PUB KEY LOAD OK [30]
INFO	[2020-03-06 12:21:14:40] <7268> MERCHANT PRIV KEY LOAD OK
INFO	[2020-03-06 12:21:14:41] <7268> MERCHANT PUB KEY LOAD OK [0]
DEBUG	[2020-03-06 12:21:14:41] <7268> MAKE ENCRYPT OK[<?xml version="1.0" encoding="UTF-8"?>
<CancelInfo>
	  <CancelTID>StdpayISP_majorgol0320200306121934314451</CancelTID>
	  <CancelMsg urlencode="1">%C1%D6%B9%AE%C0%DA+%BA%BB%C0%CE+%C3%EB%BC%D2-%B1%B8%B8%C5%C0%C7%BB%E7+%BE%F8%C0%BD</CancelMsg>
	  <CancelReason/></CancelInfo>]
INFO	[2020-03-06 12:21:14:41] <7268> MAKE BODY OK
INFO	[2020-03-06 12:21:14:42] <7268> SIGN OK
INFO	[2020-03-06 12:21:14:42] <7268> MAKE HEAD OK
INFO	[2020-03-06 12:21:14:42] <7268> MSG_TO_PG:[0099400175D SHA1                   0                                      300420majorgol03                    StdpayISP_majorgol0320200306121934314451<?xml version="1.0" encoding="UTF-8"?>
<INIpay>
	  <CancelInfo>
	    <SessionKey>dDBJD4R+v4hzlu1tqAwPBn3gltwX++I2qA8fv5EjX/kLJzeWNcI/e5GBpS7dZdQy
6MLea74bB9kq/9FjI0AP+gOwhw+Ym6DDxqrpfvE6BVHkNs/0Jh0hYHWbSWcWRnD/
8luPZk5E70QUQygAyTEEQL9LicYLq4J6K6jTVcoPonxCRHSTCeEJrw==
</SessionKey>
	    <Encrypted>rE6G+RqpN/x439SliMV8iKK9lEVVPDtBjl7swXUaKVC9+ZllzSGuZyByJ2c5s2qI
Nb9V8HBi6XXLousOX6HDIGBQ5JMnOnP1thMzZjrI30fnWfFJbOYCJCMjDTx6x/tj
dYa+9mbr7pzmQluL38/Lhu2cDv1BSIfxFH9gCxS3zLkutrqD2+qTWHUOvBFlRPbh
bvflzBnKD0aNvYpLGIDPHv2MbbDa1wx3Ak77o6K5padNJO/MfTROGaGPHdpOcQAt
EmRezQUFfh0EcAeYwXIFn+7TrzPexeN09aXYC2q1vlucZgQEzKO6sObsyDcA7n+N
Amr4uuHVpB4MlJ2q1Rbk+upv1Me8Ihqjq8Eae8VMf49amWC9HfR3iA==
</Encrypted></CancelInfo>
	  <ReservedInfo>
	    <MReserved1/>
	    <MReserved2/>
	    <MReserved3/></ReservedInfo>
	  <ManageInfo>
	    <Language/>
	    <URL/>
	    <TXVersion>5036B141209canceLinux     PHPchkfake   2.6.32-754.11.1.el6.x86_64PHP:</TXVersion>
	    <TXUserID/>
	    <TXRegNum/></ManageInfo></INIpay>AB/Fg2Kzk2XZSKV/BcEMz2BGWAbimi/tgfRBEp7TwPD/yw1gC3t+ZmDQNi2jumsp
Q7rs6GljLMom/YepYdaagx6tAFzMfao985yZv2AGuQ7tlg4AZh5aESFoEEr6lPIa
xbVvKKaR+HotLiTwtBht7nG2X4PWZ1upRoGmQ17i47x5
]
INFO	[2020-03-06 12:21:14:42] <7268> DNS LOOKUP OK(203.238.37.3:203.238.37.3:34049) laptime:0
INFO	[2020-03-06 12:21:14:43] <7268> SOCKET CONNECT OK
INFO	[2020-03-06 12:21:14:44] <7268> SEND OK
INFO	[2020-03-06 12:21:14:501] <7268> RECV OK
INFO	[2020-03-06 12:21:14:501] <7268> MSG_FROM_PG:[0108200175D SHA1                   0                                      300430majorgol03                    StdpayISP_majorgol0320200306121934314451<?xml version="1.0" encoding="UTF-8"?>
<INIpay>
  <CancelInfo>
    <ResultCode>170000</ResultCode>
    <ResultMsg urlencode="1">%C1%A4%BB%F3%BF%CF%B7%E1</ResultMsg>
    <SessionKey>AC/tkdGhl6L/1xzg5sdGm6moIF++CBVp6/WURv6gSD9//KmphB8cipzmGIVtrm9e
zjDl3zePfInqPKgKT6LE8wtkMVeM9GqoY3s/3d0SGGsRi++WdY07Ih0OaCrBoATW
AVKfC4O/OVzS9XOWwxI05+9GA2rzwEc+7rBEGQWknQ07UtMbD//aMAk=
</SessionKey>
    <Encrypted>O1IZW/wk84Nwag0Vxh4/6XXrjWIDAgmKqKsRdHRe0bogst8Xk5FL4S51Z3ULp8sC
J65sJwDs7lY1HfTdbnGGbErwWCgU+Boj/TMVY+khJwGUfJXgKPCfJ5d8WxUgBR9S
JgYsT8p8DYvWnrtGvr2ViBwXHnthOu75iNvsU2+B0zoBrbXswNB7XAAmaqYAbjUZ
dWY+BHJfroTECTvAc/lj+XMmAdSs+G8W41v93DLNiQ4qsNNo2Bs5c3Splvjnmano
oNPNmBSFrv/gleYNMcHJ5C9KOg8KUX3A6zuKdZacrp/Qy8cb3ntF6sDl1nslpL4H
</Encrypted>
  </CancelInfo>
  <ManageInfo/>
  <ReservedInfo>
    <MReserved1 urlencode="1"></MReserved1>
    <MReserved2 urlencode="1"></MReserved2>
    <MReserved3 urlencode="1"></MReserved3>
    <PGReserved1 urlencode="1"></PGReserved1>
    <PGReserved2 urlencode="1"></PGReserved2>
    <PGReserved3 urlencode="1"></PGReserved3>
  </ReservedInfo>
</INIpay>
YKmPiBwzAJ3q0PdruM2XwdmcxtoBy0bB9B0Ywybz24Cyko9QrPoKW2gvTUejVIvO
M2JRs8JDEf9voan3DOsExrefUfqHS2AjKGR86tcpMnY7lZRVkV5MmiP6x+fRSHNX
/hnBKRRH5OSQHwsGXWPiiEb4kwHJ14Hb4pE9B7e5xqk=
]
INFO	[2020-03-06 12:21:14:501] <7268> VERIFY OK
INFO	[2020-03-06 12:21:14:502] <7268> PARSE HEAD OK
INFO	[2020-03-06 12:21:14:502] <7268> PARSE BODY OK
INFO	[2020-03-06 12:21:14:502] <7268> DECRYPT OK
DEBUG	[2020-03-06 12:21:14:502] <7268> DECRYPT MSG:[<?xml version="1.0" encoding="UTF-8"?>
<CancelInfo>
  <CancelDate>20200306</CancelDate>
  <CancelTime>122114</CancelTime>
  <ResultCode>170000</ResultCode>
  <ResultMsg urlencode="1">%C1%A4%BB%F3%BF%CF%B7%E1</ResultMsg>
</CancelInfo>]
INFO	[2020-03-06 12:21:14:503] <7268> DECRYPT PARSE OK
INFO	[2020-03-06 12:21:14:503] <7268> END cancel 정상완료 Laptime:[0.463sec]
INFO	[2020-03-06 12:21:14:503] <7268> ===============================================================
