INFO	[2022-08-25 11:16:42:132] <18158> START INIPHP cancel (V5036-141209)(OS:Linux2.6.32-754.11.1.el6.x86_64,PHP:5.3.3)
DEBUG	[2022-08-25 11:16:42:132] <18158> inipayhome:/home1/killdeal/public_html/shop/inicis
DEBUG	[2022-08-25 11:16:42:132] <18158> debug:false
DEBUG	[2022-08-25 11:16:42:132] <18158> type:cancel
DEBUG	[2022-08-25 11:16:42:132] <18158> mid:majorgol03
DEBUG	[2022-08-25 11:16:42:132] <18158> admin:1111
DEBUG	[2022-08-25 11:16:42:132] <18158> tid:INIMX_CARDmajorgol0320220817002546674337
DEBUG	[2022-08-25 11:16:42:132] <18158> cancelmsg:쇼핑몰 운영자 승인 취소
INFO	[2022-08-25 11:16:42:132] <18158> Check Field OK
INFO	[2022-08-25 11:16:42:132] <18158> PI PUB KEY LOAD OK []
INFO	[2022-08-25 11:16:42:133] <18158> PG PUB KEY LOAD OK [30]
INFO	[2022-08-25 11:16:42:133] <18158> MERCHANT PRIV KEY LOAD OK
INFO	[2022-08-25 11:16:42:133] <18158> MERCHANT PUB KEY LOAD OK [0]
DEBUG	[2022-08-25 11:16:42:133] <18158> MAKE ENCRYPT OK[<?xml version="1.0" encoding="UTF-8"?>
<CancelInfo>
	  <CancelTID>INIMX_CARDmajorgol0320220817002546674337</CancelTID>
	  <CancelMsg urlencode="1">%BC%EE%C7%CE%B8%F4+%BF%EE%BF%B5%C0%DA+%BD%C2%C0%CE+%C3%EB%BC%D2</CancelMsg>
	  <CancelReason/></CancelInfo>]
INFO	[2022-08-25 11:16:42:133] <18158> MAKE BODY OK
INFO	[2022-08-25 11:16:42:134] <18158> SIGN OK
INFO	[2022-08-25 11:16:42:134] <18158> MAKE HEAD OK
INFO	[2022-08-25 11:16:42:134] <18158> MSG_TO_PG:[0096200175D SHA1                   0                                      300420majorgol03                    INIMX_CARDmajorgol0320220817002546674337<?xml version="1.0" encoding="UTF-8"?>
<INIpay>
	  <CancelInfo>
	    <SessionKey>jXEtSCtpTjf2fqsaJO6bQbbvw17TzMgnHKxtP3ReOuGfNyVV5WWiWdAenIqn77Ki
kkBvanSESNi0ii2c2WOrnFubRwNtsAmyUlSBnJXFAGksMpRkTITuSKJH0hPYzDJw
GE6mCkMHwfLaZ1Yj8uHJnW7LncXbZ3kr03I+vWg6/p7UjLU8ukMASQ==
</SessionKey>
	    <Encrypted>mLZtcK9DGeSyz5om0bIY70CBkhrXMNaqIclygOgkvPNuUChgYeqPaOa/AMcIp1b+
9TK3GMzmnxAZucEVK7TEVuTdBUrDUf99oasmLmTJQVxqCTaw0uF1y3l4bH6UWXP8
QW84k83QMOK2gu5HWXy6zR49qjsDQLgpSdmB9UBL5vZHBuOdDA/6xWT0O6cGc5JD
Mb2V5DOsPoG0LxR9iXUF5mtsmWF8yHxX8mwJFCamRV6DCnXsJe4hlzL/vlxsKlu8
bTZDe1He6EkdtcVr8LlcBW+lKdzAIFbgz8GpiKJW5voTS0q6CdfLuSM0Pu1+ey/y
ZsEfl8VYEd5lM+6dvw9XaA==
</Encrypted></CancelInfo>
	  <ReservedInfo>
	    <MReserved1/>
	    <MReserved2/>
	    <MReserved3/></ReservedInfo>
	  <ManageInfo>
	    <Language/>
	    <URL/>
	    <TXVersion>5036B141209canceLinux     PHPchkfake   2.6.32-754.11.1.el6.x86_64PHP:</TXVersion>
	    <TXUserID/>
	    <TXRegNum/></ManageInfo></INIpay>AEEH96/DmU8liplrXKi7pgh9HmWIHaciaShBIM/mMO0OkhsUClniEBiwrfXJqjcU
EJLhs1jCUhtRVYAOPkML0O40u+SQeVisq+BUBshy7zl8pDezXc83Gqvrczy03o2r
iEfhDzfBJ9azSB8JyBq65JYabWZi6ph4ZxoohSVHbMcm
]
INFO	[2022-08-25 11:16:42:134] <18158> DNS LOOKUP OK(203.238.37.3:203.238.37.3:34049) laptime:0
INFO	[2022-08-25 11:16:42:136] <18158> SOCKET CONNECT OK
INFO	[2022-08-25 11:16:42:136] <18158> SEND OK
INFO	[2022-08-25 11:16:42:476] <18158> RECV OK
INFO	[2022-08-25 11:16:42:476] <18158> MSG_FROM_PG:[0093300175D SHA1                   0                                      300430majorgol03                    INIMX_CARDmajorgol0320220817002546674337<?xml version="1.0" encoding="UTF-8"?><INIpay>
<CancelInfo>
<ResultCode>120000</ResultCode>
<ResultMsg urlencode="1">%C1%A4%BB%F3%C3%B3%B8%AE%B5%C7%BE%FA%BD%C0%B4%CF%B4%D9.</ResultMsg>
<SessionKey>ALTPPCvUd+bJkK1T4954aDgaUX5P2CeIDe2fQhTTpVmRQrPQdBiZfEr3FcPum2z0
ZqZ1KFoaIGyUeO56qOxGEAgosNBDSRTcMXbMZo8y7zUZQjdC5OJyxTaWRH+S7bTY
0YmRiNdzaAs/80VDyhtq3lWpc+5Js4eo7jdBk0OQ/37bZpQMKIBCAhE=
</SessionKey>
<Encrypted>BhSH20pISaklpY9mxAN26pIVph39BAeb2zrJyyy1Fy4NC2AP33xL+xoKuEofbMoO
sqp8WkUwSXaq7eH2e1MT39l1M1uTsKEsfMELz9sgLvW0IpemLHBRGtrGsCMlaU6C
mJ882uhHOYyvo6Er6aoiuSouprwQ5my8jHklREeGfnR3vqFymHBhu4uMd6okSgX3
lAO4njOfo9Gp1TxvYWcu2FA9SBScLYaai2aTv3Fwv2TtalaI8YLnpC1gGOCHib8U
cbYL7Hnn2xqsMnQdKeqJ6zzQjzpECj2c2HFtct9W7duLKcQybnWMyEjQiO9lTjIg
oPauYPTlLU1RFT695Up/TV27+k7teW4b
</Encrypted>
</CancelInfo>
<ManageInfo/>
<ReservedInfo>
<MReserved1 urlencode="1"/>
<MReserved2 urlencode="1"/>
<MReserved3 urlencode="1"/>
</ReservedInfo>
</INIpay>
AA4kRhICWhmLnarnt3/X+0A5Kqm1odKROi8qDlAUfhdVaHQre3yE+ZdGTlZDV5vR
dNIOgwSMJMDd4cbSO6u7GzUWxWB/mdRAD4gtBzpN1A//3ByQ6BqTP08RSf7rNNkw
XnbK614KDLgSqeTOYLHJfg34o9fS2dwPP8jzKGMicXY=
]
INFO	[2022-08-25 11:16:42:476] <18158> VERIFY OK
INFO	[2022-08-25 11:16:42:476] <18158> PARSE HEAD OK
INFO	[2022-08-25 11:16:42:477] <18158> PARSE BODY OK
INFO	[2022-08-25 11:16:42:477] <18158> DECRYPT OK
DEBUG	[2022-08-25 11:16:42:477] <18158> DECRYPT MSG:[<?xml version="1.0" encoding="UTF-8"?><CancelInfo>
<CancelDate>20220825</CancelDate>
<CancelTime>111642</CancelTime>
<ResultCode>120000</ResultCode>
<ResultMsg urlencode="1">%C1%A4%BB%F3%C3%B3%B8%AE%B5%C7%BE%FA%BD%C0%B4%CF%B4%D9.</ResultMsg>
</CancelInfo>]
INFO	[2022-08-25 11:16:42:478] <18158> DECRYPT PARSE OK
INFO	[2022-08-25 11:16:42:478] <18158> END cancel 정상처리되었습니다. Laptime:[0.345sec]
INFO	[2022-08-25 11:16:42:478] <18158> ===============================================================
INFO	[2022-08-25 12:02:06:433] <18122> START INIPHP cancel (V5036-141209)(OS:Linux2.6.32-754.11.1.el6.x86_64,PHP:5.3.3)
DEBUG	[2022-08-25 12:02:06:433] <18122> inipayhome:/home1/killdeal/public_html/shop/inicis
DEBUG	[2022-08-25 12:02:06:433] <18122> debug:false
DEBUG	[2022-08-25 12:02:06:433] <18122> type:cancel
DEBUG	[2022-08-25 12:02:06:433] <18122> mid:majorgol03
DEBUG	[2022-08-25 12:02:06:433] <18122> admin:1111
DEBUG	[2022-08-25 12:02:06:433] <18122> tid:INIMX_CARDmajorgol0320220825114017845853
DEBUG	[2022-08-25 12:02:06:433] <18122> cancelmsg:주문자 본인 취소-상품옵션 선택 잘못함
INFO	[2022-08-25 12:02:06:433] <18122> Check Field OK
INFO	[2022-08-25 12:02:06:433] <18122> PI PUB KEY LOAD OK []
INFO	[2022-08-25 12:02:06:434] <18122> PG PUB KEY LOAD OK [30]
INFO	[2022-08-25 12:02:06:434] <18122> MERCHANT PRIV KEY LOAD OK
INFO	[2022-08-25 12:02:06:434] <18122> MERCHANT PUB KEY LOAD OK [0]
DEBUG	[2022-08-25 12:02:06:434] <18122> MAKE ENCRYPT OK[<?xml version="1.0" encoding="UTF-8"?>
<CancelInfo>
	  <CancelTID>INIMX_CARDmajorgol0320220825114017845853</CancelTID>
	  <CancelMsg urlencode="1">%C1%D6%B9%AE%C0%DA+%BA%BB%C0%CE+%C3%EB%BC%D2-%BB%F3%C7%B0%BF%C9%BC%C7+%BC%B1%C5%C3+%C0%DF%B8%F8%C7%D4</CancelMsg>
	  <CancelReason/></CancelInfo>]
INFO	[2022-08-25 12:02:06:434] <18122> MAKE BODY OK
INFO	[2022-08-25 12:02:06:435] <18122> SIGN OK
INFO	[2022-08-25 12:02:06:435] <18122> MAKE HEAD OK
INFO	[2022-08-25 12:02:06:435] <18122> MSG_TO_PG:[0101500175D SHA1                   0                                      300420majorgol03                    INIMX_CARDmajorgol0320220825114017845853<?xml version="1.0" encoding="UTF-8"?>
<INIpay>
	  <CancelInfo>
	    <SessionKey>Gfv5Cd79FqLCBhpIMsLgUG23qfTn5hmU0GKG59V3JS21ECtNlRsQMRTyPrRcrppE
SLyCIhmlHB/fKoJGO+IXP74pqyVpc077QJ8xO8aKLljJmPllkxSxbi7EvoIhLjur
pU/dzRtx3ROMspQMl9ugIOj2EnB70AEjA7YwIoAIWpl2LGwWtNf3QA==
</SessionKey>
	    <Encrypted>WCUBg37Q5Jg7n0+ONfm4N5GArg5hMjFodVYeHbwQ5tX8UxhhOw8n1jOAxOppa8nv
x2whgvNIkJzjUONQLI2MKiZJjzPKUnnnlslAIUfH1NO5tHMlGg+hamhirkEwGYHg
OErIGchsqYD2aqOjmd8kuTdQY80/qzRtzNHuEUdKRfqQfmrIeBC2aBfi22ieBjLi
bKgbRgfAnFqpEZKcoXMv9pdDIB/5xaolMyWPGeECO81RgTq/ZM69DSuDqNmFnlZi
1QbN/WTz03KIlG3HqdawXA2bUJcTHPFylSkw2Ry9n+ALTsHOgkepq/IZjeEql+DB
jClpILuAZdz7a7d3+/gNzDa7ku73A8vkNSuGHChH2leuB0Obc7mZK4/9cCPCE6OM
oYCyYNnhE1o=
</Encrypted></CancelInfo>
	  <ReservedInfo>
	    <MReserved1/>
	    <MReserved2/>
	    <MReserved3/></ReservedInfo>
	  <ManageInfo>
	    <Language/>
	    <URL/>
	    <TXVersion>5036B141209canceLinux     PHPchkfake   2.6.32-754.11.1.el6.x86_64PHP:</TXVersion>
	    <TXUserID/>
	    <TXRegNum/></ManageInfo></INIpay>AO8qnCMrPfPdb7Sc1BbTIbPizDrN1KqMtMGJISOjhKW1VUAlIMAtma4GzVo2Lr40
0DPhFBfaOUdUlgXnLD5ALO6u5+zVVmFuz9lb0EwLMrmS6KbUdzXz/ZyRIouE1Flp
y5wmvbJZSLkB2yShfP7SqLltjOijk4EpO79fFlXKlJEn
]
INFO	[2022-08-25 12:02:06:435] <18122> DNS LOOKUP OK(203.238.37.3:203.238.37.3:34049) laptime:0
INFO	[2022-08-25 12:02:06:437] <18122> SOCKET CONNECT OK
INFO	[2022-08-25 12:02:06:437] <18122> SEND OK
INFO	[2022-08-25 12:02:06:789] <18122> RECV OK
INFO	[2022-08-25 12:02:06:789] <18122> MSG_FROM_PG:[0093300175D SHA1                   0                                      300430majorgol03                    INIMX_CARDmajorgol0320220825114017845853<?xml version="1.0" encoding="UTF-8"?><INIpay>
<CancelInfo>
<ResultCode>120000</ResultCode>
<ResultMsg urlencode="1">%C1%A4%BB%F3%C3%B3%B8%AE%B5%C7%BE%FA%BD%C0%B4%CF%B4%D9.</ResultMsg>
<SessionKey>ANxBFpWFomXIvyw/N/gzn6qt3uYobSl5dzi/ZF30odiZaXlIuK6dtuaG6qPJb020
HfwY0QAeBF+amMNSVb6b8JWKWsLbCgbYbVYrj0hE1FhWD/zBZOgIkOpnZpQXZla4
Rc0dVuhPpul87dzFFyPuylGYvuK7vqEr/Zpk5xunhaTTHzMeJVsbxck=
</SessionKey>
<Encrypted>uwzIRRYUSncABR0tWzk+Nmm0wV3H5OHyCB9WWeV95zGeQMLBiJhJx1BBljJRgmca
m3YVlwyid1Pbj2X9Bmg4Vj8FZd6IfFQG6EKweyZVEySBnOCWKm3EfG8mV0HufNLG
eRg606XoLVfKvg6bPcdw816qKH6MCvw00tSyKvMKVnRo3R1QifjZS+scc80CLXTa
upu/CL8/7Ob7WR8Cm8CM+AqJYWppwUXNhWox1NTRoIPolES5OPEBm48Hv8JdESEf
dRlHhsgUvmxduxduqLa8/qtFI4zD35ru2upt9cmxZ6NZsjiQhltLLH9hpD2hdvT8
swPUbhAcbmrnoWc8B7VugTPT86XsmMZy
</Encrypted>
</CancelInfo>
<ManageInfo/>
<ReservedInfo>
<MReserved1 urlencode="1"/>
<MReserved2 urlencode="1"/>
<MReserved3 urlencode="1"/>
</ReservedInfo>
</INIpay>
rrz3cIq1Rh0wge3Qn9xhLoWdSKsYBRNDeELwx09Hw0YWFgtXLYOWDAoXIsGIqNtm
kR/4DIHF0CvP3c0YxVHUnnRp+xVMaJw9ja5Bo3PThi/ofuUMy7GgMUgnWFUdgvtR
SV2FOuiuziod/14QtIo33ZbpYzxPsqZI/9k8H0s9D7Y=
]
INFO	[2022-08-25 12:02:06:789] <18122> VERIFY OK
INFO	[2022-08-25 12:02:06:789] <18122> PARSE HEAD OK
INFO	[2022-08-25 12:02:06:789] <18122> PARSE BODY OK
INFO	[2022-08-25 12:02:06:790] <18122> DECRYPT OK
DEBUG	[2022-08-25 12:02:06:790] <18122> DECRYPT MSG:[<?xml version="1.0" encoding="UTF-8"?><CancelInfo>
<CancelDate>20220825</CancelDate>
<CancelTime>120206</CancelTime>
<ResultCode>120000</ResultCode>
<ResultMsg urlencode="1">%C1%A4%BB%F3%C3%B3%B8%AE%B5%C7%BE%FA%BD%C0%B4%CF%B4%D9.</ResultMsg>
</CancelInfo>]
INFO	[2022-08-25 12:02:06:790] <18122> DECRYPT PARSE OK
INFO	[2022-08-25 12:02:06:790] <18122> END cancel 정상처리되었습니다. Laptime:[0.357sec]
INFO	[2022-08-25 12:02:06:790] <18122> ===============================================================
INFO	[2022-08-25 16:33:25:137] <17313> START INIPHP cancel (V5036-141209)(OS:Linux2.6.32-754.11.1.el6.x86_64,PHP:5.3.3)
DEBUG	[2022-08-25 16:33:25:137] <17313> inipayhome:/home1/killdeal/public_html/shop/inicis
DEBUG	[2022-08-25 16:33:25:137] <17313> debug:false
DEBUG	[2022-08-25 16:33:25:137] <17313> type:cancel
DEBUG	[2022-08-25 16:33:25:137] <17313> mid:majorgol03
DEBUG	[2022-08-25 16:33:25:137] <17313> admin:1111
DEBUG	[2022-08-25 16:33:25:137] <17313> tid:INIMX_CARDmajorgol0320220817002511354455
DEBUG	[2022-08-25 16:33:25:137] <17313> cancelmsg:쇼핑몰 운영자 승인 취소
INFO	[2022-08-25 16:33:25:137] <17313> Check Field OK
INFO	[2022-08-25 16:33:25:137] <17313> PI PUB KEY LOAD OK []
INFO	[2022-08-25 16:33:25:138] <17313> PG PUB KEY LOAD OK [30]
INFO	[2022-08-25 16:33:25:138] <17313> MERCHANT PRIV KEY LOAD OK
INFO	[2022-08-25 16:33:25:138] <17313> MERCHANT PUB KEY LOAD OK [0]
DEBUG	[2022-08-25 16:33:25:138] <17313> MAKE ENCRYPT OK[<?xml version="1.0" encoding="UTF-8"?>
<CancelInfo>
	  <CancelTID>INIMX_CARDmajorgol0320220817002511354455</CancelTID>
	  <CancelMsg urlencode="1">%BC%EE%C7%CE%B8%F4+%BF%EE%BF%B5%C0%DA+%BD%C2%C0%CE+%C3%EB%BC%D2</CancelMsg>
	  <CancelReason/></CancelInfo>]
INFO	[2022-08-25 16:33:25:139] <17313> MAKE BODY OK
INFO	[2022-08-25 16:33:25:139] <17313> SIGN OK
INFO	[2022-08-25 16:33:25:139] <17313> MAKE HEAD OK
INFO	[2022-08-25 16:33:25:139] <17313> MSG_TO_PG:[0096200175D SHA1                   0                                      300420majorgol03                    INIMX_CARDmajorgol0320220817002511354455<?xml version="1.0" encoding="UTF-8"?>
<INIpay>
	  <CancelInfo>
	    <SessionKey>vP5Kom0ro0ucFTpPtVySzMQOaxp9G6LKB3jItcF1K9+BGCXHF5RXzhDzzWsemkls
ZfGMkIu3pIejBpy0o6P+WqVQtKTcHmjNZMbLThgUyIzfhFgImJexul5foxtY4pBD
uJrf3X8lO4hY0k9iYTEgCRMrCelKJZ6ajWRqd8mmfBbKp8Qc9Gsf0g==
</SessionKey>
	    <Encrypted>DEdacVstVNe8C3w/Vv/Y/uIRejmUepGounSWEQiLoOEqaUVRoXeWjr9+qOgpjt/f
FiwFgKiTt0jvgqCtKrM2LhOSLYA0D5o6p3e7miaCfUjHJzsxq79iFJoY9B2ik4eR
7vXiJU3XcTEIh4mDKrhqPac3v6gMhu/nNAm1wX77fNwlJKqW8Je0lh2THVudkSK9
9ZIN7EUIrbwvym+M4L0+SWoE/JiMbGvH0neQrWDcWO/YB+uW6fcslBEbvgT1iP6w
ZfmjX4dCiRJmFXw0BhCcj5P4UEBjLR2ZfH/8f5ap53VsANXX+EcYtEoejBuWNcH5
kB2orv1duV3+V/FHX1dbbw==
</Encrypted></CancelInfo>
	  <ReservedInfo>
	    <MReserved1/>
	    <MReserved2/>
	    <MReserved3/></ReservedInfo>
	  <ManageInfo>
	    <Language/>
	    <URL/>
	    <TXVersion>5036B141209canceLinux     PHPchkfake   2.6.32-754.11.1.el6.x86_64PHP:</TXVersion>
	    <TXUserID/>
	    <TXRegNum/></ManageInfo></INIpay>AAnMROGgjY3cE7tDlXAdqJMqbm1wSCcM4wrdeK8lW/HDsM7o16uW6PsCxYb3VCFj
Dqlby3P7Ab5LwDWl7Dc72TOIrFoFtGqVHxlO6lOmlCK9qe2xlEM5lQ1cnJ891oeR
5ktzYFZIVKv3QAXhhQM6fqKC8cZav2tv3XhnqXtOjs3o
]
INFO	[2022-08-25 16:33:25:139] <17313> DNS LOOKUP OK(203.238.37.3:203.238.37.3:34049) laptime:0
INFO	[2022-08-25 16:33:25:141] <17313> SOCKET CONNECT OK
INFO	[2022-08-25 16:33:25:142] <17313> SEND OK
INFO	[2022-08-25 16:33:25:270] <17313> RECV OK
INFO	[2022-08-25 16:33:25:271] <17313> MSG_FROM_PG:[0093300175D SHA1                   0                                      300430majorgol03                    INIMX_CARDmajorgol0320220817002511354455<?xml version="1.0" encoding="UTF-8"?><INIpay>
<CancelInfo>
<ResultCode>120000</ResultCode>
<ResultMsg urlencode="1">%C1%A4%BB%F3%C3%B3%B8%AE%B5%C7%BE%FA%BD%C0%B4%CF%B4%D9.</ResultMsg>
<SessionKey>ACj25aHsfFepF4wmXMMn45cdrqYA/Nlf5crEM3eWB2AqeAWb4sIO+HonXChiqwJi
I2PgUsCEnnPWNyJBEf/tAX6+WAdSGLsM5VJ5gnXrJNRwaS9Bi8KS1j7IUUX1aAeA
2UoeTgRr79svnzDODwoYwF0SJN2G8b/GglupTAjwsZUuh7htJtp4Jgc=
</SessionKey>
<Encrypted>yXH9u7FCka0JomuFhg3Mf2GF8N53vY5Q+mCFfXLjdGOqKWdR541OK5ZxwedzLQh/
3NnQiFS8sI2R7sDbtnvMfiy8UxLmIYx84G7UvI+3WjNKWdOEp6vyZ0Sz6XQIdAJI
lkhaPrceiPQpyDF5XHleiDvQoFkZFafjS4p8x057Z/l9fe3RiTn8/OXDs6BKPxHG
76QEubiwexyEe/sQZC3RhEQCOUovl/OqD67bHsqAKGSZUSeryk+Vz3+TCQ8LwZFH
OrAZhWWnjP2BGzgdyOD+vJb54FGfdu7tndrUI72ZG+sCdpLjHRRcnAhbmeFMN5FS
cgGtZSVA6ym6o1DinTtFoJfeFx9HQMhF
</Encrypted>
</CancelInfo>
<ManageInfo/>
<ReservedInfo>
<MReserved1 urlencode="1"/>
<MReserved2 urlencode="1"/>
<MReserved3 urlencode="1"/>
</ReservedInfo>
</INIpay>
wyBR5Whut5jthQ8vZDrHlAhOs539sZVm68DNaeg5yTw6NATFBFitdRB6VQdC6Pts
oG3thC1U8sBu141Wgp/JQlj7fgtiJxOngJeyQCrPceCSFFuGExTuguYVJOm5Vvuw
wp5a64s4Va85txiNM9H29qb6w7SiLnJQBk4PuYenFSg=
]
INFO	[2022-08-25 16:33:25:271] <17313> VERIFY OK
INFO	[2022-08-25 16:33:25:271] <17313> PARSE HEAD OK
INFO	[2022-08-25 16:33:25:271] <17313> PARSE BODY OK
INFO	[2022-08-25 16:33:25:272] <17313> DECRYPT OK
DEBUG	[2022-08-25 16:33:25:272] <17313> DECRYPT MSG:[<?xml version="1.0" encoding="UTF-8"?><CancelInfo>
<CancelDate>20220825</CancelDate>
<CancelTime>163325</CancelTime>
<ResultCode>120000</ResultCode>
<ResultMsg urlencode="1">%C1%A4%BB%F3%C3%B3%B8%AE%B5%C7%BE%FA%BD%C0%B4%CF%B4%D9.</ResultMsg>
</CancelInfo>]
INFO	[2022-08-25 16:33:25:272] <17313> DECRYPT PARSE OK
INFO	[2022-08-25 16:33:25:272] <17313> END cancel 정상처리되었습니다. Laptime:[0.135sec]
INFO	[2022-08-25 16:33:25:272] <17313> ===============================================================
INFO	[2022-08-25 16:36:10:749] <17200> START INIPHP cancel (V5036-141209)(OS:Linux2.6.32-754.11.1.el6.x86_64,PHP:5.3.3)
DEBUG	[2022-08-25 16:36:10:749] <17200> inipayhome:/home1/killdeal/public_html/shop/inicis
DEBUG	[2022-08-25 16:36:10:749] <17200> debug:false
DEBUG	[2022-08-25 16:36:10:749] <17200> type:cancel
DEBUG	[2022-08-25 16:36:10:749] <17200> mid:majorgol03
DEBUG	[2022-08-25 16:36:10:749] <17200> admin:1111
DEBUG	[2022-08-25 16:36:10:749] <17200> tid:INIMX_CARDmajorgol0320220815233405565571
DEBUG	[2022-08-25 16:36:10:749] <17200> cancelmsg:쇼핑몰 운영자 승인 취소
INFO	[2022-08-25 16:36:10:749] <17200> Check Field OK
INFO	[2022-08-25 16:36:10:749] <17200> PI PUB KEY LOAD OK []
INFO	[2022-08-25 16:36:10:749] <17200> PG PUB KEY LOAD OK [30]
INFO	[2022-08-25 16:36:10:749] <17200> MERCHANT PRIV KEY LOAD OK
INFO	[2022-08-25 16:36:10:749] <17200> MERCHANT PUB KEY LOAD OK [0]
DEBUG	[2022-08-25 16:36:10:750] <17200> MAKE ENCRYPT OK[<?xml version="1.0" encoding="UTF-8"?>
<CancelInfo>
	  <CancelTID>INIMX_CARDmajorgol0320220815233405565571</CancelTID>
	  <CancelMsg urlencode="1">%BC%EE%C7%CE%B8%F4+%BF%EE%BF%B5%C0%DA+%BD%C2%C0%CE+%C3%EB%BC%D2</CancelMsg>
	  <CancelReason/></CancelInfo>]
INFO	[2022-08-25 16:36:10:750] <17200> MAKE BODY OK
INFO	[2022-08-25 16:36:10:750] <17200> SIGN OK
INFO	[2022-08-25 16:36:10:750] <17200> MAKE HEAD OK
INFO	[2022-08-25 16:36:10:750] <17200> MSG_TO_PG:[0096200175D SHA1                   0                                      300420majorgol03                    INIMX_CARDmajorgol0320220815233405565571<?xml version="1.0" encoding="UTF-8"?>
<INIpay>
	  <CancelInfo>
	    <SessionKey>tBG1wYSK2yzlzSuR8NmxLPZt6Iaxb41uHTzU/tyGfxIGfK7zO5nahQzKxu/1IVuq
O/iPZmU8fzWEccii5YKmVjFcR7hOpCplKWP/b+CrSeqwgphR5ZwziDldIr8S6gge
5ujU7zmv7JckxcKzFgEusIAPlFboTCCuXkodXhI3VvAJx3AEFuv0dA==
</SessionKey>
	    <Encrypted>HT8Ws9F3FhgERisGziAZ4/ce7Ow8W+yNfZPSU60gtUaXtBQMRV7W3bZtlJKeQAG/
FXj0QZ2aBUJ564S+VKZ53m0B53ACeQXIm+ZbI75BNSgzYJDl8Eq0ciIbp7wxhM9t
n9cMREbZ1QTkSbtcHH5SoD+BhcIXwY+6eCLdKVgMhFuY5T9/7twU/GLJ+FfEXWFH
KlpBx8oCbncnpuu8NkpvRzDONegW82S6XIRtk/AfQOGTLXYoqtucaVQrGLdaqAdp
7l4CICuR5Z1Y6oH9jce9LfzLb3l4P4FmU3X/DdClfkeWuht86ALp7mIzRVjQVb9d
n1QK5/Oa24O4z8dEGrj5GQ==
</Encrypted></CancelInfo>
	  <ReservedInfo>
	    <MReserved1/>
	    <MReserved2/>
	    <MReserved3/></ReservedInfo>
	  <ManageInfo>
	    <Language/>
	    <URL/>
	    <TXVersion>5036B141209canceLinux     PHPchkfake   2.6.32-754.11.1.el6.x86_64PHP:</TXVersion>
	    <TXUserID/>
	    <TXRegNum/></ManageInfo></INIpay>AQouBON5vy40yPSrbdLvnOHlqbu9rvmY9iS/bVoUsqXNqX+iM7gSJ5EqwBjxspQm
JsWGsiSEMV3jIQIfyDkga37XcMThqHYbgvalU5dG3DEkrEDSClEkiaWRIlSNBqcQ
kPLWn6bpskNq4hM1I1bnKi4eZHwlLnEIGpjvTBtvSGZo
]
INFO	[2022-08-25 16:36:10:750] <17200> DNS LOOKUP OK(203.238.37.3:203.238.37.3:34049) laptime:0
INFO	[2022-08-25 16:36:10:752] <17200> SOCKET CONNECT OK
INFO	[2022-08-25 16:36:10:752] <17200> SEND OK
INFO	[2022-08-25 16:36:10:902] <17200> RECV OK
INFO	[2022-08-25 16:36:10:902] <17200> MSG_FROM_PG:[0093300175D SHA1                   0                                      300430majorgol03                    INIMX_CARDmajorgol0320220815233405565571<?xml version="1.0" encoding="UTF-8"?><INIpay>
<CancelInfo>
<ResultCode>120000</ResultCode>
<ResultMsg urlencode="1">%C1%A4%BB%F3%C3%B3%B8%AE%B5%C7%BE%FA%BD%C0%B4%CF%B4%D9.</ResultMsg>
<SessionKey>AEQkLLLQKQN47dF2nLJTFdmG+5Z1wE14hDFHA3/1KgEo2sEzTh7746OhsXuRRVlx
2Q8vixzWmZn2orE4TJfymFcT0djy4HwS0tLH3OPHXI3VGALvuNWouV0LRccRuPMt
t8FqCUbEcsy+ox0Vfs2+MygVfIj5OCdicHnQTg+JQJm1M+vTX1nA8s0=
</SessionKey>
<Encrypted>UFGeHNl/dvt/8J8sIWyjjg6YzuenAIDZ0SqtaUPhJA8/NEf6m+UiapE6JwUD8q0y
sXoQXLjdr0scM1H628IK9eq/gmVwqk2/+cuxjMbAwOToG1G6EomBqVQ0fUOwmVQG
J/hiawnQavP7McZvdbtH/WAmfcq1xDHyf2EP0wzzDjCKyC73kLoJJIXKFq/c9h1K
ZYjnexj1xfwpNkowFjm6j66c0a1noPtYMVUCBhaA+/lI199YatTjn8XQlNp92TzB
ol72JRBBqBtFCa5P9s5dD9Bvg1nQvaPwP9TDiGACQV7hOSfj9xTMUA0HzoVyTucf
ijD7gzOW3N1QNa4NWjDzyf28HF9nXvcQ
</Encrypted>
</CancelInfo>
<ManageInfo/>
<ReservedInfo>
<MReserved1 urlencode="1"/>
<MReserved2 urlencode="1"/>
<MReserved3 urlencode="1"/>
</ReservedInfo>
</INIpay>
YlXz07gspFr2Hoccpp6tN3QmUhgr0i9F9r9TsvF7viKqY+nVHbIfysf2sYoSB5eB
Gb90lEVkYUCg3zSWpAe9k8cSzqqm4JPHjtqi+a8O2ULeFlZL9tuiYCEqsfJd/hVV
/OcSsLIHSy5eGPT6nwVonf74yfXznu7MkOXUt5/LyQY=
]
INFO	[2022-08-25 16:36:10:902] <17200> VERIFY OK
INFO	[2022-08-25 16:36:10:902] <17200> PARSE HEAD OK
INFO	[2022-08-25 16:36:10:903] <17200> PARSE BODY OK
INFO	[2022-08-25 16:36:10:904] <17200> DECRYPT OK
DEBUG	[2022-08-25 16:36:10:904] <17200> DECRYPT MSG:[<?xml version="1.0" encoding="UTF-8"?><CancelInfo>
<CancelDate>20220825</CancelDate>
<CancelTime>163610</CancelTime>
<ResultCode>120000</ResultCode>
<ResultMsg urlencode="1">%C1%A4%BB%F3%C3%B3%B8%AE%B5%C7%BE%FA%BD%C0%B4%CF%B4%D9.</ResultMsg>
</CancelInfo>]
INFO	[2022-08-25 16:36:10:904] <17200> DECRYPT PARSE OK
INFO	[2022-08-25 16:36:10:904] <17200> END cancel 정상처리되었습니다. Laptime:[0.155sec]
INFO	[2022-08-25 16:36:10:904] <17200> ===============================================================
