INFO	[2024-02-04 10:16:03:560] <23736> START INIPHP receipt (V5036-141209)(OS:Linux2.6.32-754.11.1.el6.x86_64,PHP:5.3.3)
DEBUG	[2024-02-04 10:16:03:560] <23736> inipayhome:/home1/killdeal/public_html/shop/inicis
DEBUG	[2024-02-04 10:16:03:560] <23736> debug:false
DEBUG	[2024-02-04 10:16:03:560] <23736> type:receipt
DEBUG	[2024-02-04 10:16:03:560] <23736> pgid:INIphpRECP
DEBUG	[2024-02-04 10:16:03:560] <23736> paymethod:CASH
DEBUG	[2024-02-04 10:16:03:560] <23736> currency:WON
DEBUG	[2024-02-04 10:16:03:560] <23736> admin:1111
DEBUG	[2024-02-04 10:16:03:560] <23736> mid:majorgol03
DEBUG	[2024-02-04 10:16:03:560] <23736> goodname:핫딜6장1세트히메지몬자시그니처이중덧댐올양피골프장갑C26309C36301
DEBUG	[2024-02-04 10:16:03:560] <23736> cr_price:42750
DEBUG	[2024-02-04 10:16:03:560] <23736> sup_price:38864
DEBUG	[2024-02-04 10:16:03:560] <23736> tax:3886
DEBUG	[2024-02-04 10:16:03:560] <23736> srvc_price:0
DEBUG	[2024-02-04 10:16:03:560] <23736> buyername:조남진
DEBUG	[2024-02-04 10:16:03:560] <23736> buyeremail:cnj3417@naver.com
DEBUG	[2024-02-04 10:16:03:560] <23736> buyertel:010-5281-3417
DEBUG	[2024-02-04 10:16:03:560] <23736> reg_num:01052813417
DEBUG	[2024-02-04 10:16:03:560] <23736> useopt:0
DEBUG	[2024-02-04 10:16:03:560] <23736> companynumber:
INFO	[2024-02-04 10:16:03:561] <23736> Check Field OK
INFO	[2024-02-04 10:16:03:561] <23736> Make TID OK INIphpRECPmajorgol0320240204101603616254
INFO	[2024-02-04 10:16:03:561] <23736> PI PUB KEY LOAD OK []
INFO	[2024-02-04 10:16:03:561] <23736> PG PUB KEY LOAD OK [30]
INFO	[2024-02-04 10:16:03:562] <23736> MERCHANT PRIV KEY LOAD OK
INFO	[2024-02-04 10:16:03:562] <23736> MERCHANT PUB KEY LOAD OK [0]
DEBUG	[2024-02-04 10:16:03:562] <23736> MAKE ENCRYPT OK[<?xml version="1.0" encoding="UTF-8"?>
<PaymentInfo>
	  <Payment>
	    <CASH>
	      <CSHR_ApplPrice>42750</CSHR_ApplPrice>
	      <CSHR_SupplyPrice>38864</CSHR_SupplyPrice>
	      <CSHR_Tax>3886</CSHR_Tax>
	      <CSHR_ServicePrice/>
	      <CSHR_Type>0</CSHR_Type>
	      <CSHR_RegNum>01052813417</CSHR_RegNum>
	      <CSHR_CompanyNum/></CASH></Payment></PaymentInfo>]
INFO	[2024-02-04 10:16:03:563] <23736> MAKE BODY OK
INFO	[2024-02-04 10:16:03:563] <23736> SIGN OK
INFO	[2024-02-04 10:16:03:563] <23736> MAKE HEAD OK
INFO	[2024-02-04 10:16:03:563] <23736> MSG_TO_PG:[0200000175D SHA1                   0                                      300200majorgol03               42750INIphpRECPmajorgol0320240204101603616254<?xml version="1.0" encoding="UTF-8"?>
<INIpay>
	  <GoodsInfo>
	    <GoodsCnt>1</GoodsCnt>
	    <MOID/>
	    <Currency>WON</Currency>
	    <Tax>3886</Tax>
	    <TaxFree/>
	    <Goods>
	      <SMID>majorgol03</SMID>
	      <GoodsName urlencode="1">%C7%D6%B5%F46%C0%E51%BC%BC%C6%AE%C8%F7%B8%DE%C1%F6%B8%F3%C0%DA%BD%C3%B1%D7%B4%CF%C3%B3%C0%CC%C1%DF%B5%A1%B4%EF%BF%C3%BE%E7%C7%C7%B0%F1%C7%C1%C0%E5%B0%A9C26309C36301</GoodsName>
	      <GoodsPrice>42750</GoodsPrice></Goods></GoodsInfo>
	  <BuyerInfo>
	    <BuyerName urlencode="1">%C1%B6%B3%B2%C1%F8</BuyerName>
	    <BuyerTel>010-5281-3417</BuyerTel>
	    <BuyerEmail urlencode="1">cnj3417%40naver.com</BuyerEmail>
	    <ParentEmail/>
	    <RecvName/>
	    <RecvTel/>
	    <RecvMsg/>
	    <RecvAddr/>
	    <RecvPostNum/></BuyerInfo>
	  <PaymentInfo>
	    <Payment>
	      <PayMethod>CASH</PayMethod>
	      <JoinCard/>
	      <JoinExpire/>
	      <MailOrder/>
	      <SessionKey>SUS0TEWpGCaBF2cWuA185EkfwAyyMCCsC7FPqFrogGUrIc4ydbsowHt5JGVYWxED
6iS5RsYYFttyeHjAJ4QY9VARPI2TrnQdb6Dq6W5fGdVhW1kfzOnCFI/ufAP+0z3I
GUYI7PnRQqki/Cdvkn0777gIzLnFOxZXhay7raV9VgO1fSscfcmQ+g==
</SessionKey>
	      <Encrypted>hpAbLziKxUpO+IEv4Uhg1oSRUwT3Uy1yuYRpAWdBE5JGV3aclZDupJhbNHrbcWH6
IljjkJrLtEk3RXLN8RKJpkxnwvCxyDAcTjXmBjMkIYKgclQ76/cothm6LiJSMN2y
B4Nslw76niBypzp35q4zvzNyzjnVWVwngR4WvIF7wtVNXApC43iIKni0kOP7q4AF
aQMBcLE6CJd2xNeMZ8U7VYtMjxBc/Ti5A8qZz5VfyVbc4W2eyd/JkaQ2nS7ZFrfP
ILdBFhDavMD0pAlj6Q4UNB/MsoKyw4gj2UxHaFdNEcbBFyFAosBfrzAIm36XKZJb
h54Fvq6nRWFdyga+4AypeqoAOHfevJo0MTqi+J01qIYdLL5/2hHpt/RztxoNxm8O
9vGgy6/6BGIQP6WhjLPsBM9BwPnMX+sja7ssSs9h1lNGPwXAk89CV8fWIrYnpa3L
wUWjVrj+kdnU+ook48qq3QmicI+yYNfGq4XvCUOTiPWHH3EHsJ1urQ==
</Encrypted></Payment></PaymentInfo>
	  <ReservedInfo>
	    <MReserved1/>
	    <MReserved2/>
	    <MReserved3/></ReservedInfo>
	  <ManageInfo>
	    <Language/>
	    <URL/>
	    <TXVersion>5036B141209receiLinux     PHPchkfake   2.6.32-754.11.1.el6.x86_64PHP:</TXVersion>
	    <TXUserID/>
	    <TXRegNum/>
	    <Ack>1</Ack></ManageInfo></INIpay>ANVJkjF18eU4GnQev0B6V6oh8+xJcvugrQiqdEnBYV5Abz+OXURu4qjVCrHehdtH
HhvswE6An6pnu2oDotynZI3JQLONQTzH6xA0QDokarqMIyCboBY61YtESBjSgrHT
qFGE+aSTCtqJ7wxS8X0BQWgusFEivgoStun9s1xnqEoo
]
INFO	[2024-02-04 10:16:03:563] <23736> DNS LOOKUP OK(203.238.37.3:203.238.37.3:34049) laptime:0
INFO	[2024-02-04 10:16:03:565] <23736> SOCKET CONNECT OK
INFO	[2024-02-04 10:16:03:565] <23736> SEND OK
INFO	[2024-02-04 10:16:03:706] <23736> RECV OK
INFO	[2024-02-04 10:16:03:706] <23736> MSG_FROM_PG:[0173400175D SHA1                   0                                      300210majorgol03               42750INIphpRECPmajorgol0320240204101603616254<?xml version="1.0" encoding="UTF-8"?><INIpay>
<GoodsInfo>
<GoodsCnt>1</GoodsCnt>
<MOID urlencode="1"/>
<Currency>WON</Currency>
<Goods no="1">
<SMID>majorgol03</SMID>
<GoodsName urlencode="1">%C7%D6%B5%F46%C0%E51%BC%BC%C6%AE%C8%F7%B8%DE%C1%F6%B8%F3%C0%DA%BD%C3%B1%D7%B4%CF%C3%B3%C0%CC%C1%DF%B5%A1%B4%EF%BF%C3%BE%E7%C7%C7%B0%F1%C7%C1%C0%E5%B0%A9C26309C36301</GoodsName>
<GoodsCntS>1</GoodsCntS>
<GoodsPrice>42750</GoodsPrice>
</Goods>
</GoodsInfo>
<PaymentInfo>
<Payment>
<SessionKey>AOeRotJD+aj0gxXzqLK88XlDk5OG+qYKe5ERwe259r2LSENOIYECbtp1EgQeKYWY
sUEGund64Ilm2/I/UlrsofYRBccKBeRTcPCEMlkwUulrT2k7/WTE9Kq1jrDWrVBs
zzEjc0zR8UJJASiS7I3WLRoO45BqSuNYK5HQGqagYeafQoO9KfhpVW8=
</SessionKey>
<Encrypted>PblMYdMdUDMk7gFr/RIbYyL3OFQAjct/KrANb27Bb5lkDMd/zIDsTxDA7LcYcdzt
MIC0LlKq0bIqFTDBx4nZSz+8IY++wue2YPoTg0e2RUv0bbGhkoqbdjVyCDCC8ic5
XfMIwyf+Gb3SOm9MbA43nIZHpECyAkhURGSIsbpf7PR2/ktp1JDAHLtKjvq1ECxs
0WSG/RSn9JZW+ckESTmx61a3/UWfMOukZnBXxE/NSnwlP8gN1/9W146ebrmayGsk
4FfMQJgR9aiZbZIgLFQ2F/fxs7dz2/W9SN/HINTEu8tD+ey9C3OD+FdIhIUL20BL
botCHZNCLJq9jUOAN29iLkQbxL3jCOnxTgDggSebVCtq7ElJ71TcQ93jbqqTpCWR
/TJ5jw1I9ZZrN8SSRKx/BMYDFheUPDJKnj5LXL0/0jn7x0nbATy6kxVvivD5xhHM
EhOfIXQx34GB2ori3q0g0DIKZVFvfLg1XW3YSEbgFp1TJQ8UgGwBrGrK97fXGt+4
ygo3q3X2ZWAcnQXM8pcFrbj+O/tyT4TWQU3QiQWE9EvcHQ35lBaCETJVL3blF1vh
+HqnQJvxRPI2srbp6Nqk5n+EMPrsxy2ZLvuuq1NdMlTBVXepMgtPTIYQhtbMhpvP
RSAIrI97dCSnRToWmatTjYwoX7V10yqiF7nqOgQfR79r0vFhM4NO/A==
</Encrypted>
<PayMethod>CASH</PayMethod>
<ResultCode>220000</ResultCode>
<ResultMsg urlencode="1">%C1%A4%BB%F3%C3%B3%B8%AE%B5%C7%BE%FA%BD%C0%B4%CF%B4%D9.</ResultMsg>
</Payment>
</PaymentInfo>
<ManageInfo/>
<ReservedInfo>
<MReserved1 urlencode="1"/>
<MReserved2 urlencode="1"/>
<MReserved3 urlencode="1"/>
</ReservedInfo>
</INIpay>
iuXx9Rb2/zOPXkpyaoboF8tyVhUX3kndq3UOOLA89hyZ1CZTOaxS4PGNmWmPxSVl
PhKLETdtdjJRdx0+HYgo/F8IVxxDkqyVYOznnFLP7PmWoGNN16AU3+fvl0pGih10
92GfhKvRuPpZR3j6ZyYloGdaxK0xTj9ABy5CqBir7Lo=
]
INFO	[2024-02-04 10:16:03:706] <23736> VERIFY OK
INFO	[2024-02-04 10:16:03:706] <23736> PARSE HEAD OK
INFO	[2024-02-04 10:16:03:706] <23736> PARSE BODY OK
INFO	[2024-02-04 10:16:03:707] <23736> DECRYPT OK
DEBUG	[2024-02-04 10:16:03:707] <23736> DECRYPT MSG:[<?xml version="1.0" encoding="UTF-8"?><PaymentInfo>
<Payment>
<CASH>
<CSHR_ApplPrice>42750</CSHR_ApplPrice>
<CSHR_SupplyPrice>38864</CSHR_SupplyPrice>
<CSHR_Tax>3886</CSHR_Tax>
<CSHR_ServicePrice/>
<CSHR_Type>0</CSHR_Type>
<CSHR_ApplDate>20240204</CSHR_ApplDate>
<CSHR_ApplTime>101604</CSHR_ApplTime>
<CSHR_ApplNum>265638378</CSHR_ApplNum>
<CSHR_ResultCode>220000</CSHR_ResultCode>
<CSHR_ResultMsg urlencode="1">%C1%A4%BB%F3%C3%B3%B8%AE%B5%C7%BE%FA%BD%C0%B4%CF%B4%D9.</CSHR_ResultMsg>
</CASH>
</Payment>
</PaymentInfo>]
INFO	[2024-02-04 10:16:03:707] <23736> DECRYPT PARSE OK
INFO	[2024-02-04 10:16:03:707] <23736> WAIT ACK INVOKING
DEBUG	[2024-02-04 10:16:03:707] <23736> MAKE HEAD OK
INFO	[2024-02-04 10:16:03:710] <23736> SUCCESS ACK INVOKING
INFO	[2024-02-04 10:16:03:710] <23736> END receipt 정상처리되었습니다. Laptime:[0.15sec]
INFO	[2024-02-04 10:16:03:710] <23736> ===============================================================
