INFO	[2020-09-14 13:44:31:504] <10131> START INIPHP repay (V5036-141209)(OS:Linux2.6.32-754.11.1.el6.x86_64,PHP:5.3.3)
DEBUG	[2020-09-14 13:44:31:504] <10131> inipayhome:/home/killdeal/public_html/shop/inicis
DEBUG	[2020-09-14 13:44:31:504] <10131> debug:false
DEBUG	[2020-09-14 13:44:31:504] <10131> type:repay
DEBUG	[2020-09-14 13:44:31:504] <10131> pgid:INIphpRPAY
DEBUG	[2020-09-14 13:44:31:504] <10131> subpgip:203.238.3.10
DEBUG	[2020-09-14 13:44:31:504] <10131> mid:majorgol03
DEBUG	[2020-09-14 13:44:31:504] <10131> admin:1111
DEBUG	[2020-09-14 13:44:31:504] <10131> oldtid:StdpayCARDmajorgol0320200911213153397208
DEBUG	[2020-09-14 13:44:31:504] <10131> currency:WON
DEBUG	[2020-09-14 13:44:31:504] <10131> price:105800
DEBUG	[2020-09-14 13:44:31:504] <10131> confirm_price:15400
DEBUG	[2020-09-14 13:44:31:504] <10131> buyeremail:i9960124@naver.com
DEBUG	[2020-09-14 13:44:31:504] <10131> tax:4809
DEBUG	[2020-09-14 13:44:31:504] <10131> taxfree:52900
INFO	[2020-09-14 13:44:31:504] <10131> Check Field OK
INFO	[2020-09-14 13:44:31:504] <10131> Make TID OK INIphpRPAYmajorgol0320200914134431046703
INFO	[2020-09-14 13:44:31:505] <10131> PI PUB KEY LOAD OK []
INFO	[2020-09-14 13:44:31:505] <10131> PG PUB KEY LOAD OK [30]
INFO	[2020-09-14 13:44:31:505] <10131> MERCHANT PRIV KEY LOAD OK
INFO	[2020-09-14 13:44:31:505] <10131> MERCHANT PUB KEY LOAD OK [0]
DEBUG	[2020-09-14 13:44:31:505] <10131> MAKE ENCRYPT OK[<?xml version="1.0" encoding="UTF-8"?>
<PartCancelInfo>
	  <PRTC_TID>StdpayCARDmajorgol0320200911213153397208</PRTC_TID>
	  <PRTC_Price>105800</PRTC_Price>
	  <PRTC_Remains>15400</PRTC_Remains>
	  <PRTC_Quota/>
	  <PRTC_Interest/>
	  <PRTC_NoAcctFNBC/>
	  <PRTC_NmAcctFNBC/></PartCancelInfo>]
INFO	[2020-09-14 13:44:31:506] <10131> MAKE BODY OK
INFO	[2020-09-14 13:44:31:506] <10131> SIGN OK
INFO	[2020-09-14 13:44:31:506] <10131> MAKE HEAD OK
INFO	[2020-09-14 13:44:31:506] <10131> MSG_TO_PG:[0113100175D SHA1                   0                                      300620majorgol03              105800INIphpRPAYmajorgol0320200914134431046703<?xml version="1.0" encoding="UTF-8"?>
<INIpay>
	  <PartCancelInfo>
	    <SessionKey>0N1jtNGr+eP569xWNSmzlcmnNb2CW3N7AYu4zTvj1PwgNoaJgnriKJvPO1GOXJEL
VqHJ/NI5DT9IizjrTjMYD8izZZ4YKD7kgZOOG1PmfyYAfQlprXtyos+BSYHrLnB7
v2yBmQo2waf0XZSELWRbyqvbjjtvcXh55h93JT2dPYRqXbhpshEQtQ==
</SessionKey>
	    <Encrypted>VKP0BuScZk9KkLECHyGr8iy9aDfXeCVLTUEIIWSgKvIz9u3Z3c1SJcVtmCdob/pK
xTEuJr2VG7XWm6CNslFeFrvP6rNSEoSe5lcEz1BNyQOjmVEMIFk8ofAFvA/xw8Qj
k2klAnZhXi+QneUGQJ1bu738PkKUQwPk8i/wiHjma7x1eMr+Pi6t8580WnbjdUYF
wYAPTK9pot/dFLrIqFjgVP9p+wpttGkZn6zRd+vVuV534lntzzQmNMVk8lCvHdhB
qA/LLq5KDcLMFx2OLbOqPHr8LlojwfHqA6vGF7zhcxJb7Hb5Xk8uhble7HxTGKCx
Q0GArpkpMekj8llr7SNN0Ohb79b2QfIawT0uUn5Zzy2KjvKTGc0iaP91c2LPLU9Y
M0/7PsxYxsE=
</Encrypted></PartCancelInfo>
	  <GoodsInfo>
	    <Tax>4809</Tax>
	    <TaxFree>52900</TaxFree>
	    <Currency>WON</Currency></GoodsInfo>
	  <ReservedInfo>
	    <MReserved1/>
	    <MReserved2/>
	    <MReserved3/></ReservedInfo>
	  <ManageInfo>
	    <Language/>
	    <URL/>
	    <TXVersion>5036B141209repayLinux     PHPchkfake   2.6.32-754.11.1.el6.x86_64PHP:</TXVersion>
	    <TXUserID/>
	    <TXRegNum/></ManageInfo></INIpay>AFue8qKtTf+Bo3E/g0GjFeBDP1gbKR5lVGXNaUtAdXoZ1yyevikKZgaCCxhZhzl0
5QT62+RhzuSFx+EDBbNzM6nI5lAUb0asgjtyLQMRoa4MtH8pReqZq1ILA1RTOOCH
INh1kl4dhKdPWJIMu856aWaiPCe2eCK2iuewRBsJPHu1
]
INFO	[2020-09-14 13:44:31:506] <10131> DNS LOOKUP OK(203.238.37.3:203.238.37.3:34049) laptime:0
INFO	[2020-09-14 13:44:31:509] <10131> SOCKET CONNECT OK
INFO	[2020-09-14 13:44:31:509] <10131> SEND OK
INFO	[2020-09-14 13:44:31:722] <10131> RECV OK
INFO	[2020-09-14 13:44:31:722] <10131> MSG_FROM_PG:[0150300175D SHA1                   0                                      300630majorgol03              105800INIphpRPAYmajorgol0320200914134431046703<?xml version="1.0" encoding="UTF-8"?>
<INIpay>
  <PartCancelInfo>
    <PayMethod>Card</PayMethod>
    <ResultCode>120000</ResultCode>
    <ResultMsg urlencode="1">%C1%A4%BB%F3%C3%B3%B8%AE%B5%C7%BE%FA%BD%C0%B4%CF%B4%D9.</ResultMsg>
    <SessionKey>ADq2h+ryeBap/KtEa17f01R97fcbE2ZAij0DuKAVEBiiur8w6JDekcbjsaJs2Wtd
j1gqyR+/v7YeZCcrKiVxOCwNus1x8Lo2A5N+RbL95cKHpxdGiccZc2bKdWWbsry+
+RKgplqbx+JAJOo40ej+aEe5oRoLs0S6hJTWOwiR8Pfk0SXv4HzU4YI=
</SessionKey>
    <Encrypted>174ZAJqaMlN4Yahb3rFYkJLLQfI3Fs/nvAVjJ+a+i/Utp/t90mA32ZPTImJC/MKC
34TGDjQEQXOYJQnBWkxHMVPysLqbKH/sSLcSPnoo/DN8+uNwrhrgidu++lVMjvMQ
hy5mubgf37oJMc/B6HyqrOkUsHYKcIR5i+6LuEbhig6jZ8eYbwTSUrxhju8vFyjx
7kc5W/HY65B8u5eKBQF7QRRwK8DqG9+uCXEIkPAKIFvBjyZ50inQNrMOLif590Bj
wNPhVnwiAePZQUDBsOh8c7tK/afoFA1LDqeIVY7umiomLd3y7OpZYuPOGuhvNEpV
YJqC6qIhVtsVOPbIUZASsMupWWHFav48q5uJ6uttzVfo3/6xf3H/StbxQPEISnKS
I46cPG6CMC166RtAkfqtEYRksAQAWbniJCDrCQQm5Kix60eMwBeP3ux2DmPiWhf4
B7CquNbi6iivxQ8w216MfEiFYS0ut/5viyS6uysqEc9da60rJMrrCf5yNJkGl5eT
PKF96kX+XLFpTUe+DvAMhq+sToGfKIyHEZTe08euaujVlBXMZyBh+iaReTFi3T7C
6T+zadp1mW7Mic8a3sO5oOCUFaEFNsC/WKam05Tj+3lwwsVqsByNWEMjBpSZS8jF
e+pC4ipWVi3W/wlwpni4RQ==
</Encrypted>
  </PartCancelInfo>
  <ManageInfo/>
  <ReservedInfo>
    <MReserved1 urlencode="1"></MReserved1>
    <MReserved2 urlencode="1"></MReserved2>
    <MReserved3 urlencode="1"></MReserved3>
    <PGReserved1 urlencode="1"></PGReserved1>
    <PGReserved2 urlencode="1"></PGReserved2>
    <PGReserved3 urlencode="1"></PGReserved3>
  </ReservedInfo>
</INIpay>
Lqx8RiHf4/3PCMJNgG+jJ1p7pNcmtEOhmVdd7cdzWFvKFdXOAebXqMFePN8FR8/u
BjsZic8V+fqlFyuQ7Uhc+3icC/e5fEByVFD4TdA5lJqPzRl3bfj6vpJQUyQIuAvp
eNH3UMGdZfJoBsAAaqsENfKyjSaWTZTMZ0n9aKAwq9g=
]
INFO	[2020-09-14 13:44:31:722] <10131> VERIFY OK
INFO	[2020-09-14 13:44:31:722] <10131> PARSE HEAD OK
INFO	[2020-09-14 13:44:31:723] <10131> PARSE BODY OK
INFO	[2020-09-14 13:44:31:723] <10131> DECRYPT OK
DEBUG	[2020-09-14 13:44:31:723] <10131> DECRYPT MSG:[<?xml version="1.0" encoding="UTF-8"?>
<PartCancelInfo>
  <PRTC_TID>StdpayCARDmajorgol0320200911213153397208</PRTC_TID>
  <PRTC_Price>105800</PRTC_Price>
  <PRTC_Remains>15400</PRTC_Remains>
  <PRTC_Quota>00</PRTC_Quota>
  <PRTC_Type>1</PRTC_Type>
  <CancelDate>20200914</CancelDate>
  <CancelTime>134432</CancelTime>
  <CARD_ApplNum></CARD_ApplNum>
  <ExchangeRate></ExchangeRate>
  <MOID urlencode="1"></MOID>
  <PRTC_Cnt>1</PRTC_Cnt>
  <PRTC_SubRemains></PRTC_SubRemains>
</PartCancelInfo>]
INFO	[2020-09-14 13:44:31:724] <10131> DECRYPT PARSE OK
INFO	[2020-09-14 13:44:31:724] <10131> END repay 정상처리되었습니다. Laptime:[0.219sec]
INFO	[2020-09-14 13:44:31:724] <10131> ===============================================================
