INFO	[2021-01-29 23:19:48:146] <7177> START INIPHP cancel (V5036-141209)(OS:Linux2.6.32-754.11.1.el6.x86_64,PHP:5.3.3)
DEBUG	[2021-01-29 23:19:48:146] <7177> inipayhome:/home1/killdeal/public_html/shop/inicis
DEBUG	[2021-01-29 23:19:48:146] <7177> debug:false
DEBUG	[2021-01-29 23:19:48:146] <7177> type:cancel
DEBUG	[2021-01-29 23:19:48:146] <7177> mid:majorgol03
DEBUG	[2021-01-29 23:19:48:146] <7177> admin:1111
DEBUG	[2021-01-29 23:19:48:146] <7177> tid:INIMX_CARDmajorgol0320210129231824565771
DEBUG	[2021-01-29 23:19:48:146] <7177> cancelmsg:주문자 본인 취소-구매의사 없음
INFO	[2021-01-29 23:19:48:146] <7177> Check Field OK
INFO	[2021-01-29 23:19:48:146] <7177> PI PUB KEY LOAD OK []
INFO	[2021-01-29 23:19:48:147] <7177> PG PUB KEY LOAD OK [30]
INFO	[2021-01-29 23:19:48:147] <7177> MERCHANT PRIV KEY LOAD OK
INFO	[2021-01-29 23:19:48:148] <7177> MERCHANT PUB KEY LOAD OK [0]
DEBUG	[2021-01-29 23:19:48:148] <7177> MAKE ENCRYPT OK[<?xml version="1.0" encoding="UTF-8"?>
<CancelInfo>
	  <CancelTID>INIMX_CARDmajorgol0320210129231824565771</CancelTID>
	  <CancelMsg urlencode="1">%C1%D6%B9%AE%C0%DA+%BA%BB%C0%CE+%C3%EB%BC%D2-%B1%B8%B8%C5%C0%C7%BB%E7+%BE%F8%C0%BD</CancelMsg>
	  <CancelReason/></CancelInfo>]
INFO	[2021-01-29 23:19:48:148] <7177> MAKE BODY OK
INFO	[2021-01-29 23:19:48:149] <7177> SIGN OK
INFO	[2021-01-29 23:19:48:149] <7177> MAKE HEAD OK
INFO	[2021-01-29 23:19:48:149] <7177> MSG_TO_PG:[0099400175D SHA1                   0                                      300420majorgol03                    INIMX_CARDmajorgol0320210129231824565771<?xml version="1.0" encoding="UTF-8"?>
<INIpay>
	  <CancelInfo>
	    <SessionKey>GUHxFN2sZl90pqPHrL17dpTSY7jXI5hKF9ph3nYUGOiZs49awBtDQnKNqKhBGLxc
/7gvSDyG7pyuV5uPvw90Dn2m5SshQCwtb7zmU1ZkOJNtU+Kqa5hgGi5TcqnKgEvi
bRsvDXebLX06LlaoT313nIlOhNhqIs9nhvxVX+iGhzO5NZBrkc4LPQ==
</SessionKey>
	    <Encrypted>HRAw8r+dpo2bUWX4HexARaFhPkl0QgAlEUotcH1Zaf++6wW/5366U8geXCII3YcE
Wo7iORkYLBTJKym5W87JxHvH/J3hV0GIAMFSElaQLg/QWfO7ITd3iD0GWz32FrGs
QWj9vwXm469OI68sui8T0Kn8WaShEd7+N61wV2eq45FEVOjzm+GPlDtQg6CKnmOU
YJrPLyPQJcJ5J9j2N3ItSczvk4Gh1Sug605KF5Ax4hiWJA6qVv6G8JGL9+KMe0Ur
zTMWhZvPNPHQ7cheKnyjfV1U8m5m4L30+zRDPnSuWyTKK9KVX2GpcqYG8oD9hwEm
RTQQXuEFHg9IUWIItAj43YoDISrs1ZzBO02q/Rs5Psi/avnLIhZjjw==
</Encrypted></CancelInfo>
	  <ReservedInfo>
	    <MReserved1/>
	    <MReserved2/>
	    <MReserved3/></ReservedInfo>
	  <ManageInfo>
	    <Language/>
	    <URL/>
	    <TXVersion>5036B141209canceLinux     PHPchkfake   2.6.32-754.11.1.el6.x86_64PHP:</TXVersion>
	    <TXUserID/>
	    <TXRegNum/></ManageInfo></INIpay>AD5o8u1nRMOvp+G6s3wkb7tQFiNu6H1DHIYwkpDqZpcdb9P/iK/TNJDAlc1pG4d0
eyjw1EZoxp8kM8v+pj1HZqflK+UGAbjI2+bc92pnYXW19vhWpi41HLZDrsWFhSpx
UsATozZ27iPYx33kVbmya0XyeUQ0LKigG3YMEAyhc6bu
]
INFO	[2021-01-29 23:19:48:149] <7177> DNS LOOKUP OK(203.238.37.3:203.238.37.3:34049) laptime:0
INFO	[2021-01-29 23:19:48:151] <7177> SOCKET CONNECT OK
INFO	[2021-01-29 23:19:48:151] <7177> SEND OK
INFO	[2021-01-29 23:19:48:781] <7177> RECV OK
INFO	[2021-01-29 23:19:48:781] <7177> MSG_FROM_PG:[0093300175D SHA1                   0                                      300430majorgol03                    INIMX_CARDmajorgol0320210129231824565771<?xml version="1.0" encoding="UTF-8"?><INIpay>
<CancelInfo>
<ResultCode>120000</ResultCode>
<ResultMsg urlencode="1">%C1%A4%BB%F3%C3%B3%B8%AE%B5%C7%BE%FA%BD%C0%B4%CF%B4%D9.</ResultMsg>
<SessionKey>AJDLlTFRKB0wyY3s3tOkK+KJAUi7E6Auz+e7S2pPpTemwu2cnhdh6L6UM13aty9y
GzuvluufgWXoDy6vUbmFSy06Vk0Pz4d7usdJHZLOmUuuBBSCZoFySW+IFp75uA62
i8/9xHkQOzban4v1BSVjKUXBBlqFi76EQqpcBTmJOmhFXWIcr4O59PQ=
</SessionKey>
<Encrypted>nluo2VAgZnkyg0OqkAdYV4NEKLL5TAugstTENwU+nMASnxls6BwtskPJQ2mMOi+U
05PowKK0dc5MjY1GQEj4rgyh8sA6AURyhlgdr+lbzAg0U/YFUjRGVt8w3DLtFjBH
04kGa3fvQqnDoFfEJE3jIFKQoUl+g0AH906uJ0/2lIXpm8F3+OwAUY5qy6+3auxE
E6cmnaO9KYgWKcNjUdmT53E97AzHRnaYPcYZz1RFi5tHs0CAc/zaZfD3Cpv2J8EJ
azeXcZNc8XvGYH/NZ8fOjopevnBZIptgqEc268ACzoGz+YBW1HPpm6hCi58nge0t
fIkR2WLEE5o+Ho70/0O0YaCNsEdVINgH
</Encrypted>
</CancelInfo>
<ManageInfo/>
<ReservedInfo>
<MReserved1 urlencode="1"/>
<MReserved2 urlencode="1"/>
<MReserved3 urlencode="1"/>
</ReservedInfo>
</INIpay>
YFPpPQql/pgW3DV+Jh7MSRukpwNIZ/yojyisyWpaMWV3933eEYyyTNMYkdlX0h1s
yNNu9ikvslKgXGFpZi5Avjsa3Bvuf1J7hW8pHtUVIn7XDf1nOcP7X2wlAwdedn9o
cNgos5nxxIQ7/kCOPkXHpXu8myELpsKvqSiHS83w/vE=
]
INFO	[2021-01-29 23:19:48:781] <7177> VERIFY OK
INFO	[2021-01-29 23:19:48:781] <7177> PARSE HEAD OK
INFO	[2021-01-29 23:19:48:781] <7177> PARSE BODY OK
INFO	[2021-01-29 23:19:48:782] <7177> DECRYPT OK
DEBUG	[2021-01-29 23:19:48:782] <7177> DECRYPT MSG:[<?xml version="1.0" encoding="UTF-8"?><CancelInfo>
<CancelDate>20210129</CancelDate>
<CancelTime>231949</CancelTime>
<ResultCode>120000</ResultCode>
<ResultMsg urlencode="1">%C1%A4%BB%F3%C3%B3%B8%AE%B5%C7%BE%FA%BD%C0%B4%CF%B4%D9.</ResultMsg>
</CancelInfo>]
INFO	[2021-01-29 23:19:48:782] <7177> DECRYPT PARSE OK
INFO	[2021-01-29 23:19:48:782] <7177> END cancel 정상처리되었습니다. Laptime:[0.636sec]
INFO	[2021-01-29 23:19:48:782] <7177> ===============================================================
INFO	[2021-01-29 23:20:19:219] <7166> START INIPHP cancel (V5036-141209)(OS:Linux2.6.32-754.11.1.el6.x86_64,PHP:5.3.3)
DEBUG	[2021-01-29 23:20:19:219] <7166> inipayhome:/home1/killdeal/public_html/shop/inicis
DEBUG	[2021-01-29 23:20:19:219] <7166> debug:false
DEBUG	[2021-01-29 23:20:19:219] <7166> type:cancel
DEBUG	[2021-01-29 23:20:19:219] <7166> mid:majorgol03
DEBUG	[2021-01-29 23:20:19:219] <7166> admin:1111
DEBUG	[2021-01-29 23:20:19:219] <7166> tid:INIMX_VBNKmajorgol0320210129231227585060
DEBUG	[2021-01-29 23:20:19:219] <7166> cancelmsg:주문자 본인 취소-구매의사 없음
INFO	[2021-01-29 23:20:19:219] <7166> Check Field OK
INFO	[2021-01-29 23:20:19:219] <7166> PI PUB KEY LOAD OK []
INFO	[2021-01-29 23:20:19:219] <7166> PG PUB KEY LOAD OK [30]
INFO	[2021-01-29 23:20:19:219] <7166> MERCHANT PRIV KEY LOAD OK
INFO	[2021-01-29 23:20:19:219] <7166> MERCHANT PUB KEY LOAD OK [0]
DEBUG	[2021-01-29 23:20:19:220] <7166> MAKE ENCRYPT OK[<?xml version="1.0" encoding="UTF-8"?>
<CancelInfo>
	  <CancelTID>INIMX_VBNKmajorgol0320210129231227585060</CancelTID>
	  <CancelMsg urlencode="1">%C1%D6%B9%AE%C0%DA+%BA%BB%C0%CE+%C3%EB%BC%D2-%B1%B8%B8%C5%C0%C7%BB%E7+%BE%F8%C0%BD</CancelMsg>
	  <CancelReason/></CancelInfo>]
INFO	[2021-01-29 23:20:19:220] <7166> MAKE BODY OK
INFO	[2021-01-29 23:20:19:220] <7166> SIGN OK
INFO	[2021-01-29 23:20:19:220] <7166> MAKE HEAD OK
INFO	[2021-01-29 23:20:19:220] <7166> MSG_TO_PG:[0099400175D SHA1                   0                                      300420majorgol03                    INIMX_VBNKmajorgol0320210129231227585060<?xml version="1.0" encoding="UTF-8"?>
<INIpay>
	  <CancelInfo>
	    <SessionKey>HGgd72hf9VGWkfeW2g2C3zfnG8tJidGbMzUUH2W27mFZ15NSKqS3dxiRf214dEPk
2csev/vkGQzrp62uJ7rXL/GudLRvtlaGXFIXnISdJkX28/0A1XyrebYFWr4ideZx
ZLMs+3vF4guiAtHuVBxqU2pOP7x44w6+TO/dXOEqfnptupjeV5G2rA==
</SessionKey>
	    <Encrypted>pqBBdzOtitimDLXZEa71J4c1hGMHyoCHrvP1l49fBTHMYbvZeank3qK2R0vLXG6H
z6e/prPOvQIImjdiccADOSMl8cu0dtkATG0F/VGMDkEk+b8gm3j/eNZMDXNhG/Ug
XGg9PghzvbawQQTa2RjVIehrGrtzX7hd1pWZ9CZMYSrLUSjj86+H/KKmU/N+9Kbp
WnnltApWMQlk9xAVNbaX9NElls+WQwlihRepapsM2eHiQfIaaxEm058ls8/aXNNu
sltG0K2mmFrE0RoWjYZVMwafa4EJ9Xekf3yxgcAiwjbDYwohiqUKOVO2WMduekrz
d7tdpNA81fiBisHfQi9MW4btYntt9K0HVkdx5M7VSe83JeUZ3WIj2g==
</Encrypted></CancelInfo>
	  <ReservedInfo>
	    <MReserved1/>
	    <MReserved2/>
	    <MReserved3/></ReservedInfo>
	  <ManageInfo>
	    <Language/>
	    <URL/>
	    <TXVersion>5036B141209canceLinux     PHPchkfake   2.6.32-754.11.1.el6.x86_64PHP:</TXVersion>
	    <TXUserID/>
	    <TXRegNum/></ManageInfo></INIpay>AJe4zIxXoWpKP+9BYAg7rIk4mAWrJmwpFQJVcd/af/J41wjgIBzagwxz+zw80yE1
4XJYBgRJXihVYKCn0unsxaHfR3ys7JJDBTnejbMXw4H5VOHMUBBn/G9dlbfCIdUf
aBHFzROTeAlsvizis+jtKYKELUc2ds3SX1V/ASB27LPo
]
INFO	[2021-01-29 23:20:19:221] <7166> DNS LOOKUP OK(203.238.37.3:203.238.37.3:34049) laptime:0
INFO	[2021-01-29 23:20:19:223] <7166> SOCKET CONNECT OK
INFO	[2021-01-29 23:20:19:223] <7166> SEND OK
INFO	[2021-01-29 23:20:19:353] <7166> RECV OK
INFO	[2021-01-29 23:20:19:353] <7166> MSG_FROM_PG:[0123800175D SHA1                   0                                      300430majorgol03                    INIMX_VBNKmajorgol0320210129231227585060<?xml version="1.0" encoding="UTF-8"?><INIpay>
<CancelInfo>
<ResultCode>170000</ResultCode>
<ResultMsg urlencode="1">%C1%A4%BB%F3%C3%B3%B8%AE%B5%C7%BE%FA%BD%C0%B4%CF%B4%D9.</ResultMsg>
<SessionKey>AIF5/YrST3Nv/I4Q1w5/FZ6A5AX6IgWaLcNqG88fQtz2aVC6pxNyEsN0jOcCGNHH
CyqHFLxIL5lLTO5BF9uVKxJvt6q7tQRvHfMLHYIBBO2u3P+0+chEPpu99NNyz5M1
9tsVMEGAf98Q/QO98U12SxItiZwzGib+3TWJnNOCKqHBrIlwJT91c/c=
</SessionKey>
<Encrypted>PoW0pSQL/inLyJziHvRtaSZa3r5Z3uT11hzUILBhKIgD4OuQPJURVCRHlAL6ZWz5
gqAUGJNyEpMrt/AnFsuU6/Rg6zsjfZgovYUkBZ3OCcTJLhDvYJngRQ9f2xeeLOf4
hL9H+gtH2oyOeg5bvHSsNbR2KPKCHGK8EGNG+VfPLQ+hO4mJ2QjQRhgpqd0R7xtb
zLX3hR0mJtU1M2wxjfAaEvAUHAwMmwQQxwqXkci9LeA9P9U6G8QGQibv/kIIcJSQ
XJbxlcaXEG2jlqIvQqRamokM8Gf1LlGALFco8BbNs18Xn6hUktNXJ0OEBt8bkLWY
5DhbSIm81AledDJkAbJK6y73akiooz3RxNzEFxQQygUd2SoPv53zBdR/iUIc6Vo8
DSG7B3tl953+uwfF1QDzaN0WseBC3l2AvqseLZKTnoHXrUeOKumtCu0zP1XGyB7J
sOpEuzknN3MfSek9jaAiSb/5/jftrm8vD3JKdaycPPl8bHWMdTa82HwqxzZ41w9C
YMuCYhh07sDEefm3q4Fytk65Obw3ZO80VULSD5kkSaOvdCrZBs7/mwcdybrB9J6v
v3GI2ZvChglZqa4DqHVgRiq6JVv3ToptIRQVLbc5Evm3GBM0sUvr8lC+tAjeqIJI
t141w1Uexng=
</Encrypted>
</CancelInfo>
<ManageInfo/>
<ReservedInfo>
<MReserved1 urlencode="1"/>
<MReserved2 urlencode="1"/>
<MReserved3 urlencode="1"/>
</ReservedInfo>
</INIpay>
TaLwHewhoulCCZuruJYOn9yYWbpNhaUEMZqF8Q+T46iwqxru7El5ugwD0GQZOYfH
i4eqSC0Epk4lCOqQanvJ8qXCe9Vy/2UdZGTpDfnDuLjtcNkHXNf3UIQvetbIUxEG
QzQwOheNw5LBFEqx3VOHvLZLbjee3YoEs0UyGYLHd/c=
]
INFO	[2021-01-29 23:20:19:353] <7166> VERIFY OK
INFO	[2021-01-29 23:20:19:353] <7166> PARSE HEAD OK
INFO	[2021-01-29 23:20:19:354] <7166> PARSE BODY OK
INFO	[2021-01-29 23:20:19:354] <7166> DECRYPT OK
DEBUG	[2021-01-29 23:20:19:354] <7166> DECRYPT MSG:[<?xml version="1.0" encoding="UTF-8"?><CancelInfo>
<CancelDate>20210129</CancelDate>
<CancelTime>232020</CancelTime>
<ResultCode>170000</ResultCode>
<ResultMsg urlencode="1">%C1%A4%BB%F3%C3%B3%B8%AE%B5%C7%BE%FA%BD%C0%B4%CF%B4%D9.</ResultMsg>
<CSHR_CancelDate>20210129</CSHR_CancelDate>
<CSHR_CancelTime>232020</CSHR_CancelTime>
<CSHR_ResultCode>220000</CSHR_ResultCode>
<CSHR_ResultMsg urlencode="1">%C1%A4%BB%F3%C3%B3%B8%AE%B5%C7%BE%FA%BD%C0%B4%CF%B4%D9.</CSHR_ResultMsg>
</CancelInfo>]
INFO	[2021-01-29 23:20:19:355] <7166> DECRYPT PARSE OK
INFO	[2021-01-29 23:20:19:355] <7166> END cancel 정상처리되었습니다. Laptime:[0.136sec]
INFO	[2021-01-29 23:20:19:355] <7166> ===============================================================
