INFO	[2019-12-04 13:20:18:581] <21092> START INIPHP cancel (V5036-141209)(OS:Linux2.6.32-754.11.1.el6.x86_64,PHP:5.3.3)
DEBUG	[2019-12-04 13:20:18:581] <21092> inipayhome:/home/killdeal/public_html/shop/inicis
DEBUG	[2019-12-04 13:20:18:581] <21092> debug:false
DEBUG	[2019-12-04 13:20:18:581] <21092> type:cancel
DEBUG	[2019-12-04 13:20:18:581] <21092> mid:majorgol03
DEBUG	[2019-12-04 13:20:18:581] <21092> admin:1111
DEBUG	[2019-12-04 13:20:18:581] <21092> tid:StdpayCARDmajorgol0320191202174703383374
DEBUG	[2019-12-04 13:20:18:581] <21092> cancelmsg:쇼핑몰 운영자 승인 취소
INFO	[2019-12-04 13:20:18:581] <21092> Check Field OK
INFO	[2019-12-04 13:20:18:581] <21092> PI PUB KEY LOAD OK []
INFO	[2019-12-04 13:20:18:585] <21092> PG PUB KEY LOAD OK [30]
INFO	[2019-12-04 13:20:18:586] <21092> MERCHANT PRIV KEY LOAD OK
INFO	[2019-12-04 13:20:18:586] <21092> MERCHANT PUB KEY LOAD OK [0]
DEBUG	[2019-12-04 13:20:18:587] <21092> MAKE ENCRYPT OK[<?xml version="1.0" encoding="UTF-8"?>
<CancelInfo>
	  <CancelTID>StdpayCARDmajorgol0320191202174703383374</CancelTID>
	  <CancelMsg urlencode="1">%BC%EE%C7%CE%B8%F4+%BF%EE%BF%B5%C0%DA+%BD%C2%C0%CE+%C3%EB%BC%D2</CancelMsg>
	  <CancelReason/></CancelInfo>]
INFO	[2019-12-04 13:20:18:587] <21092> MAKE BODY OK
INFO	[2019-12-04 13:20:18:587] <21092> SIGN OK
INFO	[2019-12-04 13:20:18:587] <21092> MAKE HEAD OK
INFO	[2019-12-04 13:20:18:587] <21092> MSG_TO_PG:[0096200175D SHA1                   0                                      300420majorgol03                    StdpayCARDmajorgol0320191202174703383374<?xml version="1.0" encoding="UTF-8"?>
<INIpay>
	  <CancelInfo>
	    <SessionKey>cJ7fyimux3auov5JeIuHnAgjuuzWMLRnI1COPkxV0fPiSAo+IFBpxTUyqKD7xQgl
4VAXCAD9r8Ys2bpTyvrLwqZD4iZeTwFTBZXDplTIWmpOtVIEECNc0806ZJPofHGt
rp/Cr1BLaMU+MVJ/QogQ3+jexak0S5o6rnYFVItqUJpxr62ln4wU2g==
</SessionKey>
	    <Encrypted>mNcUN1vidkeDdg9/aU0fvHhOdQInedL72oIiGxCDXXaOwYUEbCWvqtlh0bI2+97V
p/ovxzBFRnR8CS3UQMtLAL/aohcYc2PKKeserqfM/9+NEpdr9ntqxTj9M+FP7xVK
TyuJ8ZlWlFEOZRIhNBlkIPNx6Mwx/vnhmnqvwZSzCW0Ce/jddqR9Lx2MB2LMZu5A
1xVLKAyX/xLeDnoY8I/x9xBt5k8GKo1fUstBuab2VSpuWIB/jKcVeMTRJlcrZpwn
K5+Jevyq9ZKqCP6BueI3Sj1KKUa5ItffIIaua/AvWoesmgk4XWFPCLRW3ikMyhTT
iihws1nPRIwpf1Efq89Y+g==
</Encrypted></CancelInfo>
	  <ReservedInfo>
	    <MReserved1/>
	    <MReserved2/>
	    <MReserved3/></ReservedInfo>
	  <ManageInfo>
	    <Language/>
	    <URL/>
	    <TXVersion>5036B141209canceLinux     PHPchkfake   2.6.32-754.11.1.el6.x86_64PHP:</TXVersion>
	    <TXUserID/>
	    <TXRegNum/></ManageInfo></INIpay>AKQgyMd7PzD00BsiNexDCMcvgS7eVDJ6HhdbBMWouK4zIHg36H+SId6vv+oEMcCm
M4f15ZU7nqtlQp4fBzCyNK6luCw5HBGRlFj+AKXu9trB9LlqnQ5p/Z5s3MOIbWJ3
iApTG8M9Gi3LUhZe9w/6Hi5FXXp+KvSnwTuQQG1y2JjS
]
INFO	[2019-12-04 13:20:18:588] <21092> DNS LOOKUP OK(203.238.37.3:203.238.37.3:34049) laptime:0
INFO	[2019-12-04 13:20:18:590] <21092> SOCKET CONNECT OK
INFO	[2019-12-04 13:20:18:590] <21092> SEND OK
INFO	[2019-12-04 13:20:19:107] <21092> RECV OK
INFO	[2019-12-04 13:20:19:107] <21092> MSG_FROM_PG:[0115800175D SHA1                   0                                      300430majorgol03                    StdpayCARDmajorgol0320191202174703383374<?xml version="1.0" encoding="UTF-8"?>
<INIpay>
  <CancelInfo>
    <ResultCode>120000</ResultCode>
    <ResultMsg urlencode="1">%C1%A4%BB%F3%C3%B3%B8%AE%B5%C7%BE%FA%BD%C0%B4%CF%B4%D9.</ResultMsg>
    <SessionKey>APkf++r5xqeawCmsLWEicFkv7gOX95Sdu8yiFvH6queJZnQnJskiUuMzVJ/mKW1X
wRSZ8WtwYywYl646JkLrknitqHzjT/PS2xuV5SC5hgc1Y7ZuMsMjVSIMAdtrc1mH
fd4LqavPRkEa03naAf+iXfoAC3ulJgiXtQfE9il6Ssd/Z+dHgx6aA5c=
</SessionKey>
    <Encrypted>m7eVDYFo+yjwffLmWIg169Yw163xZHqDN/150rD5mbzP4VKVWG8FCM93aFfresew
iJNJoP9ECWle7oiy2cNbnPRtdMdbjOmgygexh9JmdpgUmgFmqfxuLuWamWODjnE0
cPAfuTlW2jjpzXOaHUzrgS7p4KRicLfJdy12ILbVSw3MQknq/2CWB8YxiOJ68X0f
61KBSDInm5eZTb4N11TzK00oyKg7HF/jozDAL6okjmBjIdXoGChm5RYUTHUuEESA
48265j7tq72dIlieYDwLYHdz/0oI9ikgWr77lCEo5kKEPKCiPaoozJE4OxlXYDv4
EeC69aV2MshQxDbrK4nkrCMUYwa6UW1dANVTrpNfpfc=
</Encrypted>
  </CancelInfo>
  <ManageInfo/>
  <ReservedInfo>
    <MReserved1 urlencode="1"></MReserved1>
    <MReserved2 urlencode="1"></MReserved2>
    <MReserved3 urlencode="1"></MReserved3>
    <PGReserved1 urlencode="1"></PGReserved1>
    <PGReserved2 urlencode="1"></PGReserved2>
    <PGReserved3 urlencode="1"></PGReserved3>
  </ReservedInfo>
</INIpay>
pyOioePtMAYwx1TsiQbl5qUHXQeSQoq+itoAfsBEcldsU47ZCXeb1k/VDZjoQOtr
5GplcVgdPOQ59/Esr7DKwc4FhKa/mqc5wzlrIadCLYu9PZQa67mFhsfhUBcXRrWg
in8XYZ7pzJlvtEBtOiKLE7Dvo+PT25JyxTRMm8qT8Yc=
]
INFO	[2019-12-04 13:20:19:107] <21092> VERIFY OK
INFO	[2019-12-04 13:20:19:107] <21092> PARSE HEAD OK
INFO	[2019-12-04 13:20:19:113] <21092> PARSE BODY OK
INFO	[2019-12-04 13:20:19:113] <21092> DECRYPT OK
DEBUG	[2019-12-04 13:20:19:113] <21092> DECRYPT MSG:[<?xml version="1.0" encoding="UTF-8"?>
<CancelInfo>
  <CancelDate>20191204</CancelDate>
  <CancelTime>132019</CancelTime>
  <ResultCode>120000</ResultCode>
  <ResultMsg urlencode="1">%C1%A4%BB%F3%C3%B3%B8%AE%B5%C7%BE%FA%BD%C0%B4%CF%B4%D9.</ResultMsg>
</CancelInfo>]
INFO	[2019-12-04 13:20:19:113] <21092> DECRYPT PARSE OK
INFO	[2019-12-04 13:20:19:113] <21092> END cancel 정상처리되었습니다. Laptime:[0.532sec]
INFO	[2019-12-04 13:20:19:114] <21092> ===============================================================
