INFO	[2021-03-15 13:07:56:93] <31430> START INIPHP repay (V5036-141209)(OS:Linux2.6.32-754.11.1.el6.x86_64,PHP:5.3.3)
DEBUG	[2021-03-15 13:07:56:93] <31430> inipayhome:/home1/killdeal/public_html/shop/inicis
DEBUG	[2021-03-15 13:07:56:93] <31430> debug:false
DEBUG	[2021-03-15 13:07:56:93] <31430> type:repay
DEBUG	[2021-03-15 13:07:56:93] <31430> pgid:INIphpRPAY
DEBUG	[2021-03-15 13:07:56:93] <31430> subpgip:203.238.3.10
DEBUG	[2021-03-15 13:07:56:93] <31430> mid:majorgol03
DEBUG	[2021-03-15 13:07:56:93] <31430> admin:1111
DEBUG	[2021-03-15 13:07:56:93] <31430> oldtid:StdpayISP_majorgol0320210308134429600166
DEBUG	[2021-03-15 13:07:56:93] <31430> currency:WON
DEBUG	[2021-03-15 13:07:56:93] <31430> price:33000
DEBUG	[2021-03-15 13:07:56:93] <31430> confirm_price:30500
DEBUG	[2021-03-15 13:07:56:93] <31430> buyeremail:kangsansr@naver.com
DEBUG	[2021-03-15 13:07:56:93] <31430> tax:3000
DEBUG	[2021-03-15 13:07:56:93] <31430> taxfree:0
INFO	[2021-03-15 13:07:56:93] <31430> Check Field OK
INFO	[2021-03-15 13:07:56:93] <31430> Make TID OK INIphpRPAYmajorgol0320210315130756937568
INFO	[2021-03-15 13:07:56:93] <31430> PI PUB KEY LOAD OK []
INFO	[2021-03-15 13:07:56:93] <31430> PG PUB KEY LOAD OK [30]
INFO	[2021-03-15 13:07:56:93] <31430> MERCHANT PRIV KEY LOAD OK
INFO	[2021-03-15 13:07:56:93] <31430> MERCHANT PUB KEY LOAD OK [0]
DEBUG	[2021-03-15 13:07:56:94] <31430> MAKE ENCRYPT OK[<?xml version="1.0" encoding="UTF-8"?>
<PartCancelInfo>
	  <PRTC_TID>StdpayISP_majorgol0320210308134429600166</PRTC_TID>
	  <PRTC_Price>33000</PRTC_Price>
	  <PRTC_Remains>30500</PRTC_Remains>
	  <PRTC_Quota/>
	  <PRTC_Interest/>
	  <PRTC_NoAcctFNBC/>
	  <PRTC_NmAcctFNBC/></PartCancelInfo>]
INFO	[2021-03-15 13:07:56:94] <31430> MAKE BODY OK
INFO	[2021-03-15 13:07:56:95] <31430> SIGN OK
INFO	[2021-03-15 13:07:56:95] <31430> MAKE HEAD OK
INFO	[2021-03-15 13:07:56:95] <31430> MSG_TO_PG:[0111700175D SHA1                   0                                      300620majorgol03               33000INIphpRPAYmajorgol0320210315130756937568<?xml version="1.0" encoding="UTF-8"?>
<INIpay>
	  <PartCancelInfo>
	    <SessionKey>f07k9RS5TMaoFXzGfpmUiKS6MzqsbjS05eoTEIyFSxRNsVcqYpAZoVWAhczKdtm3
R3J+uFJWv1Pm21Wy6C7RHurE943gaWSSJeIKXBjy/oS1ZTYQq2ToBEz/TGK8oaPg
iND70N7wDgvlIN4FH1CGA+nCG5VPNJO8dJdKV/yQYZYqGtQqmGw+vg==
</SessionKey>
	    <Encrypted>YS+qmQ/W7KODDAsOfSLE7pTPzyqc6hUfYvyRpq5Ur4ycyxKqoLeV/zhD6Y47WYX6
aOYRrU7/369c6IC7y5IhmHjB9iz8lA/EZdnwDi86QKv8V4K0AS82/1hHz2v0n2Jb
Z+u58dxrLlJoI9SpHeptMrYeW5fg6sm3TC1+C4+D494xMYDhkmEH2Vw+1vJloc6h
Qg4/MM/AhImWCj0ZILB+GQ6unCXFzPRW4hl0NgovxPnwpyYBvTaVjrXimvUbTN+c
pSoOdYoI5edLwtW95eXdDfYIKjpNpbhs6k9Ap2QMlY+YuwDU2uEXR1A3b5aRn4q+
tJeI+UN+mRo5N2njxN1jSIFknqJhd29PQDCdgRYTfltZL+thcmRiPjhANGxcOCZ+
AzdriMzce80=
</Encrypted></PartCancelInfo>
	  <GoodsInfo>
	    <Tax>3000</Tax>
	    <TaxFree/>
	    <Currency>WON</Currency></GoodsInfo>
	  <ReservedInfo>
	    <MReserved1/>
	    <MReserved2/>
	    <MReserved3/></ReservedInfo>
	  <ManageInfo>
	    <Language/>
	    <URL/>
	    <TXVersion>5036B141209repayLinux     PHPchkfake   2.6.32-754.11.1.el6.x86_64PHP:</TXVersion>
	    <TXUserID/>
	    <TXRegNum/></ManageInfo></INIpay>ANq4VF5NPNjtLNQ+1vfovMpud40tIlZOmbhnNBlxFOijK1f/V0f+H+GwmtIv2Gpk
ev4nkCd+8yhBbI8kCR8DwWAHSPTH1f8Z20ga/Jepax6HmrGp+rOMd7qTzQhC7KRm
GxwgGrfrCYOFBNDelYtgc7NZLLsHG40GvPlM4UN0nMa5
]
INFO	[2021-03-15 13:07:56:95] <31430> DNS LOOKUP OK(203.238.37.3:203.238.37.3:34049) laptime:0
INFO	[2021-03-15 13:07:56:97] <31430> SOCKET CONNECT OK
INFO	[2021-03-15 13:07:56:97] <31430> SEND OK
INFO	[2021-03-15 13:07:56:315] <31430> RECV OK
INFO	[2021-03-15 13:07:56:315] <31430> MSG_FROM_PG:[0111400175D SHA1                   0                                      300630majorgol03               33000INIphpRPAYmajorgol0320210315130756937568<?xml version="1.0" encoding="UTF-8"?><INIpay>
<PartCancelInfo>
<PayMethod>VCard</PayMethod>
<ResultCode>170000</ResultCode>
<ResultMsg urlencode="1">%C1%A4%BB%F3%BF%CF%B7%E1</ResultMsg>
<SessionKey>ACrxEISzJMhwjk/A+ndcHY3WOWJ/QjZrYqNPoEcC5q6Xy5HfrApQ5Xru5SyrGYxb
SiqJy3eR6QwLUdKbp8Mp89imR4+VvK04CIK6IrWOPoLZ7C8nGyDR7GXNGY6aQlF4
oEHWAWq95b7+/QRgQFbGcsmxPRSuTwuF6Je/tBvl6v3sq6L2rnj/ODA=
</SessionKey>
<Encrypted>PUYzivZ3C8aAfc5rThOHj9/7lO8oPje7+3T0t8PPidVfinVcrj3HbYDb0G79kHq6
A4oOyOvpHASwU4qTzmQLZ4LkdYLGqrDOD7M/Jhgtla0EGYKVaZkqWYZKmXZAifIC
4dpFR+31U20ilcPPZL0Pem1zbJyInPTy/mJs0B/X2EgvNRnSF5yK/NjzFeUM/Juf
lATk3GQh5/OKrimIHdxGJcf1pNfKZ53JGqLYo4Lmbx+1goBbE5/mkVKD91XMxVGe
VdNkj6+6nqfFP9hFL42FJ9LODVLqZE8EBQy/jPPsoMuDBL57tUC8f3UJl3ARPeYl
OEBs2B4qmlgNAT3f5UQmx06a6H/27BedIcp92/EmaC+aaIWxJuimxMisnC1lFO+d
Pncaerux7kK7S3RLOZVchil8B7wfbt+S5XynkJ7SoS76rQzdn/w2sJEu5fq3jk3y
X/noz1EX82wo9rNE/nJbfNlUGyIqdb6YS+CwHzTJLpSArQDBV6UgMh+UfPbk95EQ
oVE2OrNSETc=
</Encrypted>
</PartCancelInfo>
<ManageInfo/>
<ReservedInfo>
<MReserved1 urlencode="1"/>
<MReserved2 urlencode="1"/>
<MReserved3 urlencode="1"/>
</ReservedInfo>
</INIpay>
zdzYB9U+myrUDVQ2bW9XuQXvsc80YORZ2nPVIV0bczUwAwZo6ZETxVRAZXWu+HVT
UhUSlz4tllV+gi9hfIQscx+DwcIgQdCo7MzAIK+PUFkA17FgD3G20XVAoXSuqjnO
DBYUG71IjgYezCbP8KyG0EEbkMF45b8WJimp7rBfX0E=
]
INFO	[2021-03-15 13:07:56:315] <31430> VERIFY OK
INFO	[2021-03-15 13:07:56:315] <31430> PARSE HEAD OK
INFO	[2021-03-15 13:07:56:316] <31430> PARSE BODY OK
INFO	[2021-03-15 13:07:56:316] <31430> DECRYPT OK
DEBUG	[2021-03-15 13:07:56:316] <31430> DECRYPT MSG:[<?xml version="1.0" encoding="UTF-8"?><PartCancelInfo>
<PRTC_TID>StdpayISP_majorgol0320210308134429600166</PRTC_TID>
<PRTC_Price>33000</PRTC_Price>
<PRTC_Remains>30500</PRTC_Remains>
<PRTC_Quota>00</PRTC_Quota>
<PRTC_Type>1</PRTC_Type>
<CancelDate>20210315</CancelDate>
<CancelTime>130755</CancelTime>
<PRTC_Cnt>1</PRTC_Cnt>
<PRTC_SubRemains>30500</PRTC_SubRemains>
</PartCancelInfo>]
INFO	[2021-03-15 13:07:56:317] <31430> DECRYPT PARSE OK
INFO	[2021-03-15 13:07:56:317] <31430> END repay 정상완료 Laptime:[0.224sec]
INFO	[2021-03-15 13:07:56:317] <31430> ===============================================================
