INFO	[2022-03-05 00:28:01:239] <16797> START INIPHP cancel (V5036-141209)(OS:Linux2.6.32-754.11.1.el6.x86_64,PHP:5.3.3)
DEBUG	[2022-03-05 00:28:01:239] <16797> inipayhome:/home1/killdeal/public_html/shop/inicis
DEBUG	[2022-03-05 00:28:01:239] <16797> debug:false
DEBUG	[2022-03-05 00:28:01:239] <16797> type:cancel
DEBUG	[2022-03-05 00:28:01:239] <16797> mid:majorgol03
DEBUG	[2022-03-05 00:28:01:239] <16797> admin:1111
DEBUG	[2022-03-05 00:28:01:239] <16797> tid:INIMX_CARDmajorgol0320220305001909134247
DEBUG	[2022-03-05 00:28:01:239] <16797> cancelmsg:주문자 본인 취소-상품옵션 선택 잘못함
INFO	[2022-03-05 00:28:01:239] <16797> Check Field OK
INFO	[2022-03-05 00:28:01:239] <16797> PI PUB KEY LOAD OK []
INFO	[2022-03-05 00:28:01:240] <16797> PG PUB KEY LOAD OK [30]
INFO	[2022-03-05 00:28:01:240] <16797> MERCHANT PRIV KEY LOAD OK
INFO	[2022-03-05 00:28:01:240] <16797> MERCHANT PUB KEY LOAD OK [0]
DEBUG	[2022-03-05 00:28:01:240] <16797> MAKE ENCRYPT OK[<?xml version="1.0" encoding="UTF-8"?>
<CancelInfo>
	  <CancelTID>INIMX_CARDmajorgol0320220305001909134247</CancelTID>
	  <CancelMsg urlencode="1">%C1%D6%B9%AE%C0%DA+%BA%BB%C0%CE+%C3%EB%BC%D2-%BB%F3%C7%B0%BF%C9%BC%C7+%BC%B1%C5%C3+%C0%DF%B8%F8%C7%D4</CancelMsg>
	  <CancelReason/></CancelInfo>]
INFO	[2022-03-05 00:28:01:240] <16797> MAKE BODY OK
INFO	[2022-03-05 00:28:01:241] <16797> SIGN OK
INFO	[2022-03-05 00:28:01:241] <16797> MAKE HEAD OK
INFO	[2022-03-05 00:28:01:241] <16797> MSG_TO_PG:[0101500175D SHA1                   0                                      300420majorgol03                    INIMX_CARDmajorgol0320220305001909134247<?xml version="1.0" encoding="UTF-8"?>
<INIpay>
	  <CancelInfo>
	    <SessionKey>ryiBEv3eF1CtcAQP0Y7TfxutgFnU/gjGmHw53kKLQJlKXyrY+0i2mKY8O7PIJlDY
UmmjaewSezx9UIMsEO6vGiQ03TxkLEOrFO7vRmUcvugX9/RXz6zAOPm9T7c+6go8
4ZnT324c0QPYAP1deSpE6bmH3FckbgDoT3D+i/ooF8XWKnc9a8f4rA==
</SessionKey>
	    <Encrypted>7vOUZydZA5OBltAw6OZBDJILxXu688yBqDBEqlnRFm0LVkfAiP6VVSDCCa31ZYBC
F5rjv4VVtbEGQkXvFQc2FtbP8VbU2YTPILTei5ezfIjG2J/oIETYh00LHccNcCTD
yuXVZcUPF9+X9HOy4lFspNiuPOC1Kcd/vhBccVppRuB/xVZdGlD6OWaE6h20DoXJ
dV0HEOdzoGQz94hInk4WmA+VXStZkACLoLr3+ywN04npIsAzCK4PPPKSWgqDTFRm
m1UeT+0ZuP1Z8t37UPSc3h+XL5rHn8Pr0BlSovqpGI3v3znX2ZHYOfdXdNecTHAO
MKO4YGtKkXdE1LWwjLFNQbRy2BL3xznna5+j+e7tRmgSYR4r72Dbs0qDQFmoXGcw
PnDAMi0LvL0=
</Encrypted></CancelInfo>
	  <ReservedInfo>
	    <MReserved1/>
	    <MReserved2/>
	    <MReserved3/></ReservedInfo>
	  <ManageInfo>
	    <Language/>
	    <URL/>
	    <TXVersion>5036B141209canceLinux     PHPchkfake   2.6.32-754.11.1.el6.x86_64PHP:</TXVersion>
	    <TXUserID/>
	    <TXRegNum/></ManageInfo></INIpay>ARBHeZ8ukoNFWsbGjkk/D5SadKsAoVdSPNu+wNa+/lxtJ9BjFvr+BfauR2RJfnbH
UFx8+0lOFbu8VGCfL8IkMOJSbv5cmJ3uWYt37v7mAL1xbve466ys10Yr3qRPbNKd
Q4IHBTnUSw/d7rJD1tODXIrBZTleumEi7DUH1GFB8ApE
]
INFO	[2022-03-05 00:28:01:241] <16797> DNS LOOKUP OK(203.238.37.3:203.238.37.3:34049) laptime:0
INFO	[2022-03-05 00:28:01:243] <16797> SOCKET CONNECT OK
INFO	[2022-03-05 00:28:01:243] <16797> SEND OK
INFO	[2022-03-05 00:28:01:943] <16797> RECV OK
INFO	[2022-03-05 00:28:01:943] <16797> MSG_FROM_PG:[0093300175D SHA1                   0                                      300430majorgol03                    INIMX_CARDmajorgol0320220305001909134247<?xml version="1.0" encoding="UTF-8"?><INIpay>
<CancelInfo>
<ResultCode>120000</ResultCode>
<ResultMsg urlencode="1">%C1%A4%BB%F3%C3%B3%B8%AE%B5%C7%BE%FA%BD%C0%B4%CF%B4%D9.</ResultMsg>
<SessionKey>AKUZ/mFBoiLNhqN/Ce/OavHJxweLi94wli/RHG1zBjhLVzuNdDx+6LK0VRMECJnx
ZzAwlZmImbxJC0NYFrlOcGixbJXO3VVw5KD0st6ophNXYdoPCtC7LgMrW8dfsmul
RFCBxu+D+zIURiO1QAAzuGOnxiy/wl5uGM+92vcW3sFoAXNrLdPA8SQ=
</SessionKey>
<Encrypted>KG70ANf35O3vY0f36W75Q6A4YHjzPuuxxlHNNQvEoB0EdeihKqfbREPyp3lDRvLO
pczTO4V/WUOFI6+lA9uz2SxLy2YXoUC/H3mcrcSPg5pZS41+sWL98duGfaas4pID
8kN4ao6WLQlE0f6IXQ7RaviPa3cba7RSxanDVOell8xMTecLV8nmNWp+jLL1611J
giIsP5vdWHBlX04nMsGACyJ12euQP9AmxO2+GLwPWWkU8U21Sfymxamx873CcQvB
Dzp1pd+CqUFfXvinFAG/SuSqRbltbcW2gGIj4c4ed0HRPrQjBcVm14BldQSqLcLF
396Aw8ddbTWLiyM7vCu6a07K92Fh9N3k
</Encrypted>
</CancelInfo>
<ManageInfo/>
<ReservedInfo>
<MReserved1 urlencode="1"/>
<MReserved2 urlencode="1"/>
<MReserved3 urlencode="1"/>
</ReservedInfo>
</INIpay>
pI8g+jeQgxMBEamfpjtyrM1nFlEZaMZZ5ka1zow6BH1pkH0/OLRb8dx2sSAzG69P
XhAq+3gf8lD7pgJYM9Lqj/aoUMIFnbDjq3VhOGV+JGvXlJl5ZtjJUCOBllniR3hn
bpU/AJ/lKrf7iMaJTqnPGqNfRH5tCfxRmGDxA8BvNf4=
]
INFO	[2022-03-05 00:28:01:943] <16797> VERIFY OK
INFO	[2022-03-05 00:28:01:943] <16797> PARSE HEAD OK
INFO	[2022-03-05 00:28:01:943] <16797> PARSE BODY OK
INFO	[2022-03-05 00:28:01:944] <16797> DECRYPT OK
DEBUG	[2022-03-05 00:28:01:944] <16797> DECRYPT MSG:[<?xml version="1.0" encoding="UTF-8"?><CancelInfo>
<CancelDate>20220305</CancelDate>
<CancelTime>002801</CancelTime>
<ResultCode>120000</ResultCode>
<ResultMsg urlencode="1">%C1%A4%BB%F3%C3%B3%B8%AE%B5%C7%BE%FA%BD%C0%B4%CF%B4%D9.</ResultMsg>
</CancelInfo>]
INFO	[2022-03-05 00:28:01:944] <16797> DECRYPT PARSE OK
INFO	[2022-03-05 00:28:01:944] <16797> END cancel 정상처리되었습니다. Laptime:[0.705sec]
INFO	[2022-03-05 00:28:01:944] <16797> ===============================================================
INFO	[2022-03-05 19:54:28:351] <11871> START INIPHP cancel (V5036-141209)(OS:Linux2.6.32-754.11.1.el6.x86_64,PHP:5.3.3)
DEBUG	[2022-03-05 19:54:28:351] <11871> inipayhome:/home1/killdeal/public_html/shop/inicis
DEBUG	[2022-03-05 19:54:28:351] <11871> debug:false
DEBUG	[2022-03-05 19:54:28:351] <11871> type:cancel
DEBUG	[2022-03-05 19:54:28:351] <11871> mid:majorgol03
DEBUG	[2022-03-05 19:54:28:351] <11871> admin:1111
DEBUG	[2022-03-05 19:54:28:351] <11871> tid:INIMX_CARDmajorgol0320220305132259624835
DEBUG	[2022-03-05 19:54:28:351] <11871> cancelmsg:주문자 본인 취소-상품옵션 선택 잘못함
INFO	[2022-03-05 19:54:28:351] <11871> Check Field OK
INFO	[2022-03-05 19:54:28:351] <11871> PI PUB KEY LOAD OK []
INFO	[2022-03-05 19:54:28:352] <11871> PG PUB KEY LOAD OK [30]
INFO	[2022-03-05 19:54:28:352] <11871> MERCHANT PRIV KEY LOAD OK
INFO	[2022-03-05 19:54:28:352] <11871> MERCHANT PUB KEY LOAD OK [0]
DEBUG	[2022-03-05 19:54:28:353] <11871> MAKE ENCRYPT OK[<?xml version="1.0" encoding="UTF-8"?>
<CancelInfo>
	  <CancelTID>INIMX_CARDmajorgol0320220305132259624835</CancelTID>
	  <CancelMsg urlencode="1">%C1%D6%B9%AE%C0%DA+%BA%BB%C0%CE+%C3%EB%BC%D2-%BB%F3%C7%B0%BF%C9%BC%C7+%BC%B1%C5%C3+%C0%DF%B8%F8%C7%D4</CancelMsg>
	  <CancelReason/></CancelInfo>]
INFO	[2022-03-05 19:54:28:353] <11871> MAKE BODY OK
INFO	[2022-03-05 19:54:28:353] <11871> SIGN OK
INFO	[2022-03-05 19:54:28:353] <11871> MAKE HEAD OK
INFO	[2022-03-05 19:54:28:353] <11871> MSG_TO_PG:[0101500175D SHA1                   0                                      300420majorgol03                    INIMX_CARDmajorgol0320220305132259624835<?xml version="1.0" encoding="UTF-8"?>
<INIpay>
	  <CancelInfo>
	    <SessionKey>bkayj0kCA2eGRR9+PLeHpZo0qomXgWEbImuJRCljJJH4XRWO/SroESY3f6iKtkmj
V18hBD0NP48UxQ/ScC/yGzniVGApTpEkiL3uDXDqHjgzBHvLKXV9/cfQ/oXPaIcP
vPIdpHggG8kUiRZMXtEzr6AyF2sfCYunaKFTc0s7oqJqv28B4GAVyQ==
</SessionKey>
	    <Encrypted>Koquue92DtzCIa+aaOhtpIiL7cEUb0EK4Yu88kg0BIXLjDJx6Hq8on7mVbtf1zwS
0U2puaxmYqGmPzsM1ekmlAMkibnFhWJa0zjPvC6F6keGxKEMv4Jx5SkWDxEt6P0M
MHODJMaTa4yd7KhAhl0l2Oy0csazpmQY2SNa1X8y4xvWOsjxg6ZQTqpCCqXGV3gN
OEnfz5fN4vB4BIvRHLq+ZHnSCPPkFD83iL50le+f534uUyyEctLp7ilFxCYSLoIQ
K2EKfu3SFtmM70FIwBNi6TtDXf2KopzZJwuqnRQionuvxJ+bvoGX7ZlPLiGsPRaJ
T+n0OSxsrQ3BlOhQBi//MzZCvy/ScoNFc10k2DiHtO5fvT712viBZBcacEoY24ym
f6dE9CIlqcU=
</Encrypted></CancelInfo>
	  <ReservedInfo>
	    <MReserved1/>
	    <MReserved2/>
	    <MReserved3/></ReservedInfo>
	  <ManageInfo>
	    <Language/>
	    <URL/>
	    <TXVersion>5036B141209canceLinux     PHPchkfake   2.6.32-754.11.1.el6.x86_64PHP:</TXVersion>
	    <TXUserID/>
	    <TXRegNum/></ManageInfo></INIpay>AHVul41gUyiIIJKokmsiSvnKh1ZbJ9fLIcaykpECdQXL3PK51SZ6NWbn1gIAadsY
LMGz2MCHvJB6luO70GkikIZrJlHnmRaCqO7pa24e5eHn+72LaigHJfWrLpjUnT1k
bwubJFR73oh9PFgPoY/RuN58bf83kmLUL1p5N7g6vOkH
]
INFO	[2022-03-05 19:54:28:353] <11871> DNS LOOKUP OK(203.238.37.3:203.238.37.3:34049) laptime:0
INFO	[2022-03-05 19:54:28:356] <11871> SOCKET CONNECT OK
INFO	[2022-03-05 19:54:28:356] <11871> SEND OK
INFO	[2022-03-05 19:54:29:386] <11871> RECV OK
INFO	[2022-03-05 19:54:29:386] <11871> MSG_FROM_PG:[0093300175D SHA1                   0                                      300430majorgol03                    INIMX_CARDmajorgol0320220305132259624835<?xml version="1.0" encoding="UTF-8"?><INIpay>
<CancelInfo>
<ResultCode>120000</ResultCode>
<ResultMsg urlencode="1">%C1%A4%BB%F3%C3%B3%B8%AE%B5%C7%BE%FA%BD%C0%B4%CF%B4%D9.</ResultMsg>
<SessionKey>AK94LLwQnNXaEhEkqYX87ubzkIWcFRK6kVM1rDueRjnvrdstkDX6AXj5sEk0H0HF
DnPmVBY4uR7BkBaVkcEIq3UQzKznUuvEKKjdIxDaLTr4ZVpoDyK2TyQI/hjKKU8B
VdgOFT107N3aLAYoXkGR/Xvw55XRVBxUI66eOXyq+Yho3it8jjMTbss=
</SessionKey>
<Encrypted>6Yka+EwcHTMJ0NUTHHJmPeaKQoapc+dHV2EbDDVu2E9k8rXssNTBd2jUVeKrY1MU
1jjTma5zvmL6pXo0VFu1AGN8m6VmSwCQx6g5pYZ7WuoH0fuqC2ndIa2KDpkUKQuQ
4Gw43zc2ybTsHZTYmSBs3+wgeYxPulgcswTiPsDeWtDBiojPYf2xDXCITBVyuWxn
dGlw1dUGQgBhYeq9NAKngrFw1VR+Xm3jBFfixUjqFb4EACQomDcPK/qqAmdFwU9Q
nAhFW2H0CQLMrkOhLeTQ3ofg5mPsAAvbfU++k+bh1U8kFjzrb3U+5ZEjgHo4QGQ4
Y7uyk5MzD8iSA9zPjwf1ob2QJF0ENsDi
</Encrypted>
</CancelInfo>
<ManageInfo/>
<ReservedInfo>
<MReserved1 urlencode="1"/>
<MReserved2 urlencode="1"/>
<MReserved3 urlencode="1"/>
</ReservedInfo>
</INIpay>
xW4UHPPAMtPX10odk+4OsY+1r6LvDzHzhHLvZR3Etxpbg5AqCggvGuGJMicQnAgK
10WmFl3U5XfaYIfXy4U/3V6OEE5My6QaCGPuIhbobGK5J+7aMZpHDdHUjsPp5rpl
BNzuta23DGJNgoDnZItVXrSEW+IPBc/nW2oxBiUE1W4=
]
INFO	[2022-03-05 19:54:29:386] <11871> VERIFY OK
INFO	[2022-03-05 19:54:29:386] <11871> PARSE HEAD OK
INFO	[2022-03-05 19:54:29:387] <11871> PARSE BODY OK
INFO	[2022-03-05 19:54:29:387] <11871> DECRYPT OK
DEBUG	[2022-03-05 19:54:29:387] <11871> DECRYPT MSG:[<?xml version="1.0" encoding="UTF-8"?><CancelInfo>
<CancelDate>20220305</CancelDate>
<CancelTime>195428</CancelTime>
<ResultCode>120000</ResultCode>
<ResultMsg urlencode="1">%C1%A4%BB%F3%C3%B3%B8%AE%B5%C7%BE%FA%BD%C0%B4%CF%B4%D9.</ResultMsg>
</CancelInfo>]
INFO	[2022-03-05 19:54:29:387] <11871> DECRYPT PARSE OK
INFO	[2022-03-05 19:54:29:387] <11871> END cancel 정상처리되었습니다. Laptime:[1.036sec]
INFO	[2022-03-05 19:54:29:387] <11871> ===============================================================
