INFO	[2022-04-28 11:30:30:843] <25582> START INIPHP cancel (V5036-141209)(OS:Linux2.6.32-754.11.1.el6.x86_64,PHP:5.3.3)
DEBUG	[2022-04-28 11:30:30:843] <25582> inipayhome:/home1/killdeal/public_html/shop/inicis
DEBUG	[2022-04-28 11:30:30:843] <25582> debug:false
DEBUG	[2022-04-28 11:30:30:843] <25582> type:cancel
DEBUG	[2022-04-28 11:30:30:843] <25582> mid:fourseason
DEBUG	[2022-04-28 11:30:30:843] <25582> admin:1111
DEBUG	[2022-04-28 11:30:30:843] <25582> tid:INIMX_VBNKfourseason20220428112958745648
DEBUG	[2022-04-28 11:30:30:843] <25582> cancelmsg:주문자 본인 취소-상품옵션 선택 잘못함
INFO	[2022-04-28 11:30:30:843] <25582> Check Field OK
INFO	[2022-04-28 11:30:30:843] <25582> PI PUB KEY LOAD OK []
INFO	[2022-04-28 11:30:30:844] <25582> PG PUB KEY LOAD OK [30]
INFO	[2022-04-28 11:30:30:844] <25582> MERCHANT PRIV KEY LOAD OK
INFO	[2022-04-28 11:30:30:844] <25582> MERCHANT PUB KEY LOAD OK [0]
DEBUG	[2022-04-28 11:30:30:845] <25582> MAKE ENCRYPT OK[<?xml version="1.0" encoding="UTF-8"?>
<CancelInfo>
	  <CancelTID>INIMX_VBNKfourseason20220428112958745648</CancelTID>
	  <CancelMsg urlencode="1">%C1%D6%B9%AE%C0%DA+%BA%BB%C0%CE+%C3%EB%BC%D2-%BB%F3%C7%B0%BF%C9%BC%C7+%BC%B1%C5%C3+%C0%DF%B8%F8%C7%D4</CancelMsg>
	  <CancelReason/></CancelInfo>]
INFO	[2022-04-28 11:30:30:845] <25582> MAKE BODY OK
INFO	[2022-04-28 11:30:30:845] <25582> SIGN OK
INFO	[2022-04-28 11:30:30:845] <25582> MAKE HEAD OK
INFO	[2022-04-28 11:30:30:845] <25582> MSG_TO_PG:[0101500175D SHA1                   0                                      300420fourseason                    INIMX_VBNKfourseason20220428112958745648<?xml version="1.0" encoding="UTF-8"?>
<INIpay>
	  <CancelInfo>
	    <SessionKey>KcyXdFogiTnjAjzGQBvnI7oZGwdFnSkM4JR7HA3iaNsxBLhC65pZM1KWdUafXYu0
hbgDL8Fccbs9CChf7pIYmucAjq4zE+H3aAuTGpM/Uol9GK1HxZ2V0Qo6vCW2vA15
eek2jVvK7CE4Meg6z4kRjcrAv1PkZSIxxCpcuVqozhZ8H65NFfEFzA==
</SessionKey>
	    <Encrypted>H+8yrZs/vzy6Dn2syGcgOe+jElAYwYRSIr2b/qVlZCEZHziVNHD+JqbHFjE3pBh4
0wNMz4efZyS9hoJEWq2KOYR+8xKxJ9R5ksRbIxs2OfefZYhugHAW/bL1vNeoePqG
ZhQACRcOF5YCq1aMMwpUiYzUGWfluz8EHf/ySqQhDA40+nTCuBzHbRwa7Jjgk/6C
qNLALWo+siWsGa4GDojb974LiVr0j8QGPIeYIVz3zmW1dmAG4euZLCYO5XQdS2YI
VvcN8ZrgsKi+qFiTrdpTn//uBhehx2YN4vfprCq+DmIvppIFTpJbKzN7HkiqCBl7
4jfO198fuE2dbduxJtj/41IoQhLbLgaYAP4PehvZn8MYtkEbb+QOAE3qIBig6bKR
DgUBLek/AxQ=
</Encrypted></CancelInfo>
	  <ReservedInfo>
	    <MReserved1/>
	    <MReserved2/>
	    <MReserved3/></ReservedInfo>
	  <ManageInfo>
	    <Language/>
	    <URL/>
	    <TXVersion>5036B141209canceLinux     PHPchkfake   2.6.32-754.11.1.el6.x86_64PHP:</TXVersion>
	    <TXUserID/>
	    <TXRegNum/></ManageInfo></INIpay>ACqQdiaMZvBu/4fPAV50t96JYrTubORzjzYZSpduUpYF9f3D5bEzEEFukzlCohZ8
9s8Re/4Z31iVTpmKmDKbbBGYCIfHSthJJmxo7CL9bqnZGZPCrY3hqnHD9BQDg4ME
rrzJq1TdhYHeqTsFD9TNDfYgSrR3j+JDl9Eu4IVSwFVe
]
INFO	[2022-04-28 11:30:30:845] <25582> DNS LOOKUP OK(203.238.37.3:203.238.37.3:34049) laptime:0
INFO	[2022-04-28 11:30:30:848] <25582> SOCKET CONNECT OK
INFO	[2022-04-28 11:30:30:848] <25582> SEND OK
INFO	[2022-04-28 11:30:30:956] <25582> RECV OK
INFO	[2022-04-28 11:30:30:956] <25582> MSG_FROM_PG:[0123800175D SHA1                   0                                      300430fourseason                    INIMX_VBNKfourseason20220428112958745648<?xml version="1.0" encoding="UTF-8"?><INIpay>
<CancelInfo>
<ResultCode>170000</ResultCode>
<ResultMsg urlencode="1">%C1%A4%BB%F3%C3%B3%B8%AE%B5%C7%BE%FA%BD%C0%B4%CF%B4%D9.</ResultMsg>
<SessionKey>AOas7T33+eA8ehfG9mQaMb/Z0iOFnj8DIJBmNtnM5ZHTbPYyFDmvckw1N8D0Ah80
x7fQCzSEYp7YLhAGyy8A/mOf4SFJRJteAxvhS7H+QADD+LQRux0T6Zpjk/7dbnN5
3pJGdsLEWA+nQYIxAXCXT7QsHiuYcZUw2IE9PiijqPEy+GARAmeIydE=
</SessionKey>
<Encrypted>Ey05J+INr+CpKbTk6SL7dslhKSCMo1cz/IVQHCa2xs3xgn5KjtkFlw1xmi+n7+Pw
OWHsT57DfOd+aRCyc265+giWOnqQaYMu17/cZVYmV8IOZq8ddc+V4O3CanQ1KsdL
QtCytFIOnP83KtzxKexT8HpqWOz2HdFjGfZb3Ww6iInN2nPQbDaxRvMEePjoKEEa
9bhVQ7hpm+hf+ynWcfDKvl4SBdILTe30qu2M5l/96Myd4z5oscRj24gQ8FKqpn7A
Z4uI2pqxoMH/D7/l52VCu4/hnvpSxhaU3gdVBNscn/quzm+A+bH3JlUUo9Ymo/bk
ZzuL3rDpaFW/F+MgDIXfHzCq+orLwZ05JU5KMHz9D7S3mIQ12qnxU6C71VlyF0ss
BiExkEHjY1G7QLn4YE9r+KrxXOUjzKayaowpEYx/2I1sgW+g/AXwWk8fIPvJO6RG
ro4btju7UTgvQ9j53I7VDZpafbFod6j0poMzt3K+C8BqVLKASPaa0B176kh3beFm
krn2IS7XB6bOJR7fpkthcAzuBSmrEilmRxibbsAGGhZ6LfM4ZYbvbEujIFjSt0Zk
AXhbN/7CuEq1vrV1I09v8zNOPpVEv3yYLVcYTNifhG7Lhtd5T7jt9aa+H7VK/p8N
s36jOH5YVAI=
</Encrypted>
</CancelInfo>
<ManageInfo/>
<ReservedInfo>
<MReserved1 urlencode="1"/>
<MReserved2 urlencode="1"/>
<MReserved3 urlencode="1"/>
</ReservedInfo>
</INIpay>
mYaoeWvA/e4a92KhCSQ68oMWob6sj09cNbEfLRc4iSmq9YHyeY4iWI6uGgBTAbqF
02wltJHCCSvHdSs44tohszk8sC7MdrO/a4vMBVj4vU0TUwz5qRKbdhtnvp04OThT
WgFjuLBqnVVr2n/BiMYm/kKTBH/Gw+Xif2ZYHyI5ViQ=
]
INFO	[2022-04-28 11:30:30:956] <25582> VERIFY OK
INFO	[2022-04-28 11:30:30:956] <25582> PARSE HEAD OK
INFO	[2022-04-28 11:30:30:956] <25582> PARSE BODY OK
INFO	[2022-04-28 11:30:30:957] <25582> DECRYPT OK
DEBUG	[2022-04-28 11:30:30:957] <25582> DECRYPT MSG:[<?xml version="1.0" encoding="UTF-8"?><CancelInfo>
<CancelDate>20220428</CancelDate>
<CancelTime>113030</CancelTime>
<ResultCode>170000</ResultCode>
<ResultMsg urlencode="1">%C1%A4%BB%F3%C3%B3%B8%AE%B5%C7%BE%FA%BD%C0%B4%CF%B4%D9.</ResultMsg>
<CSHR_CancelDate>20220428</CSHR_CancelDate>
<CSHR_CancelTime>113030</CSHR_CancelTime>
<CSHR_ResultCode>220000</CSHR_ResultCode>
<CSHR_ResultMsg urlencode="1">%C1%A4%BB%F3%C3%B3%B8%AE%B5%C7%BE%FA%BD%C0%B4%CF%B4%D9.</CSHR_ResultMsg>
</CancelInfo>]
INFO	[2022-04-28 11:30:30:957] <25582> DECRYPT PARSE OK
INFO	[2022-04-28 11:30:30:957] <25582> END cancel 정상처리되었습니다. Laptime:[0.115sec]
INFO	[2022-04-28 11:30:30:957] <25582> ===============================================================
