INFO	[2021-03-19 21:14:42:30] <8781> START INIPHP receipt (V5036-141209)(OS:Linux2.6.32-754.11.1.el6.x86_64,PHP:5.3.3)
DEBUG	[2021-03-19 21:14:42:30] <8781> inipayhome:/home1/killdeal/public_html/shop/inicis
DEBUG	[2021-03-19 21:14:42:30] <8781> debug:false
DEBUG	[2021-03-19 21:14:42:30] <8781> type:receipt
DEBUG	[2021-03-19 21:14:42:30] <8781> pgid:INIphpRECP
DEBUG	[2021-03-19 21:14:42:30] <8781> paymethod:CASH
DEBUG	[2021-03-19 21:14:42:30] <8781> currency:WON
DEBUG	[2021-03-19 21:14:42:30] <8781> admin:1111
DEBUG	[2021-03-19 21:14:42:30] <8781> mid:fourseason
DEBUG	[2021-03-19 21:14:42:30] <8781> goodname:핫딜3장1세트카시야ATBUV비말차단향균3D입체마스크
DEBUG	[2021-03-19 21:14:42:30] <8781> cr_price:10200
DEBUG	[2021-03-19 21:14:42:30] <8781> sup_price:9273
DEBUG	[2021-03-19 21:14:42:30] <8781> tax:927
DEBUG	[2021-03-19 21:14:42:30] <8781> srvc_price:0
DEBUG	[2021-03-19 21:14:42:30] <8781> buyername:이재희
DEBUG	[2021-03-19 21:14:42:30] <8781> buyeremail:leejh7006@hanmail.net
DEBUG	[2021-03-19 21:14:42:30] <8781> buyertel:01054491808
DEBUG	[2021-03-19 21:14:42:30] <8781> reg_num:01054491808
DEBUG	[2021-03-19 21:14:42:30] <8781> useopt:0
DEBUG	[2021-03-19 21:14:42:30] <8781> companynumber:
INFO	[2021-03-19 21:14:42:30] <8781> Check Field OK
INFO	[2021-03-19 21:14:42:31] <8781> Make TID OK INIphpRECPfourseason20210319211442303495
INFO	[2021-03-19 21:14:42:31] <8781> PI PUB KEY LOAD OK []
INFO	[2021-03-19 21:14:42:31] <8781> PG PUB KEY LOAD OK [30]
INFO	[2021-03-19 21:14:42:31] <8781> MERCHANT PRIV KEY LOAD OK
INFO	[2021-03-19 21:14:42:31] <8781> MERCHANT PUB KEY LOAD OK [0]
DEBUG	[2021-03-19 21:14:42:32] <8781> MAKE ENCRYPT OK[<?xml version="1.0" encoding="UTF-8"?>
<PaymentInfo>
	  <Payment>
	    <CASH>
	      <CSHR_ApplPrice>10200</CSHR_ApplPrice>
	      <CSHR_SupplyPrice>9273</CSHR_SupplyPrice>
	      <CSHR_Tax>927</CSHR_Tax>
	      <CSHR_ServicePrice/>
	      <CSHR_Type>0</CSHR_Type>
	      <CSHR_RegNum>01054491808</CSHR_RegNum>
	      <CSHR_CompanyNum/></CASH></Payment></PaymentInfo>]
INFO	[2021-03-19 21:14:42:33] <8781> MAKE BODY OK
INFO	[2021-03-19 21:14:42:33] <8781> SIGN OK
INFO	[2021-03-19 21:14:42:33] <8781> MAKE HEAD OK
INFO	[2021-03-19 21:14:42:33] <8781> MSG_TO_PG:[0194800175D SHA1                   0                                      300200fourseason               10200INIphpRECPfourseason20210319211442303495<?xml version="1.0" encoding="UTF-8"?>
<INIpay>
	  <GoodsInfo>
	    <GoodsCnt>1</GoodsCnt>
	    <MOID/>
	    <Currency>WON</Currency>
	    <Tax>927</Tax>
	    <TaxFree/>
	    <Goods>
	      <SMID>fourseason</SMID>
	      <GoodsName urlencode="1">%C7%D6%B5%F43%C0%E51%BC%BC%C6%AE%C4%AB%BD%C3%BE%DFATBUV%BA%F1%B8%BB%C2%F7%B4%DC%C7%E2%B1%D53D%C0%D4%C3%BC%B8%B6%BD%BA%C5%A9</GoodsName>
	      <GoodsPrice>10200</GoodsPrice></Goods></GoodsInfo>
	  <BuyerInfo>
	    <BuyerName urlencode="1">%C0%CC%C0%E7%C8%F1</BuyerName>
	    <BuyerTel>01054491808</BuyerTel>
	    <BuyerEmail urlencode="1">leejh7006%40hanmail.net</BuyerEmail>
	    <ParentEmail/>
	    <RecvName/>
	    <RecvTel/>
	    <RecvMsg/>
	    <RecvAddr/>
	    <RecvPostNum/></BuyerInfo>
	  <PaymentInfo>
	    <Payment>
	      <PayMethod>CASH</PayMethod>
	      <JoinCard/>
	      <JoinExpire/>
	      <MailOrder/>
	      <SessionKey>VDQkP+TTWSsA56eKmO4cWduuhLN/1+0cKDJOUx5hiMc0jgrtRqb+iF7khKKxXVN/
WpJRjbZA6KPn5blaObBf5F8q/oPXJdgieHH11aB8w0d4Nv9csOKO5Pw5l/Gi3cIA
HklCuQ/lIwYtYG4t0jWFwAvwWCNoS3jmYbKRSFQux8LoumG3FaESTQ==
</SessionKey>
	      <Encrypted>aF6RvnBvZ8anuA9qhbABnU98BCwhaCe12cRwaAD2COODw1AXQXBO9shVLYlmlnWW
Yt8GLBbO4VU1Uc7e7dAdpn1pQkyi1Ji3WizmBbtYHkn5BnbSsaS6+jRAisUL/tU9
w7N5eJtr8dsK5wZJ7JzcAcNF8n7ykNeKky5ThRmk2USvdrHXoGBw/tQL3VO1H2YC
4SlV7QDfqvm7CxWNBI3tMZN8ElGChVTt9P6kN8QhknDnpQMKvaQ4hN0jhDd0cJdh
Q6rQ9WhdasmGqN3uQ+0wMAdgRxTdERkBqb6/o1P2RsXv4OY9tdKTtLT9yR+F6zrG
Oe5L8lVSPzOuCYRp4aPXjfW0+51qxxbol+JfplZk1JAOqiKTNxc3/nG9bkAqAW1N
ACVH98R8GADBjxJ8Z/1nH2oz3guUCA9VNROxUUc2m8x7sIpjRElwKqIBONv0uAkz
irfz3PSczKbEwCDZBz2dKWsUcT41KcDw38SaM1xhY5k=
</Encrypted></Payment></PaymentInfo>
	  <ReservedInfo>
	    <MReserved1/>
	    <MReserved2/>
	    <MReserved3/></ReservedInfo>
	  <ManageInfo>
	    <Language/>
	    <URL/>
	    <TXVersion>5036B141209receiLinux     PHPchkfake   2.6.32-754.11.1.el6.x86_64PHP:</TXVersion>
	    <TXUserID/>
	    <TXRegNum/>
	    <Ack>1</Ack></ManageInfo></INIpay>AHxcH9nlcJd+r/Oi22GM0LpQKQCBS5PKzQGV9Qx/ssKCLC/T7NIX6bYkY10oo0j5
yAq2GC1wZPFrhYtbZr9s0wOdh+PmHeLagdwFkifQQV6uWeUpdE04ePERkexGS+iR
0ajEO2eggDvzEBAPrXQqryLt5y0+q7vXXihlm6c941xM
]
INFO	[2021-03-19 21:14:42:33] <8781> DNS LOOKUP OK(203.238.37.3:203.238.37.3:34049) laptime:0
INFO	[2021-03-19 21:14:42:36] <8781> SOCKET CONNECT OK
INFO	[2021-03-19 21:14:42:36] <8781> SEND OK
INFO	[2021-03-19 21:14:42:147] <8781> RECV OK
INFO	[2021-03-19 21:14:42:147] <8781> MSG_FROM_PG:[0169300175D SHA1                   0                                      300210fourseason               10200INIphpRECPfourseason20210319211442303495<?xml version="1.0" encoding="UTF-8"?><INIpay>
<GoodsInfo>
<GoodsCnt>1</GoodsCnt>
<MOID urlencode="1"/>
<Currency>WON</Currency>
<Goods no="1">
<SMID>fourseason</SMID>
<GoodsName urlencode="1">%C7%D6%B5%F43%C0%E51%BC%BC%C6%AE%C4%AB%BD%C3%BE%DFATBUV%BA%F1%B8%BB%C2%F7%B4%DC%C7%E2%B1%D53D%C0%D4%C3%BC%B8%B6%BD%BA%C5%A9</GoodsName>
<GoodsCntS>1</GoodsCntS>
<GoodsPrice>10200</GoodsPrice>
</Goods>
</GoodsInfo>
<PaymentInfo>
<Payment>
<SessionKey>AOKpRNJI+FVNRKuTNY49NFE6cd6FDV8xf06DWsNwu8nYmllhCvqLEGKPvSa/Ks3l
Lm5saNSXGXl+/HrIxh2SA312CY9j9LFpJvOCeXTKRLpx9lh441RpD5PLi0ytbKNk
g4j5bCLzmTN9l3sAxA/A6qTGsudTEKhnKhSpvCZ3LbbCIJ7ji0twHUo=
</SessionKey>
<Encrypted>G3j0RQ7Cm7DB8rdRQl+6OhRlKWzi0VFNd5+ZVv6zYQhltLCuAbVZHHc4IGn2E5ij
xAmBI7JLux1weuCTIKQS/RQGQdGPW3xl02WJoTaoEM+XFH1baOrBTqQNsXqZ6Ila
bk8UJuNSF8fuzoi+VLpMTK9PsywF1IYw9D63+jiNMogjAXqMbEpRlOI5/7WzNUl4
AMuCND4++2WOezkwNiqXxFXZU0L0TnPfKIXH6KCbQ+FIIiDsGbXx4xCGzIkw+Gb/
dT24+JhbgQJHevlijUmDJlqKq7wMfiIpOKywNuNXGRjQsAX112xpAZI3VfYFTSKT
/F3wLuT9e0B6UOhY9wvPLyW30qxNliOmKo/UtJcYClzvVO7OqWGQYR5rCOgstP58
GF0pORVWWICqMKrBgtlYSl/UPO1GVAg9Iu5cNI5+XlX9nlxp1qsO3Ub+JD+u/4LX
IDEU4d/VejAZPzqGUMfALCvZ211Rl8K+7uxolTrDYuXSU1n3lu25yQbnStGJaLiK
x0Sh0YBEXn71R+AOfL27FDUO5fLCFsT9CsoBp4qgoXz8XyyZtdXmuwYPXQzKMXxP
IA7ARMoo+XRRiGSza0m0adbk6ViEjgQltqy0tdBaxmMW0IYix0XfA76Iq9/639cb
JpbiKqr36tzEzxrT3ttsshw5mxXjKJUtZ2bewpuosVQIEUhpn5kEUA==
</Encrypted>
<PayMethod>CASH</PayMethod>
<ResultCode>220000</ResultCode>
<ResultMsg urlencode="1">%C1%A4%BB%F3%C3%B3%B8%AE%B5%C7%BE%FA%BD%C0%B4%CF%B4%D9.</ResultMsg>
</Payment>
</PaymentInfo>
<ManageInfo/>
<ReservedInfo>
<MReserved1 urlencode="1"/>
<MReserved2 urlencode="1"/>
<MReserved3 urlencode="1"/>
</ReservedInfo>
</INIpay>
Rjng3aYbc3Rob3TkwgBzSwciJcLeUA15cuxOl7Y08FFhmT3PiWFfJCQ/1+c8HL7D
cTXJTbwWpjVa473/hpCMW9ivZ9jdXJXQLcaDVNadZ7R7bjCTSE0l7jN+Qpu19Z7W
xCRjgwp4/2Ifct5sW7Ml6Fj00RYJkAOD9nnTNJWliV0=
]
INFO	[2021-03-19 21:14:42:148] <8781> VERIFY OK
INFO	[2021-03-19 21:14:42:148] <8781> PARSE HEAD OK
INFO	[2021-03-19 21:14:42:148] <8781> PARSE BODY OK
INFO	[2021-03-19 21:14:42:149] <8781> DECRYPT OK
DEBUG	[2021-03-19 21:14:42:149] <8781> DECRYPT MSG:[<?xml version="1.0" encoding="UTF-8"?><PaymentInfo>
<Payment>
<CASH>
<CSHR_ApplPrice>10200</CSHR_ApplPrice>
<CSHR_SupplyPrice>9273</CSHR_SupplyPrice>
<CSHR_Tax>927</CSHR_Tax>
<CSHR_ServicePrice/>
<CSHR_Type>0</CSHR_Type>
<CSHR_ApplDate>20210319</CSHR_ApplDate>
<CSHR_ApplTime>211442</CSHR_ApplTime>
<CSHR_ApplNum>269306190</CSHR_ApplNum>
<CSHR_ResultCode>220000</CSHR_ResultCode>
<CSHR_ResultMsg urlencode="1">%C1%A4%BB%F3%C3%B3%B8%AE%B5%C7%BE%FA%BD%C0%B4%CF%B4%D9.</CSHR_ResultMsg>
</CASH>
</Payment>
</PaymentInfo>]
INFO	[2021-03-19 21:14:42:149] <8781> DECRYPT PARSE OK
INFO	[2021-03-19 21:14:42:149] <8781> WAIT ACK INVOKING
DEBUG	[2021-03-19 21:14:42:149] <8781> MAKE HEAD OK
INFO	[2021-03-19 21:14:42:153] <8781> SUCCESS ACK INVOKING
INFO	[2021-03-19 21:14:42:153] <8781> END receipt 정상처리되었습니다. Laptime:[0.123sec]
INFO	[2021-03-19 21:14:42:153] <8781> ===============================================================
