INFO	[2020-11-12 10:55:52:983] <27182> START INIPHP receipt (V5036-141209)(OS:Linux2.6.32-754.11.1.el6.x86_64,PHP:5.3.3)
DEBUG	[2020-11-12 10:55:52:983] <27182> inipayhome:/home1/killdeal/public_html/shop/inicis
DEBUG	[2020-11-12 10:55:52:983] <27182> debug:false
DEBUG	[2020-11-12 10:55:52:983] <27182> type:receipt
DEBUG	[2020-11-12 10:55:52:983] <27182> pgid:INIphpRECP
DEBUG	[2020-11-12 10:55:52:983] <27182> paymethod:CASH
DEBUG	[2020-11-12 10:55:52:983] <27182> currency:WON
DEBUG	[2020-11-12 10:55:52:983] <27182> admin:1111
DEBUG	[2020-11-12 10:55:52:983] <27182> mid:majorgol03
DEBUG	[2020-11-12 10:55:52:983] <27182> goodname:핫딜아디다스트랙션라이트보아남성골프화EE9200EE9201
DEBUG	[2020-11-12 10:55:52:983] <27182> cr_price:101000
DEBUG	[2020-11-12 10:55:52:983] <27182> sup_price:91818
DEBUG	[2020-11-12 10:55:52:983] <27182> tax:9182
DEBUG	[2020-11-12 10:55:52:983] <27182> srvc_price:0
DEBUG	[2020-11-12 10:55:52:983] <27182> buyername:장경석
DEBUG	[2020-11-12 10:55:52:983] <27182> buyeremail:rudtjr0098@naver.com
DEBUG	[2020-11-12 10:55:52:983] <27182> buyertel:
DEBUG	[2020-11-12 10:55:52:983] <27182> reg_num:01033365819
DEBUG	[2020-11-12 10:55:52:983] <27182> useopt:0
DEBUG	[2020-11-12 10:55:52:983] <27182> companynumber:
INFO	[2020-11-12 10:55:52:983] <27182> Check Field OK
INFO	[2020-11-12 10:55:52:983] <27182> Make TID OK INIphpRECPmajorgol0320201112105552838950
INFO	[2020-11-12 10:55:52:983] <27182> PI PUB KEY LOAD OK []
INFO	[2020-11-12 10:55:52:983] <27182> PG PUB KEY LOAD OK [30]
INFO	[2020-11-12 10:55:52:983] <27182> MERCHANT PRIV KEY LOAD OK
INFO	[2020-11-12 10:55:52:984] <27182> MERCHANT PUB KEY LOAD OK [0]
DEBUG	[2020-11-12 10:55:52:984] <27182> MAKE ENCRYPT OK[<?xml version="1.0" encoding="UTF-8"?>
<PaymentInfo>
	  <Payment>
	    <CASH>
	      <CSHR_ApplPrice>101000</CSHR_ApplPrice>
	      <CSHR_SupplyPrice>91818</CSHR_SupplyPrice>
	      <CSHR_Tax>9182</CSHR_Tax>
	      <CSHR_ServicePrice/>
	      <CSHR_Type>0</CSHR_Type>
	      <CSHR_RegNum>01033365819</CSHR_RegNum>
	      <CSHR_CompanyNum/></CASH></Payment></PaymentInfo>]
INFO	[2020-11-12 10:55:52:985] <27182> MAKE BODY OK
INFO	[2020-11-12 10:55:52:985] <27182> SIGN OK
INFO	[2020-11-12 10:55:52:985] <27182> MAKE HEAD OK
INFO	[2020-11-12 10:55:52:985] <27182> MSG_TO_PG:[0194300175D SHA1                   0                                      300200majorgol03              101000INIphpRECPmajorgol0320201112105552838950<?xml version="1.0" encoding="UTF-8"?>
<INIpay>
	  <GoodsInfo>
	    <GoodsCnt>1</GoodsCnt>
	    <MOID/>
	    <Currency>WON</Currency>
	    <Tax>9182</Tax>
	    <TaxFree/>
	    <Goods>
	      <SMID>majorgol03</SMID>
	      <GoodsName urlencode="1">%C7%D6%B5%F4%BE%C6%B5%F0%B4%D9%BD%BA%C6%AE%B7%A2%BC%C7%B6%F3%C0%CC%C6%AE%BA%B8%BE%C6%B3%B2%BC%BA%B0%F1%C7%C1%C8%ADEE9200EE9201</GoodsName>
	      <GoodsPrice>101000</GoodsPrice></Goods></GoodsInfo>
	  <BuyerInfo>
	    <BuyerName urlencode="1">%C0%E5%B0%E6%BC%AE</BuyerName>
	    <BuyerTel/>
	    <BuyerEmail urlencode="1">rudtjr0098%40naver.com</BuyerEmail>
	    <ParentEmail/>
	    <RecvName/>
	    <RecvTel/>
	    <RecvMsg/>
	    <RecvAddr/>
	    <RecvPostNum/></BuyerInfo>
	  <PaymentInfo>
	    <Payment>
	      <PayMethod>CASH</PayMethod>
	      <JoinCard/>
	      <JoinExpire/>
	      <MailOrder/>
	      <SessionKey>qJPXLiA4vtkUwk+RYDMoDVodNRU6kZf7wFhcCG7dGRnqwyFBDyvTsIx+4JmQ+qbF
Z0T/CR/r/2ZaLPVqe/ZaZ7IwAxPihVD7zkYSDNdUlh0D1uoS4sS4IpXmi0ibq2H2
EAuqZglDpCf14a5WUoJs711hXNE+ezX98DDItAbBy1QPZm2nKfFaVw==
</SessionKey>
	      <Encrypted>bUDCj4XRTXFhrqpCuPYimaUQZRDVcM9p2Kdqi0doOfeUOlIVnBdQhbqKJFNrWNdP
hzGoaVimI+3VbTFFbsfiD8QoTQmXZU/y2vv1ynhnZSCJ73GmWqvCPUc/BzUQ+a5T
ZrTOvmf9CN0ZXfzaAC7mV3oMCNo/kHnI9L3KfnSVeR0NTVb8hZ0PSGB0VAUb2BG3
yNiHBM4CSn7qqMnVt4UfUQbI8trJ1V4stkS7VdndL6b2f2EHDkR1+aBvTzbfUD+q
UrMfjMIyFG23UemNQ+j+yKeE3CfCGGRlpXmXWRSyjINGVUii4syIe81f4d88meNd
UMEcasgwudCodY8pQj1zZ5KeJgoyijX4NHPEbYRjuyju08evRPFQoNNS2VO7wePQ
neqsnu6udFspGfHnWNZTeXABfDmVNCZ6y/qwRPEYvcg0O6/DiHt/xdDK1D8p/xL0
E8IYiIQfuMfxPgF+6qQb/z99rA60q+/3bsOXG0Zb6TCr+1GkHcMCNg==
</Encrypted></Payment></PaymentInfo>
	  <ReservedInfo>
	    <MReserved1/>
	    <MReserved2/>
	    <MReserved3/></ReservedInfo>
	  <ManageInfo>
	    <Language/>
	    <URL/>
	    <TXVersion>5036B141209receiLinux     PHPchkfake   2.6.32-754.11.1.el6.x86_64PHP:</TXVersion>
	    <TXUserID/>
	    <TXRegNum/>
	    <Ack>1</Ack></ManageInfo></INIpay>AHWuy7ykzgSPZznVs+RlRMms8a7d0XB94b6V26llFSGS2nm6d4VUXxf+dUcZXIXp
s3Atlv0Gt47iSmLrS5sKtAXhed+Qp2N2ksWVAJRat4AmzJiyvb0SfSBKpO7kwv1O
rN4M4L9wO14xUc+HRmNkNykKEknipCnjGzo1qR/ui4lR
]
INFO	[2020-11-12 10:55:52:985] <27182> DNS LOOKUP OK(203.238.37.3:203.238.37.3:34049) laptime:0
INFO	[2020-11-12 10:55:52:988] <27182> SOCKET CONNECT OK
INFO	[2020-11-12 10:55:52:988] <27182> SEND OK
INFO	[2020-11-12 10:55:53:92] <27182> RECV OK
INFO	[2020-11-12 10:55:53:92] <27182> MSG_FROM_PG:[0170500175D SHA1                   0                                      300210majorgol03              101000INIphpRECPmajorgol0320201112105552838950<?xml version="1.0" encoding="UTF-8"?><INIpay>
<GoodsInfo>
<GoodsCnt>1</GoodsCnt>
<MOID urlencode="1"/>
<Currency>WON</Currency>
<Goods no="1">
<SMID>majorgol03</SMID>
<GoodsName urlencode="1">%C7%D6%B5%F4%BE%C6%B5%F0%B4%D9%BD%BA%C6%AE%B7%A2%BC%C7%B6%F3%C0%CC%C6%AE%BA%B8%BE%C6%B3%B2%BC%BA%B0%F1%C7%C1%C8%ADEE9200EE9201</GoodsName>
<GoodsCntS>1</GoodsCntS>
<GoodsPrice>101000</GoodsPrice>
</Goods>
</GoodsInfo>
<PaymentInfo>
<Payment>
<SessionKey>AHgXjmH/BMWPiqB3vNc49+Ws7AQymtXj6E3vlHfP5ChZBIdQDbyFP63thTiEUXkI
S4nCjM3Q0WbNmsrTRh/g4Ey5e8n7i2pIosBCG84ycyANoNLYl5GloBcn5Va7y2+S
itXKh3+EBBaiZ9Eim8jXI06XmNlT6KH5emlqYo78C/Tyc/F0lkDPN1w=
</SessionKey>
<Encrypted>bw+oTkLs0ynI32+NYKSLyOZCxfnHSmuMJNb+ef4LHcIhUrM7o9XbNr1tF5WEsdQu
wXZPkbo3/xUPefAbIxzClBhJNXSJ73gIeNdKS803U8sX892iOquuoj/Vdz9wb1G0
TDzWDleTGRfPoTWp/DSiQ5iQ4XTrcYIG/SR44Rvismqy97q4EtNnigSSgrhzxo88
qlcLs8siAfYYKzFww0uRgg6+03IqBZaioAPkbf/K4tjFI6X34nPw0GZtbJ8I08Pr
zEHKJgx/udPwWbQ7a8kMGLE9TAi50jxRYsm3hyimF+yO4K4BLiDuZPLx2UtXGxSS
g4ZCvlM3Ia8v3HQZ+RPABpIkLociR2YvGcd7YklgEvgl8w4JHUp9StclVYqvSdxD
VeIhlzuQgw3MfaYsKSRq1dliEi/HFa1iVAJ+bSqhKHUmIkcEygHCh2M+XlxWNiiK
Hyczvu7ddEhaUEnG338AntjK3nSKEgbZgW7zaSKDJRFqY3+e30FpbKk/Z3gK2uyb
CFTkCJ/kHVcDJSWxMwNlkVb3sea2yk5T1vPTGs6VVCCdBp6mz9OFddJYPNz77t2J
EEsMnH37c7eadNj0cIKgs8mrgEV07I9wnH22wFOXisCIXN+pRhhCfXAjlocWJ2ok
fUfr1ZMZdRE4qXcoVksRsAg/Vr5ROFS8/C7QI/qi8kyQI7HXoDTLEFFpGLbg5Dem
</Encrypted>
<PayMethod>CASH</PayMethod>
<ResultCode>220000</ResultCode>
<ResultMsg urlencode="1">%C1%A4%BB%F3%C3%B3%B8%AE%B5%C7%BE%FA%BD%C0%B4%CF%B4%D9.</ResultMsg>
</Payment>
</PaymentInfo>
<ManageInfo/>
<ReservedInfo>
<MReserved1 urlencode="1"/>
<MReserved2 urlencode="1"/>
<MReserved3 urlencode="1"/>
</ReservedInfo>
</INIpay>
HLxeHllekEl6ftspf7pskCTYELWjbhZ72NlUcYNh921jXj7IZgvehBDvi4EUhW6U
m2UlD4cvQM2i4gzeSZbg3JrK59c4aDya4EwhSry4J092vTLL8KkTeccmJBWsieX/
SUbn35VHjG086mRnrdc1qAQNSt7i+d/zECfnl8LnxTM=
]
INFO	[2020-11-12 10:55:53:92] <27182> VERIFY OK
INFO	[2020-11-12 10:55:53:92] <27182> PARSE HEAD OK
INFO	[2020-11-12 10:55:53:93] <27182> PARSE BODY OK
INFO	[2020-11-12 10:55:53:94] <27182> DECRYPT OK
DEBUG	[2020-11-12 10:55:53:94] <27182> DECRYPT MSG:[<?xml version="1.0" encoding="UTF-8"?><PaymentInfo>
<Payment>
<CASH>
<CSHR_ApplPrice>101000</CSHR_ApplPrice>
<CSHR_SupplyPrice>91818</CSHR_SupplyPrice>
<CSHR_Tax>9182</CSHR_Tax>
<CSHR_ServicePrice/>
<CSHR_Type>0</CSHR_Type>
<CSHR_ApplDate>20201112</CSHR_ApplDate>
<CSHR_ApplTime>105552</CSHR_ApplTime>
<CSHR_ApplNum>268469216</CSHR_ApplNum>
<CSHR_ResultCode>220000</CSHR_ResultCode>
<CSHR_ResultMsg urlencode="1">%C1%A4%BB%F3%C3%B3%B8%AE%B5%C7%BE%FA%BD%C0%B4%CF%B4%D9.</CSHR_ResultMsg>
</CASH>
</Payment>
</PaymentInfo>]
INFO	[2020-11-12 10:55:53:94] <27182> DECRYPT PARSE OK
INFO	[2020-11-12 10:55:53:94] <27182> WAIT ACK INVOKING
DEBUG	[2020-11-12 10:55:53:94] <27182> MAKE HEAD OK
INFO	[2020-11-12 10:55:53:98] <27182> SUCCESS ACK INVOKING
INFO	[2020-11-12 10:55:53:98] <27182> END receipt 정상처리되었습니다. Laptime:[0.115sec]
INFO	[2020-11-12 10:55:53:98] <27182> ===============================================================
