INFO	[2020-03-25 08:31:22:103] <8035> START INIPHP cancel (V5036-141209)(OS:Linux2.6.32-754.11.1.el6.x86_64,PHP:5.3.3)
DEBUG	[2020-03-25 08:31:22:103] <8035> inipayhome:/home/killdeal/public_html/shop/inicis
DEBUG	[2020-03-25 08:31:22:103] <8035> debug:false
DEBUG	[2020-03-25 08:31:22:103] <8035> type:cancel
DEBUG	[2020-03-25 08:31:22:103] <8035> mid:majorgol03
DEBUG	[2020-03-25 08:31:22:103] <8035> admin:1111
DEBUG	[2020-03-25 08:31:22:103] <8035> tid:INIMX_CARDmajorgol0320200325082944955555
DEBUG	[2020-03-25 08:31:22:103] <8035> cancelmsg:주문자 본인 취소-구매의사 없음
INFO	[2020-03-25 08:31:22:103] <8035> Check Field OK
INFO	[2020-03-25 08:31:22:103] <8035> PI PUB KEY LOAD OK []
INFO	[2020-03-25 08:31:22:104] <8035> PG PUB KEY LOAD OK [30]
INFO	[2020-03-25 08:31:22:104] <8035> MERCHANT PRIV KEY LOAD OK
INFO	[2020-03-25 08:31:22:104] <8035> MERCHANT PUB KEY LOAD OK [0]
DEBUG	[2020-03-25 08:31:22:104] <8035> MAKE ENCRYPT OK[<?xml version="1.0" encoding="UTF-8"?>
<CancelInfo>
	  <CancelTID>INIMX_CARDmajorgol0320200325082944955555</CancelTID>
	  <CancelMsg urlencode="1">%C1%D6%B9%AE%C0%DA+%BA%BB%C0%CE+%C3%EB%BC%D2-%B1%B8%B8%C5%C0%C7%BB%E7+%BE%F8%C0%BD</CancelMsg>
	  <CancelReason/></CancelInfo>]
INFO	[2020-03-25 08:31:22:105] <8035> MAKE BODY OK
INFO	[2020-03-25 08:31:22:105] <8035> SIGN OK
INFO	[2020-03-25 08:31:22:105] <8035> MAKE HEAD OK
INFO	[2020-03-25 08:31:22:105] <8035> MSG_TO_PG:[0099400175D SHA1                   0                                      300420majorgol03                    INIMX_CARDmajorgol0320200325082944955555<?xml version="1.0" encoding="UTF-8"?>
<INIpay>
	  <CancelInfo>
	    <SessionKey>vTY6OObycJVYdBPx2LeJCGPUvVl1/i8NPVDmRa3UGagj7OvG/gFkiyRTmbp1wRr7
8J276N15grI1UgHniElMPJG4Dl65gWLpCkHBMkmwzecvOTy/bYrlc9KJtzVXQL8F
3Oj4YMEarHAa/y0CjmkRAAudY2mJhKxVqf+r2JDqGg6yppnUwfkQpA==
</SessionKey>
	    <Encrypted>kUNeCLk95c4hBIUy3oPjO4NnzMytOEnXx3E0prpnQrzBdaKvaD0aKQjVyvExAQDh
349nKOX8u5NTkNNUBcXQgTdA/OSF3wmeXmFBSkn9buMA9t6JP6iyuN7HWhZXE92I
3SwwD+IwCpFhJaAkSRingF5Nv/YT+h3E62G7FlxgaNwmJfpRli4OtgKB0+FVrSuB
WRrbs/R4KsZN+eT2EVi0ybsOUHOeDsKXKJMqeYKC/jNSIUBlfMt8HmYkrqbVkRLc
rblWDqhWWl5SH53SBkGv7B4w1KXP8Wn2qIFLg1JqR93RDJ1w5xboxlePxxq1U0+0
hEtMEKdsYjp/uUTZLx1dpQY5R84decj3JpmqaD4t0IOagsMZS9TLCg==
</Encrypted></CancelInfo>
	  <ReservedInfo>
	    <MReserved1/>
	    <MReserved2/>
	    <MReserved3/></ReservedInfo>
	  <ManageInfo>
	    <Language/>
	    <URL/>
	    <TXVersion>5036B141209canceLinux     PHPchkfake   2.6.32-754.11.1.el6.x86_64PHP:</TXVersion>
	    <TXUserID/>
	    <TXRegNum/></ManageInfo></INIpay>AG09lJPzH3hZpo/zlcLF0xU2LH1YjM3PSaHAj9dX8+NYYAuDGMgbG6damVrpkcOU
74WP4jmr8dE4HMTZcLcx/ol/Gu8iib1xjhaP2Fq5CFnk7DdaUuP2g+NpjfSzXv0b
sHPPrfl8NqJENGo2FTH6zDp9jZfpHMVocRAb0l+OAFoE
]
INFO	[2020-03-25 08:31:22:105] <8035> DNS LOOKUP OK(203.238.37.3:203.238.37.3:34049) laptime:0
INFO	[2020-03-25 08:31:22:107] <8035> SOCKET CONNECT OK
INFO	[2020-03-25 08:31:22:107] <8035> SEND OK
INFO	[2020-03-25 08:31:22:745] <8035> RECV OK
INFO	[2020-03-25 08:31:22:745] <8035> MSG_FROM_PG:[0115800175D SHA1                   0                                      300430majorgol03                    INIMX_CARDmajorgol0320200325082944955555<?xml version="1.0" encoding="UTF-8"?>
<INIpay>
  <CancelInfo>
    <ResultCode>120000</ResultCode>
    <ResultMsg urlencode="1">%C1%A4%BB%F3%C3%B3%B8%AE%B5%C7%BE%FA%BD%C0%B4%CF%B4%D9.</ResultMsg>
    <SessionKey>AMhyacTowaY2/xOHD+lSuR0DiHEqqrDYTt+0zxYofW9xdMwcip6JPhwNXAF5eIzg
XqJPIAAY/MOB1V5GXFW5F7TFP4e2cAV/UTcESJFxkuWotCA0hUsdKH5n1Pi3ZHbN
s2KVijnX1PI1pJ8zJ7ddOVRiTr1rRBpaNcV6q8mkGWtviVnhquZFLwo=
</SessionKey>
    <Encrypted>4kc21L4NfZtC9KJPHRA6ADFlhpUiIfeq/1gPiKTWJjpzWH57kFR7+P6rmuzeOog8
VSXm4yTJ+fOCBTTw7Vw6S6eS13D5xD+jLbdGS9QtDt87EB6qIWpvIO6T8OFV1Q6v
kQlnOcjGoxSl0k9iR3ONQbdIMm8dTadB2Lf+XQ4XrWS2ewJvXn5l/qR7QKy57brS
rleis7c8k9LSNPn3nXK+NfHd7EicHZD5KT+6Q10flNiUqCKXP2q8ejmRtr45OuIr
9hjOlU6Q394680Mkyu2uhTtN4k3X1oqsXgwsty1HXw4nnd3m2hVoIPQdWgPEaIC+
qBd4gbwTOBHTCmf801ZG1nLmdrWghpaHY0iFLkxLHq4=
</Encrypted>
  </CancelInfo>
  <ManageInfo/>
  <ReservedInfo>
    <MReserved1 urlencode="1"></MReserved1>
    <MReserved2 urlencode="1"></MReserved2>
    <MReserved3 urlencode="1"></MReserved3>
    <PGReserved1 urlencode="1"></PGReserved1>
    <PGReserved2 urlencode="1"></PGReserved2>
    <PGReserved3 urlencode="1"></PGReserved3>
  </ReservedInfo>
</INIpay>
3lFLvxQfCkHlx/UJz9OuesKNS6VoMjzUYmSq6YMZE4+qwHoXVEmmK2MbEyceze0m
K0zcobzPag/N3lQCpRIJ+I2PxW1w6nEVDokEeaIIjpEWO+FxE75msyUQ7mnnfjaE
LN+1Y+/bJIxh7c3IsIO1zMCTdYodK3rsWJSgpcwkBz0=
]
INFO	[2020-03-25 08:31:22:745] <8035> VERIFY OK
INFO	[2020-03-25 08:31:22:745] <8035> PARSE HEAD OK
INFO	[2020-03-25 08:31:22:745] <8035> PARSE BODY OK
INFO	[2020-03-25 08:31:22:746] <8035> DECRYPT OK
DEBUG	[2020-03-25 08:31:22:746] <8035> DECRYPT MSG:[<?xml version="1.0" encoding="UTF-8"?>
<CancelInfo>
  <CancelDate>20200325</CancelDate>
  <CancelTime>083123</CancelTime>
  <ResultCode>120000</ResultCode>
  <ResultMsg urlencode="1">%C1%A4%BB%F3%C3%B3%B8%AE%B5%C7%BE%FA%BD%C0%B4%CF%B4%D9.</ResultMsg>
</CancelInfo>]
INFO	[2020-03-25 08:31:22:746] <8035> DECRYPT PARSE OK
INFO	[2020-03-25 08:31:22:746] <8035> END cancel 정상처리되었습니다. Laptime:[0.643sec]
INFO	[2020-03-25 08:31:22:746] <8035> ===============================================================
INFO	[2020-03-25 16:25:18:957] <22515> START INIPHP cancel (V5036-141209)(OS:Linux2.6.32-754.11.1.el6.x86_64,PHP:5.3.3)
DEBUG	[2020-03-25 16:25:18:957] <22515> inipayhome:/home/killdeal/public_html/shop/inicis
DEBUG	[2020-03-25 16:25:18:957] <22515> debug:false
DEBUG	[2020-03-25 16:25:18:957] <22515> type:cancel
DEBUG	[2020-03-25 16:25:18:957] <22515> mid:majorgol03
DEBUG	[2020-03-25 16:25:18:957] <22515> admin:1111
DEBUG	[2020-03-25 16:25:18:957] <22515> tid:INIMX_CARDmajorgol0320200309074540205463
DEBUG	[2020-03-25 16:25:18:957] <22515> cancelmsg:쇼핑몰 운영자 승인 취소
INFO	[2020-03-25 16:25:18:957] <22515> Check Field OK
INFO	[2020-03-25 16:25:18:957] <22515> PI PUB KEY LOAD OK []
INFO	[2020-03-25 16:25:18:957] <22515> PG PUB KEY LOAD OK [30]
INFO	[2020-03-25 16:25:18:957] <22515> MERCHANT PRIV KEY LOAD OK
INFO	[2020-03-25 16:25:18:957] <22515> MERCHANT PUB KEY LOAD OK [0]
DEBUG	[2020-03-25 16:25:18:958] <22515> MAKE ENCRYPT OK[<?xml version="1.0" encoding="UTF-8"?>
<CancelInfo>
	  <CancelTID>INIMX_CARDmajorgol0320200309074540205463</CancelTID>
	  <CancelMsg urlencode="1">%BC%EE%C7%CE%B8%F4+%BF%EE%BF%B5%C0%DA+%BD%C2%C0%CE+%C3%EB%BC%D2</CancelMsg>
	  <CancelReason/></CancelInfo>]
INFO	[2020-03-25 16:25:18:958] <22515> MAKE BODY OK
INFO	[2020-03-25 16:25:18:958] <22515> SIGN OK
INFO	[2020-03-25 16:25:18:958] <22515> MAKE HEAD OK
INFO	[2020-03-25 16:25:18:958] <22515> MSG_TO_PG:[0096200175D SHA1                   0                                      300420majorgol03                    INIMX_CARDmajorgol0320200309074540205463<?xml version="1.0" encoding="UTF-8"?>
<INIpay>
	  <CancelInfo>
	    <SessionKey>dn2jL5+BtlxkfATx4BbZeUO03FxqNwvuDaDL7ZKcRlErwDeNcQX9IY5Cytdy3QTr
1AEhyTk+M/5V/RHbrSwMxOfPZMHtHyPDX5b9j+C8hBljU1GJOiY2omrLCuXkXKVb
8YfdoaBBEhxrto5mxMLfcMQb4rqg2HQjMTwXIOXfJuyHC1CT/P5fuQ==
</SessionKey>
	    <Encrypted>CNKOkXF0xgRd6bbSezlR1Wkdyr+M7y7mHlU+dg06YFU/AUPSoEDSczDtwiFmrGaw
CdN+3ZfKsxr6hYrk3ytitViJb0EOdpS72j8TAotqZLyWSCcpfAYy6E8zW+Wik1Rz
HfX4F884H69MYCrWFbXiklzET+kDly5Vp2we/uYXd4YMA9VWqmt+/st4uImk0XB3
ECpGu/eXFKWST0qXzWUYeYgxVqr51HRyLE6pCkv391sIUT++1JHUMd/YPUlvCFr9
CJ582gsHNic/S2VRMPlVRhrmjZgnGSFbN4eZifKic0nyKgvjhUYKmOxq9OMW6XWP
x04/JoRxl3u6j212dRGClw==
</Encrypted></CancelInfo>
	  <ReservedInfo>
	    <MReserved1/>
	    <MReserved2/>
	    <MReserved3/></ReservedInfo>
	  <ManageInfo>
	    <Language/>
	    <URL/>
	    <TXVersion>5036B141209canceLinux     PHPchkfake   2.6.32-754.11.1.el6.x86_64PHP:</TXVersion>
	    <TXUserID/>
	    <TXRegNum/></ManageInfo></INIpay>ARLlntCCmXFZ5cfd74vHdpYdQS1sP5mce3sO8q9PKcZEhVtcpBYof4L+ncLjYUR4
7UiBB5Czw2F3loo4VfXZvadCrQQkD8s3NMJGbkpWs33Z0gk28mRoRO7lp5UbqLGs
ldVc6UhXug+JT27RAA5/tiPdq/jFxVoAyizAd2Xt1Gpf
]
INFO	[2020-03-25 16:25:18:958] <22515> DNS LOOKUP OK(203.238.37.3:203.238.37.3:34049) laptime:0
INFO	[2020-03-25 16:25:18:961] <22515> SOCKET CONNECT OK
INFO	[2020-03-25 16:25:18:961] <22515> SEND OK
INFO	[2020-03-25 16:25:19:256] <22515> RECV OK
INFO	[2020-03-25 16:25:19:256] <22515> MSG_FROM_PG:[0115800175D SHA1                   0                                      300430majorgol03                    INIMX_CARDmajorgol0320200309074540205463<?xml version="1.0" encoding="UTF-8"?>
<INIpay>
  <CancelInfo>
    <ResultCode>120000</ResultCode>
    <ResultMsg urlencode="1">%C1%A4%BB%F3%C3%B3%B8%AE%B5%C7%BE%FA%BD%C0%B4%CF%B4%D9.</ResultMsg>
    <SessionKey>AC3keo9bwff9NowQ01GKErY7pQ6GjgHkmXru9zSbfvdhVb2uimnY64WyXs/SN7lo
7azMmT6CnQI+j2sCmvWwRdXnPLHjqjPma5fhPCJ5eb4mOSs2pn9TCmIhGcWg2ipo
RIM5UksgmIY2SqmFaLBZyLegucKSy8YQpnMvLwRtK3TdLZ060QckAYQ=
</SessionKey>
    <Encrypted>PBoGDiTP0IUePG2Dyzhga9bGtWGoXy/HQYvypiEXvpgKVZZ79HKkwbH0nCWzyvHu
kQTeuDv0+6LUeDjYwsM9Zy+T2lNWurcOK/kwrDhHO/Xu780sZ0rWDszzQNRs5059
/iFOddcLN0u0B//RWmSZZvKnlxv/vAOnS18SmB3XvwCMwklRm1SjOHybV0x5/o8L
AlTz2R3owAwI1nD1isIaknW21QirSYg3V5rRurqq1ll+hjJOa9PjzP1zaSS3tRMr
d16joP6k96+bhjtsLVZ+ZhJFtXBI/Jea5DTP5M5icG2GSp4ZG20eKcqiOIQRJaNV
PGoJXkr5/Vl94d2la9Z/1QzhNq906cApR0d3k+Jw1i8=
</Encrypted>
  </CancelInfo>
  <ManageInfo/>
  <ReservedInfo>
    <MReserved1 urlencode="1"></MReserved1>
    <MReserved2 urlencode="1"></MReserved2>
    <MReserved3 urlencode="1"></MReserved3>
    <PGReserved1 urlencode="1"></PGReserved1>
    <PGReserved2 urlencode="1"></PGReserved2>
    <PGReserved3 urlencode="1"></PGReserved3>
  </ReservedInfo>
</INIpay>
VHtjZx5ox4gGfG13wL1ZslKeKrO/LebuHOKn/0yDXYsbRbyR6A5NQHLXnDqe7zoG
jP/QCNumMiI9rHHZ+hThpIvuYdAr7DNM83V3dlfb7CO4UUGBIOe5oJSZSmpsg/bR
OEcxVbUYPspcGen+qYHh/DG9G332UQBtG4E7jPR8DmA=
]
INFO	[2020-03-25 16:25:19:256] <22515> VERIFY OK
INFO	[2020-03-25 16:25:19:256] <22515> PARSE HEAD OK
INFO	[2020-03-25 16:25:19:256] <22515> PARSE BODY OK
INFO	[2020-03-25 16:25:19:257] <22515> DECRYPT OK
DEBUG	[2020-03-25 16:25:19:257] <22515> DECRYPT MSG:[<?xml version="1.0" encoding="UTF-8"?>
<CancelInfo>
  <CancelDate>20200325</CancelDate>
  <CancelTime>162520</CancelTime>
  <ResultCode>120000</ResultCode>
  <ResultMsg urlencode="1">%C1%A4%BB%F3%C3%B3%B8%AE%B5%C7%BE%FA%BD%C0%B4%CF%B4%D9.</ResultMsg>
</CancelInfo>]
INFO	[2020-03-25 16:25:19:257] <22515> DECRYPT PARSE OK
INFO	[2020-03-25 16:25:19:257] <22515> END cancel 정상처리되었습니다. Laptime:[0.3sec]
INFO	[2020-03-25 16:25:19:257] <22515> ===============================================================
