INFO	[2023-04-24 10:24:18:869] <16450> START INIPHP cancel (V5036-141209)(OS:Linux2.6.32-754.11.1.el6.x86_64,PHP:5.3.3)
DEBUG	[2023-04-24 10:24:18:869] <16450> inipayhome:/home1/killdeal/public_html/shop/inicis
DEBUG	[2023-04-24 10:24:18:869] <16450> debug:false
DEBUG	[2023-04-24 10:24:18:869] <16450> type:cancel
DEBUG	[2023-04-24 10:24:18:869] <16450> mid:fourseason
DEBUG	[2023-04-24 10:24:18:869] <16450> admin:1111
DEBUG	[2023-04-24 10:24:18:869] <16450> tid:StdpayISP_fourseason20230324180812002270
DEBUG	[2023-04-24 10:24:18:869] <16450> cancelmsg:¼îÇÎ¸ô ¿î¿µÀÚ ½ÂÀÎ Ãë¼Ò
INFO	[2023-04-24 10:24:18:869] <16450> Check Field OK
INFO	[2023-04-24 10:24:18:869] <16450> PI PUB KEY LOAD OK []
INFO	[2023-04-24 10:24:18:869] <16450> PG PUB KEY LOAD OK [30]
INFO	[2023-04-24 10:24:18:870] <16450> MERCHANT PRIV KEY LOAD OK
INFO	[2023-04-24 10:24:18:870] <16450> MERCHANT PUB KEY LOAD OK [0]
DEBUG	[2023-04-24 10:24:18:870] <16450> MAKE ENCRYPT OK[<?xml version="1.0" encoding="UTF-8"?>
<CancelInfo>
	  <CancelTID>StdpayISP_fourseason20230324180812002270</CancelTID>
	  <CancelMsg urlencode="1">%BC%EE%C7%CE%B8%F4+%BF%EE%BF%B5%C0%DA+%BD%C2%C0%CE+%C3%EB%BC%D2</CancelMsg>
	  <CancelReason/></CancelInfo>]
INFO	[2023-04-24 10:24:18:871] <16450> MAKE BODY OK
INFO	[2023-04-24 10:24:18:871] <16450> SIGN OK
INFO	[2023-04-24 10:24:18:871] <16450> MAKE HEAD OK
INFO	[2023-04-24 10:24:18:871] <16450> MSG_TO_PG:[0096200175D SHA1                   0                                      300420fourseason                    StdpayISP_fourseason20230324180812002270<?xml version="1.0" encoding="UTF-8"?>
<INIpay>
	  <CancelInfo>
	    <SessionKey>NWy7/AUeStOGeGihzE6OWTog4rWZ9SF0wf2f0wMHx9DI7N85fOX3jBZqQYb9ysCI
v8cDuKe7sDcpKW0M5Ox6aMf004RShSepTJdk8SI4Wa2cHA+Du/BV9ad4dtbUyhp1
6dFPuMYIRqW9wCfp8V3VtoRbhWe8w/sjrqPnBK33gGpaaEvu3irjmw==
</SessionKey>
	    <Encrypted>maNkSzVUsAb7BgCG1gBvGEEhj8lBUCZDkfBAxfRPlUp4hvc1YpKU7qtKP7vkXPj1
gLNV54gYy1VGtjkD6aeG/Dq9Mqc4AzHbw269PCdBxR2BssfYDvRV3PkhCMmAoIar
lI5GStY8tmfC24tEAZE/ob3oytFHshA5Xh+s8Cp3gvh1iOqhU9PISPwQwloxOaEs
/UQBbptd97S8Lk8KlkO0DjfsS6+oz2cjDdK2RC8LFEw7EjyX17wcd0a/aBcoMV1Z
ir+X99BgbOKyCWXv/2TVY6i/SiazHvXIJF//j6+U5tzZCS2BcAc0h3TU+ZPwOY+M
sHgEpptay6dyrTMKhKpjyA==
</Encrypted></CancelInfo>
	  <ReservedInfo>
	    <MReserved1/>
	    <MReserved2/>
	    <MReserved3/></ReservedInfo>
	  <ManageInfo>
	    <Language/>
	    <URL/>
	    <TXVersion>5036B141209canceLinux     PHPchkfake   2.6.32-754.11.1.el6.x86_64PHP:</TXVersion>
	    <TXUserID/>
	    <TXRegNum/></ManageInfo></INIpay>AA53rhKnZg7tcHq1DXKCIKdvp+z8XyLaQw4OzbH008YZQZtUjTtr8kS28z7qAWWK
mqJNY0M9v2xv20JNgQbqG8v/UHpfUNMWfbOSRG7N8UM5inK4sTBtmubRQmd9hd7d
1tlsIExu3fp5RppGGR1BcIY0dDwE0C6YkGxV0ngwszXC
]
INFO	[2023-04-24 10:24:18:871] <16450> DNS LOOKUP OK(203.238.37.3:203.238.37.3:34049) laptime:0
INFO	[2023-04-24 10:24:18:875] <16450> SOCKET CONNECT OK
INFO	[2023-04-24 10:24:18:875] <16450> SEND OK
INFO	[2023-04-24 10:24:19:908] <16450> RECV OK
INFO	[2023-04-24 10:24:19:908] <16450> MSG_FROM_PG:[0086100175D SHA1                   0                                      300430fourseason                    StdpayISP_fourseason20230324180812002270<?xml version="1.0" encoding="UTF-8"?><INIpay>
<CancelInfo>
<ResultCode>170000</ResultCode>
<ResultMsg urlencode="1">%C1%A4%BB%F3%BF%CF%B7%E1</ResultMsg>
<SessionKey>ALeTyz2GiT8vMEd1OvpirvTQZJ/JUUx5WhiQhBDRaPrxFNEkvYiuHnjb8hPxsIFt
wKRVuWy+bqbfvIoVRkdxJp8DZuXP+3sDrYCmH753sGGC5eZL4uC0S9+dBWxbBiH9
342gJjLmsTEGLdmgA1GiTpmJlJdVl1aUm4vau05wLzvFa+T9pI7dfIM=
</SessionKey>
<Encrypted>f7exzDOH735ryiG85LLkZlBvKNEucoiUF1gZJa8eOXcf+mbfd20YCRdhegBY3chq
WOaHPdS64d2FRCYAPvi+YTjR8dGLYfKEbX6Li8TPsqXjiUKS5x45RQjI8UdyddHP
b1UY8use5kmJyAjwNhNb697yJixFN716tth/NWPOL9Xl5QFK3fnxJETJdZIgweEq
KsFmncP9ojk+pYsVqDa1m1QJWRIG1f4DbNbwMtaU3q8KXzQstGUUkWVhKek87qmO
bMRoo2vgbpY/Zrisz2O8UFGeC1z/+1SMdm9e04r7NwHQKM/EvMvg9g==
</Encrypted>
</CancelInfo>
<ManageInfo/>
<ReservedInfo>
<MReserved1 urlencode="1"/>
<MReserved2 urlencode="1"/>
<MReserved3 urlencode="1"/>
</ReservedInfo>
</INIpay>
eUQGaocOaOdJCTFOMQ8lDLelW5x5RAjBRp3gjzlQ0gBig12l0BYz75cQEtCjvjLs
8GqiBof4vZzJP/WHUm+IPrsQiPmHi2t7Xj5QrVV3utqWVdm6ZrHRocf3buvpv4Bb
dgdFnqKO9agXoUT0IHt4cXKTgL+2+W7aBSqxX3K/7Qo=
]
INFO	[2023-04-24 10:24:19:908] <16450> VERIFY OK
INFO	[2023-04-24 10:24:19:908] <16450> PARSE HEAD OK
INFO	[2023-04-24 10:24:19:908] <16450> PARSE BODY OK
INFO	[2023-04-24 10:24:19:909] <16450> DECRYPT OK
DEBUG	[2023-04-24 10:24:19:909] <16450> DECRYPT MSG:[<?xml version="1.0" encoding="UTF-8"?><CancelInfo>
<CancelDate>20230424</CancelDate>
<CancelTime>102419</CancelTime>
<ResultCode>170000</ResultCode>
<ResultMsg urlencode="1">%C1%A4%BB%F3%BF%CF%B7%E1</ResultMsg>
</CancelInfo>]
INFO	[2023-04-24 10:24:19:909] <16450> DECRYPT PARSE OK
INFO	[2023-04-24 10:24:19:909] <16450> END cancel Á¤»ó¿Ï·á Laptime:[1.04sec]
INFO	[2023-04-24 10:24:19:909] <16450> ===============================================================
