INFO	[2021-03-27 23:17:51:124] <7493> START INIPHP cancel (V5036-141209)(OS:Linux2.6.32-754.11.1.el6.x86_64,PHP:5.3.3)
DEBUG	[2021-03-27 23:17:51:124] <7493> inipayhome:/home1/killdeal/public_html/shop/inicis
DEBUG	[2021-03-27 23:17:51:124] <7493> debug:false
DEBUG	[2021-03-27 23:17:51:124] <7493> type:cancel
DEBUG	[2021-03-27 23:17:51:124] <7493> mid:fourseason
DEBUG	[2021-03-27 23:17:51:124] <7493> admin:1111
DEBUG	[2021-03-27 23:17:51:124] <7493> tid:INIMX_CARDfourseason20210327231523735062
DEBUG	[2021-03-27 23:17:51:124] <7493> cancelmsg:주문자 본인 취소-상품옵션 선택 잘못함
INFO	[2021-03-27 23:17:51:124] <7493> Check Field OK
INFO	[2021-03-27 23:17:51:124] <7493> PI PUB KEY LOAD OK []
INFO	[2021-03-27 23:17:51:124] <7493> PG PUB KEY LOAD OK [30]
INFO	[2021-03-27 23:17:51:125] <7493> MERCHANT PRIV KEY LOAD OK
INFO	[2021-03-27 23:17:51:125] <7493> MERCHANT PUB KEY LOAD OK [0]
DEBUG	[2021-03-27 23:17:51:126] <7493> MAKE ENCRYPT OK[<?xml version="1.0" encoding="UTF-8"?>
<CancelInfo>
	  <CancelTID>INIMX_CARDfourseason20210327231523735062</CancelTID>
	  <CancelMsg urlencode="1">%C1%D6%B9%AE%C0%DA+%BA%BB%C0%CE+%C3%EB%BC%D2-%BB%F3%C7%B0%BF%C9%BC%C7+%BC%B1%C5%C3+%C0%DF%B8%F8%C7%D4</CancelMsg>
	  <CancelReason/></CancelInfo>]
INFO	[2021-03-27 23:17:51:126] <7493> MAKE BODY OK
INFO	[2021-03-27 23:17:51:126] <7493> SIGN OK
INFO	[2021-03-27 23:17:51:126] <7493> MAKE HEAD OK
INFO	[2021-03-27 23:17:51:126] <7493> MSG_TO_PG:[0101500175D SHA1                   0                                      300420fourseason                    INIMX_CARDfourseason20210327231523735062<?xml version="1.0" encoding="UTF-8"?>
<INIpay>
	  <CancelInfo>
	    <SessionKey>CESii2v4cReu7U9oN2u0owRhhM8PBre6XVV7ZGhLmB8Fpkt7YbgsNJgKb1DoNIIj
is9/kkAlN+ZdRSB1t3frwjyNo3SdqEkZrbWhihe0/au87ZHvtQX6w4I4vDYcAxco
FaKRtwOVSjhwqace7/X8QwzrNTjBTehS8rynx7n3xtA4xZUcUWjftA==
</SessionKey>
	    <Encrypted>EkeGniqOshJ1nMmjFNsjFjHius79Gk91IWcxwIlvwNJxvef5BO8jfiLt3NYrrnv7
2BTqbfGxqq+RlFrBCK67b6r0KjawBLT82VGKyWN5y9LUNHcG/Tk6Md3LicoCANSZ
PcHzXiGtbCT9yjuqNZkQrHg5v8aRh/BRjpv9egpA3TInpmyy42vTT/SDmY3I9dgb
Hcxs/Z6bi+A3RMqlb3eMIoWm4zlJ58GDMrkeRF4434qLMMe/Tm+kgGrbv49o6WX5
SZhprFUMKcue+mjXYRaRIqgBY3WNkYAHB9I/epY6fViGM9mN63rSalCeWeqSChgY
rl8QD006WQIOOQ154z+k4cpPVk7Ry9XPQItODolhg9n+4Kxk0z6aHvYj5Y9Madvq
7wAA7rkLTJc=
</Encrypted></CancelInfo>
	  <ReservedInfo>
	    <MReserved1/>
	    <MReserved2/>
	    <MReserved3/></ReservedInfo>
	  <ManageInfo>
	    <Language/>
	    <URL/>
	    <TXVersion>5036B141209canceLinux     PHPchkfake   2.6.32-754.11.1.el6.x86_64PHP:</TXVersion>
	    <TXUserID/>
	    <TXRegNum/></ManageInfo></INIpay>AEx0mh1MpT9tNf7loPAljWabRgkP6tl5/hg14Yd41QptL25AVb18TvEPxpp5/M8d
/z9XYVnkPur25iSfHQEt7+ohu6dQlAMp3lrEdxyUAGoFWDAXd5i/4YLHl0Qnsb6c
4FE/qs+IeTnjCm46ZT2O/K9DGxSyIqQmbUkaUBegrt6u
]
INFO	[2021-03-27 23:17:51:126] <7493> DNS LOOKUP OK(203.238.37.3:203.238.37.3:34049) laptime:0
INFO	[2021-03-27 23:17:51:128] <7493> SOCKET CONNECT OK
INFO	[2021-03-27 23:17:51:128] <7493> SEND OK
INFO	[2021-03-27 23:17:52:198] <7493> RECV OK
INFO	[2021-03-27 23:17:52:198] <7493> MSG_FROM_PG:[0093300175D SHA1                   0                                      300430fourseason                    INIMX_CARDfourseason20210327231523735062<?xml version="1.0" encoding="UTF-8"?><INIpay>
<CancelInfo>
<ResultCode>120000</ResultCode>
<ResultMsg urlencode="1">%C1%A4%BB%F3%C3%B3%B8%AE%B5%C7%BE%FA%BD%C0%B4%CF%B4%D9.</ResultMsg>
<SessionKey>ANHaAR+euAn+ceb3Kniw52OIZtmpGPm4ob3IYWgIBfKbgUmoDthlXfZ4F8vplXlB
qJRIx//rxL9rspIs/F0b61eueqBSWiw25G+ylAODAHpwhsKWson92CjSQ0VNXda0
ELunFyKeMM0+0kXgfpmN/Sj5lZtJ/eoZVJn7V3KM4fJIUG0pqGovSUI=
</SessionKey>
<Encrypted>l9uuV1otW49JGJyxaNVmZT/aCczogwSrnvfZEEUampJXssFak+b3+rQVf7eLHque
/DSlsU/QXkUuSREiy8HWrLqWoXJxgdlr5dcOYiXGxb7Yfp0gxCYEKTxA0W5jE7eo
aX6sNtFSpXyaFFkZCqMk8hWHZHZaEcwHqWdq0NcB+WcUOqQWfHPrxwcOXq/S8SSn
lO0R8Vz/PQunt80yiDoFCgm0hAP15vV0DjdypPNOOdCuUEDaN23XkHAg2itXKS5+
j5/Y0gQpr0YzTXzmGSa2liLJjML2Hz5heB5Zp1K+wLC8mQyZ70OOBFyWWoaQ0vEF
O6j8kbD2kXS6QMwD4pisOTt5BJvqcPoZ
</Encrypted>
</CancelInfo>
<ManageInfo/>
<ReservedInfo>
<MReserved1 urlencode="1"/>
<MReserved2 urlencode="1"/>
<MReserved3 urlencode="1"/>
</ReservedInfo>
</INIpay>
sK4orcN26iADh6cI7WCt5TytF1y6cRaIbq3ONQV19EDD63Ba6aJaM6PkWf6c17+S
mVFkn3Kgh6pGRAnqzrbQnuTPjnU6iRdbCiCigXiNL6ipgI323k9maT7dydfJ4wON
vZbU257gH/a+1RuZbFwInyWSpg4PGy0I0ALxv3q6ywY=
]
INFO	[2021-03-27 23:17:52:198] <7493> VERIFY OK
INFO	[2021-03-27 23:17:52:198] <7493> PARSE HEAD OK
INFO	[2021-03-27 23:17:52:198] <7493> PARSE BODY OK
INFO	[2021-03-27 23:17:52:199] <7493> DECRYPT OK
DEBUG	[2021-03-27 23:17:52:199] <7493> DECRYPT MSG:[<?xml version="1.0" encoding="UTF-8"?><CancelInfo>
<CancelDate>20210327</CancelDate>
<CancelTime>231752</CancelTime>
<ResultCode>120000</ResultCode>
<ResultMsg urlencode="1">%C1%A4%BB%F3%C3%B3%B8%AE%B5%C7%BE%FA%BD%C0%B4%CF%B4%D9.</ResultMsg>
</CancelInfo>]
INFO	[2021-03-27 23:17:52:199] <7493> DECRYPT PARSE OK
INFO	[2021-03-27 23:17:52:199] <7493> END cancel 정상처리되었습니다. Laptime:[1.075sec]
INFO	[2021-03-27 23:17:52:199] <7493> ===============================================================
