INFO	[2020-04-30 18:45:11:300] <10034> START INIPHP cancel (V5036-141209)(OS:Linux2.6.32-754.11.1.el6.x86_64,PHP:5.3.3)
DEBUG	[2020-04-30 18:45:11:300] <10034> inipayhome:/home/killdeal/public_html/shop/inicis
DEBUG	[2020-04-30 18:45:11:300] <10034> debug:false
DEBUG	[2020-04-30 18:45:11:300] <10034> type:cancel
DEBUG	[2020-04-30 18:45:11:300] <10034> mid:majorgol03
DEBUG	[2020-04-30 18:45:11:300] <10034> admin:1111
DEBUG	[2020-04-30 18:45:11:300] <10034> tid:INIMX_CARDmajorgol0320200430182712985533
DEBUG	[2020-04-30 18:45:11:300] <10034> cancelmsg:주문자 본인 취소-상품옵션 선택 잘못함
INFO	[2020-04-30 18:45:11:300] <10034> Check Field OK
INFO	[2020-04-30 18:45:11:300] <10034> PI PUB KEY LOAD OK []
INFO	[2020-04-30 18:45:11:300] <10034> PG PUB KEY LOAD OK [30]
INFO	[2020-04-30 18:45:11:301] <10034> MERCHANT PRIV KEY LOAD OK
INFO	[2020-04-30 18:45:11:301] <10034> MERCHANT PUB KEY LOAD OK [0]
DEBUG	[2020-04-30 18:45:11:301] <10034> MAKE ENCRYPT OK[<?xml version="1.0" encoding="UTF-8"?>
<CancelInfo>
	  <CancelTID>INIMX_CARDmajorgol0320200430182712985533</CancelTID>
	  <CancelMsg urlencode="1">%C1%D6%B9%AE%C0%DA+%BA%BB%C0%CE+%C3%EB%BC%D2-%BB%F3%C7%B0%BF%C9%BC%C7+%BC%B1%C5%C3+%C0%DF%B8%F8%C7%D4</CancelMsg>
	  <CancelReason/></CancelInfo>]
INFO	[2020-04-30 18:45:11:302] <10034> MAKE BODY OK
INFO	[2020-04-30 18:45:11:302] <10034> SIGN OK
INFO	[2020-04-30 18:45:11:302] <10034> MAKE HEAD OK
INFO	[2020-04-30 18:45:11:302] <10034> MSG_TO_PG:[0101500175D SHA1                   0                                      300420majorgol03                    INIMX_CARDmajorgol0320200430182712985533<?xml version="1.0" encoding="UTF-8"?>
<INIpay>
	  <CancelInfo>
	    <SessionKey>Efo2M86BMWxFMUWiM+Y5bqNVtlCudZavLMlat5Lwi0sLs5nTO5h0+HJMfLMuDYfo
lmIGLjp/KngFg4F3RA3vYZxQpqF9mu/zTMN5E5jhv8R+f0P5XtlV9Wm2fr+8V1dt
bh2Qqroboj0f4h3YOw/GIMPIWvfIaOa5XWu5kTA3SGSmFvJC8wwM/w==
</SessionKey>
	    <Encrypted>yMEORgkjHNC+FuwvwKSGQeBoOB1mmHfe7xm878ygVOjD1Uqo/NxC1MgkEjELC/cW
NldwIcwNQqQzrbhDLTVWKo1So4POjvTLFQYHnIuSbRVhEwUACW88vtx/XHbb9R5A
uyIugcXtgP0jJE16cXFn11WQT+P1bPJ4IdLXUqHGdThNnYQ4BFjg/yAYBGTDI8Lv
sBZeWhsV3fCAuoxj03ru0aXfPEcIbbgqJq5fSv7zHAHKhBcKDmVfAYtzplRgv9OB
K0hrm7FiqwzTCNC+LKE5jAQIWjN+rkR4RPjs45fnRVa6dFM06Jisgga8UTq667Vp
Bx7+xAf1ICqQYPa52f5+tvcLDVrlYJk29Yw7I80cXpFMA1Rzdnz2y/WOHqYzSC4e
fkQXbF2VIRk=
</Encrypted></CancelInfo>
	  <ReservedInfo>
	    <MReserved1/>
	    <MReserved2/>
	    <MReserved3/></ReservedInfo>
	  <ManageInfo>
	    <Language/>
	    <URL/>
	    <TXVersion>5036B141209canceLinux     PHPchkfake   2.6.32-754.11.1.el6.x86_64PHP:</TXVersion>
	    <TXUserID/>
	    <TXRegNum/></ManageInfo></INIpay>ANGc2Cgnz5SdgYLkanZYkZC93ssi3x4ALkc+T0iNi08KHcgWc2n+WX5fDP9M+I+u
m+c3jKsb6prWgLDjuyKpTc1zS4C84kYVUQP2GSB38CJaPWI0I00XDkYukFW2RZZS
n0e2umUkz/lBMtVEjqCb92YFLkgd7bC259UcfJYNmAld
]
INFO	[2020-04-30 18:45:11:302] <10034> DNS LOOKUP OK(203.238.37.3:203.238.37.3:34049) laptime:0
INFO	[2020-04-30 18:45:11:304] <10034> SOCKET CONNECT OK
INFO	[2020-04-30 18:45:11:304] <10034> SEND OK
INFO	[2020-04-30 18:45:11:729] <10034> RECV OK
INFO	[2020-04-30 18:45:11:729] <10034> MSG_FROM_PG:[0115800175D SHA1                   0                                      300430majorgol03                    INIMX_CARDmajorgol0320200430182712985533<?xml version="1.0" encoding="UTF-8"?>
<INIpay>
  <CancelInfo>
    <ResultCode>120000</ResultCode>
    <ResultMsg urlencode="1">%C1%A4%BB%F3%C3%B3%B8%AE%B5%C7%BE%FA%BD%C0%B4%CF%B4%D9.</ResultMsg>
    <SessionKey>AMuYlkpjkHeIJy6W0sppYNuBme0yqFpoCc9YIcvWCnIBqck4pRhgyIfJgBQv54NZ
k9huuSnkzeA3T+MEuHLw3iouCzMDxnoDJjVK0exUHE00ldTCffcxccDYGSguAoKG
gJ6X6NZQtISZf6h8gwOQiIj4SFnxQteUixuIxqh2rij5V14C5L1I4+k=
</SessionKey>
    <Encrypted>LK4ck0DZnNrPaSRIJXY6IheL5IxKi2K+XsMG9Q9pZe5q7wvunjYZuJ5TRWlyjpHJ
SzBy/Nzxo6BpkYjZHncUQ6jH+sEvfp3at1myI/folCspCoFLZqSe4xHgL2iR2jvH
IhXQrHJ+3ZwreV4I1Iv0IA6qZAqirmLKJVc74GNiahvXncWDAQFPWuJYIlJYDuTR
L26WltIq8q0ssZh3e2SnjHaf8e65CAu0v4jGQPLMT/1ebJQoZBRHPME4FQ6GUA6z
V+VdCHuSiEPoO+dn54dpa/t6zV8tqGewO7gijl81I23DZvn2tgnN7nVp9ooqpZ7D
JdoA/z4Gmd7vG7Cr8cElhx9bZClH9tmJ99kaGvRdq/I=
</Encrypted>
  </CancelInfo>
  <ManageInfo/>
  <ReservedInfo>
    <MReserved1 urlencode="1"></MReserved1>
    <MReserved2 urlencode="1"></MReserved2>
    <MReserved3 urlencode="1"></MReserved3>
    <PGReserved1 urlencode="1"></PGReserved1>
    <PGReserved2 urlencode="1"></PGReserved2>
    <PGReserved3 urlencode="1"></PGReserved3>
  </ReservedInfo>
</INIpay>
3+yLa0Twhs0nivQe/bXn7LjSzVz0uMJn4qC3j5/WkWLBr8e0QDL7+8ofXjh7At2I
fuORANeF819/Awovs8LGjGa7RzY7c0uPmP4UHtFTFhczVmfHQtqEaLRTRlwYjL6q
Rh8QVtvI85WyX9//9MPSPEkKRGFMJyadOB8eUj8NngQ=
]
INFO	[2020-04-30 18:45:11:729] <10034> VERIFY OK
INFO	[2020-04-30 18:45:11:729] <10034> PARSE HEAD OK
INFO	[2020-04-30 18:45:11:730] <10034> PARSE BODY OK
INFO	[2020-04-30 18:45:11:730] <10034> DECRYPT OK
DEBUG	[2020-04-30 18:45:11:730] <10034> DECRYPT MSG:[<?xml version="1.0" encoding="UTF-8"?>
<CancelInfo>
  <CancelDate>20200430</CancelDate>
  <CancelTime>184512</CancelTime>
  <ResultCode>120000</ResultCode>
  <ResultMsg urlencode="1">%C1%A4%BB%F3%C3%B3%B8%AE%B5%C7%BE%FA%BD%C0%B4%CF%B4%D9.</ResultMsg>
</CancelInfo>]
INFO	[2020-04-30 18:45:11:730] <10034> DECRYPT PARSE OK
INFO	[2020-04-30 18:45:11:730] <10034> END cancel 정상처리되었습니다. Laptime:[0.431sec]
INFO	[2020-04-30 18:45:11:730] <10034> ===============================================================
INFO	[2020-04-30 20:47:57:29] <9954> START INIPHP cancel (V5036-141209)(OS:Linux2.6.32-754.11.1.el6.x86_64,PHP:5.3.3)
DEBUG	[2020-04-30 20:47:57:29] <9954> inipayhome:/home/killdeal/public_html/shop/inicis
DEBUG	[2020-04-30 20:47:57:29] <9954> debug:false
DEBUG	[2020-04-30 20:47:57:29] <9954> type:cancel
DEBUG	[2020-04-30 20:47:57:29] <9954> mid:majorgol03
DEBUG	[2020-04-30 20:47:57:29] <9954> admin:1111
DEBUG	[2020-04-30 20:47:57:29] <9954> tid:INIMX_VBNKmajorgol0320200430204457595669
DEBUG	[2020-04-30 20:47:57:29] <9954> cancelmsg:주문자 본인 취소-상품옵션 선택 잘못함
INFO	[2020-04-30 20:47:57:29] <9954> Check Field OK
INFO	[2020-04-30 20:47:57:29] <9954> PI PUB KEY LOAD OK []
INFO	[2020-04-30 20:47:57:29] <9954> PG PUB KEY LOAD OK [30]
INFO	[2020-04-30 20:47:57:29] <9954> MERCHANT PRIV KEY LOAD OK
INFO	[2020-04-30 20:47:57:29] <9954> MERCHANT PUB KEY LOAD OK [0]
DEBUG	[2020-04-30 20:47:57:30] <9954> MAKE ENCRYPT OK[<?xml version="1.0" encoding="UTF-8"?>
<CancelInfo>
	  <CancelTID>INIMX_VBNKmajorgol0320200430204457595669</CancelTID>
	  <CancelMsg urlencode="1">%C1%D6%B9%AE%C0%DA+%BA%BB%C0%CE+%C3%EB%BC%D2-%BB%F3%C7%B0%BF%C9%BC%C7+%BC%B1%C5%C3+%C0%DF%B8%F8%C7%D4</CancelMsg>
	  <CancelReason/></CancelInfo>]
INFO	[2020-04-30 20:47:57:30] <9954> MAKE BODY OK
INFO	[2020-04-30 20:47:57:30] <9954> SIGN OK
INFO	[2020-04-30 20:47:57:30] <9954> MAKE HEAD OK
INFO	[2020-04-30 20:47:57:30] <9954> MSG_TO_PG:[0101500175D SHA1                   0                                      300420majorgol03                    INIMX_VBNKmajorgol0320200430204457595669<?xml version="1.0" encoding="UTF-8"?>
<INIpay>
	  <CancelInfo>
	    <SessionKey>pP5L33wAiuQV1ykT6wzwJmf/elULxQaGZitDwFoMGLdjS7w7UkeVIZricWmmoHRi
eDICx6PRsenoKHwHeMwd/f3uHb91tB7kL3hkXzkiVBuhCkDKnbFIwlOMd9p6gBNB
OQ+JANCBmY+OoZ73rHJLVyeoLOMcmtXJJ10rRPWYL2U9d4MVhTOKGg==
</SessionKey>
	    <Encrypted>+7oYKOWmy+NyfaH5qp7jXEcGh/e8xgA0obHu8XDNUU9vUC5JIUsta5xmrkUhYc+J
JsB/mzkQ+g8eKYt0XZGI3Vyou41IccDXilF7Ru46YPCBSmsSJsXrzrIs5p2HfiLd
NDugvegPfCwypAFLjcY6gYpNscFcXTpYE3DeyWevYBWhNdESvuc9+B+D1LI2BhG1
lhlxaNeC5HxndsZpixnLq5vQWrkIp+4VbeiTbKMg6nUH7yPQcMgh1rnXMxo0+eBI
r9bvviY3y+QWqKwvvlhrATKsG6AyEGqjQqkrrzsVXIls03a21dnpCWMtvuVGRIWW
k4e6LUxFlYWu97scUZ75/jzSHPgPFR201NGxGpEhRnfwgCLgTl8ePH3yP0CLOn9x
ImDyrafrYS0=
</Encrypted></CancelInfo>
	  <ReservedInfo>
	    <MReserved1/>
	    <MReserved2/>
	    <MReserved3/></ReservedInfo>
	  <ManageInfo>
	    <Language/>
	    <URL/>
	    <TXVersion>5036B141209canceLinux     PHPchkfake   2.6.32-754.11.1.el6.x86_64PHP:</TXVersion>
	    <TXUserID/>
	    <TXRegNum/></ManageInfo></INIpay>AK0SI/URS3QjmRa2x4T3h3Io27RyNeuII9WBLtYFsnXef9honoSzsx3SnJEmhoCF
/dcV4w/J2rhM8+6wVAgQsb1JLL0tXuuK5Fuao24iLE5ipFJZ0lNOv0wX5/qzAa+h
1vp4j1Z+VycBkMR9WpWtAYYSJ6OhKykXtxSKFwngFL27
]
INFO	[2020-04-30 20:47:57:30] <9954> DNS LOOKUP OK(203.238.37.3:203.238.37.3:34049) laptime:0
INFO	[2020-04-30 20:47:57:32] <9954> SOCKET CONNECT OK
INFO	[2020-04-30 20:47:57:32] <9954> SEND OK
INFO	[2020-04-30 20:47:57:199] <9954> RECV OK
INFO	[2020-04-30 20:47:57:199] <9954> MSG_FROM_PG:[0159300175D SHA1                   0                                      300430majorgol03                    INIMX_VBNKmajorgol0320200430204457595669<?xml version="1.0" encoding="UTF-8"?>
<INIpay>
  <CancelInfo>
    <ResultCode>170000</ResultCode>
    <ResultMsg urlencode="1">%C1%A4%BB%F3%C3%B3%B8%AE%B5%C7%BE%FA%BD%C0%B4%CF%B4%D9.</ResultMsg>
    <SessionKey>AMYy9LSgLB55vJak/cInIJWsILxdGHQTwfpM/sgFrZNY8YldohAVveN1RwG7/Z5c
l1xw636hxWo8yCmAJAR4K1xAglMaHaU5eEl45InzTNm/JfGOVMBOKDnqSjc2gBOE
JCdTksyRhmKtizNlzgT/gGsBT9sABTeTk/JSFLKTNWBdtg953d1Skmo=
</SessionKey>
    <Encrypted>bSr7e7cqhkuCgd2/EFJp//nEZ+zC6zK+0dAYbdEyca6RnEjB5MrLiB4LLvKh+Gx8
dTREuklPYPU1t8XMqLdR1BXNkt9bLfjNTu1TCMQ8mPHS9DPlmBy7qS9jIw4dfpdZ
OvX+XDq4udcpoqz6K3tJHjuH0J3den77VxKkYxPe8XcvKeQX1XiFX4KQrKDd+Q1R
chsIBodC6V2TOq9kSa5QzjJHJXHDb6T7Q1Bal9t0OxWUqIYzksxlqa11KCWkB96k
Mmk1IPhnw0e9+QRCUlY7XEXdu+/vnHalI6qpOjBO34FxYDN8w+5DRqHX7fuuDNka
VUba8w+goYD7hZRuQ0QwNQLxzOGFIkURDjZmXKRA/0g7ZhhVFTHADApi52Mfr3AM
UBXhN77axCCYQch2INkZwN7MlojxLSHERPlZuBETGjUUiSuaXBQTG3c55Br+T3FJ
6/m2B/sYlhSiuWKzQDl3vVO79AhkI19N8iaM4oBU7cY6KiOQsvEAcO/iYYAf5gBc
7KkSnkFmRPDLiZQaMY1nd2wvp6vMLQv7RGIhv15JtNSYuQ2GLDs+ol4NHQPAC9hg
8sSoDmQH5Trbt9GnjY8StQWaCIpf8dCeR7YunMNRLABtMeCT4L29K9FyrTobFCeK
TmV3KcB8AgUfwgRE/7Al3I0LPP11LsL+ndO+wY/xeREE/GicSpAgLvf4m2am08s2
B/mZdhu8u0sl3vJ6nOSlrw1FsR+vyNs4506uujAO2XrAujWtKbKiI31MGEHWomrO
faMHxDwQm6nP+o8CH5jsQg==
</Encrypted>
  </CancelInfo>
  <ManageInfo/>
  <ReservedInfo>
    <MReserved1 urlencode="1"></MReserved1>
    <MReserved2 urlencode="1"></MReserved2>
    <MReserved3 urlencode="1"></MReserved3>
    <PGReserved1 urlencode="1"></PGReserved1>
    <PGReserved2 urlencode="1"></PGReserved2>
    <PGReserved3 urlencode="1"></PGReserved3>
  </ReservedInfo>
</INIpay>
DOVNaDo7SPRIvI2UgDvA/RLejjdJU5JKhsqyre8NcaRw/gSExIQCYgZeiSaWUiVv
BC3DSxtDY/6Mgsy+OieEp3U7xtWVZKY8qDr7O+LhSHWtwA/rmCrtRrMoYJVMOQh0
NSzsRv4YSXDdrtT3B8yl2u/+aBEiPPXnWHaUtMB3PNA=
]
INFO	[2020-04-30 20:47:57:199] <9954> VERIFY OK
INFO	[2020-04-30 20:47:57:199] <9954> PARSE HEAD OK
INFO	[2020-04-30 20:47:57:200] <9954> PARSE BODY OK
INFO	[2020-04-30 20:47:57:201] <9954> DECRYPT OK
DEBUG	[2020-04-30 20:47:57:201] <9954> DECRYPT MSG:[<?xml version="1.0" encoding="UTF-8"?>
<CancelInfo>
  <CancelDate>20200430</CancelDate>
  <CancelTime>204757</CancelTime>
  <ResultCode>170000</ResultCode>
  <ResultMsg urlencode="1">%C1%A4%BB%F3%C3%B3%B8%AE%B5%C7%BE%FA%BD%C0%B4%CF%B4%D9.</ResultMsg>
  <CSHR_CancelNum></CSHR_CancelNum>
  <CSHR_CancelDate>20200430</CSHR_CancelDate>
  <CSHR_CancelTime>204757</CSHR_CancelTime>
  <CSHR_ResultCode>220000</CSHR_ResultCode>
  <CSHR_ResultMsg urlencode="1">%C1%A4%BB%F3%C3%B3%B8%AE%B5%C7%BE%FA%BD%C0%B4%CF%B4%D9.</CSHR_ResultMsg>
  <VACT_FlgRemit urlencode="1"></VACT_FlgRemit>
</CancelInfo>]
INFO	[2020-04-30 20:47:57:201] <9954> DECRYPT PARSE OK
INFO	[2020-04-30 20:47:57:201] <9954> END cancel 정상처리되었습니다. Laptime:[0.172sec]
INFO	[2020-04-30 20:47:57:201] <9954> ===============================================================
