INFO	[2020-03-16 11:28:08:495] <25016> START INIPHP cancel (V5036-141209)(OS:Linux2.6.32-754.11.1.el6.x86_64,PHP:5.3.3)
DEBUG	[2020-03-16 11:28:08:495] <25016> inipayhome:/home/killdeal/public_html/shop/inicis
DEBUG	[2020-03-16 11:28:08:495] <25016> debug:false
DEBUG	[2020-03-16 11:28:08:495] <25016> type:cancel
DEBUG	[2020-03-16 11:28:08:495] <25016> mid:majorgol03
DEBUG	[2020-03-16 11:28:08:495] <25016> admin:1111
DEBUG	[2020-03-16 11:28:08:495] <25016> tid:INIMX_CARDmajorgol0320200316112737415955
DEBUG	[2020-03-16 11:28:08:495] <25016> cancelmsg:쇼핑몰 운영자 승인 취소
INFO	[2020-03-16 11:28:08:495] <25016> Check Field OK
INFO	[2020-03-16 11:28:08:495] <25016> PI PUB KEY LOAD OK []
INFO	[2020-03-16 11:28:08:495] <25016> PG PUB KEY LOAD OK [30]
INFO	[2020-03-16 11:28:08:495] <25016> MERCHANT PRIV KEY LOAD OK
INFO	[2020-03-16 11:28:08:496] <25016> MERCHANT PUB KEY LOAD OK [0]
DEBUG	[2020-03-16 11:28:08:496] <25016> MAKE ENCRYPT OK[<?xml version="1.0" encoding="UTF-8"?>
<CancelInfo>
	  <CancelTID>INIMX_CARDmajorgol0320200316112737415955</CancelTID>
	  <CancelMsg urlencode="1">%BC%EE%C7%CE%B8%F4+%BF%EE%BF%B5%C0%DA+%BD%C2%C0%CE+%C3%EB%BC%D2</CancelMsg>
	  <CancelReason/></CancelInfo>]
INFO	[2020-03-16 11:28:08:496] <25016> MAKE BODY OK
INFO	[2020-03-16 11:28:08:497] <25016> SIGN OK
INFO	[2020-03-16 11:28:08:497] <25016> MAKE HEAD OK
INFO	[2020-03-16 11:28:08:497] <25016> MSG_TO_PG:[0096200175D SHA1                   0                                      300420majorgol03                    INIMX_CARDmajorgol0320200316112737415955<?xml version="1.0" encoding="UTF-8"?>
<INIpay>
	  <CancelInfo>
	    <SessionKey>4FmpWAtufZXcSnRT+vCEO7FNTZ5+sELelwFkRixWryOSvCwHSNyBQH2O7D8B2MJS
77SNcVii8yawhhP+rlhrakBpptgwk0HLppoeFIrGCimxTU3RFBCAVcjmxn6DZVpH
BJxcTSskdldvxhukShvkmRZtCZjn5JwZ5TjNs2/Nqp4JaPrxU5rjGg==
</SessionKey>
	    <Encrypted>QiC9yVSFjzQ+yxuwUebHCtQvOv81qeLuCfKzj3ImNQFaFAFbyqhtOa5eTyTJIo4y
9phOJq9z11Z3cTmoOXqgryY/9GQ3r/NmVhM7JL6ozEzYwqBq/MTjzYIWnGJ7nhku
f7L6E+BLxlAGrBK34r6UODv4KL1NwL5Tf/CV1mKBRWyruL7XytzjlxE/V8ZGn6ep
FcuX7n8dhBZ8wlSQSq5LOkIJcfpTU9pThDhDnbZel9Hw+dio39dD3GcIdA9ZpdsO
Xkg4DIdhs3bgCv64AjztGhqWpQ/5H1MEnmrZkMV94HHJvEHgoxkFYtQv9TcN3e2q
3UevdSzERXLSc4GFjdXxdw==
</Encrypted></CancelInfo>
	  <ReservedInfo>
	    <MReserved1/>
	    <MReserved2/>
	    <MReserved3/></ReservedInfo>
	  <ManageInfo>
	    <Language/>
	    <URL/>
	    <TXVersion>5036B141209canceLinux     PHPchkfake   2.6.32-754.11.1.el6.x86_64PHP:</TXVersion>
	    <TXUserID/>
	    <TXRegNum/></ManageInfo></INIpay>AAtIWKtWWN0Otvm4/iupbBT+AYzQC9I9LiENPRFcCH3iPPWL+4Y8GMx5kqHx5ddq
d/VwXjDLbGooLvuERwHOnHGXN9ah3g0CAH0qslHQ/VLeQMtHjYkPvwOTi+YVO1d9
dGBJknfVQ2J1tNZLWo8OMJDluIfrlak+fBXSWd+nFPkE
]
INFO	[2020-03-16 11:28:08:497] <25016> DNS LOOKUP OK(203.238.37.3:203.238.37.3:34049) laptime:0
INFO	[2020-03-16 11:28:08:499] <25016> SOCKET CONNECT OK
INFO	[2020-03-16 11:28:08:499] <25016> SEND OK
INFO	[2020-03-16 11:28:09:14] <25016> RECV OK
INFO	[2020-03-16 11:28:09:15] <25016> MSG_FROM_PG:[0115800175D SHA1                   0                                      300430majorgol03                    INIMX_CARDmajorgol0320200316112737415955<?xml version="1.0" encoding="UTF-8"?>
<INIpay>
  <CancelInfo>
    <ResultCode>120000</ResultCode>
    <ResultMsg urlencode="1">%C1%A4%BB%F3%C3%B3%B8%AE%B5%C7%BE%FA%BD%C0%B4%CF%B4%D9.</ResultMsg>
    <SessionKey>AIWbk4OKmY5l89XpHIYORtjT0fMn3X8NcsWocYr9OueEMyn21b1RmpXjo+QoKQDJ
7EjpGzFc2oNEBjR2h2x7m5wPICyCAmV+iBozdDnAN2K7z/Myu6NJON6l8pvORytN
fIo7eYKwi90oEMV0IW22hzyuCv0H6yIFbtkGR+7tg+//XYkFKaGDSXU=
</SessionKey>
    <Encrypted>fMB6diBgTsoJ0WDN7DcpPUHWaNcYLK4KUuj+gn6JFdN4yDgeyqwwuE7JQQVm5F6C
mqhaMHO2XUz4SVETrR8i1StLmH6ZPaoeXKooDWvUkOVpZEkc82jM3CN+2Bm8qAPK
zMtowq/Cop9fHCRW52rABRffb7CGBTukIIDWC460uvpTHulfEkUnxkxypyHlv4bR
ZWmc2+79y7OTMMR8uzerz+bqAY8aTEiZkfoqg8m2M/DN3lX1+v6gv7HoRihkvs5h
Cc4x9QbQDrTHPYLunFZ4rcf4rJMJKfYinfyREGsNrLN0sHmrdincmNXvGOhAQUv6
67WFBVg7BhitRN+VfYj+TttDq3m+zC7aJ0IJkvFWB1w=
</Encrypted>
  </CancelInfo>
  <ManageInfo/>
  <ReservedInfo>
    <MReserved1 urlencode="1"></MReserved1>
    <MReserved2 urlencode="1"></MReserved2>
    <MReserved3 urlencode="1"></MReserved3>
    <PGReserved1 urlencode="1"></PGReserved1>
    <PGReserved2 urlencode="1"></PGReserved2>
    <PGReserved3 urlencode="1"></PGReserved3>
  </ReservedInfo>
</INIpay>
vk/MrDomlknSTbDclB3mVqIc7vQkY9XHqzVctIQxax2/N637vr+D7mIHsRG05aHF
ZxIYXY7+nY6OhEr1vzZ6Im7a2SDVX3jQg0TAf0YngJAcBk85fOA6tup3AGI8Lqht
xnLdNlStLAjeyefBaQxJHytfD7mjFsO4j8rvKjNOxkI=
]
INFO	[2020-03-16 11:28:09:15] <25016> VERIFY OK
INFO	[2020-03-16 11:28:09:15] <25016> PARSE HEAD OK
INFO	[2020-03-16 11:28:09:15] <25016> PARSE BODY OK
INFO	[2020-03-16 11:28:09:16] <25016> DECRYPT OK
DEBUG	[2020-03-16 11:28:09:16] <25016> DECRYPT MSG:[<?xml version="1.0" encoding="UTF-8"?>
<CancelInfo>
  <CancelDate>20200316</CancelDate>
  <CancelTime>112809</CancelTime>
  <ResultCode>120000</ResultCode>
  <ResultMsg urlencode="1">%C1%A4%BB%F3%C3%B3%B8%AE%B5%C7%BE%FA%BD%C0%B4%CF%B4%D9.</ResultMsg>
</CancelInfo>]
INFO	[2020-03-16 11:28:09:16] <25016> DECRYPT PARSE OK
INFO	[2020-03-16 11:28:09:16] <25016> END cancel 정상처리되었습니다. Laptime:[0.521sec]
INFO	[2020-03-16 11:28:09:16] <25016> ===============================================================
INFO	[2020-03-16 12:36:01:690] <11171> START INIPHP cancel (V5036-141209)(OS:Linux2.6.32-754.11.1.el6.x86_64,PHP:5.3.3)
DEBUG	[2020-03-16 12:36:01:690] <11171> inipayhome:/home/killdeal/public_html/shop/inicis
DEBUG	[2020-03-16 12:36:01:690] <11171> debug:false
DEBUG	[2020-03-16 12:36:01:690] <11171> type:cancel
DEBUG	[2020-03-16 12:36:01:690] <11171> mid:majorgol03
DEBUG	[2020-03-16 12:36:01:690] <11171> admin:1111
DEBUG	[2020-03-16 12:36:01:690] <11171> tid:INIMX_CARDmajorgol0320200316123536585822
DEBUG	[2020-03-16 12:36:01:690] <11171> cancelmsg:쇼핑몰 운영자 승인 취소
INFO	[2020-03-16 12:36:01:690] <11171> Check Field OK
INFO	[2020-03-16 12:36:01:690] <11171> PI PUB KEY LOAD OK []
INFO	[2020-03-16 12:36:01:691] <11171> PG PUB KEY LOAD OK [30]
INFO	[2020-03-16 12:36:01:691] <11171> MERCHANT PRIV KEY LOAD OK
INFO	[2020-03-16 12:36:01:691] <11171> MERCHANT PUB KEY LOAD OK [0]
DEBUG	[2020-03-16 12:36:01:691] <11171> MAKE ENCRYPT OK[<?xml version="1.0" encoding="UTF-8"?>
<CancelInfo>
	  <CancelTID>INIMX_CARDmajorgol0320200316123536585822</CancelTID>
	  <CancelMsg urlencode="1">%BC%EE%C7%CE%B8%F4+%BF%EE%BF%B5%C0%DA+%BD%C2%C0%CE+%C3%EB%BC%D2</CancelMsg>
	  <CancelReason/></CancelInfo>]
INFO	[2020-03-16 12:36:01:692] <11171> MAKE BODY OK
INFO	[2020-03-16 12:36:01:692] <11171> SIGN OK
INFO	[2020-03-16 12:36:01:692] <11171> MAKE HEAD OK
INFO	[2020-03-16 12:36:01:692] <11171> MSG_TO_PG:[0096200175D SHA1                   0                                      300420majorgol03                    INIMX_CARDmajorgol0320200316123536585822<?xml version="1.0" encoding="UTF-8"?>
<INIpay>
	  <CancelInfo>
	    <SessionKey>P1pDruuaTbCS0f4u+0t/6GZDqhmMpt7+Yv4rWVXRE2m84uc3lTwYju1cu4uvXfNU
/9C3plFJVUZKzrhFHay+c6i2vR1yDq8YDpu3k/Ry0IPmfPhyn2IKat+WXuZTUIpt
wjWR4cEUIDRVRmeNKsySSVHTo/S1lstpEKOBf/40Jf3IeuejjH5OfQ==
</SessionKey>
	    <Encrypted>b8e2n5/YMRpuD2GErWyG0GZ0OkxVxyQ9TFJYNi1wq+VXSIQ1fRdFmv5QhQFKgNmp
14Kn2JrBwErNJRQXxDg4R+7mP92QkMCTZAwFH/cAjBrzbLFIIGCUR2FoD3xmwPYT
d9lOP+vVOywL4eln2IRDVwS9hRlZ5VdC8wt9C4+JJmxK5bhW4GKz6aIrkigZUDcF
8z5az384H5crIvCgI8TrLdXuK2yzmkixKxnfss7piBLJ782gFHHc3TNNv1QMpYtm
mBmCT32HTqqahjxnziUCDg75MhV037Cyr/qYxuxLcFeqK7WYGhwZiv6wGG2SstL7
fAAN8g480pEt4CzbVsNHpA==
</Encrypted></CancelInfo>
	  <ReservedInfo>
	    <MReserved1/>
	    <MReserved2/>
	    <MReserved3/></ReservedInfo>
	  <ManageInfo>
	    <Language/>
	    <URL/>
	    <TXVersion>5036B141209canceLinux     PHPchkfake   2.6.32-754.11.1.el6.x86_64PHP:</TXVersion>
	    <TXUserID/>
	    <TXRegNum/></ManageInfo></INIpay>AN2P6a8L7dpFUdhSfKP28QJRi86oR6aUXDxR6LpN4BwUnF0hayt3NdW/fcMkj1F+
gn0H7KFjOr0Yis1MwP4BVWjsEEeLnwntZxgJzlSdkQ7Ssf0fJemmK1Qvx8eIKnLm
BfopntLM9yu+0nDWETIZimZUYl2JxCqtXBX9RhTwtyJ8
]
INFO	[2020-03-16 12:36:01:692] <11171> DNS LOOKUP OK(203.238.37.3:203.238.37.3:34049) laptime:0
INFO	[2020-03-16 12:36:01:694] <11171> SOCKET CONNECT OK
INFO	[2020-03-16 12:36:01:694] <11171> SEND OK
INFO	[2020-03-16 12:36:02:124] <11171> RECV OK
INFO	[2020-03-16 12:36:02:124] <11171> MSG_FROM_PG:[0115800175D SHA1                   0                                      300430majorgol03                    INIMX_CARDmajorgol0320200316123536585822<?xml version="1.0" encoding="UTF-8"?>
<INIpay>
  <CancelInfo>
    <ResultCode>120000</ResultCode>
    <ResultMsg urlencode="1">%C1%A4%BB%F3%C3%B3%B8%AE%B5%C7%BE%FA%BD%C0%B4%CF%B4%D9.</ResultMsg>
    <SessionKey>APjeKK7nsLT8UYC/VDx2RRXRtVe8Y4yNxCydra4zr3roZSGLhjNKL3GIddYuRvGc
DS7x+bR3mNBlFGdSs/84zzXQL7l4Ym0v8Tx0nfQcV9Mrs6wVSu7TPE27McP1Rnu/
/cax4yggiXrMDGLm2626W7AgYpWC7vBKjqxy+cqgsKDXK/9JtY3ryqQ=
</SessionKey>
    <Encrypted>tkkWz62d/Hq689SgT4FI3sy92C/N8iUrCB7KN/guE+NSC/oUXFyAH3OAWuHqnzkj
R8MAHDqpvTHWzUf6v8+Ll9RXRRIy0Z55gzI0LZ6pbH/gGkVxnOlHUd+TNf7nvHZe
YB49F85OEjz2fe31Qm8sq/D2eyi9nJbf3RtLTE3HoMyA2tCSQTq5NZwy7r46lDQG
7qwQcoI66faoPxQ6YvFLi65/am7KoxsX9mD0PRLC14klPXZk9dQNqrBdXujuTBN4
ltQamiBU1YmJhDn+C6IYgG2Z6r11bLAM0IwqjEluHYPC0qb+1a5ViMbt7OMxjjXo
/fSpaDndjkfVcuvGS/JvA3C1FHVy8iOkg5gzOuuIEYE=
</Encrypted>
  </CancelInfo>
  <ManageInfo/>
  <ReservedInfo>
    <MReserved1 urlencode="1"></MReserved1>
    <MReserved2 urlencode="1"></MReserved2>
    <MReserved3 urlencode="1"></MReserved3>
    <PGReserved1 urlencode="1"></PGReserved1>
    <PGReserved2 urlencode="1"></PGReserved2>
    <PGReserved3 urlencode="1"></PGReserved3>
  </ReservedInfo>
</INIpay>
TpkL/DRYqWBsTyW+R4M0Ayn0foVTad01VoKYIG5A4cCRLYuq0lbhYjQuNGP/Z3IO
aPVpXivVWkqrhYGk36Eh1DHDAbv8bluZhK53bB2xqV2YNTnBWoDhjR9rObM2D8hz
we0WGoKZLfRTNvAQPGBpYfltD2BRFQo1OKQbLiXmxUk=
]
INFO	[2020-03-16 12:36:02:124] <11171> VERIFY OK
INFO	[2020-03-16 12:36:02:124] <11171> PARSE HEAD OK
INFO	[2020-03-16 12:36:02:124] <11171> PARSE BODY OK
INFO	[2020-03-16 12:36:02:125] <11171> DECRYPT OK
DEBUG	[2020-03-16 12:36:02:125] <11171> DECRYPT MSG:[<?xml version="1.0" encoding="UTF-8"?>
<CancelInfo>
  <CancelDate>20200316</CancelDate>
  <CancelTime>123602</CancelTime>
  <ResultCode>120000</ResultCode>
  <ResultMsg urlencode="1">%C1%A4%BB%F3%C3%B3%B8%AE%B5%C7%BE%FA%BD%C0%B4%CF%B4%D9.</ResultMsg>
</CancelInfo>]
INFO	[2020-03-16 12:36:02:125] <11171> DECRYPT PARSE OK
INFO	[2020-03-16 12:36:02:125] <11171> END cancel 정상처리되었습니다. Laptime:[0.435sec]
INFO	[2020-03-16 12:36:02:125] <11171> ===============================================================
INFO	[2020-03-16 12:41:19:195] <12884> START INIPHP cancel (V5036-141209)(OS:Linux2.6.32-754.11.1.el6.x86_64,PHP:5.3.3)
DEBUG	[2020-03-16 12:41:19:195] <12884> inipayhome:/home/killdeal/public_html/shop/inicis
DEBUG	[2020-03-16 12:41:19:195] <12884> debug:false
DEBUG	[2020-03-16 12:41:19:195] <12884> type:cancel
DEBUG	[2020-03-16 12:41:19:195] <12884> mid:majorgol03
DEBUG	[2020-03-16 12:41:19:195] <12884> admin:1111
DEBUG	[2020-03-16 12:41:19:195] <12884> tid:INIMX_CARDmajorgol0320200316123919255551
DEBUG	[2020-03-16 12:41:19:195] <12884> cancelmsg:주문자 본인 취소-구매의사 없음
INFO	[2020-03-16 12:41:19:195] <12884> Check Field OK
INFO	[2020-03-16 12:41:19:195] <12884> PI PUB KEY LOAD OK []
INFO	[2020-03-16 12:41:19:196] <12884> PG PUB KEY LOAD OK [30]
INFO	[2020-03-16 12:41:19:196] <12884> MERCHANT PRIV KEY LOAD OK
INFO	[2020-03-16 12:41:19:196] <12884> MERCHANT PUB KEY LOAD OK [0]
DEBUG	[2020-03-16 12:41:19:196] <12884> MAKE ENCRYPT OK[<?xml version="1.0" encoding="UTF-8"?>
<CancelInfo>
	  <CancelTID>INIMX_CARDmajorgol0320200316123919255551</CancelTID>
	  <CancelMsg urlencode="1">%C1%D6%B9%AE%C0%DA+%BA%BB%C0%CE+%C3%EB%BC%D2-%B1%B8%B8%C5%C0%C7%BB%E7+%BE%F8%C0%BD</CancelMsg>
	  <CancelReason/></CancelInfo>]
INFO	[2020-03-16 12:41:19:196] <12884> MAKE BODY OK
INFO	[2020-03-16 12:41:19:197] <12884> SIGN OK
INFO	[2020-03-16 12:41:19:197] <12884> MAKE HEAD OK
INFO	[2020-03-16 12:41:19:197] <12884> MSG_TO_PG:[0099400175D SHA1                   0                                      300420majorgol03                    INIMX_CARDmajorgol0320200316123919255551<?xml version="1.0" encoding="UTF-8"?>
<INIpay>
	  <CancelInfo>
	    <SessionKey>gXzrt/p6b2ionxIaqOVJCFKY7GLx7M3urZ29ZUBFaoNBGvM+t4TD5Rq/Ni1AnxaM
ukK4jKhBRMQylZv41PEYX+LMU2AO1FTSQyCA+gXqFa48xh5jBLhuVRwJz/UzK3oq
p/ObWu292S6gFshFg4GG/+8yjk+rDbyIyxFcf1wuJ7l2GUPMoIZZuQ==
</SessionKey>
	    <Encrypted>39ApKdLmNYKHqV0U7iHqa6ahEMwPFCiWqn1WGgIfLSYVWjnqJgeROOQmxU3QpILc
IbLqJIVp0RBIc2jjp9hVxudDMMTG3KT9uss0A5jQKek6n79gBLJzLsU1fOfuqwCq
2scR6EzGieJg6xSeQAS9vvL8BMs/5jBmIDEWCkc7OC5VwXAtlzhy/Wfoly68Fob9
QOZrms1NCL5xhvucZl5Wf14tIkJRhyJCsl6fZ+rkKVN+gBcpXhnuTrqNbI/K6aSJ
kpSbaDpKDXIh7WdDye0T8TvNGCjspQkBzzw8XR26r47Y/J84dsrqdxWO2Z09ymMV
U1TWiSfFOS8z+CKVSBsfWux7PlKqeJaC3xY4MQJugTTvq2lXEP7CEA==
</Encrypted></CancelInfo>
	  <ReservedInfo>
	    <MReserved1/>
	    <MReserved2/>
	    <MReserved3/></ReservedInfo>
	  <ManageInfo>
	    <Language/>
	    <URL/>
	    <TXVersion>5036B141209canceLinux     PHPchkfake   2.6.32-754.11.1.el6.x86_64PHP:</TXVersion>
	    <TXUserID/>
	    <TXRegNum/></ManageInfo></INIpay>AM/c8rUJhCv6I+vnhC8j1WdTi0IMrT8KPtJZ6iNqVLB7mnOcKGYwZNU8hV7FDQN6
2d7d0gO1dbx97MSOiOhecVP/c4otPFnO9g1riJ8jH6y50MRbgjWFyRiXLmR2K4nS
Dxc9osq4zhgkKaCW43dfhneOxFGKxgLQ36UHE+bctwby
]
INFO	[2020-03-16 12:41:19:197] <12884> DNS LOOKUP OK(203.238.37.3:203.238.37.3:34049) laptime:0
INFO	[2020-03-16 12:41:19:199] <12884> SOCKET CONNECT OK
INFO	[2020-03-16 12:41:19:199] <12884> SEND OK
INFO	[2020-03-16 12:41:19:669] <12884> RECV OK
INFO	[2020-03-16 12:41:19:669] <12884> MSG_FROM_PG:[0115800175D SHA1                   0                                      300430majorgol03                    INIMX_CARDmajorgol0320200316123919255551<?xml version="1.0" encoding="UTF-8"?>
<INIpay>
  <CancelInfo>
    <ResultCode>120000</ResultCode>
    <ResultMsg urlencode="1">%C1%A4%BB%F3%C3%B3%B8%AE%B5%C7%BE%FA%BD%C0%B4%CF%B4%D9.</ResultMsg>
    <SessionKey>ARCcjAAuFFFai6HPnvYuYE6+uB+FdmP5+LmFwQhSC7ftMIX4SpJDdyLbY9e1KeYh
+yjd9Bt6OrJEA5ikZMvdtwcX+qlplFncQcoCohAX05zyCV3zGhAcdGw9fvxnjSM+
J3QX7AB+Sf6R5wAgt4dhcgc6s/I6WvI38yXK/k/27jBZYOhmnaQ8bpE=
</SessionKey>
    <Encrypted>p1fHXJVwoB8nitPCBEaxIhiShijWbi1kh7XupOL7KrXWBx1aeCkJZdaHf1bBUmo8
C9APmDHOUYcRN7CXYyYwZ916IH+/a08Hn7lOGwFeO00WrX3o6UNEYJ/gHJSKuP2y
UB1QHK5Hwt7O1Fw8XegRcAQCPJkh4megnowD9JBD1eO5HV5Ee8vNRRhd5VZlwLfd
VJvXbk1qO6A+3qa5KHPT/bu/u8sVvBVbHhMobVDBmMi/nAPDqMbc/wsk/ih1/PhK
97CKx2VXbigImBO9V/o8LjwIfNMz9NdYXyxN3i0TISYaRD251qyQXkSOm7qCMcmB
7fYaJ8GP9BAy2AEeysPfIq2oKk8qA4E/wwaUPHG0RMM=
</Encrypted>
  </CancelInfo>
  <ManageInfo/>
  <ReservedInfo>
    <MReserved1 urlencode="1"></MReserved1>
    <MReserved2 urlencode="1"></MReserved2>
    <MReserved3 urlencode="1"></MReserved3>
    <PGReserved1 urlencode="1"></PGReserved1>
    <PGReserved2 urlencode="1"></PGReserved2>
    <PGReserved3 urlencode="1"></PGReserved3>
  </ReservedInfo>
</INIpay>
u8vhNw1apKEsLwDX/FdVC3/VBrROSFtZbDBHUnHyg2G917fNEZLJzvFYlbhvf4pS
jLfZAaYAC/cbYYvpbN38yC09fPdVF27FYEVP+UELf2ci+qAhYrMUDHOgc6fIJ5tY
aoJxFOg6qPW3ESCfoyexUZWT0Nh7NfMXIoAI5vqkNOU=
]
INFO	[2020-03-16 12:41:19:669] <12884> VERIFY OK
INFO	[2020-03-16 12:41:19:669] <12884> PARSE HEAD OK
INFO	[2020-03-16 12:41:19:669] <12884> PARSE BODY OK
INFO	[2020-03-16 12:41:19:670] <12884> DECRYPT OK
DEBUG	[2020-03-16 12:41:19:670] <12884> DECRYPT MSG:[<?xml version="1.0" encoding="UTF-8"?>
<CancelInfo>
  <CancelDate>20200316</CancelDate>
  <CancelTime>124120</CancelTime>
  <ResultCode>120000</ResultCode>
  <ResultMsg urlencode="1">%C1%A4%BB%F3%C3%B3%B8%AE%B5%C7%BE%FA%BD%C0%B4%CF%B4%D9.</ResultMsg>
</CancelInfo>]
INFO	[2020-03-16 12:41:19:670] <12884> DECRYPT PARSE OK
INFO	[2020-03-16 12:41:19:670] <12884> END cancel 정상처리되었습니다. Laptime:[0.475sec]
INFO	[2020-03-16 12:41:19:670] <12884> ===============================================================
