INFO	[2021-09-09 16:04:01:738] <27286> START INIPHP repay (V5036-141209)(OS:Linux2.6.32-754.11.1.el6.x86_64,PHP:5.3.3)
DEBUG	[2021-09-09 16:04:01:738] <27286> inipayhome:/home1/killdeal/public_html/shop/inicis
DEBUG	[2021-09-09 16:04:01:738] <27286> debug:false
DEBUG	[2021-09-09 16:04:01:738] <27286> type:repay
DEBUG	[2021-09-09 16:04:01:738] <27286> pgid:INIphpRPAY
DEBUG	[2021-09-09 16:04:01:738] <27286> subpgip:203.238.3.10
DEBUG	[2021-09-09 16:04:01:738] <27286> mid:majorgol03
DEBUG	[2021-09-09 16:04:01:738] <27286> admin:1111
DEBUG	[2021-09-09 16:04:01:738] <27286> oldtid:INIMX_CARDmajorgol0320210828005505755674
DEBUG	[2021-09-09 16:04:01:738] <27286> currency:WON
DEBUG	[2021-09-09 16:04:01:738] <27286> price:84500
DEBUG	[2021-09-09 16:04:01:738] <27286> confirm_price:36600
DEBUG	[2021-09-09 16:04:01:738] <27286> buyeremail:miss778@yahoo.co.kr
DEBUG	[2021-09-09 16:04:01:738] <27286> tax:7682
DEBUG	[2021-09-09 16:04:01:738] <27286> taxfree:0
INFO	[2021-09-09 16:04:01:738] <27286> Check Field OK
INFO	[2021-09-09 16:04:01:739] <27286> Make TID OK INIphpRPAYmajorgol0320210909160401388640
INFO	[2021-09-09 16:04:01:739] <27286> PI PUB KEY LOAD OK []
INFO	[2021-09-09 16:04:01:739] <27286> PG PUB KEY LOAD OK [30]
INFO	[2021-09-09 16:04:01:739] <27286> MERCHANT PRIV KEY LOAD OK
INFO	[2021-09-09 16:04:01:740] <27286> MERCHANT PUB KEY LOAD OK [0]
DEBUG	[2021-09-09 16:04:01:740] <27286> MAKE ENCRYPT OK[<?xml version="1.0" encoding="UTF-8"?>
<PartCancelInfo>
	  <PRTC_TID>INIMX_CARDmajorgol0320210828005505755674</PRTC_TID>
	  <PRTC_Price>84500</PRTC_Price>
	  <PRTC_Remains>36600</PRTC_Remains>
	  <PRTC_Quota/>
	  <PRTC_Interest/>
	  <PRTC_NoAcctFNBC/>
	  <PRTC_NmAcctFNBC/></PartCancelInfo>]
INFO	[2021-09-09 16:04:01:740] <27286> MAKE BODY OK
INFO	[2021-09-09 16:04:01:741] <27286> SIGN OK
INFO	[2021-09-09 16:04:01:741] <27286> MAKE HEAD OK
INFO	[2021-09-09 16:04:01:741] <27286> MSG_TO_PG:[0111700175D SHA1                   0                                      300620majorgol03               84500INIphpRPAYmajorgol0320210909160401388640<?xml version="1.0" encoding="UTF-8"?>
<INIpay>
	  <PartCancelInfo>
	    <SessionKey>SueE5aGby1E5x+R++KA4oBgBskonT+WKGYrWTAWRmRw7o3wB5N8O1pLGf9x7QsoR
UFYpqxt2247ssueh1NnFdNXNQK8bR6Ycrg8ZZzy5az+3Bgkq8KkGQgwVAz3yapgz
GCjLLTLtmHXFI2YU3t2N+WC0QT3xFrS1v606RC/k/UIco+LFgEyhoA==
</SessionKey>
	    <Encrypted>ng3CGfxsG1bo2HuKxE7gN2vqHzvotvHBmHsPfibx/BmiUcXGg/DlymaiMkuonFH0
jKYyfsDW29eECq5/Eq9W3rHNGeIDOMrLyf4+cRvwLTjW9wjfxxHFkIEKxBxQPKGB
wG4BHFoN3/UNXaxSNZAXwRGD4WNf4asiZGVYQTk5AhzHLwzq61A5XmyZtGcF+AJT
k555n5okgT1e15V8CVS2OYQqbBllbrdldzB5HbyQ4XLnLOhPWH4WvUwnVuseUcX0
TBi8/ilqB7Nep+wR6gsFgOSri5UhtycVituAEeylLQ5uwtzld4KlW6DtDtMPfvIl
P5BmvLXJXOjh6YrERWUpd0OPrMG5eRDA+H2l3QjbXt40s1CGYpRG5ypG9rR4OSGQ
Ho8G54Vr8Ic=
</Encrypted></PartCancelInfo>
	  <GoodsInfo>
	    <Tax>7682</Tax>
	    <TaxFree/>
	    <Currency>WON</Currency></GoodsInfo>
	  <ReservedInfo>
	    <MReserved1/>
	    <MReserved2/>
	    <MReserved3/></ReservedInfo>
	  <ManageInfo>
	    <Language/>
	    <URL/>
	    <TXVersion>5036B141209repayLinux     PHPchkfake   2.6.32-754.11.1.el6.x86_64PHP:</TXVersion>
	    <TXUserID/>
	    <TXRegNum/></ManageInfo></INIpay>ABPWdLIBBoF/vBq2MeP0ROz4028et8c1ID5R9X2KKkKSmaJcMTQCCwChiltiU8xB
5nOlcVlyJqp7vGCKXeBR42bAo7P6RjDuwDegRhDJBgAfM6TOCs4UeGIBod6S2iOG
dDeQItHrv4b8asTwChg3sbya5V9/yCQl4UEq/T0oeuz1
]
INFO	[2021-09-09 16:04:01:741] <27286> DNS LOOKUP OK(203.238.37.3:203.238.37.3:34049) laptime:0
INFO	[2021-09-09 16:04:01:743] <27286> SOCKET CONNECT OK
INFO	[2021-09-09 16:04:01:743] <27286> SEND OK
INFO	[2021-09-09 16:04:02:43] <27286> RECV OK
INFO	[2021-09-09 16:04:02:43] <27286> MSG_FROM_PG:[0098000175D SHA1                   0                                      300630majorgol03               84500INIphpRPAYmajorgol0320210909160401388640<?xml version="1.0" encoding="UTF-8"?><INIpay>
<PartCancelInfo>
<PayMethod>Card</PayMethod>
<ResultCode>120000</ResultCode>
<ResultMsg urlencode="1">%C1%A4%BB%F3%C3%B3%B8%AE%B5%C7%BE%FA%BD%C0%B4%CF%B4%D9.</ResultMsg>
<SessionKey>ANnK+Nay8MLrvQCwbRtrfWttnmjXg1WgdhSjjE5K6CKa0+9jNlh5UFoNTuqvIw/E
CRjJDfowEBn4Z+GW0Y3fvftmV18qOtcAQQyIgx9iBgXr/PLF4Vc5KFHTj72Eeyz2
zWwOhWePMeWcCvwAnLZmwsCJRswHeSqEQPzcl6Sy6HUr0gaDkqWJvMQ=
</SessionKey>
<Encrypted>k95MYwvdLPNNoTABEOi24vWNDgUI+k2RKMVcIeDY83TpTLm+Mcydowx5wPLpo/3V
1NgtjctoVZBnHjDcKiH89z+HkJdZYTsj9iWctlPsc0XXqG09a24rpUZzbl5FvH+Y
5WFfjvchkkJEbj0gdS/AYHTijLHUqC59pJlC9agzVVz94kzMjnd3opFGl/+aNiW1
W1IX0MNDQ0pJonBJ4h01WB08rAIn8CXUOcAu17SDOpQXlbaAo4RdJMOru5BcQChk
n+Ez0Ppemijmk8sg3LduL07RXjB2E8smWqkWiZaRcJQtcGQeLo9OxImsCidgj0nk
WAcNw910Z56p/O3ljlKKhAa5vLOaH3lCz4cEiTbgFklV2rPIsEu7/lVaP+IQOiHH
d/qr7dCQ830Q1YQltiRjHyeDmhgMPx0IdryNuqcz0/bma53MtVbrWWXBJyAuhv3P
AlEjZznLc9M=
</Encrypted>
</PartCancelInfo>
<ManageInfo/>
<ReservedInfo/>
</INIpay>
CQdyEkaLyhczuZIVZDDj8FaCzm7ioM1vdG2P+wyKoelevIljiZ03vntpJvi3U4fV
7agVCAg3OneF7xi8hXgClaX7Amk62/zeIkQVcb4aPWL3S0GIJ4UPpV4btJH30Asr
cMRFl79nNA2IBUvVawvS6mFGJsDlyj6BqwCYiE+85g4=
]
INFO	[2021-09-09 16:04:02:43] <27286> VERIFY OK
INFO	[2021-09-09 16:04:02:43] <27286> PARSE HEAD OK
INFO	[2021-09-09 16:04:02:44] <27286> PARSE BODY OK
INFO	[2021-09-09 16:04:02:44] <27286> DECRYPT OK
DEBUG	[2021-09-09 16:04:02:44] <27286> DECRYPT MSG:[<?xml version="1.0" encoding="UTF-8"?><PartCancelInfo>
<PRTC_TID>INIMX_CARDmajorgol0320210828005505755674</PRTC_TID>
<PRTC_Price>84500</PRTC_Price>
<PRTC_Remains>36600</PRTC_Remains>
<PRTC_Quota>00</PRTC_Quota>
<PRTC_Type>1</PRTC_Type>
<CancelDate>20210909</CancelDate>
<CancelTime>160401</CancelTime>
<PRTC_Cnt>1</PRTC_Cnt>
</PartCancelInfo>]
INFO	[2021-09-09 16:04:02:45] <27286> DECRYPT PARSE OK
INFO	[2021-09-09 16:04:02:45] <27286> END repay 정상처리되었습니다. Laptime:[0.306sec]
INFO	[2021-09-09 16:04:02:45] <27286> ===============================================================
