INFO	[2023-02-20 10:56:51:688] <23355> START INIPHP repay (V5036-141209)(OS:Linux2.6.32-754.11.1.el6.x86_64,PHP:5.3.3)
DEBUG	[2023-02-20 10:56:51:688] <23355> inipayhome:/home1/killdeal/public_html/shop/inicis
DEBUG	[2023-02-20 10:56:51:688] <23355> debug:false
DEBUG	[2023-02-20 10:56:51:688] <23355> type:repay
DEBUG	[2023-02-20 10:56:51:688] <23355> pgid:INIphpRPAY
DEBUG	[2023-02-20 10:56:51:688] <23355> subpgip:203.238.3.10
DEBUG	[2023-02-20 10:56:51:688] <23355> mid:majorgol03
DEBUG	[2023-02-20 10:56:51:688] <23355> admin:1111
DEBUG	[2023-02-20 10:56:51:688] <23355> oldtid:StdpayCARDmajorgol0320230219171920408113
DEBUG	[2023-02-20 10:56:51:688] <23355> currency:WON
DEBUG	[2023-02-20 10:56:51:688] <23355> price:449000
DEBUG	[2023-02-20 10:56:51:688] <23355> confirm_price:234300
DEBUG	[2023-02-20 10:56:51:688] <23355> buyeremail:truth-shu@hanmail.net
DEBUG	[2023-02-20 10:56:51:688] <23355> tax:40818
DEBUG	[2023-02-20 10:56:51:688] <23355> taxfree:0
INFO	[2023-02-20 10:56:51:688] <23355> Check Field OK
INFO	[2023-02-20 10:56:51:688] <23355> Make TID OK INIphpRPAYmajorgol0320230220105651881787
INFO	[2023-02-20 10:56:51:688] <23355> PI PUB KEY LOAD OK []
INFO	[2023-02-20 10:56:51:689] <23355> PG PUB KEY LOAD OK [30]
INFO	[2023-02-20 10:56:51:689] <23355> MERCHANT PRIV KEY LOAD OK
INFO	[2023-02-20 10:56:51:689] <23355> MERCHANT PUB KEY LOAD OK [0]
DEBUG	[2023-02-20 10:56:51:690] <23355> MAKE ENCRYPT OK[<?xml version="1.0" encoding="UTF-8"?>
<PartCancelInfo>
	  <PRTC_TID>StdpayCARDmajorgol0320230219171920408113</PRTC_TID>
	  <PRTC_Price>449000</PRTC_Price>
	  <PRTC_Remains>234300</PRTC_Remains>
	  <PRTC_Quota/>
	  <PRTC_Interest/>
	  <PRTC_NoAcctFNBC/>
	  <PRTC_NmAcctFNBC/></PartCancelInfo>]
INFO	[2023-02-20 10:56:51:690] <23355> MAKE BODY OK
INFO	[2023-02-20 10:56:51:690] <23355> SIGN OK
INFO	[2023-02-20 10:56:51:690] <23355> MAKE HEAD OK
INFO	[2023-02-20 10:56:51:690] <23355> MSG_TO_PG:[0111800175D SHA1                   0                                      300620majorgol03              449000INIphpRPAYmajorgol0320230220105651881787<?xml version="1.0" encoding="UTF-8"?>
<INIpay>
	  <PartCancelInfo>
	    <SessionKey>SS9IY01YJstbnngeRjhI24bXdYckeU73KHZkY2Fh4dW5d77T/adb5pH5QhJBjApU
plsrdKcIxmVQWqGSBaYkOK4AP08NgmKa3NykNF3Ond8h9DAYJZVs2HF3LKOiwibC
6YCig8LzlV5IkIGDypA6Ii1iNZF5+HyqWey2hpXGYS9HeH7vP29fgQ==
</SessionKey>
	    <Encrypted>RcjAJbNBYZD3QV71ACWYbe5oUWyPbM+u9gPdi8IaNxgsFLVHPsxKKQns0m5OlXrr
NxE5uObNjxfQG6Npn3CFt2AbuibhUB+H1824wV92QBWSIac2UL8ONha57VZ7zrXA
/oAEdNErLFOQxP6qupG+JAvWEPKRPn1bpP2/jkbEALMGfCGqKVQnyAmCX1JlPY2o
dYfnfjJED5MtgzejFNBzE8hWecTY9ZRZg7U98UHDOpshD4pIvWiH/DjRpkelcu9t
P8sjny9Ny2k3IzUu53+49+LCa17FDiAezi2Nzxaq9tljdTVacIwLRPKd8KY/wc8a
FrKeqYpWnvmWa1FqFtnazcLjhYQW/WExeTdC8zDDRvgS5vIKPIO0L3ehduutakTN
enqZgzy7nXQ=
</Encrypted></PartCancelInfo>
	  <GoodsInfo>
	    <Tax>40818</Tax>
	    <TaxFree/>
	    <Currency>WON</Currency></GoodsInfo>
	  <ReservedInfo>
	    <MReserved1/>
	    <MReserved2/>
	    <MReserved3/></ReservedInfo>
	  <ManageInfo>
	    <Language/>
	    <URL/>
	    <TXVersion>5036B141209repayLinux     PHPchkfake   2.6.32-754.11.1.el6.x86_64PHP:</TXVersion>
	    <TXUserID/>
	    <TXRegNum/></ManageInfo></INIpay>AFrwtQr2vGhhv9KRGrtbMilXP3OVwd9GZi/MggA1GaRGuA6JZbS82pez2SsnqCpf
GF263LxZ8K+qli3hjpUPwFUJou/4EEFdr5+ExGWH97E1YLLHn2rV6zE/VYZiD3S/
UlDEOK5MlTzMeXz1YZp3QSonasJX2LXd+MZXaPYZdZ8E
]
INFO	[2023-02-20 10:56:51:691] <23355> DNS LOOKUP OK(203.238.37.3:203.238.37.3:34049) laptime:0
INFO	[2023-02-20 10:56:51:693] <23355> SOCKET CONNECT OK
INFO	[2023-02-20 10:56:51:693] <23355> SEND OK
INFO	[2023-02-20 10:56:51:892] <23355> RECV OK
INFO	[2023-02-20 10:56:51:892] <23355> MSG_FROM_PG:[0099200175D SHA1                   0                                      300630majorgol03              449000INIphpRPAYmajorgol0320230220105651881787<?xml version="1.0" encoding="UTF-8"?><INIpay>
<PartCancelInfo>
<PayMethod>Card</PayMethod>
<ResultCode>120000</ResultCode>
<ResultMsg urlencode="1">%C1%A4%BB%F3%C3%B3%B8%AE%B5%C7%BE%FA%BD%C0%B4%CF%B4%D9.</ResultMsg>
<SessionKey>AOWlqEdDOcbNQPUSxDVzcHaO7JLH4TP/0tci1A37dD0WwyHH3HM1j34ADgsfBnSU
oEGZ7BYLm1ZpJZNOEpuXx2Rzhc9xTb4KxPQ50NtTSjXWZPqwkMoxIK94GNsWlcsI
HtURs1xSr6McKGYfx08kQXfbBu7CrrngDSLS02bFblZdigsq31PVi6Q=
</SessionKey>
<Encrypted>GoBF6+F4jvHDxpoqJgBDz2YITs4syUhdlAuv9y5IcrIzN23s26PUw0YmsqkCZWwz
hUTAzqXrYcenrVpxBPH+Y/6sM8lW9d9K9TfAXOsLorvyxbiHztf6JsiJ/ox1NAmh
ZcSkhPHB/iRo91KCS/EVb9hQNG4KulFEz3GoOSvEKVEDNexPuGaCpsY6JYsCH1Xv
vg7JHx5b6aFA8htsdEeONGJoLbKQgncPXGyH5KJsNHD3qn72AXbImPxFopaazO9b
AClDhEyLqul+HOAUUKvDo4t1gjl4Zm3h7n8GGNwWqVrloj0F3ujCQBbvFZIxO9Sa
Fjnj6glyqPaAk3ElJCGcgPafT3bGs+jmg2JvgcwF0z3vkhkAN6lz/kK8BVZH+TqW
FFt5PKLzIAXLQLnFpHIb3J467uRYQA/MmVxMjQkLU7DI7VU5GvOlTs39C55TAZ7O
5hnp6BdxaH+DOfTonXH69w==
</Encrypted>
</PartCancelInfo>
<ManageInfo/>
<ReservedInfo/>
</INIpay>
yRz3HuJD1bHK2h5DGw0whiDA3tjFFt6BonIqGFG/j7ZeNekubLTH3rJx/i8NLzUV
XI5tZ8OYvNHU4Igb3fCGyI+Ezu+tXWGMji5D/R/XeEllQ5xDC11cklwPuUQym8wL
EJntpYsYwk6UihrfSMDirbRpb1Q8Rt2wONDMT4UkaV0=
]
INFO	[2023-02-20 10:56:51:892] <23355> VERIFY OK
INFO	[2023-02-20 10:56:51:892] <23355> PARSE HEAD OK
INFO	[2023-02-20 10:56:51:892] <23355> PARSE BODY OK
INFO	[2023-02-20 10:56:51:893] <23355> DECRYPT OK
DEBUG	[2023-02-20 10:56:51:893] <23355> DECRYPT MSG:[<?xml version="1.0" encoding="UTF-8"?><PartCancelInfo>
<PRTC_TID>StdpayCARDmajorgol0320230219171920408113</PRTC_TID>
<PRTC_Price>449000</PRTC_Price>
<PRTC_Remains>234300</PRTC_Remains>
<PRTC_Quota>03</PRTC_Quota>
<PRTC_Type>1</PRTC_Type>
<CancelDate>20230220</CancelDate>
<CancelTime>105652</CancelTime>
<PRTC_Cnt>1</PRTC_Cnt>
</PartCancelInfo>]
INFO	[2023-02-20 10:56:51:893] <23355> DECRYPT PARSE OK
INFO	[2023-02-20 10:56:51:893] <23355> END repay 정상처리되었습니다. Laptime:[0.205sec]
INFO	[2023-02-20 10:56:51:893] <23355> ===============================================================
