INFO	[2020-09-17 14:28:48:185] <2039> START INIPHP receipt (V5036-141209)(OS:Linux2.6.32-754.11.1.el6.x86_64,PHP:5.3.3)
DEBUG	[2020-09-17 14:28:48:185] <2039> inipayhome:/home/killdeal/public_html/shop/inicis
DEBUG	[2020-09-17 14:28:48:185] <2039> debug:false
DEBUG	[2020-09-17 14:28:48:185] <2039> type:receipt
DEBUG	[2020-09-17 14:28:48:185] <2039> pgid:INIphpRECP
DEBUG	[2020-09-17 14:28:48:185] <2039> paymethod:CASH
DEBUG	[2020-09-17 14:28:48:185] <2039> currency:WON
DEBUG	[2020-09-17 14:28:48:185] <2039> admin:1111
DEBUG	[2020-09-17 14:28:48:185] <2039> mid:majorgol03
DEBUG	[2020-09-17 14:28:48:185] <2039> goodname:핫딜2세트총4개더멀리티기능성골프티GOLFTEE 외 2건
DEBUG	[2020-09-17 14:28:48:185] <2039> cr_price:90180
DEBUG	[2020-09-17 14:28:48:185] <2039> sup_price:81982
DEBUG	[2020-09-17 14:28:48:185] <2039> tax:8198
DEBUG	[2020-09-17 14:28:48:185] <2039> srvc_price:0
DEBUG	[2020-09-17 14:28:48:185] <2039> buyername:김주호
DEBUG	[2020-09-17 14:28:48:185] <2039> buyeremail:juho0907@hanmail.net
DEBUG	[2020-09-17 14:28:48:185] <2039> buyertel:01052292403
DEBUG	[2020-09-17 14:28:48:185] <2039> reg_num:1252273459
DEBUG	[2020-09-17 14:28:48:185] <2039> useopt:1
DEBUG	[2020-09-17 14:28:48:185] <2039> companynumber:
INFO	[2020-09-17 14:28:48:185] <2039> Check Field OK
INFO	[2020-09-17 14:28:48:185] <2039> Make TID OK INIphpRECPmajorgol0320200917142848853966
INFO	[2020-09-17 14:28:48:185] <2039> PI PUB KEY LOAD OK []
INFO	[2020-09-17 14:28:48:186] <2039> PG PUB KEY LOAD OK [30]
INFO	[2020-09-17 14:28:48:186] <2039> MERCHANT PRIV KEY LOAD OK
INFO	[2020-09-17 14:28:48:186] <2039> MERCHANT PUB KEY LOAD OK [0]
DEBUG	[2020-09-17 14:28:48:186] <2039> MAKE ENCRYPT OK[<?xml version="1.0" encoding="UTF-8"?>
<PaymentInfo>
	  <Payment>
	    <CASH>
	      <CSHR_ApplPrice>90180</CSHR_ApplPrice>
	      <CSHR_SupplyPrice>81982</CSHR_SupplyPrice>
	      <CSHR_Tax>8198</CSHR_Tax>
	      <CSHR_ServicePrice/>
	      <CSHR_Type>1</CSHR_Type>
	      <CSHR_RegNum>1252273459</CSHR_RegNum>
	      <CSHR_CompanyNum/></CASH></Payment></PaymentInfo>]
INFO	[2020-09-17 14:28:48:187] <2039> MAKE BODY OK
INFO	[2020-09-17 14:28:48:187] <2039> SIGN OK
INFO	[2020-09-17 14:28:48:188] <2039> MAKE HEAD OK
INFO	[2020-09-17 14:28:48:188] <2039> MSG_TO_PG:[0195700175D SHA1                   0                                      300200majorgol03               90180INIphpRECPmajorgol0320200917142848853966<?xml version="1.0" encoding="UTF-8"?>
<INIpay>
	  <GoodsInfo>
	    <GoodsCnt>1</GoodsCnt>
	    <MOID/>
	    <Currency>WON</Currency>
	    <Tax>8198</Tax>
	    <TaxFree/>
	    <Goods>
	      <SMID>majorgol03</SMID>
	      <GoodsName urlencode="1">%C7%D6%B5%F42%BC%BC%C6%AE%C3%D14%B0%B3%B4%F5%B8%D6%B8%AE%C6%BC%B1%E2%B4%C9%BC%BA%B0%F1%C7%C1%C6%BCGOLFTEE+%BF%DC+2%B0%C7</GoodsName>
	      <GoodsPrice>90180</GoodsPrice></Goods></GoodsInfo>
	  <BuyerInfo>
	    <BuyerName urlencode="1">%B1%E8%C1%D6%C8%A3</BuyerName>
	    <BuyerTel>01052292403</BuyerTel>
	    <BuyerEmail urlencode="1">juho0907%40hanmail.net</BuyerEmail>
	    <ParentEmail/>
	    <RecvName/>
	    <RecvTel/>
	    <RecvMsg/>
	    <RecvAddr/>
	    <RecvPostNum/></BuyerInfo>
	  <PaymentInfo>
	    <Payment>
	      <PayMethod>CASH</PayMethod>
	      <JoinCard/>
	      <JoinExpire/>
	      <MailOrder/>
	      <SessionKey>GKSVtRYrSemsFzmJF/uArvDS59QiXWJXfkgncSB6K/WljEOiKbnLLHFa36YLW70+
bqUZ/QyAwzIwDrKJ3yee6MbNsKTK7Zh/khsbwEC0BphdZEpkzY9z6fzIyFyY66ZP
MlRU9PYwNFS6bv/GugGnBOgijQithK6qbWBFwV0tc1uDW78jdN74pQ==
</SessionKey>
	      <Encrypted>9TZ4W4Nnbd6ETrrRiypsLFzIh1NPTIM/bQaD9zAOSZoehZ98JtzQS+etgzI9UWwr
vM48eDD2kVtZRkRzydHzqx9TsHAqUusAHWm4F5PdlJqnG3ZQr67GDqjeYk8w0/fI
0lP2z1NjFiArUFqkXEcIb+tTTWhseI3KqlbhXwnmGAeyb0H1jfauNTQ8zNMR+gD1
cNMwOQxycwNl1+CBhn8ivOIlFMf3i5C+6uTKItCV3q22cyAteuvxApK56LM/bk/w
8ciPu77J05H4yo3YDnEmMWGWnEiOsSXtEQ6BBaUKk5pcOI7iexelE7Tqm22Jc5E0
5wLDfS3HfRrysXeOeMEriYjSjNGczDQ8yfbVpBTZ08mTnbTlaYZVt5MOQHcI2AlA
bkhqWsquiUql4XzI1arL4nwpFSxlLtg9gNdC88vk3L8kY91Rrkf+CiaIiRSUNSfi
I+bSsY801RrwXQNiqNO0g3FvaTGVoC8zRJCNNEmu+3zZkHleDTzygg==
</Encrypted></Payment></PaymentInfo>
	  <ReservedInfo>
	    <MReserved1/>
	    <MReserved2/>
	    <MReserved3/></ReservedInfo>
	  <ManageInfo>
	    <Language/>
	    <URL/>
	    <TXVersion>5036B141209receiLinux     PHPchkfake   2.6.32-754.11.1.el6.x86_64PHP:</TXVersion>
	    <TXUserID/>
	    <TXRegNum/>
	    <Ack>1</Ack></ManageInfo></INIpay>ARyFCnX2h/wm5LhMFJJGWCF0ghafKgK7qibTxrgFeLLkJwf/wxx9HaF8ALvCWOSf
LvleIUg2Hj1jaU2MHscbU3hm8XNtGAeigf9MSxcfKNG0sL1k16/2pBO1FrFRyQ24
gUoFuoDTMv04PKdvxThXJaJc6Ds5W9NPIa22cju9SSBx
]
INFO	[2020-09-17 14:28:48:188] <2039> DNS LOOKUP OK(203.238.37.3:203.238.37.3:34049) laptime:0
INFO	[2020-09-17 14:28:48:190] <2039> SOCKET CONNECT OK
INFO	[2020-09-17 14:28:48:190] <2039> SEND OK
INFO	[2020-09-17 14:28:48:330] <2039> RECV OK
INFO	[2020-09-17 14:28:48:331] <2039> MSG_FROM_PG:[0226500175D SHA1                   0                                      300210majorgol03               90180INIphpRECPmajorgol0320200917142848853966<?xml version="1.0" encoding="UTF-8"?>
<INIpay>
  <GoodsInfo>
    <GoodsCnt>1</GoodsCnt>
    <MOID urlencode="1"></MOID>
    <Currency>WON</Currency>
    <Goods no="1">
      <SMID>majorgol03</SMID>
      <GoodsName urlencode="1">%C7%D6%B5%F42%BC%BC%C6%AE%C3%D14%B0%B3%B4%F5%B8%D6%B8%AE%C6%BC%B1%E2%B4%C9%BC%BA%B0%F1%C7%C1%C6%BCGOLFTEE+%BF%DC+2%B0%C7</GoodsName>
      <GoodsCntS>1</GoodsCntS>
      <GoodsPrice>90180</GoodsPrice>
    </Goods>
  </GoodsInfo>
  <PaymentInfo>
    <Payment>
      <SessionKey>AEMM8Zx8TV/oXh18MSSpC2unMz8c9oXk5ulsoqpP8i1D6cJKGFM+CCIyYk6TpEdr
hvsP4zN8QwkXG/8AGBAsc65cBOgILG6T/v3kKQ0T7xgxUdS5cAZ9c2qkjvfb1D9i
b+h6Cbsjj7/jYz+4m76ho6P6mlmBxWQHAD1z0aix2QIznrlEA0U1k2Q=
</SessionKey>
      <Encrypted>Ti/CEqCK6v5XkqhKrTYoilZ920c51iuHX4qCi0xmqCmvobNsdVFPdMzaMM2NjAvr
dAX+4w6CgGdpwSf8abr+qd+/FRRmQMW5ZcCHcSRO1DiFZpSpcAsue8LZEpRyPX64
lCnN2NCE4gC9Yl4bM2sV2eyINb+xuoBw5556wAfiqRo/2Su8JrA1hrqEdq3mRERn
fmLFe/ihlgJRk8ZDslG4Pc0ZyNZ3jeI+sdkSKKDWmyUkeTL7iVLU+k09ePZahvlO
GGYGBvDWbxRtnIEh9f8WkNqUulQ0q3Y3dktFxMRDc05mrZyRhPYM3lsyWQxTgi2+
5A3jFliH+yDWjrui04i1OlPlp45J692/lmuTv6Jr9VfoWs/FmusQ6N5Uw3S51U83
gWcJVS1CNgh+Lb0QL+cFn7jJH0RybyIVMwGL5sJ/h+imhKCSIS+WkmOSfEiPnb8V
6u1uANX0/XGFkGHIGNdqbS8iK6oh5J+pGLgtee5HCqhBYKplch8V3jUiS1AYt+ES
BAjT1PUKZKQdamXexbKFpkufbhGQjTl1K2p+P/z2W+eD+f+s1fzFMkWT9YJYzkSI
MYewawUjDNkXXXtwhgS2d8/L9YF9JsYhDfPylh/+wJ8TY1fBUUOC+8ZwuywSa/4R
T4rUmQFCKz8vJHWgJYSOU3r0zLVzwf84c+y004RlQF7lDU9GfYWYPCqCWdTEGilK
yNE+Ycbg8aFoM+i5rQzqsG9x/1eaDKXCjZbU4xZMAdKerDZX5WhefsHNFSLjq/IB
gpPXGoJuxCvOHsGL5MDPau3Mw0OXQSf3ORSIDTO75rkFqmqN5rghlEqPwnoZzTSF
0PH0z8w2+zA=
</Encrypted>
      <PayMethod>CASH</PayMethod>
      <ResultCode>220000</ResultCode>
      <ResultMsg urlencode="1">%C1%A4%BB%F3%C3%B3%B8%AE%B5%C7%BE%FA%BD%C0%B4%CF%B4%D9.</ResultMsg>
    </Payment>
  </PaymentInfo>
  <ManageInfo>
    <EventCode></EventCode>
    <OrgCurrency></OrgCurrency>
    <ExchangeRate></ExchangeRate>
    <OrgPrice></OrgPrice>
  </ManageInfo>
  <ReservedInfo>
    <MReserved1 urlencode="1"></MReserved1>
    <MReserved2 urlencode="1"></MReserved2>
    <MReserved3 urlencode="1"></MReserved3>
    <PGReserved1 urlencode="1"></PGReserved1>
    <PGReserved2 urlencode="1"></PGReserved2>
    <PGReserved3 urlencode="1"></PGReserved3>
  </ReservedInfo>
</INIpay>
LNsIJI5HSfEzhDR1fDkXV4mOcWAXCsHiwFxSkWwpM+JVfVkzlA+sCbaM6Xf92TvA
4JQvvkiQDSpZdYdjJj8h9sq0fkrFjYcySRm4Ql5vrZgMRaX7f5EAukAamcNu7g/U
wEpiJU/gV+I++5bs/IAF7e+bg9/8nbNEC2wA6beaisk=
]
INFO	[2020-09-17 14:28:48:331] <2039> VERIFY OK
INFO	[2020-09-17 14:28:48:331] <2039> PARSE HEAD OK
INFO	[2020-09-17 14:28:48:331] <2039> PARSE BODY OK
INFO	[2020-09-17 14:28:48:332] <2039> DECRYPT OK
DEBUG	[2020-09-17 14:28:48:332] <2039> DECRYPT MSG:[<?xml version="1.0" encoding="UTF-8"?>
<PaymentInfo>
  <Payment>
    <EASYPAY/>
    <CASH>
      <CSHR_ApplPrice>90180</CSHR_ApplPrice>
      <CSHR_SupplyPrice>81982</CSHR_SupplyPrice>
      <CSHR_Tax>8198</CSHR_Tax>
      <CSHR_ServicePrice></CSHR_ServicePrice>
      <CSHR_Type>1</CSHR_Type>
      <CSHR_ApplDate>20200917</CSHR_ApplDate>
      <CSHR_ApplTime>142849</CSHR_ApplTime>
      <CSHR_ApplNum>267494824</CSHR_ApplNum>
      <CSHR_ResultCode>220000</CSHR_ResultCode>
      <CSHR_ResultMsg urlencode="1">%C1%A4%BB%F3%C3%B3%B8%AE%B5%C7%BE%FA%BD%C0%B4%CF%B4%D9.</CSHR_ResultMsg>
    </CASH>
  </Payment>
</PaymentInfo>]
INFO	[2020-09-17 14:28:48:332] <2039> DECRYPT PARSE OK
INFO	[2020-09-17 14:28:48:332] <2039> WAIT ACK INVOKING
DEBUG	[2020-09-17 14:28:48:332] <2039> MAKE HEAD OK
INFO	[2020-09-17 14:28:48:336] <2039> SUCCESS ACK INVOKING
INFO	[2020-09-17 14:28:48:336] <2039> END receipt 정상처리되었습니다. Laptime:[0.151sec]
INFO	[2020-09-17 14:28:48:336] <2039> ===============================================================
