INFO	[2021-04-15 17:20:45:106] <13617> START INIPHP repay (V5036-141209)(OS:Linux2.6.32-754.11.1.el6.x86_64,PHP:5.3.3)
DEBUG	[2021-04-15 17:20:45:106] <13617> inipayhome:/home1/killdeal/public_html/shop/inicis
DEBUG	[2021-04-15 17:20:45:106] <13617> debug:false
DEBUG	[2021-04-15 17:20:45:106] <13617> type:repay
DEBUG	[2021-04-15 17:20:45:106] <13617> pgid:INIphpRPAY
DEBUG	[2021-04-15 17:20:45:106] <13617> subpgip:203.238.3.10
DEBUG	[2021-04-15 17:20:45:106] <13617> mid:majorgol03
DEBUG	[2021-04-15 17:20:45:106] <13617> admin:1111
DEBUG	[2021-04-15 17:20:45:106] <13617> oldtid:INIMX_CARDmajorgol0320210324232607455841
DEBUG	[2021-04-15 17:20:45:106] <13617> currency:WON
DEBUG	[2021-04-15 17:20:45:106] <13617> price:39900
DEBUG	[2021-04-15 17:20:45:106] <13617> confirm_price:99000
DEBUG	[2021-04-15 17:20:45:106] <13617> buyeremail:khwe32@hanmail.net
DEBUG	[2021-04-15 17:20:45:106] <13617> tax:3627
DEBUG	[2021-04-15 17:20:45:106] <13617> taxfree:0
INFO	[2021-04-15 17:20:45:106] <13617> Check Field OK
INFO	[2021-04-15 17:20:45:106] <13617> Make TID OK INIphpRPAYmajorgol0320210415172045063029
INFO	[2021-04-15 17:20:45:106] <13617> PI PUB KEY LOAD OK []
INFO	[2021-04-15 17:20:45:106] <13617> PG PUB KEY LOAD OK [30]
INFO	[2021-04-15 17:20:45:107] <13617> MERCHANT PRIV KEY LOAD OK
INFO	[2021-04-15 17:20:45:107] <13617> MERCHANT PUB KEY LOAD OK [0]
DEBUG	[2021-04-15 17:20:45:107] <13617> MAKE ENCRYPT OK[<?xml version="1.0" encoding="UTF-8"?>
<PartCancelInfo>
	  <PRTC_TID>INIMX_CARDmajorgol0320210324232607455841</PRTC_TID>
	  <PRTC_Price>39900</PRTC_Price>
	  <PRTC_Remains>99000</PRTC_Remains>
	  <PRTC_Quota/>
	  <PRTC_Interest/>
	  <PRTC_NoAcctFNBC/>
	  <PRTC_NmAcctFNBC/></PartCancelInfo>]
INFO	[2021-04-15 17:20:45:107] <13617> MAKE BODY OK
INFO	[2021-04-15 17:20:45:108] <13617> SIGN OK
INFO	[2021-04-15 17:20:45:108] <13617> MAKE HEAD OK
INFO	[2021-04-15 17:20:45:108] <13617> MSG_TO_PG:[0111700175D SHA1                   0                                      300620majorgol03               39900INIphpRPAYmajorgol0320210415172045063029<?xml version="1.0" encoding="UTF-8"?>
<INIpay>
	  <PartCancelInfo>
	    <SessionKey>4LtPzfd4Pr56TI+UeENvC80KYBfTjmOjkAdMafReyD/P8W1uBX5zSjSgI4A4BqPv
6R9T93T1YoLvG1pq+OX9SgtIiFsW7KPSqRpwrgTyjTr3KbxlS96nAoJxdz8Lp3CO
TGEkvVUlcpc7s8cjx5CEyQIAoimyVMR7EH4g+thP0JOyt2+ySeCHtA==
</SessionKey>
	    <Encrypted>cUa21jF+VMOQK9++EreVVo0TdPXtnLlg6wvoZam8yNr0VU2czUvbHeWw6UoFnn3/
OVd+7nRlmDF72FSSG87Wj9gaJsRFHVVDvmTN5CdCyxFtxbZuChV5AX+7y/GewVkT
jsB6NJQ9aqikKORn9H7Z5p2CYTR/q5j1Kph95hWoi6MRrj8Ax68CzaFe6qDR7LZ0
s2meP1SAITRlyzG/jbAErUv8K+HjIAKZ9WybzXPI4ycF1/aLyvziv5TtTrT9j+/O
w6oCs/j305h8/jclzUCDK72fraORF7n5AU4t6j4TEg3pViqSN/qfJ9KcvmGsiW/j
9JjxmD7AAR/5+fwXtcrZpnGjbKyhYQecxKvnK3kXniRyL1tM+Pb+ggW2wwDRCGPq
r40ZfM77b3g=
</Encrypted></PartCancelInfo>
	  <GoodsInfo>
	    <Tax>3627</Tax>
	    <TaxFree/>
	    <Currency>WON</Currency></GoodsInfo>
	  <ReservedInfo>
	    <MReserved1/>
	    <MReserved2/>
	    <MReserved3/></ReservedInfo>
	  <ManageInfo>
	    <Language/>
	    <URL/>
	    <TXVersion>5036B141209repayLinux     PHPchkfake   2.6.32-754.11.1.el6.x86_64PHP:</TXVersion>
	    <TXUserID/>
	    <TXRegNum/></ManageInfo></INIpay>AGdqrrJUtGh48EDqAmBwWC0lJZHmLgTPBTpGGIqY3ZNBtomTyumvUo+L2YpHJ5WD
BOJIewdtX34D28lUFcW7PN/zMYpTSgmiHrDiRcO4H+2FF7Gfxgp4D2HS/CTLXClo
QByp4clG7iBM5jY3nf9T//KJsBhO8Qp43XqWcstOFKjp
]
INFO	[2021-04-15 17:20:45:108] <13617> DNS LOOKUP OK(203.238.37.3:203.238.37.3:34049) laptime:0
INFO	[2021-04-15 17:20:45:110] <13617> SOCKET CONNECT OK
INFO	[2021-04-15 17:20:45:110] <13617> SEND OK
INFO	[2021-04-15 17:20:45:401] <13617> RECV OK
INFO	[2021-04-15 17:20:45:401] <13617> MSG_FROM_PG:[0098000175D SHA1                   0                                      300630majorgol03               39900INIphpRPAYmajorgol0320210415172045063029<?xml version="1.0" encoding="UTF-8"?><INIpay>
<PartCancelInfo>
<PayMethod>Card</PayMethod>
<ResultCode>120000</ResultCode>
<ResultMsg urlencode="1">%C1%A4%BB%F3%C3%B3%B8%AE%B5%C7%BE%FA%BD%C0%B4%CF%B4%D9.</ResultMsg>
<SessionKey>AEbU5HosPpqz/Kotm3pjvv4yJoFb43F8f2lDly/ITFoFdgEq4wvS6K5TvuX9+v0H
yXtdSQSGsQMHXO81i0UJuSSFsUtuHOfxzv8XK7qA0rXCHWX4ehGtiEucbVvi8A1t
PkV9CB73panHbmWCtfnHg6ZrAaLWLP/qjJO+KjUp4ktsSPpA05bd9Vw=
</SessionKey>
<Encrypted>ZWrWrxssqzTtSn4keM0dlj7OF9vZ+X+lqTlm8LGMeMpeZtejA6swCT42pFxflp/C
yR+LnTewZ2NQfjBKS2F24ibxpvIeAEDIza1yTKpaRMJBcNfjNrHx9bMErH1uksRd
vbyGUQxm++J3XhwlECCR4OyLm7H5EQClXTxCrV14sddPx/v4QCATuLP0Cah9BON/
s4qCpb19nH4PS4k2Hcbp3D8+eGafR6rhln/KaplIKGqIeZb5G/qABwB6KT3TEsQJ
xTn5Snf9+nlVvgqNRm9ptsvsRLfZReqTf7Himr0O912x2fuQtsTbSbVEF6qwC8lT
qPaogW7l4wRx3GGJsk3kJwYX0ZLuh6MtxAFQwXm+FpILTOqAEc8gM+KSEq7SNFqi
JpfdsJVOCsIuNJMBcaccs3cHKUOONCVQ7R74nEo91DuwCDl0PjmnOEs6KSZyIG5T
P1Y6Xx8uY44=
</Encrypted>
</PartCancelInfo>
<ManageInfo/>
<ReservedInfo/>
</INIpay>
xQhCr6IriJsBJdpczvI18kA2gy1hztPSptGzwOaeJGFU5GBLy5J4rvxYGk5Pcug3
RQa/xw/zRu4lPpdfCtp5AtarMaMjWRaK4S4+nZvb4zqX8SMwHQtNhF2oN4Crudok
yFAWSMCMiJXsiqtzwy2sHsQXoOUQWA6hebyd1yuBbyo=
]
INFO	[2021-04-15 17:20:45:401] <13617> VERIFY OK
INFO	[2021-04-15 17:20:45:401] <13617> PARSE HEAD OK
INFO	[2021-04-15 17:20:45:401] <13617> PARSE BODY OK
INFO	[2021-04-15 17:20:45:402] <13617> DECRYPT OK
DEBUG	[2021-04-15 17:20:45:402] <13617> DECRYPT MSG:[<?xml version="1.0" encoding="UTF-8"?><PartCancelInfo>
<PRTC_TID>INIMX_CARDmajorgol0320210324232607455841</PRTC_TID>
<PRTC_Price>39900</PRTC_Price>
<PRTC_Remains>99000</PRTC_Remains>
<PRTC_Quota>03</PRTC_Quota>
<PRTC_Type>1</PRTC_Type>
<CancelDate>20210415</CancelDate>
<CancelTime>172045</CancelTime>
<PRTC_Cnt>2</PRTC_Cnt>
</PartCancelInfo>]
INFO	[2021-04-15 17:20:45:402] <13617> DECRYPT PARSE OK
INFO	[2021-04-15 17:20:45:402] <13617> END repay 정상처리되었습니다. Laptime:[0.296sec]
INFO	[2021-04-15 17:20:45:402] <13617> ===============================================================
