INFO	[2021-09-05 09:58:33:457] <8170> START INIPHP cancel (V5036-141209)(OS:Linux2.6.32-754.11.1.el6.x86_64,PHP:5.3.3)
DEBUG	[2021-09-05 09:58:33:457] <8170> inipayhome:/home1/killdeal/public_html/shop/inicis
DEBUG	[2021-09-05 09:58:33:457] <8170> debug:false
DEBUG	[2021-09-05 09:58:33:457] <8170> type:cancel
DEBUG	[2021-09-05 09:58:33:457] <8170> mid:fourseason
DEBUG	[2021-09-05 09:58:33:457] <8170> admin:1111
DEBUG	[2021-09-05 09:58:33:457] <8170> tid:INIMX_CARDfourseason20210905053631315291
DEBUG	[2021-09-05 09:58:33:457] <8170> cancelmsg:주문자 본인 취소-상품옵션 선택 잘못함
INFO	[2021-09-05 09:58:33:457] <8170> Check Field OK
INFO	[2021-09-05 09:58:33:457] <8170> PI PUB KEY LOAD OK []
INFO	[2021-09-05 09:58:33:457] <8170> PG PUB KEY LOAD OK [30]
INFO	[2021-09-05 09:58:33:458] <8170> MERCHANT PRIV KEY LOAD OK
INFO	[2021-09-05 09:58:33:458] <8170> MERCHANT PUB KEY LOAD OK [0]
DEBUG	[2021-09-05 09:58:33:458] <8170> MAKE ENCRYPT OK[<?xml version="1.0" encoding="UTF-8"?>
<CancelInfo>
	  <CancelTID>INIMX_CARDfourseason20210905053631315291</CancelTID>
	  <CancelMsg urlencode="1">%C1%D6%B9%AE%C0%DA+%BA%BB%C0%CE+%C3%EB%BC%D2-%BB%F3%C7%B0%BF%C9%BC%C7+%BC%B1%C5%C3+%C0%DF%B8%F8%C7%D4</CancelMsg>
	  <CancelReason/></CancelInfo>]
INFO	[2021-09-05 09:58:33:458] <8170> MAKE BODY OK
INFO	[2021-09-05 09:58:33:459] <8170> SIGN OK
INFO	[2021-09-05 09:58:33:459] <8170> MAKE HEAD OK
INFO	[2021-09-05 09:58:33:459] <8170> MSG_TO_PG:[0101500175D SHA1                   0                                      300420fourseason                    INIMX_CARDfourseason20210905053631315291<?xml version="1.0" encoding="UTF-8"?>
<INIpay>
	  <CancelInfo>
	    <SessionKey>ED9yG4+d7LmdMg8cllyYMG8Swsc0vhbAgkUyF0/7ELx9yol88u3YSJgxUUKM2vQ6
gYNt9QNloSuiRQGgHic8BYE+j5X2c/6WA37MdyyiqQZ2foe/sIZeKmXnOOzHwMYl
n0i5EB5jQScdu9u0Yu2i3u6iqpsH2pBveANpj5k+QvMHD1zcX+SlWA==
</SessionKey>
	    <Encrypted>krbNlhzzDXaaY5gipcbJAIXJPZita4FpRHpcrB4Pi6W6F9MN8bsOM10yhlaRHiie
6bP12Wo6ck5Eryxd2bzCzG8Pfd4V9k9UX2PNagJQ3aw7bbtHimmCSh3wYQoA3dze
E5EJJaQfjnWwUSzaTrJ0h9bgYXUx2MHjxbPyThlyv05lWjhZvzvkN2K+VAjBvABl
pYufWuPe3pW2RVJeF7Cu86Rudw7wXpd9Rcckpj5hfEsKM3quDL53dtdFQ2gKlgc4
cK0WZfTxUyw5MKcICo0N6VmQi1sKszmnLHbONd50SpDQQnRJPhYllrgI/SF7FYlB
c4T05tPbzBtwzAv2Iq8kGAf2tVE0wzPQzIIwZgYgIN3YPu6/p8GjHIC9z9GMywr7
MKXTUBqS4oQ=
</Encrypted></CancelInfo>
	  <ReservedInfo>
	    <MReserved1/>
	    <MReserved2/>
	    <MReserved3/></ReservedInfo>
	  <ManageInfo>
	    <Language/>
	    <URL/>
	    <TXVersion>5036B141209canceLinux     PHPchkfake   2.6.32-754.11.1.el6.x86_64PHP:</TXVersion>
	    <TXUserID/>
	    <TXRegNum/></ManageInfo></INIpay>APoypqd4af1hIEq5tGBRJsFqL2hlKPTodrnbERuSuhtZIT/G32VAeb/WTg3mQzQq
CAKLzskCyrX82Ch1QFMU3d+zfz8BHINtVNHsWFbpyj0NN4YX4tDhPtPx0J5GKzDG
CQCPrGbZ/5emj6PCrWCOM4aGmCOjao9MYVJbp8z9n0F5
]
INFO	[2021-09-05 09:58:33:459] <8170> DNS LOOKUP OK(203.238.37.3:203.238.37.3:34049) laptime:0
INFO	[2021-09-05 09:58:33:461] <8170> SOCKET CONNECT OK
INFO	[2021-09-05 09:58:33:461] <8170> SEND OK
INFO	[2021-09-05 09:58:34:597] <8170> RECV OK
INFO	[2021-09-05 09:58:34:598] <8170> MSG_FROM_PG:[0093300175D SHA1                   0                                      300430fourseason                    INIMX_CARDfourseason20210905053631315291<?xml version="1.0" encoding="UTF-8"?><INIpay>
<CancelInfo>
<ResultCode>120000</ResultCode>
<ResultMsg urlencode="1">%C1%A4%BB%F3%C3%B3%B8%AE%B5%C7%BE%FA%BD%C0%B4%CF%B4%D9.</ResultMsg>
<SessionKey>AG5mbT5pS0CbJ7oGkVBEPiGGrOOg9ztEKYfTUP0g0nqo+vRwd3fGhGIqluiFcF20
1kEk8hI6z96yt8fOD2pDEEiuxW3WiiZfQG+HCVjrfqrG9LT6TGHDJ/QzTmDTqaX5
/M5tC9edfUzufQkwiMZ2cd1WGBzrko5LZRyH/rcVN1e6/Mx/QYzNgcE=
</SessionKey>
<Encrypted>S+1JlXtB5C0mZyYnHOmQjuZpYScutvvR9gFfRg2aAeDHwwhYOyGhvUsBo6KCRwRL
Ria67b3upnQ86zo3ySsmL2SXCchNfwU5U9dpC/xczC5U1oYRuOrfB/WdP7chWVGQ
9u4QMHeC7WvPbaa199U/I+y215zpQHFosdYVFybKTRFHi36lX/dlfq7e08EWuiUY
8MJpIroMzhvLB+N1vlwWRaCyZR/ahASn+2k/zyCDIZ6JnENU/QQ/sWHWzmShJrFR
4/jYnVqqsNM5E3oCzNiUi8898KdTpL15qdaJuDPjuZ/bHoTEJa2Ya/1hs86TtE5n
FVOrQeodu1r3WeFOJCwMwdgcmV3CPEUi
</Encrypted>
</CancelInfo>
<ManageInfo/>
<ReservedInfo>
<MReserved1 urlencode="1"/>
<MReserved2 urlencode="1"/>
<MReserved3 urlencode="1"/>
</ReservedInfo>
</INIpay>
qlPgCfQppJjcWbjfdL7ppwV+TdfO9+Lzef87VMZ6VzDXwHGCGHBhLSUwixMdnmSN
gstDRHJmalF2bFK/yN+Jzxs1YtDMX8fJX3bWpw922IXBTiw1RVYgYFYPByGb414G
a79iDau9Gk6iTxUX5bhPdyfJ65syTeI2K7PVXhOyR4c=
]
INFO	[2021-09-05 09:58:34:598] <8170> VERIFY OK
INFO	[2021-09-05 09:58:34:598] <8170> PARSE HEAD OK
INFO	[2021-09-05 09:58:34:598] <8170> PARSE BODY OK
INFO	[2021-09-05 09:58:34:599] <8170> DECRYPT OK
DEBUG	[2021-09-05 09:58:34:599] <8170> DECRYPT MSG:[<?xml version="1.0" encoding="UTF-8"?><CancelInfo>
<CancelDate>20210905</CancelDate>
<CancelTime>095835</CancelTime>
<ResultCode>120000</ResultCode>
<ResultMsg urlencode="1">%C1%A4%BB%F3%C3%B3%B8%AE%B5%C7%BE%FA%BD%C0%B4%CF%B4%D9.</ResultMsg>
</CancelInfo>]
INFO	[2021-09-05 09:58:34:599] <8170> DECRYPT PARSE OK
INFO	[2021-09-05 09:58:34:599] <8170> END cancel 정상처리되었습니다. Laptime:[1.142sec]
INFO	[2021-09-05 09:58:34:599] <8170> ===============================================================
INFO	[2021-09-05 19:13:07:328] <17050> START INIPHP cancel (V5036-141209)(OS:Linux2.6.32-754.11.1.el6.x86_64,PHP:5.3.3)
DEBUG	[2021-09-05 19:13:07:328] <17050> inipayhome:/home1/killdeal/public_html/shop/inicis
DEBUG	[2021-09-05 19:13:07:328] <17050> debug:false
DEBUG	[2021-09-05 19:13:07:328] <17050> type:cancel
DEBUG	[2021-09-05 19:13:07:328] <17050> mid:fourseason
DEBUG	[2021-09-05 19:13:07:328] <17050> admin:1111
DEBUG	[2021-09-05 19:13:07:328] <17050> tid:INIMX_CARDfourseason20210905054014895231
DEBUG	[2021-09-05 19:13:07:328] <17050> cancelmsg:주문자 본인 취소-상품옵션 선택 잘못함
INFO	[2021-09-05 19:13:07:328] <17050> Check Field OK
INFO	[2021-09-05 19:13:07:329] <17050> PI PUB KEY LOAD OK []
INFO	[2021-09-05 19:13:07:329] <17050> PG PUB KEY LOAD OK [30]
INFO	[2021-09-05 19:13:07:329] <17050> MERCHANT PRIV KEY LOAD OK
INFO	[2021-09-05 19:13:07:329] <17050> MERCHANT PUB KEY LOAD OK [0]
DEBUG	[2021-09-05 19:13:07:329] <17050> MAKE ENCRYPT OK[<?xml version="1.0" encoding="UTF-8"?>
<CancelInfo>
	  <CancelTID>INIMX_CARDfourseason20210905054014895231</CancelTID>
	  <CancelMsg urlencode="1">%C1%D6%B9%AE%C0%DA+%BA%BB%C0%CE+%C3%EB%BC%D2-%BB%F3%C7%B0%BF%C9%BC%C7+%BC%B1%C5%C3+%C0%DF%B8%F8%C7%D4</CancelMsg>
	  <CancelReason/></CancelInfo>]
INFO	[2021-09-05 19:13:07:330] <17050> MAKE BODY OK
INFO	[2021-09-05 19:13:07:330] <17050> SIGN OK
INFO	[2021-09-05 19:13:07:330] <17050> MAKE HEAD OK
INFO	[2021-09-05 19:13:07:330] <17050> MSG_TO_PG:[0101500175D SHA1                   0                                      300420fourseason                    INIMX_CARDfourseason20210905054014895231<?xml version="1.0" encoding="UTF-8"?>
<INIpay>
	  <CancelInfo>
	    <SessionKey>UG5Q3vb7nv33jM1j/wHo2k24jtCGQjo1FGEQvi85gvDh2URlCDHofNshEV4zGinl
RvQUC3U0WIRajHsQ0QpRAYyGK3LCR2byxpUFthfknA6ZvT1v09SD5u3bo+ziwFN5
V/Ay+sHtBZvTMP7tcVdaKY1RXpt+TgAI8YMjqno5LzZF3Auf4ZVF3w==
</SessionKey>
	    <Encrypted>ihxHmvJ2R4UY1T+j/0cbAxdJMaGvqEmpZE1CkhKS6A60nbs5gecUNtO9jhA6bQv2
va6CpRZTIbmU/UF37JLs6bZ//6Tn7P71S1VdhoEwrtWUPmiyD1e1cz7/WNVKqOSD
jz8o50/oHKEkPTrfWLp3buVU2vmAEp/Y/wVtjAR3yCyhtS4KDRnQX9eGHCEikJoe
Tr/3f3IhbJpmAPx3t1mKkHHAE7iuUJNh2Pow+UHVvCsPGpqZ7MdOZlEQCQZ3u3XR
sQnUHwO7HXbNiHYZ/xF9LZA3LNgRKkDTgkOC8/Gelii5jO4tWfUEeJWFHCJAsHQt
DAFT76s0J70vjXq4CksKxb8qUCP0g/ND+7MSrns8dwYfFmUev5JqIEwDfBoKBD3S
OmCSOStWo0E=
</Encrypted></CancelInfo>
	  <ReservedInfo>
	    <MReserved1/>
	    <MReserved2/>
	    <MReserved3/></ReservedInfo>
	  <ManageInfo>
	    <Language/>
	    <URL/>
	    <TXVersion>5036B141209canceLinux     PHPchkfake   2.6.32-754.11.1.el6.x86_64PHP:</TXVersion>
	    <TXUserID/>
	    <TXRegNum/></ManageInfo></INIpay>AMX0GnzykyWaRiYShpiITOwAIdnWnJqwjm8anpyZZaP6iOqW89pws2Q1s9/XoZp0
i30CAzQn5BLYyC/wzvPWW7vqOPFItzlqmd2rYqQ7VQbRc6MeGJJ086O7Wd26aoN2
geii2E+vg6UiPHvZ9pnBDsMRDyXwlT1EUg7hISXKJDMI
]
INFO	[2021-09-05 19:13:07:330] <17050> DNS LOOKUP OK(203.238.37.3:203.238.37.3:34049) laptime:0
INFO	[2021-09-05 19:13:07:333] <17050> SOCKET CONNECT OK
INFO	[2021-09-05 19:13:07:333] <17050> SEND OK
INFO	[2021-09-05 19:13:07:703] <17050> RECV OK
INFO	[2021-09-05 19:13:07:703] <17050> MSG_FROM_PG:[0093300175D SHA1                   0                                      300430fourseason                    INIMX_CARDfourseason20210905054014895231<?xml version="1.0" encoding="UTF-8"?><INIpay>
<CancelInfo>
<ResultCode>120000</ResultCode>
<ResultMsg urlencode="1">%C1%A4%BB%F3%C3%B3%B8%AE%B5%C7%BE%FA%BD%C0%B4%CF%B4%D9.</ResultMsg>
<SessionKey>AEueb2JR0u+XIg4z0g2mgN2wBE70GRVmhAym2IdSwfcv8jjGc+uonoe8s2Xgkeyh
l9EfPNIEMlBsHTnSeb0CjqjX/aNuGYLIhfvDUdpcB6hHHB3dxpOnjiPJeh0AUO93
bEiYLxpwydFmxw630OViGZdKdaDn3QYzsoY0rc1uIKF+udmGMgDIwf8=
</SessionKey>
<Encrypted>vJ+zvexfcJamqJg+MMzsI7l0TXu5KplL8DjUvDSfdtV+EpH/prQNoSRUstxddLgO
Epkt/WQYZCJ0Pj0dvumMzGj9DinPZU4v6YOoIWJfk2LWxV4znqEZoKhIJ4PHrp57
4dkNHCjHUBBmx53RAL6y4/Jjq+rNL7egEIsniVPMQ4++47ggzl8safsllCniefaS
7i24dTyyYmE5O4+j1FuoKxS1SJAdgay8zwyozdD/7GJBjbopLTrlgA6KseEmAYvC
KUye3CEavVf3YBMkG9r/oUNqZ6JuhliKhhRgxIGcHiV05WoraqNTDXIEhP29S+tn
kz4WAJg/x4Ea7gKUAr+Cf2Y5LK825zgq
</Encrypted>
</CancelInfo>
<ManageInfo/>
<ReservedInfo>
<MReserved1 urlencode="1"/>
<MReserved2 urlencode="1"/>
<MReserved3 urlencode="1"/>
</ReservedInfo>
</INIpay>
aLAAD1RcH+IrT/Y3Rc2FkGJeethDgy1KEyXJd3kEQHS+HdL7f+NzvBv15AcVboWh
twHroHhizrd6sQ2gqJx3DlxosWGDSwAnKzZk7EZYgttTeFhRMW22Z418mbuarOYj
ewRoM/91kIfMDCScVuIV7DibX5DqV4Rdod5EZoB4pTQ=
]
INFO	[2021-09-05 19:13:07:703] <17050> VERIFY OK
INFO	[2021-09-05 19:13:07:704] <17050> PARSE HEAD OK
INFO	[2021-09-05 19:13:07:704] <17050> PARSE BODY OK
INFO	[2021-09-05 19:13:07:704] <17050> DECRYPT OK
DEBUG	[2021-09-05 19:13:07:704] <17050> DECRYPT MSG:[<?xml version="1.0" encoding="UTF-8"?><CancelInfo>
<CancelDate>20210905</CancelDate>
<CancelTime>191308</CancelTime>
<ResultCode>120000</ResultCode>
<ResultMsg urlencode="1">%C1%A4%BB%F3%C3%B3%B8%AE%B5%C7%BE%FA%BD%C0%B4%CF%B4%D9.</ResultMsg>
</CancelInfo>]
INFO	[2021-09-05 19:13:07:705] <17050> DECRYPT PARSE OK
INFO	[2021-09-05 19:13:07:705] <17050> END cancel 정상처리되었습니다. Laptime:[0.376sec]
INFO	[2021-09-05 19:13:07:705] <17050> ===============================================================
INFO	[2021-09-05 21:23:56:559] <8127> START INIPHP cancel (V5036-141209)(OS:Linux2.6.32-754.11.1.el6.x86_64,PHP:5.3.3)
DEBUG	[2021-09-05 21:23:56:559] <8127> inipayhome:/home1/killdeal/public_html/shop/inicis
DEBUG	[2021-09-05 21:23:56:559] <8127> debug:false
DEBUG	[2021-09-05 21:23:56:559] <8127> type:cancel
DEBUG	[2021-09-05 21:23:56:559] <8127> mid:fourseason
DEBUG	[2021-09-05 21:23:56:559] <8127> admin:1111
DEBUG	[2021-09-05 21:23:56:559] <8127> tid:INIMX_ISP_fourseason20210905212258325111
DEBUG	[2021-09-05 21:23:56:559] <8127> cancelmsg:주문자 본인 취소-상품옵션 선택 잘못함
INFO	[2021-09-05 21:23:56:559] <8127> Check Field OK
INFO	[2021-09-05 21:23:56:559] <8127> PI PUB KEY LOAD OK []
INFO	[2021-09-05 21:23:56:560] <8127> PG PUB KEY LOAD OK [30]
INFO	[2021-09-05 21:23:56:560] <8127> MERCHANT PRIV KEY LOAD OK
INFO	[2021-09-05 21:23:56:560] <8127> MERCHANT PUB KEY LOAD OK [0]
DEBUG	[2021-09-05 21:23:56:560] <8127> MAKE ENCRYPT OK[<?xml version="1.0" encoding="UTF-8"?>
<CancelInfo>
	  <CancelTID>INIMX_ISP_fourseason20210905212258325111</CancelTID>
	  <CancelMsg urlencode="1">%C1%D6%B9%AE%C0%DA+%BA%BB%C0%CE+%C3%EB%BC%D2-%BB%F3%C7%B0%BF%C9%BC%C7+%BC%B1%C5%C3+%C0%DF%B8%F8%C7%D4</CancelMsg>
	  <CancelReason/></CancelInfo>]
INFO	[2021-09-05 21:23:56:560] <8127> MAKE BODY OK
INFO	[2021-09-05 21:23:56:561] <8127> SIGN OK
INFO	[2021-09-05 21:23:56:561] <8127> MAKE HEAD OK
INFO	[2021-09-05 21:23:56:561] <8127> MSG_TO_PG:[0101500175D SHA1                   0                                      300420fourseason                    INIMX_ISP_fourseason20210905212258325111<?xml version="1.0" encoding="UTF-8"?>
<INIpay>
	  <CancelInfo>
	    <SessionKey>zMhBho+2YTqPes/KBz8t8yv3SMrQrlWzq0zU+MMVnAWjjcGWG94L7wpNi9HODBRy
phkacF445vM1edyUw8UEpVPpw9Boj6zEnTjXrTqbGgU6fJgQFg4XomMVyaE9bFN9
eBLYofNtcG5hHZdPXk48B5jhefvtanZvD9DyTZ77d3B0ej6PNUPaDg==
</SessionKey>
	    <Encrypted>qeDePdU1kAtB7ojCpQbsZLkyeddqj8sjlm5nbEuJppQkoooLgJJs5cf9xfevIl58
XNLp9gD5OpqYjs+kUes/KV+cBXzd7e44mMHiOA2SzV6wLtUBpcZJGLILwC+q4o3d
pn1S+D0jcO5qRitX6K2zLJhVMm0XWB0SUwpg2Jp1RKwqZWnahkhXSVce2/AX1xsL
UA+pX3KkTLDJULSAFMpNBEQAr7n1mV7OnzK3Ec9RvL8zW1q+jGEvoqqsyTdlOxo8
y+NDVMVCaxHEXMH6hJh1hbvGgJvFzIMhcxLqQ8RBIgFqmM0XeIxRUQJPFnDhP/ON
niAnVu8HNA2aBxYBS7r9GFHQ0x2MFyFDXAKGIl3btfoXRSKalg6m1+SVCcGGuOQj
W6ewA5sTLHM=
</Encrypted></CancelInfo>
	  <ReservedInfo>
	    <MReserved1/>
	    <MReserved2/>
	    <MReserved3/></ReservedInfo>
	  <ManageInfo>
	    <Language/>
	    <URL/>
	    <TXVersion>5036B141209canceLinux     PHPchkfake   2.6.32-754.11.1.el6.x86_64PHP:</TXVersion>
	    <TXUserID/>
	    <TXRegNum/></ManageInfo></INIpay>AN0Mu8czI3Mb1nij2RdKDxsnWOAU1Nj8WGzSNJC6eCar7wkTq6/iQ4gHdCV3IS1o
ydtqXh9Q8of8bZmLHmaWiZrdQROSy2UvKgnBwcq4qoRonOSlxym6FfZbw4Usv/aV
2YMFXGVPcIuUWOkLW4iKKUPI4A3VlL3yPpqvubsCqpO/
]
INFO	[2021-09-05 21:23:56:561] <8127> DNS LOOKUP OK(203.238.37.3:203.238.37.3:34049) laptime:0
INFO	[2021-09-05 21:23:56:563] <8127> SOCKET CONNECT OK
INFO	[2021-09-05 21:23:56:563] <8127> SEND OK
INFO	[2021-09-05 21:23:57:530] <8127> RECV OK
INFO	[2021-09-05 21:23:57:530] <8127> MSG_FROM_PG:[0086100175D SHA1                   0                                      300430fourseason                    INIMX_ISP_fourseason20210905212258325111<?xml version="1.0" encoding="UTF-8"?><INIpay>
<CancelInfo>
<ResultCode>170000</ResultCode>
<ResultMsg urlencode="1">%C1%A4%BB%F3%BF%CF%B7%E1</ResultMsg>
<SessionKey>AEJnKS3vaZznjFL+eYNqrPuq+Oj/mkG+y95xUnbEq8qofi/dHDEVyIYOBfv+nlSw
VBXC3XlhftdZyhe8pRMI6yZEGfSJN4s82j9IkjIjUvfwdjHfnVsbb8ZAuUlFbqd5
e+OuT7BH4RrCr3oEPSbW96DJ2gd7vxm9e6HtkcDxU+6PjSINLaI56rA=
</SessionKey>
<Encrypted>LgMCdYcIcqjNCYdw0a5GFGqcZIxgADUQqyGLkyeh1QUWjOQDHWqupPd+Wmq0SwXz
mNWqHWfyMtqBJYF22/G8TQZlWkG6uL7nfwqkBeNkv9mZ1UJkPlTmt+6tcwCimGz2
9CtybtLqR+38IeFUa10ITJofZDqPUtr7ywdFsXvGIVQ0kPuu3IgcCyLRTYSxbCv+
ewg2LTtHIFgHoQcD/jSxmpn+iV4jm79jYgeEK4kdLzyXndv8Pp13vWsxCA2R4ywV
dXMF6feJDidIFrVWZ1oflbmf+HDzGnp/llD7cSIFajhYRCrsG+4QCA==
</Encrypted>
</CancelInfo>
<ManageInfo/>
<ReservedInfo>
<MReserved1 urlencode="1"/>
<MReserved2 urlencode="1"/>
<MReserved3 urlencode="1"/>
</ReservedInfo>
</INIpay>
2lJxmy+RFcg3t0v7lfvJ7AopEyfxz6zkYRCF/PtS7mp6k+z0E0ZzlkI3UbJt9HJX
Sq/39sHyU+himRMuyK8ErdINLTY170w4NTMg416J8ya68cAv4McO4cdwfv3VBQII
DLdH7yuExJaqwOOecxYjUpbNsS/+9s0taff8mONNlkY=
]
INFO	[2021-09-05 21:23:57:530] <8127> VERIFY OK
INFO	[2021-09-05 21:23:57:530] <8127> PARSE HEAD OK
INFO	[2021-09-05 21:23:57:530] <8127> PARSE BODY OK
INFO	[2021-09-05 21:23:57:531] <8127> DECRYPT OK
DEBUG	[2021-09-05 21:23:57:531] <8127> DECRYPT MSG:[<?xml version="1.0" encoding="UTF-8"?><CancelInfo>
<CancelDate>20210905</CancelDate>
<CancelTime>212358</CancelTime>
<ResultCode>170000</ResultCode>
<ResultMsg urlencode="1">%C1%A4%BB%F3%BF%CF%B7%E1</ResultMsg>
</CancelInfo>]
INFO	[2021-09-05 21:23:57:532] <8127> DECRYPT PARSE OK
INFO	[2021-09-05 21:23:57:532] <8127> END cancel 정상완료 Laptime:[0.973sec]
INFO	[2021-09-05 21:23:57:532] <8127> ===============================================================
