INFO	[2021-06-28 12:53:29:602] <8984> START INIPHP cancel (V5036-141209)(OS:Linux2.6.32-754.11.1.el6.x86_64,PHP:5.3.3)
DEBUG	[2021-06-28 12:53:29:602] <8984> inipayhome:/home1/killdeal/public_html/shop/inicis
DEBUG	[2021-06-28 12:53:29:602] <8984> debug:false
DEBUG	[2021-06-28 12:53:29:602] <8984> type:cancel
DEBUG	[2021-06-28 12:53:29:602] <8984> mid:majorgol03
DEBUG	[2021-06-28 12:53:29:602] <8984> admin:1111
DEBUG	[2021-06-28 12:53:29:602] <8984> tid:StdpayVBNKmajorgol0320210628125131249155
DEBUG	[2021-06-28 12:53:29:602] <8984> cancelmsg:주문자 본인 취소-구매의사 없음
INFO	[2021-06-28 12:53:29:602] <8984> Check Field OK
INFO	[2021-06-28 12:53:29:602] <8984> PI PUB KEY LOAD OK []
INFO	[2021-06-28 12:53:29:603] <8984> PG PUB KEY LOAD OK [30]
INFO	[2021-06-28 12:53:29:603] <8984> MERCHANT PRIV KEY LOAD OK
INFO	[2021-06-28 12:53:29:603] <8984> MERCHANT PUB KEY LOAD OK [0]
DEBUG	[2021-06-28 12:53:29:603] <8984> MAKE ENCRYPT OK[<?xml version="1.0" encoding="UTF-8"?>
<CancelInfo>
	  <CancelTID>StdpayVBNKmajorgol0320210628125131249155</CancelTID>
	  <CancelMsg urlencode="1">%C1%D6%B9%AE%C0%DA+%BA%BB%C0%CE+%C3%EB%BC%D2-%B1%B8%B8%C5%C0%C7%BB%E7+%BE%F8%C0%BD</CancelMsg>
	  <CancelReason/></CancelInfo>]
INFO	[2021-06-28 12:53:29:603] <8984> MAKE BODY OK
INFO	[2021-06-28 12:53:29:604] <8984> SIGN OK
INFO	[2021-06-28 12:53:29:604] <8984> MAKE HEAD OK
INFO	[2021-06-28 12:53:29:604] <8984> MSG_TO_PG:[0099400175D SHA1                   0                                      300420majorgol03                    StdpayVBNKmajorgol0320210628125131249155<?xml version="1.0" encoding="UTF-8"?>
<INIpay>
	  <CancelInfo>
	    <SessionKey>guwT9SIdeajj47M7gAh6Nex+LL9ZuO/lnWovQOnv2DgI/6ZVZrcK01yXsg7wcFO6
uXqsqfd4ihD98PqUQQref4gglu1dG8ot+81DzCsyQMMTPC+aA05jcL7hlXkVXfIh
/rW365kGnj6CdLu2jilVPEE0hpXiXE1J9Tki++k25FsZRP/QZkagSQ==
</SessionKey>
	    <Encrypted>lAxY4cpCmMvKe+CCfdYnDhMnacsO/+9Rz3GRu8GKhnylUkI9cMZ1WymRHawduB8n
GwQnrmgdHX5y1qb4XwyTJ2vF+3EuNlrcieh9YSl5L9DVt4dwKmtRJqx5eePM2RTO
49QEkfTl3p600QdM8UILJJT6nrOEwtbHOf9zAOfCjqpihMGqCCn3mtYMTB05VxPU
HED5SHyG5DDuU69+Ytknb0HpEySgEpeWXt7RQGvh6q83kUsnmWujbhfYN9TjjsB/
KiUSRixwNnkI0iLdw82vuk3fjIYJKwH0AiwerDkBZ5rscU/zHn1SLJtSc9swd9RX
vWqJkcby72i09nhBkOcDCF3JR3TyJM4kGOcBSj+cuvtntTMwOqgNUQ==
</Encrypted></CancelInfo>
	  <ReservedInfo>
	    <MReserved1/>
	    <MReserved2/>
	    <MReserved3/></ReservedInfo>
	  <ManageInfo>
	    <Language/>
	    <URL/>
	    <TXVersion>5036B141209canceLinux     PHPchkfake   2.6.32-754.11.1.el6.x86_64PHP:</TXVersion>
	    <TXUserID/>
	    <TXRegNum/></ManageInfo></INIpay>AB1M/GmHKEfPQB0ZjaUmwU2R/5qVYduRzRxj7Dd0QEnAn0MUe/TBsuOvs3wx5a+Y
vsv/jXbe45aYIvPwBGXNj80m7YKQTXpqE8W2RjQ/2AKjxDWJTEf1R6feGkaP73kG
1RQr8Y4kGYBPYZFTfiVpYCmu0/XWKPvBZQ0YRS2UjbiN
]
INFO	[2021-06-28 12:53:29:604] <8984> DNS LOOKUP OK(203.238.37.3:203.238.37.3:34049) laptime:0
INFO	[2021-06-28 12:53:29:606] <8984> SOCKET CONNECT OK
INFO	[2021-06-28 12:53:29:606] <8984> SEND OK
INFO	[2021-06-28 12:53:29:714] <8984> RECV OK
INFO	[2021-06-28 12:53:29:714] <8984> MSG_FROM_PG:[0123800175D SHA1                   0                                      300430majorgol03                    StdpayVBNKmajorgol0320210628125131249155<?xml version="1.0" encoding="UTF-8"?><INIpay>
<CancelInfo>
<ResultCode>170000</ResultCode>
<ResultMsg urlencode="1">%C1%A4%BB%F3%C3%B3%B8%AE%B5%C7%BE%FA%BD%C0%B4%CF%B4%D9.</ResultMsg>
<SessionKey>AG+Xcx6aqMe7tlqCydSLHe+phAJ3jLJy0+VSLDPv9f9HqXr1lq/tW2d1rOCxM6si
jCiZT6jfq0Wm8gvUPBxv4FPMIpYxYS7KidOClmJtw6G+4Jt6YxUcbFGnIokK093i
KpKdtfz0MW5+k7oRknCe0BNLpnMBXDR2IKE+h3j7/BDRLvMtf++PsDQ=
</SessionKey>
<Encrypted>CsrpmzVe4w5rhGf3+KGGx7Q7Nh/BwoHi/KuucEMm9OFHjTSLAugI0TeVZjr5D4SY
zk2w8xMQpxxcaeC44AAwvCYLLU89CjS3mBcOwLzYrBB+OEGJIxF1B4FjB2IIKIkm
jTZTTO8m4YCY4PxTHXkSf+tDKUvmxSef6gxyRh/I6kcd61Y5qhqXVfk+4kFvwJaa
ogK7/a9vDvT/LPFp05Lj+pbHXWTVe5HI2OBbXl7Ifd84YODC4Ui1WlNvC7voUUYg
doel0cIMYR3CP37gBdZGWpeBYghvjNfSKH2WpHBXO45XS3I5VpK8ratyaVT4ytIi
d8CBh3TX2CdSMSoho1Voy6K5StBSXvdlENNDv0U2nQa3lT+SBO5polQYyJpMXpuE
V6wAsEn5ndE58fgYiwCnGQX9Q88mEwDes2yEDGUQviN2XTRaiS3K0BKaD2WI/zJM
7hfTk6S6wwntPJ2LJ2qRzEQmHmwTiz1UKbtqs6WnzVYWGPVsh8JAMu9YL6gope5o
muPtz25H2Id+m/FaG5+7XzFZttEH9voaatJfaIXwYYoJWLMv9eV5wiEpU88nazqe
eRQcfFuZSS4YGSMJPE89pCQVSItvw/lvBHLP0qkDxgmnRzYSFX0y3uyJw7UaM5lE
rQrtq0OMw/Y=
</Encrypted>
</CancelInfo>
<ManageInfo/>
<ReservedInfo>
<MReserved1 urlencode="1"/>
<MReserved2 urlencode="1"/>
<MReserved3 urlencode="1"/>
</ReservedInfo>
</INIpay>
zAhPShhYtNlAdg52I6Jz/M3iw5z3S4ElV+GGbGgmLBFYwkpcscnNv+3cgg2dNc36
/tXhZM1OHGuxyafsGnm+YIEVMfgnGo+0qHtflIFH4onndO4w87wo39LkbSO9yHIW
IEuA50vLps9p/HqqFnH0R4QmPfe8nXNlk6X6gxEx9Bw=
]
INFO	[2021-06-28 12:53:29:714] <8984> VERIFY OK
INFO	[2021-06-28 12:53:29:714] <8984> PARSE HEAD OK
INFO	[2021-06-28 12:53:29:714] <8984> PARSE BODY OK
INFO	[2021-06-28 12:53:29:715] <8984> DECRYPT OK
DEBUG	[2021-06-28 12:53:29:715] <8984> DECRYPT MSG:[<?xml version="1.0" encoding="UTF-8"?><CancelInfo>
<CancelDate>20210628</CancelDate>
<CancelTime>125329</CancelTime>
<ResultCode>170000</ResultCode>
<ResultMsg urlencode="1">%C1%A4%BB%F3%C3%B3%B8%AE%B5%C7%BE%FA%BD%C0%B4%CF%B4%D9.</ResultMsg>
<CSHR_CancelDate>20210628</CSHR_CancelDate>
<CSHR_CancelTime>125329</CSHR_CancelTime>
<CSHR_ResultCode>220000</CSHR_ResultCode>
<CSHR_ResultMsg urlencode="1">%C1%A4%BB%F3%C3%B3%B8%AE%B5%C7%BE%FA%BD%C0%B4%CF%B4%D9.</CSHR_ResultMsg>
</CancelInfo>]
INFO	[2021-06-28 12:53:29:715] <8984> DECRYPT PARSE OK
INFO	[2021-06-28 12:53:29:715] <8984> END cancel 정상처리되었습니다. Laptime:[0.113sec]
INFO	[2021-06-28 12:53:29:715] <8984> ===============================================================
INFO	[2021-06-28 12:56:16:225] <8975> START INIPHP cancel (V5036-141209)(OS:Linux2.6.32-754.11.1.el6.x86_64,PHP:5.3.3)
DEBUG	[2021-06-28 12:56:16:225] <8975> inipayhome:/home1/killdeal/public_html/shop/inicis
DEBUG	[2021-06-28 12:56:16:225] <8975> debug:false
DEBUG	[2021-06-28 12:56:16:225] <8975> type:cancel
DEBUG	[2021-06-28 12:56:16:225] <8975> mid:majorgol03
DEBUG	[2021-06-28 12:56:16:225] <8975> admin:1111
DEBUG	[2021-06-28 12:56:16:225] <8975> tid:StdpayVBNKmajorgol0320210628125519511077
DEBUG	[2021-06-28 12:56:16:225] <8975> cancelmsg:주문자 본인 취소-구매의사 없음
INFO	[2021-06-28 12:56:16:225] <8975> Check Field OK
INFO	[2021-06-28 12:56:16:225] <8975> PI PUB KEY LOAD OK []
INFO	[2021-06-28 12:56:16:225] <8975> PG PUB KEY LOAD OK [30]
INFO	[2021-06-28 12:56:16:226] <8975> MERCHANT PRIV KEY LOAD OK
INFO	[2021-06-28 12:56:16:226] <8975> MERCHANT PUB KEY LOAD OK [0]
DEBUG	[2021-06-28 12:56:16:226] <8975> MAKE ENCRYPT OK[<?xml version="1.0" encoding="UTF-8"?>
<CancelInfo>
	  <CancelTID>StdpayVBNKmajorgol0320210628125519511077</CancelTID>
	  <CancelMsg urlencode="1">%C1%D6%B9%AE%C0%DA+%BA%BB%C0%CE+%C3%EB%BC%D2-%B1%B8%B8%C5%C0%C7%BB%E7+%BE%F8%C0%BD</CancelMsg>
	  <CancelReason/></CancelInfo>]
INFO	[2021-06-28 12:56:16:226] <8975> MAKE BODY OK
INFO	[2021-06-28 12:56:16:227] <8975> SIGN OK
INFO	[2021-06-28 12:56:16:227] <8975> MAKE HEAD OK
INFO	[2021-06-28 12:56:16:227] <8975> MSG_TO_PG:[0099400175D SHA1                   0                                      300420majorgol03                    StdpayVBNKmajorgol0320210628125519511077<?xml version="1.0" encoding="UTF-8"?>
<INIpay>
	  <CancelInfo>
	    <SessionKey>BsOk9nC8MabBL4sMFLRdLPAOrOV8jD87U5YzRFCzwTukdIHSuYtgg/cIo8VXdTas
GBqNaqhrhyuX5+iGdNVA9/CrMLwPT1obhpwKOQHbx0zz62ITIVwlH6lwI004Hp4P
39S0QZNY14MnVw6ld9E4OiFk6pvKeOsq4bnbs3p6dGK3r6OIw7ToKQ==
</SessionKey>
	    <Encrypted>P5N4fMBtMCjkRJoc8kv0skkiephvftOrovd81jgfdZsycL5sgZismQjnnrYe3Mw4
/R/Xsj6n6/Ktr8RCqR71uaupF2pPZI2GI1EG4vcIZNOSaVYMCYUgtXezGngzae2m
lofakjj7WWKyb10uax2xiYQazNzWVj5//Povloz9q8LmnPDhceHpflor84+Xs8ff
GgTstwrMqw1nTGKwyTv2Sfgyo/uyTP3NtKtGR4CIFujkwn0VFi72mielt+Gfi8cu
07OrdynZHP/rT6cCES540XV3/0kD4n14IY8sna4oZAuNfKgpmPWK2GooiUW6i4GM
MB2jdmWBXUoa3CfDiItMl0a0OMycZzi1MPqAduDxPRpGijhcbnjaKw==
</Encrypted></CancelInfo>
	  <ReservedInfo>
	    <MReserved1/>
	    <MReserved2/>
	    <MReserved3/></ReservedInfo>
	  <ManageInfo>
	    <Language/>
	    <URL/>
	    <TXVersion>5036B141209canceLinux     PHPchkfake   2.6.32-754.11.1.el6.x86_64PHP:</TXVersion>
	    <TXUserID/>
	    <TXRegNum/></ManageInfo></INIpay>ADE0OH28ByeDDJUyZNV1Vf1IkjVHoxcaTXUNlLzATkM7t9ADuW2XLiwo3npfYxHY
g2WZyczO/igb5zC0aGMtUtGHkUiUL13cFU6OzbefYkhkhFD64Nr7SDzMOGwNnAnj
eRfrtBBdOF+nIjhBuwRHjdSlOsobritRbvJsF2MRvzSQ
]
INFO	[2021-06-28 12:56:16:227] <8975> DNS LOOKUP OK(203.238.37.3:203.238.37.3:34049) laptime:0
INFO	[2021-06-28 12:56:16:230] <8975> SOCKET CONNECT OK
INFO	[2021-06-28 12:56:16:230] <8975> SEND OK
INFO	[2021-06-28 12:56:16:331] <8975> RECV OK
INFO	[2021-06-28 12:56:16:331] <8975> MSG_FROM_PG:[0123800175D SHA1                   0                                      300430majorgol03                    StdpayVBNKmajorgol0320210628125519511077<?xml version="1.0" encoding="UTF-8"?><INIpay>
<CancelInfo>
<ResultCode>170000</ResultCode>
<ResultMsg urlencode="1">%C1%A4%BB%F3%C3%B3%B8%AE%B5%C7%BE%FA%BD%C0%B4%CF%B4%D9.</ResultMsg>
<SessionKey>AGBZGGehskYLWkb24yT0flaBA8erv2jK1bZYFWvAjDm1nmszw22t4xN6WZ9211+Q
zZqP1xq0I360Lv1a+hA4Pquo/xr/OV+Hj/V/ICb3eh+uO5eKELg99/CPZwlYdD/Y
I0TvX9aQsWLEhOEEHf2Eh2FX1pL5YXMbAws0c6BwQBX4sv6lHd7RVKM=
</SessionKey>
<Encrypted>5aoHqhgPXQCsb3pRnfzSOIqXPNM9BfoWcvIKuthyPZjtSp10/PsQahxuLJ2ikMXH
CCXqTwb7/ju7u9l4tRwSxRwd9da84vt5I+ADk04nPukskbBBEtvYC02dNb9KUgjs
z4ExBVXm8SSU2e5aD4SeEQYGUJYZH8z+lhWLbe70BQCQNcopDhwpCMTCDPalWPEP
79D68dl04uvdMKDhUXlQp3sYSE16VvSf2BXAP0Jgfa90htw1gK/OuI8KLJxMuDd1
9EuwitG5Zw+1srA9lLbltl3wL7T2DqjhpvVj8y8Ql2jEiL0CIQsZne34H7nwo7qA
9ptSm2upIvnf5AF6jBxwTiCCxNSBTvsG9vI3nIWegoK/FG9/PL/VAVeftO3NU25o
ERDZbWGZsdJyyBBKXZ2FxtO/JXZeN4FA1n8X7hERtEiJ7UhfpCtTUNjgFRU1RZYJ
G29tcjMWtfqs9fx0FDIMVhZG0OPse1GdhnKW27rIXKKusGBnN7jM5Dq4clJEJs8P
hkHZWe3GPvJs1I2A/RbDs8MoMVi8x/CQ7yIVi93iVEZVRVjyGPJafHqEpLd9HaSk
A9kgtTyJ3ZZr6+Z9WdrwUJzXlVNardL2u2cWeuuR2jRMmXN5Eb9JbaMhcSRlPVqZ
hxA7o4H0rYA=
</Encrypted>
</CancelInfo>
<ManageInfo/>
<ReservedInfo>
<MReserved1 urlencode="1"/>
<MReserved2 urlencode="1"/>
<MReserved3 urlencode="1"/>
</ReservedInfo>
</INIpay>
oWdM0Xh8LzADCC8SCCLleuasKR6pVYF/rl0IO78qNfCGsoCt/JSO96wffut9lOy+
o7eOLw0J0qqfBBxdmgVPgvb5q0uUfNQ+wVsUKEzI/qxFFY9fLLkqfz3J2JArUH15
6RMXwp+TpxkvsV+/dbEropENLvWwQLj51f+d4UnbNNY=
]
INFO	[2021-06-28 12:56:16:332] <8975> VERIFY OK
INFO	[2021-06-28 12:56:16:332] <8975> PARSE HEAD OK
INFO	[2021-06-28 12:56:16:332] <8975> PARSE BODY OK
INFO	[2021-06-28 12:56:16:333] <8975> DECRYPT OK
DEBUG	[2021-06-28 12:56:16:333] <8975> DECRYPT MSG:[<?xml version="1.0" encoding="UTF-8"?><CancelInfo>
<CancelDate>20210628</CancelDate>
<CancelTime>125616</CancelTime>
<ResultCode>170000</ResultCode>
<ResultMsg urlencode="1">%C1%A4%BB%F3%C3%B3%B8%AE%B5%C7%BE%FA%BD%C0%B4%CF%B4%D9.</ResultMsg>
<CSHR_CancelDate>20210628</CSHR_CancelDate>
<CSHR_CancelTime>125616</CSHR_CancelTime>
<CSHR_ResultCode>220000</CSHR_ResultCode>
<CSHR_ResultMsg urlencode="1">%C1%A4%BB%F3%C3%B3%B8%AE%B5%C7%BE%FA%BD%C0%B4%CF%B4%D9.</CSHR_ResultMsg>
</CancelInfo>]
INFO	[2021-06-28 12:56:16:333] <8975> DECRYPT PARSE OK
INFO	[2021-06-28 12:56:16:333] <8975> END cancel 정상처리되었습니다. Laptime:[0.108sec]
INFO	[2021-06-28 12:56:16:333] <8975> ===============================================================
INFO	[2021-06-28 14:49:13:329] <8977> START INIPHP cancel (V5036-141209)(OS:Linux2.6.32-754.11.1.el6.x86_64,PHP:5.3.3)
DEBUG	[2021-06-28 14:49:13:329] <8977> inipayhome:/home1/killdeal/public_html/shop/inicis
DEBUG	[2021-06-28 14:49:13:329] <8977> debug:false
DEBUG	[2021-06-28 14:49:13:329] <8977> type:cancel
DEBUG	[2021-06-28 14:49:13:329] <8977> mid:majorgol03
DEBUG	[2021-06-28 14:49:13:329] <8977> admin:1111
DEBUG	[2021-06-28 14:49:13:329] <8977> tid:StdpayCARDmajorgol0320210628144852739839
DEBUG	[2021-06-28 14:49:13:329] <8977> cancelmsg:주문자 본인 취소-구매의사 없음
INFO	[2021-06-28 14:49:13:329] <8977> Check Field OK
INFO	[2021-06-28 14:49:13:329] <8977> PI PUB KEY LOAD OK []
INFO	[2021-06-28 14:49:13:330] <8977> PG PUB KEY LOAD OK [30]
INFO	[2021-06-28 14:49:13:330] <8977> MERCHANT PRIV KEY LOAD OK
INFO	[2021-06-28 14:49:13:330] <8977> MERCHANT PUB KEY LOAD OK [0]
DEBUG	[2021-06-28 14:49:13:330] <8977> MAKE ENCRYPT OK[<?xml version="1.0" encoding="UTF-8"?>
<CancelInfo>
	  <CancelTID>StdpayCARDmajorgol0320210628144852739839</CancelTID>
	  <CancelMsg urlencode="1">%C1%D6%B9%AE%C0%DA+%BA%BB%C0%CE+%C3%EB%BC%D2-%B1%B8%B8%C5%C0%C7%BB%E7+%BE%F8%C0%BD</CancelMsg>
	  <CancelReason/></CancelInfo>]
INFO	[2021-06-28 14:49:13:330] <8977> MAKE BODY OK
INFO	[2021-06-28 14:49:13:331] <8977> SIGN OK
INFO	[2021-06-28 14:49:13:331] <8977> MAKE HEAD OK
INFO	[2021-06-28 14:49:13:331] <8977> MSG_TO_PG:[0099400175D SHA1                   0                                      300420majorgol03                    StdpayCARDmajorgol0320210628144852739839<?xml version="1.0" encoding="UTF-8"?>
<INIpay>
	  <CancelInfo>
	    <SessionKey>smU+9uYUQNnsOVnBqYe/rQ5vk4ITsdIZXQMtVgzj69CzzGkI+s7Fqseb63XweZHw
Es5WQwua/TXTFyGqA4pp7FLEtPybIqESyaDiXDRc8qq790ZZFnVaYWWg0txtpiMJ
lfoIHvldB0/h9HhVEajk32wmyfve3KFEcpmIaCP4bI3YbbVeCyZPaQ==
</SessionKey>
	    <Encrypted>ShrKpFdR58siN0mn+UeVpsSqZfCUnek1lyM4hJpp0m2ngtCmtdd7TUbJWCE7/pBP
kqJbQZDGEhrW3zDx1ajMdolWa78VtK4BuqzU6CPimxDofMS5fHnxTFAEyGVRxiYN
PTt9rB2752fSWMT1bXD/e8hBkYIfE+OrvOqi3Z8MXL/U+McHTnrEZnfMj+306Wj3
c5g2HIsx5MLko4UXsNHtv04T1y0r+rQAZKFKLmmj6Mkc2Z13c8xWugadAvtmZtZC
00n0XZtESCmnqVryxyWADQaZ35ooyJywrPUBIpYIZD764ejwiR2anOcdrWHZzU72
a/FIuw5BThp8k2VCzRbGacigmd2x1IPIedFgWGEeIcrU0N9eZMLM7g==
</Encrypted></CancelInfo>
	  <ReservedInfo>
	    <MReserved1/>
	    <MReserved2/>
	    <MReserved3/></ReservedInfo>
	  <ManageInfo>
	    <Language/>
	    <URL/>
	    <TXVersion>5036B141209canceLinux     PHPchkfake   2.6.32-754.11.1.el6.x86_64PHP:</TXVersion>
	    <TXUserID/>
	    <TXRegNum/></ManageInfo></INIpay>ADJg3cpxBaezZjKzjznTZeOdFLa1cAFoFHMfpAP6931UbvFJCNeFpeZ1ywZ3iMRO
DEzvhpbSC4MjE8fJRW50kyI9mVzPjO0DPC/bEDe3HMvqPkN24n4BSTsBxwKcQzUT
mWcOZZQnlUAnhuW6yPs2+A/krSzyOpsrZJCYmZG6xfRe
]
INFO	[2021-06-28 14:49:13:331] <8977> DNS LOOKUP OK(203.238.37.3:203.238.37.3:34049) laptime:0
INFO	[2021-06-28 14:49:13:334] <8977> SOCKET CONNECT OK
INFO	[2021-06-28 14:49:13:334] <8977> SEND OK
INFO	[2021-06-28 14:49:14:113] <8977> RECV OK
INFO	[2021-06-28 14:49:14:113] <8977> MSG_FROM_PG:[0093300175D SHA1                   0                                      300430majorgol03                    StdpayCARDmajorgol0320210628144852739839<?xml version="1.0" encoding="UTF-8"?><INIpay>
<CancelInfo>
<ResultCode>120000</ResultCode>
<ResultMsg urlencode="1">%C1%A4%BB%F3%C3%B3%B8%AE%B5%C7%BE%FA%BD%C0%B4%CF%B4%D9.</ResultMsg>
<SessionKey>ADaQS1J5t/2mp7Np3gf6nGAk1HIKbGx+oIfTreJ9iH8tsXujq+Z7P9XWOGBISo3R
4NSsu2v+b0KhHCoIwaZVyIlkvURl5Y0XPSfkQB3Y28Csts0NQb1dfRKIsJVnAg6N
vKX+KAZJxyhG8P7bqu0K1xC6PtEaTjNSDp1HQTl81yJiGfW5Z0+Wuz0=
</SessionKey>
<Encrypted>bYp27v07DoMqHm6l5qi3saJ47+hgXQS/mwafaWMCYrhsM2fm6Y/quE7W1GOGod+D
p64hhN3EV4nvXILay9rnyv5yRoonMvZtgrXXgtxAzCUxTizwr3y+DxlmRgb/ANm5
Tkkn1q8YmBYM54WF2eHFUQKJCoR4jKmTxO+BLYvDjIk8tBckn3yzW2LL13JJsadi
q5tLEFbJk/IPGP76zKPN3gBFsqAALI2PCEe1GR8vND5HSSCRCA+OzUIz/9eRc98u
wpb6V+rJfg2tkn+ujkB6onVGgUCtSX/PPmYkhCXqg9kUsI6lRbaN01dceXOAj7n6
/bKgWodAQEyfDh1+SbMMzbqgk8SitBGj
</Encrypted>
</CancelInfo>
<ManageInfo/>
<ReservedInfo>
<MReserved1 urlencode="1"/>
<MReserved2 urlencode="1"/>
<MReserved3 urlencode="1"/>
</ReservedInfo>
</INIpay>
rR3jh6foTTCzDEy6e77z6CbxiN44AAFn2e0MGucVtL5C3X3K7oaAKf8WEiCY/YOP
SlMrgatMfv/XWy6hLL64TIRSOdEftBcx3A83qgnunw3YGb0xVWrIfsO5Ss7sa0wx
Rh42sT7XzCbrSLQ4hU4J1o2tO3EtR3345EzkemJk9mE=
]
INFO	[2021-06-28 14:49:14:113] <8977> VERIFY OK
INFO	[2021-06-28 14:49:14:113] <8977> PARSE HEAD OK
INFO	[2021-06-28 14:49:14:113] <8977> PARSE BODY OK
INFO	[2021-06-28 14:49:14:114] <8977> DECRYPT OK
DEBUG	[2021-06-28 14:49:14:114] <8977> DECRYPT MSG:[<?xml version="1.0" encoding="UTF-8"?><CancelInfo>
<CancelDate>20210628</CancelDate>
<CancelTime>144914</CancelTime>
<ResultCode>120000</ResultCode>
<ResultMsg urlencode="1">%C1%A4%BB%F3%C3%B3%B8%AE%B5%C7%BE%FA%BD%C0%B4%CF%B4%D9.</ResultMsg>
</CancelInfo>]
INFO	[2021-06-28 14:49:14:114] <8977> DECRYPT PARSE OK
INFO	[2021-06-28 14:49:14:114] <8977> END cancel 정상처리되었습니다. Laptime:[0.785sec]
INFO	[2021-06-28 14:49:14:114] <8977> ===============================================================
INFO	[2021-06-28 16:05:43:318] <8938> START INIPHP cancel (V5036-141209)(OS:Linux2.6.32-754.11.1.el6.x86_64,PHP:5.3.3)
DEBUG	[2021-06-28 16:05:43:318] <8938> inipayhome:/home1/killdeal/public_html/shop/inicis
DEBUG	[2021-06-28 16:05:43:318] <8938> debug:false
DEBUG	[2021-06-28 16:05:43:318] <8938> type:cancel
DEBUG	[2021-06-28 16:05:43:318] <8938> mid:majorgol03
DEBUG	[2021-06-28 16:05:43:318] <8938> admin:1111
DEBUG	[2021-06-28 16:05:43:318] <8938> tid:INIMX_CARDmajorgol0320210626031838675489
DEBUG	[2021-06-28 16:05:43:318] <8938> cancelmsg:쇼핑몰 운영자 승인 취소
INFO	[2021-06-28 16:05:43:318] <8938> Check Field OK
INFO	[2021-06-28 16:05:43:318] <8938> PI PUB KEY LOAD OK []
INFO	[2021-06-28 16:05:43:318] <8938> PG PUB KEY LOAD OK [30]
INFO	[2021-06-28 16:05:43:318] <8938> MERCHANT PRIV KEY LOAD OK
INFO	[2021-06-28 16:05:43:319] <8938> MERCHANT PUB KEY LOAD OK [0]
DEBUG	[2021-06-28 16:05:43:319] <8938> MAKE ENCRYPT OK[<?xml version="1.0" encoding="UTF-8"?>
<CancelInfo>
	  <CancelTID>INIMX_CARDmajorgol0320210626031838675489</CancelTID>
	  <CancelMsg urlencode="1">%BC%EE%C7%CE%B8%F4+%BF%EE%BF%B5%C0%DA+%BD%C2%C0%CE+%C3%EB%BC%D2</CancelMsg>
	  <CancelReason/></CancelInfo>]
INFO	[2021-06-28 16:05:43:319] <8938> MAKE BODY OK
INFO	[2021-06-28 16:05:43:320] <8938> SIGN OK
INFO	[2021-06-28 16:05:43:320] <8938> MAKE HEAD OK
INFO	[2021-06-28 16:05:43:320] <8938> MSG_TO_PG:[0096200175D SHA1                   0                                      300420majorgol03                    INIMX_CARDmajorgol0320210626031838675489<?xml version="1.0" encoding="UTF-8"?>
<INIpay>
	  <CancelInfo>
	    <SessionKey>lvL8nnTlj78Fwwf4aNis4qW7RGptQyUt+nY0gd6t9Ps9HDOHoK9t5uHHmZCz/Bbe
ZQ2+WjNUnj6WQ45ZzHy0Dy8ENScGubFFq37LnLgqlvyNHSX4Wq28qmDgBxrmdCHq
dWe2LGF39uzUfcg9Gr/2eJOgMXgQ5Je2/u83mIRJcEndV0L33ecWhw==
</SessionKey>
	    <Encrypted>T7o7gyfNoEagCMzZzvFJIuiliwP8ENzbjqnPK2Kgq4VFv+a9Lwq3U3hn/WoSuj2s
9O3lwLq9LW8G4t7Osu1zUF5XFsm9bSeYhpZxS0TUd+0//KDqzlOuR9VIfO6IsqMA
+EgXA84ND+wJDOZsAKnzaT7gSFBKyHwIiori2Z6b41rTNOiz1AH3z4VXNokRCk6w
dGZzbXrFwVf0wk/Qajg9KHE+DKwW0LfmO5Ucpv/P+gT5+Y5naBcZqHlPzqPMlah4
pDimGTHsED32418bKy8+ZdRxKCphMhuntddplI4FjHi2r77J7qJWP5jxm/BnH01t
ImCGzhOH5aTcElM0ZSwF6Q==
</Encrypted></CancelInfo>
	  <ReservedInfo>
	    <MReserved1/>
	    <MReserved2/>
	    <MReserved3/></ReservedInfo>
	  <ManageInfo>
	    <Language/>
	    <URL/>
	    <TXVersion>5036B141209canceLinux     PHPchkfake   2.6.32-754.11.1.el6.x86_64PHP:</TXVersion>
	    <TXUserID/>
	    <TXRegNum/></ManageInfo></INIpay>AB924gzcPNwBaINgsWCyOt5czY9jsqJx4+KGChhvj5VK1tida7Y9F5lpuOK6coYl
v9RBHZxJOqKwVwaGuZ8yOLiBnbeCt9hOhTyhL10r2ERl1X4M0iz7TQkScb01MD1w
v+0sVL81J4Imr5Xa0ZiW5skvY9en3aQApbffCeANteBU
]
INFO	[2021-06-28 16:05:43:320] <8938> DNS LOOKUP OK(203.238.37.3:203.238.37.3:34049) laptime:0
INFO	[2021-06-28 16:05:43:322] <8938> SOCKET CONNECT OK
INFO	[2021-06-28 16:05:43:322] <8938> SEND OK
INFO	[2021-06-28 16:05:43:723] <8938> RECV OK
INFO	[2021-06-28 16:05:43:723] <8938> MSG_FROM_PG:[0093300175D SHA1                   0                                      300430majorgol03                    INIMX_CARDmajorgol0320210626031838675489<?xml version="1.0" encoding="UTF-8"?><INIpay>
<CancelInfo>
<ResultCode>120000</ResultCode>
<ResultMsg urlencode="1">%C1%A4%BB%F3%C3%B3%B8%AE%B5%C7%BE%FA%BD%C0%B4%CF%B4%D9.</ResultMsg>
<SessionKey>AKv6QN7/SeojwxOwkzKIRP3hZeF9fTuV9wYE4hxOX+5sLMTISS88lLoAHRXsWwzj
THl0XwrUwntJpJZF90KiBExneQmwZLORZgSDqbeXovz3tdyA92ryGHa8Nxl9iG6W
Eh1q/iOH4h3Xctt5a1yi+1oy8tTiIkGcaQGw308kVRqhM2K2MKWq7xM=
</SessionKey>
<Encrypted>hoWn/y+364tW3s7vP2rNACvzt5R5qOmxDIYD6UH8H2WrgoOTUDoG13/hUipgFR0F
5E9tfpyHDmJEDgP9AGtCYRtJ69nuriuL+IDw9E/2ybO530COYERn130mz11guVU1
CciZ5aw/AHuFMlFV+F8loM7MFUhNJW1SPw/4swYTBTM9jWEPmKxS0H27QGdOc/SV
egxnyllcF1HG9K7LZNqJJE8KGbuGxamIk9GZ0EZSVjVnZwQ8FhX0bqynNW8oR+C/
2WzmxJ4tatkbxMqS0drFN2/gPYiD0frLyQPAT3TRjB/9cjR+vIxXn3ByMOr8UY0j
ioZZ5VgvAkRsM6ANGNMG7i84tX3n2tzg
</Encrypted>
</CancelInfo>
<ManageInfo/>
<ReservedInfo>
<MReserved1 urlencode="1"/>
<MReserved2 urlencode="1"/>
<MReserved3 urlencode="1"/>
</ReservedInfo>
</INIpay>
NTlAk/kydLyEhflnTx2aWc0RDRTf9TDJm66ja7lMumgp+gxq1e6l0TpKPuMJfG/T
EP3Gh9YVkECQ0Pkx9WRZmRcw+1qEQupg4HWtvfOesIONEbVRx1tAZdBz/XurygDE
kBK6/Gi1H9PS4mzS0G9BuFUCGHDZJZOEn+ZwreuNBS0=
]
INFO	[2021-06-28 16:05:43:723] <8938> VERIFY OK
INFO	[2021-06-28 16:05:43:723] <8938> PARSE HEAD OK
INFO	[2021-06-28 16:05:43:723] <8938> PARSE BODY OK
INFO	[2021-06-28 16:05:43:724] <8938> DECRYPT OK
DEBUG	[2021-06-28 16:05:43:724] <8938> DECRYPT MSG:[<?xml version="1.0" encoding="UTF-8"?><CancelInfo>
<CancelDate>20210628</CancelDate>
<CancelTime>160543</CancelTime>
<ResultCode>120000</ResultCode>
<ResultMsg urlencode="1">%C1%A4%BB%F3%C3%B3%B8%AE%B5%C7%BE%FA%BD%C0%B4%CF%B4%D9.</ResultMsg>
</CancelInfo>]
INFO	[2021-06-28 16:05:43:724] <8938> DECRYPT PARSE OK
INFO	[2021-06-28 16:05:43:724] <8938> END cancel 정상처리되었습니다. Laptime:[0.406sec]
INFO	[2021-06-28 16:05:43:725] <8938> ===============================================================
INFO	[2021-06-28 16:34:49:320] <8981> START INIPHP cancel (V5036-141209)(OS:Linux2.6.32-754.11.1.el6.x86_64,PHP:5.3.3)
DEBUG	[2021-06-28 16:34:49:320] <8981> inipayhome:/home1/killdeal/public_html/shop/inicis
DEBUG	[2021-06-28 16:34:49:320] <8981> debug:false
DEBUG	[2021-06-28 16:34:49:320] <8981> type:cancel
DEBUG	[2021-06-28 16:34:49:320] <8981> mid:majorgol03
DEBUG	[2021-06-28 16:34:49:320] <8981> admin:1111
DEBUG	[2021-06-28 16:34:49:320] <8981> tid:StdpayCARDmajorgol0320210628163418789695
DEBUG	[2021-06-28 16:34:49:320] <8981> cancelmsg:쇼핑몰 운영자 승인 취소
INFO	[2021-06-28 16:34:49:320] <8981> Check Field OK
INFO	[2021-06-28 16:34:49:320] <8981> PI PUB KEY LOAD OK []
INFO	[2021-06-28 16:34:49:320] <8981> PG PUB KEY LOAD OK [30]
INFO	[2021-06-28 16:34:49:320] <8981> MERCHANT PRIV KEY LOAD OK
INFO	[2021-06-28 16:34:49:320] <8981> MERCHANT PUB KEY LOAD OK [0]
DEBUG	[2021-06-28 16:34:49:323] <8981> MAKE ENCRYPT OK[<?xml version="1.0" encoding="UTF-8"?>
<CancelInfo>
	  <CancelTID>StdpayCARDmajorgol0320210628163418789695</CancelTID>
	  <CancelMsg urlencode="1">%BC%EE%C7%CE%B8%F4+%BF%EE%BF%B5%C0%DA+%BD%C2%C0%CE+%C3%EB%BC%D2</CancelMsg>
	  <CancelReason/></CancelInfo>]
INFO	[2021-06-28 16:34:49:323] <8981> MAKE BODY OK
INFO	[2021-06-28 16:34:49:323] <8981> SIGN OK
INFO	[2021-06-28 16:34:49:323] <8981> MAKE HEAD OK
INFO	[2021-06-28 16:34:49:323] <8981> MSG_TO_PG:[0096200175D SHA1                   0                                      300420majorgol03                    StdpayCARDmajorgol0320210628163418789695<?xml version="1.0" encoding="UTF-8"?>
<INIpay>
	  <CancelInfo>
	    <SessionKey>AAeqV5UcIFN/S4SHGnekAy4h/HmjZO56lkwYdJJVWuPPM8Xh9ldmYBZBFzgstz5f
N79453GBepNTCixcgtBSpOs6m5FSiXQX8Nlt9OMmS+ztUu7LN5FtKjVjjD9LR+xy
Cr26X4YBEkCzJtiliKfa8FBE31VcddwjlNveHCpQFJDIqQdIXHFUkw==
</SessionKey>
	    <Encrypted>dTVf6wkavuFiOnySG+qadk0UUtyxVpcJNoYSNoZWwP6f/GpTzrbwaJFtI1BQ7Bc7
5YSKxj8kxlz8BcfdKrgbJjVGyZAo8U+c7EJINi00kOykjpDbcqKNY6cpd4WWNDk1
DTDjW0RZm32aJjZqykcFvXsq6K8J1neNY7/14hfDUGbwU58pyXJeZ0KZn7mY0yX9
lCUby4lZt42UdqfoyfbAVkCtvPskTp/KCpfAHYfzLKJls4LxzaO2a4S6JvX730Iz
mGcruuvUm+1Jt5dPX4ILiBmyAbPuRdNzsN81Frg2Zxguen18pvEeXlpMBEWBs87z
Rx1F2EeaM79pC3iacnIjxQ==
</Encrypted></CancelInfo>
	  <ReservedInfo>
	    <MReserved1/>
	    <MReserved2/>
	    <MReserved3/></ReservedInfo>
	  <ManageInfo>
	    <Language/>
	    <URL/>
	    <TXVersion>5036B141209canceLinux     PHPchkfake   2.6.32-754.11.1.el6.x86_64PHP:</TXVersion>
	    <TXUserID/>
	    <TXRegNum/></ManageInfo></INIpay>AKJcyqfrSiASmrLb1+ojmgBhvjfQtaqDxqrnYmCAiczzlZLmB5Mn2aD79Ih2R+Oj
Nnjp62YvL8ww98EuqfFwEiw8CogcEHiLuHBEVPUwdikiPFGwYcWrtvsfU8NmMu0L
jHZNy2J8NjLC7oZziSRy5x43XwLtNh/0O3nROyRn8jng
]
INFO	[2021-06-28 16:34:49:323] <8981> DNS LOOKUP OK(203.238.37.3:203.238.37.3:34049) laptime:0
INFO	[2021-06-28 16:34:49:326] <8981> SOCKET CONNECT OK
INFO	[2021-06-28 16:34:49:326] <8981> SEND OK
INFO	[2021-06-28 16:34:50:4] <8981> RECV OK
INFO	[2021-06-28 16:34:50:4] <8981> MSG_FROM_PG:[0093300175D SHA1                   0                                      300430majorgol03                    StdpayCARDmajorgol0320210628163418789695<?xml version="1.0" encoding="UTF-8"?><INIpay>
<CancelInfo>
<ResultCode>120000</ResultCode>
<ResultMsg urlencode="1">%C1%A4%BB%F3%C3%B3%B8%AE%B5%C7%BE%FA%BD%C0%B4%CF%B4%D9.</ResultMsg>
<SessionKey>AGFIVYlbcvDt3hi9382JW52yLyp0/S3ieME6DEfLWbOVbo7xZuXW3DzC2HzbtmmE
6helgVniFuTv6HPQonGFHW5b5PVIcTYb4DQ53wEz7G7nTFHNtwUKGlA76Rzejggt
jtNR2lmmuiiGnx+2Jk5rHjYEov12UVVj7a0HSJtBFaNxQLvUXvmp+b0=
</SessionKey>
<Encrypted>q3XTHtoCMJYZKeBcRFf9mOeK09NOpWXHWBN1I3lzCB6d6iiWH33EEerO5TUXMZGY
BLyX5fXOT4VjFd3BHX54j96TvqO9GCMXVrXK22aqdNl9wU46yO/T3lxqFEIEWJqN
Ixk1zQ6D9RdVILYMF/7/c99phDXaG2gjp3JU//9iy5KZ2FhkwHMnh5wZ1zkrlO7F
/dXUjzKkieUR82GNl0V2exTqNrVHfvpR7XpjIFVE0Y4Zr2krZF3YuNHqzbdwbo68
sx637ws1MUpx+TU5SNfIOBpkQUn/IiVY/xSgXe4fRadriL8QXobRoJwBQoCCS9Vs
KMRhQFUOE7b1PRAcVVYH16iclI9fg9UG
</Encrypted>
</CancelInfo>
<ManageInfo/>
<ReservedInfo>
<MReserved1 urlencode="1"/>
<MReserved2 urlencode="1"/>
<MReserved3 urlencode="1"/>
</ReservedInfo>
</INIpay>
lRqpQt6t3kls/A+2DdgIEr0WOICCdFv03OPWr8K9hUWEQY55jfNiD/mv2ijMsqtZ
XbxZ9CqMvDEOyai1rbAMDS4ZI6zZExIkc4oQgYLP9PrgxyeogSHCRDe60b+9WK8/
quKW3GlA8Ur2KTAkyNdkJJKXyLkXhgf5X4wAAXJdHUM=
]
INFO	[2021-06-28 16:34:50:4] <8981> VERIFY OK
INFO	[2021-06-28 16:34:50:4] <8981> PARSE HEAD OK
INFO	[2021-06-28 16:34:50:4] <8981> PARSE BODY OK
INFO	[2021-06-28 16:34:50:5] <8981> DECRYPT OK
DEBUG	[2021-06-28 16:34:50:5] <8981> DECRYPT MSG:[<?xml version="1.0" encoding="UTF-8"?><CancelInfo>
<CancelDate>20210628</CancelDate>
<CancelTime>163450</CancelTime>
<ResultCode>120000</ResultCode>
<ResultMsg urlencode="1">%C1%A4%BB%F3%C3%B3%B8%AE%B5%C7%BE%FA%BD%C0%B4%CF%B4%D9.</ResultMsg>
</CancelInfo>]
INFO	[2021-06-28 16:34:50:5] <8981> DECRYPT PARSE OK
INFO	[2021-06-28 16:34:50:5] <8981> END cancel 정상처리되었습니다. Laptime:[0.685sec]
INFO	[2021-06-28 16:34:50:5] <8981> ===============================================================
