INFO	[2020-06-01 14:59:53:291] <2996> START INIPHP cancel (V5036-141209)(OS:Linux2.6.32-754.11.1.el6.x86_64,PHP:5.3.3)
DEBUG	[2020-06-01 14:59:53:291] <2996> inipayhome:/home/killdeal/public_html/shop/inicis
DEBUG	[2020-06-01 14:59:53:291] <2996> debug:false
DEBUG	[2020-06-01 14:59:53:291] <2996> type:cancel
DEBUG	[2020-06-01 14:59:53:291] <2996> mid:majorgol03
DEBUG	[2020-06-01 14:59:53:291] <2996> admin:1111
DEBUG	[2020-06-01 14:59:53:291] <2996> tid:INIMX_ISP_majorgol0320200529131401855402
DEBUG	[2020-06-01 14:59:53:291] <2996> cancelmsg:¼îÇÎ¸ô ¿î¿µÀÚ ½ÂÀÎ Ãë¼Ò
INFO	[2020-06-01 14:59:53:291] <2996> Check Field OK
INFO	[2020-06-01 14:59:53:291] <2996> PI PUB KEY LOAD OK []
INFO	[2020-06-01 14:59:53:292] <2996> PG PUB KEY LOAD OK [30]
INFO	[2020-06-01 14:59:53:292] <2996> MERCHANT PRIV KEY LOAD OK
INFO	[2020-06-01 14:59:53:292] <2996> MERCHANT PUB KEY LOAD OK [0]
DEBUG	[2020-06-01 14:59:53:293] <2996> MAKE ENCRYPT OK[<?xml version="1.0" encoding="UTF-8"?>
<CancelInfo>
	  <CancelTID>INIMX_ISP_majorgol0320200529131401855402</CancelTID>
	  <CancelMsg urlencode="1">%BC%EE%C7%CE%B8%F4+%BF%EE%BF%B5%C0%DA+%BD%C2%C0%CE+%C3%EB%BC%D2</CancelMsg>
	  <CancelReason/></CancelInfo>]
INFO	[2020-06-01 14:59:53:293] <2996> MAKE BODY OK
INFO	[2020-06-01 14:59:53:293] <2996> SIGN OK
INFO	[2020-06-01 14:59:53:293] <2996> MAKE HEAD OK
INFO	[2020-06-01 14:59:53:293] <2996> MSG_TO_PG:[0096200175D SHA1                   0                                      300420majorgol03                    INIMX_ISP_majorgol0320200529131401855402<?xml version="1.0" encoding="UTF-8"?>
<INIpay>
	  <CancelInfo>
	    <SessionKey>c54CgaMR4BuAMMfGfAsgDBesvMiFdSZAB9zXuHjwYiwx1MXeSVOlyBW5oK1J6jD6
QZ2nTl1f7udf1nnXEF3QGqpwb6pTObHA2AChc/b9v/qgAtWFFd9lkFkpN/+f3Up7
qXTCpJBLMWbCnVLrNEDhPZ5lqiW1AVaq38pCl71A+1ody6jHebSZ2Q==
</SessionKey>
	    <Encrypted>Px9hDIsPs0F/HTlOBCerVFDniomhIPIZDFbihDjnNLNJyjZqBI54bBruZXZYcvYb
Eiz7GCj901yMADacXEhoy5p7HwKciKJztU19e9gSbfPqvyTKTmTjWhexaQaxMxoi
V1JIDkYd6a6NSKnQ5nhsWesrMg+AOBY9CF7nBoez1Clpj4jZIFfTCOx27133Xjby
RHeuPHZNtfOYDdCNubq1Ov43+CHkQ9JRyqigXsnKXd4Y+px96p3x1BQ7jrmOKSGy
lejCV9seRob3hgTuhlQvKsWXPFaZA4WqOPwKmzoKPmGYFGCGRY+kbOgcjMAdAGe4
vy+qkLuZU+68Rf7qedUUpA==
</Encrypted></CancelInfo>
	  <ReservedInfo>
	    <MReserved1/>
	    <MReserved2/>
	    <MReserved3/></ReservedInfo>
	  <ManageInfo>
	    <Language/>
	    <URL/>
	    <TXVersion>5036B141209canceLinux     PHPchkfake   2.6.32-754.11.1.el6.x86_64PHP:</TXVersion>
	    <TXUserID/>
	    <TXRegNum/></ManageInfo></INIpay>AKy5XW2VWkxqXNt6bTv16IdVCPh/owt7tPjxD2MqV2mwhGpEYRCmMgQe/Ob82KvR
wtpVr9Y1KDAPxHEu240CHaZv1QlQdq3TCxUrat16QxeCtBlsjtbHKOnblCY3qwLd
1Fg0bS6NfpKo7UOB6IKYYsmNdIry658UyeYtxUV3xr7o
]
INFO	[2020-06-01 14:59:53:294] <2996> DNS LOOKUP OK(203.238.37.3:203.238.37.3:34049) laptime:0
INFO	[2020-06-01 14:59:53:295] <2996> SOCKET CONNECT OK
INFO	[2020-06-01 14:59:53:295] <2996> SEND OK
INFO	[2020-06-01 14:59:53:471] <2996> RECV OK
INFO	[2020-06-01 14:59:53:471] <2996> MSG_FROM_PG:[0108200175D SHA1                   0                                      300430majorgol03                    INIMX_ISP_majorgol0320200529131401855402<?xml version="1.0" encoding="UTF-8"?>
<INIpay>
  <CancelInfo>
    <ResultCode>170000</ResultCode>
    <ResultMsg urlencode="1">%C1%A4%BB%F3%BF%CF%B7%E1</ResultMsg>
    <SessionKey>AQZ6sU7NRipdnBbpi+34kPyouh7YZWtRbxHqiG9UsNOEMEZFLASjtFTKfQUSqPCr
6evkDl7zA3/AHYJ7tZbQnc7pDAYCpCaGL+PAiVXRRhKx4sRVqtwALPS4U4dMq427
5cjrp0HuHJZ89oBhwuQ96Ne2oFAibz/9CyvuU87Q7/nkL8F8kgtBV3Q=
</SessionKey>
    <Encrypted>0jY/304Oae8aqFsf/SFz0qPz/z9Q5g8YojhEe4oiHcwOR8vKDtEjjc5C8aLp0YWQ
OXGewQdwk6+ZKCF399xOOE9nmepel2r53pCeSl2Xr9VIS+bLf+8IPW+BOWC6vsV5
8F+tcdfgrQIiYtycw+OS41FQPpDR8YYzIekWqKvWrhu9RE8Wt+hnnYljJ2/stNH3
R/dN1BNSGZymYWAxGSRfIIcUtpVL5faJcKxMJBT6NqcSwJbimlvC59hUhQlvlIPz
QtTINp6kKrmh8/E6kDoN6MslxMVAb3vjbjGEm6C3t0c8bvIEHG7ACqhnOC7NUENF
</Encrypted>
  </CancelInfo>
  <ManageInfo/>
  <ReservedInfo>
    <MReserved1 urlencode="1"></MReserved1>
    <MReserved2 urlencode="1"></MReserved2>
    <MReserved3 urlencode="1"></MReserved3>
    <PGReserved1 urlencode="1"></PGReserved1>
    <PGReserved2 urlencode="1"></PGReserved2>
    <PGReserved3 urlencode="1"></PGReserved3>
  </ReservedInfo>
</INIpay>
VzFvoJyh8QuNVRngbWWOG3aH8TdGRmmHeYrHEnBFPA7xAX1IorDeS9WaaJklN7V5
rryp72eIp6GTfUF1NJm42RcVbyHwBWLhpdnLOTSSBREd65rb9d5xymXc28x1eJZZ
Y47b7TTtZq98X3g6lq4FjkIZRIlG0hHKyE0GRlQiGaQ=
]
INFO	[2020-06-01 14:59:53:471] <2996> VERIFY OK
INFO	[2020-06-01 14:59:53:471] <2996> PARSE HEAD OK
INFO	[2020-06-01 14:59:53:471] <2996> PARSE BODY OK
INFO	[2020-06-01 14:59:53:472] <2996> DECRYPT OK
DEBUG	[2020-06-01 14:59:53:472] <2996> DECRYPT MSG:[<?xml version="1.0" encoding="UTF-8"?>
<CancelInfo>
  <CancelDate>20200601</CancelDate>
  <CancelTime>145954</CancelTime>
  <ResultCode>170000</ResultCode>
  <ResultMsg urlencode="1">%C1%A4%BB%F3%BF%CF%B7%E1</ResultMsg>
</CancelInfo>]
INFO	[2020-06-01 14:59:53:472] <2996> DECRYPT PARSE OK
INFO	[2020-06-01 14:59:53:472] <2996> END cancel Á¤»ó¿Ï·á Laptime:[0.181sec]
INFO	[2020-06-01 14:59:53:472] <2996> ===============================================================
