INFO	[2020-04-21 21:22:12:738] <25723> START INIPHP receipt (V5036-141209)(OS:Linux2.6.32-754.11.1.el6.x86_64,PHP:5.3.3)
DEBUG	[2020-04-21 21:22:12:738] <25723> inipayhome:/home/killdeal/public_html/shop/inicis
DEBUG	[2020-04-21 21:22:12:738] <25723> debug:false
DEBUG	[2020-04-21 21:22:12:738] <25723> type:receipt
DEBUG	[2020-04-21 21:22:12:738] <25723> pgid:INIphpRECP
DEBUG	[2020-04-21 21:22:12:738] <25723> paymethod:CASH
DEBUG	[2020-04-21 21:22:12:738] <25723> currency:WON
DEBUG	[2020-04-21 21:22:12:738] <25723> admin:1111
DEBUG	[2020-04-21 21:22:12:738] <25723> mid:majorgol03
DEBUG	[2020-04-21 21:22:12:738] <25723> goodname:전시상품2020마이캐디WTV9시계형GPS거리측정기
DEBUG	[2020-04-21 21:22:12:738] <25723> cr_price:199000
DEBUG	[2020-04-21 21:22:12:738] <25723> sup_price:180909
DEBUG	[2020-04-21 21:22:12:738] <25723> tax:18091
DEBUG	[2020-04-21 21:22:12:738] <25723> srvc_price:0
DEBUG	[2020-04-21 21:22:12:738] <25723> buyername:김민영
DEBUG	[2020-04-21 21:22:12:738] <25723> buyeremail:kobold228@naver.com
DEBUG	[2020-04-21 21:22:12:738] <25723> buyertel:
DEBUG	[2020-04-21 21:22:12:738] <25723> reg_num:01034280960
DEBUG	[2020-04-21 21:22:12:738] <25723> useopt:0
DEBUG	[2020-04-21 21:22:12:738] <25723> companynumber:
INFO	[2020-04-21 21:22:12:738] <25723> Check Field OK
INFO	[2020-04-21 21:22:12:738] <25723> Make TID OK INIphpRECPmajorgol0320200421212212381144
INFO	[2020-04-21 21:22:12:738] <25723> PI PUB KEY LOAD OK []
INFO	[2020-04-21 21:22:12:739] <25723> PG PUB KEY LOAD OK [30]
INFO	[2020-04-21 21:22:12:739] <25723> MERCHANT PRIV KEY LOAD OK
INFO	[2020-04-21 21:22:12:739] <25723> MERCHANT PUB KEY LOAD OK [0]
DEBUG	[2020-04-21 21:22:12:740] <25723> MAKE ENCRYPT OK[<?xml version="1.0" encoding="UTF-8"?>
<PaymentInfo>
	  <Payment>
	    <CASH>
	      <CSHR_ApplPrice>199000</CSHR_ApplPrice>
	      <CSHR_SupplyPrice>180909</CSHR_SupplyPrice>
	      <CSHR_Tax>18091</CSHR_Tax>
	      <CSHR_ServicePrice/>
	      <CSHR_Type>0</CSHR_Type>
	      <CSHR_RegNum>01034280960</CSHR_RegNum>
	      <CSHR_CompanyNum/></CASH></Payment></PaymentInfo>]
INFO	[2020-04-21 21:22:12:740] <25723> MAKE BODY OK
INFO	[2020-04-21 21:22:12:741] <25723> SIGN OK
INFO	[2020-04-21 21:22:12:741] <25723> MAKE HEAD OK
INFO	[2020-04-21 21:22:12:741] <25723> MSG_TO_PG:[0192400175D SHA1                   0                                      300200majorgol03              199000INIphpRECPmajorgol0320200421212212381144<?xml version="1.0" encoding="UTF-8"?>
<INIpay>
	  <GoodsInfo>
	    <GoodsCnt>1</GoodsCnt>
	    <MOID/>
	    <Currency>WON</Currency>
	    <Tax>18091</Tax>
	    <TaxFree/>
	    <Goods>
	      <SMID>majorgol03</SMID>
	      <GoodsName urlencode="1">%C0%FC%BD%C3%BB%F3%C7%B02020%B8%B6%C0%CC%C4%B3%B5%F0WTV9%BD%C3%B0%E8%C7%FCGPS%B0%C5%B8%AE%C3%F8%C1%A4%B1%E2</GoodsName>
	      <GoodsPrice>199000</GoodsPrice></Goods></GoodsInfo>
	  <BuyerInfo>
	    <BuyerName urlencode="1">%B1%E8%B9%CE%BF%B5</BuyerName>
	    <BuyerTel/>
	    <BuyerEmail urlencode="1">kobold228%40naver.com</BuyerEmail>
	    <ParentEmail/>
	    <RecvName/>
	    <RecvTel/>
	    <RecvMsg/>
	    <RecvAddr/>
	    <RecvPostNum/></BuyerInfo>
	  <PaymentInfo>
	    <Payment>
	      <PayMethod>CASH</PayMethod>
	      <JoinCard/>
	      <JoinExpire/>
	      <MailOrder/>
	      <SessionKey>RK2331hGxPkcb7+0C8Svo4wt/PW1dMEswAC7SzK48OR+PwdycST6Ih3OP+aAzQ+E
1iUj4daMMGbCDwB0Phsh2GXKjEgftroa4DvmR9KWi0u2MACnu6QpGi/m1yC/GHf/
i48wTRTCPb9QH4W8Ixdt59hQRBqNKPcaR/4rr3cAM/gTCQPCKYEKdA==
</SessionKey>
	      <Encrypted>Czj35G55plQBENb56g5wfuzMI0/jYXmxnkS6NHQ55YoXsFBD6eIWRi93FM46C9ae
SiKap2qWXvzWhTUzzNN7gQiuI7x80TUY9fjMocWu5Wu2vIp0lZHiwNW/kRI2t7Hv
bk4CPbnMLUQwR5mug/71hAx89QF59S5U7T2Z1vQgZVv0rHLy+fXBdNY2CHr4lRwF
DseEbB9RjcryuPK5c5KkEMY7qc30WrFW5vzzfBXf2NeRnCryDrk6XnG9L/7hq/as
oN7W09zCGV6sJCJeg+Fv0mZ4aM4JOkh/xU8iMZgnKa8u8cy3/g+5AxxjiCMkoTeZ
pK7Ji1D0ZFyqZkXGUHpBLMr3y9Gx/Qi+liSnNiOZJP/FQuV/30YT2kZNcsql57cf
6RJ8JTX8GtKyN3rUuyJmmgHlEX2ESPsK5CzE4jDoWkXoFUnO1rRJ5sMpkdWljbi4
dFnrxFsHl7LJA12TbGJG8E+lQBVVK3CtvT/XpW/7+7i47ef7ajrapw==
</Encrypted></Payment></PaymentInfo>
	  <ReservedInfo>
	    <MReserved1/>
	    <MReserved2/>
	    <MReserved3/></ReservedInfo>
	  <ManageInfo>
	    <Language/>
	    <URL/>
	    <TXVersion>5036B141209receiLinux     PHPchkfake   2.6.32-754.11.1.el6.x86_64PHP:</TXVersion>
	    <TXUserID/>
	    <TXRegNum/>
	    <Ack>1</Ack></ManageInfo></INIpay>AR4zK/mmbBH46w4AJbuU7Po9/+aqZrCs9NDDz25RGkw6uhSm6JS2OaNtB/uQC+lC
fnLjFusWn8AVJG6LzQrtVoixKv6RJMfH07u6Rav2Zpe6o/RxG8v5ukUAVIm3i7CI
7kNSs+ypEcJOoavNz9tooVm5Ka7qy+eGXzm8ohzCVvqe
]
INFO	[2020-04-21 21:22:12:741] <25723> DNS LOOKUP OK(203.238.37.3:203.238.37.3:34049) laptime:0
INFO	[2020-04-21 21:22:12:744] <25723> SOCKET CONNECT OK
INFO	[2020-04-21 21:22:12:744] <25723> SEND OK
INFO	[2020-04-21 21:22:12:868] <25723> RECV OK
INFO	[2020-04-21 21:22:12:868] <25723> MSG_FROM_PG:[0225300175D SHA1                   0                                      300210majorgol03              199000INIphpRECPmajorgol0320200421212212381144<?xml version="1.0" encoding="UTF-8"?>
<INIpay>
  <GoodsInfo>
    <GoodsCnt>1</GoodsCnt>
    <MOID urlencode="1"></MOID>
    <Currency>WON</Currency>
    <Goods no="1">
      <SMID>majorgol03</SMID>
      <GoodsName urlencode="1">%C0%FC%BD%C3%BB%F3%C7%B02020%B8%B6%C0%CC%C4%B3%B5%F0WTV9%BD%C3%B0%E8%C7%FCGPS%B0%C5%B8%AE%C3%F8%C1%A4%B1%E2</GoodsName>
      <GoodsCntS>1</GoodsCntS>
      <GoodsPrice>199000</GoodsPrice>
    </Goods>
  </GoodsInfo>
  <PaymentInfo>
    <Payment>
      <SessionKey>ABkJlYhQDgIsJi4K8k+34CEGGrQfqzhYClGMKepxjLrHo0XHVjpTZ8XgFET2Vjc7
ot6SZduZZ5sna/AaljobjhUVheHeOS6xqzNQXoxsB30fWS9fXO1dhriduPRAXNJG
ceAGWdF1ToS3wvi2v6ipJBO4tZmE0Mkv2KEZ3WzrY87dlCB6M5N4PCM=
</SessionKey>
      <Encrypted>1G5IcmcInz8CAm6fCHawHbaUqCQf2nK3iFhrXQyoIAAOOk3pQaEQi8y9Q30ge2cJ
fZ2Q622+NMru0lKlXudfIJUx0Ww1497J01a3gk+vgBW20m9hnUlyIWhTxT+2HQFp
11F3AZ773scXgmV4t8em1Qa6iB3Fly3X9va2yhFsjsMMqUDEpCG0bHINUxGVOovL
JqsLA0ivSA0bUTrJtwfDpWpTKChHnTjV3631+68NrEdguvBYlsUVno7aPSIX4MJa
YnFlmDNeJK3Hx+BBzjbDsOAHNkenr8NDx/JKDXdXfk+ItzZPWUvj5x7zsYdM3/NQ
egmeVEuI4QbXIIMYA0HHtb7KrnxNdvqK9FPedcVGajLyA/OuPHBv4zX9/PuINkv0
82PEps8xPGyJk5IchIFhrODnb+gwVO+dXX6pwfZeo2LWFBtLizbJCJPJ0NVVXrHD
FZRFtF+Oc7VU+S1/dRjiG4+BZ+jdeDt98bCeH2M0wQxso1ktu7KnrSvgTzGberjB
4jgSZ+P+4xPZJciJLqRXfiJmF6zUjiPe82AXBUyU9ABQipjjCm1oNSmf2RmLl9WX
0LvzK/S0FsWzH97MX0EcICPXPJUVgA9DsmXcOZ8nF4S3Zv/G1CuGSALYLQFIjlNL
gOjW5Fgvfb9jqS1jd3h1awp2iORc1n0Z05X4SbpjVk/IAgitwB/T/rzVsWKs6JRM
SCRUJRqz8I8TsNaR+PWcOup0WKrsJRcbc/MRghbWNeOoCvi5IS6rGUtapaRjxeWm
CUXbKy4j3lW7KFapEYIhpDWPSQkGL4pVloUD675a/VhU8LFepziJleoWvSb3SpKm
KhhE4DpDIxc=
</Encrypted>
      <PayMethod>CASH</PayMethod>
      <ResultCode>220000</ResultCode>
      <ResultMsg urlencode="1">%C1%A4%BB%F3%C3%B3%B8%AE%B5%C7%BE%FA%BD%C0%B4%CF%B4%D9.</ResultMsg>
    </Payment>
  </PaymentInfo>
  <ManageInfo>
    <EventCode></EventCode>
    <OrgCurrency></OrgCurrency>
    <ExchangeRate></ExchangeRate>
    <OrgPrice></OrgPrice>
  </ManageInfo>
  <ReservedInfo>
    <MReserved1 urlencode="1"></MReserved1>
    <MReserved2 urlencode="1"></MReserved2>
    <MReserved3 urlencode="1"></MReserved3>
    <PGReserved1 urlencode="1"></PGReserved1>
    <PGReserved2 urlencode="1"></PGReserved2>
    <PGReserved3 urlencode="1"></PGReserved3>
  </ReservedInfo>
</INIpay>
3WvOiUCEK2XHsQsRYCcd7rj/KPluw5bwRB6qTJppx32GeI/g26c+cH9IXU02nLFp
ZVpjzS96RALlzBf9C7STBfB/ucMHxb/WAK1xGk8Q7PEafTTCnWKsABexW/1Hi0Hw
Dhlbj+gJikI6b5MlUEJcet/A+ar2UKsfTX9GuNYuVp0=
]
INFO	[2020-04-21 21:22:12:868] <25723> VERIFY OK
INFO	[2020-04-21 21:22:12:868] <25723> PARSE HEAD OK
INFO	[2020-04-21 21:22:12:868] <25723> PARSE BODY OK
INFO	[2020-04-21 21:22:12:869] <25723> DECRYPT OK
DEBUG	[2020-04-21 21:22:12:869] <25723> DECRYPT MSG:[<?xml version="1.0" encoding="UTF-8"?>
<PaymentInfo>
  <Payment>
    <EASYPAY/>
    <CASH>
      <CSHR_ApplPrice>199000</CSHR_ApplPrice>
      <CSHR_SupplyPrice>180909</CSHR_SupplyPrice>
      <CSHR_Tax>18091</CSHR_Tax>
      <CSHR_ServicePrice></CSHR_ServicePrice>
      <CSHR_Type>0</CSHR_Type>
      <CSHR_ApplDate>20200421</CSHR_ApplDate>
      <CSHR_ApplTime>212213</CSHR_ApplTime>
      <CSHR_ApplNum>265138990</CSHR_ApplNum>
      <CSHR_ResultCode>220000</CSHR_ResultCode>
      <CSHR_ResultMsg urlencode="1">%C1%A4%BB%F3%C3%B3%B8%AE%B5%C7%BE%FA%BD%C0%B4%CF%B4%D9.</CSHR_ResultMsg>
    </CASH>
  </Payment>
</PaymentInfo>]
INFO	[2020-04-21 21:22:12:870] <25723> DECRYPT PARSE OK
INFO	[2020-04-21 21:22:12:870] <25723> WAIT ACK INVOKING
DEBUG	[2020-04-21 21:22:12:870] <25723> MAKE HEAD OK
INFO	[2020-04-21 21:22:12:873] <25723> SUCCESS ACK INVOKING
INFO	[2020-04-21 21:22:12:873] <25723> END receipt 정상처리되었습니다. Laptime:[0.135sec]
INFO	[2020-04-21 21:22:12:873] <25723> ===============================================================
INFO	[2020-04-21 21:42:56:798] <22762> START INIPHP receipt (V5036-141209)(OS:Linux2.6.32-754.11.1.el6.x86_64,PHP:5.3.3)
DEBUG	[2020-04-21 21:42:56:798] <22762> inipayhome:/home/killdeal/public_html/shop/inicis
DEBUG	[2020-04-21 21:42:56:798] <22762> debug:false
DEBUG	[2020-04-21 21:42:56:798] <22762> type:receipt
DEBUG	[2020-04-21 21:42:56:798] <22762> pgid:INIphpRECP
DEBUG	[2020-04-21 21:42:56:798] <22762> paymethod:CASH
DEBUG	[2020-04-21 21:42:56:798] <22762> currency:WON
DEBUG	[2020-04-21 21:42:56:798] <22762> admin:1111
DEBUG	[2020-04-21 21:42:56:798] <22762> mid:majorgol03
DEBUG	[2020-04-21 21:42:56:798] <22762> goodname:썬벨리컴포터블A트랙수트남성상하의세트
DEBUG	[2020-04-21 21:42:56:798] <22762> cr_price:20900
DEBUG	[2020-04-21 21:42:56:798] <22762> sup_price:19000
DEBUG	[2020-04-21 21:42:56:798] <22762> tax:1900
DEBUG	[2020-04-21 21:42:56:798] <22762> srvc_price:0
DEBUG	[2020-04-21 21:42:56:798] <22762> buyername:김경태
DEBUG	[2020-04-21 21:42:56:798] <22762> buyeremail:hankjkimkt @daum.net
DEBUG	[2020-04-21 21:42:56:798] <22762> buyertel:
DEBUG	[2020-04-21 21:42:56:798] <22762> reg_num:01064251502
DEBUG	[2020-04-21 21:42:56:798] <22762> useopt:0
DEBUG	[2020-04-21 21:42:56:798] <22762> companynumber:
INFO	[2020-04-21 21:42:56:798] <22762> Check Field OK
INFO	[2020-04-21 21:42:56:799] <22762> Make TID OK INIphpRECPmajorgol0320200421214256998797
INFO	[2020-04-21 21:42:56:799] <22762> PI PUB KEY LOAD OK []
INFO	[2020-04-21 21:42:56:799] <22762> PG PUB KEY LOAD OK [30]
INFO	[2020-04-21 21:42:56:799] <22762> MERCHANT PRIV KEY LOAD OK
INFO	[2020-04-21 21:42:56:799] <22762> MERCHANT PUB KEY LOAD OK [0]
DEBUG	[2020-04-21 21:42:56:800] <22762> MAKE ENCRYPT OK[<?xml version="1.0" encoding="UTF-8"?>
<PaymentInfo>
	  <Payment>
	    <CASH>
	      <CSHR_ApplPrice>20900</CSHR_ApplPrice>
	      <CSHR_SupplyPrice>19000</CSHR_SupplyPrice>
	      <CSHR_Tax>1900</CSHR_Tax>
	      <CSHR_ServicePrice/>
	      <CSHR_Type>0</CSHR_Type>
	      <CSHR_RegNum>01064251502</CSHR_RegNum>
	      <CSHR_CompanyNum/></CASH></Payment></PaymentInfo>]
INFO	[2020-04-21 21:42:56:800] <22762> MAKE BODY OK
INFO	[2020-04-21 21:42:56:801] <22762> SIGN OK
INFO	[2020-04-21 21:42:56:801] <22762> MAKE HEAD OK
INFO	[2020-04-21 21:42:56:801] <22762> MSG_TO_PG:[0192500175D SHA1                   0                                      300200majorgol03               20900INIphpRECPmajorgol0320200421214256998797<?xml version="1.0" encoding="UTF-8"?>
<INIpay>
	  <GoodsInfo>
	    <GoodsCnt>1</GoodsCnt>
	    <MOID/>
	    <Currency>WON</Currency>
	    <Tax>1900</Tax>
	    <TaxFree/>
	    <Goods>
	      <SMID>majorgol03</SMID>
	      <GoodsName urlencode="1">%BD%E3%BA%A7%B8%AE%C4%C4%C6%F7%C5%CD%BA%EDA%C6%AE%B7%A2%BC%F6%C6%AE%B3%B2%BC%BA%BB%F3%C7%CF%C0%C7%BC%BC%C6%AE</GoodsName>
	      <GoodsPrice>20900</GoodsPrice></Goods></GoodsInfo>
	  <BuyerInfo>
	    <BuyerName urlencode="1">%B1%E8%B0%E6%C5%C2</BuyerName>
	    <BuyerTel/>
	    <BuyerEmail urlencode="1">hankjkimkt+%40daum.net</BuyerEmail>
	    <ParentEmail/>
	    <RecvName/>
	    <RecvTel/>
	    <RecvMsg/>
	    <RecvAddr/>
	    <RecvPostNum/></BuyerInfo>
	  <PaymentInfo>
	    <Payment>
	      <PayMethod>CASH</PayMethod>
	      <JoinCard/>
	      <JoinExpire/>
	      <MailOrder/>
	      <SessionKey>DuT9agNZSbLHdc2KB+MMnXc0q5wqXMUvrBhMdNdr5rTrC5jY/5l+9wsGEC/aCMYH
23xZEI3tneJQTpK0e00uv7spH6ySzfKSmOF4pTWFmDaqOvbL3MCIaB0CDWJlMS2d
yhS3Eb7nxHxqgpL6kDDkdPsi5gLRxx/TuT2r/9nww+XNSOOujs1EMA==
</SessionKey>
	      <Encrypted>kbZ+P8/FZ3h+xPXSZw5Q8f8Ta8jXdVaFYwuEshZ4zKoKXAA1xp9LGrCIghWBeByJ
ss1tsxrhkhA+VbSpvLMGnAggY1v7Jc/pMGlXoKOwyC4tYfHKDUjzIqwHCEm5ZWNB
s4WbpDhKiBctWt+lliKZoF2Thm4M03KAb+UA141BKcQqviNAucqXmOS9KIbfXQMa
hgh6Z0jMCsfzTlhLaV4RYnZaVNgpefXft2fxdr2YKQabxCIkLZ+Rk6npGx2oFdHr
vlzJgHw2IgySFk1wtTN+Hi3d1tJM4E84fl+Qw19Yc2Q/CcDVLc4mrIpOPnoLC+q1
bSQbFo03a5I0bdoUkEE76IKcJ3mmFIADeMRL/Pe7JpQsn8+oMCOcc+0GzNbmNxzE
lCT+qfcVYHVkKgcSZrolXNxqBbqVH34F8g58PAEMbNr8SNQIZD9LobyrpQS4SS15
so62Dla30cbnx92Zwgg8YuMY4SUipmNkmaNYp3f/maVbRzEhqb+v4w==
</Encrypted></Payment></PaymentInfo>
	  <ReservedInfo>
	    <MReserved1/>
	    <MReserved2/>
	    <MReserved3/></ReservedInfo>
	  <ManageInfo>
	    <Language/>
	    <URL/>
	    <TXVersion>5036B141209receiLinux     PHPchkfake   2.6.32-754.11.1.el6.x86_64PHP:</TXVersion>
	    <TXUserID/>
	    <TXRegNum/>
	    <Ack>1</Ack></ManageInfo></INIpay>AO/3oLuOXv6GYQaYdRUhQPrLw9McaN3v1HfuCEe1vjCE/CFHXCpn1PQCdvLmnru+
1sQcjDCEJTobDjJp6GLkmv0pTcq280KpeRP+PQ+d/4e3kWXa0SHvriKS4EwEpLlR
6iyWq2u910LBe7U/adIUSN8eKXab6r+fY49E5/n8di9k
]
INFO	[2020-04-21 21:42:56:801] <22762> DNS LOOKUP OK(203.238.37.3:203.238.37.3:34049) laptime:0
INFO	[2020-04-21 21:42:56:803] <22762> SOCKET CONNECT OK
INFO	[2020-04-21 21:42:56:803] <22762> SEND OK
INFO	[2020-04-21 21:42:56:932] <22762> RECV OK
INFO	[2020-04-21 21:42:56:932] <22762> MSG_FROM_PG:[0225400175D SHA1                   0                                      300210majorgol03               20900INIphpRECPmajorgol0320200421214256998797<?xml version="1.0" encoding="UTF-8"?>
<INIpay>
  <GoodsInfo>
    <GoodsCnt>1</GoodsCnt>
    <MOID urlencode="1"></MOID>
    <Currency>WON</Currency>
    <Goods no="1">
      <SMID>majorgol03</SMID>
      <GoodsName urlencode="1">%BD%E3%BA%A7%B8%AE%C4%C4%C6%F7%C5%CD%BA%EDA%C6%AE%B7%A2%BC%F6%C6%AE%B3%B2%BC%BA%BB%F3%C7%CF%C0%C7%BC%BC%C6%AE</GoodsName>
      <GoodsCntS>1</GoodsCntS>
      <GoodsPrice>20900</GoodsPrice>
    </Goods>
  </GoodsInfo>
  <PaymentInfo>
    <Payment>
      <SessionKey>AD/qmaY0UjTWwd2gNWLQp7U/7VplQYGq/z33Bx397n2h9FptN5AD2fUiQ7iUCJEf
xTzohoxwf05httmErbBP2xFSo4VEaoo8IInNVLJioeVzFMjx66Gen8vY59NWkRXE
GkqluXMZg0pVIJwQpvWdoAiAiZtk5l9u/lTR/TxvWsMWd5t2t6ABSmo=
</SessionKey>
      <Encrypted>anFVJZRqF5wkhq8qz/ejjhZ9MZDGwDxAFdTmhWdQsuF2G3kW9ZYU5gzNADOD5glk
kh/Jg3//vHQsCoy4OGAV8h8dkTYjNOCdSaxva/oszLFPWgpeREo4jRf0CfaIhMJj
Ge6IFFXUY9wgkthGGEgx82H58E2EvbC9G8fbkXM1hdp0/s+vGQUG9SH+3PYZpzgN
JsOJU0bZ6R+teKK8gnC80S6Dxlnc1M0EcAH1IMO73ZBWmY6k5WQojH365OVJn/M8
cA3MPvKspVV7/BuS/72W9dDuyXUFrgJwV7IusCROMkQdB2177RqAn05X45Pp7Nw3
pUvV0tyb4P7cerz+o3QEKSFldZkdwpjXS+8anwgEdRwsUVY1uBJ6dNoiYHS4jKGe
sXGkxFmN/nHXwOF1v+8S0uF0KKCtWqrK6ATaPDzegpGA6F+BeS9cSRtCY6iq3tNL
aqMwqN5v1Xtqp+PTO8nEOc2gWpx2X7Hu+VApLQh0dJtEoc/zZBVOX3DH8PK8lRKH
PvGQQJDyayuwVG5PMDxJt0WOQjNdeHrEso3w9Fwv9ZWvnPv2ADYLAmoi6jJGBSzQ
tsfc+/jaCXFisNMxOoU9OK9Ue98Il53lPNNHA+wzVNSsEmaPNCZL9+F8DZ5KW+KI
WVA9djKosH4ksWwabcenIKEjSxiynTeTTc860OzECM+9qzT6CMPLC1elhT2pXkx/
GjaOJM009xnytevKrOJX9IxeK4k23qgI8GdGHvcjfaJWpuz+b96qKiqpvYv+m4wz
8/5TK9SHfdHhJl2XKMVeuCxAd+mProlr5XwMGGHIylmAJiuf8z9/t+CxLJQuYQHm
cEX7KldDPVg=
</Encrypted>
      <PayMethod>CASH</PayMethod>
      <ResultCode>220000</ResultCode>
      <ResultMsg urlencode="1">%C1%A4%BB%F3%C3%B3%B8%AE%B5%C7%BE%FA%BD%C0%B4%CF%B4%D9.</ResultMsg>
    </Payment>
  </PaymentInfo>
  <ManageInfo>
    <EventCode></EventCode>
    <OrgCurrency></OrgCurrency>
    <ExchangeRate></ExchangeRate>
    <OrgPrice></OrgPrice>
  </ManageInfo>
  <ReservedInfo>
    <MReserved1 urlencode="1"></MReserved1>
    <MReserved2 urlencode="1"></MReserved2>
    <MReserved3 urlencode="1"></MReserved3>
    <PGReserved1 urlencode="1"></PGReserved1>
    <PGReserved2 urlencode="1"></PGReserved2>
    <PGReserved3 urlencode="1"></PGReserved3>
  </ReservedInfo>
</INIpay>
nlmU2Vza/jylAmReYgk+yjwkp5/vXIgi/5krwBz+4MYSV3zQyf8nIPni+ybngERL
AZe7sD82h6qy5zY/uSmyhb62QVdyxWunXbnzo60MvodCJC8juk6dXu5MVPAJDCUZ
uKppbRVabMyGFvwDvaTHfLE9Yo104h3IuO+FrpAzQ3A=
]
INFO	[2020-04-21 21:42:56:932] <22762> VERIFY OK
INFO	[2020-04-21 21:42:56:932] <22762> PARSE HEAD OK
INFO	[2020-04-21 21:42:56:932] <22762> PARSE BODY OK
INFO	[2020-04-21 21:42:56:933] <22762> DECRYPT OK
DEBUG	[2020-04-21 21:42:56:933] <22762> DECRYPT MSG:[<?xml version="1.0" encoding="UTF-8"?>
<PaymentInfo>
  <Payment>
    <EASYPAY/>
    <CASH>
      <CSHR_ApplPrice>20900</CSHR_ApplPrice>
      <CSHR_SupplyPrice>19000</CSHR_SupplyPrice>
      <CSHR_Tax>1900</CSHR_Tax>
      <CSHR_ServicePrice></CSHR_ServicePrice>
      <CSHR_Type>0</CSHR_Type>
      <CSHR_ApplDate>20200421</CSHR_ApplDate>
      <CSHR_ApplTime>214257</CSHR_ApplTime>
      <CSHR_ApplNum>265139662</CSHR_ApplNum>
      <CSHR_ResultCode>220000</CSHR_ResultCode>
      <CSHR_ResultMsg urlencode="1">%C1%A4%BB%F3%C3%B3%B8%AE%B5%C7%BE%FA%BD%C0%B4%CF%B4%D9.</CSHR_ResultMsg>
    </CASH>
  </Payment>
</PaymentInfo>]
INFO	[2020-04-21 21:42:56:934] <22762> DECRYPT PARSE OK
INFO	[2020-04-21 21:42:56:934] <22762> WAIT ACK INVOKING
DEBUG	[2020-04-21 21:42:56:934] <22762> MAKE HEAD OK
INFO	[2020-04-21 21:42:56:937] <22762> SUCCESS ACK INVOKING
INFO	[2020-04-21 21:42:56:937] <22762> END receipt 정상처리되었습니다. Laptime:[0.138sec]
INFO	[2020-04-21 21:42:56:937] <22762> ===============================================================
