INFO	[2021-02-25 11:33:12:474] <31523> START INIPHP cancel (V5036-141209)(OS:Linux2.6.32-754.11.1.el6.x86_64,PHP:5.3.3)
DEBUG	[2021-02-25 11:33:12:474] <31523> inipayhome:/home1/killdeal/public_html/shop/inicis
DEBUG	[2021-02-25 11:33:12:474] <31523> debug:false
DEBUG	[2021-02-25 11:33:12:474] <31523> type:cancel
DEBUG	[2021-02-25 11:33:12:474] <31523> mid:fourseason
DEBUG	[2021-02-25 11:33:12:474] <31523> admin:1111
DEBUG	[2021-02-25 11:33:12:474] <31523> tid:StdpayCARDfourseason20210219115125966190
DEBUG	[2021-02-25 11:33:12:474] <31523> cancelmsg:쇼핑몰 운영자 승인 취소
INFO	[2021-02-25 11:33:12:474] <31523> Check Field OK
INFO	[2021-02-25 11:33:12:474] <31523> PI PUB KEY LOAD OK []
INFO	[2021-02-25 11:33:12:474] <31523> PG PUB KEY LOAD OK [30]
INFO	[2021-02-25 11:33:12:475] <31523> MERCHANT PRIV KEY LOAD OK
INFO	[2021-02-25 11:33:12:475] <31523> MERCHANT PUB KEY LOAD OK [0]
DEBUG	[2021-02-25 11:33:12:475] <31523> MAKE ENCRYPT OK[<?xml version="1.0" encoding="UTF-8"?>
<CancelInfo>
	  <CancelTID>StdpayCARDfourseason20210219115125966190</CancelTID>
	  <CancelMsg urlencode="1">%BC%EE%C7%CE%B8%F4+%BF%EE%BF%B5%C0%DA+%BD%C2%C0%CE+%C3%EB%BC%D2</CancelMsg>
	  <CancelReason/></CancelInfo>]
INFO	[2021-02-25 11:33:12:476] <31523> MAKE BODY OK
INFO	[2021-02-25 11:33:12:476] <31523> SIGN OK
INFO	[2021-02-25 11:33:12:476] <31523> MAKE HEAD OK
INFO	[2021-02-25 11:33:12:476] <31523> MSG_TO_PG:[0096200175D SHA1                   0                                      300420fourseason                    StdpayCARDfourseason20210219115125966190<?xml version="1.0" encoding="UTF-8"?>
<INIpay>
	  <CancelInfo>
	    <SessionKey>Z3UULIY8d+EAozOc0YOSEpA/vjGMOnFZg75/lNGHc8fZJIeq14HRPPSQjpl1MY+Y
Txjpf4LVX3sGsTJBgkqGChhEzJnWRl1wljQ59ez7Pp49RHooNvKUwUTOV83TdnKJ
lUhABMrkH62afP1cGG+Q9KeA6G5cjlq201y9LIgcBIlVYql3MMC9ww==
</SessionKey>
	    <Encrypted>hZ0WIhxw+qGn+6YGPO2fKSmYvAnZsbRaVtvWeeK1LQPQojhUJUDPP9Rwg0t7jTXD
BLO+OYMB1/S384sjay89QmYoCOEguUa6ZdZC7N85qmlwsa355XPRis8ZZNYe3g4Q
qLVdi/xMy7BZHnq6nry7pmgsnknED4lEPBq4thPQcbpQcHKOitnlJgVxmU9EY9CQ
pwqQv3nY3XP/F8C1iT7cecVvqjW45c7Ve0IFMN8XHk4AAieNaYiZgxsLfYPJ/WMF
fYdnzlAY3Wqltu2mYX6V56gPLXs2/EWKlR9e/S6RBxhPJ4FFFvhaT2+4etTQzMvD
gGbSKQKB6yZM6Lws8sgVpQ==
</Encrypted></CancelInfo>
	  <ReservedInfo>
	    <MReserved1/>
	    <MReserved2/>
	    <MReserved3/></ReservedInfo>
	  <ManageInfo>
	    <Language/>
	    <URL/>
	    <TXVersion>5036B141209canceLinux     PHPchkfake   2.6.32-754.11.1.el6.x86_64PHP:</TXVersion>
	    <TXUserID/>
	    <TXRegNum/></ManageInfo></INIpay>AKFVMwM2uR4SR6XmaQgmWKNjhgbKcfjsXJNjbakeNTFzCoTtVHPL5gpg7+uJwMWS
a3YPsJiFCYzYLN9RwV2rH10/TStKWXHi2EhtFtXVra38Z3p19FPpe2O9toF2ENz8
Ox/cw+odEXCJCzWh35RPbrR4EX/LTh4S7LGLKUPJLP7w
]
INFO	[2021-02-25 11:33:12:476] <31523> DNS LOOKUP OK(203.238.37.3:203.238.37.3:34049) laptime:0
INFO	[2021-02-25 11:33:12:479] <31523> SOCKET CONNECT OK
INFO	[2021-02-25 11:33:12:479] <31523> SEND OK
INFO	[2021-02-25 11:33:13:121] <31523> RECV OK
INFO	[2021-02-25 11:33:13:121] <31523> MSG_FROM_PG:[0093300175D SHA1                   0                                      300430fourseason                    StdpayCARDfourseason20210219115125966190<?xml version="1.0" encoding="UTF-8"?><INIpay>
<CancelInfo>
<ResultCode>120000</ResultCode>
<ResultMsg urlencode="1">%C1%A4%BB%F3%C3%B3%B8%AE%B5%C7%BE%FA%BD%C0%B4%CF%B4%D9.</ResultMsg>
<SessionKey>AGlbFtlkVrDsPiuoZWjYvSzeyLjHt+Y2zqwedZNwM0xRSAY9yz0WimawclM6O9s8
U1xrFrUwKkrS0/8pHh8ZnX8ipVx25Do+N6dOnoNxYTMgQ0+GyVftkF3V9GM6ZQEi
uH2LPEfWtjn7HHsnHQSuJxdf5Y6BaoNdug/isPcFc8GBersTN9cEsyo=
</SessionKey>
<Encrypted>Iq+rqa1x2Sgn0ikhmWvltHgcZstdKK9gLEXDcpeU2sXZ7+TtcxC9nIqnFKEGecJE
ofJqdM8pgQWGc3uCF0cVllKA4+h+26e4mJT0+u+z+GhbuoOdcgJg6Qr38+1UpxtF
9G6N5IRo7YzUuW0bjS/73P2R/gs7pSi4DYGtFM0XD0MUQMokJhWVxHuvtjDM7eAy
lrsy7fwGiM/FrA86r+k76QRzSJ8Eq5VI5O3FnG3mWXxEOSOb+u1tFBZvkoIMzdbP
6/Q5npOz8GHQQAg8CFGWd4T7RjKuZjOHE6SjiHzxam0x4lEg+mmQMS7rh6mkZdtY
ACX1sh3gpvY1OrDcMip9p3sfXVr4c13l
</Encrypted>
</CancelInfo>
<ManageInfo/>
<ReservedInfo>
<MReserved1 urlencode="1"/>
<MReserved2 urlencode="1"/>
<MReserved3 urlencode="1"/>
</ReservedInfo>
</INIpay>
eB+utskvDSNjsWMY5o/QzJfnFM0FKnxOJBb0OtbEBWz72LZyQyh2lT4fvvzswiOf
t7ZUB6m+PK5MvwU6R/s65gWEh3JrNChAiG1mEf2kU8pOGr1gg5h10s0MK1SeAOYU
TZNcbSAyGuZl+psDOdUpvNlGLy5+BGAImnVu2xU5jxA=
]
INFO	[2021-02-25 11:33:13:121] <31523> VERIFY OK
INFO	[2021-02-25 11:33:13:121] <31523> PARSE HEAD OK
INFO	[2021-02-25 11:33:13:121] <31523> PARSE BODY OK
INFO	[2021-02-25 11:33:13:122] <31523> DECRYPT OK
DEBUG	[2021-02-25 11:33:13:122] <31523> DECRYPT MSG:[<?xml version="1.0" encoding="UTF-8"?><CancelInfo>
<CancelDate>20210225</CancelDate>
<CancelTime>113312</CancelTime>
<ResultCode>120000</ResultCode>
<ResultMsg urlencode="1">%C1%A4%BB%F3%C3%B3%B8%AE%B5%C7%BE%FA%BD%C0%B4%CF%B4%D9.</ResultMsg>
</CancelInfo>]
INFO	[2021-02-25 11:33:13:122] <31523> DECRYPT PARSE OK
INFO	[2021-02-25 11:33:13:122] <31523> END cancel 정상처리되었습니다. Laptime:[0.648sec]
INFO	[2021-02-25 11:33:13:122] <31523> ===============================================================
INFO	[2021-02-25 11:38:51:758] <23322> START INIPHP cancel (V5036-141209)(OS:Linux2.6.32-754.11.1.el6.x86_64,PHP:5.3.3)
DEBUG	[2021-02-25 11:38:51:758] <23322> inipayhome:/home1/killdeal/public_html/shop/inicis
DEBUG	[2021-02-25 11:38:51:758] <23322> debug:false
DEBUG	[2021-02-25 11:38:51:758] <23322> type:cancel
DEBUG	[2021-02-25 11:38:51:758] <23322> mid:fourseason
DEBUG	[2021-02-25 11:38:51:758] <23322> admin:1111
DEBUG	[2021-02-25 11:38:51:758] <23322> tid:INIMX_CARDfourseason20210224162213465659
DEBUG	[2021-02-25 11:38:51:758] <23322> cancelmsg:쇼핑몰 운영자 승인 취소
INFO	[2021-02-25 11:38:51:758] <23322> Check Field OK
INFO	[2021-02-25 11:38:51:758] <23322> PI PUB KEY LOAD OK []
INFO	[2021-02-25 11:38:51:758] <23322> PG PUB KEY LOAD OK [30]
INFO	[2021-02-25 11:38:51:758] <23322> MERCHANT PRIV KEY LOAD OK
INFO	[2021-02-25 11:38:51:758] <23322> MERCHANT PUB KEY LOAD OK [0]
DEBUG	[2021-02-25 11:38:51:759] <23322> MAKE ENCRYPT OK[<?xml version="1.0" encoding="UTF-8"?>
<CancelInfo>
	  <CancelTID>INIMX_CARDfourseason20210224162213465659</CancelTID>
	  <CancelMsg urlencode="1">%BC%EE%C7%CE%B8%F4+%BF%EE%BF%B5%C0%DA+%BD%C2%C0%CE+%C3%EB%BC%D2</CancelMsg>
	  <CancelReason/></CancelInfo>]
INFO	[2021-02-25 11:38:51:759] <23322> MAKE BODY OK
INFO	[2021-02-25 11:38:51:760] <23322> SIGN OK
INFO	[2021-02-25 11:38:51:760] <23322> MAKE HEAD OK
INFO	[2021-02-25 11:38:51:760] <23322> MSG_TO_PG:[0096200175D SHA1                   0                                      300420fourseason                    INIMX_CARDfourseason20210224162213465659<?xml version="1.0" encoding="UTF-8"?>
<INIpay>
	  <CancelInfo>
	    <SessionKey>HbUj0wQFGw2Wv/CFDbq/iy+gduszCdh5hRijC4BxBsleRGgmVFxzFWVz1WyIpV6j
+V+D0+c5bXhDzhmCMHr6qI2R0HqAsbBen47GDF1G6jLbQsMsmkPFLWVAkJpUXvUX
Kkvn8BfnK9KrV24Zmb6fSQS7Tf05pTV2NGVBqsXRQAwttShViRwt9A==
</SessionKey>
	    <Encrypted>g1sQ3CrEOW5QdRnML670oGOJ7BumAvg2FuUuYmWDOJ63Ol/xgJPJdefQz7B8QfIO
6VIa6if+3DblvvKzjH0wGpdVZoTP3tl/r8/kXlpZGD5fSoGOFXnIikwcNP6oQnIu
j0LEPFaVVlODqCizWBLyDenusENnwT1ftOJagREy+xAotKqjfVa9Y9VGL294w1s0
PMNGaQWGa9IHx3yu3xBFDE3kOfQGIMTswmvJyjGDBqAxcCuiBXxqqInXhIgQ8VmK
plWZ2+ihf8XirV2goNkrCzYG9E82UHzUineSVywSwkV9gBZozp6BKiOhZf5ZIyVw
BoHy9xXRH/NW0VCG7TCqcQ==
</Encrypted></CancelInfo>
	  <ReservedInfo>
	    <MReserved1/>
	    <MReserved2/>
	    <MReserved3/></ReservedInfo>
	  <ManageInfo>
	    <Language/>
	    <URL/>
	    <TXVersion>5036B141209canceLinux     PHPchkfake   2.6.32-754.11.1.el6.x86_64PHP:</TXVersion>
	    <TXUserID/>
	    <TXRegNum/></ManageInfo></INIpay>ADq/u4PVk59JTyTk942QB8rMRm6x188GVDQrb/SxQTHv1zEH6RKu/wDBlfNJ9rX+
hUOamsRhCa+MplQp38xVOsaAeG4n+cqawu0XctAlz8rrylfjbsnLMxacqNvgLxfY
PsgWrygYrWwtWJ0RxYn0EZWO3DK+XfvqmdrEyuFTbodi
]
INFO	[2021-02-25 11:38:51:760] <23322> DNS LOOKUP OK(203.238.37.3:203.238.37.3:34049) laptime:0
INFO	[2021-02-25 11:38:51:761] <23322> SOCKET CONNECT OK
INFO	[2021-02-25 11:38:51:761] <23322> SEND OK
INFO	[2021-02-25 11:38:52:529] <23322> RECV OK
INFO	[2021-02-25 11:38:52:529] <23322> MSG_FROM_PG:[0078000175D SHA1                   0                                      300430fourseason                    INIMX_CARDfourseason20210224162213465659<?xml version="1.0" encoding="UTF-8"?><INIpay>
<CancelInfo>
<ResultCode>500626</ResultCode>
<ResultMsg urlencode="1">%B1%E2+%C3%EB%BC%D2+%B0%C5%B7%A1</ResultMsg>
<SessionKey>AIKI5lhXm7E2K9L8IB/T5BdF+MQsZ3ICZ2pUAXiNIHnx5OA31gGwXr2bXwoz9d2U
7K1G/zRR4AvH4zLq1lbWaNMeQ4vnHm6Yl9Srp5huBVCpYH/+mvi6hWZHTNztXqpo
dkS+aCRSdEOWpwgrRKcaqjNrzQF53cM+wFithvqqWrZhlcc8z2V/b1c=
</SessionKey>
<Encrypted>aSgo9+PLhI7+BfI59M5Ovx8ZWor9r+xGm/WvvekHuI45sVlDm4vkZgdYC6mLnycW
mjayAnWkxkGu/Hbr78/VgdsOA0fHAC/PeASjPtJgsTfX9dJUBnEAdGDte5nwxHGf
4I7e86nAFVSITwj5td85cyLUpsgiRRMQzhu3wmbM4bhoH4ypfuUoz9Frhu+yW0UV
W6YusdTFDCSh3hdGC146monDP7k8Nc+m
</Encrypted>
</CancelInfo>
<ManageInfo/>
<ReservedInfo>
<MReserved1 urlencode="1"/>
<MReserved2 urlencode="1"/>
<MReserved3 urlencode="1"/>
</ReservedInfo>
</INIpay>
XcEzFSbje8ygL4Wu6JTsEBZjT2DcRLcewzDbp1eB6mwhrQ/eRWlWgScFwS9pKGHQ
f4V6Nofk2lrYamOGZmt7M3SxZGAWQnqqZFoCrkiSMXpgdq1YUGKmDFMjaAwIvzgb
FXA191o/MIiz4+HC5DwpWvT6WDu0dVNREH2i+DAkclQ=
]
INFO	[2021-02-25 11:38:52:529] <23322> VERIFY OK
INFO	[2021-02-25 11:38:52:529] <23322> PARSE HEAD OK
INFO	[2021-02-25 11:38:52:529] <23322> PARSE BODY OK
INFO	[2021-02-25 11:38:52:530] <23322> DECRYPT OK
DEBUG	[2021-02-25 11:38:52:530] <23322> DECRYPT MSG:[<?xml version="1.0" encoding="UTF-8"?><CancelInfo>
<ResultCode>500626</ResultCode>
<ResultMsg urlencode="1">%B1%E2+%C3%EB%BC%D2+%B0%C5%B7%A1</ResultMsg>
</CancelInfo>]
INFO	[2021-02-25 11:38:52:530] <23322> DECRYPT PARSE OK
INFO	[2021-02-25 11:38:52:530] <23322> END cancel [500626|기 취소 거래] Laptime:[0.772sec]
INFO	[2021-02-25 11:38:52:530] <23322> ===============================================================
