INFO	[2021-05-02 15:51:28:719] <18193> START INIPHP receipt (V5036-141209)(OS:Linux2.6.32-754.11.1.el6.x86_64,PHP:5.3.3)
DEBUG	[2021-05-02 15:51:28:719] <18193> inipayhome:/home1/killdeal/public_html/shop/inicis
DEBUG	[2021-05-02 15:51:28:719] <18193> debug:false
DEBUG	[2021-05-02 15:51:28:719] <18193> type:receipt
DEBUG	[2021-05-02 15:51:28:719] <18193> pgid:INIphpRECP
DEBUG	[2021-05-02 15:51:28:719] <18193> paymethod:CASH
DEBUG	[2021-05-02 15:51:28:719] <18193> currency:WON
DEBUG	[2021-05-02 15:51:28:719] <18193> admin:1111
DEBUG	[2021-05-02 15:51:28:719] <18193> mid:majorgol03
DEBUG	[2021-05-02 15:51:28:719] <18193> goodname:핫딜2021미즈노RB투어베이직캡골프모자52KW2106 외 1건
DEBUG	[2021-05-02 15:51:28:719] <18193> cr_price:35800
DEBUG	[2021-05-02 15:51:28:719] <18193> sup_price:32545
DEBUG	[2021-05-02 15:51:28:719] <18193> tax:3255
DEBUG	[2021-05-02 15:51:28:719] <18193> srvc_price:0
DEBUG	[2021-05-02 15:51:28:719] <18193> buyername:고태수
DEBUG	[2021-05-02 15:51:28:719] <18193> buyeremail:skt4525@naver.com
DEBUG	[2021-05-02 15:51:28:719] <18193> buyertel:01058227802
DEBUG	[2021-05-02 15:51:28:719] <18193> reg_num:01058227802
DEBUG	[2021-05-02 15:51:28:719] <18193> useopt:0
DEBUG	[2021-05-02 15:51:28:719] <18193> companynumber:
INFO	[2021-05-02 15:51:28:720] <18193> Check Field OK
INFO	[2021-05-02 15:51:28:720] <18193> Make TID OK INIphpRECPmajorgol0320210502155128205446
INFO	[2021-05-02 15:51:28:720] <18193> PI PUB KEY LOAD OK []
INFO	[2021-05-02 15:51:28:720] <18193> PG PUB KEY LOAD OK [30]
INFO	[2021-05-02 15:51:28:721] <18193> MERCHANT PRIV KEY LOAD OK
INFO	[2021-05-02 15:51:28:721] <18193> MERCHANT PUB KEY LOAD OK [0]
DEBUG	[2021-05-02 15:51:28:722] <18193> MAKE ENCRYPT OK[<?xml version="1.0" encoding="UTF-8"?>
<PaymentInfo>
	  <Payment>
	    <CASH>
	      <CSHR_ApplPrice>35800</CSHR_ApplPrice>
	      <CSHR_SupplyPrice>32545</CSHR_SupplyPrice>
	      <CSHR_Tax>3255</CSHR_Tax>
	      <CSHR_ServicePrice/>
	      <CSHR_Type>0</CSHR_Type>
	      <CSHR_RegNum>01058227802</CSHR_RegNum>
	      <CSHR_CompanyNum/></CASH></Payment></PaymentInfo>]
INFO	[2021-05-02 15:51:28:722] <18193> MAKE BODY OK
INFO	[2021-05-02 15:51:28:723] <18193> SIGN OK
INFO	[2021-05-02 15:51:28:723] <18193> MAKE HEAD OK
INFO	[2021-05-02 15:51:28:723] <18193> MSG_TO_PG:[0195300175D SHA1                   0                                      300200majorgol03               35800INIphpRECPmajorgol0320210502155128205446<?xml version="1.0" encoding="UTF-8"?>
<INIpay>
	  <GoodsInfo>
	    <GoodsCnt>1</GoodsCnt>
	    <MOID/>
	    <Currency>WON</Currency>
	    <Tax>3255</Tax>
	    <TaxFree/>
	    <Goods>
	      <SMID>majorgol03</SMID>
	      <GoodsName urlencode="1">%C7%D6%B5%F42021%B9%CC%C1%EE%B3%EBRB%C5%F5%BE%EE%BA%A3%C0%CC%C1%F7%C4%B8%B0%F1%C7%C1%B8%F0%C0%DA52KW2106+%BF%DC+1%B0%C7</GoodsName>
	      <GoodsPrice>35800</GoodsPrice></Goods></GoodsInfo>
	  <BuyerInfo>
	    <BuyerName urlencode="1">%B0%ED%C5%C2%BC%F6</BuyerName>
	    <BuyerTel>01058227802</BuyerTel>
	    <BuyerEmail urlencode="1">skt4525%40naver.com</BuyerEmail>
	    <ParentEmail/>
	    <RecvName/>
	    <RecvTel/>
	    <RecvMsg/>
	    <RecvAddr/>
	    <RecvPostNum/></BuyerInfo>
	  <PaymentInfo>
	    <Payment>
	      <PayMethod>CASH</PayMethod>
	      <JoinCard/>
	      <JoinExpire/>
	      <MailOrder/>
	      <SessionKey>axLK4Fr0yedc+cQ5tEPSThsgiFeDumVVpZu9kjxvwTtdmwZ9LgkoX5VmhdmicqbT
FNuaTyoCMFRQ8Yg6A8NalTo2vEoPDu1MgfusHOq1WXZO2+b00+S12tsifAJTYo++
ugmaUHJIKMIv9HcxKXR5bD7MLweg+nXVDG2QbrE9LTQwexSTYhQ5Ig==
</SessionKey>
	      <Encrypted>/gzjyciADU63pmXOZ5D7U0kCmIDVwt86zB83BTLD/pYRk4ZCBge7Of302vNnK8CO
qRYHtHgN04jyy84/MB5fXjcvbaR11/RRMZkOqa0tF33JJPT0F2XNsV5FwrWzVWq6
h9YE5/ieKtcLF1juQLjGpp5CNAEXvchm7sniBj6upwPJ1gMZEY323h+Y3vCYGAEC
eOLn+HpIEbkPmg0F5PWuRAdcF39uSYRL+PeIecbR271g0iwvHHElTS5SuXtqqWI6
p6jaoEFonAzHEOskvKYkzQ/MxCEB+F3ExgmwBGYsrMWOQbNaQjYxkNThHBOKuTm3
9RpW6bZbrl1msw7TPIeSyw6a7cur7/n+HhfLamJSL7jjC8rcyzW2+ovo/c8TiuCO
JPSbbtr/mVLf5z9A1yHU2MLXvfFzS/TWZFwEfEggaHtENMAxCd05WQ13OJCOikRd
sbaL6fpSrOLDBYuLTPFSbrmict4MBNn1tgFYn7r8clB7kRjZyPGClw==
</Encrypted></Payment></PaymentInfo>
	  <ReservedInfo>
	    <MReserved1/>
	    <MReserved2/>
	    <MReserved3/></ReservedInfo>
	  <ManageInfo>
	    <Language/>
	    <URL/>
	    <TXVersion>5036B141209receiLinux     PHPchkfake   2.6.32-754.11.1.el6.x86_64PHP:</TXVersion>
	    <TXUserID/>
	    <TXRegNum/>
	    <Ack>1</Ack></ManageInfo></INIpay>AG02CGx5T7iWDd15VgT1jhjzcLqurIDayANPwcuvx1hdKoP3+8H+Y+Tuc6DIFyrt
KxX6BY0Twvz4MyuvAFdgokMQO5FUGoIlkwQs9TTyeb+EAOpYbXGDaD/FFHJXJhND
sZKk/9R7KA1SaM1CNS6QNCQoAY2XaHB38XWRkltt8u3y
]
INFO	[2021-05-02 15:51:28:723] <18193> DNS LOOKUP OK(203.238.37.3:203.238.37.3:34049) laptime:0
INFO	[2021-05-02 15:51:28:726] <18193> SOCKET CONNECT OK
INFO	[2021-05-02 15:51:28:726] <18193> SEND OK
INFO	[2021-05-02 15:51:28:821] <18193> RECV OK
INFO	[2021-05-02 15:51:28:821] <18193> MSG_FROM_PG:[0168900175D SHA1                   0                                      300210majorgol03               35800INIphpRECPmajorgol0320210502155128205446<?xml version="1.0" encoding="UTF-8"?><INIpay>
<GoodsInfo>
<GoodsCnt>1</GoodsCnt>
<MOID urlencode="1"/>
<Currency>WON</Currency>
<Goods no="1">
<SMID>majorgol03</SMID>
<GoodsName urlencode="1">%C7%D6%B5%F42021%B9%CC%C1%EE%B3%EBRB%C5%F5%BE%EE%BA%A3%C0%CC%C1%F7%C4%B8%B0%F1%C7%C1%B8%F0%C0%DA52KW2106+%BF%DC+1%B0%C7</GoodsName>
<GoodsCntS>1</GoodsCntS>
<GoodsPrice>35800</GoodsPrice>
</Goods>
</GoodsInfo>
<PaymentInfo>
<Payment>
<SessionKey>ACHD4OuA1iQbfPIjD+uaHmu8wEzKWZObSjp2fU7a/s9gcf8WjlBqmY8cpo0O30xM
8bU0f6T7/37g93Vyx0Grqc7Q62UbKG05PUCXrab1dkMBxjE9ofmDW0JzZYPiSuTt
jdIKXLDphX6d2IXbsVRmBfOR0p3CZGWeWxjTlSZVJYQ7HFugTSbHAVs=
</SessionKey>
<Encrypted>rVaeQ4qrPy8MAXUtWT41nsc7N6la3BVrlDXq/9WrjfG9tbCFzkQtlD/A8bCpC0kR
9rWFPt9HMimZf35jbVooJrHzL++Q2BEETK17bdYCFQSJ294FnHr1ft0ErgFyH/Kg
SeHwffCTyDIPbzSxzHmm9VLWAnJjl8SH3jSHBZ8l+P/MeXfAsdLsjCxZwYX6PIjN
0WeT4xThfIYOWo+mFuls4cLzKkfc+zGQlZZGvx15of6x47mEMYECAqhxB/inKGQf
3WO/Fp+tjKDG9LeyI21iaTew8Xun8mB/1DFTiNa8tq8XmJ/pvF0sHw6vXdHPmv0j
YiVPF2VUbj5H/6ryZ7JrrQnzSfMYKuWC3UyckaRpqrWxs3+XvUWzcHZxJst/NNAF
NgiSXAmkpeVSd6rbCSUYy+V1JGoSs/tr5sxcFQ2crg+sNtXWlGPAZcq0aVnylw3Y
D2DmsIkRx0C4Nfc4cQ63vl3xR/FH3kbXr3HjyKAhxJ0HR2UURdgSXxVz+36Z0YbY
pShqCyTEE/4wMCMNqC2yt0hzcsl2Lpsue62qcHs3OT7eAKAAfrJmgVBJ2ThXL3St
FRwtSS4yr+XFCEi0ElCX+kUNN1oDfrNiguK6Ln6ias04eUX/nNVeoypobvAdm7wN
46KYvgQWkVrsJO3p537usA9oTAU70J0RjFsram5BOz+SmpODn+Djqw==
</Encrypted>
<PayMethod>CASH</PayMethod>
<ResultCode>220000</ResultCode>
<ResultMsg urlencode="1">%C1%A4%BB%F3%C3%B3%B8%AE%B5%C7%BE%FA%BD%C0%B4%CF%B4%D9.</ResultMsg>
</Payment>
</PaymentInfo>
<ManageInfo/>
<ReservedInfo>
<MReserved1 urlencode="1"/>
<MReserved2 urlencode="1"/>
<MReserved3 urlencode="1"/>
</ReservedInfo>
</INIpay>
Cyve8RLikPfOAd2/fMYiK5mwykWWzjkwIVYEvvLXCNb1+mX6boh7Dj4CKpXOsOVS
XfX2yKtmySfP2195YkeuG4sQSZbseQwD9cRiE6Qh9t8N8aKZd2DILieCglEUShMr
BcrAc2J8FTeq5/fT+rHwpKORFrKQ2IySsVg8JWPuwlk=
]
INFO	[2021-05-02 15:51:28:821] <18193> VERIFY OK
INFO	[2021-05-02 15:51:28:821] <18193> PARSE HEAD OK
INFO	[2021-05-02 15:51:28:821] <18193> PARSE BODY OK
INFO	[2021-05-02 15:51:28:822] <18193> DECRYPT OK
DEBUG	[2021-05-02 15:51:28:822] <18193> DECRYPT MSG:[<?xml version="1.0" encoding="UTF-8"?><PaymentInfo>
<Payment>
<CASH>
<CSHR_ApplPrice>35800</CSHR_ApplPrice>
<CSHR_SupplyPrice>32545</CSHR_SupplyPrice>
<CSHR_Tax>3255</CSHR_Tax>
<CSHR_ServicePrice/>
<CSHR_Type>0</CSHR_Type>
<CSHR_ApplDate>20210502</CSHR_ApplDate>
<CSHR_ApplTime>155128</CSHR_ApplTime>
<CSHR_ApplNum>269949888</CSHR_ApplNum>
<CSHR_ResultCode>220000</CSHR_ResultCode>
<CSHR_ResultMsg urlencode="1">%C1%A4%BB%F3%C3%B3%B8%AE%B5%C7%BE%FA%BD%C0%B4%CF%B4%D9.</CSHR_ResultMsg>
</CASH>
</Payment>
</PaymentInfo>]
INFO	[2021-05-02 15:51:28:822] <18193> DECRYPT PARSE OK
INFO	[2021-05-02 15:51:28:822] <18193> WAIT ACK INVOKING
DEBUG	[2021-05-02 15:51:28:822] <18193> MAKE HEAD OK
INFO	[2021-05-02 15:51:28:826] <18193> SUCCESS ACK INVOKING
INFO	[2021-05-02 15:51:28:826] <18193> END receipt 정상처리되었습니다. Laptime:[0.107sec]
INFO	[2021-05-02 15:51:28:826] <18193> ===============================================================
