INFO	[2023-04-19 16:01:01:328] <4373> START INIPHP receipt (V5036-141209)(OS:Linux2.6.32-754.11.1.el6.x86_64,PHP:5.3.3)
DEBUG	[2023-04-19 16:01:01:328] <4373> inipayhome:/home1/killdeal/public_html/shop/inicis
DEBUG	[2023-04-19 16:01:01:328] <4373> debug:false
DEBUG	[2023-04-19 16:01:01:328] <4373> type:receipt
DEBUG	[2023-04-19 16:01:01:328] <4373> pgid:INIphpRECP
DEBUG	[2023-04-19 16:01:01:328] <4373> paymethod:CASH
DEBUG	[2023-04-19 16:01:01:328] <4373> currency:WON
DEBUG	[2023-04-19 16:01:01:328] <4373> admin:1111
DEBUG	[2023-04-19 16:01:01:328] <4373> mid:majorgol03
DEBUG	[2023-04-19 16:01:01:328] <4373> goodname:무료교환전시상품아디다스트랙션라이트맥스보아골프화
DEBUG	[2023-04-19 16:01:01:328] <4373> cr_price:108000
DEBUG	[2023-04-19 16:01:01:328] <4373> sup_price:98182
DEBUG	[2023-04-19 16:01:01:328] <4373> tax:9818
DEBUG	[2023-04-19 16:01:01:328] <4373> srvc_price:0
DEBUG	[2023-04-19 16:01:01:328] <4373> buyername:정경현
DEBUG	[2023-04-19 16:01:01:328] <4373> buyeremail:jkh0365@naver.com
DEBUG	[2023-04-19 16:01:01:328] <4373> buyertel:01053600365
DEBUG	[2023-04-19 16:01:01:328] <4373> reg_num:01053600365
DEBUG	[2023-04-19 16:01:01:328] <4373> useopt:0
DEBUG	[2023-04-19 16:01:01:328] <4373> companynumber:
INFO	[2023-04-19 16:01:01:328] <4373> Check Field OK
INFO	[2023-04-19 16:01:01:328] <4373> Make TID OK INIphpRECPmajorgol0320230419160101288793
INFO	[2023-04-19 16:01:01:328] <4373> PI PUB KEY LOAD OK []
INFO	[2023-04-19 16:01:01:329] <4373> PG PUB KEY LOAD OK [30]
INFO	[2023-04-19 16:01:01:329] <4373> MERCHANT PRIV KEY LOAD OK
INFO	[2023-04-19 16:01:01:329] <4373> MERCHANT PUB KEY LOAD OK [0]
DEBUG	[2023-04-19 16:01:01:330] <4373> MAKE ENCRYPT OK[<?xml version="1.0" encoding="UTF-8"?>
<PaymentInfo>
	  <Payment>
	    <CASH>
	      <CSHR_ApplPrice>108000</CSHR_ApplPrice>
	      <CSHR_SupplyPrice>98182</CSHR_SupplyPrice>
	      <CSHR_Tax>9818</CSHR_Tax>
	      <CSHR_ServicePrice/>
	      <CSHR_Type>0</CSHR_Type>
	      <CSHR_RegNum>01053600365</CSHR_RegNum>
	      <CSHR_CompanyNum/></CASH></Payment></PaymentInfo>]
INFO	[2023-04-19 16:01:01:330] <4373> MAKE BODY OK
INFO	[2023-04-19 16:01:01:331] <4373> SIGN OK
INFO	[2023-04-19 16:01:01:331] <4373> MAKE HEAD OK
INFO	[2023-04-19 16:01:01:331] <4373> MSG_TO_PG:[0198500175D SHA1                   0                                      300200majorgol03              108000INIphpRECPmajorgol0320230419160101288793<?xml version="1.0" encoding="UTF-8"?>
<INIpay>
	  <GoodsInfo>
	    <GoodsCnt>1</GoodsCnt>
	    <MOID/>
	    <Currency>WON</Currency>
	    <Tax>9818</Tax>
	    <TaxFree/>
	    <Goods>
	      <SMID>majorgol03</SMID>
	      <GoodsName urlencode="1">%B9%AB%B7%E1%B1%B3%C8%AF%C0%FC%BD%C3%BB%F3%C7%B0%BE%C6%B5%F0%B4%D9%BD%BA%C6%AE%B7%A2%BC%C7%B6%F3%C0%CC%C6%AE%B8%C6%BD%BA%BA%B8%BE%C6%B0%F1%C7%C1%C8%AD</GoodsName>
	      <GoodsPrice>108000</GoodsPrice></Goods></GoodsInfo>
	  <BuyerInfo>
	    <BuyerName urlencode="1">%C1%A4%B0%E6%C7%F6</BuyerName>
	    <BuyerTel>01053600365</BuyerTel>
	    <BuyerEmail urlencode="1">jkh0365%40naver.com</BuyerEmail>
	    <ParentEmail/>
	    <RecvName/>
	    <RecvTel/>
	    <RecvMsg/>
	    <RecvAddr/>
	    <RecvPostNum/></BuyerInfo>
	  <PaymentInfo>
	    <Payment>
	      <PayMethod>CASH</PayMethod>
	      <JoinCard/>
	      <JoinExpire/>
	      <MailOrder/>
	      <SessionKey>aL0Zgg4yNnP6Av5mXkODwddgmcyo20G1sMTzoxyIWh3Y1PWbfnTf835V1tgVvGi3
Zi32TEHBl9+DbTFSYrteiJRk6qn8WK/iEhdRC053Irm8PbfkSSJzx3YychfxlnH9
5Yxs0G/8F+87ODTysPhHvcgiO54nWmxW+uMhI5T4hIDjA3gWxx+WeQ==
</SessionKey>
	      <Encrypted>TkQ/dQc7wCnoWbsAF3kjonx9bWhzbfiZBrldI0P9seGUAd6nME5mId6xKjkRkL1P
GZjzwaAouk3V4kwkU0S6PCW5ttbpfZ5/836gIvRUSqeoJbXTEMSiCGMAcBvz9KTz
cG0LGP0X3rJH5ZV1XDVfJHKnnRFX9WPZt6/krO0SKH+u7o/DjUXBPoLpd035u9wD
8ZEEa30+ZVKTclDHhy0ZV180Csfs3hgh0Az/pGNu9PWlz7JrZ+yUICocD+qGtSFT
rSsr6ZaKyjHwoIFC2Oc0nv+dZWtAdMUBqlw9BUnppShSBwNLKIFtvyUndvDTgP5u
tXj9unU8bSxHsAt1wH5LB19tuHOyZNd4NfYhONP3c6xPT/gh2QWRRsgzXoEaRMot
AmCxIU46YIC/Q63Se6kKfgkVP/QuyyhcPqNr3Rc4PqYOykptn5zjkNAv3T/1mh9f
5TpYBfix7PPUAAW13AhYoegiK2fJLbB75iZ7571YgMR4LryNLvB3JA==
</Encrypted></Payment></PaymentInfo>
	  <ReservedInfo>
	    <MReserved1/>
	    <MReserved2/>
	    <MReserved3/></ReservedInfo>
	  <ManageInfo>
	    <Language/>
	    <URL/>
	    <TXVersion>5036B141209receiLinux     PHPchkfake   2.6.32-754.11.1.el6.x86_64PHP:</TXVersion>
	    <TXUserID/>
	    <TXRegNum/>
	    <Ack>1</Ack></ManageInfo></INIpay>AP6XHL+8b6LwD9A5u5rGHQngIW+Kykx/dcaauimjG30Ty1nhQaKFuvK6kbkg3mQw
gJ6nJpzVY2zrUPgcojHJfaTrHU9OcOvcDYIS3KCG6Mf6fFjrpY52aUhSRGtElXy2
ZBHCwBArZTi1GVRj90GWXDTQpvtMWUewK1NGfyRM74uD
]
INFO	[2023-04-19 16:01:01:331] <4373> DNS LOOKUP OK(203.238.37.3:203.238.37.3:34049) laptime:0
INFO	[2023-04-19 16:01:01:333] <4373> SOCKET CONNECT OK
INFO	[2023-04-19 16:01:01:333] <4373> SEND OK
INFO	[2023-04-19 16:01:01:452] <4373> RECV OK
INFO	[2023-04-19 16:01:01:452] <4373> MSG_FROM_PG:[0172900175D SHA1                   0                                      300210majorgol03              108000INIphpRECPmajorgol0320230419160101288793<?xml version="1.0" encoding="UTF-8"?><INIpay>
<GoodsInfo>
<GoodsCnt>1</GoodsCnt>
<MOID urlencode="1"/>
<Currency>WON</Currency>
<Goods no="1">
<SMID>majorgol03</SMID>
<GoodsName urlencode="1">%B9%AB%B7%E1%B1%B3%C8%AF%C0%FC%BD%C3%BB%F3%C7%B0%BE%C6%B5%F0%B4%D9%BD%BA%C6%AE%B7%A2%BC%C7%B6%F3%C0%CC%C6%AE%B8%C6%BD%BA%BA%B8%BE%C6%B0%F1%C7%C1%C8%AD</GoodsName>
<GoodsCntS>1</GoodsCntS>
<GoodsPrice>108000</GoodsPrice>
</Goods>
</GoodsInfo>
<PaymentInfo>
<Payment>
<SessionKey>AAIFLCvBOANrq7d57b9Rz8Us68gq1CFADqHj/icyfeFb/ZeCi4YnwHK+ZeIYRv5q
wjWKY5BLotti51gcvoNu96gMUSgiGJgbAJAR7GJDkPH8XTkoNyVs5HyhXn1mG7KI
zRJuTt53oudLxO0X62brZiIqOsRyRLWcJrkFNAKo5uOpgk4X1mrOL4w=
</SessionKey>
<Encrypted>H2qMjB68en6hE7jGNWAHtR4nNScpMzyfxEkw6EUk+/AdHQziORdmeF40gW/vIO5t
qGg4d3KtHZAgMq/k9hE0BrGTBMWupLdKaMUrDiCwH9v//Zxjk1MGJqvLR7qCq5KZ
3sbtdVNQRsryqu1nTKhMyIomU2fuqBOydfnZH0pGytzuh4203+/S0i4eJFfiTKVp
Wj2aJDRbdF0BQuRKK3Cf9MyxTL1Ze5rCrgIewHkkDYSY9szTBRDIu5rA1Ub0S3XP
e0JmPAgVNBqehmk2FA332fUuoYRYfihEGU8nWwJT9XFP45wsC4KBEGlCMJKbeg4Z
Q04VzjTOYllNWUbHl8OiK28/lyTmupB38egcyt93eakdJUINEINhDz6Ott8fvl5q
Em19Xbip5DIRNisU86WppvReG+VgfkFpixWZuBKN0x1QZB/lkS1rlaTnIFnaMWDF
meZIcDWSVAmmmOeKUD+eYyT3pvDsqH/dxesEe82HbByEdwlQHWfiz1C3b4ps0RMO
JE4noUSL7zsR40V3WyjEqu6q6HD/NZ7fo+sd+v2AtMhg1LQA4V4g4DnuKREHolv7
3Zk5Lc9qKT6yDVWZvnMdD8pMOuzVj/u4N3IXxuVlFIgqYbKDfudFVwBf55VBe2ZW
iAjY97QmGfVnTKOtZzv5NYGEPpHwX6qtK/N69WSWvLUAfGVwgGn2aI8tFgiedgM9
</Encrypted>
<PayMethod>CASH</PayMethod>
<ResultCode>220000</ResultCode>
<ResultMsg urlencode="1">%C1%A4%BB%F3%C3%B3%B8%AE%B5%C7%BE%FA%BD%C0%B4%CF%B4%D9.</ResultMsg>
</Payment>
</PaymentInfo>
<ManageInfo/>
<ReservedInfo>
<MReserved1 urlencode="1"/>
<MReserved2 urlencode="1"/>
<MReserved3 urlencode="1"/>
</ReservedInfo>
</INIpay>
E5Cu47PnQXhghxbNO6B63llVbDiRWFpHb4YiZzQnxK8hR1WTIGLDGKE3V0mzGHc2
d71y0Fms63ZBk2BmYiP+Ep70oKb7Xe9ouHZ3SCxtz/Zuxfz5i9/CW4MqkNtTuPgY
9JGUjm9kMMWYT6n52hINstHpAeA/Z4Sl56OCs2LXXRg=
]
INFO	[2023-04-19 16:01:01:452] <4373> VERIFY OK
INFO	[2023-04-19 16:01:01:452] <4373> PARSE HEAD OK
INFO	[2023-04-19 16:01:01:452] <4373> PARSE BODY OK
INFO	[2023-04-19 16:01:01:453] <4373> DECRYPT OK
DEBUG	[2023-04-19 16:01:01:453] <4373> DECRYPT MSG:[<?xml version="1.0" encoding="UTF-8"?><PaymentInfo>
<Payment>
<CASH>
<CSHR_ApplPrice>108000</CSHR_ApplPrice>
<CSHR_SupplyPrice>98182</CSHR_SupplyPrice>
<CSHR_Tax>9818</CSHR_Tax>
<CSHR_ServicePrice/>
<CSHR_Type>0</CSHR_Type>
<CSHR_ApplDate>20230419</CSHR_ApplDate>
<CSHR_ApplTime>160101</CSHR_ApplTime>
<CSHR_ApplNum>267348700</CSHR_ApplNum>
<CSHR_ResultCode>220000</CSHR_ResultCode>
<CSHR_ResultMsg urlencode="1">%C1%A4%BB%F3%C3%B3%B8%AE%B5%C7%BE%FA%BD%C0%B4%CF%B4%D9.</CSHR_ResultMsg>
</CASH>
</Payment>
</PaymentInfo>]
INFO	[2023-04-19 16:01:01:453] <4373> DECRYPT PARSE OK
INFO	[2023-04-19 16:01:01:453] <4373> WAIT ACK INVOKING
DEBUG	[2023-04-19 16:01:01:453] <4373> MAKE HEAD OK
INFO	[2023-04-19 16:01:01:457] <4373> SUCCESS ACK INVOKING
INFO	[2023-04-19 16:01:01:457] <4373> END receipt 정상처리되었습니다. Laptime:[0.13sec]
INFO	[2023-04-19 16:01:01:457] <4373> ===============================================================
