INFO	[2021-11-06 09:17:32:556] <9915> START INIPHP cancel (V5036-141209)(OS:Linux2.6.32-754.11.1.el6.x86_64,PHP:5.3.3)
DEBUG	[2021-11-06 09:17:32:556] <9915> inipayhome:/home1/killdeal/public_html/shop/inicis
DEBUG	[2021-11-06 09:17:32:556] <9915> debug:false
DEBUG	[2021-11-06 09:17:32:556] <9915> type:cancel
DEBUG	[2021-11-06 09:17:32:556] <9915> mid:fourseason
DEBUG	[2021-11-06 09:17:32:556] <9915> admin:1111
DEBUG	[2021-11-06 09:17:32:556] <9915> tid:INIMX_CARDfourseason20211105201334535751
DEBUG	[2021-11-06 09:17:32:556] <9915> cancelmsg:주문자 본인 취소-구매의사 없음
INFO	[2021-11-06 09:17:32:556] <9915> Check Field OK
INFO	[2021-11-06 09:17:32:556] <9915> PI PUB KEY LOAD OK []
INFO	[2021-11-06 09:17:32:556] <9915> PG PUB KEY LOAD OK [30]
INFO	[2021-11-06 09:17:32:557] <9915> MERCHANT PRIV KEY LOAD OK
INFO	[2021-11-06 09:17:32:557] <9915> MERCHANT PUB KEY LOAD OK [0]
DEBUG	[2021-11-06 09:17:32:557] <9915> MAKE ENCRYPT OK[<?xml version="1.0" encoding="UTF-8"?>
<CancelInfo>
	  <CancelTID>INIMX_CARDfourseason20211105201334535751</CancelTID>
	  <CancelMsg urlencode="1">%C1%D6%B9%AE%C0%DA+%BA%BB%C0%CE+%C3%EB%BC%D2-%B1%B8%B8%C5%C0%C7%BB%E7+%BE%F8%C0%BD</CancelMsg>
	  <CancelReason/></CancelInfo>]
INFO	[2021-11-06 09:17:32:557] <9915> MAKE BODY OK
INFO	[2021-11-06 09:17:32:558] <9915> SIGN OK
INFO	[2021-11-06 09:17:32:558] <9915> MAKE HEAD OK
INFO	[2021-11-06 09:17:32:558] <9915> MSG_TO_PG:[0099400175D SHA1                   0                                      300420fourseason                    INIMX_CARDfourseason20211105201334535751<?xml version="1.0" encoding="UTF-8"?>
<INIpay>
	  <CancelInfo>
	    <SessionKey>Nr98msdorpLPplnYhHSw1RJcy9AT1G7T0XIOaLc4eEFDzs/z1segKlVZERfr+Gv4
WfhfDZHwCmoUlBREaFKEErUiJfZfmHLKHUgrj5ChBXCPaYxq/GhXtFGi9DmXesQe
riISFR/8a2NL1pwbTY7op4LUXDEfu5IUGasg8Zcwiik4wA9oTmo7GQ==
</SessionKey>
	    <Encrypted>M5cZVSvqE1338zoHoB4cMHDrUo3pYEE4KX1TKcWvRwOvns7l1+BM1NK/uJSjJKqK
20uwDAP95ptxmT4c2mmgjCS5GrjbqUyqu8KzVIonWpH2KI2KNLM523BPDwAzK/1i
9ZNoIA2MUmMP6/ouHYhoNcFzKsA7I4CYMTgh66qaDsxfcnUrog7kGThFBsWKy6Da
7b0LKS1o6n+bkZH5NTiro5lb0lp8UIGawkwd18w+64KxzIH3pLoy57Fa1lJ8R2/z
AfGz582DdbOADd5Z41rrFAncpeoz/TjVpgjEdv4y//My3/wGaIDbGCJknEyZA6IE
8ACffyIsy0QqIo6x/5jOwj2CyoB4R5Oa/bGP4KgVVOQuE5zamtvdRQ==
</Encrypted></CancelInfo>
	  <ReservedInfo>
	    <MReserved1/>
	    <MReserved2/>
	    <MReserved3/></ReservedInfo>
	  <ManageInfo>
	    <Language/>
	    <URL/>
	    <TXVersion>5036B141209canceLinux     PHPchkfake   2.6.32-754.11.1.el6.x86_64PHP:</TXVersion>
	    <TXUserID/>
	    <TXRegNum/></ManageInfo></INIpay>AJ6pXHNTVDG6rW/N9IheHxd32Sqcd/Pa5IShrV5jPB91sGB88fk55MbSim/mUOjq
1QaSP9tEKOuTsxoJwDdnrRCovgHExxHj60h2JDW1YfA3cjE92DjKFGGJYlUH7Zn4
rTJFi2TrPI+wIse/tp99HJGCzkxaKgM6P32aKgR27rFu
]
INFO	[2021-11-06 09:17:32:558] <9915> DNS LOOKUP OK(203.238.37.3:203.238.37.3:34049) laptime:0
INFO	[2021-11-06 09:17:32:560] <9915> SOCKET CONNECT OK
INFO	[2021-11-06 09:17:32:560] <9915> SEND OK
INFO	[2021-11-06 09:17:32:708] <9915> RECV OK
INFO	[2021-11-06 09:17:32:708] <9915> MSG_FROM_PG:[0093300175D SHA1                   0                                      300430fourseason                    INIMX_CARDfourseason20211105201334535751<?xml version="1.0" encoding="UTF-8"?><INIpay>
<CancelInfo>
<ResultCode>120000</ResultCode>
<ResultMsg urlencode="1">%C1%A4%BB%F3%C3%B3%B8%AE%B5%C7%BE%FA%BD%C0%B4%CF%B4%D9.</ResultMsg>
<SessionKey>AAWDAAROmocGOxSGYbdcmtq1BUxylLmp4NnPsrRQxuyti+hrVuO3GOpWAUvIEzWb
bviAw7PYcQbuqaT/KoVGc9czwMKlfIEUGpCQIHc86Q53SpTgBLiZJNle39mr7j9k
pvaggdz2HVfbp+0k9BXteNQvU13d92hZypsOyHx43Dvdl67ZbqP70as=
</SessionKey>
<Encrypted>0eVD5bxf4lFKEVqk8cYHmXvkvrV2TY8JDsumqTuVmkhOs2lgCTD58rBCt40YPfJp
atRh350fxIbNdMXuNUFqah9w5E8SWVInJrscbwpFgPRNUOn3XZByFVVqxw7/DiBx
gfY01x1AAWLcgrvPUBviATkCddjV1NVu7wQOqWlCJFVivUl5ctL1+Kky4hdXpb0U
w0shumS3KhrQOGsV0+3zdneVFVQnPSjX1oePYtQLUKCh4cktKd6qkvmDTa/upYIB
MZgNOMdyYVppcIpua2IYZAJLHkLc7LjC6B90HraCL3Dc7I3/rrhGv/5fwaYl25St
VbPSGnKLLDeZ8yRY1RpBdD8RFiVldq3T
</Encrypted>
</CancelInfo>
<ManageInfo/>
<ReservedInfo>
<MReserved1 urlencode="1"/>
<MReserved2 urlencode="1"/>
<MReserved3 urlencode="1"/>
</ReservedInfo>
</INIpay>
OwTf8VYGo2sBd4+Jg//Ucme2+FcU77PhvR11h/A5z1olnrB6oVaAy/YncWP9icBh
J8VxDCUMjcLIj9z4k4fSHa5+ISQ1CzvJ4VLKS1c0k/3n8vLGgzFMRVCd5OUdhYMV
wHmCAdp+J7C34zJZYne8VmdOrfdbE7iPVk7L+t9nl6U=
]
INFO	[2021-11-06 09:17:32:708] <9915> VERIFY OK
INFO	[2021-11-06 09:17:32:708] <9915> PARSE HEAD OK
INFO	[2021-11-06 09:17:32:708] <9915> PARSE BODY OK
INFO	[2021-11-06 09:17:32:709] <9915> DECRYPT OK
DEBUG	[2021-11-06 09:17:32:709] <9915> DECRYPT MSG:[<?xml version="1.0" encoding="UTF-8"?><CancelInfo>
<CancelDate>20211106</CancelDate>
<CancelTime>091732</CancelTime>
<ResultCode>120000</ResultCode>
<ResultMsg urlencode="1">%C1%A4%BB%F3%C3%B3%B8%AE%B5%C7%BE%FA%BD%C0%B4%CF%B4%D9.</ResultMsg>
</CancelInfo>]
INFO	[2021-11-06 09:17:32:709] <9915> DECRYPT PARSE OK
INFO	[2021-11-06 09:17:32:709] <9915> END cancel 정상처리되었습니다. Laptime:[0.153sec]
INFO	[2021-11-06 09:17:32:709] <9915> ===============================================================
