INFO	[2021-07-19 09:37:28:839] <18511> START INIPHP cancel (V5036-141209)(OS:Linux2.6.32-754.11.1.el6.x86_64,PHP:5.3.3)
DEBUG	[2021-07-19 09:37:28:839] <18511> inipayhome:/home1/killdeal/public_html/shop/inicis
DEBUG	[2021-07-19 09:37:28:839] <18511> debug:false
DEBUG	[2021-07-19 09:37:28:839] <18511> type:cancel
DEBUG	[2021-07-19 09:37:28:839] <18511> mid:majorgol03
DEBUG	[2021-07-19 09:37:28:839] <18511> admin:1111
DEBUG	[2021-07-19 09:37:28:839] <18511> tid:StdpayISP_majorgol0320210716143514603196
DEBUG	[2021-07-19 09:37:28:839] <18511> cancelmsg:주문자 본인 취소-상품옵션 선택 잘못함
INFO	[2021-07-19 09:37:28:839] <18511> Check Field OK
INFO	[2021-07-19 09:37:28:839] <18511> PI PUB KEY LOAD OK []
INFO	[2021-07-19 09:37:28:839] <18511> PG PUB KEY LOAD OK [30]
INFO	[2021-07-19 09:37:28:840] <18511> MERCHANT PRIV KEY LOAD OK
INFO	[2021-07-19 09:37:28:840] <18511> MERCHANT PUB KEY LOAD OK [0]
DEBUG	[2021-07-19 09:37:28:840] <18511> MAKE ENCRYPT OK[<?xml version="1.0" encoding="UTF-8"?>
<CancelInfo>
	  <CancelTID>StdpayISP_majorgol0320210716143514603196</CancelTID>
	  <CancelMsg urlencode="1">%C1%D6%B9%AE%C0%DA+%BA%BB%C0%CE+%C3%EB%BC%D2-%BB%F3%C7%B0%BF%C9%BC%C7+%BC%B1%C5%C3+%C0%DF%B8%F8%C7%D4</CancelMsg>
	  <CancelReason/></CancelInfo>]
INFO	[2021-07-19 09:37:28:841] <18511> MAKE BODY OK
INFO	[2021-07-19 09:37:28:841] <18511> SIGN OK
INFO	[2021-07-19 09:37:28:841] <18511> MAKE HEAD OK
INFO	[2021-07-19 09:37:28:841] <18511> MSG_TO_PG:[0101500175D SHA1                   0                                      300420majorgol03                    StdpayISP_majorgol0320210716143514603196<?xml version="1.0" encoding="UTF-8"?>
<INIpay>
	  <CancelInfo>
	    <SessionKey>kea6gbj04KYuvy6iuWjP30mB1eLK6ijpKSOoplJkHHQY2aIexuuHck9LaNBcqSTq
tmCy1CojFzELGKhEz6BhWUW+XVICZDYJGxUtgnaPsq4ZVUL7NZNTI0IbiWDXYzV1
YLu9Eqi2ILUU//F3sVsD8y2/Zg6m3iQnSgqymsOya3zZaW0cSjuIPg==
</SessionKey>
	    <Encrypted>ZAF1XVmG1d1EHwA/Y8uAs3/h0v5ZlBrLkXB+4IMAzdC1blUgevKa+MUSHV7REQpE
iMmPKJq1sgSZJEeNWXNPi5w0BvUCfTDyVtdrIi5e9jSwualiuKUmkQbxMWdK2AXQ
ynOs5Hg9vqcEMsijliTOBVcgAGO+4QOr83up4izzMdDryxf1ETXsm5VTYtwx4wT4
mKcI8pWIn9zcmqMSNhTz2mhZs59AZZ+SfdlmWm0cfihD+0c8MQCM7iLvhGkE5SPA
ZWgEhQEiDn6lZDogdwsgb27ehUM9xK8PKIpLLgYgw8W+IlDptUc/d6KNLOMPykHU
yBwlBw13roHzv5YP/AlnNwQqSKCl0RHYJcR3Hnh1f4bYtHuqp2ZnPic89K+MKP/q
mqF0LvIOP3o=
</Encrypted></CancelInfo>
	  <ReservedInfo>
	    <MReserved1/>
	    <MReserved2/>
	    <MReserved3/></ReservedInfo>
	  <ManageInfo>
	    <Language/>
	    <URL/>
	    <TXVersion>5036B141209canceLinux     PHPchkfake   2.6.32-754.11.1.el6.x86_64PHP:</TXVersion>
	    <TXUserID/>
	    <TXRegNum/></ManageInfo></INIpay>ARpRMCmtS62ShmhJOppWon41MSvkk4941W4uilIn2RPt9jgdwyTCGjYp2zNZTS+9
+vH6Ks3fw2XhncQKr2TMN/S9CO1nG6yX6goaEDheMbyRbNf+3EGuYdPMunJJFCZG
Rcesbdfjh1NL3d/9XbjuryC+idcTDp41y1SIrK7V34kd
]
INFO	[2021-07-19 09:37:28:841] <18511> DNS LOOKUP OK(203.238.37.3:203.238.37.3:34049) laptime:0
INFO	[2021-07-19 09:37:28:844] <18511> SOCKET CONNECT OK
INFO	[2021-07-19 09:37:28:844] <18511> SEND OK
INFO	[2021-07-19 09:37:29:120] <18511> RECV OK
INFO	[2021-07-19 09:37:29:120] <18511> MSG_FROM_PG:[0086100175D SHA1                   0                                      300430majorgol03                    StdpayISP_majorgol0320210716143514603196<?xml version="1.0" encoding="UTF-8"?><INIpay>
<CancelInfo>
<ResultCode>170000</ResultCode>
<ResultMsg urlencode="1">%C1%A4%BB%F3%BF%CF%B7%E1</ResultMsg>
<SessionKey>AMly8JTdAkUDEesHHPIFh2D2/TSIu3KaNaEK4a61rjLs5gUana35uv2/Fk81uw14
RrVEKOgMjebhCao1TOsEy85w9xvX5lvJQG8U8CSWFxfzwEV27naodpsQN/UxVtzy
XhTgtR+c996ehZmTqTcdi8tHLOY5FExNoC9e+DsJ6L7tHRqx8yrNy7Q=
</SessionKey>
<Encrypted>DwvdW9f8OB1MycUJW390qmWs4kMQUSDy1VMmcQvIYLKSw8JloxZvRHrT6Asegazj
jZNnk1qf9OuWxCgHk5OpDozjS7NJduf0VVKAbwWMnrvyWyIRYEczXvp++Jm/rsGp
fcFghgq3Sc+viaRF2wJQBOL+W9JbTMnMN1vrIJicDUwbWCADluqqUsesqbm26c3S
8NxCJRYZvohwnoVJQ71GTDSN1Xg7DqSctVKyYC4oNVpXWu2omsPPsQfxadegeu5/
IQc18AOZ4hHJTZW5+S7pqQtwazGT7P7szjrmnmEyLvd+rozvsa63Hw==
</Encrypted>
</CancelInfo>
<ManageInfo/>
<ReservedInfo>
<MReserved1 urlencode="1"/>
<MReserved2 urlencode="1"/>
<MReserved3 urlencode="1"/>
</ReservedInfo>
</INIpay>
dbCaSfYL/Va7JeM2FLctta6bemzYHn97CGya4GkjAIzhAxRGB0LWXt3gwHDEoPxD
67nwMC7Wm/bXJyoLxl2MQ/qR6HAbt4qQM5wGQ8d49KADtzHDG0mSUTc8/DQOxC+7
+rUZRrBcavr2Lr0feDjYDM5xJhfY8EfGMh1OzLPVbY8=
]
INFO	[2021-07-19 09:37:29:120] <18511> VERIFY OK
INFO	[2021-07-19 09:37:29:120] <18511> PARSE HEAD OK
INFO	[2021-07-19 09:37:29:120] <18511> PARSE BODY OK
INFO	[2021-07-19 09:37:29:121] <18511> DECRYPT OK
DEBUG	[2021-07-19 09:37:29:121] <18511> DECRYPT MSG:[<?xml version="1.0" encoding="UTF-8"?><CancelInfo>
<CancelDate>20210719</CancelDate>
<CancelTime>093729</CancelTime>
<ResultCode>170000</ResultCode>
<ResultMsg urlencode="1">%C1%A4%BB%F3%BF%CF%B7%E1</ResultMsg>
</CancelInfo>]
INFO	[2021-07-19 09:37:29:121] <18511> DECRYPT PARSE OK
INFO	[2021-07-19 09:37:29:121] <18511> END cancel 정상완료 Laptime:[0.282sec]
INFO	[2021-07-19 09:37:29:121] <18511> ===============================================================
INFO	[2021-07-19 10:16:40:512] <10997> START INIPHP cancel (V5036-141209)(OS:Linux2.6.32-754.11.1.el6.x86_64,PHP:5.3.3)
DEBUG	[2021-07-19 10:16:40:512] <10997> inipayhome:/home1/killdeal/public_html/shop/inicis
DEBUG	[2021-07-19 10:16:40:512] <10997> debug:false
DEBUG	[2021-07-19 10:16:40:512] <10997> type:cancel
DEBUG	[2021-07-19 10:16:40:512] <10997> mid:majorgol03
DEBUG	[2021-07-19 10:16:40:512] <10997> admin:1111
DEBUG	[2021-07-19 10:16:40:512] <10997> tid:INIMX_CARDmajorgol0320210717113446344203
DEBUG	[2021-07-19 10:16:40:512] <10997> cancelmsg:쇼핑몰 운영자 승인 취소
INFO	[2021-07-19 10:16:40:512] <10997> Check Field OK
INFO	[2021-07-19 10:16:40:512] <10997> PI PUB KEY LOAD OK []
INFO	[2021-07-19 10:16:40:512] <10997> PG PUB KEY LOAD OK [30]
INFO	[2021-07-19 10:16:40:512] <10997> MERCHANT PRIV KEY LOAD OK
INFO	[2021-07-19 10:16:40:512] <10997> MERCHANT PUB KEY LOAD OK [0]
DEBUG	[2021-07-19 10:16:40:513] <10997> MAKE ENCRYPT OK[<?xml version="1.0" encoding="UTF-8"?>
<CancelInfo>
	  <CancelTID>INIMX_CARDmajorgol0320210717113446344203</CancelTID>
	  <CancelMsg urlencode="1">%BC%EE%C7%CE%B8%F4+%BF%EE%BF%B5%C0%DA+%BD%C2%C0%CE+%C3%EB%BC%D2</CancelMsg>
	  <CancelReason/></CancelInfo>]
INFO	[2021-07-19 10:16:40:513] <10997> MAKE BODY OK
INFO	[2021-07-19 10:16:40:513] <10997> SIGN OK
INFO	[2021-07-19 10:16:40:513] <10997> MAKE HEAD OK
INFO	[2021-07-19 10:16:40:514] <10997> MSG_TO_PG:[0096200175D SHA1                   0                                      300420majorgol03                    INIMX_CARDmajorgol0320210717113446344203<?xml version="1.0" encoding="UTF-8"?>
<INIpay>
	  <CancelInfo>
	    <SessionKey>2FolZjNw/Ljww8RBVdt394l36MZVFeZ4py6jqrQIfF6R8o3U3PR7QRXJhM6abDB3
DIJ+xtmEVJg+AK7g8W9P/SwN/QuIS4JE3jdDiwoTJk9k3m56pgiXGe/jc6AoJy2i
/JHP0bYzm2nLbKSAAOdv0PMaW8LhvlpK7W/ZHKfaY9rYHtY1IdHTPw==
</SessionKey>
	    <Encrypted>7+IdMMreSMj88V43AHNnm4ae9/tqtRTJO3+xVky2nCO47St/gA8OYlWbboqkMjWA
pNhngkrTYhjaK81mjsuU7xRzYuXRp8bHgkBljK7/cNLJbl8W+lNV8BjL4tTX4K7Y
n/gSHcE5InMDJlU9NGeaF4uzf5GauhuqB4T3DlsMRXl2XNnoUiGxywS6Et0gJ9XF
fLoPPlG8dB7BWeH6brT3UJ7dLU8j5CGP+j4HAHMUlmATuNGBJbcSR3fgz1PWw49i
Y9M4bQ6xKerhGlYsj4pnYEL3Lkp72V9UU4dUE58Vyg/cBLJDqUwPV71lftMuEBvz
zc0H8FkpTKr4/Lzm/zliGQ==
</Encrypted></CancelInfo>
	  <ReservedInfo>
	    <MReserved1/>
	    <MReserved2/>
	    <MReserved3/></ReservedInfo>
	  <ManageInfo>
	    <Language/>
	    <URL/>
	    <TXVersion>5036B141209canceLinux     PHPchkfake   2.6.32-754.11.1.el6.x86_64PHP:</TXVersion>
	    <TXUserID/>
	    <TXRegNum/></ManageInfo></INIpay>AEFJWQIUiuaOXw9RR5alfHkiAUod4UpG39w9RH1EC8JrsVKK73+usX6bpFB2DNyR
6YVxriwoFhbMmF2vM7j2Q6t5jhLUxblxonwdLElBmv+Buskpz+RP6DwVnnp3eSYi
wKsWLWHzZ98S++j9BGquT+jzU1eWyrNKTsYLsODS1Ct5
]
INFO	[2021-07-19 10:16:40:514] <10997> DNS LOOKUP OK(203.238.37.3:203.238.37.3:34049) laptime:0
INFO	[2021-07-19 10:16:40:516] <10997> SOCKET CONNECT OK
INFO	[2021-07-19 10:16:40:516] <10997> SEND OK
INFO	[2021-07-19 10:16:40:655] <10997> RECV OK
INFO	[2021-07-19 10:16:40:655] <10997> MSG_FROM_PG:[0093300175D SHA1                   0                                      300430majorgol03                    INIMX_CARDmajorgol0320210717113446344203<?xml version="1.0" encoding="UTF-8"?><INIpay>
<CancelInfo>
<ResultCode>120000</ResultCode>
<ResultMsg urlencode="1">%C1%A4%BB%F3%C3%B3%B8%AE%B5%C7%BE%FA%BD%C0%B4%CF%B4%D9.</ResultMsg>
<SessionKey>AC0zDiU0dDlrIJdclaEy3/W2NzvazZhhh5IQBLnA2g4v137Jf3PM1cX1xsV7VDA+
dzDszdOEdCqNmQoVGnCnWJtCt6VKsGh3RcIac/6eIszt6FrFDOS+xBZt/Q9JQ4Wv
soR3aHabotdzpix8EOUssWcsIrh67pi/MVOTbe7GwBHfGD9DoQCrArg=
</SessionKey>
<Encrypted>4HuK11C4TZujx5EnyMZhCY64xSDhYrUKdDir5aRX9NE1lV1vlwJqp15eTnGzsojI
uS7bQLyMvB/wisvpt0kC3x2SWuQ2ezGgUGDxAeGvucM365f64I46hDCU7blojtTO
C4xL7sLC6KroH7Edh9Ge7TXcGpHR/qaYjZrNoJKl91/CRGJngB19YLSfeBorsCcU
ztw5LQbioap7vPKKYG9L9YeH1+0ZCCaUNJBOj7bLyTI+4qSJRjsYJ7iWX7QP3Cwp
MAEkCLfL0Bg6mQfjeWAAOenHEqK6RMcHFqRETBuphbvBTARHezwCzCF3pnwIUdxf
3ptjAQs/AoHfL21Wf2W4IAsx/UQ1CDRD
</Encrypted>
</CancelInfo>
<ManageInfo/>
<ReservedInfo>
<MReserved1 urlencode="1"/>
<MReserved2 urlencode="1"/>
<MReserved3 urlencode="1"/>
</ReservedInfo>
</INIpay>
QtrFbtrI1UhniXwwWi660xweLqZVNJlURKHRRlaerptVckoYQuMtjhKEfGf1e2O1
rj4/jAgf6xXxXx0cWUWzULkFfr4HQsrI4PC4p5to7fllazMAYtCU7b/vnab6U6sQ
SV0VfZf1Ua6V0w31m7sDuKUYS76SWFu16GB74F6ii/M=
]
INFO	[2021-07-19 10:16:40:655] <10997> VERIFY OK
INFO	[2021-07-19 10:16:40:655] <10997> PARSE HEAD OK
INFO	[2021-07-19 10:16:40:655] <10997> PARSE BODY OK
INFO	[2021-07-19 10:16:40:656] <10997> DECRYPT OK
DEBUG	[2021-07-19 10:16:40:656] <10997> DECRYPT MSG:[<?xml version="1.0" encoding="UTF-8"?><CancelInfo>
<CancelDate>20210719</CancelDate>
<CancelTime>101641</CancelTime>
<ResultCode>120000</ResultCode>
<ResultMsg urlencode="1">%C1%A4%BB%F3%C3%B3%B8%AE%B5%C7%BE%FA%BD%C0%B4%CF%B4%D9.</ResultMsg>
</CancelInfo>]
INFO	[2021-07-19 10:16:40:656] <10997> DECRYPT PARSE OK
INFO	[2021-07-19 10:16:40:656] <10997> END cancel 정상처리되었습니다. Laptime:[0.145sec]
INFO	[2021-07-19 10:16:40:656] <10997> ===============================================================
INFO	[2021-07-19 10:37:58:662] <18433> START INIPHP cancel (V5036-141209)(OS:Linux2.6.32-754.11.1.el6.x86_64,PHP:5.3.3)
DEBUG	[2021-07-19 10:37:58:662] <18433> inipayhome:/home1/killdeal/public_html/shop/inicis
DEBUG	[2021-07-19 10:37:58:662] <18433> debug:false
DEBUG	[2021-07-19 10:37:58:662] <18433> type:cancel
DEBUG	[2021-07-19 10:37:58:662] <18433> mid:majorgol03
DEBUG	[2021-07-19 10:37:58:662] <18433> admin:1111
DEBUG	[2021-07-19 10:37:58:662] <18433> tid:INIMX_CARDmajorgol0320210716172822835271
DEBUG	[2021-07-19 10:37:58:662] <18433> cancelmsg:쇼핑몰 운영자 승인 취소
INFO	[2021-07-19 10:37:58:662] <18433> Check Field OK
INFO	[2021-07-19 10:37:58:662] <18433> PI PUB KEY LOAD OK []
INFO	[2021-07-19 10:37:58:663] <18433> PG PUB KEY LOAD OK [30]
INFO	[2021-07-19 10:37:58:663] <18433> MERCHANT PRIV KEY LOAD OK
INFO	[2021-07-19 10:37:58:663] <18433> MERCHANT PUB KEY LOAD OK [0]
DEBUG	[2021-07-19 10:37:58:663] <18433> MAKE ENCRYPT OK[<?xml version="1.0" encoding="UTF-8"?>
<CancelInfo>
	  <CancelTID>INIMX_CARDmajorgol0320210716172822835271</CancelTID>
	  <CancelMsg urlencode="1">%BC%EE%C7%CE%B8%F4+%BF%EE%BF%B5%C0%DA+%BD%C2%C0%CE+%C3%EB%BC%D2</CancelMsg>
	  <CancelReason/></CancelInfo>]
INFO	[2021-07-19 10:37:58:663] <18433> MAKE BODY OK
INFO	[2021-07-19 10:37:58:664] <18433> SIGN OK
INFO	[2021-07-19 10:37:58:664] <18433> MAKE HEAD OK
INFO	[2021-07-19 10:37:58:664] <18433> MSG_TO_PG:[0096200175D SHA1                   0                                      300420majorgol03                    INIMX_CARDmajorgol0320210716172822835271<?xml version="1.0" encoding="UTF-8"?>
<INIpay>
	  <CancelInfo>
	    <SessionKey>l3I1LwlSIvPIkUO9a5qUvt80BUndzvETtbF6y6Eacz4UrglcqZan8dWQ3+l44Vmt
hYiPmIrgSd3lpyMX6FYvE5FYtPnpNB7hzjiNaHLpQN9z+5yfVu4KhM+uOAexV0B3
qWI/T2eKXeH9ATXQAVC5kMwxO4EXAWtzmNHHpJy0sKRmAYPU8PBJWQ==
</SessionKey>
	    <Encrypted>FUtD8vM28JWMEGacRMCBVsgEStOTHBS7br5lIMegj5Hg8LNKo8blkkz7oA6buaDP
CXDt9HDsZvsJlH4qXvFkktrQkv37nxtyEHSJTubwOi8zM44rrNHuFpGr8QedTdEw
wA9BUTFelk8irrZsSBIrOlcdQWX3iE5ejLbQ5x8pII8G+lDdCRJADfgeeNbVwRJp
I08ZudO0bqhVXqd8u1axdwDwWwDcZpsRNLUGD0aT5vJCEt26nWcTDy+wTyVgmzuD
e9QacopRL5NQG60Ix9lFzNsbyulhx6CArG65e9nBKdG96oXjdf7vETfIMiFIk0u0
RbUwSj3YEU+hsC2ga98lLQ==
</Encrypted></CancelInfo>
	  <ReservedInfo>
	    <MReserved1/>
	    <MReserved2/>
	    <MReserved3/></ReservedInfo>
	  <ManageInfo>
	    <Language/>
	    <URL/>
	    <TXVersion>5036B141209canceLinux     PHPchkfake   2.6.32-754.11.1.el6.x86_64PHP:</TXVersion>
	    <TXUserID/>
	    <TXRegNum/></ManageInfo></INIpay>ABDRYRsNX/iWOxCEqEuUuDBjiKQHta6GgSWLmes3TVipZ238V+AYFqPYB3aQiQfj
RQRzXLeODC7jWFcxCSs+Le8vPrVCpduRJ+QtdgND5e+Unm3yzJVWCAphxo0dbUOs
Q4hUIGUwmgFfiG1skxPpTQHWX+OtikMKFRG1L7MbL2xF
]
INFO	[2021-07-19 10:37:58:664] <18433> DNS LOOKUP OK(203.238.37.3:203.238.37.3:34049) laptime:0
INFO	[2021-07-19 10:37:58:666] <18433> SOCKET CONNECT OK
INFO	[2021-07-19 10:37:58:666] <18433> SEND OK
INFO	[2021-07-19 10:37:58:793] <18433> RECV OK
INFO	[2021-07-19 10:37:58:793] <18433> MSG_FROM_PG:[0093300175D SHA1                   0                                      300430majorgol03                    INIMX_CARDmajorgol0320210716172822835271<?xml version="1.0" encoding="UTF-8"?><INIpay>
<CancelInfo>
<ResultCode>120000</ResultCode>
<ResultMsg urlencode="1">%C1%A4%BB%F3%C3%B3%B8%AE%B5%C7%BE%FA%BD%C0%B4%CF%B4%D9.</ResultMsg>
<SessionKey>AME6hoMCZMm6P52kJQl+uzUkRcmjP0k5PL4xzSalgdG7PkB6X7vdCy0eZy/92BYW
+XAvFWl0x1DCNHVjLhfR9Z5AdEQIupCuCfT/efta7bq0+yNDgMkGezy8jPy1AENm
9/lKcKeUhGzzXJ/nX6Q2v1hD3p8+vqZqIYXCcsVcyErVH/eqYS0u0E4=
</SessionKey>
<Encrypted>S/wt8iZcgrfRiGofnkoSOnXLdARinpNWSRRPWfGIuJ5V4ji98w8K7IqWAeKcgEPB
RIq+w8BZ9Oef+rU2riTy0B2ngySuZ5Lh+Ja5T0hvzIwYo6AVRm8ypo+kG0FyBBr/
uZBIRGYutkpkVKtel8dxdA9f+eTqgXMcE7kNNGINCqCuV1vAs/qEmHThYw4fCV5m
sOA5U2hcehRuEDIb1SGNGis3D2nB9Nc3ZvABDvQH8plx/LLKjJzIvRK8blEGWOqQ
sjyAxNvkfvk0y6sU7EEk0RWHOaBJ/watNW3Fk89PALiIuYKbx+1GSXNexSsnj7YP
6j24PF8RmQG91j7dqgmLUWyH1vVeb8xU
</Encrypted>
</CancelInfo>
<ManageInfo/>
<ReservedInfo>
<MReserved1 urlencode="1"/>
<MReserved2 urlencode="1"/>
<MReserved3 urlencode="1"/>
</ReservedInfo>
</INIpay>
CpDoqbgpmRunT+ceqpVuyFjlB7ZCxKk941IQMOGWePfTsxQcHcrF4FEjrJ0DG/jB
fVX1mCadgsUbIG3FbSPEIbIZoVgFiKrubFKQcpRk1L8goNZaZleRWMm3AlQIjbF4
Tf1VEL3Z6VxBYNU6wMztO1QOvNUxKDtGQ/1J4mJ547A=
]
INFO	[2021-07-19 10:37:58:793] <18433> VERIFY OK
INFO	[2021-07-19 10:37:58:793] <18433> PARSE HEAD OK
INFO	[2021-07-19 10:37:58:793] <18433> PARSE BODY OK
INFO	[2021-07-19 10:37:58:794] <18433> DECRYPT OK
DEBUG	[2021-07-19 10:37:58:794] <18433> DECRYPT MSG:[<?xml version="1.0" encoding="UTF-8"?><CancelInfo>
<CancelDate>20210719</CancelDate>
<CancelTime>103759</CancelTime>
<ResultCode>120000</ResultCode>
<ResultMsg urlencode="1">%C1%A4%BB%F3%C3%B3%B8%AE%B5%C7%BE%FA%BD%C0%B4%CF%B4%D9.</ResultMsg>
</CancelInfo>]
INFO	[2021-07-19 10:37:58:794] <18433> DECRYPT PARSE OK
INFO	[2021-07-19 10:37:58:794] <18433> END cancel 정상처리되었습니다. Laptime:[0.132sec]
INFO	[2021-07-19 10:37:58:794] <18433> ===============================================================
INFO	[2021-07-19 17:27:35:705] <11203> START INIPHP cancel (V5036-141209)(OS:Linux2.6.32-754.11.1.el6.x86_64,PHP:5.3.3)
DEBUG	[2021-07-19 17:27:35:705] <11203> inipayhome:/home1/killdeal/public_html/shop/inicis
DEBUG	[2021-07-19 17:27:35:705] <11203> debug:false
DEBUG	[2021-07-19 17:27:35:705] <11203> type:cancel
DEBUG	[2021-07-19 17:27:35:705] <11203> mid:majorgol03
DEBUG	[2021-07-19 17:27:35:705] <11203> admin:1111
DEBUG	[2021-07-19 17:27:35:705] <11203> tid:StdpayCARDmajorgol0320210716104352354601
DEBUG	[2021-07-19 17:27:35:705] <11203> cancelmsg:쇼핑몰 운영자 승인 취소
INFO	[2021-07-19 17:27:35:705] <11203> Check Field OK
INFO	[2021-07-19 17:27:35:705] <11203> PI PUB KEY LOAD OK []
INFO	[2021-07-19 17:27:35:706] <11203> PG PUB KEY LOAD OK [30]
INFO	[2021-07-19 17:27:35:706] <11203> MERCHANT PRIV KEY LOAD OK
INFO	[2021-07-19 17:27:35:706] <11203> MERCHANT PUB KEY LOAD OK [0]
DEBUG	[2021-07-19 17:27:35:706] <11203> MAKE ENCRYPT OK[<?xml version="1.0" encoding="UTF-8"?>
<CancelInfo>
	  <CancelTID>StdpayCARDmajorgol0320210716104352354601</CancelTID>
	  <CancelMsg urlencode="1">%BC%EE%C7%CE%B8%F4+%BF%EE%BF%B5%C0%DA+%BD%C2%C0%CE+%C3%EB%BC%D2</CancelMsg>
	  <CancelReason/></CancelInfo>]
INFO	[2021-07-19 17:27:35:706] <11203> MAKE BODY OK
INFO	[2021-07-19 17:27:35:707] <11203> SIGN OK
INFO	[2021-07-19 17:27:35:707] <11203> MAKE HEAD OK
INFO	[2021-07-19 17:27:35:707] <11203> MSG_TO_PG:[0096200175D SHA1                   0                                      300420majorgol03                    StdpayCARDmajorgol0320210716104352354601<?xml version="1.0" encoding="UTF-8"?>
<INIpay>
	  <CancelInfo>
	    <SessionKey>avueCgFK0RmPo9cIrDWQkxmIhWNIIUswPDUCkdgE700x8SeDYDZxyWtoZk1S0oPj
xmhs0mZTxP4juSGV3I430e2zFBWhU/6WnhHGp3isze3+17e6qTYVOSo887w3AH5H
VC4L3bDegeAJ3mLAFaEYdQGreSJ6PXpEG5UZXUwouL10Bn6jVKUySQ==
</SessionKey>
	    <Encrypted>y1ii0D5JrTqOOrK/LnEUYf2p4aaMPMGIHezFt2fMZDV58JSSXtkijdG7/kY+iHWo
MoSvjwQRp9/T/NKvYgORIhAI9vRNIFVBu17NQXswW/q/8CKjHYeikR+uYcWP+bCc
xi5rhAsiZC+2MMlvXoYbiVzAH81T1OdiHRfBLI1jPjpJhTvTqIszbRGf+Us5Ubum
MzGddhJ6ejV3fFDiB7SJVsF9ac1A9U7ubrShDUsmB/I88OZ2FfJrqdZIl/R4UthM
H1OKt78pqYgSNjPvhuvTs57njtoLEsBaXDdSp0Nm3UCOMhwuXKeo9uREfeiLlsh7
F3EtfEgegDJZLQPo2F6q4A==
</Encrypted></CancelInfo>
	  <ReservedInfo>
	    <MReserved1/>
	    <MReserved2/>
	    <MReserved3/></ReservedInfo>
	  <ManageInfo>
	    <Language/>
	    <URL/>
	    <TXVersion>5036B141209canceLinux     PHPchkfake   2.6.32-754.11.1.el6.x86_64PHP:</TXVersion>
	    <TXUserID/>
	    <TXRegNum/></ManageInfo></INIpay>AE3HMDsixFttPOE0WOfocpsixqDUjAqbmYJRfCw98UEOE5THCFk8dVhI0HJv3PFk
MMoVc3iQf4W3Y8dOCiPfsCMV9QGhqyo/k5GgGpqGClukyogbK29qB/6qntthT1tN
oTLWAHZqxhFwrvnltEEdcN3LSp9/lXM2xMQ56G9P1r/L
]
INFO	[2021-07-19 17:27:35:707] <11203> DNS LOOKUP OK(203.238.37.3:203.238.37.3:34049) laptime:0
INFO	[2021-07-19 17:27:35:709] <11203> SOCKET CONNECT OK
INFO	[2021-07-19 17:27:35:709] <11203> SEND OK
INFO	[2021-07-19 17:27:36:547] <11203> RECV OK
INFO	[2021-07-19 17:27:36:547] <11203> MSG_FROM_PG:[0093300175D SHA1                   0                                      300430majorgol03                    StdpayCARDmajorgol0320210716104352354601<?xml version="1.0" encoding="UTF-8"?><INIpay>
<CancelInfo>
<ResultCode>120000</ResultCode>
<ResultMsg urlencode="1">%C1%A4%BB%F3%C3%B3%B8%AE%B5%C7%BE%FA%BD%C0%B4%CF%B4%D9.</ResultMsg>
<SessionKey>AK1Ow1S7ImVPqzKpogQMxNQrLhM1FOfphuZwwrDeCJhw7+yoLHea4v9CQZedts+5
r/WE4QJJaHtW71vFxvoHtGHuUsxmPqWN0HgKM/sOqJmyfT8G0rm+EkISFjYm/+wv
ibYn8dwqBJQDT3HYkvUUVH/wrKlt0z5ansU8M3y0xPRN7xemLaJ1zMg=
</SessionKey>
<Encrypted>FWiWgwIpqOW8EISW+hWmimgHWYDpklxCawh1PkhrtamsGIPlWQhGSJQNtla+5WVT
vBSWzScBykuPExNS+wqRrPpA8r5GuTaiA9NGycy3XeEBNk960NIgByV1utgRDi/l
nnVsMOH2MOwxDKErlX42+/INRd1XfE/hm5r6MiaMM2sUws7nhCaL9/I2U84gyZ1F
tSqBrmWSwaLrsIZmK1PXXPeSdubt0r2CcH/XUzcR857NmQzVQXuhhsV2Rg56osGA
Z3shy4Fxj67DdelB6TJFy3zm+OpP5J4WDsha/TzpwlEHPlBeEhaPzF/tJXEG7pIn
kowWkAUgl9lP1p+Pena2bnZsVF07bxFx
</Encrypted>
</CancelInfo>
<ManageInfo/>
<ReservedInfo>
<MReserved1 urlencode="1"/>
<MReserved2 urlencode="1"/>
<MReserved3 urlencode="1"/>
</ReservedInfo>
</INIpay>
mVOjvWW1fufI4a6iOVDza/8n6VLRU73aSNwZ6+uKrJKZ85i/bIRKcwwC4RSx/sEO
tg72/izgZ44KJigSQoz9PQ/OHtiMUIRYpJtJg9HaelBQ04WmH/uJelCvv4WFEHMd
7fnzBWE261eusTdVoM6P7JMW2RLDIEg11NEZC6baK4c=
]
INFO	[2021-07-19 17:27:36:547] <11203> VERIFY OK
INFO	[2021-07-19 17:27:36:547] <11203> PARSE HEAD OK
INFO	[2021-07-19 17:27:36:547] <11203> PARSE BODY OK
INFO	[2021-07-19 17:27:36:548] <11203> DECRYPT OK
DEBUG	[2021-07-19 17:27:36:548] <11203> DECRYPT MSG:[<?xml version="1.0" encoding="UTF-8"?><CancelInfo>
<CancelDate>20210719</CancelDate>
<CancelTime>172737</CancelTime>
<ResultCode>120000</ResultCode>
<ResultMsg urlencode="1">%C1%A4%BB%F3%C3%B3%B8%AE%B5%C7%BE%FA%BD%C0%B4%CF%B4%D9.</ResultMsg>
</CancelInfo>]
INFO	[2021-07-19 17:27:36:548] <11203> DECRYPT PARSE OK
INFO	[2021-07-19 17:27:36:548] <11203> END cancel 정상처리되었습니다. Laptime:[0.843sec]
INFO	[2021-07-19 17:27:36:548] <11203> ===============================================================
