INFO	[2020-09-07 10:26:15:617] <13159> START INIPHP cancel (V5036-141209)(OS:Linux2.6.32-754.11.1.el6.x86_64,PHP:5.3.3)
DEBUG	[2020-09-07 10:26:15:617] <13159> inipayhome:/home/killdeal/public_html/shop/inicis
DEBUG	[2020-09-07 10:26:15:617] <13159> debug:false
DEBUG	[2020-09-07 10:26:15:617] <13159> type:cancel
DEBUG	[2020-09-07 10:26:15:617] <13159> mid:majorgol03
DEBUG	[2020-09-07 10:26:15:617] <13159> admin:1111
DEBUG	[2020-09-07 10:26:15:617] <13159> tid:INIMX_CARDmajorgol0320200828111709315224
DEBUG	[2020-09-07 10:26:15:617] <13159> cancelmsg:쇼핑몰 운영자 승인 취소
INFO	[2020-09-07 10:26:15:617] <13159> Check Field OK
INFO	[2020-09-07 10:26:15:617] <13159> PI PUB KEY LOAD OK []
INFO	[2020-09-07 10:26:15:617] <13159> PG PUB KEY LOAD OK [30]
INFO	[2020-09-07 10:26:15:618] <13159> MERCHANT PRIV KEY LOAD OK
INFO	[2020-09-07 10:26:15:618] <13159> MERCHANT PUB KEY LOAD OK [0]
DEBUG	[2020-09-07 10:26:15:618] <13159> MAKE ENCRYPT OK[<?xml version="1.0" encoding="UTF-8"?>
<CancelInfo>
	  <CancelTID>INIMX_CARDmajorgol0320200828111709315224</CancelTID>
	  <CancelMsg urlencode="1">%BC%EE%C7%CE%B8%F4+%BF%EE%BF%B5%C0%DA+%BD%C2%C0%CE+%C3%EB%BC%D2</CancelMsg>
	  <CancelReason/></CancelInfo>]
INFO	[2020-09-07 10:26:15:618] <13159> MAKE BODY OK
INFO	[2020-09-07 10:26:15:619] <13159> SIGN OK
INFO	[2020-09-07 10:26:15:619] <13159> MAKE HEAD OK
INFO	[2020-09-07 10:26:15:619] <13159> MSG_TO_PG:[0096200175D SHA1                   0                                      300420majorgol03                    INIMX_CARDmajorgol0320200828111709315224<?xml version="1.0" encoding="UTF-8"?>
<INIpay>
	  <CancelInfo>
	    <SessionKey>TJ6M7gTC52bSUhKU4aFpFv9/q5QZsjRaZopEFKBRXYTYkR53JtqXhhp4RqehKoUs
spuo48JIc0xQZQmzxSUPiQrJ3tLZm+WdWh6Jox5NhOw8XMTfnf+upPLzpB42pAPb
99aUQP0Rw0p7lWawglXXHVE93pTx9M1hwZzPnPF6rcomMVNU0WLTdA==
</SessionKey>
	    <Encrypted>G6NBpf3ejztWBrFFExsbyB9twKXJrCA5DMAtah4bH41CXi6TPoOQF8Xk8925KddF
uLgyO+04sYiaNTjl9intI9F4igqGGSpUvluQ+x0CtKgunGZby2hEDS0aTe17dsoG
Q0i5cp1NGJ+zGO/VTi42OmXOdwBoEApy0UlMTaWs1V1C4jwiyw5QTnMK9G4U9PVR
LObl/QvUe+0I4kHZ9N3FKgq5NnZLl2+ua0FYgiUWQLYSWeBZzxb5inJQj9iIwpXB
uQp3RlxajU6hniOmFvoOKfGQUwFbghM56fsr+oNueRX/FD/96FPQix41CkZxV9zT
aCh4TxajPCz5cy499HGKWA==
</Encrypted></CancelInfo>
	  <ReservedInfo>
	    <MReserved1/>
	    <MReserved2/>
	    <MReserved3/></ReservedInfo>
	  <ManageInfo>
	    <Language/>
	    <URL/>
	    <TXVersion>5036B141209canceLinux     PHPchkfake   2.6.32-754.11.1.el6.x86_64PHP:</TXVersion>
	    <TXUserID/>
	    <TXRegNum/></ManageInfo></INIpay>AQyBQUuItr6OVuTwsQAEoy9aYMRzMAxiLFZSwJQ60E7Z3nkuLRo3dDWSf9G+23YN
iIIrkUtctVQAjyi/J9WZZayK+da+pLduRdmURMj39w067v0M5XYFuw3gtrUY+TLw
+hRysr1tyylDfZA35c76Uz5qGWT6kCuJbUa5VDa4FMzP
]
INFO	[2020-09-07 10:26:15:619] <13159> DNS LOOKUP OK(203.238.37.3:203.238.37.3:34049) laptime:0
INFO	[2020-09-07 10:26:15:622] <13159> SOCKET CONNECT OK
INFO	[2020-09-07 10:26:15:622] <13159> SEND OK
INFO	[2020-09-07 10:26:15:911] <13159> RECV OK
INFO	[2020-09-07 10:26:15:911] <13159> MSG_FROM_PG:[0115800175D SHA1                   0                                      300430majorgol03                    INIMX_CARDmajorgol0320200828111709315224<?xml version="1.0" encoding="UTF-8"?>
<INIpay>
  <CancelInfo>
    <ResultCode>120000</ResultCode>
    <ResultMsg urlencode="1">%C1%A4%BB%F3%C3%B3%B8%AE%B5%C7%BE%FA%BD%C0%B4%CF%B4%D9.</ResultMsg>
    <SessionKey>ALW2JB3CTobImFvXpQkgHdnJo++JUp9MSs21EajYQvziYqDKmOh+9ZE7h3OJ6hBN
/BQ2XZJMH5c9ZRLSg6pM3P/5FRnQdjmTSIUZij9HBEUN8u178rFbvn4ETSVbwRpC
9Y/lIDTTxRKPyqQ8DUdkEuW6ilauGpZT0eGYXKLkVts1dkZOdFZE6DQ=
</SessionKey>
    <Encrypted>MMy8Aj/O8N0Q76/tfh4q6klRFakvWxPYSE6CXjh5hlqgJrD0WfkhC+rPT8XGIssd
i8mgbNNgxe7M9qnzm7P3fVoV3jOoooEKPLHJKUvFXFf0lk7+C6s0j0pgF0MfMWxC
uMRH3AIcT/ybw/NYTlMe5qsGN2ySqIV4Hmbkp9qnSmfjdgbvQWxndPMJ/wZ4JQ8k
Akl9VaJ3FX8eK5MAW65iyJmrZgqY2jO9vUhzZf0qCzca2sMRHGLLO/qSNSYDtDop
L8Eb+2/p5vrnnTGwHfvqxcDMCuPMTfQG2/ai39DWHrpD2S01davTE6f1huc9wE0F
jjOPoMzf0656r6UkakkAacmVKrEp59Ws1agfNXxULOY=
</Encrypted>
  </CancelInfo>
  <ManageInfo/>
  <ReservedInfo>
    <MReserved1 urlencode="1"></MReserved1>
    <MReserved2 urlencode="1"></MReserved2>
    <MReserved3 urlencode="1"></MReserved3>
    <PGReserved1 urlencode="1"></PGReserved1>
    <PGReserved2 urlencode="1"></PGReserved2>
    <PGReserved3 urlencode="1"></PGReserved3>
  </ReservedInfo>
</INIpay>
bVMeeSquVIH30qqbamsCkzU3jYKsasYrasIPkZgo75cwcfBe983VAs1A24YkRqD7
J+x65o5jCbS3OVtHFfCyOxPpkowUqdp9u8DZy3OJdLyEQfvnyjP04pDtGN7xNxDq
3OLCMR9iia8aEozM3aOTrKZn6+ZRXzOJf8Y7q52k6qc=
]
INFO	[2020-09-07 10:26:15:911] <13159> VERIFY OK
INFO	[2020-09-07 10:26:15:911] <13159> PARSE HEAD OK
INFO	[2020-09-07 10:26:15:925] <13159> PARSE BODY OK
INFO	[2020-09-07 10:26:15:925] <13159> DECRYPT OK
DEBUG	[2020-09-07 10:26:15:925] <13159> DECRYPT MSG:[<?xml version="1.0" encoding="UTF-8"?>
<CancelInfo>
  <CancelDate>20200907</CancelDate>
  <CancelTime>102616</CancelTime>
  <ResultCode>120000</ResultCode>
  <ResultMsg urlencode="1">%C1%A4%BB%F3%C3%B3%B8%AE%B5%C7%BE%FA%BD%C0%B4%CF%B4%D9.</ResultMsg>
</CancelInfo>]
INFO	[2020-09-07 10:26:15:925] <13159> DECRYPT PARSE OK
INFO	[2020-09-07 10:26:15:925] <13159> END cancel 정상처리되었습니다. Laptime:[0.309sec]
INFO	[2020-09-07 10:26:15:925] <13159> ===============================================================
INFO	[2020-09-07 14:12:27:116] <31466> START INIPHP cancel (V5036-141209)(OS:Linux2.6.32-754.11.1.el6.x86_64,PHP:5.3.3)
DEBUG	[2020-09-07 14:12:27:116] <31466> inipayhome:/home/killdeal/public_html/shop/inicis
DEBUG	[2020-09-07 14:12:27:116] <31466> debug:false
DEBUG	[2020-09-07 14:12:27:116] <31466> type:cancel
DEBUG	[2020-09-07 14:12:27:116] <31466> mid:majorgol03
DEBUG	[2020-09-07 14:12:27:116] <31466> admin:1111
DEBUG	[2020-09-07 14:12:27:116] <31466> tid:StdpayCARDmajorgol0320200907140325813859
DEBUG	[2020-09-07 14:12:27:116] <31466> cancelmsg:주문자 본인 취소-구매의사 없음
INFO	[2020-09-07 14:12:27:116] <31466> Check Field OK
INFO	[2020-09-07 14:12:27:116] <31466> PI PUB KEY LOAD OK []
INFO	[2020-09-07 14:12:27:116] <31466> PG PUB KEY LOAD OK [30]
INFO	[2020-09-07 14:12:27:117] <31466> MERCHANT PRIV KEY LOAD OK
INFO	[2020-09-07 14:12:27:117] <31466> MERCHANT PUB KEY LOAD OK [0]
DEBUG	[2020-09-07 14:12:27:117] <31466> MAKE ENCRYPT OK[<?xml version="1.0" encoding="UTF-8"?>
<CancelInfo>
	  <CancelTID>StdpayCARDmajorgol0320200907140325813859</CancelTID>
	  <CancelMsg urlencode="1">%C1%D6%B9%AE%C0%DA+%BA%BB%C0%CE+%C3%EB%BC%D2-%B1%B8%B8%C5%C0%C7%BB%E7+%BE%F8%C0%BD</CancelMsg>
	  <CancelReason/></CancelInfo>]
INFO	[2020-09-07 14:12:27:117] <31466> MAKE BODY OK
INFO	[2020-09-07 14:12:27:118] <31466> SIGN OK
INFO	[2020-09-07 14:12:27:118] <31466> MAKE HEAD OK
INFO	[2020-09-07 14:12:27:118] <31466> MSG_TO_PG:[0099400175D SHA1                   0                                      300420majorgol03                    StdpayCARDmajorgol0320200907140325813859<?xml version="1.0" encoding="UTF-8"?>
<INIpay>
	  <CancelInfo>
	    <SessionKey>RZZltVKLpFkz5HeTtIl2MihdgZM8z3ebLB3p3sTaM78i/9DcHJEYwvuCcnLKg9D3
V2KtSrpDdumXXvdcUJ5VKrBPFz+Kuj8kV1c2raRDvOr+pWJ3sIM2r71M5eKa6p8S
afiLKG7NXlMDDTOx7nqKvT04DQ5GlddlIvXavikOBw6xN2vT4x4Dbw==
</SessionKey>
	    <Encrypted>0OJ4QCF24bsmA3BZrtABolSnX8sFeiJSc2iBU2sTFgP3tSCOc5cHGBSsqMakmHyO
S+19C9AsD1wILVlWYfCQycluhkcm4yi0lkBKRjO0r0TZ4l6y1rJ9n3tPr86XGdxL
Edhd4dNX4F57t0eVmw46kZGItPGFwgO30tGzEBN3ydut87cZ8+zIM1t7hYzc5EE2
FQnVD5XIyce81fG2lW9rIx2Vk4s9TtTZHOs4F9Mn/5+acx8J+ihd9Jz5jM6o2kCO
j94CksbTxs5FBW61UoBVGzJ02I6gFTVLgEbkcGqnd+kLmBAl6o5SJE1smQnHaRfn
k9F9gzlb+S+JEXvpjJ2dqDMVJEv4GSqeG10LxBE5RQ7ZQy5nP++y0w==
</Encrypted></CancelInfo>
	  <ReservedInfo>
	    <MReserved1/>
	    <MReserved2/>
	    <MReserved3/></ReservedInfo>
	  <ManageInfo>
	    <Language/>
	    <URL/>
	    <TXVersion>5036B141209canceLinux     PHPchkfake   2.6.32-754.11.1.el6.x86_64PHP:</TXVersion>
	    <TXUserID/>
	    <TXRegNum/></ManageInfo></INIpay>AO0WzfhzkoU4eP9CvVpLwint6OjfZAJIzrxBSQdUIUAa45HrS/DTzM7dSoO9OaDy
lwKE/kKLsbkqnCRCe2NoG1sUxz/FJq4/11fIw5+m0cmwCDa51YUv6DEoQzxcQj5R
CZaa0iyx23+K16SlLyU9mOaK3UZt/VDKSBmYZ9L9XrJ2
]
INFO	[2020-09-07 14:12:27:118] <31466> DNS LOOKUP OK(203.238.37.3:203.238.37.3:34049) laptime:0
INFO	[2020-09-07 14:12:27:119] <31466> SOCKET CONNECT OK
INFO	[2020-09-07 14:12:27:119] <31466> SEND OK
INFO	[2020-09-07 14:12:28:10] <31466> RECV OK
INFO	[2020-09-07 14:12:28:10] <31466> MSG_FROM_PG:[0115800175D SHA1                   0                                      300430majorgol03                    StdpayCARDmajorgol0320200907140325813859<?xml version="1.0" encoding="UTF-8"?>
<INIpay>
  <CancelInfo>
    <ResultCode>120000</ResultCode>
    <ResultMsg urlencode="1">%C1%A4%BB%F3%C3%B3%B8%AE%B5%C7%BE%FA%BD%C0%B4%CF%B4%D9.</ResultMsg>
    <SessionKey>ABvtc+LBq5YwndbMy9vqGed9+ucFVG5n3XOBPKlxci2b9qHVMXEQZYZeSXUIyC0W
IAqnKgAjzqjOFC8Byox0JOltUnoswLsAWHuYAdlyvq3uqVFQK4NWXvUj0ZrPwgcg
bNAtod8taCQ7AKXgAFyuvBPri/03TyH8ugU2RK1JUkK4s3p44RL+Kdo=
</SessionKey>
    <Encrypted>4Epf8i6OSNFp4TCo12Xqe9dR3IQgt2/YE1dOua6+xQuSEQWck+CeIf8QP7ooMMNA
h/wJ+X0H/1H1YSZ2Y9SMkhNBfpaedzwsMN+GuQO0SC6r2WZvAWNX/VbluBdUG7q6
lhffHJ8y3RM+qjjZMm+03j68V5RfEzMo+/DYCriw9gx0wrNExq6TPm3Nqva66ItE
nCBDdBYvmWXN1uKWo0VQkw8t89Op6yP7O+SqiZG50c3KVYPbao/Z0QeM0k14SA05
LOYkTI1hYDhKZU2W3lf+W0XJYRu8iTU65ueMQSiv4h5fn4+2iEsolxTD+UuQuIsy
VWiMOR73TLdIjnSvW99T+w3iBKdSXibKGI1Ek3+nglM=
</Encrypted>
  </CancelInfo>
  <ManageInfo/>
  <ReservedInfo>
    <MReserved1 urlencode="1"></MReserved1>
    <MReserved2 urlencode="1"></MReserved2>
    <MReserved3 urlencode="1"></MReserved3>
    <PGReserved1 urlencode="1"></PGReserved1>
    <PGReserved2 urlencode="1"></PGReserved2>
    <PGReserved3 urlencode="1"></PGReserved3>
  </ReservedInfo>
</INIpay>
TjvRJZzZLXzUBKRXMcDfeZuJNTgWh2RSJzbsxIybNH0UprYZYmBmkYeX24ZJrjA0
N1GWbepo1k+mXlnGWLh3jmUbglCfUILSqo6+HLT894/opPtj4d2Tjl47nzxCNSnp
iqdhC6u00ur1fWLDIwAyT63UBtpf4pm4sCpVfOvf5mw=
]
INFO	[2020-09-07 14:12:28:10] <31466> VERIFY OK
INFO	[2020-09-07 14:12:28:10] <31466> PARSE HEAD OK
INFO	[2020-09-07 14:12:28:11] <31466> PARSE BODY OK
INFO	[2020-09-07 14:12:28:11] <31466> DECRYPT OK
DEBUG	[2020-09-07 14:12:28:11] <31466> DECRYPT MSG:[<?xml version="1.0" encoding="UTF-8"?>
<CancelInfo>
  <CancelDate>20200907</CancelDate>
  <CancelTime>141228</CancelTime>
  <ResultCode>120000</ResultCode>
  <ResultMsg urlencode="1">%C1%A4%BB%F3%C3%B3%B8%AE%B5%C7%BE%FA%BD%C0%B4%CF%B4%D9.</ResultMsg>
</CancelInfo>]
INFO	[2020-09-07 14:12:28:11] <31466> DECRYPT PARSE OK
INFO	[2020-09-07 14:12:28:11] <31466> END cancel 정상처리되었습니다. Laptime:[0.895sec]
INFO	[2020-09-07 14:12:28:11] <31466> ===============================================================
INFO	[2020-09-07 14:20:07:278] <1180> START INIPHP cancel (V5036-141209)(OS:Linux2.6.32-754.11.1.el6.x86_64,PHP:5.3.3)
DEBUG	[2020-09-07 14:20:07:278] <1180> inipayhome:/home/killdeal/public_html/shop/inicis
DEBUG	[2020-09-07 14:20:07:278] <1180> debug:false
DEBUG	[2020-09-07 14:20:07:278] <1180> type:cancel
DEBUG	[2020-09-07 14:20:07:278] <1180> mid:majorgol03
DEBUG	[2020-09-07 14:20:07:278] <1180> admin:1111
DEBUG	[2020-09-07 14:20:07:278] <1180> tid:StdpayCARDmajorgol0320200907141305032435
DEBUG	[2020-09-07 14:20:07:278] <1180> cancelmsg:주문자 본인 취소-구매의사 없음
INFO	[2020-09-07 14:20:07:278] <1180> Check Field OK
INFO	[2020-09-07 14:20:07:278] <1180> PI PUB KEY LOAD OK []
INFO	[2020-09-07 14:20:07:278] <1180> PG PUB KEY LOAD OK [30]
INFO	[2020-09-07 14:20:07:278] <1180> MERCHANT PRIV KEY LOAD OK
INFO	[2020-09-07 14:20:07:278] <1180> MERCHANT PUB KEY LOAD OK [0]
DEBUG	[2020-09-07 14:20:07:279] <1180> MAKE ENCRYPT OK[<?xml version="1.0" encoding="UTF-8"?>
<CancelInfo>
	  <CancelTID>StdpayCARDmajorgol0320200907141305032435</CancelTID>
	  <CancelMsg urlencode="1">%C1%D6%B9%AE%C0%DA+%BA%BB%C0%CE+%C3%EB%BC%D2-%B1%B8%B8%C5%C0%C7%BB%E7+%BE%F8%C0%BD</CancelMsg>
	  <CancelReason/></CancelInfo>]
INFO	[2020-09-07 14:20:07:279] <1180> MAKE BODY OK
INFO	[2020-09-07 14:20:07:279] <1180> SIGN OK
INFO	[2020-09-07 14:20:07:280] <1180> MAKE HEAD OK
INFO	[2020-09-07 14:20:07:280] <1180> MSG_TO_PG:[0099400175D SHA1                   0                                      300420majorgol03                    StdpayCARDmajorgol0320200907141305032435<?xml version="1.0" encoding="UTF-8"?>
<INIpay>
	  <CancelInfo>
	    <SessionKey>J3/6hE6rrQSIbNgCwUwWvIwzyTpuTO953517vH3Rm3ta5M+4HNQo1j9pS686T5ji
K3smBopSfyZXxTYUACo3Gx5bp7GxMOj0b8sOU5aA4a4liebEy2ShqzEA+pkOJLXB
fFGv6whxw3NIlI1eUTRk/FuVqoPn6fu27cIZyim+pk7BCVmIs8Xriw==
</SessionKey>
	    <Encrypted>N3p0bnmFT3pQpPscfcLrGQcGHiP1pbXWdHIbcgHtAuLrcBixEBnR60sMnkvpt9zB
0GoH25eHN9BBbEoBPkY84awZdUAuFDkki/Th1MNXQIMvu+9dyFQ9Gp8gg66rNPvd
/neVQxcRHSozlAQwZkh1/vGn3+s5cVYxyQjW4J2z+f94jw7W9wXzgqQo9P8uCynf
8wbsVLRHPryvbxwMw0h087ssCr3AWl5EpTxtT9kjDI8jjJsRFY0595O/zPQfgxcl
Cr6WraadQoAurUp047fMKQNLJ58p2MPgiz9+5kKVAf2nnANX4vD2DFSiVDmjdb6w
4iTRDkHdpJmdX7VNWfcOujheg1CWoq35nM1s6SVs35gLVoimgYbTAQ==
</Encrypted></CancelInfo>
	  <ReservedInfo>
	    <MReserved1/>
	    <MReserved2/>
	    <MReserved3/></ReservedInfo>
	  <ManageInfo>
	    <Language/>
	    <URL/>
	    <TXVersion>5036B141209canceLinux     PHPchkfake   2.6.32-754.11.1.el6.x86_64PHP:</TXVersion>
	    <TXUserID/>
	    <TXRegNum/></ManageInfo></INIpay>AQojIEKDNI5Ss83sB/4Zx1xLMmLQjeAUs/0X5wYYBNrECU8oJRAIezR4RjYA5zCw
QS6jzxbXo68j4nkR/KoW1m7gMRrpVTnjJDaA9pXLWeuxQdxzTrlWfOLAxBuFpo36
ieFJ+VQrKNmVdjDskdqMCxjDm1f/tavVbs1MhoD4w9oh
]
INFO	[2020-09-07 14:20:07:280] <1180> DNS LOOKUP OK(203.238.37.3:203.238.37.3:34049) laptime:0
INFO	[2020-09-07 14:20:07:281] <1180> SOCKET CONNECT OK
INFO	[2020-09-07 14:20:07:281] <1180> SEND OK
INFO	[2020-09-07 14:20:07:635] <1180> RECV OK
INFO	[2020-09-07 14:20:07:635] <1180> MSG_FROM_PG:[0115800175D SHA1                   0                                      300430majorgol03                    StdpayCARDmajorgol0320200907141305032435<?xml version="1.0" encoding="UTF-8"?>
<INIpay>
  <CancelInfo>
    <ResultCode>120000</ResultCode>
    <ResultMsg urlencode="1">%C1%A4%BB%F3%C3%B3%B8%AE%B5%C7%BE%FA%BD%C0%B4%CF%B4%D9.</ResultMsg>
    <SessionKey>AQ09XDvEW6ymWJzcXfbRSPJ/tV6V7hvY/zJE63st4LJuw1PzmsiJszW5yO7Hxt15
k02281c9P4SOE9kPGhpbFYFj2yVUiaMogDLyUyb1VxiiC/I9a9GArExGAyqHGsvH
lIBnt80DZ/J0ewcycLT7pDCMqdmP9FF+DInYMGb6l5hOkLWr6Tg3kZU=
</SessionKey>
    <Encrypted>fnUxTZq1ZLQKqAtY21uEHblD8oMD1Jiya47k2Pxz5cNhdF//MeCGE76bjnxjIdVG
v9lLNWLh5eJAoGOPbZRqeCFr2byU9dx6B7KpJGN9KMpi/5eZpZRu5EdtXYp4wlOu
O92FD9gI9aF6nZD7LVlBHd9sBlzhOkkab20GSiAL0qZbU+8GKAyjYXl+gkIWYWFk
BfwmzgTmhviBRt2i6/BTDDcQSvxR5pnLxppIsUEJ7YwPAplX+6EhJ1AfJTFcxTSE
SH3CrdOJUGmm/faWBzeYq37srVkZcUH4pMokl4P0f7NTKo5ZssaQkt+c9hc4DnHN
p4Ygm3QTGYzGQ6sFyDjtp19Q3OYwLeOIzv/oJ36yLdk=
</Encrypted>
  </CancelInfo>
  <ManageInfo/>
  <ReservedInfo>
    <MReserved1 urlencode="1"></MReserved1>
    <MReserved2 urlencode="1"></MReserved2>
    <MReserved3 urlencode="1"></MReserved3>
    <PGReserved1 urlencode="1"></PGReserved1>
    <PGReserved2 urlencode="1"></PGReserved2>
    <PGReserved3 urlencode="1"></PGReserved3>
  </ReservedInfo>
</INIpay>
ryJLb3c87DdV+CCKcmH8+VistF1E8LAcURKxQXcM5cr99I+rnvHeME5x5Z6IDhWq
9AYJ5bxEyDgiyKOUtqNGK1sRM+RhNUe/Nm3GS3TkCr8SUd6WKgWFkBL10r7uNNj9
/aJMDqHmnOanX7eZP/G6pEZ9QquSk9r4xdF6lE8HaYU=
]
INFO	[2020-09-07 14:20:07:635] <1180> VERIFY OK
INFO	[2020-09-07 14:20:07:635] <1180> PARSE HEAD OK
INFO	[2020-09-07 14:20:07:636] <1180> PARSE BODY OK
INFO	[2020-09-07 14:20:07:636] <1180> DECRYPT OK
DEBUG	[2020-09-07 14:20:07:636] <1180> DECRYPT MSG:[<?xml version="1.0" encoding="UTF-8"?>
<CancelInfo>
  <CancelDate>20200907</CancelDate>
  <CancelTime>142007</CancelTime>
  <ResultCode>120000</ResultCode>
  <ResultMsg urlencode="1">%C1%A4%BB%F3%C3%B3%B8%AE%B5%C7%BE%FA%BD%C0%B4%CF%B4%D9.</ResultMsg>
</CancelInfo>]
INFO	[2020-09-07 14:20:07:636] <1180> DECRYPT PARSE OK
INFO	[2020-09-07 14:20:07:636] <1180> END cancel 정상처리되었습니다. Laptime:[0.359sec]
INFO	[2020-09-07 14:20:07:636] <1180> ===============================================================
INFO	[2020-09-07 16:56:41:170] <20452> START INIPHP cancel (V5036-141209)(OS:Linux2.6.32-754.11.1.el6.x86_64,PHP:5.3.3)
DEBUG	[2020-09-07 16:56:41:170] <20452> inipayhome:/home/killdeal/public_html/shop/inicis
DEBUG	[2020-09-07 16:56:41:170] <20452> debug:false
DEBUG	[2020-09-07 16:56:41:170] <20452> type:cancel
DEBUG	[2020-09-07 16:56:41:170] <20452> mid:majorgol03
DEBUG	[2020-09-07 16:56:41:170] <20452> admin:1111
DEBUG	[2020-09-07 16:56:41:170] <20452> tid:StdpayCARDmajorgol0320200907164553216726
DEBUG	[2020-09-07 16:56:41:170] <20452> cancelmsg:주문자 본인 취소-구매의사 없음
INFO	[2020-09-07 16:56:41:170] <20452> Check Field OK
INFO	[2020-09-07 16:56:41:170] <20452> PI PUB KEY LOAD OK []
INFO	[2020-09-07 16:56:41:170] <20452> PG PUB KEY LOAD OK [30]
INFO	[2020-09-07 16:56:41:170] <20452> MERCHANT PRIV KEY LOAD OK
INFO	[2020-09-07 16:56:41:170] <20452> MERCHANT PUB KEY LOAD OK [0]
DEBUG	[2020-09-07 16:56:41:171] <20452> MAKE ENCRYPT OK[<?xml version="1.0" encoding="UTF-8"?>
<CancelInfo>
	  <CancelTID>StdpayCARDmajorgol0320200907164553216726</CancelTID>
	  <CancelMsg urlencode="1">%C1%D6%B9%AE%C0%DA+%BA%BB%C0%CE+%C3%EB%BC%D2-%B1%B8%B8%C5%C0%C7%BB%E7+%BE%F8%C0%BD</CancelMsg>
	  <CancelReason/></CancelInfo>]
INFO	[2020-09-07 16:56:41:171] <20452> MAKE BODY OK
INFO	[2020-09-07 16:56:41:171] <20452> SIGN OK
INFO	[2020-09-07 16:56:41:171] <20452> MAKE HEAD OK
INFO	[2020-09-07 16:56:41:171] <20452> MSG_TO_PG:[0099400175D SHA1                   0                                      300420majorgol03                    StdpayCARDmajorgol0320200907164553216726<?xml version="1.0" encoding="UTF-8"?>
<INIpay>
	  <CancelInfo>
	    <SessionKey>XAZdAihxzMvPYSvSxtsG1Y004gvZ0YUPF1kx3FSbYFevA0YQFX8BB/hcRWTfMwD9
3LDqiTTsBZhF74KJnvJcSctlz+Fyh+bjuj5a9LsJhP1S2RIak0HN/zmoQucRZfKC
9+H+jQ/41lnG/Hfm2gaMpWsliJ0Sg2P+O13AMA6UBYitNQjpR+ld/w==
</SessionKey>
	    <Encrypted>HCAK61Y3XARuBxWYZIGuwQC08JlCkrzYUZWNcxfhzZyH9QZ8TUXeWXEsgnDuX+Wq
uov+Eho0mD24R6hKWnHhCM3ltXNbEoX7XjDUF+duB1/3WTQrDMflAxoVoi7m3N+3
zeXwHzI2aN2s+oyMBRgLOZzbr1ig4P6tnP/l5MTtdliaV4HMNJohZ6S6mQ6hQd8/
2atbiRDVAzLeLVyoIulT+4vhUFLujhiR/tf20malLB3h2qHF0lSfoPzVh/beVaic
g6OVfiFdzv1OfB4BYdNv0RafZ/OVB1GUDK6JjGCZeju/Ax3t9ZDFlfJJ9i7kBBLv
n7Arwan5tz+o4/6UQ817o75ac+3KACUmtlH1OXUMKPajXkqylOUhRA==
</Encrypted></CancelInfo>
	  <ReservedInfo>
	    <MReserved1/>
	    <MReserved2/>
	    <MReserved3/></ReservedInfo>
	  <ManageInfo>
	    <Language/>
	    <URL/>
	    <TXVersion>5036B141209canceLinux     PHPchkfake   2.6.32-754.11.1.el6.x86_64PHP:</TXVersion>
	    <TXUserID/>
	    <TXRegNum/></ManageInfo></INIpay>ARYZIh4/XNQyNbMTnICwM5fE+SXmGElouXbGW1KOMpKrIRMB8fA1z/EPaOVa8M1F
I8/esV44l2ZXofQ1+yuyyPGOKLBYfiSGMJmI4I2FhDy30/kCWEWnSRrNFgIMArJu
SOWgR9ITroGlvqixjNqVk1tZJZWKFbDydw0I0v21CXP1
]
INFO	[2020-09-07 16:56:41:171] <20452> DNS LOOKUP OK(203.238.37.3:203.238.37.3:34049) laptime:0
INFO	[2020-09-07 16:56:41:175] <20452> SOCKET CONNECT OK
INFO	[2020-09-07 16:56:41:175] <20452> SEND OK
INFO	[2020-09-07 16:56:41:561] <20452> RECV OK
INFO	[2020-09-07 16:56:41:561] <20452> MSG_FROM_PG:[0115800175D SHA1                   0                                      300430majorgol03                    StdpayCARDmajorgol0320200907164553216726<?xml version="1.0" encoding="UTF-8"?>
<INIpay>
  <CancelInfo>
    <ResultCode>120000</ResultCode>
    <ResultMsg urlencode="1">%C1%A4%BB%F3%C3%B3%B8%AE%B5%C7%BE%FA%BD%C0%B4%CF%B4%D9.</ResultMsg>
    <SessionKey>ACUl9vY3ppvlpxMYPJHEEInw/PSxvKWAsvftOGQuSOdBT/8lDkKGU8ku06p48IA3
2YZmSx4eSamWTyQ2bN0PRIIHaoY+C1QsBPmBQhCix4dlL1ZFGAlxvyzLHLBPJL/k
fxsBRhvGQ/QYxidNt5VbhqPDCqSigIhMKWgNMTPMclJUlDazPpB6GBg=
</SessionKey>
    <Encrypted>6w5QGvKO96FhOm8OVZZ7luA3N3HirM4TM2UocQ15Q1JWpLe9sCwu7RrZNrdFYqSA
AWCXEHu5aMSbY4r/zelhxsPIAuRtSVba318LdaPix3U11ONvUfSIoKv/XuML2lpT
IJr8yaChniV/W3X7tirjMxlIXAe84bEZZ7jNKwjhoH81X4AoY3ZAZU5BgJ8g1Zdl
x6c/0cs70sks3PEuDt/HrztrWIBWXDOCaX0gCOcS2LEZSHz9GnbbsP73WsW774Jc
5fjBibtlQtptUCZMLXELuxWZb/Z+r2uKgNxjGgexIrsoc5r+NlMXBl/KXWywjDZo
GdRg3tGyjcTce9OxT0Yb37GyGPyQl3YbIh2BKo72jBk=
</Encrypted>
  </CancelInfo>
  <ManageInfo/>
  <ReservedInfo>
    <MReserved1 urlencode="1"></MReserved1>
    <MReserved2 urlencode="1"></MReserved2>
    <MReserved3 urlencode="1"></MReserved3>
    <PGReserved1 urlencode="1"></PGReserved1>
    <PGReserved2 urlencode="1"></PGReserved2>
    <PGReserved3 urlencode="1"></PGReserved3>
  </ReservedInfo>
</INIpay>
mKwmF+/aZTbYVWrcoXyHS50QjtXFCxD3vfEr5DgZIz9aZ/k8mH4MzsldisxhiLMh
rfH2fy7Hv3IgRN1b1h2qPJXDizKbgc+vqA0pDt2GiQ3kLZLJxpmtXE4wC9Aboh9m
we0VNh1t3CKVywBBS1uNzPzoT8DIhmVhzxtfh+UIN/w=
]
INFO	[2020-09-07 16:56:41:562] <20452> VERIFY OK
INFO	[2020-09-07 16:56:41:562] <20452> PARSE HEAD OK
INFO	[2020-09-07 16:56:41:562] <20452> PARSE BODY OK
INFO	[2020-09-07 16:56:41:563] <20452> DECRYPT OK
DEBUG	[2020-09-07 16:56:41:563] <20452> DECRYPT MSG:[<?xml version="1.0" encoding="UTF-8"?>
<CancelInfo>
  <CancelDate>20200907</CancelDate>
  <CancelTime>165641</CancelTime>
  <ResultCode>120000</ResultCode>
  <ResultMsg urlencode="1">%C1%A4%BB%F3%C3%B3%B8%AE%B5%C7%BE%FA%BD%C0%B4%CF%B4%D9.</ResultMsg>
</CancelInfo>]
INFO	[2020-09-07 16:56:41:563] <20452> DECRYPT PARSE OK
INFO	[2020-09-07 16:56:41:563] <20452> END cancel 정상처리되었습니다. Laptime:[0.393sec]
INFO	[2020-09-07 16:56:41:563] <20452> ===============================================================
INFO	[2020-09-07 17:24:26:781] <32095> START INIPHP cancel (V5036-141209)(OS:Linux2.6.32-754.11.1.el6.x86_64,PHP:5.3.3)
DEBUG	[2020-09-07 17:24:26:781] <32095> inipayhome:/home/killdeal/public_html/shop/inicis
DEBUG	[2020-09-07 17:24:26:781] <32095> debug:false
DEBUG	[2020-09-07 17:24:26:781] <32095> type:cancel
DEBUG	[2020-09-07 17:24:26:781] <32095> mid:majorgol03
DEBUG	[2020-09-07 17:24:26:781] <32095> admin:1111
DEBUG	[2020-09-07 17:24:26:781] <32095> tid:INIMX_CARDmajorgol0320200907172337934447
DEBUG	[2020-09-07 17:24:26:781] <32095> cancelmsg:주문자 본인 취소-구매의사 없음
INFO	[2020-09-07 17:24:26:781] <32095> Check Field OK
INFO	[2020-09-07 17:24:26:781] <32095> PI PUB KEY LOAD OK []
INFO	[2020-09-07 17:24:26:781] <32095> PG PUB KEY LOAD OK [30]
INFO	[2020-09-07 17:24:26:781] <32095> MERCHANT PRIV KEY LOAD OK
INFO	[2020-09-07 17:24:26:781] <32095> MERCHANT PUB KEY LOAD OK [0]
DEBUG	[2020-09-07 17:24:26:782] <32095> MAKE ENCRYPT OK[<?xml version="1.0" encoding="UTF-8"?>
<CancelInfo>
	  <CancelTID>INIMX_CARDmajorgol0320200907172337934447</CancelTID>
	  <CancelMsg urlencode="1">%C1%D6%B9%AE%C0%DA+%BA%BB%C0%CE+%C3%EB%BC%D2-%B1%B8%B8%C5%C0%C7%BB%E7+%BE%F8%C0%BD</CancelMsg>
	  <CancelReason/></CancelInfo>]
INFO	[2020-09-07 17:24:26:782] <32095> MAKE BODY OK
INFO	[2020-09-07 17:24:26:782] <32095> SIGN OK
INFO	[2020-09-07 17:24:26:782] <32095> MAKE HEAD OK
INFO	[2020-09-07 17:24:26:782] <32095> MSG_TO_PG:[0099400175D SHA1                   0                                      300420majorgol03                    INIMX_CARDmajorgol0320200907172337934447<?xml version="1.0" encoding="UTF-8"?>
<INIpay>
	  <CancelInfo>
	    <SessionKey>Rl1jwJ0ZTiHojHwx78PMznSJ3B4Cng6bcctAqHaVSDurqHKqX9qU8xabxaAUhExN
Def0FVmO6F9MHPbr0GGgRRFACJ50pEGYI6OTN0PF2eAZHXfggwEIBIj68MAQWAQM
OQyG3WJIBpgWJlBSPvHrf5Jx8JyM24au4pEHie05K+j670KW/i7D4w==
</SessionKey>
	    <Encrypted>kUSDqjAsKqOkCdq+/8FgyqT8k38YN3emvGHtbDg+KV3tEXrrSyqRhpSLR06sLYGl
9Hm7RgM7Rm4oTw4ewpBjR7y+S7nGAQPZTNe4UYFziF3mMS024ILDT4DHRDmINyFL
6aLsGwjBwvoXVQzeIsrr+h2qfrEYuf3Nt6u6XgKnmv8PsxFxgMjR57er0VjvDV2T
vxucWXktBA6SqpIVf9aZ9lPzZ+YubXGYMPF+YdUDQ5ZP/IJLZnaSWz8gLaF2bWJO
j3s8jWTYH2Bauif8U6T9G3vOn8D8zfquUHY/C1HVXOMin2/3xrBXpE5V9EcQ2pdb
TNXrqb/TE9GHGPUfdzObym9tiiAvW01SfZXkkroZ1a8js2GXOnmqLA==
</Encrypted></CancelInfo>
	  <ReservedInfo>
	    <MReserved1/>
	    <MReserved2/>
	    <MReserved3/></ReservedInfo>
	  <ManageInfo>
	    <Language/>
	    <URL/>
	    <TXVersion>5036B141209canceLinux     PHPchkfake   2.6.32-754.11.1.el6.x86_64PHP:</TXVersion>
	    <TXUserID/>
	    <TXRegNum/></ManageInfo></INIpay>AMNxj94B8vwXv7Q1gF/akyCfNUoazaGGgse0Yf6hTF6ib+PNr7C9azCHPTdQPNNB
+kyePOIHDv2DwiWEGcLBwJr1YU/qe+8dMo41TFnWdlY9k97hMkLU9PiZKnDpE8tp
hTlgIDIAeobGg2Uf8OM7DjzXtWocn8eEMXHJC3W8xr7G
]
INFO	[2020-09-07 17:24:26:782] <32095> DNS LOOKUP OK(203.238.37.3:203.238.37.3:34049) laptime:0
INFO	[2020-09-07 17:24:26:785] <32095> SOCKET CONNECT OK
INFO	[2020-09-07 17:24:26:785] <32095> SEND OK
INFO	[2020-09-07 17:24:27:377] <32095> RECV OK
INFO	[2020-09-07 17:24:27:378] <32095> MSG_FROM_PG:[0115800175D SHA1                   0                                      300430majorgol03                    INIMX_CARDmajorgol0320200907172337934447<?xml version="1.0" encoding="UTF-8"?>
<INIpay>
  <CancelInfo>
    <ResultCode>120000</ResultCode>
    <ResultMsg urlencode="1">%C1%A4%BB%F3%C3%B3%B8%AE%B5%C7%BE%FA%BD%C0%B4%CF%B4%D9.</ResultMsg>
    <SessionKey>AOoNiXDtjfOXQcQM7XgCXFnVoRrj8MmZ0+l7sxWZOi9MVQhM2WvGugWWUKRq65Sk
r3UzsAzquMtL/1pHRmqBn5jgasn/0edwEnQpEtXNOGgF+nok5wFBSp1XKCLKJzWY
uN6BWJ+tACvG/ZHqSVp69E+Rxqnd0PWo2cSQfHND4cffFqpCSbx+7wU=
</SessionKey>
    <Encrypted>Z0zVquNQDEfPzmf8BRgGjJcUol97QbXh9JW6ozGj+yKAdAQ+eIMUvT6fgm7opNuR
OqJnHn6uj3Ta5V5rxlh1sIsgMDGT4YACAOgYLI1ClSg3cAprkpkgTHo5vmFxwpVa
c63kaZVEXErDOPHFGTb9RHcowv/p7I/NM/U1UQ291Aar64uKn769eJMhIInt1N09
9np7pnAib1NjFqRyCMD1FRBEZ4L9zCfaYokUtwb04KO2bNFeWh3zyHToDB12SnU9
w0sid0rAju3/fD8eAtvyKFTZeZW92Yam1PN0lXjoZaCBA/URHbU/3sF4j+bETCpH
4D9NdCfU3YIivd24S9U5vVCD7Tn7In/npc51Q4HCdcY=
</Encrypted>
  </CancelInfo>
  <ManageInfo/>
  <ReservedInfo>
    <MReserved1 urlencode="1"></MReserved1>
    <MReserved2 urlencode="1"></MReserved2>
    <MReserved3 urlencode="1"></MReserved3>
    <PGReserved1 urlencode="1"></PGReserved1>
    <PGReserved2 urlencode="1"></PGReserved2>
    <PGReserved3 urlencode="1"></PGReserved3>
  </ReservedInfo>
</INIpay>
OYSPhGzg7dI/t2rSwqiS3xtxqjkZ0rjFZpMaa6r8SCD8KLHmiuyHIG85mhzuKHgA
LowCnPNBli0ripVrLvWkR9V4wOuIvW8OpxLQFXxL/QX0nCFTQnIan4jUD8kyShTy
BD6qn3YLucm5k0CvwGBvl5pSTimfEC7mnRYKTRlxykE=
]
INFO	[2020-09-07 17:24:27:378] <32095> VERIFY OK
INFO	[2020-09-07 17:24:27:378] <32095> PARSE HEAD OK
INFO	[2020-09-07 17:24:27:378] <32095> PARSE BODY OK
INFO	[2020-09-07 17:24:27:379] <32095> DECRYPT OK
DEBUG	[2020-09-07 17:24:27:379] <32095> DECRYPT MSG:[<?xml version="1.0" encoding="UTF-8"?>
<CancelInfo>
  <CancelDate>20200907</CancelDate>
  <CancelTime>172427</CancelTime>
  <ResultCode>120000</ResultCode>
  <ResultMsg urlencode="1">%C1%A4%BB%F3%C3%B3%B8%AE%B5%C7%BE%FA%BD%C0%B4%CF%B4%D9.</ResultMsg>
</CancelInfo>]
INFO	[2020-09-07 17:24:27:379] <32095> DECRYPT PARSE OK
INFO	[2020-09-07 17:24:27:379] <32095> END cancel 정상처리되었습니다. Laptime:[0.598sec]
INFO	[2020-09-07 17:24:27:379] <32095> ===============================================================
INFO	[2020-09-07 17:26:11:713] <22084> START INIPHP cancel (V5036-141209)(OS:Linux2.6.32-754.11.1.el6.x86_64,PHP:5.3.3)
DEBUG	[2020-09-07 17:26:11:713] <22084> inipayhome:/home/killdeal/public_html/shop/inicis
DEBUG	[2020-09-07 17:26:11:713] <22084> debug:false
DEBUG	[2020-09-07 17:26:11:713] <22084> type:cancel
DEBUG	[2020-09-07 17:26:11:713] <22084> mid:majorgol03
DEBUG	[2020-09-07 17:26:11:713] <22084> admin:1111
DEBUG	[2020-09-07 17:26:11:713] <22084> tid:INIMX_CARDmajorgol0320200907172541234867
DEBUG	[2020-09-07 17:26:11:713] <22084> cancelmsg:주문자 본인 취소-구매의사 없음
INFO	[2020-09-07 17:26:11:713] <22084> Check Field OK
INFO	[2020-09-07 17:26:11:713] <22084> PI PUB KEY LOAD OK []
INFO	[2020-09-07 17:26:11:714] <22084> PG PUB KEY LOAD OK [30]
INFO	[2020-09-07 17:26:11:714] <22084> MERCHANT PRIV KEY LOAD OK
INFO	[2020-09-07 17:26:11:714] <22084> MERCHANT PUB KEY LOAD OK [0]
DEBUG	[2020-09-07 17:26:11:714] <22084> MAKE ENCRYPT OK[<?xml version="1.0" encoding="UTF-8"?>
<CancelInfo>
	  <CancelTID>INIMX_CARDmajorgol0320200907172541234867</CancelTID>
	  <CancelMsg urlencode="1">%C1%D6%B9%AE%C0%DA+%BA%BB%C0%CE+%C3%EB%BC%D2-%B1%B8%B8%C5%C0%C7%BB%E7+%BE%F8%C0%BD</CancelMsg>
	  <CancelReason/></CancelInfo>]
INFO	[2020-09-07 17:26:11:714] <22084> MAKE BODY OK
INFO	[2020-09-07 17:26:11:715] <22084> SIGN OK
INFO	[2020-09-07 17:26:11:715] <22084> MAKE HEAD OK
INFO	[2020-09-07 17:26:11:715] <22084> MSG_TO_PG:[0099400175D SHA1                   0                                      300420majorgol03                    INIMX_CARDmajorgol0320200907172541234867<?xml version="1.0" encoding="UTF-8"?>
<INIpay>
	  <CancelInfo>
	    <SessionKey>zqU0Rg+nlPcEBn9QgD12P5YFPivnn097Hkbr0olEyTN75d5lNRuOa4b51ruTdbTn
HB2oP2BbN4Jc6Ui0zp0q//SiFJL2CUHsWgiHL8gNimfUubSCpPSRoRxgk24etVwj
JeNSdUHlIiK3yFb+njB+EVjohar7KU3y/Pqj8xqLbVN2CHvuzZzHIg==
</SessionKey>
	    <Encrypted>GuT6zEK47Dn2exf7IsSnG6Y2wGfPzEZf/Hd8A2HLNlckQ7h4j4uFpHODzwh64ztc
QtXBUKbpAsfzaNpM6W3vpPCCkWN4zNKXwDecnlZsdBjPSeySmdlhGn+WbRBv+B0F
F2pVO0kXgtsVXtyaLlFCWDEyfqHHZeNBLci1t/MfZq0WMzcSDJJDibzZlwxhugRu
0iDx+bhU74Ug+tYeZ1RFOcR+4NhMDB/PZxnPUc5An1ZURbNpUi8uizIpQjFCnf0B
K/4h2yHIGoGPss5WGY8sk3JXKsZZI3agtalFbC1g2zqK0oQ1WKla1K2330c9vBR6
k0BgLJw/H5azK1LQeQ2jve8I41xOVrazPfwbe+w5n86BTRzN/lxZ2g==
</Encrypted></CancelInfo>
	  <ReservedInfo>
	    <MReserved1/>
	    <MReserved2/>
	    <MReserved3/></ReservedInfo>
	  <ManageInfo>
	    <Language/>
	    <URL/>
	    <TXVersion>5036B141209canceLinux     PHPchkfake   2.6.32-754.11.1.el6.x86_64PHP:</TXVersion>
	    <TXUserID/>
	    <TXRegNum/></ManageInfo></INIpay>APxttTgwSEfOgTzRO0BIc84IF+uOvPn9b+OnuC/bIWEeVOZ9KdbL6T0fxoCfIy+a
Kw08m/uZQLfRLFlhM0z1bwFiGOSdDileH5X2Fny5QASrA6Fepfc67Fl0Bfu/SMkZ
657EDSTHKWT87EX9iTlV09/+Suii8dkkzrOeTgmvpVRj
]
INFO	[2020-09-07 17:26:11:715] <22084> DNS LOOKUP OK(203.238.37.3:203.238.37.3:34049) laptime:0
INFO	[2020-09-07 17:26:11:717] <22084> SOCKET CONNECT OK
INFO	[2020-09-07 17:26:11:717] <22084> SEND OK
INFO	[2020-09-07 17:26:12:137] <22084> RECV OK
INFO	[2020-09-07 17:26:12:137] <22084> MSG_FROM_PG:[0115800175D SHA1                   0                                      300430majorgol03                    INIMX_CARDmajorgol0320200907172541234867<?xml version="1.0" encoding="UTF-8"?>
<INIpay>
  <CancelInfo>
    <ResultCode>120000</ResultCode>
    <ResultMsg urlencode="1">%C1%A4%BB%F3%C3%B3%B8%AE%B5%C7%BE%FA%BD%C0%B4%CF%B4%D9.</ResultMsg>
    <SessionKey>ARDUTXebh8z3TTvVjzTHVzh2yGJ6mA5MSHAO4PawUadFr4OOLP2M3rCABdIzi3Zr
zMkbIlZP+tm1ofsq1aUkNB33DJmdQ8HUkjNXO5AQyB8GD39xJWivDTB9VnYC/cY6
lvGYgSoBJEe0Mt3TkJ9BsCgmMLqFiukOc/N6b6NExVCkjCymCTblzlA=
</SessionKey>
    <Encrypted>N7oji5bpGIJPAfU0posz8NiKjprh7FYxaMdKwSWG9P8dJWJbAsHFv07VbslsC0DM
d/VfITe1iCZMIDBWbMG8nl/L9Vi+ln94WliPNmVM43xpngzyTW/+hLPCoGBnFJ17
XOkwq0zih+LR9x66DFMxX8SF4x57Sia9odYKYIb+ZyIrLjbImDOgpIdYML7sTMyn
kQLRiJU2wIYVgzXUzv9BrNtbGpsDycMTU2mD+OXdGiAU3ps06ewdzeJGZM2FVcI4
nqC70QFYjlTImld4a5dIYrc9c7TTUweqCAfuP1CvPC/a2vYZF+NTpIoe/F9RPzRe
gDHuSyS8hkVRrD8c2nHhxY8pC3Z49QYmj8eTnX1Bnqg=
</Encrypted>
  </CancelInfo>
  <ManageInfo/>
  <ReservedInfo>
    <MReserved1 urlencode="1"></MReserved1>
    <MReserved2 urlencode="1"></MReserved2>
    <MReserved3 urlencode="1"></MReserved3>
    <PGReserved1 urlencode="1"></PGReserved1>
    <PGReserved2 urlencode="1"></PGReserved2>
    <PGReserved3 urlencode="1"></PGReserved3>
  </ReservedInfo>
</INIpay>
YuaNwDhGK1mRQE7nrsLGHn89r4gPlPjKNwc/WUNYF4RZBUIiciqixvgpvhVbwDJl
Mmfg3Jlhk/jbH2BqhftBGSoCdCOi+altxOcuPTZzete9UPYwHfQxE9zSKs+0C+5e
bJY3c4KvqeXalhqpE4DXKfPKzfOKdNV0XtS4sMFXKYQ=
]
INFO	[2020-09-07 17:26:12:137] <22084> VERIFY OK
INFO	[2020-09-07 17:26:12:137] <22084> PARSE HEAD OK
INFO	[2020-09-07 17:26:12:138] <22084> PARSE BODY OK
INFO	[2020-09-07 17:26:12:138] <22084> DECRYPT OK
DEBUG	[2020-09-07 17:26:12:138] <22084> DECRYPT MSG:[<?xml version="1.0" encoding="UTF-8"?>
<CancelInfo>
  <CancelDate>20200907</CancelDate>
  <CancelTime>172612</CancelTime>
  <ResultCode>120000</ResultCode>
  <ResultMsg urlencode="1">%C1%A4%BB%F3%C3%B3%B8%AE%B5%C7%BE%FA%BD%C0%B4%CF%B4%D9.</ResultMsg>
</CancelInfo>]
INFO	[2020-09-07 17:26:12:139] <22084> DECRYPT PARSE OK
INFO	[2020-09-07 17:26:12:139] <22084> END cancel 정상처리되었습니다. Laptime:[0.426sec]
INFO	[2020-09-07 17:26:12:139] <22084> ===============================================================
INFO	[2020-09-07 19:04:54:168] <8431> START INIPHP cancel (V5036-141209)(OS:Linux2.6.32-754.11.1.el6.x86_64,PHP:5.3.3)
DEBUG	[2020-09-07 19:04:54:168] <8431> inipayhome:/home/killdeal/public_html/shop/inicis
DEBUG	[2020-09-07 19:04:54:168] <8431> debug:false
DEBUG	[2020-09-07 19:04:54:168] <8431> type:cancel
DEBUG	[2020-09-07 19:04:54:168] <8431> mid:majorgol03
DEBUG	[2020-09-07 19:04:54:168] <8431> admin:1111
DEBUG	[2020-09-07 19:04:54:168] <8431> tid:StdpayCARDmajorgol0320200907190412366092
DEBUG	[2020-09-07 19:04:54:168] <8431> cancelmsg:주문자 본인 취소-구매의사 없음
INFO	[2020-09-07 19:04:54:168] <8431> Check Field OK
INFO	[2020-09-07 19:04:54:168] <8431> PI PUB KEY LOAD OK []
INFO	[2020-09-07 19:04:54:168] <8431> PG PUB KEY LOAD OK [30]
INFO	[2020-09-07 19:04:54:168] <8431> MERCHANT PRIV KEY LOAD OK
INFO	[2020-09-07 19:04:54:168] <8431> MERCHANT PUB KEY LOAD OK [0]
DEBUG	[2020-09-07 19:04:54:174] <8431> MAKE ENCRYPT OK[<?xml version="1.0" encoding="UTF-8"?>
<CancelInfo>
	  <CancelTID>StdpayCARDmajorgol0320200907190412366092</CancelTID>
	  <CancelMsg urlencode="1">%C1%D6%B9%AE%C0%DA+%BA%BB%C0%CE+%C3%EB%BC%D2-%B1%B8%B8%C5%C0%C7%BB%E7+%BE%F8%C0%BD</CancelMsg>
	  <CancelReason/></CancelInfo>]
INFO	[2020-09-07 19:04:54:174] <8431> MAKE BODY OK
INFO	[2020-09-07 19:04:54:174] <8431> SIGN OK
INFO	[2020-09-07 19:04:54:174] <8431> MAKE HEAD OK
INFO	[2020-09-07 19:04:54:174] <8431> MSG_TO_PG:[0099400175D SHA1                   0                                      300420majorgol03                    StdpayCARDmajorgol0320200907190412366092<?xml version="1.0" encoding="UTF-8"?>
<INIpay>
	  <CancelInfo>
	    <SessionKey>j1Dn1t/nS7ZggMk0VYxiUpinVZG3kfzrpoSkvYmGyAozfuXV8pn088kmKfFI9ytA
ThAZwUMBkvZJHngiOZZ1jPDLfYnNBFnEVK89s457Rbq19QMt6aLIqN/dwDqMns4Z
8J8bJB5vxTMein8WG7LIaKyVYyLUs0GVo4vEMSgf6sV2BMnXDnqJcA==
</SessionKey>
	    <Encrypted>kDDHFSYuDr3Z7T6i4oVmwjC/9bSP49sN899VWCXPCiGJjo7hoMcu/RcnKmsMdrKq
6AkJTxRShCRo7xpFMVn0vZjek1JP7+WH25mMPztq5rD7xvBVzFBJhF3D8vHn9hsA
36xkoLjVL/O9xHHafET1ofwKPuYunmyobLe6veZc0vNme0L2Y8GlBwULsXZeuYM4
K54H2P5S6Ptp9yfrhS3iqTlbokWowpUiAqj9FQ9ejsigc0gYoUguxdesvdvDv4bN
wMn3OTUOWB7wgtt2bzAiwIdaIuOPubF7waLSzd2ybJ/kTTj/qCcgnrb1OYAB4XZj
lln1nl7mUSOHYQ8N13K5b8KCx4GxM4qNwYm7+E0p30g9Ic8jo7zz7w==
</Encrypted></CancelInfo>
	  <ReservedInfo>
	    <MReserved1/>
	    <MReserved2/>
	    <MReserved3/></ReservedInfo>
	  <ManageInfo>
	    <Language/>
	    <URL/>
	    <TXVersion>5036B141209canceLinux     PHPchkfake   2.6.32-754.11.1.el6.x86_64PHP:</TXVersion>
	    <TXUserID/>
	    <TXRegNum/></ManageInfo></INIpay>AIQ73ieRbZoeoo6HdKhZHsImt967ioUG9AMWeXCAqHLVldbu55Hf3urzehZ8cEYw
jm+btUv18tkHh+8gdMrMghbPE8dyKMgMd38DtJN06u76PjOpoPQzigIq1rfXm+GT
QKA+ue7t/cdD0Jes1mxUcAbFyulWSAyEsKPtfMyLVlLE
]
INFO	[2020-09-07 19:04:54:175] <8431> DNS LOOKUP OK(203.238.37.3:203.238.37.3:34049) laptime:0
INFO	[2020-09-07 19:04:54:177] <8431> SOCKET CONNECT OK
INFO	[2020-09-07 19:04:54:177] <8431> SEND OK
INFO	[2020-09-07 19:04:55:99] <8431> RECV OK
INFO	[2020-09-07 19:04:55:99] <8431> MSG_FROM_PG:[0115800175D SHA1                   0                                      300430majorgol03                    StdpayCARDmajorgol0320200907190412366092<?xml version="1.0" encoding="UTF-8"?>
<INIpay>
  <CancelInfo>
    <ResultCode>120000</ResultCode>
    <ResultMsg urlencode="1">%C1%A4%BB%F3%C3%B3%B8%AE%B5%C7%BE%FA%BD%C0%B4%CF%B4%D9.</ResultMsg>
    <SessionKey>APEbJdR1+kOkVuBaP/RVUsWICpBq2vxFwaijI5P4/0LKStaZXwodM0pqV3B1viji
4LYOQefYQhwbruTmiY9yDF0jPCNq7rzUuBHsy4uvftNKjAqgEB9v4EiqaanWN8g/
x+/wEkF72Ov3hIDt9HtDvOMB9VXO6TdE+LzMECBxMgkYqIedsHDgUI0=
</SessionKey>
    <Encrypted>2sA/lJ0Gm91RK5kefUh+ckSmrXUTLgiCfBV4Py/aVTWfq9JEZyDOVOeU+PF88o9K
Mhke7ZptT2J8FA67duXRz0g8VzbGsrYYskwYqk35PzVrGiq1oaQRrhQhgub9OsqM
rNVeZulQXPABk//HV1RzmbIYjRiJvUm5ZMUXDa5vAaNAQJ3Qq6GhIx/tXxW6smJQ
Fz658QDnACqCGjyXyAbDyLmXoyslOmJOzQutxmR161rWyZ0ehH27PQ0OqMiK4cIB
8YkM7Cm0e6h9c/JiNeP4VNKhxbLijWXsUkFGIXQNVba4KCpF1I66wg8QSUhVlYXO
AV7VuTNBVXPi79PVz1w/bLF4ykyVuQyM9Fj067vnasc=
</Encrypted>
  </CancelInfo>
  <ManageInfo/>
  <ReservedInfo>
    <MReserved1 urlencode="1"></MReserved1>
    <MReserved2 urlencode="1"></MReserved2>
    <MReserved3 urlencode="1"></MReserved3>
    <PGReserved1 urlencode="1"></PGReserved1>
    <PGReserved2 urlencode="1"></PGReserved2>
    <PGReserved3 urlencode="1"></PGReserved3>
  </ReservedInfo>
</INIpay>
sCg9icwBUG12HUrkzBczaH6271Nm7L4A6hh3NA9kvqjr4TLCDKd/zGNj+0KaINqb
4AvGJOzlBTSyTNAGhF6uGILgQ2IVuJ5cqGdhQgOlN3uLyf6rbNz5ltH7tNXzIqwU
GWNrwTzhsGpaKObSzPChhJ6XzPlQUaLvatQZNenoeHM=
]
INFO	[2020-09-07 19:04:55:99] <8431> VERIFY OK
INFO	[2020-09-07 19:04:55:99] <8431> PARSE HEAD OK
INFO	[2020-09-07 19:04:55:100] <8431> PARSE BODY OK
INFO	[2020-09-07 19:04:55:100] <8431> DECRYPT OK
DEBUG	[2020-09-07 19:04:55:100] <8431> DECRYPT MSG:[<?xml version="1.0" encoding="UTF-8"?>
<CancelInfo>
  <CancelDate>20200907</CancelDate>
  <CancelTime>190455</CancelTime>
  <ResultCode>120000</ResultCode>
  <ResultMsg urlencode="1">%C1%A4%BB%F3%C3%B3%B8%AE%B5%C7%BE%FA%BD%C0%B4%CF%B4%D9.</ResultMsg>
</CancelInfo>]
INFO	[2020-09-07 19:04:55:101] <8431> DECRYPT PARSE OK
INFO	[2020-09-07 19:04:55:101] <8431> END cancel 정상처리되었습니다. Laptime:[0.933sec]
INFO	[2020-09-07 19:04:55:101] <8431> ===============================================================
INFO	[2020-09-07 22:21:49:990] <11020> START INIPHP cancel (V5036-141209)(OS:Linux2.6.32-754.11.1.el6.x86_64,PHP:5.3.3)
DEBUG	[2020-09-07 22:21:49:990] <11020> inipayhome:/home/killdeal/public_html/shop/inicis
DEBUG	[2020-09-07 22:21:49:990] <11020> debug:false
DEBUG	[2020-09-07 22:21:49:990] <11020> type:cancel
DEBUG	[2020-09-07 22:21:49:990] <11020> mid:majorgol03
DEBUG	[2020-09-07 22:21:49:990] <11020> admin:1111
DEBUG	[2020-09-07 22:21:49:990] <11020> tid:StdpayVBNKmajorgol0320200907221926864763
DEBUG	[2020-09-07 22:21:49:990] <11020> cancelmsg:주문자 본인 취소-구매의사 없음
INFO	[2020-09-07 22:21:49:991] <11020> Check Field OK
INFO	[2020-09-07 22:21:49:991] <11020> PI PUB KEY LOAD OK []
INFO	[2020-09-07 22:21:49:991] <11020> PG PUB KEY LOAD OK [30]
INFO	[2020-09-07 22:21:49:991] <11020> MERCHANT PRIV KEY LOAD OK
INFO	[2020-09-07 22:21:49:991] <11020> MERCHANT PUB KEY LOAD OK [0]
DEBUG	[2020-09-07 22:21:49:991] <11020> MAKE ENCRYPT OK[<?xml version="1.0" encoding="UTF-8"?>
<CancelInfo>
	  <CancelTID>StdpayVBNKmajorgol0320200907221926864763</CancelTID>
	  <CancelMsg urlencode="1">%C1%D6%B9%AE%C0%DA+%BA%BB%C0%CE+%C3%EB%BC%D2-%B1%B8%B8%C5%C0%C7%BB%E7+%BE%F8%C0%BD</CancelMsg>
	  <CancelReason/></CancelInfo>]
INFO	[2020-09-07 22:21:49:992] <11020> MAKE BODY OK
INFO	[2020-09-07 22:21:49:992] <11020> SIGN OK
INFO	[2020-09-07 22:21:49:992] <11020> MAKE HEAD OK
INFO	[2020-09-07 22:21:49:992] <11020> MSG_TO_PG:[0099400175D SHA1                   0                                      300420majorgol03                    StdpayVBNKmajorgol0320200907221926864763<?xml version="1.0" encoding="UTF-8"?>
<INIpay>
	  <CancelInfo>
	    <SessionKey>0jpfz6Y8q1m2euvsX8uAYdKsVE+6tldGroZmgEuQ9xFVcTwirwQlWOjKVhA6bn2v
9G62pv/uGIYjCsUDe/hnsHZopA+rcAMCRE5Oqdpz9duZSf15zE5BEI87kd1O+a8P
oZfk9gT5CnO85VZbWsRUs+6Xrcuqbl0RI/rZeciYH/PC9jWarS3pgg==
</SessionKey>
	    <Encrypted>8lUhd1fea54MqFIQhLjHBk4gLcDOKQZSlbzZQ3S0bnRljrUMci0PV6Qzitvu9Dyt
MtPjH0bSRXwkfw+Vrm3ehjtfGw6E5D7kgUXnnwGGVww1Aj1RPnN3nHt473kIRvDz
NpCGNTs+NMrSHMsIqMa8RkOFZg127T+PnNy+/y9zWJ65S1cbok3zWtKLr0sIdC9i
PA7Yp+jW7/6zu/uX5W1bTi5hIz6Mz8lsWF8T7jl/6O5iwlOeXrwzfaI+4NoL6SJZ
7NZ8CUrBTIr9z/nccTxwfEubNtirHZctDtQRxYBOFAhqRdqQjsb1QgZ1mn9oNwNm
ByTFMGgr+nyteR9zxybHgQzORA6kJzgcP31GiATFEFJAQ0a1jyhBLQ==
</Encrypted></CancelInfo>
	  <ReservedInfo>
	    <MReserved1/>
	    <MReserved2/>
	    <MReserved3/></ReservedInfo>
	  <ManageInfo>
	    <Language/>
	    <URL/>
	    <TXVersion>5036B141209canceLinux     PHPchkfake   2.6.32-754.11.1.el6.x86_64PHP:</TXVersion>
	    <TXUserID/>
	    <TXRegNum/></ManageInfo></INIpay>AQupNX/0LNIFY9lsht9rzVgMXcjw4174ga7S9oTHC8C+obBnCKlK26Y9S/tlgyiP
B9jqmBkihNh5QcpjJcjl0YZbaHkmzP1AcDCEdma0NsLlYTnm16A7WnSwwJkyIsfe
1tGHThz0nMJNpc3fE8X8jX1WZXTUw7jAgf9rn8N991YC
]
INFO	[2020-09-07 22:21:49:992] <11020> DNS LOOKUP OK(203.238.37.3:203.238.37.3:34049) laptime:0
INFO	[2020-09-07 22:21:49:994] <11020> SOCKET CONNECT OK
INFO	[2020-09-07 22:21:49:994] <11020> SEND OK
INFO	[2020-09-07 22:21:50:164] <11020> RECV OK
INFO	[2020-09-07 22:21:50:164] <11020> MSG_FROM_PG:[0159300175D SHA1                   0                                      300430majorgol03                    StdpayVBNKmajorgol0320200907221926864763<?xml version="1.0" encoding="UTF-8"?>
<INIpay>
  <CancelInfo>
    <ResultCode>170000</ResultCode>
    <ResultMsg urlencode="1">%C1%A4%BB%F3%C3%B3%B8%AE%B5%C7%BE%FA%BD%C0%B4%CF%B4%D9.</ResultMsg>
    <SessionKey>AN/pSLVhmV15s1aoORxNRLfRFYPtZwkrc9jpWxOA1v8xIFsRNy7+fbI74WdHs7Wi
bnyjKFmOcwu0U3xwPY/NIiqWhUFQsk82RS54xbBOQt/+PVG2AiAirXD2WUhZq9f/
KqBBhekbb6BAbLoFD6+RiX1LPEmcm926UpU4dNAaGoqk/oQK5s224DY=
</SessionKey>
    <Encrypted>yulRqJu4wdaB7gAQEacgIcoprVEGAosd063gHx1yRzCNeR472FG/H8guKtGZEyCE
nOC3AgsRDk/otWFziML+FJ42ZvEm/ksfH7pS4hR0hsCcUYTTqfzyuw4A3DgWt+iG
Uv9mfUF8pwUgI8cJF7dkYpK1uDS+OYkFHDFdrOcrIyQ9RoPL/8XwOzFuQIGpPa4c
IyJW5qmvbdK6vfFhEZQyJ93v3Ef1TL9Xq2y8kzXmSWTLKG7XmyygKJ/cH9y9ZVe2
GLqQnDukcb1OGgcuUXdPBAjqu+YUVllAMWQLYna/lgC+rGLd6VSoq0eeS3kxp26T
DpVWzFq6kvQVxSyhq7KIeHNop+vW+IrGsLffQnm0Ts2yCmWmvxHlRj3/KNGWlC+a
H1gurejSgtYJRZFy7Ssh4ezPPtO0tyRoTrxcb+63ygKdkeDL1W8+yPP7y7c2JuSr
SfzC0CPr3GNOlTs7BFxnHCh2KdyMsyoOlwFXUmCcNHNlY6g9DLku31YbgNWOZ3O3
KepMMNl+b4PUZ6DsnH9ImEFQ7d/s0nuzhMSodMSD4IjuVXUwYIedgN0tTK8d9/1s
Zu1svWmqoQwCso+eceY65UlQG3YMQaQiIn3LVFuxwWrcsdH0wx7f6Fvu/oqt5HUG
1Yg1VjrSCEKOS3KdUHPPc9s064dlCnfWZZH9r9bnvrg/qzslFTqyA7nYKTZdIDwn
pRdKSs+OURP26ayRtyP8uIUOtq88dkXwkwOQpkCFytH9iDRBmMEg1mFve/j7tfCp
3KaQnDPsGzpB9iKGBGEhAw==
</Encrypted>
  </CancelInfo>
  <ManageInfo/>
  <ReservedInfo>
    <MReserved1 urlencode="1"></MReserved1>
    <MReserved2 urlencode="1"></MReserved2>
    <MReserved3 urlencode="1"></MReserved3>
    <PGReserved1 urlencode="1"></PGReserved1>
    <PGReserved2 urlencode="1"></PGReserved2>
    <PGReserved3 urlencode="1"></PGReserved3>
  </ReservedInfo>
</INIpay>
giKYT2BR7j5STB/LdGfAi485ZzE2zccOvIN/9SlwZbOB0BQ3JNOvPWKEC2YFWjQQ
ePGbQC7o2ye6j1IqLgzpEKiUa+giQdm8vKb+JMqBDJqS54eht9+REwof0KFrNRnj
z9UFD65VDTRFvk4ILpJ+BLjwUOslKqirlx1EgLxT4I4=
]
INFO	[2020-09-07 22:21:50:164] <11020> VERIFY OK
INFO	[2020-09-07 22:21:50:164] <11020> PARSE HEAD OK
INFO	[2020-09-07 22:21:50:164] <11020> PARSE BODY OK
INFO	[2020-09-07 22:21:50:165] <11020> DECRYPT OK
DEBUG	[2020-09-07 22:21:50:165] <11020> DECRYPT MSG:[<?xml version="1.0" encoding="UTF-8"?>
<CancelInfo>
  <CancelDate>20200907</CancelDate>
  <CancelTime>222150</CancelTime>
  <ResultCode>170000</ResultCode>
  <ResultMsg urlencode="1">%C1%A4%BB%F3%C3%B3%B8%AE%B5%C7%BE%FA%BD%C0%B4%CF%B4%D9.</ResultMsg>
  <CSHR_CancelNum></CSHR_CancelNum>
  <CSHR_CancelDate>20200907</CSHR_CancelDate>
  <CSHR_CancelTime>222150</CSHR_CancelTime>
  <CSHR_ResultCode>220000</CSHR_ResultCode>
  <CSHR_ResultMsg urlencode="1">%C1%A4%BB%F3%C3%B3%B8%AE%B5%C7%BE%FA%BD%C0%B4%CF%B4%D9.</CSHR_ResultMsg>
  <VACT_FlgRemit urlencode="1"></VACT_FlgRemit>
</CancelInfo>]
INFO	[2020-09-07 22:21:50:165] <11020> DECRYPT PARSE OK
INFO	[2020-09-07 22:21:50:166] <11020> END cancel 정상처리되었습니다. Laptime:[0.175sec]
INFO	[2020-09-07 22:21:50:166] <11020> ===============================================================
