INFO	[2021-08-18 16:56:01:206] <23421> START INIPHP cancel (V5036-141209)(OS:Linux2.6.32-754.11.1.el6.x86_64,PHP:5.3.3)
DEBUG	[2021-08-18 16:56:01:206] <23421> inipayhome:/home1/killdeal/public_html/shop/inicis
DEBUG	[2021-08-18 16:56:01:206] <23421> debug:false
DEBUG	[2021-08-18 16:56:01:206] <23421> type:cancel
DEBUG	[2021-08-18 16:56:01:206] <23421> mid:fourseason
DEBUG	[2021-08-18 16:56:01:206] <23421> admin:1111
DEBUG	[2021-08-18 16:56:01:206] <23421> tid:StdpayISP_fourseason20210818151646013402
DEBUG	[2021-08-18 16:56:01:206] <23421> cancelmsg:주문자 본인 취소-상품옵션 선택 잘못함
INFO	[2021-08-18 16:56:01:206] <23421> Check Field OK
INFO	[2021-08-18 16:56:01:206] <23421> PI PUB KEY LOAD OK []
INFO	[2021-08-18 16:56:01:206] <23421> PG PUB KEY LOAD OK [30]
INFO	[2021-08-18 16:56:01:206] <23421> MERCHANT PRIV KEY LOAD OK
INFO	[2021-08-18 16:56:01:207] <23421> MERCHANT PUB KEY LOAD OK [0]
DEBUG	[2021-08-18 16:56:01:207] <23421> MAKE ENCRYPT OK[<?xml version="1.0" encoding="UTF-8"?>
<CancelInfo>
	  <CancelTID>StdpayISP_fourseason20210818151646013402</CancelTID>
	  <CancelMsg urlencode="1">%C1%D6%B9%AE%C0%DA+%BA%BB%C0%CE+%C3%EB%BC%D2-%BB%F3%C7%B0%BF%C9%BC%C7+%BC%B1%C5%C3+%C0%DF%B8%F8%C7%D4</CancelMsg>
	  <CancelReason/></CancelInfo>]
INFO	[2021-08-18 16:56:01:207] <23421> MAKE BODY OK
INFO	[2021-08-18 16:56:01:208] <23421> SIGN OK
INFO	[2021-08-18 16:56:01:208] <23421> MAKE HEAD OK
INFO	[2021-08-18 16:56:01:208] <23421> MSG_TO_PG:[0101500175D SHA1                   0                                      300420fourseason                    StdpayISP_fourseason20210818151646013402<?xml version="1.0" encoding="UTF-8"?>
<INIpay>
	  <CancelInfo>
	    <SessionKey>qEGre2aMODRZAkIQofgaMX8AfOEfP4TmMAYLQWstchOji5tv99m6rS5lHgsI2YOq
aJ5Sjvgyk+ltEbKZZiNqdG2kUy5YPasIuw0K2vD8tW5d3BCZcjqM03erJePyy2Fu
lQl3Vpmxt/8asgZeqHlPrmMOZlnr2ist8OvsGOJS6vFBel9BrYBzIA==
</SessionKey>
	    <Encrypted>n/aplygTIjNwMvlywxbwSaHpvbQV8vb2lBg4KM+BNJnwE4i4WenuPryX91fotgR0
G/AzQirvWPGo0B/SmkCFBQ9CkD5Ih423Bh8wktS7CBhXCxdaTO02RRI/9urkV5hL
KPE7jjxb3R/c05OdiKTzzLtsp1x0E++ZwO0i/1pAtro9/hLiZ7WLofk8c4XABbcW
CSmSJ66Q8lW3xChjavKpBNN8N2DnhlQrUMkAT3TMh93LZoy7dFSAvzV7UqBRHha2
0+U9CU/QuY8AudVBvjxuPHSlzskRWMgYf6LtuA6LVMlxxjEW+PBQ/W6hV5H/6VeD
o0ctet7Pm7UMCRDvmlSzax4bfDbi0y75C0hiAhYzh8UBF3pHJTi6VaM5Uk5PwrQI
2i3aib87W8g=
</Encrypted></CancelInfo>
	  <ReservedInfo>
	    <MReserved1/>
	    <MReserved2/>
	    <MReserved3/></ReservedInfo>
	  <ManageInfo>
	    <Language/>
	    <URL/>
	    <TXVersion>5036B141209canceLinux     PHPchkfake   2.6.32-754.11.1.el6.x86_64PHP:</TXVersion>
	    <TXUserID/>
	    <TXRegNum/></ManageInfo></INIpay>ANGgE+ugxNXZdFLa4mXn/cnqEUfOyG01ZeI7kTKeWEu9E7+p9wQlO912G3Lzqu9q
sEV/0Sf/zn1mPSAkf7XssSq8GOooJ0mBEbA8qOdBUFxSKZcITknvAiIyQtsvWkAG
y7wmo2dJW38i7+pSUXdxQUz9xF9ChkBu+eCWk7K+BeSx
]
INFO	[2021-08-18 16:56:01:208] <23421> DNS LOOKUP OK(203.238.37.3:203.238.37.3:34049) laptime:0
INFO	[2021-08-18 16:56:01:211] <23421> SOCKET CONNECT OK
INFO	[2021-08-18 16:56:01:211] <23421> SEND OK
INFO	[2021-08-18 16:56:02:92] <23421> RECV OK
INFO	[2021-08-18 16:56:02:92] <23421> MSG_FROM_PG:[0086100175D SHA1                   0                                      300430fourseason                    StdpayISP_fourseason20210818151646013402<?xml version="1.0" encoding="UTF-8"?><INIpay>
<CancelInfo>
<ResultCode>170000</ResultCode>
<ResultMsg urlencode="1">%C1%A4%BB%F3%BF%CF%B7%E1</ResultMsg>
<SessionKey>ABr7kJN0jr8JPAIFOZNOgzNq4SXNYYCW1G0d74ja+Fr4wUZtk96UsnWNSuSbGVgR
9VDvK/1qOE99s07kD9HaNLO76EArptzCrlNLJQBHuORiV2JsS+KKmR0tRGoQtIJ/
HPwo9VdDVOG4a76pbWdKPGI3EPQvG74VX0tYT/JNtIA8FpYq6GwtrzQ=
</SessionKey>
<Encrypted>tt8XhmyjVIWMvF+FK8DWOC8gBW958G3R0ajTmh1SDKCvOpCi0k6VubsZtSU0iA9n
BUx24mQVzWaxJYIE8uKXaR+djLraGrftJ8DjzzCIUBEZ+XB82AK+ybnoJ9+4fCOg
RhQaHhyWkAJbjpSntUriNG5/2Ikcw+PhZCWx0EIAdIjRPdnzFxGg40jjxCveZSZG
cE3EQU+c/jRI/Gv0m5uKF1VvjgttzX6nWeuyRNEBUK3tKxdUjrGfQTdpV0pzccGM
t0+56Ct4cqULSNME5U857W3Y3ULAaVxjONaIFZLEe2y0SOZC1zwiNg==
</Encrypted>
</CancelInfo>
<ManageInfo/>
<ReservedInfo>
<MReserved1 urlencode="1"/>
<MReserved2 urlencode="1"/>
<MReserved3 urlencode="1"/>
</ReservedInfo>
</INIpay>
tXVZuzv+1IJjaQcJFrs6aSmOB8yoisMXp0AbugQaQ4z/+7V5kmdSXwacYEhVr//4
OweO1BPgT2sFoHnQu8N4QDsalfMlY2iyKxj5ur6R/BsG/giDgmLeHfVwb/QCY4jJ
k//NNxqMrfzLQqPGWqpCs2kWCMWRGx/z4NjFOIsQYFk=
]
INFO	[2021-08-18 16:56:02:92] <23421> VERIFY OK
INFO	[2021-08-18 16:56:02:93] <23421> PARSE HEAD OK
INFO	[2021-08-18 16:56:02:93] <23421> PARSE BODY OK
INFO	[2021-08-18 16:56:02:93] <23421> DECRYPT OK
DEBUG	[2021-08-18 16:56:02:93] <23421> DECRYPT MSG:[<?xml version="1.0" encoding="UTF-8"?><CancelInfo>
<CancelDate>20210818</CancelDate>
<CancelTime>165602</CancelTime>
<ResultCode>170000</ResultCode>
<ResultMsg urlencode="1">%C1%A4%BB%F3%BF%CF%B7%E1</ResultMsg>
</CancelInfo>]
INFO	[2021-08-18 16:56:02:94] <23421> DECRYPT PARSE OK
INFO	[2021-08-18 16:56:02:94] <23421> END cancel 정상완료 Laptime:[0.888sec]
INFO	[2021-08-18 16:56:02:94] <23421> ===============================================================
