INFO	[2021-10-18 11:54:35:67] <13739> START INIPHP receipt (V5036-141209)(OS:Linux2.6.32-754.11.1.el6.x86_64,PHP:5.3.3)
DEBUG	[2021-10-18 11:54:35:67] <13739> inipayhome:/home1/killdeal/public_html/shop/inicis
DEBUG	[2021-10-18 11:54:35:67] <13739> debug:false
DEBUG	[2021-10-18 11:54:35:67] <13739> type:receipt
DEBUG	[2021-10-18 11:54:35:67] <13739> pgid:INIphpRECP
DEBUG	[2021-10-18 11:54:35:67] <13739> paymethod:CASH
DEBUG	[2021-10-18 11:54:35:67] <13739> currency:WON
DEBUG	[2021-10-18 11:54:35:67] <13739> admin:1111
DEBUG	[2021-10-18 11:54:35:67] <13739> mid:fourseason
DEBUG	[2021-10-18 11:54:35:67] <13739> goodname:핫딜히로마쓰모토아라시투어남성유틸리티
DEBUG	[2021-10-18 11:54:35:67] <13739> cr_price:129000
DEBUG	[2021-10-18 11:54:35:67] <13739> sup_price:117273
DEBUG	[2021-10-18 11:54:35:67] <13739> tax:11727
DEBUG	[2021-10-18 11:54:35:67] <13739> srvc_price:0
DEBUG	[2021-10-18 11:54:35:67] <13739> buyername:안미정
DEBUG	[2021-10-18 11:54:35:67] <13739> buyeremail:anmaya@hanmail.net
DEBUG	[2021-10-18 11:54:35:67] <13739> buyertel:01065682706
DEBUG	[2021-10-18 11:54:35:67] <13739> reg_num:01065682706
DEBUG	[2021-10-18 11:54:35:67] <13739> useopt:0
DEBUG	[2021-10-18 11:54:35:67] <13739> companynumber:
INFO	[2021-10-18 11:54:35:67] <13739> Check Field OK
INFO	[2021-10-18 11:54:35:67] <13739> Make TID OK INIphpRECPfourseason20211018115435674090
INFO	[2021-10-18 11:54:35:67] <13739> PI PUB KEY LOAD OK []
INFO	[2021-10-18 11:54:35:68] <13739> PG PUB KEY LOAD OK [30]
INFO	[2021-10-18 11:54:35:68] <13739> MERCHANT PRIV KEY LOAD OK
INFO	[2021-10-18 11:54:35:68] <13739> MERCHANT PUB KEY LOAD OK [0]
DEBUG	[2021-10-18 11:54:35:69] <13739> MAKE ENCRYPT OK[<?xml version="1.0" encoding="UTF-8"?>
<PaymentInfo>
	  <Payment>
	    <CASH>
	      <CSHR_ApplPrice>129000</CSHR_ApplPrice>
	      <CSHR_SupplyPrice>117273</CSHR_SupplyPrice>
	      <CSHR_Tax>11727</CSHR_Tax>
	      <CSHR_ServicePrice/>
	      <CSHR_Type>0</CSHR_Type>
	      <CSHR_RegNum>01065682706</CSHR_RegNum>
	      <CSHR_CompanyNum/></CASH></Payment></PaymentInfo>]
INFO	[2021-10-18 11:54:35:69] <13739> MAKE BODY OK
INFO	[2021-10-18 11:54:35:70] <13739> SIGN OK
INFO	[2021-10-18 11:54:35:70] <13739> MAKE HEAD OK
INFO	[2021-10-18 11:54:35:70] <13739> MSG_TO_PG:[0195100175D SHA1                   0                                      300200fourseason              129000INIphpRECPfourseason20211018115435674090<?xml version="1.0" encoding="UTF-8"?>
<INIpay>
	  <GoodsInfo>
	    <GoodsCnt>1</GoodsCnt>
	    <MOID/>
	    <Currency>WON</Currency>
	    <Tax>11727</Tax>
	    <TaxFree/>
	    <Goods>
	      <SMID>fourseason</SMID>
	      <GoodsName urlencode="1">%C7%D6%B5%F4%C8%F7%B7%CE%B8%B6%BE%B2%B8%F0%C5%E4%BE%C6%B6%F3%BD%C3%C5%F5%BE%EE%B3%B2%BC%BA%C0%AF%C6%BF%B8%AE%C6%BC</GoodsName>
	      <GoodsPrice>129000</GoodsPrice></Goods></GoodsInfo>
	  <BuyerInfo>
	    <BuyerName urlencode="1">%BE%C8%B9%CC%C1%A4</BuyerName>
	    <BuyerTel>01065682706</BuyerTel>
	    <BuyerEmail urlencode="1">anmaya%40hanmail.net</BuyerEmail>
	    <ParentEmail/>
	    <RecvName/>
	    <RecvTel/>
	    <RecvMsg/>
	    <RecvAddr/>
	    <RecvPostNum/></BuyerInfo>
	  <PaymentInfo>
	    <Payment>
	      <PayMethod>CASH</PayMethod>
	      <JoinCard/>
	      <JoinExpire/>
	      <MailOrder/>
	      <SessionKey>hELGR+FZh8+e8oVRCfCKabF32VKJsZP3BVdX2TS5mB2OdZ3X11LGmnmY3JwxRwxT
t4U9bjz0VZ1FSJCb53IaQuBGO7ONw2t4J1z5XUVw4eDITddVRsLsfBXorgx/VcEW
Olz3OduwwtSB1IIsQMw97/pUEEnw0Sisasds67qVuj3WDWKtJnzLOA==
</SessionKey>
	      <Encrypted>6wpO52mvSserQCnyDBIP/FoB2RSz2BESzS8xLuZfawYlO3d0ucv2IXa6fGXRzoP5
1TaD2Wyqv4QTAm089/hJgQErbGhpd1IEYjJrgTEcA2g9covhKLl7lG6YmLgg760t
tM9/EBv1EytfBI5a6y6XACwU7t/xB09dBxrOZLpNMJoU2LmH+tDWnEYuvZ8wx0gs
DPJueVqmX8LRTQNaX+DjQfwVTSj2yzmI8xs9jmsDMP9pmUoj+NzOqoYIR0EHjEez
556sUlkSkA2vyH2Io8x51eCKKD7U4th3Tobef+jmDXfE6uj4nc688jSJHhj3QAeU
SX8wNzfuw55IvOktZOBjcWqNO57UHahA+tPgXoAHWRTJwOcIoASshd7dfpA3aySS
UOZ0PWZmxWxZT/8T4+cCovWyighHWUYCyRcrjxjO74Y9zro0Fxwrv8e3KaePjt2R
1yA/D6+ljs9d0hjIzGmy1+FhxArX8MvAIpk3ZFUfnRkciKC3Hc3AlQ==
</Encrypted></Payment></PaymentInfo>
	  <ReservedInfo>
	    <MReserved1/>
	    <MReserved2/>
	    <MReserved3/></ReservedInfo>
	  <ManageInfo>
	    <Language/>
	    <URL/>
	    <TXVersion>5036B141209receiLinux     PHPchkfake   2.6.32-754.11.1.el6.x86_64PHP:</TXVersion>
	    <TXUserID/>
	    <TXRegNum/>
	    <Ack>1</Ack></ManageInfo></INIpay>AF5pIVuOvNOba6fr0EH69dmlRMSCY2sd+bIMtVUkveDUBNB7Jmak64gbSR3nhYm4
BY7WPhMd25RlDPdBBRw9j/kSRGpTduh1rNHcRQoCU6W0YpX0Zr5lKzsBGcYXoZsV
Qr0qyudY24dF9SdWSEcukD8NgYn147C8ZJ4d6KgrFe9p
]
INFO	[2021-10-18 11:54:35:70] <13739> DNS LOOKUP OK(203.238.37.3:203.238.37.3:34049) laptime:0
INFO	[2021-10-18 11:54:35:73] <13739> SOCKET CONNECT OK
INFO	[2021-10-18 11:54:35:73] <13739> SEND OK
INFO	[2021-10-18 11:54:35:172] <13739> RECV OK
INFO	[2021-10-18 11:54:35:172] <13739> MSG_FROM_PG:[0169300175D SHA1                   0                                      300210fourseason              129000INIphpRECPfourseason20211018115435674090<?xml version="1.0" encoding="UTF-8"?><INIpay>
<GoodsInfo>
<GoodsCnt>1</GoodsCnt>
<MOID urlencode="1"/>
<Currency>WON</Currency>
<Goods no="1">
<SMID>fourseason</SMID>
<GoodsName urlencode="1">%C7%D6%B5%F4%C8%F7%B7%CE%B8%B6%BE%B2%B8%F0%C5%E4%BE%C6%B6%F3%BD%C3%C5%F5%BE%EE%B3%B2%BC%BA%C0%AF%C6%BF%B8%AE%C6%BC</GoodsName>
<GoodsCntS>1</GoodsCntS>
<GoodsPrice>129000</GoodsPrice>
</Goods>
</GoodsInfo>
<PaymentInfo>
<Payment>
<SessionKey>AGFJQ8ptCSfffOzQJS4ac14YIZIdeYxSO+OV+DKEkN0VVp/FI5V2IXABohn25XCg
Esr2KtYaXwBNNmC/lMCYcioavxShUsWmKQvnNn01mv5jF6cHYOgTL1XVo4aOHanK
KE3yfLXvS5j73lN5JEoRr+A0bHPQ25VxOn/KYSkt1PfDVmpyWGOt+7o=
</SessionKey>
<Encrypted>RdZjkhGD6u+2wcaiIF6aJldjunYxg9W2medyOPTao1BRkK5Ls+p8mhRe+j4hSSl+
WMBtd7ibI9/hBifISvRSbGQua6VRV6LESq3xo3pbANvEC627ncAwKFzh000ZUWSH
qZ+ADzwzCU8l33jr574nwr425xK0GDCFG9JD+qEqZ5cCbg3PCNkjCrHHaQIRFnBx
75RHEM7SBE2Vf0PAj1ymlRE6QFKVfj1zcOF8Jue/+M7lt4aj1zlKtuGScZJRN9e5
/LsYl9OLI/Ca8VihQUDVk24C32rIb3G9Oy2umLoHREqsp72kq86iuepnSoPRWpAW
RKq3hMBGFG5qFmUFmCC3vTJwSJ4o1qVByHh00eUXFwid2pxGYbd8SZFoAosvi4/D
FwAWe89vvMtTocAr5Ztod7txZXA+IVlHDwjeG2asdLfHjW2hujC0sOTn8rgHUkl8
pLKmBx7xyfqgvS764icG4lO3l74bNrD3WQdm55rznQxHOMylPzH5sid0iTK5YGYO
+mhRp3sDrqfGx1csPzhkwT0eHgnGncp9Nv8rZR1rMruh8YFyQPxJ70n/fpeGzpNs
+MQ1YhwNSWp/EKVgtUhRYD/vm/dlTPUr4NjI4duhJTthj0sIBnpQjXfxMDq8bXhJ
qsWTyhgZzhnijqGw5m0N5CLrwuHMwrLGz/ENm+bwnBl46aMswUOCUy8T8SuE8gTt
</Encrypted>
<PayMethod>CASH</PayMethod>
<ResultCode>220000</ResultCode>
<ResultMsg urlencode="1">%C1%A4%BB%F3%C3%B3%B8%AE%B5%C7%BE%FA%BD%C0%B4%CF%B4%D9.</ResultMsg>
</Payment>
</PaymentInfo>
<ManageInfo/>
<ReservedInfo>
<MReserved1 urlencode="1"/>
<MReserved2 urlencode="1"/>
<MReserved3 urlencode="1"/>
</ReservedInfo>
</INIpay>
GeslMtQq5wmwXUj6t9VCApF264pEnJIvhg/9idWjAUgRW1jluy3+jmmwRQhdremz
3zJijAcUP31NDwKbBSzhvrT39t1pxDf6Nzslgr9VvrjFYztje3vgvQVvMvczVkt9
xzwILAWY/P7Zi5zTw3Q68H/RB0PYMgmsjTpa+JPfqc8=
]
INFO	[2021-10-18 11:54:35:172] <13739> VERIFY OK
INFO	[2021-10-18 11:54:35:172] <13739> PARSE HEAD OK
INFO	[2021-10-18 11:54:35:173] <13739> PARSE BODY OK
INFO	[2021-10-18 11:54:35:173] <13739> DECRYPT OK
DEBUG	[2021-10-18 11:54:35:173] <13739> DECRYPT MSG:[<?xml version="1.0" encoding="UTF-8"?><PaymentInfo>
<Payment>
<CASH>
<CSHR_ApplPrice>129000</CSHR_ApplPrice>
<CSHR_SupplyPrice>117273</CSHR_SupplyPrice>
<CSHR_Tax>11727</CSHR_Tax>
<CSHR_ServicePrice/>
<CSHR_Type>0</CSHR_Type>
<CSHR_ApplDate>20211018</CSHR_ApplDate>
<CSHR_ApplTime>115435</CSHR_ApplTime>
<CSHR_ApplNum>269517554</CSHR_ApplNum>
<CSHR_ResultCode>220000</CSHR_ResultCode>
<CSHR_ResultMsg urlencode="1">%C1%A4%BB%F3%C3%B3%B8%AE%B5%C7%BE%FA%BD%C0%B4%CF%B4%D9.</CSHR_ResultMsg>
</CASH>
</Payment>
</PaymentInfo>]
INFO	[2021-10-18 11:54:35:174] <13739> DECRYPT PARSE OK
INFO	[2021-10-18 11:54:35:174] <13739> WAIT ACK INVOKING
DEBUG	[2021-10-18 11:54:35:174] <13739> MAKE HEAD OK
INFO	[2021-10-18 11:54:35:178] <13739> SUCCESS ACK INVOKING
INFO	[2021-10-18 11:54:35:178] <13739> END receipt 정상처리되었습니다. Laptime:[0.111sec]
INFO	[2021-10-18 11:54:35:178] <13739> ===============================================================
