INFO	[2022-12-08 14:24:39:88] <8342> START INIPHP repay (V5036-141209)(OS:Linux2.6.32-754.11.1.el6.x86_64,PHP:5.3.3)
DEBUG	[2022-12-08 14:24:39:88] <8342> inipayhome:/home1/killdeal/public_html/shop/inicis
DEBUG	[2022-12-08 14:24:39:88] <8342> debug:false
DEBUG	[2022-12-08 14:24:39:88] <8342> type:repay
DEBUG	[2022-12-08 14:24:39:88] <8342> pgid:INIphpRPAY
DEBUG	[2022-12-08 14:24:39:88] <8342> subpgip:203.238.3.10
DEBUG	[2022-12-08 14:24:39:88] <8342> mid:majorgol03
DEBUG	[2022-12-08 14:24:39:88] <8342> admin:1111
DEBUG	[2022-12-08 14:24:39:88] <8342> oldtid:INIMX_CARDmajorgol0320221129230553284905
DEBUG	[2022-12-08 14:24:39:88] <8342> currency:WON
DEBUG	[2022-12-08 14:24:39:88] <8342> price:170600
DEBUG	[2022-12-08 14:24:39:88] <8342> confirm_price:49000
DEBUG	[2022-12-08 14:24:39:88] <8342> buyeremail:pillns@daum.net
DEBUG	[2022-12-08 14:24:39:88] <8342> tax:15509
DEBUG	[2022-12-08 14:24:39:88] <8342> taxfree:0
INFO	[2022-12-08 14:24:39:88] <8342> Check Field OK
INFO	[2022-12-08 14:24:39:88] <8342> Make TID OK INIphpRPAYmajorgol0320221208142439884901
INFO	[2022-12-08 14:24:39:88] <8342> PI PUB KEY LOAD OK []
INFO	[2022-12-08 14:24:39:88] <8342> PG PUB KEY LOAD OK [30]
INFO	[2022-12-08 14:24:39:89] <8342> MERCHANT PRIV KEY LOAD OK
INFO	[2022-12-08 14:24:39:89] <8342> MERCHANT PUB KEY LOAD OK [0]
DEBUG	[2022-12-08 14:24:39:89] <8342> MAKE ENCRYPT OK[<?xml version="1.0" encoding="UTF-8"?>
<PartCancelInfo>
	  <PRTC_TID>INIMX_CARDmajorgol0320221129230553284905</PRTC_TID>
	  <PRTC_Price>170600</PRTC_Price>
	  <PRTC_Remains>49000</PRTC_Remains>
	  <PRTC_Quota/>
	  <PRTC_Interest/>
	  <PRTC_NoAcctFNBC/>
	  <PRTC_NmAcctFNBC/></PartCancelInfo>]
INFO	[2022-12-08 14:24:39:89] <8342> MAKE BODY OK
INFO	[2022-12-08 14:24:39:90] <8342> SIGN OK
INFO	[2022-12-08 14:24:39:90] <8342> MAKE HEAD OK
INFO	[2022-12-08 14:24:39:90] <8342> MSG_TO_PG:[0111800175D SHA1                   0                                      300620majorgol03              170600INIphpRPAYmajorgol0320221208142439884901<?xml version="1.0" encoding="UTF-8"?>
<INIpay>
	  <PartCancelInfo>
	    <SessionKey>FyD7jAmj5wrEHccIkzASU72lNVh6R6yGYq5+1Wot6TbhAlT6DqZ/HZqEdOeCRGzV
hOJat3/lkhNy/S8sGNVmWXcloMBVTQU7IMam8+9iM6+JLt/kBCJ+kr6/H4GjUosC
ND2aDdN3pvoSfdKNqVL77VxuTEWsn8HqffYF+E/5LGR2LZ3mxAs+YQ==
</SessionKey>
	    <Encrypted>TRswoiVQqkMC47HaSEemp4PcsPKh3294M/mGVvDhAkY69GAv6Rz2smJaSbobP7ZL
xpP2W4MpLryT3Mt2MsLaKFrTU9RXEBRtTjHoirEDuF53ocqZbHWZlxIregWGWpu1
ijhzKuwxyfB69VxpfqK299XkuphyEySCFgj9yXWQ49U1yoR8tzqq9rXe0SuRQ9il
JyEPluxPn2e8C7iFRwEBfD7ELuXHjDBOveyMdw0v/UVyypjZPnJq8zwxKcyE3ZIG
HLjRFkiJzrnTkKXmjUiK7jeFANn1g+wnLbOUP3QA3OUxTTt3w8UcxE5tHfsYx3CN
zlKCoSu1cS4aw9ja6EaKuhmOB0MGZTEdgKip5eG9OXvJ4sqQNg9h9FRhOyscBHpB
zP73QVXUTgQ=
</Encrypted></PartCancelInfo>
	  <GoodsInfo>
	    <Tax>15509</Tax>
	    <TaxFree/>
	    <Currency>WON</Currency></GoodsInfo>
	  <ReservedInfo>
	    <MReserved1/>
	    <MReserved2/>
	    <MReserved3/></ReservedInfo>
	  <ManageInfo>
	    <Language/>
	    <URL/>
	    <TXVersion>5036B141209repayLinux     PHPchkfake   2.6.32-754.11.1.el6.x86_64PHP:</TXVersion>
	    <TXUserID/>
	    <TXRegNum/></ManageInfo></INIpay>ACkHrbutHtA57ZmiYWJ0yHAV8eIufjb5/B2nqvDpx370P9eS6foUL21V2RSNUabv
fG7pNWJ3Jd57o2i0vJzpWqE4bbN/0SWnlpGDM7qmAv5SfopT7+2T9YeEnCtI8c/x
7sjEbfJL+XBcFuJaZmZ6J0Q8TAUw0UeEKO8vHs8uW7TP
]
INFO	[2022-12-08 14:24:39:90] <8342> DNS LOOKUP OK(203.238.37.3:203.238.37.3:34049) laptime:0
INFO	[2022-12-08 14:24:39:92] <8342> SOCKET CONNECT OK
INFO	[2022-12-08 14:24:39:92] <8342> SEND OK
INFO	[2022-12-08 14:24:39:311] <8342> RECV OK
INFO	[2022-12-08 14:24:39:311] <8342> MSG_FROM_PG:[0099200175D SHA1                   0                                      300630majorgol03              170600INIphpRPAYmajorgol0320221208142439884901<?xml version="1.0" encoding="UTF-8"?><INIpay>
<PartCancelInfo>
<PayMethod>Card</PayMethod>
<ResultCode>120000</ResultCode>
<ResultMsg urlencode="1">%C1%A4%BB%F3%C3%B3%B8%AE%B5%C7%BE%FA%BD%C0%B4%CF%B4%D9.</ResultMsg>
<SessionKey>AFv9GuYW8ImFzCdHXiRYtN04nyYY4QIzJcsqZwP+Vik8jH/rMHIEqHbTIpjg3BUi
Uj1k7wzg20EwVFf/rTi/5iKYE6B1pInrO4yI9co6i0ET8gxsC79OkgY8vA5n4Jhe
d0xJOzoY/jxfteJcD0vRRDvHR28ihZanvWmcNW1UuAbm7PX6Ts8+v4k=
</SessionKey>
<Encrypted>xg/Lt5u6+TJU4PvQ/ECZ48AGPvyrZTtO7RBnbgdpRIBuxcsXegwz+wBWgTzCF8/w
5Hy7i/eBrc+POpMkDP55LFa1yxTu7AdXwNM5c/BzVNrKgX3YzAuuiN683KSX+rg4
H46BMiWoSfoSUre+r+ApUuRVtXbw8G4eJx7E4Fibjl13eMXJMkMIbyNW6NYhSez2
gF/Uqa/5k1R+FvralQK+1g9fl5v/e57exMFZLUgv/SwnStaN00JP8Truii4QKJiE
VNifnS6dJ6U7jcIZNCjlOTS/kdR1l+IZuH2U/sWAho/EbV73BxGUBTGaeNy9Wtys
EAK8D1VyIeJGumb2Z4RVhyuNFWpt1UgfCWp4qpFL5yZwVp6PwKW5BwGdggqV5w2L
ht9esJnxxiG5pEmSvE58iZMHFkVW+lwRACl2Vee9dszDm7igGbRaUpWB0zXIb929
cpN7cBV0tRkuC3PnkjNmXA==
</Encrypted>
</PartCancelInfo>
<ManageInfo/>
<ReservedInfo/>
</INIpay>
JS4D5rMPcCxws7GPQ++x+F+GFngEriwaHOocFFnTDbpgBR8vwlx2P+kKmwBRftVj
Q8FBkIFz14UUqwF9ATH6gQ+SxiTEYV9OIjRiw1oPHnjNFtT9Z3zgeoVYSpyd0aOK
q2ckaOIkVfyirc1AK44RRCty+1UaaoLntwkeAyAicLQ=
]
INFO	[2022-12-08 14:24:39:311] <8342> VERIFY OK
INFO	[2022-12-08 14:24:39:311] <8342> PARSE HEAD OK
INFO	[2022-12-08 14:24:39:311] <8342> PARSE BODY OK
INFO	[2022-12-08 14:24:39:312] <8342> DECRYPT OK
DEBUG	[2022-12-08 14:24:39:312] <8342> DECRYPT MSG:[<?xml version="1.0" encoding="UTF-8"?><PartCancelInfo>
<PRTC_TID>INIMX_CARDmajorgol0320221129230553284905</PRTC_TID>
<PRTC_Price>170600</PRTC_Price>
<PRTC_Remains>49000</PRTC_Remains>
<PRTC_Quota>00</PRTC_Quota>
<PRTC_Type>1</PRTC_Type>
<CancelDate>20221208</CancelDate>
<CancelTime>142438</CancelTime>
<PRTC_Cnt>1</PRTC_Cnt>
</PartCancelInfo>]
INFO	[2022-12-08 14:24:39:312] <8342> DECRYPT PARSE OK
INFO	[2022-12-08 14:24:39:312] <8342> END repay 정상처리되었습니다. Laptime:[0.225sec]
INFO	[2022-12-08 14:24:39:312] <8342> ===============================================================
