INFO	[2020-01-15 13:32:24:629] <8740> START INIPHP cancel (V5036-141209)(OS:Linux2.6.32-754.11.1.el6.x86_64,PHP:5.3.3)
DEBUG	[2020-01-15 13:32:24:629] <8740> inipayhome:/home/killdeal/public_html/shop/inicis
DEBUG	[2020-01-15 13:32:24:629] <8740> debug:false
DEBUG	[2020-01-15 13:32:24:629] <8740> type:cancel
DEBUG	[2020-01-15 13:32:24:629] <8740> mid:majorgol03
DEBUG	[2020-01-15 13:32:24:629] <8740> admin:1111
DEBUG	[2020-01-15 13:32:24:629] <8740> tid:StdpayDBNKmajorgol0320200115133117455463
DEBUG	[2020-01-15 13:32:24:629] <8740> cancelmsg:주문자 본인 취소-테스트
INFO	[2020-01-15 13:32:24:629] <8740> Check Field OK
INFO	[2020-01-15 13:32:24:629] <8740> PI PUB KEY LOAD OK []
INFO	[2020-01-15 13:32:24:629] <8740> PG PUB KEY LOAD OK [30]
INFO	[2020-01-15 13:32:24:630] <8740> MERCHANT PRIV KEY LOAD OK
INFO	[2020-01-15 13:32:24:630] <8740> MERCHANT PUB KEY LOAD OK [0]
DEBUG	[2020-01-15 13:32:24:630] <8740> MAKE ENCRYPT OK[<?xml version="1.0" encoding="UTF-8"?>
<CancelInfo>
	  <CancelTID>StdpayDBNKmajorgol0320200115133117455463</CancelTID>
	  <CancelMsg urlencode="1">%C1%D6%B9%AE%C0%DA+%BA%BB%C0%CE+%C3%EB%BC%D2-%C5%D7%BD%BA%C6%AE</CancelMsg>
	  <CancelReason/></CancelInfo>]
INFO	[2020-01-15 13:32:24:631] <8740> MAKE BODY OK
INFO	[2020-01-15 13:32:24:631] <8740> SIGN OK
INFO	[2020-01-15 13:32:24:631] <8740> MAKE HEAD OK
INFO	[2020-01-15 13:32:24:631] <8740> MSG_TO_PG:[0096200175D SHA1                   0                                      300420majorgol03                    StdpayDBNKmajorgol0320200115133117455463<?xml version="1.0" encoding="UTF-8"?>
<INIpay>
	  <CancelInfo>
	    <SessionKey>h8GRTVCpL2tdyXeGnuu2bknTT0Kuifcd+9oQTcJj1ZPpYnHgQwXJnbTpglgUzrEP
1Ctxdt87Izju7CPe6Cx+UkO9Fr0JodAyG+aS/BldMZREeNqc/t0cHG4Am55/XJve
l3BTHODKXqtnHxx/ZwUWbgcUAK9T/4FSVfzbPP6AOx8YkAWu7nzz6Q==
</SessionKey>
	    <Encrypted>xz1UvI6TDgXAURIj0wYgE3K7aMLr+8JNOFL0d0XLEfFUdnfaybY4AsabKTrT9vF1
ZdKpHV6GAi72yv41ZwGobxw0uXNwRhYMGjfL+A9qn2Rt2FYCg9njGFK0C5gMqzq+
OmthRdTgiJCw8rLAjALRD8Cibm7q57eWeMpHS8tD8rakfdJ6Bngxq84gjrfDpOwG
HkDv4RDnbRb3+7MAPBnEffVEv3rHkyxPu8IPJwLDMJZISOadqRl7ymmafawupw8A
CzxmwCsq2d2MwUOfSQfEM8e8XjRa+iGx2rSsFYV3k5tjuBB35tf1NWr0n1gbjIYq
IFl+rLN2T5nGe+8AS8EXsQ==
</Encrypted></CancelInfo>
	  <ReservedInfo>
	    <MReserved1/>
	    <MReserved2/>
	    <MReserved3/></ReservedInfo>
	  <ManageInfo>
	    <Language/>
	    <URL/>
	    <TXVersion>5036B141209canceLinux     PHPchkfake   2.6.32-754.11.1.el6.x86_64PHP:</TXVersion>
	    <TXUserID/>
	    <TXRegNum/></ManageInfo></INIpay>AK9Qd9OPntaQ/F1Xc/S8wI5ulDuKUiWOe0aPA21GSf7gWvOW3gCMBetaTxjwqB0u
0ETyJ2/oJeCsNYTkQ3YXNdCyrA14S69w4iC3D2moufxavyX2nIMpGlz8TtXYAJQN
QwiR4DpFNwtscvtADDs1j+gDF/9CZGp5uh3UbfZPMwhk
]
INFO	[2020-01-15 13:32:24:631] <8740> DNS LOOKUP OK(203.238.37.3:203.238.37.3:34049) laptime:0
INFO	[2020-01-15 13:32:24:633] <8740> SOCKET CONNECT OK
INFO	[2020-01-15 13:32:24:633] <8740> SEND OK
INFO	[2020-01-15 13:32:25:90] <8740> RECV OK
INFO	[2020-01-15 13:32:25:90] <8740> MSG_FROM_PG:[0110700175D SHA1                   0                                      300430majorgol03                    StdpayDBNKmajorgol0320200115133117455463<?xml version="1.0" encoding="UTF-8"?>
<INIpay>
  <CancelInfo>
    <ResultCode>310000</ResultCode>
    <ResultMsg urlencode="1">%C1%A4%BB%F3%C3%B3%B8%AE%BF%CF%B7%E1</ResultMsg>
    <SessionKey>ANZRdT3P3Vg5f2hSi5FTu+LVTCazHBBNIGacakmom4Y02rx1yygxJESAcaH5Spri
yj0reliNoEWP5UrF6OYd5MNAoO73xZ8Hh09DUz0nF8T1pJkSJEBo8UZnW0nML/aT
fm35Lft+eG+eTp9pW7ggvhbp7/tOLetJsKZH91jc8QsvyxmdPX1xhpI=
</SessionKey>
    <Encrypted>CwUBlgaH3F69PwyaoKlRpq7KJWxnhK9eLgviZn8Z8pR2jksVawmhZksMa48sQA+4
2Blx6GyW1qMY98FV+a1cc2UR2cpQl2w5o3wSfLyfEtip/+9xuk7ZFhGHexxLUw9W
NmakBZkQVJnZLCADJ8lCbYMX82iP+7Jwmn4gGQt8NmX+TluPpqSONAxxhxSmbJuj
5tHdl4QGeJdc4aB/nbJ6Cagx6wCq7V93MYN5z9FtQARmhzNOh1nk4pMKFwB3y95G
jawU6GuqycO9caYBuX6mpXMS0h7Vt/UhHED2VqOpt+Yz2col+sxph+JPzHzrASv4
HYdVpuxIP0k=
</Encrypted>
  </CancelInfo>
  <ManageInfo/>
  <ReservedInfo>
    <MReserved1 urlencode="1"></MReserved1>
    <MReserved2 urlencode="1"></MReserved2>
    <MReserved3 urlencode="1"></MReserved3>
    <PGReserved1 urlencode="1"></PGReserved1>
    <PGReserved2 urlencode="1"></PGReserved2>
    <PGReserved3 urlencode="1"></PGReserved3>
  </ReservedInfo>
</INIpay>
uNqOT1FdkWO2z2iFK0JuCKAoIIzN5Xo1UDe28M506PdEDMyAZEfEOwrAkQ+RNawk
NSImCGy1qvMpkOGYPB1RZZ+vHoGOWGkwVYzSr+3svTug2BmOBO5xM4KTHgztNX6Z
qhlopCzLl78+UNbwWqMue3WyB1OB74TpRDXAUeNN6Xg=
]
INFO	[2020-01-15 13:32:25:90] <8740> VERIFY OK
INFO	[2020-01-15 13:32:25:90] <8740> PARSE HEAD OK
INFO	[2020-01-15 13:32:25:91] <8740> PARSE BODY OK
INFO	[2020-01-15 13:32:25:91] <8740> DECRYPT OK
DEBUG	[2020-01-15 13:32:25:91] <8740> DECRYPT MSG:[<?xml version="1.0" encoding="UTF-8"?>
<CancelInfo>
  <CancelDate>20200115</CancelDate>
  <CancelTime>133225</CancelTime>
  <ResultCode>310000</ResultCode>
  <ResultMsg urlencode="1">%C1%A4%BB%F3%C3%B3%B8%AE%BF%CF%B7%E1</ResultMsg>
</CancelInfo>]
INFO	[2020-01-15 13:32:25:91] <8740> DECRYPT PARSE OK
INFO	[2020-01-15 13:32:25:91] <8740> END cancel 정상처리완료 Laptime:[0.463sec]
INFO	[2020-01-15 13:32:25:91] <8740> ===============================================================
INFO	[2020-01-15 13:50:20:546] <13026> START INIPHP cancel (V5036-141209)(OS:Linux2.6.32-754.11.1.el6.x86_64,PHP:5.3.3)
DEBUG	[2020-01-15 13:50:20:546] <13026> inipayhome:/home/killdeal/public_html/shop/inicis
DEBUG	[2020-01-15 13:50:20:546] <13026> debug:false
DEBUG	[2020-01-15 13:50:20:546] <13026> type:cancel
DEBUG	[2020-01-15 13:50:20:546] <13026> mid:majorgol03
DEBUG	[2020-01-15 13:50:20:546] <13026> admin:1111
DEBUG	[2020-01-15 13:50:20:546] <13026> tid:StdpayVBNKmajorgol0320200115134012726436
DEBUG	[2020-01-15 13:50:20:546] <13026> cancelmsg:주문자 본인 취소-테스트
INFO	[2020-01-15 13:50:20:546] <13026> Check Field OK
INFO	[2020-01-15 13:50:20:546] <13026> PI PUB KEY LOAD OK []
INFO	[2020-01-15 13:50:20:546] <13026> PG PUB KEY LOAD OK [30]
INFO	[2020-01-15 13:50:20:546] <13026> MERCHANT PRIV KEY LOAD OK
INFO	[2020-01-15 13:50:20:546] <13026> MERCHANT PUB KEY LOAD OK [0]
DEBUG	[2020-01-15 13:50:20:546] <13026> MAKE ENCRYPT OK[<?xml version="1.0" encoding="UTF-8"?>
<CancelInfo>
	  <CancelTID>StdpayVBNKmajorgol0320200115134012726436</CancelTID>
	  <CancelMsg urlencode="1">%C1%D6%B9%AE%C0%DA+%BA%BB%C0%CE+%C3%EB%BC%D2-%C5%D7%BD%BA%C6%AE</CancelMsg>
	  <CancelReason/></CancelInfo>]
INFO	[2020-01-15 13:50:20:547] <13026> MAKE BODY OK
INFO	[2020-01-15 13:50:20:547] <13026> SIGN OK
INFO	[2020-01-15 13:50:20:547] <13026> MAKE HEAD OK
INFO	[2020-01-15 13:50:20:547] <13026> MSG_TO_PG:[0096200175D SHA1                   0                                      300420majorgol03                    StdpayVBNKmajorgol0320200115134012726436<?xml version="1.0" encoding="UTF-8"?>
<INIpay>
	  <CancelInfo>
	    <SessionKey>KwGKqheDVYpxKdPQ7zzCBs2+/eDr1EMLZGh7Gibs1tYpc5EAJ48LD21bj4rfG2R0
mtADRCKJ0sRPtLt4KjJGo+Cx9llWtPB0waya9JtIeOxWmjx9iL7K1x3nXNlhcHIS
f/06xS3TwhAF0AZl23IOZoPcMwTtvopdP0sWMcQ65KJ/roOwa/Tknw==
</SessionKey>
	    <Encrypted>cURi2SYEUzr6nICA/EcwOJMmr/7tx1sumTB5w16VGvlaAGuiimSXtH5snj+7G/Th
NSyboSDCag6zolxY0nEsY4qzQsNrDVlhYkmdU1d8Gxq0NaYqeUEKqN2GLzwAeFwh
xgBOdJaXUgLoxEWkp0JOpTC/jwTrjTzqcTUG14odTRJKq28LLU6n205EvC0P/c0g
XfHdX6HeJL88MDAiVM7rdJjy1inCAdVIoN8E8gGewV23BzQmhzHEbjEgQuELSLDC
kJU+9KSwpSP0sjNV0wOqiaFWN46GWhFM28C0LiCZ83ZL464BQqkNy3/xGaCMuYIM
DTQosx7HaeZ5ioL0Hq4TPw==
</Encrypted></CancelInfo>
	  <ReservedInfo>
	    <MReserved1/>
	    <MReserved2/>
	    <MReserved3/></ReservedInfo>
	  <ManageInfo>
	    <Language/>
	    <URL/>
	    <TXVersion>5036B141209canceLinux     PHPchkfake   2.6.32-754.11.1.el6.x86_64PHP:</TXVersion>
	    <TXUserID/>
	    <TXRegNum/></ManageInfo></INIpay>AR9Vsqdt7F2Zvu8V4eOqikuUqRprdYZ+ZrbR+Vm+eWsvefujdJPWNj7y7l6kUPd5
nnCk4aGWSV/kk/oo8SiOrozanCxv5PfX+8Sz84EUOsWp2vmtSxHaQF3OqCU3O0Ie
eSDGcVpiFHXCi+1zSutIcToIr85Qtt1khwWhFNJhPFbD
]
INFO	[2020-01-15 13:50:20:547] <13026> DNS LOOKUP OK(203.238.37.3:203.238.37.3:34049) laptime:0
INFO	[2020-01-15 13:50:20:549] <13026> SOCKET CONNECT OK
INFO	[2020-01-15 13:50:20:549] <13026> SEND OK
INFO	[2020-01-15 13:50:20:661] <13026> RECV OK
INFO	[2020-01-15 13:50:20:661] <13026> MSG_FROM_PG:[0110700175D SHA1                   0                                      300430majorgol03                    StdpayVBNKmajorgol0320200115134012726436<?xml version="1.0" encoding="UTF-8"?>
<INIpay>
  <CancelInfo>
    <ResultCode>310001</ResultCode>
    <ResultMsg urlencode="1">%C7%CA%BC%F6%C1%A4%BA%B8%BF%C0%B7%F9</ResultMsg>
    <SessionKey>ALQxv5soayV4Rp2nAqc69/3nRMndBP/C84j42zWP2Cdh98iqfSnW+RRx9Wo0MTGA
UppCHgTQxg1uEx4+3vZBR6Yz/LYpP6w2A0/W9Xme/JcK3pXoOVGoCealYJh7KER+
kbL+CAV5w4xAqxG0sgvzGidmSSQd7D8NA2alV8PpsUBQyvHYAyK8qrs=
</SessionKey>
    <Encrypted>vmbXxWbg3aiw4HxgJLmD+JchUmoWSyUIt9cSM+ViySl+gw3lcUrxxU9V9TXEA2ZJ
h8KOJpMpgv9fzTWr9+14IDpfOqpd1IeP7O8pZ85sofRRP2pXkBvX1IWuzwjYDr4g
OfMcLnQZcxi5dXgjdtTf4GjudYKuxG2ofsE8VPfxB8qZfwbW8ckXJhEnCO+xqjVV
GqnRpDTMlCCLU7Xqoo871XJMYD1YAZY+Wakmk8xDMUSIsszwl/WCaZDguluW4pvq
shGJ3hkMDrdw7WLZwbRh5zsRuegXumLvKkxX+VxPZg1nl92SPcxoXN2kMNCkwCSA
YGVbyrGQRkY=
</Encrypted>
  </CancelInfo>
  <ManageInfo/>
  <ReservedInfo>
    <MReserved1 urlencode="1"></MReserved1>
    <MReserved2 urlencode="1"></MReserved2>
    <MReserved3 urlencode="1"></MReserved3>
    <PGReserved1 urlencode="1"></PGReserved1>
    <PGReserved2 urlencode="1"></PGReserved2>
    <PGReserved3 urlencode="1"></PGReserved3>
  </ReservedInfo>
</INIpay>
x5mD6//1iwejLVPz9v31ofJ0puegsNBdL6RUVNZ+oN+lpaD+B4W+bKSs3Kd/xPQZ
gc7Q3PryXH64VVD3cTgWgL9AcdO99DGkJdD63Z9lXsac3nF+gulzt4sjZNreVFHC
oJRpltZGYZZOs3PNojvMTRop3SAaAtUmdD+G2bX8XQY=
]
INFO	[2020-01-15 13:50:20:661] <13026> VERIFY OK
INFO	[2020-01-15 13:50:20:661] <13026> PARSE HEAD OK
INFO	[2020-01-15 13:50:20:662] <13026> PARSE BODY OK
INFO	[2020-01-15 13:50:20:662] <13026> DECRYPT OK
DEBUG	[2020-01-15 13:50:20:662] <13026> DECRYPT MSG:[<?xml version="1.0" encoding="UTF-8"?>
<CancelInfo>
  <CancelDate>20200115</CancelDate>
  <CancelTime>135021</CancelTime>
  <ResultCode>310001</ResultCode>
  <ResultMsg urlencode="1">%C7%CA%BC%F6%C1%A4%BA%B8%BF%C0%B7%F9</ResultMsg>
</CancelInfo>]
INFO	[2020-01-15 13:50:20:663] <13026> DECRYPT PARSE OK
INFO	[2020-01-15 13:50:20:663] <13026> END cancel [310001|필수정보오류] Laptime:[0.117sec]
INFO	[2020-01-15 13:50:20:663] <13026> ===============================================================
INFO	[2020-01-15 17:20:40:858] <13441> START INIPHP cancel (V5036-141209)(OS:Linux2.6.32-754.11.1.el6.x86_64,PHP:5.3.3)
DEBUG	[2020-01-15 17:20:40:858] <13441> inipayhome:/home/killdeal/public_html/shop/inicis
DEBUG	[2020-01-15 17:20:40:858] <13441> debug:false
DEBUG	[2020-01-15 17:20:40:858] <13441> type:cancel
DEBUG	[2020-01-15 17:20:40:858] <13441> mid:majorgol03
DEBUG	[2020-01-15 17:20:40:858] <13441> admin:1111
DEBUG	[2020-01-15 17:20:40:858] <13441> tid:StdpayDBNKmajorgol0320200115171915622097
DEBUG	[2020-01-15 17:20:40:858] <13441> cancelmsg:주문자 본인 취소-테스트
INFO	[2020-01-15 17:20:40:858] <13441> Check Field OK
INFO	[2020-01-15 17:20:40:858] <13441> PI PUB KEY LOAD OK []
INFO	[2020-01-15 17:20:40:859] <13441> PG PUB KEY LOAD OK [30]
INFO	[2020-01-15 17:20:40:859] <13441> MERCHANT PRIV KEY LOAD OK
INFO	[2020-01-15 17:20:40:859] <13441> MERCHANT PUB KEY LOAD OK [0]
DEBUG	[2020-01-15 17:20:40:859] <13441> MAKE ENCRYPT OK[<?xml version="1.0" encoding="UTF-8"?>
<CancelInfo>
	  <CancelTID>StdpayDBNKmajorgol0320200115171915622097</CancelTID>
	  <CancelMsg urlencode="1">%C1%D6%B9%AE%C0%DA+%BA%BB%C0%CE+%C3%EB%BC%D2-%C5%D7%BD%BA%C6%AE</CancelMsg>
	  <CancelReason/></CancelInfo>]
INFO	[2020-01-15 17:20:40:859] <13441> MAKE BODY OK
INFO	[2020-01-15 17:20:40:860] <13441> SIGN OK
INFO	[2020-01-15 17:20:40:860] <13441> MAKE HEAD OK
INFO	[2020-01-15 17:20:40:860] <13441> MSG_TO_PG:[0096200175D SHA1                   0                                      300420majorgol03                    StdpayDBNKmajorgol0320200115171915622097<?xml version="1.0" encoding="UTF-8"?>
<INIpay>
	  <CancelInfo>
	    <SessionKey>lkzSOCisNpayF2mcst1g7CyMNKa51WyQMwnQ+gkm6++inb5yyVEDQZVFUjURwmoL
TFjLbunOo8Zi1TeG8LEEOx3wyrbnEU1mkW8C6RdzswV43YTeXrP/nFx5CLQNzShM
56/B4clmy+YkxLRkJSg11F7mezXX3eZpepG2O7AErZqKv5QOUbTJTw==
</SessionKey>
	    <Encrypted>f+F2OiBktkeUSro7DtxamgZ2N+aJUarvHLk9XObr+mF+9birglM8I7JP1Cb9xgAZ
mLz2PPmmC5HbOINk5gcKWP4agCBOOTli0Z1DwhY26ebEzPL4j/zl+Z0UpLrOx2lH
NvcJ2HKIG8udER9R3AzBGRMKm2/+BS582COW2dhrWWc+TWc6Fgp0hspzI5k2K3qz
BfKybc/hOCxbOBJK61JfCWcCEagF7uvF6Xod40/hYPJ35M1lOYMWRp/G2j3+kwRE
rwZPBdsEUk4lsjxUTm7g3+hnM+YmlyTRjJnq8PjKH/JHOcII34RbISvszMx3KyX5
pPy8MiP5mCZZYpjoFf8HFg==
</Encrypted></CancelInfo>
	  <ReservedInfo>
	    <MReserved1/>
	    <MReserved2/>
	    <MReserved3/></ReservedInfo>
	  <ManageInfo>
	    <Language/>
	    <URL/>
	    <TXVersion>5036B141209canceLinux     PHPchkfake   2.6.32-754.11.1.el6.x86_64PHP:</TXVersion>
	    <TXUserID/>
	    <TXRegNum/></ManageInfo></INIpay>AAWc/EBMPJRZUGLH/yzT6nVpx0UwOdrjQ7REye9lU1r2MCfSfTkQ4wE7+/BkBZVf
O9WktnTJK6SHZadUI2X+yU5qHVaTbJQrkxxKzqkuomfl64kL8YX9JcY0njxFT478
4AU0zk13ZQRpqVB7VLfJuSvUHOxmYjAkYkavL73KK9d3
]
INFO	[2020-01-15 17:20:40:860] <13441> DNS LOOKUP OK(203.238.37.3:203.238.37.3:34049) laptime:0
INFO	[2020-01-15 17:20:40:862] <13441> SOCKET CONNECT OK
INFO	[2020-01-15 17:20:40:862] <13441> SEND OK
INFO	[2020-01-15 17:20:41:322] <13441> RECV OK
INFO	[2020-01-15 17:20:41:322] <13441> MSG_FROM_PG:[0110700175D SHA1                   0                                      300430majorgol03                    StdpayDBNKmajorgol0320200115171915622097<?xml version="1.0" encoding="UTF-8"?>
<INIpay>
  <CancelInfo>
    <ResultCode>310000</ResultCode>
    <ResultMsg urlencode="1">%C1%A4%BB%F3%C3%B3%B8%AE%BF%CF%B7%E1</ResultMsg>
    <SessionKey>AH6jVUuBu+Pf5FQXIjzL/jQUHll8Azuvju2fQUixulGlW9bfFEXpWQ989KQXnSBU
1pKLtR1M5VLy9Eb412sPbN/KbQ596oK3fqFAWvGOxzDZ9KCh7f6s09FJwSMLFguE
yWf4zcKhpy1RhLse+rIvBqvzno7ccD43tuKfEKop+Vxd9bQUuUaHpTw=
</SessionKey>
    <Encrypted>+SOyvI6xK3kcibJ5CS4TVTxxFrv07ucNY6pJyU8ZFEU3bVUy9dlML8QhbwkZS7Xy
/wJUP3M1Gc9o5Wc08zXEL3xE7Ld8t/8pWBzeIvwfPY3y+nvh/jVNkKkJIR44gZ/B
KMuqmgXDyqzEbOfQ3GCUxMP3KZpVGESo7iRUcy1EJXIof7Labf4UNyPVi1pPgiL7
lxM9eADT2KtOFZQoaUfWOUpA1U7ZRRp2GiyJAd9sylTRll+a0jI+iMuRFfpFpyNY
xu9bpvuWbGRKvbO92rZJFnuw/O9ZlKRXJKhcZR8q0Sg4g5gvagw9k5suS958xeEY
yFPJ+fjdefY=
</Encrypted>
  </CancelInfo>
  <ManageInfo/>
  <ReservedInfo>
    <MReserved1 urlencode="1"></MReserved1>
    <MReserved2 urlencode="1"></MReserved2>
    <MReserved3 urlencode="1"></MReserved3>
    <PGReserved1 urlencode="1"></PGReserved1>
    <PGReserved2 urlencode="1"></PGReserved2>
    <PGReserved3 urlencode="1"></PGReserved3>
  </ReservedInfo>
</INIpay>
iukyHu3vRncDoVVpYHhLUHofd87Aijx2BbxgcH6w+khjDgPIHIdkag0tj9IlCU4X
uzcQ9ViMZwoDjiop9zYJkELMzqQTAIReKaBaLpN8YODVt2mT6JDYZr8JFbI3okI5
W4LwysOUvyF/JtIxsNL8CmkJGIzEuX2xcMqEyU1azUM=
]
INFO	[2020-01-15 17:20:41:322] <13441> VERIFY OK
INFO	[2020-01-15 17:20:41:322] <13441> PARSE HEAD OK
INFO	[2020-01-15 17:20:41:322] <13441> PARSE BODY OK
INFO	[2020-01-15 17:20:41:323] <13441> DECRYPT OK
DEBUG	[2020-01-15 17:20:41:323] <13441> DECRYPT MSG:[<?xml version="1.0" encoding="UTF-8"?>
<CancelInfo>
  <CancelDate>20200115</CancelDate>
  <CancelTime>172041</CancelTime>
  <ResultCode>310000</ResultCode>
  <ResultMsg urlencode="1">%C1%A4%BB%F3%C3%B3%B8%AE%BF%CF%B7%E1</ResultMsg>
</CancelInfo>]
INFO	[2020-01-15 17:20:41:323] <13441> DECRYPT PARSE OK
INFO	[2020-01-15 17:20:41:323] <13441> END cancel 정상처리완료 Laptime:[0.465sec]
INFO	[2020-01-15 17:20:41:323] <13441> ===============================================================
INFO	[2020-01-15 17:23:36:980] <14366> START INIPHP cancel (V5036-141209)(OS:Linux2.6.32-754.11.1.el6.x86_64,PHP:5.3.3)
DEBUG	[2020-01-15 17:23:36:980] <14366> inipayhome:/home/killdeal/public_html/shop/inicis
DEBUG	[2020-01-15 17:23:36:980] <14366> debug:false
DEBUG	[2020-01-15 17:23:36:980] <14366> type:cancel
DEBUG	[2020-01-15 17:23:36:980] <14366> mid:majorgol03
DEBUG	[2020-01-15 17:23:36:980] <14366> admin:1111
DEBUG	[2020-01-15 17:23:36:980] <14366> tid:StdpayCARDmajorgol0320200115172207447882
DEBUG	[2020-01-15 17:23:36:980] <14366> cancelmsg:주문자 본인 취소-테스트
INFO	[2020-01-15 17:23:36:980] <14366> Check Field OK
INFO	[2020-01-15 17:23:36:980] <14366> PI PUB KEY LOAD OK []
INFO	[2020-01-15 17:23:36:980] <14366> PG PUB KEY LOAD OK [30]
INFO	[2020-01-15 17:23:36:980] <14366> MERCHANT PRIV KEY LOAD OK
INFO	[2020-01-15 17:23:36:980] <14366> MERCHANT PUB KEY LOAD OK [0]
DEBUG	[2020-01-15 17:23:36:981] <14366> MAKE ENCRYPT OK[<?xml version="1.0" encoding="UTF-8"?>
<CancelInfo>
	  <CancelTID>StdpayCARDmajorgol0320200115172207447882</CancelTID>
	  <CancelMsg urlencode="1">%C1%D6%B9%AE%C0%DA+%BA%BB%C0%CE+%C3%EB%BC%D2-%C5%D7%BD%BA%C6%AE</CancelMsg>
	  <CancelReason/></CancelInfo>]
INFO	[2020-01-15 17:23:36:981] <14366> MAKE BODY OK
INFO	[2020-01-15 17:23:36:982] <14366> SIGN OK
INFO	[2020-01-15 17:23:36:982] <14366> MAKE HEAD OK
INFO	[2020-01-15 17:23:36:982] <14366> MSG_TO_PG:[0096200175D SHA1                   0                                      300420majorgol03                    StdpayCARDmajorgol0320200115172207447882<?xml version="1.0" encoding="UTF-8"?>
<INIpay>
	  <CancelInfo>
	    <SessionKey>rENK7fp1G32dbZNhbphldUZiEV9b/FjFrcxXtSCZ1vAW352Ky7cMjs+YgLHZWK9F
szZvOwBtJFo4IcZ9dUuY5kwE7dxgQ4S5g9eCxHPKuIRkT/ttYT1R4+KDqBEtiTBo
vZKSzqV4soINbdrldSJPI51L4wjXCl7/S/fCy5Fyquneo6wT7xh16w==
</SessionKey>
	    <Encrypted>ehu3c5IbnQPYUE+oA0SfqWt8QP5KXCu8TTKDTuOKuZHYiN8tHRkAnL/0qK40+LM5
FOS8iTKt4UYuBBFRXSmMPlxy1YVb0nqWr/Jt0ZrNB1lIvsgS2ERCObCcLbprlswP
ZgqvSfI62ORkrym63lF2jyDWD5OCVpbsdyrcruEmLM7QQ3D/HrNRgvwp8rtDg2fK
h4QNcLkjO2oPxtwAmJwv5heQuXEDfPCt439jI7+1D7VkigH/9Zv1ycNq1kMcc4h4
O5s/+e0pwJPeZZ1OrOdEp/xKlFS8GuqaifnnCaodTTu815aknvuZ2VY2xNMdbFjZ
FfwHO5balX0GSPaunHo4EQ==
</Encrypted></CancelInfo>
	  <ReservedInfo>
	    <MReserved1/>
	    <MReserved2/>
	    <MReserved3/></ReservedInfo>
	  <ManageInfo>
	    <Language/>
	    <URL/>
	    <TXVersion>5036B141209canceLinux     PHPchkfake   2.6.32-754.11.1.el6.x86_64PHP:</TXVersion>
	    <TXUserID/>
	    <TXRegNum/></ManageInfo></INIpay>ACtk899ng90qib0/x90H4+6CrF7VNQgbXuhOTc7q9ESoUJTsQGQbDVHGyojBm9fR
BLUWAx7F413NWt6zJp8Fjap6UCK5VS2MQU2fd9i70Rb3JlzCv/ExtZbZNhdSjF0n
fro05I0CWrZMrYwqVaqvZfdB1DKplYj9k9DgMcuzHEPo
]
INFO	[2020-01-15 17:23:36:982] <14366> DNS LOOKUP OK(203.238.37.3:203.238.37.3:34049) laptime:0
INFO	[2020-01-15 17:23:36:984] <14366> SOCKET CONNECT OK
INFO	[2020-01-15 17:23:36:984] <14366> SEND OK
INFO	[2020-01-15 17:23:37:271] <14366> RECV OK
INFO	[2020-01-15 17:23:37:271] <14366> MSG_FROM_PG:[0115800175D SHA1                   0                                      300430majorgol03                    StdpayCARDmajorgol0320200115172207447882<?xml version="1.0" encoding="UTF-8"?>
<INIpay>
  <CancelInfo>
    <ResultCode>120000</ResultCode>
    <ResultMsg urlencode="1">%C1%A4%BB%F3%C3%B3%B8%AE%B5%C7%BE%FA%BD%C0%B4%CF%B4%D9.</ResultMsg>
    <SessionKey>ANRhiL2slUFShTe8DBRe6dQDaghHDPZvRST6kTKw9MtIJAnjTNLeK0lFbXp7L+jf
nx+QAW8RIiZzNO+bnTny0WP24wmqwIoj+JPoY1q//8QtYs37c672ZmYe26fF97cw
RZRFbEmXvqfIy5GbCsjdTSiYA1SPO/jYGMiree1J7z6IyrMDfm+lZOA=
</SessionKey>
    <Encrypted>KVKX3myeh0Kq8cn4thxYMjdVnVy36CcuytYsA/vVfjGFcNGTAxNvkv0YWkrvPY06
S5wMtbGGurNpkBKJrnnJHUk5mIKdS8RR2ymXXdK3XZ56wX4BYEc5HH1oOP65/hf9
IPVl1JEQx4aETJ7uozwgtbqwLGiv/I75B9G5uPkVg63PZPkx7iWx/y1tHEW+5wWa
1DM67H8gzUZK2SzPt1NjMy5ZI9L160d65nDzOqFh61V3Ad5fLi5dybIP7evFeVDM
Y/eQI3Zc4icXlTLwcyWZt8e0IJb2o/rMiRc4kFCpvh/dPve3Acr+Uxo1tmlrT813
bhrWZLxsvqiWzjJ+8FNnOa70HLHwtvMmlhtMtbW/ogI=
</Encrypted>
  </CancelInfo>
  <ManageInfo/>
  <ReservedInfo>
    <MReserved1 urlencode="1"></MReserved1>
    <MReserved2 urlencode="1"></MReserved2>
    <MReserved3 urlencode="1"></MReserved3>
    <PGReserved1 urlencode="1"></PGReserved1>
    <PGReserved2 urlencode="1"></PGReserved2>
    <PGReserved3 urlencode="1"></PGReserved3>
  </ReservedInfo>
</INIpay>
ZjuTgUBpb2pa29gT0Ik3XJVv89jkqTq3eaNhlxjXI9fmQEgnRZC0APfUhCU5L/iz
2iCbeOY0dCyBDi9U5lMKY3DXnz6Ydq4CHWkjCEdaDKbK8FSk1CdAk20KohP97lgu
z2cLjB2m82FdmURdbpbUi9fiP5OYN2FGt/RMn/mtZH0=
]
INFO	[2020-01-15 17:23:37:271] <14366> VERIFY OK
INFO	[2020-01-15 17:23:37:271] <14366> PARSE HEAD OK
INFO	[2020-01-15 17:23:37:271] <14366> PARSE BODY OK
INFO	[2020-01-15 17:23:37:272] <14366> DECRYPT OK
DEBUG	[2020-01-15 17:23:37:272] <14366> DECRYPT MSG:[<?xml version="1.0" encoding="UTF-8"?>
<CancelInfo>
  <CancelDate>20200115</CancelDate>
  <CancelTime>172337</CancelTime>
  <ResultCode>120000</ResultCode>
  <ResultMsg urlencode="1">%C1%A4%BB%F3%C3%B3%B8%AE%B5%C7%BE%FA%BD%C0%B4%CF%B4%D9.</ResultMsg>
</CancelInfo>]
INFO	[2020-01-15 17:23:37:272] <14366> DECRYPT PARSE OK
INFO	[2020-01-15 17:23:37:272] <14366> END cancel 정상처리되었습니다. Laptime:[0.292sec]
INFO	[2020-01-15 17:23:37:272] <14366> ===============================================================
