INFO	[2021-01-18 10:35:20:793] <9820> START INIPHP cancel (V5036-141209)(OS:Linux2.6.32-754.11.1.el6.x86_64,PHP:5.3.3)
DEBUG	[2021-01-18 10:35:20:793] <9820> inipayhome:/home1/killdeal/public_html/shop/inicis
DEBUG	[2021-01-18 10:35:20:793] <9820> debug:false
DEBUG	[2021-01-18 10:35:20:793] <9820> type:cancel
DEBUG	[2021-01-18 10:35:20:793] <9820> mid:fourseason
DEBUG	[2021-01-18 10:35:20:793] <9820> admin:1111
DEBUG	[2021-01-18 10:35:20:793] <9820> tid:INIMX_CARDfourseason20210110195814825083
DEBUG	[2021-01-18 10:35:20:793] <9820> cancelmsg:쇼핑몰 운영자 승인 취소
INFO	[2021-01-18 10:35:20:793] <9820> Check Field OK
INFO	[2021-01-18 10:35:20:793] <9820> PI PUB KEY LOAD OK []
INFO	[2021-01-18 10:35:20:793] <9820> PG PUB KEY LOAD OK [30]
INFO	[2021-01-18 10:35:20:794] <9820> MERCHANT PRIV KEY LOAD OK
INFO	[2021-01-18 10:35:20:794] <9820> MERCHANT PUB KEY LOAD OK [0]
DEBUG	[2021-01-18 10:35:20:794] <9820> MAKE ENCRYPT OK[<?xml version="1.0" encoding="UTF-8"?>
<CancelInfo>
	  <CancelTID>INIMX_CARDfourseason20210110195814825083</CancelTID>
	  <CancelMsg urlencode="1">%BC%EE%C7%CE%B8%F4+%BF%EE%BF%B5%C0%DA+%BD%C2%C0%CE+%C3%EB%BC%D2</CancelMsg>
	  <CancelReason/></CancelInfo>]
INFO	[2021-01-18 10:35:20:795] <9820> MAKE BODY OK
INFO	[2021-01-18 10:35:20:795] <9820> SIGN OK
INFO	[2021-01-18 10:35:20:795] <9820> MAKE HEAD OK
INFO	[2021-01-18 10:35:20:795] <9820> MSG_TO_PG:[0096200175D SHA1                   0                                      300420fourseason                    INIMX_CARDfourseason20210110195814825083<?xml version="1.0" encoding="UTF-8"?>
<INIpay>
	  <CancelInfo>
	    <SessionKey>VBTqh8f7xqPtb2LiQmVCGCVkIpyyqQIDQEjq2IAn6QnyAQwZa7T8MsE62q/vAE9n
oZ0zZeToVe/LCSIUH8nAatIHlUnXjCNmxXGxtv9NA3t6UqGrCK7REEkuHqznoA//
zhYpxRGPIf7s0Bu3l2axyOYQ094r1cNEST/TgUyox2Ze1mQlHksuyw==
</SessionKey>
	    <Encrypted>KOFw59KtoIqFX9yJ4/DiuK62pvu8wUYd+2gotI77/tBV14E5Ahpn99v6M02KLRXT
IqTRXshEkTPh6YgnfwRpLxuOrKLNsaL9RjMxoMNa5tflT0BqUSVDXw6xdHfZ/HOW
cufi9hIF4k2yGgYOBoXCv+CnNAOaCrmBHpttRRQ8dXG7lw3msTPN5xYdqgBcMMBw
U647NoFChuvJJYeH+nfB8d/x9IriAbLfKa5R4VVD/Mv9gQqkwknRjM+rVO74+x++
7UPzvRFu5ZeF2Lpbvpe/UlkTB2wTmpc8tTH6jBQTD+qRwX/PJ1jndcMIgrrWlau9
eL4yi3swPPupyw1c6DltpA==
</Encrypted></CancelInfo>
	  <ReservedInfo>
	    <MReserved1/>
	    <MReserved2/>
	    <MReserved3/></ReservedInfo>
	  <ManageInfo>
	    <Language/>
	    <URL/>
	    <TXVersion>5036B141209canceLinux     PHPchkfake   2.6.32-754.11.1.el6.x86_64PHP:</TXVersion>
	    <TXUserID/>
	    <TXRegNum/></ManageInfo></INIpay>AMOeTHEUpOKg4Sn+deZ9qQsw60NyuAsBb8+3+Ip1w3rvBRcUMdEP9ldQNydUqXrV
IsuwimsWGFthmG5kdog9J6RV6J6WaRIRj2FOqgsXBDuUPhNwz8ixOYDtm1tPBtST
myTAmpKoPz9OhbyAvievLRlVm8TxWB2ULhtl2XwdcR6F
]
INFO	[2021-01-18 10:35:20:795] <9820> DNS LOOKUP OK(203.238.37.3:203.238.37.3:34049) laptime:0
INFO	[2021-01-18 10:35:20:797] <9820> SOCKET CONNECT OK
INFO	[2021-01-18 10:35:20:797] <9820> SEND OK
INFO	[2021-01-18 10:35:21:76] <9820> RECV OK
INFO	[2021-01-18 10:35:21:76] <9820> MSG_FROM_PG:[0115800175D SHA1                   0                                      300430fourseason                    INIMX_CARDfourseason20210110195814825083<?xml version="1.0" encoding="UTF-8"?>
<INIpay>
  <CancelInfo>
    <ResultCode>120000</ResultCode>
    <ResultMsg urlencode="1">%C1%A4%BB%F3%C3%B3%B8%AE%B5%C7%BE%FA%BD%C0%B4%CF%B4%D9.</ResultMsg>
    <SessionKey>AOFBae4anjIRgqPCdYzi/NUR7tLGdKuZEMBqOnmv1UzZk8YF7/iwZETsQ8D62sw4
nMBZGiE75N+ejWzk70V6C+Lpq7sLmMuzQa3BDIPwqIzAJiEjl0fYwOmNiFluWwzV
VXWQfgN654zET1nR8OyMzJVBlTkNWE58ZLiSwOkQ268Dqw0tX05261k=
</SessionKey>
    <Encrypted>gRtkGpmMCvDC8HIssYep95znWuypd6ti/6lTLi3Wzl1TiOgSV4/68hxI2ccW+/Hj
NDMknRzAER05LcBfwSM1j4yOz3fF6H070D1yHHCiaCbxd1S0nll3tnT6YmrwFlny
VXqAxUTtab1GOaIIo6oSjkvC8hvGI9sJvTffppa8kNUhEcKRoA3pG3ISe+TPfUVv
CpA5m4dtB8NZHN0IcFWEjYFDBObqLmeMju+efJI9bqHxjWYqO970FnXrnOTuTpO0
kpqW2rxIrn+6UMPEnI46ASM6Yp7p0Szus2A73mZi7TIPfx7ApSiMJJqngbr9s3SP
LNel9V9ckckw4bk1fnhWUcQUrBWG92IvvK8AjtWDRLg=
</Encrypted>
  </CancelInfo>
  <ManageInfo/>
  <ReservedInfo>
    <MReserved1 urlencode="1"></MReserved1>
    <MReserved2 urlencode="1"></MReserved2>
    <MReserved3 urlencode="1"></MReserved3>
    <PGReserved1 urlencode="1"></PGReserved1>
    <PGReserved2 urlencode="1"></PGReserved2>
    <PGReserved3 urlencode="1"></PGReserved3>
  </ReservedInfo>
</INIpay>
3DMzl7gUg2tybmT20OfKRKVyeaMKhUH/fsZUqzsh8DT/69/NasGPR+8ZuWV3PtTB
ptDvJ07rcRPo/hgiAdLqzVTy5sjhTQRwAS0BOaRm4MSB22uyLrsTifJVw3NXlu6o
5Z6SbxhVoMbbhEAZ5crxHmJm4KHbW3uTG6JgQomDbO0=
]
INFO	[2021-01-18 10:35:21:76] <9820> VERIFY OK
INFO	[2021-01-18 10:35:21:76] <9820> PARSE HEAD OK
INFO	[2021-01-18 10:35:21:77] <9820> PARSE BODY OK
INFO	[2021-01-18 10:35:21:77] <9820> DECRYPT OK
DEBUG	[2021-01-18 10:35:21:77] <9820> DECRYPT MSG:[<?xml version="1.0" encoding="UTF-8"?>
<CancelInfo>
  <CancelDate>20210118</CancelDate>
  <CancelTime>103521</CancelTime>
  <ResultCode>120000</ResultCode>
  <ResultMsg urlencode="1">%C1%A4%BB%F3%C3%B3%B8%AE%B5%C7%BE%FA%BD%C0%B4%CF%B4%D9.</ResultMsg>
</CancelInfo>]
INFO	[2021-01-18 10:35:21:77] <9820> DECRYPT PARSE OK
INFO	[2021-01-18 10:35:21:77] <9820> END cancel 정상처리되었습니다. Laptime:[0.285sec]
INFO	[2021-01-18 10:35:21:77] <9820> ===============================================================
