INFO	[2021-10-02 17:38:43:776] <23686> START INIPHP receipt (V5036-141209)(OS:Linux2.6.32-754.11.1.el6.x86_64,PHP:5.3.3)
DEBUG	[2021-10-02 17:38:43:776] <23686> inipayhome:/home1/killdeal/public_html/shop/inicis
DEBUG	[2021-10-02 17:38:43:776] <23686> debug:false
DEBUG	[2021-10-02 17:38:43:776] <23686> type:receipt
DEBUG	[2021-10-02 17:38:43:776] <23686> pgid:INIphpRECP
DEBUG	[2021-10-02 17:38:43:776] <23686> paymethod:CASH
DEBUG	[2021-10-02 17:38:43:776] <23686> currency:WON
DEBUG	[2021-10-02 17:38:43:776] <23686> admin:1111
DEBUG	[2021-10-02 17:38:43:776] <23686> mid:fourseason
DEBUG	[2021-10-02 17:38:43:776] <23686> goodname:핫딜2장1세트JXR숨쉬기편한알래스카메쉬귀걸이마스크 외 4건
DEBUG	[2021-10-02 17:38:43:776] <23686> cr_price:165900
DEBUG	[2021-10-02 17:38:43:776] <23686> sup_price:150818
DEBUG	[2021-10-02 17:38:43:776] <23686> tax:15082
DEBUG	[2021-10-02 17:38:43:776] <23686> srvc_price:0
DEBUG	[2021-10-02 17:38:43:776] <23686> buyername:정영석
DEBUG	[2021-10-02 17:38:43:776] <23686> buyeremail:jysdudtjr@naver.com
DEBUG	[2021-10-02 17:38:43:776] <23686> buyertel:010-5261-7450 
DEBUG	[2021-10-02 17:38:43:776] <23686> reg_num:01093497450
DEBUG	[2021-10-02 17:38:43:776] <23686> useopt:0
DEBUG	[2021-10-02 17:38:43:776] <23686> companynumber:
INFO	[2021-10-02 17:38:43:776] <23686> Check Field OK
INFO	[2021-10-02 17:38:43:776] <23686> Make TID OK INIphpRECPfourseason20211002173843762795
INFO	[2021-10-02 17:38:43:776] <23686> PI PUB KEY LOAD OK []
INFO	[2021-10-02 17:38:43:777] <23686> PG PUB KEY LOAD OK [30]
INFO	[2021-10-02 17:38:43:777] <23686> MERCHANT PRIV KEY LOAD OK
INFO	[2021-10-02 17:38:43:777] <23686> MERCHANT PUB KEY LOAD OK [0]
DEBUG	[2021-10-02 17:38:43:777] <23686> MAKE ENCRYPT OK[<?xml version="1.0" encoding="UTF-8"?>
<PaymentInfo>
	  <Payment>
	    <CASH>
	      <CSHR_ApplPrice>165900</CSHR_ApplPrice>
	      <CSHR_SupplyPrice>150818</CSHR_SupplyPrice>
	      <CSHR_Tax>15082</CSHR_Tax>
	      <CSHR_ServicePrice/>
	      <CSHR_Type>0</CSHR_Type>
	      <CSHR_RegNum>01093497450</CSHR_RegNum>
	      <CSHR_CompanyNum/></CASH></Payment></PaymentInfo>]
INFO	[2021-10-02 17:38:43:778] <23686> MAKE BODY OK
INFO	[2021-10-02 17:38:43:778] <23686> SIGN OK
INFO	[2021-10-02 17:38:43:778] <23686> MAKE HEAD OK
INFO	[2021-10-02 17:38:43:778] <23686> MSG_TO_PG:[0199300175D SHA1                   0                                      300200fourseason              165900INIphpRECPfourseason20211002173843762795<?xml version="1.0" encoding="UTF-8"?>
<INIpay>
	  <GoodsInfo>
	    <GoodsCnt>1</GoodsCnt>
	    <MOID/>
	    <Currency>WON</Currency>
	    <Tax>15082</Tax>
	    <TaxFree/>
	    <Goods>
	      <SMID>fourseason</SMID>
	      <GoodsName urlencode="1">%C7%D6%B5%F42%C0%E51%BC%BC%C6%AEJXR%BC%FB%BD%AC%B1%E2%C6%ED%C7%D1%BE%CB%B7%A1%BD%BA%C4%AB%B8%DE%BD%AC%B1%CD%B0%C9%C0%CC%B8%B6%BD%BA%C5%A9+%BF%DC+4%B0%C7</GoodsName>
	      <GoodsPrice>165900</GoodsPrice></Goods></GoodsInfo>
	  <BuyerInfo>
	    <BuyerName urlencode="1">%C1%A4%BF%B5%BC%AE</BuyerName>
	    <BuyerTel>010-5261-7450 </BuyerTel>
	    <BuyerEmail urlencode="1">jysdudtjr%40naver.com</BuyerEmail>
	    <ParentEmail/>
	    <RecvName/>
	    <RecvTel/>
	    <RecvMsg/>
	    <RecvAddr/>
	    <RecvPostNum/></BuyerInfo>
	  <PaymentInfo>
	    <Payment>
	      <PayMethod>CASH</PayMethod>
	      <JoinCard/>
	      <JoinExpire/>
	      <MailOrder/>
	      <SessionKey>3SbSW2Rnatxtziu0Nt15Mv7KwB2c/RrsoVic+ekl6/QFfIyxqw0dp78RkWUKDiLC
EFseSBS5nqXolfWF+mTS6hMi0Ny4C1P2wPZnGA5MIgKOQVmIkSyg7gbE8OBv/glq
t9I8zsdUd14uN0i25Jg5Qt8rmVjziaEdDihngnna49xv6Cw/11BN+A==
</SessionKey>
	      <Encrypted>8gbqyic6tJS2wwvdob+2Y6c5YFRyyWpGSxEZvZTk+5B+s09/38qYQNljVGR+zyd2
Qs80wMQGkeaeUNzrOiE1P15KaQKkaXbNpNf7SyXXf9M3y3wx8JV6NW1bAJAXNrrf
DOz5eQWP8fl93/hwzhIqnlho0wRTJhsEMKotj3aJB+BTp5mtiEYzLDkK02oQyiQF
N9ZDT0r0g94Y0PlRIZb7jDmGjVdDfSEIMg1yIJlE+xJlppieYE0lvMghdjw7l2JN
FCTwS1DMjCelRXk2XmQURqYVk6Xlbeg2H86ROEeyuaY6Xkw6djG1Gha1UhziE5R/
ejl0K5E86npkwfe+y6BjxbDNVdR+CAO0j8UgRUJMRz9NHK6w0M7Nzpq5r/Gn7yZ3
ljxt8EysqYDvAhb10vEY3w4sKhz+DtwHWLJ9OX1NzlBPHoT18Xz/nJN7w7OBnxbr
IbSOhTEFV5X/7y1YjgtnEgvkOIxvkgUSkxk++tv0LGda/Kie07+YSg==
</Encrypted></Payment></PaymentInfo>
	  <ReservedInfo>
	    <MReserved1/>
	    <MReserved2/>
	    <MReserved3/></ReservedInfo>
	  <ManageInfo>
	    <Language/>
	    <URL/>
	    <TXVersion>5036B141209receiLinux     PHPchkfake   2.6.32-754.11.1.el6.x86_64PHP:</TXVersion>
	    <TXUserID/>
	    <TXRegNum/>
	    <Ack>1</Ack></ManageInfo></INIpay>AQDjcZBHwoCccIUP1ETQpi+m+hpb5gZxqESvqdmerpKWPEH8TRJEziKD6UQGlJnO
wnTTjyX5y+193rpP3I1w6C3JmL8tdCJqOmH5gGQK+mo3opfBo9LOIaiFrDQgCf1D
czIpRKZsvh2mQvILSH71tXT4kM2dXEnxMGMh2o9xEiMU
]
INFO	[2021-10-02 17:38:43:778] <23686> DNS LOOKUP OK(203.238.37.3:203.238.37.3:34049) laptime:0
INFO	[2021-10-02 17:38:43:780] <23686> SOCKET CONNECT OK
INFO	[2021-10-02 17:38:43:780] <23686> SEND OK
INFO	[2021-10-02 17:38:43:888] <23686> RECV OK
INFO	[2021-10-02 17:38:43:888] <23686> MSG_FROM_PG:[0173100175D SHA1                   0                                      300210fourseason              165900INIphpRECPfourseason20211002173843762795<?xml version="1.0" encoding="UTF-8"?><INIpay>
<GoodsInfo>
<GoodsCnt>1</GoodsCnt>
<MOID urlencode="1"/>
<Currency>WON</Currency>
<Goods no="1">
<SMID>fourseason</SMID>
<GoodsName urlencode="1">%C7%D6%B5%F42%C0%E51%BC%BC%C6%AEJXR%BC%FB%BD%AC%B1%E2%C6%ED%C7%D1%BE%CB%B7%A1%BD%BA%C4%AB%B8%DE%BD%AC%B1%CD%B0%C9%C0%CC%B8%B6%BD%BA%C5%A9+%BF%DC+4%B0%C7</GoodsName>
<GoodsCntS>1</GoodsCntS>
<GoodsPrice>165900</GoodsPrice>
</Goods>
</GoodsInfo>
<PaymentInfo>
<Payment>
<SessionKey>AJpYsekDnPvTspAR5hcIZdKhNxZCagGfzMmKFS4PgZ+4SHy1hCXYRBYSvU96KGyY
ZBl1oHYGcwGvCvAHE7iKM29pRvy+LrHSV+LpSQkPXYQnd5DTwga7dTA/hZuMX6q8
sYIhwvmgtBt4ekJL0FkcXQNkvka7VQrmv3bhCqtM4ldbBnlqE74r88k=
</SessionKey>
<Encrypted>vpUflstaTPFTdoL9h98h63txo2JDSRdNQ8HmlEfKtYxSEl+2wMs1R9h8y1F4wRVg
f3bEMBlFVSWAns2yqS5sCjngksPNObsNJ1ws/yp0f/D1sJwlMN8C3Sf7+78vx3Vi
fJ8W69RLMQd9+xmbPrbFYTU32e39/SrshbV4T3vqUoYWa7lTW5OJXvRka8JhhWWc
ThThAF8LCprf3+4vC0q8ya9kH9OPPhUcs8dKOny4tkYWZKSqUPKElIU1uUOczUWP
D7NDGt8SEgYDDFW09yZtTb5dLwFxZ0t6p39TPrPqo08pAQn+s4LCcvxNSoh8QiX0
eZiGkIVnrPf+aKnjavsH2Rrv7KWOdPcyYfeM2lEm631oXeoLvFDhCCRjt/qSxEQd
WUo96hcXQZ8TjcIJu0XDAo+mKDu9s37a6SekqQNZNVGZFOf3ZWYhgpSlhaRiNUB4
baikO65lSieI2B8226X1Ghpga7WpHyyKviBhi8xj3bFqqgmca+u+Jc5RwGuSe3Vp
/yfdDYkr3cuoDTAgwAomzyjXExGrRkAF11FrubZJti5n8+7XkWpe5VhTH5I15ZsZ
UcAmfrQosyjKgWzaEh+rhrDRoNi85zAy3lvhSGoSZcCeA6ibw44LwshzhrjPzGRP
e0WMjNPLoWptbyJQZ559UVCsuuUuNXUDX992aS5OiMJXwsNF9u9ilSlk1ljF+JCU
</Encrypted>
<PayMethod>CASH</PayMethod>
<ResultCode>220000</ResultCode>
<ResultMsg urlencode="1">%C1%A4%BB%F3%C3%B3%B8%AE%B5%C7%BE%FA%BD%C0%B4%CF%B4%D9.</ResultMsg>
</Payment>
</PaymentInfo>
<ManageInfo/>
<ReservedInfo>
<MReserved1 urlencode="1"/>
<MReserved2 urlencode="1"/>
<MReserved3 urlencode="1"/>
</ReservedInfo>
</INIpay>
KOVKg0QPApOK4K/jTohnMrjuSOlseMoGx+cCkVMCBXmpcUcUSxVmrVzing5BijPF
9Q6A4VvOznTpn0lFaUOnodUyA/mqHTnLPUwwIlxEphn/Pep2Jgf8bPA53O5DvAb2
qLDBsBEY0jhA8Z62vYUMd0bcgVLLyy7DttkPuuPwwak=
]
INFO	[2021-10-02 17:38:43:888] <23686> VERIFY OK
INFO	[2021-10-02 17:38:43:888] <23686> PARSE HEAD OK
INFO	[2021-10-02 17:38:43:889] <23686> PARSE BODY OK
INFO	[2021-10-02 17:38:43:889] <23686> DECRYPT OK
DEBUG	[2021-10-02 17:38:43:889] <23686> DECRYPT MSG:[<?xml version="1.0" encoding="UTF-8"?><PaymentInfo>
<Payment>
<CASH>
<CSHR_ApplPrice>165900</CSHR_ApplPrice>
<CSHR_SupplyPrice>150818</CSHR_SupplyPrice>
<CSHR_Tax>15082</CSHR_Tax>
<CSHR_ServicePrice/>
<CSHR_Type>0</CSHR_Type>
<CSHR_ApplDate>20211002</CSHR_ApplDate>
<CSHR_ApplTime>173843</CSHR_ApplTime>
<CSHR_ApplNum>267334846</CSHR_ApplNum>
<CSHR_ResultCode>220000</CSHR_ResultCode>
<CSHR_ResultMsg urlencode="1">%C1%A4%BB%F3%C3%B3%B8%AE%B5%C7%BE%FA%BD%C0%B4%CF%B4%D9.</CSHR_ResultMsg>
</CASH>
</Payment>
</PaymentInfo>]
INFO	[2021-10-02 17:38:43:890] <23686> DECRYPT PARSE OK
INFO	[2021-10-02 17:38:43:890] <23686> WAIT ACK INVOKING
DEBUG	[2021-10-02 17:38:43:890] <23686> MAKE HEAD OK
INFO	[2021-10-02 17:38:43:893] <23686> SUCCESS ACK INVOKING
INFO	[2021-10-02 17:38:43:893] <23686> END receipt 정상처리되었습니다. Laptime:[0.117sec]
INFO	[2021-10-02 17:38:43:893] <23686> ===============================================================
