INFO	[2022-08-09 12:40:16:42] <11277> START INIPHP receipt (V5036-141209)(OS:Linux2.6.32-754.11.1.el6.x86_64,PHP:5.3.3)
DEBUG	[2022-08-09 12:40:16:42] <11277> inipayhome:/home1/killdeal/public_html/shop/inicis
DEBUG	[2022-08-09 12:40:16:42] <11277> debug:false
DEBUG	[2022-08-09 12:40:16:42] <11277> type:receipt
DEBUG	[2022-08-09 12:40:16:42] <11277> pgid:INIphpRECP
DEBUG	[2022-08-09 12:40:16:42] <11277> paymethod:CASH
DEBUG	[2022-08-09 12:40:16:42] <11277> currency:WON
DEBUG	[2022-08-09 12:40:16:42] <11277> admin:1111
DEBUG	[2022-08-09 12:40:16:42] <11277> mid:majorgol03
DEBUG	[2022-08-09 12:40:16:42] <11277> goodname:무료교환전시상품아디다스CP트랙션보아남성골프화
DEBUG	[2022-08-09 12:40:16:42] <11277> cr_price:109000
DEBUG	[2022-08-09 12:40:16:42] <11277> sup_price:99091
DEBUG	[2022-08-09 12:40:16:42] <11277> tax:9909
DEBUG	[2022-08-09 12:40:16:42] <11277> srvc_price:0
DEBUG	[2022-08-09 12:40:16:42] <11277> buyername:박현기
DEBUG	[2022-08-09 12:40:16:42] <11277> buyeremail:phg00066000@naver.com
DEBUG	[2022-08-09 12:40:16:42] <11277> buyertel:01063398914
DEBUG	[2022-08-09 12:40:16:42] <11277> reg_num:6812191030111
DEBUG	[2022-08-09 12:40:16:42] <11277> useopt:0
DEBUG	[2022-08-09 12:40:16:42] <11277> companynumber:
INFO	[2022-08-09 12:40:16:42] <11277> Check Field OK
INFO	[2022-08-09 12:40:16:42] <11277> Make TID OK INIphpRECPmajorgol0320220809124016422843
INFO	[2022-08-09 12:40:16:42] <11277> PI PUB KEY LOAD OK []
INFO	[2022-08-09 12:40:16:43] <11277> PG PUB KEY LOAD OK [30]
INFO	[2022-08-09 12:40:16:43] <11277> MERCHANT PRIV KEY LOAD OK
INFO	[2022-08-09 12:40:16:43] <11277> MERCHANT PUB KEY LOAD OK [0]
DEBUG	[2022-08-09 12:40:16:44] <11277> MAKE ENCRYPT OK[<?xml version="1.0" encoding="UTF-8"?>
<PaymentInfo>
	  <Payment>
	    <CASH>
	      <CSHR_ApplPrice>109000</CSHR_ApplPrice>
	      <CSHR_SupplyPrice>99091</CSHR_SupplyPrice>
	      <CSHR_Tax>9909</CSHR_Tax>
	      <CSHR_ServicePrice/>
	      <CSHR_Type>0</CSHR_Type>
	      <CSHR_RegNum>6812191030111</CSHR_RegNum>
	      <CSHR_CompanyNum/></CASH></Payment></PaymentInfo>]
INFO	[2022-08-09 12:40:16:45] <11277> MAKE BODY OK
INFO	[2022-08-09 12:40:16:46] <11277> SIGN OK
INFO	[2022-08-09 12:40:16:46] <11277> MAKE HEAD OK
INFO	[2022-08-09 12:40:16:46] <11277> MSG_TO_PG:[0197300175D SHA1                   0                                      300200majorgol03              109000INIphpRECPmajorgol0320220809124016422843<?xml version="1.0" encoding="UTF-8"?>
<INIpay>
	  <GoodsInfo>
	    <GoodsCnt>1</GoodsCnt>
	    <MOID/>
	    <Currency>WON</Currency>
	    <Tax>9909</Tax>
	    <TaxFree/>
	    <Goods>
	      <SMID>majorgol03</SMID>
	      <GoodsName urlencode="1">%B9%AB%B7%E1%B1%B3%C8%AF%C0%FC%BD%C3%BB%F3%C7%B0%BE%C6%B5%F0%B4%D9%BD%BACP%C6%AE%B7%A2%BC%C7%BA%B8%BE%C6%B3%B2%BC%BA%B0%F1%C7%C1%C8%AD</GoodsName>
	      <GoodsPrice>109000</GoodsPrice></Goods></GoodsInfo>
	  <BuyerInfo>
	    <BuyerName urlencode="1">%B9%DA%C7%F6%B1%E2</BuyerName>
	    <BuyerTel>01063398914</BuyerTel>
	    <BuyerEmail urlencode="1">phg00066000%40naver.com</BuyerEmail>
	    <ParentEmail/>
	    <RecvName/>
	    <RecvTel/>
	    <RecvMsg/>
	    <RecvAddr/>
	    <RecvPostNum/></BuyerInfo>
	  <PaymentInfo>
	    <Payment>
	      <PayMethod>CASH</PayMethod>
	      <JoinCard/>
	      <JoinExpire/>
	      <MailOrder/>
	      <SessionKey>dXSxkp1dTr2SYnpcx8sXLWE70cBgJL5tlAt1gvIMsczLg5DhSA9XLoh4hqUuJwUs
kTKufxOjoMfk7kC8Z3Yugaa07NSdwXTKbNP5B785MdbBf8e+0iZCKQGqfHPtLZVz
Pmk0n7T8Wm3a96bH7YM8fV5ScVauaYw7JpSjtLi2Tzcrp1JmISSbSg==
</SessionKey>
	      <Encrypted>juO0281/JDTG1mQE1oFngqm1lYGtK7fZOylrFt9mDm4X+0RF1mpWJAsRbDKUus1b
CM3BU82rKnnU/Pd0eR0U9zsg19pSVtHdl5UQrB513zjmL7xpn6q9gXcUVGSmt700
hLDC5vGhUC/SIJGxEdQUgd1qJi/ZzM8v7nAVp/mlKLNibIQqWsjzQOnVV++lkji4
WzIIwUafOIIqVKhQiXx7TNvK6YASm8G7Xd+hJRXsElu7zUPz71I4I5SnPHLzch50
jscBhASgjnkT/SABY5vZJ58cVr5T1hXrSFwHcmKuk8BX9afVkLAVw0pfH9nQHu6n
7Pue73kAG2JkIulQlCGs/ZGBPZ9OwMh9QBGvepycnuFEHSCIVtpI4mluU7AtdTwM
InALCd0SQpy3b7Exj6AlhynJoY/WoaVevzoopO64MUiOcJEtZYj8sLQCxqV3537I
jxWwWgzMw3ZKlkOQBdToRV+zug+B0QAuD6gLib/plgnkxfdFcSd7sw==
</Encrypted></Payment></PaymentInfo>
	  <ReservedInfo>
	    <MReserved1/>
	    <MReserved2/>
	    <MReserved3/></ReservedInfo>
	  <ManageInfo>
	    <Language/>
	    <URL/>
	    <TXVersion>5036B141209receiLinux     PHPchkfake   2.6.32-754.11.1.el6.x86_64PHP:</TXVersion>
	    <TXUserID/>
	    <TXRegNum/>
	    <Ack>1</Ack></ManageInfo></INIpay>AIKKxjCOHv4tWsk/IcofnZbqlAFFClshReHZ0LWlB4LBQexeX8sj/sngjVA89xd9
+ltTsgierWs2bqvR8YZuhRULYwu+blnX7NTR2CIp1dltmms8vBBhslCqh1G0h69t
vCPCu1NgGNgQn4pgC5d9HpOSRoRAJefQiAkJyLH2G8JP
]
INFO	[2022-08-09 12:40:16:46] <11277> DNS LOOKUP OK(203.238.37.3:203.238.37.3:34049) laptime:0
INFO	[2022-08-09 12:40:16:49] <11277> SOCKET CONNECT OK
INFO	[2022-08-09 12:40:16:49] <11277> SEND OK
INFO	[2022-08-09 12:40:16:150] <11277> RECV OK
INFO	[2022-08-09 12:40:16:150] <11277> MSG_FROM_PG:[0171300175D SHA1                   0                                      300210majorgol03              109000INIphpRECPmajorgol0320220809124016422843<?xml version="1.0" encoding="UTF-8"?><INIpay>
<GoodsInfo>
<GoodsCnt>1</GoodsCnt>
<MOID urlencode="1"/>
<Currency>WON</Currency>
<Goods no="1">
<SMID>majorgol03</SMID>
<GoodsName urlencode="1">%B9%AB%B7%E1%B1%B3%C8%AF%C0%FC%BD%C3%BB%F3%C7%B0%BE%C6%B5%F0%B4%D9%BD%BACP%C6%AE%B7%A2%BC%C7%BA%B8%BE%C6%B3%B2%BC%BA%B0%F1%C7%C1%C8%AD</GoodsName>
<GoodsCntS>1</GoodsCntS>
<GoodsPrice>109000</GoodsPrice>
</Goods>
</GoodsInfo>
<PaymentInfo>
<Payment>
<SessionKey>AJrg0KSss/faL2pjKBfoPqUrjCVuzR5uYTyPazis2vR4wNDtlA8AO1wMqhzI07nH
VVGBTp8aisDXjUUgESRoGTxEEZ2083kAbgW7ypkJTnzuJ0JY7oW8I1HHxqOyycvc
RQYz07aX3ukaiW66VApaL42pmP4/dj3akVM9V4i7jFpOceLXqIN+DVI=
</SessionKey>
<Encrypted>u1dku5lTOQNgbEfu6kk9riVbRRiii0cXChzL1uuVBAUb6OqysTxeHL49dMxo/tyX
sFNhfwMfbvUe1pQ2FrPFe3t46NXeLWnLoBy9j0daoRF+w2R9mts23f/+XGzxZl59
1z4/KZ8xOtk3j0oU2jLByZayKIByIyOsw173EZ7c0BsJy3r51hJYtC5FQPw0dTbC
wFIFABFO1g0kUxpMORRh9+bdmiLnlsrUsZ30891fVBXpayj2+mDU/cFxFmExfg+S
s7wnsakAvSISg8FVCpn5sR4tWCmdDXc7PxT/Abzsz6K4KddQz/jbOogaSllzg+GY
Y1yonLmcYxlE5cgT5p0C3xbVop4i96lH74XaBuVJlAThcoc9v7k0WybQnngdcU6h
7uY+An6BExEMAfWOAHEq4hO1Vve+cpnm3da4P3DgSASZJeVQtUiH4wkj8oBlmCCp
0ZdcCUlrvGBHkg5lKtJOXZQXxbkPtBqvFO/pBfPM2x52Y5ISTwDBdDKR25UPE9ZR
olRlhDBt25/cFE56ett540RwZ3YTxvCN59IB2Y1GAG8afBWdooTufdLpB/u8E0c3
H2702UwbMh1yZFafUPljsaRVUSsDpMVVPLY/LikQbqufqxH/TODUd7iG2CrTH8Qa
+dz0wZUU3IqtV4eI08IBYGRdKFRwDdNG+Atx6ExbwJh4+und0213eANr1S6hvJiv
</Encrypted>
<PayMethod>CASH</PayMethod>
<ResultCode>220000</ResultCode>
<ResultMsg urlencode="1">%C1%A4%BB%F3%C3%B3%B8%AE%B5%C7%BE%FA%BD%C0%B4%CF%B4%D9.</ResultMsg>
</Payment>
</PaymentInfo>
<ManageInfo/>
<ReservedInfo>
<MReserved1 urlencode="1"/>
<MReserved2 urlencode="1"/>
<MReserved3 urlencode="1"/>
</ReservedInfo>
</INIpay>
GXAsppsU0bMDuXEs//ZFhg2EgxmbzOEshKW4qVqN0FtzVC+lnnZrkvTXUz5jb8sn
iNqhjvflp2XNei1xHNRJFjerZ/uz384DsWXIkB0CsO2D+740YcXAvB5WApfz1xqh
ixJGMbn1N0dyIGI4Rbhdeutzqf+GtMjz3Rw6b/BwaW4=
]
INFO	[2022-08-09 12:40:16:150] <11277> VERIFY OK
INFO	[2022-08-09 12:40:16:150] <11277> PARSE HEAD OK
INFO	[2022-08-09 12:40:16:151] <11277> PARSE BODY OK
INFO	[2022-08-09 12:40:16:152] <11277> DECRYPT OK
DEBUG	[2022-08-09 12:40:16:152] <11277> DECRYPT MSG:[<?xml version="1.0" encoding="UTF-8"?><PaymentInfo>
<Payment>
<CASH>
<CSHR_ApplPrice>109000</CSHR_ApplPrice>
<CSHR_SupplyPrice>99091</CSHR_SupplyPrice>
<CSHR_Tax>9909</CSHR_Tax>
<CSHR_ServicePrice/>
<CSHR_Type>0</CSHR_Type>
<CSHR_ApplDate>20220809</CSHR_ApplDate>
<CSHR_ApplTime>124016</CSHR_ApplTime>
<CSHR_ApplNum>266882458</CSHR_ApplNum>
<CSHR_ResultCode>220000</CSHR_ResultCode>
<CSHR_ResultMsg urlencode="1">%C1%A4%BB%F3%C3%B3%B8%AE%B5%C7%BE%FA%BD%C0%B4%CF%B4%D9.</CSHR_ResultMsg>
</CASH>
</Payment>
</PaymentInfo>]
INFO	[2022-08-09 12:40:16:152] <11277> DECRYPT PARSE OK
INFO	[2022-08-09 12:40:16:152] <11277> WAIT ACK INVOKING
DEBUG	[2022-08-09 12:40:16:152] <11277> MAKE HEAD OK
INFO	[2022-08-09 12:40:16:156] <11277> SUCCESS ACK INVOKING
INFO	[2022-08-09 12:40:16:156] <11277> END receipt 정상처리되었습니다. Laptime:[0.115sec]
INFO	[2022-08-09 12:40:16:156] <11277> ===============================================================
