INFO	[2022-07-10 20:58:22:234] <15813> START INIPHP receipt (V5036-141209)(OS:Linux2.6.32-754.11.1.el6.x86_64,PHP:5.3.3)
DEBUG	[2022-07-10 20:58:22:234] <15813> inipayhome:/home1/killdeal/public_html/shop/inicis
DEBUG	[2022-07-10 20:58:22:234] <15813> debug:false
DEBUG	[2022-07-10 20:58:22:234] <15813> type:receipt
DEBUG	[2022-07-10 20:58:22:234] <15813> pgid:INIphpRECP
DEBUG	[2022-07-10 20:58:22:234] <15813> paymethod:CASH
DEBUG	[2022-07-10 20:58:22:234] <15813> currency:WON
DEBUG	[2022-07-10 20:58:22:234] <15813> admin:1111
DEBUG	[2022-07-10 20:58:22:234] <15813> mid:majorgol03
DEBUG	[2022-07-10 20:58:22:234] <15813> goodname:핫딜2022아디다스SS드라이브솔리드폴로반팔티셔츠H56779H56780
DEBUG	[2022-07-10 20:58:22:234] <15813> cr_price:54600
DEBUG	[2022-07-10 20:58:22:234] <15813> sup_price:49636
DEBUG	[2022-07-10 20:58:22:234] <15813> tax:4964
DEBUG	[2022-07-10 20:58:22:234] <15813> srvc_price:0
DEBUG	[2022-07-10 20:58:22:234] <15813> buyername:김성길
DEBUG	[2022-07-10 20:58:22:234] <15813> buyeremail:otis007@naver.com
DEBUG	[2022-07-10 20:58:22:234] <15813> buyertel:01093687013
DEBUG	[2022-07-10 20:58:22:234] <15813> reg_num:7011121921116
DEBUG	[2022-07-10 20:58:22:234] <15813> useopt:0
DEBUG	[2022-07-10 20:58:22:234] <15813> companynumber:
INFO	[2022-07-10 20:58:22:234] <15813> Check Field OK
INFO	[2022-07-10 20:58:22:235] <15813> Make TID OK INIphpRECPmajorgol0320220710205822355726
INFO	[2022-07-10 20:58:22:235] <15813> PI PUB KEY LOAD OK []
INFO	[2022-07-10 20:58:22:235] <15813> PG PUB KEY LOAD OK [30]
INFO	[2022-07-10 20:58:22:236] <15813> MERCHANT PRIV KEY LOAD OK
INFO	[2022-07-10 20:58:22:236] <15813> MERCHANT PUB KEY LOAD OK [0]
DEBUG	[2022-07-10 20:58:22:237] <15813> MAKE ENCRYPT OK[<?xml version="1.0" encoding="UTF-8"?>
<PaymentInfo>
	  <Payment>
	    <CASH>
	      <CSHR_ApplPrice>54600</CSHR_ApplPrice>
	      <CSHR_SupplyPrice>49636</CSHR_SupplyPrice>
	      <CSHR_Tax>4964</CSHR_Tax>
	      <CSHR_ServicePrice/>
	      <CSHR_Type>0</CSHR_Type>
	      <CSHR_RegNum>7011121921116</CSHR_RegNum>
	      <CSHR_CompanyNum/></CASH></Payment></PaymentInfo>]
INFO	[2022-07-10 20:58:22:237] <15813> MAKE BODY OK
INFO	[2022-07-10 20:58:22:238] <15813> SIGN OK
INFO	[2022-07-10 20:58:22:238] <15813> MAKE HEAD OK
INFO	[2022-07-10 20:58:22:238] <15813> MSG_TO_PG:[0197200175D SHA1                   0                                      300200majorgol03               54600INIphpRECPmajorgol0320220710205822355726<?xml version="1.0" encoding="UTF-8"?>
<INIpay>
	  <GoodsInfo>
	    <GoodsCnt>1</GoodsCnt>
	    <MOID/>
	    <Currency>WON</Currency>
	    <Tax>4964</Tax>
	    <TaxFree/>
	    <Goods>
	      <SMID>majorgol03</SMID>
	      <GoodsName urlencode="1">%C7%D6%B5%F42022%BE%C6%B5%F0%B4%D9%BD%BASS%B5%E5%B6%F3%C0%CC%BA%EA%BC%D6%B8%AE%B5%E5%C6%FA%B7%CE%B9%DD%C6%C8%C6%BC%BC%C5%C3%F7H56779H56780</GoodsName>
	      <GoodsPrice>54600</GoodsPrice></Goods></GoodsInfo>
	  <BuyerInfo>
	    <BuyerName urlencode="1">%B1%E8%BC%BA%B1%E6</BuyerName>
	    <BuyerTel>01093687013</BuyerTel>
	    <BuyerEmail urlencode="1">otis007%40naver.com</BuyerEmail>
	    <ParentEmail/>
	    <RecvName/>
	    <RecvTel/>
	    <RecvMsg/>
	    <RecvAddr/>
	    <RecvPostNum/></BuyerInfo>
	  <PaymentInfo>
	    <Payment>
	      <PayMethod>CASH</PayMethod>
	      <JoinCard/>
	      <JoinExpire/>
	      <MailOrder/>
	      <SessionKey>JWQNpNjQyHE6lwIC4oE1/cFrDlE7616sH2QQykDwPq52gojFzs90esTRzUAB4VIi
rQfeuOaAmfcsx9kIABRKLEUr62iHb4f9YC3XhyAB6eHi4Z7hAhM8LSPWKk70p+Tg
U6zOi/wrx9kz9sTItlbNkyKPrExiRffMd5elmH5IhAKsB7zXsLosag==
</SessionKey>
	      <Encrypted>sAKfRD2UeFhsvk8sgZ4D6yaImCCLr8d1TgbzTMlZt7DVJguH8MEujvNTTLiZAOcv
aTrMwufNQ+TjaCzw9JZZQfVh9ryKXHUKDSs01/D8JAuRx6+twy/fbkR1ucCrzD7S
VjDpHcemJVrblQGD6X6aZSQGKj1T3DehY2WguzjzFm4W/nVeX84O9bEANqyHkqnp
ogpnHa9KBLti7DSdpqikoxJRtr1rGWoagvG9wqrZ688MQE9ykURpEtkJajnpB1JX
DM/xtSZAzviIDKYxfYBnIsj+41R9dhlNphX4y//nN1vMs//1FfdVbRYvzFmBd0b4
G4lhcOGJRmQuQ1CCLoAclT0eI3WJZLdvoQ7l6yFyCT+kPMoppexVyLLq2UCYLKck
T4MftUjsDbNN5tCtUKSVdFwIRFjeR67AgdMKsPRGd2SUdxD0ZH6kBewbn/sdnhqN
saRTiTzPpOvqhuTZz+IuVFRgWbcjhFXLPvmxyMi7W71hV1GA36lTLA==
</Encrypted></Payment></PaymentInfo>
	  <ReservedInfo>
	    <MReserved1/>
	    <MReserved2/>
	    <MReserved3/></ReservedInfo>
	  <ManageInfo>
	    <Language/>
	    <URL/>
	    <TXVersion>5036B141209receiLinux     PHPchkfake   2.6.32-754.11.1.el6.x86_64PHP:</TXVersion>
	    <TXUserID/>
	    <TXRegNum/>
	    <Ack>1</Ack></ManageInfo></INIpay>AOAXXcRYpLiCbmUNecVK5LnHalltlBheRBH8f1YRKEXpxD/UJKmvFWtXAT9nBqzo
v9odorf2rRG2f7MS/MJSgNO+R7KFsuQn5ttOuU0ggA5+8hBgMc84N8j0kGLlcXe8
iytSA5CsKvaTyJoTHDW9YTli1AFp5mRgihD6kH/SkS9e
]
INFO	[2022-07-10 20:58:22:238] <15813> DNS LOOKUP OK(203.238.37.3:203.238.37.3:34049) laptime:0
INFO	[2022-07-10 20:58:22:241] <15813> SOCKET CONNECT OK
INFO	[2022-07-10 20:58:22:241] <15813> SEND OK
INFO	[2022-07-10 20:58:22:335] <15813> RECV OK
INFO	[2022-07-10 20:58:22:335] <15813> MSG_FROM_PG:[0170800175D SHA1                   0                                      300210majorgol03               54600INIphpRECPmajorgol0320220710205822355726<?xml version="1.0" encoding="UTF-8"?><INIpay>
<GoodsInfo>
<GoodsCnt>1</GoodsCnt>
<MOID urlencode="1"/>
<Currency>WON</Currency>
<Goods no="1">
<SMID>majorgol03</SMID>
<GoodsName urlencode="1">%C7%D6%B5%F42022%BE%C6%B5%F0%B4%D9%BD%BASS%B5%E5%B6%F3%C0%CC%BA%EA%BC%D6%B8%AE%B5%E5%C6%FA%B7%CE%B9%DD%C6%C8%C6%BC%BC%C5%C3%F7H56779H56780</GoodsName>
<GoodsCntS>1</GoodsCntS>
<GoodsPrice>54600</GoodsPrice>
</Goods>
</GoodsInfo>
<PaymentInfo>
<Payment>
<SessionKey>ANhHo+6G5sgxzsMKIQLh2O1nFOf1ig1rtuzfZTT2WfDq8r5HuX03o4ejbnkvF/8z
NitOzphcVPXFN+FKRkVz/HS+TDCF6L5Hx1Q6S6dWxZXQRcl53SBrNtJEzEtSBbID
ZV/lJlbAbLbkItNfw2t9VdPENYOLtRI7ti/aGj5VNlk0HdDnNWFUgB8=
</SessionKey>
<Encrypted>5Wl8jz4Fub13spCKsWJqzvqauGlz1p/nVR5qZ67TB8otsG4I4aMsbkvOqOBraLV8
nrArjdxLc50KGhoc62jTTGJbM2QDuu8q0RgJEGG16ntC65V7hIf9jyredbOvOZ9H
yfcDCn+OzH5XF+5sQSdxL5FkIm0DOS27QPHAjTeCGSaj5YnTsj65/vHNQqyJjBDh
OHBSGTwCslt/0qnJag+PLaNmds0FfYTo/cQonwyc6YE2UeJQ/SUJUhIoAQBm+vZP
VarwxiNOyvHSElxp+KeQqnkfLZNgBdBx7i2lujUgqL9irN740vRQPoFtxIxUU865
ybYXGoWaEzGrV86mPl77UD16WIL5KZGOzC9VbJMYw3lIzuF05Hd5kJTrBLhBR5Z3
c41Lx0IdefbJmVEtWpKdWQF+aY6fImh6Efg60Ns8VB/l7zlc/w3nGdy3npIdCu38
zJD1KPNn7G34OMmHUyovEMdz6puP34heEf3kIMp9N6RZkRmoazmHArLeRJctdhHf
/L0q+6ytwqAC4pzQNU58TLi2gtvlUWNf4cQlL2hUApYWqmS6j00vrb+uHj5km+51
Nj6/iUXOxQYku5c98nvX6ubMmOEGPcqAf7JfmOV7OoNQmN1x5QT+KhdR/jcOlNkY
IIFzYwBt6mHsqqW6bFsWfHrkZplw5xcARGPd9iZsjhm4tvs8phkqGA==
</Encrypted>
<PayMethod>CASH</PayMethod>
<ResultCode>220000</ResultCode>
<ResultMsg urlencode="1">%C1%A4%BB%F3%C3%B3%B8%AE%B5%C7%BE%FA%BD%C0%B4%CF%B4%D9.</ResultMsg>
</Payment>
</PaymentInfo>
<ManageInfo/>
<ReservedInfo>
<MReserved1 urlencode="1"/>
<MReserved2 urlencode="1"/>
<MReserved3 urlencode="1"/>
</ReservedInfo>
</INIpay>
YujGn+pOZkBqfLd+PE9+8anKXtfXDqXap8TKspocUnP9epZ4qP04fqRFFZPPW9BK
/IWp7PKtAJANEW9zSwP2CEUR7PTGJ8Q18rxxY2NQcl5MKerwtyCzQPKyTVbak9ro
OoKpnMvA5Wvt+iZkoEpv1oyj7dNcOH7SxQV+7RwCIZY=
]
INFO	[2022-07-10 20:58:22:335] <15813> VERIFY OK
INFO	[2022-07-10 20:58:22:335] <15813> PARSE HEAD OK
INFO	[2022-07-10 20:58:22:336] <15813> PARSE BODY OK
INFO	[2022-07-10 20:58:22:337] <15813> DECRYPT OK
DEBUG	[2022-07-10 20:58:22:337] <15813> DECRYPT MSG:[<?xml version="1.0" encoding="UTF-8"?><PaymentInfo>
<Payment>
<CASH>
<CSHR_ApplPrice>54600</CSHR_ApplPrice>
<CSHR_SupplyPrice>49636</CSHR_SupplyPrice>
<CSHR_Tax>4964</CSHR_Tax>
<CSHR_ServicePrice/>
<CSHR_Type>0</CSHR_Type>
<CSHR_ApplDate>20220710</CSHR_ApplDate>
<CSHR_ApplTime>205821</CSHR_ApplTime>
<CSHR_ApplNum>268247178</CSHR_ApplNum>
<CSHR_ResultCode>220000</CSHR_ResultCode>
<CSHR_ResultMsg urlencode="1">%C1%A4%BB%F3%C3%B3%B8%AE%B5%C7%BE%FA%BD%C0%B4%CF%B4%D9.</CSHR_ResultMsg>
</CASH>
</Payment>
</PaymentInfo>]
INFO	[2022-07-10 20:58:22:337] <15813> DECRYPT PARSE OK
INFO	[2022-07-10 20:58:22:337] <15813> WAIT ACK INVOKING
DEBUG	[2022-07-10 20:58:22:337] <15813> MAKE HEAD OK
INFO	[2022-07-10 20:58:22:341] <15813> SUCCESS ACK INVOKING
INFO	[2022-07-10 20:58:22:341] <15813> END receipt 정상처리되었습니다. Laptime:[0.107sec]
INFO	[2022-07-10 20:58:22:341] <15813> ===============================================================
