INFO	[2022-10-09 01:02:58:269] <22711> START INIPHP cancel (V5036-141209)(OS:Linux2.6.32-754.11.1.el6.x86_64,PHP:5.3.3)
DEBUG	[2022-10-09 01:02:58:269] <22711> inipayhome:/home1/killdeal/public_html/shop/inicis
DEBUG	[2022-10-09 01:02:58:269] <22711> debug:false
DEBUG	[2022-10-09 01:02:58:269] <22711> type:cancel
DEBUG	[2022-10-09 01:02:58:269] <22711> mid:majorgol03
DEBUG	[2022-10-09 01:02:58:269] <22711> admin:1111
DEBUG	[2022-10-09 01:02:58:269] <22711> tid:INIMX_CARDmajorgol0320221009010137275523
DEBUG	[2022-10-09 01:02:58:269] <22711> cancelmsg:주문자 본인 취소-구매의사 없음
INFO	[2022-10-09 01:02:58:269] <22711> Check Field OK
INFO	[2022-10-09 01:02:58:270] <22711> PI PUB KEY LOAD OK []
INFO	[2022-10-09 01:02:58:270] <22711> PG PUB KEY LOAD OK [30]
INFO	[2022-10-09 01:02:58:270] <22711> MERCHANT PRIV KEY LOAD OK
INFO	[2022-10-09 01:02:58:270] <22711> MERCHANT PUB KEY LOAD OK [0]
DEBUG	[2022-10-09 01:02:58:270] <22711> MAKE ENCRYPT OK[<?xml version="1.0" encoding="UTF-8"?>
<CancelInfo>
	  <CancelTID>INIMX_CARDmajorgol0320221009010137275523</CancelTID>
	  <CancelMsg urlencode="1">%C1%D6%B9%AE%C0%DA+%BA%BB%C0%CE+%C3%EB%BC%D2-%B1%B8%B8%C5%C0%C7%BB%E7+%BE%F8%C0%BD</CancelMsg>
	  <CancelReason/></CancelInfo>]
INFO	[2022-10-09 01:02:58:271] <22711> MAKE BODY OK
INFO	[2022-10-09 01:02:58:271] <22711> SIGN OK
INFO	[2022-10-09 01:02:58:271] <22711> MAKE HEAD OK
INFO	[2022-10-09 01:02:58:271] <22711> MSG_TO_PG:[0099400175D SHA1                   0                                      300420majorgol03                    INIMX_CARDmajorgol0320221009010137275523<?xml version="1.0" encoding="UTF-8"?>
<INIpay>
	  <CancelInfo>
	    <SessionKey>oyRr2tUwSH16LKIF/8ofWqdeiCZtk/nj/lwgeZsqNsc4FVXWwQQPIq2DF2AO1R0Y
qhpnUrY/SrQXFfXtJViPbBKfio0nx5ILvlDijYf3mDcH591S/fLYWaBq+FLN1hip
H5srRqVgwz/AdMXkoZbFUY5QTkaxLRelFDlm1kHREGzU4PzXzE5YTw==
</SessionKey>
	    <Encrypted>UQCLcpDpBR4M0WIHv9ckjPwEaaVivvfgU+fxCljlKVLsaDxxgmy3Krn067SYWSW8
wvRjm2zIRUKyHmht77SPKONM85Rz2PRi/F8MmnSNI10HPFikJhIQ9Pdra7jttjxU
ia6r9gs3NfhERaY2luHVg+qZeOta1sqZ9y4thscUtHvuPEM6/tPGWpoHfw917OuP
f8lpC3PoDVNYU6yy0B6Dw3NOSF2xvckqC57txuodKc9XbvqaWlTT4BUWd3hJopYE
ZStHZfdETf4mRg1jJJa2iA9NemukEejIWOVenYQhqYebfD7Xg0HKu8IDQDZ9NMvb
bDhiaIYfTdjZPmT8db4iE5MdViqKJKMtOPUJaiSxYttC49xMAlIpxA==
</Encrypted></CancelInfo>
	  <ReservedInfo>
	    <MReserved1/>
	    <MReserved2/>
	    <MReserved3/></ReservedInfo>
	  <ManageInfo>
	    <Language/>
	    <URL/>
	    <TXVersion>5036B141209canceLinux     PHPchkfake   2.6.32-754.11.1.el6.x86_64PHP:</TXVersion>
	    <TXUserID/>
	    <TXRegNum/></ManageInfo></INIpay>AOoA9bpaFUEzzf6Ilw8F4W0AtXnxIR753XEvEa8m8ySkIWHiRx7xvLqBBcjakAUj
jdpwhkxXV67X7oCItX4/EAxqN6ReqMaV3IOyEmKGblTuntwADOIokYrlCtULHZtK
sjFiK8B8AiLISY4+nbvH5tYMPJiJmBk/BErWmwiHkvEh
]
INFO	[2022-10-09 01:02:58:271] <22711> DNS LOOKUP OK(203.238.37.3:203.238.37.3:34049) laptime:0
INFO	[2022-10-09 01:02:58:274] <22711> SOCKET CONNECT OK
INFO	[2022-10-09 01:02:58:274] <22711> SEND OK
INFO	[2022-10-09 01:02:58:539] <22711> RECV OK
INFO	[2022-10-09 01:02:58:539] <22711> MSG_FROM_PG:[0093300175D SHA1                   0                                      300430majorgol03                    INIMX_CARDmajorgol0320221009010137275523<?xml version="1.0" encoding="UTF-8"?><INIpay>
<CancelInfo>
<ResultCode>120000</ResultCode>
<ResultMsg urlencode="1">%C1%A4%BB%F3%C3%B3%B8%AE%B5%C7%BE%FA%BD%C0%B4%CF%B4%D9.</ResultMsg>
<SessionKey>AIshIEEVpg3SCFqIBnoHIAy8YkqfQHmEitkia4Ax9aP9u8VH2cZd2oIwnpHwFc6l
b825Lwj2zV0qOioCaJWv9CuET40j/903/kL8sD6hFXvnYw2Rn27VE//veQT8M0Pq
8DRyxumMouA/Nisdtqo+ynQeNVD4xnCGS25dPEd0rdO7nwVja8aaaPY=
</SessionKey>
<Encrypted>wUTy+ZHQCf/cjrUGKcNPhATgoCZEewlQiacPilkmCLyplSj8SJwkAnhyivi+ICaD
lHesKO07G0uRycyqrGbQe1gaZeAOsBUtc4KsB71nwPpQxoRNQ4zb1erhXeOx/wCW
jpxQBewlK6d1AvJh5ZZpOTCXa9arqeoYeKGK0N7M3CHA/IIJPBQk++ad1D+y0TL/
B9OSQJYFQlhwNSqPwrCwkN0C4JNEUlHKFMD/odmNQ+kQwEIdpyQG9vzLKA7rcf5P
8CRM2Fr97FWpzvpHKmqbF2IbapRaWhnS9dKTbeXi6aSLNAB5s+FNs+tnJFZb/b2w
OivlMpPinJVEwMErNdTVP39kdoz+jdHy
</Encrypted>
</CancelInfo>
<ManageInfo/>
<ReservedInfo>
<MReserved1 urlencode="1"/>
<MReserved2 urlencode="1"/>
<MReserved3 urlencode="1"/>
</ReservedInfo>
</INIpay>
0kd+raaPeG9sZGLQ1lsnRPOrzLZBFZDKyRUrWq+S7fB0mEyzdl8NhDFwTWEQ16ZQ
lISsNqCiEZ9w2sPPuBgS071dFexQs2FOJP0Mjn8+U3ECMtIupRKGE7PLOgS/9Lm8
SpXu4iKSRcjD5kKXZXumuMISyHSvp6iTf+U7EsgDhOM=
]
INFO	[2022-10-09 01:02:58:539] <22711> VERIFY OK
INFO	[2022-10-09 01:02:58:539] <22711> PARSE HEAD OK
INFO	[2022-10-09 01:02:58:539] <22711> PARSE BODY OK
INFO	[2022-10-09 01:02:58:540] <22711> DECRYPT OK
DEBUG	[2022-10-09 01:02:58:540] <22711> DECRYPT MSG:[<?xml version="1.0" encoding="UTF-8"?><CancelInfo>
<CancelDate>20221009</CancelDate>
<CancelTime>010258</CancelTime>
<ResultCode>120000</ResultCode>
<ResultMsg urlencode="1">%C1%A4%BB%F3%C3%B3%B8%AE%B5%C7%BE%FA%BD%C0%B4%CF%B4%D9.</ResultMsg>
</CancelInfo>]
INFO	[2022-10-09 01:02:58:540] <22711> DECRYPT PARSE OK
INFO	[2022-10-09 01:02:58:540] <22711> END cancel 정상처리되었습니다. Laptime:[0.271sec]
INFO	[2022-10-09 01:02:58:540] <22711> ===============================================================
INFO	[2022-10-09 11:12:39:206] <927> START INIPHP cancel (V5036-141209)(OS:Linux2.6.32-754.11.1.el6.x86_64,PHP:5.3.3)
DEBUG	[2022-10-09 11:12:39:206] <927> inipayhome:/home1/killdeal/public_html/shop/inicis
DEBUG	[2022-10-09 11:12:39:206] <927> debug:false
DEBUG	[2022-10-09 11:12:39:206] <927> type:cancel
DEBUG	[2022-10-09 11:12:39:206] <927> mid:majorgol03
DEBUG	[2022-10-09 11:12:39:206] <927> admin:1111
DEBUG	[2022-10-09 11:12:39:206] <927> tid:INIMX_CARDmajorgol0320221009105206935877
DEBUG	[2022-10-09 11:12:39:206] <927> cancelmsg:주문자 본인 취소-상품옵션 선택 잘못함
INFO	[2022-10-09 11:12:39:206] <927> Check Field OK
INFO	[2022-10-09 11:12:39:206] <927> PI PUB KEY LOAD OK []
INFO	[2022-10-09 11:12:39:206] <927> PG PUB KEY LOAD OK [30]
INFO	[2022-10-09 11:12:39:207] <927> MERCHANT PRIV KEY LOAD OK
INFO	[2022-10-09 11:12:39:207] <927> MERCHANT PUB KEY LOAD OK [0]
DEBUG	[2022-10-09 11:12:39:208] <927> MAKE ENCRYPT OK[<?xml version="1.0" encoding="UTF-8"?>
<CancelInfo>
	  <CancelTID>INIMX_CARDmajorgol0320221009105206935877</CancelTID>
	  <CancelMsg urlencode="1">%C1%D6%B9%AE%C0%DA+%BA%BB%C0%CE+%C3%EB%BC%D2-%BB%F3%C7%B0%BF%C9%BC%C7+%BC%B1%C5%C3+%C0%DF%B8%F8%C7%D4</CancelMsg>
	  <CancelReason/></CancelInfo>]
INFO	[2022-10-09 11:12:39:208] <927> MAKE BODY OK
INFO	[2022-10-09 11:12:39:208] <927> SIGN OK
INFO	[2022-10-09 11:12:39:208] <927> MAKE HEAD OK
INFO	[2022-10-09 11:12:39:208] <927> MSG_TO_PG:[0101500175D SHA1                   0                                      300420majorgol03                    INIMX_CARDmajorgol0320221009105206935877<?xml version="1.0" encoding="UTF-8"?>
<INIpay>
	  <CancelInfo>
	    <SessionKey>1swJx2RQS73wqQ9kSxRHvQHq+H/UIsA6KiCmkn8LWDJrC6JjwSFk3hxjeRfbaAXe
kf9+G5H/zDXu5FcfkCzM8ZndahIsdXLdoz1buAC34uyRESUaZn3h/AuDayuzNffK
w+0/Ya3Cb9u0YEiMuWqbePYo/t8MjbviDGYiSovzOZl1bu+0sVpdOQ==
</SessionKey>
	    <Encrypted>T9Lt6urmV0PGTWQ9eEOm5CFWyML+Ak0d5TffXMS4VsxR7RJTpjHv8dk8cTDRJKVN
aL/LME6SN4vNTqBdgwO26eV95ipUHv+03s4YR3SSaIq6z4lN2PgAm1264S7SzvMK
zPm+5JNo/D78dMiBdvHIzPDZO7KHV/H3Uf3Hcljb/+JFtpn1FPav7XCssRAjBsq0
jTA35bv+9z/UoX8SuU/ZVp1Wiud4DkzdZfrUSZCX+PFaC+IZQCTNtSWeUvviS5Px
Vy/IFF25YaUcb/jXy7k41woTF33dPpI52FKbcLHdm4tYm2zzYoVLVQTjuVWyLjii
P8l2Go34c8zz1PWYkD8EaV2zSJbCUO1Vqq8xuom87Rc6fAem/JbXjg6YFBbdUFn0
ZKle2X5SQwg=
</Encrypted></CancelInfo>
	  <ReservedInfo>
	    <MReserved1/>
	    <MReserved2/>
	    <MReserved3/></ReservedInfo>
	  <ManageInfo>
	    <Language/>
	    <URL/>
	    <TXVersion>5036B141209canceLinux     PHPchkfake   2.6.32-754.11.1.el6.x86_64PHP:</TXVersion>
	    <TXUserID/>
	    <TXRegNum/></ManageInfo></INIpay>AOHaLTzyNjiqpXXSH4Eo41L4yWJDv9z4pzTK7epjK8SSZYzmW2tp6Nn6uB43n7v/
oC4kiVFovzjOI0x/VXgPLcCIf/UiuzBcv4GeGxVD5rTg5aNXjcjmb97fysIVn48J
IbQsI/h7hJp83GAmwTewxPkrUKW9pco7+109DwnJY+8J
]
INFO	[2022-10-09 11:12:39:209] <927> DNS LOOKUP OK(203.238.37.3:203.238.37.3:34049) laptime:0
INFO	[2022-10-09 11:12:39:211] <927> SOCKET CONNECT OK
INFO	[2022-10-09 11:12:39:211] <927> SEND OK
INFO	[2022-10-09 11:12:39:466] <927> RECV OK
INFO	[2022-10-09 11:12:39:466] <927> MSG_FROM_PG:[0093300175D SHA1                   0                                      300430majorgol03                    INIMX_CARDmajorgol0320221009105206935877<?xml version="1.0" encoding="UTF-8"?><INIpay>
<CancelInfo>
<ResultCode>120000</ResultCode>
<ResultMsg urlencode="1">%C1%A4%BB%F3%C3%B3%B8%AE%B5%C7%BE%FA%BD%C0%B4%CF%B4%D9.</ResultMsg>
<SessionKey>AP7cA5VL4cEILkNK58vtRUnnvO+L4n2uNuAos2H6OCJ5yeCbShJHR6SGZn7aNR7B
hlJkCmQGDCjhNQN9AoVzO+QgaFZRQkoGbWKzYzXTbbU9y97c93bUWTUGAoQdoRmJ
Wj/aSMfb/tqqP21aGnECku6kLMeENDr6A818KPGdHH7+qThMBRBIP94=
</SessionKey>
<Encrypted>kKffKwI1dOeJxzGoYOtpDVbqJUPafXYhpEEI+YXlo1XfV7i2eeow8UktBmcp0sR8
c7FcwtAvIA8FL9ys3kau1dNzqlpIlSYAlE75EWHPVfgCqaLdv8YMXcGrpAlN16/c
WFF6GhMk7hbWUJHD4yKZzzz6sgfrDL7bnHrTCBedwJCpD85q6fQ0/eysyw4YZwRg
/BUGm1sQ76TAcAjnxoq60VdqmQ0VBn8NtYHTaloprgm9YV5VDvzRKDnbiSW3vSgh
96kkWfVia3063Y3wm/dayW8b6JGM5t1GRQxbqUaGmgx5TybN9el1xFOsRpaBEGTQ
d/RfZFUBxHcWc8egebU/J5g4U3OfQq13
</Encrypted>
</CancelInfo>
<ManageInfo/>
<ReservedInfo>
<MReserved1 urlencode="1"/>
<MReserved2 urlencode="1"/>
<MReserved3 urlencode="1"/>
</ReservedInfo>
</INIpay>
EUe0zS1lrLzDzdbeP7pLTBu9XeYE0CYJmr+48h4GGk1AdruYghiWNN0JsemWhLVo
g4K5L5SNlEivilaqBEgMn3ZOfvNoDNfZ/ZuzZI5/u8UlP5ewPilO0gQpVBeh4l3W
k6OUj3Gc/eJWNn/AYLycFKqtil1uzCHxwuLOt1fUI/w=
]
INFO	[2022-10-09 11:12:39:466] <927> VERIFY OK
INFO	[2022-10-09 11:12:39:466] <927> PARSE HEAD OK
INFO	[2022-10-09 11:12:39:466] <927> PARSE BODY OK
INFO	[2022-10-09 11:12:39:467] <927> DECRYPT OK
DEBUG	[2022-10-09 11:12:39:467] <927> DECRYPT MSG:[<?xml version="1.0" encoding="UTF-8"?><CancelInfo>
<CancelDate>20221009</CancelDate>
<CancelTime>111239</CancelTime>
<ResultCode>120000</ResultCode>
<ResultMsg urlencode="1">%C1%A4%BB%F3%C3%B3%B8%AE%B5%C7%BE%FA%BD%C0%B4%CF%B4%D9.</ResultMsg>
</CancelInfo>]
INFO	[2022-10-09 11:12:39:467] <927> DECRYPT PARSE OK
INFO	[2022-10-09 11:12:39:467] <927> END cancel 정상처리되었습니다. Laptime:[0.262sec]
INFO	[2022-10-09 11:12:39:467] <927> ===============================================================
