INFO	[2022-04-27 16:34:11:537] <4538> START INIPHP repay (V5036-141209)(OS:Linux2.6.32-754.11.1.el6.x86_64,PHP:5.3.3)
DEBUG	[2022-04-27 16:34:11:537] <4538> inipayhome:/home1/killdeal/public_html/shop/inicis
DEBUG	[2022-04-27 16:34:11:537] <4538> debug:false
DEBUG	[2022-04-27 16:34:11:537] <4538> type:repay
DEBUG	[2022-04-27 16:34:11:537] <4538> pgid:INIphpRPAY
DEBUG	[2022-04-27 16:34:11:537] <4538> subpgip:203.238.3.10
DEBUG	[2022-04-27 16:34:11:537] <4538> mid:majorgol03
DEBUG	[2022-04-27 16:34:11:537] <4538> admin:1111
DEBUG	[2022-04-27 16:34:11:537] <4538> oldtid:StdpayCARDmajorgol0320220422144122327420
DEBUG	[2022-04-27 16:34:11:537] <4538> currency:WON
DEBUG	[2022-04-27 16:34:11:537] <4538> price:37900
DEBUG	[2022-04-27 16:34:11:537] <4538> confirm_price:16050
DEBUG	[2022-04-27 16:34:11:537] <4538> buyeremail:rjtkd4567@naver.com
DEBUG	[2022-04-27 16:34:11:537] <4538> tax:3445
DEBUG	[2022-04-27 16:34:11:537] <4538> taxfree:0
INFO	[2022-04-27 16:34:11:537] <4538> Check Field OK
INFO	[2022-04-27 16:34:11:537] <4538> Make TID OK INIphpRPAYmajorgol0320220427163411379034
INFO	[2022-04-27 16:34:11:537] <4538> PI PUB KEY LOAD OK []
INFO	[2022-04-27 16:34:11:538] <4538> PG PUB KEY LOAD OK [30]
INFO	[2022-04-27 16:34:11:538] <4538> MERCHANT PRIV KEY LOAD OK
INFO	[2022-04-27 16:34:11:538] <4538> MERCHANT PUB KEY LOAD OK [0]
DEBUG	[2022-04-27 16:34:11:538] <4538> MAKE ENCRYPT OK[<?xml version="1.0" encoding="UTF-8"?>
<PartCancelInfo>
	  <PRTC_TID>StdpayCARDmajorgol0320220422144122327420</PRTC_TID>
	  <PRTC_Price>37900</PRTC_Price>
	  <PRTC_Remains>16050</PRTC_Remains>
	  <PRTC_Quota/>
	  <PRTC_Interest/>
	  <PRTC_NoAcctFNBC/>
	  <PRTC_NmAcctFNBC/></PartCancelInfo>]
INFO	[2022-04-27 16:34:11:538] <4538> MAKE BODY OK
INFO	[2022-04-27 16:34:11:539] <4538> SIGN OK
INFO	[2022-04-27 16:34:11:539] <4538> MAKE HEAD OK
INFO	[2022-04-27 16:34:11:539] <4538> MSG_TO_PG:[0111700175D SHA1                   0                                      300620majorgol03               37900INIphpRPAYmajorgol0320220427163411379034<?xml version="1.0" encoding="UTF-8"?>
<INIpay>
	  <PartCancelInfo>
	    <SessionKey>V3xbHrtxKQ2rrbqkoUFTkfRpn1r6KYukjcO6TD00IrFDoYbMdsENMjuSucErBwlE
ut0uW1P2rPJPVS3nx+zpQFk6g+/mC/9qzZVA5auhkpbsMXjYFvJX5hdXMfBtu1Vh
hxRJsDATaK16nnhHLhkfXYcbak10vLY0sYEd/NvwPQsSJfog44y1Qw==
</SessionKey>
	    <Encrypted>Iz2thIHtdXAdRrol/P3e6Tx+AYAbfNB2dASYJyBNfklnMsSRvLNx4r1vK0byAuVj
cnpoMhlzhOwhY/XxxDBIFtIjsTwqSgkxSIGYydDrEPc2EDEdzzh8KgwitDXMUsUl
u2FzObGmcDszs0qNlyaQLCVG5S7/WGM1nPrKYlP1i4nY3JpU4S8XZG3yyCrTDrLi
NPxX/RqcqWkE22Y1LJ/Z7PgZ5GLG8HJOl298TYON8lad5WOoUIPfzb2sI3myTOAD
2OJZQ4f+2SgExBZVQijQd/8bQr0ZnuRP1GtoYMcE0EvqcCR2Idv2mvpxD/biL2Fu
LqMd6tpfgo8lzpM4MCMdKc4pGf009reGAZsPGHDX/TF7Y3eU3C/RqWjuXxIoK+NZ
rm9mPp8ETpw=
</Encrypted></PartCancelInfo>
	  <GoodsInfo>
	    <Tax>3445</Tax>
	    <TaxFree/>
	    <Currency>WON</Currency></GoodsInfo>
	  <ReservedInfo>
	    <MReserved1/>
	    <MReserved2/>
	    <MReserved3/></ReservedInfo>
	  <ManageInfo>
	    <Language/>
	    <URL/>
	    <TXVersion>5036B141209repayLinux     PHPchkfake   2.6.32-754.11.1.el6.x86_64PHP:</TXVersion>
	    <TXUserID/>
	    <TXRegNum/></ManageInfo></INIpay>AQeTuZ64gakJrK8C24RErpUcUqwsFTaQahhk52lY0mRVR0nict2xs74bfh7PRvI9
wyJ0k6fMA7qevOyZYAx0J22pFSPtOTdZPEKz9j1XVpR3jWYqEEE0twnW3Q0tQ4Qi
1ynm2TzkGkIJXrKG5osiNu8CiNCGoGMXKdUBPQ4X1eAs
]
INFO	[2022-04-27 16:34:11:539] <4538> DNS LOOKUP OK(203.238.37.3:203.238.37.3:34049) laptime:0
INFO	[2022-04-27 16:34:11:542] <4538> SOCKET CONNECT OK
INFO	[2022-04-27 16:34:11:542] <4538> SEND OK
INFO	[2022-04-27 16:34:11:798] <4538> RECV OK
INFO	[2022-04-27 16:34:11:798] <4538> MSG_FROM_PG:[0098000175D SHA1                   0                                      300630majorgol03               37900INIphpRPAYmajorgol0320220427163411379034<?xml version="1.0" encoding="UTF-8"?><INIpay>
<PartCancelInfo>
<PayMethod>Card</PayMethod>
<ResultCode>120000</ResultCode>
<ResultMsg urlencode="1">%C1%A4%BB%F3%C3%B3%B8%AE%B5%C7%BE%FA%BD%C0%B4%CF%B4%D9.</ResultMsg>
<SessionKey>ARKZu+jfZXgrfnfGlYqEFX8moS5yuT9tQhPue3rPB9WE4te8rqv11Oo1qCRUQ/Ut
cJJqFotbMttE17D+S7ubf/b/XiNn4R1YtcDnIHK7H0VoFTVZDFLyueZCFxWp1eH5
ySaNhONNRGDH5tkSgX28NzbaC/SmRPV/Io7qcvf5dZLZgLMyRJcTlj0=
</SessionKey>
<Encrypted>Dw470VEG5PgKFh/nPbkwiIGvLd2q+90LBIq/Ea3OuDDr/taQyWU2EfZZG67h4agj
9UxDqamz5iqiIZUs1Bw+8/1fLDWlFFV/NclfKYbH+/O0WW1nG2MtbQ7z/LpDq7BB
uU1VhIPnaE8f2JSlxKCgyKU/gseQYUDqWe85rUzzPF0MpJVXVSORn6WyPXg+wOWz
1MbdjsgCsSRzYaR4hcRPWllL/MSl74ws2/pu4WYq0LljezjjWbPl84SFfFxeSvhu
WobPfdJZJDDlG1LA13pnw73c5sQB0QzXZD5lUcutokE4UCf83ma8JrMQM7JU3f5a
iWJrm2DmvDNoNeCZZfpV61bDe7H8KNzl1nmjgeX5iMH7JI2asib42BB/7ztwENtC
ihUWkldNGhZLmPtynWJhbsGEdBVJGwclXVKtglefPrQ9u0mm4JvvCibdk5PSkyLq
8c2H6oGJWsE=
</Encrypted>
</PartCancelInfo>
<ManageInfo/>
<ReservedInfo/>
</INIpay>
QEcCs88pKr0iYJnuhKclFCA7I4muSIcAhhrfwKwkI9vN8J6exjNS6qsCl6EfNRtS
xNht39V7w1t9VM2++ULP0avw5OFVvKbek8Is+m718MawaPNsN+MDH7tOd/P27LYe
vUar/1vcn6jNoYh1lgpBc2SPUTXapLUoxHvRKUMwu1o=
]
INFO	[2022-04-27 16:34:11:798] <4538> VERIFY OK
INFO	[2022-04-27 16:34:11:798] <4538> PARSE HEAD OK
INFO	[2022-04-27 16:34:11:798] <4538> PARSE BODY OK
INFO	[2022-04-27 16:34:11:799] <4538> DECRYPT OK
DEBUG	[2022-04-27 16:34:11:799] <4538> DECRYPT MSG:[<?xml version="1.0" encoding="UTF-8"?><PartCancelInfo>
<PRTC_TID>StdpayCARDmajorgol0320220422144122327420</PRTC_TID>
<PRTC_Price>37900</PRTC_Price>
<PRTC_Remains>16050</PRTC_Remains>
<PRTC_Quota>00</PRTC_Quota>
<PRTC_Type>1</PRTC_Type>
<CancelDate>20220427</CancelDate>
<CancelTime>163411</CancelTime>
<PRTC_Cnt>1</PRTC_Cnt>
</PartCancelInfo>]
INFO	[2022-04-27 16:34:11:799] <4538> DECRYPT PARSE OK
INFO	[2022-04-27 16:34:11:799] <4538> END repay 정상처리되었습니다. Laptime:[0.262sec]
INFO	[2022-04-27 16:34:11:799] <4538> ===============================================================
