INFO	[2022-01-27 15:36:44:626] <24381> START INIPHP cancel (V5036-141209)(OS:Linux2.6.32-754.11.1.el6.x86_64,PHP:5.3.3)
DEBUG	[2022-01-27 15:36:44:626] <24381> inipayhome:/home1/killdeal/public_html/shop/inicis
DEBUG	[2022-01-27 15:36:44:626] <24381> debug:false
DEBUG	[2022-01-27 15:36:44:626] <24381> type:cancel
DEBUG	[2022-01-27 15:36:44:626] <24381> mid:majorgol03
DEBUG	[2022-01-27 15:36:44:626] <24381> admin:1111
DEBUG	[2022-01-27 15:36:44:626] <24381> tid:StdpayISP_majorgol0320220127153554933174
DEBUG	[2022-01-27 15:36:44:626] <24381> cancelmsg:주문자 본인 취소-구매의사 없음
INFO	[2022-01-27 15:36:44:626] <24381> Check Field OK
INFO	[2022-01-27 15:36:44:626] <24381> PI PUB KEY LOAD OK []
INFO	[2022-01-27 15:36:44:627] <24381> PG PUB KEY LOAD OK [30]
INFO	[2022-01-27 15:36:44:627] <24381> MERCHANT PRIV KEY LOAD OK
INFO	[2022-01-27 15:36:44:627] <24381> MERCHANT PUB KEY LOAD OK [0]
DEBUG	[2022-01-27 15:36:44:628] <24381> MAKE ENCRYPT OK[<?xml version="1.0" encoding="UTF-8"?>
<CancelInfo>
	  <CancelTID>StdpayISP_majorgol0320220127153554933174</CancelTID>
	  <CancelMsg urlencode="1">%C1%D6%B9%AE%C0%DA+%BA%BB%C0%CE+%C3%EB%BC%D2-%B1%B8%B8%C5%C0%C7%BB%E7+%BE%F8%C0%BD</CancelMsg>
	  <CancelReason/></CancelInfo>]
INFO	[2022-01-27 15:36:44:628] <24381> MAKE BODY OK
INFO	[2022-01-27 15:36:44:628] <24381> SIGN OK
INFO	[2022-01-27 15:36:44:628] <24381> MAKE HEAD OK
INFO	[2022-01-27 15:36:44:628] <24381> MSG_TO_PG:[0099400175D SHA1                   0                                      300420majorgol03                    StdpayISP_majorgol0320220127153554933174<?xml version="1.0" encoding="UTF-8"?>
<INIpay>
	  <CancelInfo>
	    <SessionKey>0ITvQxDFXDaUxbL0Gf5Js9sOWCTaxQcBdF6CD3Ho2+QlBAFDfTst21QL5Xk1am2k
u0pkm1eCZTwNQXncVHdEljRz+cRQdx2jOS//mTAPUQdzHO705QZVqbeBHB5EqwTo
2N6G9TkzlU2WqhPfDmJwRSJEzQ4alQqoLtcqQE0VvztLM5h/DJVJIQ==
</SessionKey>
	    <Encrypted>E8DexrP+ymh4Xn020tCiDwjwyt5G4nzYIkmVjXZrwfo2Xz2be4V6jqYOAw9aZWV2
0ocsfpI6GMKR9EuUMkGoZcOxBlDzf1Ic3M3ynu/EKKrIL8O/suvh0STZskSIonmB
5NWoW6/EaUOTvaToR/3yGhINGOpfqIEl1fiDS+brrKm8VkWkiePSaj80Tz476KiN
fKN1WJsP/XTfPXqKx+7TY9PJnt1RaUdnFU+TDeZrrg8TnUIg/et/h6tPJCsIh54h
Fd+obqxne0ZK8i9ZbL1l9wi51wHlvIeurrLWDDPazJU7o7S1Z0ky20yRPbwf7s7o
ZTQVC61c5cy2ynpjrrWgt542PdVg16RHL+L+DxA8OwC3h0YzuY8ckQ==
</Encrypted></CancelInfo>
	  <ReservedInfo>
	    <MReserved1/>
	    <MReserved2/>
	    <MReserved3/></ReservedInfo>
	  <ManageInfo>
	    <Language/>
	    <URL/>
	    <TXVersion>5036B141209canceLinux     PHPchkfake   2.6.32-754.11.1.el6.x86_64PHP:</TXVersion>
	    <TXUserID/>
	    <TXRegNum/></ManageInfo></INIpay>AQ7ORyLRSZ0N6bTMwzgeu7PpfY8J4TAY0L2B2NBY0jOC2gRhYrmxSRJQOy27z6ri
0q6O75LWoj+OAagOlSlk3Vb2QU69MUjidlv6gWyXKy9miQp7YM+c64Y9jKJjL2Vh
cNQF5jU5PWzSJInzAN26ZbFEvZ2uTyDqNzIRf3F+NcRZ
]
INFO	[2022-01-27 15:36:44:628] <24381> DNS LOOKUP OK(203.238.37.3:203.238.37.3:34049) laptime:0
INFO	[2022-01-27 15:36:44:631] <24381> SOCKET CONNECT OK
INFO	[2022-01-27 15:36:44:631] <24381> SEND OK
INFO	[2022-01-27 15:36:45:102] <24381> RECV OK
INFO	[2022-01-27 15:36:45:102] <24381> MSG_FROM_PG:[0086100175D SHA1                   0                                      300430majorgol03                    StdpayISP_majorgol0320220127153554933174<?xml version="1.0" encoding="UTF-8"?><INIpay>
<CancelInfo>
<ResultCode>170000</ResultCode>
<ResultMsg urlencode="1">%C1%A4%BB%F3%BF%CF%B7%E1</ResultMsg>
<SessionKey>ASC6visukgKN4RS+aqPLRhn/UvBro+6cYSBNmcgSiqUTovWM03f7cq5Qd0Zml7so
HMzPijOkmK8VKuEMnG+W0GnlvP/Du8T3gqkd78mMSEJq6DvzQEquWMd7BYolXSs0
a/nuKzgk/JZnxnJTLdD41WvXrduwk6r640UU+I9ly0O9Op1DFXvBK6U=
</SessionKey>
<Encrypted>r5KlMiD5ZYZXmbdJDDUoPP+WSrj3XWHBH6xNMDXlYVGx5tEUmKBiKhSJojbK1A3B
3s1wmi9r7Nbv/iFq2lYeVztLGTM0bWDWqU7UFg/TfRGNi11sZeUf6ymnYHsZbrq4
Orj8R6aFB8+fAMvlgTips9vqy67opdcCM5fxFJqliugW9Z3HVU5pgLgP/KMusha8
ib45hBlNwI6i4o1dhP9HCUFZhMGI8tpztZqmeCx5Fxo7WoOfeFULCehAZNPBV+cv
jwjfyL7awQ9VRGWDzRdePsLAjU+M9HzUlkz4uIKxcbn5qoA4r4HMwA==
</Encrypted>
</CancelInfo>
<ManageInfo/>
<ReservedInfo>
<MReserved1 urlencode="1"/>
<MReserved2 urlencode="1"/>
<MReserved3 urlencode="1"/>
</ReservedInfo>
</INIpay>
pyA0NGpxBPH2rCRMKoCLULs+QM85V95T54Jz2SHNxA6n0L4puSHeKpYff8xXWFyy
LGAmWqZBmhK9YpZeK7jdn2fvVUuBoZDTxGQpGm78z8jRfAVgSGuww6n3hLyz9cJv
FroOb1T/C8T2Hab4qKNJqRav9601rHgl2iRNF5WT8Og=
]
INFO	[2022-01-27 15:36:45:102] <24381> VERIFY OK
INFO	[2022-01-27 15:36:45:102] <24381> PARSE HEAD OK
INFO	[2022-01-27 15:36:45:103] <24381> PARSE BODY OK
INFO	[2022-01-27 15:36:45:103] <24381> DECRYPT OK
DEBUG	[2022-01-27 15:36:45:103] <24381> DECRYPT MSG:[<?xml version="1.0" encoding="UTF-8"?><CancelInfo>
<CancelDate>20220127</CancelDate>
<CancelTime>153645</CancelTime>
<ResultCode>170000</ResultCode>
<ResultMsg urlencode="1">%C1%A4%BB%F3%BF%CF%B7%E1</ResultMsg>
</CancelInfo>]
INFO	[2022-01-27 15:36:45:103] <24381> DECRYPT PARSE OK
INFO	[2022-01-27 15:36:45:103] <24381> END cancel 정상완료 Laptime:[0.477sec]
INFO	[2022-01-27 15:36:45:103] <24381> ===============================================================
INFO	[2022-01-27 15:51:40:471] <9172> START INIPHP cancel (V5036-141209)(OS:Linux2.6.32-754.11.1.el6.x86_64,PHP:5.3.3)
DEBUG	[2022-01-27 15:51:40:471] <9172> inipayhome:/home1/killdeal/public_html/shop/inicis
DEBUG	[2022-01-27 15:51:40:471] <9172> debug:false
DEBUG	[2022-01-27 15:51:40:471] <9172> type:cancel
DEBUG	[2022-01-27 15:51:40:471] <9172> mid:majorgol03
DEBUG	[2022-01-27 15:51:40:471] <9172> admin:1111
DEBUG	[2022-01-27 15:51:40:471] <9172> tid:INIMX_ISP_majorgol0320220127155034584260
DEBUG	[2022-01-27 15:51:40:471] <9172> cancelmsg:주문자 본인 취소-구매의사 없음
INFO	[2022-01-27 15:51:40:471] <9172> Check Field OK
INFO	[2022-01-27 15:51:40:471] <9172> PI PUB KEY LOAD OK []
INFO	[2022-01-27 15:51:40:471] <9172> PG PUB KEY LOAD OK [30]
INFO	[2022-01-27 15:51:40:471] <9172> MERCHANT PRIV KEY LOAD OK
INFO	[2022-01-27 15:51:40:471] <9172> MERCHANT PUB KEY LOAD OK [0]
DEBUG	[2022-01-27 15:51:40:472] <9172> MAKE ENCRYPT OK[<?xml version="1.0" encoding="UTF-8"?>
<CancelInfo>
	  <CancelTID>INIMX_ISP_majorgol0320220127155034584260</CancelTID>
	  <CancelMsg urlencode="1">%C1%D6%B9%AE%C0%DA+%BA%BB%C0%CE+%C3%EB%BC%D2-%B1%B8%B8%C5%C0%C7%BB%E7+%BE%F8%C0%BD</CancelMsg>
	  <CancelReason/></CancelInfo>]
INFO	[2022-01-27 15:51:40:472] <9172> MAKE BODY OK
INFO	[2022-01-27 15:51:40:472] <9172> SIGN OK
INFO	[2022-01-27 15:51:40:472] <9172> MAKE HEAD OK
INFO	[2022-01-27 15:51:40:472] <9172> MSG_TO_PG:[0099400175D SHA1                   0                                      300420majorgol03                    INIMX_ISP_majorgol0320220127155034584260<?xml version="1.0" encoding="UTF-8"?>
<INIpay>
	  <CancelInfo>
	    <SessionKey>fvvxW2Cs1aBOSlj5io5uxTuzF+6rGg2nQ/dwjzzKCpx16lrQFXYZ8bM3jCdzsqJT
Qv125gaZo4PmCU9FxhWKx04ZPBsiWb6unKfi05oQcxnUZp7AHGdwRZ1VZLzg1sPc
PTY96fnSKJdmHo/AIng8BFAK+nY5e2wbb0OTwk2/B5prQrRSL8tOTA==
</SessionKey>
	    <Encrypted>zkf0Mkd6DexoZyUuxyRzLp2u/XAbKC5w/o/XYy6yWwB3oAWE25uGSx8dBw1gTIvC
6/SQGk/FJkI8UZyaMK7cZrTdC8SejaueWgbEtFlLLvRfHMb8bGAaicZtyLc5r4rK
7Bt/BADjg3p7y1wDJCBVVP1fLZWSaTuQuEfF6GpZlleDpYWgKPh4yfKRQKfIKyUc
U1opQw0oh+kTacSE8gEAp58Pv2t/IPlYzKY6hMUpCZ8kpnV6G+HUXry5FsTIuqMz
9Xc6ViTNjJg2dFqunFRB/FAbIHU2u1xIRz/lkD8a6w7/9cJw2X/BA2egLS7mpqak
1Q+ACx3CQQCYSMtv+typ5h2YN0xT5qzVEdt9/dwbw4IS8oCJeqSxjQ==
</Encrypted></CancelInfo>
	  <ReservedInfo>
	    <MReserved1/>
	    <MReserved2/>
	    <MReserved3/></ReservedInfo>
	  <ManageInfo>
	    <Language/>
	    <URL/>
	    <TXVersion>5036B141209canceLinux     PHPchkfake   2.6.32-754.11.1.el6.x86_64PHP:</TXVersion>
	    <TXUserID/>
	    <TXRegNum/></ManageInfo></INIpay>AANRdLAS+W5tSAeiJ6oAqCQtplUJNszaLMvqP4JNJJczJm/Pw2sP3gcOE7V+iH59
qePkDKfkuoTgGQpKmfJcimTP8c9aO5NnWQ15oo+b2WosIJ6/2hIlwgmJKBfQ4cwR
sICuEdoHSGtDZDXwN5LlFhVlTJMGqJuJQ1ORduyPsiIn
]
INFO	[2022-01-27 15:51:40:473] <9172> DNS LOOKUP OK(203.238.37.3:203.238.37.3:34049) laptime:0
INFO	[2022-01-27 15:51:40:475] <9172> SOCKET CONNECT OK
INFO	[2022-01-27 15:51:40:475] <9172> SEND OK
INFO	[2022-01-27 15:51:41:4] <9172> RECV OK
INFO	[2022-01-27 15:51:41:4] <9172> MSG_FROM_PG:[0086100175D SHA1                   0                                      300430majorgol03                    INIMX_ISP_majorgol0320220127155034584260<?xml version="1.0" encoding="UTF-8"?><INIpay>
<CancelInfo>
<ResultCode>170000</ResultCode>
<ResultMsg urlencode="1">%C1%A4%BB%F3%BF%CF%B7%E1</ResultMsg>
<SessionKey>AOrEpSaoEdNql0EjFCtPDLLscUHhi0efqg9iry1K5AduaCsU+fsB9lkr1Dzxd6wf
lCQI+1H6k6CNLePA0tl7oL3MROpY+j8yBANGO/EY76K8O29z6C5dQ1t3eyIxTQNh
FMsDhjL93psqYYwoN47HW2uIaZc2150osJrdnpkHR4g9zwDZzs/PiLo=
</SessionKey>
<Encrypted>4pCOrsTTKERUqnHEZXa3udc7RSWd4TXSF8dz5wQ9Ya4WV5f6/x13LGZi6Ne4al26
+0yWSLlIQ/UPnYnYwByIJhJdUo+m4hQReqP4XmHgMaPfg1JMvwzQoWiCjp6CFQWy
INDnuB5eg34w0uu5Jbx7A0BoyEUIGwTbwAaeiawyAX46ychDYR+crxriCl9+XvJO
EKXTSWbsQpHx6ZX+LWhTw5OtHoeLYNmL2UOifLdjIJ1DsOIosSjqpaFNcRrGl+Zl
4XBXbf9R/uE97YVFKRAdm7XgpuvDeG8pNmH9eFJlF5dT+S+YzqZ3xQ==
</Encrypted>
</CancelInfo>
<ManageInfo/>
<ReservedInfo>
<MReserved1 urlencode="1"/>
<MReserved2 urlencode="1"/>
<MReserved3 urlencode="1"/>
</ReservedInfo>
</INIpay>
OcSdOBEhsVLtrKGtVfr11J9WT0vMTuJoZ9ns3L7F5APoODXzrHuy5Z8ZsNR/+3L6
QPx5yDnOkycNZUF9nMLuBj6N0GXjC0Rh57CYOmxQZ53IctuA3R4PhkKdrUwDz3gK
QDbYGA2p2RjK7erhxcCQ90U3ulvHfgx1oJx5ON3wDIA=
]
INFO	[2022-01-27 15:51:41:5] <9172> VERIFY OK
INFO	[2022-01-27 15:51:41:5] <9172> PARSE HEAD OK
INFO	[2022-01-27 15:51:41:5] <9172> PARSE BODY OK
INFO	[2022-01-27 15:51:41:6] <9172> DECRYPT OK
DEBUG	[2022-01-27 15:51:41:6] <9172> DECRYPT MSG:[<?xml version="1.0" encoding="UTF-8"?><CancelInfo>
<CancelDate>20220127</CancelDate>
<CancelTime>155141</CancelTime>
<ResultCode>170000</ResultCode>
<ResultMsg urlencode="1">%C1%A4%BB%F3%BF%CF%B7%E1</ResultMsg>
</CancelInfo>]
INFO	[2022-01-27 15:51:41:6] <9172> DECRYPT PARSE OK
INFO	[2022-01-27 15:51:41:6] <9172> END cancel 정상완료 Laptime:[0.535sec]
INFO	[2022-01-27 15:51:41:6] <9172> ===============================================================
