INFO	[2021-09-06 15:33:05:57] <23804> START INIPHP receipt (V5036-141209)(OS:Linux2.6.32-754.11.1.el6.x86_64,PHP:5.3.3)
DEBUG	[2021-09-06 15:33:05:57] <23804> inipayhome:/home1/killdeal/public_html/shop/inicis
DEBUG	[2021-09-06 15:33:05:57] <23804> debug:false
DEBUG	[2021-09-06 15:33:05:57] <23804> type:receipt
DEBUG	[2021-09-06 15:33:05:57] <23804> pgid:INIphpRECP
DEBUG	[2021-09-06 15:33:05:57] <23804> paymethod:CASH
DEBUG	[2021-09-06 15:33:05:57] <23804> currency:WON
DEBUG	[2021-09-06 15:33:05:57] <23804> admin:1111
DEBUG	[2021-09-06 15:33:05:57] <23804> mid:majorgol03
DEBUG	[2021-09-06 15:33:05:57] <23804> goodname:핫딜보상판매브리지스톤JGRTG15남성드라이버
DEBUG	[2021-09-06 15:33:05:57] <23804> cr_price:324000
DEBUG	[2021-09-06 15:33:05:57] <23804> sup_price:294545
DEBUG	[2021-09-06 15:33:05:57] <23804> tax:29455
DEBUG	[2021-09-06 15:33:05:57] <23804> srvc_price:0
DEBUG	[2021-09-06 15:33:05:57] <23804> buyername:유재룡
DEBUG	[2021-09-06 15:33:05:57] <23804> buyeremail:yoo3837@naver.com
DEBUG	[2021-09-06 15:33:05:57] <23804> buyertel:
DEBUG	[2021-09-06 15:33:05:57] <23804> reg_num:01064243837
DEBUG	[2021-09-06 15:33:05:57] <23804> useopt:0
DEBUG	[2021-09-06 15:33:05:57] <23804> companynumber:
INFO	[2021-09-06 15:33:05:57] <23804> Check Field OK
INFO	[2021-09-06 15:33:05:57] <23804> Make TID OK INIphpRECPmajorgol0320210906153305573732
INFO	[2021-09-06 15:33:05:57] <23804> PI PUB KEY LOAD OK []
INFO	[2021-09-06 15:33:05:57] <23804> PG PUB KEY LOAD OK [30]
INFO	[2021-09-06 15:33:05:58] <23804> MERCHANT PRIV KEY LOAD OK
INFO	[2021-09-06 15:33:05:58] <23804> MERCHANT PUB KEY LOAD OK [0]
DEBUG	[2021-09-06 15:33:05:58] <23804> MAKE ENCRYPT OK[<?xml version="1.0" encoding="UTF-8"?>
<PaymentInfo>
	  <Payment>
	    <CASH>
	      <CSHR_ApplPrice>324000</CSHR_ApplPrice>
	      <CSHR_SupplyPrice>294545</CSHR_SupplyPrice>
	      <CSHR_Tax>29455</CSHR_Tax>
	      <CSHR_ServicePrice/>
	      <CSHR_Type>0</CSHR_Type>
	      <CSHR_RegNum>01064243837</CSHR_RegNum>
	      <CSHR_CompanyNum/></CASH></Payment></PaymentInfo>]
INFO	[2021-09-06 15:33:05:59] <23804> MAKE BODY OK
INFO	[2021-09-06 15:33:05:59] <23804> SIGN OK
INFO	[2021-09-06 15:33:05:59] <23804> MAKE HEAD OK
INFO	[2021-09-06 15:33:05:59] <23804> MSG_TO_PG:[0192400175D SHA1                   0                                      300200majorgol03              324000INIphpRECPmajorgol0320210906153305573732<?xml version="1.0" encoding="UTF-8"?>
<INIpay>
	  <GoodsInfo>
	    <GoodsCnt>1</GoodsCnt>
	    <MOID/>
	    <Currency>WON</Currency>
	    <Tax>29455</Tax>
	    <TaxFree/>
	    <Goods>
	      <SMID>majorgol03</SMID>
	      <GoodsName urlencode="1">%C7%D6%B5%F4%BA%B8%BB%F3%C6%C7%B8%C5%BA%EA%B8%AE%C1%F6%BD%BA%C5%E6JGRTG15%B3%B2%BC%BA%B5%E5%B6%F3%C0%CC%B9%F6</GoodsName>
	      <GoodsPrice>324000</GoodsPrice></Goods></GoodsInfo>
	  <BuyerInfo>
	    <BuyerName urlencode="1">%C0%AF%C0%E7%B7%E6</BuyerName>
	    <BuyerTel/>
	    <BuyerEmail urlencode="1">yoo3837%40naver.com</BuyerEmail>
	    <ParentEmail/>
	    <RecvName/>
	    <RecvTel/>
	    <RecvMsg/>
	    <RecvAddr/>
	    <RecvPostNum/></BuyerInfo>
	  <PaymentInfo>
	    <Payment>
	      <PayMethod>CASH</PayMethod>
	      <JoinCard/>
	      <JoinExpire/>
	      <MailOrder/>
	      <SessionKey>HB6uVGHVkI7dLM8/m+1neJtO+ro+xWe/VfBb5sEXl9wish5MPy0vQTSHIHU38T6c
um/DLNWqIf4h54hp6nfcUt6fCRlpEz8B/5dzYp5tw50lVUgMYpVSJ4s6thnGGmAf
EtNHLs8v2QBj/TbO86CkT9PplMvQPPdPYXorFS96wEn7vmGFuiQrRQ==
</SessionKey>
	      <Encrypted>USA3C+zL/eo9fnSkO9x/46Ce0Wtjcd8XOlHlhpDrgmJxe/iqdz2u9lO7Gpg2jpqZ
Py8UXWUTJ3FNfcq4ooaD2q3Qrak7WRYUGXWCyreA91iWf/KXtaCbBh2SsWBlj5JI
M6kvul1mXWTeVC8dizJF8MDUb9HyBcZKL2PJwPfQXt8LtwLat29voc/gyL2v5B8B
K5M0HrAZkzuHsua6r1DrbPd/3H13El390mioB2ODMPC1GNmWpiD5xm7J1g5VxPQy
eGXg5ZM7Pb3cz67vT4MTc/X4rFTTqiSkFWh6gEKYLTlsk5NGBk1fFuAPO1zhSBEK
eRJM1dC1KXEMzPIF7UqyvEsbQ2x2+4PUZLHwPNHFb8re36ddkyHBlXirUEkbIiNS
UITcEKQRY7MCKtwwB3zC4pp3DgzQuv5TOkcobu06z5RoRTQSohpySGbsQDNuwPLg
GZt8QVQnw2KGgh31ImZiCsI48PDi66PUKaTZeVbCl5059n6hzUX3gw==
</Encrypted></Payment></PaymentInfo>
	  <ReservedInfo>
	    <MReserved1/>
	    <MReserved2/>
	    <MReserved3/></ReservedInfo>
	  <ManageInfo>
	    <Language/>
	    <URL/>
	    <TXVersion>5036B141209receiLinux     PHPchkfake   2.6.32-754.11.1.el6.x86_64PHP:</TXVersion>
	    <TXUserID/>
	    <TXRegNum/>
	    <Ack>1</Ack></ManageInfo></INIpay>ANa1TQ5JiWFsLiijtPCqMVVN93J0XG9td5Ammj4ZhKKdEWYTgvcB57m+/ukl/w+d
1o79yE2pHFGwfbE9yscdg7PbS7aw/2jITvPfOXA8WfcSe3OaXfif1m16rYlXf/fr
8DGWKEYoChD3DdbQ0tCbZIUmwgzRQBz/Bwaqw0WcYBbD
]
INFO	[2021-09-06 15:33:05:60] <23804> DNS LOOKUP OK(203.238.37.3:203.238.37.3:34049) laptime:0
INFO	[2021-09-06 15:33:05:62] <23804> SOCKET CONNECT OK
INFO	[2021-09-06 15:33:05:63] <23804> SEND OK
INFO	[2021-09-06 15:33:05:153] <23804> RECV OK
INFO	[2021-09-06 15:33:05:154] <23804> MSG_FROM_PG:[0168800175D SHA1                   0                                      300210majorgol03              324000INIphpRECPmajorgol0320210906153305573732<?xml version="1.0" encoding="UTF-8"?><INIpay>
<GoodsInfo>
<GoodsCnt>1</GoodsCnt>
<MOID urlencode="1"/>
<Currency>WON</Currency>
<Goods no="1">
<SMID>majorgol03</SMID>
<GoodsName urlencode="1">%C7%D6%B5%F4%BA%B8%BB%F3%C6%C7%B8%C5%BA%EA%B8%AE%C1%F6%BD%BA%C5%E6JGRTG15%B3%B2%BC%BA%B5%E5%B6%F3%C0%CC%B9%F6</GoodsName>
<GoodsCntS>1</GoodsCntS>
<GoodsPrice>324000</GoodsPrice>
</Goods>
</GoodsInfo>
<PaymentInfo>
<Payment>
<SessionKey>AFjXvAPkrqEvVyrDGZJf1MgCfyABNZM9CIcPPBBByQFCkzqEAe0aOpM7YxoDjrtr
ZXRt75tpz5h/fPEZQ9GV3DEPP9Teu64F5T65K5xJXJNR4o68gSjd0QJkgJiscc9e
l2mABDZV//JuvXFVglQ85d5sNpa1o4vo9Ajq+VcBz+PfOQQ9VoEgWxU=
</SessionKey>
<Encrypted>dZZUF5c6+4T+KHis/WaFdKmKdWFvaGqDx++D0g5fyA5A2Nz1WvB6GbpKPketgmes
2THEUXMwiKUKEKXRRcjqpR0JYkbs2RHjZRahmuoFkBm47IR8gqAb1XMMxxW/io/9
XjofLopj55tV5z1Maj0NksJcSp/W+Q+QJQ/UKa4nXas37Z9+zcfAjFUMZmud4m4m
U49raEgfnTwkVzvASCO76PJ401u+1nDAgZiUKV6jHeVXewIyV5LYUFMtkc3PBHAJ
IcjAuBQ0tASFSYT2rFJ77VtKkjFt+jcBgTP6gH3ry2YsFSnmjf5eA296Ho8XMEx/
PuIkHp0cgkisEF/FJPD+2ANbsZkQpUxDZvBYV3E73ZWxGeJa3L4XPSxp/M/vVkyL
IGmEkvhdj3os53bpZJqdO+NisOFese7pLFT9TXdpM2oAQTFFg0vwvweeQNo+P9/C
LVzhrFP7xOltnIs8Cmb1tsbngcnjvdTba9fH1X0YKvFQ7IyLXj+wWkzdLdThLvcm
KyNNBvlpPgHQkgwKFmxk0KuDzMZ4cjCVPibHhMEUMtV7d4jnK9aNkSxUGMJRHG6r
g2sCAxqeLqhC+wBR6KgKTu836pKLjcFh0QS7456HDLEZ9xIcT3vOPJ5V1jcO4R4o
CE1WqYjbznaMkFoF5EUEUdyHwftLS8IfxgjCWfsCG2RtMB+3Aw4MR2Q+IjyG1nLQ
</Encrypted>
<PayMethod>CASH</PayMethod>
<ResultCode>220000</ResultCode>
<ResultMsg urlencode="1">%C1%A4%BB%F3%C3%B3%B8%AE%B5%C7%BE%FA%BD%C0%B4%CF%B4%D9.</ResultMsg>
</Payment>
</PaymentInfo>
<ManageInfo/>
<ReservedInfo>
<MReserved1 urlencode="1"/>
<MReserved2 urlencode="1"/>
<MReserved3 urlencode="1"/>
</ReservedInfo>
</INIpay>
zKQE0la44oPdlDLHK4gLUP8C9PRP6ir86t51GTrl+M3AFEnMl++3GOLcRVzT98JQ
81HXFVeAqxHaYFyLsF73z1kaBknyXze7AM9NIsUc2RQmdePRDRkz6pR+hkvhYrvk
TBIZXwk6QLZgPveqb4vIFgOhIiWZsI2bJ11ISran67U=
]
INFO	[2021-09-06 15:33:05:154] <23804> VERIFY OK
INFO	[2021-09-06 15:33:05:154] <23804> PARSE HEAD OK
INFO	[2021-09-06 15:33:05:154] <23804> PARSE BODY OK
INFO	[2021-09-06 15:33:05:155] <23804> DECRYPT OK
DEBUG	[2021-09-06 15:33:05:155] <23804> DECRYPT MSG:[<?xml version="1.0" encoding="UTF-8"?><PaymentInfo>
<Payment>
<CASH>
<CSHR_ApplPrice>324000</CSHR_ApplPrice>
<CSHR_SupplyPrice>294545</CSHR_SupplyPrice>
<CSHR_Tax>29455</CSHR_Tax>
<CSHR_ServicePrice/>
<CSHR_Type>0</CSHR_Type>
<CSHR_ApplDate>20210906</CSHR_ApplDate>
<CSHR_ApplTime>153305</CSHR_ApplTime>
<CSHR_ApplNum>268453506</CSHR_ApplNum>
<CSHR_ResultCode>220000</CSHR_ResultCode>
<CSHR_ResultMsg urlencode="1">%C1%A4%BB%F3%C3%B3%B8%AE%B5%C7%BE%FA%BD%C0%B4%CF%B4%D9.</CSHR_ResultMsg>
</CASH>
</Payment>
</PaymentInfo>]
INFO	[2021-09-06 15:33:05:155] <23804> DECRYPT PARSE OK
INFO	[2021-09-06 15:33:05:155] <23804> WAIT ACK INVOKING
DEBUG	[2021-09-06 15:33:05:155] <23804> MAKE HEAD OK
INFO	[2021-09-06 15:33:05:159] <23804> SUCCESS ACK INVOKING
INFO	[2021-09-06 15:33:05:159] <23804> END receipt 정상처리되었습니다. Laptime:[0.103sec]
INFO	[2021-09-06 15:33:05:159] <23804> ===============================================================
