INFO	[2021-09-09 00:58:48:304] <26918> START INIPHP receipt (V5036-141209)(OS:Linux2.6.32-754.11.1.el6.x86_64,PHP:5.3.3)
DEBUG	[2021-09-09 00:58:48:304] <26918> inipayhome:/home1/killdeal/public_html/shop/inicis
DEBUG	[2021-09-09 00:58:48:304] <26918> debug:false
DEBUG	[2021-09-09 00:58:48:304] <26918> type:receipt
DEBUG	[2021-09-09 00:58:48:304] <26918> pgid:INIphpRECP
DEBUG	[2021-09-09 00:58:48:304] <26918> paymethod:CASH
DEBUG	[2021-09-09 00:58:48:304] <26918> currency:WON
DEBUG	[2021-09-09 00:58:48:304] <26918> admin:1111
DEBUG	[2021-09-09 00:58:48:304] <26918> mid:fourseason
DEBUG	[2021-09-09 00:58:48:304] <26918> goodname:핫딜테일러메이드3피스화이트비재생A급로스트볼10알 외 1건
DEBUG	[2021-09-09 00:58:48:304] <26918> cr_price:39600
DEBUG	[2021-09-09 00:58:48:304] <26918> sup_price:36000
DEBUG	[2021-09-09 00:58:48:304] <26918> tax:3600
DEBUG	[2021-09-09 00:58:48:304] <26918> srvc_price:0
DEBUG	[2021-09-09 00:58:48:304] <26918> buyername:이지홍
DEBUG	[2021-09-09 00:58:48:304] <26918> buyeremail:wlghd7970@naver.com
DEBUG	[2021-09-09 00:58:48:304] <26918> buyertel:01031877970
DEBUG	[2021-09-09 00:58:48:304] <26918> reg_num:01031877970
DEBUG	[2021-09-09 00:58:48:304] <26918> useopt:0
DEBUG	[2021-09-09 00:58:48:304] <26918> companynumber:
INFO	[2021-09-09 00:58:48:304] <26918> Check Field OK
INFO	[2021-09-09 00:58:48:304] <26918> Make TID OK INIphpRECPfourseason20210909005848046493
INFO	[2021-09-09 00:58:48:304] <26918> PI PUB KEY LOAD OK []
INFO	[2021-09-09 00:58:48:304] <26918> PG PUB KEY LOAD OK [30]
INFO	[2021-09-09 00:58:48:305] <26918> MERCHANT PRIV KEY LOAD OK
INFO	[2021-09-09 00:58:48:305] <26918> MERCHANT PUB KEY LOAD OK [0]
DEBUG	[2021-09-09 00:58:48:305] <26918> MAKE ENCRYPT OK[<?xml version="1.0" encoding="UTF-8"?>
<PaymentInfo>
	  <Payment>
	    <CASH>
	      <CSHR_ApplPrice>39600</CSHR_ApplPrice>
	      <CSHR_SupplyPrice>36000</CSHR_SupplyPrice>
	      <CSHR_Tax>3600</CSHR_Tax>
	      <CSHR_ServicePrice/>
	      <CSHR_Type>0</CSHR_Type>
	      <CSHR_RegNum>01031877970</CSHR_RegNum>
	      <CSHR_CompanyNum/></CASH></Payment></PaymentInfo>]
INFO	[2021-09-09 00:58:48:306] <26918> MAKE BODY OK
INFO	[2021-09-09 00:58:48:306] <26918> SIGN OK
INFO	[2021-09-09 00:58:48:306] <26918> MAKE HEAD OK
INFO	[2021-09-09 00:58:48:306] <26918> MSG_TO_PG:[0198700175D SHA1                   0                                      300200fourseason               39600INIphpRECPfourseason20210909005848046493<?xml version="1.0" encoding="UTF-8"?>
<INIpay>
	  <GoodsInfo>
	    <GoodsCnt>1</GoodsCnt>
	    <MOID/>
	    <Currency>WON</Currency>
	    <Tax>3600</Tax>
	    <TaxFree/>
	    <Goods>
	      <SMID>fourseason</SMID>
	      <GoodsName urlencode="1">%C7%D6%B5%F4%C5%D7%C0%CF%B7%AF%B8%DE%C0%CC%B5%E53%C7%C7%BD%BA%C8%AD%C0%CC%C6%AE%BA%F1%C0%E7%BB%FDA%B1%DE%B7%CE%BD%BA%C6%AE%BA%BC10%BE%CB+%BF%DC+1%B0%C7</GoodsName>
	      <GoodsPrice>39600</GoodsPrice></Goods></GoodsInfo>
	  <BuyerInfo>
	    <BuyerName urlencode="1">%C0%CC%C1%F6%C8%AB</BuyerName>
	    <BuyerTel>01031877970</BuyerTel>
	    <BuyerEmail urlencode="1">wlghd7970%40naver.com</BuyerEmail>
	    <ParentEmail/>
	    <RecvName/>
	    <RecvTel/>
	    <RecvMsg/>
	    <RecvAddr/>
	    <RecvPostNum/></BuyerInfo>
	  <PaymentInfo>
	    <Payment>
	      <PayMethod>CASH</PayMethod>
	      <JoinCard/>
	      <JoinExpire/>
	      <MailOrder/>
	      <SessionKey>Aq92y45q583Jkyv5SIpGTv56/RQSpGbbhyTeZxDBXrElfvYVRWEdGKg65H4AUa9w
SZ1SlIRBOMFruvIVdaPUb0otVDIRpD7VGHaEOCetKSEgbunhYY1USDbIayDzv8om
xcJ1WLbAtyZCL42sg/lNM7UAJ3+cGh+QH+fZdl9R4f4glVo6Wu36TQ==
</SessionKey>
	      <Encrypted>nA+68qyysdAMo8qE/8gsINLdFHhrU5nrBasYuvZDKp2vSYLXVGYEdLwkGsqAdR/W
alp8JaC0vVIwmiw5DQDI5MBLJjvvqtNcE1cR86fzq39CR3ie8mTaNGqntzjHcuTr
EVAxFR1YQz9RS77Vz7joIU+PrVmag1erVIVRixnyJ+saiCTHhmXzCKPleuuhai3x
8FK3eShUbrfXFLSfbaA6qKmAhlyN+rC+Lzmb+A878RUKSfIQTFX+D2ItLV1527BF
6aGJ7xmN3AqJudYhoMZv30gsfkzsfgErjEQNEULSLtWE1f5YTqFPF5HYRDImaI33
OEu8hfQ99BCweeDyJUQAoASchbY5ow9SLHY5eU+9DNhuxtID3NBxyV4YDh27UqPI
Tv9wLBSFmpF+m+U2A1uUN3rrFjwPhYXPu17BJZgNgxTYHIni0LhiaZVVJGuF2N1g
AYi/maLmHNmypTG96s2Z99lg4c0WyLoWKjFohvTVlJIOgZwXVVSoHQ==
</Encrypted></Payment></PaymentInfo>
	  <ReservedInfo>
	    <MReserved1/>
	    <MReserved2/>
	    <MReserved3/></ReservedInfo>
	  <ManageInfo>
	    <Language/>
	    <URL/>
	    <TXVersion>5036B141209receiLinux     PHPchkfake   2.6.32-754.11.1.el6.x86_64PHP:</TXVersion>
	    <TXUserID/>
	    <TXRegNum/>
	    <Ack>1</Ack></ManageInfo></INIpay>AB4BpuNZYR8Qwn0uV53p+p7NB98gOUFll0L04vBs1fVyrg4Ro+/EofqWehnwLK2h
/7CNKBUmUdD/5DiXyPiL9ZkOwZz4JkaMAdKQg60ny71MtJvTHAx3VXXyAbm9Os7s
S3UNlMHYGRb9yZOfmOKMZwLcefCa3YuAJ9BlNFRGnLa0
]
INFO	[2021-09-09 00:58:48:306] <26918> DNS LOOKUP OK(203.238.37.3:203.238.37.3:34049) laptime:0
INFO	[2021-09-09 00:58:48:309] <26918> SOCKET CONNECT OK
INFO	[2021-09-09 00:58:48:309] <26918> SEND OK
INFO	[2021-09-09 00:58:48:417] <26918> RECV OK
INFO	[2021-09-09 00:58:48:417] <26918> MSG_FROM_PG:[0172100175D SHA1                   0                                      300210fourseason               39600INIphpRECPfourseason20210909005848046493<?xml version="1.0" encoding="UTF-8"?><INIpay>
<GoodsInfo>
<GoodsCnt>1</GoodsCnt>
<MOID urlencode="1"/>
<Currency>WON</Currency>
<Goods no="1">
<SMID>fourseason</SMID>
<GoodsName urlencode="1">%C7%D6%B5%F4%C5%D7%C0%CF%B7%AF%B8%DE%C0%CC%B5%E53%C7%C7%BD%BA%C8%AD%C0%CC%C6%AE%BA%F1%C0%E7%BB%FDA%B1%DE%B7%CE%BD%BA%C6%AE%BA%BC10%BE%CB+%BF%DC+1%B0%C7</GoodsName>
<GoodsCntS>1</GoodsCntS>
<GoodsPrice>39600</GoodsPrice>
</Goods>
</GoodsInfo>
<PaymentInfo>
<Payment>
<SessionKey>AKUmCa6YEbk3Q4qmTN8Qs2tln//7Jh0gEb+fpz6Z8/p47XSJRkKrcKSoGvpf4UjO
dBlZx+0qwoat/4B3QMRFL2xOQEnhyaOcTJp+vP1UvPf+0Ub2DEnPLP0OSsYWQCmL
6rs0mn+6k26cvOD5m+kPzbyrOaNIikExnqZsXXdHAqLiZou4BOsXdIY=
</SessionKey>
<Encrypted>dvAf5viiffr1RQqdnZuAQf9i9ajjadxERCFh2x29pItqHC/tw6yYGFEj2iue6J3d
LAl7EZf43YrvTzyUQ8408It2P9R4p1+FdlVtsTmWp4NOWkvNSyQwN+IhxgK4H291
brD95WYZJPOHlw1r5rYA8vjLvH7Jb9wTcrysbYc3nlybxouuKNkMREW4sQ18o/4n
IFnrwziNX908klMhs0YYns67MJV77GwtIZH7m8ndQhOany9HXTJS+VGeb8pSI1Uu
YK5oTia/oO5dMLcHbq7nWUQoCDqXvFG5WUvntMgzJsftOC/aVDlFtuj82tar+SMM
sD/V5tkaZ5LWKj+XghPZjrFM8en9TlRx4lepG737e/NlqBGZC0HbpouxUZrK9mZs
1yNf1lpybWWTpuwBcDNVmidF+JqkAP+vWudUzMt5fvf2BGRsMOCnDN0nD3lWQqyG
nkE05inMSSB2ywV61jkXHBHyWslaOONxoujRATQE9DXmVuSd7Ve773O+OmROEZ2v
73CjIaQNVVKRkGWCfYmXzr1KeWcCLKMKgYhO774ShYAJxEvvF+7IoMJUYOTAD0y+
xqsMJBB7dZ8txEqcDZpILuR5lC9oOsJJEWn3crulxovz0XWiWvCyg4Y5nO4fCMnG
sIeomDJh7mGwk2JxBdQI8MNshveZFLarZpG9JAG6IqQxssauC3RW+w==
</Encrypted>
<PayMethod>CASH</PayMethod>
<ResultCode>220000</ResultCode>
<ResultMsg urlencode="1">%C1%A4%BB%F3%C3%B3%B8%AE%B5%C7%BE%FA%BD%C0%B4%CF%B4%D9.</ResultMsg>
</Payment>
</PaymentInfo>
<ManageInfo/>
<ReservedInfo>
<MReserved1 urlencode="1"/>
<MReserved2 urlencode="1"/>
<MReserved3 urlencode="1"/>
</ReservedInfo>
</INIpay>
hn9jBVKE6XeCDDa9UA7NHGf90ELEt+rQ1t7QBDDETunIWe/JeUgCyOBxuAbWOsfH
g803AjxSAdvgacsS1wtGKbyNdmIovrNJmGiznQTKtWAYWCqx8/7H8TGoPBWsisvU
CjbyXbPJE/zM+U/UcdNv1em6d5dpdVQegIBBs7BpUfk=
]
INFO	[2021-09-09 00:58:48:417] <26918> VERIFY OK
INFO	[2021-09-09 00:58:48:417] <26918> PARSE HEAD OK
INFO	[2021-09-09 00:58:48:417] <26918> PARSE BODY OK
INFO	[2021-09-09 00:58:48:418] <26918> DECRYPT OK
DEBUG	[2021-09-09 00:58:48:418] <26918> DECRYPT MSG:[<?xml version="1.0" encoding="UTF-8"?><PaymentInfo>
<Payment>
<CASH>
<CSHR_ApplPrice>39600</CSHR_ApplPrice>
<CSHR_SupplyPrice>36000</CSHR_SupplyPrice>
<CSHR_Tax>3600</CSHR_Tax>
<CSHR_ServicePrice/>
<CSHR_Type>0</CSHR_Type>
<CSHR_ApplDate>20210909</CSHR_ApplDate>
<CSHR_ApplTime>005848</CSHR_ApplTime>
<CSHR_ApplNum>268864104</CSHR_ApplNum>
<CSHR_ResultCode>220000</CSHR_ResultCode>
<CSHR_ResultMsg urlencode="1">%C1%A4%BB%F3%C3%B3%B8%AE%B5%C7%BE%FA%BD%C0%B4%CF%B4%D9.</CSHR_ResultMsg>
</CASH>
</Payment>
</PaymentInfo>]
INFO	[2021-09-09 00:58:48:418] <26918> DECRYPT PARSE OK
INFO	[2021-09-09 00:58:48:418] <26918> WAIT ACK INVOKING
DEBUG	[2021-09-09 00:58:48:418] <26918> MAKE HEAD OK
INFO	[2021-09-09 00:58:48:422] <26918> SUCCESS ACK INVOKING
INFO	[2021-09-09 00:58:48:422] <26918> END receipt 정상처리되었습니다. Laptime:[0.119sec]
INFO	[2021-09-09 00:58:48:422] <26918> ===============================================================
