INFO	[2023-03-24 10:49:29:943] <28420> START INIPHP cancel (V5036-141209)(OS:Linux2.6.32-754.11.1.el6.x86_64,PHP:5.3.3)
DEBUG	[2023-03-24 10:49:29:943] <28420> inipayhome:/home1/killdeal/public_html/shop/inicis
DEBUG	[2023-03-24 10:49:29:943] <28420> debug:false
DEBUG	[2023-03-24 10:49:29:943] <28420> type:cancel
DEBUG	[2023-03-24 10:49:29:943] <28420> mid:majorgol03
DEBUG	[2023-03-24 10:49:29:943] <28420> admin:1111
DEBUG	[2023-03-24 10:49:29:943] <28420> tid:StdpayVBNKmajorgol0320230324104928968962
DEBUG	[2023-03-24 10:49:29:943] <28420> cancelmsg:DB FAIL
INFO	[2023-03-24 10:49:29:943] <28420> Check Field OK
INFO	[2023-03-24 10:49:29:943] <28420> PI PUB KEY LOAD OK []
INFO	[2023-03-24 10:49:29:943] <28420> PG PUB KEY LOAD OK [30]
INFO	[2023-03-24 10:49:29:949] <28420> MERCHANT PRIV KEY LOAD OK
INFO	[2023-03-24 10:49:29:949] <28420> MERCHANT PUB KEY LOAD OK [0]
DEBUG	[2023-03-24 10:49:29:949] <28420> MAKE ENCRYPT OK[<?xml version="1.0" encoding="UTF-8"?>
<CancelInfo>
	  <CancelTID>StdpayVBNKmajorgol0320230324104928968962</CancelTID>
	  <CancelMsg urlencode="1">DB+FAIL</CancelMsg>
	  <CancelReason/></CancelInfo>]
INFO	[2023-03-24 10:49:29:949] <28420> MAKE BODY OK
INFO	[2023-03-24 10:49:29:950] <28420> SIGN OK
INFO	[2023-03-24 10:49:29:950] <28420> MAKE HEAD OK
INFO	[2023-03-24 10:49:29:950] <28420> MSG_TO_PG:[0088500175D SHA1                   0                                      300420majorgol03                    StdpayVBNKmajorgol0320230324104928968962<?xml version="1.0" encoding="UTF-8"?>
<INIpay>
	  <CancelInfo>
	    <SessionKey>17sxDF+4IYemVLN1WY9EwPb3G8wA6OtHIbPoVNnWo4TktU1WJohp4lQDKnr1yO/L
zoTYxGbf+SpSMdRnQ6zBoYG8Xtu+fjRIDMrrW9g9yjsvDy/WUMGL1CZU2rd1KpVU
Z2TXqaD/PSBKIG0ceXYlNSO9dByNRw+IhoiQHYJXEnusx93fT/JWqg==
</SessionKey>
	    <Encrypted>aI8bX9p2d0EgC9nixVXTP7IYvYw7mY2c2+rBfth+fdJzVOS0AiToSSVOYrv6/hzG
rvI8Gxq+n13SfSkWMq+ikEfeuZX3IVlD/JdKOGYXezgXhhMp7r7Tx5GUm0rWYB6D
TaA45a0UXk+M775BEJPScmGDAQerhJEHVekv4sx9MgIaUNO260LZtzme0ChN8Kh0
RB43TRVWH5//t9wHT17nf3nGa9DdWX/MX4XVtixf9daLutPeq/V1Qb7tkFW/Pv+f
YiaswErJs8s=
</Encrypted></CancelInfo>
	  <ReservedInfo>
	    <MReserved1/>
	    <MReserved2/>
	    <MReserved3/></ReservedInfo>
	  <ManageInfo>
	    <Language/>
	    <URL/>
	    <TXVersion>5036B141209canceLinux     PHPchkfake   2.6.32-754.11.1.el6.x86_64PHP:</TXVersion>
	    <TXUserID/>
	    <TXRegNum/></ManageInfo></INIpay>ABovn8jpTKxjXrF7kDE7X0gfF5/3EjFqtGa49bUfavrhAGuRsYXnE5uPBiEo7DtL
bYIzoyGSWFxh3edml+gv1qWAa0/Zgpff4HH3kwtjCgY6a3sUJDGAYhl/wDhnQdou
BbCpUVmHunSvD9UL0B68yAR294ZbIHh37kv0xHhGyzJV
]
INFO	[2023-03-24 10:49:29:950] <28420> DNS LOOKUP OK(203.238.37.3:203.238.37.3:34049) laptime:0
INFO	[2023-03-24 10:49:29:952] <28420> SOCKET CONNECT OK
INFO	[2023-03-24 10:49:29:952] <28420> SEND OK
INFO	[2023-03-24 10:49:30:82] <28420> RECV OK
INFO	[2023-03-24 10:49:30:82] <28420> MSG_FROM_PG:[0123800175D SHA1                   0                                      300430majorgol03                    StdpayVBNKmajorgol0320230324104928968962<?xml version="1.0" encoding="UTF-8"?><INIpay>
<CancelInfo>
<ResultCode>170000</ResultCode>
<ResultMsg urlencode="1">%C1%A4%BB%F3%C3%B3%B8%AE%B5%C7%BE%FA%BD%C0%B4%CF%B4%D9.</ResultMsg>
<SessionKey>AK9qgPHlP0LbjRlAj0MiOaU9DuQN2NJViSBZhfzlPtfF5sdi6n9GvrHmdZSjBvdl
UVPa6V0ynMyFAooALiwlDzSCYwvq4opyFDL+ESV2R68GyhJ3AlluBLK7169T0GEP
ndZ0fBEGQODyb/XvG0Ofe9eQkbES3HSbjZ9ETQycr55Kg75lljoPZGk=
</SessionKey>
<Encrypted>GO0x6FUmHBxVmSQnrx7u2Qc5OPvdE87ol2G4UWNRZNolq9UaO9fYZh81tkyh7A67
yPNLzCM3Umx63KcHF1ILjWJuCAvp2+zAouQVHvWrwi9a+/SpwKKIUbbOl6itQAk0
5hhYbR/Iw92ofA+FuCtfUkTxp4Ng98LII2IU3KgOeVho6v/gbQdW4mvsxjaRdS1A
OFz+xXoJRkNQWhnzUS1lDKGL6p7obCWDhQL/bI59/q2UuReYb+yorNLJCO9MlY3c
XlcABER3w9lXPnB//rgg7h4uqshtPJ8iPhj9Z2IGI5B+zUmKZpyT4y36/jQU6Zx7
LLiG69e+748JmkBQ9x7Yx+I49Kg9PegdlIHrQ4ha13QxGxWLaPWOKBqB5XmUdZEq
TbqHTVDCR8QNyfHkLLkA4mi8t99aDWy10HE2S06nPOJ0H+bZ+rQ/6pj0z7x8n7fL
epVWotPXVfb6Bf0wDclojl/0g4GwMesPAaeb9uiuMKSBPHdPE4qcwNohk40C2slM
s7EbLtkIYxpcCXOHOZzqItTPv0Esq3KW6wnw7Cte/EAbMaLDLgFLUvT9JWE9W+fU
kPQBBzX75YMZXpilvqKQYLuVH3xgTuirSUEJxwlHxGqrEYHLwYDkmCc0+Fp67GXF
7mSXpZJwIZU=
</Encrypted>
</CancelInfo>
<ManageInfo/>
<ReservedInfo>
<MReserved1 urlencode="1"/>
<MReserved2 urlencode="1"/>
<MReserved3 urlencode="1"/>
</ReservedInfo>
</INIpay>
aku67PFCFQToBo+b4MdvGKEx0H6ss/bKxboK+chDD+cgm0BzWWLzPcz9dw8ZHvWO
dojnTMB/wnnbVF0qzJsf7r2FdFhW2Oi2y5EIkh5Z/rf8FbS0s0SkZ2xDkZF3Dna3
J8cbhmRsXWkqfdiWthe0DJAWxfnFbGeesUlLB7vuNXI=
]
INFO	[2023-03-24 10:49:30:82] <28420> VERIFY OK
INFO	[2023-03-24 10:49:30:82] <28420> PARSE HEAD OK
INFO	[2023-03-24 10:49:30:83] <28420> PARSE BODY OK
INFO	[2023-03-24 10:49:30:83] <28420> DECRYPT OK
DEBUG	[2023-03-24 10:49:30:83] <28420> DECRYPT MSG:[<?xml version="1.0" encoding="UTF-8"?><CancelInfo>
<CancelDate>20230324</CancelDate>
<CancelTime>104932</CancelTime>
<ResultCode>170000</ResultCode>
<ResultMsg urlencode="1">%C1%A4%BB%F3%C3%B3%B8%AE%B5%C7%BE%FA%BD%C0%B4%CF%B4%D9.</ResultMsg>
<CSHR_CancelDate>20230324</CSHR_CancelDate>
<CSHR_CancelTime>104932</CSHR_CancelTime>
<CSHR_ResultCode>220000</CSHR_ResultCode>
<CSHR_ResultMsg urlencode="1">%C1%A4%BB%F3%C3%B3%B8%AE%B5%C7%BE%FA%BD%C0%B4%CF%B4%D9.</CSHR_ResultMsg>
</CancelInfo>]
INFO	[2023-03-24 10:49:30:84] <28420> DECRYPT PARSE OK
INFO	[2023-03-24 10:49:30:84] <28420> END cancel 정상처리되었습니다. Laptime:[0.141sec]
INFO	[2023-03-24 10:49:30:84] <28420> ===============================================================
INFO	[2023-03-24 16:28:49:455] <27479> START INIPHP cancel (V5036-141209)(OS:Linux2.6.32-754.11.1.el6.x86_64,PHP:5.3.3)
DEBUG	[2023-03-24 16:28:49:455] <27479> inipayhome:/home1/killdeal/public_html/shop/inicis
DEBUG	[2023-03-24 16:28:49:455] <27479> debug:false
DEBUG	[2023-03-24 16:28:49:455] <27479> type:cancel
DEBUG	[2023-03-24 16:28:49:455] <27479> mid:majorgol03
DEBUG	[2023-03-24 16:28:49:455] <27479> admin:1111
DEBUG	[2023-03-24 16:28:49:455] <27479> tid:StdpayISP_majorgol0320230324162700866282
DEBUG	[2023-03-24 16:28:49:455] <27479> cancelmsg:주문자 본인 취소-상품옵션 선택 잘못함
INFO	[2023-03-24 16:28:49:455] <27479> Check Field OK
INFO	[2023-03-24 16:28:49:455] <27479> PI PUB KEY LOAD OK []
INFO	[2023-03-24 16:28:49:456] <27479> PG PUB KEY LOAD OK [30]
INFO	[2023-03-24 16:28:49:456] <27479> MERCHANT PRIV KEY LOAD OK
INFO	[2023-03-24 16:28:49:456] <27479> MERCHANT PUB KEY LOAD OK [0]
DEBUG	[2023-03-24 16:28:49:456] <27479> MAKE ENCRYPT OK[<?xml version="1.0" encoding="UTF-8"?>
<CancelInfo>
	  <CancelTID>StdpayISP_majorgol0320230324162700866282</CancelTID>
	  <CancelMsg urlencode="1">%C1%D6%B9%AE%C0%DA+%BA%BB%C0%CE+%C3%EB%BC%D2-%BB%F3%C7%B0%BF%C9%BC%C7+%BC%B1%C5%C3+%C0%DF%B8%F8%C7%D4</CancelMsg>
	  <CancelReason/></CancelInfo>]
INFO	[2023-03-24 16:28:49:457] <27479> MAKE BODY OK
INFO	[2023-03-24 16:28:49:457] <27479> SIGN OK
INFO	[2023-03-24 16:28:49:457] <27479> MAKE HEAD OK
INFO	[2023-03-24 16:28:49:457] <27479> MSG_TO_PG:[0101500175D SHA1                   0                                      300420majorgol03                    StdpayISP_majorgol0320230324162700866282<?xml version="1.0" encoding="UTF-8"?>
<INIpay>
	  <CancelInfo>
	    <SessionKey>VSQohmpnpE9AwB6I5WIsL79IPM5FKuIkFheT1FyFqkGceMK9id7ut3OG+5iNishr
m5EHsNAddl2vkJx4peY9Jg9YVs2vGcRlrSq5mcvLU96SdS5r8wUVu7SmtNWmtlab
sWsXZexWyHnv8u3gjEdSKHf+7UJHgd2pYdZBXoF5wnM7Hsu7j26B6Q==
</SessionKey>
	    <Encrypted>bvSKhQVf6u6VHSqTIrdGoPSXnput+SkvDKahAagiOYeOLRhQnkhItg/SfcXPmcmz
B3IK22l6nz1NNndwBPqnHyK0Aa5vH4LuiIWvb0piNgg5dBmrUNeXKSS2vrv+wNtX
uGQf2JPDm8taTtcxLfmPvvu21Ez6+xBwF4/9t9e/LvT894gSie6vA79XV3IHYrBF
dGHczsWLKl5DQoEtfdhVnw3Ju11mFP+KK8SCs0vGt5ji61+j+lTi6IFMcLJ7+q/C
oV5wj9Ai3ILn7d2c5BntDTNvMdSbOclckGffoxMEwqytLL4aDv++oeB53odcdyji
VgetxRYJA5r/+/mMkqeQaAf1XRPmO9Y/r1SH6/Ha4ghzxUAfF0kj89Fju4X+DMkp
XXbz7Lem4nc=
</Encrypted></CancelInfo>
	  <ReservedInfo>
	    <MReserved1/>
	    <MReserved2/>
	    <MReserved3/></ReservedInfo>
	  <ManageInfo>
	    <Language/>
	    <URL/>
	    <TXVersion>5036B141209canceLinux     PHPchkfake   2.6.32-754.11.1.el6.x86_64PHP:</TXVersion>
	    <TXUserID/>
	    <TXRegNum/></ManageInfo></INIpay>AG2+R1T/fEVlCvIXQYHW8XLlQyeK9iBF9VPdbqCoCpqpHeVpc4KWblJqQB6PBOjO
HpetL22gyN4RmPCoiTpc4jZChX+bBwg4dFhnHb1GUBsW5veh+oLw9fTfOstfNP/u
KuDgM5oHSjNF/pUZJBbHwQdlfOficDUHGwS0VnIrN9WU
]
INFO	[2023-03-24 16:28:49:457] <27479> DNS LOOKUP OK(203.238.37.3:203.238.37.3:34049) laptime:0
INFO	[2023-03-24 16:28:49:459] <27479> SOCKET CONNECT OK
INFO	[2023-03-24 16:28:49:459] <27479> SEND OK
INFO	[2023-03-24 16:28:50:367] <27479> RECV OK
INFO	[2023-03-24 16:28:50:368] <27479> MSG_FROM_PG:[0086100175D SHA1                   0                                      300430majorgol03                    StdpayISP_majorgol0320230324162700866282<?xml version="1.0" encoding="UTF-8"?><INIpay>
<CancelInfo>
<ResultCode>170000</ResultCode>
<ResultMsg urlencode="1">%C1%A4%BB%F3%BF%CF%B7%E1</ResultMsg>
<SessionKey>ABrXLAHPewZi1/S4CerHgN5M589Bwq5gxZEBJ5KndvlI/6oVPPr/Zi6DtUeCg93S
WT+kShW+rjhjyXiIcm2ANYK5rWkhLCM3LfWp3Eoj/ewpkx4N3F0ymFX7pwGTiWdc
XBLYwB6a2mdEPZ/kOGc/NODVm6Z9J6AhQYkMdUJRJRp/pGCzKtTIdAQ=
</SessionKey>
<Encrypted>OOYRFpEzKg+Cn5vOwRMFpseh2qFlsAxBNDHkV7yzzTXs+Cgjpw0F3KVhgzWErvKI
pPqSGuVAuPPlzplRnqOtVL9da3/NRVrn5uV6tyH29RGyNxd/mM//SfLLpmR5v9t7
LHjTiW+RXEemLsV7lIoayzD6jLyhRieATTNmYw2W164CYuSBvAC8ozxiZ5sdWS8n
ZypRH8CHqwolZjTQFaEmLpdMKc4YnJceug/DeCIbMQ9aRejr+ZDmQ4rSC7jZI8bE
v42YX/zG8/zAoW9RSfKJx/eMfBvbyG7nE5c4EbLdoq/+JoBxUsHPaA==
</Encrypted>
</CancelInfo>
<ManageInfo/>
<ReservedInfo>
<MReserved1 urlencode="1"/>
<MReserved2 urlencode="1"/>
<MReserved3 urlencode="1"/>
</ReservedInfo>
</INIpay>
p/c98S1gWLgqo5wS6q9mIZYpernkE1loCtDTatxYsb1S2BBzqzBYRErqFt0Pn12v
aV4XTMX/RnIdT/xUxAbii3D9mMyvNnOSVZYxKd0smv52Vxvt/422rv3/2THGLKum
RVL03BXaS/rVHBLHyRQiaWGRlRPsVnGFUA6FvPI45Lg=
]
INFO	[2023-03-24 16:28:50:368] <27479> VERIFY OK
INFO	[2023-03-24 16:28:50:368] <27479> PARSE HEAD OK
INFO	[2023-03-24 16:28:50:368] <27479> PARSE BODY OK
INFO	[2023-03-24 16:28:50:369] <27479> DECRYPT OK
DEBUG	[2023-03-24 16:28:50:369] <27479> DECRYPT MSG:[<?xml version="1.0" encoding="UTF-8"?><CancelInfo>
<CancelDate>20230324</CancelDate>
<CancelTime>162849</CancelTime>
<ResultCode>170000</ResultCode>
<ResultMsg urlencode="1">%C1%A4%BB%F3%BF%CF%B7%E1</ResultMsg>
</CancelInfo>]
INFO	[2023-03-24 16:28:50:369] <27479> DECRYPT PARSE OK
INFO	[2023-03-24 16:28:50:369] <27479> END cancel 정상완료 Laptime:[0.914sec]
INFO	[2023-03-24 16:28:50:369] <27479> ===============================================================
INFO	[2023-03-24 20:41:57:724] <27459> START INIPHP cancel (V5036-141209)(OS:Linux2.6.32-754.11.1.el6.x86_64,PHP:5.3.3)
DEBUG	[2023-03-24 20:41:57:724] <27459> inipayhome:/home1/killdeal/public_html/shop/inicis
DEBUG	[2023-03-24 20:41:57:724] <27459> debug:false
DEBUG	[2023-03-24 20:41:57:724] <27459> type:cancel
DEBUG	[2023-03-24 20:41:57:724] <27459> mid:majorgol03
DEBUG	[2023-03-24 20:41:57:724] <27459> admin:1111
DEBUG	[2023-03-24 20:41:57:724] <27459> tid:INIMX_CARDmajorgol0320230324193506225649
DEBUG	[2023-03-24 20:41:57:724] <27459> cancelmsg:주문자 본인 취소-상품옵션 선택 잘못함
INFO	[2023-03-24 20:41:57:724] <27459> Check Field OK
INFO	[2023-03-24 20:41:57:724] <27459> PI PUB KEY LOAD OK []
INFO	[2023-03-24 20:41:57:724] <27459> PG PUB KEY LOAD OK [30]
INFO	[2023-03-24 20:41:57:724] <27459> MERCHANT PRIV KEY LOAD OK
INFO	[2023-03-24 20:41:57:725] <27459> MERCHANT PUB KEY LOAD OK [0]
DEBUG	[2023-03-24 20:41:57:725] <27459> MAKE ENCRYPT OK[<?xml version="1.0" encoding="UTF-8"?>
<CancelInfo>
	  <CancelTID>INIMX_CARDmajorgol0320230324193506225649</CancelTID>
	  <CancelMsg urlencode="1">%C1%D6%B9%AE%C0%DA+%BA%BB%C0%CE+%C3%EB%BC%D2-%BB%F3%C7%B0%BF%C9%BC%C7+%BC%B1%C5%C3+%C0%DF%B8%F8%C7%D4</CancelMsg>
	  <CancelReason/></CancelInfo>]
INFO	[2023-03-24 20:41:57:725] <27459> MAKE BODY OK
INFO	[2023-03-24 20:41:57:726] <27459> SIGN OK
INFO	[2023-03-24 20:41:57:726] <27459> MAKE HEAD OK
INFO	[2023-03-24 20:41:57:726] <27459> MSG_TO_PG:[0101500175D SHA1                   0                                      300420majorgol03                    INIMX_CARDmajorgol0320230324193506225649<?xml version="1.0" encoding="UTF-8"?>
<INIpay>
	  <CancelInfo>
	    <SessionKey>PV6RkzqeSg8bRcVAyOKoGe3ewMSM1570vV7ZhCwzyELdfxOO9j+XYg5boyeSR4e9
A/dMOwmtXA7hnZojYJT7TE1zf6ZC3h3ost3o6F0wd7gVhdS456FA6bWRhkFb2bvQ
GJgE54qHQZ7dq4NBbNkLABeu+GDcZbQ8W3CW2Ok/v8OoggdUSijb/g==
</SessionKey>
	    <Encrypted>dmass6ME1zvCWIivnBSifhbp7pUwCgAguUrr51TJwpef2Il9n8I7c9WClNIF/IbL
xOvDWbMcvkCnuzO+eGu9POlk0m0DSWjM0QG49ICDFPLZa4I0Y3ce16QDG21eeOk2
qXTlSjNYq2vkZXl+kblVgzi9eDm0hRgSk1pp2Mgu7ymGknIax+V0aUuGAwVhpdZ5
BNhS2rMsGQoky3MP3hI4PnLWYfcHiGlkHXBjXkqaZR6TgXHhnhuHqGw8ByUI/4Rb
wn0eKPjLAjFobKno3JILsxf/1tCQ1NXlnuG3PP45VPANY7GpaDrYo1VzCLvsEmaL
NsBJQA4aTH5zq/3o8RFjdW0w7HMI09XHVy8ZGDuSKm0UXw6cFVBMr2a42VSgnkOK
ya8mILDaXF8=
</Encrypted></CancelInfo>
	  <ReservedInfo>
	    <MReserved1/>
	    <MReserved2/>
	    <MReserved3/></ReservedInfo>
	  <ManageInfo>
	    <Language/>
	    <URL/>
	    <TXVersion>5036B141209canceLinux     PHPchkfake   2.6.32-754.11.1.el6.x86_64PHP:</TXVersion>
	    <TXUserID/>
	    <TXRegNum/></ManageInfo></INIpay>AKFv0QMj71p+YZ6Pc4015b+lR2vaXwyDjaF3eX/Z+MIfVCCeXQX9hT+xHPy029jE
6kELrB6Ow0qd8PXu5Vm/0aCW9HCtSCSdOeQk+8BGgMsneyGhfy5oWG/X/RRlIwWA
CkZiKzaYIE/ZQNzbdPoTW8IbnhqWOlavE4Aai3Fb1Z9T
]
INFO	[2023-03-24 20:41:57:726] <27459> DNS LOOKUP OK(203.238.37.3:203.238.37.3:34049) laptime:0
INFO	[2023-03-24 20:41:57:728] <27459> SOCKET CONNECT OK
INFO	[2023-03-24 20:41:57:728] <27459> SEND OK
INFO	[2023-03-24 20:41:58:297] <27459> RECV OK
INFO	[2023-03-24 20:41:58:297] <27459> MSG_FROM_PG:[0093300175D SHA1                   0                                      300430majorgol03                    INIMX_CARDmajorgol0320230324193506225649<?xml version="1.0" encoding="UTF-8"?><INIpay>
<CancelInfo>
<ResultCode>120000</ResultCode>
<ResultMsg urlencode="1">%C1%A4%BB%F3%C3%B3%B8%AE%B5%C7%BE%FA%BD%C0%B4%CF%B4%D9.</ResultMsg>
<SessionKey>ADQ3Byz8Yk3Wq6NoBc8R91v+Q1/ttMQ3b5a9DWH3u5shHzdvbhVb7x2Z4SXl0lBP
QuqNBxbIgNqxTYZdl3qDps+c364KNWsYGVNdcO3Qnaz5tFLtQxX/dFLl3IidOMSl
nlYWwSjCrYzBaMlSlPtCBO2BXpjbz6bn/YxL6HRMZJE1ZlTHfoHwn3A=
</SessionKey>
<Encrypted>muMotKF7W326pCVYaEXuTzQTvnqAiPh+Ug2xSmifZi3atD7QpD8x6/3kJXnfCS6f
WXpN92nCfdV+nnvdjpa3aOMIUweRPGnpnL63BmpExyAUWE4cqBJ5qsVH/1Ds5Vll
CXEj6BqUjqWB7CwxZHVOQDSp9av0F+N9aaayhJTa9+tvlHqmUL+uh/eIVvWtPuwW
8zpobCkXZA9oA7z9dOo0mgod+eF4yO9d3dwHOk00uVGmu/ZXBS5aJq235BuMCVaA
4vHVfsImf0p6Z9oaWLhqQSG0+iA+BefxhDmrND6R+5Pw7EAKYVS+Jont3dGfh6gf
U05FJNPpb0GBZEwch0HnUqBcSW/IlVku
</Encrypted>
</CancelInfo>
<ManageInfo/>
<ReservedInfo>
<MReserved1 urlencode="1"/>
<MReserved2 urlencode="1"/>
<MReserved3 urlencode="1"/>
</ReservedInfo>
</INIpay>
ZzsNKKw4YI3I/BB7S0uqOw46UT8joObsCnD4L1P18elLQa2ULrVcvS05OwOKOTPh
6U40lyuP4lCkyRY1IyTF1cgwtpUS1eW+AyAxGTl4QOgZ8WGn+JzNO87o2nBlzKm7
r39F47WC2Za/C49za2QKittFrJrCDvHpxayCweTK4VA=
]
INFO	[2023-03-24 20:41:58:297] <27459> VERIFY OK
INFO	[2023-03-24 20:41:58:297] <27459> PARSE HEAD OK
INFO	[2023-03-24 20:41:58:297] <27459> PARSE BODY OK
INFO	[2023-03-24 20:41:58:298] <27459> DECRYPT OK
DEBUG	[2023-03-24 20:41:58:298] <27459> DECRYPT MSG:[<?xml version="1.0" encoding="UTF-8"?><CancelInfo>
<CancelDate>20230324</CancelDate>
<CancelTime>204157</CancelTime>
<ResultCode>120000</ResultCode>
<ResultMsg urlencode="1">%C1%A4%BB%F3%C3%B3%B8%AE%B5%C7%BE%FA%BD%C0%B4%CF%B4%D9.</ResultMsg>
</CancelInfo>]
INFO	[2023-03-24 20:41:58:298] <27459> DECRYPT PARSE OK
INFO	[2023-03-24 20:41:58:298] <27459> END cancel 정상처리되었습니다. Laptime:[0.574sec]
INFO	[2023-03-24 20:41:58:298] <27459> ===============================================================
