INFO	[2021-04-12 13:54:30:582] <25137> START INIPHP cancel (V5036-141209)(OS:Linux2.6.32-754.11.1.el6.x86_64,PHP:5.3.3)
DEBUG	[2021-04-12 13:54:30:582] <25137> inipayhome:/home1/killdeal/public_html/shop/inicis
DEBUG	[2021-04-12 13:54:30:582] <25137> debug:false
DEBUG	[2021-04-12 13:54:30:582] <25137> type:cancel
DEBUG	[2021-04-12 13:54:30:582] <25137> mid:majorgol03
DEBUG	[2021-04-12 13:54:30:582] <25137> admin:1111
DEBUG	[2021-04-12 13:54:30:582] <25137> tid:StdpayVBNKmajorgol0320210412133118681592
DEBUG	[2021-04-12 13:54:30:582] <25137> cancelmsg:주문자 본인 취소-구매의사 없음
INFO	[2021-04-12 13:54:30:582] <25137> Check Field OK
INFO	[2021-04-12 13:54:30:582] <25137> PI PUB KEY LOAD OK []
INFO	[2021-04-12 13:54:30:583] <25137> PG PUB KEY LOAD OK [30]
INFO	[2021-04-12 13:54:30:583] <25137> MERCHANT PRIV KEY LOAD OK
INFO	[2021-04-12 13:54:30:583] <25137> MERCHANT PUB KEY LOAD OK [0]
DEBUG	[2021-04-12 13:54:30:584] <25137> MAKE ENCRYPT OK[<?xml version="1.0" encoding="UTF-8"?>
<CancelInfo>
	  <CancelTID>StdpayVBNKmajorgol0320210412133118681592</CancelTID>
	  <CancelMsg urlencode="1">%C1%D6%B9%AE%C0%DA+%BA%BB%C0%CE+%C3%EB%BC%D2-%B1%B8%B8%C5%C0%C7%BB%E7+%BE%F8%C0%BD</CancelMsg>
	  <CancelReason/></CancelInfo>]
INFO	[2021-04-12 13:54:30:584] <25137> MAKE BODY OK
INFO	[2021-04-12 13:54:30:584] <25137> SIGN OK
INFO	[2021-04-12 13:54:30:584] <25137> MAKE HEAD OK
INFO	[2021-04-12 13:54:30:584] <25137> MSG_TO_PG:[0099400175D SHA1                   0                                      300420majorgol03                    StdpayVBNKmajorgol0320210412133118681592<?xml version="1.0" encoding="UTF-8"?>
<INIpay>
	  <CancelInfo>
	    <SessionKey>wpMOtSRL9xvz+x1h28boC3SSWDIBYfGGaVhs8ATX+I8ZcZ5Ba5KFkwp5kC8FbIlN
DgoSeSSHxX4TT/D8i09/29FpJcYjknm4FJ8CirFyBOs0v0L2BMB/eB5TIv6zK+Kl
4WjUjNx48M+ZgMFYKzwqFyg4r+8IYzlvsjrNRGcn979JTrG4+GUTOA==
</SessionKey>
	    <Encrypted>DNx3oWrYKCgvhRGlvDsBCfM72CTFcNydUv+xmWKMayGQ/tfJQ/BOj2/gMN6ySusz
GNjc1OeA1xM30rNjT3RPlf1q8JpLen1c9WY84dUrUzbKUGQS7/gdziFUfijyYgsN
wKoJHyMXWG+HFjxPnbbMLfjTsqvjBA6de7WvXq71vke3MwageVUkKwo2YDCCPwTX
CZhGlKpHjM9/uNqemPXAaoAOiUdfQFamiBp69hFQbgCkQIZ9KIG2X1meubszl++x
usCJafYUhGcDFIUJCc3aujNrDlmMTnrPmqfRZg009IxPPCRhIEtG82Mf9Vz2dr+l
VZN7mfbqvZska79lcklF/iyKn9vDF3DdOof35pWaBTc1K23B2ykqew==
</Encrypted></CancelInfo>
	  <ReservedInfo>
	    <MReserved1/>
	    <MReserved2/>
	    <MReserved3/></ReservedInfo>
	  <ManageInfo>
	    <Language/>
	    <URL/>
	    <TXVersion>5036B141209canceLinux     PHPchkfake   2.6.32-754.11.1.el6.x86_64PHP:</TXVersion>
	    <TXUserID/>
	    <TXRegNum/></ManageInfo></INIpay>ABG2aRZz416QGL1B5ha96lPJika/0sg6TIr84yyJpUaCZ75esIF/ksPXx7Goa4Ci
KeH8xgSbAwxmDhghEu54tbaeYOeLgYjtcN1La8ndUimfwdVG61c1wElz6p9lHT6d
3UKr6Srk3Ol5unkh9NOXQkN+W9ODPeTWfG5GZWCvP/f4
]
INFO	[2021-04-12 13:54:30:584] <25137> DNS LOOKUP OK(203.238.37.3:203.238.37.3:34049) laptime:0
INFO	[2021-04-12 13:54:30:587] <25137> SOCKET CONNECT OK
INFO	[2021-04-12 13:54:30:588] <25137> SEND OK
INFO	[2021-04-12 13:54:30:700] <25137> RECV OK
INFO	[2021-04-12 13:54:30:700] <25137> MSG_FROM_PG:[0123800175D SHA1                   0                                      300430majorgol03                    StdpayVBNKmajorgol0320210412133118681592<?xml version="1.0" encoding="UTF-8"?><INIpay>
<CancelInfo>
<ResultCode>170000</ResultCode>
<ResultMsg urlencode="1">%C1%A4%BB%F3%C3%B3%B8%AE%B5%C7%BE%FA%BD%C0%B4%CF%B4%D9.</ResultMsg>
<SessionKey>AQi61CYzmgZgwPpGcLIOlzWN8Vml9pSdHYF5C89MKaNUHmrxgK/jVypYj1+7VVqM
ifbOmoVsj9DEaBGlcgFREneDxx1Dy1APQUQueJgj1GrNrR6HlDgfl2k6tSTM6xsT
LFUIbABtIHpWTFx7uN6cRQMbY5SKdVy9wAgAF8CEc1vTp9O+NII1Tew=
</SessionKey>
<Encrypted>ViuQept1LeY2Gh7yeKbLLWE3hTnfgMr0vA++Dnd/7coNowLWkr2qdZtINQtV5ys0
nkRCAIxsg4W8Vf0uNAxDFcP36Ay5SB604hnnBdtKUl4rRYPdzq7311gSIkP18POz
DDlFSzVG3I6YSVXL+JusRozfNdgpY87MkXFPg+hsg8LeXw10+Ipq4LjRYaLQq795
AoWhrxgY0c/oGuTq/V3w7e/ngrPS6KaU0aF1prGcU653ACrb/O+VRnow45jWK4oz
WdctKHFZvfizO7+H+Y3wSLopNg0oDgmHLkVALrkArMG8lefMilSY+ZW/EjqLjE4e
KFBNqgORPAsZSFYWC2+R8UCfBKhn5A0YJZhSp4j9owmUqac34s5AhPfieTzfET6S
Y/HS72mN3PvvMU5h65IWOcJ9DxObdc8DRYCjixiLm4TDD2Aur2beLl/DxBixqH2S
RrK7aQ2RtOQmSEnqwPCrw6JjJfvRGg3fK/QimS2RIasDJGBaRnaxRofq2OGqPQ2m
YgCj+OgDg241BL92VIh1CY78ib+/p86WdXvA1DdrDyL6LXqNgQP8ykDTCIcGFvNg
/WzYavF6d7ceUkZBCmy4t0sQesp+MnAA2EqaIvth2tqdTwUohoKrmY570OrdROMh
UH5fpGuAbAk=
</Encrypted>
</CancelInfo>
<ManageInfo/>
<ReservedInfo>
<MReserved1 urlencode="1"/>
<MReserved2 urlencode="1"/>
<MReserved3 urlencode="1"/>
</ReservedInfo>
</INIpay>
vlPR2egvRvJCD625CWvk/jUvUmMwF2gOTfbECrPHymI+jeChB1TEKz2eSv0y9bn8
DTiPW0R4PxJv3MC+66QGiVI+uxqscP6VLVHOreC96hEPb0doA6sUJv2oGwxUYCMl
fEWFURijBuyfP1DhJ8ut8g7Y1NCMZ39/ITeO2IKanEo=
]
INFO	[2021-04-12 13:54:30:700] <25137> VERIFY OK
INFO	[2021-04-12 13:54:30:700] <25137> PARSE HEAD OK
INFO	[2021-04-12 13:54:30:701] <25137> PARSE BODY OK
INFO	[2021-04-12 13:54:30:701] <25137> DECRYPT OK
DEBUG	[2021-04-12 13:54:30:701] <25137> DECRYPT MSG:[<?xml version="1.0" encoding="UTF-8"?><CancelInfo>
<CancelDate>20210412</CancelDate>
<CancelTime>135430</CancelTime>
<ResultCode>170000</ResultCode>
<ResultMsg urlencode="1">%C1%A4%BB%F3%C3%B3%B8%AE%B5%C7%BE%FA%BD%C0%B4%CF%B4%D9.</ResultMsg>
<CSHR_CancelDate>20210412</CSHR_CancelDate>
<CSHR_CancelTime>135430</CSHR_CancelTime>
<CSHR_ResultCode>220000</CSHR_ResultCode>
<CSHR_ResultMsg urlencode="1">%C1%A4%BB%F3%C3%B3%B8%AE%B5%C7%BE%FA%BD%C0%B4%CF%B4%D9.</CSHR_ResultMsg>
</CancelInfo>]
INFO	[2021-04-12 13:54:30:702] <25137> DECRYPT PARSE OK
INFO	[2021-04-12 13:54:30:702] <25137> END cancel 정상처리되었습니다. Laptime:[0.12sec]
INFO	[2021-04-12 13:54:30:702] <25137> ===============================================================
