INFO	[2021-10-27 08:57:11:896] <17331> START INIPHP receipt (V5036-141209)(OS:Linux2.6.32-754.11.1.el6.x86_64,PHP:5.3.3)
DEBUG	[2021-10-27 08:57:11:896] <17331> inipayhome:/home1/killdeal/public_html/shop/inicis
DEBUG	[2021-10-27 08:57:11:896] <17331> debug:false
DEBUG	[2021-10-27 08:57:11:896] <17331> type:receipt
DEBUG	[2021-10-27 08:57:11:896] <17331> pgid:INIphpRECP
DEBUG	[2021-10-27 08:57:11:896] <17331> paymethod:CASH
DEBUG	[2021-10-27 08:57:11:896] <17331> currency:WON
DEBUG	[2021-10-27 08:57:11:896] <17331> admin:1111
DEBUG	[2021-10-27 08:57:11:896] <17331> mid:fourseason
DEBUG	[2021-10-27 08:57:11:896] <17331> goodname:핫딜테크스킨나인팩트스탠드백 외 1건
DEBUG	[2021-10-27 08:57:11:896] <17331> cr_price:313900
DEBUG	[2021-10-27 08:57:11:896] <17331> sup_price:285364
DEBUG	[2021-10-27 08:57:11:896] <17331> tax:28536
DEBUG	[2021-10-27 08:57:11:896] <17331> srvc_price:0
DEBUG	[2021-10-27 08:57:11:896] <17331> buyername:김재회
DEBUG	[2021-10-27 08:57:11:896] <17331> buyeremail:woghl5006@naver.com
DEBUG	[2021-10-27 08:57:11:896] <17331> buyertel:01086851022
DEBUG	[2021-10-27 08:57:11:896] <17331> reg_num:9002231508213
DEBUG	[2021-10-27 08:57:11:896] <17331> useopt:0
DEBUG	[2021-10-27 08:57:11:896] <17331> companynumber:
INFO	[2021-10-27 08:57:11:896] <17331> Check Field OK
INFO	[2021-10-27 08:57:11:896] <17331> Make TID OK INIphpRECPfourseason20211027085711966000
INFO	[2021-10-27 08:57:11:896] <17331> PI PUB KEY LOAD OK []
INFO	[2021-10-27 08:57:11:897] <17331> PG PUB KEY LOAD OK [30]
INFO	[2021-10-27 08:57:11:897] <17331> MERCHANT PRIV KEY LOAD OK
INFO	[2021-10-27 08:57:11:897] <17331> MERCHANT PUB KEY LOAD OK [0]
DEBUG	[2021-10-27 08:57:11:898] <17331> MAKE ENCRYPT OK[<?xml version="1.0" encoding="UTF-8"?>
<PaymentInfo>
	  <Payment>
	    <CASH>
	      <CSHR_ApplPrice>313900</CSHR_ApplPrice>
	      <CSHR_SupplyPrice>285364</CSHR_SupplyPrice>
	      <CSHR_Tax>28536</CSHR_Tax>
	      <CSHR_ServicePrice/>
	      <CSHR_Type>0</CSHR_Type>
	      <CSHR_RegNum>9002231508213</CSHR_RegNum>
	      <CSHR_CompanyNum/></CASH></Payment></PaymentInfo>]
INFO	[2021-10-27 08:57:11:899] <17331> MAKE BODY OK
INFO	[2021-10-27 08:57:11:899] <17331> SIGN OK
INFO	[2021-10-27 08:57:11:899] <17331> MAKE HEAD OK
INFO	[2021-10-27 08:57:11:899] <17331> MSG_TO_PG:[0193700175D SHA1                   0                                      300200fourseason              313900INIphpRECPfourseason20211027085711966000<?xml version="1.0" encoding="UTF-8"?>
<INIpay>
	  <GoodsInfo>
	    <GoodsCnt>1</GoodsCnt>
	    <MOID/>
	    <Currency>WON</Currency>
	    <Tax>28536</Tax>
	    <TaxFree/>
	    <Goods>
	      <SMID>fourseason</SMID>
	      <GoodsName urlencode="1">%C7%D6%B5%F4%C5%D7%C5%A9%BD%BA%C5%B2%B3%AA%C0%CE%C6%D1%C6%AE%BD%BA%C5%C4%B5%E5%B9%E9+%BF%DC+1%B0%C7</GoodsName>
	      <GoodsPrice>313900</GoodsPrice></Goods></GoodsInfo>
	  <BuyerInfo>
	    <BuyerName urlencode="1">%B1%E8%C0%E7%C8%B8</BuyerName>
	    <BuyerTel>01086851022</BuyerTel>
	    <BuyerEmail urlencode="1">woghl5006%40naver.com</BuyerEmail>
	    <ParentEmail/>
	    <RecvName/>
	    <RecvTel/>
	    <RecvMsg/>
	    <RecvAddr/>
	    <RecvPostNum/></BuyerInfo>
	  <PaymentInfo>
	    <Payment>
	      <PayMethod>CASH</PayMethod>
	      <JoinCard/>
	      <JoinExpire/>
	      <MailOrder/>
	      <SessionKey>R5GmZdaIgMfr3X/WmZnmc+4ra9lmlCwDBXVkrVoawo1ejDDlHLAPjeSoA1XQ5MEf
OHf13uX3IlwCO4p8sJXeSpyfNSYxWvMOry3uWONLxj60RG8IIztYgEuL/DGFkt7J
RpxxZntGe/kctIbXSh10vfIF9xVHI+hJ1TE80uMylLKftuT4f9k3lw==
</SessionKey>
	      <Encrypted>TPzHU7cW3SenbQ4YYVT0ypMq79xHW26cpkPszKia8UyhB8/tOAaEdEVSAsdBTcRf
6H59k2ccKVSlcUqgEB4z5BGZz88OrocQ/7F4Uhe0WczxHDV+y/HNd7MvbiyJ1kSF
dmA0ahdzVkYx3cE7DEMMy4dHxjxEDthdW2VEbXeJD0qZk5aoRXk0heBRMcuHwYPp
wrVtjZoWTtejjdU5cxTnPKCVAvcMxGnXDS7Y+UgMBVnuk9MfWDmipBJUKBRcIvW/
HwWn3sHqylNuyaBNDNsgJV6uDygEGcOY6IZ1ldUNpuHibRkQE4sQmswIZ1IQjCTn
JjZMxeaOp44/iUJLnHl2qv1v/JEfj4jxguEZRRvnQ/l64freaaF2ayRSJj5GIPR/
/mPFVs6RyFkaEsq4+I8XVvSMA5cLiosJ6XgZZrBIC009W9fVyPcAiBPwI6zQHkNg
uRSlKOc00z/h6dTIeDoJv34fOSe9UxaMFtOB3ncbLG+MdrwU1p5Dmw==
</Encrypted></Payment></PaymentInfo>
	  <ReservedInfo>
	    <MReserved1/>
	    <MReserved2/>
	    <MReserved3/></ReservedInfo>
	  <ManageInfo>
	    <Language/>
	    <URL/>
	    <TXVersion>5036B141209receiLinux     PHPchkfake   2.6.32-754.11.1.el6.x86_64PHP:</TXVersion>
	    <TXUserID/>
	    <TXRegNum/>
	    <Ack>1</Ack></ManageInfo></INIpay>AAYXDnxYE5tL45m236/yeGBm/Ju/+dYadunEPERkgalKiI+RDZ5K5SbNOoF0A/3J
Qdj2Zt5Wa6/53B0R6ywXsBx8nBQXEqRCan3TyuOIF90Lqzmg5+G+GzSbgbjpI7F+
Nwbev2z1xxcJ2WyCO/VS/9E8fb24egwt+trb8tBr53/C
]
INFO	[2021-10-27 08:57:11:899] <17331> DNS LOOKUP OK(203.238.37.3:203.238.37.3:34049) laptime:0
INFO	[2021-10-27 08:57:11:902] <17331> SOCKET CONNECT OK
INFO	[2021-10-27 08:57:11:902] <17331> SEND OK
INFO	[2021-10-27 08:57:12:33] <17331> RECV OK
INFO	[2021-10-27 08:57:12:33] <17331> MSG_FROM_PG:[0167800175D SHA1                   0                                      300210fourseason              313900INIphpRECPfourseason20211027085711966000<?xml version="1.0" encoding="UTF-8"?><INIpay>
<GoodsInfo>
<GoodsCnt>1</GoodsCnt>
<MOID urlencode="1"/>
<Currency>WON</Currency>
<Goods no="1">
<SMID>fourseason</SMID>
<GoodsName urlencode="1">%C7%D6%B5%F4%C5%D7%C5%A9%BD%BA%C5%B2%B3%AA%C0%CE%C6%D1%C6%AE%BD%BA%C5%C4%B5%E5%B9%E9+%BF%DC+1%B0%C7</GoodsName>
<GoodsCntS>1</GoodsCntS>
<GoodsPrice>313900</GoodsPrice>
</Goods>
</GoodsInfo>
<PaymentInfo>
<Payment>
<SessionKey>APY7ue2DEr+fUH/Df3MoaN+a7cTAqyzY3WV9Tx21zdD+2tOpSTejKB9pZuET5Eo9
PDbJ43+7lILQZekcHBDnLT7Zahg2DvAcFZgWbd2TyYTi6l3/4S0kxb+XKaIMKUnq
sGplg5Vdcw62eXiIrx5kedNiwkW98/NjMkCWRSvgmBaT0rNugyGS5Z8=
</SessionKey>
<Encrypted>hEnaEVdLogyqFrLVxQbHIVloxvQjaAUT8HCnZxZgQ3RatVsgI7bNKP6L6/um+FqY
9YeYrjBPH7DDoOGplJj83RI6Ne/PmlgcO693XJyZ/0KOjbz6F19Psd8UAZnfnDAO
Sjdw1cgPHXsTB+VrvN6179HItlEkA5QMMIdARulnvgrq2uigBkirtA7FS2FQABJk
KcPmAFnHrkhIOSxGyyl8c20VFrm30VgPEZmud0rgoB+D9DvXbuyMrSFW5pL0cH/O
D3CXtU2QElf1k6SdHfx9U6NrKrtjVg1RyKItaAPGeahb1Na2FyF3ZPLNCFLJPBDz
bWTEmi8ogZAnEFCAbRbnm4bFg8/7nYpNst+M30jwhEQtNS4XohxsjS4pOV33UQ8b
n8f5iqv5JlFGmlWFetPurc8DhgYq1Fn+9bUIPP2z9LPiIWUNt9pOciuFpFBSdMEZ
kt3M12yXpS4JgKgbklaa3vgbwS4sRlMNhc5ekLFMfUzsOGOzC9iiw/ms20zrFiaD
1K9GX7oc5XA6nLeTnRJIlfxCW57U/Cy7hLHxBxLQdFG1TuZ6BS60d003q9uy5ZrA
G7c9rD88VQLcxTclLRXfg6URhPbMb4SgK2rd6HGSbzhXmr6TOd3dGz7xrkMKq+0G
HlTWFcBP50jsAAYE22W3oF/vYWocfzhJqAuiu+H59GJJqe4lK+wY1CLXA/h2h8U5
</Encrypted>
<PayMethod>CASH</PayMethod>
<ResultCode>220000</ResultCode>
<ResultMsg urlencode="1">%C1%A4%BB%F3%C3%B3%B8%AE%B5%C7%BE%FA%BD%C0%B4%CF%B4%D9.</ResultMsg>
</Payment>
</PaymentInfo>
<ManageInfo/>
<ReservedInfo>
<MReserved1 urlencode="1"/>
<MReserved2 urlencode="1"/>
<MReserved3 urlencode="1"/>
</ReservedInfo>
</INIpay>
TnJnZH4KG75A/aSFRqGQYkrZep0kgzJlNSkTxVxu85uKBCvIWSQ5T11FHBhlKVRk
mhkm2PY01fyxaQbbgEhEFL5RuLx72KYWyXRzRuASgmTDMhLpSXhY8EwkExb6csq6
ipcfX5gSSQ3K8ymYHe9afGIPu6aDHxFk9P+PGMR+l7E=
]
INFO	[2021-10-27 08:57:12:33] <17331> VERIFY OK
INFO	[2021-10-27 08:57:12:33] <17331> PARSE HEAD OK
INFO	[2021-10-27 08:57:12:34] <17331> PARSE BODY OK
INFO	[2021-10-27 08:57:12:35] <17331> DECRYPT OK
DEBUG	[2021-10-27 08:57:12:35] <17331> DECRYPT MSG:[<?xml version="1.0" encoding="UTF-8"?><PaymentInfo>
<Payment>
<CASH>
<CSHR_ApplPrice>313900</CSHR_ApplPrice>
<CSHR_SupplyPrice>285364</CSHR_SupplyPrice>
<CSHR_Tax>28536</CSHR_Tax>
<CSHR_ServicePrice/>
<CSHR_Type>0</CSHR_Type>
<CSHR_ApplDate>20211027</CSHR_ApplDate>
<CSHR_ApplTime>085711</CSHR_ApplTime>
<CSHR_ApplNum>265826222</CSHR_ApplNum>
<CSHR_ResultCode>220000</CSHR_ResultCode>
<CSHR_ResultMsg urlencode="1">%C1%A4%BB%F3%C3%B3%B8%AE%B5%C7%BE%FA%BD%C0%B4%CF%B4%D9.</CSHR_ResultMsg>
</CASH>
</Payment>
</PaymentInfo>]
INFO	[2021-10-27 08:57:12:35] <17331> DECRYPT PARSE OK
INFO	[2021-10-27 08:57:12:35] <17331> WAIT ACK INVOKING
DEBUG	[2021-10-27 08:57:12:35] <17331> MAKE HEAD OK
INFO	[2021-10-27 08:57:12:39] <17331> SUCCESS ACK INVOKING
INFO	[2021-10-27 08:57:12:39] <17331> END receipt 정상처리되었습니다. Laptime:[0.143sec]
INFO	[2021-10-27 08:57:12:39] <17331> ===============================================================
INFO	[2021-10-27 13:08:58:804] <26342> START INIPHP receipt (V5036-141209)(OS:Linux2.6.32-754.11.1.el6.x86_64,PHP:5.3.3)
DEBUG	[2021-10-27 13:08:58:804] <26342> inipayhome:/home1/killdeal/public_html/shop/inicis
DEBUG	[2021-10-27 13:08:58:804] <26342> debug:false
DEBUG	[2021-10-27 13:08:58:804] <26342> type:receipt
DEBUG	[2021-10-27 13:08:58:804] <26342> pgid:INIphpRECP
DEBUG	[2021-10-27 13:08:58:804] <26342> paymethod:CASH
DEBUG	[2021-10-27 13:08:58:804] <26342> currency:WON
DEBUG	[2021-10-27 13:08:58:804] <26342> admin:1111
DEBUG	[2021-10-27 13:08:58:804] <26342> mid:fourseason
DEBUG	[2021-10-27 13:08:58:804] <26342> goodname:핫딜골프공제공리카타다크화이트리버시블소가죽골프벨트 외 1건
DEBUG	[2021-10-27 13:08:58:804] <26342> cr_price:54900
DEBUG	[2021-10-27 13:08:58:804] <26342> sup_price:49909
DEBUG	[2021-10-27 13:08:58:804] <26342> tax:4991
DEBUG	[2021-10-27 13:08:58:804] <26342> srvc_price:0
DEBUG	[2021-10-27 13:08:58:804] <26342> buyername:김재회
DEBUG	[2021-10-27 13:08:58:804] <26342> buyeremail:woghl5006@naver.com
DEBUG	[2021-10-27 13:08:58:804] <26342> buyertel:01086851022
DEBUG	[2021-10-27 13:08:58:804] <26342> reg_num:9002231508213
DEBUG	[2021-10-27 13:08:58:804] <26342> useopt:0
DEBUG	[2021-10-27 13:08:58:804] <26342> companynumber:
INFO	[2021-10-27 13:08:58:804] <26342> Check Field OK
INFO	[2021-10-27 13:08:58:804] <26342> Make TID OK INIphpRECPfourseason20211027130858044842
INFO	[2021-10-27 13:08:58:804] <26342> PI PUB KEY LOAD OK []
INFO	[2021-10-27 13:08:58:804] <26342> PG PUB KEY LOAD OK [30]
INFO	[2021-10-27 13:08:58:804] <26342> MERCHANT PRIV KEY LOAD OK
INFO	[2021-10-27 13:08:58:804] <26342> MERCHANT PUB KEY LOAD OK [0]
DEBUG	[2021-10-27 13:08:58:805] <26342> MAKE ENCRYPT OK[<?xml version="1.0" encoding="UTF-8"?>
<PaymentInfo>
	  <Payment>
	    <CASH>
	      <CSHR_ApplPrice>54900</CSHR_ApplPrice>
	      <CSHR_SupplyPrice>49909</CSHR_SupplyPrice>
	      <CSHR_Tax>4991</CSHR_Tax>
	      <CSHR_ServicePrice/>
	      <CSHR_Type>0</CSHR_Type>
	      <CSHR_RegNum>9002231508213</CSHR_RegNum>
	      <CSHR_CompanyNum/></CASH></Payment></PaymentInfo>]
INFO	[2021-10-27 13:08:58:805] <26342> MAKE BODY OK
INFO	[2021-10-27 13:08:58:806] <26342> SIGN OK
INFO	[2021-10-27 13:08:58:806] <26342> MAKE HEAD OK
INFO	[2021-10-27 13:08:58:806] <26342> MSG_TO_PG:[0200700175D SHA1                   0                                      300200fourseason               54900INIphpRECPfourseason20211027130858044842<?xml version="1.0" encoding="UTF-8"?>
<INIpay>
	  <GoodsInfo>
	    <GoodsCnt>1</GoodsCnt>
	    <MOID/>
	    <Currency>WON</Currency>
	    <Tax>4991</Tax>
	    <TaxFree/>
	    <Goods>
	      <SMID>fourseason</SMID>
	      <GoodsName urlencode="1">%C7%D6%B5%F4%B0%F1%C7%C1%B0%F8%C1%A6%B0%F8%B8%AE%C4%AB%C5%B8%B4%D9%C5%A9%C8%AD%C0%CC%C6%AE%B8%AE%B9%F6%BD%C3%BA%ED%BC%D2%B0%A1%C1%D7%B0%F1%C7%C1%BA%A7%C6%AE+%BF%DC+1%B0%C7</GoodsName>
	      <GoodsPrice>54900</GoodsPrice></Goods></GoodsInfo>
	  <BuyerInfo>
	    <BuyerName urlencode="1">%B1%E8%C0%E7%C8%B8</BuyerName>
	    <BuyerTel>01086851022</BuyerTel>
	    <BuyerEmail urlencode="1">woghl5006%40naver.com</BuyerEmail>
	    <ParentEmail/>
	    <RecvName/>
	    <RecvTel/>
	    <RecvMsg/>
	    <RecvAddr/>
	    <RecvPostNum/></BuyerInfo>
	  <PaymentInfo>
	    <Payment>
	      <PayMethod>CASH</PayMethod>
	      <JoinCard/>
	      <JoinExpire/>
	      <MailOrder/>
	      <SessionKey>R7/ISK0uUsrnorRoPYGT9qrcj31DaAfzBL2NZc3xMTS685bJ+dCmUgvyEkaBLeUw
/NnB4ZgYFxU5semUYSkytBeEgIxJmzG4KZwod6gnZw1VD99NS0sgh/u+ZGSbZMch
BjonOxtcN/Hyt6dTPx0YzlkPo2OyZacLSNWg+eQ+k+BTemTjxdRNEw==
</SessionKey>
	      <Encrypted>r2ahniuUksKQUJ4lNgn0smrA9SbkAxNTe+LKhtoNsNemsJGP0/eY3Z85ZnW14uH5
qxobgSJ9Uho2EHU0MHzC/wMdVUsdyECEUX9rVWJDRHJvcGnBZMeQJCMFdvx0s9sq
44JSHSm6tW8fkYxaQPInr3hQWnpXiJuE8qZ07JY1ZVXKV1L3zC5UrkWHh0mHSM6f
mPjm47vne43M0X6qhrQidBrELDND02Y0h7mJwngX/prAz2vsGrJXYotSpcnteQYh
Iuxw5+rpM/H+PuzaahwLYanDKQZ8hQci9dbLNGcqz7YM/uAqcQ6P6Xj4XWl66NMi
K4lrgvbFf2oUYWK1a89gpryCkTc3TfVBQzr1LbjpzCAuWTndUCPqtMI+o7VgbA19
saluDT72reJ+2DMHNeNQLVxy+5INwfMvgbkFzR99duTiv0X6D5w/ni9Ek9euPPLb
6ACTsHYg7t4zIbx7ehBvRrFil0VhHWTJUfXcVzOpUGeWp5xbBIr6Pw==
</Encrypted></Payment></PaymentInfo>
	  <ReservedInfo>
	    <MReserved1/>
	    <MReserved2/>
	    <MReserved3/></ReservedInfo>
	  <ManageInfo>
	    <Language/>
	    <URL/>
	    <TXVersion>5036B141209receiLinux     PHPchkfake   2.6.32-754.11.1.el6.x86_64PHP:</TXVersion>
	    <TXUserID/>
	    <TXRegNum/>
	    <Ack>1</Ack></ManageInfo></INIpay>ABtMeveE41X/IUPoUI0k+WFnXlu6r+POv78kFRT83qCQ9eiNLf101ieng+oUlDfx
6Vp0XICk+cTRQXQZaFsRxsDacfpbg7mVgNpTjBjy4ceWiddxsIc5WqZCpoJtQ4JI
Y9zO5f+6HfMH9nhE9hGoIhf5s3BjaADD+CfJPOZhhK1A
]
INFO	[2021-10-27 13:08:58:806] <26342> DNS LOOKUP OK(203.238.37.3:203.238.37.3:34049) laptime:0
INFO	[2021-10-27 13:08:58:808] <26342> SOCKET CONNECT OK
INFO	[2021-10-27 13:08:58:808] <26342> SEND OK
INFO	[2021-10-27 13:08:58:893] <26342> RECV OK
INFO	[2021-10-27 13:08:58:893] <26342> MSG_FROM_PG:[0174100175D SHA1                   0                                      300210fourseason               54900INIphpRECPfourseason20211027130858044842<?xml version="1.0" encoding="UTF-8"?><INIpay>
<GoodsInfo>
<GoodsCnt>1</GoodsCnt>
<MOID urlencode="1"/>
<Currency>WON</Currency>
<Goods no="1">
<SMID>fourseason</SMID>
<GoodsName urlencode="1">%C7%D6%B5%F4%B0%F1%C7%C1%B0%F8%C1%A6%B0%F8%B8%AE%C4%AB%C5%B8%B4%D9%C5%A9%C8%AD%C0%CC%C6%AE%B8%AE%B9%F6%BD%C3%BA%ED%BC%D2%B0%A1%C1%D7%B0%F1%C7%C1%BA%A7%C6%AE+%BF%DC+1%B0%C7</GoodsName>
<GoodsCntS>1</GoodsCntS>
<GoodsPrice>54900</GoodsPrice>
</Goods>
</GoodsInfo>
<PaymentInfo>
<Payment>
<SessionKey>ACOJ9VYOm628yVXrGOEdq/AOIqDzCgs/c6xdpotUFeO3bTesg1WfXhnoZFY0f9XZ
0MyF5HoUZucNFrB+2jQogCR+JQqbTmR09sV0SnPCxaah4SErzhOyekNjlMrfPuV/
SYX90mcED43K9T1zxx1w9EaH04m1NzMYTQ9bO6tInyBgMt2gjYg5EFg=
</SessionKey>
<Encrypted>9+6zTBnABsRbZKwFLmvoydOThkHaVy5LQxstsWs6Sk8uA0wV2rIyxhkuF73y5RG5
yrYbp7Yn02rqNGhsB7yKQw9xIAULCpmJqJQj7JXI0jOpQi9f4PnnyuBvhwpAZDv3
g02yk5B8kWVQlY9osYfVXhcHhoR3Ajbv6mCIdYOBHpEmJ04eRLf5VitgBgVTJjl/
wudw8EYpb2VEtHBkJXYejkvwUSyQMIyu078bdRwUTB1+YLjPeplmR6hdoIw4kmuJ
gyDeQ8H85iSIwoTzTX9OJ9+a7K3kjDCD5VieLxiXb8TtJJ+aQCZjQ1DYZrevqfnL
JfEmoAp4MLMkzBDxdOFop5egTx/QwMyP/uqIVd/0k8QiK8WQAXkJKfw2rA9Y35GU
RPHy3HeRRvJkS6PULRCfgqkSEXsiRchYLCZURQad5QWL7cNVUWqomq4oZmihP9bC
OG8N034YPHqqfTGVqQCbXZH0qeKXXuYjADsHmIwrYInViSvFXLNT1TjRp2oCBORj
g+d14uxtRjfGAjuLk4wVdO5pSoBMmzjg4uQZVq2NRfX7VrPtHk2k/9XMO8urrPgL
1iillMKJS+DrLaOuQSuyNeLBHqXns4vWNrPw4t8gNY4zPczefXBfSlf/VOLeh7E8
HXXoBjp8scBoLDSOkgQYJJbzVn+nawl45GcasmV3csRGFFZ3i54F8A==
</Encrypted>
<PayMethod>CASH</PayMethod>
<ResultCode>220000</ResultCode>
<ResultMsg urlencode="1">%C1%A4%BB%F3%C3%B3%B8%AE%B5%C7%BE%FA%BD%C0%B4%CF%B4%D9.</ResultMsg>
</Payment>
</PaymentInfo>
<ManageInfo/>
<ReservedInfo>
<MReserved1 urlencode="1"/>
<MReserved2 urlencode="1"/>
<MReserved3 urlencode="1"/>
</ReservedInfo>
</INIpay>
T/0d67xW0iCiippRo9PRFG7I3xtUqxLsJvo8sIyVQwwvSU36YSIz9C69JkST+A30
YzR8Tbje6UlG4YSRlXZT5Y6OR1XaJFuWTc0Cn/59KkQleqj54ALyzMP5Bxu0bAO4
Dql9huZRctcGppuWFu3wDsMdEsC2bwwjvR+j1Ympic8=
]
INFO	[2021-10-27 13:08:58:893] <26342> VERIFY OK
INFO	[2021-10-27 13:08:58:893] <26342> PARSE HEAD OK
INFO	[2021-10-27 13:08:58:894] <26342> PARSE BODY OK
INFO	[2021-10-27 13:08:58:894] <26342> DECRYPT OK
DEBUG	[2021-10-27 13:08:58:894] <26342> DECRYPT MSG:[<?xml version="1.0" encoding="UTF-8"?><PaymentInfo>
<Payment>
<CASH>
<CSHR_ApplPrice>54900</CSHR_ApplPrice>
<CSHR_SupplyPrice>49909</CSHR_SupplyPrice>
<CSHR_Tax>4991</CSHR_Tax>
<CSHR_ServicePrice/>
<CSHR_Type>0</CSHR_Type>
<CSHR_ApplDate>20211027</CSHR_ApplDate>
<CSHR_ApplTime>130858</CSHR_ApplTime>
<CSHR_ApplNum>265856602</CSHR_ApplNum>
<CSHR_ResultCode>220000</CSHR_ResultCode>
<CSHR_ResultMsg urlencode="1">%C1%A4%BB%F3%C3%B3%B8%AE%B5%C7%BE%FA%BD%C0%B4%CF%B4%D9.</CSHR_ResultMsg>
</CASH>
</Payment>
</PaymentInfo>]
INFO	[2021-10-27 13:08:58:895] <26342> DECRYPT PARSE OK
INFO	[2021-10-27 13:08:58:895] <26342> WAIT ACK INVOKING
DEBUG	[2021-10-27 13:08:58:895] <26342> MAKE HEAD OK
INFO	[2021-10-27 13:08:58:898] <26342> SUCCESS ACK INVOKING
INFO	[2021-10-27 13:08:58:898] <26342> END receipt 정상처리되었습니다. Laptime:[0.095sec]
INFO	[2021-10-27 13:08:58:898] <26342> ===============================================================
