INFO	[2022-11-28 13:13:01:149] <15211> START INIPHP cancel (V5036-141209)(OS:Linux2.6.32-754.11.1.el6.x86_64,PHP:5.3.3)
DEBUG	[2022-11-28 13:13:01:149] <15211> inipayhome:/home1/killdeal/public_html/shop/inicis
DEBUG	[2022-11-28 13:13:01:149] <15211> debug:false
DEBUG	[2022-11-28 13:13:01:149] <15211> type:cancel
DEBUG	[2022-11-28 13:13:01:149] <15211> mid:majorgol03
DEBUG	[2022-11-28 13:13:01:149] <15211> admin:1111
DEBUG	[2022-11-28 13:13:01:149] <15211> tid:StdpayISP_majorgol0320221127113952974823
DEBUG	[2022-11-28 13:13:01:149] <15211> cancelmsg:쇼핑몰 운영자 승인 취소
INFO	[2022-11-28 13:13:01:149] <15211> Check Field OK
INFO	[2022-11-28 13:13:01:149] <15211> PI PUB KEY LOAD OK []
INFO	[2022-11-28 13:13:01:149] <15211> PG PUB KEY LOAD OK [30]
INFO	[2022-11-28 13:13:01:150] <15211> MERCHANT PRIV KEY LOAD OK
INFO	[2022-11-28 13:13:01:150] <15211> MERCHANT PUB KEY LOAD OK [0]
DEBUG	[2022-11-28 13:13:01:150] <15211> MAKE ENCRYPT OK[<?xml version="1.0" encoding="UTF-8"?>
<CancelInfo>
	  <CancelTID>StdpayISP_majorgol0320221127113952974823</CancelTID>
	  <CancelMsg urlencode="1">%BC%EE%C7%CE%B8%F4+%BF%EE%BF%B5%C0%DA+%BD%C2%C0%CE+%C3%EB%BC%D2</CancelMsg>
	  <CancelReason/></CancelInfo>]
INFO	[2022-11-28 13:13:01:151] <15211> MAKE BODY OK
INFO	[2022-11-28 13:13:01:151] <15211> SIGN OK
INFO	[2022-11-28 13:13:01:151] <15211> MAKE HEAD OK
INFO	[2022-11-28 13:13:01:151] <15211> MSG_TO_PG:[0096200175D SHA1                   0                                      300420majorgol03                    StdpayISP_majorgol0320221127113952974823<?xml version="1.0" encoding="UTF-8"?>
<INIpay>
	  <CancelInfo>
	    <SessionKey>v0nDu/mOfOiWPgwon8NGKXykNtAGyHSKrNtvGKlHh5fuRZtSv6Wb/q62NeXGYRy6
0jI6rh8f0DabeEnWTniGFg0LjlfnWjn2+dEGKFrX7Cgfw8CWJGXCtZ/B/dsEf5Cp
/FdteEbs4XEIIbf1BfgT2meEgW2lWYLaAojTL10+4N7ma0qN5V/yKA==
</SessionKey>
	    <Encrypted>VE7pOwLHWkvO94j6sqvnPdCg2gL+tqfqNeRexE225pHHJ+JthAKNrR7IA3wntZQa
7MUiTx+3ilnhjRcid0GkD6cXkrReVC/KPxmUiAW2JVD/OA3gov8KWRSBIHg5oegV
3FZT8litam9Vqh/bMyq85Dxjww/R3uRgkVIV1Y9OGQksVb0T/T4tJrbatVPXhI0V
12ZNCF5wegxr5c8AI42DPxA2/j8jPIX5s4SIoC9UcHRPEHm1XLAEhYGqJRtP/DQT
/7aIMpL6Lgf92yjBxXbOm958srqvBzGxHE2IBQPIawO+20G/M3OMzaLCYrzoR0Fj
3jusp5BOo6E8Y0NA3A7NAw==
</Encrypted></CancelInfo>
	  <ReservedInfo>
	    <MReserved1/>
	    <MReserved2/>
	    <MReserved3/></ReservedInfo>
	  <ManageInfo>
	    <Language/>
	    <URL/>
	    <TXVersion>5036B141209canceLinux     PHPchkfake   2.6.32-754.11.1.el6.x86_64PHP:</TXVersion>
	    <TXUserID/>
	    <TXRegNum/></ManageInfo></INIpay>AR2YPR22qFRjO18EmY2dZTzvW1zgMQ3HyrFi8GMKvg1ETnvOWoF22sNaph8uGQOm
jCCdZaBPNOzH24rvkQ/1mI8NQgSh8QTIHR3IPfiNLxMU1fiZqXA+f7dZ5FMDRhdR
qJcUI2VVkFWA2ZRvqwwa3BeIphVSClLpmUfeeA1L/YIP
]
INFO	[2022-11-28 13:13:01:151] <15211> DNS LOOKUP OK(203.238.37.3:203.238.37.3:34049) laptime:0
INFO	[2022-11-28 13:13:01:154] <15211> SOCKET CONNECT OK
INFO	[2022-11-28 13:13:01:154] <15211> SEND OK
INFO	[2022-11-28 13:13:01:901] <15211> RECV OK
INFO	[2022-11-28 13:13:01:901] <15211> MSG_FROM_PG:[0086100175D SHA1                   0                                      300430majorgol03                    StdpayISP_majorgol0320221127113952974823<?xml version="1.0" encoding="UTF-8"?><INIpay>
<CancelInfo>
<ResultCode>170000</ResultCode>
<ResultMsg urlencode="1">%C1%A4%BB%F3%BF%CF%B7%E1</ResultMsg>
<SessionKey>AF2yR9FiwRAx+92+JaYH081owkcjXWBcye9PZaDj58jr+uQ3PvPoWmAIzCxhgJ+o
GtOOhVf/xo6lPgNrmmD+CQi4y/g6R7RcN+J3KySKoawKPQyGIUTV6VTwpAKH7yt4
DGPO30v10UHvLNlpfD/x8xfdeHlYKbU3C28O0AsUkWZkcWJrkUK4m4M=
</SessionKey>
<Encrypted>/pDaBcq72OpNDAHcncjjGmu+ZV9p0BuKc8jOr+MhBFUV1PFBrxHdOlqwsXrMPbEc
iXH+DeEfIJmctEuWnfDJG1+ZayhJBCOfpp/IUDZ4kgUF64PdIQJybB8fsMpDdsrG
VvMJ9kC2r5jrJEdHjwrFWpxfjlmOJ/CM1oZectoFlcQYSLIpIlGi9ZDdaTswT1vl
T9tTwWkZJmLEEGgzT5ICQYIEIYphAtHBpw7r7ypliIgVHsyDNrMwr86Sbaq7TJ18
5eOwSGxRqHpiG1kIho6ctO1j/Oe+EP2MMMvpJ1hL2m83mkAzMuwLsw==
</Encrypted>
</CancelInfo>
<ManageInfo/>
<ReservedInfo>
<MReserved1 urlencode="1"/>
<MReserved2 urlencode="1"/>
<MReserved3 urlencode="1"/>
</ReservedInfo>
</INIpay>
UyyhkdYW0qG12JTCP0QbnxfVkEmNpBfDnl4xlyA1fnx+QECPEKH5KB4LNBrFpQPd
OWrRp40hKEkEsbzcXHiO/So0te5SesODKIGSrp+gfPfPTxXKAK11kOJIfuU1tKJW
Y+X3HiTcJvVwp2X9gSJsCjnyns5Hb5/U3xp0sxqoFfM=
]
INFO	[2022-11-28 13:13:01:901] <15211> VERIFY OK
INFO	[2022-11-28 13:13:01:901] <15211> PARSE HEAD OK
INFO	[2022-11-28 13:13:01:902] <15211> PARSE BODY OK
INFO	[2022-11-28 13:13:01:902] <15211> DECRYPT OK
DEBUG	[2022-11-28 13:13:01:902] <15211> DECRYPT MSG:[<?xml version="1.0" encoding="UTF-8"?><CancelInfo>
<CancelDate>20221128</CancelDate>
<CancelTime>131302</CancelTime>
<ResultCode>170000</ResultCode>
<ResultMsg urlencode="1">%C1%A4%BB%F3%BF%CF%B7%E1</ResultMsg>
</CancelInfo>]
INFO	[2022-11-28 13:13:01:902] <15211> DECRYPT PARSE OK
INFO	[2022-11-28 13:13:01:902] <15211> END cancel 정상완료 Laptime:[0.754sec]
INFO	[2022-11-28 13:13:01:902] <15211> ===============================================================
INFO	[2022-11-28 14:22:20:407] <15187> START INIPHP cancel (V5036-141209)(OS:Linux2.6.32-754.11.1.el6.x86_64,PHP:5.3.3)
DEBUG	[2022-11-28 14:22:20:407] <15187> inipayhome:/home1/killdeal/public_html/shop/inicis
DEBUG	[2022-11-28 14:22:20:407] <15187> debug:false
DEBUG	[2022-11-28 14:22:20:407] <15187> type:cancel
DEBUG	[2022-11-28 14:22:20:407] <15187> mid:majorgol03
DEBUG	[2022-11-28 14:22:20:407] <15187> admin:1111
DEBUG	[2022-11-28 14:22:20:407] <15187> tid:INIMX_CARDmajorgol0320221126195330605077
DEBUG	[2022-11-28 14:22:20:407] <15187> cancelmsg:쇼핑몰 운영자 승인 취소
INFO	[2022-11-28 14:22:20:407] <15187> Check Field OK
INFO	[2022-11-28 14:22:20:407] <15187> PI PUB KEY LOAD OK []
INFO	[2022-11-28 14:22:20:407] <15187> PG PUB KEY LOAD OK [30]
INFO	[2022-11-28 14:22:20:407] <15187> MERCHANT PRIV KEY LOAD OK
INFO	[2022-11-28 14:22:20:407] <15187> MERCHANT PUB KEY LOAD OK [0]
DEBUG	[2022-11-28 14:22:20:407] <15187> MAKE ENCRYPT OK[<?xml version="1.0" encoding="UTF-8"?>
<CancelInfo>
	  <CancelTID>INIMX_CARDmajorgol0320221126195330605077</CancelTID>
	  <CancelMsg urlencode="1">%BC%EE%C7%CE%B8%F4+%BF%EE%BF%B5%C0%DA+%BD%C2%C0%CE+%C3%EB%BC%D2</CancelMsg>
	  <CancelReason/></CancelInfo>]
INFO	[2022-11-28 14:22:20:408] <15187> MAKE BODY OK
INFO	[2022-11-28 14:22:20:408] <15187> SIGN OK
INFO	[2022-11-28 14:22:20:408] <15187> MAKE HEAD OK
INFO	[2022-11-28 14:22:20:408] <15187> MSG_TO_PG:[0096200175D SHA1                   0                                      300420majorgol03                    INIMX_CARDmajorgol0320221126195330605077<?xml version="1.0" encoding="UTF-8"?>
<INIpay>
	  <CancelInfo>
	    <SessionKey>gVuJaV0JyEkUKD51EzWCX6Xpupm80Vpeunxs91U6Ht8v0GV9Qn/k8kh3vcHvFrz4
lbE9YU1Ux4pYJ1/gzW81iYKnXS8kNu7vZqafpd/2LkIi8DpsB1ZENFqBB4x1B0Yc
ljdW0Ew++XM3F2HcBdChdmDVlIQ03bvS2ortYA5JLc6CjjXjfJV1Hw==
</SessionKey>
	    <Encrypted>3zMbYJ/ZiTshFTM2ikqATuc/9fUQeK0IseLrIJyhWDkI1nS7QOl8sk/gKPZAWrXk
RZWw/alfEJChW4fVSiLg8eTKmwhQalI9Tn5sdZphBMYcvf8XGeNebdMV8fwY5Liz
ik6Q+tBfyJqgrbv/dorspWjc7JkyzC2tZIfqXQv/WtQ2+OBTgicAaYEYnlkhplMT
vjZaaDmXAuHSTfJoFrL362op96Ou8xj3gLctavg/fIQs0F33fuzzLYHJrvodB9mx
NqcLy+ZkbsP/GTd/HnfJIez/ZCzVoJal4jltnJgnJzPV/lubflrJbpsMjV1shmfn
C3pFkVMTpfhXVI/EtGDyhg==
</Encrypted></CancelInfo>
	  <ReservedInfo>
	    <MReserved1/>
	    <MReserved2/>
	    <MReserved3/></ReservedInfo>
	  <ManageInfo>
	    <Language/>
	    <URL/>
	    <TXVersion>5036B141209canceLinux     PHPchkfake   2.6.32-754.11.1.el6.x86_64PHP:</TXVersion>
	    <TXUserID/>
	    <TXRegNum/></ManageInfo></INIpay>AJB0B2REi8M/3ILVgKr7f1TyNPLr5b9m6SuHfcIY65EOKUh8BdD6WqEJa9kpg5c5
P/80IaOwbcdZ1KGgjbvIz/EFLT/1//qO0m+74E+7CRc61IOEOnf1dp3Nw2xXSFS4
Z9xGloFnVSvUl9zITpP5IAurZ7njJb2MkMfO9GfU1Ws9
]
INFO	[2022-11-28 14:22:20:408] <15187> DNS LOOKUP OK(203.238.37.3:203.238.37.3:34049) laptime:0
INFO	[2022-11-28 14:22:20:411] <15187> SOCKET CONNECT OK
INFO	[2022-11-28 14:22:20:411] <15187> SEND OK
INFO	[2022-11-28 14:22:20:527] <15187> RECV OK
INFO	[2022-11-28 14:22:20:527] <15187> MSG_FROM_PG:[0093300175D SHA1                   0                                      300430majorgol03                    INIMX_CARDmajorgol0320221126195330605077<?xml version="1.0" encoding="UTF-8"?><INIpay>
<CancelInfo>
<ResultCode>120000</ResultCode>
<ResultMsg urlencode="1">%C1%A4%BB%F3%C3%B3%B8%AE%B5%C7%BE%FA%BD%C0%B4%CF%B4%D9.</ResultMsg>
<SessionKey>AP0AlnGq5KRP3XOwO7eb9vWlNYnYwXgOFKf82Y33VQRZvUltig4p5J3UWuxDxSSD
TRm4yuRTevoUTIsf2O2li4jou27ztFItYGkT8pQYQ67em3kSWiIEaBrRgZDa/wSP
Q786OhUZwXdebYh95g+/m3vhuMLpPXgn68W4lcBm7GTAJgt+KVUFw3c=
</SessionKey>
<Encrypted>m1M+wenasNeAkfnKIXyhSK2aLOM+hsHUQHFSWos5MUd9lqo8jDlQXTwKTw2sofeD
TaITfdGBBB14W8b3NZ3hA8Ex6vWwM0nB0zAqTRIFpXAJPnZhhvS5+hfW2LAsnoxG
B8heQcgbomajznuEugn/O1SWRqyquHzSOB6ub+y1ZeqL6v1pNCRZktxlONr8MwXC
xHo4PQSSsfWx7wl1rjO9wAMAn1agKlsq7QlBSHcKmyzfg2OcNNcAYYsEoOez2nRO
csdPuy8PON/PmuRLbd6mSI/r3L/OD1mtOSGl0Ck7wrF0YnaVrjPL5tbIPnW9qJNt
K8qDHeJBXujwNwKz1CRA/MiLg1iewMvt
</Encrypted>
</CancelInfo>
<ManageInfo/>
<ReservedInfo>
<MReserved1 urlencode="1"/>
<MReserved2 urlencode="1"/>
<MReserved3 urlencode="1"/>
</ReservedInfo>
</INIpay>
KpduzEa3gNA4Gpj6aBFIDuJRKkk2MVWprdCV8R5k1gJPPntt+7AQuvzijj4G2hNU
opDPGyIetZ6j77d12dn8Vm9W0IpSWWptOv3Mpn3frukN1RgIz8chHcwIExE/LGJc
Af49ZohwuwpnxwaCPexWdOQd3JAMYc2qF7YOqWG15mI=
]
INFO	[2022-11-28 14:22:20:527] <15187> VERIFY OK
INFO	[2022-11-28 14:22:20:527] <15187> PARSE HEAD OK
INFO	[2022-11-28 14:22:20:528] <15187> PARSE BODY OK
INFO	[2022-11-28 14:22:20:528] <15187> DECRYPT OK
DEBUG	[2022-11-28 14:22:20:528] <15187> DECRYPT MSG:[<?xml version="1.0" encoding="UTF-8"?><CancelInfo>
<CancelDate>20221128</CancelDate>
<CancelTime>142220</CancelTime>
<ResultCode>120000</ResultCode>
<ResultMsg urlencode="1">%C1%A4%BB%F3%C3%B3%B8%AE%B5%C7%BE%FA%BD%C0%B4%CF%B4%D9.</ResultMsg>
</CancelInfo>]
INFO	[2022-11-28 14:22:20:529] <15187> DECRYPT PARSE OK
INFO	[2022-11-28 14:22:20:529] <15187> END cancel 정상처리되었습니다. Laptime:[0.122sec]
INFO	[2022-11-28 14:22:20:529] <15187> ===============================================================
INFO	[2022-11-28 14:47:17:728] <18295> START INIPHP cancel (V5036-141209)(OS:Linux2.6.32-754.11.1.el6.x86_64,PHP:5.3.3)
DEBUG	[2022-11-28 14:47:17:728] <18295> inipayhome:/home1/killdeal/public_html/shop/inicis
DEBUG	[2022-11-28 14:47:17:728] <18295> debug:false
DEBUG	[2022-11-28 14:47:17:728] <18295> type:cancel
DEBUG	[2022-11-28 14:47:17:728] <18295> mid:majorgol03
DEBUG	[2022-11-28 14:47:17:728] <18295> admin:1111
DEBUG	[2022-11-28 14:47:17:728] <18295> tid:INIMX_VBNKmajorgol0320221127003708785753
DEBUG	[2022-11-28 14:47:17:728] <18295> cancelmsg:주문자 본인 취소-상품옵션 선택 잘못함
INFO	[2022-11-28 14:47:17:728] <18295> Check Field OK
INFO	[2022-11-28 14:47:17:728] <18295> PI PUB KEY LOAD OK []
INFO	[2022-11-28 14:47:17:728] <18295> PG PUB KEY LOAD OK [30]
INFO	[2022-11-28 14:47:17:728] <18295> MERCHANT PRIV KEY LOAD OK
INFO	[2022-11-28 14:47:17:728] <18295> MERCHANT PUB KEY LOAD OK [0]
DEBUG	[2022-11-28 14:47:17:729] <18295> MAKE ENCRYPT OK[<?xml version="1.0" encoding="UTF-8"?>
<CancelInfo>
	  <CancelTID>INIMX_VBNKmajorgol0320221127003708785753</CancelTID>
	  <CancelMsg urlencode="1">%C1%D6%B9%AE%C0%DA+%BA%BB%C0%CE+%C3%EB%BC%D2-%BB%F3%C7%B0%BF%C9%BC%C7+%BC%B1%C5%C3+%C0%DF%B8%F8%C7%D4</CancelMsg>
	  <CancelReason/></CancelInfo>]
INFO	[2022-11-28 14:47:17:729] <18295> MAKE BODY OK
INFO	[2022-11-28 14:47:17:729] <18295> SIGN OK
INFO	[2022-11-28 14:47:17:729] <18295> MAKE HEAD OK
INFO	[2022-11-28 14:47:17:729] <18295> MSG_TO_PG:[0101500175D SHA1                   0                                      300420majorgol03                    INIMX_VBNKmajorgol0320221127003708785753<?xml version="1.0" encoding="UTF-8"?>
<INIpay>
	  <CancelInfo>
	    <SessionKey>lhOOVDgHD5IgzsVrDF+wCFlPsh7TVVxc0kjIpUUBopT1AvrLzIiR819Z4+FxHChL
JKcN7kZolNOw850L9q3U1odshvVdk3NUle4S8kmjBTvv71oE+gx2GlL/KYAlWw30
hzR4vzBt1NiQRXBzaQsnHJUIxyyjAEAthJivOgJ32+uG0QIvJ1fohg==
</SessionKey>
	    <Encrypted>5pxSNnLUk3fiD/NJ1RIanrF8DhQGsNh565sReuLPStSZ3gMAwxPK67hBiXP0waCU
r5f4PwRQzS7ZIwCOD7d4fDou1rs6t+RYFeHICkyEtijiHaruoi7NULLV3wgH3mt0
/f/y2ZpFSiabR9DWqVin23Ld7ugbdhPTqCD0c6wTjgVlt7eGgliOEBaE7y1F3jSq
hB2YTeBIhYhZ5nnzf8I3Hs+VX3KQp9pY242m73RlCsEAeLXSJucybE5EKcl5x4S/
vJ8Q98PK51CJKL6myTURp67eNepJ9qk0d5bvNG7EI0SFv40AX9D2Z75Q07EuXyWz
zGD8v7d66zVQNBJiSvWiatgKebQiP3NzzH3bnZBfKevtTtAVfuTFfY8MBAWNpZXO
nepPOob+TR0=
</Encrypted></CancelInfo>
	  <ReservedInfo>
	    <MReserved1/>
	    <MReserved2/>
	    <MReserved3/></ReservedInfo>
	  <ManageInfo>
	    <Language/>
	    <URL/>
	    <TXVersion>5036B141209canceLinux     PHPchkfake   2.6.32-754.11.1.el6.x86_64PHP:</TXVersion>
	    <TXUserID/>
	    <TXRegNum/></ManageInfo></INIpay>AHZ8cno5I7p82fUzwdT76n+iCO31/3gdBDy+k1IXgA0WF+WBHkw0PFtNuCGRZyo3
8eXyHMI4d7igOAab1szG2oCuZZ8rVsEl1Hga3tsq9ZNlmUAftvCxf/k9sdvfJSza
ayakGWMyVHttwXVXJ1Ayll8wSLv2MIxNZw7bZyO4RJjs
]
INFO	[2022-11-28 14:47:17:729] <18295> DNS LOOKUP OK(203.238.37.3:203.238.37.3:34049) laptime:0
INFO	[2022-11-28 14:47:17:732] <18295> SOCKET CONNECT OK
INFO	[2022-11-28 14:47:17:732] <18295> SEND OK
INFO	[2022-11-28 14:47:17:846] <18295> RECV OK
INFO	[2022-11-28 14:47:17:846] <18295> MSG_FROM_PG:[0123800175D SHA1                   0                                      300430majorgol03                    INIMX_VBNKmajorgol0320221127003708785753<?xml version="1.0" encoding="UTF-8"?><INIpay>
<CancelInfo>
<ResultCode>170000</ResultCode>
<ResultMsg urlencode="1">%C1%A4%BB%F3%C3%B3%B8%AE%B5%C7%BE%FA%BD%C0%B4%CF%B4%D9.</ResultMsg>
<SessionKey>ADbeqT6batELI1Kf7ldQYO9sJchoE7YDJ5dAe2QtLNdbwIjfg/U3YWoDsWeZWVYC
T5nXnGzmdWYCfhxxRJUDoaf6JyR7iBnaEffH4AqyYv/pSYqsRXMUKwZ3ywuONDri
H+GSdbVDYfh8819hFDFzGbQpCL51UY4JC0zIDZGNFi1Tvw2ksXxHoTA=
</SessionKey>
<Encrypted>IfRaNEq/oFhQ98jxda6K/Y64aliq7Zbp20k0IJppk5roLR4E0qexSWEaXkZAAFc2
fbUZiJnKQaIzhmi/Zafo+fHM5LDFoqQtZMNF3Q2M0TXGOrUd64KLTt2Uiv4An7S1
Am4Jj3QnBWWM/py1IjAWkiWQkyHBJwsV083O24YI98ZpBLdUAX87L632+hR7BP3J
h9sgWRFutIrdm5MKI38Bz/z+BrT9JmkE4Kp8orqUII3hv/LkM378Q++Q42mgQmfP
oP2So9AvIxOf5gSGo7fajM+hI3OLYeuHvnIghMvlF+Wv7aAAfCvIeu5a4/eGvlhA
6BVKUY/0MuNs3kFeahyU63Uqr8ygZ7IhGDle0MyMWbW4LOa8+yVjLlu394eEl61Q
SkGaiNfq7XCDgWCr4Gui4MKdh3PlquV13rOGKtDv8Jh8kI+CENUgazU01B/AiYyE
mLZxusHplM2qwxwJHx2Ooqd7gy9dD2PFDRnyjPMQixOdcDeYoeDK8t36T6iENGEV
PuodSjjQDE4jGfNJbTo9D7RZ5LVYfcKEvctzpoX8Jaz+qyYuYxwpfdXD6q7Zcfhz
3iSW5e7zlbyoqVKdFOW1SakWSjBUj+CTkma7/9aB2RvxKbhMn3XtLsIfxge3Dy5U
pqxgIBvzLnI=
</Encrypted>
</CancelInfo>
<ManageInfo/>
<ReservedInfo>
<MReserved1 urlencode="1"/>
<MReserved2 urlencode="1"/>
<MReserved3 urlencode="1"/>
</ReservedInfo>
</INIpay>
mjcgI7SQ6S0cWcpwT0nr+xg5tcv9ZSb9/3YNKdW0mAkx6YE/2p1hy6TBQCCAhdT2
MjQXXsuEqcBCq/+MXrHkGOJepABXj0uyHlmcEQdcejG7ckCw/ALT6f/E1Gs6Om91
5S0JfapyOggjxHPb192Xf5BO7nwCMgIO7+TcCk7p62M=
]
INFO	[2022-11-28 14:47:17:846] <18295> VERIFY OK
INFO	[2022-11-28 14:47:17:846] <18295> PARSE HEAD OK
INFO	[2022-11-28 14:47:17:847] <18295> PARSE BODY OK
INFO	[2022-11-28 14:47:17:847] <18295> DECRYPT OK
DEBUG	[2022-11-28 14:47:17:847] <18295> DECRYPT MSG:[<?xml version="1.0" encoding="UTF-8"?><CancelInfo>
<CancelDate>20221128</CancelDate>
<CancelTime>144718</CancelTime>
<ResultCode>170000</ResultCode>
<ResultMsg urlencode="1">%C1%A4%BB%F3%C3%B3%B8%AE%B5%C7%BE%FA%BD%C0%B4%CF%B4%D9.</ResultMsg>
<CSHR_CancelDate>20221128</CSHR_CancelDate>
<CSHR_CancelTime>144718</CSHR_CancelTime>
<CSHR_ResultCode>220000</CSHR_ResultCode>
<CSHR_ResultMsg urlencode="1">%C1%A4%BB%F3%C3%B3%B8%AE%B5%C7%BE%FA%BD%C0%B4%CF%B4%D9.</CSHR_ResultMsg>
</CancelInfo>]
INFO	[2022-11-28 14:47:17:848] <18295> DECRYPT PARSE OK
INFO	[2022-11-28 14:47:17:848] <18295> END cancel 정상처리되었습니다. Laptime:[0.12sec]
INFO	[2022-11-28 14:47:17:848] <18295> ===============================================================
