INFO	[2021-11-04 14:26:40:7] <25606> START INIPHP cancel (V5036-141209)(OS:Linux2.6.32-754.11.1.el6.x86_64,PHP:5.3.3)
DEBUG	[2021-11-04 14:26:40:7] <25606> inipayhome:/home1/killdeal/public_html/shop/inicis
DEBUG	[2021-11-04 14:26:40:7] <25606> debug:false
DEBUG	[2021-11-04 14:26:40:7] <25606> type:cancel
DEBUG	[2021-11-04 14:26:40:7] <25606> mid:fourseason
DEBUG	[2021-11-04 14:26:40:7] <25606> admin:1111
DEBUG	[2021-11-04 14:26:40:7] <25606> tid:INIMX_ISP_fourseason20211104142214925223
DEBUG	[2021-11-04 14:26:40:7] <25606> cancelmsg:주문자 본인 취소-상품옵션 선택 잘못함
INFO	[2021-11-04 14:26:40:7] <25606> Check Field OK
INFO	[2021-11-04 14:26:40:7] <25606> PI PUB KEY LOAD OK []
INFO	[2021-11-04 14:26:40:8] <25606> PG PUB KEY LOAD OK [30]
INFO	[2021-11-04 14:26:40:8] <25606> MERCHANT PRIV KEY LOAD OK
INFO	[2021-11-04 14:26:40:8] <25606> MERCHANT PUB KEY LOAD OK [0]
DEBUG	[2021-11-04 14:26:40:9] <25606> MAKE ENCRYPT OK[<?xml version="1.0" encoding="UTF-8"?>
<CancelInfo>
	  <CancelTID>INIMX_ISP_fourseason20211104142214925223</CancelTID>
	  <CancelMsg urlencode="1">%C1%D6%B9%AE%C0%DA+%BA%BB%C0%CE+%C3%EB%BC%D2-%BB%F3%C7%B0%BF%C9%BC%C7+%BC%B1%C5%C3+%C0%DF%B8%F8%C7%D4</CancelMsg>
	  <CancelReason/></CancelInfo>]
INFO	[2021-11-04 14:26:40:9] <25606> MAKE BODY OK
INFO	[2021-11-04 14:26:40:9] <25606> SIGN OK
INFO	[2021-11-04 14:26:40:9] <25606> MAKE HEAD OK
INFO	[2021-11-04 14:26:40:9] <25606> MSG_TO_PG:[0101500175D SHA1                   0                                      300420fourseason                    INIMX_ISP_fourseason20211104142214925223<?xml version="1.0" encoding="UTF-8"?>
<INIpay>
	  <CancelInfo>
	    <SessionKey>y2s0u2d6cTNud9ti1UEk1ZHrLUGE1tGUlm687foOaTz8ZakG0bL2arxL7i15bfNJ
M03yLR4ejs7khT+R1DRHjOxVCykbbE4YHCFj++EcidN+X52GtcqRR5nVdNnvLUej
10bxGHAEGR24+NQUlluyAczyzFHmXUPJX3SaECnVg1t9As5nPk+LIA==
</SessionKey>
	    <Encrypted>1/tRw+HuyguKdQs1P6UP2EqRP/nJplcOGdTv35IMCYkfI2GTBw1MekKj6RMdqEuw
wlFh8LMRDVPd49p5cKb3A+w1xYpPxS1at/URN+CKQvRsQR3nxTLjDjYO1GBqee5/
DQ4xTpgqHbSr0KnSOfkBNUPCEPSW4lCEb7ljHwJ8lmmhraW+uztw6JTEJQg4cqZa
7a3LdbC/sAGKiJki4jZDTIgj8bbuME7Ukzz+y353sF+S6X0zD4KXbmJy6X0QdOS9
zY6Z87gzJ/SuFFxQqjcEHRdSJcKeHMBigtF6GoMr1ze4IQllsUZ+HKPud8H8GePi
6yZB0uikpCEM0SZwaeEVRJs3TqBn4JBqhdAfZbRLr4SugGgcZjOQ1XbGpXwcygfD
PExUsa+RleQ=
</Encrypted></CancelInfo>
	  <ReservedInfo>
	    <MReserved1/>
	    <MReserved2/>
	    <MReserved3/></ReservedInfo>
	  <ManageInfo>
	    <Language/>
	    <URL/>
	    <TXVersion>5036B141209canceLinux     PHPchkfake   2.6.32-754.11.1.el6.x86_64PHP:</TXVersion>
	    <TXUserID/>
	    <TXRegNum/></ManageInfo></INIpay>AFcJfJSoQUU2sW6otBxIto8dTzS+nWkhLsCouEkH+q0JUrOxIgR1a21xN4h3Tfif
mkLTRr5Wq6eacvUAID4IFBr6pioDI99zGBrgoZLHyxcgLGrZGaXBWTBSXVYCc0e6
XAE2bRpTJQN0mbZJLAgCCWqs5dyWqSLW6XPyRHUGn3qO
]
INFO	[2021-11-04 14:26:40:9] <25606> DNS LOOKUP OK(203.238.37.3:203.238.37.3:34049) laptime:0
INFO	[2021-11-04 14:26:40:13] <25606> SOCKET CONNECT OK
INFO	[2021-11-04 14:26:40:13] <25606> SEND OK
INFO	[2021-11-04 14:26:40:542] <25606> RECV OK
INFO	[2021-11-04 14:26:40:542] <25606> MSG_FROM_PG:[0086100175D SHA1                   0                                      300430fourseason                    INIMX_ISP_fourseason20211104142214925223<?xml version="1.0" encoding="UTF-8"?><INIpay>
<CancelInfo>
<ResultCode>170000</ResultCode>
<ResultMsg urlencode="1">%C1%A4%BB%F3%BF%CF%B7%E1</ResultMsg>
<SessionKey>ADjF6SW0D0N1f4NERVXNnVTUasAlIBH/FfZ69hJmZDInjffDprqYSSBhcIL46JAM
syxP8bzTc5IFsqn3ETyC6M4Wur9pjNDnykNpQ+h4yQeTNmybhcXUwgCLmNT+wvcU
rMScfHLjuT2rCpq75sOSJlnGLWrsaV/LBJJ0usftUFKEuHs8P+TZ620=
</SessionKey>
<Encrypted>+CkZMAWsrjhiLcpEAPVlcEGRBN/21nZD6/LbcQh1d3pe/UNsV/b5MYEP62TzNA91
Q/2mZoIlOXinuxm35dsBRUBRaZwQm7KsVMGCaygye32hVmgyMLf7PNzZ6t5pEz2n
rXhhRD6LIOCwDeYBnGkt9Yo2zpvBktehUN9B/zV8JPGqt7G28mC7V+v8K3c3sJu6
ytIjhs8t6cjH5SROMByguhpXG3jgYpo1mruNlllo504eh1v/1+CLNMVzq+LJfP6b
FHlTMgMzpstQAGja6wke7uliz3sCAoFn5yTJ4uiWiw1u3tQSSCO4hA==
</Encrypted>
</CancelInfo>
<ManageInfo/>
<ReservedInfo>
<MReserved1 urlencode="1"/>
<MReserved2 urlencode="1"/>
<MReserved3 urlencode="1"/>
</ReservedInfo>
</INIpay>
Qvdv5WCJG+o60s6rx+dTVXNWgkVi0L6aYSXH0a5TqqD0sXc2pwD1CpinfIdnJ54B
U9nFiFWXAlV1WGYueTy+XdzGiqUq3iPl7hjE2UI+9NKMIqf8A+p2skH+9eOOLDWE
NVURJvu6n4hyO+eMTmC9Z04Pyi4QhDlMwCBDpf8qgms=
]
INFO	[2021-11-04 14:26:40:542] <25606> VERIFY OK
INFO	[2021-11-04 14:26:40:542] <25606> PARSE HEAD OK
INFO	[2021-11-04 14:26:40:543] <25606> PARSE BODY OK
INFO	[2021-11-04 14:26:40:543] <25606> DECRYPT OK
DEBUG	[2021-11-04 14:26:40:543] <25606> DECRYPT MSG:[<?xml version="1.0" encoding="UTF-8"?><CancelInfo>
<CancelDate>20211104</CancelDate>
<CancelTime>142640</CancelTime>
<ResultCode>170000</ResultCode>
<ResultMsg urlencode="1">%C1%A4%BB%F3%BF%CF%B7%E1</ResultMsg>
</CancelInfo>]
INFO	[2021-11-04 14:26:40:544] <25606> DECRYPT PARSE OK
INFO	[2021-11-04 14:26:40:544] <25606> END cancel 정상완료 Laptime:[0.536sec]
INFO	[2021-11-04 14:26:40:544] <25606> ===============================================================
INFO	[2021-11-04 17:01:08:113] <30015> START INIPHP cancel (V5036-141209)(OS:Linux2.6.32-754.11.1.el6.x86_64,PHP:5.3.3)
DEBUG	[2021-11-04 17:01:08:113] <30015> inipayhome:/home1/killdeal/public_html/shop/inicis
DEBUG	[2021-11-04 17:01:08:113] <30015> debug:false
DEBUG	[2021-11-04 17:01:08:113] <30015> type:cancel
DEBUG	[2021-11-04 17:01:08:113] <30015> mid:fourseason
DEBUG	[2021-11-04 17:01:08:113] <30015> admin:1111
DEBUG	[2021-11-04 17:01:08:113] <30015> tid:StdpayCARDfourseason20211104165657420432
DEBUG	[2021-11-04 17:01:08:113] <30015> cancelmsg:주문자 본인 취소-상품옵션 선택 잘못함
INFO	[2021-11-04 17:01:08:113] <30015> Check Field OK
INFO	[2021-11-04 17:01:08:113] <30015> PI PUB KEY LOAD OK []
INFO	[2021-11-04 17:01:08:113] <30015> PG PUB KEY LOAD OK [30]
INFO	[2021-11-04 17:01:08:113] <30015> MERCHANT PRIV KEY LOAD OK
INFO	[2021-11-04 17:01:08:113] <30015> MERCHANT PUB KEY LOAD OK [0]
DEBUG	[2021-11-04 17:01:08:114] <30015> MAKE ENCRYPT OK[<?xml version="1.0" encoding="UTF-8"?>
<CancelInfo>
	  <CancelTID>StdpayCARDfourseason20211104165657420432</CancelTID>
	  <CancelMsg urlencode="1">%C1%D6%B9%AE%C0%DA+%BA%BB%C0%CE+%C3%EB%BC%D2-%BB%F3%C7%B0%BF%C9%BC%C7+%BC%B1%C5%C3+%C0%DF%B8%F8%C7%D4</CancelMsg>
	  <CancelReason/></CancelInfo>]
INFO	[2021-11-04 17:01:08:114] <30015> MAKE BODY OK
INFO	[2021-11-04 17:01:08:114] <30015> SIGN OK
INFO	[2021-11-04 17:01:08:115] <30015> MAKE HEAD OK
INFO	[2021-11-04 17:01:08:115] <30015> MSG_TO_PG:[0101500175D SHA1                   0                                      300420fourseason                    StdpayCARDfourseason20211104165657420432<?xml version="1.0" encoding="UTF-8"?>
<INIpay>
	  <CancelInfo>
	    <SessionKey>g1JO165kZ0J/OadLDlQOfyNNrFpiy6Wka9l3iwsbAeySepHHKXkWRbB0RvWTwHBk
mTzw47A5jOWpUmTb/OWY1bwErexBPsd1mUzPPC5TBYqsVlopbGNvHcEyuuoDN2at
JNckf3YiSTPDEV1gjpIWS9/S056v+0yjNFN/IgFgr7tuupM0zfOCRw==
</SessionKey>
	    <Encrypted>cdQIMFQkHESbdtixUq4B+8cbpqtPtKbdbiV3X6QSs4LEnJqeFXl4FIHEC/KLZWMt
hUly1/rRuXsly5H+64ByZwKLJuYN42ASUKd6z+YmrZeBp34v/3SfuHHEZOwVeqz2
pScHfRDZ+DY73bWUL8PEWjlHFHN3y1rydyEhfOCl37sw7JlFLYzcQ1Af6nVvdIga
4e46XZPQeYf4BwmwJHV3iIEeM+ZC9sC85dkrNjaq5EbzSJTAF1jpxUYLfG3KFysy
U07AgX08FTpPlbLgUtFOpIbHcmoNsTaZGCDLVuA7oacHlUbysLcEPPMZuERBnU28
mAzFjAmYK4uy7btPrm0n9sIcHS4tk4H6t0NOuOiyZsWgCWa9mJi3t4RwhBQofpl/
49BHPct2jxg=
</Encrypted></CancelInfo>
	  <ReservedInfo>
	    <MReserved1/>
	    <MReserved2/>
	    <MReserved3/></ReservedInfo>
	  <ManageInfo>
	    <Language/>
	    <URL/>
	    <TXVersion>5036B141209canceLinux     PHPchkfake   2.6.32-754.11.1.el6.x86_64PHP:</TXVersion>
	    <TXUserID/>
	    <TXRegNum/></ManageInfo></INIpay>AJQ4/EY8fKYy+ZUmvtWzdbSpfCBQbd8lfeHdIKX2hU/ci7iQ8O29MzGUTIFZGVkN
t6CwtR2fCe+nxNUqAiZvuQ9w/5e0yyMsPgQFhfnVPUVTjSniMDaJmogMfJKQwVRk
vbKL0cRVoIdW1BhZ1re5NghRenloLLmWlvz1ln8EkXc2
]
INFO	[2021-11-04 17:01:08:115] <30015> DNS LOOKUP OK(203.238.37.3:203.238.37.3:34049) laptime:0
INFO	[2021-11-04 17:01:08:117] <30015> SOCKET CONNECT OK
INFO	[2021-11-04 17:01:08:117] <30015> SEND OK
INFO	[2021-11-04 17:01:09:138] <30015> RECV OK
INFO	[2021-11-04 17:01:09:138] <30015> MSG_FROM_PG:[0093300175D SHA1                   0                                      300430fourseason                    StdpayCARDfourseason20211104165657420432<?xml version="1.0" encoding="UTF-8"?><INIpay>
<CancelInfo>
<ResultCode>120000</ResultCode>
<ResultMsg urlencode="1">%C1%A4%BB%F3%C3%B3%B8%AE%B5%C7%BE%FA%BD%C0%B4%CF%B4%D9.</ResultMsg>
<SessionKey>ACKMBckq74cczAHbFMqjmcXy6SZ4kP6ufduIXV+Ch3QYZGfZmM0fAD8V6Vh/13Ze
+UldlyKxL5VIyeM4VUEAsvkMXbDDfpnJLPu0d/zI5o94zar5cwBEz5v0KFtua5VB
EGJ5iD4N+Bw8kPaAA6Swa2gbnIxSnB3jc4O4Wj6a8PpX6KOCw8Yi/A0=
</SessionKey>
<Encrypted>JrIKmf1FDoJ7i8Silpz3prwk5xzfvLr+dyvEnVnzvqqLZGgbO+DBsIP0Ue1M9u2V
d3X7OrgaT4IUk1RaYrOK2Xr8jQeiFu1Ns6GE55z9sruC1fC38EqGZcNT+95uM2Yq
eulbil4jRQE1vuoiBsP3zXe4njuUMENps4yNO4vjIyWDiFDnA3KYlqpTEsgorMdn
tnJYx0CP4t/xfv5dNGQSzMJh9mZ/YvZnqJhCD7VbXoIBCIXsSJRoepVPV3iV6h0Z
dIQRIc2JIPafAceZFbLKcaRR5eleYiMDzc9RQOGiuRiR1lwELC6WMinGdG7sni5B
V19dCsOomyCYJaAz+llozYtcxmeAFu+F
</Encrypted>
</CancelInfo>
<ManageInfo/>
<ReservedInfo>
<MReserved1 urlencode="1"/>
<MReserved2 urlencode="1"/>
<MReserved3 urlencode="1"/>
</ReservedInfo>
</INIpay>
NX0DHXoky4z7HlQOfzy3tW4XaQEA7TMT8ly40uuMmZnh+NNljlH8pvzdQqX4/rIN
b18yvvEAyZDH3zSlvTR5rYjITf+cM1T5X1XNbpeOg5eKmnz3+rFYlw8y07p5g2f7
ELGuP79CCpQxg7DCdiytqbpLBjw8RWMgqcOBALtR8/o=
]
INFO	[2021-11-04 17:01:09:138] <30015> VERIFY OK
INFO	[2021-11-04 17:01:09:138] <30015> PARSE HEAD OK
INFO	[2021-11-04 17:01:09:138] <30015> PARSE BODY OK
INFO	[2021-11-04 17:01:09:139] <30015> DECRYPT OK
DEBUG	[2021-11-04 17:01:09:139] <30015> DECRYPT MSG:[<?xml version="1.0" encoding="UTF-8"?><CancelInfo>
<CancelDate>20211104</CancelDate>
<CancelTime>170109</CancelTime>
<ResultCode>120000</ResultCode>
<ResultMsg urlencode="1">%C1%A4%BB%F3%C3%B3%B8%AE%B5%C7%BE%FA%BD%C0%B4%CF%B4%D9.</ResultMsg>
</CancelInfo>]
INFO	[2021-11-04 17:01:09:139] <30015> DECRYPT PARSE OK
INFO	[2021-11-04 17:01:09:139] <30015> END cancel 정상처리되었습니다. Laptime:[1.026sec]
INFO	[2021-11-04 17:01:09:139] <30015> ===============================================================
