INFO	[2022-10-13 22:38:16:766] <9108> START INIPHP cancel (V5036-141209)(OS:Linux2.6.32-754.11.1.el6.x86_64,PHP:5.3.3)
DEBUG	[2022-10-13 22:38:16:766] <9108> inipayhome:/home1/killdeal/public_html/shop/inicis
DEBUG	[2022-10-13 22:38:16:766] <9108> debug:false
DEBUG	[2022-10-13 22:38:16:766] <9108> type:cancel
DEBUG	[2022-10-13 22:38:16:766] <9108> mid:majorgol03
DEBUG	[2022-10-13 22:38:16:766] <9108> admin:1111
DEBUG	[2022-10-13 22:38:16:766] <9108> tid:INIMX_CARDmajorgol0320221013222724795820
DEBUG	[2022-10-13 22:38:16:766] <9108> cancelmsg:주문자 본인 취소-상품옵션 선택 잘못함
INFO	[2022-10-13 22:38:16:766] <9108> Check Field OK
INFO	[2022-10-13 22:38:16:766] <9108> PI PUB KEY LOAD OK []
INFO	[2022-10-13 22:38:16:767] <9108> PG PUB KEY LOAD OK [30]
INFO	[2022-10-13 22:38:16:767] <9108> MERCHANT PRIV KEY LOAD OK
INFO	[2022-10-13 22:38:16:768] <9108> MERCHANT PUB KEY LOAD OK [0]
DEBUG	[2022-10-13 22:38:16:768] <9108> MAKE ENCRYPT OK[<?xml version="1.0" encoding="UTF-8"?>
<CancelInfo>
	  <CancelTID>INIMX_CARDmajorgol0320221013222724795820</CancelTID>
	  <CancelMsg urlencode="1">%C1%D6%B9%AE%C0%DA+%BA%BB%C0%CE+%C3%EB%BC%D2-%BB%F3%C7%B0%BF%C9%BC%C7+%BC%B1%C5%C3+%C0%DF%B8%F8%C7%D4</CancelMsg>
	  <CancelReason/></CancelInfo>]
INFO	[2022-10-13 22:38:16:768] <9108> MAKE BODY OK
INFO	[2022-10-13 22:38:16:769] <9108> SIGN OK
INFO	[2022-10-13 22:38:16:769] <9108> MAKE HEAD OK
INFO	[2022-10-13 22:38:16:769] <9108> MSG_TO_PG:[0101500175D SHA1                   0                                      300420majorgol03                    INIMX_CARDmajorgol0320221013222724795820<?xml version="1.0" encoding="UTF-8"?>
<INIpay>
	  <CancelInfo>
	    <SessionKey>pjXRi0Sytfkkh25HXGeqVdaz2isTKmynijI/x8Ba6hoCmnh4mnm6ytMEv8NXeCLl
uo2DDhIFxVCmEJJQFt21wzugvT12LBcLsRzXKX6do503+6GYscAH0KEFBKWZ/DBE
qI2+WuR12MF47TkeI1BV5QFCxHzEaevMAP76BrWjwQddakm8ZD6oqw==
</SessionKey>
	    <Encrypted>wlqWYrfcG/jf4AbUud7BrKop7pfzDN7F2U15HVnBthZszCHQuAGJL/CzsaJ9Tdle
9ONRVEjZDeY0DJyM8BpDNnXJr0fDfDb4233BtMg5ti5yDOGNdfDR/ELAO1YcYu4H
3ybr4Kxv6VshSGiTlpHhIzftVpja+yWq+7Smm7nqmBzcdu93PEHZeHwM7Lhy2bZv
14UaslP5oVev122DxttISCTOd+skJLeF+a42uhfE4FriZo7YdB9tFlOrN2GuUVgV
0LAto4oyvjYQ74ZE0q9ON7/qAaFYy7wsOf+ZvHCYbLed9KT3oaJ7L+j2aFAR0SsU
ktmtUaQfhYeyiEZwaEDDT/typmzNtyXJoB8oqm6Y+lcCybj/7t9GeNS45LYhNI0l
pSFpFMLph0M=
</Encrypted></CancelInfo>
	  <ReservedInfo>
	    <MReserved1/>
	    <MReserved2/>
	    <MReserved3/></ReservedInfo>
	  <ManageInfo>
	    <Language/>
	    <URL/>
	    <TXVersion>5036B141209canceLinux     PHPchkfake   2.6.32-754.11.1.el6.x86_64PHP:</TXVersion>
	    <TXUserID/>
	    <TXRegNum/></ManageInfo></INIpay>AAsYW3XozsJbY7K5zXA5rnlEhAaN3KRcIlGz6c6GpCxKXRl570QBS0fVXhbCAdUr
XL1l/rDE0t7lwi6qvEhRetXIPUfXFetXd4cCjObpptMI0LZQ0qGw0TByL1hoT5GA
2nmkYZiF6+ebnJoOtnlp3mYOuBYdk69lHTdRRYekE191
]
INFO	[2022-10-13 22:38:16:769] <9108> DNS LOOKUP OK(203.238.37.3:203.238.37.3:34049) laptime:0
INFO	[2022-10-13 22:38:16:771] <9108> SOCKET CONNECT OK
INFO	[2022-10-13 22:38:16:771] <9108> SEND OK
INFO	[2022-10-13 22:38:17:736] <9108> RECV OK
INFO	[2022-10-13 22:38:17:736] <9108> MSG_FROM_PG:[0093300175D SHA1                   0                                      300430majorgol03                    INIMX_CARDmajorgol0320221013222724795820<?xml version="1.0" encoding="UTF-8"?><INIpay>
<CancelInfo>
<ResultCode>120000</ResultCode>
<ResultMsg urlencode="1">%C1%A4%BB%F3%C3%B3%B8%AE%B5%C7%BE%FA%BD%C0%B4%CF%B4%D9.</ResultMsg>
<SessionKey>ACtES5LNl8xtfbCerYiZzXqdhCEy2iIBmJiZtAggbENR9CbKA8oC8eLtAF4zleqj
U8849rU7VPHlp4OqeXLlwzhOpw74T6xWxr80NlZEgXL9Cs22gV6dE3BBRzPSeemi
jj1TaQegq7vFtc6SBXi89I0iiB/JrKomlUDUdD7VKzdl7SyOVFIoNPI=
</SessionKey>
<Encrypted>hKPyGaacZ42NrVPxXwSlu961NgIIEU+d//4JpgJgAMlUUAoOKqiF2MVsP5zQMPEE
8y8lpS6tcFPHNErRnsz7NIC+fR11c4+eMrB8hXDj+oSeDDB+YJEegEdTCN3tkQiw
MugHOTTEatqcvH66XMLPAuwqHw3fL5riz/Hq3jHbua5jxX+BMQsEG/J6AFC1V3Qf
zkjGBRmIWNDDO/CkEc0hQtvlr3mvWb1FI/N9ilLeJMSXRl0hM5DgEIoOxPT+tssV
DG8PcoiOlhos3XyGH52r6UxfncDKIdoBVynXjx28ZQ5mw2fvCrTstSgtr6aPOq9w
vefskzTV4I77PmmIpXMZMKUHli1Hs+ZF
</Encrypted>
</CancelInfo>
<ManageInfo/>
<ReservedInfo>
<MReserved1 urlencode="1"/>
<MReserved2 urlencode="1"/>
<MReserved3 urlencode="1"/>
</ReservedInfo>
</INIpay>
qaOZUosz5PUMZ1CQyBGR3yIMoOuh64Gc61o6u2TRfMFaB5E7pT8l6HKd/SIQIneg
zRopQmUZWkk+6ZqIVd4cXE9BicHIIGPBM511d3VPDI6V3cfAeRsle4zDtfcqgv3v
HXAsQQ304kxgi8gKXlFO0w+4mWh3MRzhs7JUI+r8Hoc=
]
INFO	[2022-10-13 22:38:17:736] <9108> VERIFY OK
INFO	[2022-10-13 22:38:17:736] <9108> PARSE HEAD OK
INFO	[2022-10-13 22:38:17:737] <9108> PARSE BODY OK
INFO	[2022-10-13 22:38:17:737] <9108> DECRYPT OK
DEBUG	[2022-10-13 22:38:17:737] <9108> DECRYPT MSG:[<?xml version="1.0" encoding="UTF-8"?><CancelInfo>
<CancelDate>20221013</CancelDate>
<CancelTime>223817</CancelTime>
<ResultCode>120000</ResultCode>
<ResultMsg urlencode="1">%C1%A4%BB%F3%C3%B3%B8%AE%B5%C7%BE%FA%BD%C0%B4%CF%B4%D9.</ResultMsg>
</CancelInfo>]
INFO	[2022-10-13 22:38:17:738] <9108> DECRYPT PARSE OK
INFO	[2022-10-13 22:38:17:738] <9108> END cancel 정상처리되었습니다. Laptime:[0.971sec]
INFO	[2022-10-13 22:38:17:738] <9108> ===============================================================
