INFO	[2021-09-10 14:36:56:525] <15817> START INIPHP cancel (V5036-141209)(OS:Linux2.6.32-754.11.1.el6.x86_64,PHP:5.3.3)
DEBUG	[2021-09-10 14:36:56:525] <15817> inipayhome:/home1/killdeal/public_html/shop/inicis
DEBUG	[2021-09-10 14:36:56:525] <15817> debug:false
DEBUG	[2021-09-10 14:36:56:525] <15817> type:cancel
DEBUG	[2021-09-10 14:36:56:525] <15817> mid:fourseason
DEBUG	[2021-09-10 14:36:56:525] <15817> admin:1111
DEBUG	[2021-09-10 14:36:56:525] <15817> tid:INIMX_CARDfourseason20210901181039725408
DEBUG	[2021-09-10 14:36:56:525] <15817> cancelmsg:쇼핑몰 운영자 승인 취소
INFO	[2021-09-10 14:36:56:525] <15817> Check Field OK
INFO	[2021-09-10 14:36:56:525] <15817> PI PUB KEY LOAD OK []
INFO	[2021-09-10 14:36:56:526] <15817> PG PUB KEY LOAD OK [30]
INFO	[2021-09-10 14:36:56:526] <15817> MERCHANT PRIV KEY LOAD OK
INFO	[2021-09-10 14:36:56:527] <15817> MERCHANT PUB KEY LOAD OK [0]
DEBUG	[2021-09-10 14:36:56:527] <15817> MAKE ENCRYPT OK[<?xml version="1.0" encoding="UTF-8"?>
<CancelInfo>
	  <CancelTID>INIMX_CARDfourseason20210901181039725408</CancelTID>
	  <CancelMsg urlencode="1">%BC%EE%C7%CE%B8%F4+%BF%EE%BF%B5%C0%DA+%BD%C2%C0%CE+%C3%EB%BC%D2</CancelMsg>
	  <CancelReason/></CancelInfo>]
INFO	[2021-09-10 14:36:56:527] <15817> MAKE BODY OK
INFO	[2021-09-10 14:36:56:528] <15817> SIGN OK
INFO	[2021-09-10 14:36:56:528] <15817> MAKE HEAD OK
INFO	[2021-09-10 14:36:56:528] <15817> MSG_TO_PG:[0096200175D SHA1                   0                                      300420fourseason                    INIMX_CARDfourseason20210901181039725408<?xml version="1.0" encoding="UTF-8"?>
<INIpay>
	  <CancelInfo>
	    <SessionKey>wkBdCelQGHi83/fG4KYLM39m3+7uWASpx69U1nvk3Af5mwGiJ/Ld6ZxbTRIxtuCO
Y/SQasHN6/E++jNUPWlD9KdIlh0XLUozi6i9iXCtLwi7tpQyOSeOvbGkLzFxSkek
+qARIGUui4OSt5PxaLlNfKHCnFhULhB601tea7V3sPDku6BLiuwEcg==
</SessionKey>
	    <Encrypted>ZZR+Pci2Ny6Zyzdxc/vijqw9KADRcoaG2MGQ+K/hmV8v6A1l4waEmc8KQ+Xxtjuu
mIErmM58tE4UA4k25W9FeytzeMYudMnGgTB8fumQP1LGii0xFQQQwqO/o9UJGOwb
cucNPe7Jx3JVgWzmBeUj3eoCATPEXPvFk9MegzraL3NJhp4/aczDsUJ7qe/s4FzS
PQ187Nm49w4twuw3BiTXCf6QOt7h0E+JX2lcy0GR45qzi6/7RGYFT2nv4AuRBrtp
for4bIsppaXs42plWHapYOt1CM1XmQZDWtoukFLS4nohbNmtsrfpPoYOYvLmbKyX
EeforW7AdxRJlBHHKPVklA==
</Encrypted></CancelInfo>
	  <ReservedInfo>
	    <MReserved1/>
	    <MReserved2/>
	    <MReserved3/></ReservedInfo>
	  <ManageInfo>
	    <Language/>
	    <URL/>
	    <TXVersion>5036B141209canceLinux     PHPchkfake   2.6.32-754.11.1.el6.x86_64PHP:</TXVersion>
	    <TXUserID/>
	    <TXRegNum/></ManageInfo></INIpay>AM+FeZKT9n03XUTRiJqERU818qzgXoUbgzzBxldK+mzqCGA89jJjxnG2HX5QR/fM
njjqFbp/kfJolJX9qHamdEJHWvyqc4uBopv7VcCqFSN9d8cKgOL+LQoCuO/xF5Xu
/YknO6H66+2YZpnwNhQ9p0aypjcXTkuCmEuFVNoq0K7E
]
INFO	[2021-09-10 14:36:56:528] <15817> DNS LOOKUP OK(203.238.37.3:203.238.37.3:34049) laptime:0
INFO	[2021-09-10 14:36:56:531] <15817> SOCKET CONNECT OK
INFO	[2021-09-10 14:36:56:531] <15817> SEND OK
INFO	[2021-09-10 14:36:56:911] <15817> RECV OK
INFO	[2021-09-10 14:36:56:911] <15817> MSG_FROM_PG:[0093300175D SHA1                   0                                      300430fourseason                    INIMX_CARDfourseason20210901181039725408<?xml version="1.0" encoding="UTF-8"?><INIpay>
<CancelInfo>
<ResultCode>120000</ResultCode>
<ResultMsg urlencode="1">%C1%A4%BB%F3%C3%B3%B8%AE%B5%C7%BE%FA%BD%C0%B4%CF%B4%D9.</ResultMsg>
<SessionKey>AHEK/u3b60GWgx+iRoT99w0XHjembpPPrSiGCOLZe/qqagYM6YECFo3s7vuT9cna
FgylVcvMMSOjiN+cQxbmkn1foe6+DD4WOs1p1UjDKGzQqSJ9xtwJXJ0izSkxr6fM
PEj88eR5xJrLZ1krwMpVNCrcoInNH24JXoX3D1QF/cCO8uVwYH+uc6c=
</SessionKey>
<Encrypted>kJMPflPBA/6aowgjWMYyAUvLNY508uD7H28oWh3fSqAP6fWeTq4fAyCktTotQQ1L
Zmbim009ayYEsg8GM6Woz9XEOYSzkFIAj9iHQu9mXN5EX9RXAXLxWVSt3KxvRrxv
0Fnr+Vj7VKXaj71t+QnQjy9PHbn6tJDd7o4xK7ErlIHtdypIRg/cbHnI5pQxq6mB
sGm/WG0tEdaA15O0CMGQSLaJimNqtu6oOPSGeDJw+K9Zkt9dXoHFJjJWzKzVA2It
ZLMSh/gFKcFcwu0BZ5nE3JTcZbVTawvPsuFgsb2QCowSvxjxB/6fsS05apELBhZZ
sH7Y5WFzPJz7MtBzRXTPN/SFGaeWDQoS
</Encrypted>
</CancelInfo>
<ManageInfo/>
<ReservedInfo>
<MReserved1 urlencode="1"/>
<MReserved2 urlencode="1"/>
<MReserved3 urlencode="1"/>
</ReservedInfo>
</INIpay>
2BUTQoY117aorY+3aDJBTO66CbdHqzJ18TBwlH5cw/JjWVffT30J4HkPrsb711A5
C05bSgv7qI68OVwEANAlfA9Z8tnNjuxXcu0pGM3MP44lzf7ITXgsIoH2HgpL3iPL
Wh16RD7XsSjBxLJUsJB6m8jm3XscBkmRaKOWf1QwsNc=
]
INFO	[2021-09-10 14:36:56:911] <15817> VERIFY OK
INFO	[2021-09-10 14:36:56:911] <15817> PARSE HEAD OK
INFO	[2021-09-10 14:36:56:911] <15817> PARSE BODY OK
INFO	[2021-09-10 14:36:56:912] <15817> DECRYPT OK
DEBUG	[2021-09-10 14:36:56:912] <15817> DECRYPT MSG:[<?xml version="1.0" encoding="UTF-8"?><CancelInfo>
<CancelDate>20210910</CancelDate>
<CancelTime>143656</CancelTime>
<ResultCode>120000</ResultCode>
<ResultMsg urlencode="1">%C1%A4%BB%F3%C3%B3%B8%AE%B5%C7%BE%FA%BD%C0%B4%CF%B4%D9.</ResultMsg>
</CancelInfo>]
INFO	[2021-09-10 14:36:56:913] <15817> DECRYPT PARSE OK
INFO	[2021-09-10 14:36:56:913] <15817> END cancel 정상처리되었습니다. Laptime:[0.387sec]
INFO	[2021-09-10 14:36:56:913] <15817> ===============================================================
