INFO	[2021-08-12 16:10:23:627] <29848> START INIPHP cancel (V5036-141209)(OS:Linux2.6.32-754.11.1.el6.x86_64,PHP:5.3.3)
DEBUG	[2021-08-12 16:10:23:627] <29848> inipayhome:/home1/killdeal/public_html/shop/inicis
DEBUG	[2021-08-12 16:10:23:627] <29848> debug:false
DEBUG	[2021-08-12 16:10:23:627] <29848> type:cancel
DEBUG	[2021-08-12 16:10:23:627] <29848> mid:fourseason
DEBUG	[2021-08-12 16:10:23:627] <29848> admin:1111
DEBUG	[2021-08-12 16:10:23:627] <29848> tid:INIMX_CARDfourseason20210810231942734859
DEBUG	[2021-08-12 16:10:23:627] <29848> cancelmsg:쇼핑몰 운영자 승인 취소
INFO	[2021-08-12 16:10:23:627] <29848> Check Field OK
INFO	[2021-08-12 16:10:23:627] <29848> PI PUB KEY LOAD OK []
INFO	[2021-08-12 16:10:23:628] <29848> PG PUB KEY LOAD OK [30]
INFO	[2021-08-12 16:10:23:628] <29848> MERCHANT PRIV KEY LOAD OK
INFO	[2021-08-12 16:10:23:628] <29848> MERCHANT PUB KEY LOAD OK [0]
DEBUG	[2021-08-12 16:10:23:628] <29848> MAKE ENCRYPT OK[<?xml version="1.0" encoding="UTF-8"?>
<CancelInfo>
	  <CancelTID>INIMX_CARDfourseason20210810231942734859</CancelTID>
	  <CancelMsg urlencode="1">%BC%EE%C7%CE%B8%F4+%BF%EE%BF%B5%C0%DA+%BD%C2%C0%CE+%C3%EB%BC%D2</CancelMsg>
	  <CancelReason/></CancelInfo>]
INFO	[2021-08-12 16:10:23:629] <29848> MAKE BODY OK
INFO	[2021-08-12 16:10:23:629] <29848> SIGN OK
INFO	[2021-08-12 16:10:23:629] <29848> MAKE HEAD OK
INFO	[2021-08-12 16:10:23:629] <29848> MSG_TO_PG:[0096200175D SHA1                   0                                      300420fourseason                    INIMX_CARDfourseason20210810231942734859<?xml version="1.0" encoding="UTF-8"?>
<INIpay>
	  <CancelInfo>
	    <SessionKey>zqw2GBHHlekGZrqcPkuij6Ur75vC5GOb+I1tnGITGbW5bg+a/uoURUZC4T53OnkU
dt6hd3IVoBeC/hmRMI0SvnDeCFaDnXyVq4ip6I59E4hQVAoHfFrvGwAZQ084fgAk
M43y8LAJCaWzhJ+1Hv23bMnEDg/cqHRDtzie1D8PMSKHd4xd7RzFvQ==
</SessionKey>
	    <Encrypted>USpGkWq2JvmM+E1fU2xLCntoK1xtNtuKniplW2CpFHDQQpS+Bbz2qeQzlG0CLmCw
MFan2dt73PzpsZdTUGwtIetWPiNPDz1It3YaROXoiymICOhjb4OIXUF3wRehsHSo
dMJR0KOe9FypPjAWgYyZpHHTHg6qB3VIek0e4K5IlM9H132lKCVoixHV8zPl8z3Z
zTcJS3CzA+kfMPalLZiTsD9kLf6TqBB/gCu9Bw75mC3RsE9xKHZ0ahdiCzpfjG7L
bED4cfl9158vkfhv99q2h1Cajm99oG1iccMocmmy1FaVBbtpkoO5a0a0jt4rIgRL
U8KvCUl6Zn/Fk+VKTgU2gw==
</Encrypted></CancelInfo>
	  <ReservedInfo>
	    <MReserved1/>
	    <MReserved2/>
	    <MReserved3/></ReservedInfo>
	  <ManageInfo>
	    <Language/>
	    <URL/>
	    <TXVersion>5036B141209canceLinux     PHPchkfake   2.6.32-754.11.1.el6.x86_64PHP:</TXVersion>
	    <TXUserID/>
	    <TXRegNum/></ManageInfo></INIpay>ACazXGFexy1PgtJXZg7VP200jvd/cIRWq2VEN62SITW4XyF1dOhWeW1gmaoGK35B
tAJDgezVRYhTok51GUVyTdqi1RaXJGqpR/4uJ0EQXRAl9pl44STcBt1blopAtJu3
OMfJpZ6yP8vlpvKHrDJ/q9jjdTlG3mRIqh0uFtJHXEXm
]
INFO	[2021-08-12 16:10:23:629] <29848> DNS LOOKUP OK(203.238.37.3:203.238.37.3:34049) laptime:0
INFO	[2021-08-12 16:10:23:633] <29848> SOCKET CONNECT OK
INFO	[2021-08-12 16:10:23:633] <29848> SEND OK
INFO	[2021-08-12 16:10:24:547] <29848> RECV OK
INFO	[2021-08-12 16:10:24:547] <29848> MSG_FROM_PG:[0093300175D SHA1                   0                                      300430fourseason                    INIMX_CARDfourseason20210810231942734859<?xml version="1.0" encoding="UTF-8"?><INIpay>
<CancelInfo>
<ResultCode>120000</ResultCode>
<ResultMsg urlencode="1">%C1%A4%BB%F3%C3%B3%B8%AE%B5%C7%BE%FA%BD%C0%B4%CF%B4%D9.</ResultMsg>
<SessionKey>AFNTFzoQJyA4C/uX1qZdvdzGh9sgrUAGHDT3987pBC5EshPYRItYUbDFfCQLekCn
zHkMnDzNW6AMpqE0pA5wXAFriMZgPqCb9R70mcdlkxQt881mgQrIBRozZ4U+cCD0
5mgbM/EOto5hmntzxLidiRjkiM5XIoBrHzjqGTf8QvkN5IXLHEJI9NA=
</SessionKey>
<Encrypted>E7u6mVMuumdlR77JNJlzYHr+b0Bp1DerlpSxDGJDQFfweJwl0H8LL3PttQOP0nw5
YmsvcEtdUIggQeUicg5msRLTlxUKIoFPqjIWHeuMSPkhipKTMxGcdB371qv3yuok
+RKD4wGtFFpdQ2QyxTl5wxfDY1NBYPN3Ru/alRVAYCQxuHYwnNQH0FYxT6GMIAI/
wp16Iqw/V+r5UFjazNDiSeDtGB1mF6I9OjYSVABwfOovgiE7WJhYL10R0Xb4nkKk
a0B7Fz3Rx0lD/Q8wXPybwOn3VDv/CBgWpfrzrke/wqvZmciKbqFLixbm31/sJtoF
HJHZ55iULS42NZJqyqqIgARrPo828QDw
</Encrypted>
</CancelInfo>
<ManageInfo/>
<ReservedInfo>
<MReserved1 urlencode="1"/>
<MReserved2 urlencode="1"/>
<MReserved3 urlencode="1"/>
</ReservedInfo>
</INIpay>
yqRrKIjFWemKxUtce1YDFR5KC2K+7HVf6GaIH+G0fJSkkoMY8XVlppvqRiQD8SBS
8MPl0sYtNiQmcDU1SB171Z3hX/ni6SMoOOULcz4+MBvYL/li2mIsp9OvkMmFfl6q
+Q9TGsb/XV72Ha4pctk3/5VK7RhWe/tfKxqGD4onftI=
]
INFO	[2021-08-12 16:10:24:548] <29848> VERIFY OK
INFO	[2021-08-12 16:10:24:548] <29848> PARSE HEAD OK
INFO	[2021-08-12 16:10:24:548] <29848> PARSE BODY OK
INFO	[2021-08-12 16:10:24:549] <29848> DECRYPT OK
DEBUG	[2021-08-12 16:10:24:549] <29848> DECRYPT MSG:[<?xml version="1.0" encoding="UTF-8"?><CancelInfo>
<CancelDate>20210812</CancelDate>
<CancelTime>161025</CancelTime>
<ResultCode>120000</ResultCode>
<ResultMsg urlencode="1">%C1%A4%BB%F3%C3%B3%B8%AE%B5%C7%BE%FA%BD%C0%B4%CF%B4%D9.</ResultMsg>
</CancelInfo>]
INFO	[2021-08-12 16:10:24:549] <29848> DECRYPT PARSE OK
INFO	[2021-08-12 16:10:24:550] <29848> END cancel 정상처리되었습니다. Laptime:[0.923sec]
INFO	[2021-08-12 16:10:24:550] <29848> ===============================================================
INFO	[2021-08-12 16:42:01:316] <9664> START INIPHP cancel (V5036-141209)(OS:Linux2.6.32-754.11.1.el6.x86_64,PHP:5.3.3)
DEBUG	[2021-08-12 16:42:01:316] <9664> inipayhome:/home1/killdeal/public_html/shop/inicis
DEBUG	[2021-08-12 16:42:01:316] <9664> debug:false
DEBUG	[2021-08-12 16:42:01:316] <9664> type:cancel
DEBUG	[2021-08-12 16:42:01:316] <9664> mid:fourseason
DEBUG	[2021-08-12 16:42:01:316] <9664> admin:1111
DEBUG	[2021-08-12 16:42:01:316] <9664> tid:INIMX_CARDfourseason20210802115058785960
DEBUG	[2021-08-12 16:42:01:316] <9664> cancelmsg:쇼핑몰 운영자 승인 취소
INFO	[2021-08-12 16:42:01:316] <9664> Check Field OK
INFO	[2021-08-12 16:42:01:316] <9664> PI PUB KEY LOAD OK []
INFO	[2021-08-12 16:42:01:316] <9664> PG PUB KEY LOAD OK [30]
INFO	[2021-08-12 16:42:01:316] <9664> MERCHANT PRIV KEY LOAD OK
INFO	[2021-08-12 16:42:01:316] <9664> MERCHANT PUB KEY LOAD OK [0]
DEBUG	[2021-08-12 16:42:01:317] <9664> MAKE ENCRYPT OK[<?xml version="1.0" encoding="UTF-8"?>
<CancelInfo>
	  <CancelTID>INIMX_CARDfourseason20210802115058785960</CancelTID>
	  <CancelMsg urlencode="1">%BC%EE%C7%CE%B8%F4+%BF%EE%BF%B5%C0%DA+%BD%C2%C0%CE+%C3%EB%BC%D2</CancelMsg>
	  <CancelReason/></CancelInfo>]
INFO	[2021-08-12 16:42:01:317] <9664> MAKE BODY OK
INFO	[2021-08-12 16:42:01:317] <9664> SIGN OK
INFO	[2021-08-12 16:42:01:318] <9664> MAKE HEAD OK
INFO	[2021-08-12 16:42:01:318] <9664> MSG_TO_PG:[0096200175D SHA1                   0                                      300420fourseason                    INIMX_CARDfourseason20210802115058785960<?xml version="1.0" encoding="UTF-8"?>
<INIpay>
	  <CancelInfo>
	    <SessionKey>QXK0xxCHlOcIDgkGYRpUVuvdRvtjAtGDkisBIaSvzdwoLFPcvILH7mEHnDpB7KIs
UXTvm4Y7vKWh9ZXFe0zFh5s7DzpqhURlnFwEGE8sLnL3bDRTumeCiM0B+bbIojpg
fcVsUR8YMP8MCgY35hmtbtt5TX3DbTX6wwUhWgj6ocNoiVsBMkKOdQ==
</SessionKey>
	    <Encrypted>w6AtcrMt4VYR2KWRGlmRYvun/aiF5U22am3iH+qBj9jyM7DhWyLk0evUvld+K1q9
+F3kLxauKqdV3OwZcaDhQAEybKB49pwUvCz0ZhJmuERWfHDGGvjh/CmIXI82o+aQ
1eygCTrEFq3SqSvrW4R4z6V6zfBjGkZgxhJaWJYG9pJVeq2MbCIWeoi+OskMHQry
jO1BbFxY0a+DJZ7zA4Dq/6pOa/U1whe9aCEhdwp51B7jOzQ5VCKw08zJktcouSD2
wtTOa2NRiSFeodolj4x+zwlKdx9jh6/8apUdUIx1Cons6+Xcy7w0CDACPxI5+6Tg
avUKGQHBPpYbbM7jOAjnYQ==
</Encrypted></CancelInfo>
	  <ReservedInfo>
	    <MReserved1/>
	    <MReserved2/>
	    <MReserved3/></ReservedInfo>
	  <ManageInfo>
	    <Language/>
	    <URL/>
	    <TXVersion>5036B141209canceLinux     PHPchkfake   2.6.32-754.11.1.el6.x86_64PHP:</TXVersion>
	    <TXUserID/>
	    <TXRegNum/></ManageInfo></INIpay>AK0N/foWWiJN6EptYRgUd5d12zMcYElT8ZNIcnyOEmaJOpE3IGvEqTTQYA/qd0fZ
KjvxP72bwn7XBx+oz2L1VrNHCVJd/walwYetILtjyXUEVizSNyP4GVAXUIFW4wkJ
wxGxGJyiG0Lq2v1SaKEXQD3zoOY+faEmE2J1rvjtU2Dv
]
INFO	[2021-08-12 16:42:01:318] <9664> DNS LOOKUP OK(203.238.37.3:203.238.37.3:34049) laptime:0
INFO	[2021-08-12 16:42:01:321] <9664> SOCKET CONNECT OK
INFO	[2021-08-12 16:42:01:321] <9664> SEND OK
INFO	[2021-08-12 16:42:01:448] <9664> RECV OK
INFO	[2021-08-12 16:42:01:448] <9664> MSG_FROM_PG:[0093300175D SHA1                   0                                      300430fourseason                    INIMX_CARDfourseason20210802115058785960<?xml version="1.0" encoding="UTF-8"?><INIpay>
<CancelInfo>
<ResultCode>120000</ResultCode>
<ResultMsg urlencode="1">%C1%A4%BB%F3%C3%B3%B8%AE%B5%C7%BE%FA%BD%C0%B4%CF%B4%D9.</ResultMsg>
<SessionKey>AHejUmFCOm5e8X+D5euzqge6w+yl1jm9QubUKPTH34hezC/tnxwqYZRHCgso1gkd
wHY+i8MjkDCe/oJ2D9ddmNbHACn2eH7EcgLT3EQy/W8PrFoljXgLMU/vqN56Q9rY
+uItJYu+Uuru0uYtjqb9N1InReczx6d5Lrq3rj0HEeIsD6QgWRqyff4=
</SessionKey>
<Encrypted>zXM2u+B8EvhlRqdk3Hsy077Xyn1IIb0ny+7gIr4BiMlNI7qJG4GNZKQH8/AS2VTF
iZxrYx3az7qfxoHcbSqWf0Wy58TKhtY6PfKtqekHGmRHURTnv6Of5H49+tqCBE/v
tlNrwtLPX5McbzofscDEaXh/mnDASpw8FRfxcgXJGBM5cVvB16ckug0I1DQyyDeA
OiaW91fBGEtpIeRGql+ks6wE3I40Bf3RDiBCtQuaM974GnrQP1c+c4svQnAt9ePe
un2Q4juzR0zdX6TJIEV1XtgdaRNYWmF/N6ywctiQrMZLrU4FO9i/vKZ/f0vgAXVW
oHy/DSAThaLedPqGKvy1DrhXiROzATOC
</Encrypted>
</CancelInfo>
<ManageInfo/>
<ReservedInfo>
<MReserved1 urlencode="1"/>
<MReserved2 urlencode="1"/>
<MReserved3 urlencode="1"/>
</ReservedInfo>
</INIpay>
rGPBL8TU0Lfwtik8DTn3MrXW1HJEQ0YXgku35fj3UyfKmQUwVbJURwm65H9E7mAF
hwSCgTJDFRQCLUDeg8LwlK5GZPGwL+3iKSPPVwQvt0wt5kVfR9bXjM6m85fJcH2o
Y1oeX7yluubbuamCiia0rJRcyKUbVOrhm410jjT8J74=
]
INFO	[2021-08-12 16:42:01:448] <9664> VERIFY OK
INFO	[2021-08-12 16:42:01:448] <9664> PARSE HEAD OK
INFO	[2021-08-12 16:42:01:449] <9664> PARSE BODY OK
INFO	[2021-08-12 16:42:01:449] <9664> DECRYPT OK
DEBUG	[2021-08-12 16:42:01:449] <9664> DECRYPT MSG:[<?xml version="1.0" encoding="UTF-8"?><CancelInfo>
<CancelDate>20210812</CancelDate>
<CancelTime>164202</CancelTime>
<ResultCode>120000</ResultCode>
<ResultMsg urlencode="1">%C1%A4%BB%F3%C3%B3%B8%AE%B5%C7%BE%FA%BD%C0%B4%CF%B4%D9.</ResultMsg>
</CancelInfo>]
INFO	[2021-08-12 16:42:01:450] <9664> DECRYPT PARSE OK
INFO	[2021-08-12 16:42:01:450] <9664> END cancel 정상처리되었습니다. Laptime:[0.134sec]
INFO	[2021-08-12 16:42:01:450] <9664> ===============================================================
