INFO	[2021-02-26 09:44:10:401] <18417> START INIPHP repay (V5036-141209)(OS:Linux2.6.32-754.11.1.el6.x86_64,PHP:5.3.3)
DEBUG	[2021-02-26 09:44:10:401] <18417> inipayhome:/home1/killdeal/public_html/shop/inicis
DEBUG	[2021-02-26 09:44:10:401] <18417> debug:false
DEBUG	[2021-02-26 09:44:10:401] <18417> type:repay
DEBUG	[2021-02-26 09:44:10:401] <18417> pgid:INIphpRPAY
DEBUG	[2021-02-26 09:44:10:401] <18417> subpgip:203.238.3.10
DEBUG	[2021-02-26 09:44:10:401] <18417> mid:fourseason
DEBUG	[2021-02-26 09:44:10:401] <18417> admin:1111
DEBUG	[2021-02-26 09:44:10:401] <18417> oldtid:INIMX_CARDfourseason20210222222443924991
DEBUG	[2021-02-26 09:44:10:401] <18417> currency:WON
DEBUG	[2021-02-26 09:44:10:401] <18417> price:18900
DEBUG	[2021-02-26 09:44:10:401] <18417> confirm_price:104000
DEBUG	[2021-02-26 09:44:10:401] <18417> buyeremail:inmi61@hanmail.net
DEBUG	[2021-02-26 09:44:10:401] <18417> tax:1718
DEBUG	[2021-02-26 09:44:10:401] <18417> taxfree:0
INFO	[2021-02-26 09:44:10:401] <18417> Check Field OK
INFO	[2021-02-26 09:44:10:401] <18417> Make TID OK INIphpRPAYfourseason20210226094410018006
INFO	[2021-02-26 09:44:10:401] <18417> PI PUB KEY LOAD OK []
INFO	[2021-02-26 09:44:10:401] <18417> PG PUB KEY LOAD OK [30]
INFO	[2021-02-26 09:44:10:402] <18417> MERCHANT PRIV KEY LOAD OK
INFO	[2021-02-26 09:44:10:402] <18417> MERCHANT PUB KEY LOAD OK [0]
DEBUG	[2021-02-26 09:44:10:402] <18417> MAKE ENCRYPT OK[<?xml version="1.0" encoding="UTF-8"?>
<PartCancelInfo>
	  <PRTC_TID>INIMX_CARDfourseason20210222222443924991</PRTC_TID>
	  <PRTC_Price>18900</PRTC_Price>
	  <PRTC_Remains>104000</PRTC_Remains>
	  <PRTC_Quota/>
	  <PRTC_Interest/>
	  <PRTC_NoAcctFNBC/>
	  <PRTC_NmAcctFNBC/></PartCancelInfo>]
INFO	[2021-02-26 09:44:10:402] <18417> MAKE BODY OK
INFO	[2021-02-26 09:44:10:403] <18417> SIGN OK
INFO	[2021-02-26 09:44:10:403] <18417> MAKE HEAD OK
INFO	[2021-02-26 09:44:10:403] <18417> MSG_TO_PG:[0111700175D SHA1                   0                                      300620fourseason               18900INIphpRPAYfourseason20210226094410018006<?xml version="1.0" encoding="UTF-8"?>
<INIpay>
	  <PartCancelInfo>
	    <SessionKey>C/tOsh+EWZBU5sbo2nOOs1xVR/EOZnqzA13znKdVcJiOKKT2UCcdJyhd996DGAJy
qMLvA6BfjG7/9WHqPjXFE/Z0edYh23QBfRLSqCzVdflSOM1YQAKlkqpAgvtwTzab
M3s4dkR49Nt5o3lP6mbwwK63DjOByMG9MpgRm5Uqb4w7yzOc+IIZUQ==
</SessionKey>
	    <Encrypted>a5llsgpxjX7THLVajWsr9A1iesGEapUun9ub7yVY4jfrns01EOatpJ0yqQo5O13O
WwDCLh9z2lzOQmGrIHZWeLisKu4OUp7R0FaBaigKma6uM8i86jdp6Mn8YG3pzME2
bbobCimTFSofqJM70ktL/IF/3F4WmGlCXmLdTzutXU80ohGhMZqliPhF5UnNTern
OroOAO9mkgzEVrafYrpopLsFFlsBr51QQ1gkH0ykCpupWy34HCHQbbsyghtTiezK
1ewXiIJFvWAZlbDIxeS40/HMXtJJtWg9XI2D/Ip0I495V4/sg3NP3zpQ6o47FYjR
xcAOLP7AV/prbrExVZg1lGK+GDsIMIrUtfLph6YCWxjfuCTIAqjctm5C28oELX/E
Xui01s//VJc=
</Encrypted></PartCancelInfo>
	  <GoodsInfo>
	    <Tax>1718</Tax>
	    <TaxFree/>
	    <Currency>WON</Currency></GoodsInfo>
	  <ReservedInfo>
	    <MReserved1/>
	    <MReserved2/>
	    <MReserved3/></ReservedInfo>
	  <ManageInfo>
	    <Language/>
	    <URL/>
	    <TXVersion>5036B141209repayLinux     PHPchkfake   2.6.32-754.11.1.el6.x86_64PHP:</TXVersion>
	    <TXUserID/>
	    <TXRegNum/></ManageInfo></INIpay>AFn8TxJYjsqeoks3DOYhgd872wD6gxgMpuZj7Gkcp0wZgwv91WWPWtm0Aas3SMmo
HQizr89IWr/Q4MRbFqr29KIxNATRAW6Zdgzms3ZcDPZSplkbybV48oFdpGVi7EL9
WwCXHHS3uc4tQZ24zOt02I84CZ+XUNxIPBbzACh+tLBg
]
INFO	[2021-02-26 09:44:10:403] <18417> DNS LOOKUP OK(203.238.37.3:203.238.37.3:34049) laptime:0
INFO	[2021-02-26 09:44:10:405] <18417> SOCKET CONNECT OK
INFO	[2021-02-26 09:44:10:405] <18417> SEND OK
INFO	[2021-02-26 09:44:10:682] <18417> RECV OK
INFO	[2021-02-26 09:44:10:682] <18417> MSG_FROM_PG:[0099200175D SHA1                   0                                      300630fourseason               18900INIphpRPAYfourseason20210226094410018006<?xml version="1.0" encoding="UTF-8"?><INIpay>
<PartCancelInfo>
<PayMethod>Card</PayMethod>
<ResultCode>120000</ResultCode>
<ResultMsg urlencode="1">%C1%A4%BB%F3%C3%B3%B8%AE%B5%C7%BE%FA%BD%C0%B4%CF%B4%D9.</ResultMsg>
<SessionKey>AFf5bCOWCg6QQTyu2+gOhAUh1XgjQKqE5dl1VW8KMGy4cBIP6c5YDFRuxkNBK7iL
vonxxjagBIOpbTAj+WADWeLdnZJFNZieJbt2gsJ/HsdF1vRyk4TDGz2k4ZVORl41
meh4VZb2dvZRUSkpr8y8rK5C1ojX1gvGAUhk5oyyeq8xW1d4XOnX4uc=
</SessionKey>
<Encrypted>NPRk01jDHKoKeLhAIoShETDkCye63F9xWzTAJuGF0fa6Fz7a+5dRiH5N0vSBfFJM
iz9ddFCIicflN3Ui7VsqwIlWW39MRM60ORpdSOOoAu9LWiP+h3hNtrbpLVFB0GCG
XwUJ/xhMFcnleoSffI7KVY3yyEn5tl7hGCr4iYSdKQrwppIJNWSg7jbDdrtx3mMD
DpZjrq24hVBbboMwt0Yn5BGg7kUEgCXe4iVWJUAdVh8cvc8b880/8v3h+ekoW9z3
L8Uy3arY2mrOuvClKdP5m9ZRtu69y3j0x+hg+1p+6PYzxuW1IePOyZc/kX+pKvpG
3ZR2wbMKTe5vI/+51lw75RVQUw8I/S7GcN/lt5H5NkvmABuAhDs3tqPv5POPBray
bouLKCt041t1V695ZJxqamlPCnPIhL6RSA4laxxrQiAgrkSstyFsbsvJOVOl5p2O
65t9yOVlj259tD4/IxDMkA==
</Encrypted>
</PartCancelInfo>
<ManageInfo/>
<ReservedInfo/>
</INIpay>
YfQkksfffR1W8+zhAbknjKQ86c0/I/j51j1oJQvsg10j3EIzBu7zA6B9RIw6McIb
WeHk5EHoV+rbwyVbifF4ZEPL8YmmXuNtpD8sFR9vxx5Kg+Sq/VROZSARj5W0jExR
vFhcZA8qhco6pVd3VJ9mmpPzctyMsOzrW5N7zmA+sU4=
]
INFO	[2021-02-26 09:44:10:682] <18417> VERIFY OK
INFO	[2021-02-26 09:44:10:683] <18417> PARSE HEAD OK
INFO	[2021-02-26 09:44:10:683] <18417> PARSE BODY OK
INFO	[2021-02-26 09:44:10:683] <18417> DECRYPT OK
DEBUG	[2021-02-26 09:44:10:683] <18417> DECRYPT MSG:[<?xml version="1.0" encoding="UTF-8"?><PartCancelInfo>
<PRTC_TID>INIMX_CARDfourseason20210222222443924991</PRTC_TID>
<PRTC_Price>18900</PRTC_Price>
<PRTC_Remains>104000</PRTC_Remains>
<PRTC_Quota>00</PRTC_Quota>
<PRTC_Type>1</PRTC_Type>
<CancelDate>20210226</CancelDate>
<CancelTime>094409</CancelTime>
<PRTC_Cnt>1</PRTC_Cnt>
</PartCancelInfo>]
INFO	[2021-02-26 09:44:10:684] <18417> DECRYPT PARSE OK
INFO	[2021-02-26 09:44:10:684] <18417> END repay 정상처리되었습니다. Laptime:[0.283sec]
INFO	[2021-02-26 09:44:10:684] <18417> ===============================================================
INFO	[2021-02-26 15:51:58:949] <11673> START INIPHP repay (V5036-141209)(OS:Linux2.6.32-754.11.1.el6.x86_64,PHP:5.3.3)
DEBUG	[2021-02-26 15:51:58:949] <11673> inipayhome:/home1/killdeal/public_html/shop/inicis
DEBUG	[2021-02-26 15:51:58:949] <11673> debug:false
DEBUG	[2021-02-26 15:51:58:949] <11673> type:repay
DEBUG	[2021-02-26 15:51:58:949] <11673> pgid:INIphpRPAY
DEBUG	[2021-02-26 15:51:58:949] <11673> subpgip:203.238.3.10
DEBUG	[2021-02-26 15:51:58:949] <11673> mid:fourseason
DEBUG	[2021-02-26 15:51:58:949] <11673> admin:1111
DEBUG	[2021-02-26 15:51:58:949] <11673> oldtid:StdpayCARDfourseason20210220223237444603
DEBUG	[2021-02-26 15:51:58:949] <11673> currency:WON
DEBUG	[2021-02-26 15:51:58:949] <11673> price:16300
DEBUG	[2021-02-26 15:51:58:949] <11673> confirm_price:9700
DEBUG	[2021-02-26 15:51:58:949] <11673> buyeremail:chouoo@gmail.com
DEBUG	[2021-02-26 15:51:58:949] <11673> tax:1482
DEBUG	[2021-02-26 15:51:58:949] <11673> taxfree:0
INFO	[2021-02-26 15:51:58:949] <11673> Check Field OK
INFO	[2021-02-26 15:51:58:949] <11673> Make TID OK INIphpRPAYfourseason20210226155158495130
INFO	[2021-02-26 15:51:58:949] <11673> PI PUB KEY LOAD OK []
INFO	[2021-02-26 15:51:58:950] <11673> PG PUB KEY LOAD OK [30]
INFO	[2021-02-26 15:51:58:950] <11673> MERCHANT PRIV KEY LOAD OK
INFO	[2021-02-26 15:51:58:950] <11673> MERCHANT PUB KEY LOAD OK [0]
DEBUG	[2021-02-26 15:51:58:950] <11673> MAKE ENCRYPT OK[<?xml version="1.0" encoding="UTF-8"?>
<PartCancelInfo>
	  <PRTC_TID>StdpayCARDfourseason20210220223237444603</PRTC_TID>
	  <PRTC_Price>16300</PRTC_Price>
	  <PRTC_Remains>9700</PRTC_Remains>
	  <PRTC_Quota/>
	  <PRTC_Interest/>
	  <PRTC_NoAcctFNBC/>
	  <PRTC_NmAcctFNBC/></PartCancelInfo>]
INFO	[2021-02-26 15:51:58:951] <11673> MAKE BODY OK
INFO	[2021-02-26 15:51:58:951] <11673> SIGN OK
INFO	[2021-02-26 15:51:58:951] <11673> MAKE HEAD OK
INFO	[2021-02-26 15:51:58:951] <11673> MSG_TO_PG:[0111700175D SHA1                   0                                      300620fourseason               16300INIphpRPAYfourseason20210226155158495130<?xml version="1.0" encoding="UTF-8"?>
<INIpay>
	  <PartCancelInfo>
	    <SessionKey>hJy9gLFH5ALHJhM1vCar1CGjYy0bj8MfDJ590J8VY+/wo4gEVFwiad6PmijCNh/v
s49JKATFnoR5Jq8WOlydR51eQ9TZQqdIeqyIlx/wBnragjqmG8E8zJPlICJhJPhs
G2HlIBVLNgvsbq+G+VmYW6VnfG+Cs7yddCLFU20/RRc0RqxIS//hOA==
</SessionKey>
	    <Encrypted>jHEhEMGrKSwLsMVQN4IaUc4L/tTcjfYXulvEZQ7PKUBPSMyvMttESBhOq55ppNrs
7XO2gIcYE7PthZ/sEAJLFBLbbUBU6k24XpJx2MpF8Bxh2OaUxcpaGD+UnycygySi
cmtomG0CHakPmBVYu8FDmIlm5pjJ38s+3DLzO8QxxLw5XwRoxeMDxeWij6cG5wh1
oNxFhRucdhuiHWt+tJ9AXtAEfG9lvxVfOgrP23/0e92IaTw1uDB54PFwu7bB5EM4
B0HkMfjuZJdxnbkUUc65DrghpSa1xzomVxHhsWDGCH6uWdWPlPmj4y2YaJf4apzP
QcsWQAg/QJdS36VeXK5W3o/FumqkEAHw0MooUsf4kRm5UF9PlXiRcWYeufXP9WXZ
XNJzSE/A/OI=
</Encrypted></PartCancelInfo>
	  <GoodsInfo>
	    <Tax>1482</Tax>
	    <TaxFree/>
	    <Currency>WON</Currency></GoodsInfo>
	  <ReservedInfo>
	    <MReserved1/>
	    <MReserved2/>
	    <MReserved3/></ReservedInfo>
	  <ManageInfo>
	    <Language/>
	    <URL/>
	    <TXVersion>5036B141209repayLinux     PHPchkfake   2.6.32-754.11.1.el6.x86_64PHP:</TXVersion>
	    <TXUserID/>
	    <TXRegNum/></ManageInfo></INIpay>ANp47uHRnim2qEsfNwGaQgE1xgqSJrBrg4zQaJQyuQbDq9aNDquMj+jUzAPydLO2
85Dt6hy6sjc8zXuWzpVZmSM3rjxfmjKy8vYQWoUVA/iUFruwugNLnum8D/gW7yFI
BP6NSQnSu8VSxZlbytFP6p6qFsuUj2GvA09dzB7yaOF1
]
INFO	[2021-02-26 15:51:58:951] <11673> DNS LOOKUP OK(203.238.37.3:203.238.37.3:34049) laptime:0
INFO	[2021-02-26 15:51:58:954] <11673> SOCKET CONNECT OK
INFO	[2021-02-26 15:51:58:954] <11673> SEND OK
INFO	[2021-02-26 15:51:59:224] <11673> RECV OK
INFO	[2021-02-26 15:51:59:224] <11673> MSG_FROM_PG:[0150300175D SHA1                   0                                      300630fourseason               16300INIphpRPAYfourseason20210226155158495130<?xml version="1.0" encoding="UTF-8"?>
<INIpay>
  <PartCancelInfo>
    <PayMethod>Card</PayMethod>
    <ResultCode>120000</ResultCode>
    <ResultMsg urlencode="1">%C1%A4%BB%F3%C3%B3%B8%AE%B5%C7%BE%FA%BD%C0%B4%CF%B4%D9.</ResultMsg>
    <SessionKey>ALKverpdj9orpzkEcRkhAxB+ztqv04g5X82RLri7UL766iMG+8qZZt8Y1U7aAq+Q
Hx1/YrugT4oJdOc5wwezno/RDnEr+ZOD+eIZ6nx5LXS2Zw5tcBw+JNDPgduAGrYK
prhaJfWRSIi/EEBOJPiR75W1EraOYR7Lx4XWfb6cG2ojLBBdXkiTed8=
</SessionKey>
    <Encrypted>ZqKSKQnFdllupNgiM+dpL5PAlZd0CVAGRgbkSDYR5ZEDs2uzG59xTroxN9zuwFtT
kiZ95HD9FD/ABLsR8ROfdk7Y353KfvGxp8h9YZVTeZQRKQsBo0ki39FEjtr7/LNg
91aOuH5ePLib5PVkxO4qUElVBt6tVqKDnbvhexMkQSFVG3cD3FMSCID4W7X5sRc3
6AKj760JEW5m1y23prTo0WaeRHrDCeewAgPEEpJOzI7a1uLXd0hO63dNPm2KAiPu
3N1wpK6DBOhEnUdy05tRDAf/RxqiY9OqXquLJaC1tTh0SRMX0F35g5iVhAdb+/WN
EljPwnFBoNXfh8y7yNevlje0z06UI44NLUgtOm3WcTIBRUEcg7K/9JAhXqEzKmtk
+9/aAXad9HHeew1GeHcbBt+9P7OYOt3Hq77xwNprPyYkRwSj7g+87g04pmQTdBMM
FE+4hDZGgMwHIfifXt/R+hGLgjUy1DXZZlaDxWNqwQBmBDC9fU8YGDm1gAsPu5Oe
JNp6RRU07pyyzgN+hKmb7I8rLewSgILSbUXBZJAQ/AqLla1rN+uf45sJ/gzdm4Lc
HJvlvBlPcMvuGIhE34ECq3fJnKtRKFq1oBw8KCwM3s1eR6C3OVStIjW0Eo8LihYw
PhoVz0pjPeQnNq4Eu3LPGw==
</Encrypted>
  </PartCancelInfo>
  <ManageInfo/>
  <ReservedInfo>
    <MReserved1 urlencode="1"></MReserved1>
    <MReserved2 urlencode="1"></MReserved2>
    <MReserved3 urlencode="1"></MReserved3>
    <PGReserved1 urlencode="1"></PGReserved1>
    <PGReserved2 urlencode="1"></PGReserved2>
    <PGReserved3 urlencode="1"></PGReserved3>
  </ReservedInfo>
</INIpay>
p7AUihOZYKVtPNHqMvVqbKQqguTvOjLSF0kCLN/OKKG1ePvLdmxlq+WqjAEJJlQQ
JZgAphQA+ssaOpIhkQ+uFL31742XdxttFu5xEqtAhiwHhqqeenvLaQfH5Xnx01sC
HB0SDSoGyvd817MzkRts5iHoTCHYuL2FhoiWNbsJIAQ=
]
INFO	[2021-02-26 15:51:59:224] <11673> VERIFY OK
INFO	[2021-02-26 15:51:59:224] <11673> PARSE HEAD OK
INFO	[2021-02-26 15:51:59:224] <11673> PARSE BODY OK
INFO	[2021-02-26 15:51:59:225] <11673> DECRYPT OK
DEBUG	[2021-02-26 15:51:59:225] <11673> DECRYPT MSG:[<?xml version="1.0" encoding="UTF-8"?>
<PartCancelInfo>
  <PRTC_TID>StdpayCARDfourseason20210220223237444603</PRTC_TID>
  <PRTC_Price>16300</PRTC_Price>
  <PRTC_Remains>9700</PRTC_Remains>
  <PRTC_Quota>00</PRTC_Quota>
  <PRTC_Type>1</PRTC_Type>
  <CancelDate>20210226</CancelDate>
  <CancelTime>155158</CancelTime>
  <CARD_ApplNum></CARD_ApplNum>
  <ExchangeRate></ExchangeRate>
  <MOID urlencode="1"></MOID>
  <PRTC_Cnt>1</PRTC_Cnt>
  <PRTC_SubRemains></PRTC_SubRemains>
</PartCancelInfo>]
INFO	[2021-02-26 15:51:59:225] <11673> DECRYPT PARSE OK
INFO	[2021-02-26 15:51:59:225] <11673> END repay 정상처리되었습니다. Laptime:[0.276sec]
INFO	[2021-02-26 15:51:59:225] <11673> ===============================================================
