INFO	[2022-05-20 07:44:32:259] <29030> START INIPHP cancel (V5036-141209)(OS:Linux2.6.32-754.11.1.el6.x86_64,PHP:5.3.3)
DEBUG	[2022-05-20 07:44:32:259] <29030> inipayhome:/home1/killdeal/public_html/shop/inicis
DEBUG	[2022-05-20 07:44:32:259] <29030> debug:false
DEBUG	[2022-05-20 07:44:32:259] <29030> type:cancel
DEBUG	[2022-05-20 07:44:32:259] <29030> mid:fourseason
DEBUG	[2022-05-20 07:44:32:259] <29030> admin:1111
DEBUG	[2022-05-20 07:44:32:259] <29030> tid:StdpayVBNKfourseason20220518180340172083
DEBUG	[2022-05-20 07:44:32:259] <29030> cancelmsg:주문자 본인 취소-구매의사 없음
INFO	[2022-05-20 07:44:32:259] <29030> Check Field OK
INFO	[2022-05-20 07:44:32:259] <29030> PI PUB KEY LOAD OK []
INFO	[2022-05-20 07:44:32:260] <29030> PG PUB KEY LOAD OK [30]
INFO	[2022-05-20 07:44:32:260] <29030> MERCHANT PRIV KEY LOAD OK
INFO	[2022-05-20 07:44:32:261] <29030> MERCHANT PUB KEY LOAD OK [0]
DEBUG	[2022-05-20 07:44:32:261] <29030> MAKE ENCRYPT OK[<?xml version="1.0" encoding="UTF-8"?>
<CancelInfo>
	  <CancelTID>StdpayVBNKfourseason20220518180340172083</CancelTID>
	  <CancelMsg urlencode="1">%C1%D6%B9%AE%C0%DA+%BA%BB%C0%CE+%C3%EB%BC%D2-%B1%B8%B8%C5%C0%C7%BB%E7+%BE%F8%C0%BD</CancelMsg>
	  <CancelReason/></CancelInfo>]
INFO	[2022-05-20 07:44:32:261] <29030> MAKE BODY OK
INFO	[2022-05-20 07:44:32:262] <29030> SIGN OK
INFO	[2022-05-20 07:44:32:262] <29030> MAKE HEAD OK
INFO	[2022-05-20 07:44:32:262] <29030> MSG_TO_PG:[0099400175D SHA1                   0                                      300420fourseason                    StdpayVBNKfourseason20220518180340172083<?xml version="1.0" encoding="UTF-8"?>
<INIpay>
	  <CancelInfo>
	    <SessionKey>Rog55Q7efmZPpZZmysUmzUEHboUruS2HJPByIZ86uYU0XnQ0zcHv5QFUBiJMB0aY
3U/FMe1+rs97ADb743QDBtK9WOOcPdQ/zb2z/DQs0ozDNRcA4QB083nUPAFq9nyJ
oQiLoNtODL7p2fUDz1H5Tl89mUcO1+iYMqaFeMbS4T8S56eyKvFE7g==
</SessionKey>
	    <Encrypted>kC8fu5WYamDsRDWBkZk8knBNJnipvtR3g62rvo9XEp6yRzcdiViQOmvyX3d+nU09
uzDuCoD1oTtZwWl86lxr8NDoA53xiFd9VfhleXQ+/0CiR2iSfMMB5ZbNchZ0nues
FkDn2u5OZwIb+z0fz8bujMyoy8KBnbV7xEXZpfor9IrQa43ecUkhXClHLBExBW6+
JHCoYdMdFSSwdMWUcMdiXwyMZOpggckuHy4QUSbhA9UDBHAY82K3lUMfuCaE5Ftk
jYxsqJldToEzqPCuM6pSt0wNZb59nv6+u1Bb03159VEK5lQVBraBHTerwGk8cnJQ
oBeeUfT6dXxxqWs07YoHPAgwSe9WFhPP+jBx3yEHHCM7Tx+gPpfSXw==
</Encrypted></CancelInfo>
	  <ReservedInfo>
	    <MReserved1/>
	    <MReserved2/>
	    <MReserved3/></ReservedInfo>
	  <ManageInfo>
	    <Language/>
	    <URL/>
	    <TXVersion>5036B141209canceLinux     PHPchkfake   2.6.32-754.11.1.el6.x86_64PHP:</TXVersion>
	    <TXUserID/>
	    <TXRegNum/></ManageInfo></INIpay>ANw6VwSMDFE6+EOvCHvOyMr+4sUuZStKyAKK1Fd2j8b1XmZK9H9tbVitPae+Mffs
vkW8qRkQMe3Hg8q1l0xwd1tKKLqNqRE/WPvuFWBN2zuhc3LjxxxfUMiuWw26Si3E
PpmgA7Rc7Xht5C/o6glAXa/0Gp5dUFUrs+/W3Gc8xZZX
]
INFO	[2022-05-20 07:44:32:262] <29030> DNS LOOKUP OK(203.238.37.3:203.238.37.3:34049) laptime:0
INFO	[2022-05-20 07:44:32:264] <29030> SOCKET CONNECT OK
INFO	[2022-05-20 07:44:32:264] <29030> SEND OK
INFO	[2022-05-20 07:44:32:396] <29030> RECV OK
INFO	[2022-05-20 07:44:32:396] <29030> MSG_FROM_PG:[0123800175D SHA1                   0                                      300430fourseason                    StdpayVBNKfourseason20220518180340172083<?xml version="1.0" encoding="UTF-8"?><INIpay>
<CancelInfo>
<ResultCode>170000</ResultCode>
<ResultMsg urlencode="1">%C1%A4%BB%F3%C3%B3%B8%AE%B5%C7%BE%FA%BD%C0%B4%CF%B4%D9.</ResultMsg>
<SessionKey>AKmF1+hOKd5ZLmKWW3++1N42yyPLyrOBkkvIEdjZWUDp7cBnlJqBaraJJYuynZ9h
xdcC7rlEDS/ElGQ2iDpNbp/rgzWx9yjlIoTvgk9i8FvtwtzNkoBOINl14oYaDlVQ
lyA+l7bf9NjzfSy4J2qAE2eFB5th+J29TH43jpYuJxQG/HHkAICvFDs=
</SessionKey>
<Encrypted>ouptwDiYwEEfoXXRnWge0JABsvImKt8qCKBW4Nhctfb5DNPM6MRTzLpgxxviVbXz
/WxuilbwsfLSD0kbTbQ+MEZ7yuSE7gzuClnhjRO2KswYxGRz7uDcz0k2QxcbifJw
+z4i36/3ISdJtP9L0IGO8nulIwUY+jBD3cPdC283Fl1e7ynPxBq6qoLh4mbnInHf
0np4j+OjncB/MLpOfL0r81oXKzpuuIkmX3orR6JkqMXGn6ZrXqnx8Q8r/5Er+wyQ
UuPtItkTRxFFVqAJtS28NXNHFERfH7Pq28Wg/+p1YTmbsZQRR5FlGVFH1JugKBhE
dbzU9791qWLR/7D07AwrXKqxiKOklxLKxwnoHkyBBLIIdfxbEd01NGBvaX6EJ4wb
ILsct9/DvjH7/5hrEm/g3YfMlFTeONPEsAG3R/tMv0BtBpO/bkwv2c9Ouh4zWrcz
HtrHx8fopB+klGB6KyLqBDaPFxUfA6SK1lVe7c7Pe/TKwmZWs+cjULHYr8nuashc
IkbECE91te26UxWWusPljIffIKXKR1dqSyTgdg7hAh5fueEIuFg118mxLarRy06G
9sEagNrUTi4yaS8L7o6GToKqjjJUUqure3c/IvrQIaY3LOYU+sPbHu7zT8JI/AHl
KtLcPjvvZ+E=
</Encrypted>
</CancelInfo>
<ManageInfo/>
<ReservedInfo>
<MReserved1 urlencode="1"/>
<MReserved2 urlencode="1"/>
<MReserved3 urlencode="1"/>
</ReservedInfo>
</INIpay>
oHJwukqu0YReqauJ12Otsqg5baWSL79NeS1k2ep3jJBxc+0iQeFtxf4S+0enF/vg
cDwwMWnbASX/M7g+NCL1u6Z/Kqv9PopJ1RGIoaoVtAzHz58JqY3FtNNOi3rI73J8
6KUrf3QNuV3xs4bfUPdBS3YAq80xC1ee7YpH/CcvEJE=
]
INFO	[2022-05-20 07:44:32:396] <29030> VERIFY OK
INFO	[2022-05-20 07:44:32:396] <29030> PARSE HEAD OK
INFO	[2022-05-20 07:44:32:397] <29030> PARSE BODY OK
INFO	[2022-05-20 07:44:32:397] <29030> DECRYPT OK
DEBUG	[2022-05-20 07:44:32:397] <29030> DECRYPT MSG:[<?xml version="1.0" encoding="UTF-8"?><CancelInfo>
<CancelDate>20220520</CancelDate>
<CancelTime>074432</CancelTime>
<ResultCode>170000</ResultCode>
<ResultMsg urlencode="1">%C1%A4%BB%F3%C3%B3%B8%AE%B5%C7%BE%FA%BD%C0%B4%CF%B4%D9.</ResultMsg>
<CSHR_CancelDate>20220520</CSHR_CancelDate>
<CSHR_CancelTime>074432</CSHR_CancelTime>
<CSHR_ResultCode>220000</CSHR_ResultCode>
<CSHR_ResultMsg urlencode="1">%C1%A4%BB%F3%C3%B3%B8%AE%B5%C7%BE%FA%BD%C0%B4%CF%B4%D9.</CSHR_ResultMsg>
</CancelInfo>]
INFO	[2022-05-20 07:44:32:398] <29030> DECRYPT PARSE OK
INFO	[2022-05-20 07:44:32:398] <29030> END cancel 정상처리되었습니다. Laptime:[0.138sec]
INFO	[2022-05-20 07:44:32:398] <29030> ===============================================================
INFO	[2022-05-20 07:45:05:460] <23431> START INIPHP cancel (V5036-141209)(OS:Linux2.6.32-754.11.1.el6.x86_64,PHP:5.3.3)
DEBUG	[2022-05-20 07:45:05:460] <23431> inipayhome:/home1/killdeal/public_html/shop/inicis
DEBUG	[2022-05-20 07:45:05:460] <23431> debug:false
DEBUG	[2022-05-20 07:45:05:460] <23431> type:cancel
DEBUG	[2022-05-20 07:45:05:460] <23431> mid:fourseason
DEBUG	[2022-05-20 07:45:05:460] <23431> admin:1111
DEBUG	[2022-05-20 07:45:05:460] <23431> tid:StdpayVBNKfourseason20220518125556049053
DEBUG	[2022-05-20 07:45:05:460] <23431> cancelmsg:주문자 본인 취소-구매의사 없음
INFO	[2022-05-20 07:45:05:460] <23431> Check Field OK
INFO	[2022-05-20 07:45:05:460] <23431> PI PUB KEY LOAD OK []
INFO	[2022-05-20 07:45:05:461] <23431> PG PUB KEY LOAD OK [30]
INFO	[2022-05-20 07:45:05:461] <23431> MERCHANT PRIV KEY LOAD OK
INFO	[2022-05-20 07:45:05:461] <23431> MERCHANT PUB KEY LOAD OK [0]
DEBUG	[2022-05-20 07:45:05:461] <23431> MAKE ENCRYPT OK[<?xml version="1.0" encoding="UTF-8"?>
<CancelInfo>
	  <CancelTID>StdpayVBNKfourseason20220518125556049053</CancelTID>
	  <CancelMsg urlencode="1">%C1%D6%B9%AE%C0%DA+%BA%BB%C0%CE+%C3%EB%BC%D2-%B1%B8%B8%C5%C0%C7%BB%E7+%BE%F8%C0%BD</CancelMsg>
	  <CancelReason/></CancelInfo>]
INFO	[2022-05-20 07:45:05:461] <23431> MAKE BODY OK
INFO	[2022-05-20 07:45:05:462] <23431> SIGN OK
INFO	[2022-05-20 07:45:05:462] <23431> MAKE HEAD OK
INFO	[2022-05-20 07:45:05:462] <23431> MSG_TO_PG:[0099400175D SHA1                   0                                      300420fourseason                    StdpayVBNKfourseason20220518125556049053<?xml version="1.0" encoding="UTF-8"?>
<INIpay>
	  <CancelInfo>
	    <SessionKey>k5CyMNrVts7OdPnYdXnYtMMXw7r6SOPgHQDROKyY0TGIZUG6FuvtEoPsnbzSO49Z
g8uXrH+P80XIl7j0LymaswhznzFjBnPB10a39YE2kufRJ/ztf1DWYfhDYwb6WKRR
G2sHIgK6wyGrfRe5cD2l3FbCg/KYSc4lnNBp7EzxeR2Q9okWDtwSlQ==
</SessionKey>
	    <Encrypted>Rg4baYcfyY46Ody/rBHQy1j2Y60PkCDvypr2w3L/YM/ALS36KuGJnAq0+j3aWSZt
TcFmRne0+t6OV3JP1a2XVas7zIDnF+KfzENbe9YqJJpwsQEHsBI9HZNzPkzn+sUM
CfYOD0yvxGgZq3Xyj3dqt10pTledZYBwo8274ZpQ1U61bZJMNeuoEkHpQINDUYv2
G8Ql4mDO9Q82mDzT1gGnvRx5eOu7M8oQ/ZFMlUrGkbgZpclxKu4jnyoiHgLGZLtX
DfFCbIbQlVr5mjwBXyiMaA3/hRwgFq1tj/RBhJ0/zBCIvnzBKEfhSKSxFnFkpn1n
3H2nlNWFN+hOMgk7tt/K8ywStq26tGHH6fqnkRXa8x0ORvtK2F6Ayg==
</Encrypted></CancelInfo>
	  <ReservedInfo>
	    <MReserved1/>
	    <MReserved2/>
	    <MReserved3/></ReservedInfo>
	  <ManageInfo>
	    <Language/>
	    <URL/>
	    <TXVersion>5036B141209canceLinux     PHPchkfake   2.6.32-754.11.1.el6.x86_64PHP:</TXVersion>
	    <TXUserID/>
	    <TXRegNum/></ManageInfo></INIpay>AC/W1Q6BVpa2Y5P945yCsnTsJFl+6TOvngatoxEmw2Or6qWa9ZZq61RVlzUmF2DI
kQ16CQP6G0u2+jt2q5uFb0B1uKeCVEqrFlvnt4dgFX7ipqpQuHjWflQWYKzW6Soh
eF4yBYfKxZdM8y5Wr4mP7ovejpGG4rsjqdrx4nTKmQyt
]
INFO	[2022-05-20 07:45:05:462] <23431> DNS LOOKUP OK(203.238.37.3:203.238.37.3:34049) laptime:0
INFO	[2022-05-20 07:45:05:465] <23431> SOCKET CONNECT OK
INFO	[2022-05-20 07:45:05:465] <23431> SEND OK
INFO	[2022-05-20 07:45:05:569] <23431> RECV OK
INFO	[2022-05-20 07:45:05:569] <23431> MSG_FROM_PG:[0123800175D SHA1                   0                                      300430fourseason                    StdpayVBNKfourseason20220518125556049053<?xml version="1.0" encoding="UTF-8"?><INIpay>
<CancelInfo>
<ResultCode>170000</ResultCode>
<ResultMsg urlencode="1">%C1%A4%BB%F3%C3%B3%B8%AE%B5%C7%BE%FA%BD%C0%B4%CF%B4%D9.</ResultMsg>
<SessionKey>AI3THLm6BJLIMZAZBLMw+agsWiAoMeGL02kgod+FnZ18fLkPsAqVCpSVtf/GmzJz
Y4f99Z7/V4neLMhvwtF/0qQM1+ggWSR323fgQwkPkVp1YZvp/2SaLSGLFxkGB3BS
AxN0mWvWIjEZAYitnOXTpJkn5JI58XEfUHedJTp2R5+uegrrsSZv6JA=
</SessionKey>
<Encrypted>SOlNIeIbJy8GbIN4lyZZ3YNt3B+JSKzgb6WLAH9AlZXRshNTug3JSRTtymXK5ZNY
Ut3X2wrAfxMRso3kgknI3XexeiSMsq4RDcqpAnlhfXAaH0phi20UaSqsWcBUh6vg
boju+MluKgv8vfMPViCghJn13ZnrHEjqRdE5kWMTJbaRCGrSJtot2u5tyWoZqZJJ
WCkwfuxSsPCxv+7hmxuyLPOru2SEI1dnfY0YKo8+Dfjbp/rTa+Kc8CcYYeLp3Ekl
o7A4VnJmXyc1QddbeueB7XMaqGbrZB6srigAbylZW2ukh7kkLQ/SoKA2py7JO8TB
i6fh+5DbUO9o3N98o96qxvz9N48MGe4QHSzCKqtu2AD49e4TgLZBs59kdfntN5kd
heRGceFTkT1plHw5mvvYmDc3Cz8wxmz688i+mwRab0ybQEv3/EJHhXcHERWB+0z3
hTKYupJ7wcqUvPIQMw0jhurSn23atLaHKYVrs68Pr02FSROPhJwG8XpabuOAQSqp
ovKjxe5F0L8j57n54xRUNY9tnA+n7tr1tftJ66GypNeuFBhSuZRTnJEe9xbTjso9
qaDUvYfbALbYZk4OB4qy/SCTbXXXumCbGi6yHRYu6mDw9VQQOCnp01PFqS5lccs7
38FA9BScLPw=
</Encrypted>
</CancelInfo>
<ManageInfo/>
<ReservedInfo>
<MReserved1 urlencode="1"/>
<MReserved2 urlencode="1"/>
<MReserved3 urlencode="1"/>
</ReservedInfo>
</INIpay>
ryUNUkMNG+aDstEOipJlPuX8gWlSg/t+PJR34/j6VyGqEX8XBjgEzHBqOE+v80us
wTWCwPpiAlH5RiknVyg7igykCEnNkTbf1a2sXcRuWiwn+pZiDPN254SMTH2pREW5
DFDgWH5kjI1M4+KC1NJTHDx6mrqrjcs/sfFKtxgItsU=
]
INFO	[2022-05-20 07:45:05:569] <23431> VERIFY OK
INFO	[2022-05-20 07:45:05:569] <23431> PARSE HEAD OK
INFO	[2022-05-20 07:45:05:569] <23431> PARSE BODY OK
INFO	[2022-05-20 07:45:05:570] <23431> DECRYPT OK
DEBUG	[2022-05-20 07:45:05:570] <23431> DECRYPT MSG:[<?xml version="1.0" encoding="UTF-8"?><CancelInfo>
<CancelDate>20220520</CancelDate>
<CancelTime>074505</CancelTime>
<ResultCode>170000</ResultCode>
<ResultMsg urlencode="1">%C1%A4%BB%F3%C3%B3%B8%AE%B5%C7%BE%FA%BD%C0%B4%CF%B4%D9.</ResultMsg>
<CSHR_CancelDate>20220520</CSHR_CancelDate>
<CSHR_CancelTime>074505</CSHR_CancelTime>
<CSHR_ResultCode>220000</CSHR_ResultCode>
<CSHR_ResultMsg urlencode="1">%C1%A4%BB%F3%C3%B3%B8%AE%B5%C7%BE%FA%BD%C0%B4%CF%B4%D9.</CSHR_ResultMsg>
</CancelInfo>]
INFO	[2022-05-20 07:45:05:570] <23431> DECRYPT PARSE OK
INFO	[2022-05-20 07:45:05:570] <23431> END cancel 정상처리되었습니다. Laptime:[0.11sec]
INFO	[2022-05-20 07:45:05:570] <23431> ===============================================================
INFO	[2022-05-20 07:45:21:419] <20959> START INIPHP cancel (V5036-141209)(OS:Linux2.6.32-754.11.1.el6.x86_64,PHP:5.3.3)
DEBUG	[2022-05-20 07:45:21:419] <20959> inipayhome:/home1/killdeal/public_html/shop/inicis
DEBUG	[2022-05-20 07:45:21:419] <20959> debug:false
DEBUG	[2022-05-20 07:45:21:419] <20959> type:cancel
DEBUG	[2022-05-20 07:45:21:419] <20959> mid:fourseason
DEBUG	[2022-05-20 07:45:21:419] <20959> admin:1111
DEBUG	[2022-05-20 07:45:21:419] <20959> tid:StdpayVBNKfourseason20220518125321831175
DEBUG	[2022-05-20 07:45:21:419] <20959> cancelmsg:주문자 본인 취소-구매의사 없음
INFO	[2022-05-20 07:45:21:419] <20959> Check Field OK
INFO	[2022-05-20 07:45:21:420] <20959> PI PUB KEY LOAD OK []
INFO	[2022-05-20 07:45:21:420] <20959> PG PUB KEY LOAD OK [30]
INFO	[2022-05-20 07:45:21:420] <20959> MERCHANT PRIV KEY LOAD OK
INFO	[2022-05-20 07:45:21:420] <20959> MERCHANT PUB KEY LOAD OK [0]
DEBUG	[2022-05-20 07:45:21:420] <20959> MAKE ENCRYPT OK[<?xml version="1.0" encoding="UTF-8"?>
<CancelInfo>
	  <CancelTID>StdpayVBNKfourseason20220518125321831175</CancelTID>
	  <CancelMsg urlencode="1">%C1%D6%B9%AE%C0%DA+%BA%BB%C0%CE+%C3%EB%BC%D2-%B1%B8%B8%C5%C0%C7%BB%E7+%BE%F8%C0%BD</CancelMsg>
	  <CancelReason/></CancelInfo>]
INFO	[2022-05-20 07:45:21:421] <20959> MAKE BODY OK
INFO	[2022-05-20 07:45:21:421] <20959> SIGN OK
INFO	[2022-05-20 07:45:21:421] <20959> MAKE HEAD OK
INFO	[2022-05-20 07:45:21:421] <20959> MSG_TO_PG:[0099400175D SHA1                   0                                      300420fourseason                    StdpayVBNKfourseason20220518125321831175<?xml version="1.0" encoding="UTF-8"?>
<INIpay>
	  <CancelInfo>
	    <SessionKey>GWqxShf6lpsrW/mVCcUiNut6fGLypjntI17ozP06ko9xGN7d5nf4woO/liAWokTM
Q/MwhP7ltCkZ3JnuTQF1F0wUBEi0f4tb9PKHVrKFLmlEGWX1aqkLo7tJpKBR1S49
h5rrhVEC9j4uQJpsu9WeJw4GD8Xq9lyngBIPldJzd89QCDy1yTsKHA==
</SessionKey>
	    <Encrypted>HFnXHBUR/pSV40uhpuFdQ7Y3LStnDWQZZ+ji7S65dG/e7AsJduw68MfJEUXQ+CCM
RxyzbQYYjQh9mpiWGq/6cGn3c4B6G+2+3xGPn1R34EoUzDK6wBUQqdDjCub86th0
lHQ3E0jd8eGnx/PazgiP02SIcCu1HWxeZ877iVE7husGizWDdRkMpnOD2B7MfB+g
cASFZzdpSakAEfgdTGlksnsc3IqjCmT4eDWvKjsdtfJMvnb3UF+h7dT9tL35Yhn8
N7zsCrfgWVk+X3XXLgKT8e+9XRB/mIEXPV7xAkUAeQPNO04bTvikJ8sm8zdld8NB
33/vmCpVQABNgD+bHohULNDJKUW9/hunYP0gPn1xA7rdnWKTejX2nA==
</Encrypted></CancelInfo>
	  <ReservedInfo>
	    <MReserved1/>
	    <MReserved2/>
	    <MReserved3/></ReservedInfo>
	  <ManageInfo>
	    <Language/>
	    <URL/>
	    <TXVersion>5036B141209canceLinux     PHPchkfake   2.6.32-754.11.1.el6.x86_64PHP:</TXVersion>
	    <TXUserID/>
	    <TXRegNum/></ManageInfo></INIpay>AIvRqdKjvnnT8xiTSJUIXSF/SeSotkJniaAdmz1/Rs3sa4TW8JT0gi+0T/EmckDw
F6J63o5g3/nZrlfcud1mpp+LbjCvw+6T6po49M426x9LI7hIFfYddcJtw4ToKEKE
uhcHD0pI1+OjCpoZALrctE/5CPz0KmF17JPjpxOLAZ2/
]
INFO	[2022-05-20 07:45:21:421] <20959> DNS LOOKUP OK(203.238.37.3:203.238.37.3:34049) laptime:0
INFO	[2022-05-20 07:45:21:424] <20959> SOCKET CONNECT OK
INFO	[2022-05-20 07:45:21:424] <20959> SEND OK
INFO	[2022-05-20 07:45:21:518] <20959> RECV OK
INFO	[2022-05-20 07:45:21:518] <20959> MSG_FROM_PG:[0123800175D SHA1                   0                                      300430fourseason                    StdpayVBNKfourseason20220518125321831175<?xml version="1.0" encoding="UTF-8"?><INIpay>
<CancelInfo>
<ResultCode>170000</ResultCode>
<ResultMsg urlencode="1">%C1%A4%BB%F3%C3%B3%B8%AE%B5%C7%BE%FA%BD%C0%B4%CF%B4%D9.</ResultMsg>
<SessionKey>AANPU8OfN+yASMifkuXDUvWwON8hTY0ECo4Vd/0yRq4q0VTO0tm0FZnJMo37O182
2bGO7Ie456hH1KYFO0gIoyJ/Ms+IcEm88MIpavFwNaN3gwiCTdXou0KORRCusKMV
gbac66FWdfXXIQirX8vVdAbhFnPTleDyJWPmqepLDe5J7bO4yycKv1A=
</SessionKey>
<Encrypted>HlQnmlq9Jyw1U7n9CCxiTEQNejTaL99CAvH6dom6X10lX+rfjerUI7VO0v0zcZLR
ItGL7eg8KyzODciW4S8/Lmwhr5IF6MMsvMN6Ns+OOg6gDv4RSSJ+OBfiWRptIAef
Pcmut8f+ZIDdWzomWTL+6sk+AP2AcaTWMM/ugudMJEMZj18Wk13VeT87pzermtqT
8vb7TxCBh/qGa8U5vwxUOP87S61Wvw7QYt+oYX8f0GPk2KaSOl/aDIlJJdGkQ6cl
8/bCb7dlZiqJ/dln7+NHzaGd2bC6TqXV+DnNkz7p/c9QOIzmwnkvOnr4ljVwjJGP
yBEMlBO6PifGs7Q9o9EhkY4gRJJYv/C8bsDgw2qRsI3WhZdYcUTvWGWiCx8YtujM
ZL8K7wU+Srup7sjhHiiYp+Lx1fu7Pyv8LEJ2e+TfrOHK2UStJd1LkG8bnzb2HbS2
ri2x/Glff0KHyZJtlRQN+MPnM0vEUHecEaNIateKv/XXo2ywYOX39cdhBqWkDCWq
5Hqg6B+BM/yMmAZtZgdFWRI5Ple6SfL4eSz5PmfPJWI5bXRySOeG/srnAv7ufins
evI7AYUvQHqcSeEoxIrbBus2G3xHSapaj76uAZrjF0O3RdZPPM3F+6h4pPa2z8Ne
GSAEvN10vIY=
</Encrypted>
</CancelInfo>
<ManageInfo/>
<ReservedInfo>
<MReserved1 urlencode="1"/>
<MReserved2 urlencode="1"/>
<MReserved3 urlencode="1"/>
</ReservedInfo>
</INIpay>
gs86BGCyQbZ+EQ387g6QnL4OINPhyffkiVH4xUY8+MzuubdffhOo3ZbjeaGeUI4D
ueK7eSifKorDPkQ03asXBJ4jDC1b6LeqHULhk6Ygxq8VkrcxwwIqUnnYjqITH8FR
5oNftKWl39Hu1KrTgYjeWXgvlT60gksbe60HoVpsG64=
]
INFO	[2022-05-20 07:45:21:518] <20959> VERIFY OK
INFO	[2022-05-20 07:45:21:518] <20959> PARSE HEAD OK
INFO	[2022-05-20 07:45:21:519] <20959> PARSE BODY OK
INFO	[2022-05-20 07:45:21:519] <20959> DECRYPT OK
DEBUG	[2022-05-20 07:45:21:519] <20959> DECRYPT MSG:[<?xml version="1.0" encoding="UTF-8"?><CancelInfo>
<CancelDate>20220520</CancelDate>
<CancelTime>074521</CancelTime>
<ResultCode>170000</ResultCode>
<ResultMsg urlencode="1">%C1%A4%BB%F3%C3%B3%B8%AE%B5%C7%BE%FA%BD%C0%B4%CF%B4%D9.</ResultMsg>
<CSHR_CancelDate>20220520</CSHR_CancelDate>
<CSHR_CancelTime>074521</CSHR_CancelTime>
<CSHR_ResultCode>220000</CSHR_ResultCode>
<CSHR_ResultMsg urlencode="1">%C1%A4%BB%F3%C3%B3%B8%AE%B5%C7%BE%FA%BD%C0%B4%CF%B4%D9.</CSHR_ResultMsg>
</CancelInfo>]
INFO	[2022-05-20 07:45:21:520] <20959> DECRYPT PARSE OK
INFO	[2022-05-20 07:45:21:520] <20959> END cancel 정상처리되었습니다. Laptime:[0.1sec]
INFO	[2022-05-20 07:45:21:520] <20959> ===============================================================
