INFO	[2021-12-01 15:28:27:174] <23304> START INIPHP cancel (V5036-141209)(OS:Linux2.6.32-754.11.1.el6.x86_64,PHP:5.3.3)
DEBUG	[2021-12-01 15:28:27:174] <23304> inipayhome:/home1/killdeal/public_html/shop/inicis
DEBUG	[2021-12-01 15:28:27:174] <23304> debug:false
DEBUG	[2021-12-01 15:28:27:174] <23304> type:cancel
DEBUG	[2021-12-01 15:28:27:174] <23304> mid:majorgol03
DEBUG	[2021-12-01 15:28:27:174] <23304> admin:1111
DEBUG	[2021-12-01 15:28:27:174] <23304> tid:INIMX_ISP_majorgol0320211124234332525470
DEBUG	[2021-12-01 15:28:27:174] <23304> cancelmsg:¼îÇÎ¸ô ¿î¿µÀÚ ½ÂÀÎ Ãë¼Ò
INFO	[2021-12-01 15:28:27:174] <23304> Check Field OK
INFO	[2021-12-01 15:28:27:174] <23304> PI PUB KEY LOAD OK []
INFO	[2021-12-01 15:28:27:176] <23304> PG PUB KEY LOAD OK [30]
INFO	[2021-12-01 15:28:27:176] <23304> MERCHANT PRIV KEY LOAD OK
INFO	[2021-12-01 15:28:27:176] <23304> MERCHANT PUB KEY LOAD OK [0]
DEBUG	[2021-12-01 15:28:27:177] <23304> MAKE ENCRYPT OK[<?xml version="1.0" encoding="UTF-8"?>
<CancelInfo>
	  <CancelTID>INIMX_ISP_majorgol0320211124234332525470</CancelTID>
	  <CancelMsg urlencode="1">%BC%EE%C7%CE%B8%F4+%BF%EE%BF%B5%C0%DA+%BD%C2%C0%CE+%C3%EB%BC%D2</CancelMsg>
	  <CancelReason/></CancelInfo>]
INFO	[2021-12-01 15:28:27:177] <23304> MAKE BODY OK
INFO	[2021-12-01 15:28:27:178] <23304> SIGN OK
INFO	[2021-12-01 15:28:27:178] <23304> MAKE HEAD OK
INFO	[2021-12-01 15:28:27:178] <23304> MSG_TO_PG:[0096200175D SHA1                   0                                      300420majorgol03                    INIMX_ISP_majorgol0320211124234332525470<?xml version="1.0" encoding="UTF-8"?>
<INIpay>
	  <CancelInfo>
	    <SessionKey>qOI9ss1O5KdzZXi3Apjm44hb30j7XyYbupnIvImg244Y8amFgI/0Z2MLsEHh+mDn
LevnKnjaSHWrBGO/ZSTeDAaU9x8a140ffOQcvzV0lHCNc51qSVj0pX60OLCzS1Ln
arWfxVwK2mxEyK7cMKoHt4h4KLbIVG9aGPjn5V6y4VU+LfVhXuYemA==
</SessionKey>
	    <Encrypted>nyXjfc1QmOKWzSfe9QkDWWF5bgRMtfXlLHcV99pKlyI+g6anGtmYPSe1EkEOxFez
5NhtaOFmEGuw7naFMablC/ZoSvedsFdSjCqkI9PNPga9wozF6jLdHoBF+WjNpVTW
wxmTtXfWpciBTHSpOC5rc/TdB2bh1uYtsX9qbo8Aixc4hyPn5hy+OZtgosrGnsbh
iaM0Fn7SsGf2oB+l/wa1WTb0N0vLHXan330bur6G3MAEz12PG94iPUTcCz902pma
3d0A29WADS2WOCxNENPWNRJ54HnaK1JGqNYibNhycfIeAJTyr6foNHzwBQHIw3Iz
rBd3c3FzExn6qigwXbbdDQ==
</Encrypted></CancelInfo>
	  <ReservedInfo>
	    <MReserved1/>
	    <MReserved2/>
	    <MReserved3/></ReservedInfo>
	  <ManageInfo>
	    <Language/>
	    <URL/>
	    <TXVersion>5036B141209canceLinux     PHPchkfake   2.6.32-754.11.1.el6.x86_64PHP:</TXVersion>
	    <TXUserID/>
	    <TXRegNum/></ManageInfo></INIpay>AAxvLY5wP0GOi6DR7s9fV1crF/QcPw/bAL6kRxbOn5SkWTrVnak/HvvcL7JoDHlM
ywvE4BRN8EBmE3y+c4jXMaeHGFUltlZYWv1XRbtDjJ3HEPDcXEhSbk2eLvdWEAGY
WfkcliEIshxRHzx8iBnY+WSgmFSckioRrt9G9SezdBbc
]
INFO	[2021-12-01 15:28:27:178] <23304> DNS LOOKUP OK(203.238.37.3:203.238.37.3:34049) laptime:0
INFO	[2021-12-01 15:28:27:180] <23304> SOCKET CONNECT OK
INFO	[2021-12-01 15:28:27:180] <23304> SEND OK
INFO	[2021-12-01 15:28:27:602] <23304> RECV OK
INFO	[2021-12-01 15:28:27:602] <23304> MSG_FROM_PG:[0086100175D SHA1                   0                                      300430majorgol03                    INIMX_ISP_majorgol0320211124234332525470<?xml version="1.0" encoding="UTF-8"?><INIpay>
<CancelInfo>
<ResultCode>170000</ResultCode>
<ResultMsg urlencode="1">%C1%A4%BB%F3%BF%CF%B7%E1</ResultMsg>
<SessionKey>AC17M9/hrQIf/h8oZz4If8jUDKNFi5vFKYbDT8n2Y88F4A65fOjbHl76ooI/XspA
z9WstjO9UVIc9MLuHgEauQBOFMMmeyaCdiR12Dbi4BwKi7PsTep7sZ05NSkP0s5b
F82UzCzkd655W5Cr5M8KF+xaogv1ga1ciE8cDkq/wvl6IVAmm5l93V8=
</SessionKey>
<Encrypted>jWlfKGH9YhGuIbVv+MECDx+EHI8y3U8JPRAjk7pXmiFFqo62y3XcW4FFGaxDIx8i
1Fzk4qe+qNFw10IpZePjezhGj7YSk8aiT5LMw40cQFd2GmNNPKyrNZ+JpMQRmIyh
gVoXLzQAhmQQOlWuSycEIQROUcWVUjtaF3WL3zWj9zMvF+ZqsQoVlMLNpx1Z9uPm
pkRefhpDOBFV1MmuTKHGPSigeztZ2DdgpXL3GIrBY6cCjy0OHYpuf93pUwpkpxFI
mYGDYmaAaYWVa9s6SSMU/2xf9i88CyEiDYdgW2k6V7o+iB0EK4iWIA==
</Encrypted>
</CancelInfo>
<ManageInfo/>
<ReservedInfo>
<MReserved1 urlencode="1"/>
<MReserved2 urlencode="1"/>
<MReserved3 urlencode="1"/>
</ReservedInfo>
</INIpay>
brw3HJXcQ9Zsa3KuXpO1CA8xz7lGz9uLqUfpWJLHYGEt2rESuXTQHC0WPRRpcafq
YwWdyh0U2XYHMDO1bl+WvUIbYlEhtRUmwsD/fSVh4gQEU/dI9HE4q6adAJIj2ckP
wCuHuLv0NXXi/nRVwA3x8xkbdD2YQFFnjoSmstvDHoA=
]
INFO	[2021-12-01 15:28:27:602] <23304> VERIFY OK
INFO	[2021-12-01 15:28:27:602] <23304> PARSE HEAD OK
INFO	[2021-12-01 15:28:27:603] <23304> PARSE BODY OK
INFO	[2021-12-01 15:28:27:603] <23304> DECRYPT OK
DEBUG	[2021-12-01 15:28:27:603] <23304> DECRYPT MSG:[<?xml version="1.0" encoding="UTF-8"?><CancelInfo>
<CancelDate>20211201</CancelDate>
<CancelTime>152827</CancelTime>
<ResultCode>170000</ResultCode>
<ResultMsg urlencode="1">%C1%A4%BB%F3%BF%CF%B7%E1</ResultMsg>
</CancelInfo>]
INFO	[2021-12-01 15:28:27:603] <23304> DECRYPT PARSE OK
INFO	[2021-12-01 15:28:27:603] <23304> END cancel Á¤»ó¿Ï·á Laptime:[0.43sec]
INFO	[2021-12-01 15:28:27:603] <23304> ===============================================================
