INFO	[2022-02-17 10:14:59:56] <17134> START INIPHP cancel (V5036-141209)(OS:Linux2.6.32-754.11.1.el6.x86_64,PHP:5.3.3)
DEBUG	[2022-02-17 10:14:59:56] <17134> inipayhome:/home1/killdeal/public_html/shop/inicis
DEBUG	[2022-02-17 10:14:59:56] <17134> debug:false
DEBUG	[2022-02-17 10:14:59:56] <17134> type:cancel
DEBUG	[2022-02-17 10:14:59:56] <17134> mid:majorgol03
DEBUG	[2022-02-17 10:14:59:56] <17134> admin:1111
DEBUG	[2022-02-17 10:14:59:56] <17134> tid:INIMX_CARDmajorgol0320220210171113804343
DEBUG	[2022-02-17 10:14:59:56] <17134> cancelmsg:쇼핑몰 운영자 승인 취소
INFO	[2022-02-17 10:14:59:56] <17134> Check Field OK
INFO	[2022-02-17 10:14:59:56] <17134> PI PUB KEY LOAD OK []
INFO	[2022-02-17 10:14:59:57] <17134> PG PUB KEY LOAD OK [30]
INFO	[2022-02-17 10:14:59:58] <17134> MERCHANT PRIV KEY LOAD OK
INFO	[2022-02-17 10:14:59:58] <17134> MERCHANT PUB KEY LOAD OK [0]
DEBUG	[2022-02-17 10:14:59:58] <17134> MAKE ENCRYPT OK[<?xml version="1.0" encoding="UTF-8"?>
<CancelInfo>
	  <CancelTID>INIMX_CARDmajorgol0320220210171113804343</CancelTID>
	  <CancelMsg urlencode="1">%BC%EE%C7%CE%B8%F4+%BF%EE%BF%B5%C0%DA+%BD%C2%C0%CE+%C3%EB%BC%D2</CancelMsg>
	  <CancelReason/></CancelInfo>]
INFO	[2022-02-17 10:14:59:59] <17134> MAKE BODY OK
INFO	[2022-02-17 10:14:59:60] <17134> SIGN OK
INFO	[2022-02-17 10:14:59:60] <17134> MAKE HEAD OK
INFO	[2022-02-17 10:14:59:60] <17134> MSG_TO_PG:[0096200175D SHA1                   0                                      300420majorgol03                    INIMX_CARDmajorgol0320220210171113804343<?xml version="1.0" encoding="UTF-8"?>
<INIpay>
	  <CancelInfo>
	    <SessionKey>bNxAtfK6palSoSiPovU1/XwQLQLc35DBeQ3XWkJUqyhGgvrP8SErrZ8WhPWd10uh
M/+es4IVz4bTZL+kuKOczGl3uNv6YSGBDFlp5G+n/19jEYLj9CxFiS0WG+tlBm6X
7fzoST1llhbdWHRtcWBs0xlF1EA9s+d7KhjzV7GIcnjeqQ7/IAbndQ==
</SessionKey>
	    <Encrypted>yj5tOP8ndy44oBw2aG0uI7y0UnwJVyrELHdq5s9buXbrdAzhIR7awc+B52YAkoyw
1fx+YvLteOVi0rZO1UiWfbAgoY8dFzculTVSkG+RSE1txyJ9N39OSMe5l/7gAPgD
aLgXUp546AQSFQnZ5B5IvaZ2VS//Ju0+l74/wfOjrkd4gm2EfVq4EMAGaFyzEKxN
6m+wTYtEmC/i66CCrm2fqbXuneaERsZBGSmbFesGefpL6v3aPq1L+sNJNcE9SMXZ
PSN2hbnmffmNjxF7L8aPxHTZfQvyWPQiDh4bK90BTtASXn1y3YucKge5vOEmZOaE
e/Lv5bx807SSyrP/0BNeKw==
</Encrypted></CancelInfo>
	  <ReservedInfo>
	    <MReserved1/>
	    <MReserved2/>
	    <MReserved3/></ReservedInfo>
	  <ManageInfo>
	    <Language/>
	    <URL/>
	    <TXVersion>5036B141209canceLinux     PHPchkfake   2.6.32-754.11.1.el6.x86_64PHP:</TXVersion>
	    <TXUserID/>
	    <TXRegNum/></ManageInfo></INIpay>ANzCFYxqA1TfFGhM60X7ULx5vMPBVXvMeqBOwTc261ePu1drvRBv0IoYcpi3r91w
tSIIA+ObKovnHSUJmSdTgVQ7GbQPY7OI3u5U9bDREdRxLBBa1Nd0wQ+rhbFCSNBw
FaWq/ocQRP5JoOfiQ8FLdH5rMWqJlY+tY7TltWyg4oV1
]
INFO	[2022-02-17 10:14:59:60] <17134> DNS LOOKUP OK(203.238.37.3:203.238.37.3:34049) laptime:0
INFO	[2022-02-17 10:14:59:62] <17134> SOCKET CONNECT OK
INFO	[2022-02-17 10:14:59:62] <17134> SEND OK
INFO	[2022-02-17 10:14:59:679] <17134> RECV OK
INFO	[2022-02-17 10:14:59:679] <17134> MSG_FROM_PG:[0093300175D SHA1                   0                                      300430majorgol03                    INIMX_CARDmajorgol0320220210171113804343<?xml version="1.0" encoding="UTF-8"?><INIpay>
<CancelInfo>
<ResultCode>120000</ResultCode>
<ResultMsg urlencode="1">%C1%A4%BB%F3%C3%B3%B8%AE%B5%C7%BE%FA%BD%C0%B4%CF%B4%D9.</ResultMsg>
<SessionKey>AEE7HU1YtYlfPUzJ9H0Zfe2GclEYeLamKQkWlo5b6321iwQuvEcGWPrPTyDE/R9T
HjZI5GVS93f522KspfbcozA7c6XTTtei5NJVu/C0A+Esr9Pce2NHUiDIm6rpsAyL
m8X7HoaOX6B2+nvpy61HB+kispqxX0bjGEohqPFBr4m6b8/ordnupbk=
</SessionKey>
<Encrypted>BOXCzHQcg/EYG06gfEBvhiYaPIqoxFAzLVBSuM7F7jK7AddNXOaAq2zrB1z1UPCQ
cgiZM0KK2HwFlWEYYqJSyvUWLhfNrOu+qK7bMcrQzmLqPXz637DSbYBB/Wkp3HFO
rCL1Vact71KojafRQKF/14lVctF0w2K+3f1KXa5EdepkkS1o353BTN3C93NBhuWG
S7ZwK1gYfcNnU0Rm1xf92hjKd22p0svOQsM6/26JydFjs3hnTI3cN2sHpChCtsm6
rYaNJOQlRpBvoQiqefaHAUOoCj2md0IZ7q6CDIuIOwtUVIFAtB/giW+3ncxhYTLf
+cYlNAkSbpXZzv5EREr+EA0JVKys3yTU
</Encrypted>
</CancelInfo>
<ManageInfo/>
<ReservedInfo>
<MReserved1 urlencode="1"/>
<MReserved2 urlencode="1"/>
<MReserved3 urlencode="1"/>
</ReservedInfo>
</INIpay>
bb7AJhG4j7lSBvhazzCaPSEY/shR8YMQ4TEqC0mZYkev1ZEVhpn+z4Pwr1nSUUSJ
ptU1BVtNUGyM7efak6y0B4JbbtMbgMOwkPPdUBL9164fgVgodkbpNFmDyXpj/Mdz
fRMLLP7mTA+1B5I4iU1+xbuqo4AQ5V4We3/LgSSv4Q8=
]
INFO	[2022-02-17 10:14:59:679] <17134> VERIFY OK
INFO	[2022-02-17 10:14:59:679] <17134> PARSE HEAD OK
INFO	[2022-02-17 10:14:59:680] <17134> PARSE BODY OK
INFO	[2022-02-17 10:14:59:680] <17134> DECRYPT OK
DEBUG	[2022-02-17 10:14:59:680] <17134> DECRYPT MSG:[<?xml version="1.0" encoding="UTF-8"?><CancelInfo>
<CancelDate>20220217</CancelDate>
<CancelTime>101459</CancelTime>
<ResultCode>120000</ResultCode>
<ResultMsg urlencode="1">%C1%A4%BB%F3%C3%B3%B8%AE%B5%C7%BE%FA%BD%C0%B4%CF%B4%D9.</ResultMsg>
</CancelInfo>]
INFO	[2022-02-17 10:14:59:680] <17134> DECRYPT PARSE OK
INFO	[2022-02-17 10:14:59:681] <17134> END cancel 정상처리되었습니다. Laptime:[0.624sec]
INFO	[2022-02-17 10:14:59:681] <17134> ===============================================================
INFO	[2022-02-17 10:52:09:970] <10452> START INIPHP cancel (V5036-141209)(OS:Linux2.6.32-754.11.1.el6.x86_64,PHP:5.3.3)
DEBUG	[2022-02-17 10:52:09:970] <10452> inipayhome:/home1/killdeal/public_html/shop/inicis
DEBUG	[2022-02-17 10:52:09:970] <10452> debug:false
DEBUG	[2022-02-17 10:52:09:970] <10452> type:cancel
DEBUG	[2022-02-17 10:52:09:970] <10452> mid:majorgol03
DEBUG	[2022-02-17 10:52:09:970] <10452> admin:1111
DEBUG	[2022-02-17 10:52:09:970] <10452> tid:StdpayCARDmajorgol0320220214144042336398
DEBUG	[2022-02-17 10:52:09:970] <10452> cancelmsg:쇼핑몰 운영자 승인 취소
INFO	[2022-02-17 10:52:09:970] <10452> Check Field OK
INFO	[2022-02-17 10:52:09:970] <10452> PI PUB KEY LOAD OK []
INFO	[2022-02-17 10:52:09:970] <10452> PG PUB KEY LOAD OK [30]
INFO	[2022-02-17 10:52:09:970] <10452> MERCHANT PRIV KEY LOAD OK
INFO	[2022-02-17 10:52:09:971] <10452> MERCHANT PUB KEY LOAD OK [0]
DEBUG	[2022-02-17 10:52:09:971] <10452> MAKE ENCRYPT OK[<?xml version="1.0" encoding="UTF-8"?>
<CancelInfo>
	  <CancelTID>StdpayCARDmajorgol0320220214144042336398</CancelTID>
	  <CancelMsg urlencode="1">%BC%EE%C7%CE%B8%F4+%BF%EE%BF%B5%C0%DA+%BD%C2%C0%CE+%C3%EB%BC%D2</CancelMsg>
	  <CancelReason/></CancelInfo>]
INFO	[2022-02-17 10:52:09:971] <10452> MAKE BODY OK
INFO	[2022-02-17 10:52:09:972] <10452> SIGN OK
INFO	[2022-02-17 10:52:09:972] <10452> MAKE HEAD OK
INFO	[2022-02-17 10:52:09:972] <10452> MSG_TO_PG:[0096200175D SHA1                   0                                      300420majorgol03                    StdpayCARDmajorgol0320220214144042336398<?xml version="1.0" encoding="UTF-8"?>
<INIpay>
	  <CancelInfo>
	    <SessionKey>fdNCrq+XuuD0XQOROBQ6kfWxFJ4yWWyQIwhQTL6Df3Ib48nc1Xjomh/MhtSi2Juo
TkPQGiFgFXe6jCgyMoqx+18h0zrXs+dV85qQVe6wg57tl/XBLNap5NDp0ogAE/2m
HVj1wXym8B7ribF5eGZp5BhiX3kUoGLc1XKDj2YWSM6gEiCzR+B/eA==
</SessionKey>
	    <Encrypted>iENlayTMqeytRPh9XQR5JVx0sOKj27pAozCcCeryqoxn5L5HJ+3KoQdvn3vtV0I4
HqipzF8uev2l7ME8oEopXP3bftGRDTrg7+VnD+kQX3AnaWAq5DWENKFec9GDHrUl
yVB+yhBC2qScLb5H5GXGm0iWb6mMFxoFG5RzkT2o91k47qf14v40bS8PfhxqSD0m
HM55RqEfC7GXt0+AgecS32axLjRdi5Rrz9Pf0WyUFUGKV+oKoQ3j8peQ7NuKe8yO
hU2J3bWZCHzywGeqRGPk9LrjdR3+hls0W+3pih339TmXkyxqDFSb4+jOaoWoFSJ0
apFMRsFhzXofzAKyx2OV4Q==
</Encrypted></CancelInfo>
	  <ReservedInfo>
	    <MReserved1/>
	    <MReserved2/>
	    <MReserved3/></ReservedInfo>
	  <ManageInfo>
	    <Language/>
	    <URL/>
	    <TXVersion>5036B141209canceLinux     PHPchkfake   2.6.32-754.11.1.el6.x86_64PHP:</TXVersion>
	    <TXUserID/>
	    <TXRegNum/></ManageInfo></INIpay>ACSHI24kl6+msCqSEP5c79T2kkARgmKWgXH6nzHoOuQo/V+XQvoJw4hO8YmcILlO
YTuy829x/eN7hB5udfP8ZdbuCy+YjlWN7mQPJlRUg91q5V+uLgAJWgEieJg16hvJ
f7XvXfeM6k+TGBEa1beJ58EGOCYDAZTqsGkdVV/GiGqH
]
INFO	[2022-02-17 10:52:09:972] <10452> DNS LOOKUP OK(203.238.37.3:203.238.37.3:34049) laptime:0
INFO	[2022-02-17 10:52:09:974] <10452> SOCKET CONNECT OK
INFO	[2022-02-17 10:52:09:974] <10452> SEND OK
INFO	[2022-02-17 10:52:10:345] <10452> RECV OK
INFO	[2022-02-17 10:52:10:345] <10452> MSG_FROM_PG:[0093300175D SHA1                   0                                      300430majorgol03                    StdpayCARDmajorgol0320220214144042336398<?xml version="1.0" encoding="UTF-8"?><INIpay>
<CancelInfo>
<ResultCode>120000</ResultCode>
<ResultMsg urlencode="1">%C1%A4%BB%F3%C3%B3%B8%AE%B5%C7%BE%FA%BD%C0%B4%CF%B4%D9.</ResultMsg>
<SessionKey>AFEB7iGIejDS4tunGsbYZRpW8aymeZzrMg7NpbhE6MOc7WWfuaq3qTheA1gB/1v1
z4acb37VQ6kO5xRfGI18XdgegylXTtq/iMQ9iIJgSUW6BQA6TfrT7FHCndfsUAUu
ECcLJY1pdl/j05zVyIDL5EAlplaPAfm7MJhqenrFasjmDYV7cKyZW3Y=
</SessionKey>
<Encrypted>HO2VSimMs/RBTpj5Xehh1xIAte4GZpKBDBGhFRCFOQeZ4xpucr6/5Ont4f7HQ2Oa
78E8PdGci133V5zHF+9EcSRyK2ovNinfnpgW37VWeDvi4CRqCp6LyNrQZlE+Brcm
6QNZk7vemvUmC5Effxwmwczjp1/9Va+sVA1kfZN2yofboqRhHkYx5ty2QBMQOSMc
fBkMHs774cxRb+wureN5/ZWaUcgqyK4GqFBB34MXeFlF4jVQ+1EIL6Xos3G0s7nC
4WE7jwv++EFBXeHAyBqQrDWeSUWpdfju8OzZy3vsBD9KMV9HOMlVo6M78xa51egq
7QeguH+qqHL5Iiq0rqCCtisbBaUKSuHf
</Encrypted>
</CancelInfo>
<ManageInfo/>
<ReservedInfo>
<MReserved1 urlencode="1"/>
<MReserved2 urlencode="1"/>
<MReserved3 urlencode="1"/>
</ReservedInfo>
</INIpay>
o5j0n06F1T48WsnwAntGyByXUyEdXYnegZTKpRsHxw5g1NtY9856oNjMqecez/Uo
89N3jRobgj2bAL1JRUJhoQjSkLWOy5Jlb4VP5xiOMfdMQMfO2UD+7hdr6cMt8UH5
Xd9LXGL9wUWZ0aEdOfcau/j92qyxjARAiovei4OMRXI=
]
INFO	[2022-02-17 10:52:10:345] <10452> VERIFY OK
INFO	[2022-02-17 10:52:10:345] <10452> PARSE HEAD OK
INFO	[2022-02-17 10:52:10:346] <10452> PARSE BODY OK
INFO	[2022-02-17 10:52:10:346] <10452> DECRYPT OK
DEBUG	[2022-02-17 10:52:10:346] <10452> DECRYPT MSG:[<?xml version="1.0" encoding="UTF-8"?><CancelInfo>
<CancelDate>20220217</CancelDate>
<CancelTime>105210</CancelTime>
<ResultCode>120000</ResultCode>
<ResultMsg urlencode="1">%C1%A4%BB%F3%C3%B3%B8%AE%B5%C7%BE%FA%BD%C0%B4%CF%B4%D9.</ResultMsg>
</CancelInfo>]
INFO	[2022-02-17 10:52:10:346] <10452> DECRYPT PARSE OK
INFO	[2022-02-17 10:52:10:346] <10452> END cancel 정상처리되었습니다. Laptime:[0.376sec]
INFO	[2022-02-17 10:52:10:346] <10452> ===============================================================
