INFO	[2020-12-31 11:04:45:74] <22790> START INIPHP repay (V5036-141209)(OS:Linux2.6.32-754.11.1.el6.x86_64,PHP:5.3.3)
DEBUG	[2020-12-31 11:04:45:74] <22790> inipayhome:/home1/killdeal/public_html/shop/inicis
DEBUG	[2020-12-31 11:04:45:74] <22790> debug:false
DEBUG	[2020-12-31 11:04:45:74] <22790> type:repay
DEBUG	[2020-12-31 11:04:45:74] <22790> pgid:INIphpRPAY
DEBUG	[2020-12-31 11:04:45:74] <22790> subpgip:203.238.3.10
DEBUG	[2020-12-31 11:04:45:74] <22790> mid:majorgol03
DEBUG	[2020-12-31 11:04:45:74] <22790> admin:1111
DEBUG	[2020-12-31 11:04:45:74] <22790> oldtid:INIMX_ISP_majorgol0320201225145025175631
DEBUG	[2020-12-31 11:04:45:74] <22790> currency:WON
DEBUG	[2020-12-31 11:04:45:74] <22790> price:32900
DEBUG	[2020-12-31 11:04:45:74] <22790> confirm_price:170800
DEBUG	[2020-12-31 11:04:45:74] <22790> buyeremail:take101305@naver.com
DEBUG	[2020-12-31 11:04:45:74] <22790> tax:2991
DEBUG	[2020-12-31 11:04:45:74] <22790> taxfree:0
INFO	[2020-12-31 11:04:45:74] <22790> Check Field OK
INFO	[2020-12-31 11:04:45:74] <22790> Make TID OK INIphpRPAYmajorgol0320201231110445748661
INFO	[2020-12-31 11:04:45:74] <22790> PI PUB KEY LOAD OK []
INFO	[2020-12-31 11:04:45:74] <22790> PG PUB KEY LOAD OK [30]
INFO	[2020-12-31 11:04:45:74] <22790> MERCHANT PRIV KEY LOAD OK
INFO	[2020-12-31 11:04:45:75] <22790> MERCHANT PUB KEY LOAD OK [0]
DEBUG	[2020-12-31 11:04:45:75] <22790> MAKE ENCRYPT OK[<?xml version="1.0" encoding="UTF-8"?>
<PartCancelInfo>
	  <PRTC_TID>INIMX_ISP_majorgol0320201225145025175631</PRTC_TID>
	  <PRTC_Price>32900</PRTC_Price>
	  <PRTC_Remains>170800</PRTC_Remains>
	  <PRTC_Quota/>
	  <PRTC_Interest/>
	  <PRTC_NoAcctFNBC/>
	  <PRTC_NmAcctFNBC/></PartCancelInfo>]
INFO	[2020-12-31 11:04:45:75] <22790> MAKE BODY OK
INFO	[2020-12-31 11:04:45:76] <22790> SIGN OK
INFO	[2020-12-31 11:04:45:76] <22790> MAKE HEAD OK
INFO	[2020-12-31 11:04:45:76] <22790> MSG_TO_PG:[0111700175D SHA1                   0                                      300620majorgol03               32900INIphpRPAYmajorgol0320201231110445748661<?xml version="1.0" encoding="UTF-8"?>
<INIpay>
	  <PartCancelInfo>
	    <SessionKey>ehjucjW6rUzbwiE5/ffZVjOFjDK5BL8bRPZgG9QcYv9EjgBGS36tOmrC27BNfym4
+15yh2iKrO6zRm4J0VO1OUFol884r9HKDrjFEAz3pZsf0EVAzGEsZY9w/YL0lQXr
zqkSEFOYqP5UKOACfyyrHvA+CZgRcJ9oBNBYLIxj3ZQIylwLRLFVFA==
</SessionKey>
	    <Encrypted>4pVuD8yiW/T0DlWh2YcE/0+qQ+rcjDDKomu2uLzLf93Pgw7+FxEvZufKw0vkz3zz
iqmUA+v2vtxC5jPnUXdI7HEW/ZUxq1JYuZ0JtEj97G73rZIxgq5aR4bPjw0Q1V8l
lFsi77X9kZTFB/QHjcNdvR/KG5bac7O2VokgxFpAoP84BGQO3QXUjTloE8DY/OjN
D65ashk2/IpaLdJV3vSIFc8W/485CITMqf3NWOmmoyuMhLqiVRGn3Cn+DHaeecNO
GTeuvKyzDszoS6FYeu/Tq4Wu14VdB42Lvx4Vps43FeIU7PZdUIocoldsL/VeNkWm
++CIC2FsV7tl5XRXtFP+1qQj4kjFSmEdwCQYaPND5hLa3QeEhxN8gzmRNvC6QfhM
wanNMHyijt8=
</Encrypted></PartCancelInfo>
	  <GoodsInfo>
	    <Tax>2991</Tax>
	    <TaxFree/>
	    <Currency>WON</Currency></GoodsInfo>
	  <ReservedInfo>
	    <MReserved1/>
	    <MReserved2/>
	    <MReserved3/></ReservedInfo>
	  <ManageInfo>
	    <Language/>
	    <URL/>
	    <TXVersion>5036B141209repayLinux     PHPchkfake   2.6.32-754.11.1.el6.x86_64PHP:</TXVersion>
	    <TXUserID/>
	    <TXRegNum/></ManageInfo></INIpay>AQ6w/pKArrFxRmtevOnj2JgpuoSGy1RQuoN7r6sFf2NNGIjivrZdoTHXt0YIswPN
gZ18BAMvD4kotXhYmODonbyuzXgVFsmqrUKnAIukpP6wodKnTHrkLrOLDFo6Y9ce
kgreZKetugHVCN/2RtN37X7H0A6E9HDjbjCYKcFczY1Y
]
INFO	[2020-12-31 11:04:45:76] <22790> DNS LOOKUP OK(203.238.37.3:203.238.37.3:34049) laptime:0
INFO	[2020-12-31 11:04:45:78] <22790> SOCKET CONNECT OK
INFO	[2020-12-31 11:04:45:78] <22790> SEND OK
INFO	[2020-12-31 11:04:45:296] <22790> RECV OK
INFO	[2020-12-31 11:04:45:296] <22790> MSG_FROM_PG:[0147300175D SHA1                   0                                      300630majorgol03               32900INIphpRPAYmajorgol0320201231110445748661<?xml version="1.0" encoding="UTF-8"?>
<INIpay>
  <PartCancelInfo>
    <PayMethod>VCard</PayMethod>
    <ResultCode>170000</ResultCode>
    <ResultMsg urlencode="1">%C1%A4%BB%F3%BF%CF%B7%E1</ResultMsg>
    <SessionKey>AK970Ro7NiqgcP1YONR4wVZOAxfL5RprgR/XzFHqHT9W8O0ZjEaC8vn/6CkZg3pJ
gbXWQ6ThzDke8rsJ7DiJQF55HaCGfQtsmV8Hv67mF74+KHD80BaGePtLvK8F6eZI
qLHtv/+TZ9tKwd0FkLWpF5oCz2T215A8a6aMXa7aQduTS8xfzouK0Gg=
</SessionKey>
    <Encrypted>3cR/ZMts+2vGTet33dqmi/o/90aW9ybnQR0WCYZyB2UjZlOKWrvCwLN+0G62rdCA
gT4UgNSmHF8b5NYnphRKpVZOG03YQymZTolIkU873gUsLcj38CGx00Znk81n6rzI
NYrDqTrZLxBAWKE+8g1F9rMCZaN4skKNCl3i0eJvWYBRJG4nTgnTNRhUhpiar4IJ
BbUC5ri1om8+Et/V1qYMKYCGxQ+GdukPJ5t6N7UYkZ0ViDanoeWpxMcwDTHNgPs1
/1n6flOCAX95NoSbOuiIuYOaDTJVCXKeR3rxUysAFildpGun/Lg0xNNol2l96FzR
fIiiDayn7B7jcQhvhZ2WRIJPxw2R51QXnYNj9C4dO1EMOixHaFL8ZAc6zXNZzVUL
0+KDaAPKsxgBZCOBeoJAgHPdRh/6XRU2E4pmo6/MBqKyqO+8cIBJA4o1ohsFj/ce
5d7M432JEMf8CPrPkTJUVeFvrBiBOAAupwp0i9l/Ux2BaiOxLaQpa1yHYAnuABtP
Rt1HLuPzUKB12QgfaD9+k2+zo0Pg2jJv3xhEURkJas75LlIW0fahUWJiEToNoMVS
32R8fr9zQDJ3pI+uMfEw10Td16/KNbRg3DoDk9wtUAfQla23107t26vi12fDAKij
+tFAtDK4/TJiY5F59uYvew==
</Encrypted>
  </PartCancelInfo>
  <ManageInfo/>
  <ReservedInfo>
    <MReserved1 urlencode="1"></MReserved1>
    <MReserved2 urlencode="1"></MReserved2>
    <MReserved3 urlencode="1"></MReserved3>
    <PGReserved1 urlencode="1"></PGReserved1>
    <PGReserved2 urlencode="1"></PGReserved2>
    <PGReserved3 urlencode="1"></PGReserved3>
  </ReservedInfo>
</INIpay>
rEklryKNfvm964vkAk+M18QfB3LC8f4dOkX2Cs9pQeyyOLzqOSOCk0kATK/yy8xd
XGGmU5gCeVKmB/UkeE3vsaBqDhblwjUuWYnnjq7djgkpAFcMipQAbV7MMSK1ZB1i
WCmLWNb226yoVazgd8R1fLpQHjkJmaAiFCjincEgAIY=
]
INFO	[2020-12-31 11:04:45:296] <22790> VERIFY OK
INFO	[2020-12-31 11:04:45:296] <22790> PARSE HEAD OK
INFO	[2020-12-31 11:04:45:296] <22790> PARSE BODY OK
INFO	[2020-12-31 11:04:45:297] <22790> DECRYPT OK
DEBUG	[2020-12-31 11:04:45:297] <22790> DECRYPT MSG:[<?xml version="1.0" encoding="UTF-8"?>
<PartCancelInfo>
  <PRTC_TID>INIMX_ISP_majorgol0320201225145025175631</PRTC_TID>
  <PRTC_Price>32900</PRTC_Price>
  <PRTC_Remains>170800</PRTC_Remains>
  <PRTC_Quota>03</PRTC_Quota>
  <PRTC_Type>1</PRTC_Type>
  <CancelDate>20201231</CancelDate>
  <CancelTime>110445</CancelTime>
  <CARD_ApplNum></CARD_ApplNum>
  <ExchangeRate></ExchangeRate>
  <MOID urlencode="1"></MOID>
  <PRTC_Cnt>1</PRTC_Cnt>
  <PRTC_SubRemains></PRTC_SubRemains>
</PartCancelInfo>]
INFO	[2020-12-31 11:04:45:297] <22790> DECRYPT PARSE OK
INFO	[2020-12-31 11:04:45:297] <22790> END repay 정상완료 Laptime:[0.224sec]
INFO	[2020-12-31 11:04:45:297] <22790> ===============================================================
