INFO	[2021-03-03 13:54:23:672] <30747> START INIPHP repay (V5036-141209)(OS:Linux2.6.32-754.11.1.el6.x86_64,PHP:5.3.3)
DEBUG	[2021-03-03 13:54:23:672] <30747> inipayhome:/home1/killdeal/public_html/shop/inicis
DEBUG	[2021-03-03 13:54:23:672] <30747> debug:false
DEBUG	[2021-03-03 13:54:23:672] <30747> type:repay
DEBUG	[2021-03-03 13:54:23:672] <30747> pgid:INIphpRPAY
DEBUG	[2021-03-03 13:54:23:672] <30747> subpgip:203.238.3.10
DEBUG	[2021-03-03 13:54:23:672] <30747> mid:majorgol03
DEBUG	[2021-03-03 13:54:23:672] <30747> admin:1111
DEBUG	[2021-03-03 13:54:23:672] <30747> oldtid:INIMX_CARDmajorgol0320210222175701325204
DEBUG	[2021-03-03 13:54:23:672] <30747> currency:WON
DEBUG	[2021-03-03 13:54:23:672] <30747> price:17900
DEBUG	[2021-03-03 13:54:23:672] <30747> confirm_price:41900
DEBUG	[2021-03-03 13:54:23:672] <30747> buyeremail:Gibump85@gmail.com
DEBUG	[2021-03-03 13:54:23:672] <30747> tax:1627
DEBUG	[2021-03-03 13:54:23:672] <30747> taxfree:0
INFO	[2021-03-03 13:54:23:673] <30747> Check Field OK
INFO	[2021-03-03 13:54:23:673] <30747> Make TID OK INIphpRPAYmajorgol0320210303135423737019
INFO	[2021-03-03 13:54:23:673] <30747> PI PUB KEY LOAD OK []
INFO	[2021-03-03 13:54:23:673] <30747> PG PUB KEY LOAD OK [30]
INFO	[2021-03-03 13:54:23:673] <30747> MERCHANT PRIV KEY LOAD OK
INFO	[2021-03-03 13:54:23:673] <30747> MERCHANT PUB KEY LOAD OK [0]
DEBUG	[2021-03-03 13:54:23:674] <30747> MAKE ENCRYPT OK[<?xml version="1.0" encoding="UTF-8"?>
<PartCancelInfo>
	  <PRTC_TID>INIMX_CARDmajorgol0320210222175701325204</PRTC_TID>
	  <PRTC_Price>17900</PRTC_Price>
	  <PRTC_Remains>41900</PRTC_Remains>
	  <PRTC_Quota/>
	  <PRTC_Interest/>
	  <PRTC_NoAcctFNBC/>
	  <PRTC_NmAcctFNBC/></PartCancelInfo>]
INFO	[2021-03-03 13:54:23:674] <30747> MAKE BODY OK
INFO	[2021-03-03 13:54:23:675] <30747> SIGN OK
INFO	[2021-03-03 13:54:23:675] <30747> MAKE HEAD OK
INFO	[2021-03-03 13:54:23:675] <30747> MSG_TO_PG:[0111700175D SHA1                   0                                      300620majorgol03               17900INIphpRPAYmajorgol0320210303135423737019<?xml version="1.0" encoding="UTF-8"?>
<INIpay>
	  <PartCancelInfo>
	    <SessionKey>sDXEkMHHlwJtkoy3i/VEgY0GnRAZcwDGGophgJEd0XN8blR5Wuod8pYMVqI34M1I
phJ1fJgs3kHVK1TIWUkPzsWohQxX0+PXR3xdga5IBM99ClRwt8kCHKKKQZtM3E67
ATIvBmiVndW7/dB5E7KE6+C+1/c7rUUQrnto7KTHXWrybJaEd5ndKA==
</SessionKey>
	    <Encrypted>gX9fiDgs3asf58r+uN93aCP+UO4Fkyf9v4sYOoRlKXP4jtmy3RIiOKYhLfw+CizS
XcQ06XrwbtkhqFwV3iESaeezRbnPQrEiR56Shxn3Mv538pk0WExAu/zli/O//8OC
U56Mtt4UsO4738HLvZFzxknuhyylEcdEw0zzUZkBQxb+p7qeNdsXnm8s21Zwpkz6
y++sXobga88fxvt3kNg0vFC83KT1FqGVsOnDkGDnPVa5/4NUkAlkIM6Zo5H1Ag/Y
g5IeRkBy+qlqM/gXTJAypsg0P6J2QfbHlA1NYSf/hhwORacUtfnIGBd42aAfq3JQ
/qYANLKP7CHwAWFgbm0OJ3GaQ3nG6hEQsHRv6UCrbXEZmqmxyXupUZ2BokX04XgT
q+j95/jRQns=
</Encrypted></PartCancelInfo>
	  <GoodsInfo>
	    <Tax>1627</Tax>
	    <TaxFree/>
	    <Currency>WON</Currency></GoodsInfo>
	  <ReservedInfo>
	    <MReserved1/>
	    <MReserved2/>
	    <MReserved3/></ReservedInfo>
	  <ManageInfo>
	    <Language/>
	    <URL/>
	    <TXVersion>5036B141209repayLinux     PHPchkfake   2.6.32-754.11.1.el6.x86_64PHP:</TXVersion>
	    <TXUserID/>
	    <TXRegNum/></ManageInfo></INIpay>APBVjXYfLFFyKbo66JqGMZA7q1M1jDEjx9k12IXnnCqepVVQPUck+hFyR4v7id/7
ugSsMCiqT4HGtM9V91v/rrO6rs4niwDi7AH9gmn5qLEAUkNkAiBrG4C2zVmBfbln
2kYsniJofRQP8Wz82+Aoa1lCt7rKUi1zVZnIGPGs9Prx
]
INFO	[2021-03-03 13:54:23:675] <30747> DNS LOOKUP OK(203.238.37.3:203.238.37.3:34049) laptime:0
INFO	[2021-03-03 13:54:23:677] <30747> SOCKET CONNECT OK
INFO	[2021-03-03 13:54:23:677] <30747> SEND OK
INFO	[2021-03-03 13:54:23:861] <30747> RECV OK
INFO	[2021-03-03 13:54:23:861] <30747> MSG_FROM_PG:[0098000175D SHA1                   0                                      300630majorgol03               17900INIphpRPAYmajorgol0320210303135423737019<?xml version="1.0" encoding="UTF-8"?><INIpay>
<PartCancelInfo>
<PayMethod>Card</PayMethod>
<ResultCode>120000</ResultCode>
<ResultMsg urlencode="1">%C1%A4%BB%F3%C3%B3%B8%AE%B5%C7%BE%FA%BD%C0%B4%CF%B4%D9.</ResultMsg>
<SessionKey>AP6CiDee2BQgJkNs1XtEm+d0KImPdUnEIhrzf+xOwIBM0cCUCWEIF0gd+yaDv/SR
nsGoQnAcfrwNKGw+nRvt8D0cOSIMmaLGw7/sZcKr5jfj2rUgJGyhB2vUr9pNo9c1
KDF96J9VSpnx0uXX+e7h3Qlfy3MxoFz1mJRu1OxpPeCIcor2MQsPmXc=
</SessionKey>
<Encrypted>NHD0dgqIG8CvWfTb1kkwoONnRUN1CtCvN+DL0tyMHlqVdTGfKaISDqWSFiXn01Qb
Uxvi1cRyQ07mla5VRvJiyrSp7hWtEyInqA2eWd7ZfXbFHWMIhwW1tEnO6spjRp6z
OeiWAFFrKmYR19L10ZqCJDhq/3ydOuG2lJuGprlIxkIIt+ZFuy/gOIOXCHzMNhaT
RrZkH9q9WwfA7aQlCeTJ6ZqOLPPFDWbUj66D1CYmiMzM1+ZDtYfhiugnY18MKbRb
B4LHnA2zYeJvJDyq6Up815V31iKuBPVv/v6qXqRnryD4S3baKhm3aPMWzB7Uh3lp
XCNcTpm6b3q2Xbo0wC6etmlPZ4krDwpDRnps6rgAGBpJhCcAvFIsFpgZ0rFVbgh/
sn5M7NdUwadthnpCCM/bo1GSGlp5w8rnCVQK3tY5ExF9RHf/Z8Tc+ZnBWqSrs2Vf
+7XH/xO88DY=
</Encrypted>
</PartCancelInfo>
<ManageInfo/>
<ReservedInfo/>
</INIpay>
AgCW2IKGwxx1GjuhWXAG9+oznTKtjM/g/fszYtSB+CijL+ZLptJ8wsASF5VNmHU5
u2/nGbDrYYHHisC3vjv3uwEDkrIXGv79jZ+tmkKyptJUvk4+KAnlFWvapyfqWQK7
FYvVxEnkwar/k7SR0MkP5Ingb2DeociboXu08iMQIYg=
]
INFO	[2021-03-03 13:54:23:861] <30747> VERIFY OK
INFO	[2021-03-03 13:54:23:862] <30747> PARSE HEAD OK
INFO	[2021-03-03 13:54:23:862] <30747> PARSE BODY OK
INFO	[2021-03-03 13:54:23:862] <30747> DECRYPT OK
DEBUG	[2021-03-03 13:54:23:862] <30747> DECRYPT MSG:[<?xml version="1.0" encoding="UTF-8"?><PartCancelInfo>
<PRTC_TID>INIMX_CARDmajorgol0320210222175701325204</PRTC_TID>
<PRTC_Price>17900</PRTC_Price>
<PRTC_Remains>41900</PRTC_Remains>
<PRTC_Quota>00</PRTC_Quota>
<PRTC_Type>1</PRTC_Type>
<CancelDate>20210303</CancelDate>
<CancelTime>135423</CancelTime>
<PRTC_Cnt>1</PRTC_Cnt>
</PartCancelInfo>]
INFO	[2021-03-03 13:54:23:863] <30747> DECRYPT PARSE OK
INFO	[2021-03-03 13:54:23:863] <30747> END repay 정상처리되었습니다. Laptime:[0.19sec]
INFO	[2021-03-03 13:54:23:863] <30747> ===============================================================
