INFO	[2021-05-17 10:35:34:230] <26853> START INIPHP repay (V5036-141209)(OS:Linux2.6.32-754.11.1.el6.x86_64,PHP:5.3.3)
DEBUG	[2021-05-17 10:35:34:230] <26853> inipayhome:/home1/killdeal/public_html/shop/inicis
DEBUG	[2021-05-17 10:35:34:230] <26853> debug:false
DEBUG	[2021-05-17 10:35:34:230] <26853> type:repay
DEBUG	[2021-05-17 10:35:34:230] <26853> pgid:INIphpRPAY
DEBUG	[2021-05-17 10:35:34:230] <26853> subpgip:203.238.3.10
DEBUG	[2021-05-17 10:35:34:230] <26853> mid:majorgol03
DEBUG	[2021-05-17 10:35:34:230] <26853> admin:1111
DEBUG	[2021-05-17 10:35:34:230] <26853> oldtid:StdpayCARDmajorgol0320210511141640665340
DEBUG	[2021-05-17 10:35:34:230] <26853> currency:WON
DEBUG	[2021-05-17 10:35:34:230] <26853> price:23000
DEBUG	[2021-05-17 10:35:34:230] <26853> confirm_price:121900
DEBUG	[2021-05-17 10:35:34:230] <26853> buyeremail:rotjs10@naver.com
DEBUG	[2021-05-17 10:35:34:230] <26853> tax:2091
DEBUG	[2021-05-17 10:35:34:230] <26853> taxfree:0
INFO	[2021-05-17 10:35:34:230] <26853> Check Field OK
INFO	[2021-05-17 10:35:34:230] <26853> Make TID OK INIphpRPAYmajorgol0320210517103534306698
INFO	[2021-05-17 10:35:34:230] <26853> PI PUB KEY LOAD OK []
INFO	[2021-05-17 10:35:34:230] <26853> PG PUB KEY LOAD OK [30]
INFO	[2021-05-17 10:35:34:231] <26853> MERCHANT PRIV KEY LOAD OK
INFO	[2021-05-17 10:35:34:231] <26853> MERCHANT PUB KEY LOAD OK [0]
DEBUG	[2021-05-17 10:35:34:231] <26853> MAKE ENCRYPT OK[<?xml version="1.0" encoding="UTF-8"?>
<PartCancelInfo>
	  <PRTC_TID>StdpayCARDmajorgol0320210511141640665340</PRTC_TID>
	  <PRTC_Price>23000</PRTC_Price>
	  <PRTC_Remains>121900</PRTC_Remains>
	  <PRTC_Quota/>
	  <PRTC_Interest/>
	  <PRTC_NoAcctFNBC/>
	  <PRTC_NmAcctFNBC/></PartCancelInfo>]
INFO	[2021-05-17 10:35:34:231] <26853> MAKE BODY OK
INFO	[2021-05-17 10:35:34:232] <26853> SIGN OK
INFO	[2021-05-17 10:35:34:232] <26853> MAKE HEAD OK
INFO	[2021-05-17 10:35:34:232] <26853> MSG_TO_PG:[0111700175D SHA1                   0                                      300620majorgol03               23000INIphpRPAYmajorgol0320210517103534306698<?xml version="1.0" encoding="UTF-8"?>
<INIpay>
	  <PartCancelInfo>
	    <SessionKey>uGHb5IkT1sxXwN4prwvqxGI9BX2LOJ50W0MfGCaPB8ftZqhOdJ0wVFa9FSkYikhx
uV8u7kE07uTQDFGWY6tecixCLlT7ozUSvUWwrASXZhvGPKVrEHlItLvwLJiUoMp+
ogGB5vDPZM5+rLtE0VKCbUiLTkMGrmHJlyK2RZoKyhjt8QhrKWRDWQ==
</SessionKey>
	    <Encrypted>aQQE5Y7PgvBRfUlcTif4ZvLzcESAotwZoXWNCYYVtECGMJAVhBJkEt7ZgXV14t7H
s4kSifjA5h1qNy8gPGOlMFiuOwulPrnjXZMwhOciTGh5e6iQ3LHORnZt2DEUwLsx
ltFhCwP0r28LqtOtML4h47PPNscDp4hCJQR+LMldfuBbwVb/HfnYpu8236LIGRoK
YdQHGZdhxJWPeb4xG50fjhFgLfjX7R5Mh6sicUA8iLeUN3+50EAUnszhiZHYtlvK
PrA2aBcqmjDRxFShUXUwSboJhw1VpmavKib+su+MA8apHSj0UKXBS2u9SDb/iikR
7wQcJmrtxgGWN+kQCmURZBrshBfFmhLEGE4kgEm6JJXgiYxj3LT6ptMyL2iH+7Zc
rwix0/MpmB4=
</Encrypted></PartCancelInfo>
	  <GoodsInfo>
	    <Tax>2091</Tax>
	    <TaxFree/>
	    <Currency>WON</Currency></GoodsInfo>
	  <ReservedInfo>
	    <MReserved1/>
	    <MReserved2/>
	    <MReserved3/></ReservedInfo>
	  <ManageInfo>
	    <Language/>
	    <URL/>
	    <TXVersion>5036B141209repayLinux     PHPchkfake   2.6.32-754.11.1.el6.x86_64PHP:</TXVersion>
	    <TXUserID/>
	    <TXRegNum/></ManageInfo></INIpay>ARwEDqNdR7uK10yKGHW1B1HiOfbPpai+k8/C5vJZyHdZMqj2m6SDzcLQEN/XLFq2
nWlh8bZRMEKUap1W2T+TGHzsTBA4tK80sxEmDjJDOm8rzkvA0Xoq2uBx8sPdd2r2
fGtl6JaJM0GaG1ct/Sgid7HTAReQIfPcEe8csymXX3k6
]
INFO	[2021-05-17 10:35:34:232] <26853> DNS LOOKUP OK(203.238.37.3:203.238.37.3:34049) laptime:0
INFO	[2021-05-17 10:35:34:234] <26853> SOCKET CONNECT OK
INFO	[2021-05-17 10:35:34:234] <26853> SEND OK
INFO	[2021-05-17 10:35:34:437] <26853> RECV OK
INFO	[2021-05-17 10:35:34:437] <26853> MSG_FROM_PG:[0099200175D SHA1                   0                                      300630majorgol03               23000INIphpRPAYmajorgol0320210517103534306698<?xml version="1.0" encoding="UTF-8"?><INIpay>
<PartCancelInfo>
<PayMethod>Card</PayMethod>
<ResultCode>120000</ResultCode>
<ResultMsg urlencode="1">%C1%A4%BB%F3%C3%B3%B8%AE%B5%C7%BE%FA%BD%C0%B4%CF%B4%D9.</ResultMsg>
<SessionKey>AMr7vs5iRBKeAWzfuQ8cAlHf3+Eh2qEkmuhBZCkXx6Ccgi1+1DfauZLXQt2Dy9oT
2SYpoccIye63CvkwjVSefZ+99UIjyqC+rpr9vyQzKzIH0vF1U9OR/dOc142jbD9h
Za2JlW0LbEv0fAn4s+oiYkpLds13xP74NGXmlhpBch/0ku1wNwq+Ogk=
</SessionKey>
<Encrypted>XADeXkAilOXwee2a6s73OKXom/K/nq31oQR/eVSXzSeoVkIk4jxG3sbIbXs1TW4j
iUryv/p9p2KQQqnalRAzhDxOlja5/+KMUqJ7mM+vSxLYVdxxVV7ZseCREWd5MPII
z8fnpEKojiX78ziGc98inBm29XHLdSI1TY/nSvJl3QMdo29yVPE2rqK8NIj3SKVJ
u2NDTxBd3DlMhKVrhAUsSK62sFHGvm+1CSReDtng09UjU1qyDaU9t1tBQkO0U0m9
+8kE1Tqatrzug4xS6gvOEUqiZGEICsbq5/+ChdVx3FVPTzDgRM/UphDd5livMOwN
E2BB9ExTTevCOMaQqaxIHnVg45sS+XsocLHpSDNV2T0eannRN6sKogVLp1tg5Maj
ceqly0TN3kiypVjyRlU1KQpTvQjYXFEcPCtZszZLpMKh0db+rxTV6jtclugzPsWX
foLOdbfKvIQTwl7OyNLK/A==
</Encrypted>
</PartCancelInfo>
<ManageInfo/>
<ReservedInfo/>
</INIpay>
RWNg1h9kaYqbIsUugulTd3hRcBC+l887PEBoKkkeYpcmObrBtCiF4htzaviGOu09
KmurYneNdAMqlS2Bri0quzG+21MGPdx5oNutPw3gkYsdIf6/8CDewB4ClbVu4x99
MlVNE52S36BiQvxbb8mRoIJ+Q0Dmi/EsG4sCygrJUXA=
]
INFO	[2021-05-17 10:35:34:438] <26853> VERIFY OK
INFO	[2021-05-17 10:35:34:438] <26853> PARSE HEAD OK
INFO	[2021-05-17 10:35:34:438] <26853> PARSE BODY OK
INFO	[2021-05-17 10:35:34:439] <26853> DECRYPT OK
DEBUG	[2021-05-17 10:35:34:439] <26853> DECRYPT MSG:[<?xml version="1.0" encoding="UTF-8"?><PartCancelInfo>
<PRTC_TID>StdpayCARDmajorgol0320210511141640665340</PRTC_TID>
<PRTC_Price>23000</PRTC_Price>
<PRTC_Remains>121900</PRTC_Remains>
<PRTC_Quota>00</PRTC_Quota>
<PRTC_Type>1</PRTC_Type>
<CancelDate>20210517</CancelDate>
<CancelTime>103534</CancelTime>
<PRTC_Cnt>1</PRTC_Cnt>
</PartCancelInfo>]
INFO	[2021-05-17 10:35:34:439] <26853> DECRYPT PARSE OK
INFO	[2021-05-17 10:35:34:439] <26853> END repay 정상처리되었습니다. Laptime:[0.209sec]
INFO	[2021-05-17 10:35:34:439] <26853> ===============================================================
INFO	[2021-05-17 15:50:26:664] <14713> START INIPHP repay (V5036-141209)(OS:Linux2.6.32-754.11.1.el6.x86_64,PHP:5.3.3)
DEBUG	[2021-05-17 15:50:26:664] <14713> inipayhome:/home1/killdeal/public_html/shop/inicis
DEBUG	[2021-05-17 15:50:26:664] <14713> debug:false
DEBUG	[2021-05-17 15:50:26:664] <14713> type:repay
DEBUG	[2021-05-17 15:50:26:664] <14713> pgid:INIphpRPAY
DEBUG	[2021-05-17 15:50:26:664] <14713> subpgip:203.238.3.10
DEBUG	[2021-05-17 15:50:26:664] <14713> mid:majorgol03
DEBUG	[2021-05-17 15:50:26:664] <14713> admin:1111
DEBUG	[2021-05-17 15:50:26:664] <14713> oldtid:INIMX_CARDmajorgol0320210514225114405655
DEBUG	[2021-05-17 15:50:26:664] <14713> currency:WON
DEBUG	[2021-05-17 15:50:26:664] <14713> price:38700
DEBUG	[2021-05-17 15:50:26:664] <14713> confirm_price:109500
DEBUG	[2021-05-17 15:50:26:664] <14713> buyeremail:dancer0306@gmail.com
DEBUG	[2021-05-17 15:50:26:664] <14713> tax:3518
DEBUG	[2021-05-17 15:50:26:664] <14713> taxfree:0
INFO	[2021-05-17 15:50:26:665] <14713> Check Field OK
INFO	[2021-05-17 15:50:26:665] <14713> Make TID OK INIphpRPAYmajorgol0320210517155026659644
INFO	[2021-05-17 15:50:26:665] <14713> PI PUB KEY LOAD OK []
INFO	[2021-05-17 15:50:26:665] <14713> PG PUB KEY LOAD OK [30]
INFO	[2021-05-17 15:50:26:665] <14713> MERCHANT PRIV KEY LOAD OK
INFO	[2021-05-17 15:50:26:665] <14713> MERCHANT PUB KEY LOAD OK [0]
DEBUG	[2021-05-17 15:50:26:665] <14713> MAKE ENCRYPT OK[<?xml version="1.0" encoding="UTF-8"?>
<PartCancelInfo>
	  <PRTC_TID>INIMX_CARDmajorgol0320210514225114405655</PRTC_TID>
	  <PRTC_Price>38700</PRTC_Price>
	  <PRTC_Remains>109500</PRTC_Remains>
	  <PRTC_Quota/>
	  <PRTC_Interest/>
	  <PRTC_NoAcctFNBC/>
	  <PRTC_NmAcctFNBC/></PartCancelInfo>]
INFO	[2021-05-17 15:50:26:666] <14713> MAKE BODY OK
INFO	[2021-05-17 15:50:26:666] <14713> SIGN OK
INFO	[2021-05-17 15:50:26:666] <14713> MAKE HEAD OK
INFO	[2021-05-17 15:50:26:666] <14713> MSG_TO_PG:[0111700175D SHA1                   0                                      300620majorgol03               38700INIphpRPAYmajorgol0320210517155026659644<?xml version="1.0" encoding="UTF-8"?>
<INIpay>
	  <PartCancelInfo>
	    <SessionKey>l0I445ERdiMJbpA7EKC0iBwfLsXK95n1jg08fT3gq/M6F39RnBCoQQCuPGx02f2p
zQWIUKg6WlPGucv9jWkycGtpzt7jj/zEzES/qxXNNXgkTg1SLmO8GFGkpyfOfcpG
ntBc71yvrnCST/M/QrKx0+/pKmt+/UhVrveiWAqoG1xcIGFBbTH26Q==
</SessionKey>
	    <Encrypted>r7lt0Ol1zHH6k3bndvTGu+WmyEX7P6oNnz8k+P+gqecfbsTAMpsC76P0MEMmJ5WV
4Iiq8rTZ/AIouhVu4is5MFQD9+zA6mrBDNQMMhWTXt2Ggfj/ud4z2tuvlw+iBOzR
KQIsKDpSaXPkPz8caPRmj3eLN2N2Qk5WgRS2psquURREpyJMPTbxYwvRt3V6AksB
I76xPDqVsOxHVC337wBrrX2dENlS3zs9mS/oXcBZHFLfIq8Wlz73ENPCXvkcfzeK
2ziGOCIceeU4+kO4ifVGRDRqIFGB/o8RneKBLu45lmGLFBiUvEGF9s0jxwHpQLkH
urWQn6CbBoEK8mJjDY59EOB/E4Rr8jKiwIpifRodHJOcYln8KHch1RnUJ6x0A58K
2cpLZ80m6Sg=
</Encrypted></PartCancelInfo>
	  <GoodsInfo>
	    <Tax>3518</Tax>
	    <TaxFree/>
	    <Currency>WON</Currency></GoodsInfo>
	  <ReservedInfo>
	    <MReserved1/>
	    <MReserved2/>
	    <MReserved3/></ReservedInfo>
	  <ManageInfo>
	    <Language/>
	    <URL/>
	    <TXVersion>5036B141209repayLinux     PHPchkfake   2.6.32-754.11.1.el6.x86_64PHP:</TXVersion>
	    <TXUserID/>
	    <TXRegNum/></ManageInfo></INIpay>AB/mr467KwgzwAxV5gN0iBJTRi6hCq1H+bq/dimu/uvbNhzn+fq+7gz3bpAeANDz
XiCYV8/PY4GuZGwkeOs1KopJ6vGTMHnq/yu98fA9ZPPc7TDOwgTISq3U66BqJE2H
GzhN/KuBCANe40kVJiNjO0say/UDoc/xPlsBemwKLKxi
]
INFO	[2021-05-17 15:50:26:666] <14713> DNS LOOKUP OK(203.238.37.3:203.238.37.3:34049) laptime:0
INFO	[2021-05-17 15:50:26:669] <14713> SOCKET CONNECT OK
INFO	[2021-05-17 15:50:26:669] <14713> SEND OK
INFO	[2021-05-17 15:50:26:895] <14713> RECV OK
INFO	[2021-05-17 15:50:26:895] <14713> MSG_FROM_PG:[0099200175D SHA1                   0                                      300630majorgol03               38700INIphpRPAYmajorgol0320210517155026659644<?xml version="1.0" encoding="UTF-8"?><INIpay>
<PartCancelInfo>
<PayMethod>Card</PayMethod>
<ResultCode>120000</ResultCode>
<ResultMsg urlencode="1">%C1%A4%BB%F3%C3%B3%B8%AE%B5%C7%BE%FA%BD%C0%B4%CF%B4%D9.</ResultMsg>
<SessionKey>AElL0DHZd5ajMRldsJQWuSLw5IUqi5gbiZBBNdqWfc+4FyAiGONrxp2Fdp1fDCFs
DRWka8spOpoez8QbtJQKyw9dD5bCJxMb93qy7NB9CeYiE6paUqRnq0y1Xkj8PZG7
AFADLO4LR+fcua8sXAjP3o3QxX2R3bfActBvZ/YIsBJNGEQDwiOXajM=
</SessionKey>
<Encrypted>h2kfpEINA6DDeocHzuOPaHvwQkcBaGLlhxF9d2ebktxIK2FAxOMD0qd3T4OvudxS
LU039/uqyaoKnB3N6ldGCYg2O6OWqAELZXP29q4kBLzQYlPObQHZ7V+VemodF1Ry
hqTPL8UEEYaF6gVx9A5szvTEqY4b8BiMCheaUraShiD+anGlrEPL/gdObHRW9DKC
SS/8aHDUMgjAcuqsEJ06c0kDfo3zUDeNsFwtiZfrMIOlMvDKhyDYiLs9f//sMSIb
r4lBGK20nXkf5KV3sToF15gdH3Loxd5bVTqfX/GTQX+d+T22I7DZu6oWksTDe9qX
Vk37RFFdXzAEPP9A2EtNu6nohzppdmsFyJSOHXFHmunZlQExeN4T8e0U/OhIygKM
3jyvOFC7/A8cXoUS7ZE0ZP7abkqgqA6+n9MkM8riCFCVFq5baDOfXZ3pqSD8Lrtn
J3JCFA/BFa3UKW8AHnBVkA==
</Encrypted>
</PartCancelInfo>
<ManageInfo/>
<ReservedInfo/>
</INIpay>
CKCnb4SHFbKgb8WIcLwinmC/XuZ4H2DKhl/n8wKd5Y6Uw/QndfkXitc3wjIwamGE
yxOG7YvcFk4bYOfDSKYL/x0O7dABGqHEOGoLKyF+mQUR8ueiCCeuNwpde5ZTS0zU
kcULW97lbaGQ375elCSzB+zoERABDivvNSxQGSz/R08=
]
INFO	[2021-05-17 15:50:26:895] <14713> VERIFY OK
INFO	[2021-05-17 15:50:26:895] <14713> PARSE HEAD OK
INFO	[2021-05-17 15:50:26:896] <14713> PARSE BODY OK
INFO	[2021-05-17 15:50:26:896] <14713> DECRYPT OK
DEBUG	[2021-05-17 15:50:26:896] <14713> DECRYPT MSG:[<?xml version="1.0" encoding="UTF-8"?><PartCancelInfo>
<PRTC_TID>INIMX_CARDmajorgol0320210514225114405655</PRTC_TID>
<PRTC_Price>38700</PRTC_Price>
<PRTC_Remains>109500</PRTC_Remains>
<PRTC_Quota>00</PRTC_Quota>
<PRTC_Type>1</PRTC_Type>
<CancelDate>20210517</CancelDate>
<CancelTime>155027</CancelTime>
<PRTC_Cnt>1</PRTC_Cnt>
</PartCancelInfo>]
INFO	[2021-05-17 15:50:26:897] <14713> DECRYPT PARSE OK
INFO	[2021-05-17 15:50:26:897] <14713> END repay 정상처리되었습니다. Laptime:[0.232sec]
INFO	[2021-05-17 15:50:26:897] <14713> ===============================================================
