INFO	[2022-06-08 15:04:57:915] <2491> START INIPHP cancel (V5036-141209)(OS:Linux2.6.32-754.11.1.el6.x86_64,PHP:5.3.3)
DEBUG	[2022-06-08 15:04:57:915] <2491> inipayhome:/home1/killdeal/public_html/shop/inicis
DEBUG	[2022-06-08 15:04:57:915] <2491> debug:false
DEBUG	[2022-06-08 15:04:57:915] <2491> type:cancel
DEBUG	[2022-06-08 15:04:57:915] <2491> mid:fourseason
DEBUG	[2022-06-08 15:04:57:915] <2491> admin:1111
DEBUG	[2022-06-08 15:04:57:915] <2491> tid:INIMX_CARDfourseason20220529065856605886
DEBUG	[2022-06-08 15:04:57:915] <2491> cancelmsg:쇼핑몰 운영자 승인 취소
INFO	[2022-06-08 15:04:57:915] <2491> Check Field OK
INFO	[2022-06-08 15:04:57:915] <2491> PI PUB KEY LOAD OK []
INFO	[2022-06-08 15:04:57:916] <2491> PG PUB KEY LOAD OK [30]
INFO	[2022-06-08 15:04:57:916] <2491> MERCHANT PRIV KEY LOAD OK
INFO	[2022-06-08 15:04:57:917] <2491> MERCHANT PUB KEY LOAD OK [0]
DEBUG	[2022-06-08 15:04:57:917] <2491> MAKE ENCRYPT OK[<?xml version="1.0" encoding="UTF-8"?>
<CancelInfo>
	  <CancelTID>INIMX_CARDfourseason20220529065856605886</CancelTID>
	  <CancelMsg urlencode="1">%BC%EE%C7%CE%B8%F4+%BF%EE%BF%B5%C0%DA+%BD%C2%C0%CE+%C3%EB%BC%D2</CancelMsg>
	  <CancelReason/></CancelInfo>]
INFO	[2022-06-08 15:04:57:917] <2491> MAKE BODY OK
INFO	[2022-06-08 15:04:57:918] <2491> SIGN OK
INFO	[2022-06-08 15:04:57:918] <2491> MAKE HEAD OK
INFO	[2022-06-08 15:04:57:918] <2491> MSG_TO_PG:[0096200175D SHA1                   0                                      300420fourseason                    INIMX_CARDfourseason20220529065856605886<?xml version="1.0" encoding="UTF-8"?>
<INIpay>
	  <CancelInfo>
	    <SessionKey>TtKreYFTIT8dYcX8bbkGoP2A7HkHY0zmIUJm8EvGWOhcfwBRYx5d0QMz0eEvQS7R
rUsl4xzFmENo4/Xjwo0bln6sS+h8jTG53atbtED1L554jHqsNDQ4RDmd/bS+1QAd
SfSkW7Ct9mQHBKA7oj0jfSsqiyFI+r9vnjxTqJuO57NRTqqyMBVWFA==
</SessionKey>
	    <Encrypted>l2JO67jCXlRnY/4pOG1mWDV5OEzTkUg0ETMJZv/Mqf0NldZE2dojPTArGnPzXnG6
56yQOFTjGVIVFcCxt/61oc6uUWcNPmP16bbPki7BGCjyA/JQs45TJItkXPNkQ3YL
8oHb2BByZTW6sgyZPdtvTR59jblXA0BEUPjfaYY9ECl7RotyTjgHxkaa4F3tZX7h
e/Cc05ONZDfwE9UukjZLoSXQY0OCcEso+kaNLVLjcPmYA+OJRAD+1/dRsU5/qDCg
7LdXhGatZATokFHY2g946VhdqbvzYjEEUdQARRxKuPFb7biLNPYa/+wlE3rr6Hjx
FEDAL+8UA0uiaZwnVEDNeA==
</Encrypted></CancelInfo>
	  <ReservedInfo>
	    <MReserved1/>
	    <MReserved2/>
	    <MReserved3/></ReservedInfo>
	  <ManageInfo>
	    <Language/>
	    <URL/>
	    <TXVersion>5036B141209canceLinux     PHPchkfake   2.6.32-754.11.1.el6.x86_64PHP:</TXVersion>
	    <TXUserID/>
	    <TXRegNum/></ManageInfo></INIpay>AKxF7YE8AN9jpGpgqBVfDZhwLfZ35Ap/9ZBJk2v7aqVQfu2EPtU2c6NZ/66JmAU1
XQ15miPo0i3zGufiRQx15Kak65HJJpPXXLrfscv3WywPpBEvMYLftqp1X0qbzY/m
H6hoRXylJtCJzBQsyrT+k0fVUsiopdmTHE5fUcipdEkN
]
INFO	[2022-06-08 15:04:57:918] <2491> DNS LOOKUP OK(203.238.37.3:203.238.37.3:34049) laptime:0
INFO	[2022-06-08 15:04:57:921] <2491> SOCKET CONNECT OK
INFO	[2022-06-08 15:04:57:921] <2491> SEND OK
INFO	[2022-06-08 15:04:58:767] <2491> RECV OK
INFO	[2022-06-08 15:04:58:767] <2491> MSG_FROM_PG:[0093300175D SHA1                   0                                      300430fourseason                    INIMX_CARDfourseason20220529065856605886<?xml version="1.0" encoding="UTF-8"?><INIpay>
<CancelInfo>
<ResultCode>120000</ResultCode>
<ResultMsg urlencode="1">%C1%A4%BB%F3%C3%B3%B8%AE%B5%C7%BE%FA%BD%C0%B4%CF%B4%D9.</ResultMsg>
<SessionKey>ALeT+RnYFPib/EgE6JfSO7hloA6hILml38XEgCRE14y4s0Xh5r/DGHxcuGkkU1TC
/zlqDawBx3V1Wh26+Id0YhtfNCFazSFHRezy/nkU17nK5OAjkaoFEU9tUC2Hciym
d7YN/z6ShQZQ4sdgczVe9XPUP46uaAUKsWI19me/6k3iYouIdYps/vw=
</SessionKey>
<Encrypted>HOx5ePS84U/Tv9bch+BD3KKSh9c6cyu7JPGRPo1wnLXrKXhSucu6kUPMhuACX/k1
Fna1g0IkWmwP03KIdyXF2QY7pYgCA8ryXxcjtm8ymBlG1x6GmZckQSpBfUsNmV01
IPkgh7SsgxMo4hePuof68VVIuDHPYc0bsxRS8PMNIiwTt2psnM8PJox3K+/xZjeH
Zb7zuGBhY9C/Pf20xnrZEKqyqNniRbnQ76VFafBzJaBwvWbMJkaXxGeu6680tDX7
GGwkZhaoSCuZY8N8B4wbpbbA6yGsuZk0XqrZSF4/HtiGTOtKcP2hqgmS4z1dZdZD
EnysluZScpmkfQOTFOYvnb5fLPoGDV0i
</Encrypted>
</CancelInfo>
<ManageInfo/>
<ReservedInfo>
<MReserved1 urlencode="1"/>
<MReserved2 urlencode="1"/>
<MReserved3 urlencode="1"/>
</ReservedInfo>
</INIpay>
1JLabXUL+Lixc1W5vJZywv28Ge8oRkyLrSOavU6N6gI01L0YNffWTPGCXsYdreid
+BMpMuLvwXvc5PAMtxxCqlzXzrJsLia7xdHHvEFmEwVXGDdGWflAxilygjXh8a05
FBm7v2/dvDGokbDjAkJ/OOOQPsyGzO0TWhCgPpE49GY=
]
INFO	[2022-06-08 15:04:58:767] <2491> VERIFY OK
INFO	[2022-06-08 15:04:58:767] <2491> PARSE HEAD OK
INFO	[2022-06-08 15:04:58:768] <2491> PARSE BODY OK
INFO	[2022-06-08 15:04:58:768] <2491> DECRYPT OK
DEBUG	[2022-06-08 15:04:58:768] <2491> DECRYPT MSG:[<?xml version="1.0" encoding="UTF-8"?><CancelInfo>
<CancelDate>20220608</CancelDate>
<CancelTime>150458</CancelTime>
<ResultCode>120000</ResultCode>
<ResultMsg urlencode="1">%C1%A4%BB%F3%C3%B3%B8%AE%B5%C7%BE%FA%BD%C0%B4%CF%B4%D9.</ResultMsg>
</CancelInfo>]
INFO	[2022-06-08 15:04:58:768] <2491> DECRYPT PARSE OK
INFO	[2022-06-08 15:04:58:768] <2491> END cancel 정상처리되었습니다. Laptime:[0.854sec]
INFO	[2022-06-08 15:04:58:768] <2491> ===============================================================
