INFO	[2020-12-02 10:59:46:659] <26707> START INIPHP cancel (V5036-141209)(OS:Linux2.6.32-754.11.1.el6.x86_64,PHP:5.3.3)
DEBUG	[2020-12-02 10:59:46:659] <26707> inipayhome:/home1/killdeal/public_html/shop/inicis
DEBUG	[2020-12-02 10:59:46:659] <26707> debug:false
DEBUG	[2020-12-02 10:59:46:659] <26707> type:cancel
DEBUG	[2020-12-02 10:59:46:659] <26707> mid:majorgol03
DEBUG	[2020-12-02 10:59:46:659] <26707> admin:1111
DEBUG	[2020-12-02 10:59:46:659] <26707> tid:INIMX_CARDmajorgol0320201122214128444516
DEBUG	[2020-12-02 10:59:46:659] <26707> cancelmsg:쇼핑몰 운영자 승인 취소
INFO	[2020-12-02 10:59:46:659] <26707> Check Field OK
INFO	[2020-12-02 10:59:46:659] <26707> PI PUB KEY LOAD OK []
INFO	[2020-12-02 10:59:46:660] <26707> PG PUB KEY LOAD OK [30]
INFO	[2020-12-02 10:59:46:660] <26707> MERCHANT PRIV KEY LOAD OK
INFO	[2020-12-02 10:59:46:660] <26707> MERCHANT PUB KEY LOAD OK [0]
DEBUG	[2020-12-02 10:59:46:661] <26707> MAKE ENCRYPT OK[<?xml version="1.0" encoding="UTF-8"?>
<CancelInfo>
	  <CancelTID>INIMX_CARDmajorgol0320201122214128444516</CancelTID>
	  <CancelMsg urlencode="1">%BC%EE%C7%CE%B8%F4+%BF%EE%BF%B5%C0%DA+%BD%C2%C0%CE+%C3%EB%BC%D2</CancelMsg>
	  <CancelReason/></CancelInfo>]
INFO	[2020-12-02 10:59:46:661] <26707> MAKE BODY OK
INFO	[2020-12-02 10:59:46:661] <26707> SIGN OK
INFO	[2020-12-02 10:59:46:661] <26707> MAKE HEAD OK
INFO	[2020-12-02 10:59:46:661] <26707> MSG_TO_PG:[0096200175D SHA1                   0                                      300420majorgol03                    INIMX_CARDmajorgol0320201122214128444516<?xml version="1.0" encoding="UTF-8"?>
<INIpay>
	  <CancelInfo>
	    <SessionKey>Y3KFGgNcsi9XAM15GYWV2CzsIj1BB3cbBeV7fY1cfJeh0InySTNqVVhW2h+irEuO
Pin1Iu8omNVmdiboP3TJZHJ5n+uxnIs8M5QVR3zRQVxjIrSE284Xp47+cT3cnI6B
OyN3/UVmrHXi/iTh1eg/7XTFRx5UGO3SanwbtA81S9IYrXQ8MS14zA==
</SessionKey>
	    <Encrypted>jylfdsMfBDiZwBi8+8w0u8WTp8Xz9pgfAboSvrNg2LdyujC+z+KQ/jUjHVLiuJD2
k3dEMM2J6rc2cdLGI0uSZrIYcHg9FpFG02gEDowKpHStZKyD7fJ20b/FMP6d55LT
AfUUj4O09hvgbl9SbWXqbjgmZS1/n/quYkrTjWWWmQvkNus6u1rfbrqY6kikrFWj
s5kbvFDNDritUGBo5XMsCWEiJfEB9uzged+J1prThP/O+hEyHwJTE1uIJ9XTU8AQ
G/jV/8zvER0jr/vKKWUp1NjkAQpBE3CruyemggZY6qPMsZG/7JZPoTW10h0oz+Jf
z2+hLwdAYcM+vl/Dx8PARg==
</Encrypted></CancelInfo>
	  <ReservedInfo>
	    <MReserved1/>
	    <MReserved2/>
	    <MReserved3/></ReservedInfo>
	  <ManageInfo>
	    <Language/>
	    <URL/>
	    <TXVersion>5036B141209canceLinux     PHPchkfake   2.6.32-754.11.1.el6.x86_64PHP:</TXVersion>
	    <TXUserID/>
	    <TXRegNum/></ManageInfo></INIpay>ACFJma24zaipYpipZqkkpER5Hr9R3Pp2HL1rIk7CSG8FbXj595dNhM4m7siwjWjN
+g9JlK2R8Sn+CsEaM29z0LIvOyEJC0znFMw8Mv7ThFUIUU6lRaze8nheZJ/6DjTU
Sim01DprWo6Zvp9DMmKSXgXcVDMEOkZvCfT6MO45sb8+
]
INFO	[2020-12-02 10:59:46:661] <26707> DNS LOOKUP OK(203.238.37.3:203.238.37.3:34049) laptime:0
INFO	[2020-12-02 10:59:46:664] <26707> SOCKET CONNECT OK
INFO	[2020-12-02 10:59:46:664] <26707> SEND OK
INFO	[2020-12-02 10:59:47:33] <26707> RECV OK
INFO	[2020-12-02 10:59:47:33] <26707> MSG_FROM_PG:[0115800175D SHA1                   0                                      300430majorgol03                    INIMX_CARDmajorgol0320201122214128444516<?xml version="1.0" encoding="UTF-8"?>
<INIpay>
  <CancelInfo>
    <ResultCode>120000</ResultCode>
    <ResultMsg urlencode="1">%C1%A4%BB%F3%C3%B3%B8%AE%B5%C7%BE%FA%BD%C0%B4%CF%B4%D9.</ResultMsg>
    <SessionKey>AGrmoK9cyNDyO3EQ9yRLE2Dj58ALJhePX2QKOxpWbRd8dqcYHk6QPLTGeThvHcVP
hXGGE6gUAdE6KmmcqEOwJsnzfWmEYfWBcCcZzcC3RIh5FRfmORtFpObA+GD42+zd
YvJmhVUtxbCD0qrihAeOaViZ8+EuiIBx8d7kFKEHCq94D7QUQPibKTE=
</SessionKey>
    <Encrypted>8g0Vwq6NSjR2S1Hrgnnwsu8khOmKJdkhxmqiyBTg31CZjKFpLDXC5JS7vZz/msRF
AoGt1jKcGquYs+69aRDKsovMDRnfMnYwj49J1osNawAY9yxU3Ts+++Zqu04Cdq97
qeICkuyqYhhwQuRToe1PaVo4abWw7m7B+tFy4Zw1TsaBoXaLFmN9y12k9KSWmjPH
xLSEsKwFAljY1ktoGj0MPKXdE7mAHQL4K1zbMOZU1bFccrgYRZLZuFdVXYXjV2Su
a7fXdAvfV30VfZBlRP6nWiEmH75C6uz6vZLsdvHt2xBqfzGGJvZtx84i50FFANvN
MXCLc1/RUPOMzj4Vuxr4Z6HgxWMGaXCSXw0hh3k96jQ=
</Encrypted>
  </CancelInfo>
  <ManageInfo/>
  <ReservedInfo>
    <MReserved1 urlencode="1"></MReserved1>
    <MReserved2 urlencode="1"></MReserved2>
    <MReserved3 urlencode="1"></MReserved3>
    <PGReserved1 urlencode="1"></PGReserved1>
    <PGReserved2 urlencode="1"></PGReserved2>
    <PGReserved3 urlencode="1"></PGReserved3>
  </ReservedInfo>
</INIpay>
uCzif7e5Gh5Zym6COl8MWsgxlBt5X2NvgjhP16RZQlgvoJe5xgCYn2K/FZJn19SJ
2gS9wQeGFoBusv6NaLZWoxWFi4io0aodSuWPggY060+80hVw1TOXYS8KWM0nuYFn
9fqkEioCZzkHJCEi7r04FwNQZGek1wKkzSg/goZBI0A=
]
INFO	[2020-12-02 10:59:47:33] <26707> VERIFY OK
INFO	[2020-12-02 10:59:47:33] <26707> PARSE HEAD OK
INFO	[2020-12-02 10:59:47:33] <26707> PARSE BODY OK
INFO	[2020-12-02 10:59:47:34] <26707> DECRYPT OK
DEBUG	[2020-12-02 10:59:47:34] <26707> DECRYPT MSG:[<?xml version="1.0" encoding="UTF-8"?>
<CancelInfo>
  <CancelDate>20201202</CancelDate>
  <CancelTime>105947</CancelTime>
  <ResultCode>120000</ResultCode>
  <ResultMsg urlencode="1">%C1%A4%BB%F3%C3%B3%B8%AE%B5%C7%BE%FA%BD%C0%B4%CF%B4%D9.</ResultMsg>
</CancelInfo>]
INFO	[2020-12-02 10:59:47:34] <26707> DECRYPT PARSE OK
INFO	[2020-12-02 10:59:47:34] <26707> END cancel 정상처리되었습니다. Laptime:[0.375sec]
INFO	[2020-12-02 10:59:47:34] <26707> ===============================================================
INFO	[2020-12-02 15:42:07:420] <4807> START INIPHP cancel (V5036-141209)(OS:Linux2.6.32-754.11.1.el6.x86_64,PHP:5.3.3)
DEBUG	[2020-12-02 15:42:07:420] <4807> inipayhome:/home1/killdeal/public_html/shop/inicis
DEBUG	[2020-12-02 15:42:07:420] <4807> debug:false
DEBUG	[2020-12-02 15:42:07:420] <4807> type:cancel
DEBUG	[2020-12-02 15:42:07:420] <4807> mid:majorgol03
DEBUG	[2020-12-02 15:42:07:420] <4807> admin:1111
DEBUG	[2020-12-02 15:42:07:420] <4807> tid:INIMX_ISP_majorgol0320201122231810194802
DEBUG	[2020-12-02 15:42:07:420] <4807> cancelmsg:쇼핑몰 운영자 승인 취소
INFO	[2020-12-02 15:42:07:420] <4807> Check Field OK
INFO	[2020-12-02 15:42:07:420] <4807> PI PUB KEY LOAD OK []
INFO	[2020-12-02 15:42:07:421] <4807> PG PUB KEY LOAD OK [30]
INFO	[2020-12-02 15:42:07:421] <4807> MERCHANT PRIV KEY LOAD OK
INFO	[2020-12-02 15:42:07:421] <4807> MERCHANT PUB KEY LOAD OK [0]
DEBUG	[2020-12-02 15:42:07:421] <4807> MAKE ENCRYPT OK[<?xml version="1.0" encoding="UTF-8"?>
<CancelInfo>
	  <CancelTID>INIMX_ISP_majorgol0320201122231810194802</CancelTID>
	  <CancelMsg urlencode="1">%BC%EE%C7%CE%B8%F4+%BF%EE%BF%B5%C0%DA+%BD%C2%C0%CE+%C3%EB%BC%D2</CancelMsg>
	  <CancelReason/></CancelInfo>]
INFO	[2020-12-02 15:42:07:421] <4807> MAKE BODY OK
INFO	[2020-12-02 15:42:07:422] <4807> SIGN OK
INFO	[2020-12-02 15:42:07:422] <4807> MAKE HEAD OK
INFO	[2020-12-02 15:42:07:422] <4807> MSG_TO_PG:[0096200175D SHA1                   0                                      300420majorgol03                    INIMX_ISP_majorgol0320201122231810194802<?xml version="1.0" encoding="UTF-8"?>
<INIpay>
	  <CancelInfo>
	    <SessionKey>cUmdAHwdkwjIwtqeEE/S94Q3n7BV7ZoJY4nzRc+f0aNRal0TAlR4kWuWWoOF2VrM
gokw5FieX0spQ+CedTMAPAhnE+EixfVw3mIoEnOl6HMkBgLUhsCqxn/kvmNEHRIW
Q6dZdorbgQZy/q5meDWKY/Sd3CCSycOXawRM9g33UyJ0+B6tgkn33Q==
</SessionKey>
	    <Encrypted>ZTU5fCuwHunUQL0e6xJ0p9sXtmZ2KUf0piDNDkjO7aeAelnfIrESBzW650JSiDye
jpCJ8evZ9HIRvqHlaqdOpF61BIFlK86Hx2451WQ44ktonEE9ODuhken3FFbrDHU/
zqZ785vHBPYlAs9dhmXWS6z2XC739S3MHdWcJhv/snQ8h8xLCXVskLMhHWtR8pJq
LS3pE6Ay54Vne1k/M/kuGkwhV46e6PayAvowSWguPrnS7gEHfQi8+qCzIpIdcRmd
wenTnSDE4H6JUSzo+gPdXLS9cJpDc/3e9W1S+LPNC8Hx/X1mruyAoi4dghIlpBwF
QUCG+quwDQ9UA21LTUOzMg==
</Encrypted></CancelInfo>
	  <ReservedInfo>
	    <MReserved1/>
	    <MReserved2/>
	    <MReserved3/></ReservedInfo>
	  <ManageInfo>
	    <Language/>
	    <URL/>
	    <TXVersion>5036B141209canceLinux     PHPchkfake   2.6.32-754.11.1.el6.x86_64PHP:</TXVersion>
	    <TXUserID/>
	    <TXRegNum/></ManageInfo></INIpay>ACs1PLgLfeeFJaGp4SRjRTBYDcN2JzL7mbDaKIofDQuSNREbOjDAR9y5N8RmuPcy
9/uzUSIMY0uEzgeoQhvtJbI3F8DKKIzhw3c0fZqoEehNQaHKS9aEPKtqZBPiAhA+
4VQJ4ewIP0vHtG5WuePIHvl90StChN0Omesvx3EIn5co
]
INFO	[2020-12-02 15:42:07:422] <4807> DNS LOOKUP OK(203.238.37.3:203.238.37.3:34049) laptime:0
INFO	[2020-12-02 15:42:07:424] <4807> SOCKET CONNECT OK
INFO	[2020-12-02 15:42:07:424] <4807> SEND OK
INFO	[2020-12-02 15:42:07:735] <4807> RECV OK
INFO	[2020-12-02 15:42:07:735] <4807> MSG_FROM_PG:[0086100175D SHA1                   0                                      300430majorgol03                    INIMX_ISP_majorgol0320201122231810194802<?xml version="1.0" encoding="UTF-8"?><INIpay>
<CancelInfo>
<ResultCode>170000</ResultCode>
<ResultMsg urlencode="1">%C1%A4%BB%F3%BF%CF%B7%E1</ResultMsg>
<SessionKey>AMFdcaK9ZRAUeApdnV4BigEgyqFv7671mlnIyTgppIBwXHqveoqbkf2JGem/YEki
EmO1/USLOx51OFjRUq6Ol1V8zq4gmaVS+/XcN26ukqVxQyoX/jYteAI6ZDhKUi/w
wp2PDpUoxAwba0tbpMa285ff8Xu1nEFxmiQhJeveCd6b2zgfxHiNfJQ=
</SessionKey>
<Encrypted>+iF8LzisoQ/dBXTDUkPPQ2QBohFuywgbdt51/kOEHZG1mt+W8XsWUa//1jMMkeqt
OpDrPZLYvVgdNazvVmAlyxWrLqD7lYIOJyLwGf5QtV1GI0TCnJg8Ycyz2LfGBhru
3OHQBV3X7ba6myB4rzlrIhqDFUe9EIwMpTZWJBvsYi/+B6DquWYjLqyXSY/bgnLt
+cTAPipDS+GZr/FQ+5ExYOidP8ZBm6KZC4+0n2sPbhgA6XXzbGuhGGj3xGd8goZ5
KGkhabHQ5lppmTe4jybOwO8stGBnI+ZeqAkM6aQTCKMrWs/iweO3sg==
</Encrypted>
</CancelInfo>
<ManageInfo/>
<ReservedInfo>
<MReserved1 urlencode="1"/>
<MReserved2 urlencode="1"/>
<MReserved3 urlencode="1"/>
</ReservedInfo>
</INIpay>
MH9BIw6IQt5XtvtmcQOZrRh4I4RNykjLrfE7xh+dhbUvhSCclMD9Kk5aKAfI90Aa
VIkzTm3a2M76cY1FiyVldCXXfRw5g1gfFy18k1d1VWazsbR/THC3CyzA6xhdQSpd
hvP6RFc8AU9ZL4gsEmWp3ZRpCgToCVmfPbIwtP62Q/4=
]
INFO	[2020-12-02 15:42:07:735] <4807> VERIFY OK
INFO	[2020-12-02 15:42:07:735] <4807> PARSE HEAD OK
INFO	[2020-12-02 15:42:07:735] <4807> PARSE BODY OK
INFO	[2020-12-02 15:42:07:736] <4807> DECRYPT OK
DEBUG	[2020-12-02 15:42:07:736] <4807> DECRYPT MSG:[<?xml version="1.0" encoding="UTF-8"?><CancelInfo>
<CancelDate>20201202</CancelDate>
<CancelTime>154208</CancelTime>
<ResultCode>170000</ResultCode>
<ResultMsg urlencode="1">%C1%A4%BB%F3%BF%CF%B7%E1</ResultMsg>
</CancelInfo>]
INFO	[2020-12-02 15:42:07:736] <4807> DECRYPT PARSE OK
INFO	[2020-12-02 15:42:07:736] <4807> END cancel 정상완료 Laptime:[0.316sec]
INFO	[2020-12-02 15:42:07:736] <4807> ===============================================================
