INFO	[2023-12-22 15:02:57:518] <18174> START INIPHP cancel (V5036-141209)(OS:Linux2.6.32-754.11.1.el6.x86_64,PHP:5.3.3)
DEBUG	[2023-12-22 15:02:57:518] <18174> inipayhome:/home1/killdeal/public_html/shop/inicis
DEBUG	[2023-12-22 15:02:57:518] <18174> debug:false
DEBUG	[2023-12-22 15:02:57:518] <18174> type:cancel
DEBUG	[2023-12-22 15:02:57:518] <18174> mid:majorgol03
DEBUG	[2023-12-22 15:02:57:518] <18174> admin:1111
DEBUG	[2023-12-22 15:02:57:518] <18174> tid:INIMX_VBNKmajorgol0320231222150215545225
DEBUG	[2023-12-22 15:02:57:518] <18174> cancelmsg:주문자 본인 취소-상품옵션 선택 잘못함
INFO	[2023-12-22 15:02:57:518] <18174> Check Field OK
INFO	[2023-12-22 15:02:57:518] <18174> PI PUB KEY LOAD OK []
INFO	[2023-12-22 15:02:57:519] <18174> PG PUB KEY LOAD OK [30]
INFO	[2023-12-22 15:02:57:520] <18174> MERCHANT PRIV KEY LOAD OK
INFO	[2023-12-22 15:02:57:520] <18174> MERCHANT PUB KEY LOAD OK [0]
DEBUG	[2023-12-22 15:02:57:521] <18174> MAKE ENCRYPT OK[<?xml version="1.0" encoding="UTF-8"?>
<CancelInfo>
	  <CancelTID>INIMX_VBNKmajorgol0320231222150215545225</CancelTID>
	  <CancelMsg urlencode="1">%C1%D6%B9%AE%C0%DA+%BA%BB%C0%CE+%C3%EB%BC%D2-%BB%F3%C7%B0%BF%C9%BC%C7+%BC%B1%C5%C3+%C0%DF%B8%F8%C7%D4</CancelMsg>
	  <CancelReason/></CancelInfo>]
INFO	[2023-12-22 15:02:57:521] <18174> MAKE BODY OK
INFO	[2023-12-22 15:02:57:521] <18174> SIGN OK
INFO	[2023-12-22 15:02:57:521] <18174> MAKE HEAD OK
INFO	[2023-12-22 15:02:57:521] <18174> MSG_TO_PG:[0101500175D SHA1                   0                                      300420majorgol03                    INIMX_VBNKmajorgol0320231222150215545225<?xml version="1.0" encoding="UTF-8"?>
<INIpay>
	  <CancelInfo>
	    <SessionKey>Rymvzd9POiHvyNkAexIF1X4vGGLdg/y5xbbHEKcAs1WcIpAJk+7id7BYWTnsYbn8
ZkgVfG6cRZc1OIqTgyforsMpaTYRF7rB7XZBGKyLHpwZw1CchhUawSpmC4klsi2n
oOOYeBAw/UvM5ATo/PIpddFn7lM1NYG1SensbcSv+num0P8jzOeyvA==
</SessionKey>
	    <Encrypted>tga+TvT7sWFjkgPns9doVG0e46QESwT8mOXSF+4MkBFANMoGY+LPRsqjS7VMlDPD
vvo60JkIsiNqsnFGXPc6YzUX3TAlNoBjDrDUZKdgtljv8OTpDqhsAiHQ8F6l1Nmw
ZZhhYIa2C/f7RVt24GfvjYKV38d9xfPZh6MBjCg5Sm3FNg7Q5jV1Rl4Jt3D+t1Zf
4GaNwSkkeuzv4puRGPGEiW03dZx8EnCD9uDbKCBzngGxbMsXGt6wwaMAdS0EGc7l
bokK98h4KzHqogAhBNavHEjf2ssIEIqAAhuewQgEdKtX3msNa+FIbIYblqpjr1Hr
9b0CwSdEu0NSH7Y7HwMP02LzR3nI8J90BC8dIPfsq48mHI3Cg9bow/+G8Q6DHVtd
wKLkDPOEyQw=
</Encrypted></CancelInfo>
	  <ReservedInfo>
	    <MReserved1/>
	    <MReserved2/>
	    <MReserved3/></ReservedInfo>
	  <ManageInfo>
	    <Language/>
	    <URL/>
	    <TXVersion>5036B141209canceLinux     PHPchkfake   2.6.32-754.11.1.el6.x86_64PHP:</TXVersion>
	    <TXUserID/>
	    <TXRegNum/></ManageInfo></INIpay>AGCgT60BecdO4EsEHYgw/dkHyztviZS2S9XZuhvGP6hc/LnTtJGmw3lsXIexZ9VK
SxY2ht0027f7rGRWH5wHjnxsQXkqKgh0xLse9JaLBz8EmXP6ao5Kusk9VFDkK9+e
SHJRIg9z8fxBFlKm2R6s3mQLS/VCarx9m//HBF0TEuvH
]
INFO	[2023-12-22 15:02:57:521] <18174> DNS LOOKUP OK(203.238.37.3:203.238.37.3:34049) laptime:0
INFO	[2023-12-22 15:02:57:523] <18174> SOCKET CONNECT OK
INFO	[2023-12-22 15:02:57:523] <18174> SEND OK
INFO	[2023-12-22 15:02:57:653] <18174> RECV OK
INFO	[2023-12-22 15:02:57:653] <18174> MSG_FROM_PG:[0123800175D SHA1                   0                                      300430majorgol03                    INIMX_VBNKmajorgol0320231222150215545225<?xml version="1.0" encoding="UTF-8"?><INIpay>
<CancelInfo>
<ResultCode>170000</ResultCode>
<ResultMsg urlencode="1">%C1%A4%BB%F3%C3%B3%B8%AE%B5%C7%BE%FA%BD%C0%B4%CF%B4%D9.</ResultMsg>
<SessionKey>AClH8xqB6qxy6Pmea3TPHdevF50XsqoSqXp0wU2Ia3iyFzrpM65cPytUOyQjXwNK
WKQHb+L//F9b6crgzpo/oybQBZ7V+bQrNuBEOC/Mc5Ofc471HihiXS3Vjr6D2MTx
h6Z5RV/qOxgWmk5JEg9QuVoL1nDS/5W8Or3VTvnxybAmYfZKdoxt5rg=
</SessionKey>
<Encrypted>x2J9dgy6dZOh0SjQyo8+rpWaadkOYRkt60a1dhkXaXt/IkiTur1YxO4i8WoCAYWH
fEXqky1zDif7hl1IgK6X+kOjSlXco4Scx6DyxYgDaKZgQ/E8jcscnVYeTI7mvLI+
Mw8kbkBQUCeVLb3ChmYvta4gda8+nh+5qivAkBQA0pbfqyqAcGxSyErzhG4r450F
UrhE4DYhLBoKPtEj9FAdrmzBaGhoWFYzORQUUDYl+fjgxtPdPFida9sZ7mhAdlrJ
yfktgPs7PxUgyp7Oyl4i8Xe7YgdEyatMZ8fjiGIPzkXrPwJTDZbB1vLH2JM/9xxS
hbRss+XhK7O5gd4t7gGI9rWDHvQox60/jVc3tWwifkzCanoC8JzGxOgByNlHlUNW
8xYoEd9jsIHgFUpovV/Foe2bj2KRgQih3xi7FDqyZgj/aDsZE23ih71BabsX96K5
/IwjcaooTYHtE5W/BBS/4X9wQPjlqNwJstdMh9b+Y8gufGs6/MJDcgKD06BZRN+3
Zn8bTAdludcB8rD/ZaSUcKrdG3hBPCCHCQEStw3x0ANwz0QadPYHjfuLdXztYN72
Sbt82dFSENbtjbCUCphAGGd5cUSjBUp5HPGnDFxVgPnjDVKZHmEL0sSI0p7cTj/6
JqlVSEJKGn8=
</Encrypted>
</CancelInfo>
<ManageInfo/>
<ReservedInfo>
<MReserved1 urlencode="1"/>
<MReserved2 urlencode="1"/>
<MReserved3 urlencode="1"/>
</ReservedInfo>
</INIpay>
QNOxbZuLNR/Z1lZAubqnOU+rEAkbPxCnwxOiJAExvGmUEqVKx84OdpCY3U2i/wiX
Y31GdTR7yK8VwFDDk2/9ZTJw0QT/DE++3k5at7SUEnfzrm8m9KfNx5XdUD5anuTy
dqsdi78w0HBOuCH3ELjKMYczZ9ZEaR7fXU2TZeyR6X0=
]
INFO	[2023-12-22 15:02:57:653] <18174> VERIFY OK
INFO	[2023-12-22 15:02:57:653] <18174> PARSE HEAD OK
INFO	[2023-12-22 15:02:57:653] <18174> PARSE BODY OK
INFO	[2023-12-22 15:02:57:654] <18174> DECRYPT OK
DEBUG	[2023-12-22 15:02:57:654] <18174> DECRYPT MSG:[<?xml version="1.0" encoding="UTF-8"?><CancelInfo>
<CancelDate>20231222</CancelDate>
<CancelTime>150256</CancelTime>
<ResultCode>170000</ResultCode>
<ResultMsg urlencode="1">%C1%A4%BB%F3%C3%B3%B8%AE%B5%C7%BE%FA%BD%C0%B4%CF%B4%D9.</ResultMsg>
<CSHR_CancelDate>20231222</CSHR_CancelDate>
<CSHR_CancelTime>150256</CSHR_CancelTime>
<CSHR_ResultCode>220000</CSHR_ResultCode>
<CSHR_ResultMsg urlencode="1">%C1%A4%BB%F3%C3%B3%B8%AE%B5%C7%BE%FA%BD%C0%B4%CF%B4%D9.</CSHR_ResultMsg>
</CancelInfo>]
INFO	[2023-12-22 15:02:57:655] <18174> DECRYPT PARSE OK
INFO	[2023-12-22 15:02:57:655] <18174> END cancel 정상처리되었습니다. Laptime:[0.137sec]
INFO	[2023-12-22 15:02:57:655] <18174> ===============================================================
