INFO	[2021-06-17 10:31:03:462] <15930> START INIPHP cancel (V5036-141209)(OS:Linux2.6.32-754.11.1.el6.x86_64,PHP:5.3.3)
DEBUG	[2021-06-17 10:31:03:462] <15930> inipayhome:/home1/killdeal/public_html/shop/inicis
DEBUG	[2021-06-17 10:31:03:462] <15930> debug:false
DEBUG	[2021-06-17 10:31:03:462] <15930> type:cancel
DEBUG	[2021-06-17 10:31:03:462] <15930> mid:fourseason
DEBUG	[2021-06-17 10:31:03:462] <15930> admin:1111
DEBUG	[2021-06-17 10:31:03:462] <15930> tid:INIMX_CARDfourseason20210610220046425608
DEBUG	[2021-06-17 10:31:03:462] <15930> cancelmsg:쇼핑몰 운영자 승인 취소
INFO	[2021-06-17 10:31:03:462] <15930> Check Field OK
INFO	[2021-06-17 10:31:03:462] <15930> PI PUB KEY LOAD OK []
INFO	[2021-06-17 10:31:03:463] <15930> PG PUB KEY LOAD OK [30]
INFO	[2021-06-17 10:31:03:463] <15930> MERCHANT PRIV KEY LOAD OK
INFO	[2021-06-17 10:31:03:463] <15930> MERCHANT PUB KEY LOAD OK [0]
DEBUG	[2021-06-17 10:31:03:464] <15930> MAKE ENCRYPT OK[<?xml version="1.0" encoding="UTF-8"?>
<CancelInfo>
	  <CancelTID>INIMX_CARDfourseason20210610220046425608</CancelTID>
	  <CancelMsg urlencode="1">%BC%EE%C7%CE%B8%F4+%BF%EE%BF%B5%C0%DA+%BD%C2%C0%CE+%C3%EB%BC%D2</CancelMsg>
	  <CancelReason/></CancelInfo>]
INFO	[2021-06-17 10:31:03:464] <15930> MAKE BODY OK
INFO	[2021-06-17 10:31:03:464] <15930> SIGN OK
INFO	[2021-06-17 10:31:03:464] <15930> MAKE HEAD OK
INFO	[2021-06-17 10:31:03:464] <15930> MSG_TO_PG:[0096200175D SHA1                   0                                      300420fourseason                    INIMX_CARDfourseason20210610220046425608<?xml version="1.0" encoding="UTF-8"?>
<INIpay>
	  <CancelInfo>
	    <SessionKey>u5YtTz6bnMcOK5hNFWEZnyZG1BudnTjMuOW+bCxz+o2DuGZj+lOYhZx9x1/ENwIN
M8vNi+59bj2mHf1/nmHcxoTMMVHn60NNk6BOxBJbf6K3f55RIbl+tJeqewwRtMuS
9qde+Uc774da1wiuziZjQM4knTpiB4ANt/QtDaLHhmCfUVpUBX5tQA==
</SessionKey>
	    <Encrypted>RWvIVkzuV3l++CEZdlvz2HpdosG5cwiM0XzF0Lnb8yMWqA/sKjpNo4TAutJnod7H
keZubSaDWjGmD85mpk0wH231EilzIyXIqzFpBbNFyQfjyJM+RLzjNu3QVQhyCmQy
a5vMUwS9R2cKteKClxvhZ0M00g1FoNhfgE3NbhvMxo63BcoVNDFmSCQoyWGHhAI8
SpSMVtGtTbnuTtoOu3WbX3MHioSgA5iIY+ICW+br3rz1CoZIXsj6nxp5X2J2uRtu
ZgQ1N37dJeUEkhzVpaYO8ImCAvq1V5oyNjN1q9UyQ/+hRo0GFs+V5pSnGQhRmz44
QH41VsGuTcaWZbCpE2IBww==
</Encrypted></CancelInfo>
	  <ReservedInfo>
	    <MReserved1/>
	    <MReserved2/>
	    <MReserved3/></ReservedInfo>
	  <ManageInfo>
	    <Language/>
	    <URL/>
	    <TXVersion>5036B141209canceLinux     PHPchkfake   2.6.32-754.11.1.el6.x86_64PHP:</TXVersion>
	    <TXUserID/>
	    <TXRegNum/></ManageInfo></INIpay>AG6DLqD9rPZyesQyBssNRaAQQbQx7TmFQqSDqGm1QVPxay54ppotlLxFiojvBY/z
qTrs1ko66hEps4Fj4AtD2WUZHJf6DxROUGFfeP1xQ7hwDRxeB+8RAsYZ3jeHAIax
9P7dBV1nHc1sM+BU87tFj9mktOLD/p46khutg3S2iI4o
]
INFO	[2021-06-17 10:31:03:464] <15930> DNS LOOKUP OK(203.238.37.3:203.238.37.3:34049) laptime:0
INFO	[2021-06-17 10:31:03:467] <15930> SOCKET CONNECT OK
INFO	[2021-06-17 10:31:03:467] <15930> SEND OK
INFO	[2021-06-17 10:31:03:679] <15930> RECV OK
INFO	[2021-06-17 10:31:03:679] <15930> MSG_FROM_PG:[0093300175D SHA1                   0                                      300430fourseason                    INIMX_CARDfourseason20210610220046425608<?xml version="1.0" encoding="UTF-8"?><INIpay>
<CancelInfo>
<ResultCode>120000</ResultCode>
<ResultMsg urlencode="1">%C1%A4%BB%F3%C3%B3%B8%AE%B5%C7%BE%FA%BD%C0%B4%CF%B4%D9.</ResultMsg>
<SessionKey>AGoMU7FltszSRO2r1Un2kOvdoAklG3UPpomJjZ9Y15XmCoVktmqDUf5unKVpUtVQ
W9Elr/x/fMdHuBjzVTSPIVrI+PjqO83OyLraxbC3wxGx93Kk3XyzxZFJisAvRcoa
U6Jx4oTRq3J9tUaakI4bzNYTC10sLTIy4EKof+hPDWi6L+zy7qnotaY=
</SessionKey>
<Encrypted>GywORWRIVEun0ThGKmZA1TrGdJweq7uxP1dAYoM1S7nkKjvUwJnqWGLjcrYTqVfg
iU1u6bAlBfBF2UvawaFOynE+CbzeLtzdhwT2QtdYTDN1QWWujj4iVFI/AeJcCWzF
IOHStLlnCb4bvxLzDAyxqRVEZubRbO98CwSf8HtpyuYgVHT+q/ER5SGZ+K+nW0uP
7dNCCrnZjECdaK4+NFX4UOV+NIKkwVn+mj60rqalZ4ezTGkvzooVc5fKRS6ZzQnE
M3bVrwu93Ml/hUnkWimNcSE0Rr/Vf31T+dBsvg9Eqmp6JQnEL/lwM1zxqFEJxyNw
kd1cmWUNXrujG+E/1pRZnpLpYL5tJ6OT
</Encrypted>
</CancelInfo>
<ManageInfo/>
<ReservedInfo>
<MReserved1 urlencode="1"/>
<MReserved2 urlencode="1"/>
<MReserved3 urlencode="1"/>
</ReservedInfo>
</INIpay>
1p9Nso6CTW5kAcu0XrCCgBLx6Jv+fZIJQETg4oey/uLZvsKMVtIzyPvQ7m+5Ufo+
8K4/DiKQXXy47yO99jahyzQbdkZpyQZ7Ax9IZtDGzoLmBmDe7S2ao/Iexeu0MSLt
mYTekFyEsRiDFUMYb4JljjwiuCny3nM5KlpWuFIzRFc=
]
INFO	[2021-06-17 10:31:03:679] <15930> VERIFY OK
INFO	[2021-06-17 10:31:03:679] <15930> PARSE HEAD OK
INFO	[2021-06-17 10:31:03:680] <15930> PARSE BODY OK
INFO	[2021-06-17 10:31:03:680] <15930> DECRYPT OK
DEBUG	[2021-06-17 10:31:03:680] <15930> DECRYPT MSG:[<?xml version="1.0" encoding="UTF-8"?><CancelInfo>
<CancelDate>20210617</CancelDate>
<CancelTime>103103</CancelTime>
<ResultCode>120000</ResultCode>
<ResultMsg urlencode="1">%C1%A4%BB%F3%C3%B3%B8%AE%B5%C7%BE%FA%BD%C0%B4%CF%B4%D9.</ResultMsg>
</CancelInfo>]
INFO	[2021-06-17 10:31:03:680] <15930> DECRYPT PARSE OK
INFO	[2021-06-17 10:31:03:680] <15930> END cancel 정상처리되었습니다. Laptime:[0.219sec]
INFO	[2021-06-17 10:31:03:680] <15930> ===============================================================
INFO	[2021-06-17 13:29:10:296] <15122> START INIPHP cancel (V5036-141209)(OS:Linux2.6.32-754.11.1.el6.x86_64,PHP:5.3.3)
DEBUG	[2021-06-17 13:29:10:296] <15122> inipayhome:/home1/killdeal/public_html/shop/inicis
DEBUG	[2021-06-17 13:29:10:296] <15122> debug:false
DEBUG	[2021-06-17 13:29:10:296] <15122> type:cancel
DEBUG	[2021-06-17 13:29:10:296] <15122> mid:fourseason
DEBUG	[2021-06-17 13:29:10:296] <15122> admin:1111
DEBUG	[2021-06-17 13:29:10:296] <15122> tid:StdpayCARDfourseason20210617124220264478
DEBUG	[2021-06-17 13:29:10:296] <15122> cancelmsg:주문자 본인 취소-상품옵션 선택 잘못함
INFO	[2021-06-17 13:29:10:296] <15122> Check Field OK
INFO	[2021-06-17 13:29:10:296] <15122> PI PUB KEY LOAD OK []
INFO	[2021-06-17 13:29:10:296] <15122> PG PUB KEY LOAD OK [30]
INFO	[2021-06-17 13:29:10:296] <15122> MERCHANT PRIV KEY LOAD OK
INFO	[2021-06-17 13:29:10:296] <15122> MERCHANT PUB KEY LOAD OK [0]
DEBUG	[2021-06-17 13:29:10:297] <15122> MAKE ENCRYPT OK[<?xml version="1.0" encoding="UTF-8"?>
<CancelInfo>
	  <CancelTID>StdpayCARDfourseason20210617124220264478</CancelTID>
	  <CancelMsg urlencode="1">%C1%D6%B9%AE%C0%DA+%BA%BB%C0%CE+%C3%EB%BC%D2-%BB%F3%C7%B0%BF%C9%BC%C7+%BC%B1%C5%C3+%C0%DF%B8%F8%C7%D4</CancelMsg>
	  <CancelReason/></CancelInfo>]
INFO	[2021-06-17 13:29:10:297] <15122> MAKE BODY OK
INFO	[2021-06-17 13:29:10:297] <15122> SIGN OK
INFO	[2021-06-17 13:29:10:297] <15122> MAKE HEAD OK
INFO	[2021-06-17 13:29:10:297] <15122> MSG_TO_PG:[0101500175D SHA1                   0                                      300420fourseason                    StdpayCARDfourseason20210617124220264478<?xml version="1.0" encoding="UTF-8"?>
<INIpay>
	  <CancelInfo>
	    <SessionKey>dX8jG3lr8BuPzv7U3xlsUxpV/HAwiecU4OAC1SM7gjl5KbAzEigfWvo0uVGJgNrQ
/prM5jE7FGBLasVJsgXLi9vGoRa2xDxzDRxesiK6eVcFgx1AMp67T8L78BGwfDcs
E23bdG5qQbTIvCjijvAaW2xHDjSvYH54syPKh/rmjK+s3fJckHU/ZA==
</SessionKey>
	    <Encrypted>3zM53SlSKktnb2UtyqFW0LGChc6g90wZlulrcVXfEcq44Gjcw8X2jp4YTcvjSwMo
RKpJkXqKsWMpBjjkqfJyuC5Ruj6kMbgtmrak0WqxrWLMz3bKJE41n9o+hc+X2NJK
UJq8ui8MvAnJb0jiOJ0Y1NEw2p6m6BAf41V+/kAJk4lQ25OyXKlV46CW+WwjK9pK
18xVXmvjGC/R5xRWTOGgBwfCDqC6uLYgEdfJoBEs0zvkSPE2E2IsEud309dg5giW
q7R2aFq8IdwVl7kDNHZxK796t4fk4COTXbjXO9fROxH27nZq73GMFwmsPcUS7yhr
y0BaVIAry1ntqChkTTnXCMRAbxs6IV9QXnVg5KwS5375rRn+/tku3oELk5v6kRfW
2u4PMgkxvbE=
</Encrypted></CancelInfo>
	  <ReservedInfo>
	    <MReserved1/>
	    <MReserved2/>
	    <MReserved3/></ReservedInfo>
	  <ManageInfo>
	    <Language/>
	    <URL/>
	    <TXVersion>5036B141209canceLinux     PHPchkfake   2.6.32-754.11.1.el6.x86_64PHP:</TXVersion>
	    <TXUserID/>
	    <TXRegNum/></ManageInfo></INIpay>AJRgpf8Uf9U5QkrJrS/ZiOPZBWmOfvMv8kPipyiqTtySKjcxuu8FLA13JHwej3a4
Z5i/lIGr2FZA9cZ7js1elPvGWo25yd5Y0zhEUxhfbt4lfVwadZsDb+tHA7C29/4I
/enjJtRUY8P3BeO8+lIu8yy3iXIaI/BxhtPjNAwX5tH7
]
INFO	[2021-06-17 13:29:10:298] <15122> DNS LOOKUP OK(203.238.37.3:203.238.37.3:34049) laptime:0
INFO	[2021-06-17 13:29:10:300] <15122> SOCKET CONNECT OK
INFO	[2021-06-17 13:29:10:300] <15122> SEND OK
INFO	[2021-06-17 13:29:10:609] <15122> RECV OK
INFO	[2021-06-17 13:29:10:609] <15122> MSG_FROM_PG:[0093300175D SHA1                   0                                      300430fourseason                    StdpayCARDfourseason20210617124220264478<?xml version="1.0" encoding="UTF-8"?><INIpay>
<CancelInfo>
<ResultCode>120000</ResultCode>
<ResultMsg urlencode="1">%C1%A4%BB%F3%C3%B3%B8%AE%B5%C7%BE%FA%BD%C0%B4%CF%B4%D9.</ResultMsg>
<SessionKey>AOa7FkuYVIB8/H2UGlZKUJg5VGA1dM+zSmmHUi3dM4K2KZWimAqsg28BW+kc9F/U
J5hO8lpuqACmL7ipAfejFwf5vmD08AZCIZH8CgLL8HLKeAox6EIihUHESoHJfdYX
6Cek8H/9+3wZEPrVKMBkXcd/TLmOuqmLwgRejVzQjUp7RcSIjqBrOX4=
</SessionKey>
<Encrypted>74Iy0UYEtAzNHyWtEBCsGqOsBcgDAvvybvRdIoxpqbQBto9RLRaj8SriO5f3iFCp
+wPhNbPD/XmPbilBYMZEfOOFj/QGfFTu6E3aFLiGQuoDPOhVYYWyzEIDk9TcfWtn
RlbtMekbiCu+QvszCFoiXtlKC63fRlb93L5gUpkY7YmK7aRmR/V34RKd22YIE6uC
sAUyfJFda8Fx2b+XhSo+sZrlVjz0f7/3hllFsGRY0bH+beM8djHgOP9oHCt2sv5v
c7TQeNf8esH9FlFaNF5N63idJv0FhvDD+2y0fV9kIQ7zi4Ta7qlbIZh5ASg8Uake
DF0rE/9Fn2qIzRZJ8VZhc3bInmFdWOlT
</Encrypted>
</CancelInfo>
<ManageInfo/>
<ReservedInfo>
<MReserved1 urlencode="1"/>
<MReserved2 urlencode="1"/>
<MReserved3 urlencode="1"/>
</ReservedInfo>
</INIpay>
leTYXOnWZP3TWCBssavleEsvwV1qXB9Gfzuen/kd83G3T9kE3/dl/KV3WWowO6BD
6SYTMZ1unOfPZcXd0HX4eh6hgaKhPziqedk+xHy6AP/YCXrdXk/oXh+1PnY2MYT+
2jiNwKozO3QLrJ8lXVTg3yn8+MKsMV66FH0nQ24YPI4=
]
INFO	[2021-06-17 13:29:10:609] <15122> VERIFY OK
INFO	[2021-06-17 13:29:10:609] <15122> PARSE HEAD OK
INFO	[2021-06-17 13:29:10:610] <15122> PARSE BODY OK
INFO	[2021-06-17 13:29:10:610] <15122> DECRYPT OK
DEBUG	[2021-06-17 13:29:10:610] <15122> DECRYPT MSG:[<?xml version="1.0" encoding="UTF-8"?><CancelInfo>
<CancelDate>20210617</CancelDate>
<CancelTime>132910</CancelTime>
<ResultCode>120000</ResultCode>
<ResultMsg urlencode="1">%C1%A4%BB%F3%C3%B3%B8%AE%B5%C7%BE%FA%BD%C0%B4%CF%B4%D9.</ResultMsg>
</CancelInfo>]
INFO	[2021-06-17 13:29:10:611] <15122> DECRYPT PARSE OK
INFO	[2021-06-17 13:29:10:611] <15122> END cancel 정상처리되었습니다. Laptime:[0.315sec]
INFO	[2021-06-17 13:29:10:611] <15122> ===============================================================
