INFO	[2021-03-30 14:16:10:644] <17263> START INIPHP repay (V5036-141209)(OS:Linux2.6.32-754.11.1.el6.x86_64,PHP:5.3.3)
DEBUG	[2021-03-30 14:16:10:644] <17263> inipayhome:/home1/killdeal/public_html/shop/inicis
DEBUG	[2021-03-30 14:16:10:644] <17263> debug:false
DEBUG	[2021-03-30 14:16:10:644] <17263> type:repay
DEBUG	[2021-03-30 14:16:10:644] <17263> pgid:INIphpRPAY
DEBUG	[2021-03-30 14:16:10:644] <17263> subpgip:203.238.3.10
DEBUG	[2021-03-30 14:16:10:644] <17263> mid:majorgol03
DEBUG	[2021-03-30 14:16:10:644] <17263> admin:1111
DEBUG	[2021-03-30 14:16:10:644] <17263> oldtid:INIMX_CARDmajorgol0320210316221015995883
DEBUG	[2021-03-30 14:16:10:644] <17263> currency:WON
DEBUG	[2021-03-30 14:16:10:644] <17263> price:37800
DEBUG	[2021-03-30 14:16:10:644] <17263> confirm_price:37800
DEBUG	[2021-03-30 14:16:10:644] <17263> buyeremail:jin0324two@naver.com
DEBUG	[2021-03-30 14:16:10:644] <17263> tax:3436
DEBUG	[2021-03-30 14:16:10:644] <17263> taxfree:0
INFO	[2021-03-30 14:16:10:644] <17263> Check Field OK
INFO	[2021-03-30 14:16:10:644] <17263> Make TID OK INIphpRPAYmajorgol0320210330141610449497
INFO	[2021-03-30 14:16:10:644] <17263> PI PUB KEY LOAD OK []
INFO	[2021-03-30 14:16:10:644] <17263> PG PUB KEY LOAD OK [30]
INFO	[2021-03-30 14:16:10:645] <17263> MERCHANT PRIV KEY LOAD OK
INFO	[2021-03-30 14:16:10:645] <17263> MERCHANT PUB KEY LOAD OK [0]
DEBUG	[2021-03-30 14:16:10:645] <17263> MAKE ENCRYPT OK[<?xml version="1.0" encoding="UTF-8"?>
<PartCancelInfo>
	  <PRTC_TID>INIMX_CARDmajorgol0320210316221015995883</PRTC_TID>
	  <PRTC_Price>37800</PRTC_Price>
	  <PRTC_Remains>37800</PRTC_Remains>
	  <PRTC_Quota/>
	  <PRTC_Interest/>
	  <PRTC_NoAcctFNBC/>
	  <PRTC_NmAcctFNBC/></PartCancelInfo>]
INFO	[2021-03-30 14:16:10:646] <17263> MAKE BODY OK
INFO	[2021-03-30 14:16:10:646] <17263> SIGN OK
INFO	[2021-03-30 14:16:10:646] <17263> MAKE HEAD OK
INFO	[2021-03-30 14:16:10:646] <17263> MSG_TO_PG:[0111700175D SHA1                   0                                      300620majorgol03               37800INIphpRPAYmajorgol0320210330141610449497<?xml version="1.0" encoding="UTF-8"?>
<INIpay>
	  <PartCancelInfo>
	    <SessionKey>3mvzpeKHPTHxFpSv54w7UpAQ1rPM13zh2bN2iD6TOZUXUQtIg2jwftFzo6TTVoUz
FweZoCTax8V637WTyYtWRgblsiUAsTTJSbfarR5+lCS7rVwUpduUIY1BEkE7mptq
F3O75hkPNd30B8uU2w42IuzSHPkdu9IiY+8OFKRQAyE76rL3rHstKA==
</SessionKey>
	    <Encrypted>6qaN2BdXwrQsPoPrTqJZNQ73cZTR7ltALX+FpGvrn7b3fMNSt/B9uj7cbBSl+D6x
v6l6OvlABmYtFLIgz1u2hQ3zh8NwfoxKPGQI44eE5s5e4h9tNzcpsbJhjDxPKh3j
OD9rxAeZCDy365pmRSOiGLhvLtqE4eh9I+3snjxrGiltdWrpD4T4Olu2jcVMLUfN
zsGrUvL5nVKOgfwVWsFAAwi1urqOwhfl4CmUX3CdrYgvP7+4JC5nAS+KC7JcAkDo
ipuTEd4ubQnYEA1nDznIPX/5Xn8z/uw5fk+fJRhllJF+QIrBalDEK7/DxO14Hy0t
care2yyWjq6rQgLR/YcAqk8YLvWxETommYk0P6RNurE6FaVCBoZgdtHkkQn9xFUw
ZwVekSPMEcU=
</Encrypted></PartCancelInfo>
	  <GoodsInfo>
	    <Tax>3436</Tax>
	    <TaxFree/>
	    <Currency>WON</Currency></GoodsInfo>
	  <ReservedInfo>
	    <MReserved1/>
	    <MReserved2/>
	    <MReserved3/></ReservedInfo>
	  <ManageInfo>
	    <Language/>
	    <URL/>
	    <TXVersion>5036B141209repayLinux     PHPchkfake   2.6.32-754.11.1.el6.x86_64PHP:</TXVersion>
	    <TXUserID/>
	    <TXRegNum/></ManageInfo></INIpay>AQyq/kvFUW51qn+JYO6gz6bjdV7cavaZGuQHW2eVcaU3y3j435N7UGPRZ00VgdHn
JV8brgKYuZRSkP8sXTpwL/OTiMu2mAvT7sqh+sn5arRNzECITlRslBnxhJbLgn82
OTBVXZHDgE6e7p4UdE2E4zMYxGAcXf62o0ZuMl3Z9wsK
]
INFO	[2021-03-30 14:16:10:646] <17263> DNS LOOKUP OK(203.238.37.3:203.238.37.3:34049) laptime:0
INFO	[2021-03-30 14:16:10:649] <17263> SOCKET CONNECT OK
INFO	[2021-03-30 14:16:10:649] <17263> SEND OK
INFO	[2021-03-30 14:16:10:872] <17263> RECV OK
INFO	[2021-03-30 14:16:10:872] <17263> MSG_FROM_PG:[0098000175D SHA1                   0                                      300630majorgol03               37800INIphpRPAYmajorgol0320210330141610449497<?xml version="1.0" encoding="UTF-8"?><INIpay>
<PartCancelInfo>
<PayMethod>Card</PayMethod>
<ResultCode>120000</ResultCode>
<ResultMsg urlencode="1">%C1%A4%BB%F3%C3%B3%B8%AE%B5%C7%BE%FA%BD%C0%B4%CF%B4%D9.</ResultMsg>
<SessionKey>APneADKKYSL95oS9WaceHWpUAsRzsbKmUw9xmtc6MZCRyTjEtlMMVk4ip8YgaeKO
uKOdCkk+deDV7o3nsy8oeKRL6tJd32+M0om6rb4BRB+gua7HZv/+Wz8R9RTyDsuR
3ChCbeoqi8yZmTMC+vs62ohH5Xa9L8vOOfr23Ygoj6SaBqUzQvKwsnA=
</SessionKey>
<Encrypted>RTPZN7UolcRHOqGA7FxPGJjD+8tiQtDSm9Igl5F2h2Pe1gcmRsTOSAT7FfaN7o6l
Ff+m2syrkPLxaTZqRqDyLFYoE2lFzcv/VC5AMIUQmWpxTL8eALo7gVRSY6gnLPlK
Sd9OK9ns5hPerEyIjqaKxYNTUl5dZXU+MdsOnxNSFa0mwsYE79NiaJRTI5w9M2Xy
uh3UCU/C3hudvwil21ZViE2sIYfrz9X2dg2fVToPWYRSL/CTn/QMWEU1DWKX1we5
niAi3XP8jSifxpmv8ywmk3g/370mjnNMXVsIWtdkpn4RWdWJA+W1m5lSCiQq2NOm
cqH0yWOs3Vuo55LGy5vghvdYurklaGFFrHKxueXLPFqq4VX15VaTeNwACNS+fsAC
t24k2uhS7H5uxxc+bTtBPl52flyS80+xyQetSgG7XijiADAJfp0HnI5RLw1UVa3B
n6zfVg3wL4s=
</Encrypted>
</PartCancelInfo>
<ManageInfo/>
<ReservedInfo/>
</INIpay>
H4DnzUWA9TewERQT3ljnsDIsCdH9Zgr/dfAxYIeUln3MWuT9D3osc7ly2Exhvt7R
1zWr+LADGCdyIvZajDI3OnjPT8x4F++0puG8HRIludDO6E8kycgDvnIZEZnVAnFo
CYbHQgOWfXIqhFTJ9HVFxcd/FZUnB2IIuUM4pSjh864=
]
INFO	[2021-03-30 14:16:10:872] <17263> VERIFY OK
INFO	[2021-03-30 14:16:10:872] <17263> PARSE HEAD OK
INFO	[2021-03-30 14:16:10:872] <17263> PARSE BODY OK
INFO	[2021-03-30 14:16:10:873] <17263> DECRYPT OK
DEBUG	[2021-03-30 14:16:10:873] <17263> DECRYPT MSG:[<?xml version="1.0" encoding="UTF-8"?><PartCancelInfo>
<PRTC_TID>INIMX_CARDmajorgol0320210316221015995883</PRTC_TID>
<PRTC_Price>37800</PRTC_Price>
<PRTC_Remains>37800</PRTC_Remains>
<PRTC_Quota>03</PRTC_Quota>
<PRTC_Type>1</PRTC_Type>
<CancelDate>20210330</CancelDate>
<CancelTime>141610</CancelTime>
<PRTC_Cnt>1</PRTC_Cnt>
</PartCancelInfo>]
INFO	[2021-03-30 14:16:10:873] <17263> DECRYPT PARSE OK
INFO	[2021-03-30 14:16:10:873] <17263> END repay 정상처리되었습니다. Laptime:[0.229sec]
INFO	[2021-03-30 14:16:10:873] <17263> ===============================================================
