INFO	[2020-07-25 11:06:03:599] <8663> START INIPHP receipt (V5036-141209)(OS:Linux2.6.32-754.11.1.el6.x86_64,PHP:5.3.3)
DEBUG	[2020-07-25 11:06:03:599] <8663> inipayhome:/home/killdeal/public_html/shop/inicis
DEBUG	[2020-07-25 11:06:03:599] <8663> debug:false
DEBUG	[2020-07-25 11:06:03:599] <8663> type:receipt
DEBUG	[2020-07-25 11:06:03:599] <8663> pgid:INIphpRECP
DEBUG	[2020-07-25 11:06:03:599] <8663> paymethod:CASH
DEBUG	[2020-07-25 11:06:03:599] <8663> currency:WON
DEBUG	[2020-07-25 11:06:03:599] <8663> admin:1111
DEBUG	[2020-07-25 11:06:03:599] <8663> mid:majorgol03
DEBUG	[2020-07-25 11:06:03:599] <8663> goodname:킬딜특가2박스총24구2020브리지스톤슈퍼스트레이트3피스골프공
DEBUG	[2020-07-25 11:06:03:599] <8663> cr_price:58900
DEBUG	[2020-07-25 11:06:03:599] <8663> sup_price:53545
DEBUG	[2020-07-25 11:06:03:599] <8663> tax:5355
DEBUG	[2020-07-25 11:06:03:599] <8663> srvc_price:0
DEBUG	[2020-07-25 11:06:03:599] <8663> buyername:신동인
DEBUG	[2020-07-25 11:06:03:599] <8663> buyeremail:rkaehddls@naver.com
DEBUG	[2020-07-25 11:06:03:599] <8663> buyertel:01046329638
DEBUG	[2020-07-25 11:06:03:599] <8663> reg_num:01046329638
DEBUG	[2020-07-25 11:06:03:599] <8663> useopt:0
DEBUG	[2020-07-25 11:06:03:599] <8663> companynumber:
INFO	[2020-07-25 11:06:03:599] <8663> Check Field OK
INFO	[2020-07-25 11:06:03:599] <8663> Make TID OK INIphpRECPmajorgol0320200725110603997771
INFO	[2020-07-25 11:06:03:599] <8663> PI PUB KEY LOAD OK []
INFO	[2020-07-25 11:06:03:599] <8663> PG PUB KEY LOAD OK [30]
INFO	[2020-07-25 11:06:03:600] <8663> MERCHANT PRIV KEY LOAD OK
INFO	[2020-07-25 11:06:03:600] <8663> MERCHANT PUB KEY LOAD OK [0]
DEBUG	[2020-07-25 11:06:03:601] <8663> MAKE ENCRYPT OK[<?xml version="1.0" encoding="UTF-8"?>
<PaymentInfo>
	  <Payment>
	    <CASH>
	      <CSHR_ApplPrice>58900</CSHR_ApplPrice>
	      <CSHR_SupplyPrice>53545</CSHR_SupplyPrice>
	      <CSHR_Tax>5355</CSHR_Tax>
	      <CSHR_ServicePrice/>
	      <CSHR_Type>0</CSHR_Type>
	      <CSHR_RegNum>01046329638</CSHR_RegNum>
	      <CSHR_CompanyNum/></CASH></Payment></PaymentInfo>]
INFO	[2020-07-25 11:06:03:601] <8663> MAKE BODY OK
INFO	[2020-07-25 11:06:03:602] <8663> SIGN OK
INFO	[2020-07-25 11:06:03:602] <8663> MAKE HEAD OK
INFO	[2020-07-25 11:06:03:602] <8663> MSG_TO_PG:[0199400175D SHA1                   0                                      300200majorgol03               58900INIphpRECPmajorgol0320200725110603997771<?xml version="1.0" encoding="UTF-8"?>
<INIpay>
	  <GoodsInfo>
	    <GoodsCnt>1</GoodsCnt>
	    <MOID/>
	    <Currency>WON</Currency>
	    <Tax>5355</Tax>
	    <TaxFree/>
	    <Goods>
	      <SMID>majorgol03</SMID>
	      <GoodsName urlencode="1">%C5%B3%B5%F4%C6%AF%B0%A12%B9%DA%BD%BA%C3%D124%B1%B82020%BA%EA%B8%AE%C1%F6%BD%BA%C5%E6%BD%B4%C6%DB%BD%BA%C6%AE%B7%B9%C0%CC%C6%AE3%C7%C7%BD%BA%B0%F1%C7%C1%B0%F8</GoodsName>
	      <GoodsPrice>58900</GoodsPrice></Goods></GoodsInfo>
	  <BuyerInfo>
	    <BuyerName urlencode="1">%BD%C5%B5%BF%C0%CE</BuyerName>
	    <BuyerTel>01046329638</BuyerTel>
	    <BuyerEmail urlencode="1">rkaehddls%40naver.com</BuyerEmail>
	    <ParentEmail/>
	    <RecvName/>
	    <RecvTel/>
	    <RecvMsg/>
	    <RecvAddr/>
	    <RecvPostNum/></BuyerInfo>
	  <PaymentInfo>
	    <Payment>
	      <PayMethod>CASH</PayMethod>
	      <JoinCard/>
	      <JoinExpire/>
	      <MailOrder/>
	      <SessionKey>m7wVDg3OM4yr0vYQBn6wpKVaHHAwVKet0z4lXW/PM5OQRirSZwo6S5uo2Xt/Gnny
iR3WtS1K1IyLfCXZ6CcUeJS+rVdRKPFHxePkg/kiP4YTsm2bhsj+yw8fLnFyNsfz
JWfhbgSxitog8y9RxKMgOcL2yAOyFsQIQcJqgSOYmr8r6ZBOMsL7Lg==
</SessionKey>
	      <Encrypted>Mo128r1MEid8haj+QDofFtjTC2qnSGenfLpNViI31P5LOvLb213xRNxo/9ob592h
O0F+JtInuEOMgiTl3Cjd21OlgKfHRRJx9lUfK99zptbZWARmgC4txgd9VidT2afi
gUXp3WlvUO5YT1/q4l4iFpfzrc2FJauEogOdZUXuR9ZjolxkGqceJRei4Jwt07fF
Bzw7KzBRFU5eoLTvmtzN63RifDTvncR8kcfDBgcvsJ9w7MAJmUAm8oOV5aaWUv/u
cDVCToyM99OtAlh21Zesot+Z1BleN51RdNjIOzSTrDMQrqySdHmr4nys0HUqc+SE
StYLD++ir7YIFf9LtwtUHjjYjauxAOGDFVcxcAVWir/jTmy+GXcjGFpaVb2ZXZQJ
fnliqZtJMWRR73zcZ52jejm905JB/MxQZglyQxSQtp+Y/JeGjCA+QDs3QQ4Ltmko
BBnHOkVgF5L/u2opy9PwpQPRD7xbSLRwsmoIUq9kaSlbG8RRbtsU3w==
</Encrypted></Payment></PaymentInfo>
	  <ReservedInfo>
	    <MReserved1/>
	    <MReserved2/>
	    <MReserved3/></ReservedInfo>
	  <ManageInfo>
	    <Language/>
	    <URL/>
	    <TXVersion>5036B141209receiLinux     PHPchkfake   2.6.32-754.11.1.el6.x86_64PHP:</TXVersion>
	    <TXUserID/>
	    <TXRegNum/>
	    <Ack>1</Ack></ManageInfo></INIpay>AElwvadfxNW/exSSSTsmvFRZOR8RNmecRLxSd38TyGh7d0KmuYTpKirLFH4EvL7c
UVy4QXsWWGYtokLTKkp/PGKk+UyCgi2oWlVm0FedUB8uTI92M57qTigIis3hBU56
fdMWaz9JshrFMNhMA+/oEKXaGILQwCG3p0nHIue1Kvhi
]
INFO	[2020-07-25 11:06:03:602] <8663> DNS LOOKUP OK(203.238.37.3:203.238.37.3:34049) laptime:0
INFO	[2020-07-25 11:06:03:604] <8663> SOCKET CONNECT OK
INFO	[2020-07-25 11:06:03:604] <8663> SEND OK
INFO	[2020-07-25 11:06:03:750] <8663> RECV OK
INFO	[2020-07-25 11:06:03:750] <8663> MSG_FROM_PG:[0230300175D SHA1                   0                                      300210majorgol03               58900INIphpRECPmajorgol0320200725110603997771<?xml version="1.0" encoding="UTF-8"?>
<INIpay>
  <GoodsInfo>
    <GoodsCnt>1</GoodsCnt>
    <MOID urlencode="1"></MOID>
    <Currency>WON</Currency>
    <Goods no="1">
      <SMID>majorgol03</SMID>
      <GoodsName urlencode="1">%C5%B3%B5%F4%C6%AF%B0%A12%B9%DA%BD%BA%C3%D124%B1%B82020%BA%EA%B8%AE%C1%F6%BD%BA%C5%E6%BD%B4%C6%DB%BD%BA%C6%AE%B7%B9%C0%CC%C6%AE3%C7%C7%BD%BA%B0%F1%C7%C1%B0%F8</GoodsName>
      <GoodsCntS>1</GoodsCntS>
      <GoodsPrice>58900</GoodsPrice>
    </Goods>
  </GoodsInfo>
  <PaymentInfo>
    <Payment>
      <SessionKey>AHE6k+Hd0KnCjlSwVKXhvzpMGYMU5QTyoTqbwbcGIe8VYXiJ41YAjq/lMEeUP3qh
wSil99wM3K8tt86zT66r1jz+olgFwRmhi8V2BLuWAG7FLzAXEbyvg70ldmdVjw4A
Omkvx+D3KBEEVlL9SDjicFlme6dBYLlDnemZ9NBiiwso48Eregf6pf4=
</SessionKey>
      <Encrypted>B9g5hUEv8WrXNXA4DrqD63MyMOpPbXq61LCiqet0dlZC83PD6v3N928lft1E5Alm
RTNg/G4j2ZhNmq6KE3cuNk/BnZbcPmbsAg09y8UIXbkkyrn4ZA0DGO0nbjSLZC03
yru6rYlKY0QdyX3f7GGGdGjVHNkPjzWIE1e8lwus89AcnEdlLp9WxmOEGl41jRoW
TeGJJRsirGfqdr4L/OwkMJfobG5wKylIpkgPA/dVRFUQoeIXtjmhmo0Qqrun08cO
MUS26cInREtERG2sNAxwi8KRP5UeEGKBdLrl92KhAXqKuQXxuKZn5p588eZ1TeSm
W45v7yTtYf69uBDaO9BHTTSHveXFS0iTRxpEPfes5OJCABvMSEIcseIsZl34QUWR
uD7da2X2EEWVE5RRJXIkiO/uvLVak2LB3KeMaVjeczCydoXWi7QHzsZtZcztlxI1
uF3I1u6zh7x1fZdOA+FuR7zOJ6nsEcHCTIku7l7dxsD2Jp6OyQKeqN9Ewc5o+PWK
mBHJMP28bRo04EUv9C7tkpGUiunQ1+tse2AmmBQiw13FYHsh8CmE4qg9Pj5u7oZQ
P/6eRCGgy+bJoojBf/dcka7qC56mG691btfx4bSzNajbSPZA5bZb/FpPgfQ2IKHL
mpJTO9KEOwNk+o1r7aU4p6r45AtHsh8I8Jjy39EccANddroEyckHlMeSFZDW7fDD
fF5/hPAk2e/KpO0Md4yeyuaxOE4H5e0wVOgcS1gXt1MwU8IRqy14k+3EeEiSQJkR
hrUkzdHHqZr5RcjzKpx811xBWvvXfFFLZ9OqRMht/dqDKgOJaXAV/kwqyuHahcF5
7AEdiqlKA2g=
</Encrypted>
      <PayMethod>CASH</PayMethod>
      <ResultCode>220000</ResultCode>
      <ResultMsg urlencode="1">%C1%A4%BB%F3%C3%B3%B8%AE%B5%C7%BE%FA%BD%C0%B4%CF%B4%D9.</ResultMsg>
    </Payment>
  </PaymentInfo>
  <ManageInfo>
    <EventCode></EventCode>
    <OrgCurrency></OrgCurrency>
    <ExchangeRate></ExchangeRate>
    <OrgPrice></OrgPrice>
  </ManageInfo>
  <ReservedInfo>
    <MReserved1 urlencode="1"></MReserved1>
    <MReserved2 urlencode="1"></MReserved2>
    <MReserved3 urlencode="1"></MReserved3>
    <PGReserved1 urlencode="1"></PGReserved1>
    <PGReserved2 urlencode="1"></PGReserved2>
    <PGReserved3 urlencode="1"></PGReserved3>
  </ReservedInfo>
</INIpay>
CU45WYkTJpxqRiYJ6kIJa4lYAnA/ad8lt2zG5tl9/4t/OdzlGWasoQOLgnhnUeZ6
H4la2iVtlLEa4xmwKJ/YA267B9Jyn5n5snNVrjmn5qz/1n/fK4h3MLYQUtStn6X4
Bzf/N265HLwPhrNV64YvtckX+1zHzALeva5DMPVfVks=
]
INFO	[2020-07-25 11:06:03:750] <8663> VERIFY OK
INFO	[2020-07-25 11:06:03:750] <8663> PARSE HEAD OK
INFO	[2020-07-25 11:06:03:751] <8663> PARSE BODY OK
INFO	[2020-07-25 11:06:03:752] <8663> DECRYPT OK
DEBUG	[2020-07-25 11:06:03:752] <8663> DECRYPT MSG:[<?xml version="1.0" encoding="UTF-8"?>
<PaymentInfo>
  <Payment>
    <EASYPAY/>
    <CASH>
      <CSHR_ApplPrice>58900</CSHR_ApplPrice>
      <CSHR_SupplyPrice>53545</CSHR_SupplyPrice>
      <CSHR_Tax>5355</CSHR_Tax>
      <CSHR_ServicePrice></CSHR_ServicePrice>
      <CSHR_Type>0</CSHR_Type>
      <CSHR_ApplDate>20200725</CSHR_ApplDate>
      <CSHR_ApplTime>110604</CSHR_ApplTime>
      <CSHR_ApplNum>266808788</CSHR_ApplNum>
      <CSHR_ResultCode>220000</CSHR_ResultCode>
      <CSHR_ResultMsg urlencode="1">%C1%A4%BB%F3%C3%B3%B8%AE%B5%C7%BE%FA%BD%C0%B4%CF%B4%D9.</CSHR_ResultMsg>
    </CASH>
  </Payment>
</PaymentInfo>]
INFO	[2020-07-25 11:06:03:753] <8663> DECRYPT PARSE OK
INFO	[2020-07-25 11:06:03:753] <8663> WAIT ACK INVOKING
DEBUG	[2020-07-25 11:06:03:753] <8663> MAKE HEAD OK
INFO	[2020-07-25 11:06:03:756] <8663> SUCCESS ACK INVOKING
INFO	[2020-07-25 11:06:03:756] <8663> END receipt 정상처리되었습니다. Laptime:[0.158sec]
INFO	[2020-07-25 11:06:03:756] <8663> ===============================================================
