INFO	[2021-04-26 09:43:41:233] <9723> START INIPHP repay (V5036-141209)(OS:Linux2.6.32-754.11.1.el6.x86_64,PHP:5.3.3)
DEBUG	[2021-04-26 09:43:41:233] <9723> inipayhome:/home1/killdeal/public_html/shop/inicis
DEBUG	[2021-04-26 09:43:41:233] <9723> debug:false
DEBUG	[2021-04-26 09:43:41:233] <9723> type:repay
DEBUG	[2021-04-26 09:43:41:233] <9723> pgid:INIphpRPAY
DEBUG	[2021-04-26 09:43:41:233] <9723> subpgip:203.238.3.10
DEBUG	[2021-04-26 09:43:41:233] <9723> mid:majorgol03
DEBUG	[2021-04-26 09:43:41:233] <9723> admin:1111
DEBUG	[2021-04-26 09:43:41:233] <9723> oldtid:INIMX_CARDmajorgol0320210424190559145741
DEBUG	[2021-04-26 09:43:41:233] <9723> currency:WON
DEBUG	[2021-04-26 09:43:41:233] <9723> price:58110
DEBUG	[2021-04-26 09:43:41:233] <9723> confirm_price:167310
DEBUG	[2021-04-26 09:43:41:233] <9723> buyeremail:mira66324@gmail.com
DEBUG	[2021-04-26 09:43:41:233] <9723> tax:5283
DEBUG	[2021-04-26 09:43:41:233] <9723> taxfree:0
INFO	[2021-04-26 09:43:41:233] <9723> Check Field OK
INFO	[2021-04-26 09:43:41:233] <9723> Make TID OK INIphpRPAYmajorgol0320210426094341335053
INFO	[2021-04-26 09:43:41:233] <9723> PI PUB KEY LOAD OK []
INFO	[2021-04-26 09:43:41:234] <9723> PG PUB KEY LOAD OK [30]
INFO	[2021-04-26 09:43:41:234] <9723> MERCHANT PRIV KEY LOAD OK
INFO	[2021-04-26 09:43:41:235] <9723> MERCHANT PUB KEY LOAD OK [0]
DEBUG	[2021-04-26 09:43:41:235] <9723> MAKE ENCRYPT OK[<?xml version="1.0" encoding="UTF-8"?>
<PartCancelInfo>
	  <PRTC_TID>INIMX_CARDmajorgol0320210424190559145741</PRTC_TID>
	  <PRTC_Price>58110</PRTC_Price>
	  <PRTC_Remains>167310</PRTC_Remains>
	  <PRTC_Quota/>
	  <PRTC_Interest/>
	  <PRTC_NoAcctFNBC/>
	  <PRTC_NmAcctFNBC/></PartCancelInfo>]
INFO	[2021-04-26 09:43:41:235] <9723> MAKE BODY OK
INFO	[2021-04-26 09:43:41:236] <9723> SIGN OK
INFO	[2021-04-26 09:43:41:236] <9723> MAKE HEAD OK
INFO	[2021-04-26 09:43:41:236] <9723> MSG_TO_PG:[0111700175D SHA1                   0                                      300620majorgol03               58110INIphpRPAYmajorgol0320210426094341335053<?xml version="1.0" encoding="UTF-8"?>
<INIpay>
	  <PartCancelInfo>
	    <SessionKey>VldoH/FHdAAHA0tSVJKGji080USdMo1VahP8qNud18zWOWT4ytKQzmY5cWxf7xIt
GPZ/8EgyOIzuWfaZmD1rGTxnmdm3F3S2ry1dquSC5IM9kKRL7NhfF9Ul8L/T+FtK
TeFDqLWJuSPPhA+kJ/DfeBa5cxp4SbutZkRwrHLTurCj3Tk6BDXEoA==
</SessionKey>
	    <Encrypted>PgnP2RKwgiDedNoUZXe6/muBH8A5GLoYT/B9ypC5VAsyzDoQ5F9SFkfwrMtBA+Du
y9YrdADHYMHOnsGvUbI8ioHSEHvX/EDfMoHX/yBKfnrhohSJ5uuEPdDu8dZ+tkhn
6/E0j4Wco+Hzvmeq7M/lQC4FyZ1crim51EtZXN4U6BcEtW5AluXQ1CZLrjjdxCVU
SyzlcDAvVna0jLgdzLYZ3XIJcu0TK7hcG0LkCyleO1bySU6NuF9O5yXW74Vo0Jg1
xm+N/VIWfLSSGB0fzHr3u2hV0/25wJxNfBCdUSGBPqMUBZvn8I9uBMPrZLrvwls6
5bkpTYsc/LICAx2DjyRLcczbhxonGgNZb/lepjfWKVVEkv2K6miG3jhGWuUfDTI4
0MxPWoWCfdE=
</Encrypted></PartCancelInfo>
	  <GoodsInfo>
	    <Tax>5283</Tax>
	    <TaxFree/>
	    <Currency>WON</Currency></GoodsInfo>
	  <ReservedInfo>
	    <MReserved1/>
	    <MReserved2/>
	    <MReserved3/></ReservedInfo>
	  <ManageInfo>
	    <Language/>
	    <URL/>
	    <TXVersion>5036B141209repayLinux     PHPchkfake   2.6.32-754.11.1.el6.x86_64PHP:</TXVersion>
	    <TXUserID/>
	    <TXRegNum/></ManageInfo></INIpay>AFomVmA48VbjEJfPK0d7PWlKH9hwVjq6d/hDIdo8VoNb3yaZbC+xOp4YiQyxHkh6
MskCFWmGaLKFwutJMaDG0yrBMbp8A8Q9YAhwi/3Yx94bgPQ12b+wwZpXUcZ39y2g
aOnFjkIfg1JLGY41n07kMYmmkMuh4idsIS7/f620WchA
]
INFO	[2021-04-26 09:43:41:236] <9723> DNS LOOKUP OK(203.238.37.3:203.238.37.3:34049) laptime:0
INFO	[2021-04-26 09:43:41:238] <9723> SOCKET CONNECT OK
INFO	[2021-04-26 09:43:41:238] <9723> SEND OK
INFO	[2021-04-26 09:43:41:464] <9723> RECV OK
INFO	[2021-04-26 09:43:41:464] <9723> MSG_FROM_PG:[0099200175D SHA1                   0                                      300630majorgol03               58110INIphpRPAYmajorgol0320210426094341335053<?xml version="1.0" encoding="UTF-8"?><INIpay>
<PartCancelInfo>
<PayMethod>Card</PayMethod>
<ResultCode>120000</ResultCode>
<ResultMsg urlencode="1">%C1%A4%BB%F3%C3%B3%B8%AE%B5%C7%BE%FA%BD%C0%B4%CF%B4%D9.</ResultMsg>
<SessionKey>AGAF9j5TbvbMHRPhyv9HPVWiXnl3RkxaVOo2PkPDQWvMP1JdkZhoJWFTtMSHeX9X
4GEQddagzTJMUTUupj/AOSRtW2kdDMrJyLSwbEiQLey8XDRZ6ypiHdgse+Cd0sxV
nPfNiLKT6SqKOflmPLU2DO7Fvy1MeOOq76XryxlUjCZvzOxC84VC3B0=
</SessionKey>
<Encrypted>mZpUaWTJwAP9zEUrz5dMUVNg9HZ7oDl4Cs8nMNY3HLg2Wy2VYwW7a8LdtVTHSWz4
ViC9KD5HFtz+FBNVg9qOhPfxtXv6ezDEcluL8P3tT3M+OlCnJGfU+b6L1gMdZXiB
nmroHV4W7XBq4Zno10BqDnzAyZYDOTO1Pr0Xa/ba0yeEI1VBbjtilENZwKXIAEFY
MP91VO8opfY4R4071qU0omKZxTEH8cdVhUA0WlhmvzUpD/G+xV5UFRFIVmhbGI9A
9tKQAZYEJh6AsRYMGwKQSZRaMjcf/Ji+HCd95VQsjotdvQRS/mQlKYZnQH4AqjPK
nxlyLjFV43Sf9T5UbUqF/L/31YNEkF1BpTcwQHBl6aYwsCxescGF9/RnnMZMhdwW
llkfqbbxN1noWf/NYESJPufKHNjvxvYuHhms9ncUTEVdwWl1MEjPM92fWTv8GDfE
2X0/MgDpcBes1gbAwHcKUw==
</Encrypted>
</PartCancelInfo>
<ManageInfo/>
<ReservedInfo/>
</INIpay>
rEJZL4BQ+jkGpTwfe3htbDwgbHBMvNYvkuBrfwDzmE+dPJDEOl6gRtAcGIrsKjqd
b2Z1KHSxXjA3amu0fY0DFlltb+QEAXvhhu4Bc7OyyRp2uS/dO1OelcKUkTJHg3AY
hb5oE6nIyczjlNyTlPQ0ha+IdzWS0vUTsumr92NQLH4=
]
INFO	[2021-04-26 09:43:41:465] <9723> VERIFY OK
INFO	[2021-04-26 09:43:41:465] <9723> PARSE HEAD OK
INFO	[2021-04-26 09:43:41:465] <9723> PARSE BODY OK
INFO	[2021-04-26 09:43:41:466] <9723> DECRYPT OK
DEBUG	[2021-04-26 09:43:41:466] <9723> DECRYPT MSG:[<?xml version="1.0" encoding="UTF-8"?><PartCancelInfo>
<PRTC_TID>INIMX_CARDmajorgol0320210424190559145741</PRTC_TID>
<PRTC_Price>58110</PRTC_Price>
<PRTC_Remains>167310</PRTC_Remains>
<PRTC_Quota>03</PRTC_Quota>
<PRTC_Type>1</PRTC_Type>
<CancelDate>20210426</CancelDate>
<CancelTime>094341</CancelTime>
<PRTC_Cnt>1</PRTC_Cnt>
</PartCancelInfo>]
INFO	[2021-04-26 09:43:41:466] <9723> DECRYPT PARSE OK
INFO	[2021-04-26 09:43:41:466] <9723> END repay 정상처리되었습니다. Laptime:[0.233sec]
INFO	[2021-04-26 09:43:41:466] <9723> ===============================================================
