INFO	[2022-04-20 13:44:37:87] <8828> START INIPHP cancel (V5036-141209)(OS:Linux2.6.32-754.11.1.el6.x86_64,PHP:5.3.3)
DEBUG	[2022-04-20 13:44:37:87] <8828> inipayhome:/home1/killdeal/public_html/shop/inicis
DEBUG	[2022-04-20 13:44:37:87] <8828> debug:false
DEBUG	[2022-04-20 13:44:37:87] <8828> type:cancel
DEBUG	[2022-04-20 13:44:37:87] <8828> mid:fourseason
DEBUG	[2022-04-20 13:44:37:87] <8828> admin:1111
DEBUG	[2022-04-20 13:44:37:87] <8828> tid:INIMX_ISP_fourseason20220419153650574764
DEBUG	[2022-04-20 13:44:37:87] <8828> cancelmsg:쇼핑몰 운영자 승인 취소
INFO	[2022-04-20 13:44:37:87] <8828> Check Field OK
INFO	[2022-04-20 13:44:37:87] <8828> PI PUB KEY LOAD OK []
INFO	[2022-04-20 13:44:37:88] <8828> PG PUB KEY LOAD OK [30]
INFO	[2022-04-20 13:44:37:88] <8828> MERCHANT PRIV KEY LOAD OK
INFO	[2022-04-20 13:44:37:88] <8828> MERCHANT PUB KEY LOAD OK [0]
DEBUG	[2022-04-20 13:44:37:89] <8828> MAKE ENCRYPT OK[<?xml version="1.0" encoding="UTF-8"?>
<CancelInfo>
	  <CancelTID>INIMX_ISP_fourseason20220419153650574764</CancelTID>
	  <CancelMsg urlencode="1">%BC%EE%C7%CE%B8%F4+%BF%EE%BF%B5%C0%DA+%BD%C2%C0%CE+%C3%EB%BC%D2</CancelMsg>
	  <CancelReason/></CancelInfo>]
INFO	[2022-04-20 13:44:37:89] <8828> MAKE BODY OK
INFO	[2022-04-20 13:44:37:89] <8828> SIGN OK
INFO	[2022-04-20 13:44:37:89] <8828> MAKE HEAD OK
INFO	[2022-04-20 13:44:37:89] <8828> MSG_TO_PG:[0096200175D SHA1                   0                                      300420fourseason                    INIMX_ISP_fourseason20220419153650574764<?xml version="1.0" encoding="UTF-8"?>
<INIpay>
	  <CancelInfo>
	    <SessionKey>p4d2+Wvpqy/tRZLPd1lKF5DbQd+LffnSdgcbOXDjjXA+6lAMIMEgzDvHP3E50pMl
3/iv9qPsyBtIFTQq4wE4sgv9zI1/r3DfFqXbx1OJe2PHwRxwRkuO4LRK+9FTjMDz
YrrmULKsn6u1oXjDKL/ya5rVurYgPpI84cOcgTYoSs25CKmkWMdbXg==
</SessionKey>
	    <Encrypted>THqpiELkbE7jy9EWRUUCXiUHSvccCWuUFJGUh9MNGxhw2MjLy2irlcgB7X42SLNk
Bpj6y+oKxf2D37VNtR6oNQPIsmCB3fyVu1/Ou2Rn10BlTtjT7Fbtx3zTOz8sWM8a
h7cHD271upwvVsnTm+oMz6SIIi4dQctAAr0wIVKoach//mw0h782DnA87FWIhylb
qRuZIAboRbW38sQrN2/K+4aC3Wole19+ZcE8tDzPwhqoeoykJov9byfIehYRVb1S
yN+50BanUdqsfcEH9K+bJl2Twn95LqmT3RXyiL0I4R1t7Xvh6nLzno4McDEXyhLf
2iSx+FYrPonlVgEI5l9AhQ==
</Encrypted></CancelInfo>
	  <ReservedInfo>
	    <MReserved1/>
	    <MReserved2/>
	    <MReserved3/></ReservedInfo>
	  <ManageInfo>
	    <Language/>
	    <URL/>
	    <TXVersion>5036B141209canceLinux     PHPchkfake   2.6.32-754.11.1.el6.x86_64PHP:</TXVersion>
	    <TXUserID/>
	    <TXRegNum/></ManageInfo></INIpay>AHBMpGn1fVmHX8nN3K+tbZ1gRrbnmJGihZqV+iG9dnPwKXAq/AXf5bhLHJkkZk4p
jsn0pMvp3UlCO1GFRxMtx28VdrVDv0w1EXHrjke3RuqTGCWaLZp/Nby5Jteat7D2
4BxKJ6Z11goH4lqm5KOwZ4K/QmAjK1xgbQtxQ8X6KjDu
]
INFO	[2022-04-20 13:44:37:89] <8828> DNS LOOKUP OK(203.238.37.3:203.238.37.3:34049) laptime:0
INFO	[2022-04-20 13:44:37:92] <8828> SOCKET CONNECT OK
INFO	[2022-04-20 13:44:37:92] <8828> SEND OK
INFO	[2022-04-20 13:44:38:35] <8828> RECV OK
INFO	[2022-04-20 13:44:38:35] <8828> MSG_FROM_PG:[0086100175D SHA1                   0                                      300430fourseason                    INIMX_ISP_fourseason20220419153650574764<?xml version="1.0" encoding="UTF-8"?><INIpay>
<CancelInfo>
<ResultCode>170000</ResultCode>
<ResultMsg urlencode="1">%C1%A4%BB%F3%BF%CF%B7%E1</ResultMsg>
<SessionKey>AHFaK/QMpItOPF8uki1S1XR+p1yWAnvGd9qLBwDRm8af4KgfEOcRuphwQQHwMvof
6mh6sFp8WKxloJcv3qjUHaQ0w15IhYm8kb1fvOPmbQ9ZBnO2QSpg0x7JINF8YhZb
5mLZ1G64PEyfUxUc3SiUvfWIVti8eKlDB9ZZtjstc8TGxAGX9JvIL3M=
</SessionKey>
<Encrypted>MsmgfR9JMjc17/8lhqn2LP6UYRA4cMe8sNnDaneNk9iLIT8iu9v9FuarcNoWudNo
PmrjZ37ldmbHobWJhGQaD4ODw7z3McubrE4lnLNxZCd7SFBx520HEz2rde8WoWD1
B6gL0wintfVJrCVyHCPp4K0M9cZZ5yfkadMB4PgQwRBAK7NndjUQhfJYW6aiM8In
+AsK1vyrnyHKF728kPj16HjjUfjUnYUEgKUvqS+JRoTpt0UwwDT44NPtgxdabcTG
zzPLxqkmUcSkpcNfnxgYfgMzQowTH4aO48lEG3UWDR3rrlg6nnRSjQ==
</Encrypted>
</CancelInfo>
<ManageInfo/>
<ReservedInfo>
<MReserved1 urlencode="1"/>
<MReserved2 urlencode="1"/>
<MReserved3 urlencode="1"/>
</ReservedInfo>
</INIpay>
LUGiBnoXdej5AHc5SZzKjMcxqpgKErBdAIuxLfxNxCbrnCV5haIH1LQ8XTJINgyt
SzJTCwNJUwQaIV9hDtA3JFMqZMfRLIdvOQvndfB+HEsvjThPUa9vnfwXMm+m9Wlv
KDAHeqaAhu34I2lTk3jkhSg4a+I3bsg/SpyM5Cp8izE=
]
INFO	[2022-04-20 13:44:38:35] <8828> VERIFY OK
INFO	[2022-04-20 13:44:38:35] <8828> PARSE HEAD OK
INFO	[2022-04-20 13:44:38:35] <8828> PARSE BODY OK
INFO	[2022-04-20 13:44:38:36] <8828> DECRYPT OK
DEBUG	[2022-04-20 13:44:38:36] <8828> DECRYPT MSG:[<?xml version="1.0" encoding="UTF-8"?><CancelInfo>
<CancelDate>20220420</CancelDate>
<CancelTime>134437</CancelTime>
<ResultCode>170000</ResultCode>
<ResultMsg urlencode="1">%C1%A4%BB%F3%BF%CF%B7%E1</ResultMsg>
</CancelInfo>]
INFO	[2022-04-20 13:44:38:36] <8828> DECRYPT PARSE OK
INFO	[2022-04-20 13:44:38:36] <8828> END cancel 정상완료 Laptime:[0.949sec]
INFO	[2022-04-20 13:44:38:36] <8828> ===============================================================
INFO	[2022-04-20 21:41:33:615] <8306> START INIPHP cancel (V5036-141209)(OS:Linux2.6.32-754.11.1.el6.x86_64,PHP:5.3.3)
DEBUG	[2022-04-20 21:41:33:615] <8306> inipayhome:/home1/killdeal/public_html/shop/inicis
DEBUG	[2022-04-20 21:41:33:615] <8306> debug:false
DEBUG	[2022-04-20 21:41:33:615] <8306> type:cancel
DEBUG	[2022-04-20 21:41:33:615] <8306> mid:fourseason
DEBUG	[2022-04-20 21:41:33:615] <8306> admin:1111
DEBUG	[2022-04-20 21:41:33:615] <8306> tid:StdpayCARDfourseason20220420214017663173
DEBUG	[2022-04-20 21:41:33:615] <8306> cancelmsg:주문자 본인 취소-상품옵션 선택 잘못함
INFO	[2022-04-20 21:41:33:615] <8306> Check Field OK
INFO	[2022-04-20 21:41:33:615] <8306> PI PUB KEY LOAD OK []
INFO	[2022-04-20 21:41:33:616] <8306> PG PUB KEY LOAD OK [30]
INFO	[2022-04-20 21:41:33:616] <8306> MERCHANT PRIV KEY LOAD OK
INFO	[2022-04-20 21:41:33:616] <8306> MERCHANT PUB KEY LOAD OK [0]
DEBUG	[2022-04-20 21:41:33:616] <8306> MAKE ENCRYPT OK[<?xml version="1.0" encoding="UTF-8"?>
<CancelInfo>
	  <CancelTID>StdpayCARDfourseason20220420214017663173</CancelTID>
	  <CancelMsg urlencode="1">%C1%D6%B9%AE%C0%DA+%BA%BB%C0%CE+%C3%EB%BC%D2-%BB%F3%C7%B0%BF%C9%BC%C7+%BC%B1%C5%C3+%C0%DF%B8%F8%C7%D4</CancelMsg>
	  <CancelReason/></CancelInfo>]
INFO	[2022-04-20 21:41:33:616] <8306> MAKE BODY OK
INFO	[2022-04-20 21:41:33:617] <8306> SIGN OK
INFO	[2022-04-20 21:41:33:617] <8306> MAKE HEAD OK
INFO	[2022-04-20 21:41:33:617] <8306> MSG_TO_PG:[0101500175D SHA1                   0                                      300420fourseason                    StdpayCARDfourseason20220420214017663173<?xml version="1.0" encoding="UTF-8"?>
<INIpay>
	  <CancelInfo>
	    <SessionKey>yjK3dRHl7kNxAk4sU/d0nsOrKrfTWuCBwtog2wD9VKqr+SARxBMqu9sEp0OA6QOz
lYRuQOMwmMLsEWckRzHc5imZCcPwr/KI7PTMteleJ5q9M7K/KDxjsoJ85FMkcuvF
lRKNmbIUWxxPIlV54r209P6qiBCP4p7Fim8ZN6gxpTxPOWz0ddzoqw==
</SessionKey>
	    <Encrypted>nVu977KMMGVmoCpVfXnvE0tAMerPIgLJ6u1LvE3/7zWyzFBeXwdyeSHtPnIRS7GV
Mqim6TGYgYqUu5sx3qb6ywUxMC+67X8yGkEAloobSR77yjxtYnI/jNSVZhsIYLvg
q8w2GcLqWVbfkIQ7b+G/4dfE8NlYSXA5Ym0OvTi6Nx6N6hkMZwgGHyWrvDEZf9b5
RdUTjHzBZjmocuKnXMZzHe/NnnoVDjrOlB8G1MRQixupUrTQQRs9Be+5zAGG/qqL
INZpRQwMiy12ogAtE6D5Wq4rXz4vnPXkWLiLlZl9crAW+ixiVsdRXX+CcmhOMq3M
ivdODIY05hznvRee659/APlWk7kw4isy/eg+SeC2z+BUsw0Ia+Vpps5HVgaqDlOL
HX1MdOTytIU=
</Encrypted></CancelInfo>
	  <ReservedInfo>
	    <MReserved1/>
	    <MReserved2/>
	    <MReserved3/></ReservedInfo>
	  <ManageInfo>
	    <Language/>
	    <URL/>
	    <TXVersion>5036B141209canceLinux     PHPchkfake   2.6.32-754.11.1.el6.x86_64PHP:</TXVersion>
	    <TXUserID/>
	    <TXRegNum/></ManageInfo></INIpay>AB/o5pvaQu6beh1e3fLjXyt0FfJIsGvxNM34tmFXaE8AqMk9KCo8t31sqhbrBOq2
40//bNTks9/7LiTI2ognjHLzJFE0Q6guo7/mJdA8G9oAWW9Du4JvFLOu1N4N3FW1
0K0Y37S6tc2OSleVdBz2dZvFoa+pJKvvo16IDOLW7x8D
]
INFO	[2022-04-20 21:41:33:617] <8306> DNS LOOKUP OK(203.238.37.3:203.238.37.3:34049) laptime:0
INFO	[2022-04-20 21:41:33:619] <8306> SOCKET CONNECT OK
INFO	[2022-04-20 21:41:33:620] <8306> SEND OK
INFO	[2022-04-20 21:41:34:426] <8306> RECV OK
INFO	[2022-04-20 21:41:34:426] <8306> MSG_FROM_PG:[0093300175D SHA1                   0                                      300430fourseason                    StdpayCARDfourseason20220420214017663173<?xml version="1.0" encoding="UTF-8"?><INIpay>
<CancelInfo>
<ResultCode>120000</ResultCode>
<ResultMsg urlencode="1">%C1%A4%BB%F3%C3%B3%B8%AE%B5%C7%BE%FA%BD%C0%B4%CF%B4%D9.</ResultMsg>
<SessionKey>ANd5N6aPHtmeHMu2VVlNiZaJDm/70grGTptrcFBrT+iwzbLfYdhkMa9MeqMyHZwq
LYuCIjT/fFZLqNIQFwkyV5QYDlNmC+i/EaxdfIvheqb6nz098wiU0MKfQXYCiaN2
boDevfAK/wy6CDjDV9pw4ewzDsK34cQtBZN/hg/IN4AuMKcDwd/Cs1c=
</SessionKey>
<Encrypted>yKjgShhseWHxh+miDKVIdAaIV2+9j+h4SMCltGjq88HX68IQpkL441gY65WJkAbj
matck9DHkp1KW9z3t4+mt4X5BQszDFGLrCg3Gt4w9b41C89C3b9HQqNh0Pw+nFJQ
ouMeZ/4gvMPYLZl0h9rPUqZM9PnyQppEqBdSX1ckmK7afpIYzTPR1nI3kdLmyBB3
CohTr+elwFFgnbHuJU2vHBwgrVYJbfd8Sf4KpKpDQCqYPtbOggNr3ay2698ju2BC
InZEc1LALDJaVSffUOlThED47NPoX2GKPtny3fz4pmk0kW+N8SwdCSnUz6jAFuXF
bdKc3yJHSQL3Npo6r+WmQH0YYy8PGCSz
</Encrypted>
</CancelInfo>
<ManageInfo/>
<ReservedInfo>
<MReserved1 urlencode="1"/>
<MReserved2 urlencode="1"/>
<MReserved3 urlencode="1"/>
</ReservedInfo>
</INIpay>
R27d3d85PQt+yBoT9mSnOZUjZx9XmyhzzhSSnnYn95UZu9eGn03JqZ5lprqwH9Xq
vmD50gKqRPuVx9dlAxNHVkHQYqD6Mb+yyzhHjUIlMgObm7CZCoTyhA1es6NwkktT
Ev+Z5jHdNynF9SlI6g++p6TLeChB5TFbUCMrMlpWjHc=
]
INFO	[2022-04-20 21:41:34:426] <8306> VERIFY OK
INFO	[2022-04-20 21:41:34:426] <8306> PARSE HEAD OK
INFO	[2022-04-20 21:41:34:427] <8306> PARSE BODY OK
INFO	[2022-04-20 21:41:34:427] <8306> DECRYPT OK
DEBUG	[2022-04-20 21:41:34:427] <8306> DECRYPT MSG:[<?xml version="1.0" encoding="UTF-8"?><CancelInfo>
<CancelDate>20220420</CancelDate>
<CancelTime>214134</CancelTime>
<ResultCode>120000</ResultCode>
<ResultMsg urlencode="1">%C1%A4%BB%F3%C3%B3%B8%AE%B5%C7%BE%FA%BD%C0%B4%CF%B4%D9.</ResultMsg>
</CancelInfo>]
INFO	[2022-04-20 21:41:34:427] <8306> DECRYPT PARSE OK
INFO	[2022-04-20 21:41:34:427] <8306> END cancel 정상처리되었습니다. Laptime:[0.812sec]
INFO	[2022-04-20 21:41:34:427] <8306> ===============================================================
