INFO	[2021-06-14 13:16:47:358] <15990> START INIPHP cancel (V5036-141209)(OS:Linux2.6.32-754.11.1.el6.x86_64,PHP:5.3.3)
DEBUG	[2021-06-14 13:16:47:358] <15990> inipayhome:/home1/killdeal/public_html/shop/inicis
DEBUG	[2021-06-14 13:16:47:358] <15990> debug:false
DEBUG	[2021-06-14 13:16:47:358] <15990> type:cancel
DEBUG	[2021-06-14 13:16:47:358] <15990> mid:fourseason
DEBUG	[2021-06-14 13:16:47:358] <15990> admin:1111
DEBUG	[2021-06-14 13:16:47:358] <15990> tid:StdpayVBNKfourseason20210614131448570362
DEBUG	[2021-06-14 13:16:47:358] <15990> cancelmsg:주문자 본인 취소-상품옵션 선택 잘못함
INFO	[2021-06-14 13:16:47:358] <15990> Check Field OK
INFO	[2021-06-14 13:16:47:358] <15990> PI PUB KEY LOAD OK []
INFO	[2021-06-14 13:16:47:359] <15990> PG PUB KEY LOAD OK [30]
INFO	[2021-06-14 13:16:47:359] <15990> MERCHANT PRIV KEY LOAD OK
INFO	[2021-06-14 13:16:47:359] <15990> MERCHANT PUB KEY LOAD OK [0]
DEBUG	[2021-06-14 13:16:47:360] <15990> MAKE ENCRYPT OK[<?xml version="1.0" encoding="UTF-8"?>
<CancelInfo>
	  <CancelTID>StdpayVBNKfourseason20210614131448570362</CancelTID>
	  <CancelMsg urlencode="1">%C1%D6%B9%AE%C0%DA+%BA%BB%C0%CE+%C3%EB%BC%D2-%BB%F3%C7%B0%BF%C9%BC%C7+%BC%B1%C5%C3+%C0%DF%B8%F8%C7%D4</CancelMsg>
	  <CancelReason/></CancelInfo>]
INFO	[2021-06-14 13:16:47:360] <15990> MAKE BODY OK
INFO	[2021-06-14 13:16:47:360] <15990> SIGN OK
INFO	[2021-06-14 13:16:47:360] <15990> MAKE HEAD OK
INFO	[2021-06-14 13:16:47:360] <15990> MSG_TO_PG:[0101500175D SHA1                   0                                      300420fourseason                    StdpayVBNKfourseason20210614131448570362<?xml version="1.0" encoding="UTF-8"?>
<INIpay>
	  <CancelInfo>
	    <SessionKey>krpj9FZoTJzKNkQnILQKZ9hxplU2LCprewkx5ysC+lYDja0P2je7oS+ou7eYFHmh
ldupZHMAZPWuMI4+jctADjenChgWAyF/6ayj6PBAA95AD1hjl2No/I9hmfiuygHV
zxdoogYvFnZ62Q+2CyUm9SXsP1c1lIsUyy2CS3yG2P8lk0Ush5MljQ==
</SessionKey>
	    <Encrypted>1o/68npSyciXxD/+punTgXgnOOKEmEm6R1rHiojaYdb3/v6ts8j70PHLkY64nTMc
TqJyu0+oQ+4aGUUXYNlV0mn4yFYaqWZtymPxJ7pMbdw2o0GaUGGNoBamV2Kcerap
xXbg80CiNRpDdBtPm4gW/RKEFkKOKzyDQVLw8PXCL2FLXSO0sthHav4TwfomeGZf
1vtOcsITbWQ3+QMvRTa9YWqVWvZBJ8bRACwS2p8MAQs29zo1TpFxcBf4X+uTswDC
NZ8FLmCA2RDK68WZseVbX1cifaBmRp4aYdQn7QsTzzrSqIsvpFEUHnIE2M2yjttW
rlvhq4XWwEgyk0ZNdFPJABr1kngCTk5IxTjanh1N0QStrOEP6bv6z6+PshWpfXGy
7yFM/UZi1f4=
</Encrypted></CancelInfo>
	  <ReservedInfo>
	    <MReserved1/>
	    <MReserved2/>
	    <MReserved3/></ReservedInfo>
	  <ManageInfo>
	    <Language/>
	    <URL/>
	    <TXVersion>5036B141209canceLinux     PHPchkfake   2.6.32-754.11.1.el6.x86_64PHP:</TXVersion>
	    <TXUserID/>
	    <TXRegNum/></ManageInfo></INIpay>AFV3zGYZKZx5uh7MoLdZTOQfg5w6qn9mlD2D8+zh8oUUTLtubzTZ1w017opSi6gv
i35ENWV/WT+qJyF0VlVUX/IjhzrJrORiRPicUA/BO9Mnr4R1PBMYqyZJyM2OXOGQ
4dlS2dsWbkioU6nHAm87JNLVblHKjVSUTW9CdvXHBLDk
]
INFO	[2021-06-14 13:16:47:360] <15990> DNS LOOKUP OK(203.238.37.3:203.238.37.3:34049) laptime:0
INFO	[2021-06-14 13:16:47:363] <15990> SOCKET CONNECT OK
INFO	[2021-06-14 13:16:47:363] <15990> SEND OK
INFO	[2021-06-14 13:16:47:487] <15990> RECV OK
INFO	[2021-06-14 13:16:47:487] <15990> MSG_FROM_PG:[0123800175D SHA1                   0                                      300430fourseason                    StdpayVBNKfourseason20210614131448570362<?xml version="1.0" encoding="UTF-8"?><INIpay>
<CancelInfo>
<ResultCode>170000</ResultCode>
<ResultMsg urlencode="1">%C1%A4%BB%F3%C3%B3%B8%AE%B5%C7%BE%FA%BD%C0%B4%CF%B4%D9.</ResultMsg>
<SessionKey>AIYj+dW/J2VpwNCZijle4zME/ZAj4WdQXRDbggcApcSCI+48a/PNp5M5a1U+2cYD
TOTL3yFnGWXWPF0Cj0R5Jd/HZGgup8fjc4a+hvSBsEq1Cb9O5Tcko78MuPD/leHh
SH+LRGoCUEC5K4qPjlAdbQX9LCVSfwzUr0Tjf6aQRrTVEEsTGI1Oaog=
</SessionKey>
<Encrypted>Sx+8k7knUEfibIbtW2+UorJZD04Bv2Ltt/IoYq8fKcut8BIprep5u16mNugS1yXH
m1wSLHJZCkO/dTBxlDl/BE2R/K88bjTy5qTym+oTfP0gC49rj2YZqrgUShSQ2iMH
OMJ6qwohtIJIGEAuPmiMydsWkuELGu7jrU9PQ0RWP0kCrnXGXaX+ol7yikB+W8n6
BFNfHJUWuhtYQfrZwPZADhXXEIzi46UVZ49xv299pQ1eFZo0njkawSGyV4BOiP6H
ScjU1ebPTkTifXYLu3Yr6pDeL19xQrY0KDAfPFOI+JY0/WwwxPIS2LcLewmGmsDD
dQ1UA/mHV6LSesMOQYwcSIPSjmGCzsGh3Pfx8f59tgcQEWLmtmKyyRcvIgO1OD9j
WzyAyh8NQsBOtM/R8KmC45/KlgFYAiR3ht9Ijo8Jz5/NWe1N7wzlHbl+CBQ1E+sD
g5+LAp8aiBK0KI03BP7GwoBCPv8z6DrF9p49bkwJK9l156eX4SnQxDjdzzF9/7ct
RA1apU8By1F79OsM5EbJzdQmi3jaapNpCjfol4JQ8cNlxT1NggBOgEmEaqmLvpVM
OK8k6IQAGboS3GYnXIzqbaoOy73VZfJBZrVkkcM/0jzP0Joya2cygZDR1CMDGBpY
ye7WRYE+dNY=
</Encrypted>
</CancelInfo>
<ManageInfo/>
<ReservedInfo>
<MReserved1 urlencode="1"/>
<MReserved2 urlencode="1"/>
<MReserved3 urlencode="1"/>
</ReservedInfo>
</INIpay>
l4j9D9qclam1ACn4pVwRjkB7Ue3p4CoH5qlccnD733SmN5Py5+4lzqTWzX1fBQ+R
3trvrIOBbnR83Nx0OzfHrxdQPqJfuzH34MqryDng9ygFSkUcPg4B9L6maMGmMx+7
9d/p0SWLGGHSoIkNKyUKxFY8G7g1c92kabXT5eaqWcE=
]
INFO	[2021-06-14 13:16:47:487] <15990> VERIFY OK
INFO	[2021-06-14 13:16:47:487] <15990> PARSE HEAD OK
INFO	[2021-06-14 13:16:47:487] <15990> PARSE BODY OK
INFO	[2021-06-14 13:16:47:488] <15990> DECRYPT OK
DEBUG	[2021-06-14 13:16:47:488] <15990> DECRYPT MSG:[<?xml version="1.0" encoding="UTF-8"?><CancelInfo>
<CancelDate>20210614</CancelDate>
<CancelTime>131648</CancelTime>
<ResultCode>170000</ResultCode>
<ResultMsg urlencode="1">%C1%A4%BB%F3%C3%B3%B8%AE%B5%C7%BE%FA%BD%C0%B4%CF%B4%D9.</ResultMsg>
<CSHR_CancelDate>20210614</CSHR_CancelDate>
<CSHR_CancelTime>131648</CSHR_CancelTime>
<CSHR_ResultCode>220000</CSHR_ResultCode>
<CSHR_ResultMsg urlencode="1">%C1%A4%BB%F3%C3%B3%B8%AE%B5%C7%BE%FA%BD%C0%B4%CF%B4%D9.</CSHR_ResultMsg>
</CancelInfo>]
INFO	[2021-06-14 13:16:47:488] <15990> DECRYPT PARSE OK
INFO	[2021-06-14 13:16:47:488] <15990> END cancel 정상처리되었습니다. Laptime:[0.13sec]
INFO	[2021-06-14 13:16:47:488] <15990> ===============================================================
