INFO	[2021-07-25 22:25:57:596] <26446> START INIPHP cancel (V5036-141209)(OS:Linux2.6.32-754.11.1.el6.x86_64,PHP:5.3.3)
DEBUG	[2021-07-25 22:25:57:596] <26446> inipayhome:/home1/killdeal/public_html/shop/inicis
DEBUG	[2021-07-25 22:25:57:596] <26446> debug:false
DEBUG	[2021-07-25 22:25:57:596] <26446> type:cancel
DEBUG	[2021-07-25 22:25:57:596] <26446> mid:fourseason
DEBUG	[2021-07-25 22:25:57:596] <26446> admin:1111
DEBUG	[2021-07-25 22:25:57:596] <26446> tid:INIMX_CARDfourseason20210723214916715485
DEBUG	[2021-07-25 22:25:57:596] <26446> cancelmsg:주문자 본인 취소-상품옵션 선택 잘못함
INFO	[2021-07-25 22:25:57:596] <26446> Check Field OK
INFO	[2021-07-25 22:25:57:596] <26446> PI PUB KEY LOAD OK []
INFO	[2021-07-25 22:25:57:596] <26446> PG PUB KEY LOAD OK [30]
INFO	[2021-07-25 22:25:57:597] <26446> MERCHANT PRIV KEY LOAD OK
INFO	[2021-07-25 22:25:57:597] <26446> MERCHANT PUB KEY LOAD OK [0]
DEBUG	[2021-07-25 22:25:57:597] <26446> MAKE ENCRYPT OK[<?xml version="1.0" encoding="UTF-8"?>
<CancelInfo>
	  <CancelTID>INIMX_CARDfourseason20210723214916715485</CancelTID>
	  <CancelMsg urlencode="1">%C1%D6%B9%AE%C0%DA+%BA%BB%C0%CE+%C3%EB%BC%D2-%BB%F3%C7%B0%BF%C9%BC%C7+%BC%B1%C5%C3+%C0%DF%B8%F8%C7%D4</CancelMsg>
	  <CancelReason/></CancelInfo>]
INFO	[2021-07-25 22:25:57:598] <26446> MAKE BODY OK
INFO	[2021-07-25 22:25:57:598] <26446> SIGN OK
INFO	[2021-07-25 22:25:57:598] <26446> MAKE HEAD OK
INFO	[2021-07-25 22:25:57:598] <26446> MSG_TO_PG:[0101500175D SHA1                   0                                      300420fourseason                    INIMX_CARDfourseason20210723214916715485<?xml version="1.0" encoding="UTF-8"?>
<INIpay>
	  <CancelInfo>
	    <SessionKey>uviVk1hLoiAEDKNZpSBJ3gIkN9RYDn0pVdKGimRWgDe4bupH0pyfwc5C1e7JdiPM
dKO+wbGWn3UE7kXdu7/oE+fbqzT+X9UGh0chuJ66RntuJ7vBXbrxIC1BnYNfgzm0
BDIF4HCx9wF8H+b/+wKfZENbRfZMFuBP//qvjmmLQXN50UYj6gsWeA==
</SessionKey>
	    <Encrypted>f9eKpEVBGdA3qasDgvmgSHxExOVseWhuJHRHc9m+sY/lu7/DuSSz5DaTpgx6Fet2
/A5E9ozFePLVSeK5el8HQjLBAZsdJImulida1XmeIvr5eQLUunfwOTy/ZEoE1vPt
PF18t6TXx5nuKuMD4ErvP7EiGHm1ELKIPGkM7PWf0p0U1pHRRi7cSVWw/4BnHQeo
9b6rwVDkXl2i4Fy2IgYtwqIavGNPDX53kvFSJ8DNv5gLqdc4QObr5OkqGljBaF/J
3nQ3dmW5vg19KB3Em79e0YqwF3/TVKAH85z1HXo8yxJdxVXBuy0Zkz6b9zGIRds5
WAdJKvEks7rDBrMZpREcBF9xGCCZnkJhfq02/mSdaSnUbmL4A7kkHHlnsPkSPVYG
Wh1jbFVwP3k=
</Encrypted></CancelInfo>
	  <ReservedInfo>
	    <MReserved1/>
	    <MReserved2/>
	    <MReserved3/></ReservedInfo>
	  <ManageInfo>
	    <Language/>
	    <URL/>
	    <TXVersion>5036B141209canceLinux     PHPchkfake   2.6.32-754.11.1.el6.x86_64PHP:</TXVersion>
	    <TXUserID/>
	    <TXRegNum/></ManageInfo></INIpay>AIUQz0zSG+ooMe3hfR+ZudV8cKYzMnZkd64mNXaErPqUCIgl7DbTeRYYRYIiDGwn
d0YDYnGBEWjY3fYXQ8QiNh/yyOHtOEqMeVqp3Es62LdH/tuyogriHB5mACvu78iL
d+7LAtJvUNCndbGRFTq5YFOwCXkaKncBR9ZrN2g5+bvZ
]
INFO	[2021-07-25 22:25:57:598] <26446> DNS LOOKUP OK(203.238.37.3:203.238.37.3:34049) laptime:0
INFO	[2021-07-25 22:25:57:601] <26446> SOCKET CONNECT OK
INFO	[2021-07-25 22:25:57:601] <26446> SEND OK
INFO	[2021-07-25 22:25:58:548] <26446> RECV OK
INFO	[2021-07-25 22:25:58:548] <26446> MSG_FROM_PG:[0093300175D SHA1                   0                                      300430fourseason                    INIMX_CARDfourseason20210723214916715485<?xml version="1.0" encoding="UTF-8"?><INIpay>
<CancelInfo>
<ResultCode>120000</ResultCode>
<ResultMsg urlencode="1">%C1%A4%BB%F3%C3%B3%B8%AE%B5%C7%BE%FA%BD%C0%B4%CF%B4%D9.</ResultMsg>
<SessionKey>AJeg6oP2hAaGodLmO78p0b7lDV4y6BwxBLDYSL25stgTo58QAbiuuuzosF+vbvVQ
BgCHCFglKAZn/d/kDHuVd7sZSoU2Zbe1Gbr5sKIPfPHFxtLPCNaEqJhY+ic627PQ
uerDTcVyojghpvZnzvrm33Zt79VPcOplPZwhnbVyf+c8lKoOOfsI89Y=
</SessionKey>
<Encrypted>RVxsZr84dqXJGh4gEN9zUP6xLdcePMKpCHtwLPYdDBx3F1bpuwH9I/TeOSpOGNYe
QB2eNQl41qerMNE7AbeVUoASLhUsxyUoQ4QRWaglT+eJcXGv8MiiO5PWgtkH/Wfx
7VCTvZ3c6QuU6AXkrVa84YS88dyHXN99s3zhrjv31yKm4sRzsCMxPJrAFppKkTyQ
ze57eSHB9m63nWB1lz8akE3b9GYOSmEc4NBj3MEIywKOHdPwxhAFwX9Yf2O/2e+0
Utby9v+C0qHNFjomXkOtFu3ctjX7CTN9ylp2WR8Fh1vabNrY+vJRh9Mguc3QmMTM
D5ctvpANUKWh6WL7IBbzXlqsx7ipJEPf
</Encrypted>
</CancelInfo>
<ManageInfo/>
<ReservedInfo>
<MReserved1 urlencode="1"/>
<MReserved2 urlencode="1"/>
<MReserved3 urlencode="1"/>
</ReservedInfo>
</INIpay>
SvgtmW1dRK4ebNQAOxI+aUuSupGp9ch1vOKnzhjGfwU31AXNN1sfj+kt7djkN84d
pdwzFL4D8hx1RMRqAKp2FFqvmmScUhOjDSL9v8eSoouvIQcyYjk1iTkqUh6NA7C1
i5q8FTovs/GXW1+TxDwKsm+m53mXRIfLAHVpQWWuwY8=
]
INFO	[2021-07-25 22:25:58:548] <26446> VERIFY OK
INFO	[2021-07-25 22:25:58:548] <26446> PARSE HEAD OK
INFO	[2021-07-25 22:25:58:548] <26446> PARSE BODY OK
INFO	[2021-07-25 22:25:58:549] <26446> DECRYPT OK
DEBUG	[2021-07-25 22:25:58:549] <26446> DECRYPT MSG:[<?xml version="1.0" encoding="UTF-8"?><CancelInfo>
<CancelDate>20210725</CancelDate>
<CancelTime>222558</CancelTime>
<ResultCode>120000</ResultCode>
<ResultMsg urlencode="1">%C1%A4%BB%F3%C3%B3%B8%AE%B5%C7%BE%FA%BD%C0%B4%CF%B4%D9.</ResultMsg>
</CancelInfo>]
INFO	[2021-07-25 22:25:58:549] <26446> DECRYPT PARSE OK
INFO	[2021-07-25 22:25:58:549] <26446> END cancel 정상처리되었습니다. Laptime:[0.953sec]
INFO	[2021-07-25 22:25:58:549] <26446> ===============================================================
