INFO	[2023-10-30 13:04:40:818] <18489> START INIPHP receipt (V5036-141209)(OS:Linux2.6.32-754.11.1.el6.x86_64,PHP:5.3.3)
DEBUG	[2023-10-30 13:04:40:818] <18489> inipayhome:/home1/killdeal/public_html/shop/inicis
DEBUG	[2023-10-30 13:04:40:818] <18489> debug:false
DEBUG	[2023-10-30 13:04:40:818] <18489> type:receipt
DEBUG	[2023-10-30 13:04:40:818] <18489> pgid:INIphpRECP
DEBUG	[2023-10-30 13:04:40:818] <18489> paymethod:CASH
DEBUG	[2023-10-30 13:04:40:818] <18489> currency:WON
DEBUG	[2023-10-30 13:04:40:818] <18489> admin:1111
DEBUG	[2023-10-30 13:04:40:818] <18489> mid:majorgol03
DEBUG	[2023-10-30 13:04:40:818] <18489> goodname:핫딜캘러웨이프리미엄펀칭포인트러버로고버킷햇
DEBUG	[2023-10-30 13:04:40:818] <18489> cr_price:39900
DEBUG	[2023-10-30 13:04:40:818] <18489> sup_price:36273
DEBUG	[2023-10-30 13:04:40:818] <18489> tax:3627
DEBUG	[2023-10-30 13:04:40:818] <18489> srvc_price:0
DEBUG	[2023-10-30 13:04:40:818] <18489> buyername:김주영
DEBUG	[2023-10-30 13:04:40:818] <18489> buyeremail:kjww1230@hanmail.net
DEBUG	[2023-10-30 13:04:40:818] <18489> buyertel:01062393269
DEBUG	[2023-10-30 13:04:40:818] <18489> reg_num:01062393269
DEBUG	[2023-10-30 13:04:40:818] <18489> useopt:0
DEBUG	[2023-10-30 13:04:40:818] <18489> companynumber:
INFO	[2023-10-30 13:04:40:818] <18489> Check Field OK
INFO	[2023-10-30 13:04:40:818] <18489> Make TID OK INIphpRECPmajorgol0320231030130440189447
INFO	[2023-10-30 13:04:40:818] <18489> PI PUB KEY LOAD OK []
INFO	[2023-10-30 13:04:40:819] <18489> PG PUB KEY LOAD OK [30]
INFO	[2023-10-30 13:04:40:819] <18489> MERCHANT PRIV KEY LOAD OK
INFO	[2023-10-30 13:04:40:820] <18489> MERCHANT PUB KEY LOAD OK [0]
DEBUG	[2023-10-30 13:04:40:820] <18489> MAKE ENCRYPT OK[<?xml version="1.0" encoding="UTF-8"?>
<PaymentInfo>
	  <Payment>
	    <CASH>
	      <CSHR_ApplPrice>39900</CSHR_ApplPrice>
	      <CSHR_SupplyPrice>36273</CSHR_SupplyPrice>
	      <CSHR_Tax>3627</CSHR_Tax>
	      <CSHR_ServicePrice/>
	      <CSHR_Type>0</CSHR_Type>
	      <CSHR_RegNum>01062393269</CSHR_RegNum>
	      <CSHR_CompanyNum/></CASH></Payment></PaymentInfo>]
INFO	[2023-10-30 13:04:40:821] <18489> MAKE BODY OK
INFO	[2023-10-30 13:04:40:822] <18489> SIGN OK
INFO	[2023-10-30 13:04:40:822] <18489> MAKE HEAD OK
INFO	[2023-10-30 13:04:40:822] <18489> MSG_TO_PG:[0196900175D SHA1                   0                                      300200majorgol03               39900INIphpRECPmajorgol0320231030130440189447<?xml version="1.0" encoding="UTF-8"?>
<INIpay>
	  <GoodsInfo>
	    <GoodsCnt>1</GoodsCnt>
	    <MOID/>
	    <Currency>WON</Currency>
	    <Tax>3627</Tax>
	    <TaxFree/>
	    <Goods>
	      <SMID>majorgol03</SMID>
	      <GoodsName urlencode="1">%C7%D6%B5%F4%C4%B6%B7%AF%BF%FE%C0%CC%C7%C1%B8%AE%B9%CC%BE%F6%C6%DD%C4%AA%C6%F7%C0%CE%C6%AE%B7%AF%B9%F6%B7%CE%B0%ED%B9%F6%C5%B6%C7%DE</GoodsName>
	      <GoodsPrice>39900</GoodsPrice></Goods></GoodsInfo>
	  <BuyerInfo>
	    <BuyerName urlencode="1">%B1%E8%C1%D6%BF%B5</BuyerName>
	    <BuyerTel>01062393269</BuyerTel>
	    <BuyerEmail urlencode="1">kjww1230%40hanmail.net</BuyerEmail>
	    <ParentEmail/>
	    <RecvName/>
	    <RecvTel/>
	    <RecvMsg/>
	    <RecvAddr/>
	    <RecvPostNum/></BuyerInfo>
	  <PaymentInfo>
	    <Payment>
	      <PayMethod>CASH</PayMethod>
	      <JoinCard/>
	      <JoinExpire/>
	      <MailOrder/>
	      <SessionKey>WbGnvUd3lA/ZsKHy+w108vpNIALNoBZImf7j+aUaFyjxoTADU9TwPYz4cFO/12ve
Z84oXPwY4lEtfjxVC53bvrwJ0dkqpT8feVaGwQgu7irK+6/mlftYKMPr4usx8+EB
EeuegJmblCNr42wCirsy1/F8C/k87K9tBnRmwtK7rl4y2c4rJVWGCQ==
</SessionKey>
	      <Encrypted>0TtJbl/T4JK6Qd9UDxM1jXFq0AnYamqnaz/ODbktu+Rz00e6B7jLbgY18/SnhYak
UPsAdvAPsEqi3G3GE1dfnyuuFu0qf8BR5CyfQLhRQDDqj8uyXOFMIedDuFVQ1KkG
PwWwucn0rtUIgOgcyqxjeNjPB/7GSs7SxfuyqoYNUBneZEEuVVG98oodueqFX/RP
KMXfD2C0FemZi++j2Gkm/CGPtUddQCD04cuiM+EuGgpgJp710qbtV+WRs6hIRwAI
xj8JyPsQhCvolRuXEkYcH2vFSe3FtxJSBkalHML9wTKSA1VC7D3T3JpiFtgRyktb
TQLePLzJtO4FP4DSdKI0Olg1OsrKGwtfzH3FQeD8/LbzSJ6NjEYX25hhzMHsXMHJ
8UYUmj+ABN2w2oH7dx4rFylSoaxcBDdoTE+MimAli74+V7VGpBtHyGNBQAfLmhg5
hr9LXsnfLHKWaIOAUWJONABOOU53ZXEWlZFD3pgg0ugrfCZjRlkyTA==
</Encrypted></Payment></PaymentInfo>
	  <ReservedInfo>
	    <MReserved1/>
	    <MReserved2/>
	    <MReserved3/></ReservedInfo>
	  <ManageInfo>
	    <Language/>
	    <URL/>
	    <TXVersion>5036B141209receiLinux     PHPchkfake   2.6.32-754.11.1.el6.x86_64PHP:</TXVersion>
	    <TXUserID/>
	    <TXRegNum/>
	    <Ack>1</Ack></ManageInfo></INIpay>ACc1k1Yd7uGNtYGoO8/1vT4di61MagBYyh5qcSPWEIdZTgmZnmwrSHC6vwYctUO9
O5VmE9KXfgijmg6VawJaIwzGmRudlOhpv/7ywqQkChFoPUWqr78RvnuEywUFu6Ex
Yjk27fcEhcoxmNaxkpN9m+BiZ9IwKkZOkDZ7jkqWlb13
]
INFO	[2023-10-30 13:04:40:822] <18489> DNS LOOKUP OK(203.238.37.3:203.238.37.3:34049) laptime:0
INFO	[2023-10-30 13:04:40:824] <18489> SOCKET CONNECT OK
INFO	[2023-10-30 13:04:40:824] <18489> SEND OK
INFO	[2023-10-30 13:04:40:961] <18489> RECV OK
INFO	[2023-10-30 13:04:40:961] <18489> MSG_FROM_PG:[0170200175D SHA1                   0                                      300210majorgol03               39900INIphpRECPmajorgol0320231030130440189447<?xml version="1.0" encoding="UTF-8"?><INIpay>
<GoodsInfo>
<GoodsCnt>1</GoodsCnt>
<MOID urlencode="1"/>
<Currency>WON</Currency>
<Goods no="1">
<SMID>majorgol03</SMID>
<GoodsName urlencode="1">%C7%D6%B5%F4%C4%B6%B7%AF%BF%FE%C0%CC%C7%C1%B8%AE%B9%CC%BE%F6%C6%DD%C4%AA%C6%F7%C0%CE%C6%AE%B7%AF%B9%F6%B7%CE%B0%ED%B9%F6%C5%B6%C7%DE</GoodsName>
<GoodsCntS>1</GoodsCntS>
<GoodsPrice>39900</GoodsPrice>
</Goods>
</GoodsInfo>
<PaymentInfo>
<Payment>
<SessionKey>AC7Pg1oetKs1id0hisdWiP6m2rlHSWCWP5hIXaSRbdB1McUL6XCbIaL1Un4RIeCg
aWzsdwCUucBh3JqE+0uyWGktqhmRUeIUauOnPpZjn4evql4NzwJBrVokrTkfNifq
6lp3yq4vls+sXrB4VMP4im9PMBj229G7L96vjbcdDMo5x3z2A7zNgzA=
</SessionKey>
<Encrypted>6GZzDW9BgZC3hAL9JvNUWlOo/FhNdMxm8p25k62bzYUc/Mx3vSKiw+CBc+sct6ZV
Bq6I5zmCvXocuV4LD8k5X+RMfL7TrMkCV7IVRkInhIfaXz99hFAofAHGhiahCvOw
NfbtDfnzv+VOCCHN2gVyG0qo0YLAO5Et0fipsMGIjJ+tMYLtz6iEUuSBOZfFyIZt
Adzxv5z+mkXSUWcUPnU4areGTDJp99gMCUkGjrC20GTqeAKB45dP2hS+dFFMZk6A
skSGMn1wJbPY2FOCF+2+knTXgE8UgX0ev+3isRexn6G3+I3i1cWxryj7/lE1fDAd
4ekgoxxD9bSofaTL4E6AeJGzBnJxGkWu2Y5XejMDu4KKZ0QjvN/smINA6ub1WdSj
GfHhG03dkdc43LDrEIqOi/PODUcjAhmnzMYWcT6LYWagyeX96m1rIMPznQ8d1cs4
mhaGZWm/fHY9FL4CWJYlQuovy0MXMSESpgqHjonJsDj5YfRCxDTZcLWGvj827yiv
g+rYwTqHQ4Ow5ulVxg3tIlAsDavcvqNq1g9kotGvN3808KZgn13qNkLSz+SIkc41
R9y0A9bkNCzVcqVJAomCXEgVsPseAugBIbtAnhCsbctXyh4QOV3/6tTRheVqBi5o
AIcVhY9JEcoW3qQPHmnsugjmwzeLd+2Gt1kGQEFjYPZlNMJIiTw6Rg==
</Encrypted>
<PayMethod>CASH</PayMethod>
<ResultCode>220000</ResultCode>
<ResultMsg urlencode="1">%C1%A4%BB%F3%C3%B3%B8%AE%B5%C7%BE%FA%BD%C0%B4%CF%B4%D9.</ResultMsg>
</Payment>
</PaymentInfo>
<ManageInfo/>
<ReservedInfo>
<MReserved1 urlencode="1"/>
<MReserved2 urlencode="1"/>
<MReserved3 urlencode="1"/>
</ReservedInfo>
</INIpay>
Z5cE8qPmYnvMACfpaSB8AUdZE7ULyoCqVIDEuUXSdXzVWzHFcAASYRQjqGro2bKJ
/GZKsenSMlA+MNpxOLKsrS+uGZ3EqT4o6ndLUZri2uUJAiYLleshsbzViSyBMCBH
z6NyYVgGBK2YGD8lCKB9dWu5KjHeZHIkPh9aAQNQHx4=
]
INFO	[2023-10-30 13:04:40:961] <18489> VERIFY OK
INFO	[2023-10-30 13:04:40:961] <18489> PARSE HEAD OK
INFO	[2023-10-30 13:04:40:962] <18489> PARSE BODY OK
INFO	[2023-10-30 13:04:40:963] <18489> DECRYPT OK
DEBUG	[2023-10-30 13:04:40:963] <18489> DECRYPT MSG:[<?xml version="1.0" encoding="UTF-8"?><PaymentInfo>
<Payment>
<CASH>
<CSHR_ApplPrice>39900</CSHR_ApplPrice>
<CSHR_SupplyPrice>36273</CSHR_SupplyPrice>
<CSHR_Tax>3627</CSHR_Tax>
<CSHR_ServicePrice/>
<CSHR_Type>0</CSHR_Type>
<CSHR_ApplDate>20231030</CSHR_ApplDate>
<CSHR_ApplTime>130441</CSHR_ApplTime>
<CSHR_ApplNum>266024792</CSHR_ApplNum>
<CSHR_ResultCode>220000</CSHR_ResultCode>
<CSHR_ResultMsg urlencode="1">%C1%A4%BB%F3%C3%B3%B8%AE%B5%C7%BE%FA%BD%C0%B4%CF%B4%D9.</CSHR_ResultMsg>
</CASH>
</Payment>
</PaymentInfo>]
INFO	[2023-10-30 13:04:40:964] <18489> DECRYPT PARSE OK
INFO	[2023-10-30 13:04:40:964] <18489> WAIT ACK INVOKING
DEBUG	[2023-10-30 13:04:40:964] <18489> MAKE HEAD OK
INFO	[2023-10-30 13:04:40:966] <18489> SUCCESS ACK INVOKING
INFO	[2023-10-30 13:04:40:966] <18489> END receipt 정상처리되었습니다. Laptime:[0.149sec]
INFO	[2023-10-30 13:04:40:966] <18489> ===============================================================
