INFO	[2021-08-24 16:04:44:31] <13981> START INIPHP repay (V5036-141209)(OS:Linux2.6.32-754.11.1.el6.x86_64,PHP:5.3.3)
DEBUG	[2021-08-24 16:04:44:31] <13981> inipayhome:/home1/killdeal/public_html/shop/inicis
DEBUG	[2021-08-24 16:04:44:31] <13981> debug:false
DEBUG	[2021-08-24 16:04:44:31] <13981> type:repay
DEBUG	[2021-08-24 16:04:44:31] <13981> pgid:INIphpRPAY
DEBUG	[2021-08-24 16:04:44:31] <13981> subpgip:203.238.3.10
DEBUG	[2021-08-24 16:04:44:31] <13981> mid:fourseason
DEBUG	[2021-08-24 16:04:44:31] <13981> admin:1111
DEBUG	[2021-08-24 16:04:44:31] <13981> oldtid:INIMX_CARDfourseason20210822143243975581
DEBUG	[2021-08-24 16:04:44:31] <13981> currency:WON
DEBUG	[2021-08-24 16:04:44:31] <13981> price:6000
DEBUG	[2021-08-24 16:04:44:31] <13981> confirm_price:39900
DEBUG	[2021-08-24 16:04:44:31] <13981> buyeremail:jyna1000@daum.net
DEBUG	[2021-08-24 16:04:44:31] <13981> tax:545
DEBUG	[2021-08-24 16:04:44:31] <13981> taxfree:0
INFO	[2021-08-24 16:04:44:31] <13981> Check Field OK
INFO	[2021-08-24 16:04:44:31] <13981> Make TID OK INIphpRPAYfourseason20210824160444316008
INFO	[2021-08-24 16:04:44:31] <13981> PI PUB KEY LOAD OK []
INFO	[2021-08-24 16:04:44:32] <13981> PG PUB KEY LOAD OK [30]
INFO	[2021-08-24 16:04:44:32] <13981> MERCHANT PRIV KEY LOAD OK
INFO	[2021-08-24 16:04:44:32] <13981> MERCHANT PUB KEY LOAD OK [0]
DEBUG	[2021-08-24 16:04:44:33] <13981> MAKE ENCRYPT OK[<?xml version="1.0" encoding="UTF-8"?>
<PartCancelInfo>
	  <PRTC_TID>INIMX_CARDfourseason20210822143243975581</PRTC_TID>
	  <PRTC_Price>6000</PRTC_Price>
	  <PRTC_Remains>39900</PRTC_Remains>
	  <PRTC_Quota/>
	  <PRTC_Interest/>
	  <PRTC_NoAcctFNBC/>
	  <PRTC_NmAcctFNBC/></PartCancelInfo>]
INFO	[2021-08-24 16:04:44:33] <13981> MAKE BODY OK
INFO	[2021-08-24 16:04:44:33] <13981> SIGN OK
INFO	[2021-08-24 16:04:44:33] <13981> MAKE HEAD OK
INFO	[2021-08-24 16:04:44:33] <13981> MSG_TO_PG:[0111600175D SHA1                   0                                      300620fourseason                6000INIphpRPAYfourseason20210824160444316008<?xml version="1.0" encoding="UTF-8"?>
<INIpay>
	  <PartCancelInfo>
	    <SessionKey>qGK0Brwb3sp2zIF0WJeRqDDnmYSYsl265nQaRdr4dNutSiKXoFS2Yf7kuW3m2Mjw
afcjxFrBTOX0pXrosUYZ2UtCZq4BAwXd8fKOFGCursoENDgw9pDkfcMFxRfQPran
fqxV9wbuE0D7Q4pc9wEsOj13mVSoYa4flNv8AHnwN14cmH08/6q6fg==
</SessionKey>
	    <Encrypted>gKmftYNMlqzq2ckeNzcz/x2VsBjSBPOIxBnxmUZ1v2uMNazCRsqf52y6KjtTxQqU
xb2VLKquH+0lGUX3Wd22IAH/Qs5ujhckvDsIaHRQdAhJ+wz60KwcwhzOyr5BgQkn
dKuWait8oOzGA+5JvNGcOjXDgmePFVVuWqFVk4poXHI9/Rwd5gGHveoRWBzaX3df
h6IwlongjFHOOzkZX/FF8cqQeTnKkUCgiAg1H2qpikK4PWcWPif+9/GElW1Sd12o
O1NqvaMCWczQjAHGLj0Y4/Bafw/g56dEb/7vZTd0+2l0LnPZcqGtpg0BkgPJb90G
7hzGUF0ihaW2TCe8DPPxBwh+nBbKvOsUWGqRutkroQjX9sSw97urZgehmJ05T3OD
bcZoTpVKW2M=
</Encrypted></PartCancelInfo>
	  <GoodsInfo>
	    <Tax>545</Tax>
	    <TaxFree/>
	    <Currency>WON</Currency></GoodsInfo>
	  <ReservedInfo>
	    <MReserved1/>
	    <MReserved2/>
	    <MReserved3/></ReservedInfo>
	  <ManageInfo>
	    <Language/>
	    <URL/>
	    <TXVersion>5036B141209repayLinux     PHPchkfake   2.6.32-754.11.1.el6.x86_64PHP:</TXVersion>
	    <TXUserID/>
	    <TXRegNum/></ManageInfo></INIpay>APGXDKbCdUlBrCVjPxqwM52hdfzVZ1oXEM4zgNh13F0BwP9P261go5ZqBsRDGbtm
EuKdM1L9V3TY+YRhFiRxQ8yBhC7UfG/3aUBk64+EnxxFKXgXbK8vo/U2+ARPCxUF
5PCNgSuSEtP9KhMrYDxiSgLbHXGG9fLb5w9EVf/7ns0L
]
INFO	[2021-08-24 16:04:44:34] <13981> DNS LOOKUP OK(203.238.37.3:203.238.37.3:34049) laptime:0
INFO	[2021-08-24 16:04:44:36] <13981> SOCKET CONNECT OK
INFO	[2021-08-24 16:04:44:36] <13981> SEND OK
INFO	[2021-08-24 16:04:44:261] <13981> RECV OK
INFO	[2021-08-24 16:04:44:261] <13981> MSG_FROM_PG:[0098000175D SHA1                   0                                      300630fourseason                6000INIphpRPAYfourseason20210824160444316008<?xml version="1.0" encoding="UTF-8"?><INIpay>
<PartCancelInfo>
<PayMethod>Card</PayMethod>
<ResultCode>120000</ResultCode>
<ResultMsg urlencode="1">%C1%A4%BB%F3%C3%B3%B8%AE%B5%C7%BE%FA%BD%C0%B4%CF%B4%D9.</ResultMsg>
<SessionKey>AH9Q2ZFpFVDlzxegUlmD2mP14tGQDebv8WN+1lmFswaDk14/u54SgQDfPRbnQCF2
2ro4e8rlznNVCKltUvdHF/g9CB1qsvlzt0bTOYVjA82s+QmqCKQ8E4MkF12GNFhP
j3LMy4ZE49/MolNy7xe5naENyZLD46etEQxId19nO9+JbIAvE6zpaGg=
</SessionKey>
<Encrypted>EqWq0FFVH6LGEsjP6LSTCCpWUWfamkH1wS0Qw7ebRHbpO35lCrEm6y6BYd+wdsMn
P6BplBl/IxGeTiO9AI98KqjLaHmz+DpXpuMoc3Rl6W7/gpGmGuXl5eK+FHQArMGb
987wi/PM4JxL5pXwjSV2zP6YifwPi5eBI6Np9Rpibk74Lz5xepFMJ3rsmOgpC9Wb
6rKMHkOOJK0BeGC4j7s5/KVhTgighKpAWlYPvJ4MJO0yT4wChX4T/qcjavsYxK5I
5VOH7dEIEQydIKL9msmLHeqEnHAlOAJyIA8dT8QY8U1o6OZ0z1PbOaiA9neEJytc
ENaIaNpHncVMcOQil2aokQdI+T92FuipyCM+wqj8ujcmJVqoQ8ygkGU1BOVVykW6
YZGlx03sHKvY36djbPK2dfArV8oxZvIcoLGduHPmTzqHH58ApWL1BgGjkfcYB9Lj
RRXGPUnYvIk=
</Encrypted>
</PartCancelInfo>
<ManageInfo/>
<ReservedInfo/>
</INIpay>
p+6g0WQZW8prRKGUtLkH/zJhgTlZBaQ90G5WrecOeBcs+al+AVi/EoNHDo4RF66v
caBbq9esirz3NWYUug5g6ObXvUny0p09X+8cdtTE9s6nDVXgI+kVml8oBfADN6I3
CmV4kCWABryu/wGsDEwd1HELdxpi1JEUP/SHLR8+/C0=
]
INFO	[2021-08-24 16:04:44:261] <13981> VERIFY OK
INFO	[2021-08-24 16:04:44:261] <13981> PARSE HEAD OK
INFO	[2021-08-24 16:04:44:261] <13981> PARSE BODY OK
INFO	[2021-08-24 16:04:44:262] <13981> DECRYPT OK
DEBUG	[2021-08-24 16:04:44:262] <13981> DECRYPT MSG:[<?xml version="1.0" encoding="UTF-8"?><PartCancelInfo>
<PRTC_TID>INIMX_CARDfourseason20210822143243975581</PRTC_TID>
<PRTC_Price>6000</PRTC_Price>
<PRTC_Remains>39900</PRTC_Remains>
<PRTC_Quota>00</PRTC_Quota>
<PRTC_Type>1</PRTC_Type>
<CancelDate>20210824</CancelDate>
<CancelTime>160444</CancelTime>
<PRTC_Cnt>1</PRTC_Cnt>
</PartCancelInfo>]
INFO	[2021-08-24 16:04:44:262] <13981> DECRYPT PARSE OK
INFO	[2021-08-24 16:04:44:262] <13981> END repay 정상처리되었습니다. Laptime:[0.231sec]
INFO	[2021-08-24 16:04:44:262] <13981> ===============================================================
