INFO	[2021-10-01 13:45:55:915] <21943> START INIPHP cancel (V5036-141209)(OS:Linux2.6.32-754.11.1.el6.x86_64,PHP:5.3.3)
DEBUG	[2021-10-01 13:45:55:915] <21943> inipayhome:/home1/killdeal/public_html/shop/inicis
DEBUG	[2021-10-01 13:45:55:915] <21943> debug:false
DEBUG	[2021-10-01 13:45:55:915] <21943> type:cancel
DEBUG	[2021-10-01 13:45:55:915] <21943> mid:majorgol03
DEBUG	[2021-10-01 13:45:55:915] <21943> admin:1111
DEBUG	[2021-10-01 13:45:55:915] <21943> tid:StdpayCARDmajorgol0320211001134543774766
DEBUG	[2021-10-01 13:45:55:915] <21943> cancelmsg:주문자 본인 취소-상품옵션 선택 잘못함
INFO	[2021-10-01 13:45:55:915] <21943> Check Field OK
INFO	[2021-10-01 13:45:55:915] <21943> PI PUB KEY LOAD OK []
INFO	[2021-10-01 13:45:55:916] <21943> PG PUB KEY LOAD OK [30]
INFO	[2021-10-01 13:45:55:916] <21943> MERCHANT PRIV KEY LOAD OK
INFO	[2021-10-01 13:45:55:916] <21943> MERCHANT PUB KEY LOAD OK [0]
DEBUG	[2021-10-01 13:45:55:917] <21943> MAKE ENCRYPT OK[<?xml version="1.0" encoding="UTF-8"?>
<CancelInfo>
	  <CancelTID>StdpayCARDmajorgol0320211001134543774766</CancelTID>
	  <CancelMsg urlencode="1">%C1%D6%B9%AE%C0%DA+%BA%BB%C0%CE+%C3%EB%BC%D2-%BB%F3%C7%B0%BF%C9%BC%C7+%BC%B1%C5%C3+%C0%DF%B8%F8%C7%D4</CancelMsg>
	  <CancelReason/></CancelInfo>]
INFO	[2021-10-01 13:45:55:917] <21943> MAKE BODY OK
INFO	[2021-10-01 13:45:55:917] <21943> SIGN OK
INFO	[2021-10-01 13:45:55:917] <21943> MAKE HEAD OK
INFO	[2021-10-01 13:45:55:917] <21943> MSG_TO_PG:[0101500175D SHA1                   0                                      300420majorgol03                    StdpayCARDmajorgol0320211001134543774766<?xml version="1.0" encoding="UTF-8"?>
<INIpay>
	  <CancelInfo>
	    <SessionKey>zY6aT1QQdorrU+M6o2CQkuxweNR/0aNOELQykHtdt25Lhp4scm//DL/1Enz+dqK/
l8POlVwLjRZm9Y3XBkd8wiLh/fbhk91aLEDgXNTLMcvX+mLORimrvHA89hFzvJf4
vaC3n1mG1NPXa+TcfU1gBodXoT+ZyfDuxnCctQKz4ai1kKyPGjHtdg==
</SessionKey>
	    <Encrypted>/U2xYali2sDGij3C1wk165rzkVfv1p2vyx+uCPfeAe1JDSUh0tqjGgKAT49f3Sv2
JqV8X1wJKJXJQ78FTi0kRvOpM/fo8dLRLVHJfPCW0a7U1hn3/eRNhj9jMgJz0vFO
a3DYaMYbOf8Glf56D+/3Bic7URcvJDH2idWSfC7gRNwMNF5y12nVgXa27nENwWry
azaVJq5Y8MXFBQcAbygTwjwC2nqvZSCT4CCTxHk9N91IcXulK2EEXrGrDJFeopTx
BhSd210LI4lV7bOipQDnMkPNAud5FZMj4OmYVm6AIgLebQWAC3t6rYbhiyAMdSCN
phHlrtTZlUrTFhbDLBCHbn7AdkX4p9ZL6gY15xpA0xA2q6yu4+y9xCH5MhM775U2
SKf22AUif6I=
</Encrypted></CancelInfo>
	  <ReservedInfo>
	    <MReserved1/>
	    <MReserved2/>
	    <MReserved3/></ReservedInfo>
	  <ManageInfo>
	    <Language/>
	    <URL/>
	    <TXVersion>5036B141209canceLinux     PHPchkfake   2.6.32-754.11.1.el6.x86_64PHP:</TXVersion>
	    <TXUserID/>
	    <TXRegNum/></ManageInfo></INIpay>AHho5sg3S40xxYZQ6FrZl5k4R2Ix0nLoOjNbn3dl+yqKqekXSYUcf85Ujq4ievoe
bN/JFarhSes/4fazwKsKElPerhfYeHFTefAt+SGO7y4DS28JcPlnsZVQSLzJg914
lEunPPUwDB/vpDAHgZvi/CJOEnzi94brCg32rsOVuwU9
]
INFO	[2021-10-01 13:45:55:918] <21943> DNS LOOKUP OK(203.238.37.3:203.238.37.3:34049) laptime:0
INFO	[2021-10-01 13:45:55:920] <21943> SOCKET CONNECT OK
INFO	[2021-10-01 13:45:55:920] <21943> SEND OK
INFO	[2021-10-01 13:45:58:227] <21943> RECV OK
INFO	[2021-10-01 13:45:58:227] <21943> MSG_FROM_PG:[0088100175D SHA1                   0                                      300430majorgol03                    StdpayCARDmajorgol0320211001134543774766<?xml version="1.0" encoding="UTF-8"?><INIpay>
<CancelInfo>
<ResultCode>120000</ResultCode>
<ResultMsg urlencode="1">%C1%A4%BB%F3%C3%B3%B8%AE%BF%CF%B7%E1</ResultMsg>
<SessionKey>AKa9YgZ3wFJx7ou2i1MWtB8Yio+WChCkT32zqCaIVCNRAkd6FkvPpCXtTWL7pz1d
Ikxa6JKy1MNA5xUJA0/PIJBZ0HgMdToDP7C9ksgWIBHaFOyolab/375utJiJYwxk
0pDynG+aHRTmjgHA5UCCYk9VRX/1UvrJ+QV5RJC+nmM54Je/xqKwWPU=
</SessionKey>
<Encrypted>cfkIHoUuXClY/E1+azC0wXMLQ6On6DeSISYdXATmNHUu4ktcKPbdF8XpNflHaCFO
MXsSktCeNS+mq2ytMGhaAukBRg/i2pGWSmqzKp9/fd5fycmkrjogvUg70N/Y2m/G
0foqnEk44T1VwUGxqjLui0LvIptoKWzjUnEmPjNpXIr2SNGwFIBVk7L1URMuouwx
WhkKHWC5o+bZcCaZX4O0vN8cGkSM4ZYRG7Si1z7XXthXYoICTQuGcX7gkViMdnjE
xSF43H4ZyH9Ydi1+W4La0pDLf+lZc5zyxE7oKFn7slnWVHYgPV0jKseyjpxcqd6n
</Encrypted>
</CancelInfo>
<ManageInfo/>
<ReservedInfo>
<MReserved1 urlencode="1"/>
<MReserved2 urlencode="1"/>
<MReserved3 urlencode="1"/>
</ReservedInfo>
</INIpay>
DF/s/QYliz3+928+zmFusk1xBxbbY7jVE2ccIQz8+zhXbr6uxGj1+aiS3q5bW/zz
1KfKLhLgoKRbWtPfQe8oXP+LHtGfBKPxUSdQ7CNQ/W9c85MsRyIxZ/2EOgAuyyR8
zgMrEci9eM4PanxAFIfGgwiAI1kVa75JbxLxwIyIyeo=
]
INFO	[2021-10-01 13:45:58:227] <21943> VERIFY OK
INFO	[2021-10-01 13:45:58:227] <21943> PARSE HEAD OK
INFO	[2021-10-01 13:45:58:227] <21943> PARSE BODY OK
INFO	[2021-10-01 13:45:58:228] <21943> DECRYPT OK
DEBUG	[2021-10-01 13:45:58:228] <21943> DECRYPT MSG:[<?xml version="1.0" encoding="UTF-8"?><CancelInfo>
<CancelDate>20211001</CancelDate>
<CancelTime>134557</CancelTime>
<ResultCode>120000</ResultCode>
<ResultMsg urlencode="1">%C1%A4%BB%F3%C3%B3%B8%AE%BF%CF%B7%E1</ResultMsg>
</CancelInfo>]
INFO	[2021-10-01 13:45:58:228] <21943> DECRYPT PARSE OK
INFO	[2021-10-01 13:45:58:228] <21943> END cancel 정상처리완료 Laptime:[2.313sec]
INFO	[2021-10-01 13:45:58:228] <21943> ===============================================================
INFO	[2021-10-01 13:49:00:841] <21931> START INIPHP cancel (V5036-141209)(OS:Linux2.6.32-754.11.1.el6.x86_64,PHP:5.3.3)
DEBUG	[2021-10-01 13:49:00:841] <21931> inipayhome:/home1/killdeal/public_html/shop/inicis
DEBUG	[2021-10-01 13:49:00:841] <21931> debug:false
DEBUG	[2021-10-01 13:49:00:841] <21931> type:cancel
DEBUG	[2021-10-01 13:49:00:841] <21931> mid:majorgol03
DEBUG	[2021-10-01 13:49:00:841] <21931> admin:1111
DEBUG	[2021-10-01 13:49:00:841] <21931> tid:StdpayCARDmajorgol0320211001134853261705
DEBUG	[2021-10-01 13:49:00:841] <21931> cancelmsg:주문자 본인 취소-구매의사 없음
INFO	[2021-10-01 13:49:00:841] <21931> Check Field OK
INFO	[2021-10-01 13:49:00:841] <21931> PI PUB KEY LOAD OK []
INFO	[2021-10-01 13:49:00:841] <21931> PG PUB KEY LOAD OK [30]
INFO	[2021-10-01 13:49:00:841] <21931> MERCHANT PRIV KEY LOAD OK
INFO	[2021-10-01 13:49:00:841] <21931> MERCHANT PUB KEY LOAD OK [0]
DEBUG	[2021-10-01 13:49:00:842] <21931> MAKE ENCRYPT OK[<?xml version="1.0" encoding="UTF-8"?>
<CancelInfo>
	  <CancelTID>StdpayCARDmajorgol0320211001134853261705</CancelTID>
	  <CancelMsg urlencode="1">%C1%D6%B9%AE%C0%DA+%BA%BB%C0%CE+%C3%EB%BC%D2-%B1%B8%B8%C5%C0%C7%BB%E7+%BE%F8%C0%BD</CancelMsg>
	  <CancelReason/></CancelInfo>]
INFO	[2021-10-01 13:49:00:842] <21931> MAKE BODY OK
INFO	[2021-10-01 13:49:00:842] <21931> SIGN OK
INFO	[2021-10-01 13:49:00:842] <21931> MAKE HEAD OK
INFO	[2021-10-01 13:49:00:842] <21931> MSG_TO_PG:[0099400175D SHA1                   0                                      300420majorgol03                    StdpayCARDmajorgol0320211001134853261705<?xml version="1.0" encoding="UTF-8"?>
<INIpay>
	  <CancelInfo>
	    <SessionKey>zWbVbCV/OHSGlvndgR/Pp1jnX7nUxMO/iLjzQ01vZaxJFPsMSVV4NqSDOm69ePkk
tf+uMXPX0R+tI1E/SF2HNrUTXu5a/4dPjwQrprV1ia0nQy+F9aDfa8BPIen0/noW
zJP7clLW2njhHR7n5bxFsKaFTNxpuL/yh58sZyrGTfbr4W6Yj7m28w==
</SessionKey>
	    <Encrypted>lJ9eXymCYjT9ZxxMRY86zd7UzmKZUg0jaMaSS/LQnElxNSEH9xgJxxcv0rS0IfLL
aVpb/BVP2OeDUY8NaVLVlrJ9OjMBNvord5VFW845jI/aJH85E2XpkJqgibLjBHFM
gN4A43fFVqUhhyQZfp4IzvljqJ1sZmah6L7EFzf0/xwuvS7aGWoJYPc2fAOl4Bhy
cYjKfZxqo5jPXdUBx0dS/IUaTekt/DCTpi6CKUiBu28mW2CdB+i1iX9FQIOubLv9
cuSgVKM2aOiEGgKzMw5/speXVWKD+/6JlDhYFtVJs0L+eTD91QSyJt+RsGZh5Xpf
fswfB+tt10iVlQIhMwz01tRSGdyINyOhI1ynNxeSpUxACTYivM4OUA==
</Encrypted></CancelInfo>
	  <ReservedInfo>
	    <MReserved1/>
	    <MReserved2/>
	    <MReserved3/></ReservedInfo>
	  <ManageInfo>
	    <Language/>
	    <URL/>
	    <TXVersion>5036B141209canceLinux     PHPchkfake   2.6.32-754.11.1.el6.x86_64PHP:</TXVersion>
	    <TXUserID/>
	    <TXRegNum/></ManageInfo></INIpay>ALBcfx4PPPJkArGAsvJGCPLssNsU466R9m9aHFbxyh/3ZPS/jBf1UKkepp66ODTp
/E7GFMrdppw/aC8wnM+4hRVpcvOqPD8oGG2H3VVfvwU7i83hT/P1zXCd7pzaXi3j
AhwA7wBXV+rGkRQJJOZOgMC9AoaEv1Qk/dBYZAV33TXb
]
INFO	[2021-10-01 13:49:00:842] <21931> DNS LOOKUP OK(203.238.37.3:203.238.37.3:34049) laptime:0
INFO	[2021-10-01 13:49:00:844] <21931> SOCKET CONNECT OK
INFO	[2021-10-01 13:49:00:845] <21931> SEND OK
INFO	[2021-10-01 13:49:01:518] <21931> RECV OK
INFO	[2021-10-01 13:49:01:518] <21931> MSG_FROM_PG:[0088100175D SHA1                   0                                      300430majorgol03                    StdpayCARDmajorgol0320211001134853261705<?xml version="1.0" encoding="UTF-8"?><INIpay>
<CancelInfo>
<ResultCode>120000</ResultCode>
<ResultMsg urlencode="1">%C1%A4%BB%F3%C3%B3%B8%AE%BF%CF%B7%E1</ResultMsg>
<SessionKey>AN7312SqVJt1r/hDvEsAHjxiBXsU3Jz4Mxj0Yc/Y8favn4TAXHntGRNQvqVN7Qrw
w2doJKTz1ZgK+vwAuZU8Vzr7YAiXlj7tqjRc1T7HpbdyfMxs5+HE2+J+0nDX9h8S
MOd6hNaRKfwevqnoPGwOiP6VBRm+LZnEga8dmBp/jvDESC4tYqWyBNI=
</SessionKey>
<Encrypted>GidmnMDn7HJQ/YUuj2LGzRAVEWAp2/PeR2/Q6CgX1WV79CeGQuDytzPD1YoUqpas
DVHg+eS93UstGjvuoqqk5goNtGm9EyrstLNCu04g4KZmadcqeL1wvQWXBq/9/qjA
4/BPWI5hNlKtiezYbQ73tnO1uc2/fNkq+2vAEyFUgSjkeQU+KSXPVQC0V3ym1bXi
KHnIpD9geEUXYBaBwixbClgwbSGOwgFJjzzt+QJ+skbJaGif9KqyiZqswaHrzYDN
U5Yku9HGDpu5kju4YqLB1p+nxKiLyG69ggQmltHQznalrGGkkONrx0HxgOxYyPtY
</Encrypted>
</CancelInfo>
<ManageInfo/>
<ReservedInfo>
<MReserved1 urlencode="1"/>
<MReserved2 urlencode="1"/>
<MReserved3 urlencode="1"/>
</ReservedInfo>
</INIpay>
ehPzAZ5L7uxvIB6Wwky/kz7D8nYTHacnJeZSvKB4J9B4dR9IKeySQQwtvCGhvfRY
x0cJdLpS/cZAuGEk6q5kvUlY2brGGmliqKozT4ahqUwduBpFSJs2yPnz6wQgMPD9
0oSPN7rimjG99EnJPykqQmelzz7vfH6TJvS7NdKtt4Q=
]
INFO	[2021-10-01 13:49:01:519] <21931> VERIFY OK
INFO	[2021-10-01 13:49:01:519] <21931> PARSE HEAD OK
INFO	[2021-10-01 13:49:01:519] <21931> PARSE BODY OK
INFO	[2021-10-01 13:49:01:519] <21931> DECRYPT OK
DEBUG	[2021-10-01 13:49:01:519] <21931> DECRYPT MSG:[<?xml version="1.0" encoding="UTF-8"?><CancelInfo>
<CancelDate>20211001</CancelDate>
<CancelTime>134901</CancelTime>
<ResultCode>120000</ResultCode>
<ResultMsg urlencode="1">%C1%A4%BB%F3%C3%B3%B8%AE%BF%CF%B7%E1</ResultMsg>
</CancelInfo>]
INFO	[2021-10-01 13:49:01:520] <21931> DECRYPT PARSE OK
INFO	[2021-10-01 13:49:01:520] <21931> END cancel 정상처리완료 Laptime:[0.679sec]
INFO	[2021-10-01 13:49:01:520] <21931> ===============================================================
