INFO	[2023-11-21 18:26:58:534] <28373> START INIPHP receipt (V5036-141209)(OS:Linux2.6.32-754.11.1.el6.x86_64,PHP:5.3.3)
DEBUG	[2023-11-21 18:26:58:534] <28373> inipayhome:/home1/killdeal/public_html/shop/inicis
DEBUG	[2023-11-21 18:26:58:534] <28373> debug:false
DEBUG	[2023-11-21 18:26:58:534] <28373> type:receipt
DEBUG	[2023-11-21 18:26:58:534] <28373> pgid:INIphpRECP
DEBUG	[2023-11-21 18:26:58:534] <28373> paymethod:CASH
DEBUG	[2023-11-21 18:26:58:534] <28373> currency:WON
DEBUG	[2023-11-21 18:26:58:534] <28373> admin:1111
DEBUG	[2023-11-21 18:26:58:534] <28373> mid:majorgol03
DEBUG	[2023-11-21 18:26:58:534] <28373> goodname:«÷µÙΩ¶∫Ò¥®≥≤ø©Ω∫≈ƒ¥ŸµÂ«Õ≈©∑Á≥ÿ¥œ∆Æ6¡æ≈√1 ø‹ 1∞«
DEBUG	[2023-11-21 18:26:58:534] <28373> cr_price:67800
DEBUG	[2023-11-21 18:26:58:534] <28373> sup_price:61636
DEBUG	[2023-11-21 18:26:58:534] <28373> tax:6164
DEBUG	[2023-11-21 18:26:58:534] <28373> srvc_price:0
DEBUG	[2023-11-21 18:26:58:534] <28373> buyername:±Ë¿∫πÃ
DEBUG	[2023-11-21 18:26:58:534] <28373> buyeremail:k5352182@naver.com
DEBUG	[2023-11-21 18:26:58:534] <28373> buyertel:01040258020
DEBUG	[2023-11-21 18:26:58:534] <28373> reg_num:2447800308
DEBUG	[2023-11-21 18:26:58:534] <28373> useopt:1
DEBUG	[2023-11-21 18:26:58:534] <28373> companynumber:
INFO	[2023-11-21 18:26:58:534] <28373> Check Field OK
INFO	[2023-11-21 18:26:58:534] <28373> Make TID OK INIphpRECPmajorgol0320231121182658348034
INFO	[2023-11-21 18:26:58:534] <28373> PI PUB KEY LOAD OK []
INFO	[2023-11-21 18:26:58:535] <28373> PG PUB KEY LOAD OK [30]
INFO	[2023-11-21 18:26:58:535] <28373> MERCHANT PRIV KEY LOAD OK
INFO	[2023-11-21 18:26:58:535] <28373> MERCHANT PUB KEY LOAD OK [0]
DEBUG	[2023-11-21 18:26:58:536] <28373> MAKE ENCRYPT OK[<?xml version="1.0" encoding="UTF-8"?>
<PaymentInfo>
	  <Payment>
	    <CASH>
	      <CSHR_ApplPrice>67800</CSHR_ApplPrice>
	      <CSHR_SupplyPrice>61636</CSHR_SupplyPrice>
	      <CSHR_Tax>6164</CSHR_Tax>
	      <CSHR_ServicePrice/>
	      <CSHR_Type>1</CSHR_Type>
	      <CSHR_RegNum>2447800308</CSHR_RegNum>
	      <CSHR_CompanyNum/></CASH></Payment></PaymentInfo>]
INFO	[2023-11-21 18:26:58:536] <28373> MAKE BODY OK
INFO	[2023-11-21 18:26:58:537] <28373> SIGN OK
INFO	[2023-11-21 18:26:58:537] <28373> MAKE HEAD OK
INFO	[2023-11-21 18:26:58:537] <28373> MSG_TO_PG:[0196600175D SHA1                   0                                      300200majorgol03               67800INIphpRECPmajorgol0320231121182658348034<?xml version="1.0" encoding="UTF-8"?>
<INIpay>
	  <GoodsInfo>
	    <GoodsCnt>1</GoodsCnt>
	    <MOID/>
	    <Currency>WON</Currency>
	    <Tax>6164</Tax>
	    <TaxFree/>
	    <Goods>
	      <SMID>majorgol03</SMID>
	      <GoodsName urlencode="1">%C7%D6%B5%F4%BD%A6%BA%F1%B4%A8%B3%B2%BF%A9%BD%BA%C5%C4%B4%D9%B5%E5%C7%CD%C5%A9%B7%E7%B3%D8%B4%CF%C6%AE6%C1%BE%C5%C31+%BF%DC+1%B0%C7</GoodsName>
	      <GoodsPrice>67800</GoodsPrice></Goods></GoodsInfo>
	  <BuyerInfo>
	    <BuyerName urlencode="1">%B1%E8%C0%BA%B9%CC</BuyerName>
	    <BuyerTel>01040258020</BuyerTel>
	    <BuyerEmail urlencode="1">k5352182%40naver.com</BuyerEmail>
	    <ParentEmail/>
	    <RecvName/>
	    <RecvTel/>
	    <RecvMsg/>
	    <RecvAddr/>
	    <RecvPostNum/></BuyerInfo>
	  <PaymentInfo>
	    <Payment>
	      <PayMethod>CASH</PayMethod>
	      <JoinCard/>
	      <JoinExpire/>
	      <MailOrder/>
	      <SessionKey>fHf4uwM6hZYtQb/ECPrwVj+PQyC/VXTck+vnMo3GPwwHjt1yuqLRrgfrczXWpfoP
a1z6YkX6RYkVb5+h7aUBQu5QAmRHDOdBw9j+o75Krzko7cm0yx2GkQ0h+nRcp4zK
ioNTxphbaNlS/630zOlEO/JSZKbpWuatoVEqV5fjJVkdyTwRv4fd8A==
</SessionKey>
	      <Encrypted>+0h5kA4ENyJvK4uKvRG/fNaqFSHcxlTkAK6LoQ9dovYiR+CEV5PloVZlytnH1NHG
pLSnayMoZ6bKEmVqTXGsxzp31KeFRoJv/Dj960jMbIB9pp1iV2iL/JYHx4yKV0wx
EbgYqbNO9JUadJVFhBcGH2z5irdFPqvARIF0naCka0YXM/bpQ9zqtEb4lpOEwlbx
K5ku2IdiLfo6VmwB8HrX9jyAPEk44XnJkEzqaNFsDThDqam+m3yBXOmzyUu/JSa0
5qezf1elJbq7CYextHfe/7ePElFxoR0btYDsoHgYllziJZJagFMEtQLiNejLnzHI
BWnYhXxzRLJ3Kozk/r680Kimrse8HSq3rfYE+mUzWTYVTffkmEVreVAt42h2FbM4
kiHy90i2/tekhM3h5FWBak3qoJXxezmwyjx0uaqZKQ/gVJeZ+RZSHnjS+mNAT3zx
t2ao8Vn8klqlStps6efXKFVuMRR80i1kPXOcHqkMwci9PV2QjXuk6Q==
</Encrypted></Payment></PaymentInfo>
	  <ReservedInfo>
	    <MReserved1/>
	    <MReserved2/>
	    <MReserved3/></ReservedInfo>
	  <ManageInfo>
	    <Language/>
	    <URL/>
	    <TXVersion>5036B141209receiLinux     PHPchkfake   2.6.32-754.11.1.el6.x86_64PHP:</TXVersion>
	    <TXUserID/>
	    <TXRegNum/>
	    <Ack>1</Ack></ManageInfo></INIpay>AJm8jtw86PU0vdMDc0DsfJktCLOR/eVZ4VT1ANQQcfSC38iMKoXrNqRPIgv4KO+1
MuQG1ixmzKsEQCstBTbUTRWqFndf62LRLI1xJnNDl+hj0panxly3EcKA0PbNFl+W
0mDwCAt33NcXzSb+8S7Yfo4C8uVEGvTso3UUo73Wxba/
]
INFO	[2023-11-21 18:26:58:537] <28373> DNS LOOKUP OK(203.238.37.3:203.238.37.3:34049) laptime:0
INFO	[2023-11-21 18:26:58:539] <28373> SOCKET CONNECT OK
INFO	[2023-11-21 18:26:58:539] <28373> SEND OK
INFO	[2023-11-21 18:26:58:659] <28373> RECV OK
INFO	[2023-11-21 18:26:58:659] <28373> MSG_FROM_PG:[0170100175D SHA1                   0                                      300210majorgol03               67800INIphpRECPmajorgol0320231121182658348034<?xml version="1.0" encoding="UTF-8"?><INIpay>
<GoodsInfo>
<GoodsCnt>1</GoodsCnt>
<MOID urlencode="1"/>
<Currency>WON</Currency>
<Goods no="1">
<SMID>majorgol03</SMID>
<GoodsName urlencode="1">%C7%D6%B5%F4%BD%A6%BA%F1%B4%A8%B3%B2%BF%A9%BD%BA%C5%C4%B4%D9%B5%E5%C7%CD%C5%A9%B7%E7%B3%D8%B4%CF%C6%AE6%C1%BE%C5%C31+%BF%DC+1%B0%C7</GoodsName>
<GoodsCntS>1</GoodsCntS>
<GoodsPrice>67800</GoodsPrice>
</Goods>
</GoodsInfo>
<PaymentInfo>
<Payment>
<SessionKey>AD9KiOq81K7QU4/JFCsSdBSjAtkKpigqe+CttGqkUww8r0MK/XcrWAycLL3aRpr5
7Gt/xbOALeZDl4ZCr321MMLxDzUzqHabwrcGqgvr7Bq0PPwyQHkq19e+7ztnfAXq
4hOrL91VGk6KqKSgWmHJf6OAXKZGlW0+FRPeUrT3PE8FnFn8nG/smzc=
</SessionKey>
<Encrypted>GkxU7jcyBaBwf6FfPzGy94t3melazq4BRjR4JHur9xs4VtnxINCg/Y/nJ4Byxklp
+138J5ASkf1zgaMR0lOsoXF0oHW9pp9bXjzKv49WhiT91QHpTLrKGLwaGtrMiG6c
Z2XtZm5a7yCSjmv5/DKE+7r8B/siaG+lY3PowdixrYArS7M6WbWe1cQvFdry8JjX
2B5KVLextH8GH6fUJv11kfy0utpg1f1kFv/foL8HLFl+Dy6FK2hKMPETakf2rMtY
S+V+9xofWxpxowA5XuD8NlJugW1HApwwxc5h/8mh8YoB60vNe3nnWwq3WLkx/GSt
z2Z66myXO/P6giyucGE5n87qJNcFh0QuAEDhrY0fCmXGoozxJoaLzUbbVgQ1DppC
OKVceLwusej9fNbL/1KBuNP+88b7Ogz/VB1Nlrd2Oe1hipafQ3drsuDLj7R/6t3u
hiWOK5emwGqj6XIYiDlWl/AGpdwhPZHWoxA+o3U8Ltv0vjkQVIjRjxQAT8N9yYMS
FtI9fCVKbmXksKflf1Y8mvUBDyU5+0oNGmyXhHGzoxU45hu7XwqJUAZskM6rOaZO
YBItE7e6jdTy9zJdveVc9VsDoP4v2JblJD9jFkhNuJF/aEsDWSD0Jr1vDKPO1doZ
0+ZJ9LtscWp88/vh7HbBFOZpKPqjpA9Wpms1ssLRQEEoK4Lq6lgfYA==
</Encrypted>
<PayMethod>CASH</PayMethod>
<ResultCode>220000</ResultCode>
<ResultMsg urlencode="1">%C1%A4%BB%F3%C3%B3%B8%AE%B5%C7%BE%FA%BD%C0%B4%CF%B4%D9.</ResultMsg>
</Payment>
</PaymentInfo>
<ManageInfo/>
<ReservedInfo>
<MReserved1 urlencode="1"/>
<MReserved2 urlencode="1"/>
<MReserved3 urlencode="1"/>
</ReservedInfo>
</INIpay>
RiRSKTBHJ+2760phK9cb5iUD7gazZyDWP3UrB6aV6igGUQqCUJJUZKyWL0lMMZCj
O3q5Hw2y2EDpZMl8mFLzUgGCGyPCct1vXv1h7VeEvAdqSS1YkwG7AwwBurW2uZYd
vQ+rWKe2Zv2FCFc/wZr1ATXam7UgI+vZEutGNImM6YA=
]
INFO	[2023-11-21 18:26:58:659] <28373> VERIFY OK
INFO	[2023-11-21 18:26:58:659] <28373> PARSE HEAD OK
INFO	[2023-11-21 18:26:58:659] <28373> PARSE BODY OK
INFO	[2023-11-21 18:26:58:660] <28373> DECRYPT OK
DEBUG	[2023-11-21 18:26:58:660] <28373> DECRYPT MSG:[<?xml version="1.0" encoding="UTF-8"?><PaymentInfo>
<Payment>
<CASH>
<CSHR_ApplPrice>67800</CSHR_ApplPrice>
<CSHR_SupplyPrice>61636</CSHR_SupplyPrice>
<CSHR_Tax>6164</CSHR_Tax>
<CSHR_ServicePrice/>
<CSHR_Type>1</CSHR_Type>
<CSHR_ApplDate>20231121</CSHR_ApplDate>
<CSHR_ApplTime>182658</CSHR_ApplTime>
<CSHR_ApplNum>267032072</CSHR_ApplNum>
<CSHR_ResultCode>220000</CSHR_ResultCode>
<CSHR_ResultMsg urlencode="1">%C1%A4%BB%F3%C3%B3%B8%AE%B5%C7%BE%FA%BD%C0%B4%CF%B4%D9.</CSHR_ResultMsg>
</CASH>
</Payment>
</PaymentInfo>]
INFO	[2023-11-21 18:26:58:660] <28373> DECRYPT PARSE OK
INFO	[2023-11-21 18:26:58:660] <28373> WAIT ACK INVOKING
DEBUG	[2023-11-21 18:26:58:661] <28373> MAKE HEAD OK
INFO	[2023-11-21 18:26:58:664] <28373> SUCCESS ACK INVOKING
INFO	[2023-11-21 18:26:58:664] <28373> END receipt ¡§ªÛ√≥∏Æµ«æ˙Ω¿¥œ¥Ÿ. Laptime:[0.13sec]
INFO	[2023-11-21 18:26:58:664] <28373> ===============================================================
