INFO	[2021-09-27 22:46:20:359] <315> START INIPHP cancel (V5036-141209)(OS:Linux2.6.32-754.11.1.el6.x86_64,PHP:5.3.3)
DEBUG	[2021-09-27 22:46:20:359] <315> inipayhome:/home1/killdeal/public_html/shop/inicis
DEBUG	[2021-09-27 22:46:20:359] <315> debug:false
DEBUG	[2021-09-27 22:46:20:359] <315> type:cancel
DEBUG	[2021-09-27 22:46:20:359] <315> mid:majorgol03
DEBUG	[2021-09-27 22:46:20:359] <315> admin:1111
DEBUG	[2021-09-27 22:46:20:359] <315> tid:INIMX_VBNKmajorgol0320210927003345265996
DEBUG	[2021-09-27 22:46:20:359] <315> cancelmsg:주문자 본인 취소-상품옵션 선택 잘못함
INFO	[2021-09-27 22:46:20:359] <315> Check Field OK
INFO	[2021-09-27 22:46:20:359] <315> PI PUB KEY LOAD OK []
INFO	[2021-09-27 22:46:20:359] <315> PG PUB KEY LOAD OK [30]
INFO	[2021-09-27 22:46:20:359] <315> MERCHANT PRIV KEY LOAD OK
INFO	[2021-09-27 22:46:20:359] <315> MERCHANT PUB KEY LOAD OK [0]
DEBUG	[2021-09-27 22:46:20:360] <315> MAKE ENCRYPT OK[<?xml version="1.0" encoding="UTF-8"?>
<CancelInfo>
	  <CancelTID>INIMX_VBNKmajorgol0320210927003345265996</CancelTID>
	  <CancelMsg urlencode="1">%C1%D6%B9%AE%C0%DA+%BA%BB%C0%CE+%C3%EB%BC%D2-%BB%F3%C7%B0%BF%C9%BC%C7+%BC%B1%C5%C3+%C0%DF%B8%F8%C7%D4</CancelMsg>
	  <CancelReason/></CancelInfo>]
INFO	[2021-09-27 22:46:20:360] <315> MAKE BODY OK
INFO	[2021-09-27 22:46:20:360] <315> SIGN OK
INFO	[2021-09-27 22:46:20:360] <315> MAKE HEAD OK
INFO	[2021-09-27 22:46:20:360] <315> MSG_TO_PG:[0101500175D SHA1                   0                                      300420majorgol03                    INIMX_VBNKmajorgol0320210927003345265996<?xml version="1.0" encoding="UTF-8"?>
<INIpay>
	  <CancelInfo>
	    <SessionKey>RbIUcfoPYaxGB2ex/7hECn5XRiyT/A8mgn0j5s1BPUwdlQEVAjER7I9NBtmmel2o
yvXmnxhcEHFcbsB+Daf8XQKIsCz2jquxL4k81b5XLUX9nuz6uON2/B85PDcVyDfc
Vo9oGugUG20qXJ9QY7fBIfpJcMfbT2qDfucaP4HQ0qfxvRHhfx8trQ==
</SessionKey>
	    <Encrypted>QwQndSYlLz1SMHBEEEcb8GL10lCIyU8wp4qnAUYcIlnXUyyi8G/RZhK7vuT5ZzS3
O7W6+k/rvR1XQEwXJejzBw6mMoqKH90b4pNfaSZE8x3CFFN56GFO5DNoo+azFszb
+D2mipkFldOoN7dZYeYMfDntYIhFQP7Meoa904PNhREjhZQYdvoSqQ0tjb6jDfeg
lCgiF+PtyE1yFUL/gOpI/E1aBHrnAHXKnbObT/jbDSF0on6tgvAJZ//rKPMQpA59
58NesHHONejgvnSZ6tfGlk1hvB7BEOjODv05rGRwwlyXvoEk7hJMeRuZO4o5bYJz
zJie+PZdFIuTaFaWO0F5PZMJYZjr2PHCOn/UN1PKOUIpECkfrDB7TqVkE1aaSn4B
62zgaNtmyE0=
</Encrypted></CancelInfo>
	  <ReservedInfo>
	    <MReserved1/>
	    <MReserved2/>
	    <MReserved3/></ReservedInfo>
	  <ManageInfo>
	    <Language/>
	    <URL/>
	    <TXVersion>5036B141209canceLinux     PHPchkfake   2.6.32-754.11.1.el6.x86_64PHP:</TXVersion>
	    <TXUserID/>
	    <TXRegNum/></ManageInfo></INIpay>ANdf00nV1GkTr9RFgMLr8/Ok3hOkCGv7+VACuI3257YwaKvw/2OxmFFMFLpMtXLq
uXOrhkbALHj/3hyrka6PSTqV1Sc+FcH6lRjGOOxsRIODFwGmO/72W/axg/HUqepH
36eWDyvXuYBJHJneU4rM0yKHJ/LnwZKUVZrMpk+5sjLC
]
INFO	[2021-09-27 22:46:20:361] <315> DNS LOOKUP OK(203.238.37.3:203.238.37.3:34049) laptime:0
INFO	[2021-09-27 22:46:20:364] <315> SOCKET CONNECT OK
INFO	[2021-09-27 22:46:20:364] <315> SEND OK
INFO	[2021-09-27 22:46:20:501] <315> RECV OK
INFO	[2021-09-27 22:46:20:501] <315> MSG_FROM_PG:[0123800175D SHA1                   0                                      300430majorgol03                    INIMX_VBNKmajorgol0320210927003345265996<?xml version="1.0" encoding="UTF-8"?><INIpay>
<CancelInfo>
<ResultCode>170000</ResultCode>
<ResultMsg urlencode="1">%C1%A4%BB%F3%C3%B3%B8%AE%B5%C7%BE%FA%BD%C0%B4%CF%B4%D9.</ResultMsg>
<SessionKey>ABZZS6d2YKGyUtgrznCyMSViStRaZ6zGqxPliyYKnRnvMoKgjZelTkjeMfcteqrH
861oBhpzBCMDYREynr0jJraLmDOccn5pAaunEEp3SASRfQ8ydgrayeymGcoI7h5X
d+E2ux9dlsixk8ArFhQAvKLFf07fO8KHyFg7x5eaNWVFZn9yAJ5RSxk=
</SessionKey>
<Encrypted>ffpkBdTcajMlmnUFAqrhnh+xXkrBHfbCrWpDTAdIHjKR0ZQW5KKwEnRTF8gW4ig5
3qG6Z+V8+lORJLJoFXieTjFHlHU+BpoDdsBpgwS2iU7SGAsH9qftyvo3vbARjINt
4XV4JkMtkAxfVeRvblb2fmrmhJWHstCUx7obAshPYWBrpqIV5wfWb/hijWYu5/sx
efXL/IfgLwuK7zjzYtQwWzk7JpasWuzU3KJF/xrDcEnBcjs05EpNWon2V9PULuEZ
GkcNKSJFljSlsZXjZzUSoUmi8ieuypNdN4oCpF83k2kFqoMYVGyBrJvv8ngsrVHl
IhA9BK6l1vocGHlkov0t/aiaa9P9n5MJ2I0m9kEFU2zE6BDeVcZDTFsZ9LnDs3GW
rhl5aO+AGoOk7UourT0tCKefODTFb/XRme8Yx4VlxfcbhuRQzmoEzwNIrB+b8Jts
z4QKbu4UPuZzzFWRZNkZtNbUGa3E55XlHWx6VgKjj7YksvG6tecBxkfceh4LjM3D
plINWLFLohmU+t7V8PGafmbZYlt+d8RvCUFvHuJkzX2bxymqjBPJuM4pfGEKW4W2
5GDeqVU6aTdJCxcTNyVBeKw8j6CSA0HIEJMAet7F8aqs9SRM+VPMi2cu8B/gw+hY
82JmVkSNhdA=
</Encrypted>
</CancelInfo>
<ManageInfo/>
<ReservedInfo>
<MReserved1 urlencode="1"/>
<MReserved2 urlencode="1"/>
<MReserved3 urlencode="1"/>
</ReservedInfo>
</INIpay>
QW2wUypXEWZHQ1oxQe7xO+Qc//n0KuVT0FfUVErAjl7On7bBjwXcq+ESsm6ZPnoq
tEdAW1HrQtHtP55MkiIpEm+LsmZ7SfBV7yhMOZsxY00+jh+KIpbdpTosGM/CYdBw
gHBOSFvgf3KfTyCwycdQDO/knUCnLLDpo6GjrCmmizI=
]
INFO	[2021-09-27 22:46:20:502] <315> VERIFY OK
INFO	[2021-09-27 22:46:20:502] <315> PARSE HEAD OK
INFO	[2021-09-27 22:46:20:502] <315> PARSE BODY OK
INFO	[2021-09-27 22:46:20:503] <315> DECRYPT OK
DEBUG	[2021-09-27 22:46:20:503] <315> DECRYPT MSG:[<?xml version="1.0" encoding="UTF-8"?><CancelInfo>
<CancelDate>20210927</CancelDate>
<CancelTime>224620</CancelTime>
<ResultCode>170000</ResultCode>
<ResultMsg urlencode="1">%C1%A4%BB%F3%C3%B3%B8%AE%B5%C7%BE%FA%BD%C0%B4%CF%B4%D9.</ResultMsg>
<CSHR_CancelDate>20210927</CSHR_CancelDate>
<CSHR_CancelTime>224620</CSHR_CancelTime>
<CSHR_ResultCode>220000</CSHR_ResultCode>
<CSHR_ResultMsg urlencode="1">%C1%A4%BB%F3%C3%B3%B8%AE%B5%C7%BE%FA%BD%C0%B4%CF%B4%D9.</CSHR_ResultMsg>
</CancelInfo>]
INFO	[2021-09-27 22:46:20:503] <315> DECRYPT PARSE OK
INFO	[2021-09-27 22:46:20:503] <315> END cancel 정상처리되었습니다. Laptime:[0.144sec]
INFO	[2021-09-27 22:46:20:503] <315> ===============================================================
