INFO	[2023-01-17 10:21:07:706] <12309> START INIPHP cancel (V5036-141209)(OS:Linux2.6.32-754.11.1.el6.x86_64,PHP:5.3.3)
DEBUG	[2023-01-17 10:21:07:706] <12309> inipayhome:/home1/killdeal/public_html/shop/inicis
DEBUG	[2023-01-17 10:21:07:706] <12309> debug:false
DEBUG	[2023-01-17 10:21:07:706] <12309> type:cancel
DEBUG	[2023-01-17 10:21:07:706] <12309> mid:majorgol03
DEBUG	[2023-01-17 10:21:07:706] <12309> admin:1111
DEBUG	[2023-01-17 10:21:07:706] <12309> tid:INIMX_CARDmajorgol0320230116211136155109
DEBUG	[2023-01-17 10:21:07:706] <12309> cancelmsg:쇼핑몰 운영자 승인 취소
INFO	[2023-01-17 10:21:07:706] <12309> Check Field OK
INFO	[2023-01-17 10:21:07:706] <12309> PI PUB KEY LOAD OK []
INFO	[2023-01-17 10:21:07:707] <12309> PG PUB KEY LOAD OK [30]
INFO	[2023-01-17 10:21:07:707] <12309> MERCHANT PRIV KEY LOAD OK
INFO	[2023-01-17 10:21:07:707] <12309> MERCHANT PUB KEY LOAD OK [0]
DEBUG	[2023-01-17 10:21:07:707] <12309> MAKE ENCRYPT OK[<?xml version="1.0" encoding="UTF-8"?>
<CancelInfo>
	  <CancelTID>INIMX_CARDmajorgol0320230116211136155109</CancelTID>
	  <CancelMsg urlencode="1">%BC%EE%C7%CE%B8%F4+%BF%EE%BF%B5%C0%DA+%BD%C2%C0%CE+%C3%EB%BC%D2</CancelMsg>
	  <CancelReason/></CancelInfo>]
INFO	[2023-01-17 10:21:07:708] <12309> MAKE BODY OK
INFO	[2023-01-17 10:21:07:708] <12309> SIGN OK
INFO	[2023-01-17 10:21:07:708] <12309> MAKE HEAD OK
INFO	[2023-01-17 10:21:07:708] <12309> MSG_TO_PG:[0096200175D SHA1                   0                                      300420majorgol03                    INIMX_CARDmajorgol0320230116211136155109<?xml version="1.0" encoding="UTF-8"?>
<INIpay>
	  <CancelInfo>
	    <SessionKey>Sy8VeS3wvGiJunXD47tV5Aagv9rOUa6O2pz7eT7zPQihwIX7fFJdoLRwmWYqYaCp
8fmFM/gKJuDvgh8TgaG+oql5bvzNBBq/MirmWQuIGiM6lCEmof4Ig4C3SXNRQ1qk
Ich/GK4o76BDV5HGdqDEJQhZxvZh4JhlmwAuCzEhjwediRw5MS/+UQ==
</SessionKey>
	    <Encrypted>6G671snbqbHj8sJNwCoiCl/XQ2Y4iDNuSK8ZRCC4HlHaCFfOQfQD+b4PAPmejS1V
4fjsB8QRfVXqwBkZuJvS7w6TOyBDrA5OwXoKo9C0NlfOeHb5DLFFIoxAxiHNPt4l
4qN+ceSokjQEtFSVdqhqGwaDHyO4L0VyE3kytBPq8E69Yt07FXlfyNkxNIAEyNaX
4Vw3zI6lr6iIvY2y/TAeKYM8XU67OuiwQFf5PfIydi1c252LAIFN8x6jdcqBUw1A
T5L0HQxvGRHBp558dO+AWdOytweS/ddRoailTIRmpPPfwaQS0OtDitfOGy9W6GiV
XBJeHe75nhA4Z3B6Qf0hrQ==
</Encrypted></CancelInfo>
	  <ReservedInfo>
	    <MReserved1/>
	    <MReserved2/>
	    <MReserved3/></ReservedInfo>
	  <ManageInfo>
	    <Language/>
	    <URL/>
	    <TXVersion>5036B141209canceLinux     PHPchkfake   2.6.32-754.11.1.el6.x86_64PHP:</TXVersion>
	    <TXUserID/>
	    <TXRegNum/></ManageInfo></INIpay>APrajgEWeIM7gFE4vlblxCd30dXeSAO44FfZwfog2rcFsHPGuiRpgmfufm9Qr7Mo
086XDvmAppS3gp5FZmiisF3M9hpx2J4Tf6C0ldLQMKv1cxurEA/C5CqqXM3GXPci
qfZ6LjKuzla6TjNtP4PWHAR34/0Ljr9tym9oQnJCbulz
]
INFO	[2023-01-17 10:21:07:708] <12309> DNS LOOKUP OK(203.238.37.3:203.238.37.3:34049) laptime:0
INFO	[2023-01-17 10:21:07:711] <12309> SOCKET CONNECT OK
INFO	[2023-01-17 10:21:07:711] <12309> SEND OK
INFO	[2023-01-17 10:21:07:844] <12309> RECV OK
INFO	[2023-01-17 10:21:07:845] <12309> MSG_FROM_PG:[0093300175D SHA1                   0                                      300430majorgol03                    INIMX_CARDmajorgol0320230116211136155109<?xml version="1.0" encoding="UTF-8"?><INIpay>
<CancelInfo>
<ResultCode>120000</ResultCode>
<ResultMsg urlencode="1">%C1%A4%BB%F3%C3%B3%B8%AE%B5%C7%BE%FA%BD%C0%B4%CF%B4%D9.</ResultMsg>
<SessionKey>AKDMJbCicCQpa5qk67RHNZhAsvGu3oiMc9JfDMKr1P8yXJyzLc26JxFXCObX8nd4
SK/mIejSBFBr1VBdTdpCftP/WgPkDI0tEQehPHE6tqtpTdHyTOaZhIQ/D8iQX0ZJ
rQ/SWqLqyzLcK9D8FGfJ9J0Qt68/lMpadjSl+Rb1OvlEuzLLlysVoG4=
</SessionKey>
<Encrypted>tDD4+co96ZKWVZcOmYjTN66iI0iRm0Y3CZJOCvA5mm+IEmkRCUsGZqzjlCtlNon3
gB676jplj84uCgNg4zeunyWj2HtLSBk8ENCpHrY1oY8IPOpez1hZuGBrNznBCFcZ
B4kjm7jEVdO6ztoY/Dn4g+PsM16jbz1jz5XgBAUSwLFfNiN8JcOgrPgnzH/Q1H8y
9466TYFrGQDtT7DY2lbl75j0GUpMDJYWt3Aet7sedZAyGDQtIsY14kPvyIkPyHbV
uTzLYsHKubymjy05WKTKBc4/znH7nYogh9NPamYibFO6KoOfHxBEy3vyDrbufpIX
7tUSzpZdmJi2wWzLt6KEvfRFHiJQAPWF
</Encrypted>
</CancelInfo>
<ManageInfo/>
<ReservedInfo>
<MReserved1 urlencode="1"/>
<MReserved2 urlencode="1"/>
<MReserved3 urlencode="1"/>
</ReservedInfo>
</INIpay>
1+NB0oDXdkXa/BuqOvVXI1nQfTKrU99D0zHcYWdQaPHGpaToQpXW3BWXcNCywQ2W
eGF4CjcHKOQMxM43I3rHprFZVKpzphAJdG9Uz9ZOALlSzhnrJtqkPFL3o9nY89eW
Tcy1mRXOW+qy7vqsWv8UQKyMwOm7bStGgLQ7oKAMhDo=
]
INFO	[2023-01-17 10:21:07:845] <12309> VERIFY OK
INFO	[2023-01-17 10:21:07:845] <12309> PARSE HEAD OK
INFO	[2023-01-17 10:21:07:845] <12309> PARSE BODY OK
INFO	[2023-01-17 10:21:07:846] <12309> DECRYPT OK
DEBUG	[2023-01-17 10:21:07:846] <12309> DECRYPT MSG:[<?xml version="1.0" encoding="UTF-8"?><CancelInfo>
<CancelDate>20230117</CancelDate>
<CancelTime>102107</CancelTime>
<ResultCode>120000</ResultCode>
<ResultMsg urlencode="1">%C1%A4%BB%F3%C3%B3%B8%AE%B5%C7%BE%FA%BD%C0%B4%CF%B4%D9.</ResultMsg>
</CancelInfo>]
INFO	[2023-01-17 10:21:07:846] <12309> DECRYPT PARSE OK
INFO	[2023-01-17 10:21:07:846] <12309> END cancel 정상처리되었습니다. Laptime:[0.14sec]
INFO	[2023-01-17 10:21:07:846] <12309> ===============================================================
INFO	[2023-01-17 11:26:41:83] <20866> START INIPHP cancel (V5036-141209)(OS:Linux2.6.32-754.11.1.el6.x86_64,PHP:5.3.3)
DEBUG	[2023-01-17 11:26:41:83] <20866> inipayhome:/home1/killdeal/public_html/shop/inicis
DEBUG	[2023-01-17 11:26:41:83] <20866> debug:false
DEBUG	[2023-01-17 11:26:41:83] <20866> type:cancel
DEBUG	[2023-01-17 11:26:41:83] <20866> mid:majorgol03
DEBUG	[2023-01-17 11:26:41:83] <20866> admin:1111
DEBUG	[2023-01-17 11:26:41:83] <20866> tid:INIMX_CARDmajorgol0320230117110641935340
DEBUG	[2023-01-17 11:26:41:83] <20866> cancelmsg:주문자 본인 취소-상품옵션 선택 잘못함
INFO	[2023-01-17 11:26:41:83] <20866> Check Field OK
INFO	[2023-01-17 11:26:41:83] <20866> PI PUB KEY LOAD OK []
INFO	[2023-01-17 11:26:41:83] <20866> PG PUB KEY LOAD OK [30]
INFO	[2023-01-17 11:26:41:84] <20866> MERCHANT PRIV KEY LOAD OK
INFO	[2023-01-17 11:26:41:84] <20866> MERCHANT PUB KEY LOAD OK [0]
DEBUG	[2023-01-17 11:26:41:84] <20866> MAKE ENCRYPT OK[<?xml version="1.0" encoding="UTF-8"?>
<CancelInfo>
	  <CancelTID>INIMX_CARDmajorgol0320230117110641935340</CancelTID>
	  <CancelMsg urlencode="1">%C1%D6%B9%AE%C0%DA+%BA%BB%C0%CE+%C3%EB%BC%D2-%BB%F3%C7%B0%BF%C9%BC%C7+%BC%B1%C5%C3+%C0%DF%B8%F8%C7%D4</CancelMsg>
	  <CancelReason/></CancelInfo>]
INFO	[2023-01-17 11:26:41:84] <20866> MAKE BODY OK
INFO	[2023-01-17 11:26:41:85] <20866> SIGN OK
INFO	[2023-01-17 11:26:41:85] <20866> MAKE HEAD OK
INFO	[2023-01-17 11:26:41:85] <20866> MSG_TO_PG:[0101500175D SHA1                   0                                      300420majorgol03                    INIMX_CARDmajorgol0320230117110641935340<?xml version="1.0" encoding="UTF-8"?>
<INIpay>
	  <CancelInfo>
	    <SessionKey>1y9iuit/P6WzNlwkK4Hh9g1U0ffrmPQCPSLChrq2Z71Zdh9F7bTfw8nxc2lGlpwV
ptdVFVcvrl1eyiQpd/Sbl6KPuhRoTi4fMunLSXp5Ic7PGhEGtooNb30AywSUreGf
/3Pvfs6I3WQemxAI+WjnPq3feWAG6tL5dchSpEmEzlIP9WSf/6gjxQ==
</SessionKey>
	    <Encrypted>6Nk93DEgL1Mi4lN3OQk+TIFelRzCMRVzK2GbaQG3HeDZcS9vZroZN4wtqA+LenWt
0lBSTBYFdGVwhazCi1fYe70qko3en8868Xw0TE0Q8KtOEGE3710VrfwTYxg6EaB1
Q2KBoHlxtARdbgqcYfU58EY1SdOTdImTlXwGvVKXpy+3Id5g/UobtWZpvX4zfptV
qFFh242YHoLjTf1bTADBS32hcuUM8hXfIsGF8i5EnlV2OhB49GADE6EzA5rg41tt
+4CPVvDZddCJSFFE3DtjybJN6c1dtaDPeldRaYCndIX34Jd38JFj4Zo2+kGOU3fe
rg1SzUtVjuPcPFGl5iW18JJztqcUF3HFTzjwPFA5U2DkBTsJjdpECbRBDJJ5MQcM
eL1MnT/2yFY=
</Encrypted></CancelInfo>
	  <ReservedInfo>
	    <MReserved1/>
	    <MReserved2/>
	    <MReserved3/></ReservedInfo>
	  <ManageInfo>
	    <Language/>
	    <URL/>
	    <TXVersion>5036B141209canceLinux     PHPchkfake   2.6.32-754.11.1.el6.x86_64PHP:</TXVersion>
	    <TXUserID/>
	    <TXRegNum/></ManageInfo></INIpay>ANHLbaQmViRMG6VAo+kJtDsaO9n9s73f4Yu8BafYne5U07JV7+07MasJIYl1Mq9p
Kl6NTMLNqo9/1nAlWAzLQq/2ibj5X3n4jOetODnuwa2US7ogySM/OXRfSEMpMOvU
imy/VbD0slVjpiYGEOMEAYs8RPeL1vKx5kV0kJvRK+6y
]
INFO	[2023-01-17 11:26:41:85] <20866> DNS LOOKUP OK(203.238.37.3:203.238.37.3:34049) laptime:0
INFO	[2023-01-17 11:26:41:88] <20866> SOCKET CONNECT OK
INFO	[2023-01-17 11:26:41:88] <20866> SEND OK
INFO	[2023-01-17 11:26:41:453] <20866> RECV OK
INFO	[2023-01-17 11:26:41:453] <20866> MSG_FROM_PG:[0093300175D SHA1                   0                                      300430majorgol03                    INIMX_CARDmajorgol0320230117110641935340<?xml version="1.0" encoding="UTF-8"?><INIpay>
<CancelInfo>
<ResultCode>120000</ResultCode>
<ResultMsg urlencode="1">%C1%A4%BB%F3%C3%B3%B8%AE%B5%C7%BE%FA%BD%C0%B4%CF%B4%D9.</ResultMsg>
<SessionKey>AKJO4/x5xu/JleX0phKNyekWXJGnvzrPzwjnptN8kNx69tzfgGkCJ6ld0oZU0C78
vtHgDc3cdDEEUkoE851JUA9TB9CprmrcwoX2wV3CR0lodGZMnt2M9E098YsaWKHR
SWuPoV32fRNpju1YSc0Txeqd6lVSmwSczhutHrWjIBcSvJJ+Mpid/tQ=
</SessionKey>
<Encrypted>bQKffY360Qtc2oYfZtRLKpfWkZsA+T4GWvDrscVN+2IrjoTHMlohvwHHZ5x3/4QR
9qmfIHuwlzjcQ3leH+3b2AD7mhKhZAqmfR7vhNhWpUP6bVdH8VJcFkmBcI4dnOP2
xVfMS2WklOAxBuvs4q8sZwufjjxXekzbdtWb6ZAlPwU5eEHI3mMZUEUPKcrbT4+g
Uu4N/2BailSFrvzXmH3etxV4NvtIs/i/jmaSJt36ZrhcBoDVRakDCJlvjfczEE81
QyYFcgmVVmJUiM9EmMYUogoybCOCVHp6yORTKX2OlMugaHU6wi1oAc+53mq30sRg
3kwPYGxJw7rzb0YOi6OMqkazP3yTSoxI
</Encrypted>
</CancelInfo>
<ManageInfo/>
<ReservedInfo>
<MReserved1 urlencode="1"/>
<MReserved2 urlencode="1"/>
<MReserved3 urlencode="1"/>
</ReservedInfo>
</INIpay>
kHdBlRpMOANGvUU62M8UbPiTajcEcFjv0M+BaJ2K8JELS8K9tufZEEX3T5qqPN27
N6iMQdKXy9N8cPIrhuh4iHo50BecmqgxfS6vRe1vpArdozzPD6nsK/4n/9YzWazT
b6OpbuTUk02LEomgfKacesxzmjCg3AOSyiJGjPuRDoE=
]
INFO	[2023-01-17 11:26:41:453] <20866> VERIFY OK
INFO	[2023-01-17 11:26:41:453] <20866> PARSE HEAD OK
INFO	[2023-01-17 11:26:41:454] <20866> PARSE BODY OK
INFO	[2023-01-17 11:26:41:454] <20866> DECRYPT OK
DEBUG	[2023-01-17 11:26:41:454] <20866> DECRYPT MSG:[<?xml version="1.0" encoding="UTF-8"?><CancelInfo>
<CancelDate>20230117</CancelDate>
<CancelTime>112641</CancelTime>
<ResultCode>120000</ResultCode>
<ResultMsg urlencode="1">%C1%A4%BB%F3%C3%B3%B8%AE%B5%C7%BE%FA%BD%C0%B4%CF%B4%D9.</ResultMsg>
</CancelInfo>]
INFO	[2023-01-17 11:26:41:455] <20866> DECRYPT PARSE OK
INFO	[2023-01-17 11:26:41:455] <20866> END cancel 정상처리되었습니다. Laptime:[0.372sec]
INFO	[2023-01-17 11:26:41:455] <20866> ===============================================================
