INFO	[2020-09-23 23:47:28:685] <24853> START INIPHP receipt (V5036-141209)(OS:Linux2.6.32-754.11.1.el6.x86_64,PHP:5.3.3)
DEBUG	[2020-09-23 23:47:28:685] <24853> inipayhome:/home/killdeal/public_html/shop/inicis
DEBUG	[2020-09-23 23:47:28:685] <24853> debug:false
DEBUG	[2020-09-23 23:47:28:685] <24853> type:receipt
DEBUG	[2020-09-23 23:47:28:685] <24853> pgid:INIphpRECP
DEBUG	[2020-09-23 23:47:28:685] <24853> paymethod:CASH
DEBUG	[2020-09-23 23:47:28:685] <24853> currency:WON
DEBUG	[2020-09-23 23:47:28:685] <24853> admin:1111
DEBUG	[2020-09-23 23:47:28:685] <24853> mid:majorgol03
DEBUG	[2020-09-23 23:47:28:685] <24853> goodname:더기프트쇼2020아이나비SPORTS레이저거리측정기
DEBUG	[2020-09-23 23:47:28:685] <24853> cr_price:195000
DEBUG	[2020-09-23 23:47:28:685] <24853> sup_price:177273
DEBUG	[2020-09-23 23:47:28:685] <24853> tax:17727
DEBUG	[2020-09-23 23:47:28:685] <24853> srvc_price:0
DEBUG	[2020-09-23 23:47:28:685] <24853> buyername:김성수
DEBUG	[2020-09-23 23:47:28:685] <24853> buyeremail:ksungs1234@naver.com
DEBUG	[2020-09-23 23:47:28:685] <24853> buyertel:01065102282
DEBUG	[2020-09-23 23:47:28:685] <24853> reg_num:01065102282
DEBUG	[2020-09-23 23:47:28:685] <24853> useopt:0
DEBUG	[2020-09-23 23:47:28:685] <24853> companynumber:
INFO	[2020-09-23 23:47:28:685] <24853> Check Field OK
INFO	[2020-09-23 23:47:28:685] <24853> Make TID OK INIphpRECPmajorgol0320200923234728853945
INFO	[2020-09-23 23:47:28:685] <24853> PI PUB KEY LOAD OK []
INFO	[2020-09-23 23:47:28:686] <24853> PG PUB KEY LOAD OK [30]
INFO	[2020-09-23 23:47:28:686] <24853> MERCHANT PRIV KEY LOAD OK
INFO	[2020-09-23 23:47:28:686] <24853> MERCHANT PUB KEY LOAD OK [0]
DEBUG	[2020-09-23 23:47:28:686] <24853> MAKE ENCRYPT OK[<?xml version="1.0" encoding="UTF-8"?>
<PaymentInfo>
	  <Payment>
	    <CASH>
	      <CSHR_ApplPrice>195000</CSHR_ApplPrice>
	      <CSHR_SupplyPrice>177273</CSHR_SupplyPrice>
	      <CSHR_Tax>17727</CSHR_Tax>
	      <CSHR_ServicePrice/>
	      <CSHR_Type>0</CSHR_Type>
	      <CSHR_RegNum>01065102282</CSHR_RegNum>
	      <CSHR_CompanyNum/></CASH></Payment></PaymentInfo>]
INFO	[2020-09-23 23:47:28:687] <24853> MAKE BODY OK
INFO	[2020-09-23 23:47:28:687] <24853> SIGN OK
INFO	[2020-09-23 23:47:28:687] <24853> MAKE HEAD OK
INFO	[2020-09-23 23:47:28:687] <24853> MSG_TO_PG:[0195100175D SHA1                   0                                      300200majorgol03              195000INIphpRECPmajorgol0320200923234728853945<?xml version="1.0" encoding="UTF-8"?>
<INIpay>
	  <GoodsInfo>
	    <GoodsCnt>1</GoodsCnt>
	    <MOID/>
	    <Currency>WON</Currency>
	    <Tax>17727</Tax>
	    <TaxFree/>
	    <Goods>
	      <SMID>majorgol03</SMID>
	      <GoodsName urlencode="1">%B4%F5%B1%E2%C7%C1%C6%AE%BC%EE2020%BE%C6%C0%CC%B3%AA%BA%F1SPORTS%B7%B9%C0%CC%C0%FA%B0%C5%B8%AE%C3%F8%C1%A4%B1%E2</GoodsName>
	      <GoodsPrice>195000</GoodsPrice></Goods></GoodsInfo>
	  <BuyerInfo>
	    <BuyerName urlencode="1">%B1%E8%BC%BA%BC%F6</BuyerName>
	    <BuyerTel>01065102282</BuyerTel>
	    <BuyerEmail urlencode="1">ksungs1234%40naver.com</BuyerEmail>
	    <ParentEmail/>
	    <RecvName/>
	    <RecvTel/>
	    <RecvMsg/>
	    <RecvAddr/>
	    <RecvPostNum/></BuyerInfo>
	  <PaymentInfo>
	    <Payment>
	      <PayMethod>CASH</PayMethod>
	      <JoinCard/>
	      <JoinExpire/>
	      <MailOrder/>
	      <SessionKey>qJQm13qxowAzh5i+l7eCExkfFeU6Bd+LLX4w2zX77rfyRfrFwBbnsmC/RHDIJOLs
3LHGJLaJvN6S/HKuz+DEiLz2QS54zkyt1AphsrHqE4YSnOUU6M0UMC21aZWS1N7w
QNxT2eB7/0CMsqltJYGOVP3p9+8S62EXcWqRrPrKsMGl0Q8Mp7dLGg==
</SessionKey>
	      <Encrypted>9z3c7rZ1vk0qrv+OlkYLHeMUPJa8fWqxfB8VRPxpGpXy/Z6u7pMg563sJjsqzbqe
yuwUnZ6gBCANkorE0YH1G18adhIdcfUUTR/bKbD3blHNj9jMo9v7z6gZV49XgwFt
SkZe8z1dxG6ftEzFR5bSxMc4kLwHRaerKEaeZs9muWnEzPNfDYWgGHN3/eKUH7/i
QDl3MT9tf7ghZKZsWDUrPBAHYaaFN7x8Gkpaq8WbLxBE4LdsYXOXXllAyX2WxiSJ
sGbk5wrjgSKGsCZ16EAEN3PzEHpZMsa6eIJ36wH3EtZUukuwPKXjMyLzGH0jICT6
AIzzrWWA2b2QN72Aoet2lp3rPMIyqMyoeK04yx94kIdrnoYnCHGZpv3wUctQu97p
XmzRvOPompNsoJadYvc6JXeK1qxeF6MqxKTu6OUv5ehNdbvKHTT4ws5NUCe4BkZz
f+TrMlkR5+TOaJurHuGPk3Gy1Jjtv7Mt+qm/7j5ykyTLZuxfOxlajQ==
</Encrypted></Payment></PaymentInfo>
	  <ReservedInfo>
	    <MReserved1/>
	    <MReserved2/>
	    <MReserved3/></ReservedInfo>
	  <ManageInfo>
	    <Language/>
	    <URL/>
	    <TXVersion>5036B141209receiLinux     PHPchkfake   2.6.32-754.11.1.el6.x86_64PHP:</TXVersion>
	    <TXUserID/>
	    <TXRegNum/>
	    <Ack>1</Ack></ManageInfo></INIpay>AIk8HS36cIhFfiu2hAvsX970EXEECwwaK52IeMY5R3+5UwJjW7x9KQ5Crf1JHE30
FGzPZ4b7xb2orZcjF3LiUdNw7/F2jsTcqeLN6FMeMtpUgerGBlGobR2JwTFbjp4o
4s8mj6KioJKNqMtYK97VbHhHMtWu7ATNt04rLr+LCzB2
]
INFO	[2020-09-23 23:47:28:687] <24853> DNS LOOKUP OK(203.238.37.3:203.238.37.3:34049) laptime:0
INFO	[2020-09-23 23:47:28:690] <24853> SOCKET CONNECT OK
INFO	[2020-09-23 23:47:28:690] <24853> SEND OK
INFO	[2020-09-23 23:47:28:835] <24853> RECV OK
INFO	[2020-09-23 23:47:28:835] <24853> MSG_FROM_PG:[0225800175D SHA1                   0                                      300210majorgol03              195000INIphpRECPmajorgol0320200923234728853945<?xml version="1.0" encoding="UTF-8"?>
<INIpay>
  <GoodsInfo>
    <GoodsCnt>1</GoodsCnt>
    <MOID urlencode="1"></MOID>
    <Currency>WON</Currency>
    <Goods no="1">
      <SMID>majorgol03</SMID>
      <GoodsName urlencode="1">%B4%F5%B1%E2%C7%C1%C6%AE%BC%EE2020%BE%C6%C0%CC%B3%AA%BA%F1SPORTS%B7%B9%C0%CC%C0%FA%B0%C5%B8%AE%C3%F8%C1%A4%B1%E2</GoodsName>
      <GoodsCntS>1</GoodsCntS>
      <GoodsPrice>195000</GoodsPrice>
    </Goods>
  </GoodsInfo>
  <PaymentInfo>
    <Payment>
      <SessionKey>ANCN+zUv8AcZlp328Eo0mp75XBLZspmtzTpK1nRMQt9WrFYUkcFYFWfp96XlVmre
WWv2I3KaeLi2Ag13gv2XLFxX+do6w+yVXRCQONjUWmVAjMCiGbXscOOrOTDVak+n
IuOBLI2HaqKCvT0b9J6FRhifRy55NT5Z0/TIB0tKql0RVi2DkoXXyW4=
</SessionKey>
      <Encrypted>9Dn9qhhnjHfOAkpJOGvSQ6/8aNxMuC+mlpRESWSzq+Etx1Sk/sleH2kjfPhmBt0E
1sq9RzEKggn1pcLVlkvCRuWXxf7tGiORm6T/bdbAvaWORFCeHKWB/WvBzFWByrDD
SWca08su/mOiQe/mQufIxegUFgIQoUiDcoBXtjXYf9non/xKv5x1j0O9I0L790/3
aCsenbXerF9pU/rxvyaa4Agpa23V8FoIABmBT8TWGHaQTCi+uBQkd/ns/EHE2am1
Y9X6Z2kuHOrgAUE7BDF8u7lgrwx4rkRaDpj11KQvDGH+IhKT6cpA7dJlF1Zq99Wx
GWvG2Dhju6O3eWMIM0eisSpawVlLHtul6ytzvCpKNvpZOMXDCuINdDwuwupdN1Ao
loiYY9oGtvNfhge9qnu3EbwK8b82vN7tAXqR0klfBD84ItQtbV0ffksFq+yhm+Vg
iRZcops6cS5Ztb5fuqjFnXc9VZF4wWSlYwtWs4SnhmtAxlM2VoWHSyG+PyS4ElIB
TLSEXXZH111RFPMchWlYa51SJlS26dQ7tMJDuzBEhGEgkhlTXUQUKF2EaNPTgFIN
ypXlao/0+mTaYpJtAKRchyrasaVRBLY9NU/wC36ZXXE4yGBgtYS0xC1aJOre5EIZ
wOkZLaN9gYf6SJXZ3CNK6ANuX05AvIUGSbyIU8itYWHmQfwIg3u0mCKPTkfO7vB6
4A2Z4dHlhhY5JW7WFAcIJCmg3DH4YdezdFkHOUV8oVfdeGAaHvqEOIVBtkcQNMGS
ShFkp+GxaIJdhngmZrjpkXwYSjwFlt5MKooqUEAFVWyf9cSvBYZMp/mfCxV72+Pl
TlVvddTPgeE=
</Encrypted>
      <PayMethod>CASH</PayMethod>
      <ResultCode>220000</ResultCode>
      <ResultMsg urlencode="1">%C1%A4%BB%F3%C3%B3%B8%AE%B5%C7%BE%FA%BD%C0%B4%CF%B4%D9.</ResultMsg>
    </Payment>
  </PaymentInfo>
  <ManageInfo>
    <EventCode></EventCode>
    <OrgCurrency></OrgCurrency>
    <ExchangeRate></ExchangeRate>
    <OrgPrice></OrgPrice>
  </ManageInfo>
  <ReservedInfo>
    <MReserved1 urlencode="1"></MReserved1>
    <MReserved2 urlencode="1"></MReserved2>
    <MReserved3 urlencode="1"></MReserved3>
    <PGReserved1 urlencode="1"></PGReserved1>
    <PGReserved2 urlencode="1"></PGReserved2>
    <PGReserved3 urlencode="1"></PGReserved3>
  </ReservedInfo>
</INIpay>
mymtRFcr5AbNLf3CUxabuqXEtHVLY59TuoeAf2GmMX+7/E8t0G8B3jgCJIUAcw+Z
7v0hnQQOU8SLuKisjmPyvrA1L3Z7ROd0r2iwr1ymwVtGd14Z7oNW79Hdc9N2GDkl
HDj9xumUKk0Lwycn/9Kx7GxDuKajDuH8D043abcz1N8=
]
INFO	[2020-09-23 23:47:28:835] <24853> VERIFY OK
INFO	[2020-09-23 23:47:28:835] <24853> PARSE HEAD OK
INFO	[2020-09-23 23:47:28:836] <24853> PARSE BODY OK
INFO	[2020-09-23 23:47:28:837] <24853> DECRYPT OK
DEBUG	[2020-09-23 23:47:28:837] <24853> DECRYPT MSG:[<?xml version="1.0" encoding="UTF-8"?>
<PaymentInfo>
  <Payment>
    <EASYPAY/>
    <CASH>
      <CSHR_ApplPrice>195000</CSHR_ApplPrice>
      <CSHR_SupplyPrice>177273</CSHR_SupplyPrice>
      <CSHR_Tax>17727</CSHR_Tax>
      <CSHR_ServicePrice></CSHR_ServicePrice>
      <CSHR_Type>0</CSHR_Type>
      <CSHR_ApplDate>20200923</CSHR_ApplDate>
      <CSHR_ApplTime>234729</CSHR_ApplTime>
      <CSHR_ApplNum>268217226</CSHR_ApplNum>
      <CSHR_ResultCode>220000</CSHR_ResultCode>
      <CSHR_ResultMsg urlencode="1">%C1%A4%BB%F3%C3%B3%B8%AE%B5%C7%BE%FA%BD%C0%B4%CF%B4%D9.</CSHR_ResultMsg>
    </CASH>
  </Payment>
</PaymentInfo>]
INFO	[2020-09-23 23:47:28:837] <24853> DECRYPT PARSE OK
INFO	[2020-09-23 23:47:28:837] <24853> WAIT ACK INVOKING
DEBUG	[2020-09-23 23:47:28:837] <24853> MAKE HEAD OK
INFO	[2020-09-23 23:47:28:840] <24853> SUCCESS ACK INVOKING
INFO	[2020-09-23 23:47:28:840] <24853> END receipt 정상처리되었습니다. Laptime:[0.155sec]
INFO	[2020-09-23 23:47:28:840] <24853> ===============================================================
