INFO	[2023-06-21 11:39:14:465] <7070> START INIPHP cancel (V5036-141209)(OS:Linux2.6.32-754.11.1.el6.x86_64,PHP:5.3.3)
DEBUG	[2023-06-21 11:39:14:465] <7070> inipayhome:/home1/killdeal/public_html/shop/inicis
DEBUG	[2023-06-21 11:39:14:465] <7070> debug:false
DEBUG	[2023-06-21 11:39:14:465] <7070> type:cancel
DEBUG	[2023-06-21 11:39:14:465] <7070> mid:majorgol03
DEBUG	[2023-06-21 11:39:14:465] <7070> admin:1111
DEBUG	[2023-06-21 11:39:14:465] <7070> tid:INIMX_ISP_majorgol0320230608202120665847
DEBUG	[2023-06-21 11:39:14:465] <7070> cancelmsg:쇼핑몰 운영자 승인 취소
INFO	[2023-06-21 11:39:14:465] <7070> Check Field OK
INFO	[2023-06-21 11:39:14:465] <7070> PI PUB KEY LOAD OK []
INFO	[2023-06-21 11:39:14:517] <7070> PG PUB KEY LOAD OK [30]
INFO	[2023-06-21 11:39:14:517] <7070> MERCHANT PRIV KEY LOAD OK
INFO	[2023-06-21 11:39:14:518] <7070> MERCHANT PUB KEY LOAD OK [0]
DEBUG	[2023-06-21 11:39:14:518] <7070> MAKE ENCRYPT OK[<?xml version="1.0" encoding="UTF-8"?>
<CancelInfo>
	  <CancelTID>INIMX_ISP_majorgol0320230608202120665847</CancelTID>
	  <CancelMsg urlencode="1">%BC%EE%C7%CE%B8%F4+%BF%EE%BF%B5%C0%DA+%BD%C2%C0%CE+%C3%EB%BC%D2</CancelMsg>
	  <CancelReason/></CancelInfo>]
INFO	[2023-06-21 11:39:14:518] <7070> MAKE BODY OK
INFO	[2023-06-21 11:39:14:519] <7070> SIGN OK
INFO	[2023-06-21 11:39:14:519] <7070> MAKE HEAD OK
INFO	[2023-06-21 11:39:14:519] <7070> MSG_TO_PG:[0096200175D SHA1                   0                                      300420majorgol03                    INIMX_ISP_majorgol0320230608202120665847<?xml version="1.0" encoding="UTF-8"?>
<INIpay>
	  <CancelInfo>
	    <SessionKey>pvDLUoJiNQcpd8iIU40ylT5+EWWlvt/OdnIVV5M8UUnbOI63P03lmJh/VEeU2zbs
v7F6cLPxayWQ8V5rDPjZWez41nFMGSCI4UmZs3GQVCVZ01OFSHNQ41RxY96LEXgS
Bbl7ZWCux39I1clsqZqP/Fv0YADrthoce5AWORxfU93MsR8zC2JCDQ==
</SessionKey>
	    <Encrypted>FF1asBCGCFE1w9Mm610sF07XP9csmLI70Ubi93l6J0IrgQTvcfG245M7xhj4IyOO
eVqfOFc7+sNUoqvdMxKNIIGCAxGJB2/LJl7dmAUlkdfrmX3MNvEym+2G2nieSCNc
xsQjTeln2riYStYGZj2Q6d8hGVbg3OuW00fXx+1frblQ4FkM98Q07PoeR+4FmhKu
PlpyxSv0ixl+iOanqx1CIq3Mh4d/AWPaE7bMg6Z2Mim8Nn1S3rQCEs3o1xTz54AK
Z4fkB6Sbkc2r1JyrUn98cdwlCw8GNsCJ/r9J6fy/DnPZ2XoQS/aVQGrrEFE1wK45
vZc1Z8PWA8TtiUeMyZCiMw==
</Encrypted></CancelInfo>
	  <ReservedInfo>
	    <MReserved1/>
	    <MReserved2/>
	    <MReserved3/></ReservedInfo>
	  <ManageInfo>
	    <Language/>
	    <URL/>
	    <TXVersion>5036B141209canceLinux     PHPchkfake   2.6.32-754.11.1.el6.x86_64PHP:</TXVersion>
	    <TXUserID/>
	    <TXRegNum/></ManageInfo></INIpay>AGNr5bvrT7gy0Uh3nlbAYOOv5OCItE3CCj/t8sVgzEXmEfWRXzYndxyi8b1u0r01
JoG/8CRmvW0L484vWy6HZsMBnBAlIEnRDhEcnWqMIbrkVQ1bjZiLb8zeKxLd/ldb
/YKwxiF0haS6wHpB4GxAWmteHRW1QopzdMKDMumA5rrS
]
INFO	[2023-06-21 11:39:14:519] <7070> DNS LOOKUP OK(203.238.37.3:203.238.37.3:34049) laptime:0
INFO	[2023-06-21 11:39:14:522] <7070> SOCKET CONNECT OK
INFO	[2023-06-21 11:39:14:522] <7070> SEND OK
INFO	[2023-06-21 11:39:15:0] <7070> RECV OK
INFO	[2023-06-21 11:39:15:0] <7070> MSG_FROM_PG:[0086100175D SHA1                   0                                      300430majorgol03                    INIMX_ISP_majorgol0320230608202120665847<?xml version="1.0" encoding="UTF-8"?><INIpay>
<CancelInfo>
<ResultCode>170000</ResultCode>
<ResultMsg urlencode="1">%C1%A4%BB%F3%BF%CF%B7%E1</ResultMsg>
<SessionKey>AEyUHO9rb3ZSXqSM2DHxvYT/gGuW7nwv1XNFqcD0HOuPZL+fPDqegxamXCNjYX19
6lOCYT/7PPfzlU0iP33jqWdkhV+poWces21unSuO+nhhQVHr7mHq9hfaTHY6wm6p
8pknkIoDn5VxvEFiLAmYHi71T5o8s9f2LM+98C53GPMjtiHeltV/xcc=
</SessionKey>
<Encrypted>WBWbvpe7j4GNkJpIQ8YAEi4mftrOThgaNZu8FuH1Pe4gKHMzIBnTIxX+MqiGaWXY
HTW3d5plT8Q1qFmoOz40mFKg0XeTX5GrDig6YUUHZRO6153ajblU07tXzop+Wmev
RcshvJBxv6hF/jR012PyJZ5FBhmtWXerhmg4tPaNt2IxUip8BKSI2BIECqaFTrE2
QffBd4zYLBXRwu8NMnNPoGetIZ9/PFpHMRqCOEA/n8ghxhmKvQQIbwYddtJ8XzbH
ggUtQ2ELAV85GsNPmtoHc/4TA8zpXOKwBs/nPQ4esNlfZYDlSYgSTA==
</Encrypted>
</CancelInfo>
<ManageInfo/>
<ReservedInfo>
<MReserved1 urlencode="1"/>
<MReserved2 urlencode="1"/>
<MReserved3 urlencode="1"/>
</ReservedInfo>
</INIpay>
ymGR1afmEr98X9iwrvbkFu3WcmDETqu8+YwCElXYj5g+qf4yrbNln3sodbJV1DF5
/1WSpWMF3f/cumu3lqKWg6AIpWsu8o8UMQ0s5M6x4MmUQS8keITFep/FxOXX0N5M
czDNDQthEKxlJmKWfV+sPHyhngZDYJsFK96ZVUWLawU=
]
INFO	[2023-06-21 11:39:15:1] <7070> VERIFY OK
INFO	[2023-06-21 11:39:15:1] <7070> PARSE HEAD OK
INFO	[2023-06-21 11:39:15:6] <7070> PARSE BODY OK
INFO	[2023-06-21 11:39:15:7] <7070> DECRYPT OK
DEBUG	[2023-06-21 11:39:15:7] <7070> DECRYPT MSG:[<?xml version="1.0" encoding="UTF-8"?><CancelInfo>
<CancelDate>20230621</CancelDate>
<CancelTime>113914</CancelTime>
<ResultCode>170000</ResultCode>
<ResultMsg urlencode="1">%C1%A4%BB%F3%BF%CF%B7%E1</ResultMsg>
</CancelInfo>]
INFO	[2023-06-21 11:39:15:7] <7070> DECRYPT PARSE OK
INFO	[2023-06-21 11:39:15:7] <7070> END cancel 정상완료 Laptime:[0.542sec]
INFO	[2023-06-21 11:39:15:7] <7070> ===============================================================
INFO	[2023-06-21 13:12:48:708] <27154> START INIPHP cancel (V5036-141209)(OS:Linux2.6.32-754.11.1.el6.x86_64,PHP:5.3.3)
DEBUG	[2023-06-21 13:12:48:708] <27154> inipayhome:/home1/killdeal/public_html/shop/inicis
DEBUG	[2023-06-21 13:12:48:708] <27154> debug:false
DEBUG	[2023-06-21 13:12:48:708] <27154> type:cancel
DEBUG	[2023-06-21 13:12:48:708] <27154> mid:majorgol03
DEBUG	[2023-06-21 13:12:48:708] <27154> admin:1111
DEBUG	[2023-06-21 13:12:48:708] <27154> tid:INIMX_CARDmajorgol0320230615094016495090
DEBUG	[2023-06-21 13:12:48:708] <27154> cancelmsg:쇼핑몰 운영자 승인 취소
INFO	[2023-06-21 13:12:48:708] <27154> Check Field OK
INFO	[2023-06-21 13:12:48:708] <27154> PI PUB KEY LOAD OK []
INFO	[2023-06-21 13:12:48:709] <27154> PG PUB KEY LOAD OK [30]
INFO	[2023-06-21 13:12:48:709] <27154> MERCHANT PRIV KEY LOAD OK
INFO	[2023-06-21 13:12:48:709] <27154> MERCHANT PUB KEY LOAD OK [0]
DEBUG	[2023-06-21 13:12:48:709] <27154> MAKE ENCRYPT OK[<?xml version="1.0" encoding="UTF-8"?>
<CancelInfo>
	  <CancelTID>INIMX_CARDmajorgol0320230615094016495090</CancelTID>
	  <CancelMsg urlencode="1">%BC%EE%C7%CE%B8%F4+%BF%EE%BF%B5%C0%DA+%BD%C2%C0%CE+%C3%EB%BC%D2</CancelMsg>
	  <CancelReason/></CancelInfo>]
INFO	[2023-06-21 13:12:48:709] <27154> MAKE BODY OK
INFO	[2023-06-21 13:12:48:710] <27154> SIGN OK
INFO	[2023-06-21 13:12:48:710] <27154> MAKE HEAD OK
INFO	[2023-06-21 13:12:48:710] <27154> MSG_TO_PG:[0096200175D SHA1                   0                                      300420majorgol03                    INIMX_CARDmajorgol0320230615094016495090<?xml version="1.0" encoding="UTF-8"?>
<INIpay>
	  <CancelInfo>
	    <SessionKey>e8N60Ad6fo69JJUl9sW8JO4tlFH3EgDVCWbNjw3ir7k55FO83661+s9V3PaUKoNj
gXnPA/sw73GhgIjz7y3uPAWSp9C6Twp70n9UCohI/cBCmjkqx6iGLuE1IqtmeqVI
3DwaFpSP+/JAQVdSp9rnOguNbigWtComjKhacVX2JrLKGru5lY89oA==
</SessionKey>
	    <Encrypted>qxwIinbNGund1TPOdpzLhpa6hoAvHp2eWyIQifrWf4OCTCwjbaWO286B2f+mI4Z9
9q+edFFTwN6P6JJPFjosYWdyFwfoDN5k/glnys4YwnVmJ2W1zzF7TUtkDopHAb4D
TaBACZmhPDJWp4u8mJeoa623zlnRChOKs1sxIxpNi6WPxbun2PcVRc3K1dLS/xmb
XOFfinr+blD35KJHAUBYC/35/+eud7nd3yvmtKkmpvtRXnmE47EhlcMpCtBQ597A
pERRysW4i9Y2nGlLAxp7sWuahteMI8auqTgaE/wuNIh1tbr0REB6d/9IhdFF1Wi/
fpTxew0fLJG9HitwoL9bfg==
</Encrypted></CancelInfo>
	  <ReservedInfo>
	    <MReserved1/>
	    <MReserved2/>
	    <MReserved3/></ReservedInfo>
	  <ManageInfo>
	    <Language/>
	    <URL/>
	    <TXVersion>5036B141209canceLinux     PHPchkfake   2.6.32-754.11.1.el6.x86_64PHP:</TXVersion>
	    <TXUserID/>
	    <TXRegNum/></ManageInfo></INIpay>AE5SbW0CFFEyyYWH5rc79fkGx6J+Q6dUY1oAXympqB57cOPk4KnyY6ua/Br9saiG
6T/Lc6Kxhegr/lo+KypJMtNGcvGpy7A3HGS/ij4OKwp6jrBzIq6aE3OBEc4CqClB
isQc9Ild2iro3imP1s1bwDqTHMHKDm/4oBj3Tp/C58CD
]
INFO	[2023-06-21 13:12:48:710] <27154> DNS LOOKUP OK(203.238.37.3:203.238.37.3:34049) laptime:0
INFO	[2023-06-21 13:12:48:712] <27154> SOCKET CONNECT OK
INFO	[2023-06-21 13:12:48:712] <27154> SEND OK
INFO	[2023-06-21 13:12:48:938] <27154> RECV OK
INFO	[2023-06-21 13:12:48:938] <27154> MSG_FROM_PG:[0093300175D SHA1                   0                                      300430majorgol03                    INIMX_CARDmajorgol0320230615094016495090<?xml version="1.0" encoding="UTF-8"?><INIpay>
<CancelInfo>
<ResultCode>120000</ResultCode>
<ResultMsg urlencode="1">%C1%A4%BB%F3%C3%B3%B8%AE%B5%C7%BE%FA%BD%C0%B4%CF%B4%D9.</ResultMsg>
<SessionKey>AQPhPGmDLmR8KD+4OUIzwTOw6g7mr2MedHPnHUGS/UcohSZ6zs+GPMKP9Rz1qIU/
oY4jEFukYuyeMNjyNjad9ToGgiBcO2mBe24jQUcsT364OQM/QMJFy5jx86Axme3b
uNb4eqcvcJOt5nnxk1ppYM15Eam8DaCBuLxRJojNx/gci9KipbmgHaU=
</SessionKey>
<Encrypted>OQD1xDznwoprMUBXblklLVWHMdPkr1Cnzo0peMLFqSktkwoKg4+js3A1J3aJflo0
zkltUEg6VE7GmwbEoVGE7R+2mr0rjbgoc3V/RiIygi2nVAIH+hGFIg8zQFyYEaAE
AuAyH/EHCanklsQ26I8fFooVGNtPWjwBCrH/cfdf20YESCZczg3aWP0UuSKCEUKw
2NhigjmM1MYHiB/H9clHKfPoerBS9gTPrYSA0uZQrF5SSprp955qGMT17ibdNths
+9CIClTQr0JOFAPhDxexKJaklHAPR9wfumuio/MtEQdoP+mpGi//6aDjfmhamq5t
/A6SGjZHE8Xj3Fxvq5PL7nlZLpCJ17rr
</Encrypted>
</CancelInfo>
<ManageInfo/>
<ReservedInfo>
<MReserved1 urlencode="1"/>
<MReserved2 urlencode="1"/>
<MReserved3 urlencode="1"/>
</ReservedInfo>
</INIpay>
FpAWVqmAbadykLhxQbeJ/mC220AlIfDX3BDGSskWGY0VIuuzNoWD6//DPO6WQqW7
pW+F6wvIvXYN2tQYAbEhtuaNl2VMSFdcJ/Iu4O+/FP7uJ5BgG0E7+lU4akIcqfFz
PtkEGYXALpT1E6J3VXIeqU7mgWst7wCaMaYgjKXuK+M=
]
INFO	[2023-06-21 13:12:48:938] <27154> VERIFY OK
INFO	[2023-06-21 13:12:48:938] <27154> PARSE HEAD OK
INFO	[2023-06-21 13:12:48:938] <27154> PARSE BODY OK
INFO	[2023-06-21 13:12:48:939] <27154> DECRYPT OK
DEBUG	[2023-06-21 13:12:48:939] <27154> DECRYPT MSG:[<?xml version="1.0" encoding="UTF-8"?><CancelInfo>
<CancelDate>20230621</CancelDate>
<CancelTime>131248</CancelTime>
<ResultCode>120000</ResultCode>
<ResultMsg urlencode="1">%C1%A4%BB%F3%C3%B3%B8%AE%B5%C7%BE%FA%BD%C0%B4%CF%B4%D9.</ResultMsg>
</CancelInfo>]
INFO	[2023-06-21 13:12:48:939] <27154> DECRYPT PARSE OK
INFO	[2023-06-21 13:12:48:939] <27154> END cancel 정상처리되었습니다. Laptime:[0.231sec]
INFO	[2023-06-21 13:12:48:939] <27154> ===============================================================
