INFO	[2022-06-25 14:52:02:858] <5298> START INIPHP cancel (V5036-141209)(OS:Linux2.6.32-754.11.1.el6.x86_64,PHP:5.3.3)
DEBUG	[2022-06-25 14:52:02:858] <5298> inipayhome:/home1/killdeal/public_html/shop/inicis
DEBUG	[2022-06-25 14:52:02:858] <5298> debug:false
DEBUG	[2022-06-25 14:52:02:858] <5298> type:cancel
DEBUG	[2022-06-25 14:52:02:858] <5298> mid:majorgol03
DEBUG	[2022-06-25 14:52:02:858] <5298> admin:1111
DEBUG	[2022-06-25 14:52:02:858] <5298> tid:INIMX_CARDmajorgol0320220624233243495032
DEBUG	[2022-06-25 14:52:02:858] <5298> cancelmsg:주문자 본인 취소-상품옵션 선택 잘못함
INFO	[2022-06-25 14:52:02:858] <5298> Check Field OK
INFO	[2022-06-25 14:52:02:858] <5298> PI PUB KEY LOAD OK []
INFO	[2022-06-25 14:52:02:859] <5298> PG PUB KEY LOAD OK [30]
INFO	[2022-06-25 14:52:02:859] <5298> MERCHANT PRIV KEY LOAD OK
INFO	[2022-06-25 14:52:02:859] <5298> MERCHANT PUB KEY LOAD OK [0]
DEBUG	[2022-06-25 14:52:02:860] <5298> MAKE ENCRYPT OK[<?xml version="1.0" encoding="UTF-8"?>
<CancelInfo>
	  <CancelTID>INIMX_CARDmajorgol0320220624233243495032</CancelTID>
	  <CancelMsg urlencode="1">%C1%D6%B9%AE%C0%DA+%BA%BB%C0%CE+%C3%EB%BC%D2-%BB%F3%C7%B0%BF%C9%BC%C7+%BC%B1%C5%C3+%C0%DF%B8%F8%C7%D4</CancelMsg>
	  <CancelReason/></CancelInfo>]
INFO	[2022-06-25 14:52:02:860] <5298> MAKE BODY OK
INFO	[2022-06-25 14:52:02:860] <5298> SIGN OK
INFO	[2022-06-25 14:52:02:860] <5298> MAKE HEAD OK
INFO	[2022-06-25 14:52:02:860] <5298> MSG_TO_PG:[0101500175D SHA1                   0                                      300420majorgol03                    INIMX_CARDmajorgol0320220624233243495032<?xml version="1.0" encoding="UTF-8"?>
<INIpay>
	  <CancelInfo>
	    <SessionKey>IQkWNTr3Avb3Tz7ddawLxrcdjKdvsNvGR35XNOGnAPG1E5VmoCzrR5M23flN2i+Z
4UvrUXpgg0RFGVGWR6Q+0cBZRkckzfGFq2TVIdHiAOEZ/acXDBLmtYlShNU2gwGo
pAJJ7jvxcCvfugNZKxqcUiJvu36ucEZOBwoPUlA8F6AxoUeTJDmEfg==
</SessionKey>
	    <Encrypted>6Nm0K8At6rPRfn6i19NgIAb/1s5SyZgWTiJ0FZj6NGumdq7BIhSVDE1Q/yAuTmrQ
mEUXV0GVEMdgU+ydEIge02j4Z+1RZflCrpwFvXLfADUANnXRNZWzZRgk2fjIe5NA
1x0Pg0H+OywOnqNLm9ddislQIk9e1WSD46mGvtq+2oD+8yjaf/45GxtHmJ0bnMEo
8JRuS4B5nEg/PfnVNkA9dk066Z9eAC094C6drqxNCUuhLDBa2qeIgmBfIRKeCl7C
AlwBB9lTKaPdtW5zbXui+8+EE2+cQ9W5MPJy98t8LY44nn7VOdGM05gTEXcBzKan
vrCG3V8gIgfZHkVMfIWOcBqojMEfvzpPt2Lp3LxyX3zTZapqPnsBLilZTievkJTX
UWHYUgZAG9Q=
</Encrypted></CancelInfo>
	  <ReservedInfo>
	    <MReserved1/>
	    <MReserved2/>
	    <MReserved3/></ReservedInfo>
	  <ManageInfo>
	    <Language/>
	    <URL/>
	    <TXVersion>5036B141209canceLinux     PHPchkfake   2.6.32-754.11.1.el6.x86_64PHP:</TXVersion>
	    <TXUserID/>
	    <TXRegNum/></ManageInfo></INIpay>AHIJNZPLvICJDz3fcnu4uNkmLT0nOfvurUU3+yaakPZ+vwgkn6Ia6641+8RpEbSw
b2cMveIlGNuUEcLfxHwMjZgKxFa4PzL641kLg2MwAHxKZ3DeHCMEdX1pbxXgP5vy
dNXRaezEqTCfp34S4UYASPDz32P/zaJfxCDMqAd4VAlk
]
INFO	[2022-06-25 14:52:02:860] <5298> DNS LOOKUP OK(203.238.37.3:203.238.37.3:34049) laptime:0
INFO	[2022-06-25 14:52:02:863] <5298> SOCKET CONNECT OK
INFO	[2022-06-25 14:52:02:863] <5298> SEND OK
INFO	[2022-06-25 14:52:03:145] <5298> RECV OK
INFO	[2022-06-25 14:52:03:145] <5298> MSG_FROM_PG:[0093300175D SHA1                   0                                      300430majorgol03                    INIMX_CARDmajorgol0320220624233243495032<?xml version="1.0" encoding="UTF-8"?><INIpay>
<CancelInfo>
<ResultCode>120000</ResultCode>
<ResultMsg urlencode="1">%C1%A4%BB%F3%C3%B3%B8%AE%B5%C7%BE%FA%BD%C0%B4%CF%B4%D9.</ResultMsg>
<SessionKey>AG5P+wXuzUOip6YeK3fUFGU8KWusYh7z1qZpRy+3l8QXv9RywIBp0we/jj87+CUv
ZXTqXJu5X2ZpUfscOhrVCi5lfpXP2EmTp3ya0hPTUihBw4Xqt9YhRIWQ/OITu9dk
oDWEBoipDWpNSNtTZyDOj25cJVVwXz+OmzkUMZH3DOfjhxm4yI/nhgI=
</SessionKey>
<Encrypted>thDkjlFbx5tHNMmM1o05RFu9o4xHGOgZV57byrewIuD/VRJxBkyxUMdD4HizG29o
kumMAeXthDfZXD6U2OKS3J+uCmC3abb5EvYnVC4O6DfyJPCSVPGZNrDBJ/ulyAmr
/HFYkxenC5Xgsi3+RTFnmMZ0rEGgLwLw0h8Ka42jraUISm5jajhxPsGdkgkmOT/u
e7u8pcd8+SG1mf8NBAJNDY2J5UdvmrPHFsYH5Gkm5T1gW0VyY4IdTN4UexNqPwsx
Ze5PWS3vmP1ZZ0qt8BG9M2h1Vpwwsd33PiDGS4T00Wfq8t6ErFpyJOLmmzG/r585
cUcK0b71g4JNNnRHnIJo8bwthl/brKfj
</Encrypted>
</CancelInfo>
<ManageInfo/>
<ReservedInfo>
<MReserved1 urlencode="1"/>
<MReserved2 urlencode="1"/>
<MReserved3 urlencode="1"/>
</ReservedInfo>
</INIpay>
JjpoQZYsFkO8RAlz1hU4C+GA2w5gBezeyyc+3bWJnOpF93xg51Mro/HCjtH5mMiq
D2ON+hU9DfcDUKWWFgiSEyaHyfM7QqjkgXHs4hSyieSAVYwMLkxY4UaLa7XdweiV
qFyURwIxjkg+V9yJylOJo/mVAOvwu7049TGwHucX6Wo=
]
INFO	[2022-06-25 14:52:03:145] <5298> VERIFY OK
INFO	[2022-06-25 14:52:03:145] <5298> PARSE HEAD OK
INFO	[2022-06-25 14:52:03:145] <5298> PARSE BODY OK
INFO	[2022-06-25 14:52:03:146] <5298> DECRYPT OK
DEBUG	[2022-06-25 14:52:03:146] <5298> DECRYPT MSG:[<?xml version="1.0" encoding="UTF-8"?><CancelInfo>
<CancelDate>20220625</CancelDate>
<CancelTime>145203</CancelTime>
<ResultCode>120000</ResultCode>
<ResultMsg urlencode="1">%C1%A4%BB%F3%C3%B3%B8%AE%B5%C7%BE%FA%BD%C0%B4%CF%B4%D9.</ResultMsg>
</CancelInfo>]
INFO	[2022-06-25 14:52:03:146] <5298> DECRYPT PARSE OK
INFO	[2022-06-25 14:52:03:146] <5298> END cancel 정상처리되었습니다. Laptime:[0.288sec]
INFO	[2022-06-25 14:52:03:146] <5298> ===============================================================
