INFO	[2022-07-30 09:10:25:783] <481> START INIPHP receipt (V5036-141209)(OS:Linux2.6.32-754.11.1.el6.x86_64,PHP:5.3.3)
DEBUG	[2022-07-30 09:10:25:783] <481> inipayhome:/home1/killdeal/public_html/shop/inicis
DEBUG	[2022-07-30 09:10:25:783] <481> debug:false
DEBUG	[2022-07-30 09:10:25:783] <481> type:receipt
DEBUG	[2022-07-30 09:10:25:783] <481> pgid:INIphpRECP
DEBUG	[2022-07-30 09:10:25:783] <481> paymethod:CASH
DEBUG	[2022-07-30 09:10:25:783] <481> currency:WON
DEBUG	[2022-07-30 09:10:25:783] <481> admin:1111
DEBUG	[2022-07-30 09:10:25:783] <481> mid:majorgol03
DEBUG	[2022-07-30 09:10:25:783] <481> goodname:핫딜다이와온오프아카암스SMOOTHKICKMP561F남성페어웨이우드사은품브랜드골프공
DEBUG	[2022-07-30 09:10:25:783] <481> cr_price:239000
DEBUG	[2022-07-30 09:10:25:783] <481> sup_price:217273
DEBUG	[2022-07-30 09:10:25:783] <481> tax:21727
DEBUG	[2022-07-30 09:10:25:783] <481> srvc_price:0
DEBUG	[2022-07-30 09:10:25:783] <481> buyername:안승용
DEBUG	[2022-07-30 09:10:25:783] <481> buyeremail:culaking@hanmail.net
DEBUG	[2022-07-30 09:10:25:783] <481> buyertel:
DEBUG	[2022-07-30 09:10:25:783] <481> reg_num:6644000299
DEBUG	[2022-07-30 09:10:25:783] <481> useopt:1
DEBUG	[2022-07-30 09:10:25:783] <481> companynumber:
INFO	[2022-07-30 09:10:25:783] <481> Check Field OK
INFO	[2022-07-30 09:10:25:783] <481> Make TID OK INIphpRECPmajorgol0320220730091025839300
INFO	[2022-07-30 09:10:25:783] <481> PI PUB KEY LOAD OK []
INFO	[2022-07-30 09:10:25:795] <481> PG PUB KEY LOAD OK [30]
INFO	[2022-07-30 09:10:25:795] <481> MERCHANT PRIV KEY LOAD OK
INFO	[2022-07-30 09:10:25:795] <481> MERCHANT PUB KEY LOAD OK [0]
DEBUG	[2022-07-30 09:10:25:796] <481> MAKE ENCRYPT OK[<?xml version="1.0" encoding="UTF-8"?>
<PaymentInfo>
	  <Payment>
	    <CASH>
	      <CSHR_ApplPrice>239000</CSHR_ApplPrice>
	      <CSHR_SupplyPrice>217273</CSHR_SupplyPrice>
	      <CSHR_Tax>21727</CSHR_Tax>
	      <CSHR_ServicePrice/>
	      <CSHR_Type>1</CSHR_Type>
	      <CSHR_RegNum>6644000299</CSHR_RegNum>
	      <CSHR_CompanyNum/></CASH></Payment></PaymentInfo>]
INFO	[2022-07-30 09:10:25:796] <481> MAKE BODY OK
INFO	[2022-07-30 09:10:25:797] <481> SIGN OK
INFO	[2022-07-30 09:10:25:797] <481> MAKE HEAD OK
INFO	[2022-07-30 09:10:25:797] <481> MSG_TO_PG:[0200800175D SHA1                   0                                      300200majorgol03              239000INIphpRECPmajorgol0320220730091025839300<?xml version="1.0" encoding="UTF-8"?>
<INIpay>
	  <GoodsInfo>
	    <GoodsCnt>1</GoodsCnt>
	    <MOID/>
	    <Currency>WON</Currency>
	    <Tax>21727</Tax>
	    <TaxFree/>
	    <Goods>
	      <SMID>majorgol03</SMID>
	      <GoodsName urlencode="1">%C7%D6%B5%F4%B4%D9%C0%CC%BF%CD%BF%C2%BF%C0%C7%C1%BE%C6%C4%AB%BE%CF%BD%BASMOOTHKICKMP561F%B3%B2%BC%BA%C6%E4%BE%EE%BF%FE%C0%CC%BF%EC%B5%E5%BB%E7%C0%BA%C7%B0%BA%EA%B7%A3%B5%E5%B0%F1%C7%C1%B0%F8</GoodsName>
	      <GoodsPrice>239000</GoodsPrice></Goods></GoodsInfo>
	  <BuyerInfo>
	    <BuyerName urlencode="1">%BE%C8%BD%C2%BF%EB</BuyerName>
	    <BuyerTel/>
	    <BuyerEmail urlencode="1">culaking%40hanmail.net</BuyerEmail>
	    <ParentEmail/>
	    <RecvName/>
	    <RecvTel/>
	    <RecvMsg/>
	    <RecvAddr/>
	    <RecvPostNum/></BuyerInfo>
	  <PaymentInfo>
	    <Payment>
	      <PayMethod>CASH</PayMethod>
	      <JoinCard/>
	      <JoinExpire/>
	      <MailOrder/>
	      <SessionKey>NAdD3r4bizqXiBMccXjMw0tM74xuywWBV3sERJN0V4BvhMRbORWTaB7guWf583XS
VsXuA4edsDSTJZy9R0BRuVmuxcpwru6EAa4qdnH3gTWsKBX6kg6Hu3EbREj0l0un
UWAVLaR+z8SEYCxaMP5Oh7N8BzhQ/yt7QUXpaGrreQKf3IjLXcmLSA==
</SessionKey>
	      <Encrypted>1uVdbyNsFMSCPJK3hgQ3I22GKVvxjwYEQt71VbdrmU6DPTDm0upNzs5UsEO52mz3
+Lq+3pzej0jYK1KWOdk+urwO/c3ydiEkS+Ak9EmIdkB2KVY1fuHMCF9FZVSkcEzS
drNxcMOI2ETtavjLrnCA3c2vIjPQzyAhdIdAD15aY0VFBMIr62pl5Mjfd67QVpbT
yIEwAOP1pbMO9TP21lVcyd0pmNDYVANq0CFUF/Pb7jGMj1zawRDgs1KwnJ9KE8JE
asJhLmyx+ZdzCzc20Otj1aWIQnT6xV2aupuMaqKVpIC5xbb6ogjnOrThmlbTbJWY
ebXhU66UtmCd9nyW1eaQquorPmbL42K4vhAgmO5Ahl4vzOGyG351fJoYaE1qC4tR
EAVqZDCTF06WZA71vQ45O2txMWvsyBFhY84mBKa7fGki2PPXwasPdYjRLO2J7e+u
PwiHPq3p6anL3i3ZCEhVMEqerboNB/ieKNC5fPCvZBrdjbaFZ20nBg==
</Encrypted></Payment></PaymentInfo>
	  <ReservedInfo>
	    <MReserved1/>
	    <MReserved2/>
	    <MReserved3/></ReservedInfo>
	  <ManageInfo>
	    <Language/>
	    <URL/>
	    <TXVersion>5036B141209receiLinux     PHPchkfake   2.6.32-754.11.1.el6.x86_64PHP:</TXVersion>
	    <TXUserID/>
	    <TXRegNum/>
	    <Ack>1</Ack></ManageInfo></INIpay>ADL2F1vDpF+IYSuAVs5ZVdGw8p8d8T4Nn7Lt9O61HCsTHkLgzhg4xUV/S4sZea7E
QYtSgDZzBzAh7ln84+Bdahy4f0tp1+IDg05amDu1rIUHJcBvc3cDtuPzCENL9Nnw
K4zzAU48URdKmSvoq6vIKXAc5mSXvFf5c3eds1Lia/xZ
]
INFO	[2022-07-30 09:10:25:797] <481> DNS LOOKUP OK(203.238.37.3:203.238.37.3:34049) laptime:0
INFO	[2022-07-30 09:10:25:799] <481> SOCKET CONNECT OK
INFO	[2022-07-30 09:10:25:799] <481> SEND OK
INFO	[2022-07-30 09:10:25:906] <481> RECV OK
INFO	[2022-07-30 09:10:25:906] <481> MSG_FROM_PG:[0176900175D SHA1                   0                                      300210majorgol03              239000INIphpRECPmajorgol0320220730091025839300<?xml version="1.0" encoding="UTF-8"?><INIpay>
<GoodsInfo>
<GoodsCnt>1</GoodsCnt>
<MOID urlencode="1"/>
<Currency>WON</Currency>
<Goods no="1">
<SMID>majorgol03</SMID>
<GoodsName urlencode="1">%C7%D6%B5%F4%B4%D9%C0%CC%BF%CD%BF%C2%BF%C0%C7%C1%BE%C6%C4%AB%BE%CF%BD%BASMOOTHKICKMP561F%B3%B2%BC%BA%C6%E4%BE%EE%BF%FE%C0%CC%BF%EC%B5%E5%BB%E7%C0%BA%C7%B0%BA%EA%B7%A3%B5%E5%B0%F1%C7%C1%B0%F8</GoodsName>
<GoodsCntS>1</GoodsCntS>
<GoodsPrice>239000</GoodsPrice>
</Goods>
</GoodsInfo>
<PaymentInfo>
<Payment>
<SessionKey>AMC92MV03ROg3gupwuqAkrPI7ZbX1lHZ7K7Xj5T1fSJmMTeSUKo/Fxd6PETiRK9I
fH29fATPWmtAPHdTuoN9+gujKlCdni3SpYFMzt2YkgpHQSAcTMch2vZVMyZph02S
G6aM29rD9Bxvnl2L0YN9JSXZ89LcuUQkAV+z9IzaXJmDFmLQ/3pRMmc=
</SessionKey>
<Encrypted>GCUEZOyt3t2X3jJfHbH4JMgQJfKfqTCd2xqZxlnqBBQXRlqcxry7UlE5SE8dsyjL
21s4Xim1iH4NfdIDmS/8DauF2M06K92oEwUBUL68rONsXev/qh+OwcZtAP5Bi1fP
hrz36HnaBPuxkaWB3BIJREEjZqPnwZtP6/4kf4ctijp0XSzZYi/KnVBFT9uFf4eB
puBCbpyBH6zltsw0qUN6hNjDqAupjOP+g004g+bzsMxI/CVk6wlFneM67euzFwBL
foQnaqfWSZo2YINjSEUjE/MvvfiQVSb8GJVM+zFiQLtbRE9uIZF6aFMHTDEp2jsK
i+PtwLXoKz6LB6dwOgTRSVnY0kHLLj1Rj2ZJprPvlVJIsUV/alhf42k5qH/Yqth4
JRC0xjrk+5pmspCK/eg2gAchjIxraICKgNEIis790VlZR9PhdIjJsH8sEvIPScCz
swEkv6cLLbrftTrEPFGTz+CoV7dsMBniqdAHsN/AtNQg58KkTFeRw1crJ8TORanc
QJL67yW27zmgyLJ4o8RXcWj7/oFV93edmf/1AaroOAADvclDykKC9st1B9ojJG3J
J9H3AqOaQE78VzvwgJjoi56wc4PlXSs1yPYyncw85Ze4b78bYUGPV43Z7uNLYZSf
PqVk7MNMJgScatNGmSplF6cUj8RsInMJfCkjbBD/VydQCnhbZ4u6MAPDqgNBmamD
</Encrypted>
<PayMethod>CASH</PayMethod>
<ResultCode>220000</ResultCode>
<ResultMsg urlencode="1">%C1%A4%BB%F3%C3%B3%B8%AE%B5%C7%BE%FA%BD%C0%B4%CF%B4%D9.</ResultMsg>
</Payment>
</PaymentInfo>
<ManageInfo/>
<ReservedInfo>
<MReserved1 urlencode="1"/>
<MReserved2 urlencode="1"/>
<MReserved3 urlencode="1"/>
</ReservedInfo>
</INIpay>
YZeK5nxcpDVOtZRe/3aygvZPyPGdowsNgNdiS6h3NgyRgVi3jvD/nG20vr/qguly
JiJ9il2wpc9YR48cMJwP5q8f6ktVV2Y7Sg646uYa72Mav55S9NXpCwFMN6A3RcvG
EswCTfs7MUAMVMDXpPKjIdJrZ1YSVQQqNwJWVpH6CGc=
]
INFO	[2022-07-30 09:10:25:907] <481> VERIFY OK
INFO	[2022-07-30 09:10:25:907] <481> PARSE HEAD OK
INFO	[2022-07-30 09:10:25:907] <481> PARSE BODY OK
INFO	[2022-07-30 09:10:25:908] <481> DECRYPT OK
DEBUG	[2022-07-30 09:10:25:908] <481> DECRYPT MSG:[<?xml version="1.0" encoding="UTF-8"?><PaymentInfo>
<Payment>
<CASH>
<CSHR_ApplPrice>239000</CSHR_ApplPrice>
<CSHR_SupplyPrice>217273</CSHR_SupplyPrice>
<CSHR_Tax>21727</CSHR_Tax>
<CSHR_ServicePrice/>
<CSHR_Type>1</CSHR_Type>
<CSHR_ApplDate>20220730</CSHR_ApplDate>
<CSHR_ApplTime>091026</CSHR_ApplTime>
<CSHR_ApplNum>265762026</CSHR_ApplNum>
<CSHR_ResultCode>220000</CSHR_ResultCode>
<CSHR_ResultMsg urlencode="1">%C1%A4%BB%F3%C3%B3%B8%AE%B5%C7%BE%FA%BD%C0%B4%CF%B4%D9.</CSHR_ResultMsg>
</CASH>
</Payment>
</PaymentInfo>]
INFO	[2022-07-30 09:10:25:908] <481> DECRYPT PARSE OK
INFO	[2022-07-30 09:10:25:908] <481> WAIT ACK INVOKING
DEBUG	[2022-07-30 09:10:25:908] <481> MAKE HEAD OK
INFO	[2022-07-30 09:10:25:912] <481> SUCCESS ACK INVOKING
INFO	[2022-07-30 09:10:25:912] <481> END receipt 정상처리되었습니다. Laptime:[0.129sec]
INFO	[2022-07-30 09:10:25:912] <481> ===============================================================
