INFO	[2023-05-11 13:53:34:356] <28303> START INIPHP cancel (V5036-141209)(OS:Linux2.6.32-754.11.1.el6.x86_64,PHP:5.3.3)
DEBUG	[2023-05-11 13:53:34:356] <28303> inipayhome:/home1/killdeal/public_html/shop/inicis
DEBUG	[2023-05-11 13:53:34:356] <28303> debug:false
DEBUG	[2023-05-11 13:53:34:356] <28303> type:cancel
DEBUG	[2023-05-11 13:53:34:356] <28303> mid:majorgol03
DEBUG	[2023-05-11 13:53:34:356] <28303> admin:1111
DEBUG	[2023-05-11 13:53:34:356] <28303> tid:INIMX_CARDmajorgol0320230510112111905012
DEBUG	[2023-05-11 13:53:34:356] <28303> cancelmsg:쇼핑몰 운영자 승인 취소
INFO	[2023-05-11 13:53:34:356] <28303> Check Field OK
INFO	[2023-05-11 13:53:34:356] <28303> PI PUB KEY LOAD OK []
INFO	[2023-05-11 13:53:34:356] <28303> PG PUB KEY LOAD OK [30]
INFO	[2023-05-11 13:53:34:357] <28303> MERCHANT PRIV KEY LOAD OK
INFO	[2023-05-11 13:53:34:357] <28303> MERCHANT PUB KEY LOAD OK [0]
DEBUG	[2023-05-11 13:53:34:357] <28303> MAKE ENCRYPT OK[<?xml version="1.0" encoding="UTF-8"?>
<CancelInfo>
	  <CancelTID>INIMX_CARDmajorgol0320230510112111905012</CancelTID>
	  <CancelMsg urlencode="1">%BC%EE%C7%CE%B8%F4+%BF%EE%BF%B5%C0%DA+%BD%C2%C0%CE+%C3%EB%BC%D2</CancelMsg>
	  <CancelReason/></CancelInfo>]
INFO	[2023-05-11 13:53:34:357] <28303> MAKE BODY OK
INFO	[2023-05-11 13:53:34:358] <28303> SIGN OK
INFO	[2023-05-11 13:53:34:358] <28303> MAKE HEAD OK
INFO	[2023-05-11 13:53:34:358] <28303> MSG_TO_PG:[0096200175D SHA1                   0                                      300420majorgol03                    INIMX_CARDmajorgol0320230510112111905012<?xml version="1.0" encoding="UTF-8"?>
<INIpay>
	  <CancelInfo>
	    <SessionKey>SNs2Y3J8xfA/JQGadAIa1oyamL9+laVV8jKJnJnh9B10DIKaIyYA+K5auDNMaIf5
pgy5Li4lxcMzP9fiGul0WjglBFdhUcXZOQG0joE3b9o2zivetjujgD7dvVj+3rdf
VqFpL8xyPcRk41a99BGih3wZlsDbkiERjikMWveC8YBmXsyL+AsGTw==
</SessionKey>
	    <Encrypted>G+OV2f9sDREW/cSWmt6N31xnk+mPRzTfcgNZMv4FFdO/qxNFVTL5D42P1Mw1DX6Q
lltPyECO0xi250PZ6esS6U7M8sS19IsyQlQmdTHKJ1dmBkQV6MeLB8O1VCLHD2xM
pE0qQD9JV09r7B0HjDhO5DyPd30bl5Tkex3NEIePefoUkT19naiVnII7h3A5wi/S
IAjJnbkFLbtLIWt51uVrc/NGaMIG2iwJJM3COIinQzlBfJj4XkzGFzo66wXnvpIQ
dAX1gak82Ir99HOZVcGT4AKtHA7Q29fZHI3gDC8q6nwGo/yaQiT1Tz3aMI6/qZNI
uVBYDfTAaWigHyrKuUIVWA==
</Encrypted></CancelInfo>
	  <ReservedInfo>
	    <MReserved1/>
	    <MReserved2/>
	    <MReserved3/></ReservedInfo>
	  <ManageInfo>
	    <Language/>
	    <URL/>
	    <TXVersion>5036B141209canceLinux     PHPchkfake   2.6.32-754.11.1.el6.x86_64PHP:</TXVersion>
	    <TXUserID/>
	    <TXRegNum/></ManageInfo></INIpay>ARXFgeLJiRbi6Kz55v+pmtDZ5v7Hl3TWjGlO+gkjS9PBDaaMLJKbPxdz59sI1Azm
JQDCIPfUVpcsbSZZQluAU+v15XgB6Py1Iakzef2A7IYcQ7NF+rh9KFhz8AXt6BUo
gVHVNYwvcCfzYGiog0r13jlilUDyfPKHrtz2YqCu3yNB
]
INFO	[2023-05-11 13:53:34:358] <28303> DNS LOOKUP OK(203.238.37.3:203.238.37.3:34049) laptime:0
INFO	[2023-05-11 13:53:34:360] <28303> SOCKET CONNECT OK
INFO	[2023-05-11 13:53:34:360] <28303> SEND OK
INFO	[2023-05-11 13:53:35:353] <28303> RECV OK
INFO	[2023-05-11 13:53:35:353] <28303> MSG_FROM_PG:[0093300175D SHA1                   0                                      300430majorgol03                    INIMX_CARDmajorgol0320230510112111905012<?xml version="1.0" encoding="UTF-8"?><INIpay>
<CancelInfo>
<ResultCode>120000</ResultCode>
<ResultMsg urlencode="1">%C1%A4%BB%F3%C3%B3%B8%AE%B5%C7%BE%FA%BD%C0%B4%CF%B4%D9.</ResultMsg>
<SessionKey>APbgtvUZYBQ3URzQkqcJJ56Hghm+PWs0VbgcgPpOfUW6Z9g/RVnIHPfFtcA7upiv
VFxZkjo2Xx50EpFdWbo4snj5+QHVP02XKJPvcDXwswY9FnBXQIEYSA9l8A7+VD0U
6tcZCNsg+6sxxIyDYAkeENdYDuPdI7OmTzzD0FB+nggSX0YGU92kSes=
</SessionKey>
<Encrypted>aMzWHRguUSVz+au+Y+aBibsWeTaSVZBHriZ5io7w2HGmPM0G2obwDquC0fqbs0J7
8VPIguU6AtD8sjVfcfqTaNGmuekjgKhFJjT7nrx2vV/zyCLt/fryLQw967LuZPaB
6gSn1xfYxOdRj37cEkZcuvY2/WJ3xhk9m3TIr2EWsEy9OKwYlCXMJ68ujSczSWxo
slzbvYIDEDOvgUDn4V5GLKSJrA8AFAyCWBcG0290Y2a/Q4WX65MLhwYgr2OSEeod
BlOHKVCDxjpqPzpRtob8hhMRRJYI4V98WvdVZHh8stjjk1xZRCKxibKuTltgX3rn
fRtyOLS01k8RlcEWRneJbMXKVGDQT9ok
</Encrypted>
</CancelInfo>
<ManageInfo/>
<ReservedInfo>
<MReserved1 urlencode="1"/>
<MReserved2 urlencode="1"/>
<MReserved3 urlencode="1"/>
</ReservedInfo>
</INIpay>
iYvbBWKAw+kbj6GgjbSm3pJKwZBJtqRSaUlpSa56EfNAXWZPDJgF3d6Lka17omWR
DE5c11hTH9uoiZ2cakUonOC3kwzeptYoVO0x5Sg/epEd5sCo+9zC+mKddyM29Y2O
X8GNj4WQw96I8z9c3QjgVdpgA8FgTKFD/eaXNGuAQX8=
]
INFO	[2023-05-11 13:53:35:353] <28303> VERIFY OK
INFO	[2023-05-11 13:53:35:353] <28303> PARSE HEAD OK
INFO	[2023-05-11 13:53:35:353] <28303> PARSE BODY OK
INFO	[2023-05-11 13:53:35:354] <28303> DECRYPT OK
DEBUG	[2023-05-11 13:53:35:354] <28303> DECRYPT MSG:[<?xml version="1.0" encoding="UTF-8"?><CancelInfo>
<CancelDate>20230511</CancelDate>
<CancelTime>135335</CancelTime>
<ResultCode>120000</ResultCode>
<ResultMsg urlencode="1">%C1%A4%BB%F3%C3%B3%B8%AE%B5%C7%BE%FA%BD%C0%B4%CF%B4%D9.</ResultMsg>
</CancelInfo>]
INFO	[2023-05-11 13:53:35:354] <28303> DECRYPT PARSE OK
INFO	[2023-05-11 13:53:35:354] <28303> END cancel 정상처리되었습니다. Laptime:[0.998sec]
INFO	[2023-05-11 13:53:35:354] <28303> ===============================================================
