INFO	[2022-01-26 14:46:59:691] <9194> START INIPHP cancel (V5036-141209)(OS:Linux2.6.32-754.11.1.el6.x86_64,PHP:5.3.3)
DEBUG	[2022-01-26 14:46:59:691] <9194> inipayhome:/home1/killdeal/public_html/shop/inicis
DEBUG	[2022-01-26 14:46:59:691] <9194> debug:false
DEBUG	[2022-01-26 14:46:59:691] <9194> type:cancel
DEBUG	[2022-01-26 14:46:59:691] <9194> mid:fourseason
DEBUG	[2022-01-26 14:46:59:691] <9194> admin:1111
DEBUG	[2022-01-26 14:46:59:691] <9194> tid:INIMX_CARDfourseason20220116122222315736
DEBUG	[2022-01-26 14:46:59:691] <9194> cancelmsg:쇼핑몰 운영자 승인 취소
INFO	[2022-01-26 14:46:59:691] <9194> Check Field OK
INFO	[2022-01-26 14:46:59:691] <9194> PI PUB KEY LOAD OK []
INFO	[2022-01-26 14:46:59:692] <9194> PG PUB KEY LOAD OK [30]
INFO	[2022-01-26 14:46:59:692] <9194> MERCHANT PRIV KEY LOAD OK
INFO	[2022-01-26 14:46:59:692] <9194> MERCHANT PUB KEY LOAD OK [0]
DEBUG	[2022-01-26 14:46:59:693] <9194> MAKE ENCRYPT OK[<?xml version="1.0" encoding="UTF-8"?>
<CancelInfo>
	  <CancelTID>INIMX_CARDfourseason20220116122222315736</CancelTID>
	  <CancelMsg urlencode="1">%BC%EE%C7%CE%B8%F4+%BF%EE%BF%B5%C0%DA+%BD%C2%C0%CE+%C3%EB%BC%D2</CancelMsg>
	  <CancelReason/></CancelInfo>]
INFO	[2022-01-26 14:46:59:693] <9194> MAKE BODY OK
INFO	[2022-01-26 14:46:59:694] <9194> SIGN OK
INFO	[2022-01-26 14:46:59:694] <9194> MAKE HEAD OK
INFO	[2022-01-26 14:46:59:694] <9194> MSG_TO_PG:[0096200175D SHA1                   0                                      300420fourseason                    INIMX_CARDfourseason20220116122222315736<?xml version="1.0" encoding="UTF-8"?>
<INIpay>
	  <CancelInfo>
	    <SessionKey>tnLmpbv9SRsTYxvntreIRRXjKVBkpjVUSN2b/BpGFDoN0PwcSd2cKCk+omLgKK8Z
ezTXgDYPXkxVaojoNoHqtqI3w6Rn3kxx7tSgLxSHo8Fr8zTanWEejoKH6MXA1bsq
+PIzYV/X2jmMEXYMprBoGpQCHe59d5S45yLR0c8/7LRjZJ07O3ujmA==
</SessionKey>
	    <Encrypted>B1ZpmublZsGMBT8xbwMuOYXF9H89k2PwxtPnox9nh16seC4lz8o+avS1BBkdk8Xe
YBe8h8IsECMBWwehjgzZu7A2vt4T9MaN81Qcylx5v6v5IhECZwBFXMgdGGsoSs2e
OMbDfH8fm8a81Pm5fy+0b6llL+RQX912324knKF/mM69/zlGdhxvVgfSARJDUOkZ
/6hLLOSCdFAM/EoKwK9dul/VfuFirPz2TZo5VNcWlSwqay0U4z8U7aJucMikJdqH
NBJvDAbsGXPh2a4hcVX36dHFfAmn4xKnyy3PKewboS+mlCb6xMqbJU8HbHYvPmSM
sEJvQMAfaYfuxi3rqTG1OA==
</Encrypted></CancelInfo>
	  <ReservedInfo>
	    <MReserved1/>
	    <MReserved2/>
	    <MReserved3/></ReservedInfo>
	  <ManageInfo>
	    <Language/>
	    <URL/>
	    <TXVersion>5036B141209canceLinux     PHPchkfake   2.6.32-754.11.1.el6.x86_64PHP:</TXVersion>
	    <TXUserID/>
	    <TXRegNum/></ManageInfo></INIpay>AGzxXPf3HPyA0j3MB0iyjyUbByQ6Ns2GKIFL3HD7vIsHNvsBIKdUw7py//C0Sgbx
BjgIEZT2YXteqduNxE3ss0N3ASx4ywWCjCIk/yR2Aar+eFrCk1Wt1gpyP9P07M8S
lnLZ+Z3k9pj0kWsKqE/DWo+1goqE3TC1RoNKU0JxvPj5
]
INFO	[2022-01-26 14:46:59:694] <9194> DNS LOOKUP OK(203.238.37.3:203.238.37.3:34049) laptime:0
INFO	[2022-01-26 14:46:59:696] <9194> SOCKET CONNECT OK
INFO	[2022-01-26 14:46:59:696] <9194> SEND OK
INFO	[2022-01-26 14:47:00:621] <9194> RECV OK
INFO	[2022-01-26 14:47:00:621] <9194> MSG_FROM_PG:[0093300175D SHA1                   0                                      300430fourseason                    INIMX_CARDfourseason20220116122222315736<?xml version="1.0" encoding="UTF-8"?><INIpay>
<CancelInfo>
<ResultCode>120000</ResultCode>
<ResultMsg urlencode="1">%C1%A4%BB%F3%C3%B3%B8%AE%B5%C7%BE%FA%BD%C0%B4%CF%B4%D9.</ResultMsg>
<SessionKey>AGudETG4D7039GQ1Y73u/+nL57o12vHTOZMZrqHawLqJS3lUNNjW8UNpO/yeSnwI
9yUKiJ7Q+M7BLvdGyv4ofNSGILI10cXfxvF5OV+LHRIuzCskvJScPcfivm1nvDOC
cRVHFVw6eX8kH/0dA95rx/J2Z2MEVHhKNMI+cKcDAdRRPHCLn2gyC3g=
</SessionKey>
<Encrypted>TIsyDF94er74TFdAWuzx1iCeas+bi0sgUoJVX7nQDz2ZNykpPcGllLONio7uW91V
HmCXx5EJS4OHXy5vmAhiNDdxZN5c583lUSgCxaNLEEYfA1IrEfPZVhW1AbTmcl0n
TZSOWm4qlZn/eXxIVC6nVX4i9fmD6qIgbT3tkKRt9Q+unAfA0B3CNslZcSY29GoM
v9ohfdVn1ZaKOjNkES6fvAAW+wfm6eiYPQtD05KK3bL+aMlHLA6FoyNj9NLnsH4L
GPq5S0fLZ9KBSE4c27zhUajzfxvnNL+XwOrUvD6MoqtUTtXT+LY/WGE6ZyXL7IG/
8xOx/5j8EXNzjkB5nj/4ZSo/xSKU1YJb
</Encrypted>
</CancelInfo>
<ManageInfo/>
<ReservedInfo>
<MReserved1 urlencode="1"/>
<MReserved2 urlencode="1"/>
<MReserved3 urlencode="1"/>
</ReservedInfo>
</INIpay>
rEuypsyshH1vWfg8qmYFR8KXrsAvCZjmn/bCnwenGY2yqMIV+61EYqNeKPeAZuv+
BA2HWxkvEBarANjf88KbnXn56+jbaBRiV4NEUoAHPWX/LPNw61EMLU1mXa9zK9l0
yL77xW0+NYn1GEOmbnFJ8j6fqWRu8QcZrsCEny4DMh4=
]
INFO	[2022-01-26 14:47:00:621] <9194> VERIFY OK
INFO	[2022-01-26 14:47:00:621] <9194> PARSE HEAD OK
INFO	[2022-01-26 14:47:00:621] <9194> PARSE BODY OK
INFO	[2022-01-26 14:47:00:622] <9194> DECRYPT OK
DEBUG	[2022-01-26 14:47:00:622] <9194> DECRYPT MSG:[<?xml version="1.0" encoding="UTF-8"?><CancelInfo>
<CancelDate>20220126</CancelDate>
<CancelTime>144700</CancelTime>
<ResultCode>120000</ResultCode>
<ResultMsg urlencode="1">%C1%A4%BB%F3%C3%B3%B8%AE%B5%C7%BE%FA%BD%C0%B4%CF%B4%D9.</ResultMsg>
</CancelInfo>]
INFO	[2022-01-26 14:47:00:622] <9194> DECRYPT PARSE OK
INFO	[2022-01-26 14:47:00:622] <9194> END cancel 정상처리되었습니다. Laptime:[0.931sec]
INFO	[2022-01-26 14:47:00:622] <9194> ===============================================================
