INFO	[2020-10-13 12:42:40:638] <27288> START INIPHP repay (V5036-141209)(OS:Linux2.6.32-754.11.1.el6.x86_64,PHP:5.3.3)
DEBUG	[2020-10-13 12:42:40:638] <27288> inipayhome:/home/killdeal/public_html/shop/inicis
DEBUG	[2020-10-13 12:42:40:638] <27288> debug:false
DEBUG	[2020-10-13 12:42:40:638] <27288> type:repay
DEBUG	[2020-10-13 12:42:40:638] <27288> pgid:INIphpRPAY
DEBUG	[2020-10-13 12:42:40:638] <27288> subpgip:203.238.3.10
DEBUG	[2020-10-13 12:42:40:638] <27288> mid:majorgol03
DEBUG	[2020-10-13 12:42:40:638] <27288> admin:1111
DEBUG	[2020-10-13 12:42:40:638] <27288> oldtid:INIMX_CARDmajorgol0320200923180736655189
DEBUG	[2020-10-13 12:42:40:638] <27288> currency:WON
DEBUG	[2020-10-13 12:42:40:638] <27288> price:29900
DEBUG	[2020-10-13 12:42:40:638] <27288> confirm_price:99900
DEBUG	[2020-10-13 12:42:40:638] <27288> buyeremail:myadle@hanmail.net
DEBUG	[2020-10-13 12:42:40:638] <27288> tax:0
DEBUG	[2020-10-13 12:42:40:638] <27288> taxfree:29900
INFO	[2020-10-13 12:42:40:638] <27288> Check Field OK
INFO	[2020-10-13 12:42:40:638] <27288> Make TID OK INIphpRPAYmajorgol0320201013124240382148
INFO	[2020-10-13 12:42:40:638] <27288> PI PUB KEY LOAD OK []
INFO	[2020-10-13 12:42:40:639] <27288> PG PUB KEY LOAD OK [30]
INFO	[2020-10-13 12:42:40:639] <27288> MERCHANT PRIV KEY LOAD OK
INFO	[2020-10-13 12:42:40:639] <27288> MERCHANT PUB KEY LOAD OK [0]
DEBUG	[2020-10-13 12:42:40:639] <27288> MAKE ENCRYPT OK[<?xml version="1.0" encoding="UTF-8"?>
<PartCancelInfo>
	  <PRTC_TID>INIMX_CARDmajorgol0320200923180736655189</PRTC_TID>
	  <PRTC_Price>29900</PRTC_Price>
	  <PRTC_Remains>99900</PRTC_Remains>
	  <PRTC_Quota/>
	  <PRTC_Interest/>
	  <PRTC_NoAcctFNBC/>
	  <PRTC_NmAcctFNBC/></PartCancelInfo>]
INFO	[2020-10-13 12:42:40:640] <27288> MAKE BODY OK
INFO	[2020-10-13 12:42:40:640] <27288> SIGN OK
INFO	[2020-10-13 12:42:40:640] <27288> MAKE HEAD OK
INFO	[2020-10-13 12:42:40:640] <27288> MSG_TO_PG:[0112200175D SHA1                   0                                      300620majorgol03               29900INIphpRPAYmajorgol0320201013124240382148<?xml version="1.0" encoding="UTF-8"?>
<INIpay>
	  <PartCancelInfo>
	    <SessionKey>cAayYRi2Ba75VGIDLAMnaT6c6Y7TIrf8v8sPBJjRM+hfNkZPtqarblF9+ICTNjdl
81pDNoTClKTPv2rAmdpy+KCc6smg27tGEXzT6B6wd+6ZKBdsYw+IfjnPaAAnxx7h
lHqv3u0MhnFU5/a7dYaCtAZKjCR871hpvfRWTMngs8ytQsqgESbKrA==
</SessionKey>
	    <Encrypted>F9SAMpLhaTtIkP9qqSPNXbkmkGhHZtDG1dETRRqRCVc538m+6ZwsMITJT4s5yLY7
5Nwi+Ok/xf1/Ya+BVSdMtKWntiKGgcJ6X1dy9spxYisVEx3pejMb+f6lTQT95Zwj
kNPhtRqWvDJSUBYNjdYsCLn5L/FHy2z9ykSQKgW5w78wk6aSk81EZYVjfZr1Gtuz
HepdAZulqrwPM7JVfmdJzJQeoh40ZbzmkcO8DLJ+9gXXkhITFxMEAE8bvayGVLJ6
QD44vEOGrU0bg2VZOLnTVsL6S16+PVFbpJZic8RZN6JoGJJJ691D84tBUan3UPaR
5rncO8LneAQv4FPhCj7ltNvTaxhlIxE1zZT1FtSMD/WdcBxJHznr07x/kaX5VFab
aBqY6ZSe7Xk=
</Encrypted></PartCancelInfo>
	  <GoodsInfo>
	    <Tax/>
	    <TaxFree>29900</TaxFree>
	    <Currency>WON</Currency></GoodsInfo>
	  <ReservedInfo>
	    <MReserved1/>
	    <MReserved2/>
	    <MReserved3/></ReservedInfo>
	  <ManageInfo>
	    <Language/>
	    <URL/>
	    <TXVersion>5036B141209repayLinux     PHPchkfake   2.6.32-754.11.1.el6.x86_64PHP:</TXVersion>
	    <TXUserID/>
	    <TXRegNum/></ManageInfo></INIpay>AG27lCCS6UwiRDlr7YgXoY2xPWzYaG4sOB52a4l4ynZKbY/KT1A7/i+dYs3Yt7ne
d6juXr7mhlLseax0Eb3bOmLbyTXrwSLSafqBF9PZR7UN24FIEDEnsF5zcdGpr4wU
BA9vcou30aRApq650c/iy5ep20hZ6aP6SzTE0fRfmkal
]
INFO	[2020-10-13 12:42:40:640] <27288> DNS LOOKUP OK(203.238.37.3:203.238.37.3:34049) laptime:0
INFO	[2020-10-13 12:42:40:642] <27288> SOCKET CONNECT OK
INFO	[2020-10-13 12:42:40:642] <27288> SEND OK
INFO	[2020-10-13 12:42:40:869] <27288> RECV OK
INFO	[2020-10-13 12:42:40:870] <27288> MSG_FROM_PG:[0098000175D SHA1                   0                                      300630majorgol03               29900INIphpRPAYmajorgol0320201013124240382148<?xml version="1.0" encoding="UTF-8"?><INIpay>
<PartCancelInfo>
<PayMethod>Card</PayMethod>
<ResultCode>120000</ResultCode>
<ResultMsg urlencode="1">%C1%A4%BB%F3%C3%B3%B8%AE%B5%C7%BE%FA%BD%C0%B4%CF%B4%D9.</ResultMsg>
<SessionKey>AN6ORdAslZYtF/xdcxBRrLNzMsxKiZ+3JET55AsJALbH4j7qb/CBSswtmjXJjLS9
8DQCYNwXx38Hrkkmc5R9bz6+DNl7vXAag2GQWH9aGyA54Om61rcV9VOdwV2PbJdA
+jy/c7bNDTomGOhOw47riiQq/VmmWxTzQ7mYpxze+OY5Y+gZ5Fk3VWs=
</SessionKey>
<Encrypted>lDkXX6GZgDmxgwK0m4FF9NtXOUlspKdQ9hD1gHjz91PQKH8d/urLz+GZkhVvi8OG
fRVILc2jF0T3tzvaXuOh2VEennDuzxHFGDK0YME/fjLnDw1ZlnZG5h7VEs6s0kVr
j124nXGltxKvH/fAayx1F8ocH4O6uzhPFa8ApNInTGk3mALIJdsTBVbOrNzn/Xc8
pVfiF/oAO+fTgzfvOG55Cih4lMPiH9STfjiMWW6fPvprrs06wrWjNlPuNxxw/nIo
pBjBXsKcZomk2MRh1xq/zzvcbGFsQqUbyNLAbRpzZWLAGzM9xxPZYubSQHv7D4Vt
Tg9TXW+rGBOr6h7AgMPi7fTD550r1gjnH3ZnacxI8HjbctO7tVPFd7S0Vdwv0kRM
wTYSOpvQQws1TgPTKp2UfyxbjqMiRl+mHRG9V+NghVIRBAFhf93KpG/XQT817aD5
ArrYmt0mwpU=
</Encrypted>
</PartCancelInfo>
<ManageInfo/>
<ReservedInfo/>
</INIpay>
NA/mOe+gOB/lrcfF7P5qHyYCL6dZ65ug5oDYZNIL9hd5Oa/tbASoGeq3Qql5D+J5
dBgrcjjyzc7nIRVaw7BhU3bYU5wfmYEH2Mt//YiCMCZTcHmpF6iVW0KWWaOcicYc
8EhYwvPUrF7Nocuqp+ALbgbuyY/yoz6782x09yFh8qc=
]
INFO	[2020-10-13 12:42:40:870] <27288> VERIFY OK
INFO	[2020-10-13 12:42:40:870] <27288> PARSE HEAD OK
INFO	[2020-10-13 12:42:40:870] <27288> PARSE BODY OK
INFO	[2020-10-13 12:42:40:871] <27288> DECRYPT OK
DEBUG	[2020-10-13 12:42:40:871] <27288> DECRYPT MSG:[<?xml version="1.0" encoding="UTF-8"?><PartCancelInfo>
<PRTC_TID>INIMX_CARDmajorgol0320200923180736655189</PRTC_TID>
<PRTC_Price>29900</PRTC_Price>
<PRTC_Remains>99900</PRTC_Remains>
<PRTC_Quota>00</PRTC_Quota>
<PRTC_Type>1</PRTC_Type>
<CancelDate>20201013</CancelDate>
<CancelTime>124241</CancelTime>
<PRTC_Cnt>1</PRTC_Cnt>
</PartCancelInfo>]
INFO	[2020-10-13 12:42:40:871] <27288> DECRYPT PARSE OK
INFO	[2020-10-13 12:42:40:871] <27288> END repay 정상처리되었습니다. Laptime:[0.233sec]
INFO	[2020-10-13 12:42:40:871] <27288> ===============================================================
INFO	[2020-10-13 15:52:50:93] <31361> START INIPHP repay (V5036-141209)(OS:Linux2.6.32-754.11.1.el6.x86_64,PHP:5.3.3)
DEBUG	[2020-10-13 15:52:50:93] <31361> inipayhome:/home/killdeal/public_html/shop/inicis
DEBUG	[2020-10-13 15:52:50:93] <31361> debug:false
DEBUG	[2020-10-13 15:52:50:93] <31361> type:repay
DEBUG	[2020-10-13 15:52:50:93] <31361> pgid:INIphpRPAY
DEBUG	[2020-10-13 15:52:50:93] <31361> subpgip:203.238.3.10
DEBUG	[2020-10-13 15:52:50:93] <31361> mid:majorgol03
DEBUG	[2020-10-13 15:52:50:93] <31361> admin:1111
DEBUG	[2020-10-13 15:52:50:93] <31361> oldtid:INIMX_CARDmajorgol0320201008121933825048
DEBUG	[2020-10-13 15:52:50:93] <31361> currency:WON
DEBUG	[2020-10-13 15:52:50:93] <31361> price:289000
DEBUG	[2020-10-13 15:52:50:93] <31361> confirm_price:964910
DEBUG	[2020-10-13 15:52:50:93] <31361> buyeremail:petitros@naver.com
DEBUG	[2020-10-13 15:52:50:93] <31361> tax:0
DEBUG	[2020-10-13 15:52:50:93] <31361> taxfree:289000
INFO	[2020-10-13 15:52:50:93] <31361> Check Field OK
INFO	[2020-10-13 15:52:50:93] <31361> Make TID OK INIphpRPAYmajorgol0320201013155250931248
INFO	[2020-10-13 15:52:50:93] <31361> PI PUB KEY LOAD OK []
INFO	[2020-10-13 15:52:50:94] <31361> PG PUB KEY LOAD OK [30]
INFO	[2020-10-13 15:52:50:94] <31361> MERCHANT PRIV KEY LOAD OK
INFO	[2020-10-13 15:52:50:94] <31361> MERCHANT PUB KEY LOAD OK [0]
DEBUG	[2020-10-13 15:52:50:94] <31361> MAKE ENCRYPT OK[<?xml version="1.0" encoding="UTF-8"?>
<PartCancelInfo>
	  <PRTC_TID>INIMX_CARDmajorgol0320201008121933825048</PRTC_TID>
	  <PRTC_Price>289000</PRTC_Price>
	  <PRTC_Remains>964910</PRTC_Remains>
	  <PRTC_Quota/>
	  <PRTC_Interest/>
	  <PRTC_NoAcctFNBC/>
	  <PRTC_NmAcctFNBC/></PartCancelInfo>]
INFO	[2020-10-13 15:52:50:94] <31361> MAKE BODY OK
INFO	[2020-10-13 15:52:50:95] <31361> SIGN OK
INFO	[2020-10-13 15:52:50:95] <31361> MAKE HEAD OK
INFO	[2020-10-13 15:52:50:95] <31361> MSG_TO_PG:[0112300175D SHA1                   0                                      300620majorgol03              289000INIphpRPAYmajorgol0320201013155250931248<?xml version="1.0" encoding="UTF-8"?>
<INIpay>
	  <PartCancelInfo>
	    <SessionKey>t2lwMDYG0bOUWsLedDxCf7hKVS7qYSYPAcHOFFy0BEjdBKNT0ybc/DMBprTU59Ab
nPfY+mJjUVwptfMBqltgVIgIeNHgzAX02bv+x/V+WBZd66SfO6dkrvwXRQGyLjrU
r+cwMtbGExbTY7gCtD6XSJbfbASMc+2GXg792ewUABZ70tJ2q410Ow==
</SessionKey>
	    <Encrypted>zLIKwuOvIrNRPKpazUYEyVE6AfdhhK77tXjwCI1S8xogNMFhKNTXih1ShZo6Wvz+
jS+aUcSzC4yy1dkRqM1VHXs2B6Ga8mdhWusYB+nAwlHSArsHkdAHXUXIvErIfNT6
Bs9xHK+U20ZBbnk6aYkFqEnz4Di34+DCQwgeMFzIjF1l/V0+QeT2kfna6a7HWhkA
/08VJA38nIXjCA5SgaFH/mGcDFNkxmJhstvDJ7iop7z1FumK2HNhcUlLRr/LsxjQ
agM7OAmNK3GqF3V6Uw/AIZz4k3oksapHx8U4yZb02KqSH1zZ7KTOJkMEXXvQXBta
Hg7Q1Rhfi1E6AlRDR19DaWaDIJVqrQTnjvsKzDZtVvJwM8CcVdD3zZBEyGwXMMZ8
HoyCX248FmA=
</Encrypted></PartCancelInfo>
	  <GoodsInfo>
	    <Tax/>
	    <TaxFree>289000</TaxFree>
	    <Currency>WON</Currency></GoodsInfo>
	  <ReservedInfo>
	    <MReserved1/>
	    <MReserved2/>
	    <MReserved3/></ReservedInfo>
	  <ManageInfo>
	    <Language/>
	    <URL/>
	    <TXVersion>5036B141209repayLinux     PHPchkfake   2.6.32-754.11.1.el6.x86_64PHP:</TXVersion>
	    <TXUserID/>
	    <TXRegNum/></ManageInfo></INIpay>ARmnEx3XK9zV+/7l2/sx2oCgdWnHhGR1XrhTUluO1tT1O/8bd/aFexdtgbJGk50P
+dwnk1nnxQZKcBTdhEi4v4lMTFT50e/OhI4sdrd6sOAq/tIqPoh3kFOMJpdZPDVt
iUZ+iyxHYhFg0JDeljlwwEqxN6hhQ0rrKdadEBCJ4LcT
]
INFO	[2020-10-13 15:52:50:95] <31361> DNS LOOKUP OK(203.238.37.3:203.238.37.3:34049) laptime:0
INFO	[2020-10-13 15:52:50:97] <31361> SOCKET CONNECT OK
INFO	[2020-10-13 15:52:50:98] <31361> SEND OK
INFO	[2020-10-13 15:52:50:271] <31361> RECV OK
INFO	[2020-10-13 15:52:50:271] <31361> MSG_FROM_PG:[0150300175D SHA1                   0                                      300630majorgol03              289000INIphpRPAYmajorgol0320201013155250931248<?xml version="1.0" encoding="UTF-8"?>
<INIpay>
  <PartCancelInfo>
    <PayMethod>Card</PayMethod>
    <ResultCode>120000</ResultCode>
    <ResultMsg urlencode="1">%C1%A4%BB%F3%C3%B3%B8%AE%B5%C7%BE%FA%BD%C0%B4%CF%B4%D9.</ResultMsg>
    <SessionKey>AEOC8seTQjIRN2D7Sd5FT9XkAqHsETli9pU57ONBkOt0EAGEvNsZjCMzKYy5lh1f
rAfo/fw2SgLkaAiXWHXYnuqdAeddz/4nAlx+LvqItbwmOfRSFRCtiByNuR2QfYOo
w70PFEL6n2CqMsBOEeMQ6u9Q6gEP+mMc0xf3WYvd+o452YxybvxYRAg=
</SessionKey>
    <Encrypted>nyOT2ppZw7Kd+hkZsyRklO5nr5BgLcABPwOxgMKSyCSfhl2jlRNakyPWrwl6GVYn
lgRlebXqggYCMy07R0Lsk25nORbCfjgVFhQA8HQbblynYrHqlb+ftZ1CJX8HqUPx
0pMIXe2mnEyG5Z66D9QKaJzW0jVc7TPf8OqV0UAq9qdbrY0cTYPfGidQ5ZPKJcee
iwVf1pwD2ghlFsnL5e00Q2VOgRcOv8XbdHtDj2GyTPepSIccwEVH474lKVENK7DA
V+cigmWycePfrYivjrnlMmO/9wlEYagg2NJHgPcaBgs3tA7OlE/wULX2jlgZOPci
1TpNfl29Efwmiv7frkMuXpLsdkxM2CVa3zyfzzeWfkHpN0QItnWPMY83ntpDDXgQ
PPm4MdB94/bQuOVekhLKTAIuAvuJEb+BgQfugQqL2H+QAauixgNuynAi4G+p28nx
jhkd/hn0BaNUD4gh0wNLEOe9GiRwZ0tE9+W3nCd5sim0f8iQPpUwBJopkYGpeXQx
V3EHCwaAUrF+7LpkeR5eylnCUmZtxSRNaucgYbMI8t4mkO40iWv303hK46YUx2Q2
FGNvWVqcXQJYaNtDPqhku4r4pqULr/SH530woIQP6JoX+HDU6KCKtrF8o/SpQea4
ig8FByiWDJiwaYVCxxtquw==
</Encrypted>
  </PartCancelInfo>
  <ManageInfo/>
  <ReservedInfo>
    <MReserved1 urlencode="1"></MReserved1>
    <MReserved2 urlencode="1"></MReserved2>
    <MReserved3 urlencode="1"></MReserved3>
    <PGReserved1 urlencode="1"></PGReserved1>
    <PGReserved2 urlencode="1"></PGReserved2>
    <PGReserved3 urlencode="1"></PGReserved3>
  </ReservedInfo>
</INIpay>
sa0eDT2zQxXyQQerqB3VOPurbFoUKXkudiKdlXZx/CwX1HpUQ26PrzprP78wrEb0
ETyVpV6CSAVvJhkIz3pkm6gcMshKwOjZ3jdUabNKdYqU1ztImRusToOuJjKyeaBW
Cji+sPxVdwajGoyUtMAwmvYmk0h7Y45LdgoJHcaobNc=
]
INFO	[2020-10-13 15:52:50:271] <31361> VERIFY OK
INFO	[2020-10-13 15:52:50:271] <31361> PARSE HEAD OK
INFO	[2020-10-13 15:52:50:271] <31361> PARSE BODY OK
INFO	[2020-10-13 15:52:50:272] <31361> DECRYPT OK
DEBUG	[2020-10-13 15:52:50:272] <31361> DECRYPT MSG:[<?xml version="1.0" encoding="UTF-8"?>
<PartCancelInfo>
  <PRTC_TID>INIMX_CARDmajorgol0320201008121933825048</PRTC_TID>
  <PRTC_Price>289000</PRTC_Price>
  <PRTC_Remains>964910</PRTC_Remains>
  <PRTC_Quota>00</PRTC_Quota>
  <PRTC_Type>1</PRTC_Type>
  <CancelDate>20201013</CancelDate>
  <CancelTime>155250</CancelTime>
  <CARD_ApplNum></CARD_ApplNum>
  <ExchangeRate></ExchangeRate>
  <MOID urlencode="1"></MOID>
  <PRTC_Cnt>1</PRTC_Cnt>
  <PRTC_SubRemains></PRTC_SubRemains>
</PartCancelInfo>]
INFO	[2020-10-13 15:52:50:272] <31361> DECRYPT PARSE OK
INFO	[2020-10-13 15:52:50:272] <31361> END repay 정상처리되었습니다. Laptime:[0.179sec]
INFO	[2020-10-13 15:52:50:272] <31361> ===============================================================
