INFO	[2024-01-07 11:39:01:904] <28631> START INIPHP cancel (V5036-141209)(OS:Linux2.6.32-754.11.1.el6.x86_64,PHP:5.3.3)
DEBUG	[2024-01-07 11:39:01:904] <28631> inipayhome:/home1/killdeal/public_html/shop/inicis
DEBUG	[2024-01-07 11:39:01:904] <28631> debug:false
DEBUG	[2024-01-07 11:39:01:904] <28631> type:cancel
DEBUG	[2024-01-07 11:39:01:904] <28631> mid:fourseason
DEBUG	[2024-01-07 11:39:01:904] <28631> admin:1111
DEBUG	[2024-01-07 11:39:01:904] <28631> tid:INIMX_ISP_fourseason20240107113115285753
DEBUG	[2024-01-07 11:39:01:904] <28631> cancelmsg:주문자 본인 취소-상품옵션 선택 잘못함
INFO	[2024-01-07 11:39:01:904] <28631> Check Field OK
INFO	[2024-01-07 11:39:01:904] <28631> PI PUB KEY LOAD OK []
INFO	[2024-01-07 11:39:01:904] <28631> PG PUB KEY LOAD OK [30]
INFO	[2024-01-07 11:39:01:905] <28631> MERCHANT PRIV KEY LOAD OK
INFO	[2024-01-07 11:39:01:905] <28631> MERCHANT PUB KEY LOAD OK [0]
DEBUG	[2024-01-07 11:39:01:905] <28631> MAKE ENCRYPT OK[<?xml version="1.0" encoding="UTF-8"?>
<CancelInfo>
	  <CancelTID>INIMX_ISP_fourseason20240107113115285753</CancelTID>
	  <CancelMsg urlencode="1">%C1%D6%B9%AE%C0%DA+%BA%BB%C0%CE+%C3%EB%BC%D2-%BB%F3%C7%B0%BF%C9%BC%C7+%BC%B1%C5%C3+%C0%DF%B8%F8%C7%D4</CancelMsg>
	  <CancelReason/></CancelInfo>]
INFO	[2024-01-07 11:39:01:906] <28631> MAKE BODY OK
INFO	[2024-01-07 11:39:01:906] <28631> SIGN OK
INFO	[2024-01-07 11:39:01:906] <28631> MAKE HEAD OK
INFO	[2024-01-07 11:39:01:906] <28631> MSG_TO_PG:[0101500175D SHA1                   0                                      300420fourseason                    INIMX_ISP_fourseason20240107113115285753<?xml version="1.0" encoding="UTF-8"?>
<INIpay>
	  <CancelInfo>
	    <SessionKey>pXJ+FStgNTnNbKb1GDBvJrtZzYbG/NEwXeXw5OjyuQQiMiqFMYWd78hb9itOkoYx
J3Zopna7aw4fXxak9U4UEm5mbreLjCkvOe+S08e3eoZ79UV5+EGQNPIOWtd3C12G
Ggca6fFy8zlLAmZ1FZ59OsWDLEcE6hfaH+98WkRr/rcNalSaHRUF1Q==
</SessionKey>
	    <Encrypted>NUW8T0PWhgpzyr91dLpiwp8JZsbHUpZUUoRB2Xj2NFGUOxOzE4DIG5kBkC8Le2c4
N2I/JOJcdTxqe9QaRpTd8Lmip6JznIMqIVRlm2c+7Va1otCJHyMy0ryeEKq081om
rbdVqjWIlFK4USlMLgaAuez8taB8/sDni3xZ8ahcV3AK/8IwZuu2GUg7cxkPMBN9
NStftSic1NlWhGmJ/WjLb6wy/xM95AGuiHgqHm+sGOkp+kOMogyHBaEkVVfxQyFh
0xCtuKFoDnUjkauDlmZh9vXNNoHfOqDDTz1AoOB3UgsjrSR7F3VY/kh9P38ZwTFy
LmkEIFi74yOdGm2UL3Mq/W2L7G581O/mLhAzW1aaRD6xoz/xOjSzvA9eVQMizEEk
+gqnFkH8Lno=
</Encrypted></CancelInfo>
	  <ReservedInfo>
	    <MReserved1/>
	    <MReserved2/>
	    <MReserved3/></ReservedInfo>
	  <ManageInfo>
	    <Language/>
	    <URL/>
	    <TXVersion>5036B141209canceLinux     PHPchkfake   2.6.32-754.11.1.el6.x86_64PHP:</TXVersion>
	    <TXUserID/>
	    <TXRegNum/></ManageInfo></INIpay>ACDITKT6JfmTVYFje7HMnE+DOTclwdryw06Bjv7cJc28Oddx+ZiwK0QmtCKFfzaZ
nCAVjDnmR3dF8ERzy1BiHOQkEhwBbc3QQ6F2qpwFgivv3t8DbT+RUPEUu2nEstQr
d1rDjzBhCbKcQGCdIOZ+/TYGAQiVu/h6A2bEYjHgyjsp
]
INFO	[2024-01-07 11:39:01:906] <28631> DNS LOOKUP OK(203.238.37.3:203.238.37.3:34049) laptime:0
INFO	[2024-01-07 11:39:01:908] <28631> SOCKET CONNECT OK
INFO	[2024-01-07 11:39:01:908] <28631> SEND OK
INFO	[2024-01-07 11:39:02:715] <28631> RECV OK
INFO	[2024-01-07 11:39:02:715] <28631> MSG_FROM_PG:[0086100175D SHA1                   0                                      300430fourseason                    INIMX_ISP_fourseason20240107113115285753<?xml version="1.0" encoding="UTF-8"?><INIpay>
<CancelInfo>
<ResultCode>170000</ResultCode>
<ResultMsg urlencode="1">%C1%A4%BB%F3%BF%CF%B7%E1</ResultMsg>
<SessionKey>AFRJ3NgVpih5V0ecxyDBxjD5K6DEKOIl0HbzzXscwIccPbDDfHp/DjwzRKxY2pi3
Pzjt5shbuVDwzo7s+0+wKFXDfFz7n8Aa4cPf8vHZba18pMdi8UxsUTedplFHR+c6
j3/fcSM27cHfpvNUGmvY8cp6lvoutEz/zTzfqouFiRF7MBhvGv0O2XI=
</SessionKey>
<Encrypted>JRAnQXstOp51H+pRggBZZbw35k3bgoNW8p6CvmeVta6PuncY1DjNaAXy6yUE/FF0
7Z3A47ZVLWp+HndydEU+nW/xbZQ78N7S0LEsZVaR5xQeBR5ls0XJ0EFXcDodVEVO
QCb2Fb1KSRrUB88vFIx8WP8Pjvw9w7SJlookR3uOBOG+8HC+vMPs69Qt3ojC0S8L
99DQI9MuLiT2fyJmhfmpToJl0kg3D7IKBq5M2NJmZXdinCRwHLfeSr38WrS0Ohh3
vtpf6pxZa9Kw7wCLz/tRhvfEMEwrg2xVXObXV1BcKdONMMJTfVBLjQ==
</Encrypted>
</CancelInfo>
<ManageInfo/>
<ReservedInfo>
<MReserved1 urlencode="1"/>
<MReserved2 urlencode="1"/>
<MReserved3 urlencode="1"/>
</ReservedInfo>
</INIpay>
uGlKt0Yzzgtt8jLPnBK0b74pzZD4zw2/BYzB1OI2d72F8Q2EvvqNHyUp4t4VbXyX
JPFiz6udy2pXwKi12WpUqXbntmDNFUxZ60lp0QDhXrNas/WEIkpnUpMGIk688MTc
7i2OnZvd85Q1aA3YpXjLACkqI22PfOsHXZIUAVs8kmo=
]
INFO	[2024-01-07 11:39:02:715] <28631> VERIFY OK
INFO	[2024-01-07 11:39:02:715] <28631> PARSE HEAD OK
INFO	[2024-01-07 11:39:02:715] <28631> PARSE BODY OK
INFO	[2024-01-07 11:39:02:716] <28631> DECRYPT OK
DEBUG	[2024-01-07 11:39:02:716] <28631> DECRYPT MSG:[<?xml version="1.0" encoding="UTF-8"?><CancelInfo>
<CancelDate>20240107</CancelDate>
<CancelTime>113903</CancelTime>
<ResultCode>170000</ResultCode>
<ResultMsg urlencode="1">%C1%A4%BB%F3%BF%CF%B7%E1</ResultMsg>
</CancelInfo>]
INFO	[2024-01-07 11:39:02:716] <28631> DECRYPT PARSE OK
INFO	[2024-01-07 11:39:02:716] <28631> END cancel 정상완료 Laptime:[0.813sec]
INFO	[2024-01-07 11:39:02:716] <28631> ===============================================================
INFO	[2024-01-07 11:52:36:978] <28622> START INIPHP cancel (V5036-141209)(OS:Linux2.6.32-754.11.1.el6.x86_64,PHP:5.3.3)
DEBUG	[2024-01-07 11:52:36:978] <28622> inipayhome:/home1/killdeal/public_html/shop/inicis
DEBUG	[2024-01-07 11:52:36:978] <28622> debug:false
DEBUG	[2024-01-07 11:52:36:978] <28622> type:cancel
DEBUG	[2024-01-07 11:52:36:978] <28622> mid:fourseason
DEBUG	[2024-01-07 11:52:36:978] <28622> admin:1111
DEBUG	[2024-01-07 11:52:36:978] <28622> tid:INIMX_ISP_fourseason20240107114248125391
DEBUG	[2024-01-07 11:52:36:978] <28622> cancelmsg:주문자 본인 취소-상품옵션 선택 잘못함
INFO	[2024-01-07 11:52:36:978] <28622> Check Field OK
INFO	[2024-01-07 11:52:36:978] <28622> PI PUB KEY LOAD OK []
INFO	[2024-01-07 11:52:36:978] <28622> PG PUB KEY LOAD OK [30]
INFO	[2024-01-07 11:52:36:978] <28622> MERCHANT PRIV KEY LOAD OK
INFO	[2024-01-07 11:52:36:978] <28622> MERCHANT PUB KEY LOAD OK [0]
DEBUG	[2024-01-07 11:52:36:979] <28622> MAKE ENCRYPT OK[<?xml version="1.0" encoding="UTF-8"?>
<CancelInfo>
	  <CancelTID>INIMX_ISP_fourseason20240107114248125391</CancelTID>
	  <CancelMsg urlencode="1">%C1%D6%B9%AE%C0%DA+%BA%BB%C0%CE+%C3%EB%BC%D2-%BB%F3%C7%B0%BF%C9%BC%C7+%BC%B1%C5%C3+%C0%DF%B8%F8%C7%D4</CancelMsg>
	  <CancelReason/></CancelInfo>]
INFO	[2024-01-07 11:52:36:979] <28622> MAKE BODY OK
INFO	[2024-01-07 11:52:36:979] <28622> SIGN OK
INFO	[2024-01-07 11:52:36:979] <28622> MAKE HEAD OK
INFO	[2024-01-07 11:52:36:979] <28622> MSG_TO_PG:[0101500175D SHA1                   0                                      300420fourseason                    INIMX_ISP_fourseason20240107114248125391<?xml version="1.0" encoding="UTF-8"?>
<INIpay>
	  <CancelInfo>
	    <SessionKey>E9qM6fE/2iWYsDk5oKfNMdRxvws9CuEyReqkxayRqTFEdXoUFUTP9/EN7pZe/QxT
Hd+8fuI0p3pzDQQTkZGQo2G5cFeZsdS0KdQGVf/DZ1NTmGzI/RwQxj0f61BKPT4f
YKxIRUGQU1iuH/Tx+ETmjewXEtZSMtrvutCbsR2YIHPGpVRXHyW8Tg==
</SessionKey>
	    <Encrypted>8j46vhox6/4j2kBNfftCwo61pcfoLIzC9muP9pbvJWyyzBoWJwfoBvWtCI3pZulm
WNxNAQlCMoMbeHfFl6UNnUrDQ5yN5wqfZxmeLobhtPPsclhXYS0M5IEuug2dQo4n
ibLzQbHcA8T42kW1UmNTMBQni6mDZ/NTuVTqT8ofgJrdRbGlGDfxp49OBVNYU4V/
Pgel9Pru59y6gIaXaiBZkAk/KBtLHLyxQ8ZCV4/US1B6gOpkHP/QMIN8y/CebXyC
nYWjtQ8k1xTa4aEXUs44gDjm4iRfG21vN6fZg5IbJV2XVzW6lvNy56Uzh8HaXLyh
5iZ/7HSL1A1FS7zcQK12CyaiIO6/CM+qvODdzgaCSh8NUXgrFAP5q/acxXmbVSup
JNuKD+TKJHo=
</Encrypted></CancelInfo>
	  <ReservedInfo>
	    <MReserved1/>
	    <MReserved2/>
	    <MReserved3/></ReservedInfo>
	  <ManageInfo>
	    <Language/>
	    <URL/>
	    <TXVersion>5036B141209canceLinux     PHPchkfake   2.6.32-754.11.1.el6.x86_64PHP:</TXVersion>
	    <TXUserID/>
	    <TXRegNum/></ManageInfo></INIpay>AAc2ws3YvoBU7WY4Y8EawSelpEmeOQPHJP4D1CaMGUBzyyieNsUPCvlqPPYeY3P3
8CANYKgm3zJrocrosXrx7x2qbGHg+BvbGqTKm60iVFVoRAtItykK6pMmxpShNyk7
+XMJ6MUAF6i79dbPxoicLLGRqVaUrSuz33eyHpbytLBd
]
INFO	[2024-01-07 11:52:36:979] <28622> DNS LOOKUP OK(203.238.37.3:203.238.37.3:34049) laptime:0
INFO	[2024-01-07 11:52:36:981] <28622> SOCKET CONNECT OK
INFO	[2024-01-07 11:52:36:981] <28622> SEND OK
INFO	[2024-01-07 11:52:37:206] <28622> RECV OK
INFO	[2024-01-07 11:52:37:206] <28622> MSG_FROM_PG:[0086100175D SHA1                   0                                      300430fourseason                    INIMX_ISP_fourseason20240107114248125391<?xml version="1.0" encoding="UTF-8"?><INIpay>
<CancelInfo>
<ResultCode>170000</ResultCode>
<ResultMsg urlencode="1">%C1%A4%BB%F3%BF%CF%B7%E1</ResultMsg>
<SessionKey>AATnBlJu7dMc/CIuwfqekB7GTC0OkJqbIDZupVi9R3TKVJUpapCSRC3MlObcpIU+
GpBgrH+r8X1kv15AZ2eGa3vTIJpLFRszD5fQCCwogPyGMf7HT54IxDH0g5SgBKus
j5kxzcqmsTDzQ8UvOWIVdJH1IMKYTGQ3vuwTT5gF88sdxiPa3rSW6ZE=
</SessionKey>
<Encrypted>eC9QV8C0De8bgjSKA9NzPJkGATMRDvP3/PGjjwmh27i0YpHLphkHE6u0qX2+I8fJ
8rMuRHYaSWsRrb+Yjy/OAHKMAyNnCRrBVJWe5fX3m7wb69u8CD/KxJD8+mUK0Wk7
VqCvkUcZiJCF049q7WPa9RtHdZXyH3zgTIaUOTInQbf8aBpNqjoupQqXVko+L2Wm
tc9LbK5slbH6iaw9waRh6zW5KL70HWNeyrbYG3QDWlgNfzlA/N7sDNgDOpbOq11i
+UwAp/CyoS/mJL5uGY8UegKlXHs0Jm3Ey7I1FIKKoQ3nMsU+0cRQ4A==
</Encrypted>
</CancelInfo>
<ManageInfo/>
<ReservedInfo>
<MReserved1 urlencode="1"/>
<MReserved2 urlencode="1"/>
<MReserved3 urlencode="1"/>
</ReservedInfo>
</INIpay>
f+5oBRe3HB4WAM8GMgM9QNaYM+tBx1/6oYCUPFDgsUX7mPe6VfH3joBUzfPZT7E+
cUNNk7VzEjbZgDzh6nN1FZKQ5DITbXot0n/7P/Xrl3PW7glMF2OxdSRjHTSXxlCN
Wr2sKO/sJmjL5L+F7u25fCvxpJXRCqdbCCdYd395GHA=
]
INFO	[2024-01-07 11:52:37:206] <28622> VERIFY OK
INFO	[2024-01-07 11:52:37:206] <28622> PARSE HEAD OK
INFO	[2024-01-07 11:52:37:206] <28622> PARSE BODY OK
INFO	[2024-01-07 11:52:37:207] <28622> DECRYPT OK
DEBUG	[2024-01-07 11:52:37:207] <28622> DECRYPT MSG:[<?xml version="1.0" encoding="UTF-8"?><CancelInfo>
<CancelDate>20240107</CancelDate>
<CancelTime>115237</CancelTime>
<ResultCode>170000</ResultCode>
<ResultMsg urlencode="1">%C1%A4%BB%F3%BF%CF%B7%E1</ResultMsg>
</CancelInfo>]
INFO	[2024-01-07 11:52:37:207] <28622> DECRYPT PARSE OK
INFO	[2024-01-07 11:52:37:207] <28622> END cancel 정상완료 Laptime:[0.23sec]
INFO	[2024-01-07 11:52:37:207] <28622> ===============================================================
INFO	[2024-01-07 12:05:34:67] <28632> START INIPHP cancel (V5036-141209)(OS:Linux2.6.32-754.11.1.el6.x86_64,PHP:5.3.3)
DEBUG	[2024-01-07 12:05:34:68] <28632> inipayhome:/home1/killdeal/public_html/shop/inicis
DEBUG	[2024-01-07 12:05:34:68] <28632> debug:false
DEBUG	[2024-01-07 12:05:34:68] <28632> type:cancel
DEBUG	[2024-01-07 12:05:34:68] <28632> mid:fourseason
DEBUG	[2024-01-07 12:05:34:68] <28632> admin:1111
DEBUG	[2024-01-07 12:05:34:68] <28632> tid:INIMX_ISP_fourseason20240107115206945194
DEBUG	[2024-01-07 12:05:34:68] <28632> cancelmsg:주문자 본인 취소-상품옵션 선택 잘못함
INFO	[2024-01-07 12:05:34:68] <28632> Check Field OK
INFO	[2024-01-07 12:05:34:68] <28632> PI PUB KEY LOAD OK []
INFO	[2024-01-07 12:05:34:68] <28632> PG PUB KEY LOAD OK [30]
INFO	[2024-01-07 12:05:34:68] <28632> MERCHANT PRIV KEY LOAD OK
INFO	[2024-01-07 12:05:34:68] <28632> MERCHANT PUB KEY LOAD OK [0]
DEBUG	[2024-01-07 12:05:34:69] <28632> MAKE ENCRYPT OK[<?xml version="1.0" encoding="UTF-8"?>
<CancelInfo>
	  <CancelTID>INIMX_ISP_fourseason20240107115206945194</CancelTID>
	  <CancelMsg urlencode="1">%C1%D6%B9%AE%C0%DA+%BA%BB%C0%CE+%C3%EB%BC%D2-%BB%F3%C7%B0%BF%C9%BC%C7+%BC%B1%C5%C3+%C0%DF%B8%F8%C7%D4</CancelMsg>
	  <CancelReason/></CancelInfo>]
INFO	[2024-01-07 12:05:34:69] <28632> MAKE BODY OK
INFO	[2024-01-07 12:05:34:70] <28632> SIGN OK
INFO	[2024-01-07 12:05:34:70] <28632> MAKE HEAD OK
INFO	[2024-01-07 12:05:34:70] <28632> MSG_TO_PG:[0101500175D SHA1                   0                                      300420fourseason                    INIMX_ISP_fourseason20240107115206945194<?xml version="1.0" encoding="UTF-8"?>
<INIpay>
	  <CancelInfo>
	    <SessionKey>0CwL9CRQTY7n9CpTexQUp+DyRg9/nB+bxseo5C3XjnEH5hB9cFCvCkT5AEn9zUn5
ytj5+XSt+W42cgZ7Ylwdqf2zhBco37GzTkokUcgWgQ/P0883vQlFCsYm/LzzZCv6
PbwjIdDTojz+LIKOI8ht1BsY0UBoBnJZeeVidJ9LiETkbAcaJ+FICA==
</SessionKey>
	    <Encrypted>ArnzVGxMqTi3aJJ8Iyo6Ou2LklO7KTz6p26eVVojEkswDgz36ayYhmU5cDoECN8D
jYDCg8ERl7nIiGL0ORhhd9uZQlSuQ323BrFr3MPuYC4NOP8cx3PZjTVKsHmnTD2m
eqirJX+IvnsHVUpAsMJqhdobcWGAmn+4xQWP1XpVCkdYmyDWalxbCsAQy7ro3aKF
zKfc3Cs/EgsaS1JJ/9ivBuTxAArZI1uwfwNd1RIzO9Y+dh1onpPzCRuiEJ8RrnjG
JgAjsXHdSFJGSW4HgOyzntyAHXeUTrV9pdW6lSTq4yAEQxKQErUGHe5X+Y0qW+Br
5chRzd83SEbwYbN734lK30QT/Xv0nR0f8SAjcBXUbQtoPYpgQdKFRf1POWoFtbiG
9v4k9o9G050=
</Encrypted></CancelInfo>
	  <ReservedInfo>
	    <MReserved1/>
	    <MReserved2/>
	    <MReserved3/></ReservedInfo>
	  <ManageInfo>
	    <Language/>
	    <URL/>
	    <TXVersion>5036B141209canceLinux     PHPchkfake   2.6.32-754.11.1.el6.x86_64PHP:</TXVersion>
	    <TXUserID/>
	    <TXRegNum/></ManageInfo></INIpay>AI0Gp3aGEkU7kd49OHC5b7rF74RFi9Ud4PqCgMJYsw6sVxbyPcRVjqjHAbPV/HSP
d3nrbzCI1zqR4Iz4/MD4h9iInByFKrbribQYqlEsn+l6ECkWRkMxiZeMXT+6XbmK
0AcFk5PTwnPGe+Wgd9bcAuNx2jE+2Xl3m+78jgKAyecG
]
INFO	[2024-01-07 12:05:34:70] <28632> DNS LOOKUP OK(203.238.37.3:203.238.37.3:34049) laptime:0
INFO	[2024-01-07 12:05:34:71] <28632> SOCKET CONNECT OK
INFO	[2024-01-07 12:05:34:72] <28632> SEND OK
INFO	[2024-01-07 12:05:34:311] <28632> RECV OK
INFO	[2024-01-07 12:05:34:311] <28632> MSG_FROM_PG:[0086100175D SHA1                   0                                      300430fourseason                    INIMX_ISP_fourseason20240107115206945194<?xml version="1.0" encoding="UTF-8"?><INIpay>
<CancelInfo>
<ResultCode>170000</ResultCode>
<ResultMsg urlencode="1">%C1%A4%BB%F3%BF%CF%B7%E1</ResultMsg>
<SessionKey>AKfJ6Jgm5rWQVDyt5THZEqFZ/9/9QAXmTa/Yub0CFIdigCposMJu1FXoFcMU5em1
lR99gHrNlmAKWFb+fySGxMjzavvwkinzufdgXU3fF9xPzyFJo47QQ+cZgB0o9d7U
StQo4vv3hNXV4iYcPOwZwWztVslF6jdJMpjNkaU7EGW9KJJZ41VaUkk=
</SessionKey>
<Encrypted>MeJQb6sHuuTn4L7wSygX+KL2Gw7UOO8QvHwYi/ZfewsrBj0BsFGOX4WMCEdz8gIr
X7w5doYdDejdixciwSVoJdLJA/SN4v+V1/0+XWqf/mklapxWggnDC+HSxsCnSU4F
gyAXSEaAOp+ES94MC2jf+1TgCAtqEOvc0TqXay0hYPCQzZwg44DH0vUtJeX+YN7l
AJDe++B2npGneQcsaFqGeFEVjPEY3pNx1rP6iFs36emQRPYQFpWrGlgQpDPkZKJg
v7SPRkfT9XKN7wy06kzwqQI3Wak9K4yPuxyef/jchhk9s1Kam0BFIA==
</Encrypted>
</CancelInfo>
<ManageInfo/>
<ReservedInfo>
<MReserved1 urlencode="1"/>
<MReserved2 urlencode="1"/>
<MReserved3 urlencode="1"/>
</ReservedInfo>
</INIpay>
uOLejbJSjeaUT9KNFEdL/kxHj4UhY62Ql74MatJH6HHnH1L8JRRFjELrWXv1F/GM
c8AL4dWIzC4bd77fAMKYUuvTG390BjVb0shQLX52413ckEc4g+XWzohhrVzI701q
WvtdGdSb2HHGmShwR0ZmlgZm8+kGsihYZRiMGZy0yAQ=
]
INFO	[2024-01-07 12:05:34:312] <28632> VERIFY OK
INFO	[2024-01-07 12:05:34:312] <28632> PARSE HEAD OK
INFO	[2024-01-07 12:05:34:312] <28632> PARSE BODY OK
INFO	[2024-01-07 12:05:34:313] <28632> DECRYPT OK
DEBUG	[2024-01-07 12:05:34:313] <28632> DECRYPT MSG:[<?xml version="1.0" encoding="UTF-8"?><CancelInfo>
<CancelDate>20240107</CancelDate>
<CancelTime>120534</CancelTime>
<ResultCode>170000</ResultCode>
<ResultMsg urlencode="1">%C1%A4%BB%F3%BF%CF%B7%E1</ResultMsg>
</CancelInfo>]
INFO	[2024-01-07 12:05:34:313] <28632> DECRYPT PARSE OK
INFO	[2024-01-07 12:05:34:313] <28632> END cancel 정상완료 Laptime:[0.245sec]
INFO	[2024-01-07 12:05:34:313] <28632> ===============================================================
