INFO	[2021-11-23 14:38:17:607] <25447> START INIPHP cancel (V5036-141209)(OS:Linux2.6.32-754.11.1.el6.x86_64,PHP:5.3.3)
DEBUG	[2021-11-23 14:38:17:607] <25447> inipayhome:/home1/killdeal/public_html/shop/inicis
DEBUG	[2021-11-23 14:38:17:607] <25447> debug:false
DEBUG	[2021-11-23 14:38:17:607] <25447> type:cancel
DEBUG	[2021-11-23 14:38:17:607] <25447> mid:fourseason
DEBUG	[2021-11-23 14:38:17:607] <25447> admin:1111
DEBUG	[2021-11-23 14:38:17:607] <25447> tid:INIMX_ISP_fourseason20211115191526175325
DEBUG	[2021-11-23 14:38:17:607] <25447> cancelmsg:쇼핑몰 운영자 승인 취소
INFO	[2021-11-23 14:38:17:607] <25447> Check Field OK
INFO	[2021-11-23 14:38:17:607] <25447> PI PUB KEY LOAD OK []
INFO	[2021-11-23 14:38:17:607] <25447> PG PUB KEY LOAD OK [30]
INFO	[2021-11-23 14:38:17:607] <25447> MERCHANT PRIV KEY LOAD OK
INFO	[2021-11-23 14:38:17:607] <25447> MERCHANT PUB KEY LOAD OK [0]
DEBUG	[2021-11-23 14:38:17:608] <25447> MAKE ENCRYPT OK[<?xml version="1.0" encoding="UTF-8"?>
<CancelInfo>
	  <CancelTID>INIMX_ISP_fourseason20211115191526175325</CancelTID>
	  <CancelMsg urlencode="1">%BC%EE%C7%CE%B8%F4+%BF%EE%BF%B5%C0%DA+%BD%C2%C0%CE+%C3%EB%BC%D2</CancelMsg>
	  <CancelReason/></CancelInfo>]
INFO	[2021-11-23 14:38:17:608] <25447> MAKE BODY OK
INFO	[2021-11-23 14:38:17:609] <25447> SIGN OK
INFO	[2021-11-23 14:38:17:609] <25447> MAKE HEAD OK
INFO	[2021-11-23 14:38:17:609] <25447> MSG_TO_PG:[0096200175D SHA1                   0                                      300420fourseason                    INIMX_ISP_fourseason20211115191526175325<?xml version="1.0" encoding="UTF-8"?>
<INIpay>
	  <CancelInfo>
	    <SessionKey>WGNYWjPev969khimZtUTrOXiGbqXqj+rP84ArutJnxE7ZqVkljBDvxpn+r0+dSxR
71yNfQpMRe6czG3IkBBQXhKFaRdX26WhiiQesNnAdQq/divRXtNS5dWl4XyxFTNS
q+QZfhL4FxhKbv04rakCYteVodnIYUKZacPFWeGOC1rkakjSUXAlHw==
</SessionKey>
	    <Encrypted>6lqPg1MXCNofkn8UJRs8SF1hbKYmA/AB9rYtFaYOtmA6ZaWwyvbDtZ2l4vvfI2Rh
zMbKQIaGONiC7T7hYzfNaGW5/1ujZm8AfsNc7BSllHs2rD7lOHY2757JAwKhOg0s
B1UmDwl3U1/vc8O/RAK0wu/sRqkFIAc0KCtphKpNqpM9VO5rZWR1i3r4KKl8S+1M
RRAzC231xdEn4P+9w1watp4eKbwUkGZ6WEOzuAwk59Y0Y8gMntbdFkAhydgZKDbt
a7P6SADdyBMbm5Luhsfu2wUvd+e4lgS27H6jJjFnqMCtAmq2+PGq9jyUSl/LxG8C
gHIoc7HF9K746elOSLq96g==
</Encrypted></CancelInfo>
	  <ReservedInfo>
	    <MReserved1/>
	    <MReserved2/>
	    <MReserved3/></ReservedInfo>
	  <ManageInfo>
	    <Language/>
	    <URL/>
	    <TXVersion>5036B141209canceLinux     PHPchkfake   2.6.32-754.11.1.el6.x86_64PHP:</TXVersion>
	    <TXUserID/>
	    <TXRegNum/></ManageInfo></INIpay>AAMS2VVc61stXvxKSrWcxOZvdtNbpeussA1QdReJMHbi81MCvlK9ICjbGw22TeZq
+ulenVGTc4wf2BFDDPcL8OeeV8BLN78Qe4MsjbHbUu3P641/e89Fg5XMdnZsoXYw
MZ+z3m63LlAVFnQyey1EoHsZ37ii8ce3XRXickqK23Wg
]
INFO	[2021-11-23 14:38:17:609] <25447> DNS LOOKUP OK(203.238.37.3:203.238.37.3:34049) laptime:0
INFO	[2021-11-23 14:38:17:611] <25447> SOCKET CONNECT OK
INFO	[2021-11-23 14:38:17:612] <25447> SEND OK
INFO	[2021-11-23 14:38:18:475] <25447> RECV OK
INFO	[2021-11-23 14:38:18:475] <25447> MSG_FROM_PG:[0086100175D SHA1                   0                                      300430fourseason                    INIMX_ISP_fourseason20211115191526175325<?xml version="1.0" encoding="UTF-8"?><INIpay>
<CancelInfo>
<ResultCode>170000</ResultCode>
<ResultMsg urlencode="1">%C1%A4%BB%F3%BF%CF%B7%E1</ResultMsg>
<SessionKey>AJOv6cqp57vRvCFlPNEghhM0h3UAJ9zx1EJC9fBJqXoCB2ZPm0SEWPiytm1FXeGH
OnumbkkE2m9wf6Kum6VBtAi+uAy3cDMbANs0SPhoL3sNuP7jRll+Q+uZK7VWW0aF
mlLI0uuWsjthOF/q2Ox7CRXd33EPXL3iZeq1Fnopjo5FEMfKF2nvffk=
</SessionKey>
<Encrypted>uAVAyjg/S6bS2fuSOoIKUAgeTqDdyfeHUWnnMGovLKt36Kk25jqIOvfgz6y3hXE9
i1QcefyC6ii0hOUCeKXQBlRzbfdqaDGTRU75jwV9DU8aCk6+jpN3rSVG09BPcR63
gtBLJ+cY4IUTfbdSSG6WCEE4aElj8vEYSPKH3E9+iBo5jjcVwgpQYMfhrfUHD66O
pp1bVGYidYwZbvacG5/m3xWXkBNyI2Wy0TIzBj1IGxzqsPhec4Vigwtdun2mdrD9
ZGgt7o51q2OrfiWZQvPnvejiHFayQ8ylVo3ieQUARu3txDpe/zhC/w==
</Encrypted>
</CancelInfo>
<ManageInfo/>
<ReservedInfo>
<MReserved1 urlencode="1"/>
<MReserved2 urlencode="1"/>
<MReserved3 urlencode="1"/>
</ReservedInfo>
</INIpay>
S/ryf0H64v6v2DamTqr/vSOhw0uDPVo73hs9l++j/NGhoxjRcPkTWxmEhh6Pc1hf
qei1M9fj+bhvcnRs9kNpH7kG4l34UEYOJTFUijRjvw1l3liuajSQNJpUPwSOWVmT
qJPQAckzxmXzzDxIXRWtOfXkH6HBSN/yhwcv2aUiWrs=
]
INFO	[2021-11-23 14:38:18:475] <25447> VERIFY OK
INFO	[2021-11-23 14:38:18:475] <25447> PARSE HEAD OK
INFO	[2021-11-23 14:38:18:475] <25447> PARSE BODY OK
INFO	[2021-11-23 14:38:18:476] <25447> DECRYPT OK
DEBUG	[2021-11-23 14:38:18:476] <25447> DECRYPT MSG:[<?xml version="1.0" encoding="UTF-8"?><CancelInfo>
<CancelDate>20211123</CancelDate>
<CancelTime>143819</CancelTime>
<ResultCode>170000</ResultCode>
<ResultMsg urlencode="1">%C1%A4%BB%F3%BF%CF%B7%E1</ResultMsg>
</CancelInfo>]
INFO	[2021-11-23 14:38:18:476] <25447> DECRYPT PARSE OK
INFO	[2021-11-23 14:38:18:476] <25447> END cancel 정상완료 Laptime:[0.869sec]
INFO	[2021-11-23 14:38:18:476] <25447> ===============================================================
INFO	[2021-11-23 17:00:42:955] <8729> START INIPHP cancel (V5036-141209)(OS:Linux2.6.32-754.11.1.el6.x86_64,PHP:5.3.3)
DEBUG	[2021-11-23 17:00:42:955] <8729> inipayhome:/home1/killdeal/public_html/shop/inicis
DEBUG	[2021-11-23 17:00:42:955] <8729> debug:false
DEBUG	[2021-11-23 17:00:42:955] <8729> type:cancel
DEBUG	[2021-11-23 17:00:42:955] <8729> mid:fourseason
DEBUG	[2021-11-23 17:00:42:955] <8729> admin:1111
DEBUG	[2021-11-23 17:00:42:955] <8729> tid:INIMX_CARDfourseason20211108063154195707
DEBUG	[2021-11-23 17:00:42:955] <8729> cancelmsg:쇼핑몰 운영자 승인 취소
INFO	[2021-11-23 17:00:42:955] <8729> Check Field OK
INFO	[2021-11-23 17:00:42:955] <8729> PI PUB KEY LOAD OK []
INFO	[2021-11-23 17:00:42:955] <8729> PG PUB KEY LOAD OK [30]
INFO	[2021-11-23 17:00:42:955] <8729> MERCHANT PRIV KEY LOAD OK
INFO	[2021-11-23 17:00:42:955] <8729> MERCHANT PUB KEY LOAD OK [0]
DEBUG	[2021-11-23 17:00:42:956] <8729> MAKE ENCRYPT OK[<?xml version="1.0" encoding="UTF-8"?>
<CancelInfo>
	  <CancelTID>INIMX_CARDfourseason20211108063154195707</CancelTID>
	  <CancelMsg urlencode="1">%BC%EE%C7%CE%B8%F4+%BF%EE%BF%B5%C0%DA+%BD%C2%C0%CE+%C3%EB%BC%D2</CancelMsg>
	  <CancelReason/></CancelInfo>]
INFO	[2021-11-23 17:00:42:956] <8729> MAKE BODY OK
INFO	[2021-11-23 17:00:42:956] <8729> SIGN OK
INFO	[2021-11-23 17:00:42:957] <8729> MAKE HEAD OK
INFO	[2021-11-23 17:00:42:957] <8729> MSG_TO_PG:[0096200175D SHA1                   0                                      300420fourseason                    INIMX_CARDfourseason20211108063154195707<?xml version="1.0" encoding="UTF-8"?>
<INIpay>
	  <CancelInfo>
	    <SessionKey>c3fWw3C0Y9nBkl3aCnfiQbf452zwkYBokdk1dyLLAXozeqpq/gZB7DCogF4twjn9
gyNoHDk+QREdDBhvD6Ixn3mfTTQxxxwQvVIn53TlGwTy0BXpupXXgwwDgdKrpleH
T7jsiSMSAmIuvcG+xKO5coDq4ZzDgHR1BpoNyE1HcWQG3fYaWpY92A==
</SessionKey>
	    <Encrypted>wki8Qt1F01t3rOp5/ZsJpKxUnwjGf0y3Nl3XRPT/FLvC6HVV9oRArkEYYpzW0Kcb
laJFZ9cgNSTBDlXunFwTyyKWqMX1bJAQcC/4IptsfEANos/0mwpkLB0aLDvBN52g
pYEX1ldFvbCIHNbNXUxH5/46U3mUM9rIr40X9FEQIup8lxQxnztQSPABgimxkeqV
S0628eOrYtOnFp7gI+W//GWThgz8QUZ2sTZVYAXERJ0qtsdGgPPB3lVtOShQckVs
bosxxe6PZZW6WTEjb0qYZU6zoVWtGbR6l5roqbjek8J++uZn2Q0bUFk+Xi7opygv
AvQrKvFNOKXIePaApw6EcA==
</Encrypted></CancelInfo>
	  <ReservedInfo>
	    <MReserved1/>
	    <MReserved2/>
	    <MReserved3/></ReservedInfo>
	  <ManageInfo>
	    <Language/>
	    <URL/>
	    <TXVersion>5036B141209canceLinux     PHPchkfake   2.6.32-754.11.1.el6.x86_64PHP:</TXVersion>
	    <TXUserID/>
	    <TXRegNum/></ManageInfo></INIpay>AApXc6RXRhNoyS4tfBYyhALcRnxrdpPH8h29RlrJaW36FfOma+Mes3FKB036fKSv
cVir4if8yIKNRZuv8u0+gDVjU/m+eDdegIJSO/6C2tClFgVayoKd+D46yTo0YApL
9g0DuOQx/tig/JZpxqcp4RiLZhVGEcMv1WgpjmQrnfZS
]
INFO	[2021-11-23 17:00:42:957] <8729> DNS LOOKUP OK(203.238.37.3:203.238.37.3:34049) laptime:0
INFO	[2021-11-23 17:00:42:960] <8729> SOCKET CONNECT OK
INFO	[2021-11-23 17:00:42:960] <8729> SEND OK
INFO	[2021-11-23 17:00:43:456] <8729> RECV OK
INFO	[2021-11-23 17:00:43:456] <8729> MSG_FROM_PG:[0093300175D SHA1                   0                                      300430fourseason                    INIMX_CARDfourseason20211108063154195707<?xml version="1.0" encoding="UTF-8"?><INIpay>
<CancelInfo>
<ResultCode>120000</ResultCode>
<ResultMsg urlencode="1">%C1%A4%BB%F3%C3%B3%B8%AE%B5%C7%BE%FA%BD%C0%B4%CF%B4%D9.</ResultMsg>
<SessionKey>AL7bHM54AdyFbrii09kY5KECN3OX8cNatLmCmqUKoRmp+EDGd0YgOJo5NQ9GEtb5
liXQGwwrefTR2sDqeI9sAySCLEw96TJH1q7Lh48NA06/tHRHXsZFHEVVYTKRIAIp
96lZwb4Y8L4swGZZ7muyUQ/hBbA2kcT82QHc3T2LaIx8LePUYty8U0k=
</SessionKey>
<Encrypted>X+lRbbDuZMKCWf2MVqifFPeMaEdRtsTzLmqSvmgyvLy9a/TFgxeY/w2OVN6vrtRC
hA0LpbR0RutuiYAb3n6oHZqda0mTsxcNKq43y/5+g3BnV0zEhc0O+Kcp9csPAf6R
lp6hJVEvxZf4n+2LZcfrexRwIpFQ3t0cOXqlIjB9lA1x8RUSb4+NkedAQhvghvop
+jMeIpDhC5YWM/aDaK+AydTCypiyI8x1nlWlRY9znsvq/WNUSGWr7tR2J1SGEHgs
cn4ZgWzyoQCL2m6lUdaN3ain0H8PnYKFwhCuEWrekzIVd9tYpqNNMxNdSlzWjpYp
kPwFasRow3R1kRdwURPnB9hywcMFvT2A
</Encrypted>
</CancelInfo>
<ManageInfo/>
<ReservedInfo>
<MReserved1 urlencode="1"/>
<MReserved2 urlencode="1"/>
<MReserved3 urlencode="1"/>
</ReservedInfo>
</INIpay>
uHKVNpZ+ti6s9bDlcGJw3/yyH9ifZg9wqUQwBVU9LD2EK0zeQNlKmiiqmjhJxdvY
Xv0PubNfGFyk1InxyqpB1eu+hyfLmELFG7KgKgK3IGUFtfv5OnA2huHAjT12ccA+
nnlyKA9+wZh5Om0V0miBwINs3S/X+j1t3evNMEvi2Ck=
]
INFO	[2021-11-23 17:00:43:456] <8729> VERIFY OK
INFO	[2021-11-23 17:00:43:456] <8729> PARSE HEAD OK
INFO	[2021-11-23 17:00:43:457] <8729> PARSE BODY OK
INFO	[2021-11-23 17:00:43:457] <8729> DECRYPT OK
DEBUG	[2021-11-23 17:00:43:457] <8729> DECRYPT MSG:[<?xml version="1.0" encoding="UTF-8"?><CancelInfo>
<CancelDate>20211123</CancelDate>
<CancelTime>170043</CancelTime>
<ResultCode>120000</ResultCode>
<ResultMsg urlencode="1">%C1%A4%BB%F3%C3%B3%B8%AE%B5%C7%BE%FA%BD%C0%B4%CF%B4%D9.</ResultMsg>
</CancelInfo>]
INFO	[2021-11-23 17:00:43:457] <8729> DECRYPT PARSE OK
INFO	[2021-11-23 17:00:43:457] <8729> END cancel 정상처리되었습니다. Laptime:[0.503sec]
INFO	[2021-11-23 17:00:43:457] <8729> ===============================================================
