INFO	[2023-04-07 13:14:22:719] <5604> START INIPHP cancel (V5036-141209)(OS:Linux2.6.32-754.11.1.el6.x86_64,PHP:5.3.3)
DEBUG	[2023-04-07 13:14:22:719] <5604> inipayhome:/home1/killdeal/public_html/shop/inicis
DEBUG	[2023-04-07 13:14:22:719] <5604> debug:false
DEBUG	[2023-04-07 13:14:22:719] <5604> type:cancel
DEBUG	[2023-04-07 13:14:22:719] <5604> mid:majorgol03
DEBUG	[2023-04-07 13:14:22:719] <5604> admin:1111
DEBUG	[2023-04-07 13:14:22:719] <5604> tid:INIMX_ISP_majorgol0320230316225252305889
DEBUG	[2023-04-07 13:14:22:719] <5604> cancelmsg:¼îÇÎ¸ô ¿î¿µÀÚ ½ÂÀÎ Ãë¼Ò
INFO	[2023-04-07 13:14:22:720] <5604> Check Field OK
INFO	[2023-04-07 13:14:22:720] <5604> PI PUB KEY LOAD OK []
INFO	[2023-04-07 13:14:22:720] <5604> PG PUB KEY LOAD OK [30]
INFO	[2023-04-07 13:14:22:721] <5604> MERCHANT PRIV KEY LOAD OK
INFO	[2023-04-07 13:14:22:721] <5604> MERCHANT PUB KEY LOAD OK [0]
DEBUG	[2023-04-07 13:14:22:722] <5604> MAKE ENCRYPT OK[<?xml version="1.0" encoding="UTF-8"?>
<CancelInfo>
	  <CancelTID>INIMX_ISP_majorgol0320230316225252305889</CancelTID>
	  <CancelMsg urlencode="1">%BC%EE%C7%CE%B8%F4+%BF%EE%BF%B5%C0%DA+%BD%C2%C0%CE+%C3%EB%BC%D2</CancelMsg>
	  <CancelReason/></CancelInfo>]
INFO	[2023-04-07 13:14:22:722] <5604> MAKE BODY OK
INFO	[2023-04-07 13:14:22:723] <5604> SIGN OK
INFO	[2023-04-07 13:14:22:723] <5604> MAKE HEAD OK
INFO	[2023-04-07 13:14:22:723] <5604> MSG_TO_PG:[0096200175D SHA1                   0                                      300420majorgol03                    INIMX_ISP_majorgol0320230316225252305889<?xml version="1.0" encoding="UTF-8"?>
<INIpay>
	  <CancelInfo>
	    <SessionKey>zzWTxjpcoGhRZFvhgg9GyVvRGr1GkNkK7Em/TaD/RbAX1sywjCjWCg0TANjzjNed
Is1o2/I5KHYyUiJ11ozxl1kF+JvMjcJR4vK7j8EveCtKTdUb/fmj3wZAzJTcFxQt
KuNhZO06i90dHHaY5E9Z8SLHnmvikJTFVOUuHV3xuxUqFbh5TCKLCQ==
</SessionKey>
	    <Encrypted>hLORJbMXPspYAgbgLA+VMktxKA400zLm2CDWqOLrC64vDVHazIDCk69xms2iIocB
xONY139xznGMN3mLeNUxOVD3YL6JeuwYIdCV5149dmXCQUctApZBqWMXcQQ3trvV
76bE76jE27a18J8RpjvWkc7lOH3dKJsM1nHmcks/AkGk/i0b1eUbb8+g0EQZu7nh
0/PpkNtGQwZZ1kzNO/AkGbDbmcS+yXHi+xURGraP2p/9QNTTDvFHCkLSXDHH8c6C
HTidV7QSJ7J5qGMQQ5jIY+gBmHO+l7zCRFGoBqWSYS/uxPTcOkdnk1y4EBbZgYlK
H3VIWdC4J0WQ/k6nMDJDCw==
</Encrypted></CancelInfo>
	  <ReservedInfo>
	    <MReserved1/>
	    <MReserved2/>
	    <MReserved3/></ReservedInfo>
	  <ManageInfo>
	    <Language/>
	    <URL/>
	    <TXVersion>5036B141209canceLinux     PHPchkfake   2.6.32-754.11.1.el6.x86_64PHP:</TXVersion>
	    <TXUserID/>
	    <TXRegNum/></ManageInfo></INIpay>AC38KTrdTcUYJNWntxQcoCZfnqtv8AfsHh1btypxCfgwFFvxsqdi/H65kKOiKPe4
PeXYuMCeoHBK4JuFO/9uJQffVzUvJ//xE40wgZkBCWC2g6WdQS8xXipeWZgwE6tJ
+h5Hm6XKKU2/OTyQBfHsc1yHQAdkvgh1tu3kxN96xvcs
]
INFO	[2023-04-07 13:14:22:723] <5604> DNS LOOKUP OK(203.238.37.3:203.238.37.3:34049) laptime:0
INFO	[2023-04-07 13:14:22:725] <5604> SOCKET CONNECT OK
INFO	[2023-04-07 13:14:22:725] <5604> SEND OK
INFO	[2023-04-07 13:14:23:614] <5604> RECV OK
INFO	[2023-04-07 13:14:23:614] <5604> MSG_FROM_PG:[0086100175D SHA1                   0                                      300430majorgol03                    INIMX_ISP_majorgol0320230316225252305889<?xml version="1.0" encoding="UTF-8"?><INIpay>
<CancelInfo>
<ResultCode>170000</ResultCode>
<ResultMsg urlencode="1">%C1%A4%BB%F3%BF%CF%B7%E1</ResultMsg>
<SessionKey>AAD52MMpGJKqEpX9/cjCcvTTA3cO+UO/WFvUf+CR4wX7Lex9ystpo0dQGSTomkJv
Bt9S5KceaDyPJYXgTrNqPCUjceS9rbSd4heeUwkZhbYBfL4FyDC7MbC0kJazy0OP
f+z/LA3NqPmgKz6wQpe4ZCojFpOt6rSwpmLvHjuYcKEsF/w7LxRBBYg=
</SessionKey>
<Encrypted>n8oGfU6BcUj6qQ9wGj6k5Fv9scRqBz6fA1GD3qG+aIrdWA+olX1wdAXzJMMvAPr0
ZVe52o9x6KCI+T7kzS24xiHkvajw4FjJ1fyyPDWj5/RNBkGj06qxJBJgOMSkRluQ
SG6CdQvU5gqWtIGp1R7DZ3MS+ASy7DI50s9VK+EvfF9+z5VnRjRUpMF/jisOKcwS
dkPIJXpxKdTFzSBKKthUwvjIEA3qiJ95jpky/xR3wpPxnVPBaYbvcsl/HXIoc0u7
dj3j/llvX/lcC0O78flB6vHhCAT+8oOJXrWv8UvV5BQ2Busp/Yl6TQ==
</Encrypted>
</CancelInfo>
<ManageInfo/>
<ReservedInfo>
<MReserved1 urlencode="1"/>
<MReserved2 urlencode="1"/>
<MReserved3 urlencode="1"/>
</ReservedInfo>
</INIpay>
PYw1hX/j23t1uLiCUqjk6o0pvluQSp/bvEl3oYqqJF3zC6x3yI2kSxAgR6yW9FcH
Dwkr5GraQs7rbubkEGfKctPqCyLGr/zX5BhFfCa7aq8wb9dcSfbtq38ZGszyGvXE
nnqzdPW/O/a3a7KfP3KHbZTHX3Dz/nySxtm8E5NLFHE=
]
INFO	[2023-04-07 13:14:23:614] <5604> VERIFY OK
INFO	[2023-04-07 13:14:23:614] <5604> PARSE HEAD OK
INFO	[2023-04-07 13:14:23:614] <5604> PARSE BODY OK
INFO	[2023-04-07 13:14:23:615] <5604> DECRYPT OK
DEBUG	[2023-04-07 13:14:23:615] <5604> DECRYPT MSG:[<?xml version="1.0" encoding="UTF-8"?><CancelInfo>
<CancelDate>20230407</CancelDate>
<CancelTime>131423</CancelTime>
<ResultCode>170000</ResultCode>
<ResultMsg urlencode="1">%C1%A4%BB%F3%BF%CF%B7%E1</ResultMsg>
</CancelInfo>]
INFO	[2023-04-07 13:14:23:615] <5604> DECRYPT PARSE OK
INFO	[2023-04-07 13:14:23:615] <5604> END cancel Á¤»ó¿Ï·á Laptime:[0.896sec]
INFO	[2023-04-07 13:14:23:615] <5604> ===============================================================
