INFO	[2022-02-16 10:28:21:947] <17143> START INIPHP repay (V5036-141209)(OS:Linux2.6.32-754.11.1.el6.x86_64,PHP:5.3.3)
DEBUG	[2022-02-16 10:28:21:947] <17143> inipayhome:/home1/killdeal/public_html/shop/inicis
DEBUG	[2022-02-16 10:28:21:947] <17143> debug:false
DEBUG	[2022-02-16 10:28:21:947] <17143> type:repay
DEBUG	[2022-02-16 10:28:21:947] <17143> pgid:INIphpRPAY
DEBUG	[2022-02-16 10:28:21:947] <17143> subpgip:203.238.3.10
DEBUG	[2022-02-16 10:28:21:947] <17143> mid:fourseason
DEBUG	[2022-02-16 10:28:21:947] <17143> admin:1111
DEBUG	[2022-02-16 10:28:21:947] <17143> oldtid:INIMX_ISP_fourseason20220207083201775580
DEBUG	[2022-02-16 10:28:21:947] <17143> currency:WON
DEBUG	[2022-02-16 10:28:21:947] <17143> price:29000
DEBUG	[2022-02-16 10:28:21:947] <17143> confirm_price:40550
DEBUG	[2022-02-16 10:28:21:947] <17143> buyeremail:mirbaking@naver.com
DEBUG	[2022-02-16 10:28:21:947] <17143> tax:2636
DEBUG	[2022-02-16 10:28:21:947] <17143> taxfree:0
INFO	[2022-02-16 10:28:21:947] <17143> Check Field OK
INFO	[2022-02-16 10:28:21:947] <17143> Make TID OK INIphpRPAYfourseason20220216102821479568
INFO	[2022-02-16 10:28:21:947] <17143> PI PUB KEY LOAD OK []
INFO	[2022-02-16 10:28:21:947] <17143> PG PUB KEY LOAD OK [30]
INFO	[2022-02-16 10:28:21:948] <17143> MERCHANT PRIV KEY LOAD OK
INFO	[2022-02-16 10:28:21:948] <17143> MERCHANT PUB KEY LOAD OK [0]
DEBUG	[2022-02-16 10:28:21:948] <17143> MAKE ENCRYPT OK[<?xml version="1.0" encoding="UTF-8"?>
<PartCancelInfo>
	  <PRTC_TID>INIMX_ISP_fourseason20220207083201775580</PRTC_TID>
	  <PRTC_Price>29000</PRTC_Price>
	  <PRTC_Remains>40550</PRTC_Remains>
	  <PRTC_Quota/>
	  <PRTC_Interest/>
	  <PRTC_NoAcctFNBC/>
	  <PRTC_NmAcctFNBC/></PartCancelInfo>]
INFO	[2022-02-16 10:28:21:949] <17143> MAKE BODY OK
INFO	[2022-02-16 10:28:21:949] <17143> SIGN OK
INFO	[2022-02-16 10:28:21:949] <17143> MAKE HEAD OK
INFO	[2022-02-16 10:28:21:949] <17143> MSG_TO_PG:[0111700175D SHA1                   0                                      300620fourseason               29000INIphpRPAYfourseason20220216102821479568<?xml version="1.0" encoding="UTF-8"?>
<INIpay>
	  <PartCancelInfo>
	    <SessionKey>iT5Cm9Rw1Rr47stzfblUe9bjyZ1KTpfIdBiPqY5k6WAPcZTSd34gLiGbOPTnYWhL
RctIxfen/RymxVGPd1jgyOHg1Yj9vw1P27PCWO3ae19/B8KaNLXT9ck968tvK4Xu
CAzGtaFz/EN3fcSjCNs6CCc0IR/0p8tmmpQDIX58ZKSeRvAbny1fyQ==
</SessionKey>
	    <Encrypted>8G2Ccm07jTm/0EBH1VWlVdtJrT7AqYMo/eXwhHqWDieyeK+CDTJqHtU1A1uTqgce
8to3CAahBa8oEQQgI88+3Tn+XcfntmFbTQKyhMzcl7LaFjdXOcSlsoqOzRxmGh2Y
rn50zpLCO1MpbZSPcd0U9OfSeWlhLgYGEopK5axzC+nRwIW2T+Kl19nxdgPLr/9w
ndUV17LkPlmcMpISr2L6LpOw/fL3RH4f5lS3QlIa7sxEiHNQkNP4T+9R8Qqk19Un
zyyBfaWMbSPmvGZDIhvnqhoorK+3bFJqtguQzHd6xNttw6P4FvzXQ58SIJp6Dip9
WTmIAK9Ea+unbSYb8hc7gY3gf/GzKYsooGAkxMqehXhr0SHuNUgZsakuyqlKDaD8
WKavCTNxhwg=
</Encrypted></PartCancelInfo>
	  <GoodsInfo>
	    <Tax>2636</Tax>
	    <TaxFree/>
	    <Currency>WON</Currency></GoodsInfo>
	  <ReservedInfo>
	    <MReserved1/>
	    <MReserved2/>
	    <MReserved3/></ReservedInfo>
	  <ManageInfo>
	    <Language/>
	    <URL/>
	    <TXVersion>5036B141209repayLinux     PHPchkfake   2.6.32-754.11.1.el6.x86_64PHP:</TXVersion>
	    <TXUserID/>
	    <TXRegNum/></ManageInfo></INIpay>AD5/v9rPVAwM2khBU+00hGiluI6IVxy7GDoCFwrFWp5Stcdwj93w3Sb8Y4f2ZlTc
OV1JSRBIHVeaQVTcTkpSdIx+YlN6zHjf3DIgk67J2pUrYtraO1Vmww6hh07v5eO/
81KeYDTTPmZQS+/+0NDgJ2n31tjd5T/5rh3fsBv+cr4B
]
INFO	[2022-02-16 10:28:21:949] <17143> DNS LOOKUP OK(203.238.37.3:203.238.37.3:34049) laptime:0
INFO	[2022-02-16 10:28:21:951] <17143> SOCKET CONNECT OK
INFO	[2022-02-16 10:28:21:951] <17143> SEND OK
INFO	[2022-02-16 10:28:22:211] <17143> RECV OK
INFO	[2022-02-16 10:28:22:211] <17143> MSG_FROM_PG:[0111400175D SHA1                   0                                      300630fourseason               29000INIphpRPAYfourseason20220216102821479568<?xml version="1.0" encoding="UTF-8"?><INIpay>
<PartCancelInfo>
<PayMethod>VCard</PayMethod>
<ResultCode>170000</ResultCode>
<ResultMsg urlencode="1">%C1%A4%BB%F3%BF%CF%B7%E1</ResultMsg>
<SessionKey>AIPq1MiHGN+UbgfNQ+7P2YYfmGXIjBR1SKgKaVdqOvfUfdDVEjkAfPXumjOXSCCC
GfrwIJZGcZ7wxRA3x1uZjfcJmjSpFuHk6KJNTX59Ht4W+4N06SXTUfxiyZRdLdbe
KhoyymkH06PT+FTAU8sO9zrbPu+oNTUc8jfBnor9C67ScBz2afyPKc8=
</SessionKey>
<Encrypted>QudHW4s6sCYre61LWH/XXgbUqhDBP4RYNN80O16fiu08ck0O+Ld6TfXngu6cssfF
y+2zH1+Ci+HJ/XfeKebuQ18Cnpx7KIE7Ll0tX5hRA5xgWuklwaP0yXIQnveKKWV1
DF1T82tEVp4ugFUkEiibr6j+Z/QtTO83Cofe4nIji9/zzP3spKHpvhFMU3+f+Evd
C/mm/ZFUiOCXHuJ9WOmK9MEZGQgdImfhP1basyVu24ILSblC6rGbY3G2XOpwPcDA
fi1P9KodpCimhnIonQ5OXsSfQLjEPyzc19gF6sUOaGQrk21LVHrLWObGMWk2jgCK
SlUWB/5ZyzUIBKs7GHSPs4Jj5fTj2tv1xLwRw4SDaXKWtITLgyVOwCtO/8CNbulA
Gq/8L5VnB66tz92YC2ZjRMSMDVcuuW7LbnXymhG9vsyNDCZePG88Z51+toKkuiGB
TU1XMU5GMMt35fUohIz00xW3N+vMmEpSXuW9tcewXlRYGVHhhxS/4rfHb78vtl6Y
Z0OTxJZATmY=
</Encrypted>
</PartCancelInfo>
<ManageInfo/>
<ReservedInfo>
<MReserved1 urlencode="1"/>
<MReserved2 urlencode="1"/>
<MReserved3 urlencode="1"/>
</ReservedInfo>
</INIpay>
bPAeFHUOqXvZmwIN3ItIgmu1HYWV7CArhg1r0MV6Q/oTIP/XAdLGZARZ9sB+W0W1
xkRqnCdRmyRxu/nEsLXPP2dR6GctFRLCMpOFjAwddD+4utSKRIA6Wur2ywQ78Ecy
8CcfNcVSOhdniVcj24dR8SKJ7lVly/g7vkpzqMEYKzs=
]
INFO	[2022-02-16 10:28:22:211] <17143> VERIFY OK
INFO	[2022-02-16 10:28:22:211] <17143> PARSE HEAD OK
INFO	[2022-02-16 10:28:22:211] <17143> PARSE BODY OK
INFO	[2022-02-16 10:28:22:212] <17143> DECRYPT OK
DEBUG	[2022-02-16 10:28:22:212] <17143> DECRYPT MSG:[<?xml version="1.0" encoding="UTF-8"?><PartCancelInfo>
<PRTC_TID>INIMX_ISP_fourseason20220207083201775580</PRTC_TID>
<PRTC_Price>29000</PRTC_Price>
<PRTC_Remains>40550</PRTC_Remains>
<PRTC_Quota>00</PRTC_Quota>
<PRTC_Type>1</PRTC_Type>
<CancelDate>20220216</CancelDate>
<CancelTime>102822</CancelTime>
<PRTC_Cnt>1</PRTC_Cnt>
<PRTC_SubRemains>40550</PRTC_SubRemains>
</PartCancelInfo>]
INFO	[2022-02-16 10:28:22:212] <17143> DECRYPT PARSE OK
INFO	[2022-02-16 10:28:22:212] <17143> END repay 정상완료 Laptime:[0.266sec]
INFO	[2022-02-16 10:28:22:212] <17143> ===============================================================
