INFO	[2022-10-03 19:19:51:949] <3584> START INIPHP cancel (V5036-141209)(OS:Linux2.6.32-754.11.1.el6.x86_64,PHP:5.3.3)
DEBUG	[2022-10-03 19:19:51:949] <3584> inipayhome:/home1/killdeal/public_html/shop/inicis
DEBUG	[2022-10-03 19:19:51:949] <3584> debug:false
DEBUG	[2022-10-03 19:19:51:949] <3584> type:cancel
DEBUG	[2022-10-03 19:19:51:949] <3584> mid:majorgol03
DEBUG	[2022-10-03 19:19:51:949] <3584> admin:1111
DEBUG	[2022-10-03 19:19:51:949] <3584> tid:INIMX_ISP_majorgol0320221003185716145068
DEBUG	[2022-10-03 19:19:51:949] <3584> cancelmsg:주문자 본인 취소-상품옵션 선택 잘못함
INFO	[2022-10-03 19:19:51:949] <3584> Check Field OK
INFO	[2022-10-03 19:19:51:949] <3584> PI PUB KEY LOAD OK []
INFO	[2022-10-03 19:19:51:950] <3584> PG PUB KEY LOAD OK [30]
INFO	[2022-10-03 19:19:51:950] <3584> MERCHANT PRIV KEY LOAD OK
INFO	[2022-10-03 19:19:51:950] <3584> MERCHANT PUB KEY LOAD OK [0]
DEBUG	[2022-10-03 19:19:51:950] <3584> MAKE ENCRYPT OK[<?xml version="1.0" encoding="UTF-8"?>
<CancelInfo>
	  <CancelTID>INIMX_ISP_majorgol0320221003185716145068</CancelTID>
	  <CancelMsg urlencode="1">%C1%D6%B9%AE%C0%DA+%BA%BB%C0%CE+%C3%EB%BC%D2-%BB%F3%C7%B0%BF%C9%BC%C7+%BC%B1%C5%C3+%C0%DF%B8%F8%C7%D4</CancelMsg>
	  <CancelReason/></CancelInfo>]
INFO	[2022-10-03 19:19:51:951] <3584> MAKE BODY OK
INFO	[2022-10-03 19:19:51:951] <3584> SIGN OK
INFO	[2022-10-03 19:19:51:951] <3584> MAKE HEAD OK
INFO	[2022-10-03 19:19:51:951] <3584> MSG_TO_PG:[0101500175D SHA1                   0                                      300420majorgol03                    INIMX_ISP_majorgol0320221003185716145068<?xml version="1.0" encoding="UTF-8"?>
<INIpay>
	  <CancelInfo>
	    <SessionKey>EupAfzhcTB6JZRIKG0NeysYex3RMzKrTsg82P/R9wODYPNyrO03Jmz3wtpxSwHEK
mdjFwRIuc+Z5O5BDFy717I0xyC2tM/HW+dpBFaE4sw+0ETLJXffniskNtTnPVYzy
ZeKJCsT0TgTpQpTMbtgPMjuVObC2xhg91kaX5ffEns/alRinLTW3mA==
</SessionKey>
	    <Encrypted>MXKp8qNyveDPzRfQYI69I/j4QDsyahFewetemQiqAHkhVx55ZPeUMwBOMM3M547k
ysFiav8j0cMGygOLJQY6QXGGLcjiJ17yybLb2amiXQOHrZYhnUejDbqQJd4e29GT
K5UUc3WXblDaRpqdlbM2lCd3Z3fKPqtd+CYApRCH8hH2wThWoJS4XjqWcc1ZQvZN
hnal6FFW2Y1ONKsxPXSqEhaftNq20+7SOBRVEe+Ce/whXsDzpYn3TVWM3ocNjb5N
RR1KK+Nib71SqYan9BR1iyEdsbGeX4P4jSKfVlGHp2YR3Hhqua6XPtym4wC6C4o1
Ml33FzXJhMWhLlItvZSIye+WFvZtGFY0wx8OV8YOULvHZLMMarSVs/vw1akNPGFY
RsyLyFMhams=
</Encrypted></CancelInfo>
	  <ReservedInfo>
	    <MReserved1/>
	    <MReserved2/>
	    <MReserved3/></ReservedInfo>
	  <ManageInfo>
	    <Language/>
	    <URL/>
	    <TXVersion>5036B141209canceLinux     PHPchkfake   2.6.32-754.11.1.el6.x86_64PHP:</TXVersion>
	    <TXUserID/>
	    <TXRegNum/></ManageInfo></INIpay>AMaANv4YdQML9PnZKEoBzNtKMDVV+a7oEI2cB11Db9VKPmWyaSqjEcTYECKKbQXV
GY9km2ZzHYcgs51t7VgzxMTGzk8A5MGsbeVok/B+Jk3BBDyQFxNhy/4ygH9QEFEK
AyQf8phuENgAidjsze90ysVPigboZp7QAJj9JW+3/viO
]
INFO	[2022-10-03 19:19:51:951] <3584> DNS LOOKUP OK(203.238.37.3:203.238.37.3:34049) laptime:0
INFO	[2022-10-03 19:19:51:953] <3584> SOCKET CONNECT OK
INFO	[2022-10-03 19:19:51:954] <3584> SEND OK
INFO	[2022-10-03 19:19:52:587] <3584> RECV OK
INFO	[2022-10-03 19:19:52:587] <3584> MSG_FROM_PG:[0086100175D SHA1                   0                                      300430majorgol03                    INIMX_ISP_majorgol0320221003185716145068<?xml version="1.0" encoding="UTF-8"?><INIpay>
<CancelInfo>
<ResultCode>170000</ResultCode>
<ResultMsg urlencode="1">%C1%A4%BB%F3%BF%CF%B7%E1</ResultMsg>
<SessionKey>ARbao5OjkV2i7rpLD+nlk1gyboVA0Kml56KuZ56bhZO+nFKuWItaZT2w8gK9VqU7
UzqxUR6vEL2RFUMWVDCF1BXEBgeH7zon2QC1kOuJztnDr3pdt2bnSikYTfJ1AmbS
C0nkmRopV8vWrXU9psyyHewMZqxgnF9mqpPY1tazS2O60T+PE4qY4Ho=
</SessionKey>
<Encrypted>bDS900woPj4x1jsnlKbk2xAnsPoG2JG5/Eyp2UE3RL4Q1QuNWbQWi71bDa13BfTV
ckDZ81wFQTzV2Xuir56MbAquypDD/1LfuM4Da7PTXlt4uyUXaChI7IRnrIG0Lszc
YS502bw/zqJScO7V80PqL6BL68kK1suLPA7yVAEuDMnmg3zXSZhWftsrHSpz39BR
GfH1d8dm3mDj/a+eC5qVn661dHuS3IYSy7zA3RhR4sjaJrPnJGNs479fgStEE06L
HSW0k3CFy8htBnt31CJu5mFgAcAaydrK1MeY1AZl9erEFR/XvKVreg==
</Encrypted>
</CancelInfo>
<ManageInfo/>
<ReservedInfo>
<MReserved1 urlencode="1"/>
<MReserved2 urlencode="1"/>
<MReserved3 urlencode="1"/>
</ReservedInfo>
</INIpay>
Ra5TgXjNsfo4gFkrMiDzTqDY/J9kVZkeAQon5fvpz1haM0THjseXJ7PGFlPw3zVH
IwjNjcsz7aiEqpCm6vMWGDc6e82B4+ihPB4rViCutbqp9UnDl2REyjpvH1zzUiCk
GZegU0vzPmS2ghvtt4VIomKwiHMD76mZkLxm0k9IERo=
]
INFO	[2022-10-03 19:19:52:587] <3584> VERIFY OK
INFO	[2022-10-03 19:19:52:587] <3584> PARSE HEAD OK
INFO	[2022-10-03 19:19:52:588] <3584> PARSE BODY OK
INFO	[2022-10-03 19:19:52:588] <3584> DECRYPT OK
DEBUG	[2022-10-03 19:19:52:588] <3584> DECRYPT MSG:[<?xml version="1.0" encoding="UTF-8"?><CancelInfo>
<CancelDate>20221003</CancelDate>
<CancelTime>191952</CancelTime>
<ResultCode>170000</ResultCode>
<ResultMsg urlencode="1">%C1%A4%BB%F3%BF%CF%B7%E1</ResultMsg>
</CancelInfo>]
INFO	[2022-10-03 19:19:52:589] <3584> DECRYPT PARSE OK
INFO	[2022-10-03 19:19:52:589] <3584> END cancel 정상완료 Laptime:[0.639sec]
INFO	[2022-10-03 19:19:52:589] <3584> ===============================================================
