INFO	[2023-04-26 09:28:19:111] <5950> START INIPHP cancel (V5036-141209)(OS:Linux2.6.32-754.11.1.el6.x86_64,PHP:5.3.3)
DEBUG	[2023-04-26 09:28:19:111] <5950> inipayhome:/home1/killdeal/public_html/shop/inicis
DEBUG	[2023-04-26 09:28:19:111] <5950> debug:false
DEBUG	[2023-04-26 09:28:19:111] <5950> type:cancel
DEBUG	[2023-04-26 09:28:19:111] <5950> mid:majorgol03
DEBUG	[2023-04-26 09:28:19:111] <5950> admin:1111
DEBUG	[2023-04-26 09:28:19:111] <5950> tid:INIMX_CARDmajorgol0320230407160308585661
DEBUG	[2023-04-26 09:28:19:111] <5950> cancelmsg:쇼핑몰 운영자 승인 취소
INFO	[2023-04-26 09:28:19:111] <5950> Check Field OK
INFO	[2023-04-26 09:28:19:111] <5950> PI PUB KEY LOAD OK []
INFO	[2023-04-26 09:28:19:112] <5950> PG PUB KEY LOAD OK [30]
INFO	[2023-04-26 09:28:19:112] <5950> MERCHANT PRIV KEY LOAD OK
INFO	[2023-04-26 09:28:19:112] <5950> MERCHANT PUB KEY LOAD OK [0]
DEBUG	[2023-04-26 09:28:19:113] <5950> MAKE ENCRYPT OK[<?xml version="1.0" encoding="UTF-8"?>
<CancelInfo>
	  <CancelTID>INIMX_CARDmajorgol0320230407160308585661</CancelTID>
	  <CancelMsg urlencode="1">%BC%EE%C7%CE%B8%F4+%BF%EE%BF%B5%C0%DA+%BD%C2%C0%CE+%C3%EB%BC%D2</CancelMsg>
	  <CancelReason/></CancelInfo>]
INFO	[2023-04-26 09:28:19:113] <5950> MAKE BODY OK
INFO	[2023-04-26 09:28:19:113] <5950> SIGN OK
INFO	[2023-04-26 09:28:19:113] <5950> MAKE HEAD OK
INFO	[2023-04-26 09:28:19:113] <5950> MSG_TO_PG:[0096200175D SHA1                   0                                      300420majorgol03                    INIMX_CARDmajorgol0320230407160308585661<?xml version="1.0" encoding="UTF-8"?>
<INIpay>
	  <CancelInfo>
	    <SessionKey>zZ5SwarQEUnG7BxzBgPKH5U0gfVJjTqTod/No61ucflq5evSPY+Gd+gNGO0Is1qI
dn5dnqKezM/104srViObqM8ardr4J5ZaMUvv0kWOPu7E1PnAsz5QJ2k5PTLHrT6J
XVRGdKCLwP7f0X5tDjGp4ZhIWEyhzK6qlP3gCBvrX3kInFwbx/Ypgw==
</SessionKey>
	    <Encrypted>G3EoexT4J6AbAuZq9Jvdl7LQ89GRjjK2r7WGdmHYJQgoC4bLXNZqdOIPhhuiilCG
Pyq9ohZTczhHYpNAsuCkKYooLrJZlNwTdYtOQo5iEldWBsCE0bBd0KtwBbpcHNFS
EoOdJyyLRpJYYX6TsQYQSgk+X1VPzsoWqkEP0uFQayGgRflX/25OmoXYV8vCiJin
TL5P9TGypc3doMkgQESM+dWFZgUp7sa5PEarO1u0/kImc3tu4AvZNcc1uNsJgx0i
sp7aiayZECO4epKulS/EmtdwDPWBIkPKx2e6xyq8qaoslUzFxL3sfeK3kbersBcx
9BBTzw8IbJ9emHao5hAuQA==
</Encrypted></CancelInfo>
	  <ReservedInfo>
	    <MReserved1/>
	    <MReserved2/>
	    <MReserved3/></ReservedInfo>
	  <ManageInfo>
	    <Language/>
	    <URL/>
	    <TXVersion>5036B141209canceLinux     PHPchkfake   2.6.32-754.11.1.el6.x86_64PHP:</TXVersion>
	    <TXUserID/>
	    <TXRegNum/></ManageInfo></INIpay>AKV5d4iC8g9o/3MKllbPww+/bMA84wC/XdSJ18dmCNdG10B3+DaL4DnzlUF36dAs
2m/6SzUXOAir3Z8hN3e1s4D/DPt9I4RJH7XYRNxsyU87YeFzopphii4toW9s7JUE
kLx8kNoFH2gjgMu+LQ84e91R/gMkEPXZD/GerGX7L7c8
]
INFO	[2023-04-26 09:28:19:113] <5950> DNS LOOKUP OK(203.238.37.3:203.238.37.3:34049) laptime:0
INFO	[2023-04-26 09:28:19:115] <5950> SOCKET CONNECT OK
INFO	[2023-04-26 09:28:19:115] <5950> SEND OK
INFO	[2023-04-26 09:28:19:319] <5950> RECV OK
INFO	[2023-04-26 09:28:19:319] <5950> MSG_FROM_PG:[0093300175D SHA1                   0                                      300430majorgol03                    INIMX_CARDmajorgol0320230407160308585661<?xml version="1.0" encoding="UTF-8"?><INIpay>
<CancelInfo>
<ResultCode>120000</ResultCode>
<ResultMsg urlencode="1">%C1%A4%BB%F3%C3%B3%B8%AE%B5%C7%BE%FA%BD%C0%B4%CF%B4%D9.</ResultMsg>
<SessionKey>ADLOGJ27pfVmNK9/9BCx+6AhukFNDsfCXv8djpNMPBKskFF2w3/ocHCHkvu4VCBi
su2Gx54UbWEVnIqBe2tjOupwloy9X3rQLYNELfDlA+dgg1cqH7wUNivTm3+sgW1b
JHHuqBsAwb+HrFdSDlNm0WHJ3qVxKKAbZh1e8sW9h1Hlpba7jVBARaQ=
</SessionKey>
<Encrypted>Tj6a44FhxB39WwJHBKuoG4rO8XA7+tN/F48L62afrjBHu6w8Bhh60ol3Ledi97ZE
HoWhuMUjxfZTHu56qwhf7eWGVKb6LLv8iVtT0AI8gh6c2qNow0zZUx079Y1nZ5KV
K5Zod/G7JPJLEKhvWrgGyplNxMzqYCmj1DbNaiXyrRC9VAgSAoSSyvLBOg2TDijV
0ds1cuVZJZva7S6oUBToVYa5PfonPLndAvC/Qnz6z4einFb68folkrCRESDunywU
tQfjRyRzS9E2n40vGE6OR6osdN6zRnfiblqlrutdEiaiTKH8advQyaGgAXnHlNuj
NPbmjPQiksEK9sWugiCyWkJNf+fSXuCl
</Encrypted>
</CancelInfo>
<ManageInfo/>
<ReservedInfo>
<MReserved1 urlencode="1"/>
<MReserved2 urlencode="1"/>
<MReserved3 urlencode="1"/>
</ReservedInfo>
</INIpay>
1Sz5pmciVLdUab14vIYEjX0hqMIr4ZPyjJx5K0aiYUnZZ9CEGCCS3mj3OJTte0kj
rw+BCBNDp9cHWpulXu+/4VaHgKhS+zAOF+3rTf7Xv4xjen0HlQqDFFgp6PdAWgJl
+iK8lcA6urkSkOUuuEdu3agCR3HG8y/Q7eLMwc+Hfi4=
]
INFO	[2023-04-26 09:28:19:319] <5950> VERIFY OK
INFO	[2023-04-26 09:28:19:319] <5950> PARSE HEAD OK
INFO	[2023-04-26 09:28:19:319] <5950> PARSE BODY OK
INFO	[2023-04-26 09:28:19:320] <5950> DECRYPT OK
DEBUG	[2023-04-26 09:28:19:320] <5950> DECRYPT MSG:[<?xml version="1.0" encoding="UTF-8"?><CancelInfo>
<CancelDate>20230426</CancelDate>
<CancelTime>092819</CancelTime>
<ResultCode>120000</ResultCode>
<ResultMsg urlencode="1">%C1%A4%BB%F3%C3%B3%B8%AE%B5%C7%BE%FA%BD%C0%B4%CF%B4%D9.</ResultMsg>
</CancelInfo>]
INFO	[2023-04-26 09:28:19:320] <5950> DECRYPT PARSE OK
INFO	[2023-04-26 09:28:19:320] <5950> END cancel 정상처리되었습니다. Laptime:[0.21sec]
INFO	[2023-04-26 09:28:19:320] <5950> ===============================================================
