INFO	[2021-04-09 15:13:27:945] <18367> START INIPHP receipt (V5036-141209)(OS:Linux2.6.32-754.11.1.el6.x86_64,PHP:5.3.3)
DEBUG	[2021-04-09 15:13:27:945] <18367> inipayhome:/home1/killdeal/public_html/shop/inicis
DEBUG	[2021-04-09 15:13:27:945] <18367> debug:false
DEBUG	[2021-04-09 15:13:27:945] <18367> type:receipt
DEBUG	[2021-04-09 15:13:27:945] <18367> pgid:INIphpRECP
DEBUG	[2021-04-09 15:13:27:945] <18367> paymethod:CASH
DEBUG	[2021-04-09 15:13:27:945] <18367> currency:WON
DEBUG	[2021-04-09 15:13:27:945] <18367> admin:1111
DEBUG	[2021-04-09 15:13:27:945] <18367> mid:fourseason
DEBUG	[2021-04-09 15:13:27:945] <18367> goodname:핫딜전시상품퍼터제공니켄트유맥스경량스틸8I아이언
DEBUG	[2021-04-09 15:13:27:945] <18367> cr_price:499000
DEBUG	[2021-04-09 15:13:27:945] <18367> sup_price:453636
DEBUG	[2021-04-09 15:13:27:945] <18367> tax:45364
DEBUG	[2021-04-09 15:13:27:945] <18367> srvc_price:0
DEBUG	[2021-04-09 15:13:27:945] <18367> buyername:박덕만
DEBUG	[2021-04-09 15:13:27:945] <18367> buyeremail:pdm213@daum.net
DEBUG	[2021-04-09 15:13:27:945] <18367> buyertel:
DEBUG	[2021-04-09 15:13:27:945] <18367> reg_num:7108041260911
DEBUG	[2021-04-09 15:13:27:945] <18367> useopt:0
DEBUG	[2021-04-09 15:13:27:945] <18367> companynumber:
INFO	[2021-04-09 15:13:27:945] <18367> Check Field OK
INFO	[2021-04-09 15:13:27:945] <18367> Make TID OK INIphpRECPfourseason20210409151327455119
INFO	[2021-04-09 15:13:27:945] <18367> PI PUB KEY LOAD OK []
INFO	[2021-04-09 15:13:27:945] <18367> PG PUB KEY LOAD OK [30]
INFO	[2021-04-09 15:13:27:945] <18367> MERCHANT PRIV KEY LOAD OK
INFO	[2021-04-09 15:13:27:946] <18367> MERCHANT PUB KEY LOAD OK [0]
DEBUG	[2021-04-09 15:13:27:946] <18367> MAKE ENCRYPT OK[<?xml version="1.0" encoding="UTF-8"?>
<PaymentInfo>
	  <Payment>
	    <CASH>
	      <CSHR_ApplPrice>499000</CSHR_ApplPrice>
	      <CSHR_SupplyPrice>453636</CSHR_SupplyPrice>
	      <CSHR_Tax>45364</CSHR_Tax>
	      <CSHR_ServicePrice/>
	      <CSHR_Type>0</CSHR_Type>
	      <CSHR_RegNum>7108041260911</CSHR_RegNum>
	      <CSHR_CompanyNum/></CASH></Payment></PaymentInfo>]
INFO	[2021-04-09 15:13:27:947] <18367> MAKE BODY OK
INFO	[2021-04-09 15:13:27:947] <18367> SIGN OK
INFO	[2021-04-09 15:13:27:947] <18367> MAKE HEAD OK
INFO	[2021-04-09 15:13:27:947] <18367> MSG_TO_PG:[0195300175D SHA1                   0                                      300200fourseason              499000INIphpRECPfourseason20210409151327455119<?xml version="1.0" encoding="UTF-8"?>
<INIpay>
	  <GoodsInfo>
	    <GoodsCnt>1</GoodsCnt>
	    <MOID/>
	    <Currency>WON</Currency>
	    <Tax>45364</Tax>
	    <TaxFree/>
	    <Goods>
	      <SMID>fourseason</SMID>
	      <GoodsName urlencode="1">%C7%D6%B5%F4%C0%FC%BD%C3%BB%F3%C7%B0%C6%DB%C5%CD%C1%A6%B0%F8%B4%CF%C4%CB%C6%AE%C0%AF%B8%C6%BD%BA%B0%E6%B7%AE%BD%BA%C6%BF8I%BE%C6%C0%CC%BE%F0</GoodsName>
	      <GoodsPrice>499000</GoodsPrice></Goods></GoodsInfo>
	  <BuyerInfo>
	    <BuyerName urlencode="1">%B9%DA%B4%F6%B8%B8</BuyerName>
	    <BuyerTel/>
	    <BuyerEmail urlencode="1">pdm213%40daum.net</BuyerEmail>
	    <ParentEmail/>
	    <RecvName/>
	    <RecvTel/>
	    <RecvMsg/>
	    <RecvAddr/>
	    <RecvPostNum/></BuyerInfo>
	  <PaymentInfo>
	    <Payment>
	      <PayMethod>CASH</PayMethod>
	      <JoinCard/>
	      <JoinExpire/>
	      <MailOrder/>
	      <SessionKey>cj31F1+XWfM4osIOu8aA4BInlBKghHDyCOZzqvYl5O+FiM5aVEkS10lqp+GvrbQJ
CknCaHZ3kxWQzrWLxlPEt4ryqNFilUBG8gW8rZSsdbWw7qtpcXcgZtDoRXb4HwZN
Tzur2dsePWSiwp3M2bJW4RXSPGLpJIFj6CuXJv6+K8oMNiYyRBraiw==
</SessionKey>
	      <Encrypted>8Id1awt8nBVHwmQJ8C2tW7RfpWlrHeLKFOB0asdwD25x/s69hfsc/PePgVYSDJ7H
qVxEjQnltUwdtp75wNqx7+XCkj3q3Xa9DeiLNWdgs8p0zrNyH91sqZXcXD3kiF5S
kAjcu9VnCwDHLZQJKOM+R95JYRbXxPuZNOUgsP8j6YeFrETPs7Jo3pjWxCztIIpX
K6+oEbETFYW/PRscM8Oafg9my/z54O6SY+524klQv1GyWOtXBldFiAiijfBYl/gv
1HG96LbkDsTQ8ZB9NGnH6uunPtQsjZXjPKYRWCDnDgrJngDn0iNFIv7j42aMpWUW
UDY0qLK47ls845cZ2gcQpuTE/O0rUaRFo1tgLAdxj9e7igHQNkQGNJ3fAXKgKW/R
iV74qzidevk0WdKgh7jYRy5s1WYHiJpNho24oraFGswpQNUBG92B0zvgpHWH0CWx
ZTMX+EA+6SZM5Dit0rulqqKWwcIWCu9L37psjrUKpqO/ZdcyCTulOw==
</Encrypted></Payment></PaymentInfo>
	  <ReservedInfo>
	    <MReserved1/>
	    <MReserved2/>
	    <MReserved3/></ReservedInfo>
	  <ManageInfo>
	    <Language/>
	    <URL/>
	    <TXVersion>5036B141209receiLinux     PHPchkfake   2.6.32-754.11.1.el6.x86_64PHP:</TXVersion>
	    <TXUserID/>
	    <TXRegNum/>
	    <Ack>1</Ack></ManageInfo></INIpay>APHFx6rAv8X72icYAAXQZ8D1bVyDKmE/uU8hlv8x4hz58mN6cIGO8cycKs9BPekh
TMq7Jf1cffRsWXCs9jlD1S8Eo9cnfxALhuU4uiokmCSk8QumopDuVEdKDZAwkERe
sSsW5GMQ2jYHRK4br6W2cF4vWH+2dXYlMfS6I8thQy9j
]
INFO	[2021-04-09 15:13:27:947] <18367> DNS LOOKUP OK(203.238.37.3:203.238.37.3:34049) laptime:0
INFO	[2021-04-09 15:13:27:949] <18367> SOCKET CONNECT OK
INFO	[2021-04-09 15:13:27:949] <18367> SEND OK
INFO	[2021-04-09 15:13:28:46] <18367> RECV OK
INFO	[2021-04-09 15:13:28:46] <18367> MSG_FROM_PG:[0171900175D SHA1                   0                                      300210fourseason              499000INIphpRECPfourseason20210409151327455119<?xml version="1.0" encoding="UTF-8"?><INIpay>
<GoodsInfo>
<GoodsCnt>1</GoodsCnt>
<MOID urlencode="1"/>
<Currency>WON</Currency>
<Goods no="1">
<SMID>fourseason</SMID>
<GoodsName urlencode="1">%C7%D6%B5%F4%C0%FC%BD%C3%BB%F3%C7%B0%C6%DB%C5%CD%C1%A6%B0%F8%B4%CF%C4%CB%C6%AE%C0%AF%B8%C6%BD%BA%B0%E6%B7%AE%BD%BA%C6%BF8I%BE%C6%C0%CC%BE%F0</GoodsName>
<GoodsCntS>1</GoodsCntS>
<GoodsPrice>499000</GoodsPrice>
</Goods>
</GoodsInfo>
<PaymentInfo>
<Payment>
<SessionKey>APLiy/5NEidS43ODQfJ4BfqpPtNgZUKQ85IrL0TGOVvxTx/zbMN45+zAj99/3Oue
4nQmXY2AjWzOpD9txGp+ZI7iJhpujqPISFe/1XzgkNuyVOlye8E4lpsRZ+tx8g27
iHtBW6GI0dQYWbilqUvHi9+/nyDKh4Z/WayV3zhHoBAp/57eKyhIT74=
</SessionKey>
<Encrypted>LNUFnqgOKbzcrOeuA5DHer1l1rswpZi6ClV1UH5+2OHreOlOI+OxnGnOPhOlfYp/
iNT4+3X/d+0agzcWYb7OekEklk2nS5URamcDaO2p8MPJeCee5hx2MnkL6+whaMN0
Y1zXnV+mVXxzcc1wa3xqXRafZxjoUbvoqPUzk8UrGqvA2Bp0fWFmheEGt8m3rr8U
wbbfVuB2DN/MH8XeHKQNCsZD94RWGof6h7B7OYSI7QUU0nI/Kh0Yv+zSxw8Qjvyz
p/dzDnuCgT4IrxuHOnQKNJ80VsvagZ4LzDA6npzhsaxZG96/qLBcLdeoouFLOQ1l
WT9aSPinHEJNDiLOsEqe5a4RWBm6syM/fT45EKVXzIzeFvZx91qTwVijaqxPD8o6
GMCVWGrmRrYoLRVZBgkmMRhMH+uXCkcISWbb0aKmJVKGCc0guEDi+LEXrfxY1bUe
M8Ry+fDbAxfksjJX6OQ0XxUEIyk+yOy8YH+Px25OLYjA7eDurUUUEsfVzO3wlG5D
5EP2iGYWt+eK7PTACmReEMo140FL+Aub2E1hmDsGcJ/DiXaNhIfoPVOHlN3nXU2C
MtR+QNayyDIO6wzLJthOpWk6T/EpMhQB6WO+IThC8QLleVfEfNeeQUAFeTeLx8vT
J2nHgxIKvqFApFU7by+LU8sNviZ7E0fuFxcBkX8sgoCghVPKjldtT5oBoQJHB9NB
</Encrypted>
<PayMethod>CASH</PayMethod>
<ResultCode>220000</ResultCode>
<ResultMsg urlencode="1">%C1%A4%BB%F3%C3%B3%B8%AE%B5%C7%BE%FA%BD%C0%B4%CF%B4%D9.</ResultMsg>
</Payment>
</PaymentInfo>
<ManageInfo/>
<ReservedInfo>
<MReserved1 urlencode="1"/>
<MReserved2 urlencode="1"/>
<MReserved3 urlencode="1"/>
</ReservedInfo>
</INIpay>
BfdBT5poLElKSLptBAY+mwywbvqwnCak4s0MZSniMht6rjf29nlvu2DzSXavQLb2
1Go70U1JAbm0IGij4EoVFitpntN0bnn7W4FOKarkyNgLIh83tPynWlrJGEvs3NtU
T5AZHB2EnyeWYeIveFH549o/jh05/siDSsUJ+CXg/1A=
]
INFO	[2021-04-09 15:13:28:46] <18367> VERIFY OK
INFO	[2021-04-09 15:13:28:46] <18367> PARSE HEAD OK
INFO	[2021-04-09 15:13:28:47] <18367> PARSE BODY OK
INFO	[2021-04-09 15:13:28:47] <18367> DECRYPT OK
DEBUG	[2021-04-09 15:13:28:47] <18367> DECRYPT MSG:[<?xml version="1.0" encoding="UTF-8"?><PaymentInfo>
<Payment>
<CASH>
<CSHR_ApplPrice>499000</CSHR_ApplPrice>
<CSHR_SupplyPrice>453636</CSHR_SupplyPrice>
<CSHR_Tax>45364</CSHR_Tax>
<CSHR_ServicePrice/>
<CSHR_Type>0</CSHR_Type>
<CSHR_ApplDate>20210409</CSHR_ApplDate>
<CSHR_ApplTime>151328</CSHR_ApplTime>
<CSHR_ApplNum>267074286</CSHR_ApplNum>
<CSHR_ResultCode>220000</CSHR_ResultCode>
<CSHR_ResultMsg urlencode="1">%C1%A4%BB%F3%C3%B3%B8%AE%B5%C7%BE%FA%BD%C0%B4%CF%B4%D9.</CSHR_ResultMsg>
</CASH>
</Payment>
</PaymentInfo>]
INFO	[2021-04-09 15:13:28:48] <18367> DECRYPT PARSE OK
INFO	[2021-04-09 15:13:28:48] <18367> WAIT ACK INVOKING
DEBUG	[2021-04-09 15:13:28:48] <18367> MAKE HEAD OK
INFO	[2021-04-09 15:13:28:51] <18367> SUCCESS ACK INVOKING
INFO	[2021-04-09 15:13:28:51] <18367> END receipt 정상처리되었습니다. Laptime:[0.106sec]
INFO	[2021-04-09 15:13:28:51] <18367> ===============================================================
