INFO	[2021-06-26 12:41:08:689] <2530> START INIPHP cancel (V5036-141209)(OS:Linux2.6.32-754.11.1.el6.x86_64,PHP:5.3.3)
DEBUG	[2021-06-26 12:41:08:689] <2530> inipayhome:/home1/killdeal/public_html/shop/inicis
DEBUG	[2021-06-26 12:41:08:689] <2530> debug:false
DEBUG	[2021-06-26 12:41:08:689] <2530> type:cancel
DEBUG	[2021-06-26 12:41:08:689] <2530> mid:fourseason
DEBUG	[2021-06-26 12:41:08:689] <2530> admin:1111
DEBUG	[2021-06-26 12:41:08:689] <2530> tid:StdpayISP_fourseason20210626123129475743
DEBUG	[2021-06-26 12:41:08:689] <2530> cancelmsg:주문자 본인 취소-구매의사 없음
INFO	[2021-06-26 12:41:08:689] <2530> Check Field OK
INFO	[2021-06-26 12:41:08:689] <2530> PI PUB KEY LOAD OK []
INFO	[2021-06-26 12:41:08:690] <2530> PG PUB KEY LOAD OK [30]
INFO	[2021-06-26 12:41:08:690] <2530> MERCHANT PRIV KEY LOAD OK
INFO	[2021-06-26 12:41:08:691] <2530> MERCHANT PUB KEY LOAD OK [0]
DEBUG	[2021-06-26 12:41:08:691] <2530> MAKE ENCRYPT OK[<?xml version="1.0" encoding="UTF-8"?>
<CancelInfo>
	  <CancelTID>StdpayISP_fourseason20210626123129475743</CancelTID>
	  <CancelMsg urlencode="1">%C1%D6%B9%AE%C0%DA+%BA%BB%C0%CE+%C3%EB%BC%D2-%B1%B8%B8%C5%C0%C7%BB%E7+%BE%F8%C0%BD</CancelMsg>
	  <CancelReason/></CancelInfo>]
INFO	[2021-06-26 12:41:08:692] <2530> MAKE BODY OK
INFO	[2021-06-26 12:41:08:693] <2530> SIGN OK
INFO	[2021-06-26 12:41:08:693] <2530> MAKE HEAD OK
INFO	[2021-06-26 12:41:08:693] <2530> MSG_TO_PG:[0099400175D SHA1                   0                                      300420fourseason                    StdpayISP_fourseason20210626123129475743<?xml version="1.0" encoding="UTF-8"?>
<INIpay>
	  <CancelInfo>
	    <SessionKey>KQcgDrRAb+7DeC2pDQAT/U3RxCJ2cZJc8sZqfePoE4exrbqxpFXRXE+4893Z7cY+
Bzf97I950GU73fQM5SG2y+liUtvSpSnUPlCzS7QVjTEzIN7tNwHEmAYxIqmTZwKj
MU53LZG86dzRV0B/6oZNOlZeAh5/XH/3F8W1J5hMjQTRofPgTldRjw==
</SessionKey>
	    <Encrypted>mBlXaZwYyTYHPifyfdAaKDFY5cnomfVEAKo/swx+p3f+b5N5bnukZ3CIf2rozRDB
Ee4swx+99vWVOzB+rOHiy3RkD/pqNi4p4Iesq8vUWRQ8uw7W68GXMnXSbXh725OY
QpYTOa+WQv34XJiRd6vvts2JpMqyequFV+bvjjNDiJPpeUJN7zebKYIaE2jch+GG
gXM0hg1TJL9/fqoK4HgO3D3AlsuzaF7JN4XbTVS1cPgqhbTf1O14aF7RCVht4zcV
9yH/yhGzppKn/qwF+BokfTRT0HbM7Bow75ebQnuJjKdvrfaKb4T7KKRLomhonEzD
YYPI8H/2uqSSUs9Q4PllPw3iDfphBONwBfASjCbCzVuPbMWnAg7pLA==
</Encrypted></CancelInfo>
	  <ReservedInfo>
	    <MReserved1/>
	    <MReserved2/>
	    <MReserved3/></ReservedInfo>
	  <ManageInfo>
	    <Language/>
	    <URL/>
	    <TXVersion>5036B141209canceLinux     PHPchkfake   2.6.32-754.11.1.el6.x86_64PHP:</TXVersion>
	    <TXUserID/>
	    <TXRegNum/></ManageInfo></INIpay>AFD8pguK26LOzdMIRVMIxbLm9riLZ9eOZIkWwQ6Uo2ZOOyYqA3DJpzPO5SuVLepY
PVVNtYGdkWctwCJp5Ei1B2YcPkP9prQAFKlVG+qDy89759BP9/pmVCMNZkbvF11P
yWWiGvzdVlvTeKldwSjIT4SfIGv0zAYp6zfoO2TSTeCA
]
INFO	[2021-06-26 12:41:08:693] <2530> DNS LOOKUP OK(203.238.37.3:203.238.37.3:34049) laptime:0
INFO	[2021-06-26 12:41:08:695] <2530> SOCKET CONNECT OK
INFO	[2021-06-26 12:41:08:695] <2530> SEND OK
INFO	[2021-06-26 12:41:09:179] <2530> RECV OK
INFO	[2021-06-26 12:41:09:179] <2530> MSG_FROM_PG:[0086100175D SHA1                   0                                      300430fourseason                    StdpayISP_fourseason20210626123129475743<?xml version="1.0" encoding="UTF-8"?><INIpay>
<CancelInfo>
<ResultCode>170000</ResultCode>
<ResultMsg urlencode="1">%C1%A4%BB%F3%BF%CF%B7%E1</ResultMsg>
<SessionKey>ACjLREkTs56tMak1X2ynAb0zkfCPPylQ/Aq5fV454UAn3694/y8ooz6JY/EYWML9
aTYgJ9W1XN6a7oL0bfV+hxt0WS5KE6G5nmp6pqNvR3QXoeNysa+v8qfRH+ujh4s4
awKU1JfJsIkvrSX4mE4O2BfBT/YFkP8qtN0MfUhSK4uHAPZP+QKasFQ=
</SessionKey>
<Encrypted>jLz9FbMHxcAsBq446oA3A47Su1W6qS3YAjoWwxAbt/77523kgPGocPcAqgE9RSjH
VTr7nbXfabfkzuZRDsIBxZ7I96n/nKtVnLJAeuroQDWdIc120/jcLryDHJjNAe6A
EfcQRiU5Zg0nFIo2WPDvFpmWywzmhfR3A3Eh43TFxcue7lMH2llb7y3/arrMhG6T
BQQ9bMELky+P0hojFCnP6mKZC5gdujIKJxHavY8XcK6NenMlsx42Tej6DQ1aAyKQ
VZMUTMTfajbux/1Rw/UQ60rlmXIoQeHkWWBkyYsfbPsQOfbtV8UNjw==
</Encrypted>
</CancelInfo>
<ManageInfo/>
<ReservedInfo>
<MReserved1 urlencode="1"/>
<MReserved2 urlencode="1"/>
<MReserved3 urlencode="1"/>
</ReservedInfo>
</INIpay>
UQdwfyBih2NDnDoetml3A2G1R+I0lEd1mrndmjHE2Xkw7kTA/Z7vC0vqru9lfWP6
MGA5qYkM7D9Y7vo/MgT+fxwsmaHex60/zb+8FCPHIBYpCuI0bpImlDPBDPUwdxV7
d2lvKnyBa7T+kGSKKf2TI48Zick1skIoXm2IL4YA7Lc=
]
INFO	[2021-06-26 12:41:09:179] <2530> VERIFY OK
INFO	[2021-06-26 12:41:09:179] <2530> PARSE HEAD OK
INFO	[2021-06-26 12:41:09:180] <2530> PARSE BODY OK
INFO	[2021-06-26 12:41:09:180] <2530> DECRYPT OK
DEBUG	[2021-06-26 12:41:09:180] <2530> DECRYPT MSG:[<?xml version="1.0" encoding="UTF-8"?><CancelInfo>
<CancelDate>20210626</CancelDate>
<CancelTime>124108</CancelTime>
<ResultCode>170000</ResultCode>
<ResultMsg urlencode="1">%C1%A4%BB%F3%BF%CF%B7%E1</ResultMsg>
</CancelInfo>]
INFO	[2021-06-26 12:41:09:180] <2530> DECRYPT PARSE OK
INFO	[2021-06-26 12:41:09:180] <2530> END cancel 정상완료 Laptime:[0.491sec]
INFO	[2021-06-26 12:41:09:180] <2530> ===============================================================
