INFO	[2023-01-23 13:51:13:418] <23170> START INIPHP cancel (V5036-141209)(OS:Linux2.6.32-754.11.1.el6.x86_64,PHP:5.3.3)
DEBUG	[2023-01-23 13:51:13:418] <23170> inipayhome:/home1/killdeal/public_html/shop/inicis
DEBUG	[2023-01-23 13:51:13:418] <23170> debug:false
DEBUG	[2023-01-23 13:51:13:418] <23170> type:cancel
DEBUG	[2023-01-23 13:51:13:418] <23170> mid:majorgol03
DEBUG	[2023-01-23 13:51:13:418] <23170> admin:1111
DEBUG	[2023-01-23 13:51:13:418] <23170> tid:INIMX_VBNKmajorgol0320230123014558365415
DEBUG	[2023-01-23 13:51:13:418] <23170> cancelmsg:주문자 본인 취소-상품옵션 선택 잘못함
INFO	[2023-01-23 13:51:13:418] <23170> Check Field OK
INFO	[2023-01-23 13:51:13:418] <23170> PI PUB KEY LOAD OK []
INFO	[2023-01-23 13:51:13:419] <23170> PG PUB KEY LOAD OK [30]
INFO	[2023-01-23 13:51:13:419] <23170> MERCHANT PRIV KEY LOAD OK
INFO	[2023-01-23 13:51:13:420] <23170> MERCHANT PUB KEY LOAD OK [0]
DEBUG	[2023-01-23 13:51:13:420] <23170> MAKE ENCRYPT OK[<?xml version="1.0" encoding="UTF-8"?>
<CancelInfo>
	  <CancelTID>INIMX_VBNKmajorgol0320230123014558365415</CancelTID>
	  <CancelMsg urlencode="1">%C1%D6%B9%AE%C0%DA+%BA%BB%C0%CE+%C3%EB%BC%D2-%BB%F3%C7%B0%BF%C9%BC%C7+%BC%B1%C5%C3+%C0%DF%B8%F8%C7%D4</CancelMsg>
	  <CancelReason/></CancelInfo>]
INFO	[2023-01-23 13:51:13:420] <23170> MAKE BODY OK
INFO	[2023-01-23 13:51:13:421] <23170> SIGN OK
INFO	[2023-01-23 13:51:13:421] <23170> MAKE HEAD OK
INFO	[2023-01-23 13:51:13:421] <23170> MSG_TO_PG:[0101500175D SHA1                   0                                      300420majorgol03                    INIMX_VBNKmajorgol0320230123014558365415<?xml version="1.0" encoding="UTF-8"?>
<INIpay>
	  <CancelInfo>
	    <SessionKey>at/89HmU++cOdkR+G2lmwwNBjQGLU4ssV6TT1w0+IVMNDOESlzGtWv60y0uBtSsi
zv1n4VJoXb+yPwBLVqVTYoz0Vm4mFHyg9PS+IMYy7vi9ww6Rlsf6Nktrl/LhvNpW
VZeuXWHJsFrMGXY7sHICbnN7auDIwB5P2VxgomHKzGsPhPFN50p2Aw==
</SessionKey>
	    <Encrypted>o01wBbsSfWtZjibvxdIuC3qoBH7JnsDFegPlpDGXoD/trB36fUy57m179nvOtZ/9
uraBwjzWxLuoWhPb8TtLIZNFfAHvEw0AMRdaEm8Ld1A0s+u4e9xNYt4cVqGPjF/K
dY5mQR/GLpSMd7Ne8sMsVZyZlNzJgI3wd+Mn/Ce9fAz2Rfc9qqO0zZ23swN/Mkh6
bCvie/crIypMhFdJEkqDgUGges/a0XBbUaT98Os895cVo32zEEEtwqKHqIBGCJ7L
eeYw4oYGff2TQuvUGcj3EYhiXAnnFAyQp0AKxZN9R29bfnH5UiseAhH2Ug9pu+ce
5Cf+DL5BJDdd7JcPKaPPXTbNjlM8DcbxgcO/Ih98XZ2I21mJI6LgNdf9g5RHr72b
TnggapMwlYA=
</Encrypted></CancelInfo>
	  <ReservedInfo>
	    <MReserved1/>
	    <MReserved2/>
	    <MReserved3/></ReservedInfo>
	  <ManageInfo>
	    <Language/>
	    <URL/>
	    <TXVersion>5036B141209canceLinux     PHPchkfake   2.6.32-754.11.1.el6.x86_64PHP:</TXVersion>
	    <TXUserID/>
	    <TXRegNum/></ManageInfo></INIpay>AOfdw7c5jr6nTUGNvuM8LRdCI1T1NGlt7QQNZuD9ZTyP7EPePMjXuzyPvFC5RasQ
Ky6XnH3cQV+WMdwUVz+rIIf4TFCBQcsNnLiOzn9MWfV/tuNTS/uyZDCyjl2QuFlC
lx+m8a3SQBTkCMoA6Cw7n49o5FWoSzKvnLHLsJ2gZy7j
]
INFO	[2023-01-23 13:51:13:421] <23170> DNS LOOKUP OK(203.238.37.3:203.238.37.3:34049) laptime:0
INFO	[2023-01-23 13:51:13:423] <23170> SOCKET CONNECT OK
INFO	[2023-01-23 13:51:13:423] <23170> SEND OK
INFO	[2023-01-23 13:51:13:570] <23170> RECV OK
INFO	[2023-01-23 13:51:13:570] <23170> MSG_FROM_PG:[0123800175D SHA1                   0                                      300430majorgol03                    INIMX_VBNKmajorgol0320230123014558365415<?xml version="1.0" encoding="UTF-8"?><INIpay>
<CancelInfo>
<ResultCode>170000</ResultCode>
<ResultMsg urlencode="1">%C1%A4%BB%F3%C3%B3%B8%AE%B5%C7%BE%FA%BD%C0%B4%CF%B4%D9.</ResultMsg>
<SessionKey>AR2HlhtDpdVyN0zp5IWWAfyo2+yWBEd+nNzXk6CJivK1bqpS0nTWKogVEcPq1xVm
D2qTNtjYSZxRKZNwb8Fv9toiWWhYrGo1Q10F5lZjwEzhhDq7V9URAcye0dk7IwwT
QKeT3hav/b+eVsyDyX/RyVv+XGcTq0gaUTOOTH3lXs491u43YzWqSbg=
</SessionKey>
<Encrypted>T0jC07yBPonuX/b/OzB5zNtPJcmvsSkP2MrCITC9FDMSn+5xFta1KD+J4MD3U4q6
ULIipLx68c/ouJmQ+X5MQ/aq7Q5Qe2ceWbAU/th1qWxJZpRqNxsUeGf9o+D9ugnM
uVZn6+vIITDzbC3xlteY98Wq8Pm4/FTiXlGVeFN53JuIrLZwplux+fAVP4HpEuoR
/eFIO7kfRPzdnoe06DZaafi8IgdB6U+jZd461mm/45jqUIjK23GId+JEie1Z8YBi
6sXWDXx2h+IP1S1/2BLPrwbx95bg0EZYwetI/vMV40GrMImCouCaoLCBu8HzoLBV
gmsFlt/hTsAYp9e+f/ojKDZzZP5W6CiOuV+aJ9HITMGyDWdon/O3/QCOL8QlRhRk
IS67JCeGkmz/kON0yzXHn3OZi+n5gIkTA9ZuGMDvMkVazemok5uUCYABwAAH0CKj
7nbgLCjc/hqDKhZo3BIhAnUNJkRa2ss8STAUwlD1DTbWCBoUFeqLwPVd1pag4RQt
HKa5uRL+rMM/9KQPhTyFPMvFDVo+PA8FZ52F9fgt56cBRdV/MPn58QiFxXL7IVkS
GY9HTrg2C461uoiR/eaOPcfTdPVdrigri3C/Jj9/gZgN52HfNHbBR6U1qbMTvH+7
JKKyTE79y7M=
</Encrypted>
</CancelInfo>
<ManageInfo/>
<ReservedInfo>
<MReserved1 urlencode="1"/>
<MReserved2 urlencode="1"/>
<MReserved3 urlencode="1"/>
</ReservedInfo>
</INIpay>
ubX+ouHMPQPe+jrzMSZBnMf4m2vHtTaDRovBrc4Didd9WHXZyZzOkD1CduitvM/B
FcdIK1UaUeqCsIJ3ei/cS3gWGg68hxy/HkA7M49Bjr3xLynhx7HU3mf/5ZKRmjy9
iBdFcFCUH2BJV8A7LR2PtOTq+M+xpU19WSJUFpdCH6A=
]
INFO	[2023-01-23 13:51:13:570] <23170> VERIFY OK
INFO	[2023-01-23 13:51:13:570] <23170> PARSE HEAD OK
INFO	[2023-01-23 13:51:13:570] <23170> PARSE BODY OK
INFO	[2023-01-23 13:51:13:571] <23170> DECRYPT OK
DEBUG	[2023-01-23 13:51:13:571] <23170> DECRYPT MSG:[<?xml version="1.0" encoding="UTF-8"?><CancelInfo>
<CancelDate>20230123</CancelDate>
<CancelTime>135114</CancelTime>
<ResultCode>170000</ResultCode>
<ResultMsg urlencode="1">%C1%A4%BB%F3%C3%B3%B8%AE%B5%C7%BE%FA%BD%C0%B4%CF%B4%D9.</ResultMsg>
<CSHR_CancelDate>20230123</CSHR_CancelDate>
<CSHR_CancelTime>135114</CSHR_CancelTime>
<CSHR_ResultCode>220000</CSHR_ResultCode>
<CSHR_ResultMsg urlencode="1">%C1%A4%BB%F3%C3%B3%B8%AE%B5%C7%BE%FA%BD%C0%B4%CF%B4%D9.</CSHR_ResultMsg>
</CancelInfo>]
INFO	[2023-01-23 13:51:13:571] <23170> DECRYPT PARSE OK
INFO	[2023-01-23 13:51:13:571] <23170> END cancel 정상처리되었습니다. Laptime:[0.153sec]
INFO	[2023-01-23 13:51:13:571] <23170> ===============================================================
