INFO	[2021-10-13 11:24:55:575] <24138> START INIPHP repay (V5036-141209)(OS:Linux2.6.32-754.11.1.el6.x86_64,PHP:5.3.3)
DEBUG	[2021-10-13 11:24:55:575] <24138> inipayhome:/home1/killdeal/public_html/shop/inicis
DEBUG	[2021-10-13 11:24:55:575] <24138> debug:false
DEBUG	[2021-10-13 11:24:55:575] <24138> type:repay
DEBUG	[2021-10-13 11:24:55:575] <24138> pgid:INIphpRPAY
DEBUG	[2021-10-13 11:24:55:575] <24138> subpgip:203.238.3.10
DEBUG	[2021-10-13 11:24:55:575] <24138> mid:fourseason
DEBUG	[2021-10-13 11:24:55:575] <24138> admin:1111
DEBUG	[2021-10-13 11:24:55:575] <24138> oldtid:StdpayCARDfourseason20211008155030319394
DEBUG	[2021-10-13 11:24:55:575] <24138> currency:WON
DEBUG	[2021-10-13 11:24:55:575] <24138> price:59800
DEBUG	[2021-10-13 11:24:55:575] <24138> confirm_price:59700
DEBUG	[2021-10-13 11:24:55:575] <24138> buyeremail:psyholic.cho@gmail.com
DEBUG	[2021-10-13 11:24:55:575] <24138> tax:5436
DEBUG	[2021-10-13 11:24:55:575] <24138> taxfree:0
INFO	[2021-10-13 11:24:55:575] <24138> Check Field OK
INFO	[2021-10-13 11:24:55:575] <24138> Make TID OK INIphpRPAYfourseason20211013112455758621
INFO	[2021-10-13 11:24:55:575] <24138> PI PUB KEY LOAD OK []
INFO	[2021-10-13 11:24:55:575] <24138> PG PUB KEY LOAD OK [30]
INFO	[2021-10-13 11:24:55:576] <24138> MERCHANT PRIV KEY LOAD OK
INFO	[2021-10-13 11:24:55:576] <24138> MERCHANT PUB KEY LOAD OK [0]
DEBUG	[2021-10-13 11:24:55:577] <24138> MAKE ENCRYPT OK[<?xml version="1.0" encoding="UTF-8"?>
<PartCancelInfo>
	  <PRTC_TID>StdpayCARDfourseason20211008155030319394</PRTC_TID>
	  <PRTC_Price>59800</PRTC_Price>
	  <PRTC_Remains>59700</PRTC_Remains>
	  <PRTC_Quota/>
	  <PRTC_Interest/>
	  <PRTC_NoAcctFNBC/>
	  <PRTC_NmAcctFNBC/></PartCancelInfo>]
INFO	[2021-10-13 11:24:55:577] <24138> MAKE BODY OK
INFO	[2021-10-13 11:24:55:577] <24138> SIGN OK
INFO	[2021-10-13 11:24:55:577] <24138> MAKE HEAD OK
INFO	[2021-10-13 11:24:55:577] <24138> MSG_TO_PG:[0111700175D SHA1                   0                                      300620fourseason               59800INIphpRPAYfourseason20211013112455758621<?xml version="1.0" encoding="UTF-8"?>
<INIpay>
	  <PartCancelInfo>
	    <SessionKey>S8tmSKO/rhf6nzCNIi9m8yhynS4rRZt1DPVdaPIM6XHtd8PjPsKJMjetxd+fgcyc
abHDT7nL8SKDqH2Va+H0v7WRd4HXC3J8mxNgnh0UcwEv/bqb4bQpRqSzENPWcYwu
AnC+mu6m2Gpsy0bthX6zijmAwLPjrtnJHRveGQhKuaONOF68b1g8fQ==
</SessionKey>
	    <Encrypted>ITmXTOi3dfA1LP56WKfWRWd0J0hqoM/f7tZpc9rHMqHbm6l1I6XtL3GLW9tDy8Z7
gb4DnefqUDZZ0oWmcpq1CjohVOyEOZF78gJd3xEWVEY2UqbRKDIDSkcN02rUTxtI
VtvhAM5b+L4rai4gk82qYg58e8q5wibFycpfKJtYDtMu1r03KQnHRPbvA1p5Yt1+
vkpUJLL8ev9TpxTdtldCFAn+8BVxJo7NaRrUJVJ1f5Nc2pHUV+2Zg7YqYNbBo3Dv
OQrPE93Y/apJd4gZY9Ahy1y8Ph9E0XqgwNjpFm83/aUF1NwYdYmUoPdbzT1DeKZJ
REBSunV7fa7MKHETQp6Bt9K+vS0COlItre+O/fAEajZAzDxBFReN72osKJzdIfv1
rtLhNKpbO7M=
</Encrypted></PartCancelInfo>
	  <GoodsInfo>
	    <Tax>5436</Tax>
	    <TaxFree/>
	    <Currency>WON</Currency></GoodsInfo>
	  <ReservedInfo>
	    <MReserved1/>
	    <MReserved2/>
	    <MReserved3/></ReservedInfo>
	  <ManageInfo>
	    <Language/>
	    <URL/>
	    <TXVersion>5036B141209repayLinux     PHPchkfake   2.6.32-754.11.1.el6.x86_64PHP:</TXVersion>
	    <TXUserID/>
	    <TXRegNum/></ManageInfo></INIpay>AC2v58bNJhufzWzmXzVrJY91Rz6pXMO7Fq0Q1KGIPil3V0Ziz73wK8WM8c8xgubm
loxq6sCz/PTAt9pC5fc8zaZbIp8yVehxN1DpvnUsgJ+O5e0OzpUrk5bqX+dH/Jhj
Kk+tp+dsSVCMra0Juy8Q1TekKgLWrLbUlueOICMWtv7B
]
INFO	[2021-10-13 11:24:55:577] <24138> DNS LOOKUP OK(203.238.37.3:203.238.37.3:34049) laptime:0
INFO	[2021-10-13 11:24:55:580] <24138> SOCKET CONNECT OK
INFO	[2021-10-13 11:24:55:580] <24138> SEND OK
INFO	[2021-10-13 11:24:55:807] <24138> RECV OK
INFO	[2021-10-13 11:24:55:807] <24138> MSG_FROM_PG:[0098000175D SHA1                   0                                      300630fourseason               59800INIphpRPAYfourseason20211013112455758621<?xml version="1.0" encoding="UTF-8"?><INIpay>
<PartCancelInfo>
<PayMethod>Card</PayMethod>
<ResultCode>120000</ResultCode>
<ResultMsg urlencode="1">%C1%A4%BB%F3%C3%B3%B8%AE%B5%C7%BE%FA%BD%C0%B4%CF%B4%D9.</ResultMsg>
<SessionKey>AGx0AdO6fKqZ+ik+QKNWfvm7wtjx/XrcnUFtcpuVVkN+6freJxGnsHZqSZgl74RO
zzu6Xgejra6/pjw96IQY/unD/rCzuEOojnQ4Y5A2clKaxCn9j9LQFaVtp2cY1dJk
P1RwvDH/5I/DjZ6nweXD8yhrtF9QBdRIrVZTCaWfpj84i3mokPWn5yE=
</SessionKey>
<Encrypted>zVZDz3BqUWbjwiuaT/oP8ng4xWPyuJ/Ph1kgviWUgoKvU2pOeRyGKG10xySlUXPS
CTu3fztOJsC1LnoCkRRQceM4fN4aO2icEkL/+0F89G3KHpAF2OPKSKGkFy53BIU8
aB8a/MVo64z/HieZ9EEGKyYoJn4ZLTYmO0JQd8YwO5O5NqTbWlmQ7groxfe42ZL5
fs/GQaH67WPyagxG+7s0nquDifke7xgECN/WB3OQKlIh83HeFhmRgBHbwPUSzhUQ
PBZEcvbxTAV/lueD7M0B48wgEYwcBZhMDPlJuwXtxRMnw+Jb3ACURe1EKONmnNfa
XxpHOf5SjHQEz8hqXvyo0tG8vYRG7YvMG1kANNYwt4AeM9zloy8g3pASNQsrOt3i
hWT73HXhG4q0wUSfcvYQSqwNniZ/P3PGLdeQOL0/rdU70ArF1wQylxc7ZrcQ5ACq
E55I7eaWDDo=
</Encrypted>
</PartCancelInfo>
<ManageInfo/>
<ReservedInfo/>
</INIpay>
WdEIh7GYXsJCEij0b9EbFVvzA0NHROX0nI+MoWr4dzq6DPf27LW6InXQWt8ysLfj
h/O6opizyMKGazxvpypX7iWt1C2bjsDNI1WK7YUzJN91JD/nAjLIlnfAnw7mTsZY
KzE8ynjHTXKQoE6lkb0mDJM3xRub7hQKNeReQTu0cX4=
]
INFO	[2021-10-13 11:24:55:808] <24138> VERIFY OK
INFO	[2021-10-13 11:24:55:808] <24138> PARSE HEAD OK
INFO	[2021-10-13 11:24:55:808] <24138> PARSE BODY OK
INFO	[2021-10-13 11:24:55:809] <24138> DECRYPT OK
DEBUG	[2021-10-13 11:24:55:809] <24138> DECRYPT MSG:[<?xml version="1.0" encoding="UTF-8"?><PartCancelInfo>
<PRTC_TID>StdpayCARDfourseason20211008155030319394</PRTC_TID>
<PRTC_Price>59800</PRTC_Price>
<PRTC_Remains>59700</PRTC_Remains>
<PRTC_Quota>00</PRTC_Quota>
<PRTC_Type>1</PRTC_Type>
<CancelDate>20211013</CancelDate>
<CancelTime>112456</CancelTime>
<PRTC_Cnt>1</PRTC_Cnt>
</PartCancelInfo>]
INFO	[2021-10-13 11:24:55:809] <24138> DECRYPT PARSE OK
INFO	[2021-10-13 11:24:55:810] <24138> END repay 정상처리되었습니다. Laptime:[0.234sec]
INFO	[2021-10-13 11:24:55:810] <24138> ===============================================================
