INFO	[2021-02-05 23:48:53:716] <24515> START INIPHP cancel (V5036-141209)(OS:Linux2.6.32-754.11.1.el6.x86_64,PHP:5.3.3)
DEBUG	[2021-02-05 23:48:53:716] <24515> inipayhome:/home1/killdeal/public_html/shop/inicis
DEBUG	[2021-02-05 23:48:53:716] <24515> debug:false
DEBUG	[2021-02-05 23:48:53:716] <24515> type:cancel
DEBUG	[2021-02-05 23:48:53:716] <24515> mid:fourseason
DEBUG	[2021-02-05 23:48:53:716] <24515> admin:1111
DEBUG	[2021-02-05 23:48:53:716] <24515> tid:StdpayVBNKfourseason20210205234710042584
DEBUG	[2021-02-05 23:48:53:716] <24515> cancelmsg:주문자 본인 취소-상품옵션 선택 잘못함
INFO	[2021-02-05 23:48:53:716] <24515> Check Field OK
INFO	[2021-02-05 23:48:53:716] <24515> PI PUB KEY LOAD OK []
INFO	[2021-02-05 23:48:53:717] <24515> PG PUB KEY LOAD OK [30]
INFO	[2021-02-05 23:48:53:717] <24515> MERCHANT PRIV KEY LOAD OK
INFO	[2021-02-05 23:48:53:717] <24515> MERCHANT PUB KEY LOAD OK [0]
DEBUG	[2021-02-05 23:48:53:718] <24515> MAKE ENCRYPT OK[<?xml version="1.0" encoding="UTF-8"?>
<CancelInfo>
	  <CancelTID>StdpayVBNKfourseason20210205234710042584</CancelTID>
	  <CancelMsg urlencode="1">%C1%D6%B9%AE%C0%DA+%BA%BB%C0%CE+%C3%EB%BC%D2-%BB%F3%C7%B0%BF%C9%BC%C7+%BC%B1%C5%C3+%C0%DF%B8%F8%C7%D4</CancelMsg>
	  <CancelReason/></CancelInfo>]
INFO	[2021-02-05 23:48:53:718] <24515> MAKE BODY OK
INFO	[2021-02-05 23:48:53:718] <24515> SIGN OK
INFO	[2021-02-05 23:48:53:718] <24515> MAKE HEAD OK
INFO	[2021-02-05 23:48:53:718] <24515> MSG_TO_PG:[0101500175D SHA1                   0                                      300420fourseason                    StdpayVBNKfourseason20210205234710042584<?xml version="1.0" encoding="UTF-8"?>
<INIpay>
	  <CancelInfo>
	    <SessionKey>rcW3JnqzPrPSwQin2x2099D9aAvUIhaaxi/D9P6/igpoSXTk6hQDzzSZevXnIEW2
KWh0P0wRKFSDW9dArXG3B7ItXqCbAc+oUgBXu9bXoueJCdBkVC835gilofz3mLl4
muEeGPIDIDuUFtJfoKoxGy8lm2FHd7lywW/wcLBbI/6YaJ8ANB533A==
</SessionKey>
	    <Encrypted>dxYqlqUGGM/orLjWj1VbtQmHBvOt+vqasB5zfIXH/bGLv0trYOO+FuoZsIqqILeW
Qr/oTHcG9tRq7VLrcaNqG4HriIbXixInS8TTJtLH+ySi2gxUF1xeWIWYg3TLjWoD
PNfRcPeffNZFviZFgOlxDTxN27UKb2d0YqcaUd0OQp438rUaVUpN0ch/QY4UsMhn
34SipHnO4sa4j5M6xzfIuLfEop+MF0hKLbg6DWTvtkHo6blL7VGrZonrzcB2DYZX
Z72Xmq3PVoL4FlNMOqL8JbB6QWgWFo3NBWanX19Y57bnAomHmjHE7APXIQVsw0oP
/gdBuKqSTXvOkYfhiL+c9494v6Yt9wzFq0TepKGpEPY6suBrrdRyXRzrjlMZETwb
ENOtX/CcWHs=
</Encrypted></CancelInfo>
	  <ReservedInfo>
	    <MReserved1/>
	    <MReserved2/>
	    <MReserved3/></ReservedInfo>
	  <ManageInfo>
	    <Language/>
	    <URL/>
	    <TXVersion>5036B141209canceLinux     PHPchkfake   2.6.32-754.11.1.el6.x86_64PHP:</TXVersion>
	    <TXUserID/>
	    <TXRegNum/></ManageInfo></INIpay>AG8J8qi2REeQt9VzLg4dWxI/0tbCYoBi/0wfU+K2SN+xBn30fSdqInTAauV0Pc0P
R6sDfc/YxmmB+jqsPmQdosWD/EtBRTTc3ett3kUlFxDhTf3YLU+tYFKp2NaM+Apa
J4Vj+GQ3WOeQpn5PAymJuTd9uT624mxIflTq20SZIP/I
]
INFO	[2021-02-05 23:48:53:718] <24515> DNS LOOKUP OK(203.238.37.3:203.238.37.3:34049) laptime:0
INFO	[2021-02-05 23:48:53:721] <24515> SOCKET CONNECT OK
INFO	[2021-02-05 23:48:53:721] <24515> SEND OK
INFO	[2021-02-05 23:48:53:884] <24515> RECV OK
INFO	[2021-02-05 23:48:53:884] <24515> MSG_FROM_PG:[0159300175D SHA1                   0                                      300430fourseason                    StdpayVBNKfourseason20210205234710042584<?xml version="1.0" encoding="UTF-8"?>
<INIpay>
  <CancelInfo>
    <ResultCode>170000</ResultCode>
    <ResultMsg urlencode="1">%C1%A4%BB%F3%C3%B3%B8%AE%B5%C7%BE%FA%BD%C0%B4%CF%B4%D9.</ResultMsg>
    <SessionKey>AMdJVFWTefu154tOjofCp2dSxdGXDXXgw3+CQtJqxwIU2P7CTQog6WCWt3jjeCIm
GlQGsVoxMLUAOOWkFev8rvp8+yc9j4kYMsWiH+AdXqRpT0fWcK1MSWH0eurMxFdA
rawXbA+9tEUT+I3tFZ4Uft2rFxVKXnbn94XthKQ43i+QGF4kAzTW0XY=
</SessionKey>
    <Encrypted>C0Y/UcqZBtNm5uEUbJcFmwo4jLJBDXNpeN2Ky85aqqKuWOnW0Rl/n+BXa167FWT+
D9iz8f77PwsRZfyAHGoLKEUHdVcs+uormhZ/MFUfndeCNiM0mvsr0/RnB1AgdXZy
zs/WFsVFHgt694dSsI25utA1CWUw+rwb/+h9XE4f0ECmKO4re50GZl3A9JhjPaVH
h4hCM9RznQBc5i+pmHUb/neOhCl11jAStTonqw9uqBozEbybCiDCCvB2ZVs3LyQO
mOehTbB7D5X7IhQtTK1EfohGotcNSys20hzM5fAbppuJ9GxwPbTmzmfMiURcrBW6
X+qwSrjKfHrb/0mSa5VboK2jC29U/85LtiXYfjUGTx+UpUe3wgMDsHJ65QsXmAmB
hDHjt56zM9JFJ56C9qvLgyBOSYrPKzlI/XN9qfLsqzl7Vqr9HtfuY+WvUi8o5fJU
dvplk1w9DsmQuVLw9ff3+01KQ1LoQ5s1SpGZe/BACEfgEF/37zGxM8SMeohJulkq
Z0APvssb0Yc5m/yDmvQuuojwsgCfw8D2Pt8VkrvV50peTUJGn+MI/C8Rv8pkMVRO
kddJza017GoP1wl/Y4yMXdEfnDTDtf6gSTbmmOaGmPMEh22aDuZ16dd8shBe+ilD
37ng3oZXtCS+RVGfrtbrDiggUAXN09nur31/oCgazNhCImUAM+6T2iGDDYywZkuL
xkPBz0KU68snHGcJWJg2x2Qk+fJuB8ejVz0fQe1bwBDvwOdvw7e2NkVDUnEdcM+x
is0WP0vWaugz7ORdFDj7Kw==
</Encrypted>
  </CancelInfo>
  <ManageInfo/>
  <ReservedInfo>
    <MReserved1 urlencode="1"></MReserved1>
    <MReserved2 urlencode="1"></MReserved2>
    <MReserved3 urlencode="1"></MReserved3>
    <PGReserved1 urlencode="1"></PGReserved1>
    <PGReserved2 urlencode="1"></PGReserved2>
    <PGReserved3 urlencode="1"></PGReserved3>
  </ReservedInfo>
</INIpay>
L0uZINToy4GndMuoSM1cTiMWN/fvrXNniITtJ3MlqJi4TbMF0kufGhFYwjg1KuEt
X1iBQ5eCt5pDGpM39A6tzad+ZmSCRMITXOtuMBhHt78hW8x44JQ6gC5hjsBmhR2U
P2+NSoxiyrrxMdHzMv5yz1IBxeQHShAF6C4gWEGU3+Q=
]
INFO	[2021-02-05 23:48:53:884] <24515> VERIFY OK
INFO	[2021-02-05 23:48:53:884] <24515> PARSE HEAD OK
INFO	[2021-02-05 23:48:53:884] <24515> PARSE BODY OK
INFO	[2021-02-05 23:48:53:885] <24515> DECRYPT OK
DEBUG	[2021-02-05 23:48:53:885] <24515> DECRYPT MSG:[<?xml version="1.0" encoding="UTF-8"?>
<CancelInfo>
  <CancelDate>20210205</CancelDate>
  <CancelTime>234853</CancelTime>
  <ResultCode>170000</ResultCode>
  <ResultMsg urlencode="1">%C1%A4%BB%F3%C3%B3%B8%AE%B5%C7%BE%FA%BD%C0%B4%CF%B4%D9.</ResultMsg>
  <CSHR_CancelNum></CSHR_CancelNum>
  <CSHR_CancelDate>20210205</CSHR_CancelDate>
  <CSHR_CancelTime>234853</CSHR_CancelTime>
  <CSHR_ResultCode>220000</CSHR_ResultCode>
  <CSHR_ResultMsg urlencode="1">%C1%A4%BB%F3%C3%B3%B8%AE%B5%C7%BE%FA%BD%C0%B4%CF%B4%D9.</CSHR_ResultMsg>
  <VACT_FlgRemit urlencode="1"></VACT_FlgRemit>
</CancelInfo>]
INFO	[2021-02-05 23:48:53:885] <24515> DECRYPT PARSE OK
INFO	[2021-02-05 23:48:53:885] <24515> END cancel 정상처리되었습니다. Laptime:[0.169sec]
INFO	[2021-02-05 23:48:53:885] <24515> ===============================================================
