INFO	[2021-04-23 15:11:36:198] <4746> START INIPHP receipt (V5036-141209)(OS:Linux2.6.32-754.11.1.el6.x86_64,PHP:5.3.3)
DEBUG	[2021-04-23 15:11:36:198] <4746> inipayhome:/home1/killdeal/public_html/shop/inicis
DEBUG	[2021-04-23 15:11:36:198] <4746> debug:false
DEBUG	[2021-04-23 15:11:36:198] <4746> type:receipt
DEBUG	[2021-04-23 15:11:36:198] <4746> pgid:INIphpRECP
DEBUG	[2021-04-23 15:11:36:198] <4746> paymethod:CASH
DEBUG	[2021-04-23 15:11:36:198] <4746> currency:WON
DEBUG	[2021-04-23 15:11:36:198] <4746> admin:1111
DEBUG	[2021-04-23 15:11:36:198] <4746> mid:fourseason
DEBUG	[2021-04-23 15:11:36:198] <4746> goodname:핫딜전시상품히스케이인피니트초고반발드라이버반발계수086
DEBUG	[2021-04-23 15:11:36:198] <4746> cr_price:259000
DEBUG	[2021-04-23 15:11:36:198] <4746> sup_price:235455
DEBUG	[2021-04-23 15:11:36:198] <4746> tax:23545
DEBUG	[2021-04-23 15:11:36:198] <4746> srvc_price:0
DEBUG	[2021-04-23 15:11:36:198] <4746> buyername:이철호
DEBUG	[2021-04-23 15:11:36:198] <4746> buyeremail:ZOO7556@NAVER.COM
DEBUG	[2021-04-23 15:11:36:198] <4746> buyertel:+821073937556
DEBUG	[2021-04-23 15:11:36:198] <4746> reg_num:6002021701711
DEBUG	[2021-04-23 15:11:36:198] <4746> useopt:0
DEBUG	[2021-04-23 15:11:36:198] <4746> companynumber:
INFO	[2021-04-23 15:11:36:198] <4746> Check Field OK
INFO	[2021-04-23 15:11:36:198] <4746> Make TID OK INIphpRECPfourseason20210423151136986433
INFO	[2021-04-23 15:11:36:198] <4746> PI PUB KEY LOAD OK []
INFO	[2021-04-23 15:11:36:199] <4746> PG PUB KEY LOAD OK [30]
INFO	[2021-04-23 15:11:36:199] <4746> MERCHANT PRIV KEY LOAD OK
INFO	[2021-04-23 15:11:36:199] <4746> MERCHANT PUB KEY LOAD OK [0]
DEBUG	[2021-04-23 15:11:36:200] <4746> MAKE ENCRYPT OK[<?xml version="1.0" encoding="UTF-8"?>
<PaymentInfo>
	  <Payment>
	    <CASH>
	      <CSHR_ApplPrice>259000</CSHR_ApplPrice>
	      <CSHR_SupplyPrice>235455</CSHR_SupplyPrice>
	      <CSHR_Tax>23545</CSHR_Tax>
	      <CSHR_ServicePrice/>
	      <CSHR_Type>0</CSHR_Type>
	      <CSHR_RegNum>6002021701711</CSHR_RegNum>
	      <CSHR_CompanyNum/></CASH></Payment></PaymentInfo>]
INFO	[2021-04-23 15:11:36:200] <4746> MAKE BODY OK
INFO	[2021-04-23 15:11:36:201] <4746> SIGN OK
INFO	[2021-04-23 15:11:36:201] <4746> MAKE HEAD OK
INFO	[2021-04-23 15:11:36:201] <4746> MSG_TO_PG:[0199700175D SHA1                   0                                      300200fourseason              259000INIphpRECPfourseason20210423151136986433<?xml version="1.0" encoding="UTF-8"?>
<INIpay>
	  <GoodsInfo>
	    <GoodsCnt>1</GoodsCnt>
	    <MOID/>
	    <Currency>WON</Currency>
	    <Tax>23545</Tax>
	    <TaxFree/>
	    <Goods>
	      <SMID>fourseason</SMID>
	      <GoodsName urlencode="1">%C7%D6%B5%F4%C0%FC%BD%C3%BB%F3%C7%B0%C8%F7%BD%BA%C4%C9%C0%CC%C0%CE%C7%C7%B4%CF%C6%AE%C3%CA%B0%ED%B9%DD%B9%DF%B5%E5%B6%F3%C0%CC%B9%F6%B9%DD%B9%DF%B0%E8%BC%F6086</GoodsName>
	      <GoodsPrice>259000</GoodsPrice></Goods></GoodsInfo>
	  <BuyerInfo>
	    <BuyerName urlencode="1">%C0%CC%C3%B6%C8%A3</BuyerName>
	    <BuyerTel>+821073937556</BuyerTel>
	    <BuyerEmail urlencode="1">ZOO7556%40NAVER.COM</BuyerEmail>
	    <ParentEmail/>
	    <RecvName/>
	    <RecvTel/>
	    <RecvMsg/>
	    <RecvAddr/>
	    <RecvPostNum/></BuyerInfo>
	  <PaymentInfo>
	    <Payment>
	      <PayMethod>CASH</PayMethod>
	      <JoinCard/>
	      <JoinExpire/>
	      <MailOrder/>
	      <SessionKey>ulcVEwazjqdu5BIyNcwi+08g0X0V03vrH7BXXnrv67XJL87xHJTZmPJ1fQyxYDSJ
1YnCZueewgw/m/LfEKQRf1fJ0N5aaXBVzYtwIAoYuFbN2qXp1p8A6U9KovpBWk4p
2hyvVOFW76eMNZT/UqQrdmDzI+0LS2IEwi6VhVe9TovtU1Xw4UW8Mw==
</SessionKey>
	      <Encrypted>EsnEmjmR2ELWR4Ey/mxGQkmoMgHPSe1QaVDWue1UWc1POuhMx9NgJ/b6BzgE3Hi1
XZbZZgSELCOI1TXtmkQOD1myZ8k71gPrzl85TagonnMw/TqgI1QsqMGRjeqmOgRB
eFpnBtEGDj9tRAqlUPrNPO77Q/evSJyYu+mSk9JdeiLynZ3S3tr2YgCCfPrpIlSq
wn5zdSeLo8eix6QNR6rt68xUXmim3oBlU7x2zOk6ejBrFxe5kP0rqkCDIpsWO1F2
CJ5m3WfCBhWnQpcweDxVj7i0rgkftFCfhU6ZAa6ShO0cY6VBMDw+S/gaA5r/UGwW
sKBmhmq5UdZKaJrYyKtQ6En+0UQuuAjtm7YgYE53LnWw+wzKgxGHKJQhC169+dHq
y8P2yMBn+6PW6EVgcyELxi0xS+VCilXt36QjobM+OFi26+zWEG04spDu/2/HCQ51
rurNRUIPZBHE5uvoj9pwd/dlUCvtcBmkZZ4r5s8yxrJlizFdahkcbA==
</Encrypted></Payment></PaymentInfo>
	  <ReservedInfo>
	    <MReserved1/>
	    <MReserved2/>
	    <MReserved3/></ReservedInfo>
	  <ManageInfo>
	    <Language/>
	    <URL/>
	    <TXVersion>5036B141209receiLinux     PHPchkfake   2.6.32-754.11.1.el6.x86_64PHP:</TXVersion>
	    <TXUserID/>
	    <TXRegNum/>
	    <Ack>1</Ack></ManageInfo></INIpay>AHnb1nzeRcdWlc4pvgRBonIBF8sxqJDm5+yCgqT7PbHS6+gMRM5iH9J9meW6vNnq
+bsH6sbESGAUMAGiKO6QUTAEgVCTuQTtLbx38ZVYtA5kuWE/TOxauomm1Sf5AH4h
t30DtBAojcb3/IY3o+476QdW+Da3eUya+ngFBJiGsczI
]
INFO	[2021-04-23 15:11:36:201] <4746> DNS LOOKUP OK(203.238.37.3:203.238.37.3:34049) laptime:0
INFO	[2021-04-23 15:11:36:204] <4746> SOCKET CONNECT OK
INFO	[2021-04-23 15:11:36:204] <4746> SEND OK
INFO	[2021-04-23 15:11:36:339] <4746> RECV OK
INFO	[2021-04-23 15:11:36:339] <4746> MSG_FROM_PG:[0173800175D SHA1                   0                                      300210fourseason              259000INIphpRECPfourseason20210423151136986433<?xml version="1.0" encoding="UTF-8"?><INIpay>
<GoodsInfo>
<GoodsCnt>1</GoodsCnt>
<MOID urlencode="1"/>
<Currency>WON</Currency>
<Goods no="1">
<SMID>fourseason</SMID>
<GoodsName urlencode="1">%C7%D6%B5%F4%C0%FC%BD%C3%BB%F3%C7%B0%C8%F7%BD%BA%C4%C9%C0%CC%C0%CE%C7%C7%B4%CF%C6%AE%C3%CA%B0%ED%B9%DD%B9%DF%B5%E5%B6%F3%C0%CC%B9%F6%B9%DD%B9%DF%B0%E8%BC%F6086</GoodsName>
<GoodsCntS>1</GoodsCntS>
<GoodsPrice>259000</GoodsPrice>
</Goods>
</GoodsInfo>
<PaymentInfo>
<Payment>
<SessionKey>ACqT9sOvjbdg/omfr16S6qpY+zgXZjWOJ10/aQ9oJZ4IOfk8w/bebi14qzPVfSlU
hZ9/6woQljyYhLUi6WuAZ5cbJpmZzjuuM+BfLWFcyen/oE+4b6RPKVf0OTX4yXF8
J358jHQ4CVB41d0/4vFGZsCNJgCGqHTgdTBa2F5wG9f25im7oRMhnFA=
</SessionKey>
<Encrypted>3OgFjULQmc2mj+Aq0O2G1rYfGs6+3aCVJ5vNWSnRC3xChTWCEXd/j93MKCZIUlrq
BXztGbvEmJ1ouiAswcV1k1VXjQik7XRFkGRymYwmuGDA9GmBd+tvwNDX4aETigUn
16VhnA/X46V9LVd5rgYuQK2NgyTCwKLRxLQVhzSvdR5hmGoMmvNTZitYA7lOu51U
33f8le58upTDVXe6i9i96BD37GePcJx9h/IBTjly5A7Aj8iJIYiLXuqSgSohwFky
gCuUhiki4dpws3qlR+2MFtt7foiiEQRrMmmgE/pl4U9wVrs4JDxr27NXhjf0OGLK
RiakH3PJUN8z/nQadw7F88HbJZDEXiuhidP6FJknMDnGk4K5ZyS3TYenNChpZFwf
b5hR9v3B58UMxNH2MGl2PU6YDONte926aY1edLoT9sjVbXa7V3P0OhRrriOAw7/W
EEqmvGdB+IS7h1GWHxCp8UQmo4i2c98/LUueTCC+a1iywqXfq7zUdJ1u2xXyY8Cx
Snf+vWacO1sJdReMK8xk+S84AYZDIheZh/SAnLB5cxwGHiWvtW3qLFV1WqZ+3s+P
VowaHoaS4WrBN5yvD9SRVKVZsh21jNjvPJqqWeCv39WB5+hTKXNkiwXt45oc5V6I
ppqCeYPP4FRFn72rS6hiPFN1LVdmFYydj6q5R/rxWTykFkiAOpcEHo7Da0okoW7H
</Encrypted>
<PayMethod>CASH</PayMethod>
<ResultCode>220000</ResultCode>
<ResultMsg urlencode="1">%C1%A4%BB%F3%C3%B3%B8%AE%B5%C7%BE%FA%BD%C0%B4%CF%B4%D9.</ResultMsg>
</Payment>
</PaymentInfo>
<ManageInfo/>
<ReservedInfo>
<MReserved1 urlencode="1"/>
<MReserved2 urlencode="1"/>
<MReserved3 urlencode="1"/>
</ReservedInfo>
</INIpay>
dMSbIX/EB9dIulQCSqNowokcn38HOZYR9TDAwxBZ6PQ/mO9LO5LafjWAkSmuutRK
yqXYKbjpYYNqjPbLaiomnAxBbV6znJ5r6dzdT92wST7r5cOKS+948UUE/gWsyJSE
j79LgxzJ4rAniLnLwuO04U+SKvFJRrhHscYpfHQCpr0=
]
INFO	[2021-04-23 15:11:36:339] <4746> VERIFY OK
INFO	[2021-04-23 15:11:36:339] <4746> PARSE HEAD OK
INFO	[2021-04-23 15:11:36:339] <4746> PARSE BODY OK
INFO	[2021-04-23 15:11:36:340] <4746> DECRYPT OK
DEBUG	[2021-04-23 15:11:36:340] <4746> DECRYPT MSG:[<?xml version="1.0" encoding="UTF-8"?><PaymentInfo>
<Payment>
<CASH>
<CSHR_ApplPrice>259000</CSHR_ApplPrice>
<CSHR_SupplyPrice>235455</CSHR_SupplyPrice>
<CSHR_Tax>23545</CSHR_Tax>
<CSHR_ServicePrice/>
<CSHR_Type>0</CSHR_Type>
<CSHR_ApplDate>20210423</CSHR_ApplDate>
<CSHR_ApplTime>151136</CSHR_ApplTime>
<CSHR_ApplNum>268814794</CSHR_ApplNum>
<CSHR_ResultCode>220000</CSHR_ResultCode>
<CSHR_ResultMsg urlencode="1">%C1%A4%BB%F3%C3%B3%B8%AE%B5%C7%BE%FA%BD%C0%B4%CF%B4%D9.</CSHR_ResultMsg>
</CASH>
</Payment>
</PaymentInfo>]
INFO	[2021-04-23 15:11:36:340] <4746> DECRYPT PARSE OK
INFO	[2021-04-23 15:11:36:341] <4746> WAIT ACK INVOKING
DEBUG	[2021-04-23 15:11:36:341] <4746> MAKE HEAD OK
INFO	[2021-04-23 15:11:36:344] <4746> SUCCESS ACK INVOKING
INFO	[2021-04-23 15:11:36:344] <4746> END receipt 정상처리되었습니다. Laptime:[0.147sec]
INFO	[2021-04-23 15:11:36:344] <4746> ===============================================================
