INFO	[2023-10-20 16:16:24:545] <9233> START INIPHP receipt (V5036-141209)(OS:Linux2.6.32-754.11.1.el6.x86_64,PHP:5.3.3)
DEBUG	[2023-10-20 16:16:24:546] <9233> inipayhome:/home1/killdeal/public_html/shop/inicis
DEBUG	[2023-10-20 16:16:24:546] <9233> debug:false
DEBUG	[2023-10-20 16:16:24:546] <9233> type:receipt
DEBUG	[2023-10-20 16:16:24:546] <9233> pgid:INIphpRECP
DEBUG	[2023-10-20 16:16:24:546] <9233> paymethod:CASH
DEBUG	[2023-10-20 16:16:24:546] <9233> currency:WON
DEBUG	[2023-10-20 16:16:24:546] <9233> admin:1111
DEBUG	[2023-10-20 16:16:24:546] <9233> mid:majorgol03
DEBUG	[2023-10-20 16:16:24:546] <9233> goodname:핫딜페라어스남성JP체크카라배색골프셔츠CTS3DJ2133 외 2건
DEBUG	[2023-10-20 16:16:24:546] <9233> cr_price:200700
DEBUG	[2023-10-20 16:16:24:546] <9233> sup_price:182455
DEBUG	[2023-10-20 16:16:24:546] <9233> tax:18245
DEBUG	[2023-10-20 16:16:24:546] <9233> srvc_price:0
DEBUG	[2023-10-20 16:16:24:546] <9233> buyername:예상국
DEBUG	[2023-10-20 16:16:24:546] <9233> buyeremail:ys5301@hanmail.net
DEBUG	[2023-10-20 16:16:24:546] <9233> buyertel:01058825301
DEBUG	[2023-10-20 16:16:24:546] <9233> reg_num:6308101120112
DEBUG	[2023-10-20 16:16:24:546] <9233> useopt:0
DEBUG	[2023-10-20 16:16:24:546] <9233> companynumber:
INFO	[2023-10-20 16:16:24:546] <9233> Check Field OK
INFO	[2023-10-20 16:16:24:546] <9233> Make TID OK INIphpRECPmajorgol0320231020161624463163
INFO	[2023-10-20 16:16:24:546] <9233> PI PUB KEY LOAD OK []
INFO	[2023-10-20 16:16:24:546] <9233> PG PUB KEY LOAD OK [30]
INFO	[2023-10-20 16:16:24:546] <9233> MERCHANT PRIV KEY LOAD OK
INFO	[2023-10-20 16:16:24:546] <9233> MERCHANT PUB KEY LOAD OK [0]
DEBUG	[2023-10-20 16:16:24:547] <9233> MAKE ENCRYPT OK[<?xml version="1.0" encoding="UTF-8"?>
<PaymentInfo>
	  <Payment>
	    <CASH>
	      <CSHR_ApplPrice>200700</CSHR_ApplPrice>
	      <CSHR_SupplyPrice>182455</CSHR_SupplyPrice>
	      <CSHR_Tax>18245</CSHR_Tax>
	      <CSHR_ServicePrice/>
	      <CSHR_Type>0</CSHR_Type>
	      <CSHR_RegNum>6308101120112</CSHR_RegNum>
	      <CSHR_CompanyNum/></CASH></Payment></PaymentInfo>]
INFO	[2023-10-20 16:16:24:547] <9233> MAKE BODY OK
INFO	[2023-10-20 16:16:24:548] <9233> SIGN OK
INFO	[2023-10-20 16:16:24:548] <9233> MAKE HEAD OK
INFO	[2023-10-20 16:16:24:548] <9233> MSG_TO_PG:[0197200175D SHA1                   0                                      300200majorgol03              200700INIphpRECPmajorgol0320231020161624463163<?xml version="1.0" encoding="UTF-8"?>
<INIpay>
	  <GoodsInfo>
	    <GoodsCnt>1</GoodsCnt>
	    <MOID/>
	    <Currency>WON</Currency>
	    <Tax>18245</Tax>
	    <TaxFree/>
	    <Goods>
	      <SMID>majorgol03</SMID>
	      <GoodsName urlencode="1">%C7%D6%B5%F4%C6%E4%B6%F3%BE%EE%BD%BA%B3%B2%BC%BAJP%C3%BC%C5%A9%C4%AB%B6%F3%B9%E8%BB%F6%B0%F1%C7%C1%BC%C5%C3%F7CTS3DJ2133+%BF%DC+2%B0%C7</GoodsName>
	      <GoodsPrice>200700</GoodsPrice></Goods></GoodsInfo>
	  <BuyerInfo>
	    <BuyerName urlencode="1">%BF%B9%BB%F3%B1%B9</BuyerName>
	    <BuyerTel>01058825301</BuyerTel>
	    <BuyerEmail urlencode="1">ys5301%40hanmail.net</BuyerEmail>
	    <ParentEmail/>
	    <RecvName/>
	    <RecvTel/>
	    <RecvMsg/>
	    <RecvAddr/>
	    <RecvPostNum/></BuyerInfo>
	  <PaymentInfo>
	    <Payment>
	      <PayMethod>CASH</PayMethod>
	      <JoinCard/>
	      <JoinExpire/>
	      <MailOrder/>
	      <SessionKey>hhRH8bGU2Id8XyndXq1lO3bqVcMeLp1VIiP++zn3zrPHmspU72ypu4Eb1Snx3Eyc
w5fRLRYBWtIaMkbBllvn0F9jshQLnu5IJ7YFx9s3Sp92wcx4j1OywwQBlkwZgBpZ
NC5xaBh3pWW1EPn6XHWFpyICzdnjSDPuW01qoeQ2BVGJBRhMZ8Elgw==
</SessionKey>
	      <Encrypted>g33W9NcywsvX8Ok9/Mv2GhsUlT8Fi9D9De0Q88OpUOQwFTEDdLz2L0vBk6Kw0YFz
EW1FLySZ4SQs3VmScc3caQqYUXJoY1DybZsUmyov4C4xwupN5ydlq5/e+/6Qx3ry
zSbV1V65O1N7wa27KZQVJ8DRukIkC5a3rdkTHHHDYVTxH3cxwYLzVrIeypNv3ghW
dAWKkunBItktRs1abLNNLE+m3wu9w7jEsFU4n49yXzMe0/b+04klDKOAzjkscYkO
nmVI76QvgG4wT4AUKxlZeo66ag58LaS9qCODIgyyIBLl5dmTVQTh73nGImw6sBWy
blq43bPC5IQ/b/iUJ/D34+TbE05YXYKAMmrq8iuvjkn5c3Ff4dOfodV1SJbEneVF
UwOxFG4t+ceWuBnE/I+w3q7lhb+terLYMxamVflWH9lfcewqQuo5ZTO9+lDDFhlz
bc0ru70s0pqA5sZCk7dE1zdPHrOpikW6YOPbC3j1BG2MeRAToPrkIQ==
</Encrypted></Payment></PaymentInfo>
	  <ReservedInfo>
	    <MReserved1/>
	    <MReserved2/>
	    <MReserved3/></ReservedInfo>
	  <ManageInfo>
	    <Language/>
	    <URL/>
	    <TXVersion>5036B141209receiLinux     PHPchkfake   2.6.32-754.11.1.el6.x86_64PHP:</TXVersion>
	    <TXUserID/>
	    <TXRegNum/>
	    <Ack>1</Ack></ManageInfo></INIpay>AQ5IjhhSHEGtDaNrF1iuqMmhZFI8Hhfx37INBkxAI+C1UMZSvr7zFKWGEF1OMhCo
1tA2dtSvHo71+4ypftgrAf4f8zbwycScKbDoKDyLvgyA/EjZ5i/BtfxN3V22Wt58
S+fzu+K3gqPoRvqZLqMjq+grKWWKgQn0dcDH0snpkxXL
]
INFO	[2023-10-20 16:16:24:548] <9233> DNS LOOKUP OK(203.238.37.3:203.238.37.3:34049) laptime:0
INFO	[2023-10-20 16:16:24:550] <9233> SOCKET CONNECT OK
INFO	[2023-10-20 16:16:24:550] <9233> SEND OK
INFO	[2023-10-20 16:16:24:658] <9233> RECV OK
INFO	[2023-10-20 16:16:24:658] <9233> MSG_FROM_PG:[0171400175D SHA1                   0                                      300210majorgol03              200700INIphpRECPmajorgol0320231020161624463163<?xml version="1.0" encoding="UTF-8"?><INIpay>
<GoodsInfo>
<GoodsCnt>1</GoodsCnt>
<MOID urlencode="1"/>
<Currency>WON</Currency>
<Goods no="1">
<SMID>majorgol03</SMID>
<GoodsName urlencode="1">%C7%D6%B5%F4%C6%E4%B6%F3%BE%EE%BD%BA%B3%B2%BC%BAJP%C3%BC%C5%A9%C4%AB%B6%F3%B9%E8%BB%F6%B0%F1%C7%C1%BC%C5%C3%F7CTS3DJ2133+%BF%DC+2%B0%C7</GoodsName>
<GoodsCntS>1</GoodsCntS>
<GoodsPrice>200700</GoodsPrice>
</Goods>
</GoodsInfo>
<PaymentInfo>
<Payment>
<SessionKey>ALvJ+ah9L4TAThsUFHqdUg4GMOxt7UmHY6L4C6/H7T1UO5MqajLb8Etl2XQ2rSVc
0KVmb9IZmQCh+n7jfVqglWoPtp3zuqTAxB12KG8/+4Lq6bvehT9HKbR9VMerpPLk
P9PED/2fJWqaCXPhlv570gu/cM69msibXR/NrH+e3nUVg4VRSD+DcP4=
</SessionKey>
<Encrypted>mkTpODbhib3T5hwbaROkAqi3GUSxZ6kROSRSwI25xtwX1QoN+puDOJYBOV9esnS+
1d+42oPGiwPLalts3rR/+3XCiUM2s2BUdSoTuXE6T4BLWwGQFciVO+oeQuF2eUSz
Qs4B3fG3f4OKs4zK7in/jnJFeaGerXMJ7k7/K6HY3yy3AagG4XnvcJQBC/je1t3z
UeJ/ra0UTAnx+s05rKpt+KDixWllkwQ6TrIOkmOQbitMdJNbOMINa3BfGVmuG5IS
5jIs6jSIAKPtC8tZKZMRyrmLxsbeuwmxKEhJTXjkzhIbG9VpxOfKSuvj0HvEwDhz
vOQVl/Z5nBiD16sBTOe0P/w+BPIWQYFnTs7qeQrzniu+9c2cSTEpFFBlRTJbSb7W
wd1q8gPlisGpmNxCeZTjAI1fFyP+8/2RCmAH0PYGET6J4tW68Q+dn0ANi45XaVGi
QxAyF1BdL420cemZR8XqbI/Hk3grTC01tmJMqGIqszfaHZ/S2GGX+s1/EDOpKmiv
yCDzHKvjAAaufqhHTTrrYhsIRACRSiGph1h9nPfwvDK/usoXmr3mVBp3grJN2G+2
4ZTLkxgMeOwmg8vAPUucIOkJ6owOJa+mmwxTiXWGtAnsIW9iUrE+hcLbzdo6GqKJ
qccEfgC082+LH6tuAEGQtyq5j9t0GoH0tojmrGjOsc0ko2HrFN98toZpbJSQ4gpS
</Encrypted>
<PayMethod>CASH</PayMethod>
<ResultCode>220000</ResultCode>
<ResultMsg urlencode="1">%C1%A4%BB%F3%C3%B3%B8%AE%B5%C7%BE%FA%BD%C0%B4%CF%B4%D9.</ResultMsg>
</Payment>
</PaymentInfo>
<ManageInfo/>
<ReservedInfo>
<MReserved1 urlencode="1"/>
<MReserved2 urlencode="1"/>
<MReserved3 urlencode="1"/>
</ReservedInfo>
</INIpay>
LOrTlGM71eD0bgsn2ZP0+pUo3IW3zX2ZThnnFOXzdZxovAxMaH4nxYDjbgdqqJEt
GgrTPLqsU4+IMYpc+h3hj7tpjH5OLUANmqy6FWj6OKrCQtY4X6+JeeyGkDLMDcHk
6Bu/ImD3nNHNXMv4BpsBLypCS+pvnzqjNsgSTavwjds=
]
INFO	[2023-10-20 16:16:24:658] <9233> VERIFY OK
INFO	[2023-10-20 16:16:24:658] <9233> PARSE HEAD OK
INFO	[2023-10-20 16:16:24:659] <9233> PARSE BODY OK
INFO	[2023-10-20 16:16:24:659] <9233> DECRYPT OK
DEBUG	[2023-10-20 16:16:24:660] <9233> DECRYPT MSG:[<?xml version="1.0" encoding="UTF-8"?><PaymentInfo>
<Payment>
<CASH>
<CSHR_ApplPrice>200700</CSHR_ApplPrice>
<CSHR_SupplyPrice>182455</CSHR_SupplyPrice>
<CSHR_Tax>18245</CSHR_Tax>
<CSHR_ServicePrice/>
<CSHR_Type>0</CSHR_Type>
<CSHR_ApplDate>20231020</CSHR_ApplDate>
<CSHR_ApplTime>161625</CSHR_ApplTime>
<CSHR_ApplNum>265592844</CSHR_ApplNum>
<CSHR_ResultCode>220000</CSHR_ResultCode>
<CSHR_ResultMsg urlencode="1">%C1%A4%BB%F3%C3%B3%B8%AE%B5%C7%BE%FA%BD%C0%B4%CF%B4%D9.</CSHR_ResultMsg>
</CASH>
</Payment>
</PaymentInfo>]
INFO	[2023-10-20 16:16:24:660] <9233> DECRYPT PARSE OK
INFO	[2023-10-20 16:16:24:660] <9233> WAIT ACK INVOKING
DEBUG	[2023-10-20 16:16:24:660] <9233> MAKE HEAD OK
INFO	[2023-10-20 16:16:24:663] <9233> SUCCESS ACK INVOKING
INFO	[2023-10-20 16:16:24:663] <9233> END receipt 정상처리되었습니다. Laptime:[0.118sec]
INFO	[2023-10-20 16:16:24:663] <9233> ===============================================================
