INFO	[2022-07-13 14:36:23:931] <601> START INIPHP cancel (V5036-141209)(OS:Linux2.6.32-754.11.1.el6.x86_64,PHP:5.3.3)
DEBUG	[2022-07-13 14:36:23:931] <601> inipayhome:/home1/killdeal/public_html/shop/inicis
DEBUG	[2022-07-13 14:36:23:931] <601> debug:false
DEBUG	[2022-07-13 14:36:23:931] <601> type:cancel
DEBUG	[2022-07-13 14:36:23:931] <601> mid:majorgol03
DEBUG	[2022-07-13 14:36:23:931] <601> admin:1111
DEBUG	[2022-07-13 14:36:23:931] <601> tid:INIMX_CARDmajorgol0320220709172653365512
DEBUG	[2022-07-13 14:36:23:931] <601> cancelmsg:쇼핑몰 운영자 승인 취소
INFO	[2022-07-13 14:36:23:931] <601> Check Field OK
INFO	[2022-07-13 14:36:23:931] <601> PI PUB KEY LOAD OK []
INFO	[2022-07-13 14:36:23:932] <601> PG PUB KEY LOAD OK [30]
INFO	[2022-07-13 14:36:23:932] <601> MERCHANT PRIV KEY LOAD OK
INFO	[2022-07-13 14:36:23:932] <601> MERCHANT PUB KEY LOAD OK [0]
DEBUG	[2022-07-13 14:36:23:933] <601> MAKE ENCRYPT OK[<?xml version="1.0" encoding="UTF-8"?>
<CancelInfo>
	  <CancelTID>INIMX_CARDmajorgol0320220709172653365512</CancelTID>
	  <CancelMsg urlencode="1">%BC%EE%C7%CE%B8%F4+%BF%EE%BF%B5%C0%DA+%BD%C2%C0%CE+%C3%EB%BC%D2</CancelMsg>
	  <CancelReason/></CancelInfo>]
INFO	[2022-07-13 14:36:23:933] <601> MAKE BODY OK
INFO	[2022-07-13 14:36:23:933] <601> SIGN OK
INFO	[2022-07-13 14:36:23:933] <601> MAKE HEAD OK
INFO	[2022-07-13 14:36:23:933] <601> MSG_TO_PG:[0096200175D SHA1                   0                                      300420majorgol03                    INIMX_CARDmajorgol0320220709172653365512<?xml version="1.0" encoding="UTF-8"?>
<INIpay>
	  <CancelInfo>
	    <SessionKey>yLz1EyW1ZSvLMaUUCRtNQh1w5JRuVQfOHI7Ibp8g8UTxAew0dIymmMs+kk2DhRXb
X4qowqvofR07dIA430bLoOFfTje+ngDhyisDZmVAM19hGHDKxI+gBexVNXSzn1NE
bPJjLglS0Sao0GItMslwGMMeyqeWwog2WcQQPwU1vHrDztWMtVhdOQ==
</SessionKey>
	    <Encrypted>67qj23Hw7zPsffddZ2MxCbOSVY095y8b5vkZZvWb3R/NUwyBMUWVs+ncmjZiqDJh
F9sFKxJ8WsedtvFkMkFVr4UtL9RCt3oy0UWfc+i+mXFVnjXdTNuthS9dzJzgdOW6
YfY6rjFBLW05iH/XjMfY3PIQvjjy8qWAwgdVIJG2DuPSnJGIu2+pj57KGVcoBz+i
BBsxmnRF6BdztDN4hkPoGCynZaqGgEK7Q3JMs2s4QEX0P9yC0gbQJtmmgL2ZmNWk
k0tOoG7wCIqKDRZoK5+aiIZnx0CiDRBTztC8ThT4FJ90PhJennbdEwdk0fZqAW56
IXn4Afu08dtTPvXOBaPPVg==
</Encrypted></CancelInfo>
	  <ReservedInfo>
	    <MReserved1/>
	    <MReserved2/>
	    <MReserved3/></ReservedInfo>
	  <ManageInfo>
	    <Language/>
	    <URL/>
	    <TXVersion>5036B141209canceLinux     PHPchkfake   2.6.32-754.11.1.el6.x86_64PHP:</TXVersion>
	    <TXUserID/>
	    <TXRegNum/></ManageInfo></INIpay>ALI291zPLn8two3/p7Uf3v+vndAAA8T5N1JJtkQOIKXnwz7DfEQKkgPxNzGozjui
MuBRBYxVdNJY9s0fyYD6pcO4rLzXh0br0UMQ6o5Gro9akDZtokEZu6xP4CVdMjYm
LdB3P/OopAbP306Rdnl9JygXszqCZ92cmxCqI6VoYlO7
]
INFO	[2022-07-13 14:36:23:933] <601> DNS LOOKUP OK(203.238.37.3:203.238.37.3:34049) laptime:0
INFO	[2022-07-13 14:36:23:935] <601> SOCKET CONNECT OK
INFO	[2022-07-13 14:36:23:936] <601> SEND OK
INFO	[2022-07-13 14:36:24:476] <601> RECV OK
INFO	[2022-07-13 14:36:24:476] <601> MSG_FROM_PG:[0093300175D SHA1                   0                                      300430majorgol03                    INIMX_CARDmajorgol0320220709172653365512<?xml version="1.0" encoding="UTF-8"?><INIpay>
<CancelInfo>
<ResultCode>120000</ResultCode>
<ResultMsg urlencode="1">%C1%A4%BB%F3%C3%B3%B8%AE%B5%C7%BE%FA%BD%C0%B4%CF%B4%D9.</ResultMsg>
<SessionKey>APeyJnzKSphkLyT8QjdiSL+/6xlBENBdj8+w4iLqgxQZaKIVMLGpY9zBQxUiVyZg
wdhNaANrUo8YHdwsKqTyBTGRN6OjikJ1XclIMVOyUay/eucwgq2LDrQzkfY6UXuA
Egf3YVQ1jHRgtLK6eLqPiMGsF51R8Mcob/sF46PPqeEuFPsakn3xrvA=
</SessionKey>
<Encrypted>5MdvOuiQfe+xQ/uBDkbsQl0YytIPzujHg9FQqk/xvE2618khZSTNlqn33lFFpBnE
2/DfnfWRkJwVUKRUww8kszmv3zpFfK9yn7XhOSJBOZ0CE+OjFiQUZQqhIHDcb0lc
6vzb54pv94qkIhh1oiDIlHBsW6JvIjxXXBM0kQVxPQsvbKQbqIKpkDOI7YsfJvbF
9BlASMoE7IJpMwduaHLUFxaYZeTFLf8DO5d81Uhus7bwGuEATTYJLtfS/H/w/R/s
8Jj2d5XpdAcAlhzk+6CLVKgp+WZroRTjBpUB+GRxIENU6mA+eIEg8QntipJ+pxLi
jR59z54U41l7DhXQSKcE1o17FVP98jwu
</Encrypted>
</CancelInfo>
<ManageInfo/>
<ReservedInfo>
<MReserved1 urlencode="1"/>
<MReserved2 urlencode="1"/>
<MReserved3 urlencode="1"/>
</ReservedInfo>
</INIpay>
Q1siKRNH0clJH0S4kmTK3HPkjPa4gYQUD66ZaEW10OFqK/e8O5udtEYMkDM5laoU
IxPZNHAGbSuf4FqQGhpYeGnZDjO8VITvE7fjWNvdhvNVTP3t083ns0Yu3Zjk0iua
GkAG/fHdyfQKGD4fyoA3sJTTlqfC/sxawUhG6hoKBMQ=
]
INFO	[2022-07-13 14:36:24:476] <601> VERIFY OK
INFO	[2022-07-13 14:36:24:476] <601> PARSE HEAD OK
INFO	[2022-07-13 14:36:24:476] <601> PARSE BODY OK
INFO	[2022-07-13 14:36:24:477] <601> DECRYPT OK
DEBUG	[2022-07-13 14:36:24:477] <601> DECRYPT MSG:[<?xml version="1.0" encoding="UTF-8"?><CancelInfo>
<CancelDate>20220713</CancelDate>
<CancelTime>143624</CancelTime>
<ResultCode>120000</ResultCode>
<ResultMsg urlencode="1">%C1%A4%BB%F3%C3%B3%B8%AE%B5%C7%BE%FA%BD%C0%B4%CF%B4%D9.</ResultMsg>
</CancelInfo>]
INFO	[2022-07-13 14:36:24:477] <601> DECRYPT PARSE OK
INFO	[2022-07-13 14:36:24:477] <601> END cancel 정상처리되었습니다. Laptime:[0.546sec]
INFO	[2022-07-13 14:36:24:477] <601> ===============================================================
