INFO	[2021-06-26 14:09:33:741] <2498> START INIPHP cancel (V5036-141209)(OS:Linux2.6.32-754.11.1.el6.x86_64,PHP:5.3.3)
DEBUG	[2021-06-26 14:09:33:741] <2498> inipayhome:/home1/killdeal/public_html/shop/inicis
DEBUG	[2021-06-26 14:09:33:741] <2498> debug:false
DEBUG	[2021-06-26 14:09:33:741] <2498> type:cancel
DEBUG	[2021-06-26 14:09:33:741] <2498> mid:majorgol03
DEBUG	[2021-06-26 14:09:33:741] <2498> admin:1111
DEBUG	[2021-06-26 14:09:33:741] <2498> tid:INIMX_CARDmajorgol0320210626133707385019
DEBUG	[2021-06-26 14:09:33:741] <2498> cancelmsg:주문자 본인 취소-상품옵션 선택 잘못함
INFO	[2021-06-26 14:09:33:741] <2498> Check Field OK
INFO	[2021-06-26 14:09:33:742] <2498> PI PUB KEY LOAD OK []
INFO	[2021-06-26 14:09:33:742] <2498> PG PUB KEY LOAD OK [30]
INFO	[2021-06-26 14:09:33:742] <2498> MERCHANT PRIV KEY LOAD OK
INFO	[2021-06-26 14:09:33:743] <2498> MERCHANT PUB KEY LOAD OK [0]
DEBUG	[2021-06-26 14:09:33:743] <2498> MAKE ENCRYPT OK[<?xml version="1.0" encoding="UTF-8"?>
<CancelInfo>
	  <CancelTID>INIMX_CARDmajorgol0320210626133707385019</CancelTID>
	  <CancelMsg urlencode="1">%C1%D6%B9%AE%C0%DA+%BA%BB%C0%CE+%C3%EB%BC%D2-%BB%F3%C7%B0%BF%C9%BC%C7+%BC%B1%C5%C3+%C0%DF%B8%F8%C7%D4</CancelMsg>
	  <CancelReason/></CancelInfo>]
INFO	[2021-06-26 14:09:33:743] <2498> MAKE BODY OK
INFO	[2021-06-26 14:09:33:744] <2498> SIGN OK
INFO	[2021-06-26 14:09:33:744] <2498> MAKE HEAD OK
INFO	[2021-06-26 14:09:33:744] <2498> MSG_TO_PG:[0101500175D SHA1                   0                                      300420majorgol03                    INIMX_CARDmajorgol0320210626133707385019<?xml version="1.0" encoding="UTF-8"?>
<INIpay>
	  <CancelInfo>
	    <SessionKey>cixAKDMOB/xPFRfl4dg2XsmcUuH03SMJ5HL7JdDJoV5d5zKfLXJs36V9G6YsHm/d
HPVqy0AmVpbiNnOYAwNFUhKzBo8c3RH+0dQF5uVHn2TSw8Thu93hAUzPLe+cvb7O
6sGO7XIZAF/CDbX4HVFNZNJzwQ1Py8mng/qEGFE7hP4XZkMCJ0lz1A==
</SessionKey>
	    <Encrypted>tFXR+ZZGapcG3C+4pRMZsSPcR2idEmCuwJPwGDKsAOcyASLZ2QguEa1IBSS5Olny
JaAQNqtWwa7Ng/yLC8nsKuuiPM6bzvx/e1SXicvLLodDzk+Qa5rGuh0T/0SVgMfG
lUKkJgCG1RZJ5uyy/voIMtMXgw+SM+pfFjGwrZr1Rh38iwiUO267AzZZGSlaMk4K
4kSBJJbPwBYjuECPlndPgg+sNPErIeKopvYhwmJxFPDmbSg/ppVSrvRZFGRBTnBd
sazlx2fAUgjYLDdM4Wor+pUx+QEY0mUjSZh2F0rC8PZh/1a4i5J7RBHCcV0tA51Z
Ft2C8KqxN98fZNJ/6jqc1TucdWQ6Codm5VCt14ejknbJBLRFbREsvBpZGFzredJw
VlypztcTW9A=
</Encrypted></CancelInfo>
	  <ReservedInfo>
	    <MReserved1/>
	    <MReserved2/>
	    <MReserved3/></ReservedInfo>
	  <ManageInfo>
	    <Language/>
	    <URL/>
	    <TXVersion>5036B141209canceLinux     PHPchkfake   2.6.32-754.11.1.el6.x86_64PHP:</TXVersion>
	    <TXUserID/>
	    <TXRegNum/></ManageInfo></INIpay>AIgqtox94r2lXr6LeGiOo4GJituIQeuzfatNDyN06jYfWHE1VNq+wEyjRv9gVAt+
atQrIrauHo+EPvFvYtZWcWVXP3DaQvUlZIOeR4+I9USaxxDcrISoxv22zKtx0Z2H
leolNJBZwl/6P4Xiyf3WdSLsDzBSuYMXliB/wcjk5huL
]
INFO	[2021-06-26 14:09:33:744] <2498> DNS LOOKUP OK(203.238.37.3:203.238.37.3:34049) laptime:0
INFO	[2021-06-26 14:09:33:747] <2498> SOCKET CONNECT OK
INFO	[2021-06-26 14:09:33:747] <2498> SEND OK
INFO	[2021-06-26 14:09:34:391] <2498> RECV OK
INFO	[2021-06-26 14:09:34:391] <2498> MSG_FROM_PG:[0093300175D SHA1                   0                                      300430majorgol03                    INIMX_CARDmajorgol0320210626133707385019<?xml version="1.0" encoding="UTF-8"?><INIpay>
<CancelInfo>
<ResultCode>120000</ResultCode>
<ResultMsg urlencode="1">%C1%A4%BB%F3%C3%B3%B8%AE%B5%C7%BE%FA%BD%C0%B4%CF%B4%D9.</ResultMsg>
<SessionKey>AQYc5YGSuo3gJ7JyW+o78GDw5A7oVluDU2nvHdyWJeTpAWjyJ3PFUrp7s4elTP0X
dOP1hmcMsIW4LZNUxtt0LAoSFqnFK6DNOVeXRiY6YDKJlX1ho+hZzdoNHRBg7eSU
7N1aTPB82yGnHX15pp/HxIOLkECpjqYXWTy1pPIShkPd1JqgmIOk0qA=
</SessionKey>
<Encrypted>ER2ZPTvBY/35B7Nh+QuqyF4C8v0FcN9IbYHXUFEBEzGAQY5o9kjMDeI22ZZfODhk
O3Q1fEc8ObWdkBJqLr1SAdkFs1acY2zHeC+8J6x6bmFH1e777QZ1rwYf5abY6krb
L7usnS0EqYxsKKBHIfB2PdERpPegBu2McgitqJNg/pWu4wPG9PUpF4yip/05XNcH
wAG0gYDdTEa8/P8n4Eh3EiwtNVoiuiZyazNWHfsWYXcz9XH1a0/OZaUukF6qqgr2
G5Gi8fwMwfYuk9qz8LnhHk8VLjJVVwDDErab6bkUmEB3zjYmqFxt1Qe24SEfASGi
YwqBlCmdT/4ABoUkOEneIY66bf2b4T4K
</Encrypted>
</CancelInfo>
<ManageInfo/>
<ReservedInfo>
<MReserved1 urlencode="1"/>
<MReserved2 urlencode="1"/>
<MReserved3 urlencode="1"/>
</ReservedInfo>
</INIpay>
HrFf8uv9rztnKTE1OjE4OvjNIkPAXLliyMTQwOd/YyU/bLM4uNbDXr6WdzqxdiFE
5+xq0qp+1hEGGwKkwYrpTz+/8AsE8Q9icwR65mEHc9kTE6Yv/z3H7u8GfF4Ma+9/
jPVL/8eTQlMzGpNoM7FXuqd7rsIh2V2COKODZ2Jy/WI=
]
INFO	[2021-06-26 14:09:34:391] <2498> VERIFY OK
INFO	[2021-06-26 14:09:34:392] <2498> PARSE HEAD OK
INFO	[2021-06-26 14:09:34:392] <2498> PARSE BODY OK
INFO	[2021-06-26 14:09:34:392] <2498> DECRYPT OK
DEBUG	[2021-06-26 14:09:34:393] <2498> DECRYPT MSG:[<?xml version="1.0" encoding="UTF-8"?><CancelInfo>
<CancelDate>20210626</CancelDate>
<CancelTime>140934</CancelTime>
<ResultCode>120000</ResultCode>
<ResultMsg urlencode="1">%C1%A4%BB%F3%C3%B3%B8%AE%B5%C7%BE%FA%BD%C0%B4%CF%B4%D9.</ResultMsg>
</CancelInfo>]
INFO	[2021-06-26 14:09:34:393] <2498> DECRYPT PARSE OK
INFO	[2021-06-26 14:09:34:393] <2498> END cancel 정상처리되었습니다. Laptime:[0.651sec]
INFO	[2021-06-26 14:09:34:393] <2498> ===============================================================
