INFO	[2021-04-05 01:09:24:278] <30210> START INIPHP cancel (V5036-141209)(OS:Linux2.6.32-754.11.1.el6.x86_64,PHP:5.3.3)
DEBUG	[2021-04-05 01:09:24:278] <30210> inipayhome:/home1/killdeal/public_html/shop/inicis
DEBUG	[2021-04-05 01:09:24:278] <30210> debug:false
DEBUG	[2021-04-05 01:09:24:278] <30210> type:cancel
DEBUG	[2021-04-05 01:09:24:278] <30210> mid:majorgol03
DEBUG	[2021-04-05 01:09:24:278] <30210> admin:1111
DEBUG	[2021-04-05 01:09:24:278] <30210> tid:INIMX_CARDmajorgol0320210404233805845855
DEBUG	[2021-04-05 01:09:24:278] <30210> cancelmsg:주문자 본인 취소-상품옵션 선택 잘못함
INFO	[2021-04-05 01:09:24:278] <30210> Check Field OK
INFO	[2021-04-05 01:09:24:278] <30210> PI PUB KEY LOAD OK []
INFO	[2021-04-05 01:09:24:279] <30210> PG PUB KEY LOAD OK [30]
INFO	[2021-04-05 01:09:24:279] <30210> MERCHANT PRIV KEY LOAD OK
INFO	[2021-04-05 01:09:24:279] <30210> MERCHANT PUB KEY LOAD OK [0]
DEBUG	[2021-04-05 01:09:24:279] <30210> MAKE ENCRYPT OK[<?xml version="1.0" encoding="UTF-8"?>
<CancelInfo>
	  <CancelTID>INIMX_CARDmajorgol0320210404233805845855</CancelTID>
	  <CancelMsg urlencode="1">%C1%D6%B9%AE%C0%DA+%BA%BB%C0%CE+%C3%EB%BC%D2-%BB%F3%C7%B0%BF%C9%BC%C7+%BC%B1%C5%C3+%C0%DF%B8%F8%C7%D4</CancelMsg>
	  <CancelReason/></CancelInfo>]
INFO	[2021-04-05 01:09:24:279] <30210> MAKE BODY OK
INFO	[2021-04-05 01:09:24:280] <30210> SIGN OK
INFO	[2021-04-05 01:09:24:280] <30210> MAKE HEAD OK
INFO	[2021-04-05 01:09:24:280] <30210> MSG_TO_PG:[0101500175D SHA1                   0                                      300420majorgol03                    INIMX_CARDmajorgol0320210404233805845855<?xml version="1.0" encoding="UTF-8"?>
<INIpay>
	  <CancelInfo>
	    <SessionKey>jQ/YR/IT0iPMVMyKviTSwlP50W4iVclzvi0MD9niR6yXZwUBZhZIXF9VEUvNkdIo
9yjLgqXq2EURxbR8XmsPEOH3njMZQ8MHLyOhwaWpfjMATZiwAjcRbkw9medRghwz
NPlS3ZvKc1ywYEYU+8eioyI+ofiGmo5J98uv9REWwToGK5FB8AObPQ==
</SessionKey>
	    <Encrypted>9Njk2caGxrn4og18fZidduUzxyfqa3aSMrP7Va5bqYz7UljM7Qngmj+ZF98EXHsA
3GuysUcoQ6SmcMoi+1Rdqjitx3kWlNwy2l85NXjiPzNd2lm4rbNrFZyevS9Haa5E
SX8Yl9G2lFi0mjBzkKJd1v89SXfOZXPFRrCuZ3EhpK+inrCRkXRTA3TRkFm8TgJS
dQ80eEC7MXBjQstSOubcTkZtRZnMf7uuujW+YI+9IZ39nj7YbnUNC9BWLEUF5xJf
jaHjziVqygxF7DDeRGw3DgSbe6ViJuUzbxOPznLOeuhvCHRNlfBiKoqu14CPJHnn
x93kRXUVOpzi1rGEHWMQZ80YzbCmUyVHaOOoYAWCyFg4dWliGHfFmoiRjxlqhedL
C5CtmAdrZU4=
</Encrypted></CancelInfo>
	  <ReservedInfo>
	    <MReserved1/>
	    <MReserved2/>
	    <MReserved3/></ReservedInfo>
	  <ManageInfo>
	    <Language/>
	    <URL/>
	    <TXVersion>5036B141209canceLinux     PHPchkfake   2.6.32-754.11.1.el6.x86_64PHP:</TXVersion>
	    <TXUserID/>
	    <TXRegNum/></ManageInfo></INIpay>AChzcWbbOYTxqY8JkJMmeZuAaHn0KEiDXSLVCTLnfqoXKcK5OKSYmSIFD2B+qWbv
6st8WorZe+iObixxQzc11/ywPuB2AJ4n+cRsQpv4h4tG5fozG90b4OVxSTkAVRGS
3lnR1gbhxPqJgoUI2sIrNgKUZT+ZUy05T3DLd1t6ddLH
]
INFO	[2021-04-05 01:09:24:280] <30210> DNS LOOKUP OK(203.238.37.3:203.238.37.3:34049) laptime:0
INFO	[2021-04-05 01:09:24:282] <30210> SOCKET CONNECT OK
INFO	[2021-04-05 01:09:24:282] <30210> SEND OK
INFO	[2021-04-05 01:09:24:393] <30210> RECV OK
INFO	[2021-04-05 01:09:24:393] <30210> MSG_FROM_PG:[0093300175D SHA1                   0                                      300430majorgol03                    INIMX_CARDmajorgol0320210404233805845855<?xml version="1.0" encoding="UTF-8"?><INIpay>
<CancelInfo>
<ResultCode>120000</ResultCode>
<ResultMsg urlencode="1">%C1%A4%BB%F3%C3%B3%B8%AE%B5%C7%BE%FA%BD%C0%B4%CF%B4%D9.</ResultMsg>
<SessionKey>AIDZ4q9z7Zbiw0iLT9lJ0jX5ykHTlXG/SCveiZIuwDOcTS6YSCwopiTP4DNYKgP0
QOXiMRVDT0yQmhl9ESYzoK+cGrtx42TxdSXZ8CdNXEeSpJXfJ5/pnhXyJRhs4xqk
TA227+AQUE5A8J8yDARgSbUgOSMoBckHl6E+rrIPwVrPc0Y0M4zZQgM=
</SessionKey>
<Encrypted>oGzekYl+/qC/JiHoPWK9HpDmCXCqyP5ynsMB0D2eUIPfIa9qHTtTlJK6eUnMiyXI
rD+uuT0+kgKtYkx6xlo+RSOOSe5g0GsItfTYi7YnHl4Zhyg/oYpNuxoQ34UXdc7L
e07l3aJsq59KFIM6oq56TkaiI5nxwLnXH1Voc5iDtUSOLon/tlfypeIuaCkr6Pvn
NDC90IAffV0CgPlWjEDIUkX4J0VqFpAIKy4LOQ8ExAp4BP7L1jEU8t5kdq5tzLYU
asrytb6fC7Gxye1jv+TfEdDQU095x68MnQzM4R3tMKr9GDtgDWws01f+/0dVuc3w
CWHOyVmYR0bRLc2vDN7vaRZ1acWrUdnN
</Encrypted>
</CancelInfo>
<ManageInfo/>
<ReservedInfo>
<MReserved1 urlencode="1"/>
<MReserved2 urlencode="1"/>
<MReserved3 urlencode="1"/>
</ReservedInfo>
</INIpay>
WPC3XNv+AuTeVrxAHsBMchlVFJTOQKaKkVGpDdJoRWImF2RPzc4V0tdsa8dOhcvp
KtygYhbExZpPW82sp+q630WS6BpbKO/rBeFa/DhZm/1xnK2mmuMBkT9hDYSz9zk6
UP4HR1Awu+QIRGnWZxbn+9mKCoaC2wgsWXFjL5h9kLQ=
]
INFO	[2021-04-05 01:09:24:393] <30210> VERIFY OK
INFO	[2021-04-05 01:09:24:393] <30210> PARSE HEAD OK
INFO	[2021-04-05 01:09:24:394] <30210> PARSE BODY OK
INFO	[2021-04-05 01:09:24:395] <30210> DECRYPT OK
DEBUG	[2021-04-05 01:09:24:395] <30210> DECRYPT MSG:[<?xml version="1.0" encoding="UTF-8"?><CancelInfo>
<CancelDate>20210405</CancelDate>
<CancelTime>010924</CancelTime>
<ResultCode>120000</ResultCode>
<ResultMsg urlencode="1">%C1%A4%BB%F3%C3%B3%B8%AE%B5%C7%BE%FA%BD%C0%B4%CF%B4%D9.</ResultMsg>
</CancelInfo>]
INFO	[2021-04-05 01:09:24:395] <30210> DECRYPT PARSE OK
INFO	[2021-04-05 01:09:24:395] <30210> END cancel 정상처리되었습니다. Laptime:[0.117sec]
INFO	[2021-04-05 01:09:24:395] <30210> ===============================================================
INFO	[2021-04-05 13:48:51:479] <27371> START INIPHP cancel (V5036-141209)(OS:Linux2.6.32-754.11.1.el6.x86_64,PHP:5.3.3)
DEBUG	[2021-04-05 13:48:51:479] <27371> inipayhome:/home1/killdeal/public_html/shop/inicis
DEBUG	[2021-04-05 13:48:51:479] <27371> debug:false
DEBUG	[2021-04-05 13:48:51:479] <27371> type:cancel
DEBUG	[2021-04-05 13:48:51:479] <27371> mid:majorgol03
DEBUG	[2021-04-05 13:48:51:479] <27371> admin:1111
DEBUG	[2021-04-05 13:48:51:479] <27371> tid:INIMX_CARDmajorgol0320210403171904415478
DEBUG	[2021-04-05 13:48:51:479] <27371> cancelmsg:쇼핑몰 운영자 승인 취소
INFO	[2021-04-05 13:48:51:479] <27371> Check Field OK
INFO	[2021-04-05 13:48:51:479] <27371> PI PUB KEY LOAD OK []
INFO	[2021-04-05 13:48:51:479] <27371> PG PUB KEY LOAD OK [30]
INFO	[2021-04-05 13:48:51:480] <27371> MERCHANT PRIV KEY LOAD OK
INFO	[2021-04-05 13:48:51:480] <27371> MERCHANT PUB KEY LOAD OK [0]
DEBUG	[2021-04-05 13:48:51:480] <27371> MAKE ENCRYPT OK[<?xml version="1.0" encoding="UTF-8"?>
<CancelInfo>
	  <CancelTID>INIMX_CARDmajorgol0320210403171904415478</CancelTID>
	  <CancelMsg urlencode="1">%BC%EE%C7%CE%B8%F4+%BF%EE%BF%B5%C0%DA+%BD%C2%C0%CE+%C3%EB%BC%D2</CancelMsg>
	  <CancelReason/></CancelInfo>]
INFO	[2021-04-05 13:48:51:480] <27371> MAKE BODY OK
INFO	[2021-04-05 13:48:51:481] <27371> SIGN OK
INFO	[2021-04-05 13:48:51:481] <27371> MAKE HEAD OK
INFO	[2021-04-05 13:48:51:481] <27371> MSG_TO_PG:[0096200175D SHA1                   0                                      300420majorgol03                    INIMX_CARDmajorgol0320210403171904415478<?xml version="1.0" encoding="UTF-8"?>
<INIpay>
	  <CancelInfo>
	    <SessionKey>Uk7/PdTD+IKF6fwdBWIW6WyhiKf1dgDHXHkSUvK8Wi7VKJkpRoXVzgivH8prayX4
biqK7pdoIOihojIK3w6M4HQNiTOupfZtmyrBupPRPUecalPGvgm7Xi416ql3MqwM
6fT7wVoKuub0n3nm7pRux7jEgc4Vxj//rNLhv9ysr9GHuryZrlD81w==
</SessionKey>
	    <Encrypted>EhvYwfP0YNX8ikGrVNNySsqRz+J1yzJLCDXeB+4XwC0xtW51WALGQR1kgTWdYP20
IADUWOa+i17KTSEK0kh2j8y0OumcwU6WtGjH1VTIGZ9q8Zt6U933pYAfbHA32mQn
JcP7RekHvDDNrSACVNFGMU54heh42nf275WWcAzgZsuYYNTR9JYHi8dOqZ96I6iu
usFjNrFKxPUJ+c/9Iog1zhSjk/YzfDAzYtzC27JVO6HqoCUfLyarQIIBNn74ic01
lZqc9r1Nau6XdFe3BqkyAj4WpD2pDYh6JZMVJVceF0bkaa8Uadb/NsDY21udf9DS
8XRdLiVw8lRn6HIAmbk4Eg==
</Encrypted></CancelInfo>
	  <ReservedInfo>
	    <MReserved1/>
	    <MReserved2/>
	    <MReserved3/></ReservedInfo>
	  <ManageInfo>
	    <Language/>
	    <URL/>
	    <TXVersion>5036B141209canceLinux     PHPchkfake   2.6.32-754.11.1.el6.x86_64PHP:</TXVersion>
	    <TXUserID/>
	    <TXRegNum/></ManageInfo></INIpay>ABZlIDUyW5GSoCCp9aJju+z6Wb+h2WMMPgxVBaMD6FKPu+IQ+DzrWCQGvgQ/qTAx
Dxq929voIp74zYApqzm22mfo0irIIpomZeByxt3hvHP9FSr2NGqwtZNKIuKhEWGh
LRXTmGL/SF+UHUNpRxwWgL2PBF4kmk/CQOX3PjHdjPYr
]
INFO	[2021-04-05 13:48:51:481] <27371> DNS LOOKUP OK(203.238.37.3:203.238.37.3:34049) laptime:0
INFO	[2021-04-05 13:48:51:483] <27371> SOCKET CONNECT OK
INFO	[2021-04-05 13:48:51:483] <27371> SEND OK
INFO	[2021-04-05 13:48:51:919] <27371> RECV OK
INFO	[2021-04-05 13:48:51:919] <27371> MSG_FROM_PG:[0093300175D SHA1                   0                                      300430majorgol03                    INIMX_CARDmajorgol0320210403171904415478<?xml version="1.0" encoding="UTF-8"?><INIpay>
<CancelInfo>
<ResultCode>120000</ResultCode>
<ResultMsg urlencode="1">%C1%A4%BB%F3%C3%B3%B8%AE%B5%C7%BE%FA%BD%C0%B4%CF%B4%D9.</ResultMsg>
<SessionKey>AOZaKGgQ/o0W7VGYwpZYu0wSQxjnqMEGu/WsgAVqHF8oxe5a6TeLIyopq+8+ImlL
iAXDRU5ixWFjWLgBo9JNxlN8FzNvlnbJjo5mKr5czS/xUnmf2n12ypqvJZxkKrWW
BdfnbUkijZvCYdN4m9kvkWodZJIv0MMCEdHLluIqglgCIZHuqfe1kKg=
</SessionKey>
<Encrypted>BwDycnjR1XcVRY1rjfN9eoqptPOjlSjygXD8l8lc+d/Qt0Dcw9QlKQ0jl6oE14fZ
AFl9uwBRFifkJnGTsgSNJFwgmZgxW1kglAKRZJ4Dc3RqkJtvNS/U95E7lfqSus/R
YVrjz49XV6mhax7Rh3EzgPQ1+9U75ZKa+ncZPSBP9Isge/cSoQoO2VrBajEPYpSE
qxgIEn4pgEisoFFS+6rv5gYZpGelwavWwf/8dfRM6xwEtzGUhUWuWOJxwO2bO7dF
zzaIgrlKaDzVlG6gXEu+jvN1QcdcvNBRPIBu6RVIxF0PSEoMLZO8056LmTWTXHca
+N7WzkNyr7GYJxIqu6ZUemvZ7y1Lqk4T
</Encrypted>
</CancelInfo>
<ManageInfo/>
<ReservedInfo>
<MReserved1 urlencode="1"/>
<MReserved2 urlencode="1"/>
<MReserved3 urlencode="1"/>
</ReservedInfo>
</INIpay>
aSzxcDaTA3gF+NM7AmjpD6Fivsomg3owOFlxnxuL5THNdpL+KS4w42mwbGEWffxU
bYqI0EOgKwXnUHOWyA+PiZpxxUrmG/A/hpqS9EV/LAj8A37wsznYLwOQsgaQIl/B
T6bhEfXEzg9CjPnpHL0iaJBfj5tWfcwKFXeLtGSATGk=
]
INFO	[2021-04-05 13:48:51:919] <27371> VERIFY OK
INFO	[2021-04-05 13:48:51:919] <27371> PARSE HEAD OK
INFO	[2021-04-05 13:48:51:919] <27371> PARSE BODY OK
INFO	[2021-04-05 13:48:51:920] <27371> DECRYPT OK
DEBUG	[2021-04-05 13:48:51:920] <27371> DECRYPT MSG:[<?xml version="1.0" encoding="UTF-8"?><CancelInfo>
<CancelDate>20210405</CancelDate>
<CancelTime>134851</CancelTime>
<ResultCode>120000</ResultCode>
<ResultMsg urlencode="1">%C1%A4%BB%F3%C3%B3%B8%AE%B5%C7%BE%FA%BD%C0%B4%CF%B4%D9.</ResultMsg>
</CancelInfo>]
INFO	[2021-04-05 13:48:51:920] <27371> DECRYPT PARSE OK
INFO	[2021-04-05 13:48:51:920] <27371> END cancel 정상처리되었습니다. Laptime:[0.441sec]
INFO	[2021-04-05 13:48:51:920] <27371> ===============================================================
INFO	[2021-04-05 14:40:30:590] <1705> START INIPHP cancel (V5036-141209)(OS:Linux2.6.32-754.11.1.el6.x86_64,PHP:5.3.3)
DEBUG	[2021-04-05 14:40:30:590] <1705> inipayhome:/home1/killdeal/public_html/shop/inicis
DEBUG	[2021-04-05 14:40:30:590] <1705> debug:false
DEBUG	[2021-04-05 14:40:30:590] <1705> type:cancel
DEBUG	[2021-04-05 14:40:30:590] <1705> mid:majorgol03
DEBUG	[2021-04-05 14:40:30:590] <1705> admin:1111
DEBUG	[2021-04-05 14:40:30:590] <1705> tid:INIMX_CARDmajorgol0320210403145511475759
DEBUG	[2021-04-05 14:40:30:590] <1705> cancelmsg:쇼핑몰 운영자 승인 취소
INFO	[2021-04-05 14:40:30:590] <1705> Check Field OK
INFO	[2021-04-05 14:40:30:590] <1705> PI PUB KEY LOAD OK []
INFO	[2021-04-05 14:40:30:590] <1705> PG PUB KEY LOAD OK [30]
INFO	[2021-04-05 14:40:30:591] <1705> MERCHANT PRIV KEY LOAD OK
INFO	[2021-04-05 14:40:30:591] <1705> MERCHANT PUB KEY LOAD OK [0]
DEBUG	[2021-04-05 14:40:30:591] <1705> MAKE ENCRYPT OK[<?xml version="1.0" encoding="UTF-8"?>
<CancelInfo>
	  <CancelTID>INIMX_CARDmajorgol0320210403145511475759</CancelTID>
	  <CancelMsg urlencode="1">%BC%EE%C7%CE%B8%F4+%BF%EE%BF%B5%C0%DA+%BD%C2%C0%CE+%C3%EB%BC%D2</CancelMsg>
	  <CancelReason/></CancelInfo>]
INFO	[2021-04-05 14:40:30:591] <1705> MAKE BODY OK
INFO	[2021-04-05 14:40:30:592] <1705> SIGN OK
INFO	[2021-04-05 14:40:30:592] <1705> MAKE HEAD OK
INFO	[2021-04-05 14:40:30:592] <1705> MSG_TO_PG:[0096200175D SHA1                   0                                      300420majorgol03                    INIMX_CARDmajorgol0320210403145511475759<?xml version="1.0" encoding="UTF-8"?>
<INIpay>
	  <CancelInfo>
	    <SessionKey>FaVpbwS20ZOJxVq/94fP7CoUUssPEDh9X4AqwCtarp+dFhGjTHUQcPAkzG3+F4LX
oOvfxJ3B9s4u107JExe+BaX3B9RDzsaTwha2lEnp0kulcdB4FJGczCOUtnMK9bQ2
FD46hK6sXniyBITWwHA2pBuMCaRhCkIptgr1KITSBCI+o06VXtFUBg==
</SessionKey>
	    <Encrypted>7ADNkrkn+H2KVs0LZFNhhzPskvZuBb0NS0st/l0ynIaaThLsQxZvlWCesPMFp685
v2A5uTBzYcTcSM8JwytS5s4KReX7vmaj87upc9DEnnkiFJ/dnKpwo+RV2TDtqnvk
BNO3ybwiHbaAGoCbi8Niw1teLHIRsmGMr/RdVN6zxSTaeEwanepzGGeRH6nVDVED
80z3DKDEg8lw53KU7nS0PSMqi4H0SV0R6IpYUhysBRDZtjC/BvbnwtmqEswOOHgI
WRexJEPUg+aHHOK4HB0j7uK+joTc0hd7LjrKNsrHJI3+qZh97toHgKDrhTxk4OWB
SpzNu0Mb6q9fm2//2bOT3Q==
</Encrypted></CancelInfo>
	  <ReservedInfo>
	    <MReserved1/>
	    <MReserved2/>
	    <MReserved3/></ReservedInfo>
	  <ManageInfo>
	    <Language/>
	    <URL/>
	    <TXVersion>5036B141209canceLinux     PHPchkfake   2.6.32-754.11.1.el6.x86_64PHP:</TXVersion>
	    <TXUserID/>
	    <TXRegNum/></ManageInfo></INIpay>AAjcKVRh0KOFipv8NkdC7iVUEwSY3i+Ob9Afbj7Mec5kvpqRq36qeYztOWZuSwnB
p11sWcoQyscZNczUjNTB00Y5i1Fvj/qb6qDcTenOjoppcMDuW4AdFU5rQILYePx2
+ZT14ut5qfxTE3jFKWIpofeWXcK27w00GnWGoDN9RbC1
]
INFO	[2021-04-05 14:40:30:592] <1705> DNS LOOKUP OK(203.238.37.3:203.238.37.3:34049) laptime:0
INFO	[2021-04-05 14:40:30:595] <1705> SOCKET CONNECT OK
INFO	[2021-04-05 14:40:30:595] <1705> SEND OK
INFO	[2021-04-05 14:40:30:735] <1705> RECV OK
INFO	[2021-04-05 14:40:30:735] <1705> MSG_FROM_PG:[0093300175D SHA1                   0                                      300430majorgol03                    INIMX_CARDmajorgol0320210403145511475759<?xml version="1.0" encoding="UTF-8"?><INIpay>
<CancelInfo>
<ResultCode>120000</ResultCode>
<ResultMsg urlencode="1">%C1%A4%BB%F3%C3%B3%B8%AE%B5%C7%BE%FA%BD%C0%B4%CF%B4%D9.</ResultMsg>
<SessionKey>AJzMDQHFA7ty/6DdNwrnltmGLokAtw9aiXb1/YrZzfeVGVpHruVr3U6DS2GmRu1Z
IXInZ6qnAjFIWsLBraDn0FuijhzWd62zAPCPnfiYMTfivQnxl8diFJ9cp+lAJ2Ky
KT+gtQOf6K1xUk7I8vjjIuIbQQhF4q4cG008zwj+DzljUMggYUbSdaE=
</SessionKey>
<Encrypted>VejVtlywc53xNY70j5GLo7PVm1Ya/udHsjGpAJ3Q8KeD9LrEMLJsWK3/zl2benwz
ruKNxievpSQYUk8Xxr2HbZ+FL0ctYWnBY5ymN3363tbwjHHncLkept2/eaG05KPN
3P/W84jBRtbZxXSe6UhH8rhbBDTlGt+pqEVY6DZ5h1+2dHmPRGUrrtUYCyjzVqG2
6uMw/pVX0B0FZ978iIiYi4xAvMnIciQ8ih642xWlEfax3WmryO1ygmkktp3/b+Qe
ZQhAJqU8u06+hUFEVrtMExcQBh/b0KBfh9/rxwaVaMRgRAa1xCxnVxKLxy1Z9hlb
ndc/3YYOA3D62tkiruiuzJr5vUSKt4cc
</Encrypted>
</CancelInfo>
<ManageInfo/>
<ReservedInfo>
<MReserved1 urlencode="1"/>
<MReserved2 urlencode="1"/>
<MReserved3 urlencode="1"/>
</ReservedInfo>
</INIpay>
sRaqW0/FbK93onOwYw0yL7WM0xl+6UruGoCsT3dbdlI8SN8LXfvdm4rISe0J0zBb
WfKcmBRNn4RO5vNOFUkK5M8MPUIECwDmn9vqiq6A6zvmFRRj5rbpyjBILUmvMg17
K/MIhiqiw+zMQM01POw1yUU2cPDtvoetd0OXA5kyfQo=
]
INFO	[2021-04-05 14:40:30:735] <1705> VERIFY OK
INFO	[2021-04-05 14:40:30:735] <1705> PARSE HEAD OK
INFO	[2021-04-05 14:40:30:735] <1705> PARSE BODY OK
INFO	[2021-04-05 14:40:30:736] <1705> DECRYPT OK
DEBUG	[2021-04-05 14:40:30:736] <1705> DECRYPT MSG:[<?xml version="1.0" encoding="UTF-8"?><CancelInfo>
<CancelDate>20210405</CancelDate>
<CancelTime>144030</CancelTime>
<ResultCode>120000</ResultCode>
<ResultMsg urlencode="1">%C1%A4%BB%F3%C3%B3%B8%AE%B5%C7%BE%FA%BD%C0%B4%CF%B4%D9.</ResultMsg>
</CancelInfo>]
INFO	[2021-04-05 14:40:30:736] <1705> DECRYPT PARSE OK
INFO	[2021-04-05 14:40:30:736] <1705> END cancel 정상처리되었습니다. Laptime:[0.146sec]
INFO	[2021-04-05 14:40:30:736] <1705> ===============================================================
INFO	[2021-04-05 14:48:50:97] <27407> START INIPHP cancel (V5036-141209)(OS:Linux2.6.32-754.11.1.el6.x86_64,PHP:5.3.3)
DEBUG	[2021-04-05 14:48:50:97] <27407> inipayhome:/home1/killdeal/public_html/shop/inicis
DEBUG	[2021-04-05 14:48:50:97] <27407> debug:false
DEBUG	[2021-04-05 14:48:50:97] <27407> type:cancel
DEBUG	[2021-04-05 14:48:50:97] <27407> mid:majorgol03
DEBUG	[2021-04-05 14:48:50:97] <27407> admin:1111
DEBUG	[2021-04-05 14:48:50:97] <27407> tid:INIMX_CARDmajorgol0320210327150653595060
DEBUG	[2021-04-05 14:48:50:97] <27407> cancelmsg:쇼핑몰 운영자 승인 취소
INFO	[2021-04-05 14:48:50:97] <27407> Check Field OK
INFO	[2021-04-05 14:48:50:97] <27407> PI PUB KEY LOAD OK []
INFO	[2021-04-05 14:48:50:98] <27407> PG PUB KEY LOAD OK [30]
INFO	[2021-04-05 14:48:50:98] <27407> MERCHANT PRIV KEY LOAD OK
INFO	[2021-04-05 14:48:50:98] <27407> MERCHANT PUB KEY LOAD OK [0]
DEBUG	[2021-04-05 14:48:50:98] <27407> MAKE ENCRYPT OK[<?xml version="1.0" encoding="UTF-8"?>
<CancelInfo>
	  <CancelTID>INIMX_CARDmajorgol0320210327150653595060</CancelTID>
	  <CancelMsg urlencode="1">%BC%EE%C7%CE%B8%F4+%BF%EE%BF%B5%C0%DA+%BD%C2%C0%CE+%C3%EB%BC%D2</CancelMsg>
	  <CancelReason/></CancelInfo>]
INFO	[2021-04-05 14:48:50:99] <27407> MAKE BODY OK
INFO	[2021-04-05 14:48:50:99] <27407> SIGN OK
INFO	[2021-04-05 14:48:50:99] <27407> MAKE HEAD OK
INFO	[2021-04-05 14:48:50:99] <27407> MSG_TO_PG:[0096200175D SHA1                   0                                      300420majorgol03                    INIMX_CARDmajorgol0320210327150653595060<?xml version="1.0" encoding="UTF-8"?>
<INIpay>
	  <CancelInfo>
	    <SessionKey>LSJ7XQChT1Nrtqg4ajLImfvXW/39cuSA6AHJhvHa2bq67ndabhbecVDfCT2wyFTB
AWCGV6uzxKoDp6i4meqkbvQumdfeGxt0sP+FzJarEbhRnBmxYCi+3A0JMd3KaBQz
VKnCMTzq5CmiygMqE80vVreXtljzSlnQVaNnx50PFuHceEefqyeZGA==
</SessionKey>
	    <Encrypted>eQCjpwqGgCeqk0EsjAm6c5/aW7X2fDwa/wNmH1uRU0G4q9+VTENerrujl5+AnmUl
pBF+syuWLC5oH92z6uxcV8gZaNn6QGjFgNCresI6a5/7Crn5BQAtftCPWmK1+2fQ
dQC0knc/+1EcU7jQHDFZC+JRJfwgwspEDroeA6OsR+5ErnznGM2//vzMiOaCVOEs
uvuiIiif8uYeYRPvhl/JdCGL5vZXRQXD/MfBKXHJ+qA6xjf1pK/1VLS1hPzcwBXy
1gL1Vhml1lH2ekeqOe9js6W+yo/cpjD0yogtG/yVLIi24nGcIBx+YkE/yEUjIAWt
W83FAPmxfeHsZL4QFQhiqQ==
</Encrypted></CancelInfo>
	  <ReservedInfo>
	    <MReserved1/>
	    <MReserved2/>
	    <MReserved3/></ReservedInfo>
	  <ManageInfo>
	    <Language/>
	    <URL/>
	    <TXVersion>5036B141209canceLinux     PHPchkfake   2.6.32-754.11.1.el6.x86_64PHP:</TXVersion>
	    <TXUserID/>
	    <TXRegNum/></ManageInfo></INIpay>AIwrYx8g2HewirQmN/WYABnO/iedh6q5GtEhHbCEV7aQLZ9dGeoBn6WXJq6nNc2G
9dTy1UPCxigDcpDVCnWOSrljGuPvAH9L4q70QrR00bKn3fNPK/qwnOerFGBoj9v8
aIGySFiulU+89Ysg96+QbiUPyr/uWeDoIjFK9kip2hys
]
INFO	[2021-04-05 14:48:50:99] <27407> DNS LOOKUP OK(203.238.37.3:203.238.37.3:34049) laptime:0
INFO	[2021-04-05 14:48:50:101] <27407> SOCKET CONNECT OK
INFO	[2021-04-05 14:48:50:101] <27407> SEND OK
INFO	[2021-04-05 14:48:50:265] <27407> RECV OK
INFO	[2021-04-05 14:48:50:265] <27407> MSG_FROM_PG:[0093300175D SHA1                   0                                      300430majorgol03                    INIMX_CARDmajorgol0320210327150653595060<?xml version="1.0" encoding="UTF-8"?><INIpay>
<CancelInfo>
<ResultCode>120000</ResultCode>
<ResultMsg urlencode="1">%C1%A4%BB%F3%C3%B3%B8%AE%B5%C7%BE%FA%BD%C0%B4%CF%B4%D9.</ResultMsg>
<SessionKey>AKFTlO6yzplHHP/D6jJ1asHTl4RwsL2dcWL+H+ByyiWRgRKbySqHIWjSUck2gjXn
8h2LjrVJJR6goDhey9zrpo/EF/EwywW8pbj05fbxhu/z62XVkMT7rqcOKXh+kaN7
//tmbTDyRiGovRwZ5AYMsbm4ikVh+eB6Qrp/BrDCb9Phu1TSM4Eo4vc=
</SessionKey>
<Encrypted>zutC3ynnOvn/t6x9kTVW9N0RFWninPvGX9XFPfV27aDXI6y6l1OvaxrxgF1+02HP
u8skmmkzDyKkJM/Jh8+l5dGe+i8w2Ku/aWbFVnaJbIW3P5XKwHpbVOdvJtwvrYWi
V7DgPLrrej4v3i7RkG1LX4Ed5pQOHNifU+WYv/1VyGDlVMgZCPt1SWSnNpv9NPio
hkNMatiGEARyWRFMoZ7ZuQIpRaDsG+SHFy3zQ53VPgeP+DNkgJNuT9uuFKXlpyN6
t110yADdcvoV6Izk2y0ay15GDA3T1l8fe1GZJWpUHFNeLVu8i9Gl4fyJ8CEaCxxl
XzXATkh7bYx6szr37uKbAuAHXVsVfc7X
</Encrypted>
</CancelInfo>
<ManageInfo/>
<ReservedInfo>
<MReserved1 urlencode="1"/>
<MReserved2 urlencode="1"/>
<MReserved3 urlencode="1"/>
</ReservedInfo>
</INIpay>
h/FwElzOud/rmGO+tuhTAeC6ri9Z10WEZZ7rI+yvc1IiYq/7wdvTh6iXqvj8aPE+
U0FEoFylIGtzTokYd4Po14phY5Eku9ZUxqh40ST79pnJHP/QTui/Ckm76FMSplwz
uVuGoCXVrMAtQBpsLjQYwi7mUkvmd40cbWlqH89zVGo=
]
INFO	[2021-04-05 14:48:50:265] <27407> VERIFY OK
INFO	[2021-04-05 14:48:50:265] <27407> PARSE HEAD OK
INFO	[2021-04-05 14:48:50:265] <27407> PARSE BODY OK
INFO	[2021-04-05 14:48:50:266] <27407> DECRYPT OK
DEBUG	[2021-04-05 14:48:50:266] <27407> DECRYPT MSG:[<?xml version="1.0" encoding="UTF-8"?><CancelInfo>
<CancelDate>20210405</CancelDate>
<CancelTime>144850</CancelTime>
<ResultCode>120000</ResultCode>
<ResultMsg urlencode="1">%C1%A4%BB%F3%C3%B3%B8%AE%B5%C7%BE%FA%BD%C0%B4%CF%B4%D9.</ResultMsg>
</CancelInfo>]
INFO	[2021-04-05 14:48:50:266] <27407> DECRYPT PARSE OK
INFO	[2021-04-05 14:48:50:266] <27407> END cancel 정상처리되었습니다. Laptime:[0.169sec]
INFO	[2021-04-05 14:48:50:266] <27407> ===============================================================
INFO	[2021-04-05 15:58:28:488] <27416> START INIPHP cancel (V5036-141209)(OS:Linux2.6.32-754.11.1.el6.x86_64,PHP:5.3.3)
DEBUG	[2021-04-05 15:58:28:488] <27416> inipayhome:/home1/killdeal/public_html/shop/inicis
DEBUG	[2021-04-05 15:58:28:488] <27416> debug:false
DEBUG	[2021-04-05 15:58:28:488] <27416> type:cancel
DEBUG	[2021-04-05 15:58:28:488] <27416> mid:majorgol03
DEBUG	[2021-04-05 15:58:28:488] <27416> admin:1111
DEBUG	[2021-04-05 15:58:28:488] <27416> tid:StdpayCARDmajorgol0320210329120626211464
DEBUG	[2021-04-05 15:58:28:488] <27416> cancelmsg:쇼핑몰 운영자 승인 취소
INFO	[2021-04-05 15:58:28:488] <27416> Check Field OK
INFO	[2021-04-05 15:58:28:488] <27416> PI PUB KEY LOAD OK []
INFO	[2021-04-05 15:58:28:489] <27416> PG PUB KEY LOAD OK [30]
INFO	[2021-04-05 15:58:28:489] <27416> MERCHANT PRIV KEY LOAD OK
INFO	[2021-04-05 15:58:28:489] <27416> MERCHANT PUB KEY LOAD OK [0]
DEBUG	[2021-04-05 15:58:28:489] <27416> MAKE ENCRYPT OK[<?xml version="1.0" encoding="UTF-8"?>
<CancelInfo>
	  <CancelTID>StdpayCARDmajorgol0320210329120626211464</CancelTID>
	  <CancelMsg urlencode="1">%BC%EE%C7%CE%B8%F4+%BF%EE%BF%B5%C0%DA+%BD%C2%C0%CE+%C3%EB%BC%D2</CancelMsg>
	  <CancelReason/></CancelInfo>]
INFO	[2021-04-05 15:58:28:489] <27416> MAKE BODY OK
INFO	[2021-04-05 15:58:28:490] <27416> SIGN OK
INFO	[2021-04-05 15:58:28:490] <27416> MAKE HEAD OK
INFO	[2021-04-05 15:58:28:490] <27416> MSG_TO_PG:[0096200175D SHA1                   0                                      300420majorgol03                    StdpayCARDmajorgol0320210329120626211464<?xml version="1.0" encoding="UTF-8"?>
<INIpay>
	  <CancelInfo>
	    <SessionKey>wWKna9BP1bFvMdxXe6XKviGOvHrgeRlKs2kOAzymAU4d/qoz6Lz88VRbhtljZs5O
XVVKyccA8LCh6bK35/XTdMufkh0uI+sDXLxowJ1Qu2iUbFka1UYIVHK//VU59ky2
uWvF4oNnA6xSqI7Vz4gdMvfjaSBJnEkY0+BigoVLj51pvNhRtRJ3YQ==
</SessionKey>
	    <Encrypted>JFWS0eSvILKtcUiKN+d2SMDpG9a687JfO3KGW4bBoWo+spd9qcfTYn9b4GWIeBxn
fz+VOMd9/Ti1OMujDk5vrP+kYib6UV0qGLRsysvE54vc7iq0k0eZTJNP/lJQnopO
M2vEAdxAx3mAuXUub3fbmh8zZqKLIXbv25IuOYCB4mMZDH5pkU+ghRqPUbegPojZ
HOjWWQvc+50wh3OZvQU1HmCIIafq71nbU7KMTk3PCey/R+/VRuL+D0CORRQeQAjg
r7Feu4FBQ33x5GgwG88ZzHBc6Yy3AnztXIO/cA4nrJeQIbFW9kbwmLo4FI5ZWRm1
ApqEg1io6HJQK8EnFHIHgg==
</Encrypted></CancelInfo>
	  <ReservedInfo>
	    <MReserved1/>
	    <MReserved2/>
	    <MReserved3/></ReservedInfo>
	  <ManageInfo>
	    <Language/>
	    <URL/>
	    <TXVersion>5036B141209canceLinux     PHPchkfake   2.6.32-754.11.1.el6.x86_64PHP:</TXVersion>
	    <TXUserID/>
	    <TXRegNum/></ManageInfo></INIpay>AIHDS5NHQv02e7YwTNVpH756PspREsnOvfXJqnQAsXvma83BtBs+2lzfyVKvdglJ
cgQzVWtVDfTOuInjLthrPUa9sVwsJDA7N5bJQ7EZG3E50rPH/iNmhf93EhpeSEAH
JD8eECp+RL3BCmMLdpS7QdtMvVY3x6JTk5mA7MXJS84H
]
INFO	[2021-04-05 15:58:28:490] <27416> DNS LOOKUP OK(203.238.37.3:203.238.37.3:34049) laptime:0
INFO	[2021-04-05 15:58:28:492] <27416> SOCKET CONNECT OK
INFO	[2021-04-05 15:58:28:492] <27416> SEND OK
INFO	[2021-04-05 15:58:29:37] <27416> RECV OK
INFO	[2021-04-05 15:58:29:37] <27416> MSG_FROM_PG:[0093300175D SHA1                   0                                      300430majorgol03                    StdpayCARDmajorgol0320210329120626211464<?xml version="1.0" encoding="UTF-8"?><INIpay>
<CancelInfo>
<ResultCode>120000</ResultCode>
<ResultMsg urlencode="1">%C1%A4%BB%F3%C3%B3%B8%AE%B5%C7%BE%FA%BD%C0%B4%CF%B4%D9.</ResultMsg>
<SessionKey>ADSGhSKC4l6g2NbmOiueel02L932esCyltM0ktQnciRcy9+ThWtxoqm3P0JS4FQX
yzOxWYctFF4T4ZdKz9w2LhlPcRHUShj6cHGqJJfKRaqf8qrzd7yAmA2Xrr9LWsez
p/dkQbogDQVsmyVTHSLi0a8HD3hZl6pWCueDcg885yHvqlXh6tlsfss=
</SessionKey>
<Encrypted>/4wgjeD/p6L9lZOeaqYbxFITGq9BIufPuZv7j7VhR3ohnXb7Ana5hPY+alyXqbMd
onFpSingdNxrkaP6GAaztrGKu1aHVeOoUVlf9W/5v9BlIwKyDFHLPcWroykmUAU3
QdV+ecgIxv3RgWxAFPYsmBYPlegHsaBGBOIYVSnfHuzXpEGZ2rrNf/CH/G8bFMnU
LKVYsmNb9ePFr80rzemajsmmRhftvg81xFsgzrkMv/m+U1TqnbEB9xPJI4rD+Lvx
VFmGfrZKPVKmNthQuUdrd4wKPlkwSlUoiCBvK/XiqFeVYcEUYxVumBhzIbOdQXCB
TP2lJHJRibxjkp2qgPWi0/YjWZMAZSNI
</Encrypted>
</CancelInfo>
<ManageInfo/>
<ReservedInfo>
<MReserved1 urlencode="1"/>
<MReserved2 urlencode="1"/>
<MReserved3 urlencode="1"/>
</ReservedInfo>
</INIpay>
qq5tLjQTIuSAnFRnXk2yn/ehlnV6GweiQUZtlxGj8VAWiPbWHvBwCgu283ZBgn3V
2nfc70QDIt7olxRNCZczyGllqE/ya4L3S8ccuplC96G01FNw1laqg4Lt85gdZBJ1
VaYz2ZajMRp/pnY/tup/wQpY6htN5LsKdMvS2rZkSsA=
]
INFO	[2021-04-05 15:58:29:37] <27416> VERIFY OK
INFO	[2021-04-05 15:58:29:37] <27416> PARSE HEAD OK
INFO	[2021-04-05 15:58:29:38] <27416> PARSE BODY OK
INFO	[2021-04-05 15:58:29:38] <27416> DECRYPT OK
DEBUG	[2021-04-05 15:58:29:38] <27416> DECRYPT MSG:[<?xml version="1.0" encoding="UTF-8"?><CancelInfo>
<CancelDate>20210405</CancelDate>
<CancelTime>155828</CancelTime>
<ResultCode>120000</ResultCode>
<ResultMsg urlencode="1">%C1%A4%BB%F3%C3%B3%B8%AE%B5%C7%BE%FA%BD%C0%B4%CF%B4%D9.</ResultMsg>
</CancelInfo>]
INFO	[2021-04-05 15:58:29:38] <27416> DECRYPT PARSE OK
INFO	[2021-04-05 15:58:29:38] <27416> END cancel 정상처리되었습니다. Laptime:[0.55sec]
INFO	[2021-04-05 15:58:29:38] <27416> ===============================================================
