INFO	[2021-06-10 14:02:32:990] <18682> START INIPHP cancel (V5036-141209)(OS:Linux2.6.32-754.11.1.el6.x86_64,PHP:5.3.3)
DEBUG	[2021-06-10 14:02:32:990] <18682> inipayhome:/home1/killdeal/public_html/shop/inicis
DEBUG	[2021-06-10 14:02:32:990] <18682> debug:false
DEBUG	[2021-06-10 14:02:32:990] <18682> type:cancel
DEBUG	[2021-06-10 14:02:32:990] <18682> mid:majorgol03
DEBUG	[2021-06-10 14:02:32:990] <18682> admin:1111
DEBUG	[2021-06-10 14:02:32:990] <18682> tid:StdpayCARDmajorgol0320210608143113635281
DEBUG	[2021-06-10 14:02:32:990] <18682> cancelmsg:쇼핑몰 운영자 승인 취소
INFO	[2021-06-10 14:02:32:990] <18682> Check Field OK
INFO	[2021-06-10 14:02:32:990] <18682> PI PUB KEY LOAD OK []
INFO	[2021-06-10 14:02:32:991] <18682> PG PUB KEY LOAD OK [30]
INFO	[2021-06-10 14:02:32:991] <18682> MERCHANT PRIV KEY LOAD OK
INFO	[2021-06-10 14:02:32:992] <18682> MERCHANT PUB KEY LOAD OK [0]
DEBUG	[2021-06-10 14:02:32:992] <18682> MAKE ENCRYPT OK[<?xml version="1.0" encoding="UTF-8"?>
<CancelInfo>
	  <CancelTID>StdpayCARDmajorgol0320210608143113635281</CancelTID>
	  <CancelMsg urlencode="1">%BC%EE%C7%CE%B8%F4+%BF%EE%BF%B5%C0%DA+%BD%C2%C0%CE+%C3%EB%BC%D2</CancelMsg>
	  <CancelReason/></CancelInfo>]
INFO	[2021-06-10 14:02:32:992] <18682> MAKE BODY OK
INFO	[2021-06-10 14:02:32:993] <18682> SIGN OK
INFO	[2021-06-10 14:02:32:993] <18682> MAKE HEAD OK
INFO	[2021-06-10 14:02:32:993] <18682> MSG_TO_PG:[0096200175D SHA1                   0                                      300420majorgol03                    StdpayCARDmajorgol0320210608143113635281<?xml version="1.0" encoding="UTF-8"?>
<INIpay>
	  <CancelInfo>
	    <SessionKey>SF3HBTuJAbXI0iDtj25LRL/1WynZ6R3MnEaKuMjhXhjU8KhAXl2AUZcJehU8lKQu
j+nt0ChsBBJMA46nnTvfEzSCDjzabT+wc0J93iBZ1v6rIwbr40KGm5OhvGEGh4HC
EeGWqtK7rxqxhqDw10X43BZATr2r/Y226JvVyIDtEcnmhfmX7v2bTQ==
</SessionKey>
	    <Encrypted>lzLsHcCPTVevmnHn+lLxg4pfx72E8y73vfMHXW6lAA8Q9GA9a0th2oivgVuWvmMH
tyHWF9B/1Qcw7Do+nf1Au9Qnhsg8rN2YU5t1PtBR4nMSrXGNSjsvdcE3AyaCVtbf
Gu2VOxoEpk/r4KEJcKujbT54xIW4CQ3GSBa0TM+HM57KJkwGw0LRdYfgcHs3N07C
RfSOBBczWsGCe+iQ2LuEg1GyjCg4nmyy2dCC6f/2JP+hN7jnXtjJx6nZKpYp6KrQ
OAhpoaWsiQK09eJIOaczJHLIx8w/pIj5b+G5w5usxU9Zt+pzZzC5HCg7NQejhRwO
JvfNbMI7YP9rYXe7dcoUcw==
</Encrypted></CancelInfo>
	  <ReservedInfo>
	    <MReserved1/>
	    <MReserved2/>
	    <MReserved3/></ReservedInfo>
	  <ManageInfo>
	    <Language/>
	    <URL/>
	    <TXVersion>5036B141209canceLinux     PHPchkfake   2.6.32-754.11.1.el6.x86_64PHP:</TXVersion>
	    <TXUserID/>
	    <TXRegNum/></ManageInfo></INIpay>ALGRZcM5KSjQcksqNMIz1+PVqY4iYh1522Zlgm0CHPxm0bKXCjspCPiDq6x3BJ0C
Ur0T0eRVhrnT2tfGB1aB4/27zoTBOM7ILb5+xbAsK/cgs0PZ5i7QHE+bDiBier1j
RCibEzY3AtJAMM7Ic9lcz8udQDHfIrSAcVuKmoSvmSZz
]
INFO	[2021-06-10 14:02:32:993] <18682> DNS LOOKUP OK(203.238.37.3:203.238.37.3:34049) laptime:0
INFO	[2021-06-10 14:02:32:995] <18682> SOCKET CONNECT OK
INFO	[2021-06-10 14:02:32:995] <18682> SEND OK
INFO	[2021-06-10 14:02:33:767] <18682> RECV OK
INFO	[2021-06-10 14:02:33:767] <18682> MSG_FROM_PG:[0093300175D SHA1                   0                                      300430majorgol03                    StdpayCARDmajorgol0320210608143113635281<?xml version="1.0" encoding="UTF-8"?><INIpay>
<CancelInfo>
<ResultCode>120000</ResultCode>
<ResultMsg urlencode="1">%C1%A4%BB%F3%C3%B3%B8%AE%B5%C7%BE%FA%BD%C0%B4%CF%B4%D9.</ResultMsg>
<SessionKey>ARJfD/8Tw6tkB4929fG3PoqHJpShkrag6ThMifuFZ5GsxszmECGmY0unLwLmUKWY
L06IetB7PMvfk/OUkHmJUick3xOJqjWIvn5MmPWo9+e10WBjtPwRtsXZlgwSiesa
UDqgBh7+IGqOFkj510Zk1vetmLu7JHjWlcw87y0vSAGoEjI1ZD/SqKs=
</SessionKey>
<Encrypted>ON1IIODbVqjgjupq8z3mn+Af1xW/DkrgWHqVCnNMOEsJwBOo9neuE2kUXe/ZlwTK
DCvDCBQX7Nryeb5BRAQd5vcMKJqDR/YsfMqXrsUBZw0H52xwDUd5iAqCmWxQ8uRS
zrLEqP15/Dxdh5hOEO819btDngoQZCkcgCIr7sT8ShCukKiAPxIUGe3i2GP0ruST
mMu8MEifYNAmQztfdQfdnkY7ZA5UchV62Dxq4X65lWberXAzk262IfGKWXHh7vOv
WdopbXPfG1rboni6Vc16oIqXB4d5xXmj0lxYPewbtx4Aebyn4lBZUHtmyEC7vfcS
khucaESUryaaNQ77YV2Vm9lxtlzA7t8o
</Encrypted>
</CancelInfo>
<ManageInfo/>
<ReservedInfo>
<MReserved1 urlencode="1"/>
<MReserved2 urlencode="1"/>
<MReserved3 urlencode="1"/>
</ReservedInfo>
</INIpay>
gXo2uPUu9UQlxq7hZYnXGNtu92r/DUm/Sbx3oErQbdAYB9qVXtMLYYnirveHsYWT
3ONmxYXdzRk3I3XL356FkEHApEtHfTSM4YhsBBDaZei+6VenSxEqrmXzQ6NDtAWO
mVYNjHhMcI5vkOFy1DsXdHsSZRoo5YKldvUypmDXHiY=
]
INFO	[2021-06-10 14:02:33:767] <18682> VERIFY OK
INFO	[2021-06-10 14:02:33:767] <18682> PARSE HEAD OK
INFO	[2021-06-10 14:02:33:768] <18682> PARSE BODY OK
INFO	[2021-06-10 14:02:33:768] <18682> DECRYPT OK
DEBUG	[2021-06-10 14:02:33:768] <18682> DECRYPT MSG:[<?xml version="1.0" encoding="UTF-8"?><CancelInfo>
<CancelDate>20210610</CancelDate>
<CancelTime>140233</CancelTime>
<ResultCode>120000</ResultCode>
<ResultMsg urlencode="1">%C1%A4%BB%F3%C3%B3%B8%AE%B5%C7%BE%FA%BD%C0%B4%CF%B4%D9.</ResultMsg>
</CancelInfo>]
INFO	[2021-06-10 14:02:33:769] <18682> DECRYPT PARSE OK
INFO	[2021-06-10 14:02:33:769] <18682> END cancel 정상처리되었습니다. Laptime:[0.778sec]
INFO	[2021-06-10 14:02:33:769] <18682> ===============================================================
INFO	[2021-06-10 14:56:54:419] <18688> START INIPHP cancel (V5036-141209)(OS:Linux2.6.32-754.11.1.el6.x86_64,PHP:5.3.3)
DEBUG	[2021-06-10 14:56:54:419] <18688> inipayhome:/home1/killdeal/public_html/shop/inicis
DEBUG	[2021-06-10 14:56:54:419] <18688> debug:false
DEBUG	[2021-06-10 14:56:54:419] <18688> type:cancel
DEBUG	[2021-06-10 14:56:54:419] <18688> mid:majorgol03
DEBUG	[2021-06-10 14:56:54:419] <18688> admin:1111
DEBUG	[2021-06-10 14:56:54:419] <18688> tid:INIMX_CARDmajorgol0320210527133029804775
DEBUG	[2021-06-10 14:56:54:419] <18688> cancelmsg:쇼핑몰 운영자 승인 취소
INFO	[2021-06-10 14:56:54:419] <18688> Check Field OK
INFO	[2021-06-10 14:56:54:419] <18688> PI PUB KEY LOAD OK []
INFO	[2021-06-10 14:56:54:419] <18688> PG PUB KEY LOAD OK [30]
INFO	[2021-06-10 14:56:54:419] <18688> MERCHANT PRIV KEY LOAD OK
INFO	[2021-06-10 14:56:54:419] <18688> MERCHANT PUB KEY LOAD OK [0]
DEBUG	[2021-06-10 14:56:54:420] <18688> MAKE ENCRYPT OK[<?xml version="1.0" encoding="UTF-8"?>
<CancelInfo>
	  <CancelTID>INIMX_CARDmajorgol0320210527133029804775</CancelTID>
	  <CancelMsg urlencode="1">%BC%EE%C7%CE%B8%F4+%BF%EE%BF%B5%C0%DA+%BD%C2%C0%CE+%C3%EB%BC%D2</CancelMsg>
	  <CancelReason/></CancelInfo>]
INFO	[2021-06-10 14:56:54:420] <18688> MAKE BODY OK
INFO	[2021-06-10 14:56:54:420] <18688> SIGN OK
INFO	[2021-06-10 14:56:54:420] <18688> MAKE HEAD OK
INFO	[2021-06-10 14:56:54:420] <18688> MSG_TO_PG:[0096200175D SHA1                   0                                      300420majorgol03                    INIMX_CARDmajorgol0320210527133029804775<?xml version="1.0" encoding="UTF-8"?>
<INIpay>
	  <CancelInfo>
	    <SessionKey>Xkxevp1Pv2fQAMLTHUS5ichLtpXBjEUJkFPOD024zn8ZqqfuIJePITYbeXp5ZRSx
Flt7HooYrNiM63DTWvNHtda6x+3m2wOJXCaU9HxwjBvWzvSi7Ru0vzNYxGOwGFIX
TFtOItxq76OYC/mz+SesRVjMpJlgnhzj1GydIWIVjwlyXz/9cppI0A==
</SessionKey>
	    <Encrypted>YhInDzszbAsMc+QzdwPbc4vuomL4Uq1SIUBfRF+UGUCHneHsVLbmoYtLCBGY3dRy
tk5sEXnddVvYM11odgtpKETar8s7O+H4lzwZRnSwIRh67M+wdbhNMjbpHpk+QLd8
3Vd8XC1D5ULvyNxuh9Ge7+FV2zlUnWYxRztp/GjhodQEQrCzAvk/MH+qn/YySm2I
85jJYoY592wn4NDu0uqqqOg4Q7p1B8B1dCuTF30GHe52gi8q+lkd/R7JnRPegTJm
UPVtuFYRqB+nBD3hOCyh92lQmhZqu+Rd6Qx4vsWq+kCbpU/oau8ll+0eezLPpM/I
wSPKVYUqlo5XYdGACgrQdQ==
</Encrypted></CancelInfo>
	  <ReservedInfo>
	    <MReserved1/>
	    <MReserved2/>
	    <MReserved3/></ReservedInfo>
	  <ManageInfo>
	    <Language/>
	    <URL/>
	    <TXVersion>5036B141209canceLinux     PHPchkfake   2.6.32-754.11.1.el6.x86_64PHP:</TXVersion>
	    <TXUserID/>
	    <TXRegNum/></ManageInfo></INIpay>ANDnqsaMgROoP1RrrGK9Q/JkW9ew/Rg9mRB8WPAgvvp/fOw/2mIktnHGekjOufhE
vZbHFUVkMA0awWj5wco9yYA0GvSjrZiI3jV0sHQSkqul3WJ/zYMZFmLOUxov75IT
ThV1ZBUmZXWK10cMIsJDFUG7zN4ipVkONXepo+nCJuSH
]
INFO	[2021-06-10 14:56:54:420] <18688> DNS LOOKUP OK(203.238.37.3:203.238.37.3:34049) laptime:0
INFO	[2021-06-10 14:56:54:423] <18688> SOCKET CONNECT OK
INFO	[2021-06-10 14:56:54:423] <18688> SEND OK
INFO	[2021-06-10 14:56:54:850] <18688> RECV OK
INFO	[2021-06-10 14:56:54:850] <18688> MSG_FROM_PG:[0093300175D SHA1                   0                                      300430majorgol03                    INIMX_CARDmajorgol0320210527133029804775<?xml version="1.0" encoding="UTF-8"?><INIpay>
<CancelInfo>
<ResultCode>120000</ResultCode>
<ResultMsg urlencode="1">%C1%A4%BB%F3%C3%B3%B8%AE%B5%C7%BE%FA%BD%C0%B4%CF%B4%D9.</ResultMsg>
<SessionKey>AQ5Gs6h5y2a1/Pfx/oj8ykf9awX60sO57OojGW/2+SczC7oH/+zoHfwHk1mw+YsS
HoqZpRkkXblQoPQ361YWu456hHt4vjSvMsSlWkYpdVmd0WNJe9chWfxEWqlauXM7
y6iPdubmY12Ytg2HMD3xzFe1S6SVntgz+LitxzsU0AhO3MZ9sNhkLTo=
</SessionKey>
<Encrypted>o9GMBJKMVWgEnqWDBLF8TFqMRjBZleDMse3rhTCtIW+9Z/j4PheJbJHDij9dKvvo
nwOxKsToSX0Hbr+h2Mf1ThVPppnh8KMsEY6QA35ALoQajmLbct2IK0Ymi1tArgnn
udg72D+u25HQZYi27CWK3+LuC3cGTszYsSdd3XFVVsuuzejz+t1mbxyJtd9ujEBI
7FU9FPYt0gObS3/dHNpHTveIk/Zo7RnonEmDwZ80pMeAWsDOAh31D0YVO9p3yKkm
S8pb3MKoffxgm1X0IqPc+P6FnWwFW0S3LvQpcznn5rFES3bSFdpGXeLZka8BP+xj
TsnyhEPz77urVxFJfjWNGs277DklSeXW
</Encrypted>
</CancelInfo>
<ManageInfo/>
<ReservedInfo>
<MReserved1 urlencode="1"/>
<MReserved2 urlencode="1"/>
<MReserved3 urlencode="1"/>
</ReservedInfo>
</INIpay>
2UOcpTopCMamBgoBnTLRe1FQjlwDO8SLAUWGDtcOvo3u6hBa5yl6NQx6AlKsWFZd
OnUJpVIsAszPKqQLPhPVxubbT6R/p1qpufR2WKwdczF/UDPjMh+TviuFiNDNwG2A
HLWZqqqXodOzBMYLLGCc3hF351Gzwva5Sc/K2O3SGgc=
]
INFO	[2021-06-10 14:56:54:850] <18688> VERIFY OK
INFO	[2021-06-10 14:56:54:850] <18688> PARSE HEAD OK
INFO	[2021-06-10 14:56:54:850] <18688> PARSE BODY OK
INFO	[2021-06-10 14:56:54:851] <18688> DECRYPT OK
DEBUG	[2021-06-10 14:56:54:851] <18688> DECRYPT MSG:[<?xml version="1.0" encoding="UTF-8"?><CancelInfo>
<CancelDate>20210610</CancelDate>
<CancelTime>145654</CancelTime>
<ResultCode>120000</ResultCode>
<ResultMsg urlencode="1">%C1%A4%BB%F3%C3%B3%B8%AE%B5%C7%BE%FA%BD%C0%B4%CF%B4%D9.</ResultMsg>
</CancelInfo>]
INFO	[2021-06-10 14:56:54:851] <18688> DECRYPT PARSE OK
INFO	[2021-06-10 14:56:54:851] <18688> END cancel 정상처리되었습니다. Laptime:[0.432sec]
INFO	[2021-06-10 14:56:54:851] <18688> ===============================================================
INFO	[2021-06-10 22:46:29:593] <17076> START INIPHP cancel (V5036-141209)(OS:Linux2.6.32-754.11.1.el6.x86_64,PHP:5.3.3)
DEBUG	[2021-06-10 22:46:29:593] <17076> inipayhome:/home1/killdeal/public_html/shop/inicis
DEBUG	[2021-06-10 22:46:29:593] <17076> debug:false
DEBUG	[2021-06-10 22:46:29:593] <17076> type:cancel
DEBUG	[2021-06-10 22:46:29:593] <17076> mid:majorgol03
DEBUG	[2021-06-10 22:46:29:593] <17076> admin:1111
DEBUG	[2021-06-10 22:46:29:593] <17076> tid:INIMX_VBNKmajorgol0320210610224349135305
DEBUG	[2021-06-10 22:46:29:593] <17076> cancelmsg:주문자 본인 취소-상품옵션 선택 잘못함
INFO	[2021-06-10 22:46:29:593] <17076> Check Field OK
INFO	[2021-06-10 22:46:29:593] <17076> PI PUB KEY LOAD OK []
INFO	[2021-06-10 22:46:29:594] <17076> PG PUB KEY LOAD OK [30]
INFO	[2021-06-10 22:46:29:594] <17076> MERCHANT PRIV KEY LOAD OK
INFO	[2021-06-10 22:46:29:594] <17076> MERCHANT PUB KEY LOAD OK [0]
DEBUG	[2021-06-10 22:46:29:594] <17076> MAKE ENCRYPT OK[<?xml version="1.0" encoding="UTF-8"?>
<CancelInfo>
	  <CancelTID>INIMX_VBNKmajorgol0320210610224349135305</CancelTID>
	  <CancelMsg urlencode="1">%C1%D6%B9%AE%C0%DA+%BA%BB%C0%CE+%C3%EB%BC%D2-%BB%F3%C7%B0%BF%C9%BC%C7+%BC%B1%C5%C3+%C0%DF%B8%F8%C7%D4</CancelMsg>
	  <CancelReason/></CancelInfo>]
INFO	[2021-06-10 22:46:29:594] <17076> MAKE BODY OK
INFO	[2021-06-10 22:46:29:595] <17076> SIGN OK
INFO	[2021-06-10 22:46:29:595] <17076> MAKE HEAD OK
INFO	[2021-06-10 22:46:29:595] <17076> MSG_TO_PG:[0101500175D SHA1                   0                                      300420majorgol03                    INIMX_VBNKmajorgol0320210610224349135305<?xml version="1.0" encoding="UTF-8"?>
<INIpay>
	  <CancelInfo>
	    <SessionKey>uxaaFnGAMitV3QUJxGI7K9x4fSWbz//rvDiCxGxg9DMBivmmHScEWHAk6qqZG+C0
NPNIn/fJoDY16OO+UczUZuVxHskLmIOA1j0bSfFd3tT4eOmfx9jjlU/tz+vlTagA
fyJ4gtj1+mtRzlbQkzUcHVFWR9H69F1Dhk3BGnDQ7XRLaKD59jPNsQ==
</SessionKey>
	    <Encrypted>0qT54S7k3jtACcQsDJDSOP5jRUJCICq0HPEnON9Myq1VDyDmuOb+YYcPPTB+6eSr
n+EjlLJdjCMzOdkRyAtFw8+tae5pwyyj1yEPIIDgHBd64xGhOgdOylRHScjnjhdL
Mjdy/QwnaTzbFbkWQZYMZtVuFkKuPD3qRsQEcVl67cT9dqL+1/4n9WpprD2NCXSv
1Tcncloj5h1L8LWmM15bKVpEFmftzJsV89gxT+I2Jmbf8wknaut5RfWacEPWumr8
Z2KMaOzbjCH9Uncjq7MM+WYzm5/+DJ2FzExw0DDgGCVqeal1EYj+6GPkiLYDdlq6
6Ui+wmJNTvi/7xMeZWwhinA5cQ+etnh70kzWsefk63ecwR9FVRcTQ58362YWxMwi
B7w2nZLR9VU=
</Encrypted></CancelInfo>
	  <ReservedInfo>
	    <MReserved1/>
	    <MReserved2/>
	    <MReserved3/></ReservedInfo>
	  <ManageInfo>
	    <Language/>
	    <URL/>
	    <TXVersion>5036B141209canceLinux     PHPchkfake   2.6.32-754.11.1.el6.x86_64PHP:</TXVersion>
	    <TXUserID/>
	    <TXRegNum/></ManageInfo></INIpay>AKZoeVPjDEUoBEpssMSad1eeaJqYGCYKRqxUo90MPcpKwgS7+xPs9kyPxRrpQ8cN
l6yeVzWixbmLu7JJL/ox3Nc1XlMYj2EnaHnFANQ3dTIPpMH+pdc1QvsRvMUP62qc
eTustJ+ine2NDO4n27cLlLyB4l1aDIHxgLlpVtrVviSO
]
INFO	[2021-06-10 22:46:29:595] <17076> DNS LOOKUP OK(203.238.37.3:203.238.37.3:34049) laptime:0
INFO	[2021-06-10 22:46:29:597] <17076> SOCKET CONNECT OK
INFO	[2021-06-10 22:46:29:597] <17076> SEND OK
INFO	[2021-06-10 22:46:29:723] <17076> RECV OK
INFO	[2021-06-10 22:46:29:723] <17076> MSG_FROM_PG:[0123800175D SHA1                   0                                      300430majorgol03                    INIMX_VBNKmajorgol0320210610224349135305<?xml version="1.0" encoding="UTF-8"?><INIpay>
<CancelInfo>
<ResultCode>170000</ResultCode>
<ResultMsg urlencode="1">%C1%A4%BB%F3%C3%B3%B8%AE%B5%C7%BE%FA%BD%C0%B4%CF%B4%D9.</ResultMsg>
<SessionKey>AGTSq1ceruZ+k44zQqUMZ/HLpO38kcd/UFtGkaH/11u7caK4WzerV2I9ilXvUl76
xroUpvmFhOWVEVbJSSZcArbF/jAg2xvUCo2+6qEgN/4BUwfA3Ke2b4r9qfpeJo6c
amyDadnGjt/GNlH6Q0JWLdyrUXrVOvQeGorJiyIZH25hbJNK13gE9Ts=
</SessionKey>
<Encrypted>Y0dErvADMlGGOvXl0pxcZHeDOZfKcRp/OfiqiwV+cLsxSPnvGauP7B3ZRmj9lWgM
FOYAp8hvzP8Dc3AeT0GcMg0KCS0G/dozV8oIiZMajtAk/rk1VQB8ngt6jM2xQcTy
aj+Eyv8nh9mUdzWsCQEDW0HniDZfPo3aQ4ZBDhtqFXpFPEjXJ8/Rv3hy+1cBlFo0
gN68llvpuaWHRvETQnXWEIH9KaNMW/Uqd/lpSvuMjeIYqYtH/uvP+ePPz0YGII61
pj9xZGUOqezZbFSALFC0OCE7TAEce0YP9sCZttqJlZIRE9PMF/e5kVJAqtEeG7cF
abTHSJ0vhwaWYj15st74n8M9+sUeKi8bgRrV1DCiZuErvGA83qfefWCreC0irbp7
akyiXAaaLHYRnCW3tpMCfHSWFmW02GCG/2sy2g/NtqoDJYDkIpbx983KSQr8ZFHs
gtKmWiSPoNLuyYIPncT69Wvq8/qT1yayUDuV0IYulaBNMtXxw6QzTOUxdohheZmV
n01ExJaTd+DGHBH+Edh5vFnfn4pyi2n8WuxBB/iFTbVYkgmXlXW6H/F7v/l4cUzN
E20hM2d0b5az/B5yC+jAOkHhP1ScQlcQ2CHrQDwSP7tI9rFzBSAMGXY9hM4vU1Pt
t8SHLC3P6+Q=
</Encrypted>
</CancelInfo>
<ManageInfo/>
<ReservedInfo>
<MReserved1 urlencode="1"/>
<MReserved2 urlencode="1"/>
<MReserved3 urlencode="1"/>
</ReservedInfo>
</INIpay>
OcadHK3q5fZ6F9MtNZvm50ZwojyIG6uFuim+rbps+4Sp0RPTBRNF9RKUDLJ74mMG
w0BChbRTFlSN5KVGjQphrErXCqcBbF7/WZRzidCgBIP227DlIYG0IQbBfnyFi26M
Ax9v6RlQHzEgL/ji8aROupE9HB8xxqEul8InYSSrbpI=
]
INFO	[2021-06-10 22:46:29:723] <17076> VERIFY OK
INFO	[2021-06-10 22:46:29:723] <17076> PARSE HEAD OK
INFO	[2021-06-10 22:46:29:724] <17076> PARSE BODY OK
INFO	[2021-06-10 22:46:29:724] <17076> DECRYPT OK
DEBUG	[2021-06-10 22:46:29:724] <17076> DECRYPT MSG:[<?xml version="1.0" encoding="UTF-8"?><CancelInfo>
<CancelDate>20210610</CancelDate>
<CancelTime>224629</CancelTime>
<ResultCode>170000</ResultCode>
<ResultMsg urlencode="1">%C1%A4%BB%F3%C3%B3%B8%AE%B5%C7%BE%FA%BD%C0%B4%CF%B4%D9.</ResultMsg>
<CSHR_CancelDate>20210610</CSHR_CancelDate>
<CSHR_CancelTime>224629</CSHR_CancelTime>
<CSHR_ResultCode>220000</CSHR_ResultCode>
<CSHR_ResultMsg urlencode="1">%C1%A4%BB%F3%C3%B3%B8%AE%B5%C7%BE%FA%BD%C0%B4%CF%B4%D9.</CSHR_ResultMsg>
</CancelInfo>]
INFO	[2021-06-10 22:46:29:724] <17076> DECRYPT PARSE OK
INFO	[2021-06-10 22:46:29:725] <17076> END cancel 정상처리되었습니다. Laptime:[0.131sec]
INFO	[2021-06-10 22:46:29:725] <17076> ===============================================================
