INFO	[2021-07-04 22:09:39:633] <4773> START INIPHP cancel (V5036-141209)(OS:Linux2.6.32-754.11.1.el6.x86_64,PHP:5.3.3)
DEBUG	[2021-07-04 22:09:39:633] <4773> inipayhome:/home1/killdeal/public_html/shop/inicis
DEBUG	[2021-07-04 22:09:39:633] <4773> debug:false
DEBUG	[2021-07-04 22:09:39:633] <4773> type:cancel
DEBUG	[2021-07-04 22:09:39:633] <4773> mid:fourseason
DEBUG	[2021-07-04 22:09:39:633] <4773> admin:1111
DEBUG	[2021-07-04 22:09:39:633] <4773> tid:INIMX_CARDfourseason20210704220547535419
DEBUG	[2021-07-04 22:09:39:633] <4773> cancelmsg:주문자 본인 취소-구매의사 없음
INFO	[2021-07-04 22:09:39:633] <4773> Check Field OK
INFO	[2021-07-04 22:09:39:633] <4773> PI PUB KEY LOAD OK []
INFO	[2021-07-04 22:09:39:634] <4773> PG PUB KEY LOAD OK [30]
INFO	[2021-07-04 22:09:39:634] <4773> MERCHANT PRIV KEY LOAD OK
INFO	[2021-07-04 22:09:39:634] <4773> MERCHANT PUB KEY LOAD OK [0]
DEBUG	[2021-07-04 22:09:39:635] <4773> MAKE ENCRYPT OK[<?xml version="1.0" encoding="UTF-8"?>
<CancelInfo>
	  <CancelTID>INIMX_CARDfourseason20210704220547535419</CancelTID>
	  <CancelMsg urlencode="1">%C1%D6%B9%AE%C0%DA+%BA%BB%C0%CE+%C3%EB%BC%D2-%B1%B8%B8%C5%C0%C7%BB%E7+%BE%F8%C0%BD</CancelMsg>
	  <CancelReason/></CancelInfo>]
INFO	[2021-07-04 22:09:39:635] <4773> MAKE BODY OK
INFO	[2021-07-04 22:09:39:635] <4773> SIGN OK
INFO	[2021-07-04 22:09:39:635] <4773> MAKE HEAD OK
INFO	[2021-07-04 22:09:39:635] <4773> MSG_TO_PG:[0099400175D SHA1                   0                                      300420fourseason                    INIMX_CARDfourseason20210704220547535419<?xml version="1.0" encoding="UTF-8"?>
<INIpay>
	  <CancelInfo>
	    <SessionKey>hZPot8eYjOOlqMpEuWbmScppXwMhR+8l0C0MYpSvAHygEvSj1qaPHWeveXDbNIsQ
XMDWPYTInAvuz+nfggrnvDCV2AxIUHJ9xksyWAy7fq9yZ5y4feRu7IrkdRsTkheZ
xagazTrfxefJ82rGEVEWKN9PESUGxNWrY2vC8fOvSdZdrwBu2C5Ddg==
</SessionKey>
	    <Encrypted>EClX16zTXeMesSYzSZKMwbDbjBhjBAQRzv5VvD78nlbXksmSWbmSdudmorHHKCFJ
QpahgwJfLVh7JSqsp6nbwzV4h+upCIdLQdvnIirZq3L6UF207R/9ENXyZURwKjAf
56atzoqooRYE+0H+lgjc3tzMYrQSjL771Ik12K7HjqfLaP4ln7h081Bhz9mCfIZl
/0oqTqTiKl+pVpoWFR3YQLlv8+7V5bH7KjREdcdwLH/afzthjQw7BP3ZqkBh5j1s
ojU/yJNCtdqISqcp/LGfBgSOje9YENSnbuhMiofXNdH1z4p2I0dwlqvJruAXltUy
2Ed1/SEQJGSOXHMtmddQ53jb17nUrPW8z/fiYWlUKEvRi9Rh7zAvjw==
</Encrypted></CancelInfo>
	  <ReservedInfo>
	    <MReserved1/>
	    <MReserved2/>
	    <MReserved3/></ReservedInfo>
	  <ManageInfo>
	    <Language/>
	    <URL/>
	    <TXVersion>5036B141209canceLinux     PHPchkfake   2.6.32-754.11.1.el6.x86_64PHP:</TXVersion>
	    <TXUserID/>
	    <TXRegNum/></ManageInfo></INIpay>ANpcNT9Hq4q2jUe4jvgSxIYc3vFlMRdq0gYunJ6QDx7l5IF4vMwnKDqIoBNzjGrs
D7QVFFX3CHoWnSJwGFfJxZLgyO6VPGLofAcf56QSyDnpyCsrjF//d1TbFQ1H6f4I
kGb37CC0ENrKxSDyuvw19RzFMSfT1+EmPhJtaM+zbCGL
]
INFO	[2021-07-04 22:09:39:635] <4773> DNS LOOKUP OK(203.238.37.3:203.238.37.3:34049) laptime:0
INFO	[2021-07-04 22:09:39:638] <4773> SOCKET CONNECT OK
INFO	[2021-07-04 22:09:39:638] <4773> SEND OK
INFO	[2021-07-04 22:09:40:830] <4773> RECV OK
INFO	[2021-07-04 22:09:40:830] <4773> MSG_FROM_PG:[0093300175D SHA1                   0                                      300430fourseason                    INIMX_CARDfourseason20210704220547535419<?xml version="1.0" encoding="UTF-8"?><INIpay>
<CancelInfo>
<ResultCode>120000</ResultCode>
<ResultMsg urlencode="1">%C1%A4%BB%F3%C3%B3%B8%AE%B5%C7%BE%FA%BD%C0%B4%CF%B4%D9.</ResultMsg>
<SessionKey>AGDPqXD4/I3A3H1xyMY3yDyhOEFgvCRDGC6PRGuIss1kQqIyH9OabN9ztX2NHhUV
5v8dalTeszwHT4nLYranxYNx2UeXeGNqj+E+ZNjYZy9PrbJT7OahDiX/KG+CY2L/
F9cmSsb/luj/j3OSX35df+79Wt/EcPn4i1c8N5tW1ihOrV7yFmaofCo=
</SessionKey>
<Encrypted>UUAybZLc/grT5BkwWteuKyWKnFFftJ6tz76W9zKCGPeUMHf93mvvxCxI/fHpYixS
6CnKPml9g745H3qWP733Qgyv0h+xteA0CScQwhW98qVX6Ixw0uqxAHazvqzSsb52
/waXJdj0TzmtwlfMFK+hIYxezbP3Vf/GW28dR4LmMAAGh7BiWDlVPOROaklscSHp
KaZmXT/PMTaoS8VLiEIud1LNdbPywpHH2+6WeznZioISCQN3llQgVY7joJBz1T+j
8A3j+sMkvpP5YeOrqF/MypuMull8VRNb2CzVOuD0stY5OYko+soNJFxIQ3qU6/qD
0AP/dCXjYMWmWS7Ty3gYZUj2BZok1ef5
</Encrypted>
</CancelInfo>
<ManageInfo/>
<ReservedInfo>
<MReserved1 urlencode="1"/>
<MReserved2 urlencode="1"/>
<MReserved3 urlencode="1"/>
</ReservedInfo>
</INIpay>
v2jpDZrLuqTt0a535rkz0aIh8BbMvhX0IRX9lrV+ej/FZqLbC+t5zIfRGfMmKJt6
wht+lOl7QN6SyfggJf4BvCH5yj/Ne2cUe3csYurcwalmZ4FzAPlh06bigoowWDHh
5+rwbWiyXHwdZWmtBQGNhJbnOC1uKmq2k3XigxjMkkw=
]
INFO	[2021-07-04 22:09:40:830] <4773> VERIFY OK
INFO	[2021-07-04 22:09:40:830] <4773> PARSE HEAD OK
INFO	[2021-07-04 22:09:40:831] <4773> PARSE BODY OK
INFO	[2021-07-04 22:09:40:831] <4773> DECRYPT OK
DEBUG	[2021-07-04 22:09:40:831] <4773> DECRYPT MSG:[<?xml version="1.0" encoding="UTF-8"?><CancelInfo>
<CancelDate>20210704</CancelDate>
<CancelTime>220940</CancelTime>
<ResultCode>120000</ResultCode>
<ResultMsg urlencode="1">%C1%A4%BB%F3%C3%B3%B8%AE%B5%C7%BE%FA%BD%C0%B4%CF%B4%D9.</ResultMsg>
</CancelInfo>]
INFO	[2021-07-04 22:09:40:831] <4773> DECRYPT PARSE OK
INFO	[2021-07-04 22:09:40:832] <4773> END cancel 정상처리되었습니다. Laptime:[1.199sec]
INFO	[2021-07-04 22:09:40:832] <4773> ===============================================================
