INFO	[2021-04-02 15:36:38:767] <4979> START INIPHP repay (V5036-141209)(OS:Linux2.6.32-754.11.1.el6.x86_64,PHP:5.3.3)
DEBUG	[2021-04-02 15:36:38:767] <4979> inipayhome:/home1/killdeal/public_html/shop/inicis
DEBUG	[2021-04-02 15:36:38:767] <4979> debug:false
DEBUG	[2021-04-02 15:36:38:767] <4979> type:repay
DEBUG	[2021-04-02 15:36:38:767] <4979> pgid:INIphpRPAY
DEBUG	[2021-04-02 15:36:38:767] <4979> subpgip:203.238.3.10
DEBUG	[2021-04-02 15:36:38:767] <4979> mid:fourseason
DEBUG	[2021-04-02 15:36:38:767] <4979> admin:1111
DEBUG	[2021-04-02 15:36:38:767] <4979> oldtid:StdpayCARDfourseason20210311212958723076
DEBUG	[2021-04-02 15:36:38:767] <4979> currency:WON
DEBUG	[2021-04-02 15:36:38:767] <4979> price:14900
DEBUG	[2021-04-02 15:36:38:767] <4979> confirm_price:32700
DEBUG	[2021-04-02 15:36:38:767] <4979> buyeremail:bknight1005@hanmail.net
DEBUG	[2021-04-02 15:36:38:767] <4979> tax:1355
DEBUG	[2021-04-02 15:36:38:767] <4979> taxfree:0
INFO	[2021-04-02 15:36:38:767] <4979> Check Field OK
INFO	[2021-04-02 15:36:38:767] <4979> Make TID OK INIphpRPAYfourseason20210402153638677888
INFO	[2021-04-02 15:36:38:767] <4979> PI PUB KEY LOAD OK []
INFO	[2021-04-02 15:36:38:767] <4979> PG PUB KEY LOAD OK [30]
INFO	[2021-04-02 15:36:38:767] <4979> MERCHANT PRIV KEY LOAD OK
INFO	[2021-04-02 15:36:38:767] <4979> MERCHANT PUB KEY LOAD OK [0]
DEBUG	[2021-04-02 15:36:38:768] <4979> MAKE ENCRYPT OK[<?xml version="1.0" encoding="UTF-8"?>
<PartCancelInfo>
	  <PRTC_TID>StdpayCARDfourseason20210311212958723076</PRTC_TID>
	  <PRTC_Price>14900</PRTC_Price>
	  <PRTC_Remains>32700</PRTC_Remains>
	  <PRTC_Quota/>
	  <PRTC_Interest/>
	  <PRTC_NoAcctFNBC/>
	  <PRTC_NmAcctFNBC/></PartCancelInfo>]
INFO	[2021-04-02 15:36:38:768] <4979> MAKE BODY OK
INFO	[2021-04-02 15:36:38:768] <4979> SIGN OK
INFO	[2021-04-02 15:36:38:768] <4979> MAKE HEAD OK
INFO	[2021-04-02 15:36:38:768] <4979> MSG_TO_PG:[0111700175D SHA1                   0                                      300620fourseason               14900INIphpRPAYfourseason20210402153638677888<?xml version="1.0" encoding="UTF-8"?>
<INIpay>
	  <PartCancelInfo>
	    <SessionKey>ZUpycGULO5VtRkUSt+cYQWinTrwun5HidKSvsYzgage7Bb4Lx0Ap51B1F+vHNLv3
NxWMkNb8PasN/jKeUenmnOGglnkf9ocCbIEcfQtUXSO7+sxSsDvNvLJgWUdoLydV
dXPibWggK2Yoas6ae7zYbsQUpaB5Gj4W+zxR8Poyvhpvf9hAYJiTcQ==
</SessionKey>
	    <Encrypted>bz8aHWI59063WmiodtP13TctGe47bDIBjoxQueUXBYkQLyOnKgLqya8xn52ENdgY
OAj+KogymYuyyibTQDlc/FCxh0mhPwzpG9zPOuaX6fs2ffhBI8iJRRdHo4pMW3FV
BXqYbYHOEuWiOymyLXRKofmG/JgHXqmuEhiRtPjeqygbfix6AxUjwlJUAil9QwGy
9v//4aSKz0mzHk39NGv87iv+/4/zj5mGka7cSZFO+qfcJyIZlvo234rEO7Fu6NJp
lv9UOlDlObJ+HiCs63wvuZZLBvW8jaHGekp8Ma6XdGIwpchikSFa8joN+vXl7yd/
Iv6/aiUkmWUDGUNXtg23xavpaHOrmK/Vpb/a2Q+JWDJ4Kv32NF39vEIwAPlb/U0Q
wx2s91u9Z3A=
</Encrypted></PartCancelInfo>
	  <GoodsInfo>
	    <Tax>1355</Tax>
	    <TaxFree/>
	    <Currency>WON</Currency></GoodsInfo>
	  <ReservedInfo>
	    <MReserved1/>
	    <MReserved2/>
	    <MReserved3/></ReservedInfo>
	  <ManageInfo>
	    <Language/>
	    <URL/>
	    <TXVersion>5036B141209repayLinux     PHPchkfake   2.6.32-754.11.1.el6.x86_64PHP:</TXVersion>
	    <TXUserID/>
	    <TXRegNum/></ManageInfo></INIpay>AJe6qx/CXsLj/zCvAttPrwFqUPQQCi98sr8lEQiNUvcLZ4784dyDcTWo+e6Bfvkx
DvFESfIiCxLlsVZAsp/f+4zwueQSmLOseveNmx+j+L15DcotleXqK5Svdh4TMPL7
7F27mRbPyb3JJxkWQyzeNZWwAVSYbiMXDbPAaEx+KwST
]
INFO	[2021-04-02 15:36:38:768] <4979> DNS LOOKUP OK(203.238.37.3:203.238.37.3:34049) laptime:0
INFO	[2021-04-02 15:36:38:771] <4979> SOCKET CONNECT OK
INFO	[2021-04-02 15:36:38:771] <4979> SEND OK
INFO	[2021-04-02 15:36:39:32] <4979> RECV OK
INFO	[2021-04-02 15:36:39:32] <4979> MSG_FROM_PG:[0098000175D SHA1                   0                                      300630fourseason               14900INIphpRPAYfourseason20210402153638677888<?xml version="1.0" encoding="UTF-8"?><INIpay>
<PartCancelInfo>
<PayMethod>Card</PayMethod>
<ResultCode>120000</ResultCode>
<ResultMsg urlencode="1">%C1%A4%BB%F3%C3%B3%B8%AE%B5%C7%BE%FA%BD%C0%B4%CF%B4%D9.</ResultMsg>
<SessionKey>ADxN1tUx71vZYWEn7Z/D6sWhBCRGo7E0eC+Q+tksrvLsTXnJiBCn8NYULaZHKkMh
uHqyqthjVr4a52uBBzKBOF1eeCe1o1/73nKGJEIPPx4JCRfqLgAoz/D2LvNwfk0N
Qwi+EXNRlHMEhrwEXkp7zusz9uujckrYNWYPDjGqfiKgIEuqPe3DBrI=
</SessionKey>
<Encrypted>AIC2OxuP1F2cM4zqYcb+0bLrZae2XNb+wXmqHydcCy4Wvkbt+KYXePBmLFW9EnGU
kwaR1bral88I4ZANuXPwE4ZjdqxrC+1W5bn0HcZLrzckIE5Uf8UXSbXiYE07ST6f
XoysZUF58G2r7Gc5BigI63rS1z5PS/W0sQuBYDOmWgUoRu1sv/mgCzlWoLRYFQnM
EXGrr+Pgl/Cg5CR2iRUPpkVg0rEyTDHOZ39vRDLSg63F8GwhjEE1aKER7gA4ImFa
sbtblDpAYMfzQw9MInjqjXSvHN/SwHQcuNu/1udCJlsx1INfDfeAVH765aCMmlmT
XNqs+yPiw3/q868lDCglq/21TrHc5kL1UbhxsbhLjrBIcE9GI1Z6vNPyICSlM+NX
7BaOWOc0COoWdNt+ajyp/gCF7/XE8BFcTEvx2PknbEbjb7xrgsNG0BxA4PbPNC/Q
ZCLj2z7Ew9M=
</Encrypted>
</PartCancelInfo>
<ManageInfo/>
<ReservedInfo/>
</INIpay>
o4wSl6jwWayDUiMjH2oexgGW2hsY32gq6Hf1CxHoUhjUHIoNSD9kq7pkmVj5Qoc0
F3HQ5Q5fog76cFHv3L/rvae51ocEMS1eVywnznixMzTenOfPLLrEm6NJB49cRm0k
3+fl20p0i3606WhW/AA00mC42UCJhSMDA6aq3wl47Mg=
]
INFO	[2021-04-02 15:36:39:32] <4979> VERIFY OK
INFO	[2021-04-02 15:36:39:32] <4979> PARSE HEAD OK
INFO	[2021-04-02 15:36:39:33] <4979> PARSE BODY OK
INFO	[2021-04-02 15:36:39:33] <4979> DECRYPT OK
DEBUG	[2021-04-02 15:36:39:33] <4979> DECRYPT MSG:[<?xml version="1.0" encoding="UTF-8"?><PartCancelInfo>
<PRTC_TID>StdpayCARDfourseason20210311212958723076</PRTC_TID>
<PRTC_Price>14900</PRTC_Price>
<PRTC_Remains>32700</PRTC_Remains>
<PRTC_Quota>00</PRTC_Quota>
<PRTC_Type>1</PRTC_Type>
<CancelDate>20210402</CancelDate>
<CancelTime>153638</CancelTime>
<PRTC_Cnt>2</PRTC_Cnt>
</PartCancelInfo>]
INFO	[2021-04-02 15:36:39:34] <4979> DECRYPT PARSE OK
INFO	[2021-04-02 15:36:39:34] <4979> END repay 정상처리되었습니다. Laptime:[0.267sec]
INFO	[2021-04-02 15:36:39:34] <4979> ===============================================================
