INFO	[2021-01-17 16:06:26:880] <9818> START INIPHP cancel (V5036-141209)(OS:Linux2.6.32-754.11.1.el6.x86_64,PHP:5.3.3)
DEBUG	[2021-01-17 16:06:26:880] <9818> inipayhome:/home1/killdeal/public_html/shop/inicis
DEBUG	[2021-01-17 16:06:26:880] <9818> debug:false
DEBUG	[2021-01-17 16:06:26:880] <9818> type:cancel
DEBUG	[2021-01-17 16:06:26:880] <9818> mid:majorgol03
DEBUG	[2021-01-17 16:06:26:880] <9818> admin:1111
DEBUG	[2021-01-17 16:06:26:880] <9818> tid:INIMX_CARDmajorgol0320210117095933605976
DEBUG	[2021-01-17 16:06:26:880] <9818> cancelmsg:주문자 본인 취소-상품옵션 선택 잘못함
INFO	[2021-01-17 16:06:26:880] <9818> Check Field OK
INFO	[2021-01-17 16:06:26:881] <9818> PI PUB KEY LOAD OK []
INFO	[2021-01-17 16:06:26:881] <9818> PG PUB KEY LOAD OK [30]
INFO	[2021-01-17 16:06:26:881] <9818> MERCHANT PRIV KEY LOAD OK
INFO	[2021-01-17 16:06:26:882] <9818> MERCHANT PUB KEY LOAD OK [0]
DEBUG	[2021-01-17 16:06:26:882] <9818> MAKE ENCRYPT OK[<?xml version="1.0" encoding="UTF-8"?>
<CancelInfo>
	  <CancelTID>INIMX_CARDmajorgol0320210117095933605976</CancelTID>
	  <CancelMsg urlencode="1">%C1%D6%B9%AE%C0%DA+%BA%BB%C0%CE+%C3%EB%BC%D2-%BB%F3%C7%B0%BF%C9%BC%C7+%BC%B1%C5%C3+%C0%DF%B8%F8%C7%D4</CancelMsg>
	  <CancelReason/></CancelInfo>]
INFO	[2021-01-17 16:06:26:882] <9818> MAKE BODY OK
INFO	[2021-01-17 16:06:26:883] <9818> SIGN OK
INFO	[2021-01-17 16:06:26:883] <9818> MAKE HEAD OK
INFO	[2021-01-17 16:06:26:883] <9818> MSG_TO_PG:[0101500175D SHA1                   0                                      300420majorgol03                    INIMX_CARDmajorgol0320210117095933605976<?xml version="1.0" encoding="UTF-8"?>
<INIpay>
	  <CancelInfo>
	    <SessionKey>eAQC4rZOmzptFvmikkOSACM4AdQHPAwoU067CXpI4IybOarD5M2CTQIhQQJJ+9dK
GWH9yuljvmzjOlCjnaqi4IQdwr4zM9Cra1NX4efNx2J/2s3IeMkentlEyjaTa9uU
8HNSDxelqn+N5nQyhre1OflyCPcAT4lXGqZtE+aE/x6GIwPbQTrF0g==
</SessionKey>
	    <Encrypted>HWkyIqHs5SgvwVTDLKwj4JKcPH73b2HxhWohSUjgRMoVGcWeflJP5+1NyVwJ/6Wb
Kq0H0861jdfL6MXYcgQYytD/YikOWCkl7KLIfzdr8/WEvNawXkSI5qgL2m5jaOOG
wHzKBS+vXZfbUF8w1tMrFlfoqY4kI7FqKxYRjk4jaIQ4hNc56bq5Q+j2kqn/80j9
VV9CGxPCdYAMIAL8ZchFlQ555RPrBKaVVWbUeiOkBnj0XPL+BFNB62YaYID+Eoh8
nBzc35yYQ8A/b2TlpT+V/RGML0FeDD1jYM2JNwCwjzX1m7vTGUmsrdPkrqSx5mRu
cqoY6Igs5JTPS+nbZRTRDeRn5vDxUrV6PS9CdUR3QAS9gla9b+DBCc9JBZ6+yl8f
weUpLjFxrXE=
</Encrypted></CancelInfo>
	  <ReservedInfo>
	    <MReserved1/>
	    <MReserved2/>
	    <MReserved3/></ReservedInfo>
	  <ManageInfo>
	    <Language/>
	    <URL/>
	    <TXVersion>5036B141209canceLinux     PHPchkfake   2.6.32-754.11.1.el6.x86_64PHP:</TXVersion>
	    <TXUserID/>
	    <TXRegNum/></ManageInfo></INIpay>ALmBGZWSB7KxnrB/FsNZtXuMmL0oN28v5s8S5/RFxkvYsr5CKWBPmjHHjTtSBsLy
rJTh938kTkkUVFTKuYhSlPnYEfJ5yrLlzIoiIuibyCt0UQJzbPug0yij6yRs5s2c
2pt/iewJAiEVknBL0PpWBcjwxYUcrOuF8utfHQmNMxJR
]
INFO	[2021-01-17 16:06:26:883] <9818> DNS LOOKUP OK(203.238.37.3:203.238.37.3:34049) laptime:0
INFO	[2021-01-17 16:06:26:885] <9818> SOCKET CONNECT OK
INFO	[2021-01-17 16:06:26:885] <9818> SEND OK
INFO	[2021-01-17 16:06:27:449] <9818> RECV OK
INFO	[2021-01-17 16:06:27:449] <9818> MSG_FROM_PG:[0093300175D SHA1                   0                                      300430majorgol03                    INIMX_CARDmajorgol0320210117095933605976<?xml version="1.0" encoding="UTF-8"?><INIpay>
<CancelInfo>
<ResultCode>120000</ResultCode>
<ResultMsg urlencode="1">%C1%A4%BB%F3%C3%B3%B8%AE%B5%C7%BE%FA%BD%C0%B4%CF%B4%D9.</ResultMsg>
<SessionKey>AHljrXzy5MJpGExppNkcDYSvjFgfUCKjqJVN9meHl6ukLOtAFNPZK5SZBFr/M8Nv
NiZlrvQLCB46/zRtWh1tZ7aIm8Mc2qWNg4mWrxBDVw5wsAUcArjbOX2l5kfkzW/2
f7jboARgvo7jCWYa36/pD2tM6aC8o9Db/G6SgKgqFF5Nvby+At1Sf0E=
</SessionKey>
<Encrypted>9kttxqT6JJQ9lI+5kBIXGN3eU5wd4ohyhG1AhGE25JHUm5MhrnhKxNRrfFexxE8N
z5xJHEkLZzLArKepJAAlpXXQlwVdD3BwwQ1/GtUQOkeLp+LwcSL7WU44QaC20v8y
FRKDYVQDtpICt+pKwLj9BGF+6NviHKfB4h4hGckzZwaFGUfF8PD9QF2TmOFHtYNf
rxpJyvHFTaU21LlZOV/bUHZSSFbXU1rktl29pCjpl1kAx3uaGhQeIM82gahVeVG4
HTR6JBIBeMT36ATER1O5YGoaYl4P0LDMkpjPTvdNV1lpaF2Wv82bakcj+RHRqZ7I
IwZ37my7qEyEf8B1B79yY4JD1Z0Wlbvw
</Encrypted>
</CancelInfo>
<ManageInfo/>
<ReservedInfo>
<MReserved1 urlencode="1"/>
<MReserved2 urlencode="1"/>
<MReserved3 urlencode="1"/>
</ReservedInfo>
</INIpay>
Eb45IjDr1P6XYC2ozbs4rTYT1VPA+xA+TB4TGxvfAkPVLz0eK7FGQmoUUjPxh+wy
kXFRx4+4gdjKOse3/q+iRj35epfUhKusBZOI8qDF6YdLjQtm5hoE+I10LPIeP9ud
garY3f7Kl9e7US6Z0BIDpWR7Pm+f+D46DSLyxN0+s6A=
]
INFO	[2021-01-17 16:06:27:449] <9818> VERIFY OK
INFO	[2021-01-17 16:06:27:449] <9818> PARSE HEAD OK
INFO	[2021-01-17 16:06:27:449] <9818> PARSE BODY OK
INFO	[2021-01-17 16:06:27:450] <9818> DECRYPT OK
DEBUG	[2021-01-17 16:06:27:450] <9818> DECRYPT MSG:[<?xml version="1.0" encoding="UTF-8"?><CancelInfo>
<CancelDate>20210117</CancelDate>
<CancelTime>160627</CancelTime>
<ResultCode>120000</ResultCode>
<ResultMsg urlencode="1">%C1%A4%BB%F3%C3%B3%B8%AE%B5%C7%BE%FA%BD%C0%B4%CF%B4%D9.</ResultMsg>
</CancelInfo>]
INFO	[2021-01-17 16:06:27:450] <9818> DECRYPT PARSE OK
INFO	[2021-01-17 16:06:27:450] <9818> END cancel 정상처리되었습니다. Laptime:[0.569sec]
INFO	[2021-01-17 16:06:27:450] <9818> ===============================================================
