INFO	[2020-04-29 13:00:18:879] <27519> START INIPHP repay (V5036-141209)(OS:Linux2.6.32-754.11.1.el6.x86_64,PHP:5.3.3)
DEBUG	[2020-04-29 13:00:18:879] <27519> inipayhome:/home/killdeal/public_html/shop/inicis
DEBUG	[2020-04-29 13:00:18:879] <27519> debug:false
DEBUG	[2020-04-29 13:00:18:879] <27519> type:repay
DEBUG	[2020-04-29 13:00:18:879] <27519> pgid:INIphpRPAY
DEBUG	[2020-04-29 13:00:18:879] <27519> subpgip:203.238.3.10
DEBUG	[2020-04-29 13:00:18:879] <27519> mid:majorgol03
DEBUG	[2020-04-29 13:00:18:879] <27519> admin:1111
DEBUG	[2020-04-29 13:00:18:879] <27519> oldtid:INIMX_CARDmajorgol0320200419210647654887
DEBUG	[2020-04-29 13:00:18:879] <27519> currency:WON
DEBUG	[2020-04-29 13:00:18:879] <27519> price:50900
DEBUG	[2020-04-29 13:00:18:879] <27519> confirm_price:478900
DEBUG	[2020-04-29 13:00:18:879] <27519> buyeremail:3onfyo33c@nate.com
DEBUG	[2020-04-29 13:00:18:879] <27519> tax:4627
DEBUG	[2020-04-29 13:00:18:879] <27519> taxfree:0
INFO	[2020-04-29 13:00:18:879] <27519> Check Field OK
INFO	[2020-04-29 13:00:18:880] <27519> Make TID OK INIphpRPAYmajorgol0320200429130018794683
INFO	[2020-04-29 13:00:18:880] <27519> PI PUB KEY LOAD OK []
INFO	[2020-04-29 13:00:18:880] <27519> PG PUB KEY LOAD OK [30]
INFO	[2020-04-29 13:00:18:880] <27519> MERCHANT PRIV KEY LOAD OK
INFO	[2020-04-29 13:00:18:880] <27519> MERCHANT PUB KEY LOAD OK [0]
DEBUG	[2020-04-29 13:00:18:880] <27519> MAKE ENCRYPT OK[<?xml version="1.0" encoding="UTF-8"?>
<PartCancelInfo>
	  <PRTC_TID>INIMX_CARDmajorgol0320200419210647654887</PRTC_TID>
	  <PRTC_Price>50900</PRTC_Price>
	  <PRTC_Remains>478900</PRTC_Remains>
	  <PRTC_Quota/>
	  <PRTC_Interest/>
	  <PRTC_NoAcctFNBC/>
	  <PRTC_NmAcctFNBC/></PartCancelInfo>]
INFO	[2020-04-29 13:00:18:881] <27519> MAKE BODY OK
INFO	[2020-04-29 13:00:18:881] <27519> SIGN OK
INFO	[2020-04-29 13:00:18:881] <27519> MAKE HEAD OK
INFO	[2020-04-29 13:00:18:881] <27519> MSG_TO_PG:[0111700175D SHA1                   0                                      300620majorgol03               50900INIphpRPAYmajorgol0320200429130018794683<?xml version="1.0" encoding="UTF-8"?>
<INIpay>
	  <PartCancelInfo>
	    <SessionKey>OdM39bzCqfB3Ul8my+9FwqrFsKwG/yj0pbcWkR3+veJKmn9+q+tecYGmzrzPyzWp
rWnZJ++ZTRQu1h2VqSnB1ZfFlBiTMQTmD6BBP82clUVacOl7RFmuvSOQL02NOQ7S
axcxKal3zIuZqidru9SHqY1YNL24HuvZnFMAaxqI2jIL+SHLAc6Isw==
</SessionKey>
	    <Encrypted>K1qub+VMX8F/T4hvLFRRu46sKizVkYViGlQE9iNQW9NkZuR7aupy3GSYYYh15VeF
6ald8GwFC2GHzsXRZSjYtLf1I+UiUDNi5oCOrcDnEDS0vuoGCTOlKv3Q82wUDPrZ
xHwrkTJ3qZ9v61IypD+TYAWuQexHzQ7DLFSi7UWSKCH7zCkSPs2+w1g2oNGrGIWM
7kdS7eB19I6undfM7zIMGNeLJNgnq2ODEmmhglT8GENlex5cbErGC2mjuZX5Z1w+
auJDFcsp3XN/tfFLs9WqAEjvV9KQx9JYBn0FzUA1Le4Ec86KKDEQms/Bq/K2Ci39
zDWadp6zuHPohipeShAuu1vRStqKFdj/sGnRYpqdXaVf7j6881zEOanitRjSD6a8
wM3FWRhOcX4=
</Encrypted></PartCancelInfo>
	  <GoodsInfo>
	    <Tax>4627</Tax>
	    <TaxFree/>
	    <Currency>WON</Currency></GoodsInfo>
	  <ReservedInfo>
	    <MReserved1/>
	    <MReserved2/>
	    <MReserved3/></ReservedInfo>
	  <ManageInfo>
	    <Language/>
	    <URL/>
	    <TXVersion>5036B141209repayLinux     PHPchkfake   2.6.32-754.11.1.el6.x86_64PHP:</TXVersion>
	    <TXUserID/>
	    <TXRegNum/></ManageInfo></INIpay>AGw+kIrRPBueoYSNUNiigVx6aM8JshpGEszWxcbj7NW5UgmxryDKBlvuzFYTr9cq
lJRkl2S3RTyauie9mNtnBrZEstBCIb52Jl+51lKbnbv1gELAh5Gh0rMxqMA4MWCL
oBtTg4zl3BK9aRDUD5p82BDj0VUzNdkVIrfbaHowXHib
]
INFO	[2020-04-29 13:00:18:881] <27519> DNS LOOKUP OK(203.238.37.3:203.238.37.3:34049) laptime:0
INFO	[2020-04-29 13:00:18:883] <27519> SOCKET CONNECT OK
INFO	[2020-04-29 13:00:18:883] <27519> SEND OK
INFO	[2020-04-29 13:00:19:116] <27519> RECV OK
INFO	[2020-04-29 13:00:19:116] <27519> MSG_FROM_PG:[0150300175D SHA1                   0                                      300630majorgol03               50900INIphpRPAYmajorgol0320200429130018794683<?xml version="1.0" encoding="UTF-8"?>
<INIpay>
  <PartCancelInfo>
    <PayMethod>Card</PayMethod>
    <ResultCode>120000</ResultCode>
    <ResultMsg urlencode="1">%C1%A4%BB%F3%C3%B3%B8%AE%B5%C7%BE%FA%BD%C0%B4%CF%B4%D9.</ResultMsg>
    <SessionKey>AL1visTccGnCkFg9cc3poZQ27UmMws3i2VqvC2NCIrNKkYBt3XD/qX+xS2Ut+qMu
9XzW/zzOr9iJCnfH42IozE9rD82RJLijK4y7+fE28XiCx9g8vyOjGfIGuOq3Pue6
n2cEvklHu7WGdrTXr5Z0lwMw+hFAxmwNnidxe2lONpOzDneQG21TqSY=
</SessionKey>
    <Encrypted>2uZJ7KuERlufqi4Xwdp94rrXPZG2W7TuBqul4QW/Af5kU9pLpE1+CLFh/KfuJD68
34eUmPt36tlW8SWf08DlVMMFPFB3NqgiE1pWneZ6/k80ugxhP/uInjPuBStctlZ6
xLIamb+LZxJ7VQ+KcnY1cvK1GEOQL0cztGc30UrUtWcmark7+C9yidhHwDHzk/8d
KcGR6CVD6U20+g1Yiax8R4an8079O2Kmw8cSQ1yIJo04TuikE+lKmT53zLoA48Y8
X14jRMSVsd01ybIpw2sjy/Fnp3Je+fj1I7sqE6yiM3gjVckJS9H2Ag/Zhm3HM7rX
bL33wvWSvr9BQ/WesqX8M314lm6qs66qI0t/uDWSynuqS4NfIqVR4cz2vZEQE36/
HJ/Z5NDQJJpJcJR4eqRtf9gPSBWVuNXZkmJ0vSAzsxc4SkLHNdu4i+h6TCwZ255S
OF8AhO/S/Xz7uW4MJ8BxpqAI7X0emyyOGYh0+ZCwbQc1CRDyL2O0Blef5ATpGrey
Q4qguE5rY7wwBAHsMzv7GGYILZsXNt6sVHbiMJDqYuG9ERLfDy29Olw9yP2uE42w
H1mEXh9vAD8Ab84vGnvDpl9zzfJax+dTuAb/VGRDC89fZm3QoUu1a1qHHg8z20YE
am9RY1cfrB5B6IbqmO2wkg==
</Encrypted>
  </PartCancelInfo>
  <ManageInfo/>
  <ReservedInfo>
    <MReserved1 urlencode="1"></MReserved1>
    <MReserved2 urlencode="1"></MReserved2>
    <MReserved3 urlencode="1"></MReserved3>
    <PGReserved1 urlencode="1"></PGReserved1>
    <PGReserved2 urlencode="1"></PGReserved2>
    <PGReserved3 urlencode="1"></PGReserved3>
  </ReservedInfo>
</INIpay>
loHE7q3L6oHHzKI5sW0tNdW9la8alSOhETgJqQ/XtxQRpaci2RpRqWYd0qninYce
LwX2vagKDKrcSTJD4R6u8WTDnsf4tWI3RnKS4o7CEJbkfNZG68dePKATSmuR4AMz
KEzTgrm07lmc62i+2/7eEcVqd7HYpEeq1+nM9hPwmlQ=
]
INFO	[2020-04-29 13:00:19:116] <27519> VERIFY OK
INFO	[2020-04-29 13:00:19:116] <27519> PARSE HEAD OK
INFO	[2020-04-29 13:00:19:116] <27519> PARSE BODY OK
INFO	[2020-04-29 13:00:19:117] <27519> DECRYPT OK
DEBUG	[2020-04-29 13:00:19:117] <27519> DECRYPT MSG:[<?xml version="1.0" encoding="UTF-8"?>
<PartCancelInfo>
  <PRTC_TID>INIMX_CARDmajorgol0320200419210647654887</PRTC_TID>
  <PRTC_Price>50900</PRTC_Price>
  <PRTC_Remains>478900</PRTC_Remains>
  <PRTC_Quota>00</PRTC_Quota>
  <PRTC_Type>1</PRTC_Type>
  <CancelDate>20200429</CancelDate>
  <CancelTime>130019</CancelTime>
  <CARD_ApplNum></CARD_ApplNum>
  <ExchangeRate></ExchangeRate>
  <MOID urlencode="1"></MOID>
  <PRTC_Cnt>1</PRTC_Cnt>
  <PRTC_SubRemains></PRTC_SubRemains>
</PartCancelInfo>]
INFO	[2020-04-29 13:00:19:117] <27519> DECRYPT PARSE OK
INFO	[2020-04-29 13:00:19:117] <27519> END repay 정상처리되었습니다. Laptime:[0.238sec]
INFO	[2020-04-29 13:00:19:117] <27519> ===============================================================
