INFO	[2023-12-03 15:58:04:421] <22863> START INIPHP cancel (V5036-141209)(OS:Linux2.6.32-754.11.1.el6.x86_64,PHP:5.3.3)
DEBUG	[2023-12-03 15:58:04:422] <22863> inipayhome:/home1/killdeal/public_html/shop/inicis
DEBUG	[2023-12-03 15:58:04:422] <22863> debug:false
DEBUG	[2023-12-03 15:58:04:422] <22863> type:cancel
DEBUG	[2023-12-03 15:58:04:422] <22863> mid:majorgol03
DEBUG	[2023-12-03 15:58:04:422] <22863> admin:1111
DEBUG	[2023-12-03 15:58:04:422] <22863> tid:INIMX_ISP_majorgol0320231203155216105161
DEBUG	[2023-12-03 15:58:04:422] <22863> cancelmsg:주문자 본인 취소-상품옵션 선택 잘못함
INFO	[2023-12-03 15:58:04:422] <22863> Check Field OK
INFO	[2023-12-03 15:58:04:422] <22863> PI PUB KEY LOAD OK []
INFO	[2023-12-03 15:58:04:422] <22863> PG PUB KEY LOAD OK [30]
INFO	[2023-12-03 15:58:04:423] <22863> MERCHANT PRIV KEY LOAD OK
INFO	[2023-12-03 15:58:04:423] <22863> MERCHANT PUB KEY LOAD OK [0]
DEBUG	[2023-12-03 15:58:04:424] <22863> MAKE ENCRYPT OK[<?xml version="1.0" encoding="UTF-8"?>
<CancelInfo>
	  <CancelTID>INIMX_ISP_majorgol0320231203155216105161</CancelTID>
	  <CancelMsg urlencode="1">%C1%D6%B9%AE%C0%DA+%BA%BB%C0%CE+%C3%EB%BC%D2-%BB%F3%C7%B0%BF%C9%BC%C7+%BC%B1%C5%C3+%C0%DF%B8%F8%C7%D4</CancelMsg>
	  <CancelReason/></CancelInfo>]
INFO	[2023-12-03 15:58:04:424] <22863> MAKE BODY OK
INFO	[2023-12-03 15:58:04:425] <22863> SIGN OK
INFO	[2023-12-03 15:58:04:425] <22863> MAKE HEAD OK
INFO	[2023-12-03 15:58:04:425] <22863> MSG_TO_PG:[0101500175D SHA1                   0                                      300420majorgol03                    INIMX_ISP_majorgol0320231203155216105161<?xml version="1.0" encoding="UTF-8"?>
<INIpay>
	  <CancelInfo>
	    <SessionKey>eXuriHoIfpTp42DcVesgEGeDJ0ZOyKhU+Yu+jswjQEHBbqhKgIgGI74Uw70KFf4x
w1hTcn5b3Odsm0Up1XMm/j5uE0woTjJdCa06vVA1QBENnTcEqxTbQyehtUPDcfHV
NxNMuvtxpPRyWBpHPtzwJhziQ9Gikus53Zeq2vGakWVg56g8hlK7Mg==
</SessionKey>
	    <Encrypted>Cd8wWZ/JLQyHrxcHDeOnYP0VOAJf1nP/TJVPsyz2RzNIlzEaeQgN9VV0q7fY4ULv
NxXfv9Hsa0tGibqaT09/O873aY5nZlC12QP39K3wf1TJtjFbccJDAx3NxQNi9s3J
1uR9zvC2H38+62Cx44ocfLFDOzzWrcCxyN7AYefQCG2k4f3xEZzGNvOClhet6fYL
e5kA6VajK6ZXTuFZG9ANkxjK+uVA8OqrXkAZy6zV0vKUO0hT8w+LLqj62WphP/bn
pNpeRAmKJUwKTVP+kzp3lD+mgb7Gb5GjkB55D4PGrEKy2d+3wpmuXXnxT/tevdYe
l8WVSV/GcVJGS2Ehs5tN4JglBoEJ889Q7qlN/SBfhLgQfWb5tM9Tt4cT8ebeS2Sf
C+hQMErfmcg=
</Encrypted></CancelInfo>
	  <ReservedInfo>
	    <MReserved1/>
	    <MReserved2/>
	    <MReserved3/></ReservedInfo>
	  <ManageInfo>
	    <Language/>
	    <URL/>
	    <TXVersion>5036B141209canceLinux     PHPchkfake   2.6.32-754.11.1.el6.x86_64PHP:</TXVersion>
	    <TXUserID/>
	    <TXRegNum/></ManageInfo></INIpay>AIj54HBv1d4SklbwHe8ESPF4ifDsK+6Ju75a37FhlV+YiBzUg1LJokznWWzBmF+c
DfgbKt56JuD2QFtCvhL12ojZdNnsUTSx0F2tMGmG5P7qkyaYcweBKXzpijFKdDZA
2lF0U/wW4a111P8QbaMu+uwmigtEgslAJ/NPRjIH7CUY
]
INFO	[2023-12-03 15:58:04:425] <22863> DNS LOOKUP OK(203.238.37.3:203.238.37.3:34049) laptime:0
INFO	[2023-12-03 15:58:04:426] <22863> SOCKET CONNECT OK
INFO	[2023-12-03 15:58:04:426] <22863> SEND OK
INFO	[2023-12-03 15:58:05:474] <22863> RECV OK
INFO	[2023-12-03 15:58:05:475] <22863> MSG_FROM_PG:[0086100175D SHA1                   0                                      300430majorgol03                    INIMX_ISP_majorgol0320231203155216105161<?xml version="1.0" encoding="UTF-8"?><INIpay>
<CancelInfo>
<ResultCode>170000</ResultCode>
<ResultMsg urlencode="1">%C1%A4%BB%F3%BF%CF%B7%E1</ResultMsg>
<SessionKey>AGoEg/P+qYRF1rpX1SET8dM2VQFIYHMPxmFSubTsU/Znq/fK38Bh/hfuPjPKmWXE
/o4sIIS6zkiDqyOIVDx/V2Q59f/VlrSYhOWTSj2gYQ0oWl+Ai4LKjmWzVOImrjvm
wC7YzQjLuYktJwoFkIypY15o5GnUnk0t5jlxNEgTy0jEX+4pvivDPpA=
</SessionKey>
<Encrypted>juVwkKmJztNAIRIDmfH3UAcD2tYR3pQg31xbALI0dSzJJSkbc7leWcifbgcTEqE2
4xOSS+rOwfX9oWJ4s6ubrjwjhdbuXyTZLyJHO1LtuCRkH2ip6G1K1eW/k7ZlalXv
TW1uXdwYkz7LfDBRqqtJX3I72JtQHr0um1eSdNiOWMIUbZPKd8y7AgvJlSfXiW09
FWR4PtIXYl16bgR+mZ22WJvQ3pJGlKDeT4vTnbWfw756V2yB65FlElzvG0kG6tcS
t1NBcZ/R3J2Iew+UIIduHvqZOtRaGBbYAztGJmC8NlZsuz0dwa9wEw==
</Encrypted>
</CancelInfo>
<ManageInfo/>
<ReservedInfo>
<MReserved1 urlencode="1"/>
<MReserved2 urlencode="1"/>
<MReserved3 urlencode="1"/>
</ReservedInfo>
</INIpay>
TZT4VfCB/pYmYKdyc6k1H3syoX10J1Ai29Brsh++0yLRTYB+nGc0zyimDpklBQOT
2638PvFfAN1HdC4No5PiZtmziziQDF/i5P+/NCEuA/fV0A5K1uwOX4R3e97I3O7p
9uCYtj+0Jz3UomSk8K8YtpJymh7Yk9J3MWxnCX6vd4U=
]
INFO	[2023-12-03 15:58:05:475] <22863> VERIFY OK
INFO	[2023-12-03 15:58:05:475] <22863> PARSE HEAD OK
INFO	[2023-12-03 15:58:05:475] <22863> PARSE BODY OK
INFO	[2023-12-03 15:58:05:476] <22863> DECRYPT OK
DEBUG	[2023-12-03 15:58:05:476] <22863> DECRYPT MSG:[<?xml version="1.0" encoding="UTF-8"?><CancelInfo>
<CancelDate>20231203</CancelDate>
<CancelTime>155804</CancelTime>
<ResultCode>170000</ResultCode>
<ResultMsg urlencode="1">%C1%A4%BB%F3%BF%CF%B7%E1</ResultMsg>
</CancelInfo>]
INFO	[2023-12-03 15:58:05:476] <22863> DECRYPT PARSE OK
INFO	[2023-12-03 15:58:05:476] <22863> END cancel 정상완료 Laptime:[1.054sec]
INFO	[2023-12-03 15:58:05:476] <22863> ===============================================================
