INFO	[2021-11-05 15:01:49:407] <22566> START INIPHP repay (V5036-141209)(OS:Linux2.6.32-754.11.1.el6.x86_64,PHP:5.3.3)
DEBUG	[2021-11-05 15:01:49:407] <22566> inipayhome:/home1/killdeal/public_html/shop/inicis
DEBUG	[2021-11-05 15:01:49:407] <22566> debug:false
DEBUG	[2021-11-05 15:01:49:407] <22566> type:repay
DEBUG	[2021-11-05 15:01:49:407] <22566> pgid:INIphpRPAY
DEBUG	[2021-11-05 15:01:49:407] <22566> subpgip:203.238.3.10
DEBUG	[2021-11-05 15:01:49:407] <22566> mid:fourseason
DEBUG	[2021-11-05 15:01:49:407] <22566> admin:1111
DEBUG	[2021-11-05 15:01:49:407] <22566> oldtid:INIMX_CARDfourseason20211028191430815064
DEBUG	[2021-11-05 15:01:49:407] <22566> currency:WON
DEBUG	[2021-11-05 15:01:49:407] <22566> price:19900
DEBUG	[2021-11-05 15:01:49:407] <22566> confirm_price:49900
DEBUG	[2021-11-05 15:01:49:407] <22566> buyeremail:minwooson@gmail.com
DEBUG	[2021-11-05 15:01:49:407] <22566> tax:1809
DEBUG	[2021-11-05 15:01:49:407] <22566> taxfree:0
INFO	[2021-11-05 15:01:49:408] <22566> Check Field OK
INFO	[2021-11-05 15:01:49:408] <22566> Make TID OK INIphpRPAYfourseason20211105150149089864
INFO	[2021-11-05 15:01:49:408] <22566> PI PUB KEY LOAD OK []
INFO	[2021-11-05 15:01:49:408] <22566> PG PUB KEY LOAD OK [30]
INFO	[2021-11-05 15:01:49:408] <22566> MERCHANT PRIV KEY LOAD OK
INFO	[2021-11-05 15:01:49:408] <22566> MERCHANT PUB KEY LOAD OK [0]
DEBUG	[2021-11-05 15:01:49:409] <22566> MAKE ENCRYPT OK[<?xml version="1.0" encoding="UTF-8"?>
<PartCancelInfo>
	  <PRTC_TID>INIMX_CARDfourseason20211028191430815064</PRTC_TID>
	  <PRTC_Price>19900</PRTC_Price>
	  <PRTC_Remains>49900</PRTC_Remains>
	  <PRTC_Quota/>
	  <PRTC_Interest/>
	  <PRTC_NoAcctFNBC/>
	  <PRTC_NmAcctFNBC/></PartCancelInfo>]
INFO	[2021-11-05 15:01:49:409] <22566> MAKE BODY OK
INFO	[2021-11-05 15:01:49:409] <22566> SIGN OK
INFO	[2021-11-05 15:01:49:409] <22566> MAKE HEAD OK
INFO	[2021-11-05 15:01:49:409] <22566> MSG_TO_PG:[0111700175D SHA1                   0                                      300620fourseason               19900INIphpRPAYfourseason20211105150149089864<?xml version="1.0" encoding="UTF-8"?>
<INIpay>
	  <PartCancelInfo>
	    <SessionKey>JV0D+JLazfP+iYoeU/WJn/FCNjRSQQSEZXzOQ3heFpTOVG7eYYeWk66q88ePBb0V
3azDBeEzOttUsTUnUCEy8f/Rr3V2MLoH0TG6gKC7YFv1D0df3uLkm4NILVMfIQnC
zlp8skSMY588AwN6y61/Dk1IXwXbtl3DTu+mU4Yb9yNbpKQ3XP40Zg==
</SessionKey>
	    <Encrypted>f5Cmcg2dRod2/Cb67dPYDOheVZI25J3LjKmJ33waERKX5oghWmgcLUH3mwScXibw
EgX7ieCHxOCYc1eCA6kdWgkZioBL7VUNzWTNeXwL7DpKRiU2XF9TD31LVDlCwWUl
wKuicTQRMwL+9bM+zrZGvVU/A0i0sfB+68xkGxT6RJSylxSME2tGioIdj6aU4262
U9QVYPHfBLCewR/4dgMN6ZSH9Us8HGYPrVdvJE0QCoEns09wyD5TNitoX6heXsWN
L9WO6/17J+V8I8wvlqcD6/zvrj+Cyo2vlPqSikvM8U2FPFFEtCLDhMgl4Z95cmum
1QGItTbRWd9cb4jco99qGwAXZeJPQEGhTpZUeRgWWdTRdOVgevZmd/phwYVcTbtX
8StBpr7wiQk=
</Encrypted></PartCancelInfo>
	  <GoodsInfo>
	    <Tax>1809</Tax>
	    <TaxFree/>
	    <Currency>WON</Currency></GoodsInfo>
	  <ReservedInfo>
	    <MReserved1/>
	    <MReserved2/>
	    <MReserved3/></ReservedInfo>
	  <ManageInfo>
	    <Language/>
	    <URL/>
	    <TXVersion>5036B141209repayLinux     PHPchkfake   2.6.32-754.11.1.el6.x86_64PHP:</TXVersion>
	    <TXUserID/>
	    <TXRegNum/></ManageInfo></INIpay>AM+lGk8iEBhRQzD29VFOuQFDnOlUGoOZF8BiT/J3gTIQUnJgnbT0Fk9J5fPKgtGz
f2bNvzwyO49wN9UPFiL9B8R2IImXN0bzFZeEWBXueLSaA3ganZJcb2WvmNjXg7FU
diB1I6r9GL9WKUrKn2uTs1X1kigTlAyMEiN4ukp8HO33
]
INFO	[2021-11-05 15:01:49:409] <22566> DNS LOOKUP OK(203.238.37.3:203.238.37.3:34049) laptime:0
INFO	[2021-11-05 15:01:49:412] <22566> SOCKET CONNECT OK
INFO	[2021-11-05 15:01:49:412] <22566> SEND OK
INFO	[2021-11-05 15:01:49:597] <22566> RECV OK
INFO	[2021-11-05 15:01:49:597] <22566> MSG_FROM_PG:[0098000175D SHA1                   0                                      300630fourseason               19900INIphpRPAYfourseason20211105150149089864<?xml version="1.0" encoding="UTF-8"?><INIpay>
<PartCancelInfo>
<PayMethod>Card</PayMethod>
<ResultCode>120000</ResultCode>
<ResultMsg urlencode="1">%C1%A4%BB%F3%C3%B3%B8%AE%B5%C7%BE%FA%BD%C0%B4%CF%B4%D9.</ResultMsg>
<SessionKey>APqrcZ2e2STpXkLo8iOqLqtaeJ3bpSRrYcNdGJVJlkOMl5eD4VKGOi9NwNRbiZkV
e67EK7c6j1vlznM6yvOAaFeTr+RLRXF636Te12wWnH6w5Jm9/kIrQz0g1YeTLBp9
tKzEy+g/o4EA4b7unNfLNYytdv6ru+fQ6le7WTYIK584x+kipnMQQY4=
</SessionKey>
<Encrypted>ZX5QTDN5Ooh6eJHRMMR03dzdIkzXlcWb0A80l6gkHM8yhkBKLlEnKq3StmGuwGmq
qFvd6xUmd70Sfu90yhqO61loTGtGrfuuKt5fb/B7zNk2m/tGY4Vn1W0BOTjhUuBH
L7a8E+18HMuGLtb9jYJLHnR6+QyIwe1RIkWto1x7GK5eM7BcERoWH9uuY5IMRCyP
gXBt2xPrsdlUaaSYOSgwmlBt0FlZxTw74aK/IhBY0GbR0q4ouvNaxR3nrI/wUXtp
AH6iW+8Twx0tb3aWPK9Y93UabU8KUR8bAkwSymEfN+uHr10QvLHJ8EPsLR9xqFtu
nTy3fbbfT2fj0KU0WgV+90DgZ1PWCn5v9ryO+m9PlFv7xB09hlJMNYA5ppDtx4Nt
eLoOfev9JWI5HwVLjcHlHYyOwzjyKe2qp7QQYOrjQuGcFPQD0JsBc3vuHnpYCnFD
RCpM6oHrY8Y=
</Encrypted>
</PartCancelInfo>
<ManageInfo/>
<ReservedInfo/>
</INIpay>
Cpk8w+KSYmZfl7t9QfXSO9PZb9RSBYQBxgpUScw9s/zB2744B9qrgMiGDEAdjVuc
pUuBD8yTG3GuqVPsu0YToYqG9FGLgTfCEcz/WjityfWNPeYd8pahvgrgk/3EzLfw
afV4dSLZUM5GS3vUxb3R6QDKvV7oVgFwlTtd0h2Kc7s=
]
INFO	[2021-11-05 15:01:49:597] <22566> VERIFY OK
INFO	[2021-11-05 15:01:49:598] <22566> PARSE HEAD OK
INFO	[2021-11-05 15:01:49:598] <22566> PARSE BODY OK
INFO	[2021-11-05 15:01:49:598] <22566> DECRYPT OK
DEBUG	[2021-11-05 15:01:49:598] <22566> DECRYPT MSG:[<?xml version="1.0" encoding="UTF-8"?><PartCancelInfo>
<PRTC_TID>INIMX_CARDfourseason20211028191430815064</PRTC_TID>
<PRTC_Price>19900</PRTC_Price>
<PRTC_Remains>49900</PRTC_Remains>
<PRTC_Quota>00</PRTC_Quota>
<PRTC_Type>1</PRTC_Type>
<CancelDate>20211105</CancelDate>
<CancelTime>150149</CancelTime>
<PRTC_Cnt>2</PRTC_Cnt>
</PartCancelInfo>]
INFO	[2021-11-05 15:01:49:599] <22566> DECRYPT PARSE OK
INFO	[2021-11-05 15:01:49:599] <22566> END repay 정상처리되었습니다. Laptime:[0.191sec]
INFO	[2021-11-05 15:01:49:599] <22566> ===============================================================
