INFO	[2023-08-17 17:52:55:603] <27191> START INIPHP receipt (V5036-141209)(OS:Linux2.6.32-754.11.1.el6.x86_64,PHP:5.3.3)
DEBUG	[2023-08-17 17:52:55:603] <27191> inipayhome:/home1/killdeal/public_html/shop/inicis
DEBUG	[2023-08-17 17:52:55:603] <27191> debug:false
DEBUG	[2023-08-17 17:52:55:603] <27191> type:receipt
DEBUG	[2023-08-17 17:52:55:603] <27191> pgid:INIphpRECP
DEBUG	[2023-08-17 17:52:55:603] <27191> paymethod:CASH
DEBUG	[2023-08-17 17:52:55:603] <27191> currency:WON
DEBUG	[2023-08-17 17:52:55:603] <27191> admin:1111
DEBUG	[2023-08-17 17:52:55:603] <27191> mid:fourseason
DEBUG	[2023-08-17 17:52:55:603] <27191> goodname:핫딜BSJ머리들지마프린트반양피남성골프장갑WH
DEBUG	[2023-08-17 17:52:55:603] <27191> cr_price:61500
DEBUG	[2023-08-17 17:52:55:603] <27191> sup_price:55909
DEBUG	[2023-08-17 17:52:55:603] <27191> tax:5591
DEBUG	[2023-08-17 17:52:55:603] <27191> srvc_price:0
DEBUG	[2023-08-17 17:52:55:603] <27191> buyername:정철수
DEBUG	[2023-08-17 17:52:55:603] <27191> buyeremail:sidenews@korea.kr
DEBUG	[2023-08-17 17:52:55:603] <27191> buyertel:
DEBUG	[2023-08-17 17:52:55:603] <27191> reg_num:01021034284
DEBUG	[2023-08-17 17:52:55:603] <27191> useopt:0
DEBUG	[2023-08-17 17:52:55:603] <27191> companynumber:
INFO	[2023-08-17 17:52:55:603] <27191> Check Field OK
INFO	[2023-08-17 17:52:55:603] <27191> Make TID OK INIphpRECPfourseason20230817175255033102
INFO	[2023-08-17 17:52:55:603] <27191> PI PUB KEY LOAD OK []
INFO	[2023-08-17 17:52:55:604] <27191> PG PUB KEY LOAD OK [30]
INFO	[2023-08-17 17:52:55:604] <27191> MERCHANT PRIV KEY LOAD OK
INFO	[2023-08-17 17:52:55:604] <27191> MERCHANT PUB KEY LOAD OK [0]
DEBUG	[2023-08-17 17:52:55:605] <27191> MAKE ENCRYPT OK[<?xml version="1.0" encoding="UTF-8"?>
<PaymentInfo>
	  <Payment>
	    <CASH>
	      <CSHR_ApplPrice>61500</CSHR_ApplPrice>
	      <CSHR_SupplyPrice>55909</CSHR_SupplyPrice>
	      <CSHR_Tax>5591</CSHR_Tax>
	      <CSHR_ServicePrice/>
	      <CSHR_Type>0</CSHR_Type>
	      <CSHR_RegNum>01021034284</CSHR_RegNum>
	      <CSHR_CompanyNum/></CASH></Payment></PaymentInfo>]
INFO	[2023-08-17 17:52:55:605] <27191> MAKE BODY OK
INFO	[2023-08-17 17:52:55:606] <27191> SIGN OK
INFO	[2023-08-17 17:52:55:606] <27191> MAKE HEAD OK
INFO	[2023-08-17 17:52:55:606] <27191> MSG_TO_PG:[0193200175D SHA1                   0                                      300200fourseason               61500INIphpRECPfourseason20230817175255033102<?xml version="1.0" encoding="UTF-8"?>
<INIpay>
	  <GoodsInfo>
	    <GoodsCnt>1</GoodsCnt>
	    <MOID/>
	    <Currency>WON</Currency>
	    <Tax>5591</Tax>
	    <TaxFree/>
	    <Goods>
	      <SMID>fourseason</SMID>
	      <GoodsName urlencode="1">%C7%D6%B5%F4BSJ%B8%D3%B8%AE%B5%E9%C1%F6%B8%B6%C7%C1%B8%B0%C6%AE%B9%DD%BE%E7%C7%C7%B3%B2%BC%BA%B0%F1%C7%C1%C0%E5%B0%A9WH</GoodsName>
	      <GoodsPrice>61500</GoodsPrice></Goods></GoodsInfo>
	  <BuyerInfo>
	    <BuyerName urlencode="1">%C1%A4%C3%B6%BC%F6</BuyerName>
	    <BuyerTel/>
	    <BuyerEmail urlencode="1">sidenews%40korea.kr</BuyerEmail>
	    <ParentEmail/>
	    <RecvName/>
	    <RecvTel/>
	    <RecvMsg/>
	    <RecvAddr/>
	    <RecvPostNum/></BuyerInfo>
	  <PaymentInfo>
	    <Payment>
	      <PayMethod>CASH</PayMethod>
	      <JoinCard/>
	      <JoinExpire/>
	      <MailOrder/>
	      <SessionKey>xGmgYozjgxrklbXonZe3lY6xAPGjgMMWCWhI4/cdqSUE4L8mvkQoQVPpzV5Q+qz0
EgA/ZhdoMpuq+s9E7jFynULXbk1u3cTQciXxnrU7YUyfOrtKk6G9RwuqopnuyOwt
yWT4qWpf+otKUOGcBKlypKsuTe7O2eD9eBBwVduGZstfNThY9z/D8Q==
</SessionKey>
	      <Encrypted>CyYsfhr4ihCvKK3YOpU1Gthkg6JOVjrlBi6MbtMKs+YZqEYxcwjiQtWE1BMEqbV9
gQAO4e47+cAoDSYofAbiQnJX2M0W07D01L5rEczc/8WAkz6CDubcOjLY2Kl3XDLx
jtfm+Q2dCCldatnbz3P/PWe5MPzE64d4PRMSL9RaoW6yqpR2ZDC2DuzLjQwXb9gZ
L9xChefbf+axTZ8kSmahkT7VQP43v1JQIW9TIlLgZ09gnpQqoeX3TrK9JAMHXc9k
rTdK+vUCjNGS4JWBr4ls831YIgFaS9eMK71ZPN2/f3PnW3o/stx+Z78/CaTtdWfY
GyjOQiEjQTVEVxZdLV/404Op2CLkBnoNnwcHsaTjiGfUHhK/hVKPL3q/4ZBMhERP
xBqD0lJbQTqOI6SwRJ6ek+yK9wwMWYmdisYxs9MoQtFm9RGAk5mye+m+HzN6DNUi
vJVDUWhdCrAZBJ6Y0DvXh98vWAtGCnKxF1UWsDt9ohn0yagh7oRhTw==
</Encrypted></Payment></PaymentInfo>
	  <ReservedInfo>
	    <MReserved1/>
	    <MReserved2/>
	    <MReserved3/></ReservedInfo>
	  <ManageInfo>
	    <Language/>
	    <URL/>
	    <TXVersion>5036B141209receiLinux     PHPchkfake   2.6.32-754.11.1.el6.x86_64PHP:</TXVersion>
	    <TXUserID/>
	    <TXRegNum/>
	    <Ack>1</Ack></ManageInfo></INIpay>ALi1ZjWaWioG5HF4HHe4dGOLePmOFFqsECuBh5OAwFx7p7McOSB/r75atg2rznwJ
mxCifwNkFyQIEcZQL9m6oB5Jzo6ImwkuWaSzpmqYwRrUrDpQaADjYQGq2RLgFhxL
FHvMCq0H+gOYohbHDby5BoVm66qNnOmh9TOrjN0f3a8B
]
INFO	[2023-08-17 17:52:55:606] <27191> DNS LOOKUP OK(203.238.37.3:203.238.37.3:34049) laptime:0
INFO	[2023-08-17 17:52:55:608] <27191> SOCKET CONNECT OK
INFO	[2023-08-17 17:52:55:608] <27191> SEND OK
INFO	[2023-08-17 17:52:55:717] <27191> RECV OK
INFO	[2023-08-17 17:52:55:717] <27191> MSG_FROM_PG:[0168900175D SHA1                   0                                      300210fourseason               61500INIphpRECPfourseason20230817175255033102<?xml version="1.0" encoding="UTF-8"?><INIpay>
<GoodsInfo>
<GoodsCnt>1</GoodsCnt>
<MOID urlencode="1"/>
<Currency>WON</Currency>
<Goods no="1">
<SMID>fourseason</SMID>
<GoodsName urlencode="1">%C7%D6%B5%F4BSJ%B8%D3%B8%AE%B5%E9%C1%F6%B8%B6%C7%C1%B8%B0%C6%AE%B9%DD%BE%E7%C7%C7%B3%B2%BC%BA%B0%F1%C7%C1%C0%E5%B0%A9WH</GoodsName>
<GoodsCntS>1</GoodsCntS>
<GoodsPrice>61500</GoodsPrice>
</Goods>
</GoodsInfo>
<PaymentInfo>
<Payment>
<SessionKey>AD+/cSyNEGbe1bOhJJBHDfP/7g2wdwnjypxd6+ocqapGpkL2iHW3HbyaDKOvINpk
wcd1V8i1LxyWf5bKXftoCjCSMOWe9yEvCLXz9grpb2TbwUbhrDGAwPMrIi76OU3F
MnOV4l0kOHDGMVVoUQ47bo9VvAYg4eqY/tNLpgpZpueEVbtCpT+ePkA=
</SessionKey>
<Encrypted>kzIFlv35CbJ13iJapYG5H2tr2l5auE3xRMLC3jHyjHow17IpC/hMu1qTUnmGwx3O
fvlkCSBs1WSaPyd6/OwWXTLCg83ABOfUAD62WhznlabHGXSbLc4RFx6rGKsUPa2m
VXKV6h4YBeX0tZwbVAQb4sGJDpUrorn02zI0WFPKOqT+GuKFqo7SBAvbbMK0QWF5
IG9/Pgv4kdWBPB5zIoml/q0ukPycLRutI6w6f/+t+9iFmUVkFr771fdZgKfky7PZ
pr/uptcbHFIdgs2eWo0XbZhKjhUzTmq6KPoUXiERJbKdkBAH6EY4Ar1RgKxwnspS
dA4Z2EfG89Gu+IoealT69GNF7cz43BAaftGAz2/8wxah7vUCAJmmxByrL+8HZltM
tjCcDx/y0Luh5NDetZWZdROH0BLHEViVphhIe7X+2EawCflyIjI5fLqat7pTXvwY
OApcdplDGtMmUwEpi1aLyUPsJMesBbpzjwVR9kHTklXiYxcZMzNQod+qwaddyH1y
OK7Q8YR2ebKprmpAEwzPWSrLad5ggX/bvLnVBUVsYTqnCAibt3YVqtLV2J+HGugI
VUTbz5xrHssdRq89VyYzQzLk0Ou73zWnvO49YtB3bxm0FhFvST1M9hexowXEnwpe
7o3FkFP+/UbnXYdHRY6HWD6JBMeDAF7FjtUh9sTRuh0SBIkaOI33Hg==
</Encrypted>
<PayMethod>CASH</PayMethod>
<ResultCode>220000</ResultCode>
<ResultMsg urlencode="1">%C1%A4%BB%F3%C3%B3%B8%AE%B5%C7%BE%FA%BD%C0%B4%CF%B4%D9.</ResultMsg>
</Payment>
</PaymentInfo>
<ManageInfo/>
<ReservedInfo>
<MReserved1 urlencode="1"/>
<MReserved2 urlencode="1"/>
<MReserved3 urlencode="1"/>
</ReservedInfo>
</INIpay>
Gf34UNqioz7vYtoufP95vC62v7Qq/xy0BqN0gcI6iU0hOGBaVyEsFpnPBrKErQ/i
zkSsocS73YBAZMHbM7RIh1ENZO5Mj05ZrSxUmUuR3JkccxJBxOx9AEo3LIJFtOrF
QMooyKUqJ+IyK8OfkhYICWfxdlwQ0CX4W1pBAJAMZ/0=
]
INFO	[2023-08-17 17:52:55:717] <27191> VERIFY OK
INFO	[2023-08-17 17:52:55:717] <27191> PARSE HEAD OK
INFO	[2023-08-17 17:52:55:717] <27191> PARSE BODY OK
INFO	[2023-08-17 17:52:55:718] <27191> DECRYPT OK
DEBUG	[2023-08-17 17:52:55:718] <27191> DECRYPT MSG:[<?xml version="1.0" encoding="UTF-8"?><PaymentInfo>
<Payment>
<CASH>
<CSHR_ApplPrice>61500</CSHR_ApplPrice>
<CSHR_SupplyPrice>55909</CSHR_SupplyPrice>
<CSHR_Tax>5591</CSHR_Tax>
<CSHR_ServicePrice/>
<CSHR_Type>0</CSHR_Type>
<CSHR_ApplDate>20230817</CSHR_ApplDate>
<CSHR_ApplTime>175255</CSHR_ApplTime>
<CSHR_ApplNum>267857010</CSHR_ApplNum>
<CSHR_ResultCode>220000</CSHR_ResultCode>
<CSHR_ResultMsg urlencode="1">%C1%A4%BB%F3%C3%B3%B8%AE%B5%C7%BE%FA%BD%C0%B4%CF%B4%D9.</CSHR_ResultMsg>
</CASH>
</Payment>
</PaymentInfo>]
INFO	[2023-08-17 17:52:55:718] <27191> DECRYPT PARSE OK
INFO	[2023-08-17 17:52:55:718] <27191> WAIT ACK INVOKING
DEBUG	[2023-08-17 17:52:55:718] <27191> MAKE HEAD OK
INFO	[2023-08-17 17:52:55:721] <27191> SUCCESS ACK INVOKING
INFO	[2023-08-17 17:52:55:721] <27191> END receipt 정상처리되었습니다. Laptime:[0.118sec]
INFO	[2023-08-17 17:52:55:721] <27191> ===============================================================
