INFO	[2020-09-30 06:21:56:529] <2923> START INIPHP receipt (V5036-141209)(OS:Linux2.6.32-754.11.1.el6.x86_64,PHP:5.3.3)
DEBUG	[2020-09-30 06:21:56:529] <2923> inipayhome:/home/killdeal/public_html/shop/inicis
DEBUG	[2020-09-30 06:21:56:529] <2923> debug:false
DEBUG	[2020-09-30 06:21:56:529] <2923> type:receipt
DEBUG	[2020-09-30 06:21:56:529] <2923> pgid:INIphpRECP
DEBUG	[2020-09-30 06:21:56:529] <2923> paymethod:CASH
DEBUG	[2020-09-30 06:21:56:529] <2923> currency:WON
DEBUG	[2020-09-30 06:21:56:529] <2923> admin:1111
DEBUG	[2020-09-30 06:21:56:529] <2923> mid:majorgol03
DEBUG	[2020-09-30 06:21:56:529] <2923> goodname:킬딜특가캘러웨이CGUL인터내셔널크라운남여골프모자택1 외 1건
DEBUG	[2020-09-30 06:21:56:529] <2923> cr_price:31800
DEBUG	[2020-09-30 06:21:56:529] <2923> sup_price:28909
DEBUG	[2020-09-30 06:21:56:529] <2923> tax:2891
DEBUG	[2020-09-30 06:21:56:529] <2923> srvc_price:0
DEBUG	[2020-09-30 06:21:56:529] <2923> buyername:이중선
DEBUG	[2020-09-30 06:21:56:529] <2923> buyeremail:jshelp@nate.com
DEBUG	[2020-09-30 06:21:56:529] <2923> buyertel:01064223607
DEBUG	[2020-09-30 06:21:56:529] <2923> reg_num:7302161626112
DEBUG	[2020-09-30 06:21:56:529] <2923> useopt:0
DEBUG	[2020-09-30 06:21:56:529] <2923> companynumber:
INFO	[2020-09-30 06:21:56:529] <2923> Check Field OK
INFO	[2020-09-30 06:21:56:529] <2923> Make TID OK INIphpRECPmajorgol0320200930062156298022
INFO	[2020-09-30 06:21:56:529] <2923> PI PUB KEY LOAD OK []
INFO	[2020-09-30 06:21:56:530] <2923> PG PUB KEY LOAD OK [30]
INFO	[2020-09-30 06:21:56:530] <2923> MERCHANT PRIV KEY LOAD OK
INFO	[2020-09-30 06:21:56:531] <2923> MERCHANT PUB KEY LOAD OK [0]
DEBUG	[2020-09-30 06:21:56:536] <2923> MAKE ENCRYPT OK[<?xml version="1.0" encoding="UTF-8"?>
<PaymentInfo>
	  <Payment>
	    <CASH>
	      <CSHR_ApplPrice>31800</CSHR_ApplPrice>
	      <CSHR_SupplyPrice>28909</CSHR_SupplyPrice>
	      <CSHR_Tax>2891</CSHR_Tax>
	      <CSHR_ServicePrice/>
	      <CSHR_Type>0</CSHR_Type>
	      <CSHR_RegNum>7302161626112</CSHR_RegNum>
	      <CSHR_CompanyNum/></CASH></Payment></PaymentInfo>]
INFO	[2020-09-30 06:21:56:537] <2923> MAKE BODY OK
INFO	[2020-09-30 06:21:56:537] <2923> SIGN OK
INFO	[2020-09-30 06:21:56:537] <2923> MAKE HEAD OK
INFO	[2020-09-30 06:21:56:537] <2923> MSG_TO_PG:[0199000175D SHA1                   0                                      300200majorgol03               31800INIphpRECPmajorgol0320200930062156298022<?xml version="1.0" encoding="UTF-8"?>
<INIpay>
	  <GoodsInfo>
	    <GoodsCnt>1</GoodsCnt>
	    <MOID/>
	    <Currency>WON</Currency>
	    <Tax>2891</Tax>
	    <TaxFree/>
	    <Goods>
	      <SMID>majorgol03</SMID>
	      <GoodsName urlencode="1">%C5%B3%B5%F4%C6%AF%B0%A1%C4%B6%B7%AF%BF%FE%C0%CCCGUL%C0%CE%C5%CD%B3%BB%BC%C5%B3%CE%C5%A9%B6%F3%BF%EE%B3%B2%BF%A9%B0%F1%C7%C1%B8%F0%C0%DA%C5%C31+%BF%DC+1%B0%C7</GoodsName>
	      <GoodsPrice>31800</GoodsPrice></Goods></GoodsInfo>
	  <BuyerInfo>
	    <BuyerName urlencode="1">%C0%CC%C1%DF%BC%B1</BuyerName>
	    <BuyerTel>01064223607</BuyerTel>
	    <BuyerEmail urlencode="1">jshelp%40nate.com</BuyerEmail>
	    <ParentEmail/>
	    <RecvName/>
	    <RecvTel/>
	    <RecvMsg/>
	    <RecvAddr/>
	    <RecvPostNum/></BuyerInfo>
	  <PaymentInfo>
	    <Payment>
	      <PayMethod>CASH</PayMethod>
	      <JoinCard/>
	      <JoinExpire/>
	      <MailOrder/>
	      <SessionKey>NFhrxwy+aA+oylIGLn5UIkvWIyRk3yJkcNI2ud8Iq7sW5Py0FptH1+E7lfbC4C4w
ZMlYrqHAWstFIgHnsU5vl6Rp0UpJmdh3IXEWb4HU3ZkprMMIn8ePc99azhZPah9Z
xf7d60rXwcBVzjF6AmkNZDDXURDKXi9tip7lY8a0lhCCkooeDpBweg==
</SessionKey>
	      <Encrypted>3kL+jIJw4qtk43enY5ojJNrWYTvM+l2cfcvRv7DwOKQPJKQecVSbciARPw39OhHd
jS445urvTeANxuT0mQGyZPmCCjR+snwBW0RRLeKEfvR9M9rbx+qRC3GqYyliwNO+
5LVq6W/ajg1XrxBdVG72S9PUYLwvCUhov0QQFrtw/0Kqbm8lcpX65/KQe9B3aGgP
zS7mhtVJiDyZ/R+H8PibUuvAhsL8U7tKFuWTdZXqDiuVqKz6QWWFOn3M6Em9zegh
ctsmAIGYXkJYiaKpbz0JK5ZOConKHEUFOJ0RltK6TrF8aePqswMfYxv5rBfl9wjS
9ozwnz89Eyb6gjuwI1cNxWcNqQU2ls9ErivjVY4Bo2vfuG2zLnNMye4/Kc06mzA+
9Za8cZnH08gZg5eke+iAJm679RW7O2DQKvgFmLXG3cxpoe677jCr6fqQICdDTzdo
5fuhJCaldZG1nI4qoiSkTywjQHGCGLBognPUrDQqAkITQ46XDZfO3A==
</Encrypted></Payment></PaymentInfo>
	  <ReservedInfo>
	    <MReserved1/>
	    <MReserved2/>
	    <MReserved3/></ReservedInfo>
	  <ManageInfo>
	    <Language/>
	    <URL/>
	    <TXVersion>5036B141209receiLinux     PHPchkfake   2.6.32-754.11.1.el6.x86_64PHP:</TXVersion>
	    <TXUserID/>
	    <TXRegNum/>
	    <Ack>1</Ack></ManageInfo></INIpay>AFAhbz47FWzOkShQEjLKhfjdE11eek/QOQmxSmGzbJ98smQn9ysHbeMEVDAIznzK
bj4edRyzWlig8AWlJrrs/jw7W26yfO2x80G2v+GtVehx2hG5mMSSo/jviWs3FkHR
J6AD66ZxOJnIgM/HEZ95hjePCROMWcGB6hcDTvWWwVHg
]
INFO	[2020-09-30 06:21:56:537] <2923> DNS LOOKUP OK(203.238.37.3:203.238.37.3:34049) laptime:0
INFO	[2020-09-30 06:21:56:541] <2923> SOCKET CONNECT OK
INFO	[2020-09-30 06:21:56:541] <2923> SEND OK
INFO	[2020-09-30 06:21:56:696] <2923> RECV OK
INFO	[2020-09-30 06:21:56:696] <2923> MSG_FROM_PG:[0230300175D SHA1                   0                                      300210majorgol03               31800INIphpRECPmajorgol0320200930062156298022<?xml version="1.0" encoding="UTF-8"?>
<INIpay>
  <GoodsInfo>
    <GoodsCnt>1</GoodsCnt>
    <MOID urlencode="1"></MOID>
    <Currency>WON</Currency>
    <Goods no="1">
      <SMID>majorgol03</SMID>
      <GoodsName urlencode="1">%C5%B3%B5%F4%C6%AF%B0%A1%C4%B6%B7%AF%BF%FE%C0%CCCGUL%C0%CE%C5%CD%B3%BB%BC%C5%B3%CE%C5%A9%B6%F3%BF%EE%B3%B2%BF%A9%B0%F1%C7%C1%B8%F0%C0%DA%C5%C31+%BF%DC+1%B0%C7</GoodsName>
      <GoodsCntS>1</GoodsCntS>
      <GoodsPrice>31800</GoodsPrice>
    </Goods>
  </GoodsInfo>
  <PaymentInfo>
    <Payment>
      <SessionKey>AKQrHSJaqAXfDy049jy4Khb+YaKWAVSqzKgPyIi0foCbGlZwpzpni8xeFR2rVsQJ
Ytqq22GYccLjVs+53Josj3ZmJq97bPffIWVNI/B/ffOMhmoeiLEU/0XWLcbNESr0
nmYt1BWpxKDQBUFYGqB+Leu/+Xtqv+yqXTSD+s8Jr8BgOVPXj1jSM0Q=
</SessionKey>
      <Encrypted>Gr29jXn/DPSHb0jS33MxnWcZE4VT9ywqRBgcU+hcJqC2hw37RbWkGPox+eSZ6ahk
s/KhEJngk+O5ktzlcQKe/SW+cOoCGLo29mu9Iq5gym3J3zf3K6BYmZMSbb6eYjbg
ikXuGO9CwMtQ0osAW4PCwts4jYRJmTMwDGHGeJh3F5ez9/Eto3l764dkE5MvLbqy
42j1VeihgHitFoZ2ZU4UFV3YKbN4YOiXk/Tagtwv1HP7q25aYsD7WgC5CArtLIRD
o4R6J9ITUPuBqK4zFo9XU6fTyMpK33ATJjY1Qp0iCg2PJrh+tROk2WVh9m89D5vX
wj3Ja37dGhoX47NcYgCGGElGwum3wNItrtepWylkN52pCdAfrOS1HtYmeYkYVrQX
k/xhpCakJgrahWZEr8XNeF1qsFp4Rkk/SxPbX5e6p0liLul4lALkdvEuplhStACf
0hZbhCVb5GbvY6oyiFVZX8v4wryO/kzSLeGkBywSTd79fWRXw20HsSkuOPKA+QV+
n833UkrS8nWycb/8CAgjxPolualr41X7R2QmqGJYBIH/72F6AfA4noefHN5QKaCT
m4xY2Tm+hAZeoQUP2RUpwuHDKvWc7Bcqru2tuKoJrfL3Csw34fw4XhBLufFn6HJR
/URyF7UDb4NLLTmrhek4AFewwAoXCFCuFlHF5v9veEB0hl/D6DwFIOUl9N8UbFTz
tFkSHZUVg1z4MAJlDVz9WRU74kZ7kKiw5N0VBa+ZAM9kKV+zt1PBlatWQiIarNqZ
U2NtfYibRpLzJPP3b/vUmnSRi+k+ax0zSb9+GEE1QVhybe3bjAu3z/E0qTGp65RX
sHFGi6XlgEE=
</Encrypted>
      <PayMethod>CASH</PayMethod>
      <ResultCode>220000</ResultCode>
      <ResultMsg urlencode="1">%C1%A4%BB%F3%C3%B3%B8%AE%B5%C7%BE%FA%BD%C0%B4%CF%B4%D9.</ResultMsg>
    </Payment>
  </PaymentInfo>
  <ManageInfo>
    <EventCode></EventCode>
    <OrgCurrency></OrgCurrency>
    <ExchangeRate></ExchangeRate>
    <OrgPrice></OrgPrice>
  </ManageInfo>
  <ReservedInfo>
    <MReserved1 urlencode="1"></MReserved1>
    <MReserved2 urlencode="1"></MReserved2>
    <MReserved3 urlencode="1"></MReserved3>
    <PGReserved1 urlencode="1"></PGReserved1>
    <PGReserved2 urlencode="1"></PGReserved2>
    <PGReserved3 urlencode="1"></PGReserved3>
  </ReservedInfo>
</INIpay>
lVMyukR7WeaF5UdOxgpuY1FUk6HiKXDf7o/W9D38UDkhwBntXBRK9B1r53sLuC87
zgjUmqLvrGIbpEz/hGbMQdWH5sXGzNs3tV0Xh4d+YIDoAlNAHU9UXYJJMm+OeWet
6St0VMSxAFHgaxRQbZuq3E4pMkaNU3FIZZ3Mo7NpSgw=
]
INFO	[2020-09-30 06:21:56:696] <2923> VERIFY OK
INFO	[2020-09-30 06:21:56:696] <2923> PARSE HEAD OK
INFO	[2020-09-30 06:21:56:698] <2923> PARSE BODY OK
INFO	[2020-09-30 06:21:56:698] <2923> DECRYPT OK
DEBUG	[2020-09-30 06:21:56:698] <2923> DECRYPT MSG:[<?xml version="1.0" encoding="UTF-8"?>
<PaymentInfo>
  <Payment>
    <EASYPAY/>
    <CASH>
      <CSHR_ApplPrice>31800</CSHR_ApplPrice>
      <CSHR_SupplyPrice>28909</CSHR_SupplyPrice>
      <CSHR_Tax>2891</CSHR_Tax>
      <CSHR_ServicePrice></CSHR_ServicePrice>
      <CSHR_Type>0</CSHR_Type>
      <CSHR_ApplDate>20200930</CSHR_ApplDate>
      <CSHR_ApplTime>062157</CSHR_ApplTime>
      <CSHR_ApplNum>268824162</CSHR_ApplNum>
      <CSHR_ResultCode>220000</CSHR_ResultCode>
      <CSHR_ResultMsg urlencode="1">%C1%A4%BB%F3%C3%B3%B8%AE%B5%C7%BE%FA%BD%C0%B4%CF%B4%D9.</CSHR_ResultMsg>
    </CASH>
  </Payment>
</PaymentInfo>]
INFO	[2020-09-30 06:21:56:699] <2923> DECRYPT PARSE OK
INFO	[2020-09-30 06:21:56:699] <2923> WAIT ACK INVOKING
DEBUG	[2020-09-30 06:21:56:699] <2923> MAKE HEAD OK
INFO	[2020-09-30 06:21:56:702] <2923> SUCCESS ACK INVOKING
INFO	[2020-09-30 06:21:56:702] <2923> END receipt 정상처리되었습니다. Laptime:[0.173sec]
INFO	[2020-09-30 06:21:56:702] <2923> ===============================================================
INFO	[2020-09-30 10:53:27:393] <17145> START INIPHP receipt (V5036-141209)(OS:Linux2.6.32-754.11.1.el6.x86_64,PHP:5.3.3)
DEBUG	[2020-09-30 10:53:27:393] <17145> inipayhome:/home/killdeal/public_html/shop/inicis
DEBUG	[2020-09-30 10:53:27:393] <17145> debug:false
DEBUG	[2020-09-30 10:53:27:393] <17145> type:receipt
DEBUG	[2020-09-30 10:53:27:393] <17145> pgid:INIphpRECP
DEBUG	[2020-09-30 10:53:27:393] <17145> paymethod:CASH
DEBUG	[2020-09-30 10:53:27:393] <17145> currency:WON
DEBUG	[2020-09-30 10:53:27:393] <17145> admin:1111
DEBUG	[2020-09-30 10:53:27:393] <17145> mid:majorgol03
DEBUG	[2020-09-30 10:53:27:393] <17145> goodname:전시상품히메지몬자트리슐라인디오더형유틸리티
DEBUG	[2020-09-30 10:53:27:393] <17145> cr_price:152000
DEBUG	[2020-09-30 10:53:27:393] <17145> sup_price:138182
DEBUG	[2020-09-30 10:53:27:393] <17145> tax:13818
DEBUG	[2020-09-30 10:53:27:393] <17145> srvc_price:0
DEBUG	[2020-09-30 10:53:27:393] <17145> buyername:이승훈
DEBUG	[2020-09-30 10:53:27:393] <17145> buyeremail:orchid-66@hanmail.net
DEBUG	[2020-09-30 10:53:27:393] <17145> buyertel:01026789782
DEBUG	[2020-09-30 10:53:27:393] <17145> reg_num:01026789782
DEBUG	[2020-09-30 10:53:27:393] <17145> useopt:0
DEBUG	[2020-09-30 10:53:27:393] <17145> companynumber:
INFO	[2020-09-30 10:53:27:393] <17145> Check Field OK
INFO	[2020-09-30 10:53:27:393] <17145> Make TID OK INIphpRECPmajorgol0320200930105327933439
INFO	[2020-09-30 10:53:27:393] <17145> PI PUB KEY LOAD OK []
INFO	[2020-09-30 10:53:27:394] <17145> PG PUB KEY LOAD OK [30]
INFO	[2020-09-30 10:53:27:394] <17145> MERCHANT PRIV KEY LOAD OK
INFO	[2020-09-30 10:53:27:394] <17145> MERCHANT PUB KEY LOAD OK [0]
DEBUG	[2020-09-30 10:53:27:394] <17145> MAKE ENCRYPT OK[<?xml version="1.0" encoding="UTF-8"?>
<PaymentInfo>
	  <Payment>
	    <CASH>
	      <CSHR_ApplPrice>152000</CSHR_ApplPrice>
	      <CSHR_SupplyPrice>138182</CSHR_SupplyPrice>
	      <CSHR_Tax>13818</CSHR_Tax>
	      <CSHR_ServicePrice/>
	      <CSHR_Type>0</CSHR_Type>
	      <CSHR_RegNum>01026789782</CSHR_RegNum>
	      <CSHR_CompanyNum/></CASH></Payment></PaymentInfo>]
INFO	[2020-09-30 10:53:27:395] <17145> MAKE BODY OK
INFO	[2020-09-30 10:53:27:395] <17145> SIGN OK
INFO	[2020-09-30 10:53:27:395] <17145> MAKE HEAD OK
INFO	[2020-09-30 10:53:27:395] <17145> MSG_TO_PG:[0197200175D SHA1                   0                                      300200majorgol03              152000INIphpRECPmajorgol0320200930105327933439<?xml version="1.0" encoding="UTF-8"?>
<INIpay>
	  <GoodsInfo>
	    <GoodsCnt>1</GoodsCnt>
	    <MOID/>
	    <Currency>WON</Currency>
	    <Tax>13818</Tax>
	    <TaxFree/>
	    <Goods>
	      <SMID>majorgol03</SMID>
	      <GoodsName urlencode="1">%C0%FC%BD%C3%BB%F3%C7%B0%C8%F7%B8%DE%C1%F6%B8%F3%C0%DA%C6%AE%B8%AE%BD%B6%B6%F3%C0%CE%B5%F0%BF%C0%B4%F5%C7%FC%C0%AF%C6%BF%B8%AE%C6%BC</GoodsName>
	      <GoodsPrice>152000</GoodsPrice></Goods></GoodsInfo>
	  <BuyerInfo>
	    <BuyerName urlencode="1">%C0%CC%BD%C2%C8%C6</BuyerName>
	    <BuyerTel>01026789782</BuyerTel>
	    <BuyerEmail urlencode="1">orchid-66%40hanmail.net</BuyerEmail>
	    <ParentEmail/>
	    <RecvName/>
	    <RecvTel/>
	    <RecvMsg/>
	    <RecvAddr/>
	    <RecvPostNum/></BuyerInfo>
	  <PaymentInfo>
	    <Payment>
	      <PayMethod>CASH</PayMethod>
	      <JoinCard/>
	      <JoinExpire/>
	      <MailOrder/>
	      <SessionKey>G80P5C4fVTm9qFHxVIP3199ohNiHNcX8QcEwG0ZcTmwYhfRVrBmoxg79Vi4AYkvz
o+BTxAB+sTlP9FSOgZKkICSLMkElv9RKhCZ7Ld2JA5aot6yaVbXfK9PBUd5I9c27
dUYuyE6wj630Mr4q55j830Zo9ENcPSn+K1tqefcNSfrmDhhWeXbnLQ==
</SessionKey>
	      <Encrypted>9J4YTDRV3AdxEq/fYcHF5ZsuSmAJhvOISowuQfibIgJAgxYnENX0uz/wmR23NxKB
5KNguATnS1U5SU6IAuzk4YamKHoa+IOX8Gp8j/+0KXiWlWaVUKYpiB808rBu/xso
DMk6RG1TwKuZmmPn73+r9wKVayr8ArpRl5LIMTQ4OgzvdTPD/YZDIwV3tu0bYM6u
TiSEBqVgeun4Nhz4xfL0aIS5sWrZQ4G0YTALLozVqzGzlEQHk6ePVM7VHiGeRmkN
EwP+s9OCePIpwWdf7mgmmtBuaL8+My07201J9GGvsCEmqVZZXqw589MK2F99KGNJ
XtmzTqnYS/4yJh+MI6xEaJeHHQaLBgxr82XM4GQKIjuAKKx/RK038yq6oo16yP2M
ZpTFW3Q7jrFiJRPZFIvlRiKTogdswaVUn0CBuQff+kmH81+j5+JWnfRScln0Cirw
w3g+1tg2yOansZt54HwGFtdSE8kpMF5WcX0Z9EFMLW8ZN605bhCiLg==
</Encrypted></Payment></PaymentInfo>
	  <ReservedInfo>
	    <MReserved1/>
	    <MReserved2/>
	    <MReserved3/></ReservedInfo>
	  <ManageInfo>
	    <Language/>
	    <URL/>
	    <TXVersion>5036B141209receiLinux     PHPchkfake   2.6.32-754.11.1.el6.x86_64PHP:</TXVersion>
	    <TXUserID/>
	    <TXRegNum/>
	    <Ack>1</Ack></ManageInfo></INIpay>AB7mi26C8r/O8B7RsTFCC6IwFsGIG0sURv5cDEyqsFGcQnyn+CVLLPLDsApG6/CM
O63I6/h5nGEDjgzZ3hBaQgtzGd9CTLdkkxnhQ2GlmmbTdrcpQ+e3JFcU1nk8BG+y
qOnzgVaKjE/d9nc5/TINBOod/Zd7X9HF9Oq5E9bkNn8Y
]
INFO	[2020-09-30 10:53:27:395] <17145> DNS LOOKUP OK(203.238.37.3:203.238.37.3:34049) laptime:0
INFO	[2020-09-30 10:53:27:398] <17145> SOCKET CONNECT OK
INFO	[2020-09-30 10:53:27:398] <17145> SEND OK
INFO	[2020-09-30 10:53:27:531] <17145> RECV OK
INFO	[2020-09-30 10:53:27:531] <17145> MSG_FROM_PG:[0227800175D SHA1                   0                                      300210majorgol03              152000INIphpRECPmajorgol0320200930105327933439<?xml version="1.0" encoding="UTF-8"?>
<INIpay>
  <GoodsInfo>
    <GoodsCnt>1</GoodsCnt>
    <MOID urlencode="1"></MOID>
    <Currency>WON</Currency>
    <Goods no="1">
      <SMID>majorgol03</SMID>
      <GoodsName urlencode="1">%C0%FC%BD%C3%BB%F3%C7%B0%C8%F7%B8%DE%C1%F6%B8%F3%C0%DA%C6%AE%B8%AE%BD%B6%B6%F3%C0%CE%B5%F0%BF%C0%B4%F5%C7%FC%C0%AF%C6%BF%B8%AE%C6%BC</GoodsName>
      <GoodsCntS>1</GoodsCntS>
      <GoodsPrice>152000</GoodsPrice>
    </Goods>
  </GoodsInfo>
  <PaymentInfo>
    <Payment>
      <SessionKey>AB5oPsHQM/Kaw07gSILj8ZIB3I3HVaYHbM3GJiH7V8TKzvxQ0TaPsX0lnx9VqWqM
VUkkYKEYF5oNzljqVevWq7ANf/jPMpv9uBVmhw0/ZjWrm5ZTybvg97SL2TrLFZCD
2+zHEvwtxM0TFX9El0KGlsyKGF4i+z66sFeLy9sz8OxJIUyWvk6/zk4=
</SessionKey>
      <Encrypted>KGukdcJ4BggRtUPMzXgBQ+Bx0nwOQ6kCez6IovjyESsD0KGnI7Km0fqObB3m5WYl
ywyRVjeOpJWlZrO5Gntx2Ra/VuqvMHwO7uhvVPuMAMsZ5zXjy9g3emid3zZ5Yrx1
LD6ujrEy1NrzwHRTQvvNKKOEUV4QG6pn10BoxOC0Qf4bDm9NO6rMqLbrJ/FO8m+c
VkzCeIXHxW6ZJoksznKxVGBEkMeLsmJKbs92C8gMaRK4Ue/fPieTPqbO1vtsfCXj
Daa5h6XHxUs/H1n8CJ8O51X6QP8JTDqAy+4lfGRORYLNcbLWx6owv7JhdiaJq2kG
DZ5irHuWL5gueEalrQfkPQCm57k+3r0UkcKs1t0jrKwlY17+th7x0LQizZ3m2mMc
hkMLHr5QVmfBR5uNGRR8nsOmsqDISQuhttYNBuCxMxEzdbTyS1pPvQN99iYZpf23
tsRMThg61H5uDOWSMrGVDw1HqhsrKCD/Ro1l5cS8Uy5RWhES42Ax032AA/aq9GLh
1vl4FF/+2lA9sg/xJzVxb8/E/AztuV8hO7w1gzDMVyiRbdgP3rLH35OcKSL8EsUP
5PDVCfE3BM9gUuwxqlOrpiwFyxt9vtXkCGP9+SPilE9l7AQKq6bTtdmHcoj6wgWz
77YeXGwnf7Bqi8JYg9kE8AXxeey9bRdeIMWNv9RQdBjzktoUPI84Zi35ryMfBYeE
YlxwZ62XMLFQLMeO2JicZeZHqxGeKLMGqcDOlglKPJ1iXU8fVIgihqkh5Tm7EOu7
F40kMjDVN7FiEir+3CijJAjwSvmQSNSuGjV4opI6lEfZofETQ/BuEL+/hGVB55qz
SBWMCulecVk=
</Encrypted>
      <PayMethod>CASH</PayMethod>
      <ResultCode>220000</ResultCode>
      <ResultMsg urlencode="1">%C1%A4%BB%F3%C3%B3%B8%AE%B5%C7%BE%FA%BD%C0%B4%CF%B4%D9.</ResultMsg>
    </Payment>
  </PaymentInfo>
  <ManageInfo>
    <EventCode></EventCode>
    <OrgCurrency></OrgCurrency>
    <ExchangeRate></ExchangeRate>
    <OrgPrice></OrgPrice>
  </ManageInfo>
  <ReservedInfo>
    <MReserved1 urlencode="1"></MReserved1>
    <MReserved2 urlencode="1"></MReserved2>
    <MReserved3 urlencode="1"></MReserved3>
    <PGReserved1 urlencode="1"></PGReserved1>
    <PGReserved2 urlencode="1"></PGReserved2>
    <PGReserved3 urlencode="1"></PGReserved3>
  </ReservedInfo>
</INIpay>
3uIWu4r7ctLix7/4d9adhW4YPVsmyrx5etKdS41qzY1JjdJ8NHdDGrG7p+vsNyQw
x9LAkgwixxLnQE5t9fWanihzGnIlXpCjhXw9I8ZqsqT/u6ijKURiOpznxW4RiXho
4/dUA103Tzuc+fuCbvjJDs4jTSU/H3YzQkCjPsTtD60=
]
INFO	[2020-09-30 10:53:27:531] <17145> VERIFY OK
INFO	[2020-09-30 10:53:27:531] <17145> PARSE HEAD OK
INFO	[2020-09-30 10:53:27:532] <17145> PARSE BODY OK
INFO	[2020-09-30 10:53:27:533] <17145> DECRYPT OK
DEBUG	[2020-09-30 10:53:27:533] <17145> DECRYPT MSG:[<?xml version="1.0" encoding="UTF-8"?>
<PaymentInfo>
  <Payment>
    <EASYPAY/>
    <CASH>
      <CSHR_ApplPrice>152000</CSHR_ApplPrice>
      <CSHR_SupplyPrice>138182</CSHR_SupplyPrice>
      <CSHR_Tax>13818</CSHR_Tax>
      <CSHR_ServicePrice></CSHR_ServicePrice>
      <CSHR_Type>0</CSHR_Type>
      <CSHR_ApplDate>20200930</CSHR_ApplDate>
      <CSHR_ApplTime>105328</CSHR_ApplTime>
      <CSHR_ApplNum>268832002</CSHR_ApplNum>
      <CSHR_ResultCode>220000</CSHR_ResultCode>
      <CSHR_ResultMsg urlencode="1">%C1%A4%BB%F3%C3%B3%B8%AE%B5%C7%BE%FA%BD%C0%B4%CF%B4%D9.</CSHR_ResultMsg>
    </CASH>
  </Payment>
</PaymentInfo>]
INFO	[2020-09-30 10:53:27:533] <17145> DECRYPT PARSE OK
INFO	[2020-09-30 10:53:27:533] <17145> WAIT ACK INVOKING
DEBUG	[2020-09-30 10:53:27:533] <17145> MAKE HEAD OK
INFO	[2020-09-30 10:53:27:536] <17145> SUCCESS ACK INVOKING
INFO	[2020-09-30 10:53:27:536] <17145> END receipt 정상처리되었습니다. Laptime:[0.143sec]
INFO	[2020-09-30 10:53:27:536] <17145> ===============================================================
