INFO	[2021-03-29 09:19:23:472] <12995> START INIPHP repay (V5036-141209)(OS:Linux2.6.32-754.11.1.el6.x86_64,PHP:5.3.3)
DEBUG	[2021-03-29 09:19:23:473] <12995> inipayhome:/home1/killdeal/public_html/shop/inicis
DEBUG	[2021-03-29 09:19:23:473] <12995> debug:false
DEBUG	[2021-03-29 09:19:23:473] <12995> type:repay
DEBUG	[2021-03-29 09:19:23:473] <12995> pgid:INIphpRPAY
DEBUG	[2021-03-29 09:19:23:473] <12995> subpgip:203.238.3.10
DEBUG	[2021-03-29 09:19:23:473] <12995> mid:fourseason
DEBUG	[2021-03-29 09:19:23:473] <12995> admin:1111
DEBUG	[2021-03-29 09:19:23:473] <12995> oldtid:INIMX_CARDfourseason20210315200953445488
DEBUG	[2021-03-29 09:19:23:473] <12995> currency:WON
DEBUG	[2021-03-29 09:19:23:473] <12995> price:27500
DEBUG	[2021-03-29 09:19:23:473] <12995> confirm_price:38400
DEBUG	[2021-03-29 09:19:23:473] <12995> buyeremail:waterlee@nhqv.com
DEBUG	[2021-03-29 09:19:23:473] <12995> tax:2500
DEBUG	[2021-03-29 09:19:23:473] <12995> taxfree:0
INFO	[2021-03-29 09:19:23:473] <12995> Check Field OK
INFO	[2021-03-29 09:19:23:473] <12995> Make TID OK INIphpRPAYfourseason20210329091923733483
INFO	[2021-03-29 09:19:23:473] <12995> PI PUB KEY LOAD OK []
INFO	[2021-03-29 09:19:23:473] <12995> PG PUB KEY LOAD OK [30]
INFO	[2021-03-29 09:19:23:473] <12995> MERCHANT PRIV KEY LOAD OK
INFO	[2021-03-29 09:19:23:474] <12995> MERCHANT PUB KEY LOAD OK [0]
DEBUG	[2021-03-29 09:19:23:474] <12995> MAKE ENCRYPT OK[<?xml version="1.0" encoding="UTF-8"?>
<PartCancelInfo>
	  <PRTC_TID>INIMX_CARDfourseason20210315200953445488</PRTC_TID>
	  <PRTC_Price>27500</PRTC_Price>
	  <PRTC_Remains>38400</PRTC_Remains>
	  <PRTC_Quota/>
	  <PRTC_Interest/>
	  <PRTC_NoAcctFNBC/>
	  <PRTC_NmAcctFNBC/></PartCancelInfo>]
INFO	[2021-03-29 09:19:23:474] <12995> MAKE BODY OK
INFO	[2021-03-29 09:19:23:475] <12995> SIGN OK
INFO	[2021-03-29 09:19:23:475] <12995> MAKE HEAD OK
INFO	[2021-03-29 09:19:23:475] <12995> MSG_TO_PG:[0111700175D SHA1                   0                                      300620fourseason               27500INIphpRPAYfourseason20210329091923733483<?xml version="1.0" encoding="UTF-8"?>
<INIpay>
	  <PartCancelInfo>
	    <SessionKey>emiNbnFXVqAzcbSkHXQSSesxYyWqDlnHa+UJ+Y+orVHNQPSD2CocTJCpHF8uj2Pd
/sWa057oO6Cgff5m8cmJAzyWT8TlVvjVoFtaex7nNQRezpTQIJDydpYn5yD8cn2N
KCxvT8tquEZjoXWVt0aPADLouI78/yKtyRYA5b8Puaq++ZXFWoRh9w==
</SessionKey>
	    <Encrypted>XmoJVGI9NZqfx09BoaHYyg6lm6EKlbv40Fm8Iv73/46kY5ZjcAqaWmGcAa5wWv6W
9ESi7g9p5EovFqExB3C3Fwoah6nxf+EeXorfAYG8TSE8H345xOQDnC7b0VDrqTyc
MORTW+6H5npC530wCLku1oGoM+4Tzvuf36oZOx6mET0HEsz4TUoTNBSQyq0+GWYq
iPOQlz19x71wY3VIMLbQVe0FxmQRhM6ywT9z8dhsapmr6LrLbFEbxL343tGFxH6r
f3jin6yL0V8mc3ex7UvbVdBZGYO5VWXApjCgJ2ywFR4rq6WYvVFS/AcJx5pyxlyf
2UqXxNwZZVNkYOdUzwqqAVF6uIgxmH3xoYotVCHSQB2EOENS5MScTTQT1H68OwAF
OJaHfQZl3eM=
</Encrypted></PartCancelInfo>
	  <GoodsInfo>
	    <Tax>2500</Tax>
	    <TaxFree/>
	    <Currency>WON</Currency></GoodsInfo>
	  <ReservedInfo>
	    <MReserved1/>
	    <MReserved2/>
	    <MReserved3/></ReservedInfo>
	  <ManageInfo>
	    <Language/>
	    <URL/>
	    <TXVersion>5036B141209repayLinux     PHPchkfake   2.6.32-754.11.1.el6.x86_64PHP:</TXVersion>
	    <TXUserID/>
	    <TXRegNum/></ManageInfo></INIpay>AOkOhYfriY1SrqEXlX1pX5H5DBD5248yg5WFNW/NsZgwkD3ngzyTcHcfA4+wJ2m/
HCh2Hw+nkPQ9AkOn3waWJhqyOLybwWJZRkvwoRc8EyEP6Qww+Tdpk9D2VlXiiH8N
opU6AsIlyBxEUamT2uuWphE67t1xjSvleX8zwlG2GLRk
]
INFO	[2021-03-29 09:19:23:475] <12995> DNS LOOKUP OK(203.238.37.3:203.238.37.3:34049) laptime:0
INFO	[2021-03-29 09:19:23:477] <12995> SOCKET CONNECT OK
INFO	[2021-03-29 09:19:23:477] <12995> SEND OK
INFO	[2021-03-29 09:19:23:738] <12995> RECV OK
INFO	[2021-03-29 09:19:23:738] <12995> MSG_FROM_PG:[0098000175D SHA1                   0                                      300630fourseason               27500INIphpRPAYfourseason20210329091923733483<?xml version="1.0" encoding="UTF-8"?><INIpay>
<PartCancelInfo>
<PayMethod>Card</PayMethod>
<ResultCode>120000</ResultCode>
<ResultMsg urlencode="1">%C1%A4%BB%F3%C3%B3%B8%AE%B5%C7%BE%FA%BD%C0%B4%CF%B4%D9.</ResultMsg>
<SessionKey>AKdpk0Qf3gNfbLksRCI21Khq2Nwk/Ki2IAUamH2btjpC+uPynh7u2Y6UXKTyqtAf
A3jK2WyLnktBFZefVeSoNanAIzm1nonWMNf7tcCm4AOu4zfhko4nt/nmFkOJx/Cm
uw8jfrVHRX/3oio2A3KkZPgZGES0FHlU1DI3ARtLX/SGoJSwO1t1kQ4=
</SessionKey>
<Encrypted>BIY583/B+U7vImqJ9Tp8TTVRBNLNFo48qF4JgqVm6uGzJZP9nXDmc+EcahjSlKqq
DNzMIKRccFzYOy5P/Zm8YmgLInfr0q1N+nruwT8LrbtCaWO2gLjgtmjAV+pGv3xy
tV2XIkaWC+V/7aw+Omwe49WueAUsS9TyHPvO4DxKo2h8T72+kQldPJISA0ITfz3F
7sWY1RF1MkPwSX94FHw+Fh5bhjpEcX+/6aQE+o2fskHS4dldCP6Hu2Qm+Q3HuNW/
PLEDxHcaQf6VBZDh6lzB5iLTYvyesbGjb6Baxtkf4uNU+KKRQuidGAMh82iAE8xM
OJSLzr63Z3966xsz4OEJGVy9iLlH19qT3OBgFav6Zsny0CP1ytZTxtv6LFxab8oc
Tm+60djNQrIU9aO31Rn1pa2uk1hKCcZG04qkfb/VJ2UbjBZ9rHYbTPWKaDFH3QSW
1mRZPyXr5WM=
</Encrypted>
</PartCancelInfo>
<ManageInfo/>
<ReservedInfo/>
</INIpay>
dwuq46aXRCN+AmjkXtR184aHMicWkS3pcAHIM+BP/cxzbyLv6YJp8Nv71NEdZEfW
q3ogHZROoMeoQ6m4HgU4DZ/gHS7gt2q8kfuBlHCYJ2Z1mQCiGxPL3CIiRMpNa1lv
AYQXYB9pLx93JsBt0evYNzLK+ynlzdhhSUxfD5IYdf4=
]
INFO	[2021-03-29 09:19:23:738] <12995> VERIFY OK
INFO	[2021-03-29 09:19:23:738] <12995> PARSE HEAD OK
INFO	[2021-03-29 09:19:23:738] <12995> PARSE BODY OK
INFO	[2021-03-29 09:19:23:739] <12995> DECRYPT OK
DEBUG	[2021-03-29 09:19:23:739] <12995> DECRYPT MSG:[<?xml version="1.0" encoding="UTF-8"?><PartCancelInfo>
<PRTC_TID>INIMX_CARDfourseason20210315200953445488</PRTC_TID>
<PRTC_Price>27500</PRTC_Price>
<PRTC_Remains>38400</PRTC_Remains>
<PRTC_Quota>00</PRTC_Quota>
<PRTC_Type>1</PRTC_Type>
<CancelDate>20210329</CancelDate>
<CancelTime>091923</CancelTime>
<PRTC_Cnt>1</PRTC_Cnt>
</PartCancelInfo>]
INFO	[2021-03-29 09:19:23:739] <12995> DECRYPT PARSE OK
INFO	[2021-03-29 09:19:23:739] <12995> END repay 정상처리되었습니다. Laptime:[0.267sec]
INFO	[2021-03-29 09:19:23:739] <12995> ===============================================================
