INFO	[2020-09-08 09:23:27:641] <20520> START INIPHP cancel (V5036-141209)(OS:Linux2.6.32-754.11.1.el6.x86_64,PHP:5.3.3)
DEBUG	[2020-09-08 09:23:27:641] <20520> inipayhome:/home/killdeal/public_html/shop/inicis
DEBUG	[2020-09-08 09:23:27:641] <20520> debug:false
DEBUG	[2020-09-08 09:23:27:641] <20520> type:cancel
DEBUG	[2020-09-08 09:23:27:641] <20520> mid:majorgol03
DEBUG	[2020-09-08 09:23:27:641] <20520> admin:1111
DEBUG	[2020-09-08 09:23:27:641] <20520> tid:INIMX_CARDmajorgol0320200829110013355215
DEBUG	[2020-09-08 09:23:27:641] <20520> cancelmsg:쇼핑몰 운영자 승인 취소
INFO	[2020-09-08 09:23:27:641] <20520> Check Field OK
INFO	[2020-09-08 09:23:27:641] <20520> PI PUB KEY LOAD OK []
INFO	[2020-09-08 09:23:27:641] <20520> PG PUB KEY LOAD OK [30]
INFO	[2020-09-08 09:23:27:641] <20520> MERCHANT PRIV KEY LOAD OK
INFO	[2020-09-08 09:23:27:641] <20520> MERCHANT PUB KEY LOAD OK [0]
DEBUG	[2020-09-08 09:23:27:642] <20520> MAKE ENCRYPT OK[<?xml version="1.0" encoding="UTF-8"?>
<CancelInfo>
	  <CancelTID>INIMX_CARDmajorgol0320200829110013355215</CancelTID>
	  <CancelMsg urlencode="1">%BC%EE%C7%CE%B8%F4+%BF%EE%BF%B5%C0%DA+%BD%C2%C0%CE+%C3%EB%BC%D2</CancelMsg>
	  <CancelReason/></CancelInfo>]
INFO	[2020-09-08 09:23:27:642] <20520> MAKE BODY OK
INFO	[2020-09-08 09:23:27:642] <20520> SIGN OK
INFO	[2020-09-08 09:23:27:642] <20520> MAKE HEAD OK
INFO	[2020-09-08 09:23:27:642] <20520> MSG_TO_PG:[0096200175D SHA1                   0                                      300420majorgol03                    INIMX_CARDmajorgol0320200829110013355215<?xml version="1.0" encoding="UTF-8"?>
<INIpay>
	  <CancelInfo>
	    <SessionKey>3jwudi2a6Q8LRjAngY5vN5t7wscjuiOiLwyKHOtlpPwq6blIgRqX4dlv13WCVF9w
fvXhLZz7VNmiu2C8DekGuAO+oy/Fv2SQnqPL+VbL01voDYDvEN8VTwVnBStFsVQu
Ase7m+NQu7JnGJKgNj7HmUNDxc9c9DpX4jo7O7swAV2ysw+LWLL3zw==
</SessionKey>
	    <Encrypted>tcPIg8rZfIOu5fEdsMXyeVshzhyxTJSeY/yrNGCv0qjHrgkbxoWOyJ+xn11R/2B5
TbjeIHgtGL48rDViN2EcwPelENNk9N7p27kesBqMdCe11ppDLHbqUbKtLJOsJkfk
OOf5pwfwMgR6P4+fd5bLPysqTRVlmdygm4J5GUuHKl8NnKLNKoeB6bNNoDMsgHG0
0gN3didMfaGFCtzn/erCrBhBxAlee7u6C8Zr1jqPyvXL7jUVLyj7Nu1HNjGQrI8h
abcMEQHDOOk3uUVRhWz0NrZ1qmU9noiIE3fiBuRHdfceRq6RPDkTAbYhvDMx82b0
zNDoJAw7MdcElJkDu95uzA==
</Encrypted></CancelInfo>
	  <ReservedInfo>
	    <MReserved1/>
	    <MReserved2/>
	    <MReserved3/></ReservedInfo>
	  <ManageInfo>
	    <Language/>
	    <URL/>
	    <TXVersion>5036B141209canceLinux     PHPchkfake   2.6.32-754.11.1.el6.x86_64PHP:</TXVersion>
	    <TXUserID/>
	    <TXRegNum/></ManageInfo></INIpay>AOkxjTs0dRPerhPKqS1NNpWO/6WZErN5Km80wNwAR8VyMhyEUexMYO8fNOGrWX5M
iAjfXCOax8IA9DLIH2kmrB9bWPkPYmpjnr7ZfF26LbnolAVkSETpXyTWSH1DY8Uk
tfEs7oIcWYZsKNtogkKopWUBEury7XI0jhMom92n9iRb
]
INFO	[2020-09-08 09:23:27:642] <20520> DNS LOOKUP OK(203.238.37.3:203.238.37.3:34049) laptime:0
INFO	[2020-09-08 09:23:27:645] <20520> SOCKET CONNECT OK
INFO	[2020-09-08 09:23:27:645] <20520> SEND OK
INFO	[2020-09-08 09:23:27:851] <20520> RECV OK
INFO	[2020-09-08 09:23:27:851] <20520> MSG_FROM_PG:[0115800175D SHA1                   0                                      300430majorgol03                    INIMX_CARDmajorgol0320200829110013355215<?xml version="1.0" encoding="UTF-8"?>
<INIpay>
  <CancelInfo>
    <ResultCode>120000</ResultCode>
    <ResultMsg urlencode="1">%C1%A4%BB%F3%C3%B3%B8%AE%B5%C7%BE%FA%BD%C0%B4%CF%B4%D9.</ResultMsg>
    <SessionKey>AHHLOWpIp1TAU7qzQw7hILfcLCLVzFLa3oEnBBJnrYba9ABOUl3j+UpqlDG4/kRq
tCt4abYXo2R+d9ActDpJoKWfk3yuZyYkP6bBiZhWl8d1vSngCGMxelfH5ruJN+r5
8k2GE5XYigu1kSrG9giuGAsJi9nCzhq1EpJ5J5ceP7vN9d5MriR6IaM=
</SessionKey>
    <Encrypted>r4L6KEtiaSyuZcmDl9yAq5G46721C74PgBjltErN8zzF2AGgiuCtioTIXu2mS5AS
4aWxaXXlXxkGw+ShliCmWTfugl+uxzli373MDjq5UPwxqVv2qiyHXMpcf3UqxY9/
RtCgtaeB2/r+lITfDnT2ZiBVcp58W/skRvhaEnxNqC0DWAKouG1Mlzu2y47P5j0z
POmvzg5FFlE/fjCdiyjXMfV/FwCokMWb672eDuGfs8+v166cQ0GdO08rPeZHbvyG
NS8C/fblj7AgzZFfS0Hb69iBi0eiUYHxEFX7AkkQ/HiCgF+cGlP0qIEEJvZPeU0g
TfABCGVr78VyEOdIa5C/KLTESO/20YKdqaLNaInKqA0=
</Encrypted>
  </CancelInfo>
  <ManageInfo/>
  <ReservedInfo>
    <MReserved1 urlencode="1"></MReserved1>
    <MReserved2 urlencode="1"></MReserved2>
    <MReserved3 urlencode="1"></MReserved3>
    <PGReserved1 urlencode="1"></PGReserved1>
    <PGReserved2 urlencode="1"></PGReserved2>
    <PGReserved3 urlencode="1"></PGReserved3>
  </ReservedInfo>
</INIpay>
Qa52gIouvu2TwQjDJ+riKLISmdejChGoyFPfanvWmq3fVO2K7YpfcWrpQ90evQJu
Knf3emoHa5b183XzoHATRAbWIOMkB9X5lZmo8eq0mnmcUecoJTHmK47NgT/UK8A4
fwN1aR54G/bTnfyzTuHdgL4/t+hqXrIKOha+zOwBxJU=
]
INFO	[2020-09-08 09:23:27:851] <20520> VERIFY OK
INFO	[2020-09-08 09:23:27:851] <20520> PARSE HEAD OK
INFO	[2020-09-08 09:23:27:851] <20520> PARSE BODY OK
INFO	[2020-09-08 09:23:27:852] <20520> DECRYPT OK
DEBUG	[2020-09-08 09:23:27:852] <20520> DECRYPT MSG:[<?xml version="1.0" encoding="UTF-8"?>
<CancelInfo>
  <CancelDate>20200908</CancelDate>
  <CancelTime>092328</CancelTime>
  <ResultCode>120000</ResultCode>
  <ResultMsg urlencode="1">%C1%A4%BB%F3%C3%B3%B8%AE%B5%C7%BE%FA%BD%C0%B4%CF%B4%D9.</ResultMsg>
</CancelInfo>]
INFO	[2020-09-08 09:23:27:852] <20520> DECRYPT PARSE OK
INFO	[2020-09-08 09:23:27:852] <20520> END cancel 정상처리되었습니다. Laptime:[0.212sec]
INFO	[2020-09-08 09:23:27:852] <20520> ===============================================================
INFO	[2020-09-08 10:35:18:544] <1285> START INIPHP cancel (V5036-141209)(OS:Linux2.6.32-754.11.1.el6.x86_64,PHP:5.3.3)
DEBUG	[2020-09-08 10:35:18:544] <1285> inipayhome:/home/killdeal/public_html/shop/inicis
DEBUG	[2020-09-08 10:35:18:544] <1285> debug:false
DEBUG	[2020-09-08 10:35:18:544] <1285> type:cancel
DEBUG	[2020-09-08 10:35:18:544] <1285> mid:majorgol03
DEBUG	[2020-09-08 10:35:18:544] <1285> admin:1111
DEBUG	[2020-09-08 10:35:18:544] <1285> tid:StdpayISP_majorgol0320200828234600076059
DEBUG	[2020-09-08 10:35:18:544] <1285> cancelmsg:쇼핑몰 운영자 승인 취소
INFO	[2020-09-08 10:35:18:544] <1285> Check Field OK
INFO	[2020-09-08 10:35:18:544] <1285> PI PUB KEY LOAD OK []
INFO	[2020-09-08 10:35:18:544] <1285> PG PUB KEY LOAD OK [30]
INFO	[2020-09-08 10:35:18:544] <1285> MERCHANT PRIV KEY LOAD OK
INFO	[2020-09-08 10:35:18:544] <1285> MERCHANT PUB KEY LOAD OK [0]
DEBUG	[2020-09-08 10:35:18:545] <1285> MAKE ENCRYPT OK[<?xml version="1.0" encoding="UTF-8"?>
<CancelInfo>
	  <CancelTID>StdpayISP_majorgol0320200828234600076059</CancelTID>
	  <CancelMsg urlencode="1">%BC%EE%C7%CE%B8%F4+%BF%EE%BF%B5%C0%DA+%BD%C2%C0%CE+%C3%EB%BC%D2</CancelMsg>
	  <CancelReason/></CancelInfo>]
INFO	[2020-09-08 10:35:18:545] <1285> MAKE BODY OK
INFO	[2020-09-08 10:35:18:546] <1285> SIGN OK
INFO	[2020-09-08 10:35:18:546] <1285> MAKE HEAD OK
INFO	[2020-09-08 10:35:18:546] <1285> MSG_TO_PG:[0096200175D SHA1                   0                                      300420majorgol03                    StdpayISP_majorgol0320200828234600076059<?xml version="1.0" encoding="UTF-8"?>
<INIpay>
	  <CancelInfo>
	    <SessionKey>kKN59V4TUp+jCZkOJPiiFOBGbF7rdfPnPQLwf8sTQA9m/tuA2kJVf0zEAk0HnSsC
HAR9+tprkupjxWg5oaTVa6sBwkLuESzJh8Vv0n5eZmLwAJduaiFHq5ollRjiEiTE
H+5biz2QfZiXfTFbBVL9kodDLn/oE/WaQr5csZFquFGyRH9GUBLAgg==
</SessionKey>
	    <Encrypted>Uep2IxoEB41ZfHKCwk2hJrjWKJXLbth+zbkl261VvkYEKgkhMcqXpaxYwfn5yLOc
mc9aMau6Je8Un4cWb8yXxB7OjkMM4GbyCUmMlrRYWTzZkNSAvSumFfUsTK0iGoi4
j/7yCNE0Fb+ey6Lp0zEwJ/mgvAp/7fYDu3kFDH4pswsRPg89ch9GqtJLvHztXC42
q6+hn14kJlq3a9aNB0doSvCY7rRetWqC2UIvfWzXkOY51vaIHt2XbGstqG/rPsAn
L3MwXVJMs1Paejj4o8cWOg94KhUi1pgNrQKYDj6jQ308KVrfMkY5udgJlgn1JaTO
xGoVyfOP0oO9zw3cJvlTRA==
</Encrypted></CancelInfo>
	  <ReservedInfo>
	    <MReserved1/>
	    <MReserved2/>
	    <MReserved3/></ReservedInfo>
	  <ManageInfo>
	    <Language/>
	    <URL/>
	    <TXVersion>5036B141209canceLinux     PHPchkfake   2.6.32-754.11.1.el6.x86_64PHP:</TXVersion>
	    <TXUserID/>
	    <TXRegNum/></ManageInfo></INIpay>AADuWETtAjpkYy1lireag2w44/e2igWeFNX6zhEXIcOOnlqVw/IGHVrEGEQjIYwO
dbRTClfMdnNZ+02Fj569Gt/0gMh6l/XJpi0sfGa7ODn5HXoF70Np4DpZv2GytPmc
XECuBeBoznQagbUyFiHq2BWG1UhfjjxJ5RN1pPeEFPz/
]
INFO	[2020-09-08 10:35:18:546] <1285> DNS LOOKUP OK(203.238.37.3:203.238.37.3:34049) laptime:0
INFO	[2020-09-08 10:35:18:548] <1285> SOCKET CONNECT OK
INFO	[2020-09-08 10:35:18:548] <1285> SEND OK
INFO	[2020-09-08 10:35:19:236] <1285> RECV OK
INFO	[2020-09-08 10:35:19:236] <1285> MSG_FROM_PG:[0108200175D SHA1                   0                                      300430majorgol03                    StdpayISP_majorgol0320200828234600076059<?xml version="1.0" encoding="UTF-8"?>
<INIpay>
  <CancelInfo>
    <ResultCode>170000</ResultCode>
    <ResultMsg urlencode="1">%C1%A4%BB%F3%BF%CF%B7%E1</ResultMsg>
    <SessionKey>AC+MYuls+nUb3AxBZWZW8ZJLT4FYk3udzOTlfxhwwhhB9sPsinCa92yc/0lmVzTv
Ii/yjRu2lOFNL6RU/QriKrmWDVr4J9dsIPpzLXLtkhMAx9JDg9ww212TSSME6oM0
wIzuDva2PtFJmU9zQuuquLEhu/JHK4Lw+fucUZFWeIz9kr5XghkvMb4=
</SessionKey>
    <Encrypted>prgFYKqJTEYdkvULUskjpKu4LCWTM58oAOAUyr/9Nb+nLw8yr9l5KT8uDGw0EzV3
DkIy2IsHZVACOBDxvmC1H5D3b3ZrwhaAgecgpr+UIUSu4mrM82HGT95aSoyYnEHn
ELKrApxr4Va/aKVH3emDCIdPepezx8xvwW1+ZczIT/9kzR1+vDt21+I+yDdfPqnE
S/3YfEu6nbOKrLGDWvxXvfZKfHSwBQxizWjsjpK6eXt0sG/O7ly3jqtiJne9MIEN
m+2NS9bSKFsWNUn4j10VzcYmW/lLfSwmTK0qnAOVgxtL3giIC1tVzYgXTeGodNlc
</Encrypted>
  </CancelInfo>
  <ManageInfo/>
  <ReservedInfo>
    <MReserved1 urlencode="1"></MReserved1>
    <MReserved2 urlencode="1"></MReserved2>
    <MReserved3 urlencode="1"></MReserved3>
    <PGReserved1 urlencode="1"></PGReserved1>
    <PGReserved2 urlencode="1"></PGReserved2>
    <PGReserved3 urlencode="1"></PGReserved3>
  </ReservedInfo>
</INIpay>
E2NZmtNguig48U2hAd6y4dP3B1LpdbWODmdtnak3cAgOiH2WnTeiF4SrjIBl2nZk
QyVU058yW3w5fBbzzX0gTskapU21Q+9L7jvDoPBVEDwWuwcuIOIWlthB3bxkhXyj
1ESU67ORDXfDdlaxWsyhUSvmBLQxyJFk0rHYcys0e/4=
]
INFO	[2020-09-08 10:35:19:236] <1285> VERIFY OK
INFO	[2020-09-08 10:35:19:236] <1285> PARSE HEAD OK
INFO	[2020-09-08 10:35:19:236] <1285> PARSE BODY OK
INFO	[2020-09-08 10:35:19:237] <1285> DECRYPT OK
DEBUG	[2020-09-08 10:35:19:237] <1285> DECRYPT MSG:[<?xml version="1.0" encoding="UTF-8"?>
<CancelInfo>
  <CancelDate>20200908</CancelDate>
  <CancelTime>103519</CancelTime>
  <ResultCode>170000</ResultCode>
  <ResultMsg urlencode="1">%C1%A4%BB%F3%BF%CF%B7%E1</ResultMsg>
</CancelInfo>]
INFO	[2020-09-08 10:35:19:237] <1285> DECRYPT PARSE OK
INFO	[2020-09-08 10:35:19:237] <1285> END cancel 정상완료 Laptime:[0.693sec]
INFO	[2020-09-08 10:35:19:237] <1285> ===============================================================
INFO	[2020-09-08 11:07:09:75] <8986> START INIPHP cancel (V5036-141209)(OS:Linux2.6.32-754.11.1.el6.x86_64,PHP:5.3.3)
DEBUG	[2020-09-08 11:07:09:75] <8986> inipayhome:/home/killdeal/public_html/shop/inicis
DEBUG	[2020-09-08 11:07:09:75] <8986> debug:false
DEBUG	[2020-09-08 11:07:09:75] <8986> type:cancel
DEBUG	[2020-09-08 11:07:09:75] <8986> mid:majorgol03
DEBUG	[2020-09-08 11:07:09:75] <8986> admin:1111
DEBUG	[2020-09-08 11:07:09:75] <8986> tid:StdpayCARDmajorgol0320200901080843631498
DEBUG	[2020-09-08 11:07:09:75] <8986> cancelmsg:쇼핑몰 운영자 승인 취소
INFO	[2020-09-08 11:07:09:75] <8986> Check Field OK
INFO	[2020-09-08 11:07:09:75] <8986> PI PUB KEY LOAD OK []
INFO	[2020-09-08 11:07:09:76] <8986> PG PUB KEY LOAD OK [30]
INFO	[2020-09-08 11:07:09:76] <8986> MERCHANT PRIV KEY LOAD OK
INFO	[2020-09-08 11:07:09:76] <8986> MERCHANT PUB KEY LOAD OK [0]
DEBUG	[2020-09-08 11:07:09:76] <8986> MAKE ENCRYPT OK[<?xml version="1.0" encoding="UTF-8"?>
<CancelInfo>
	  <CancelTID>StdpayCARDmajorgol0320200901080843631498</CancelTID>
	  <CancelMsg urlencode="1">%BC%EE%C7%CE%B8%F4+%BF%EE%BF%B5%C0%DA+%BD%C2%C0%CE+%C3%EB%BC%D2</CancelMsg>
	  <CancelReason/></CancelInfo>]
INFO	[2020-09-08 11:07:09:76] <8986> MAKE BODY OK
INFO	[2020-09-08 11:07:09:77] <8986> SIGN OK
INFO	[2020-09-08 11:07:09:77] <8986> MAKE HEAD OK
INFO	[2020-09-08 11:07:09:77] <8986> MSG_TO_PG:[0096200175D SHA1                   0                                      300420majorgol03                    StdpayCARDmajorgol0320200901080843631498<?xml version="1.0" encoding="UTF-8"?>
<INIpay>
	  <CancelInfo>
	    <SessionKey>P9Rvf73yU+VtjFhlCwQRdh2RBYUl8tym2Wl4wLbTSObyNQnXPDChqgUl6awFaE8P
n11vmcC/y5g6OSCu44VmgR30w1wEXc2gLCsb5JmbH1nfhuRy8omR4s2/h+PBhkW0
ClxeFEmQPcVbcZ6LKsI6I3vr1NHmntylYERKJwRX6NFDxhbSm/AuVw==
</SessionKey>
	    <Encrypted>Gp9jxT5tecKXdH4O75wecbOPWUr2LJ+00chMyUUZV3yMesC4U2Uozc9817awoOvk
2xm75Y7EEUzA+R5yinXBzo6YXyOl87Wx3etlc5htfidSCYwdSs+0659m9YHlZh8H
GIKl4pjPu789fVSknVKXdc3OIq3j48BaflloLIhaK3gYuz/tsr5E8NbOtzUToNz+
ZSseGi6ZzHM1ARcoz0nfTrKKe7Ie9aVtiPwVrEpmTmBeSUZRZNPdBn0WUSvBe0xI
6Ot3cTRZjo9+bjVfLCXY9G2IPCgmNsRF+oLi7qDCnmCuCYbI3R9dXQEvTGf6ZkEa
Y3XyTUrdO1QoSqSg2n4fyg==
</Encrypted></CancelInfo>
	  <ReservedInfo>
	    <MReserved1/>
	    <MReserved2/>
	    <MReserved3/></ReservedInfo>
	  <ManageInfo>
	    <Language/>
	    <URL/>
	    <TXVersion>5036B141209canceLinux     PHPchkfake   2.6.32-754.11.1.el6.x86_64PHP:</TXVersion>
	    <TXUserID/>
	    <TXRegNum/></ManageInfo></INIpay>ANquLXITtRMPOH+KeG93R9PkPk1IEQtg5PJ89FZqHC/Q2x8OeJ+m1T66Ve2vAqdL
AiN5FVzhvDtm8Gr5/L88/9q+UhATpIrp6nWnjaMLTnfPDJT2hAcGGbQOU9TbUnaT
Nafn3xe4z/padJO+fRjTJrjl9sZEti27rf8nMydPOxHs
]
INFO	[2020-09-08 11:07:09:77] <8986> DNS LOOKUP OK(203.238.37.3:203.238.37.3:34049) laptime:0
INFO	[2020-09-08 11:07:09:79] <8986> SOCKET CONNECT OK
INFO	[2020-09-08 11:07:09:79] <8986> SEND OK
INFO	[2020-09-08 11:07:09:448] <8986> RECV OK
INFO	[2020-09-08 11:07:09:448] <8986> MSG_FROM_PG:[0115800175D SHA1                   0                                      300430majorgol03                    StdpayCARDmajorgol0320200901080843631498<?xml version="1.0" encoding="UTF-8"?>
<INIpay>
  <CancelInfo>
    <ResultCode>120000</ResultCode>
    <ResultMsg urlencode="1">%C1%A4%BB%F3%C3%B3%B8%AE%B5%C7%BE%FA%BD%C0%B4%CF%B4%D9.</ResultMsg>
    <SessionKey>AJKHHCxPLkra73iIYC7hPM2DIH09r5pOG3jJcm3p5OCO5M3feGJTTwH1P0QP7a+7
RZ28gx6tHp9/IfJHRJhALv+HfnF2lPaf6gLtzzOuajnKJtoh7hHioqo8nR8F9dSP
qA1fUeHGxEp4uaxPpUzQOTEQVgOTLhHfNP/QXdJRa6cYqojWIJjsxO4=
</SessionKey>
    <Encrypted>1Wx/HTlsn9P1JAvhU7e2+qPRDWx69vzgimPqrpUHf52BfVa4jLid7KkwGLHLG/Ab
/SIqgkWmPREEIM+SjgzX1arGZ7lJEC5NHyNYo/k6kQUUp6ZSNeylSgxpMybyVUNs
2sfbus/BTwTYLh6lteSKSejiJ3oH2sKCnnncc/txxwJUTGQnHljoeaMGlVZnF3B6
gibvs50d0dK9s0AFiDWOuPfABYZgefmFSFWmz15p9Of5qM2TEgZF90VnaOYrLqyI
irRcv5mejs+vYsfPQoXbJ7RWsZDITvoZW+SXOhDK0CtkCu0ts3N0g0jLqdpUIAAX
lWpmyMUBS9K4hoKAd75vjG3+Xhj8dFUdnNYEyqudRWA=
</Encrypted>
  </CancelInfo>
  <ManageInfo/>
  <ReservedInfo>
    <MReserved1 urlencode="1"></MReserved1>
    <MReserved2 urlencode="1"></MReserved2>
    <MReserved3 urlencode="1"></MReserved3>
    <PGReserved1 urlencode="1"></PGReserved1>
    <PGReserved2 urlencode="1"></PGReserved2>
    <PGReserved3 urlencode="1"></PGReserved3>
  </ReservedInfo>
</INIpay>
FAQCmPxnXId0TI+X40AzC5oQJQafccG+yrEzlCj5V3a0xioCNGsDihJDLsTDCaTN
yuwTrjxeqNiI8xMgSaLMSnfiTDu0g/DgipgPlCR5EKU3FARR6qnhmAif1fgnEhE3
D/Xa3Eli3Z7vBRQslNrXlkXZRmEpSV6PmisOgFSsjac=
]
INFO	[2020-09-08 11:07:09:448] <8986> VERIFY OK
INFO	[2020-09-08 11:07:09:448] <8986> PARSE HEAD OK
INFO	[2020-09-08 11:07:09:448] <8986> PARSE BODY OK
INFO	[2020-09-08 11:07:09:449] <8986> DECRYPT OK
DEBUG	[2020-09-08 11:07:09:449] <8986> DECRYPT MSG:[<?xml version="1.0" encoding="UTF-8"?>
<CancelInfo>
  <CancelDate>20200908</CancelDate>
  <CancelTime>110710</CancelTime>
  <ResultCode>120000</ResultCode>
  <ResultMsg urlencode="1">%C1%A4%BB%F3%C3%B3%B8%AE%B5%C7%BE%FA%BD%C0%B4%CF%B4%D9.</ResultMsg>
</CancelInfo>]
INFO	[2020-09-08 11:07:09:449] <8986> DECRYPT PARSE OK
INFO	[2020-09-08 11:07:09:449] <8986> END cancel 정상처리되었습니다. Laptime:[0.374sec]
INFO	[2020-09-08 11:07:09:449] <8986> ===============================================================
INFO	[2020-09-08 15:01:30:374] <15463> START INIPHP cancel (V5036-141209)(OS:Linux2.6.32-754.11.1.el6.x86_64,PHP:5.3.3)
DEBUG	[2020-09-08 15:01:30:374] <15463> inipayhome:/home/killdeal/public_html/shop/inicis
DEBUG	[2020-09-08 15:01:30:374] <15463> debug:false
DEBUG	[2020-09-08 15:01:30:374] <15463> type:cancel
DEBUG	[2020-09-08 15:01:30:374] <15463> mid:majorgol03
DEBUG	[2020-09-08 15:01:30:374] <15463> admin:1111
DEBUG	[2020-09-08 15:01:30:374] <15463> tid:INIMX_CARDmajorgol0320200830223511535097
DEBUG	[2020-09-08 15:01:30:374] <15463> cancelmsg:쇼핑몰 운영자 승인 취소
INFO	[2020-09-08 15:01:30:374] <15463> Check Field OK
INFO	[2020-09-08 15:01:30:374] <15463> PI PUB KEY LOAD OK []
INFO	[2020-09-08 15:01:30:374] <15463> PG PUB KEY LOAD OK [30]
INFO	[2020-09-08 15:01:30:374] <15463> MERCHANT PRIV KEY LOAD OK
INFO	[2020-09-08 15:01:30:374] <15463> MERCHANT PUB KEY LOAD OK [0]
DEBUG	[2020-09-08 15:01:30:375] <15463> MAKE ENCRYPT OK[<?xml version="1.0" encoding="UTF-8"?>
<CancelInfo>
	  <CancelTID>INIMX_CARDmajorgol0320200830223511535097</CancelTID>
	  <CancelMsg urlencode="1">%BC%EE%C7%CE%B8%F4+%BF%EE%BF%B5%C0%DA+%BD%C2%C0%CE+%C3%EB%BC%D2</CancelMsg>
	  <CancelReason/></CancelInfo>]
INFO	[2020-09-08 15:01:30:375] <15463> MAKE BODY OK
INFO	[2020-09-08 15:01:30:375] <15463> SIGN OK
INFO	[2020-09-08 15:01:30:375] <15463> MAKE HEAD OK
INFO	[2020-09-08 15:01:30:375] <15463> MSG_TO_PG:[0096200175D SHA1                   0                                      300420majorgol03                    INIMX_CARDmajorgol0320200830223511535097<?xml version="1.0" encoding="UTF-8"?>
<INIpay>
	  <CancelInfo>
	    <SessionKey>Ioara+9whKTDNYM8XlJFZynot2lEtFfsLLN2fpLm/YUGqh+jiNhlRw/zydmsZ/Xd
mSzNE8qnsai14GkBkMYYleKTA2HuITsSktcHsMdMoS4wCL62NKx+NPJDRjbfF81b
yC4iMJaW5UqColGnn3cRqdhMHucYKIza7qFX8RGEB0A/X6J1V1c1gw==
</SessionKey>
	    <Encrypted>AjIQC3hdXfHKo5FGfSqM5waWvgdPEERUDDFwcS3yrCuAXBq7TQDqoC4uXdifB1LW
hMZJNb+BM3OMTguGKvv7E9xvpJVpruf8OU7S/c9siFeXgdjwMzKwFeF+PscI7fJ3
ePxyKZICk/afDf6VHZqsGSJ39GVVph1TzbAZn2Z+zPL28NXv0hp/xABGRkGElu7A
xSfhEzzudF5IQsmi7AWS2OW6hvxhWaA7KTA/AtUgf49yOdFObSbrz0VzAPVgLDVB
wkQzmPx3Ta9Jw/57KVldzlToKhDM5aIApvsdghk60zGsMfAixOSeBil+AuHJUg5N
bBT9juRt12Z1ijdQJhwj6w==
</Encrypted></CancelInfo>
	  <ReservedInfo>
	    <MReserved1/>
	    <MReserved2/>
	    <MReserved3/></ReservedInfo>
	  <ManageInfo>
	    <Language/>
	    <URL/>
	    <TXVersion>5036B141209canceLinux     PHPchkfake   2.6.32-754.11.1.el6.x86_64PHP:</TXVersion>
	    <TXUserID/>
	    <TXRegNum/></ManageInfo></INIpay>ABckJNZxvbots14WhuzQLcuKPD2meGdYxsi8QILiUh06fSxX0AcmnqkS73jTPBZO
BhsAv7t6Cx25p8bHcfxKL/oMbXjbsXm4GwRTN5Bm9TemvcPAimFUmSUlpKdq3qpe
9pBHjhUC8xfCzTxtPzRykU4BTonONABQvNreyDVG4PUM
]
INFO	[2020-09-08 15:01:30:375] <15463> DNS LOOKUP OK(203.238.37.3:203.238.37.3:34049) laptime:0
INFO	[2020-09-08 15:01:30:378] <15463> SOCKET CONNECT OK
INFO	[2020-09-08 15:01:30:378] <15463> SEND OK
INFO	[2020-09-08 15:01:30:565] <15463> RECV OK
INFO	[2020-09-08 15:01:30:566] <15463> MSG_FROM_PG:[0115800175D SHA1                   0                                      300430majorgol03                    INIMX_CARDmajorgol0320200830223511535097<?xml version="1.0" encoding="UTF-8"?>
<INIpay>
  <CancelInfo>
    <ResultCode>120000</ResultCode>
    <ResultMsg urlencode="1">%C1%A4%BB%F3%C3%B3%B8%AE%B5%C7%BE%FA%BD%C0%B4%CF%B4%D9.</ResultMsg>
    <SessionKey>ALlrW9QRoD5iYUaIy+Uuo1W9+Bda53E5+YiWzobwONDDEVLKtnVFWBhMtkASDvI9
/Kbva4JhXJn7L/6MywaEvYu7EOGWyH/C8a7louG/yyu7g272KzjNn+n8LxTzi0yz
E48yb4wXbYpvMGsInoyoZ6rbIPn9UvhMzg9UPDpL5Q5WRWOmhcKClnU=
</SessionKey>
    <Encrypted>sCQnOQ8tMQcQooVsNp7UvSpqk9BvF9ckKKhS1dRm+Hwk6indBNqOOKcVrYYEyYqY
9vZE86K5jvL4OVh9LMZoGnfzuCvYO6Dls6emrK6fk5GuIKpCIbqAiMtFRE9wORIA
y1QHfnBld3+V5paMA2nNSv9lu5XOjnZLJOMv60JnybSxUQjZWxD8qG6ttNvorP+2
DJS7sqyA55KRzXV9dAwp9l5KR2qm7ANHKS90UsgmGPSo8JvF5/7AZKAEbf8xklDJ
1NtlMw1nMVPmrI46zzLcU64TtqH2jBIysjpIVuk5xSm+CNaOkyl7I4W7asS9NHNU
EaR3tYhkKm9yD6KHvTDh68L2AWMJ6e74RVpEx07URhE=
</Encrypted>
  </CancelInfo>
  <ManageInfo/>
  <ReservedInfo>
    <MReserved1 urlencode="1"></MReserved1>
    <MReserved2 urlencode="1"></MReserved2>
    <MReserved3 urlencode="1"></MReserved3>
    <PGReserved1 urlencode="1"></PGReserved1>
    <PGReserved2 urlencode="1"></PGReserved2>
    <PGReserved3 urlencode="1"></PGReserved3>
  </ReservedInfo>
</INIpay>
Oqz0UlFcOIRPR3GInase7T7TKXN52l9lxTDFugIhTizD1fFHe/j/YgtjbnNLx5vt
Kmt85IogE+8RTlxRwe0I9oDKg/E9d0VMQAnBo0SjMqx/4ZrKrMSax6IGiNevyeN4
wnFAu5DuBNztkiNw8902YAHaMyORo0RfCvc/fho1zCk=
]
INFO	[2020-09-08 15:01:30:566] <15463> VERIFY OK
INFO	[2020-09-08 15:01:30:566] <15463> PARSE HEAD OK
INFO	[2020-09-08 15:01:30:566] <15463> PARSE BODY OK
INFO	[2020-09-08 15:01:30:567] <15463> DECRYPT OK
DEBUG	[2020-09-08 15:01:30:567] <15463> DECRYPT MSG:[<?xml version="1.0" encoding="UTF-8"?>
<CancelInfo>
  <CancelDate>20200908</CancelDate>
  <CancelTime>150131</CancelTime>
  <ResultCode>120000</ResultCode>
  <ResultMsg urlencode="1">%C1%A4%BB%F3%C3%B3%B8%AE%B5%C7%BE%FA%BD%C0%B4%CF%B4%D9.</ResultMsg>
</CancelInfo>]
INFO	[2020-09-08 15:01:30:567] <15463> DECRYPT PARSE OK
INFO	[2020-09-08 15:01:30:567] <15463> END cancel 정상처리되었습니다. Laptime:[0.193sec]
INFO	[2020-09-08 15:01:30:567] <15463> ===============================================================
