INFO	[2023-09-11 09:48:03:879] <15844> START INIPHP cancel (V5036-141209)(OS:Linux2.6.32-754.11.1.el6.x86_64,PHP:5.3.3)
DEBUG	[2023-09-11 09:48:03:879] <15844> inipayhome:/home1/killdeal/public_html/shop/inicis
DEBUG	[2023-09-11 09:48:03:879] <15844> debug:false
DEBUG	[2023-09-11 09:48:03:879] <15844> type:cancel
DEBUG	[2023-09-11 09:48:03:879] <15844> mid:majorgol03
DEBUG	[2023-09-11 09:48:03:879] <15844> admin:1111
DEBUG	[2023-09-11 09:48:03:879] <15844> tid:INIMX_CARDmajorgol0320230910065500995176
DEBUG	[2023-09-11 09:48:03:879] <15844> cancelmsg:쇼핑몰 운영자 승인 취소
INFO	[2023-09-11 09:48:03:879] <15844> Check Field OK
INFO	[2023-09-11 09:48:03:879] <15844> PI PUB KEY LOAD OK []
INFO	[2023-09-11 09:48:03:880] <15844> PG PUB KEY LOAD OK [30]
INFO	[2023-09-11 09:48:03:881] <15844> MERCHANT PRIV KEY LOAD OK
INFO	[2023-09-11 09:48:03:882] <15844> MERCHANT PUB KEY LOAD OK [0]
DEBUG	[2023-09-11 09:48:03:883] <15844> MAKE ENCRYPT OK[<?xml version="1.0" encoding="UTF-8"?>
<CancelInfo>
	  <CancelTID>INIMX_CARDmajorgol0320230910065500995176</CancelTID>
	  <CancelMsg urlencode="1">%BC%EE%C7%CE%B8%F4+%BF%EE%BF%B5%C0%DA+%BD%C2%C0%CE+%C3%EB%BC%D2</CancelMsg>
	  <CancelReason/></CancelInfo>]
INFO	[2023-09-11 09:48:03:883] <15844> MAKE BODY OK
INFO	[2023-09-11 09:48:03:883] <15844> SIGN OK
INFO	[2023-09-11 09:48:03:883] <15844> MAKE HEAD OK
INFO	[2023-09-11 09:48:03:883] <15844> MSG_TO_PG:[0096200175D SHA1                   0                                      300420majorgol03                    INIMX_CARDmajorgol0320230910065500995176<?xml version="1.0" encoding="UTF-8"?>
<INIpay>
	  <CancelInfo>
	    <SessionKey>EHzptIj7k1Jw5U2yREBVprahF8g874wbWGWFe+au7fiyQ6AaZLNd/tJbmh/V6y2+
TzQR75eWzNi3rht9GdNdRAhJI1vFSSamyPtOrpHbbN6nAP/wt7WMvtstDN5DsqlE
cY4eGTeYHNetfPvgpU6mU5b84JE98dZYg0ubl+ECTyEFDj2SOCZXXQ==
</SessionKey>
	    <Encrypted>md3QsJbqBqXqJcpjWayS0f1g8omH7VBvGz0N3oI4iFJ5ULa3Cd/WCqh2whPv3xxc
dLn6ZoE0uodtTkvNOJ3I7Ccgj/8QzTGCBiyJArUuD0b28qwiFLOpUBmpKeBbrM1f
npnR7HZdVjhABrRHS8dM+hudRj3+uvLnjYfmdSwiQP+3lr+4/fIZnOvT36V1pF3X
r1AFgBD8UHIeolORrYxflZZAwMgDWNw/WOzutGgw2YTIDYnpjIFL+PNxwxAcyZX2
szOwrpSu6gp3VkxZCljQxxTBZzZfVu0IApqFpOReA3M1L6f1sTk2LVhg46ZeH1Ax
4NZ5lrW3gSIn3Xs/Ko+liQ==
</Encrypted></CancelInfo>
	  <ReservedInfo>
	    <MReserved1/>
	    <MReserved2/>
	    <MReserved3/></ReservedInfo>
	  <ManageInfo>
	    <Language/>
	    <URL/>
	    <TXVersion>5036B141209canceLinux     PHPchkfake   2.6.32-754.11.1.el6.x86_64PHP:</TXVersion>
	    <TXUserID/>
	    <TXRegNum/></ManageInfo></INIpay>AQqK/yd4kGKXuG8Y0H6vtsYKWlLNviOANH+LvmzORJMk8VuKcr9X1BZBSaD+e2Y6
H/pTTWVJlT5dCtSUZBJWYDGSo5a5Xv7/FJ2aC5MHg/MunlO+MBGL8wHQKqe81+Be
69AFrRPW/yk9m+YEmYwa5CHIMp+VMUw/fWugO4RDPmqG
]
INFO	[2023-09-11 09:48:03:883] <15844> DNS LOOKUP OK(203.238.37.3:203.238.37.3:34049) laptime:0
INFO	[2023-09-11 09:48:03:886] <15844> SOCKET CONNECT OK
INFO	[2023-09-11 09:48:03:886] <15844> SEND OK
INFO	[2023-09-11 09:48:04:89] <15844> RECV OK
INFO	[2023-09-11 09:48:04:89] <15844> MSG_FROM_PG:[0093300175D SHA1                   0                                      300430majorgol03                    INIMX_CARDmajorgol0320230910065500995176<?xml version="1.0" encoding="UTF-8"?><INIpay>
<CancelInfo>
<ResultCode>120000</ResultCode>
<ResultMsg urlencode="1">%C1%A4%BB%F3%C3%B3%B8%AE%B5%C7%BE%FA%BD%C0%B4%CF%B4%D9.</ResultMsg>
<SessionKey>AB88Qhhai5lvs/yIfjrF3VgEGi1KJpXfAbfDKP7rKJ55NEV1bOY9ou3gg0+t0GLn
8v+XMuRNPS4Ztr5Y44QJ+e7bO8XGzdRJMF0UmtWSAEpccbbq9AGe8L54c1ZKOnHv
+AdeyIZj2OGGMA5ftA3CkXQ6HMjegwvMzlkek5wswOVs5Hf2jXnbEYM=
</SessionKey>
<Encrypted>CUaUQkL9iORZH/GdIcFdJB5csCrzGA1VJ7MKhr60kjPuj7GZnnBRqGB5qMlwWzo4
7kJx1pDp9pR2ouNf1HfK2WGTihsAJSTMYkPmLfcxchyYvYGtecJwJLfGmrEGx38F
rjVN8TzuvfrckBW4WGWNep5CHRwW05wEhnQ/1n23Yqe/oIihAbVcgluEv+v09dxg
gzTz9tlkTvHy+So+Fnb5e5oOXDzqGlWoJduTDJEuxiy4jj7aJAqH3xuCYd+RSDLH
0dDsS60lIvQ9D7qNsNbXA3Aw/GmgVN9JbrnFkmAqK77NPY7ZpVHr+i20FL/CPwSK
BZVrUstfvxxfotzb4pW6HAliWAK/faiJ
</Encrypted>
</CancelInfo>
<ManageInfo/>
<ReservedInfo>
<MReserved1 urlencode="1"/>
<MReserved2 urlencode="1"/>
<MReserved3 urlencode="1"/>
</ReservedInfo>
</INIpay>
WnhOqzV2DJrJjkI4GLYBSdL/HZrW+tJmYcdeX7+FQSOlaqzFDpM6zMXdEKCOny4T
J87jJzv4w8+evO9Y5MRfjifZ1Lba+tMc40HVoA/3639ZxBFfZSWHMB7119lU7LoR
O9CMXr3jMWUNwMKrbCXic8KJ0hD7GFwzKXAdUGiVcyo=
]
INFO	[2023-09-11 09:48:04:89] <15844> VERIFY OK
INFO	[2023-09-11 09:48:04:89] <15844> PARSE HEAD OK
INFO	[2023-09-11 09:48:04:90] <15844> PARSE BODY OK
INFO	[2023-09-11 09:48:04:90] <15844> DECRYPT OK
DEBUG	[2023-09-11 09:48:04:90] <15844> DECRYPT MSG:[<?xml version="1.0" encoding="UTF-8"?><CancelInfo>
<CancelDate>20230911</CancelDate>
<CancelTime>094804</CancelTime>
<ResultCode>120000</ResultCode>
<ResultMsg urlencode="1">%C1%A4%BB%F3%C3%B3%B8%AE%B5%C7%BE%FA%BD%C0%B4%CF%B4%D9.</ResultMsg>
</CancelInfo>]
INFO	[2023-09-11 09:48:04:90] <15844> DECRYPT PARSE OK
INFO	[2023-09-11 09:48:04:90] <15844> END cancel 정상처리되었습니다. Laptime:[0.211sec]
INFO	[2023-09-11 09:48:04:90] <15844> ===============================================================
