INFO	[2020-08-10 16:25:03:919] <14265> START INIPHP repay (V5036-141209)(OS:Linux2.6.32-754.11.1.el6.x86_64,PHP:5.3.3)
DEBUG	[2020-08-10 16:25:03:920] <14265> inipayhome:/home/killdeal/public_html/shop/inicis
DEBUG	[2020-08-10 16:25:03:920] <14265> debug:false
DEBUG	[2020-08-10 16:25:03:920] <14265> type:repay
DEBUG	[2020-08-10 16:25:03:920] <14265> pgid:INIphpRPAY
DEBUG	[2020-08-10 16:25:03:920] <14265> subpgip:203.238.3.10
DEBUG	[2020-08-10 16:25:03:920] <14265> mid:majorgol03
DEBUG	[2020-08-10 16:25:03:920] <14265> admin:1111
DEBUG	[2020-08-10 16:25:03:920] <14265> oldtid:
DEBUG	[2020-08-10 16:25:03:920] <14265> currency:WON
DEBUG	[2020-08-10 16:25:03:920] <14265> price:52900
DEBUG	[2020-08-10 16:25:03:920] <14265> confirm_price:0
DEBUG	[2020-08-10 16:25:03:920] <14265> buyeremail:khk45549449@gmail.com
DEBUG	[2020-08-10 16:25:03:920] <14265> tax:4809
DEBUG	[2020-08-10 16:25:03:920] <14265> taxfree:0
ERROR	[2020-08-10 16:25:03:928] <14265> 필수항목(oldtid)이 누락되었습니다.
INFO	[2020-08-10 16:25:03:928] <14265> END repay [TX9204|필수항목(oldtid)이 누락되었습니다.] Laptime:[0.009sec]
INFO	[2020-08-10 16:25:03:928] <14265> ===============================================================
INFO	[2020-08-10 16:28:49:486] <14267> START INIPHP repay (V5036-141209)(OS:Linux2.6.32-754.11.1.el6.x86_64,PHP:5.3.3)
DEBUG	[2020-08-10 16:28:49:486] <14267> inipayhome:/home/killdeal/public_html/shop/inicis
DEBUG	[2020-08-10 16:28:49:486] <14267> debug:false
DEBUG	[2020-08-10 16:28:49:486] <14267> type:repay
DEBUG	[2020-08-10 16:28:49:486] <14267> pgid:INIphpRPAY
DEBUG	[2020-08-10 16:28:49:486] <14267> subpgip:203.238.3.10
DEBUG	[2020-08-10 16:28:49:486] <14267> mid:majorgol03
DEBUG	[2020-08-10 16:28:49:486] <14267> admin:1111
DEBUG	[2020-08-10 16:28:49:486] <14267> oldtid:
DEBUG	[2020-08-10 16:28:49:486] <14267> currency:WON
DEBUG	[2020-08-10 16:28:49:486] <14267> price:52900
DEBUG	[2020-08-10 16:28:49:486] <14267> confirm_price:0
DEBUG	[2020-08-10 16:28:49:486] <14267> buyeremail:khk45549449@gmail.com
DEBUG	[2020-08-10 16:28:49:486] <14267> tax:4809
DEBUG	[2020-08-10 16:28:49:486] <14267> taxfree:0
ERROR	[2020-08-10 16:28:49:496] <14267> 필수항목(oldtid)이 누락되었습니다.
INFO	[2020-08-10 16:28:49:496] <14267> END repay [TX9204|필수항목(oldtid)이 누락되었습니다.] Laptime:[0.01sec]
INFO	[2020-08-10 16:28:49:496] <14267> ===============================================================
