INFO	[2021-10-05 09:56:41:446] <7184> START INIPHP cancel (V5036-141209)(OS:Linux2.6.32-754.11.1.el6.x86_64,PHP:5.3.3)
DEBUG	[2021-10-05 09:56:41:446] <7184> inipayhome:/home1/killdeal/public_html/shop/inicis
DEBUG	[2021-10-05 09:56:41:446] <7184> debug:false
DEBUG	[2021-10-05 09:56:41:446] <7184> type:cancel
DEBUG	[2021-10-05 09:56:41:446] <7184> mid:fourseason
DEBUG	[2021-10-05 09:56:41:446] <7184> admin:1111
DEBUG	[2021-10-05 09:56:41:446] <7184> tid:INIMX_CARDfourseason20210930194017825490
DEBUG	[2021-10-05 09:56:41:446] <7184> cancelmsg:쇼핑몰 운영자 승인 취소
INFO	[2021-10-05 09:56:41:446] <7184> Check Field OK
INFO	[2021-10-05 09:56:41:446] <7184> PI PUB KEY LOAD OK []
INFO	[2021-10-05 09:56:41:447] <7184> PG PUB KEY LOAD OK [30]
INFO	[2021-10-05 09:56:41:447] <7184> MERCHANT PRIV KEY LOAD OK
INFO	[2021-10-05 09:56:41:447] <7184> MERCHANT PUB KEY LOAD OK [0]
DEBUG	[2021-10-05 09:56:41:448] <7184> MAKE ENCRYPT OK[<?xml version="1.0" encoding="UTF-8"?>
<CancelInfo>
	  <CancelTID>INIMX_CARDfourseason20210930194017825490</CancelTID>
	  <CancelMsg urlencode="1">%BC%EE%C7%CE%B8%F4+%BF%EE%BF%B5%C0%DA+%BD%C2%C0%CE+%C3%EB%BC%D2</CancelMsg>
	  <CancelReason/></CancelInfo>]
INFO	[2021-10-05 09:56:41:448] <7184> MAKE BODY OK
INFO	[2021-10-05 09:56:41:448] <7184> SIGN OK
INFO	[2021-10-05 09:56:41:448] <7184> MAKE HEAD OK
INFO	[2021-10-05 09:56:41:449] <7184> MSG_TO_PG:[0096200175D SHA1                   0                                      300420fourseason                    INIMX_CARDfourseason20210930194017825490<?xml version="1.0" encoding="UTF-8"?>
<INIpay>
	  <CancelInfo>
	    <SessionKey>GuNhXUqci1N7KfxyJW3eUxT9Qztm7C8Y8COpE49Ur6SZesB2jfrAiCCTIsqegZWa
laXWwD9lYNt0K+exbN2e3pfAJry7Wwc//iyieL0KW39u+wv5dnLnNmaP2J0iu8YT
Q8QGkOGjwR5tmE9jCV3KKm9/EJlswAx7ORaINVNJHgvdMa+gIFZLiQ==
</SessionKey>
	    <Encrypted>on7R0t9ZI7M4WtMs1bBL40VmQts9mIF/Ga1+Lc2yy/cDqKtKSYLBt3BHx0Fq0ZPQ
zfNn7/TeLPdAuG4sZrCVy/U7oAT20Dljp0vMFIRTuCc1Y/eJ0MtYVBZIMdgOTiOa
3d+yC9NWnLOEg46IsTFW58ezqs2M34qjVlTeFL5Q3aF5+E4avXV3nlwfqZznd4C5
01DEbz/KBeqzyn9sgWYH4VoWDpY7h/kJY2M58ApdwOcUz8mMHpXNfCwHdykG5E3p
w3sYt/LoH0CAo5vZUm/GHS/jb7KM1hrre2j13/WxDJivXjnfVLR6AuofcPpJ2K0/
9UwRKJLGS7Ppts9DpS2JkQ==
</Encrypted></CancelInfo>
	  <ReservedInfo>
	    <MReserved1/>
	    <MReserved2/>
	    <MReserved3/></ReservedInfo>
	  <ManageInfo>
	    <Language/>
	    <URL/>
	    <TXVersion>5036B141209canceLinux     PHPchkfake   2.6.32-754.11.1.el6.x86_64PHP:</TXVersion>
	    <TXUserID/>
	    <TXRegNum/></ManageInfo></INIpay>AOPZkorEwKh3uk0G12fm/qNO6vJx7ZjiIkibOKj0bIme5pyk7DrOXnuhlbIDx2b5
XFNQ3wErwmiGoEdtCN3gShsPqaqyGVDSRs/OGvm1GpwqiCNex+ajeU9ioEw6YGfR
N/aD1bKAIjd/n1pfc94steXNzqWXWwxiP7M9wjI3CI03
]
INFO	[2021-10-05 09:56:41:449] <7184> DNS LOOKUP OK(203.238.37.3:203.238.37.3:34049) laptime:0
INFO	[2021-10-05 09:56:41:451] <7184> SOCKET CONNECT OK
INFO	[2021-10-05 09:56:41:451] <7184> SEND OK
INFO	[2021-10-05 09:56:42:72] <7184> RECV OK
INFO	[2021-10-05 09:56:42:72] <7184> MSG_FROM_PG:[0093300175D SHA1                   0                                      300430fourseason                    INIMX_CARDfourseason20210930194017825490<?xml version="1.0" encoding="UTF-8"?><INIpay>
<CancelInfo>
<ResultCode>120000</ResultCode>
<ResultMsg urlencode="1">%C1%A4%BB%F3%C3%B3%B8%AE%B5%C7%BE%FA%BD%C0%B4%CF%B4%D9.</ResultMsg>
<SessionKey>ADZYOyRXaoe2Ux3aVFFmo2p+4axJt7z2pS3X6UjCwR5pQmyc0rU0PK5MR4H0CTLV
39mfdNHaHeDyiaBVlSc4hnbo7daqCGIEJ59ZkTmMX7b+9OeMRtvnpFGRpQ7/xjM7
XrjHrBGCrr+91sQRsi/pQW6Kewx9pMdQmOjb97TlCy5jSjhFh9WCCuM=
</SessionKey>
<Encrypted>4Ja7JyCzgYqi9oqUVOfiw05Vj/wJOzjwYEskiTOduLgIlwwzDik/9CZ1Rq3utweB
4Vm+W2OUvTDJD3mlrDW8NX+3O5JQy/I88roZx0k+Pl8qEnqRD7hWKXJAB8Ohr4hs
IrkOm4t9CVrMZCL5jR1eLSNQIzX/LrAiqA94hGPD9wpAoSzHo4wLN0GyI4osFOim
XHPgmLu+jWf+nYyq825cqKU8ZEmvqaqIaRwd+JuabYwfqiSWxB2GzPsxazsdaA4Y
pXWHK91qnmvMFHX10qT12E/sJX/g194XiLxhvjscgQO/8DhmZqwWX14HZbZsv8WE
TyZ3yB1LI+QWGz+NLgQrGZySraupVYml
</Encrypted>
</CancelInfo>
<ManageInfo/>
<ReservedInfo>
<MReserved1 urlencode="1"/>
<MReserved2 urlencode="1"/>
<MReserved3 urlencode="1"/>
</ReservedInfo>
</INIpay>
1N9PA1UZs1V01iI6aMi7k/4Gbh6HM6zuDFidjiMs80vl6kIMWyIoTKFq1kb8imEm
WIoBUjvi0w+9CHAbroFFVu7cYJ1HW5n8UEwwVqQJnE2frB8fU/CyUJ0kxqkkwDyj
/SqpG4hJeAUZUkb5CXIcJtBMHChw+pWHlOZSmpemc3w=
]
INFO	[2021-10-05 09:56:42:72] <7184> VERIFY OK
INFO	[2021-10-05 09:56:42:72] <7184> PARSE HEAD OK
INFO	[2021-10-05 09:56:42:72] <7184> PARSE BODY OK
INFO	[2021-10-05 09:56:42:73] <7184> DECRYPT OK
DEBUG	[2021-10-05 09:56:42:73] <7184> DECRYPT MSG:[<?xml version="1.0" encoding="UTF-8"?><CancelInfo>
<CancelDate>20211005</CancelDate>
<CancelTime>095642</CancelTime>
<ResultCode>120000</ResultCode>
<ResultMsg urlencode="1">%C1%A4%BB%F3%C3%B3%B8%AE%B5%C7%BE%FA%BD%C0%B4%CF%B4%D9.</ResultMsg>
</CancelInfo>]
INFO	[2021-10-05 09:56:42:73] <7184> DECRYPT PARSE OK
INFO	[2021-10-05 09:56:42:73] <7184> END cancel 정상처리되었습니다. Laptime:[0.627sec]
INFO	[2021-10-05 09:56:42:73] <7184> ===============================================================
