INFO	[2022-08-25 09:57:15:365] <18155> START INIPHP repay (V5036-141209)(OS:Linux2.6.32-754.11.1.el6.x86_64,PHP:5.3.3)
DEBUG	[2022-08-25 09:57:15:365] <18155> inipayhome:/home1/killdeal/public_html/shop/inicis
DEBUG	[2022-08-25 09:57:15:365] <18155> debug:false
DEBUG	[2022-08-25 09:57:15:365] <18155> type:repay
DEBUG	[2022-08-25 09:57:15:365] <18155> pgid:INIphpRPAY
DEBUG	[2022-08-25 09:57:15:365] <18155> subpgip:203.238.3.10
DEBUG	[2022-08-25 09:57:15:365] <18155> mid:majorgol03
DEBUG	[2022-08-25 09:57:15:365] <18155> admin:1111
DEBUG	[2022-08-25 09:57:15:365] <18155> oldtid:INIMX_CARDmajorgol0320220802122259985054
DEBUG	[2022-08-25 09:57:15:365] <18155> currency:WON
DEBUG	[2022-08-25 09:57:15:365] <18155> price:11900
DEBUG	[2022-08-25 09:57:15:365] <18155> confirm_price:40900
DEBUG	[2022-08-25 09:57:15:365] <18155> buyeremail:lht1217@gmail.com
DEBUG	[2022-08-25 09:57:15:365] <18155> tax:1082
DEBUG	[2022-08-25 09:57:15:365] <18155> taxfree:0
INFO	[2022-08-25 09:57:15:365] <18155> Check Field OK
INFO	[2022-08-25 09:57:15:365] <18155> Make TID OK INIphpRPAYmajorgol0320220825095715653725
INFO	[2022-08-25 09:57:15:365] <18155> PI PUB KEY LOAD OK []
INFO	[2022-08-25 09:57:15:365] <18155> PG PUB KEY LOAD OK [30]
INFO	[2022-08-25 09:57:15:366] <18155> MERCHANT PRIV KEY LOAD OK
INFO	[2022-08-25 09:57:15:366] <18155> MERCHANT PUB KEY LOAD OK [0]
DEBUG	[2022-08-25 09:57:15:367] <18155> MAKE ENCRYPT OK[<?xml version="1.0" encoding="UTF-8"?>
<PartCancelInfo>
	  <PRTC_TID>INIMX_CARDmajorgol0320220802122259985054</PRTC_TID>
	  <PRTC_Price>11900</PRTC_Price>
	  <PRTC_Remains>40900</PRTC_Remains>
	  <PRTC_Quota/>
	  <PRTC_Interest/>
	  <PRTC_NoAcctFNBC/>
	  <PRTC_NmAcctFNBC/></PartCancelInfo>]
INFO	[2022-08-25 09:57:15:367] <18155> MAKE BODY OK
INFO	[2022-08-25 09:57:15:367] <18155> SIGN OK
INFO	[2022-08-25 09:57:15:367] <18155> MAKE HEAD OK
INFO	[2022-08-25 09:57:15:367] <18155> MSG_TO_PG:[0111700175D SHA1                   0                                      300620majorgol03               11900INIphpRPAYmajorgol0320220825095715653725<?xml version="1.0" encoding="UTF-8"?>
<INIpay>
	  <PartCancelInfo>
	    <SessionKey>hbse2yR3ntSdoz4awsA01N+DtaR8fBuCBfV0VbRlXIzammhaBT0PUnX+7JiDu7R2
y2RCX7KqHXMRJUMyTZ0rL/hccfkanADKO1PJAYRZvyXtAaZ0xiAuNggn7yA0QQ45
OENpLCx5jy1mwz2mBO25EVAPfePUIoGSJYlC1jUX3USnZcJO6re0Rg==
</SessionKey>
	    <Encrypted>iUrNibUfGlJ9PArygSWE3ouvjqlM+WspcjSBK9b8/rlqAb5delrWYAUQIDKKu4Ef
69QLzAay5OUPwVIVDhoqyM4pnZ9f9MSy0C8bN+gk5CtUFYpHEN4WaQfoKt5uERje
CT8eBK/FUW1RMDEd8H1o+y+PnY/i4SH9hfOP0Smv9W+YfzCNihs9mYaF7IoEiL5p
4C412sIpYlhnUa+p/LwpmQodpcHvS4Qiw/QyP0YIpvTUj2vysSrGH93wfChDsXkL
H0e8n4Ztfh5fVqHpyHPzc/vuL5/ETjnSiUlBtzM6DZW/fXImzJUlOezS8isINVSu
WOEQ+K0QKoqcvdo/48jCFnr5EEAjjr6+KiFPZsqBST4CEPXyL86zgescN+QWO2PH
HlDS4bCPP1o=
</Encrypted></PartCancelInfo>
	  <GoodsInfo>
	    <Tax>1082</Tax>
	    <TaxFree/>
	    <Currency>WON</Currency></GoodsInfo>
	  <ReservedInfo>
	    <MReserved1/>
	    <MReserved2/>
	    <MReserved3/></ReservedInfo>
	  <ManageInfo>
	    <Language/>
	    <URL/>
	    <TXVersion>5036B141209repayLinux     PHPchkfake   2.6.32-754.11.1.el6.x86_64PHP:</TXVersion>
	    <TXUserID/>
	    <TXRegNum/></ManageInfo></INIpay>AQgMz6z8VJHZg8rS2xe3vnqo+0UI9zHzjDXh1d/4SR+IExKudS20cVcvMvdTRbdF
FTDFRq8Z/aHD3S9cPcOBxStinu6YE5fSeD6yTXSZwW5V97BLe/WAjK5HjXbfW5sf
v/KO4ID65cqO2xtFhX7YIc0YUi1Qtb/8+1QYdAzUu/2z
]
INFO	[2022-08-25 09:57:15:367] <18155> DNS LOOKUP OK(203.238.37.3:203.238.37.3:34049) laptime:0
INFO	[2022-08-25 09:57:15:370] <18155> SOCKET CONNECT OK
INFO	[2022-08-25 09:57:15:370] <18155> SEND OK
INFO	[2022-08-25 09:57:15:614] <18155> RECV OK
INFO	[2022-08-25 09:57:15:614] <18155> MSG_FROM_PG:[0098000175D SHA1                   0                                      300630majorgol03               11900INIphpRPAYmajorgol0320220825095715653725<?xml version="1.0" encoding="UTF-8"?><INIpay>
<PartCancelInfo>
<PayMethod>Card</PayMethod>
<ResultCode>120000</ResultCode>
<ResultMsg urlencode="1">%C1%A4%BB%F3%C3%B3%B8%AE%B5%C7%BE%FA%BD%C0%B4%CF%B4%D9.</ResultMsg>
<SessionKey>AL3mAIQ7qtpgXnxsxoIe3fhJN2inGWlCb03QJfweUfTknYgzbL6EMSxKVpFJWyrA
7Y/EFW9qyoprhtZkpUvfSzOWBc3o4fnhgUO2rDCBYaG/URX9+Mp2tNcZfqAD7OrR
ZfjlLvN8w7JVk7cRQaSjvZr+X90B52Np/4fJpPjJma0Aj7x9xPyIcrw=
</SessionKey>
<Encrypted>2lCmCYSuKmCmXvGBR6PtLARmljnkeq5oH39OO6coH98ZpbBH7v/oDiXAtS6J6QdS
knrXM7sjg9FOIbqH2b32MscC4jGM2PZG7Tvt9+ikWPRJgRE5Stky0HRWAnTF0fJV
0It0rMKUFlWrtgkYe3KDoV7Cwdi9OFKxtv5Kuyu9vKZL8BDvIhfPNkcp/MG5QGT+
7tZ/KVwLp+w3aO7RJyWnznAyjZYj8zmyBLXMn+BQalXhhDb+Q/SFCj9T/lzctF6p
RaQy9UlXxFO9UyUFNvidqYsKCyCMVPOCCNYtCDvivc9McXtLsQgS4GIP9hDH91XV
EVs2f+p378gRPj9R97yOHZxqaGwZFmwsgbcssD97UAnHOpPrOwYNH+Leo8Zr8xsS
1sJ5HLta3+vnGeVslvrusenpBSN+uQN8bqzWzByNMtQgKyqCGkTz1n86CIjo6TCH
wJamZvIb7Mk=
</Encrypted>
</PartCancelInfo>
<ManageInfo/>
<ReservedInfo/>
</INIpay>
rS4+kXJn9WM6+t2fy2bxOHQkucOCoxMpb41WILauUj3CwUaoUTumTlFWM3NpL16v
SvoJ+qNdb+itrS20SyGP6nELK6bUXMeNi1vvsYad4Qb7BPLsiXU70+5BxQPR7FZG
A3xMJcRgmQTGS7/0CbceM3Je/sCAQfkGX9bIEI2k4EE=
]
INFO	[2022-08-25 09:57:15:614] <18155> VERIFY OK
INFO	[2022-08-25 09:57:15:614] <18155> PARSE HEAD OK
INFO	[2022-08-25 09:57:15:615] <18155> PARSE BODY OK
INFO	[2022-08-25 09:57:15:615] <18155> DECRYPT OK
DEBUG	[2022-08-25 09:57:15:615] <18155> DECRYPT MSG:[<?xml version="1.0" encoding="UTF-8"?><PartCancelInfo>
<PRTC_TID>INIMX_CARDmajorgol0320220802122259985054</PRTC_TID>
<PRTC_Price>11900</PRTC_Price>
<PRTC_Remains>40900</PRTC_Remains>
<PRTC_Quota>00</PRTC_Quota>
<PRTC_Type>1</PRTC_Type>
<CancelDate>20220825</CancelDate>
<CancelTime>095715</CancelTime>
<PRTC_Cnt>1</PRTC_Cnt>
</PartCancelInfo>]
INFO	[2022-08-25 09:57:15:616] <18155> DECRYPT PARSE OK
INFO	[2022-08-25 09:57:15:616] <18155> END repay 정상처리되었습니다. Laptime:[0.251sec]
INFO	[2022-08-25 09:57:15:616] <18155> ===============================================================
