INFO	[2021-11-18 15:01:19:121] <13865> START INIPHP cancel (V5036-141209)(OS:Linux2.6.32-754.11.1.el6.x86_64,PHP:5.3.3)
DEBUG	[2021-11-18 15:01:19:121] <13865> inipayhome:/home1/killdeal/public_html/shop/inicis
DEBUG	[2021-11-18 15:01:19:121] <13865> debug:false
DEBUG	[2021-11-18 15:01:19:121] <13865> type:cancel
DEBUG	[2021-11-18 15:01:19:121] <13865> mid:fourseason
DEBUG	[2021-11-18 15:01:19:121] <13865> admin:1111
DEBUG	[2021-11-18 15:01:19:121] <13865> tid:INIMX_CARDfourseason20211109205552255365
DEBUG	[2021-11-18 15:01:19:121] <13865> cancelmsg:쇼핑몰 운영자 승인 취소
INFO	[2021-11-18 15:01:19:121] <13865> Check Field OK
INFO	[2021-11-18 15:01:19:121] <13865> PI PUB KEY LOAD OK []
INFO	[2021-11-18 15:01:19:122] <13865> PG PUB KEY LOAD OK [30]
INFO	[2021-11-18 15:01:19:122] <13865> MERCHANT PRIV KEY LOAD OK
INFO	[2021-11-18 15:01:19:123] <13865> MERCHANT PUB KEY LOAD OK [0]
DEBUG	[2021-11-18 15:01:19:123] <13865> MAKE ENCRYPT OK[<?xml version="1.0" encoding="UTF-8"?>
<CancelInfo>
	  <CancelTID>INIMX_CARDfourseason20211109205552255365</CancelTID>
	  <CancelMsg urlencode="1">%BC%EE%C7%CE%B8%F4+%BF%EE%BF%B5%C0%DA+%BD%C2%C0%CE+%C3%EB%BC%D2</CancelMsg>
	  <CancelReason/></CancelInfo>]
INFO	[2021-11-18 15:01:19:123] <13865> MAKE BODY OK
INFO	[2021-11-18 15:01:19:124] <13865> SIGN OK
INFO	[2021-11-18 15:01:19:124] <13865> MAKE HEAD OK
INFO	[2021-11-18 15:01:19:124] <13865> MSG_TO_PG:[0096200175D SHA1                   0                                      300420fourseason                    INIMX_CARDfourseason20211109205552255365<?xml version="1.0" encoding="UTF-8"?>
<INIpay>
	  <CancelInfo>
	    <SessionKey>0pNIqpq7vadSndU1WP4YasJt5ea1pwvQ1VJloZGptj4FWUU8shhvuQ0Y5aroec2C
S/7Zu+7ozQiis5TlYOXlqWedgJLf4UxtlKftMsZc3pRfmPSirDZRZihXZ1oLbIx2
cNthPIYRyQLoLzWG2NWPepC1Mjb17rOxbjlj09GnT5RKWjIcbrd+kw==
</SessionKey>
	    <Encrypted>xQ2l70qv2cPI5MP48EsgVkhkpEPviylwpQV9NhwurQCjRY+Pf4KAiPl1qo4gShp7
0TkBF5+SKWn6TOjuQd8SCLS/nqtqawy3fb8IG8FoYGPSrw0IreAeJZ+vFn65uPXD
dDIM3h+wPdc0YCVuCA9qqoJ+eboW77gdNe9rIyHzMMBfynR/X7L6Jbd57vUNLvK1
dW0BzlLPGLpQcTnnrhC+MdsGAZ9cAkV8cK6YM/JzagoogwH7hulHwHkZlawQQNd/
1rd3o78GfnxT0dZw4XnA5Ou/dR8YPcBuo4hCygyh0adS9B4DeEd6tSEhg049NLgc
1Qxf+fqdJWdtuVoNHVGmpQ==
</Encrypted></CancelInfo>
	  <ReservedInfo>
	    <MReserved1/>
	    <MReserved2/>
	    <MReserved3/></ReservedInfo>
	  <ManageInfo>
	    <Language/>
	    <URL/>
	    <TXVersion>5036B141209canceLinux     PHPchkfake   2.6.32-754.11.1.el6.x86_64PHP:</TXVersion>
	    <TXUserID/>
	    <TXRegNum/></ManageInfo></INIpay>AEz504tguHWTTyFhjx9CZHMaBJiQKLjGze+WTZOKfpnA5Mzi81SEOkcEU2/Jws2c
vxaSE2edvnlDhHhmQi2AYD8oCexDHOUwLIRYbJWYk7i00J9G4/T73bXxzoqsE0w1
LtnvJ7wi51wyP9NHdDCkGZcRhhgWD3wLpWZUvSncLvVM
]
INFO	[2021-11-18 15:01:19:124] <13865> DNS LOOKUP OK(203.238.37.3:203.238.37.3:34049) laptime:0
INFO	[2021-11-18 15:01:19:126] <13865> SOCKET CONNECT OK
INFO	[2021-11-18 15:01:19:126] <13865> SEND OK
INFO	[2021-11-18 15:01:19:979] <13865> RECV OK
INFO	[2021-11-18 15:01:19:979] <13865> MSG_FROM_PG:[0093300175D SHA1                   0                                      300430fourseason                    INIMX_CARDfourseason20211109205552255365<?xml version="1.0" encoding="UTF-8"?><INIpay>
<CancelInfo>
<ResultCode>120000</ResultCode>
<ResultMsg urlencode="1">%C1%A4%BB%F3%C3%B3%B8%AE%B5%C7%BE%FA%BD%C0%B4%CF%B4%D9.</ResultMsg>
<SessionKey>AP7ryKMQiUd75cEmd4p0xy8JY4BAJVfSadjK7cEKErn/w+ceZV0E6jiQui2AB137
LoD7E8ucfLH/5tXUdnwcTAopPd1xoyOgF4tQaCUZkKyPkotFwUK8RP7fgtnvz0QD
hME+YI5525cqbBs8OLNvNxjo8yot35roa0+gfgiFGnqhD2ypXZAhb68=
</SessionKey>
<Encrypted>jC0JaX+17oUmX1GgIwu32nhbc1gtAj4z+k73sBjUiVNuIE4Q620ViOabjfneOVq1
xuh9Cj5F38AZuj0QSSqvsSrKBO+Akuja0UTTAMeK3AlzRasNRVFtKPru+gbROgTJ
olEAlihUQ1BP/3Y6sPjC80r0sbUOqMuD8ZosjbLl/fCeGS++QxTdPV7KkHo81p0L
nFwc+A1yqyeNQhRY+tsCLTude0eyfG3Pn3jMzR3S4eLpvHNjmDA+GUe4hMM50hYB
MiWDdQEwmuM9eyQn3zZVCP2IKvhyc/pT84IfX4xcCQfnkLemLbRKMuota9VM/e5g
1QoKyhFXIkHldwEoD6EoqmGud92zCH1f
</Encrypted>
</CancelInfo>
<ManageInfo/>
<ReservedInfo>
<MReserved1 urlencode="1"/>
<MReserved2 urlencode="1"/>
<MReserved3 urlencode="1"/>
</ReservedInfo>
</INIpay>
z6MKb/By/BNmNWJzGmHJaLRmMTwGtTwEG+KQB/ezzJHTYygx1Hm1BsYShGRokPY+
IbzbgVapfqzYacsY4NAPuGQUI+knB/HkdVtv0LTQaUPTkswwivrbpTMudSXlDuxr
9zmEYrDTt7jaj/8SPYBFSBbtGw7NVL4rXqQOZbcW94k=
]
INFO	[2021-11-18 15:01:19:979] <13865> VERIFY OK
INFO	[2021-11-18 15:01:19:979] <13865> PARSE HEAD OK
INFO	[2021-11-18 15:01:19:979] <13865> PARSE BODY OK
INFO	[2021-11-18 15:01:19:980] <13865> DECRYPT OK
DEBUG	[2021-11-18 15:01:19:980] <13865> DECRYPT MSG:[<?xml version="1.0" encoding="UTF-8"?><CancelInfo>
<CancelDate>20211118</CancelDate>
<CancelTime>150119</CancelTime>
<ResultCode>120000</ResultCode>
<ResultMsg urlencode="1">%C1%A4%BB%F3%C3%B3%B8%AE%B5%C7%BE%FA%BD%C0%B4%CF%B4%D9.</ResultMsg>
</CancelInfo>]
INFO	[2021-11-18 15:01:19:980] <13865> DECRYPT PARSE OK
INFO	[2021-11-18 15:01:19:980] <13865> END cancel 정상처리되었습니다. Laptime:[0.859sec]
INFO	[2021-11-18 15:01:19:980] <13865> ===============================================================
