INFO	[2021-05-04 08:41:09:886] <14506> START INIPHP receipt (V5036-141209)(OS:Linux2.6.32-754.11.1.el6.x86_64,PHP:5.3.3)
DEBUG	[2021-05-04 08:41:09:886] <14506> inipayhome:/home1/killdeal/public_html/shop/inicis
DEBUG	[2021-05-04 08:41:09:886] <14506> debug:false
DEBUG	[2021-05-04 08:41:09:886] <14506> type:receipt
DEBUG	[2021-05-04 08:41:09:886] <14506> pgid:INIphpRECP
DEBUG	[2021-05-04 08:41:09:886] <14506> paymethod:CASH
DEBUG	[2021-05-04 08:41:09:886] <14506> currency:WON
DEBUG	[2021-05-04 08:41:09:886] <14506> admin:1111
DEBUG	[2021-05-04 08:41:09:886] <14506> mid:fourseason
DEBUG	[2021-05-04 08:41:09:886] <14506> goodname:포르미아골프백증정에코쿨프로남성골프화155304
DEBUG	[2021-05-04 08:41:09:886] <14506> cr_price:279000
DEBUG	[2021-05-04 08:41:09:886] <14506> sup_price:253636
DEBUG	[2021-05-04 08:41:09:886] <14506> tax:25364
DEBUG	[2021-05-04 08:41:09:886] <14506> srvc_price:0
DEBUG	[2021-05-04 08:41:09:886] <14506> buyername:김성욱
DEBUG	[2021-05-04 08:41:09:886] <14506> buyeremail:swkim@lintec.co.kr
DEBUG	[2021-05-04 08:41:09:886] <14506> buyertel:01091861196
DEBUG	[2021-05-04 08:41:09:886] <14506> reg_num:01086129766
DEBUG	[2021-05-04 08:41:09:886] <14506> useopt:0
DEBUG	[2021-05-04 08:41:09:886] <14506> companynumber:
INFO	[2021-05-04 08:41:09:886] <14506> Check Field OK
INFO	[2021-05-04 08:41:09:886] <14506> Make TID OK INIphpRECPfourseason20210504084109861027
INFO	[2021-05-04 08:41:09:886] <14506> PI PUB KEY LOAD OK []
INFO	[2021-05-04 08:41:09:887] <14506> PG PUB KEY LOAD OK [30]
INFO	[2021-05-04 08:41:09:887] <14506> MERCHANT PRIV KEY LOAD OK
INFO	[2021-05-04 08:41:09:887] <14506> MERCHANT PUB KEY LOAD OK [0]
DEBUG	[2021-05-04 08:41:09:888] <14506> MAKE ENCRYPT OK[<?xml version="1.0" encoding="UTF-8"?>
<PaymentInfo>
	  <Payment>
	    <CASH>
	      <CSHR_ApplPrice>279000</CSHR_ApplPrice>
	      <CSHR_SupplyPrice>253636</CSHR_SupplyPrice>
	      <CSHR_Tax>25364</CSHR_Tax>
	      <CSHR_ServicePrice/>
	      <CSHR_Type>0</CSHR_Type>
	      <CSHR_RegNum>01086129766</CSHR_RegNum>
	      <CSHR_CompanyNum/></CASH></Payment></PaymentInfo>]
INFO	[2021-05-04 08:41:09:888] <14506> MAKE BODY OK
INFO	[2021-05-04 08:41:09:889] <14506> SIGN OK
INFO	[2021-05-04 08:41:09:889] <14506> MAKE HEAD OK
INFO	[2021-05-04 08:41:09:889] <14506> MSG_TO_PG:[0195700175D SHA1                   0                                      300200fourseason              279000INIphpRECPfourseason20210504084109861027<?xml version="1.0" encoding="UTF-8"?>
<INIpay>
	  <GoodsInfo>
	    <GoodsCnt>1</GoodsCnt>
	    <MOID/>
	    <Currency>WON</Currency>
	    <Tax>25364</Tax>
	    <TaxFree/>
	    <Goods>
	      <SMID>fourseason</SMID>
	      <GoodsName urlencode="1">%C6%F7%B8%A3%B9%CC%BE%C6%B0%F1%C7%C1%B9%E9%C1%F5%C1%A4%BF%A1%C4%DA%C4%F0%C7%C1%B7%CE%B3%B2%BC%BA%B0%F1%C7%C1%C8%AD155304</GoodsName>
	      <GoodsPrice>279000</GoodsPrice></Goods></GoodsInfo>
	  <BuyerInfo>
	    <BuyerName urlencode="1">%B1%E8%BC%BA%BF%ED</BuyerName>
	    <BuyerTel>01091861196</BuyerTel>
	    <BuyerEmail urlencode="1">swkim%40lintec.co.kr</BuyerEmail>
	    <ParentEmail/>
	    <RecvName/>
	    <RecvTel/>
	    <RecvMsg/>
	    <RecvAddr/>
	    <RecvPostNum/></BuyerInfo>
	  <PaymentInfo>
	    <Payment>
	      <PayMethod>CASH</PayMethod>
	      <JoinCard/>
	      <JoinExpire/>
	      <MailOrder/>
	      <SessionKey>1A7l929tLNQYCHaYe9ZOj5Vooj7ySdul+AP0VVA5B5Po5Pox8uVMbJQPHgPnGYO8
JSJySlgwgymNEJuaRrJRoLdIzDaGeqzvLy6mlUZkCCdlg7AkP6+uwodPCxZ7Mv66
gP1H5KouIR79yfsEEZnXVCMzEzDqgEResZRj59L8Y+HJFS9EXGNw/w==
</SessionKey>
	      <Encrypted>eF9NvsI0LdhTEECr5rsEwwpB+/11N8yRmmp+OvuFE2fhMkuTbJXvvfrTaIXGBQ/L
NNR86YNND34gNNmgvdccxc7w/4aam+5vCCIs5vDmVmwVl3sHUMHEu6nDrmZ4AZpV
Un5P+sTODeXJ+y/+Nqe1otFo08Id1+MjbTjyY/1G3eODcHCDGMBs2CdLbBungdwr
w2JboEzK7YQLM71Dz1ve6vh2e6pxIEHik5oy3tgfTM5BtPLVdt0q6u6UcPeZrGIz
o3fBtolIVLJi8biOnW4uy3H1tE/q7TReeb5ymEWS3HECE/bK90cEMe0uBTVMgV4r
zHVBk/cTJvnpMoivdoYpEXOaFWpGDUa1B4hFrJyvxXhX/HIrk1TCQvBdRYl84L9R
QzywLMaPjXYBz/g1EXl/t4CLwYa1cjlzSOYf61tOVFPB7SReDALfvW2KwWdKGNFP
ZwYh0SA9Yw5BHr99NlCgiIg9p2wu413cNw+xnvDiuszNGMYGUhTs1w==
</Encrypted></Payment></PaymentInfo>
	  <ReservedInfo>
	    <MReserved1/>
	    <MReserved2/>
	    <MReserved3/></ReservedInfo>
	  <ManageInfo>
	    <Language/>
	    <URL/>
	    <TXVersion>5036B141209receiLinux     PHPchkfake   2.6.32-754.11.1.el6.x86_64PHP:</TXVersion>
	    <TXUserID/>
	    <TXRegNum/>
	    <Ack>1</Ack></ManageInfo></INIpay>AH3MXewJ8SxPpbAZVcs4QquxXUiTwIWBeem1e8LtUTSpkCJmeX6MsOO+Gv/Q7F0r
klcHzk4OlAWLvVWDgsoYUt17mi6yOuFCXlaG0m86yiZaotD34kjeePjfqsSZnPVf
kV0zkyZ8ws55uewWt9ZXwUh42ysqceJfraClgWcLpPuR
]
INFO	[2021-05-04 08:41:09:889] <14506> DNS LOOKUP OK(203.238.37.3:203.238.37.3:34049) laptime:0
INFO	[2021-05-04 08:41:09:891] <14506> SOCKET CONNECT OK
INFO	[2021-05-04 08:41:09:891] <14506> SEND OK
INFO	[2021-05-04 08:41:10:274] <14506> RECV OK
INFO	[2021-05-04 08:41:10:274] <14506> MSG_FROM_PG:[0169900175D SHA1                   0                                      300210fourseason              279000INIphpRECPfourseason20210504084109861027<?xml version="1.0" encoding="UTF-8"?><INIpay>
<GoodsInfo>
<GoodsCnt>1</GoodsCnt>
<MOID urlencode="1"/>
<Currency>WON</Currency>
<Goods no="1">
<SMID>fourseason</SMID>
<GoodsName urlencode="1">%C6%F7%B8%A3%B9%CC%BE%C6%B0%F1%C7%C1%B9%E9%C1%F5%C1%A4%BF%A1%C4%DA%C4%F0%C7%C1%B7%CE%B3%B2%BC%BA%B0%F1%C7%C1%C8%AD155304</GoodsName>
<GoodsCntS>1</GoodsCntS>
<GoodsPrice>279000</GoodsPrice>
</Goods>
</GoodsInfo>
<PaymentInfo>
<Payment>
<SessionKey>AJ4QC1ZeSXnmO8ROVjftR5yFQxUBu0qWwJ9RutfMCuJSYXYtn6z0+HRCdlYc86I3
RO2knJ5AhnPaw5eZOCWXkk/6uqq3SikwZdW+pr2zT8T9+lC5FqC3l4a7110qrFx+
BOh+oJzSk/MZgQiXDQxjrlnEMNfTBQa+1NVElKrLGddwx/3UkQVYE+U=
</SessionKey>
<Encrypted>Czyenwd615o3FD4Kik3lz8rkYpF9OFrYfAunygPBcbH3LjOGnxkhnn8WBr4AHk4t
67GjLnZkeOwUW014MHrDpoJtVP7WexXLPpJTQXDsZNqcs+sHfxMGAbFDMRsxYUSn
bNMU/rZIxO8V1AV+h8zwnMQHcNwdiFHKc6UDTLcCDyA4Wi+rrY1YBjIN+BgAvjtm
rlfJ4vumUnfG8dq04z75ooffc9nKSL02Ojs21ouzlt+EKUKT/QbJ2rHj18btcw1k
xL0x4QAeeOe9q+H3xnqc8UslHMsa+0wXc9DY7+664fByO/FyR7jamlwbX27kul9j
dnbRjs0TU0qLrWCzXoafEg6FJ2oN/g/XcAmh35od58LcSzaCmdiq7TWpDrja1F/p
xKMHT8sq88tm4LdClNAW03hm5ZX5lBrhypty4wVENgTvpNBwQfyziwWSmWi1EgRx
jbhWDpZW7Z2590qCHwLQbhvqz8oMIb37k3iKPqJJmkvlEFtZKXJmkRDacnioZmEs
vPmCiaOnOwRgAuzCRP2IPhk1ODrRKF4ribxbGQNwI31SjL2Fibzs42wwUNSprUR/
lR/pvTQ3ROPmCrHBlzqtehtW96O0sWG2D0u9oSFIAmHrXvRZ0kTDULJ5U4t21IKf
WwwL8Et/yX38Xw3MMYtiS3cdg05Q0xYLq3hSZYku/B7wNT5QqnPXtiLijorsTzio
</Encrypted>
<PayMethod>CASH</PayMethod>
<ResultCode>220000</ResultCode>
<ResultMsg urlencode="1">%C1%A4%BB%F3%C3%B3%B8%AE%B5%C7%BE%FA%BD%C0%B4%CF%B4%D9.</ResultMsg>
</Payment>
</PaymentInfo>
<ManageInfo/>
<ReservedInfo>
<MReserved1 urlencode="1"/>
<MReserved2 urlencode="1"/>
<MReserved3 urlencode="1"/>
</ReservedInfo>
</INIpay>
BHRmaogvXy72m8loTOjC9J/jgGjr6sDqCIM1gExreWprYiYvRpIQO7clEiUmTTPI
sWfsqhl9xAmY7QpicgvWfQxwO7HgRbEU/saQ2bIMsiwXFLdk0ZGLPIWD7Ls8NiB3
c7HE3cwjz18uP7v2vn4uNUIg3LKd+J+lqS11cLoTkwU=
]
INFO	[2021-05-04 08:41:10:274] <14506> VERIFY OK
INFO	[2021-05-04 08:41:10:274] <14506> PARSE HEAD OK
INFO	[2021-05-04 08:41:10:275] <14506> PARSE BODY OK
INFO	[2021-05-04 08:41:10:275] <14506> DECRYPT OK
DEBUG	[2021-05-04 08:41:10:275] <14506> DECRYPT MSG:[<?xml version="1.0" encoding="UTF-8"?><PaymentInfo>
<Payment>
<CASH>
<CSHR_ApplPrice>279000</CSHR_ApplPrice>
<CSHR_SupplyPrice>253636</CSHR_SupplyPrice>
<CSHR_Tax>25364</CSHR_Tax>
<CSHR_ServicePrice/>
<CSHR_Type>0</CSHR_Type>
<CSHR_ApplDate>20210504</CSHR_ApplDate>
<CSHR_ApplTime>084110</CSHR_ApplTime>
<CSHR_ApplNum>265187056</CSHR_ApplNum>
<CSHR_ResultCode>220000</CSHR_ResultCode>
<CSHR_ResultMsg urlencode="1">%C1%A4%BB%F3%C3%B3%B8%AE%B5%C7%BE%FA%BD%C0%B4%CF%B4%D9.</CSHR_ResultMsg>
</CASH>
</Payment>
</PaymentInfo>]
INFO	[2021-05-04 08:41:10:276] <14506> DECRYPT PARSE OK
INFO	[2021-05-04 08:41:10:276] <14506> WAIT ACK INVOKING
DEBUG	[2021-05-04 08:41:10:276] <14506> MAKE HEAD OK
INFO	[2021-05-04 08:41:10:279] <14506> SUCCESS ACK INVOKING
INFO	[2021-05-04 08:41:10:279] <14506> END receipt 정상처리되었습니다. Laptime:[0.393sec]
INFO	[2021-05-04 08:41:10:279] <14506> ===============================================================
