INFO	[2023-12-11 22:48:24:208] <4979> START INIPHP receipt (V5036-141209)(OS:Linux2.6.32-754.11.1.el6.x86_64,PHP:5.3.3)
DEBUG	[2023-12-11 22:48:24:208] <4979> inipayhome:/home1/killdeal/public_html/shop/inicis
DEBUG	[2023-12-11 22:48:24:208] <4979> debug:false
DEBUG	[2023-12-11 22:48:24:208] <4979> type:receipt
DEBUG	[2023-12-11 22:48:24:208] <4979> pgid:INIphpRECP
DEBUG	[2023-12-11 22:48:24:208] <4979> paymethod:CASH
DEBUG	[2023-12-11 22:48:24:208] <4979> currency:WON
DEBUG	[2023-12-11 22:48:24:208] <4979> admin:1111
DEBUG	[2023-12-11 22:48:24:208] <4979> mid:majorgol03
DEBUG	[2023-12-11 22:48:24:208] <4979> goodname:핫딜전시상품4더즌총48구넥센뉴매트슈퍼디스턴스프리미엄소프트3피스골프공
DEBUG	[2023-12-11 22:48:24:208] <4979> cr_price:77400
DEBUG	[2023-12-11 22:48:24:208] <4979> sup_price:70364
DEBUG	[2023-12-11 22:48:24:208] <4979> tax:7036
DEBUG	[2023-12-11 22:48:24:208] <4979> srvc_price:0
DEBUG	[2023-12-11 22:48:24:208] <4979> buyername:장금연
DEBUG	[2023-12-11 22:48:24:208] <4979> buyeremail:jky6377@naver.com
DEBUG	[2023-12-11 22:48:24:208] <4979> buyertel:
DEBUG	[2023-12-11 22:48:24:208] <4979> reg_num:01040671456
DEBUG	[2023-12-11 22:48:24:208] <4979> useopt:0
DEBUG	[2023-12-11 22:48:24:208] <4979> companynumber:
INFO	[2023-12-11 22:48:24:208] <4979> Check Field OK
INFO	[2023-12-11 22:48:24:208] <4979> Make TID OK INIphpRECPmajorgol0320231211224824082399
INFO	[2023-12-11 22:48:24:208] <4979> PI PUB KEY LOAD OK []
INFO	[2023-12-11 22:48:24:209] <4979> PG PUB KEY LOAD OK [30]
INFO	[2023-12-11 22:48:24:209] <4979> MERCHANT PRIV KEY LOAD OK
INFO	[2023-12-11 22:48:24:209] <4979> MERCHANT PUB KEY LOAD OK [0]
DEBUG	[2023-12-11 22:48:24:209] <4979> MAKE ENCRYPT OK[<?xml version="1.0" encoding="UTF-8"?>
<PaymentInfo>
	  <Payment>
	    <CASH>
	      <CSHR_ApplPrice>77400</CSHR_ApplPrice>
	      <CSHR_SupplyPrice>70364</CSHR_SupplyPrice>
	      <CSHR_Tax>7036</CSHR_Tax>
	      <CSHR_ServicePrice/>
	      <CSHR_Type>0</CSHR_Type>
	      <CSHR_RegNum>01040671456</CSHR_RegNum>
	      <CSHR_CompanyNum/></CASH></Payment></PaymentInfo>]
INFO	[2023-12-11 22:48:24:210] <4979> MAKE BODY OK
INFO	[2023-12-11 22:48:24:210] <4979> SIGN OK
INFO	[2023-12-11 22:48:24:210] <4979> MAKE HEAD OK
INFO	[2023-12-11 22:48:24:210] <4979> MSG_TO_PG:[0201500175D SHA1                   0                                      300200majorgol03               77400INIphpRECPmajorgol0320231211224824082399<?xml version="1.0" encoding="UTF-8"?>
<INIpay>
	  <GoodsInfo>
	    <GoodsCnt>1</GoodsCnt>
	    <MOID/>
	    <Currency>WON</Currency>
	    <Tax>7036</Tax>
	    <TaxFree/>
	    <Goods>
	      <SMID>majorgol03</SMID>
	      <GoodsName urlencode="1">%C7%D6%B5%F4%C0%FC%BD%C3%BB%F3%C7%B04%B4%F5%C1%F0%C3%D148%B1%B8%B3%D8%BC%BE%B4%BA%B8%C5%C6%AE%BD%B4%C6%DB%B5%F0%BD%BA%C5%CF%BD%BA%C7%C1%B8%AE%B9%CC%BE%F6%BC%D2%C7%C1%C6%AE3%C7%C7%BD%BA%B0%F1%C7%C1%B0%F8</GoodsName>
	      <GoodsPrice>77400</GoodsPrice></Goods></GoodsInfo>
	  <BuyerInfo>
	    <BuyerName urlencode="1">%C0%E5%B1%DD%BF%AC</BuyerName>
	    <BuyerTel/>
	    <BuyerEmail urlencode="1">jky6377%40naver.com</BuyerEmail>
	    <ParentEmail/>
	    <RecvName/>
	    <RecvTel/>
	    <RecvMsg/>
	    <RecvAddr/>
	    <RecvPostNum/></BuyerInfo>
	  <PaymentInfo>
	    <Payment>
	      <PayMethod>CASH</PayMethod>
	      <JoinCard/>
	      <JoinExpire/>
	      <MailOrder/>
	      <SessionKey>DixqThkRh73/ANBuk4W0AaNnOEg16TmuvITOHvJQwALqiXQJMLkKqKexhufJ7d25
aRw+yZBozrwz5Zq7r7n4vsu3DRnKl540eKuVJOqXaMZoAuRoJ96+isl1Sci4hs6B
Z8AYkJM8yM/ds0mZrH+U8M2GZRQrfjvHWI5q/b5z70BuQD4/ccoeog==
</SessionKey>
	      <Encrypted>AobskQoecASs7QZ5TevAC1JsHvf/rVUibJZrlkucjsCo+exeb2nqsNbVUCpSa/Eo
YGCvGL9/d62+maz4zEsSdyspikdfG8WEDKeP1qIicapopD/HhdBLtSYoQyWW+0/r
qX4BbUde4ZSsq5XOSUvS2ZWB69edk0N4hm6JgJDp3SkS+1l5dfvj89F4C5SLr6D+
chraL40aWVJIblTX/ISfxiUmMMuEw2YkMJsTD4qEm/uDcEtryTG2HnRsmLMR1qOV
cqvCrY3xavhEzajgWOUmmuUIEdJ0CPDgjrpoDvlnBweQdToUr4IPQI87qY8PY4cK
sK2T02jactr+g/igzGIuzSjNZDHOS60GF5BXjAnWAkz6J2UCZJBLzPlIIJ2Yl7/N
vmwQhM2/HHHp/3I3J5p4Kh+pctK/LQSTUjdM4Nxr5prI/SvZQGmDEgPkvEnf/Xwu
5geTqNdS2k/bjiNLBK1AXO+bM/IGrG102JZqRMnB1p4rWUo98qhRXg==
</Encrypted></Payment></PaymentInfo>
	  <ReservedInfo>
	    <MReserved1/>
	    <MReserved2/>
	    <MReserved3/></ReservedInfo>
	  <ManageInfo>
	    <Language/>
	    <URL/>
	    <TXVersion>5036B141209receiLinux     PHPchkfake   2.6.32-754.11.1.el6.x86_64PHP:</TXVersion>
	    <TXUserID/>
	    <TXRegNum/>
	    <Ack>1</Ack></ManageInfo></INIpay>AEp6ezXuWfMLQtokrykC0qkdjLYp7CqfprKNYQtGxpx9OYl6a3zCzMTmv4c9clxK
lJUfAb5O7wLyFKLDKq5l+msN8YJZ50apIc3v6fcKfat1FuPbFvEWSU7iHkQw0vOP
slGvmnaDFBZeuH3xfNgLGwAHV6M3DAuL+xKp4jnicVbA
]
INFO	[2023-12-11 22:48:24:210] <4979> DNS LOOKUP OK(203.238.37.3:203.238.37.3:34049) laptime:0
INFO	[2023-12-11 22:48:24:213] <4979> SOCKET CONNECT OK
INFO	[2023-12-11 22:48:24:213] <4979> SEND OK
INFO	[2023-12-11 22:48:24:314] <4979> RECV OK
INFO	[2023-12-11 22:48:24:314] <4979> MSG_FROM_PG:[0177200175D SHA1                   0                                      300210majorgol03               77400INIphpRECPmajorgol0320231211224824082399<?xml version="1.0" encoding="UTF-8"?><INIpay>
<GoodsInfo>
<GoodsCnt>1</GoodsCnt>
<MOID urlencode="1"/>
<Currency>WON</Currency>
<Goods no="1">
<SMID>majorgol03</SMID>
<GoodsName urlencode="1">%C7%D6%B5%F4%C0%FC%BD%C3%BB%F3%C7%B04%B4%F5%C1%F0%C3%D148%B1%B8%B3%D8%BC%BE%B4%BA%B8%C5%C6%AE%BD%B4%C6%DB%B5%F0%BD%BA%C5%CF%BD%BA%C7%C1%B8%AE%B9%CC%BE%F6%BC%D2%C7%C1%C6%AE3%C7%C7%BD%BA%B0%F1%C7%C1%B0%F8</GoodsName>
<GoodsCntS>1</GoodsCntS>
<GoodsPrice>77400</GoodsPrice>
</Goods>
</GoodsInfo>
<PaymentInfo>
<Payment>
<SessionKey>AIYx+dMo0zXytcax92hjtzWsDiSnaIDtwqTXunSQ3eim/qrDf12O1te8Ylh0YDXS
YQ8Twc3RP9ZSOucggyEaHBaoBypglLovXBQsjvIqL1MtK70010k1TMhFCz+IICsj
IrEkeFVS240NHuiot5LQ5DYHFhJjt15IX+pF/JvLZWKYecRf+Xpt2LQ=
</SessionKey>
<Encrypted>d5Q2YVcSyNg2c3fzgdP9lVYutopMm/oOl9Q/4kiPOpzJxVK2jwdCLFk9hxV2eJsc
dGE2kbPHdsjgxFyZ0ZmtJpOAgTKQCiBzZqv6l5gI4j2zSNX9Q2r1vLzQyh2lqbUu
m4/WvU0vBxG2R25hQjlA/tsMUPVAwDvPcMZ/HHumkfJSB8t9Yj0QR6J0nzseWzUX
dG5fcFpAfpsIOCcQD5k5sywjIAXb+LWTNV7ALHsgBlqHkEkKOdL3b55YKQNyVGXi
UeuiaHOkopf89qk7nee1Ej8/LQ7OCCYJwBYLkv4sYMG5NPQFiVBduWQNOrc6JB5a
f29ZclPlw5bs3FWC7qITcFOABjMNOrVdeQASrzt2hdK7mBe9Y1Ykcadzg9IXb9ZN
/EU6YNXpwKB32z4zc9I8L+fOpW36j8EYrBFHLEW1n4PZXzv5GR02NZtRMT/zaSYM
y9LgjY5Q1jmdKFmSURFkPOJNgqE09f1A6QHNTTrtoosApE+pRdwwrGBEWl6/sXvV
YZZyEGmaXChT74IaBhes7kP2hPGk2pKFlu5Yr41aCOzuoGa9J7MAqO7h8Sn1929s
GBvg7PUCBXk+JYTZe9tsnEcpeaqG7ulohHY6Ub86xZ8rNTrpTfs61rYS+xygUYF0
IM3kykfryvP3KuWpkRS2dcJLyITikUILJsSReXZWaXAppiOkU0zHsw==
</Encrypted>
<PayMethod>CASH</PayMethod>
<ResultCode>220000</ResultCode>
<ResultMsg urlencode="1">%C1%A4%BB%F3%C3%B3%B8%AE%B5%C7%BE%FA%BD%C0%B4%CF%B4%D9.</ResultMsg>
</Payment>
</PaymentInfo>
<ManageInfo/>
<ReservedInfo>
<MReserved1 urlencode="1"/>
<MReserved2 urlencode="1"/>
<MReserved3 urlencode="1"/>
</ReservedInfo>
</INIpay>
y1RPleCnlQ7EnSx9rT1SFb34xikdwN7RhyDyCZi/r2eNneXG6GDP1P2dcvDPpR17
ePHH0VNcJ/O7AQqF0r3MiUaq0X3mp4T6lzPMh/FwekXvFGNlofmIBaKYDpzHyf0/
kp+osicMkIx9SsFrBX+bBn6/Ngdsm+wTJ2nWcwK2XqA=
]
INFO	[2023-12-11 22:48:24:314] <4979> VERIFY OK
INFO	[2023-12-11 22:48:24:314] <4979> PARSE HEAD OK
INFO	[2023-12-11 22:48:24:315] <4979> PARSE BODY OK
INFO	[2023-12-11 22:48:24:315] <4979> DECRYPT OK
DEBUG	[2023-12-11 22:48:24:315] <4979> DECRYPT MSG:[<?xml version="1.0" encoding="UTF-8"?><PaymentInfo>
<Payment>
<CASH>
<CSHR_ApplPrice>77400</CSHR_ApplPrice>
<CSHR_SupplyPrice>70364</CSHR_SupplyPrice>
<CSHR_Tax>7036</CSHR_Tax>
<CSHR_ServicePrice/>
<CSHR_Type>0</CSHR_Type>
<CSHR_ApplDate>20231211</CSHR_ApplDate>
<CSHR_ApplTime>224823</CSHR_ApplTime>
<CSHR_ApplNum>267916304</CSHR_ApplNum>
<CSHR_ResultCode>220000</CSHR_ResultCode>
<CSHR_ResultMsg urlencode="1">%C1%A4%BB%F3%C3%B3%B8%AE%B5%C7%BE%FA%BD%C0%B4%CF%B4%D9.</CSHR_ResultMsg>
</CASH>
</Payment>
</PaymentInfo>]
INFO	[2023-12-11 22:48:24:316] <4979> DECRYPT PARSE OK
INFO	[2023-12-11 22:48:24:316] <4979> WAIT ACK INVOKING
DEBUG	[2023-12-11 22:48:24:316] <4979> MAKE HEAD OK
INFO	[2023-12-11 22:48:24:319] <4979> SUCCESS ACK INVOKING
INFO	[2023-12-11 22:48:24:319] <4979> END receipt 정상처리되었습니다. Laptime:[0.111sec]
INFO	[2023-12-11 22:48:24:319] <4979> ===============================================================
