INFO	[2021-03-20 11:44:35:80] <8468> START INIPHP receipt (V5036-141209)(OS:Linux2.6.32-754.11.1.el6.x86_64,PHP:5.3.3)
DEBUG	[2021-03-20 11:44:35:80] <8468> inipayhome:/home1/killdeal/public_html/shop/inicis
DEBUG	[2021-03-20 11:44:35:80] <8468> debug:false
DEBUG	[2021-03-20 11:44:35:80] <8468> type:receipt
DEBUG	[2021-03-20 11:44:35:80] <8468> pgid:INIphpRECP
DEBUG	[2021-03-20 11:44:35:80] <8468> paymethod:CASH
DEBUG	[2021-03-20 11:44:35:80] <8468> currency:WON
DEBUG	[2021-03-20 11:44:35:80] <8468> admin:1111
DEBUG	[2021-03-20 11:44:35:80] <8468> mid:fourseason
DEBUG	[2021-03-20 11:44:35:80] <8468> goodname:타임특가10장1세트범양글러브G2G부분반양피남성골프장갑G2G14005 외 2건
DEBUG	[2021-03-20 11:44:35:80] <8468> cr_price:87600
DEBUG	[2021-03-20 11:44:35:80] <8468> sup_price:79636
DEBUG	[2021-03-20 11:44:35:80] <8468> tax:7964
DEBUG	[2021-03-20 11:44:35:80] <8468> srvc_price:0
DEBUG	[2021-03-20 11:44:35:80] <8468> buyername:이런젠장혁수다ㅡㅡ
DEBUG	[2021-03-20 11:44:35:80] <8468> buyeremail:jhs9324@nate.com
DEBUG	[2021-03-20 11:44:35:80] <8468> buyertel:01093245985
DEBUG	[2021-03-20 11:44:35:80] <8468> reg_num:8104201850114
DEBUG	[2021-03-20 11:44:35:80] <8468> useopt:0
DEBUG	[2021-03-20 11:44:35:80] <8468> companynumber:
INFO	[2021-03-20 11:44:35:80] <8468> Check Field OK
INFO	[2021-03-20 11:44:35:80] <8468> Make TID OK INIphpRECPfourseason20210320114435803164
INFO	[2021-03-20 11:44:35:80] <8468> PI PUB KEY LOAD OK []
INFO	[2021-03-20 11:44:35:80] <8468> PG PUB KEY LOAD OK [30]
INFO	[2021-03-20 11:44:35:81] <8468> MERCHANT PRIV KEY LOAD OK
INFO	[2021-03-20 11:44:35:81] <8468> MERCHANT PUB KEY LOAD OK [0]
DEBUG	[2021-03-20 11:44:35:81] <8468> MAKE ENCRYPT OK[<?xml version="1.0" encoding="UTF-8"?>
<PaymentInfo>
	  <Payment>
	    <CASH>
	      <CSHR_ApplPrice>87600</CSHR_ApplPrice>
	      <CSHR_SupplyPrice>79636</CSHR_SupplyPrice>
	      <CSHR_Tax>7964</CSHR_Tax>
	      <CSHR_ServicePrice/>
	      <CSHR_Type>0</CSHR_Type>
	      <CSHR_RegNum>8104201850114</CSHR_RegNum>
	      <CSHR_CompanyNum/></CASH></Payment></PaymentInfo>]
INFO	[2021-03-20 11:44:35:82] <8468> MAKE BODY OK
INFO	[2021-03-20 11:44:35:82] <8468> SIGN OK
INFO	[2021-03-20 11:44:35:82] <8468> MAKE HEAD OK
INFO	[2021-03-20 11:44:35:83] <8468> MSG_TO_PG:[0203600175D SHA1                   0                                      300200fourseason               87600INIphpRECPfourseason20210320114435803164<?xml version="1.0" encoding="UTF-8"?>
<INIpay>
	  <GoodsInfo>
	    <GoodsCnt>1</GoodsCnt>
	    <MOID/>
	    <Currency>WON</Currency>
	    <Tax>7964</Tax>
	    <TaxFree/>
	    <Goods>
	      <SMID>fourseason</SMID>
	      <GoodsName urlencode="1">%C5%B8%C0%D3%C6%AF%B0%A110%C0%E51%BC%BC%C6%AE%B9%FC%BE%E7%B1%DB%B7%AF%BA%EAG2G%BA%CE%BA%D0%B9%DD%BE%E7%C7%C7%B3%B2%BC%BA%B0%F1%C7%C1%C0%E5%B0%A9G2G14005+%BF%DC+2%B0%C7</GoodsName>
	      <GoodsPrice>87600</GoodsPrice></Goods></GoodsInfo>
	  <BuyerInfo>
	    <BuyerName urlencode="1">%C0%CC%B7%B1%C1%A8%C0%E5%C7%F5%BC%F6%B4%D9%A4%D1%A4%D1</BuyerName>
	    <BuyerTel>01093245985</BuyerTel>
	    <BuyerEmail urlencode="1">jhs9324%40nate.com</BuyerEmail>
	    <ParentEmail/>
	    <RecvName/>
	    <RecvTel/>
	    <RecvMsg/>
	    <RecvAddr/>
	    <RecvPostNum/></BuyerInfo>
	  <PaymentInfo>
	    <Payment>
	      <PayMethod>CASH</PayMethod>
	      <JoinCard/>
	      <JoinExpire/>
	      <MailOrder/>
	      <SessionKey>cP1aFqO6jEMM0SmmVycRUPO5YJRoLcanc51Zfeq/uM1KzBZmI2gQIC/RKMwyKof/
xhiBFeGhxN8zPJX41agQN9wnrGfxYh3AhVVoBMoJ3+JD3VwKsVNWT+TgkJ7ZMCEv
ybzTPhxfsepLNiK0b8efu9azKg9tQaOjDLLuPFp2w5fyYB8+dekAnA==
</SessionKey>
	      <Encrypted>tdcJUXzBugNMfxs89vceTofsNqqjw2BjYZaY9PnCbxw7lZgJqiYoh68/EqF8rXpN
29EfZdPL88tcuk1b5i+IWBX1UclQkv+3AooFPSQUlf8mEyuMDnSXP5KvWrwPOp5h
6xf0QdTLaLSCCtwQuJ3u6Um+qZUkf2duZx8Usf+zgliBPMYBQzHzPkP0nGIM/BT2
dN1WQTe83ML/qsOAhWc+fJHtEGPCmGPKEOlvj04DxmOKzwTrW6ldKY6DsJZPxtjF
Nj1JHpl2st3bpLJfuIGRxeKG9I7YP1/jB172H6jxReD0KG3m/BXV4k/67q5ty9sg
cSSGQn+xWMPjP3C2trJiGAJ8pKwmVGck1BQT9MnV0IMPLfTdPT+H4/nfYagSNgEj
oUQB70CrDSrkrVtkiEj4eVn/lVVNbfQY1luUKoBg4D5L5sJ4nPDDkNZEDVnTKNIZ
tu0LiS3VRUi2goepQw2UPfiBUvF28Meh0Lr5TQRv4SOKkiuBCMNK+Q==
</Encrypted></Payment></PaymentInfo>
	  <ReservedInfo>
	    <MReserved1/>
	    <MReserved2/>
	    <MReserved3/></ReservedInfo>
	  <ManageInfo>
	    <Language/>
	    <URL/>
	    <TXVersion>5036B141209receiLinux     PHPchkfake   2.6.32-754.11.1.el6.x86_64PHP:</TXVersion>
	    <TXUserID/>
	    <TXRegNum/>
	    <Ack>1</Ack></ManageInfo></INIpay>AGOx6T7/Pn4BHYi2FT9ziHc5Z8TWMcwDHbpJ0yVtgv3Gte4x6YanO47kIRdhXkuf
NwiZOddvNGSC70AcdwdX30R/ADFPJ8uig7hZBMFKpp7OKRlJpV8LgHYN+6VONVw9
rflIoI3zMqBbQPhQiMDV52yTFlPhfQAt0M2EqphIX0fs
]
INFO	[2021-03-20 11:44:35:83] <8468> DNS LOOKUP OK(203.238.37.3:203.238.37.3:34049) laptime:0
INFO	[2021-03-20 11:44:35:85] <8468> SOCKET CONNECT OK
INFO	[2021-03-20 11:44:35:85] <8468> SEND OK
INFO	[2021-03-20 11:44:35:192] <8468> RECV OK
INFO	[2021-03-20 11:44:35:192] <8468> MSG_FROM_PG:[0173700175D SHA1                   0                                      300210fourseason               87600INIphpRECPfourseason20210320114435803164<?xml version="1.0" encoding="UTF-8"?><INIpay>
<GoodsInfo>
<GoodsCnt>1</GoodsCnt>
<MOID urlencode="1"/>
<Currency>WON</Currency>
<Goods no="1">
<SMID>fourseason</SMID>
<GoodsName urlencode="1">%C5%B8%C0%D3%C6%AF%B0%A110%C0%E51%BC%BC%C6%AE%B9%FC%BE%E7%B1%DB%B7%AF%BA%EAG2G%BA%CE%BA%D0%B9%DD%BE%E7%C7%C7%B3%B2%BC%BA%B0%F1%C7%C1%C0%E5%B0%A9G2G14005+%BF%DC+2%B0%C7</GoodsName>
<GoodsCntS>1</GoodsCntS>
<GoodsPrice>87600</GoodsPrice>
</Goods>
</GoodsInfo>
<PaymentInfo>
<Payment>
<SessionKey>AHbOE8b8TRiqMFabr7IqJg/eLFhMuqQBELxYiKpqvra7kjTuinbwk/a7LW2uiphX
JtglMxYvFgvFvqkF9AiCE8Z5nkMqnnpEN/VbgQlSrKL+5mLccENBl+XppIPfbiTu
DQu2KbunNrmbVFZ5CACO8VTjCX6al53TsIuPAKEomQ9NwjU2Z4lWtNA=
</SessionKey>
<Encrypted>ozJCBDWt8bnH4xrhZ/YBLel4Loe6mwkOCyZ3N/Y1TuPlpsG+/FoZhoa8dun1BuHh
1bg5uHDgl/9OuU9nKbzXD0RDxHnyymd6OmS8gqWQeHf7aq/R8GT1G1XkjEjaHmsg
Om4m+L6tOhOLvoyWb2JBK4oAYtv2mML2MEDOfBLrPvxwK3PqF6B9xsTWLAkCygVS
XBTgGhWrEmzGws4AFhW/4nNKnS+edtA8B/Guz73M/Q56NyQ8DyVcPFn1KBaY6OZh
/FZnTX9aGteHwEUim2bx4RkYQLBpES4qKbU5SyprmYhbp3FWTu6HibrSk+gGzet1
rQXbNxuyHy5QVamlAB0im21EhfsNEPvodvHQliXKc2sjEgt7wZsrIB7JAbviYMC3
9lwi6UvHJdKdIBaO0rwJ9ZHwCIWIc8WC52e0/bRe5fIozFsoEa/46nyAk3IPXUx/
l8zCEKOa/4Oz2cpTSiQV2v8pYAkcwe0fkvkBOmPl/UU6LA04+Z9BPXrQ3ulm4DaS
Rk5A10EbVBPQHek0efzA+AxFhWhM68I92S96CP/phVbIErTswoKeDs0+VLZnlisD
QcPQj80vFhd0j9Gq8EROcFE7EflYPwb8oJqySdcwtUjbiIMG1+gTqKNE/BA2KZZ0
PFUCwJTigs42niIOcLOMthDytUqTYFsqDEjdXuZijAdBQKnPNSeg6w==
</Encrypted>
<PayMethod>CASH</PayMethod>
<ResultCode>220000</ResultCode>
<ResultMsg urlencode="1">%C1%A4%BB%F3%C3%B3%B8%AE%B5%C7%BE%FA%BD%C0%B4%CF%B4%D9.</ResultMsg>
</Payment>
</PaymentInfo>
<ManageInfo/>
<ReservedInfo>
<MReserved1 urlencode="1"/>
<MReserved2 urlencode="1"/>
<MReserved3 urlencode="1"/>
</ReservedInfo>
</INIpay>
QwQ+BboicXSmYX+2S2OGkwdPfxhfpGR/60CTMTUTrOuHLO22ZT9KCNP6F7/1vAYb
HePmns67z1TATjZfi1ybY4pCVdZcralWxPgu3Xo3upUPZE6XSkkj4ElgJ2S/tqp4
z1DuGLCe+TeKAe9fmGmD6zwZn/8ldQ6+GcsZ4qJJht4=
]
INFO	[2021-03-20 11:44:35:192] <8468> VERIFY OK
INFO	[2021-03-20 11:44:35:192] <8468> PARSE HEAD OK
INFO	[2021-03-20 11:44:35:192] <8468> PARSE BODY OK
INFO	[2021-03-20 11:44:35:193] <8468> DECRYPT OK
DEBUG	[2021-03-20 11:44:35:193] <8468> DECRYPT MSG:[<?xml version="1.0" encoding="UTF-8"?><PaymentInfo>
<Payment>
<CASH>
<CSHR_ApplPrice>87600</CSHR_ApplPrice>
<CSHR_SupplyPrice>79636</CSHR_SupplyPrice>
<CSHR_Tax>7964</CSHR_Tax>
<CSHR_ServicePrice/>
<CSHR_Type>0</CSHR_Type>
<CSHR_ApplDate>20210320</CSHR_ApplDate>
<CSHR_ApplTime>114435</CSHR_ApplTime>
<CSHR_ApplNum>269367148</CSHR_ApplNum>
<CSHR_ResultCode>220000</CSHR_ResultCode>
<CSHR_ResultMsg urlencode="1">%C1%A4%BB%F3%C3%B3%B8%AE%B5%C7%BE%FA%BD%C0%B4%CF%B4%D9.</CSHR_ResultMsg>
</CASH>
</Payment>
</PaymentInfo>]
INFO	[2021-03-20 11:44:35:193] <8468> DECRYPT PARSE OK
INFO	[2021-03-20 11:44:35:193] <8468> WAIT ACK INVOKING
DEBUG	[2021-03-20 11:44:35:193] <8468> MAKE HEAD OK
INFO	[2021-03-20 11:44:35:197] <8468> SUCCESS ACK INVOKING
INFO	[2021-03-20 11:44:35:197] <8468> END receipt 정상처리되었습니다. Laptime:[0.117sec]
INFO	[2021-03-20 11:44:35:197] <8468> ===============================================================
