INFO	[2023-02-21 00:32:29:700] <25838> START INIPHP cancel (V5036-141209)(OS:Linux2.6.32-754.11.1.el6.x86_64,PHP:5.3.3)
DEBUG	[2023-02-21 00:32:29:700] <25838> inipayhome:/home1/killdeal/public_html/shop/inicis
DEBUG	[2023-02-21 00:32:29:700] <25838> debug:false
DEBUG	[2023-02-21 00:32:29:700] <25838> type:cancel
DEBUG	[2023-02-21 00:32:29:700] <25838> mid:majorgol03
DEBUG	[2023-02-21 00:32:29:700] <25838> admin:1111
DEBUG	[2023-02-21 00:32:29:700] <25838> tid:INIMX_CARDmajorgol0320230220211926554083
DEBUG	[2023-02-21 00:32:29:700] <25838> cancelmsg:주문자 본인 취소-상품옵션 선택 잘못함
INFO	[2023-02-21 00:32:29:700] <25838> Check Field OK
INFO	[2023-02-21 00:32:29:700] <25838> PI PUB KEY LOAD OK []
INFO	[2023-02-21 00:32:29:701] <25838> PG PUB KEY LOAD OK [30]
INFO	[2023-02-21 00:32:29:701] <25838> MERCHANT PRIV KEY LOAD OK
INFO	[2023-02-21 00:32:29:701] <25838> MERCHANT PUB KEY LOAD OK [0]
DEBUG	[2023-02-21 00:32:29:701] <25838> MAKE ENCRYPT OK[<?xml version="1.0" encoding="UTF-8"?>
<CancelInfo>
	  <CancelTID>INIMX_CARDmajorgol0320230220211926554083</CancelTID>
	  <CancelMsg urlencode="1">%C1%D6%B9%AE%C0%DA+%BA%BB%C0%CE+%C3%EB%BC%D2-%BB%F3%C7%B0%BF%C9%BC%C7+%BC%B1%C5%C3+%C0%DF%B8%F8%C7%D4</CancelMsg>
	  <CancelReason/></CancelInfo>]
INFO	[2023-02-21 00:32:29:701] <25838> MAKE BODY OK
INFO	[2023-02-21 00:32:29:702] <25838> SIGN OK
INFO	[2023-02-21 00:32:29:702] <25838> MAKE HEAD OK
INFO	[2023-02-21 00:32:29:702] <25838> MSG_TO_PG:[0101500175D SHA1                   0                                      300420majorgol03                    INIMX_CARDmajorgol0320230220211926554083<?xml version="1.0" encoding="UTF-8"?>
<INIpay>
	  <CancelInfo>
	    <SessionKey>DMw3NTS2KNIRqNn1OivrNAlvfK6v3dU3Y4JI0HhnQTfooUPXTptILPoq1aoOxJjS
n7xyQ+Ja8Br822QBRDA8LXNoIDjejtBYei1SqsMYtAIVdCyAHnBvQ8CMPPLrFP5G
1K5Wrwk1Mf/kINSEFsjzLrNmXVJ2O/YoPjZ5kRDvZ5C9E1/i/p3RQg==
</SessionKey>
	    <Encrypted>vOp7sTyKo5//2XDhp74M15KOPNtOovJ4BrkKdYI+0LUL4Z7w3K6p8rhG76rxggPw
biJeiWGh3ZlYV2+/NOaceQlJ003FXVja7YkliGCv4hi/UNT+tVLlAJbAiaXtJK2K
/1kzUj/vB/6c7zEWWn74M+Q4xk4MbpzsOrh+urjStqBIYwBuMX7aSVugMc/3cLhX
tOR59AuWggueolr4yms8f70RSFDtkyYMWzmt0brxO77nw4MKlrhMg6YbN79AdIL+
WyunZ5RfDXWXicuhJhhveLz/Wc+cvPOhLPcL5zFFWQvGR2h/xiTdBGrnSXbsRnz5
TDo/ZF5tBPJ08OiIM2K2kl/IhdnCPGackSZtOnnpgNMEiEgS8lttfEZifUOuflXP
DlvxtIA1onQ=
</Encrypted></CancelInfo>
	  <ReservedInfo>
	    <MReserved1/>
	    <MReserved2/>
	    <MReserved3/></ReservedInfo>
	  <ManageInfo>
	    <Language/>
	    <URL/>
	    <TXVersion>5036B141209canceLinux     PHPchkfake   2.6.32-754.11.1.el6.x86_64PHP:</TXVersion>
	    <TXUserID/>
	    <TXRegNum/></ManageInfo></INIpay>ABbTZnB+IShtonXmHEGrSvxShDNvL47UREwEb2NHkDz75fHRXNcZL/ikJcQrFcwC
mR6FBoQsVBb7jav7PGrDGtuwFLOkcXoA6EAtWxCFvXKu5AJD0kh/9g51zYXw9C1/
G0qHjd5+vx0cQfvroqc/VVYqGoOK1gaKdeROALi953Tl
]
INFO	[2023-02-21 00:32:29:702] <25838> DNS LOOKUP OK(203.238.37.3:203.238.37.3:34049) laptime:0
INFO	[2023-02-21 00:32:29:705] <25838> SOCKET CONNECT OK
INFO	[2023-02-21 00:32:29:705] <25838> SEND OK
INFO	[2023-02-21 00:32:30:461] <25838> RECV OK
INFO	[2023-02-21 00:32:30:461] <25838> MSG_FROM_PG:[0093300175D SHA1                   0                                      300430majorgol03                    INIMX_CARDmajorgol0320230220211926554083<?xml version="1.0" encoding="UTF-8"?><INIpay>
<CancelInfo>
<ResultCode>120000</ResultCode>
<ResultMsg urlencode="1">%C1%A4%BB%F3%C3%B3%B8%AE%B5%C7%BE%FA%BD%C0%B4%CF%B4%D9.</ResultMsg>
<SessionKey>ANZfGp75zxu6irgc90CRRes2YOQ95C2aXEmUKV2jHgSqovD2J2Nbl8k1gpBkOxO4
FldjHNOgWrrGGPZC/m3KXMhfhWm/nVrWO7dzuGiUSeHoawXG/RISz6bRONtyHDHt
kvEmfGItdWg3bVPlPC5OT139hfqOYMNyI8GpYkQ/Cn67d/qFAMwYgcc=
</SessionKey>
<Encrypted>KCBzul53NG2mrutN9JvVi1gCmB3dvYtIW3Gk8OuDXG1pHGJRYLwn2JUFkFVLzpya
zeD1oEdtaSqMH6lMKUZ9qvZmze1JAEb7gQN1jNZfTeLZ1hMtYpnv/Dl6uymLdfnt
7Kg70/1aDCzDm3Z1yn98pSH2jAjTE/zbKxlOLnYlyJDa6d+VNzEE2nQIk9mLix8G
syPdQbG3d/eJk0A2iKcx0QYA+SCJOmdz8bSE7gFzM+C+SxeNnG6PBGXZ/bQqP3u3
cIhr0uskamgH9A363xnTZNAeWcq9nJP6xSpsiUKMRLD5VllMLii5IklbOzIFBSAY
C6Mp7+GcpwU09Kth65BmvLZMkelY6VS+
</Encrypted>
</CancelInfo>
<ManageInfo/>
<ReservedInfo>
<MReserved1 urlencode="1"/>
<MReserved2 urlencode="1"/>
<MReserved3 urlencode="1"/>
</ReservedInfo>
</INIpay>
ZGJjVO5RLuz83OiK1NkFoDhdwKtj3f6sm5iFPiPdDzVQEL9kt6rCIrJyX9ObspyK
YmUJp4oRqjjuUqUsax3/fdmKgMIafvipa71HUNHKSMYHGoHdhB8waJMp7oDZ8AGp
Gsf3LG1wIbwnA5av3I0zvTo+g/a6gtNa51ByrxDhUZs=
]
INFO	[2023-02-21 00:32:30:461] <25838> VERIFY OK
INFO	[2023-02-21 00:32:30:461] <25838> PARSE HEAD OK
INFO	[2023-02-21 00:32:30:462] <25838> PARSE BODY OK
INFO	[2023-02-21 00:32:30:462] <25838> DECRYPT OK
DEBUG	[2023-02-21 00:32:30:462] <25838> DECRYPT MSG:[<?xml version="1.0" encoding="UTF-8"?><CancelInfo>
<CancelDate>20230221</CancelDate>
<CancelTime>003230</CancelTime>
<ResultCode>120000</ResultCode>
<ResultMsg urlencode="1">%C1%A4%BB%F3%C3%B3%B8%AE%B5%C7%BE%FA%BD%C0%B4%CF%B4%D9.</ResultMsg>
</CancelInfo>]
INFO	[2023-02-21 00:32:30:462] <25838> DECRYPT PARSE OK
INFO	[2023-02-21 00:32:30:462] <25838> END cancel 정상처리되었습니다. Laptime:[0.762sec]
INFO	[2023-02-21 00:32:30:462] <25838> ===============================================================
