INFO	[2022-11-17 13:12:08:86] <22419> START INIPHP cancel (V5036-141209)(OS:Linux2.6.32-754.11.1.el6.x86_64,PHP:5.3.3)
DEBUG	[2022-11-17 13:12:08:86] <22419> inipayhome:/home1/killdeal/public_html/shop/inicis
DEBUG	[2022-11-17 13:12:08:86] <22419> debug:false
DEBUG	[2022-11-17 13:12:08:86] <22419> type:cancel
DEBUG	[2022-11-17 13:12:08:86] <22419> mid:majorgol03
DEBUG	[2022-11-17 13:12:08:86] <22419> admin:1111
DEBUG	[2022-11-17 13:12:08:86] <22419> tid:INIMX_CARDmajorgol0320221117113945455614
DEBUG	[2022-11-17 13:12:08:86] <22419> cancelmsg:쇼핑몰 운영자 승인 취소
INFO	[2022-11-17 13:12:08:86] <22419> Check Field OK
INFO	[2022-11-17 13:12:08:86] <22419> PI PUB KEY LOAD OK []
INFO	[2022-11-17 13:12:08:86] <22419> PG PUB KEY LOAD OK [30]
INFO	[2022-11-17 13:12:08:87] <22419> MERCHANT PRIV KEY LOAD OK
INFO	[2022-11-17 13:12:08:87] <22419> MERCHANT PUB KEY LOAD OK [0]
DEBUG	[2022-11-17 13:12:08:87] <22419> MAKE ENCRYPT OK[<?xml version="1.0" encoding="UTF-8"?>
<CancelInfo>
	  <CancelTID>INIMX_CARDmajorgol0320221117113945455614</CancelTID>
	  <CancelMsg urlencode="1">%BC%EE%C7%CE%B8%F4+%BF%EE%BF%B5%C0%DA+%BD%C2%C0%CE+%C3%EB%BC%D2</CancelMsg>
	  <CancelReason/></CancelInfo>]
INFO	[2022-11-17 13:12:08:88] <22419> MAKE BODY OK
INFO	[2022-11-17 13:12:08:88] <22419> SIGN OK
INFO	[2022-11-17 13:12:08:88] <22419> MAKE HEAD OK
INFO	[2022-11-17 13:12:08:88] <22419> MSG_TO_PG:[0096200175D SHA1                   0                                      300420majorgol03                    INIMX_CARDmajorgol0320221117113945455614<?xml version="1.0" encoding="UTF-8"?>
<INIpay>
	  <CancelInfo>
	    <SessionKey>1EtGRcU1jyML4gYA9sh4C3/oln6owv4Bz/T2ZGrmgQWwZep1HtvBDIG6rcQTOlSJ
k6NxbGmjfFAbHA8nJYhI6OEZAJ/3GYhVvTQ2lkpQ9um4l6D8+/vXnhqhHQV6S5JT
NhjKxGVje4Y4HKgeJkTM758lEipRd74FCSXQ9Udzhk7ItXIXKci4yQ==
</SessionKey>
	    <Encrypted>FVgdY5/lSgatn4udlC8BXLrpcrobY2z/nc9kx7v7Fkwyj2deMp6zQY0fyYrCrdrG
iaxt8ROBSVDUplSy94zUKqobhoupsSpf9JccztD8DuHXP5oF7OXqIJobDF3H2YUj
85X/5OoDxILl2GttExvNNaX0lfwyaoOSolHVcMRDLJ+OW5k1AoW6I6ygVMnSufPI
/Wlp6ZvzqpXz/VLwRTKp+My5+xWM6lOE2pKHQ8RAttLij1XC6S4GGdqpahEIti7W
TPhK1bKZmT6KgT1uiwNlk02QcTWxpRu3x5EdRT2J/xHtHIeL0nxvt/AF3tFv9NUk
XsiFnaFKkg4WQCw204Z14Q==
</Encrypted></CancelInfo>
	  <ReservedInfo>
	    <MReserved1/>
	    <MReserved2/>
	    <MReserved3/></ReservedInfo>
	  <ManageInfo>
	    <Language/>
	    <URL/>
	    <TXVersion>5036B141209canceLinux     PHPchkfake   2.6.32-754.11.1.el6.x86_64PHP:</TXVersion>
	    <TXUserID/>
	    <TXRegNum/></ManageInfo></INIpay>AJQ5QQcUMx0WZmi+78Dd7YaDk/eyaQuMd8CBCFxb7Ca84jMWVTsLm5C1wroNIMgP
ai+wUT3F1kR5MtgutvPAJ5NZnY8iFmJPEqbGrygGV7YDMvgjQNBs+e/y4A1xVUYx
M/BRDz7B/UbfRqJmaNX3LszMdqwADToebhCHR5z7MWPY
]
INFO	[2022-11-17 13:12:08:88] <22419> DNS LOOKUP OK(203.238.37.3:203.238.37.3:34049) laptime:0
INFO	[2022-11-17 13:12:08:90] <22419> SOCKET CONNECT OK
INFO	[2022-11-17 13:12:08:90] <22419> SEND OK
INFO	[2022-11-17 13:12:09:62] <22419> RECV OK
INFO	[2022-11-17 13:12:09:62] <22419> MSG_FROM_PG:[0093300175D SHA1                   0                                      300430majorgol03                    INIMX_CARDmajorgol0320221117113945455614<?xml version="1.0" encoding="UTF-8"?><INIpay>
<CancelInfo>
<ResultCode>120000</ResultCode>
<ResultMsg urlencode="1">%C1%A4%BB%F3%C3%B3%B8%AE%B5%C7%BE%FA%BD%C0%B4%CF%B4%D9.</ResultMsg>
<SessionKey>AH39XtnVq80H3Nu9I+wIX96tavFDd7TiX5LRCMZeuFpImGhQJ2OGB0+DGIp+VJRZ
Hm5OdtGFkEw/fU+8grzDGF3BA+R2QXjQEF+KyBAacCxhg2UuckzMtcssOSfdcUgA
T4plXDilV9EAt0MF2S8icG9P35eoqb/1wgGpyEFEe4+utkemlK9YZog=
</SessionKey>
<Encrypted>ZL7/jNIAgCmpsyBHeVAjCsGK0rizKg1VYJYTe6iCy3QxoawmfEzNAS0IIh4H8aeT
yPtXyDaX2BU0F5EBP0oXWGP7mBcaoebeu2RV3AdB5TWzFBrdweVLLiHEd83T/lkB
ciTGnHuV/YCTcqYYEBNqVJybJF+qOnOrTqkG+wLR95VNEAxElnxYcrae+Isew1x3
XYcYEYO0QWtcfiiAhgcE01BlW4nG3tf5I9mTdcgXjFOM/HgWui2Tj6m4A25XPP6h
v5mQNPwqrT+AeTd0onZtieS6sP4VM/xjgaNUIcGH5becUjrimdbw1fFfIfejAw3l
QxgCMpqI+lhS73/rLgRY1gj9tSjBioeJ
</Encrypted>
</CancelInfo>
<ManageInfo/>
<ReservedInfo>
<MReserved1 urlencode="1"/>
<MReserved2 urlencode="1"/>
<MReserved3 urlencode="1"/>
</ReservedInfo>
</INIpay>
sl+h+uCmvYeXrj69N6aGmau31fJ4ComWSLIHRj/JrTX7xEuP6HyC+AMvt87VE5eV
pYLOhSjPvuW4LdAlmcQyNwyXGCS/tKxymzAZ0TSKnj/CBwjfwAtobBCcZIFYrgWm
uOZpEw6p0glqnszMl1sLXfcPkSFFLjZsC+/m4udBbuA=
]
INFO	[2022-11-17 13:12:09:62] <22419> VERIFY OK
INFO	[2022-11-17 13:12:09:62] <22419> PARSE HEAD OK
INFO	[2022-11-17 13:12:09:62] <22419> PARSE BODY OK
INFO	[2022-11-17 13:12:09:63] <22419> DECRYPT OK
DEBUG	[2022-11-17 13:12:09:63] <22419> DECRYPT MSG:[<?xml version="1.0" encoding="UTF-8"?><CancelInfo>
<CancelDate>20221117</CancelDate>
<CancelTime>131208</CancelTime>
<ResultCode>120000</ResultCode>
<ResultMsg urlencode="1">%C1%A4%BB%F3%C3%B3%B8%AE%B5%C7%BE%FA%BD%C0%B4%CF%B4%D9.</ResultMsg>
</CancelInfo>]
INFO	[2022-11-17 13:12:09:63] <22419> DECRYPT PARSE OK
INFO	[2022-11-17 13:12:09:63] <22419> END cancel 정상처리되었습니다. Laptime:[0.978sec]
INFO	[2022-11-17 13:12:09:63] <22419> ===============================================================
INFO	[2022-11-17 16:17:59:818] <27462> START INIPHP cancel (V5036-141209)(OS:Linux2.6.32-754.11.1.el6.x86_64,PHP:5.3.3)
DEBUG	[2022-11-17 16:17:59:818] <27462> inipayhome:/home1/killdeal/public_html/shop/inicis
DEBUG	[2022-11-17 16:17:59:818] <27462> debug:false
DEBUG	[2022-11-17 16:17:59:818] <27462> type:cancel
DEBUG	[2022-11-17 16:17:59:818] <27462> mid:majorgol03
DEBUG	[2022-11-17 16:17:59:818] <27462> admin:1111
DEBUG	[2022-11-17 16:17:59:818] <27462> tid:StdpayISP_majorgol0320221108190655819953
DEBUG	[2022-11-17 16:17:59:818] <27462> cancelmsg:쇼핑몰 운영자 승인 취소
INFO	[2022-11-17 16:17:59:818] <27462> Check Field OK
INFO	[2022-11-17 16:17:59:818] <27462> PI PUB KEY LOAD OK []
INFO	[2022-11-17 16:17:59:818] <27462> PG PUB KEY LOAD OK [30]
INFO	[2022-11-17 16:17:59:818] <27462> MERCHANT PRIV KEY LOAD OK
INFO	[2022-11-17 16:17:59:818] <27462> MERCHANT PUB KEY LOAD OK [0]
DEBUG	[2022-11-17 16:17:59:819] <27462> MAKE ENCRYPT OK[<?xml version="1.0" encoding="UTF-8"?>
<CancelInfo>
	  <CancelTID>StdpayISP_majorgol0320221108190655819953</CancelTID>
	  <CancelMsg urlencode="1">%BC%EE%C7%CE%B8%F4+%BF%EE%BF%B5%C0%DA+%BD%C2%C0%CE+%C3%EB%BC%D2</CancelMsg>
	  <CancelReason/></CancelInfo>]
INFO	[2022-11-17 16:17:59:819] <27462> MAKE BODY OK
INFO	[2022-11-17 16:17:59:820] <27462> SIGN OK
INFO	[2022-11-17 16:17:59:820] <27462> MAKE HEAD OK
INFO	[2022-11-17 16:17:59:820] <27462> MSG_TO_PG:[0096200175D SHA1                   0                                      300420majorgol03                    StdpayISP_majorgol0320221108190655819953<?xml version="1.0" encoding="UTF-8"?>
<INIpay>
	  <CancelInfo>
	    <SessionKey>eGMqvGCuhToGM6ONhk3IvsHIANoF+BkFosjC3Bha6Y04KGT+htqVpH4wxeMORsS2
xpOfawQ9A9NCP1M7bGlamavvs1CubdskjsSmoHoz5GY8mz3fA8/VxPIL5tp4TUkN
YUwgN6vaSiN8c8zT5EoKIM7NuYnktZ5lK8eguS2rNqzAMQkONzaaUQ==
</SessionKey>
	    <Encrypted>94JesDS0GP1IsPIGp59DIy8mdC/upMzuTEG1VTRf4oqyIpMVz6ws2x35S93Hsxso
YVeXO/DTHLtgSb6CKX81PaI0ruaoGc8RxXwv7bY5M2+JGTXapFGLzVpfSdrzC9Y8
30VXKYsgraWJVJPldK9wC3KfHyREfDyUIKzZdf02Iz8I7z7B2v40qkwIf9KYN7w0
s1dGGppZo5aIL92du+VSJo2pr3P3ojIL7WeUhMeAXuuqCqJ8/Z2jSVZ2tzSqDN7S
rukcmSFsbNb985z+PUShcXlXJsirDi1sCZRZ0Edd6yzlhYJwC1FknO5DlZYUSzLt
Rswy0EugPkRpplKOJsj82Q==
</Encrypted></CancelInfo>
	  <ReservedInfo>
	    <MReserved1/>
	    <MReserved2/>
	    <MReserved3/></ReservedInfo>
	  <ManageInfo>
	    <Language/>
	    <URL/>
	    <TXVersion>5036B141209canceLinux     PHPchkfake   2.6.32-754.11.1.el6.x86_64PHP:</TXVersion>
	    <TXUserID/>
	    <TXRegNum/></ManageInfo></INIpay>AOhx28G89F3CeNGtXbVwyUVvh0yNY08r4pEfC/pot4cf5TFbd2F0Km19xatTUGtq
Z2uABfgJVPy0IEizOvbK7JpAIQYkz8w5Z98ae9C+16PdLt83upebDaW7tKXJGR31
hrWNufhsYD5v0WCM0azU1MT7GmrHSfjZmyD++xh7MaJG
]
INFO	[2022-11-17 16:17:59:820] <27462> DNS LOOKUP OK(203.238.37.3:203.238.37.3:34049) laptime:0
INFO	[2022-11-17 16:17:59:822] <27462> SOCKET CONNECT OK
INFO	[2022-11-17 16:17:59:822] <27462> SEND OK
INFO	[2022-11-17 16:18:00:328] <27462> RECV OK
INFO	[2022-11-17 16:18:00:328] <27462> MSG_FROM_PG:[0086100175D SHA1                   0                                      300430majorgol03                    StdpayISP_majorgol0320221108190655819953<?xml version="1.0" encoding="UTF-8"?><INIpay>
<CancelInfo>
<ResultCode>170000</ResultCode>
<ResultMsg urlencode="1">%C1%A4%BB%F3%BF%CF%B7%E1</ResultMsg>
<SessionKey>AO642kUsTGq3QJHzVqzOETD3PQwhJ664tcUVtVdm/u72ComNwdVSpEdmze2AuNub
b9vfXdOWgj6wePVT0Kn94bxAnZh1HL0bM2MukTKhaddJhbpLnwB0GUzfrOamjKZ3
w4D+K1M/cfpqmcpOv75IPARBIAFyLgOWNr+hc3FsbE/FqJX4vClaL0o=
</SessionKey>
<Encrypted>HFuYcWlevXdN2TlMBzZRSpYIyS9XpmtOw3RlbqDuiPTxRq5TotmT4ScdDcWUpZph
oMSoivJMwWBgLeiapi3yhy1iKCv1BHlyAVrN/9jDWgNpbR+3A2JZjwgGswcTxddZ
r55RVGIu6vLsEu16Sk4hQBFkEeKlwOmQfXtEh4tqYLZD2Z1c1iI+7m48ZzmeRLpQ
UisWnCabnnLUW/py20/jhWYdCtp+ygKsLvasTSAMtX2sQ7E4mu43jlOh/xKdA6jv
OznEgUKB0ZaKMlfhK9F51apBMbXKbvIfAftJV/MXAzg1HnooUpMucw==
</Encrypted>
</CancelInfo>
<ManageInfo/>
<ReservedInfo>
<MReserved1 urlencode="1"/>
<MReserved2 urlencode="1"/>
<MReserved3 urlencode="1"/>
</ReservedInfo>
</INIpay>
UQTu7e8c5JE6Qv6ymbKzqzVNM4xwMx/5SA3eiciX6TXAntVI7QPOlS3Hw4ZU3bb/
qnsB4qBPcDR3uMMsBwF5VlUEuvsn8osa0+wkZ+aDE8qzrMz5c1wAJriAgFHvZzeD
TZQQFYXxwpTtGXobORly9kUd1mFuEQ1d/12ssaCAtxg=
]
INFO	[2022-11-17 16:18:00:328] <27462> VERIFY OK
INFO	[2022-11-17 16:18:00:328] <27462> PARSE HEAD OK
INFO	[2022-11-17 16:18:00:329] <27462> PARSE BODY OK
INFO	[2022-11-17 16:18:00:329] <27462> DECRYPT OK
DEBUG	[2022-11-17 16:18:00:329] <27462> DECRYPT MSG:[<?xml version="1.0" encoding="UTF-8"?><CancelInfo>
<CancelDate>20221117</CancelDate>
<CancelTime>161800</CancelTime>
<ResultCode>170000</ResultCode>
<ResultMsg urlencode="1">%C1%A4%BB%F3%BF%CF%B7%E1</ResultMsg>
</CancelInfo>]
INFO	[2022-11-17 16:18:00:330] <27462> DECRYPT PARSE OK
INFO	[2022-11-17 16:18:00:330] <27462> END cancel 정상완료 Laptime:[0.512sec]
INFO	[2022-11-17 16:18:00:330] <27462> ===============================================================
