INFO	[2023-01-25 16:22:52:881] <23230> START INIPHP repay (V5036-141209)(OS:Linux2.6.32-754.11.1.el6.x86_64,PHP:5.3.3)
DEBUG	[2023-01-25 16:22:52:881] <23230> inipayhome:/home1/killdeal/public_html/shop/inicis
DEBUG	[2023-01-25 16:22:52:881] <23230> debug:false
DEBUG	[2023-01-25 16:22:52:881] <23230> type:repay
DEBUG	[2023-01-25 16:22:52:881] <23230> pgid:INIphpRPAY
DEBUG	[2023-01-25 16:22:52:881] <23230> subpgip:203.238.3.10
DEBUG	[2023-01-25 16:22:52:881] <23230> mid:majorgol03
DEBUG	[2023-01-25 16:22:52:881] <23230> admin:1111
DEBUG	[2023-01-25 16:22:52:881] <23230> oldtid:INIMX_CARDmajorgol0320230124191857415651
DEBUG	[2023-01-25 16:22:52:881] <23230> currency:WON
DEBUG	[2023-01-25 16:22:52:881] <23230> price:59000
DEBUG	[2023-01-25 16:22:52:881] <23230> confirm_price:89000
DEBUG	[2023-01-25 16:22:52:881] <23230> buyeremail:swithome@hanmail.net
DEBUG	[2023-01-25 16:22:52:881] <23230> tax:5364
DEBUG	[2023-01-25 16:22:52:881] <23230> taxfree:0
INFO	[2023-01-25 16:22:52:881] <23230> Check Field OK
INFO	[2023-01-25 16:22:52:881] <23230> Make TID OK INIphpRPAYmajorgol0320230125162252818497
INFO	[2023-01-25 16:22:52:881] <23230> PI PUB KEY LOAD OK []
INFO	[2023-01-25 16:22:52:881] <23230> PG PUB KEY LOAD OK [30]
INFO	[2023-01-25 16:22:52:882] <23230> MERCHANT PRIV KEY LOAD OK
INFO	[2023-01-25 16:22:52:882] <23230> MERCHANT PUB KEY LOAD OK [0]
DEBUG	[2023-01-25 16:22:52:882] <23230> MAKE ENCRYPT OK[<?xml version="1.0" encoding="UTF-8"?>
<PartCancelInfo>
	  <PRTC_TID>INIMX_CARDmajorgol0320230124191857415651</PRTC_TID>
	  <PRTC_Price>59000</PRTC_Price>
	  <PRTC_Remains>89000</PRTC_Remains>
	  <PRTC_Quota/>
	  <PRTC_Interest/>
	  <PRTC_NoAcctFNBC/>
	  <PRTC_NmAcctFNBC/></PartCancelInfo>]
INFO	[2023-01-25 16:22:52:883] <23230> MAKE BODY OK
INFO	[2023-01-25 16:22:52:883] <23230> SIGN OK
INFO	[2023-01-25 16:22:52:883] <23230> MAKE HEAD OK
INFO	[2023-01-25 16:22:52:883] <23230> MSG_TO_PG:[0111700175D SHA1                   0                                      300620majorgol03               59000INIphpRPAYmajorgol0320230125162252818497<?xml version="1.0" encoding="UTF-8"?>
<INIpay>
	  <PartCancelInfo>
	    <SessionKey>OMsEsh5bMVAfHfnSEYzakC6y8ogQA2aFQLAvO4SP4gA3+beqxGWDHzw3WBfJHBSw
XbYBgsavCRm6koF0uU2jAYAOmDeJzRSd4eE77rggKWTk6waLNw4c1TxwO0v7FHX2
t34PnL9VwUEr2I2WenjJ0eRAOEOmQkg1hL7XvL2lFGmsTiOnC2AyDg==
</SessionKey>
	    <Encrypted>aGiMtPGxRwiXrN90epgR0PGt14YsUZLEVMYtXkhQUXLOTK8suPAc2NxMESu4UhGK
T7y/wsWz8EuWdjf6EnnlmjwLSJ/r7iUNb0NIPAjIpVkhNNCOa0LbyqcYDJcTZztX
BbvjmK9f+blbhaB27VvEXshoBYBk33HrpB8smAWcHPBqO6K+tANemrI6V9zRXbJ1
tp3SKwGIhxLNOaTPNnT7ulvwdT+Q50RF5wYd5Em97foghsULxFAf13kkjK3Webtc
hMy/YOddnKGqMgcBLMoKooB9l6fceavaWPP8lyzKjWgNKzrCzSx3eNJiMZNQPsM2
LpEFPFdcQefsCV9o13/3mu5B9D0PNBTjQd0jk7ftiHQe8PDqk/3q7PShbb4K4+YR
uUdtiyEA4ck=
</Encrypted></PartCancelInfo>
	  <GoodsInfo>
	    <Tax>5364</Tax>
	    <TaxFree/>
	    <Currency>WON</Currency></GoodsInfo>
	  <ReservedInfo>
	    <MReserved1/>
	    <MReserved2/>
	    <MReserved3/></ReservedInfo>
	  <ManageInfo>
	    <Language/>
	    <URL/>
	    <TXVersion>5036B141209repayLinux     PHPchkfake   2.6.32-754.11.1.el6.x86_64PHP:</TXVersion>
	    <TXUserID/>
	    <TXRegNum/></ManageInfo></INIpay>AH2sajK9KfS3TZ/XuHUt10QkzliXKMBF20fiOvbWNXUcimHo6WkNt0Uy4sLYbYJY
+9xQk54tTKwc7tU0l9r3mYX9sIzckapSZLmtrswBaln5AyaC24ERoF5QTh71ASNa
yj1L5uYVUQMcK5bm8Q5zZrDnaISQpxRxioY8xJN5SsMZ
]
INFO	[2023-01-25 16:22:52:883] <23230> DNS LOOKUP OK(203.238.37.3:203.238.37.3:34049) laptime:0
INFO	[2023-01-25 16:22:52:885] <23230> SOCKET CONNECT OK
INFO	[2023-01-25 16:22:52:885] <23230> SEND OK
INFO	[2023-01-25 16:22:53:153] <23230> RECV OK
INFO	[2023-01-25 16:22:53:153] <23230> MSG_FROM_PG:[0098000175D SHA1                   0                                      300630majorgol03               59000INIphpRPAYmajorgol0320230125162252818497<?xml version="1.0" encoding="UTF-8"?><INIpay>
<PartCancelInfo>
<PayMethod>Card</PayMethod>
<ResultCode>120000</ResultCode>
<ResultMsg urlencode="1">%C1%A4%BB%F3%C3%B3%B8%AE%B5%C7%BE%FA%BD%C0%B4%CF%B4%D9.</ResultMsg>
<SessionKey>AA/tBLsPlY3CzsDKDbJSiGDi1oXJ7mDXxKhYgqPLALW2ISbfD2e/QZdplPzcGwF6
i2R+PzywFm2Jkm7TkC5vs/4URGrKqyb7vVJhZQyucTSM9Qp6yMuAWPvwphZx0Si9
Xr70j6D8nWyXZ1AZ+kZ9ymtn1PqnlXlcbixdpsy7t3E9+3wX8fmBOkY=
</SessionKey>
<Encrypted>JnFzT7SAfxPC797gDGdRoEB/31hxNqHoJgnw75wojSN5hDTjXLVF9VWxguUlLaWQ
g1Hn6IqkknOXBGAtxOjbTGxyYRJOvWK7hG+o1II2mWFSPRXBNyjlkcRJvWL9H1XM
mJZ2DQi091lIbPyVWbiStRIaqgGS6ybx2h08Ou/arEzijxVYRrUxkP47ZZvGjDoi
iRrViuji/B9mP4cLRjTIZuzWyWFANvEacvj5wLEJV+zCPELFUZ03fpAWUeT6FMz6
AhuV7oLLyIHAfJ5Ez750WTRsrJxLhxvBx0Gb/FTNCFAG65qA32S2GKkW8YRaDefb
GVkDJMKXPuy9i2T5UUmaRMMEuECouuDyHBn2n2GfIYCmkC+y298WLHgA4aJOiPRx
Q+tBaHvesfdMVWwBhRXjrqjj8XvoezP1BWPcdaujGPrBhHEc9NHuNkHa+w2LTI+w
reZnG9dbNDg=
</Encrypted>
</PartCancelInfo>
<ManageInfo/>
<ReservedInfo/>
</INIpay>
2jDfP3gJZi/bu8Mqmz1A9IPwX+98jB+iycafsSOc3iQPovGgLJZmixqOnjnYl7ro
X8MVQhKnt4fyiIV/zMKbHjepiHvII9LtFa4oZ1Ne0VvihpUdmLDSGAeyBSBjTBuN
CpWg6SXgWNMv6wfSQKfP49PrFpE1R865ohUwotYG6rQ=
]
INFO	[2023-01-25 16:22:53:153] <23230> VERIFY OK
INFO	[2023-01-25 16:22:53:154] <23230> PARSE HEAD OK
INFO	[2023-01-25 16:22:53:154] <23230> PARSE BODY OK
INFO	[2023-01-25 16:22:53:154] <23230> DECRYPT OK
DEBUG	[2023-01-25 16:22:53:154] <23230> DECRYPT MSG:[<?xml version="1.0" encoding="UTF-8"?><PartCancelInfo>
<PRTC_TID>INIMX_CARDmajorgol0320230124191857415651</PRTC_TID>
<PRTC_Price>59000</PRTC_Price>
<PRTC_Remains>89000</PRTC_Remains>
<PRTC_Quota>00</PRTC_Quota>
<PRTC_Type>1</PRTC_Type>
<CancelDate>20230125</CancelDate>
<CancelTime>162252</CancelTime>
<PRTC_Cnt>1</PRTC_Cnt>
</PartCancelInfo>]
INFO	[2023-01-25 16:22:53:155] <23230> DECRYPT PARSE OK
INFO	[2023-01-25 16:22:53:155] <23230> END repay 정상처리되었습니다. Laptime:[0.274sec]
INFO	[2023-01-25 16:22:53:155] <23230> ===============================================================
