INFO	[2022-02-28 17:27:43:498] <357> START INIPHP cancel (V5036-141209)(OS:Linux2.6.32-754.11.1.el6.x86_64,PHP:5.3.3)
DEBUG	[2022-02-28 17:27:43:498] <357> inipayhome:/home1/killdeal/public_html/shop/inicis
DEBUG	[2022-02-28 17:27:43:498] <357> debug:false
DEBUG	[2022-02-28 17:27:43:498] <357> type:cancel
DEBUG	[2022-02-28 17:27:43:498] <357> mid:fourseason
DEBUG	[2022-02-28 17:27:43:498] <357> admin:1111
DEBUG	[2022-02-28 17:27:43:498] <357> tid:StdpayCARDfourseason20220218104511135463
DEBUG	[2022-02-28 17:27:43:498] <357> cancelmsg:쇼핑몰 운영자 승인 취소
INFO	[2022-02-28 17:27:43:498] <357> Check Field OK
INFO	[2022-02-28 17:27:43:498] <357> PI PUB KEY LOAD OK []
INFO	[2022-02-28 17:27:43:498] <357> PG PUB KEY LOAD OK [30]
INFO	[2022-02-28 17:27:43:499] <357> MERCHANT PRIV KEY LOAD OK
INFO	[2022-02-28 17:27:43:499] <357> MERCHANT PUB KEY LOAD OK [0]
DEBUG	[2022-02-28 17:27:43:499] <357> MAKE ENCRYPT OK[<?xml version="1.0" encoding="UTF-8"?>
<CancelInfo>
	  <CancelTID>StdpayCARDfourseason20220218104511135463</CancelTID>
	  <CancelMsg urlencode="1">%BC%EE%C7%CE%B8%F4+%BF%EE%BF%B5%C0%DA+%BD%C2%C0%CE+%C3%EB%BC%D2</CancelMsg>
	  <CancelReason/></CancelInfo>]
INFO	[2022-02-28 17:27:43:499] <357> MAKE BODY OK
INFO	[2022-02-28 17:27:43:500] <357> SIGN OK
INFO	[2022-02-28 17:27:43:500] <357> MAKE HEAD OK
INFO	[2022-02-28 17:27:43:500] <357> MSG_TO_PG:[0096200175D SHA1                   0                                      300420fourseason                    StdpayCARDfourseason20220218104511135463<?xml version="1.0" encoding="UTF-8"?>
<INIpay>
	  <CancelInfo>
	    <SessionKey>LYSJNDuUkfvCne25W2dLboCCWvAdiIhjEyUYifcQXuYSV26sCUXYypdyYCrNF88E
LGGrojDo394VfdGUdxGqKjFG6NDxybDHyXiiCvWNfO0W+ygGwRcOkbaHTlo3A2wZ
CyT6SYSfr8xDB/quosvMISIC2MGrl1CyvOSgc/emISt+IZbIlnXwiQ==
</SessionKey>
	    <Encrypted>6+KSoi8iPYiuwu7Sj/dSalg9ZpTRg6nhd9YxiVM6OZdJAMs6Bewa68onsKKP5lgQ
MTgnLpb7r8KfF351G6kRCcsy1vBgoioARB/j53taXNP5iPl4t5WxzOoF7NtyO0r5
BDgs+0jURdCy9Lb2QWqOrh290ThrdSrqOC8m6obhkfBCHf4wSkPP+H9SdWiOuBfs
FahVtMG9kEsd6kImGjl0R90Vqav30rPBarELbKyU1ErnEBaUaHfYbK192uaTYq9a
tN/xQVfhg+OOLja57JLR0bXHuseV1vNkZpsac3l+fm+M264CJAVS8ktkbS2n7N4C
CtE9xgD950s+2r36ds3tpA==
</Encrypted></CancelInfo>
	  <ReservedInfo>
	    <MReserved1/>
	    <MReserved2/>
	    <MReserved3/></ReservedInfo>
	  <ManageInfo>
	    <Language/>
	    <URL/>
	    <TXVersion>5036B141209canceLinux     PHPchkfake   2.6.32-754.11.1.el6.x86_64PHP:</TXVersion>
	    <TXUserID/>
	    <TXRegNum/></ManageInfo></INIpay>AEBXQnpIADmg8s/VJTfGNk8nhuM+ljDEqfjGpqr4TEAXcI0UVSTzGtG4VBxhGMsC
XfUen9XpGqVqrmg2odxZKEUvyNmVyzBmrH6NEc9Op8nkkSUlAyNfO20Tf0/8CO0O
wEMv/znFd7d0HtlASJCHxV54/bIa37GfvNO6vCAGKV+i
]
INFO	[2022-02-28 17:27:43:500] <357> DNS LOOKUP OK(203.238.37.3:203.238.37.3:34049) laptime:0
INFO	[2022-02-28 17:27:43:502] <357> SOCKET CONNECT OK
INFO	[2022-02-28 17:27:43:502] <357> SEND OK
INFO	[2022-02-28 17:27:43:815] <357> RECV OK
INFO	[2022-02-28 17:27:43:815] <357> MSG_FROM_PG:[0093300175D SHA1                   0                                      300430fourseason                    StdpayCARDfourseason20220218104511135463<?xml version="1.0" encoding="UTF-8"?><INIpay>
<CancelInfo>
<ResultCode>120000</ResultCode>
<ResultMsg urlencode="1">%C1%A4%BB%F3%C3%B3%B8%AE%B5%C7%BE%FA%BD%C0%B4%CF%B4%D9.</ResultMsg>
<SessionKey>AOrSaQBhzBYI+GjVZMuP4fp6oeJv2sI+hLya9nNUN5hMWW21phrDFGmHnot5XPWW
M/daFTOgZiIRHt30SO6ZXTXge9NYkd8WlUZUPfSuwkYAaI3J9mzEtdwQv15186Qc
RmDQYv9PohN8i1AP0aKmz7VPRI1jsMk35JeGzCUF5q8CC4Q9aGxOslM=
</SessionKey>
<Encrypted>w7v/JxlIup6HCRWWeF5dspmu3bMwRUzywzCGE7KoxuCowbHAOTJIBTOj1lX9kEvu
va5RBJ/SCgKCI0tDYzFp7W9Tb5RCM5xaaPkQQdy6Xk+POzFORi5YoKRgj8Gmsno9
3nNPQB4X4LyRcUfavszDXqow0vTd3MdvVziei9Y34PIOAuBKzIPGHjb/+sCiUCSz
4PgAFCGO10pONKfvGGsDAKpcYZ/c3oez6dm+t9czLPkaEf/FRo9EqRsYnQd0m/s8
VsX/wLYQYikRAW60lUKB46/Mh13bjwBjhsuUftVSjeXpsqN9vNikiZ6KxXD3WoPP
mFh37iCLQ23ZHhQ4cvfLeT4zRQ6rka0A
</Encrypted>
</CancelInfo>
<ManageInfo/>
<ReservedInfo>
<MReserved1 urlencode="1"/>
<MReserved2 urlencode="1"/>
<MReserved3 urlencode="1"/>
</ReservedInfo>
</INIpay>
UkjzPiQ5VIoBovTuEK/HTcnMn+jMdAzAKFoc5RcRfOtNE6wambl5BCduFIJjlJRp
T3SmN/cltTeldlilXCJol2ex/XXdxrqr9dwwjH7XoUtEAhLH3+JmV00T4ZeexagD
/4MGowGQzzicOAbAIlwN4SbLNIzV+iHmVRbjBYSdGw0=
]
INFO	[2022-02-28 17:27:43:816] <357> VERIFY OK
INFO	[2022-02-28 17:27:43:816] <357> PARSE HEAD OK
INFO	[2022-02-28 17:27:43:816] <357> PARSE BODY OK
INFO	[2022-02-28 17:27:43:817] <357> DECRYPT OK
DEBUG	[2022-02-28 17:27:43:817] <357> DECRYPT MSG:[<?xml version="1.0" encoding="UTF-8"?><CancelInfo>
<CancelDate>20220228</CancelDate>
<CancelTime>172743</CancelTime>
<ResultCode>120000</ResultCode>
<ResultMsg urlencode="1">%C1%A4%BB%F3%C3%B3%B8%AE%B5%C7%BE%FA%BD%C0%B4%CF%B4%D9.</ResultMsg>
</CancelInfo>]
INFO	[2022-02-28 17:27:43:817] <357> DECRYPT PARSE OK
INFO	[2022-02-28 17:27:43:817] <357> END cancel 정상처리되었습니다. Laptime:[0.319sec]
INFO	[2022-02-28 17:27:43:817] <357> ===============================================================
