INFO	[2022-11-04 09:38:54:119] <10881> START INIPHP cancel (V5036-141209)(OS:Linux2.6.32-754.11.1.el6.x86_64,PHP:5.3.3)
DEBUG	[2022-11-04 09:38:54:119] <10881> inipayhome:/home1/killdeal/public_html/shop/inicis
DEBUG	[2022-11-04 09:38:54:119] <10881> debug:false
DEBUG	[2022-11-04 09:38:54:119] <10881> type:cancel
DEBUG	[2022-11-04 09:38:54:119] <10881> mid:majorgol03
DEBUG	[2022-11-04 09:38:54:119] <10881> admin:1111
DEBUG	[2022-11-04 09:38:54:119] <10881> tid:StdpayCARDmajorgol0320221102091122747695
DEBUG	[2022-11-04 09:38:54:119] <10881> cancelmsg:쇼핑몰 운영자 승인 취소
INFO	[2022-11-04 09:38:54:119] <10881> Check Field OK
INFO	[2022-11-04 09:38:54:119] <10881> PI PUB KEY LOAD OK []
INFO	[2022-11-04 09:38:54:120] <10881> PG PUB KEY LOAD OK [30]
INFO	[2022-11-04 09:38:54:120] <10881> MERCHANT PRIV KEY LOAD OK
INFO	[2022-11-04 09:38:54:120] <10881> MERCHANT PUB KEY LOAD OK [0]
DEBUG	[2022-11-04 09:38:54:121] <10881> MAKE ENCRYPT OK[<?xml version="1.0" encoding="UTF-8"?>
<CancelInfo>
	  <CancelTID>StdpayCARDmajorgol0320221102091122747695</CancelTID>
	  <CancelMsg urlencode="1">%BC%EE%C7%CE%B8%F4+%BF%EE%BF%B5%C0%DA+%BD%C2%C0%CE+%C3%EB%BC%D2</CancelMsg>
	  <CancelReason/></CancelInfo>]
INFO	[2022-11-04 09:38:54:121] <10881> MAKE BODY OK
INFO	[2022-11-04 09:38:54:121] <10881> SIGN OK
INFO	[2022-11-04 09:38:54:121] <10881> MAKE HEAD OK
INFO	[2022-11-04 09:38:54:121] <10881> MSG_TO_PG:[0096200175D SHA1                   0                                      300420majorgol03                    StdpayCARDmajorgol0320221102091122747695<?xml version="1.0" encoding="UTF-8"?>
<INIpay>
	  <CancelInfo>
	    <SessionKey>daRG6XQn05SkAeaiB5ykOVcDudqGqOAr2CfTaRY0JkM3PqlSpOF68vxJvu28QT7R
OcAQs9m2uh6s7GD9GjEbPSsdNY5OkaZGBMHS5OtbrvjeE4kjG1bAjLODlH9SpLyY
Fe6pGutLpJCYmdM42eT3P2zwwFgp1drE3oKzqLf0dgm1dguh1ysilg==
</SessionKey>
	    <Encrypted>2EHcRUk4ntx0xmDMoZdUpl2AOB6TqlejgNWGVMtg+nkwqvJnDogAT/zGeMLhLNZP
PWfQAevz/wULR+6tDczDdVrM/8XhxBtINscpTiSSBvhvh0F3HW+flk09ky7Z9vha
bid5eZXJSVvREmDKLQfsw/NYZIfmSYa1z+hCExoRh3QMNkBDsKXZz7HAYarxJq/Z
cFk8kfUBe0XwoYKlQ0wahP6P5TGTblmY+Yf05FC1bXdc/C8oN2+mDlPXJ8HvzXqc
x0X/Td/mx+wqJbvIdNmOfsJ+h6wxXFKeSXNF3vVYQt2gzllT0o9WbyRpmOnYN3ri
U1nTEViJBC4HihxgCSS5oQ==
</Encrypted></CancelInfo>
	  <ReservedInfo>
	    <MReserved1/>
	    <MReserved2/>
	    <MReserved3/></ReservedInfo>
	  <ManageInfo>
	    <Language/>
	    <URL/>
	    <TXVersion>5036B141209canceLinux     PHPchkfake   2.6.32-754.11.1.el6.x86_64PHP:</TXVersion>
	    <TXUserID/>
	    <TXRegNum/></ManageInfo></INIpay>ADApMMNP6eufdzPEM9jQYu/XH0I1zR9GSjXJPgyGsPy1Ca3NQyf56XKUtrufrBty
2M3jjg04ZiPqdCVNgsOk00nNuBeETnsaxyvroNwTKA9o0q+PC6UyK/vUthmN3gbl
dHmGm4PlAiIjt7tIdJcJ+DCbvhf0jJ7WGJBFQPVjkC6W
]
INFO	[2022-11-04 09:38:54:121] <10881> DNS LOOKUP OK(203.238.37.3:203.238.37.3:34049) laptime:0
INFO	[2022-11-04 09:38:54:125] <10881> SOCKET CONNECT OK
INFO	[2022-11-04 09:38:54:125] <10881> SEND OK
INFO	[2022-11-04 09:38:54:405] <10881> RECV OK
INFO	[2022-11-04 09:38:54:405] <10881> MSG_FROM_PG:[0093300175D SHA1                   0                                      300430majorgol03                    StdpayCARDmajorgol0320221102091122747695<?xml version="1.0" encoding="UTF-8"?><INIpay>
<CancelInfo>
<ResultCode>120000</ResultCode>
<ResultMsg urlencode="1">%C1%A4%BB%F3%C3%B3%B8%AE%B5%C7%BE%FA%BD%C0%B4%CF%B4%D9.</ResultMsg>
<SessionKey>AKKaxexma4IJPlIaqbO6xEIV0Leqn7FNvto1iPbsAynuTZdtJdDWd7IiwJj+R7e1
Tg4k05lyL7wS8Kr3salXobIlNRH014uOp0PNx0MiwbhVbeZGYbNh8TLgGLiBsW7c
IkqwC63nlKTdshqxbgcEUTaRP99SxkMzRbY2F/2thKJL85jal0Fuizw=
</SessionKey>
<Encrypted>FbZ4hqwAaMjBH7Kpgq0qvCpxWBmsqQfhQePnTHs5Kxvy881gc9FlfjfVNPfFDd9R
/DrAXAodu2DphLac303bd+C1jvV30sDkRS3+bjV+7TxSZL81FnI1p8xrrWNCTGGj
EH1PSk0ELJy0vqVQpYXFykN9RyY1fWm+6Ok2MPDfmO2WyeUuTMGVkXkSkmRFUMeb
5+GvYiuZFTM09z6GdqFKJmxmUmcjTprR7WkmMf6sy8z+u1s7fOZ+6NYXWV5TVj+O
jHxzrCY40G5Xl3+07nJ0FP25nMBkeeCSJrWVYm/QAGdgFgU05EYQcBFhLIWa1QG2
EzUhFFUyxFuh5ptSdewG+7xp+eQ/z/sm
</Encrypted>
</CancelInfo>
<ManageInfo/>
<ReservedInfo>
<MReserved1 urlencode="1"/>
<MReserved2 urlencode="1"/>
<MReserved3 urlencode="1"/>
</ReservedInfo>
</INIpay>
OrFKY+zv2xCPEfl0KFS7k5X0tlkqbYkai51S61cxfnIQhU/ndQ5OC2EEhrZGDtPr
ozqxfV1QlGf2LhfQrBhE92UbLGrvJl3JLMFfaCHF9n8ksTgpjh++OFPLqRw2omqD
V1NtIxARE0Xgd1Ruf/ad2XvwCtQL1AwxJWItVyRMnyo=
]
INFO	[2022-11-04 09:38:54:405] <10881> VERIFY OK
INFO	[2022-11-04 09:38:54:405] <10881> PARSE HEAD OK
INFO	[2022-11-04 09:38:54:406] <10881> PARSE BODY OK
INFO	[2022-11-04 09:38:54:407] <10881> DECRYPT OK
DEBUG	[2022-11-04 09:38:54:407] <10881> DECRYPT MSG:[<?xml version="1.0" encoding="UTF-8"?><CancelInfo>
<CancelDate>20221104</CancelDate>
<CancelTime>093855</CancelTime>
<ResultCode>120000</ResultCode>
<ResultMsg urlencode="1">%C1%A4%BB%F3%C3%B3%B8%AE%B5%C7%BE%FA%BD%C0%B4%CF%B4%D9.</ResultMsg>
</CancelInfo>]
INFO	[2022-11-04 09:38:54:407] <10881> DECRYPT PARSE OK
INFO	[2022-11-04 09:38:54:407] <10881> END cancel 정상처리되었습니다. Laptime:[0.288sec]
INFO	[2022-11-04 09:38:54:407] <10881> ===============================================================
INFO	[2022-11-04 11:29:15:515] <10901> START INIPHP cancel (V5036-141209)(OS:Linux2.6.32-754.11.1.el6.x86_64,PHP:5.3.3)
DEBUG	[2022-11-04 11:29:15:515] <10901> inipayhome:/home1/killdeal/public_html/shop/inicis
DEBUG	[2022-11-04 11:29:15:515] <10901> debug:false
DEBUG	[2022-11-04 11:29:15:515] <10901> type:cancel
DEBUG	[2022-11-04 11:29:15:515] <10901> mid:majorgol03
DEBUG	[2022-11-04 11:29:15:515] <10901> admin:1111
DEBUG	[2022-11-04 11:29:15:515] <10901> tid:INIMX_CARDmajorgol0320221104102709225660
DEBUG	[2022-11-04 11:29:15:515] <10901> cancelmsg:주문자 본인 취소-구매의사 없음
INFO	[2022-11-04 11:29:15:515] <10901> Check Field OK
INFO	[2022-11-04 11:29:15:515] <10901> PI PUB KEY LOAD OK []
INFO	[2022-11-04 11:29:15:515] <10901> PG PUB KEY LOAD OK [30]
INFO	[2022-11-04 11:29:15:515] <10901> MERCHANT PRIV KEY LOAD OK
INFO	[2022-11-04 11:29:15:516] <10901> MERCHANT PUB KEY LOAD OK [0]
DEBUG	[2022-11-04 11:29:15:516] <10901> MAKE ENCRYPT OK[<?xml version="1.0" encoding="UTF-8"?>
<CancelInfo>
	  <CancelTID>INIMX_CARDmajorgol0320221104102709225660</CancelTID>
	  <CancelMsg urlencode="1">%C1%D6%B9%AE%C0%DA+%BA%BB%C0%CE+%C3%EB%BC%D2-%B1%B8%B8%C5%C0%C7%BB%E7+%BE%F8%C0%BD</CancelMsg>
	  <CancelReason/></CancelInfo>]
INFO	[2022-11-04 11:29:15:516] <10901> MAKE BODY OK
INFO	[2022-11-04 11:29:15:517] <10901> SIGN OK
INFO	[2022-11-04 11:29:15:517] <10901> MAKE HEAD OK
INFO	[2022-11-04 11:29:15:517] <10901> MSG_TO_PG:[0099400175D SHA1                   0                                      300420majorgol03                    INIMX_CARDmajorgol0320221104102709225660<?xml version="1.0" encoding="UTF-8"?>
<INIpay>
	  <CancelInfo>
	    <SessionKey>w3pSmRRjt6Dku4JtOxBOziRrjtdXAGy99mz+LMoQ8Y/WL3N2m83O3zggiRLXfJXv
44Rks/A7tzDcXiXrCslVAKpMxrtgJZGLC9Gt9HfKRiGlEafdJ5tQ9MjaN+i7xmWd
+rLpivEvN1Wy3rzOdz9zeXxlXIrA6ADkmox13GyLrJm56hlqeqAE9A==
</SessionKey>
	    <Encrypted>Tq18xJz801J8prZnlHNObSo9NKLNmEo9Ie3V4aNSAGfzsdwAN2Ty4CeuKDwMv+dh
WeEMI9XZsDeZxDTIMhh6wCd5YOJw04+fKj8In7TMiZkBAcLTm830Dzw7A0RpebWH
T2BoEzh8cyM4WsmMRgvIfwh8jmZU4Fwii62RgBnMWeBlhZwmG2MZGLFTY+C75doA
RaFuaB1CgKQI9d8HH7xt4mXq31jIfYv+jJeEI7bgs6nhId026SVqfbhxalJChFR/
20j87M275b9z/GUE+dcsZTEphxhnelgkK4XScT2JZDzoq3FY2+3nO7q74TIBlwAq
6xtVakJp3O2Qc/fSZ1RybKgrGpp44+QeKx6zTjVf6OF85KNgmn8MBA==
</Encrypted></CancelInfo>
	  <ReservedInfo>
	    <MReserved1/>
	    <MReserved2/>
	    <MReserved3/></ReservedInfo>
	  <ManageInfo>
	    <Language/>
	    <URL/>
	    <TXVersion>5036B141209canceLinux     PHPchkfake   2.6.32-754.11.1.el6.x86_64PHP:</TXVersion>
	    <TXUserID/>
	    <TXRegNum/></ManageInfo></INIpay>ABe0bchQJTas9pJuCGbPts7nfTTmJh5hr0pEeHLD2w+NDxXxhdrm4R1nGKkm/wX4
XzviMezpLGUbMo7j0p2o/Byrz/PuNR7s0I8LHrq9xAUhkf/pip1xV6u3aLNRIPDo
f09DAu72Gu5qzTH0UagNiaeS3Wr/ZvdrZOEO+tcuf1Tu
]
INFO	[2022-11-04 11:29:15:517] <10901> DNS LOOKUP OK(203.238.37.3:203.238.37.3:34049) laptime:0
INFO	[2022-11-04 11:29:15:520] <10901> SOCKET CONNECT OK
INFO	[2022-11-04 11:29:15:520] <10901> SEND OK
INFO	[2022-11-04 11:29:16:165] <10901> RECV OK
INFO	[2022-11-04 11:29:16:166] <10901> MSG_FROM_PG:[0093300175D SHA1                   0                                      300430majorgol03                    INIMX_CARDmajorgol0320221104102709225660<?xml version="1.0" encoding="UTF-8"?><INIpay>
<CancelInfo>
<ResultCode>120000</ResultCode>
<ResultMsg urlencode="1">%C1%A4%BB%F3%C3%B3%B8%AE%B5%C7%BE%FA%BD%C0%B4%CF%B4%D9.</ResultMsg>
<SessionKey>AN8WjdCUbCmKOyjiV+xJ9kNFqRBpIplHMSwQ/6vUC7j7kF2uW4w7UWfwfD1/FY+x
AMGsyjVkhGTWcXDzBzED40/AO8JfQlj+00XNo4mTZeNIJIFdZjQV8IK8eJpnZUYT
VgyNjNVfaj91V7yyt9JaOQ3kiL98c6ha/qwrtMYKO59lEGZh2aM65gA=
</SessionKey>
<Encrypted>UW2BM1wUno0I691oZ/mftyKqFKRlHD61QWPhAJl24k1PNLM9K7U/6BSO+xTNUBOV
/nJ1LfBWzl8jPVlKP7jpmJ+rp+84hvvPRbzkNGdgLgyeNrgJQNbEhMGVqrzRyLhu
i9woxC3MlbD0cbyK/UC3Dxb/up/uO/NUcnlnyZOxOrvZsw2oS/2mXqF06GANbbK2
kM2MDXx+EKf8o/wdyHZpJjwzec0Ya/cI1Ti+rMg5BtiD0YZXCuBHrz0uy1kzf7XR
5FnVxGD/J23qYLL0CAuEhz5cqLSKI01AH9GCqqGFWiycwVpVpq/1I32ULNTMBkTa
wtd65YEUAhqYIRCzIaeAN3CRBDI5U6SF
</Encrypted>
</CancelInfo>
<ManageInfo/>
<ReservedInfo>
<MReserved1 urlencode="1"/>
<MReserved2 urlencode="1"/>
<MReserved3 urlencode="1"/>
</ReservedInfo>
</INIpay>
TS7Iy5Hc7F0kpro6BW1Lg97djU5pK28BSqAGlNS4ugBOtYJwFyemiaztrXcrctgq
pCZcic1ZB747LRBteoCNN34jaI3q2C3jdarA5FJqy5awWHjhd+MliRia4DdFNJFH
xgYw1I0pGu4wvvrnrp6qIkLajjgURf6dpQ1jbuXKhTA=
]
INFO	[2022-11-04 11:29:16:166] <10901> VERIFY OK
INFO	[2022-11-04 11:29:16:166] <10901> PARSE HEAD OK
INFO	[2022-11-04 11:29:16:166] <10901> PARSE BODY OK
INFO	[2022-11-04 11:29:16:167] <10901> DECRYPT OK
DEBUG	[2022-11-04 11:29:16:167] <10901> DECRYPT MSG:[<?xml version="1.0" encoding="UTF-8"?><CancelInfo>
<CancelDate>20221104</CancelDate>
<CancelTime>112916</CancelTime>
<ResultCode>120000</ResultCode>
<ResultMsg urlencode="1">%C1%A4%BB%F3%C3%B3%B8%AE%B5%C7%BE%FA%BD%C0%B4%CF%B4%D9.</ResultMsg>
</CancelInfo>]
INFO	[2022-11-04 11:29:16:167] <10901> DECRYPT PARSE OK
INFO	[2022-11-04 11:29:16:167] <10901> END cancel 정상처리되었습니다. Laptime:[0.652sec]
INFO	[2022-11-04 11:29:16:167] <10901> ===============================================================
INFO	[2022-11-04 16:12:12:255] <15615> START INIPHP cancel (V5036-141209)(OS:Linux2.6.32-754.11.1.el6.x86_64,PHP:5.3.3)
DEBUG	[2022-11-04 16:12:12:255] <15615> inipayhome:/home1/killdeal/public_html/shop/inicis
DEBUG	[2022-11-04 16:12:12:255] <15615> debug:false
DEBUG	[2022-11-04 16:12:12:255] <15615> type:cancel
DEBUG	[2022-11-04 16:12:12:255] <15615> mid:majorgol03
DEBUG	[2022-11-04 16:12:12:255] <15615> admin:1111
DEBUG	[2022-11-04 16:12:12:255] <15615> tid:INIMX_ISP_majorgol0320221030212635755779
DEBUG	[2022-11-04 16:12:12:255] <15615> cancelmsg:쇼핑몰 운영자 승인 취소
INFO	[2022-11-04 16:12:12:255] <15615> Check Field OK
INFO	[2022-11-04 16:12:12:255] <15615> PI PUB KEY LOAD OK []
INFO	[2022-11-04 16:12:12:255] <15615> PG PUB KEY LOAD OK [30]
INFO	[2022-11-04 16:12:12:255] <15615> MERCHANT PRIV KEY LOAD OK
INFO	[2022-11-04 16:12:12:255] <15615> MERCHANT PUB KEY LOAD OK [0]
DEBUG	[2022-11-04 16:12:12:256] <15615> MAKE ENCRYPT OK[<?xml version="1.0" encoding="UTF-8"?>
<CancelInfo>
	  <CancelTID>INIMX_ISP_majorgol0320221030212635755779</CancelTID>
	  <CancelMsg urlencode="1">%BC%EE%C7%CE%B8%F4+%BF%EE%BF%B5%C0%DA+%BD%C2%C0%CE+%C3%EB%BC%D2</CancelMsg>
	  <CancelReason/></CancelInfo>]
INFO	[2022-11-04 16:12:12:256] <15615> MAKE BODY OK
INFO	[2022-11-04 16:12:12:256] <15615> SIGN OK
INFO	[2022-11-04 16:12:12:256] <15615> MAKE HEAD OK
INFO	[2022-11-04 16:12:12:256] <15615> MSG_TO_PG:[0096200175D SHA1                   0                                      300420majorgol03                    INIMX_ISP_majorgol0320221030212635755779<?xml version="1.0" encoding="UTF-8"?>
<INIpay>
	  <CancelInfo>
	    <SessionKey>HwHbdKSutcHfxQbY3W3prkZOdnSwXQ2aFTyvcuiY/OVGg6pQTF8InMFrK1yM3o5M
GSTc8LwAzox8MqmnIKPgY4nZ90pW+T2YSaNEkwZseY9oakO82K0+Pu9edIYAUBnf
6E1J8R6YBwBJStzc1PIgja4iRfTzVQQH1umZ8hEVm5TM/B6Lkyno9w==
</SessionKey>
	    <Encrypted>GYHm9cWwl5FXhnxAXRVHb5Zrsza54FMA2ihGYDfZTRGtsd2pA1SWXe0Axg4d+RqH
QYJYOC8O6fKdW+7lUiAmOu+vKwl7UWinJXg0L3w0jnMgpfuNtwmJOPV6UIS8sXs8
JDADv/6PatYYm6l0XBMMe/ia1uk3YEsox7TzAkZ8CALjXug+T/7OlhEBF1We8VBV
7EgUdVnSzXC8kK5dVK92sivaJcCgE/f65iIIwb8K6aEipxu9nuiNjvN24iY0eJ+A
oG8wsSIydLQ7cu80L0NVG9qt0V3qLPTDeDi0zfs+uRL+9SJwq4xTQQ8T9U9Upbmd
auwXI94t6JymvAXSrs+qDQ==
</Encrypted></CancelInfo>
	  <ReservedInfo>
	    <MReserved1/>
	    <MReserved2/>
	    <MReserved3/></ReservedInfo>
	  <ManageInfo>
	    <Language/>
	    <URL/>
	    <TXVersion>5036B141209canceLinux     PHPchkfake   2.6.32-754.11.1.el6.x86_64PHP:</TXVersion>
	    <TXUserID/>
	    <TXRegNum/></ManageInfo></INIpay>AJDo75NxAG7unZpGxjrdbHfKjQwTmBd/c1OjTo+Zv4Ce+PgmpwkXLe80Qc5Kslz2
G2xgfYkZWAqMovEdVagOWCCd3m7vtwSN/oYaYcHnQ/+Ve/eMFPxtjOOh4nxZCHKd
1NBZpIz7l/4PnTDctYXCpBG0Adh7O/yNzDaUiaV21v5U
]
INFO	[2022-11-04 16:12:12:256] <15615> DNS LOOKUP OK(203.238.37.3:203.238.37.3:34049) laptime:0
INFO	[2022-11-04 16:12:12:259] <15615> SOCKET CONNECT OK
INFO	[2022-11-04 16:12:12:259] <15615> SEND OK
INFO	[2022-11-04 16:12:12:946] <15615> RECV OK
INFO	[2022-11-04 16:12:12:946] <15615> MSG_FROM_PG:[0086100175D SHA1                   0                                      300430majorgol03                    INIMX_ISP_majorgol0320221030212635755779<?xml version="1.0" encoding="UTF-8"?><INIpay>
<CancelInfo>
<ResultCode>170000</ResultCode>
<ResultMsg urlencode="1">%C1%A4%BB%F3%BF%CF%B7%E1</ResultMsg>
<SessionKey>ANkCO7S233W9tsT3jsy79iN3Xx5Gf4m0wtOqd4W13TLnsloFxMU2jivWl2/TeWDb
Eket5grH8gmPpHTnprPb3QafzdjC2vmrJHBFjueYITmtmN+MVoN2ayRRglqEpb+Y
KnFXuN/7XBrZi0mwPtPzctsFZhG2BoX6TdcyuUouF9sepvL1xUAEkmQ=
</SessionKey>
<Encrypted>P3CNxk81JYzTzWsvrLlWky41HoZuaiRWvlhAcKI4YfzSwsvnROjizrNhE4QeblAY
KA0NPmd20aGOGne25AqYOkcQ5BZNKFcE1xwrx0ZGiiekWJ9xv3+HFz7C2s6xCuhi
qcYdjYFbZ/Gv4icmt/I1Z6SD0gT7fmi4M3KBHDnwwXYTCRfiSW8CNKFvLk9oy9Ko
mPvOnuie1me1Fe64sDqdiEqTjsrXq+Nqk2uVGGSojZNhnTHChqYpohjXp/LKNxYJ
BbPxBtmqX/39gpdnUHEDF++Sv/056CqdJ+flWQ3oIwhguo5vHBEAXw==
</Encrypted>
</CancelInfo>
<ManageInfo/>
<ReservedInfo>
<MReserved1 urlencode="1"/>
<MReserved2 urlencode="1"/>
<MReserved3 urlencode="1"/>
</ReservedInfo>
</INIpay>
d7riZ68ou7jAQH9A59NmrN1Nv0/l/J5rRmI1kTdq+jfPUilyX0S8SKoOur/3TtOm
DIW7IgTi1nFfl4F8Ztctib/i4G/5xzk4igyKBasSLLLQ1WH/efzV9c22b/WS+Moo
5+fiCAarEC6E+Ktnn2FRo86GNyVKsoM0eQn4/Rlq0VQ=
]
INFO	[2022-11-04 16:12:12:946] <15615> VERIFY OK
INFO	[2022-11-04 16:12:12:946] <15615> PARSE HEAD OK
INFO	[2022-11-04 16:12:12:946] <15615> PARSE BODY OK
INFO	[2022-11-04 16:12:12:947] <15615> DECRYPT OK
DEBUG	[2022-11-04 16:12:12:947] <15615> DECRYPT MSG:[<?xml version="1.0" encoding="UTF-8"?><CancelInfo>
<CancelDate>20221104</CancelDate>
<CancelTime>161213</CancelTime>
<ResultCode>170000</ResultCode>
<ResultMsg urlencode="1">%C1%A4%BB%F3%BF%CF%B7%E1</ResultMsg>
</CancelInfo>]
INFO	[2022-11-04 16:12:12:947] <15615> DECRYPT PARSE OK
INFO	[2022-11-04 16:12:12:947] <15615> END cancel 정상완료 Laptime:[0.693sec]
INFO	[2022-11-04 16:12:12:947] <15615> ===============================================================
