INFO	[2023-01-03 09:54:02:974] <12755> START INIPHP cancel (V5036-141209)(OS:Linux2.6.32-754.11.1.el6.x86_64,PHP:5.3.3)
DEBUG	[2023-01-03 09:54:02:974] <12755> inipayhome:/home1/killdeal/public_html/shop/inicis
DEBUG	[2023-01-03 09:54:02:974] <12755> debug:false
DEBUG	[2023-01-03 09:54:02:974] <12755> type:cancel
DEBUG	[2023-01-03 09:54:02:974] <12755> mid:majorgol03
DEBUG	[2023-01-03 09:54:02:974] <12755> admin:1111
DEBUG	[2023-01-03 09:54:02:974] <12755> tid:INIMX_CARDmajorgol0320221224122238805423
DEBUG	[2023-01-03 09:54:02:974] <12755> cancelmsg:쇼핑몰 운영자 승인 취소
INFO	[2023-01-03 09:54:02:974] <12755> Check Field OK
INFO	[2023-01-03 09:54:02:974] <12755> PI PUB KEY LOAD OK []
INFO	[2023-01-03 09:54:02:975] <12755> PG PUB KEY LOAD OK [30]
INFO	[2023-01-03 09:54:02:975] <12755> MERCHANT PRIV KEY LOAD OK
INFO	[2023-01-03 09:54:02:976] <12755> MERCHANT PUB KEY LOAD OK [0]
DEBUG	[2023-01-03 09:54:02:976] <12755> MAKE ENCRYPT OK[<?xml version="1.0" encoding="UTF-8"?>
<CancelInfo>
	  <CancelTID>INIMX_CARDmajorgol0320221224122238805423</CancelTID>
	  <CancelMsg urlencode="1">%BC%EE%C7%CE%B8%F4+%BF%EE%BF%B5%C0%DA+%BD%C2%C0%CE+%C3%EB%BC%D2</CancelMsg>
	  <CancelReason/></CancelInfo>]
INFO	[2023-01-03 09:54:02:976] <12755> MAKE BODY OK
INFO	[2023-01-03 09:54:02:977] <12755> SIGN OK
INFO	[2023-01-03 09:54:02:977] <12755> MAKE HEAD OK
INFO	[2023-01-03 09:54:02:977] <12755> MSG_TO_PG:[0096200175D SHA1                   0                                      300420majorgol03                    INIMX_CARDmajorgol0320221224122238805423<?xml version="1.0" encoding="UTF-8"?>
<INIpay>
	  <CancelInfo>
	    <SessionKey>tYWWnFAyb2QGQDA/dFX2MmGwxU3uHR4hmF06/TWODgy9uTqUSxYAREh39vBe69G1
tR0Rj7e4OfOpW/pHHirAKWygDak1uxIL3mO50QnrAulmo3PwObX8RMIXATTgWsOj
QXVBqHsrHstEZTsPKMzQQ9F2FDmPaax9WQxZPakfGWnK3wzAHplVyA==
</SessionKey>
	    <Encrypted>WmqCX/WDLRlYRWpdX6dWOxufHO6R5mfXBAmgx3ARMG2Cfsf0chPSpK1mkYJVAc6x
aovad9iquSVsILuryiTkG79s2z9JtDHqPIbUjTo07sjI9Kdcd4uaOxlmy8joHKMZ
KVPOoBOV9nee3JiIIpTQOP5FmFhEztIj8cTv12b+QnQm1eFrHhVUI+L4zIRB4gPm
dLTHmS2IL4XG7riZjGQ3mNlpQij7x3YS2t1IoEIgA9bkwA+Stos/7tdvE8zByNv0
f5lPZCh2NLlTtaE5Q6Oshp+rsxV7aCjK4UqHdMJupTFwrSALT9YtlIhY2DscERNP
BWRmHIZssj2DrW1kZwMzdg==
</Encrypted></CancelInfo>
	  <ReservedInfo>
	    <MReserved1/>
	    <MReserved2/>
	    <MReserved3/></ReservedInfo>
	  <ManageInfo>
	    <Language/>
	    <URL/>
	    <TXVersion>5036B141209canceLinux     PHPchkfake   2.6.32-754.11.1.el6.x86_64PHP:</TXVersion>
	    <TXUserID/>
	    <TXRegNum/></ManageInfo></INIpay>AITlW6itV9vnJCkbjhQTfu6/33c3V1M6NP4fpwpwTIQ6rNx11pPgDo09Xru8Y+BC
Bpvqz6hlweqyq50nK+vmwGjGEk724aXvAEUznC7ewOKYOI49y3mgxLB9eweq3Bs2
bKxDUqZGNXRVNcyIeQeTXtaagI0/Qpj68YWsXxbUa3Tr
]
INFO	[2023-01-03 09:54:02:977] <12755> DNS LOOKUP OK(203.238.37.3:203.238.37.3:34049) laptime:0
INFO	[2023-01-03 09:54:02:979] <12755> SOCKET CONNECT OK
INFO	[2023-01-03 09:54:02:979] <12755> SEND OK
INFO	[2023-01-03 09:54:03:731] <12755> RECV OK
INFO	[2023-01-03 09:54:03:731] <12755> MSG_FROM_PG:[0093300175D SHA1                   0                                      300430majorgol03                    INIMX_CARDmajorgol0320221224122238805423<?xml version="1.0" encoding="UTF-8"?><INIpay>
<CancelInfo>
<ResultCode>120000</ResultCode>
<ResultMsg urlencode="1">%C1%A4%BB%F3%C3%B3%B8%AE%B5%C7%BE%FA%BD%C0%B4%CF%B4%D9.</ResultMsg>
<SessionKey>AEZPkhC2cm6BUt/cGq6F6luXcE4ZBtTtC9D6pM8eQA6j9bPPiMilBTYeTTklBmac
n4udA5iNwerkvznQWuar/Z/KLGZytg+0LxCguWc6SwkRdVP9PHIaCXMaVmInK12Q
7JOVZxfhWs9UuSt2zGPqxZzmzUb6FNL033l7Eh22B3rjSTZ2c+0h0SY=
</SessionKey>
<Encrypted>8HQhA4IszA35B4TJPj+wdbEIY6H6QegPmIzZGGhKMuj4gIEuSGh7fniajgLGZTCF
O9nYGAoYRdDlC/2f7I2m5yDm9JeA+5rLpReV7FR1MnxJwbtNDzrejFXpejQFKuwy
KgXVYYDUcdQP6QGe9vqNimw53IoCz2aDIa3UUNo+1oc3EwTxygOmPg7ytT4FLTpG
UO0PabtN+3DYtpSAOzjRPRypeTm94eJ6ebq3OV7ITGbKxzhdkZI1mD4Qqc1mLJuB
4jen9vSo51IH5JeFRNaG+L5Zk3A3K0itnX0mIlmnbLZ564XfNdfE2ajHUqk/aWyU
wy/y2q6Vh7tHHNw6RdjEBJD+OmoA28B5
</Encrypted>
</CancelInfo>
<ManageInfo/>
<ReservedInfo>
<MReserved1 urlencode="1"/>
<MReserved2 urlencode="1"/>
<MReserved3 urlencode="1"/>
</ReservedInfo>
</INIpay>
ZYJUnVG9dlkUklw34t+m5aPecHu9wvwIP4AYvMt/1GXvsqqZNZR7ULDZ5ptpOPyV
AZvF7GScfpipqa+5LWSALHwPtfyc8aeazxqS7RBMYtfWb0DI0u4hCCFgLEknvUQl
JW//LkqjlXF35o3m/Z268SVXlIuaMR+OiQlnMDADKMI=
]
INFO	[2023-01-03 09:54:03:731] <12755> VERIFY OK
INFO	[2023-01-03 09:54:03:731] <12755> PARSE HEAD OK
INFO	[2023-01-03 09:54:03:732] <12755> PARSE BODY OK
INFO	[2023-01-03 09:54:03:732] <12755> DECRYPT OK
DEBUG	[2023-01-03 09:54:03:732] <12755> DECRYPT MSG:[<?xml version="1.0" encoding="UTF-8"?><CancelInfo>
<CancelDate>20230103</CancelDate>
<CancelTime>095403</CancelTime>
<ResultCode>120000</ResultCode>
<ResultMsg urlencode="1">%C1%A4%BB%F3%C3%B3%B8%AE%B5%C7%BE%FA%BD%C0%B4%CF%B4%D9.</ResultMsg>
</CancelInfo>]
INFO	[2023-01-03 09:54:03:732] <12755> DECRYPT PARSE OK
INFO	[2023-01-03 09:54:03:732] <12755> END cancel 정상처리되었습니다. Laptime:[0.758sec]
INFO	[2023-01-03 09:54:03:732] <12755> ===============================================================
INFO	[2023-01-03 22:45:31:973] <11385> START INIPHP cancel (V5036-141209)(OS:Linux2.6.32-754.11.1.el6.x86_64,PHP:5.3.3)
DEBUG	[2023-01-03 22:45:31:973] <11385> inipayhome:/home1/killdeal/public_html/shop/inicis
DEBUG	[2023-01-03 22:45:31:973] <11385> debug:false
DEBUG	[2023-01-03 22:45:31:973] <11385> type:cancel
DEBUG	[2023-01-03 22:45:31:973] <11385> mid:majorgol03
DEBUG	[2023-01-03 22:45:31:973] <11385> admin:1111
DEBUG	[2023-01-03 22:45:31:973] <11385> tid:INIMX_VBNKmajorgol0320230103224342115711
DEBUG	[2023-01-03 22:45:31:973] <11385> cancelmsg:주문자 본인 취소-상품옵션 선택 잘못함
INFO	[2023-01-03 22:45:31:973] <11385> Check Field OK
INFO	[2023-01-03 22:45:31:973] <11385> PI PUB KEY LOAD OK []
INFO	[2023-01-03 22:45:31:973] <11385> PG PUB KEY LOAD OK [30]
INFO	[2023-01-03 22:45:31:973] <11385> MERCHANT PRIV KEY LOAD OK
INFO	[2023-01-03 22:45:31:974] <11385> MERCHANT PUB KEY LOAD OK [0]
DEBUG	[2023-01-03 22:45:31:974] <11385> MAKE ENCRYPT OK[<?xml version="1.0" encoding="UTF-8"?>
<CancelInfo>
	  <CancelTID>INIMX_VBNKmajorgol0320230103224342115711</CancelTID>
	  <CancelMsg urlencode="1">%C1%D6%B9%AE%C0%DA+%BA%BB%C0%CE+%C3%EB%BC%D2-%BB%F3%C7%B0%BF%C9%BC%C7+%BC%B1%C5%C3+%C0%DF%B8%F8%C7%D4</CancelMsg>
	  <CancelReason/></CancelInfo>]
INFO	[2023-01-03 22:45:31:974] <11385> MAKE BODY OK
INFO	[2023-01-03 22:45:31:975] <11385> SIGN OK
INFO	[2023-01-03 22:45:31:975] <11385> MAKE HEAD OK
INFO	[2023-01-03 22:45:31:975] <11385> MSG_TO_PG:[0101500175D SHA1                   0                                      300420majorgol03                    INIMX_VBNKmajorgol0320230103224342115711<?xml version="1.0" encoding="UTF-8"?>
<INIpay>
	  <CancelInfo>
	    <SessionKey>2LcSp7bwJmsozjD4eaLNI0A1L19yJRsxMWTy62q9LZi/JrlW3KQw33G/bIi/0itl
8uWiZnGkWbMFRbfyVMN6JP2pUzo9rctSA93ZW30gbymsJw3d/hKbqER0txC3eV1s
QZBWXvmmDT00laRPkkW6YbE/tiu5YyptporVgo78TX2WGRzQ8JD+WQ==
</SessionKey>
	    <Encrypted>pgOj8d5PO9cqXxtBjpW72HNgx9uUN9v9ULYvuPVCxJOfco7JujPQox3bNx/1+rsi
ujtQ8qVSf2vdkonU0fejBK1jV6qXqwumLKOR8k47bu5hwZCxQyx28Lz6ZeGwQSbT
Q/TzTgW/xnz//GeBYfIM+D22u1TsdoL2/7Dp687HxxISBk8ngD2tciFlENBxmvGQ
hVA9NphagT7BQn/UNcCvndBumkIGRbp4xr1Vj51fM5bYHhrZvGQ/4a9SDgUDA/8E
c6vzfWPQlurwJHycSbRP3hEhIuWW4kmeSRAttzAfZoWRNTjh47PzsTdxlen7x64q
CYV1hYZp7nqKVPUzCo2mlIzXT04HBrgQzwWwCe7MsBDg49XjBs5AY/Os9vo/UGdf
Ce5OfM/Sw3M=
</Encrypted></CancelInfo>
	  <ReservedInfo>
	    <MReserved1/>
	    <MReserved2/>
	    <MReserved3/></ReservedInfo>
	  <ManageInfo>
	    <Language/>
	    <URL/>
	    <TXVersion>5036B141209canceLinux     PHPchkfake   2.6.32-754.11.1.el6.x86_64PHP:</TXVersion>
	    <TXUserID/>
	    <TXRegNum/></ManageInfo></INIpay>AMcvSrSi21m7vqCVjfwGskGoOJmHHP5yq6Ey6dB/gePxwiY8Yt/z9kpPtL5mAL2a
NfCz+iTYP/lBamW42mv6vuKtYK/CNba+aPQ0UnTHkzGizjdGam9ZcuZdNFXcOB7E
tkxX9xMaIhVF3tPbT2BODiqXw5PwRJ7UQsZQwrOtff8b
]
INFO	[2023-01-03 22:45:31:975] <11385> DNS LOOKUP OK(203.238.37.3:203.238.37.3:34049) laptime:0
INFO	[2023-01-03 22:45:31:977] <11385> SOCKET CONNECT OK
INFO	[2023-01-03 22:45:31:977] <11385> SEND OK
INFO	[2023-01-03 22:45:32:96] <11385> RECV OK
INFO	[2023-01-03 22:45:32:96] <11385> MSG_FROM_PG:[0123800175D SHA1                   0                                      300430majorgol03                    INIMX_VBNKmajorgol0320230103224342115711<?xml version="1.0" encoding="UTF-8"?><INIpay>
<CancelInfo>
<ResultCode>170000</ResultCode>
<ResultMsg urlencode="1">%C1%A4%BB%F3%C3%B3%B8%AE%B5%C7%BE%FA%BD%C0%B4%CF%B4%D9.</ResultMsg>
<SessionKey>AG/42bkuKF16Wg3zVfJ2webfyYehDkoIOAt1dQgrF8JUMwnxwm/F1EJQU0li/Nb0
MXb6lIkxPiGzqE5awKUBLOCSIfcosQDgAsHgaKqu/2E5UgINXP4KrUUt2eqFz6RU
l8UnDeBs4uSAUTkEFph5ouZnoTYoHVEjb9wrrKkGdh+Y2+NcEFmhD9A=
</SessionKey>
<Encrypted>kNk5m316jmpPFYYiWFfPN4uldrheX0Y1pIg/rImOaXOiKhma9nVW/BM8ndWN1mov
B1DkRcAMaJikma3trN8yWYyJfXUyZN4LMcsDXOt4FIgFk5WNqiC+oZGpsLc0onIs
V1CK8Fds36jxQUc/JKQGH7uf7fQErtpB/ql0OJ5p8b5Mgarvj7Xsrg8T/Tl9w/FK
NtwPCKgGd4HsXMntTUdHVlvUOGu8jx4dvfg0BvaHJvAV+Pm4qVpteNpSd1I3AUli
QRietVNPf8rrCUYjKr6J6Zn23NfDxA0lfcnWTJNIsO6+WX4usvYoizUhcaupJprE
o4+jGXQsC9hFJu6nho5oj+s1UsIG8k0l7wHwQT02Y0h9aPUACrdk/q1RBa2F+cCX
DCRsQRzxVWR6L8MI8hs7mPV5F/MTdbKeTlPavehjmp1jBIcloh3B+O+u0h66Vtk6
6FdtmNB2ouwuCldzZoja6oe9ZoF5aSunNq4biBg2lCD6kypmKdSU2/gCR60qv6pi
lvsM1HiC239oi7mlFdiF89m95gVxUIeJaNYdXruFXRVvnE3MCOaH0YmKcF/euYaV
o8StAT6doJg8tEvALCChTfH6bo3dB4yIEFqF8RMvICFHNqml2LsreBF+sfu98RVs
EFPsEKyDVxA=
</Encrypted>
</CancelInfo>
<ManageInfo/>
<ReservedInfo>
<MReserved1 urlencode="1"/>
<MReserved2 urlencode="1"/>
<MReserved3 urlencode="1"/>
</ReservedInfo>
</INIpay>
rbYbl0jQoyhL6FQJGfvGV1/VKpNlZPdoDHgsITPCaDL1dmbQQEkJvNtnhR8D777A
TodG29YqabIHRMmLc8UqBDSW4IzAk3/uX9kDYaE9lVKOToUyMd40DIS6vPpNHmRR
zw5JNZoS5jamgu+d5eCVJ5qAhasfI+5llnaRS0ZiT0s=
]
INFO	[2023-01-03 22:45:32:96] <11385> VERIFY OK
INFO	[2023-01-03 22:45:32:97] <11385> PARSE HEAD OK
INFO	[2023-01-03 22:45:32:97] <11385> PARSE BODY OK
INFO	[2023-01-03 22:45:32:97] <11385> DECRYPT OK
DEBUG	[2023-01-03 22:45:32:98] <11385> DECRYPT MSG:[<?xml version="1.0" encoding="UTF-8"?><CancelInfo>
<CancelDate>20230103</CancelDate>
<CancelTime>224532</CancelTime>
<ResultCode>170000</ResultCode>
<ResultMsg urlencode="1">%C1%A4%BB%F3%C3%B3%B8%AE%B5%C7%BE%FA%BD%C0%B4%CF%B4%D9.</ResultMsg>
<CSHR_CancelDate>20230103</CSHR_CancelDate>
<CSHR_CancelTime>224532</CSHR_CancelTime>
<CSHR_ResultCode>220000</CSHR_ResultCode>
<CSHR_ResultMsg urlencode="1">%C1%A4%BB%F3%C3%B3%B8%AE%B5%C7%BE%FA%BD%C0%B4%CF%B4%D9.</CSHR_ResultMsg>
</CancelInfo>]
INFO	[2023-01-03 22:45:32:98] <11385> DECRYPT PARSE OK
INFO	[2023-01-03 22:45:32:98] <11385> END cancel 정상처리되었습니다. Laptime:[0.125sec]
INFO	[2023-01-03 22:45:32:98] <11385> ===============================================================
