INFO	[2021-05-15 12:23:37:938] <24291> START INIPHP cancel (V5036-141209)(OS:Linux2.6.32-754.11.1.el6.x86_64,PHP:5.3.3)
DEBUG	[2021-05-15 12:23:37:938] <24291> inipayhome:/home1/killdeal/public_html/shop/inicis
DEBUG	[2021-05-15 12:23:37:938] <24291> debug:false
DEBUG	[2021-05-15 12:23:37:938] <24291> type:cancel
DEBUG	[2021-05-15 12:23:37:938] <24291> mid:majorgol03
DEBUG	[2021-05-15 12:23:37:938] <24291> admin:1111
DEBUG	[2021-05-15 12:23:37:938] <24291> tid:INIMX_CARDmajorgol0320210515110132375867
DEBUG	[2021-05-15 12:23:37:938] <24291> cancelmsg:주문자 본인 취소-상품옵션 선택 잘못함
INFO	[2021-05-15 12:23:37:938] <24291> Check Field OK
INFO	[2021-05-15 12:23:37:938] <24291> PI PUB KEY LOAD OK []
INFO	[2021-05-15 12:23:37:939] <24291> PG PUB KEY LOAD OK [30]
INFO	[2021-05-15 12:23:37:939] <24291> MERCHANT PRIV KEY LOAD OK
INFO	[2021-05-15 12:23:37:939] <24291> MERCHANT PUB KEY LOAD OK [0]
DEBUG	[2021-05-15 12:23:37:940] <24291> MAKE ENCRYPT OK[<?xml version="1.0" encoding="UTF-8"?>
<CancelInfo>
	  <CancelTID>INIMX_CARDmajorgol0320210515110132375867</CancelTID>
	  <CancelMsg urlencode="1">%C1%D6%B9%AE%C0%DA+%BA%BB%C0%CE+%C3%EB%BC%D2-%BB%F3%C7%B0%BF%C9%BC%C7+%BC%B1%C5%C3+%C0%DF%B8%F8%C7%D4</CancelMsg>
	  <CancelReason/></CancelInfo>]
INFO	[2021-05-15 12:23:37:940] <24291> MAKE BODY OK
INFO	[2021-05-15 12:23:37:940] <24291> SIGN OK
INFO	[2021-05-15 12:23:37:940] <24291> MAKE HEAD OK
INFO	[2021-05-15 12:23:37:940] <24291> MSG_TO_PG:[0101500175D SHA1                   0                                      300420majorgol03                    INIMX_CARDmajorgol0320210515110132375867<?xml version="1.0" encoding="UTF-8"?>
<INIpay>
	  <CancelInfo>
	    <SessionKey>gtNXzX3EMqI63890B0J+KXrHWRh/FjnymaiI5/KjceFr+mD/DC0vTmUsONTWnrP5
Ol+GOTsaCWlgpBAFoDKktQV08AdJooAZ4eVua5jcMN8l4DB4NdaKh6DaIqKfE5oe
M4xwruJULdNzjrHcQX7ABQTGuiAQ3kg8i9sr3m2/Bvv1B+z+Rm6T4Q==
</SessionKey>
	    <Encrypted>QcvAfBnMzRG7VPIMsMaVCh5im+WzTIgnySWQaBxPgjOhE/gRmeWa5yJPxsK+JloO
yL20mQdxIbtA92gdMQehvvPNiu3gIIxtvWL7ikpTZwab9BS5abgxH4m7QN/11Oo9
II0SGwoOa7PCxh9s6rtpWejlpNp+tKqRXtI75tcM11PcLCVet9n3Lx27k74Va07a
LlFmMi+ZYKtJMonZVdKKBO7cGg9edQPsIV8D5ALpMUAor/rEGreuDMF0TQCKI1Ei
RUQ6vswppI3S3Tp1MxRuOWr9sSTKQS1RyiNFtONe1Q+qgxmBsBlj6ohHrLYkbfLn
YUySY+bJo2Azho2jGTMBATLm6GuxxK0jPyG2t7HIhpF71SlwP7npRz7MgymV9z56
TCe2blI9qMs=
</Encrypted></CancelInfo>
	  <ReservedInfo>
	    <MReserved1/>
	    <MReserved2/>
	    <MReserved3/></ReservedInfo>
	  <ManageInfo>
	    <Language/>
	    <URL/>
	    <TXVersion>5036B141209canceLinux     PHPchkfake   2.6.32-754.11.1.el6.x86_64PHP:</TXVersion>
	    <TXUserID/>
	    <TXRegNum/></ManageInfo></INIpay>ACM9lYFj0HDdtJEuitqM768hOBsSmECeFcJu8JrTIKw1kBjXT4Da5Hi0E6ZQqWCR
9EX2LpKrVeYR8yVefqmzB2ksucZD3SKfCVT7OtY5KnKwGCCOGwBxk/x+swbio7J/
AKvvMgPJiFfCKQCfzFtMpBhGO9wr3V15pdQPyct+HXde
]
INFO	[2021-05-15 12:23:37:940] <24291> DNS LOOKUP OK(203.238.37.3:203.238.37.3:34049) laptime:0
INFO	[2021-05-15 12:23:37:942] <24291> SOCKET CONNECT OK
INFO	[2021-05-15 12:23:37:943] <24291> SEND OK
INFO	[2021-05-15 12:23:38:501] <24291> RECV OK
INFO	[2021-05-15 12:23:38:501] <24291> MSG_FROM_PG:[0093300175D SHA1                   0                                      300430majorgol03                    INIMX_CARDmajorgol0320210515110132375867<?xml version="1.0" encoding="UTF-8"?><INIpay>
<CancelInfo>
<ResultCode>120000</ResultCode>
<ResultMsg urlencode="1">%C1%A4%BB%F3%C3%B3%B8%AE%B5%C7%BE%FA%BD%C0%B4%CF%B4%D9.</ResultMsg>
<SessionKey>AHXY9h/rraRwIyYAYx967tgxoyYvK/GA1hmIpEfnj+lqtKDv+2U17O4Ap4vNso/S
VEASTmNFhgF+0XZp5wvWuYT1LzubNaU4i6nJTYxPuPBHsrBz6EE4uYvBvkfsab7O
xz3VTvlzBkTIbsi958u1e4GHMMB6UGmZLCHPzhgPWcBdtrIT1nR0vOE=
</SessionKey>
<Encrypted>QeL9EbJhagj0xIkG7gmS9hSxfwq0s+BEXW8VSanS3PhKQQO0QGMP4DrtgmhzhsqW
EU9F9g9JABTMWZVDsMYgblPW14jhwLe3fAwX2Ekex/E8VzPInyKZIeLbnAvGBJnH
XAdWqr9Ig+jctrBGKAXqYQ4oBJTBFQvne4m/dHnsJ3V/lpTAlK3uZLLkq3UudQph
u7AYB8I4Nz0Ci7Jm1KzlABQdqw3zgG+4iWb8deCYVlX+Kt7pfkq8v/Y6beENuYuq
Gn2FB0drvAA/V3eFwh+F8pglXXcTGciPwYvQzG5nb3e3qPV1Y3SpVeoirWtDc30z
XBbfAy3qROdeShEMtpsK8kmhwNppbQsE
</Encrypted>
</CancelInfo>
<ManageInfo/>
<ReservedInfo>
<MReserved1 urlencode="1"/>
<MReserved2 urlencode="1"/>
<MReserved3 urlencode="1"/>
</ReservedInfo>
</INIpay>
HEjGC/dtDGhqlkWnMkOojvrkOyBlx7/S8sxFel8AqlBjQkcuk0+8byamMkeknl4l
au7M+gHH32ZYXRS2gCUfdBO+qCNYl1jgTXUvxpmI0ebN7HkjpalxmEtF7zRBhNHT
74Gl50Lf/6SvsM5qqU9UbtPDbRg1xPiPF2CcK66HxSI=
]
INFO	[2021-05-15 12:23:38:501] <24291> VERIFY OK
INFO	[2021-05-15 12:23:38:501] <24291> PARSE HEAD OK
INFO	[2021-05-15 12:23:38:501] <24291> PARSE BODY OK
INFO	[2021-05-15 12:23:38:502] <24291> DECRYPT OK
DEBUG	[2021-05-15 12:23:38:502] <24291> DECRYPT MSG:[<?xml version="1.0" encoding="UTF-8"?><CancelInfo>
<CancelDate>20210515</CancelDate>
<CancelTime>122337</CancelTime>
<ResultCode>120000</ResultCode>
<ResultMsg urlencode="1">%C1%A4%BB%F3%C3%B3%B8%AE%B5%C7%BE%FA%BD%C0%B4%CF%B4%D9.</ResultMsg>
</CancelInfo>]
INFO	[2021-05-15 12:23:38:502] <24291> DECRYPT PARSE OK
INFO	[2021-05-15 12:23:38:502] <24291> END cancel 정상처리되었습니다. Laptime:[0.564sec]
INFO	[2021-05-15 12:23:38:502] <24291> ===============================================================
INFO	[2021-05-15 12:36:18:471] <24201> START INIPHP cancel (V5036-141209)(OS:Linux2.6.32-754.11.1.el6.x86_64,PHP:5.3.3)
DEBUG	[2021-05-15 12:36:18:471] <24201> inipayhome:/home1/killdeal/public_html/shop/inicis
DEBUG	[2021-05-15 12:36:18:471] <24201> debug:false
DEBUG	[2021-05-15 12:36:18:471] <24201> type:cancel
DEBUG	[2021-05-15 12:36:18:471] <24201> mid:majorgol03
DEBUG	[2021-05-15 12:36:18:471] <24201> admin:1111
DEBUG	[2021-05-15 12:36:18:471] <24201> tid:INIMX_CARDmajorgol0320210514220358155723
DEBUG	[2021-05-15 12:36:18:471] <24201> cancelmsg:주문자 본인 취소-구매의사 없음
INFO	[2021-05-15 12:36:18:471] <24201> Check Field OK
INFO	[2021-05-15 12:36:18:471] <24201> PI PUB KEY LOAD OK []
INFO	[2021-05-15 12:36:18:472] <24201> PG PUB KEY LOAD OK [30]
INFO	[2021-05-15 12:36:18:472] <24201> MERCHANT PRIV KEY LOAD OK
INFO	[2021-05-15 12:36:18:472] <24201> MERCHANT PUB KEY LOAD OK [0]
DEBUG	[2021-05-15 12:36:18:472] <24201> MAKE ENCRYPT OK[<?xml version="1.0" encoding="UTF-8"?>
<CancelInfo>
	  <CancelTID>INIMX_CARDmajorgol0320210514220358155723</CancelTID>
	  <CancelMsg urlencode="1">%C1%D6%B9%AE%C0%DA+%BA%BB%C0%CE+%C3%EB%BC%D2-%B1%B8%B8%C5%C0%C7%BB%E7+%BE%F8%C0%BD</CancelMsg>
	  <CancelReason/></CancelInfo>]
INFO	[2021-05-15 12:36:18:472] <24201> MAKE BODY OK
INFO	[2021-05-15 12:36:18:473] <24201> SIGN OK
INFO	[2021-05-15 12:36:18:473] <24201> MAKE HEAD OK
INFO	[2021-05-15 12:36:18:473] <24201> MSG_TO_PG:[0099400175D SHA1                   0                                      300420majorgol03                    INIMX_CARDmajorgol0320210514220358155723<?xml version="1.0" encoding="UTF-8"?>
<INIpay>
	  <CancelInfo>
	    <SessionKey>CE+rq8Ig5RSuSUZ+Ns8j7j/P+13uxHroi78eTgMdYWvng3o0rxs3qA9sfXsxlR+d
1HVpcnA4pnTDGH1vc8832RRXtr5pvdrR9GQucXrAdtE4AOfNuIn3n86UWmU1g4eR
9nepCcv7gjdFm6VkuOE2ftJ/XJTIQ37VB7rzfJOiEupGxLbGTB0+dA==
</SessionKey>
	    <Encrypted>/GjRSIELuafg0O7dEwilaw4uyEU+aYNcAAGszvPKrRX0tqW8p3CxcDR8hpHAkgca
VkGoSzGtMhhJ+kyZhPxpCoLqF/5ERBBsIc293zEdEpGpM0pKO96WKwlRdY8bW3EB
3GxrJIoiLSYStCVeB6CwoZnXAsuEpCAGUn5F+9dXxAtzTEWMOhzzPKWXgcymA2zf
yS9i36GEEa1tg0CjOzCTouBKDfFcNdCM1yxcdZ12BAgajfCVjb5YpI7uDpkpZ97r
qQipNiifi7gtKfxB5K+sGOidg/BenCuD+aSy+C8TdsLsm2ihDG5Z6/h+Zouv9qIv
RvRBKFvImqKpenHhsTnfAvM/zNTpAf4Y86vl7tYIxPyRdDWF7jiNmw==
</Encrypted></CancelInfo>
	  <ReservedInfo>
	    <MReserved1/>
	    <MReserved2/>
	    <MReserved3/></ReservedInfo>
	  <ManageInfo>
	    <Language/>
	    <URL/>
	    <TXVersion>5036B141209canceLinux     PHPchkfake   2.6.32-754.11.1.el6.x86_64PHP:</TXVersion>
	    <TXUserID/>
	    <TXRegNum/></ManageInfo></INIpay>AGQhIZi2u8Cng7//TAL4o1I1b8qpdjFXQKEr7XYx2gwqcbGj+ffBAGJIxpQY5627
UpQU9w3/927PtlMB2KnBRCTlFZi/9KDx40Q6jFdaXMsyUI6iZWG68YsRzCvhMjWa
Mf+RJgF4mcRoqhfjNpuzrPPD1o2tw/zGnqP/whANAuQ9
]
INFO	[2021-05-15 12:36:18:473] <24201> DNS LOOKUP OK(203.238.37.3:203.238.37.3:34049) laptime:0
INFO	[2021-05-15 12:36:18:475] <24201> SOCKET CONNECT OK
INFO	[2021-05-15 12:36:18:475] <24201> SEND OK
INFO	[2021-05-15 12:36:18:592] <24201> RECV OK
INFO	[2021-05-15 12:36:18:593] <24201> MSG_FROM_PG:[0093300175D SHA1                   0                                      300430majorgol03                    INIMX_CARDmajorgol0320210514220358155723<?xml version="1.0" encoding="UTF-8"?><INIpay>
<CancelInfo>
<ResultCode>120000</ResultCode>
<ResultMsg urlencode="1">%C1%A4%BB%F3%C3%B3%B8%AE%B5%C7%BE%FA%BD%C0%B4%CF%B4%D9.</ResultMsg>
<SessionKey>AL9yVfFW9Qpe1gOHwakZtNTBc+GSvWogbo812vISmuwhezL1Gm1iUqEXoLH2dvya
9zE/o99s+S4Ev8gWZXFBb3eLR8zEKgZ/4RBZIaasgMOGVoj1PStmdtTFuGZDPh6d
X5rv3o9cE0hW1i/6C1IXyssQI5LPiMwYOQzepY+2lmBTDp6iFFGlYCU=
</SessionKey>
<Encrypted>VjSqBNNttpDz5yUo+FAalJuaDINbPMk7JZfTVUIwGsWjl8XOGNIhAUJx4Deyn7jF
mJOf4nkHpRv9nGuvGOj8gVckqb8s7tqReaL6w3HIxiBHCjt/n3V4QzrtjAUV8tsI
31sYpeRcRjwauzSAx/W/FU0mvfkECMhUJSdpNYOCU67AZYCfcLDylwRvabTNjCvL
dUoYVBPF5EJqL/tHqOT1Ju57aAgroOat7La9zII+Vi1HgYh7qgJ89AU80/IYMkml
4OCCiRlg7nfiXbnKyNgdlgebP1tBECUTaZfGzqggbEuBn/DjLDBAWqB9FrBLq0qp
9FNBYMYyslbhEcpU4WQMS+ApLvaMZ2J4
</Encrypted>
</CancelInfo>
<ManageInfo/>
<ReservedInfo>
<MReserved1 urlencode="1"/>
<MReserved2 urlencode="1"/>
<MReserved3 urlencode="1"/>
</ReservedInfo>
</INIpay>
jbxLalkeiW5gJSdVi9Mhfi2z2911zisRCESyFeVH3Q26jfdGhsHTFL/t7UJ4nkam
KXrWx1n/HskogC9UvEB80T0kHlGDaUjnnLV40bN7uoVakiRI1eV8YbMJdFComCDl
T1wZbI/D4ZMMc34H7HrnPXQnaNvF6jt24JG2cOJ82vI=
]
INFO	[2021-05-15 12:36:18:593] <24201> VERIFY OK
INFO	[2021-05-15 12:36:18:593] <24201> PARSE HEAD OK
INFO	[2021-05-15 12:36:18:593] <24201> PARSE BODY OK
INFO	[2021-05-15 12:36:18:594] <24201> DECRYPT OK
DEBUG	[2021-05-15 12:36:18:594] <24201> DECRYPT MSG:[<?xml version="1.0" encoding="UTF-8"?><CancelInfo>
<CancelDate>20210515</CancelDate>
<CancelTime>123618</CancelTime>
<ResultCode>120000</ResultCode>
<ResultMsg urlencode="1">%C1%A4%BB%F3%C3%B3%B8%AE%B5%C7%BE%FA%BD%C0%B4%CF%B4%D9.</ResultMsg>
</CancelInfo>]
INFO	[2021-05-15 12:36:18:594] <24201> DECRYPT PARSE OK
INFO	[2021-05-15 12:36:18:594] <24201> END cancel 정상처리되었습니다. Laptime:[0.122sec]
INFO	[2021-05-15 12:36:18:594] <24201> ===============================================================
INFO	[2021-05-15 20:58:57:326] <4021> START INIPHP cancel (V5036-141209)(OS:Linux2.6.32-754.11.1.el6.x86_64,PHP:5.3.3)
DEBUG	[2021-05-15 20:58:57:326] <4021> inipayhome:/home1/killdeal/public_html/shop/inicis
DEBUG	[2021-05-15 20:58:57:326] <4021> debug:false
DEBUG	[2021-05-15 20:58:57:326] <4021> type:cancel
DEBUG	[2021-05-15 20:58:57:326] <4021> mid:majorgol03
DEBUG	[2021-05-15 20:58:57:326] <4021> admin:1111
DEBUG	[2021-05-15 20:58:57:326] <4021> tid:INIMX_CARDmajorgol0320210515121006165830
DEBUG	[2021-05-15 20:58:57:326] <4021> cancelmsg:주문자 본인 취소-상품옵션 선택 잘못함
INFO	[2021-05-15 20:58:57:326] <4021> Check Field OK
INFO	[2021-05-15 20:58:57:327] <4021> PI PUB KEY LOAD OK []
INFO	[2021-05-15 20:58:57:327] <4021> PG PUB KEY LOAD OK [30]
INFO	[2021-05-15 20:58:57:327] <4021> MERCHANT PRIV KEY LOAD OK
INFO	[2021-05-15 20:58:57:327] <4021> MERCHANT PUB KEY LOAD OK [0]
DEBUG	[2021-05-15 20:58:57:328] <4021> MAKE ENCRYPT OK[<?xml version="1.0" encoding="UTF-8"?>
<CancelInfo>
	  <CancelTID>INIMX_CARDmajorgol0320210515121006165830</CancelTID>
	  <CancelMsg urlencode="1">%C1%D6%B9%AE%C0%DA+%BA%BB%C0%CE+%C3%EB%BC%D2-%BB%F3%C7%B0%BF%C9%BC%C7+%BC%B1%C5%C3+%C0%DF%B8%F8%C7%D4</CancelMsg>
	  <CancelReason/></CancelInfo>]
INFO	[2021-05-15 20:58:57:328] <4021> MAKE BODY OK
INFO	[2021-05-15 20:58:57:328] <4021> SIGN OK
INFO	[2021-05-15 20:58:57:328] <4021> MAKE HEAD OK
INFO	[2021-05-15 20:58:57:328] <4021> MSG_TO_PG:[0101500175D SHA1                   0                                      300420majorgol03                    INIMX_CARDmajorgol0320210515121006165830<?xml version="1.0" encoding="UTF-8"?>
<INIpay>
	  <CancelInfo>
	    <SessionKey>bd7vjZ3iQdUXw1wrcNe/HxVIO/3gEZk7euU01hL13OzNdwNeQGBXmwmwUtTRjXqd
dqjXDn3PQO17cN09VMOcpqbpj2rz2AOLh3XGGucpNB8qr0LxLGq5p7ZdiJo/WKNw
NmIF25i3/SNynRGI7qsWYfHsETp/mJJ2Ri0aBX/ab3mt8ppTXhQ9bA==
</SessionKey>
	    <Encrypted>Walxai2ODuk32cIGESIYQAD2rpWUpOVP6xijXKs4aivGddKvzBUTrXGRLPDkiXhP
QVJlHnTVfH2RYQV/rr/8fqfi45Mhf6Fg7tcxxgRvLD5fOiNBXqRF2i+J7b0i8zhf
NST/lUrAnWbIy7CCuiUCpQKpD7/9f6YWBAIc7nhptEJJaBkLmReeqBkC7NvVk5n7
/DMoL7DsMHZIiJ6tiCczwZKJyQpLdmG4T5QsXOKc6bje3LxVfdwEJolWvVm5QyvU
3NDuAxxCQYJiVuC1i5roZiFGEWDGYaq9O7pcocUWF+lS1F+mIxjXHd5gJ9SFru9Y
R6meBgoFaPK21+dnoxoepcVbGYgZhBz146IqYNWgvCzMEk8pT/PINPHTlpsaFKuq
Arcs3yTGjfU=
</Encrypted></CancelInfo>
	  <ReservedInfo>
	    <MReserved1/>
	    <MReserved2/>
	    <MReserved3/></ReservedInfo>
	  <ManageInfo>
	    <Language/>
	    <URL/>
	    <TXVersion>5036B141209canceLinux     PHPchkfake   2.6.32-754.11.1.el6.x86_64PHP:</TXVersion>
	    <TXUserID/>
	    <TXRegNum/></ManageInfo></INIpay>AE9MitQ59pWCXfZBx6YWP0LrYlBQoQfOMNi6J0oECdlwsmpaETiDz5ktA6tMoFLX
w1H9D+kmjqg2+6JZIDTyaNju6Pqvb9eEU3Wz2i/O8Sak03PxsVgn6v1hmkF6wtlB
yZocindMpd8BlHctATDfHynacVqE20IZ5hu2eNND1eSp
]
INFO	[2021-05-15 20:58:57:328] <4021> DNS LOOKUP OK(203.238.37.3:203.238.37.3:34049) laptime:0
INFO	[2021-05-15 20:58:57:332] <4021> SOCKET CONNECT OK
INFO	[2021-05-15 20:58:57:332] <4021> SEND OK
INFO	[2021-05-15 20:58:57:580] <4021> RECV OK
INFO	[2021-05-15 20:58:57:580] <4021> MSG_FROM_PG:[0093300175D SHA1                   0                                      300430majorgol03                    INIMX_CARDmajorgol0320210515121006165830<?xml version="1.0" encoding="UTF-8"?><INIpay>
<CancelInfo>
<ResultCode>120000</ResultCode>
<ResultMsg urlencode="1">%C1%A4%BB%F3%C3%B3%B8%AE%B5%C7%BE%FA%BD%C0%B4%CF%B4%D9.</ResultMsg>
<SessionKey>AFStrkQHTqEp1018LjQnIoLHsuXCuRlXcMDQd8e0pgIi/unsNiRKgVxTjtKMc2OW
FTIpfa+xF0hkBeQY+2QqPZt1DpiLr1UUVG3bYefB16qa8pL1CFJplv0x/llTQWe8
3lr2rNllKTfLeI2tQcTpzqmVFhtkUqH9r7mmyybMUS5He2Pu6fK0Ejg=
</SessionKey>
<Encrypted>XBLJeBOhp1yiTm8bNi0p6BZuWsAM+rEZnvWcpNXgzVVopjRtXrhN34zg8PxTb5ga
cloj38z0aoa2QtDQ69aaGooP6DSxeBG/DqeQ3UFB4UGCMXHi4TGtRbmeMMDdsKov
Zbt4JXj/oJZYA+JZp4Hg6HKlSJP7QK4iCyJQ1o5/cBPeFsCtwH/98DYE31AUIkOR
v8KBMjYpZ0AXvo8BDkmL1S1223zbCvtdfLT3YfLp5uryWzvLm6Oe/wIbv582U5KW
TlQrBiyWlCq5ZcM2DvVI64RZHD5PCzVApVpoEVBW/8icgGtg9Q88zO48ysOJJjHb
HtaqS5bIpM5ynGz7fRRP7QjN4fALipN1
</Encrypted>
</CancelInfo>
<ManageInfo/>
<ReservedInfo>
<MReserved1 urlencode="1"/>
<MReserved2 urlencode="1"/>
<MReserved3 urlencode="1"/>
</ReservedInfo>
</INIpay>
f7Cw32C/yQVKbVx4Gfo98nCoUfDOqb3n6wROuVf2K+6bwuncp6IbnBnef7wU4pbs
6uqiPQmh8PB/Lo0gWzjV9ka0BpNnGsneje+7aOHBy64n/hkwE0k6fRhqwM9rbAt1
YGKPiUJruJTJ5gdo/91MdB0oyTWQkIfngpg+2wYODvs=
]
INFO	[2021-05-15 20:58:57:580] <4021> VERIFY OK
INFO	[2021-05-15 20:58:57:580] <4021> PARSE HEAD OK
INFO	[2021-05-15 20:58:57:581] <4021> PARSE BODY OK
INFO	[2021-05-15 20:58:57:582] <4021> DECRYPT OK
DEBUG	[2021-05-15 20:58:57:582] <4021> DECRYPT MSG:[<?xml version="1.0" encoding="UTF-8"?><CancelInfo>
<CancelDate>20210515</CancelDate>
<CancelTime>205856</CancelTime>
<ResultCode>120000</ResultCode>
<ResultMsg urlencode="1">%C1%A4%BB%F3%C3%B3%B8%AE%B5%C7%BE%FA%BD%C0%B4%CF%B4%D9.</ResultMsg>
</CancelInfo>]
INFO	[2021-05-15 20:58:57:582] <4021> DECRYPT PARSE OK
INFO	[2021-05-15 20:58:57:582] <4021> END cancel 정상처리되었습니다. Laptime:[0.256sec]
INFO	[2021-05-15 20:58:57:582] <4021> ===============================================================
