INFO	[2021-02-19 11:37:51:953] <13624> START INIPHP repay (V5036-141209)(OS:Linux2.6.32-754.11.1.el6.x86_64,PHP:5.3.3)
DEBUG	[2021-02-19 11:37:51:953] <13624> inipayhome:/home1/killdeal/public_html/shop/inicis
DEBUG	[2021-02-19 11:37:51:953] <13624> debug:false
DEBUG	[2021-02-19 11:37:51:953] <13624> type:repay
DEBUG	[2021-02-19 11:37:51:953] <13624> pgid:INIphpRPAY
DEBUG	[2021-02-19 11:37:51:953] <13624> subpgip:203.238.3.10
DEBUG	[2021-02-19 11:37:51:953] <13624> mid:fourseason
DEBUG	[2021-02-19 11:37:51:953] <13624> admin:1111
DEBUG	[2021-02-19 11:37:51:953] <13624> oldtid:StdpayCARDfourseason20210205150337111752
DEBUG	[2021-02-19 11:37:51:953] <13624> currency:WON
DEBUG	[2021-02-19 11:37:51:953] <13624> price:159900
DEBUG	[2021-02-19 11:37:51:953] <13624> confirm_price:79000
DEBUG	[2021-02-19 11:37:51:953] <13624> buyeremail:must0324@naver.com
DEBUG	[2021-02-19 11:37:51:953] <13624> tax:14536
DEBUG	[2021-02-19 11:37:51:953] <13624> taxfree:0
INFO	[2021-02-19 11:37:51:953] <13624> Check Field OK
INFO	[2021-02-19 11:37:51:953] <13624> Make TID OK INIphpRPAYfourseason20210219113751532754
INFO	[2021-02-19 11:37:51:954] <13624> PI PUB KEY LOAD OK []
INFO	[2021-02-19 11:37:51:954] <13624> PG PUB KEY LOAD OK [30]
INFO	[2021-02-19 11:37:51:954] <13624> MERCHANT PRIV KEY LOAD OK
INFO	[2021-02-19 11:37:51:954] <13624> MERCHANT PUB KEY LOAD OK [0]
DEBUG	[2021-02-19 11:37:51:954] <13624> MAKE ENCRYPT OK[<?xml version="1.0" encoding="UTF-8"?>
<PartCancelInfo>
	  <PRTC_TID>StdpayCARDfourseason20210205150337111752</PRTC_TID>
	  <PRTC_Price>159900</PRTC_Price>
	  <PRTC_Remains>79000</PRTC_Remains>
	  <PRTC_Quota/>
	  <PRTC_Interest/>
	  <PRTC_NoAcctFNBC/>
	  <PRTC_NmAcctFNBC/></PartCancelInfo>]
INFO	[2021-02-19 11:37:51:955] <13624> MAKE BODY OK
INFO	[2021-02-19 11:37:51:955] <13624> SIGN OK
INFO	[2021-02-19 11:37:51:955] <13624> MAKE HEAD OK
INFO	[2021-02-19 11:37:51:955] <13624> MSG_TO_PG:[0111800175D SHA1                   0                                      300620fourseason              159900INIphpRPAYfourseason20210219113751532754<?xml version="1.0" encoding="UTF-8"?>
<INIpay>
	  <PartCancelInfo>
	    <SessionKey>ysbT0SZBTFLZE/cGoENJTT3hSNwwpc6gtBUbJ3X081cweeIjt/l+BieUTsSxofuL
7OW649WPqScLbb2Ye+d55vnTCGmvV6yAD/IQvt2NdFxF8j4PB8FxghlLoh45nzk1
8q95b8B8VMvSoJ/EMtAaYXzesGCAsdArbkkUpF9z4AkIKyTDrOxgxA==
</SessionKey>
	    <Encrypted>YLHGiMV1/rshpLzQxFnh8mjKbugr7T7U69zAvA9gNyWwJ/ymflEmv5KJqycfVDcw
CPswMH5H+4vSy1JO9nn7BvN/eK167MOFg6H58oFLrcaZ1asq+4WLVIL48SejxM2m
WN8wz7/Lyt6athQnlU/8L9RpHbXJ8UkRh6Jh3+u8HpoUn4TZtlFE87qRIx0j8yNy
UWRaLqfJghBAq5e0tquYU8jAqxfsDMhvhBkLwt4hG5prwo6JztYzp9AeuK3JQEYl
5Fv74wWOa3WaFHyoowxSIN6GedYPDxRk+DoQMja8105CMvgohY/kpOfMr+GypdWM
hxN1QKxAf4MnTIVpQmja86eK9q0wLGRQm0BC+SuZGtyoH8nBeY8sCTTI01oT6ZaI
4oow5NYfoQw=
</Encrypted></PartCancelInfo>
	  <GoodsInfo>
	    <Tax>14536</Tax>
	    <TaxFree/>
	    <Currency>WON</Currency></GoodsInfo>
	  <ReservedInfo>
	    <MReserved1/>
	    <MReserved2/>
	    <MReserved3/></ReservedInfo>
	  <ManageInfo>
	    <Language/>
	    <URL/>
	    <TXVersion>5036B141209repayLinux     PHPchkfake   2.6.32-754.11.1.el6.x86_64PHP:</TXVersion>
	    <TXUserID/>
	    <TXRegNum/></ManageInfo></INIpay>AQFdIf9j5HxYcLHhLVMwD7fZSXGyFyBPqb5H2c0JWApRMNjNabkH4zYiuthCj2KO
NwyxwRZ+ehJ5BYunanynjuAeSD5jnJtCMdLCiHqrYNPbuHkc4W+SXd1ahq45AnNg
n6H5K8gtWWjPKSXgz6VrbvhuypMMJuHAPFeKRILku+SU
]
INFO	[2021-02-19 11:37:51:955] <13624> DNS LOOKUP OK(203.238.37.3:203.238.37.3:34049) laptime:0
INFO	[2021-02-19 11:37:51:957] <13624> SOCKET CONNECT OK
INFO	[2021-02-19 11:37:51:958] <13624> SEND OK
INFO	[2021-02-19 11:37:52:235] <13624> RECV OK
INFO	[2021-02-19 11:37:52:235] <13624> MSG_FROM_PG:[0150300175D SHA1                   0                                      300630fourseason              159900INIphpRPAYfourseason20210219113751532754<?xml version="1.0" encoding="UTF-8"?>
<INIpay>
  <PartCancelInfo>
    <PayMethod>Card</PayMethod>
    <ResultCode>120000</ResultCode>
    <ResultMsg urlencode="1">%C1%A4%BB%F3%C3%B3%B8%AE%B5%C7%BE%FA%BD%C0%B4%CF%B4%D9.</ResultMsg>
    <SessionKey>AJE09NbBu63PEflFwGy2Rmc9VP1JixZfE8JwADF1Qi7alt6UYXE1JPVXQE7Xj6KU
dHFShtkR9hhGe+6LRjowiCeXLRsr0lZVLubtp1FL8Mnh4EDno7quOE6i/lerh89y
A4j5OCxwPqGI30TZXtksO72QNONCZl83zhzNB3SapWJTSZPC0597h40=
</SessionKey>
    <Encrypted>3qbQjtgu1de6Ruwpb4mcsB2ozVHVPZtO/PdFjjHZdNRJ1QSL6Gr1Vq6X9/V+z/qu
C0ATuvgAmH2AX8E9kXD2+dsJ3Wiz4Cda7XZHxxQvFuM+hL9LYKKtljBVnuLOkEhV
RYue54VbVhOte41jV+m+eWe+Ph+a5cu0XhWWiDLHzh8CDz3xgH0hhtQPn3roD/DD
3ozvLR01dJAiWo5Y0jW4YJ5lS1XBBVl7nUagG0Z5eWE2lmJ71y52LJinLD0Il3ec
g2DzNWQIYKK4E1fzQIN4lHqfgVv+sc8jS2WAX/iKEupH4Y6mXukAQicVBHgJi0In
+DHSf8vhufAJhUXXchMx0rI7hDWe5spEn9oA764o9JGcHenLdKKawMim5KQQtTuK
CsRQ9T2pEIVQ4Wn3oUPgTAvzg4V0pcF7WAl+7ezaa8FlKeLWezlYqWtQWTYVVXJ5
ICL9zQvDpVnYHeFra8sloPPjNZIEMjzui2wFZcvadVp8K9nlRjbrqSafL7dYZ5Ev
oS5iwaEvmvf621v+7fydO/+K+SxrWBoQVGuAUKyU1W9IWYaSkOTrfggn1ObXEZ0o
u/N30xAdvKDrmuN1aMiIK59+jLKnbIVhbHjGkDTxE3btaFvexbINe3ihXBjrMtT9
ogOL7YCXIPNB3jkST2pMow==
</Encrypted>
  </PartCancelInfo>
  <ManageInfo/>
  <ReservedInfo>
    <MReserved1 urlencode="1"></MReserved1>
    <MReserved2 urlencode="1"></MReserved2>
    <MReserved3 urlencode="1"></MReserved3>
    <PGReserved1 urlencode="1"></PGReserved1>
    <PGReserved2 urlencode="1"></PGReserved2>
    <PGReserved3 urlencode="1"></PGReserved3>
  </ReservedInfo>
</INIpay>
wBWE/M93bMWn0BlvThkpuyVpnPqQ6EuveEvNRF5EHLpsYew7OpCQ8nXpQQp63iWL
stesKfosqtshWOye5/XVwREhSBgDra9bZm9YZofXtdTO5O86A9SJfWhGo7UCniCB
90b8CWjnkv40qGqabHru1QPz/1u8KpQi82XPxvfN1LA=
]
INFO	[2021-02-19 11:37:52:235] <13624> VERIFY OK
INFO	[2021-02-19 11:37:52:235] <13624> PARSE HEAD OK
INFO	[2021-02-19 11:37:52:236] <13624> PARSE BODY OK
INFO	[2021-02-19 11:37:52:236] <13624> DECRYPT OK
DEBUG	[2021-02-19 11:37:52:236] <13624> DECRYPT MSG:[<?xml version="1.0" encoding="UTF-8"?>
<PartCancelInfo>
  <PRTC_TID>StdpayCARDfourseason20210205150337111752</PRTC_TID>
  <PRTC_Price>159900</PRTC_Price>
  <PRTC_Remains>79000</PRTC_Remains>
  <PRTC_Quota>07</PRTC_Quota>
  <PRTC_Type>1</PRTC_Type>
  <CancelDate>20210219</CancelDate>
  <CancelTime>113752</CancelTime>
  <CARD_ApplNum></CARD_ApplNum>
  <ExchangeRate></ExchangeRate>
  <MOID urlencode="1"></MOID>
  <PRTC_Cnt>1</PRTC_Cnt>
  <PRTC_SubRemains></PRTC_SubRemains>
</PartCancelInfo>]
INFO	[2021-02-19 11:37:52:237] <13624> DECRYPT PARSE OK
INFO	[2021-02-19 11:37:52:237] <13624> END repay 정상처리되었습니다. Laptime:[0.283sec]
INFO	[2021-02-19 11:37:52:237] <13624> ===============================================================
