INFO	[2022-07-06 13:22:05:794] <29315> START INIPHP cancel (V5036-141209)(OS:Linux2.6.32-754.11.1.el6.x86_64,PHP:5.3.3)
DEBUG	[2022-07-06 13:22:05:794] <29315> inipayhome:/home1/killdeal/public_html/shop/inicis
DEBUG	[2022-07-06 13:22:05:794] <29315> debug:false
DEBUG	[2022-07-06 13:22:05:794] <29315> type:cancel
DEBUG	[2022-07-06 13:22:05:794] <29315> mid:majorgol03
DEBUG	[2022-07-06 13:22:05:794] <29315> admin:1111
DEBUG	[2022-07-06 13:22:05:794] <29315> tid:INIMX_CARDmajorgol0320220705170146104193
DEBUG	[2022-07-06 13:22:05:794] <29315> cancelmsg:쇼핑몰 운영자 승인 취소
INFO	[2022-07-06 13:22:05:794] <29315> Check Field OK
INFO	[2022-07-06 13:22:05:795] <29315> PI PUB KEY LOAD OK []
INFO	[2022-07-06 13:22:05:795] <29315> PG PUB KEY LOAD OK [30]
INFO	[2022-07-06 13:22:05:796] <29315> MERCHANT PRIV KEY LOAD OK
INFO	[2022-07-06 13:22:05:796] <29315> MERCHANT PUB KEY LOAD OK [0]
DEBUG	[2022-07-06 13:22:05:796] <29315> MAKE ENCRYPT OK[<?xml version="1.0" encoding="UTF-8"?>
<CancelInfo>
	  <CancelTID>INIMX_CARDmajorgol0320220705170146104193</CancelTID>
	  <CancelMsg urlencode="1">%BC%EE%C7%CE%B8%F4+%BF%EE%BF%B5%C0%DA+%BD%C2%C0%CE+%C3%EB%BC%D2</CancelMsg>
	  <CancelReason/></CancelInfo>]
INFO	[2022-07-06 13:22:05:796] <29315> MAKE BODY OK
INFO	[2022-07-06 13:22:05:797] <29315> SIGN OK
INFO	[2022-07-06 13:22:05:797] <29315> MAKE HEAD OK
INFO	[2022-07-06 13:22:05:797] <29315> MSG_TO_PG:[0096200175D SHA1                   0                                      300420majorgol03                    INIMX_CARDmajorgol0320220705170146104193<?xml version="1.0" encoding="UTF-8"?>
<INIpay>
	  <CancelInfo>
	    <SessionKey>kT3FZI0TSg/SQHWMmhJaILJ+rlZruJI3sXy7T/GflROY5LsNY4Ed7kbceQNHTOlI
OQP21MTkZqLl3L5FvAGSK0Mz+xunXV8tcat3+4VoHgdymPlOERRKHnfDUynVtVah
wm8kwHwwlpb/s57AvuorEiRfPbcOZjzr8XhMw3uN4dY4V58E0XEAoQ==
</SessionKey>
	    <Encrypted>VRycb7sDiKT9CAD6eaTYZg8HFYW2GAXvgXflRsaQ/5fPuLJJb9idq5QRk1rQyZxk
LpvNiUzJjch2pHqGdFXIuXlp5C5KGQ+q5mM+El4AtUAr09SQGGpI6zyyeOmIn+jg
daHkD5qpf/17pAmUWl0OAtz48/Q7Y1b1nH+0CKvVndeLxCRJ99V4m3In6ewFfWHE
OkwrYjNG4dLFr2TIzTOBCH6TM8NrgvUJs646wCq1aZrLX6T1NSOe0ZEj5c2ScKv3
uoHaM9MKXXw/k7SaHYSRc7K7U9+9tSw+pzKac9jPKODLp2hUAX/BdyrcmO/PbcQT
INtBCIIxT3mhPKoh0QyEaQ==
</Encrypted></CancelInfo>
	  <ReservedInfo>
	    <MReserved1/>
	    <MReserved2/>
	    <MReserved3/></ReservedInfo>
	  <ManageInfo>
	    <Language/>
	    <URL/>
	    <TXVersion>5036B141209canceLinux     PHPchkfake   2.6.32-754.11.1.el6.x86_64PHP:</TXVersion>
	    <TXUserID/>
	    <TXRegNum/></ManageInfo></INIpay>AJFbVQBvsfPtbUyLkzuHuI2hzMVtIo4CnvIAoZJ7fnNnrcot697maDhEP0rx741g
U5187ma0IYsm0ZnurjgRqcY7jhBse79lEJAzT+QRFYRu/WmIsiaDSHsP1T6HUzX7
BeBmdwdpMuV4lchc1GAPcdRLbrIaqKH7qlgjT0P+Pugb
]
INFO	[2022-07-06 13:22:05:797] <29315> DNS LOOKUP OK(203.238.37.3:203.238.37.3:34049) laptime:0
INFO	[2022-07-06 13:22:05:801] <29315> SOCKET CONNECT OK
INFO	[2022-07-06 13:22:05:801] <29315> SEND OK
INFO	[2022-07-06 13:22:06:251] <29315> RECV OK
INFO	[2022-07-06 13:22:06:251] <29315> MSG_FROM_PG:[0093300175D SHA1                   0                                      300430majorgol03                    INIMX_CARDmajorgol0320220705170146104193<?xml version="1.0" encoding="UTF-8"?><INIpay>
<CancelInfo>
<ResultCode>120000</ResultCode>
<ResultMsg urlencode="1">%C1%A4%BB%F3%C3%B3%B8%AE%B5%C7%BE%FA%BD%C0%B4%CF%B4%D9.</ResultMsg>
<SessionKey>ANwDaVVd5ZExAuXfVygi8NhMOSBWl6QEy8zO7MU7td+V/eOt+AsfBOWCVKneiCI+
3m/KqdClGUQXyQstlsJiDmJyxNvxBjf20J5kkTC7Q7ivsapDXbF/0CiDwRzHGKu6
TFitib0iXLZ5paiEt6WXxTw0ukynKUpuu8xsBQAQZrZnCBRGs4NY3Xw=
</SessionKey>
<Encrypted>JMq+tS8o68zDzb+m4dxnckFTt4dMjaINDFLkbS2h4aTE1XXLeXKm9rXk+ttx6IVx
MNkawURqpZkrH0Lf+87q0hUcPfiwDjuOiOUxWPVqA0FVZbeSPJoMC49NT2koDoiD
iDfkrDztKfLO7UHb72ZUjMOwXJBM3Whd67w49DwIu9ABu5zEIHCZkxJu8VyXIFhN
noqXCGqTpYcPCHNJxZs/wj/ZTXhx/SK862PZn4S3iJUIuwVH5tXVApwrWgNRyAB8
fqCEtLWj5JN3ET7Uo8bP9qPzq702+rvie09cs5eIu9FMI+siMJADhZEpCmFUWrJI
kmb5L7mMqMUd7w0E9hvu93c5Isxho/OF
</Encrypted>
</CancelInfo>
<ManageInfo/>
<ReservedInfo>
<MReserved1 urlencode="1"/>
<MReserved2 urlencode="1"/>
<MReserved3 urlencode="1"/>
</ReservedInfo>
</INIpay>
iemc7y9MZoZ2UwwrKw9U9UKfqkys0mjVI/KuGfNIpZ+xqPNhPbs6dpqJBkeiDrcg
9W56OjMcEuwOZpqhmu83eghO+bmj01axRy+FwMuoq/r5Lvdm8VkX31Ak61fqE3iB
2RwJJUGvLMFbAb0fo4bcQ1rO3pVoPLLgvM9a9IDrOgI=
]
INFO	[2022-07-06 13:22:06:252] <29315> VERIFY OK
INFO	[2022-07-06 13:22:06:252] <29315> PARSE HEAD OK
INFO	[2022-07-06 13:22:06:252] <29315> PARSE BODY OK
INFO	[2022-07-06 13:22:06:252] <29315> DECRYPT OK
DEBUG	[2022-07-06 13:22:06:252] <29315> DECRYPT MSG:[<?xml version="1.0" encoding="UTF-8"?><CancelInfo>
<CancelDate>20220706</CancelDate>
<CancelTime>132206</CancelTime>
<ResultCode>120000</ResultCode>
<ResultMsg urlencode="1">%C1%A4%BB%F3%C3%B3%B8%AE%B5%C7%BE%FA%BD%C0%B4%CF%B4%D9.</ResultMsg>
</CancelInfo>]
INFO	[2022-07-06 13:22:06:253] <29315> DECRYPT PARSE OK
INFO	[2022-07-06 13:22:06:253] <29315> END cancel 정상처리되었습니다. Laptime:[0.458sec]
INFO	[2022-07-06 13:22:06:253] <29315> ===============================================================
