INFO	[2020-08-11 12:54:01:982] <22125> START INIPHP receipt (V5036-141209)(OS:Linux2.6.32-754.11.1.el6.x86_64,PHP:5.3.3)
DEBUG	[2020-08-11 12:54:01:982] <22125> inipayhome:/home/killdeal/public_html/shop/inicis
DEBUG	[2020-08-11 12:54:01:982] <22125> debug:false
DEBUG	[2020-08-11 12:54:01:982] <22125> type:receipt
DEBUG	[2020-08-11 12:54:01:982] <22125> pgid:INIphpRECP
DEBUG	[2020-08-11 12:54:01:982] <22125> paymethod:CASH
DEBUG	[2020-08-11 12:54:01:982] <22125> currency:WON
DEBUG	[2020-08-11 12:54:01:982] <22125> admin:1111
DEBUG	[2020-08-11 12:54:01:982] <22125> mid:majorgol03
DEBUG	[2020-08-11 12:54:01:982] <22125> goodname:핫딜히스케이인피니트파워토네이도스윙연습기 외 1건
DEBUG	[2020-08-11 12:54:01:982] <22125> cr_price:47900
DEBUG	[2020-08-11 12:54:01:982] <22125> sup_price:43545
DEBUG	[2020-08-11 12:54:01:982] <22125> tax:4355
DEBUG	[2020-08-11 12:54:01:982] <22125> srvc_price:0
DEBUG	[2020-08-11 12:54:01:982] <22125> buyername:최경문
DEBUG	[2020-08-11 12:54:01:982] <22125> buyeremail:kmc2695@naver.com
DEBUG	[2020-08-11 12:54:01:982] <22125> buyertel:010 3722 2695 
DEBUG	[2020-08-11 12:54:01:982] <22125> reg_num:6510201650
DEBUG	[2020-08-11 12:54:01:982] <22125> useopt:1
DEBUG	[2020-08-11 12:54:01:982] <22125> companynumber:
INFO	[2020-08-11 12:54:01:982] <22125> Check Field OK
INFO	[2020-08-11 12:54:01:982] <22125> Make TID OK INIphpRECPmajorgol0320200811125401821384
INFO	[2020-08-11 12:54:01:982] <22125> PI PUB KEY LOAD OK []
INFO	[2020-08-11 12:54:01:983] <22125> PG PUB KEY LOAD OK [30]
INFO	[2020-08-11 12:54:01:983] <22125> MERCHANT PRIV KEY LOAD OK
INFO	[2020-08-11 12:54:01:983] <22125> MERCHANT PUB KEY LOAD OK [0]
DEBUG	[2020-08-11 12:54:01:983] <22125> MAKE ENCRYPT OK[<?xml version="1.0" encoding="UTF-8"?>
<PaymentInfo>
	  <Payment>
	    <CASH>
	      <CSHR_ApplPrice>47900</CSHR_ApplPrice>
	      <CSHR_SupplyPrice>43545</CSHR_SupplyPrice>
	      <CSHR_Tax>4355</CSHR_Tax>
	      <CSHR_ServicePrice/>
	      <CSHR_Type>1</CSHR_Type>
	      <CSHR_RegNum>6510201650</CSHR_RegNum>
	      <CSHR_CompanyNum/></CASH></Payment></PaymentInfo>]
INFO	[2020-08-11 12:54:01:984] <22125> MAKE BODY OK
INFO	[2020-08-11 12:54:01:984] <22125> SIGN OK
INFO	[2020-08-11 12:54:01:984] <22125> MAKE HEAD OK
INFO	[2020-08-11 12:54:01:984] <22125> MSG_TO_PG:[0197800175D SHA1                   0                                      300200majorgol03               47900INIphpRECPmajorgol0320200811125401821384<?xml version="1.0" encoding="UTF-8"?>
<INIpay>
	  <GoodsInfo>
	    <GoodsCnt>1</GoodsCnt>
	    <MOID/>
	    <Currency>WON</Currency>
	    <Tax>4355</Tax>
	    <TaxFree/>
	    <Goods>
	      <SMID>majorgol03</SMID>
	      <GoodsName urlencode="1">%C7%D6%B5%F4%C8%F7%BD%BA%C4%C9%C0%CC%C0%CE%C7%C7%B4%CF%C6%AE%C6%C4%BF%F6%C5%E4%B3%D7%C0%CC%B5%B5%BD%BA%C0%AE%BF%AC%BD%C0%B1%E2+%BF%DC+1%B0%C7</GoodsName>
	      <GoodsPrice>47900</GoodsPrice></Goods></GoodsInfo>
	  <BuyerInfo>
	    <BuyerName urlencode="1">%C3%D6%B0%E6%B9%AE</BuyerName>
	    <BuyerTel>010 3722 2695 </BuyerTel>
	    <BuyerEmail urlencode="1">kmc2695%40naver.com</BuyerEmail>
	    <ParentEmail/>
	    <RecvName/>
	    <RecvTel/>
	    <RecvMsg/>
	    <RecvAddr/>
	    <RecvPostNum/></BuyerInfo>
	  <PaymentInfo>
	    <Payment>
	      <PayMethod>CASH</PayMethod>
	      <JoinCard/>
	      <JoinExpire/>
	      <MailOrder/>
	      <SessionKey>IQ2kWNxg4M97JctBF4HZZhvy7hMnLTA+05Aw+cykxkkawbGU70iSjJLDmj5rcM7i
r623XDCW8V7PfcFBp/YygZUWx/onMbtEP6nHuj4kfrcdE8rQDcF+DP/oIxzIlEnU
Tqb96hfnwofeAIOYk3d4K4A9SsGOU8BcnD6XpnPk+tLy5n2kr6TbUw==
</SessionKey>
	      <Encrypted>Yt2VYRO1947+li4GzhjV9R1XnwzTHvJ6OQRM9tPgBGf1bDmwisxlgkFNVdy9cui+
oGzNFGIQnSqVLUp0lBCK9jffdtMlgzuaSX5pMqoXjdvgiX321oaEIvcX26BuKhMm
1gSXo10umgzx/acrXVD3bFSN7HVxrn/O7UvIA53JOsLPi4O1RtTEQVSqHJRT2MRP
LqSUQPrF/ZpXX4WuNvHOwid32UUWfi8L0vu7Ug7qLoMI/Rd0X1Z+AHu4XJAmxDUz
KjbYLyTYi2gobx8HGB7cm8gXn2Z/Ey5MF+MaXhK2Xl2uIYDc1orleUCfZ8s0ILdR
V7bFYCup5pGFYbOTFvyQe6JHpOQXLDobb7r9KKF0myKILNSbjChIkF3vknSOOZqa
ZwuArxrWAtALVmKsdR4uSyNaZsCKfPmma5D9E8sEiQCPkTCRoaVsVqZpRVqgG0VA
Haj6xqj6DP3r/LS+gtIqMkuT3vRt8zz+/pfj8jklH+p2p1IGhHFN+w==
</Encrypted></Payment></PaymentInfo>
	  <ReservedInfo>
	    <MReserved1/>
	    <MReserved2/>
	    <MReserved3/></ReservedInfo>
	  <ManageInfo>
	    <Language/>
	    <URL/>
	    <TXVersion>5036B141209receiLinux     PHPchkfake   2.6.32-754.11.1.el6.x86_64PHP:</TXVersion>
	    <TXUserID/>
	    <TXRegNum/>
	    <Ack>1</Ack></ManageInfo></INIpay>ALTFOGjQ2ilrc55KZTgT+FherJoWv+jPp+UBKV+MhTZYK3HM5+CGOX8l1NeGFQqN
FPrxcB0ixp4/pCz/fkrZYaQ5f6HDMzl/WLSGIoaXQYnl7aYa/pXyDJVJREGeMWPq
ITbOC/L/I8Wj8I9vgsqXZYZwskT7Wx4cwbl30UZnKUHJ
]
INFO	[2020-08-11 12:54:01:984] <22125> DNS LOOKUP OK(203.238.37.3:203.238.37.3:34049) laptime:0
INFO	[2020-08-11 12:54:01:987] <22125> SOCKET CONNECT OK
INFO	[2020-08-11 12:54:01:987] <22125> SEND OK
INFO	[2020-08-11 12:54:02:128] <22125> RECV OK
INFO	[2020-08-11 12:54:02:128] <22125> MSG_FROM_PG:[0228600175D SHA1                   0                                      300210majorgol03               47900INIphpRECPmajorgol0320200811125401821384<?xml version="1.0" encoding="UTF-8"?>
<INIpay>
  <GoodsInfo>
    <GoodsCnt>1</GoodsCnt>
    <MOID urlencode="1"></MOID>
    <Currency>WON</Currency>
    <Goods no="1">
      <SMID>majorgol03</SMID>
      <GoodsName urlencode="1">%C7%D6%B5%F4%C8%F7%BD%BA%C4%C9%C0%CC%C0%CE%C7%C7%B4%CF%C6%AE%C6%C4%BF%F6%C5%E4%B3%D7%C0%CC%B5%B5%BD%BA%C0%AE%BF%AC%BD%C0%B1%E2+%BF%DC+1%B0%C7</GoodsName>
      <GoodsCntS>1</GoodsCntS>
      <GoodsPrice>47900</GoodsPrice>
    </Goods>
  </GoodsInfo>
  <PaymentInfo>
    <Payment>
      <SessionKey>APDrcLOCFMkQlEhlmYdBDqaN+mzWWEkgkEV9VG5NONuF0CW9VRbo6A4daoxuN6NN
jViXKF995Do9/9XkoIGMS765A0YzEEQ68EoVMQTaKIjKKB6C7F6f14iwTD2Kgcus
JqyVYqU76xotm1XPQjRGPTn/MjbKfNnC6CQr3NwQanundHU2Fk5LQkg=
</SessionKey>
      <Encrypted>InLuM28Nm0ddG5LnzeJ0BDuAxTbDFUcxr8FWHfRBz5aymaV4IOa5xgCnHm1qTy7U
H4rR+PsbIYJaUvqjXYjSHSOhMyt9I0aCdHyhI4v/i7kdTyrUkJhSBp1BKHHpUjVT
NVKCo30KoZS5PDlxQL6wKz0riZSvL+TNbojysRlXms/wHPPXELS3WD7RaFKZpOSO
cVKR5Q952IRIT+gURnawUbCeTQrMXBufCUgkp026j2q3eyyapJKzu8jUKQdawgnu
c3IoKFeivZ77YVEpUGEO5WmihYaIgkCdXPoBwdisxuxNgETXdoKTPKCAICnb5HgI
WGqCEehPTFXcOFHl5laFthIAU8ibwzSnVKcKhsHDNjFYuk+qyb5iDywSCEoDfQHT
XePSb+YpC7n3dvbyPlbm6JE7z1o1ZjAxJagwus97dmUx3vX8+nFwEXpvoS/nheiA
s122b/KlU32ryejBy+6QDk0Q1QPcFqtwnvMLX+pTh8AbYzX7GQJZGDrF64RzVuQ+
UQFxkb/6giLh5koET12sxDqQIHE5zAJOqy/h1d/BvudHe/IpTyxTHzxECMjghrjg
zA8pF5RbxCaX8ugjVge0wqBqeEGqeStl2obiVEDSVy16WyCE6YVn21V49TTNG17B
GPkAUkBmD293HM4jpUJsoIaA0NrvzHGgz8kM6R98NK9heplX+Gso+NkH+BWXzEGy
4HXM9ajXW9eMLd3BbsKhXdA9lhH7gc/CHC+jZoo+eyNZCSiZTREtvnDWrRCDelr4
epGaI53qGuZ4FRTjQhHpqzgG19tF1rlzpwyp5X7Mp8Vb6PyVULO9zaTnRk1Pc13I
HZ7wXCqsAL4=
</Encrypted>
      <PayMethod>CASH</PayMethod>
      <ResultCode>220000</ResultCode>
      <ResultMsg urlencode="1">%C1%A4%BB%F3%C3%B3%B8%AE%B5%C7%BE%FA%BD%C0%B4%CF%B4%D9.</ResultMsg>
    </Payment>
  </PaymentInfo>
  <ManageInfo>
    <EventCode></EventCode>
    <OrgCurrency></OrgCurrency>
    <ExchangeRate></ExchangeRate>
    <OrgPrice></OrgPrice>
  </ManageInfo>
  <ReservedInfo>
    <MReserved1 urlencode="1"></MReserved1>
    <MReserved2 urlencode="1"></MReserved2>
    <MReserved3 urlencode="1"></MReserved3>
    <PGReserved1 urlencode="1"></PGReserved1>
    <PGReserved2 urlencode="1"></PGReserved2>
    <PGReserved3 urlencode="1"></PGReserved3>
  </ReservedInfo>
</INIpay>
Q7lvgEFXrdcm3oswDS6gmbbyBJaGzeurz5k7kduV/old7Xor7f560pIaw9HscieY
q1D4+zdQ+ZJ3DpcgJNfzwI+CAQ5Tl5kzltR3OAEVu9HcRWNNDX5eexWEJ5nY2GBa
1ZHZAa6MabVUflzj9EHLf3GsPHupQOoJrnV+vYJzrMs=
]
INFO	[2020-08-11 12:54:02:128] <22125> VERIFY OK
INFO	[2020-08-11 12:54:02:128] <22125> PARSE HEAD OK
INFO	[2020-08-11 12:54:02:129] <22125> PARSE BODY OK
INFO	[2020-08-11 12:54:02:130] <22125> DECRYPT OK
DEBUG	[2020-08-11 12:54:02:130] <22125> DECRYPT MSG:[<?xml version="1.0" encoding="UTF-8"?>
<PaymentInfo>
  <Payment>
    <EASYPAY/>
    <CASH>
      <CSHR_ApplPrice>47900</CSHR_ApplPrice>
      <CSHR_SupplyPrice>43545</CSHR_SupplyPrice>
      <CSHR_Tax>4355</CSHR_Tax>
      <CSHR_ServicePrice></CSHR_ServicePrice>
      <CSHR_Type>1</CSHR_Type>
      <CSHR_ApplDate>20200811</CSHR_ApplDate>
      <CSHR_ApplTime>125402</CSHR_ApplTime>
      <CSHR_ApplNum>268555508</CSHR_ApplNum>
      <CSHR_ResultCode>220000</CSHR_ResultCode>
      <CSHR_ResultMsg urlencode="1">%C1%A4%BB%F3%C3%B3%B8%AE%B5%C7%BE%FA%BD%C0%B4%CF%B4%D9.</CSHR_ResultMsg>
    </CASH>
  </Payment>
</PaymentInfo>]
INFO	[2020-08-11 12:54:02:130] <22125> DECRYPT PARSE OK
INFO	[2020-08-11 12:54:02:130] <22125> WAIT ACK INVOKING
DEBUG	[2020-08-11 12:54:02:130] <22125> MAKE HEAD OK
INFO	[2020-08-11 12:54:02:133] <22125> SUCCESS ACK INVOKING
INFO	[2020-08-11 12:54:02:133] <22125> END receipt 정상처리되었습니다. Laptime:[0.151sec]
INFO	[2020-08-11 12:54:02:133] <22125> ===============================================================
