INFO	[2020-01-21 10:27:13:548] <9896> START INIPHP cancel (V5036-141209)(OS:Linux2.6.32-754.11.1.el6.x86_64,PHP:5.3.3)
DEBUG	[2020-01-21 10:27:13:548] <9896> inipayhome:/home/killdeal/public_html/shop/inicis
DEBUG	[2020-01-21 10:27:13:548] <9896> debug:false
DEBUG	[2020-01-21 10:27:13:548] <9896> type:cancel
DEBUG	[2020-01-21 10:27:13:548] <9896> mid:majorgol03
DEBUG	[2020-01-21 10:27:13:548] <9896> admin:1111
DEBUG	[2020-01-21 10:27:13:548] <9896> tid:StdpayVBNKmajorgol0320200121102444983660
DEBUG	[2020-01-21 10:27:13:548] <9896> cancelmsg:주문자 본인 취소-테스트
INFO	[2020-01-21 10:27:13:549] <9896> Check Field OK
INFO	[2020-01-21 10:27:13:549] <9896> PI PUB KEY LOAD OK []
INFO	[2020-01-21 10:27:13:549] <9896> PG PUB KEY LOAD OK [30]
INFO	[2020-01-21 10:27:13:549] <9896> MERCHANT PRIV KEY LOAD OK
INFO	[2020-01-21 10:27:13:549] <9896> MERCHANT PUB KEY LOAD OK [0]
DEBUG	[2020-01-21 10:27:13:550] <9896> MAKE ENCRYPT OK[<?xml version="1.0" encoding="UTF-8"?>
<CancelInfo>
	  <CancelTID>StdpayVBNKmajorgol0320200121102444983660</CancelTID>
	  <CancelMsg urlencode="1">%C1%D6%B9%AE%C0%DA+%BA%BB%C0%CE+%C3%EB%BC%D2-%C5%D7%BD%BA%C6%AE</CancelMsg>
	  <CancelReason/></CancelInfo>]
INFO	[2020-01-21 10:27:13:550] <9896> MAKE BODY OK
INFO	[2020-01-21 10:27:13:551] <9896> SIGN OK
INFO	[2020-01-21 10:27:13:551] <9896> MAKE HEAD OK
INFO	[2020-01-21 10:27:13:551] <9896> MSG_TO_PG:[0096200175D SHA1                   0                                      300420majorgol03                    StdpayVBNKmajorgol0320200121102444983660<?xml version="1.0" encoding="UTF-8"?>
<INIpay>
	  <CancelInfo>
	    <SessionKey>bQzmuH10yg706AzV+IYUxXlwt+DMm3pkqQH3+DlK9BtcqZkYDWJcyFAqNYU2n3JL
6fOvmXzghV8kTr4z0/kQdHk34znxg+jU5iLXfGwI+gaMgx3CsQfFOkH3G886J8Tr
Yl0z+PZnT//oNEbKYYh4ghj8DxizS8KkqcHW20XOHixzC1+qy9GNKA==
</SessionKey>
	    <Encrypted>IkhACkCs2+pPHZV03kiqEzbau3Aqq+4PvK2iUqdgrMg8i7Cia3rlvSDWOcX8u7sM
9XBllvKYh6D6qrvw4W70nn2YexN41JbQbhQ9IPycHnFar03tb8zMGO2IR/gx6qm9
P7aePPWhuNGci5kBYa/X0k8MFSW/70nRTnqfKLB1M2q4Pxt2jT7z+SzPPplVuXa7
GisfVI8hPB1WSJdXVqZBwfsaha3hyERiutdX4f+qjg5zuts/0O9s5fkhLm5jZIAU
Bh3+mXkrDe0LZG1WXtzKsM4qOdCKmaSAYrwJnArdW6Zn4E7S6mT0gOSiYU2WNu6n
XlpNYHVwOZ1Nnnditm546Q==
</Encrypted></CancelInfo>
	  <ReservedInfo>
	    <MReserved1/>
	    <MReserved2/>
	    <MReserved3/></ReservedInfo>
	  <ManageInfo>
	    <Language/>
	    <URL/>
	    <TXVersion>5036B141209canceLinux     PHPchkfake   2.6.32-754.11.1.el6.x86_64PHP:</TXVersion>
	    <TXUserID/>
	    <TXRegNum/></ManageInfo></INIpay>ANR6NFwdtzVZ0KrytGqGiMlnPtSyndR3wwXHw63IyWm7eoyp21a53n7q/inv6gz6
x4bBSD2sX9rXaHtbUgqZ0cQWoTrgp0W8ZLCZLXJwt4/PNh+ERlg479qf/iYpJkAb
wjZT/DKTKxewcV6Lme/qKeTKIdqU/sLi6YKBEs9n+Ito
]
INFO	[2020-01-21 10:27:13:551] <9896> DNS LOOKUP OK(203.238.37.3:203.238.37.3:34049) laptime:0
INFO	[2020-01-21 10:27:13:553] <9896> SOCKET CONNECT OK
INFO	[2020-01-21 10:27:13:553] <9896> SEND OK
INFO	[2020-01-21 10:27:13:692] <9896> RECV OK
INFO	[2020-01-21 10:27:13:692] <9896> MSG_FROM_PG:[0159300175D SHA1                   0                                      300430majorgol03                    StdpayVBNKmajorgol0320200121102444983660<?xml version="1.0" encoding="UTF-8"?>
<INIpay>
  <CancelInfo>
    <ResultCode>170000</ResultCode>
    <ResultMsg urlencode="1">%C1%A4%BB%F3%C3%B3%B8%AE%B5%C7%BE%FA%BD%C0%B4%CF%B4%D9.</ResultMsg>
    <SessionKey>ARd+KZKpbZJy1ms1xLG2MY27uQFBpxCgbIKfWKFHsSPe4KoNtOnra2tfXkwf6gGn
gltnj2AiVvs6dk0LawnDcaI3iz6rVITfEspTFxLH/k+ENBcqZvRHnvVY7mrfJmut
aQqpeWdK6+zXh0iS55zlXXvXdCoOzkbJ7ULTkNaj/YWlFzr6AfFYkwo=
</SessionKey>
    <Encrypted>TEmxrK+8WO+35A5Eev+3RwR+0Zr9UoFBCs4iIx2YWrw5MUm6/NwlX9mrIiTpJDF8
WVZ3CpNESTmT2eiTjOEBIXp/rXRpdVwtOgZWNw6YwsgXgLhSQuhnOviZTh6BcAsX
IuT19ANpCevFIx9+uSWC67gVwKuPC1clpCNhwln10KpwD0x4Ums8ePYyATaSxqEb
jNjSfpQg/LNPNTUNIJDvdJJGIV2P7wYsyMGwjcT+/9ubNQxZ+/molEqEEzjTTqru
wgboeszZNEMNLwj2vrRIJqnVjQ1QQ4ge3FRE7VGdnzcDap0HLuOUS/HEauwMTmzR
GL5YPIvLiLVWX2BnjVp82Pv63J+S0qMdOQ5JDn7dJZgYMoQ31G9ms94MkqwRQqZ4
k2rVgrrkhFnF3I1HZNNNDuzr2Vx+baej86KHygF/kpY9OhKxxNPV5V5FCwgQPgg9
QWyFT2Z1kqBpswVGQ5DCnW3SahHWHNyFNxbtTSHf3bSUAdLeKthvAxMWEu0zKn5m
6/TtfafHRg8rZ8Hg9wZx8AO0rC+PBmzwzKQkgatWQMDK682Mf3wQpOxbB/f31jXw
L56ZQORFHdKerbZ9uJEw8U7KaADcMHcgyt6cgKzPN79S5h9/et9SvjSSbN9DTJRy
+uAGrucCuq+RAJ7cCGfqtF1WZp2FirAizFER4f+WfqJ6QuzwucQo2BySEbavUI7c
/W05KkqnXZ9u5s697R6JwhwxQGcBdbspF/LI79OSYibUyQIKXFfengJ4BkTW43vB
oR1DluEItfLWL3s+DtnPmA==
</Encrypted>
  </CancelInfo>
  <ManageInfo/>
  <ReservedInfo>
    <MReserved1 urlencode="1"></MReserved1>
    <MReserved2 urlencode="1"></MReserved2>
    <MReserved3 urlencode="1"></MReserved3>
    <PGReserved1 urlencode="1"></PGReserved1>
    <PGReserved2 urlencode="1"></PGReserved2>
    <PGReserved3 urlencode="1"></PGReserved3>
  </ReservedInfo>
</INIpay>
DISSsZ1V+H+qeo7Y7zEyNlQ7Wyr7E39d88GoZfrDa9xiE++65qA1r/srJh0wGzvG
qLR7z7HOxjoaLwX5E8Z6Gk9XVyA43lFFebOMce16aUxhhnzBkp8Smw2G21LzvxcC
JYI2PItepSQdikZu4DBaPnryHBjtG10dro03gkPHkh4=
]
INFO	[2020-01-21 10:27:13:692] <9896> VERIFY OK
INFO	[2020-01-21 10:27:13:692] <9896> PARSE HEAD OK
INFO	[2020-01-21 10:27:13:692] <9896> PARSE BODY OK
INFO	[2020-01-21 10:27:13:693] <9896> DECRYPT OK
DEBUG	[2020-01-21 10:27:13:693] <9896> DECRYPT MSG:[<?xml version="1.0" encoding="UTF-8"?>
<CancelInfo>
  <CancelDate>20200121</CancelDate>
  <CancelTime>102715</CancelTime>
  <ResultCode>170000</ResultCode>
  <ResultMsg urlencode="1">%C1%A4%BB%F3%C3%B3%B8%AE%B5%C7%BE%FA%BD%C0%B4%CF%B4%D9.</ResultMsg>
  <CSHR_CancelNum></CSHR_CancelNum>
  <CSHR_CancelDate>20200121</CSHR_CancelDate>
  <CSHR_CancelTime>102715</CSHR_CancelTime>
  <CSHR_ResultCode>220000</CSHR_ResultCode>
  <CSHR_ResultMsg urlencode="1">%C1%A4%BB%F3%C3%B3%B8%AE%B5%C7%BE%FA%BD%C0%B4%CF%B4%D9.</CSHR_ResultMsg>
  <VACT_FlgRemit urlencode="1"></VACT_FlgRemit>
</CancelInfo>]
INFO	[2020-01-21 10:27:13:694] <9896> DECRYPT PARSE OK
INFO	[2020-01-21 10:27:13:694] <9896> END cancel 정상처리되었습니다. Laptime:[0.145sec]
INFO	[2020-01-21 10:27:13:694] <9896> ===============================================================
INFO	[2020-01-21 10:33:47:820] <16291> START INIPHP cancel (V5036-141209)(OS:Linux2.6.32-754.11.1.el6.x86_64,PHP:5.3.3)
DEBUG	[2020-01-21 10:33:47:820] <16291> inipayhome:/home/killdeal/public_html/shop/inicis
DEBUG	[2020-01-21 10:33:47:820] <16291> debug:false
DEBUG	[2020-01-21 10:33:47:820] <16291> type:cancel
DEBUG	[2020-01-21 10:33:47:820] <16291> mid:majorgol03
DEBUG	[2020-01-21 10:33:47:820] <16291> admin:1111
DEBUG	[2020-01-21 10:33:47:820] <16291> tid:StdpayISP_majorgol0320200121103330225884
DEBUG	[2020-01-21 10:33:47:820] <16291> cancelmsg:주문자 본인 취소-테스트
INFO	[2020-01-21 10:33:47:820] <16291> Check Field OK
INFO	[2020-01-21 10:33:47:820] <16291> PI PUB KEY LOAD OK []
INFO	[2020-01-21 10:33:47:820] <16291> PG PUB KEY LOAD OK [30]
INFO	[2020-01-21 10:33:47:820] <16291> MERCHANT PRIV KEY LOAD OK
INFO	[2020-01-21 10:33:47:820] <16291> MERCHANT PUB KEY LOAD OK [0]
DEBUG	[2020-01-21 10:33:47:821] <16291> MAKE ENCRYPT OK[<?xml version="1.0" encoding="UTF-8"?>
<CancelInfo>
	  <CancelTID>StdpayISP_majorgol0320200121103330225884</CancelTID>
	  <CancelMsg urlencode="1">%C1%D6%B9%AE%C0%DA+%BA%BB%C0%CE+%C3%EB%BC%D2-%C5%D7%BD%BA%C6%AE</CancelMsg>
	  <CancelReason/></CancelInfo>]
INFO	[2020-01-21 10:33:47:821] <16291> MAKE BODY OK
INFO	[2020-01-21 10:33:47:821] <16291> SIGN OK
INFO	[2020-01-21 10:33:47:821] <16291> MAKE HEAD OK
INFO	[2020-01-21 10:33:47:821] <16291> MSG_TO_PG:[0096200175D SHA1                   0                                      300420majorgol03                    StdpayISP_majorgol0320200121103330225884<?xml version="1.0" encoding="UTF-8"?>
<INIpay>
	  <CancelInfo>
	    <SessionKey>NP9cxJA1fuqVvvlP0amfO7sQCkgpVKfPrmVB4qzgXDUP87Dd+NhFtnWPqd2dq423
saK34HorJwryFIdUJDcFfzYUc71tDh/kCjKm79fpRPewmxX1o6CeCyCxxssv5evV
c2HgtXutIOaisqbgQ3rwT9k9d7S6zSCFOOf9738Tra/0PPBnqfKyhg==
</SessionKey>
	    <Encrypted>61dBC1W4u+YdUaw1fG2ppUXyQy/HDeooNY5YKdF0hu5eqYPLmeyUTtPoLv6TWLjw
F+uSWYAjhhPA5T4rajzv6ts3VoRyPOvVFAbnWraT6Ilt2zgGfGuT7/+MTfbK+YRQ
WysheRM5UxmLRdFWY98E+SWvA1HmiuQXR+9bDtxqJmWY766ZSVhZ9W5PeMG253Pm
tS/5c83nSmzp5rDWenS8YQI0d74JItMXt4Zw/8S6D2bOkTiJ20c+JRnpc0FX4ljo
WAkSHLjAlHtroteCoZN2y7tuMISiVoD/EPhOFv/pmRZ1HDYpllkOoDp4L5+99zQM
WDo/XCy3hQbbNzvo8Yhv6w==
</Encrypted></CancelInfo>
	  <ReservedInfo>
	    <MReserved1/>
	    <MReserved2/>
	    <MReserved3/></ReservedInfo>
	  <ManageInfo>
	    <Language/>
	    <URL/>
	    <TXVersion>5036B141209canceLinux     PHPchkfake   2.6.32-754.11.1.el6.x86_64PHP:</TXVersion>
	    <TXUserID/>
	    <TXRegNum/></ManageInfo></INIpay>ACnoSlWO/FFrimqLorrOz+1IctUKQszuFnWfOPbK1x4jSAAmDEwm9x1yXPiSfavs
/kMIRD2978c8ip/Pjh5ImQmrp9DQpms8xQDuikofGnqA9ZHwrzuUsCpFu/7DEDtO
bOh4wvAsT8Uo05XMpBPz2yKIz3Kvke61RRmAhUqetRL5
]
INFO	[2020-01-21 10:33:47:821] <16291> DNS LOOKUP OK(203.238.37.3:203.238.37.3:34049) laptime:0
INFO	[2020-01-21 10:33:47:825] <16291> SOCKET CONNECT OK
INFO	[2020-01-21 10:33:47:825] <16291> SEND OK
INFO	[2020-01-21 10:33:48:976] <16291> RECV OK
INFO	[2020-01-21 10:33:48:976] <16291> MSG_FROM_PG:[0108200175D SHA1                   0                                      300430majorgol03                    StdpayISP_majorgol0320200121103330225884<?xml version="1.0" encoding="UTF-8"?>
<INIpay>
  <CancelInfo>
    <ResultCode>170000</ResultCode>
    <ResultMsg urlencode="1">%C1%A4%BB%F3%BF%CF%B7%E1</ResultMsg>
    <SessionKey>ALvYeVdju/xmxv8AxZHL3SaV/yeV6NqBurYdpPDVpRQ6/T11VSA1eN+wYhG/wUWw
BnEi8KmcUwMSeQGW5IGPY9XW6YkOE4L+LNpH5I73ltAAlN4HpnBIH7J94qiMv8ab
1k1y8r/YYdHtM3kOuZsZvnzwKcUid2XjvUMMKGkipZNRFq4Tv+42A8s=
</SessionKey>
    <Encrypted>XZUxN2oo0QTVnuRI6ug1vxofnIG2SzPnzGkW6o/g1UimsKyOSfxEw9u2yiLUj7zd
OlL4JVxp8cP/bYAlxPiEAgxUdIn70xnro/VJsv425qS8Z32D1Y6979TN7fRq53uH
Ixc/grHtJsXYQa15j+8lTB8JlwSNxrChUmTTiHmIwc+qwrV75GhDG9Y6DMK0jAe1
w+ZJt1fAywO3R7HLcZ6hc/k+YFByav/z56t1VYtKXy9VtXuAvSSkFk5JJWSIB9oc
5JX4ia0hTv1k1S2UNKukKwlPuoKszz1Y9728IRk9dQJWOvQwZcQW5V8W8fxhi/2t
</Encrypted>
  </CancelInfo>
  <ManageInfo/>
  <ReservedInfo>
    <MReserved1 urlencode="1"></MReserved1>
    <MReserved2 urlencode="1"></MReserved2>
    <MReserved3 urlencode="1"></MReserved3>
    <PGReserved1 urlencode="1"></PGReserved1>
    <PGReserved2 urlencode="1"></PGReserved2>
    <PGReserved3 urlencode="1"></PGReserved3>
  </ReservedInfo>
</INIpay>
l7ygvbnyCN++TajffszzOEpWaJoZhdy9um3h3snTOhupickwTDd3Q0eOsGOtTcMk
+iPZJEJ7e7WeNa2E1pc6KPaRjivFjjjhaHKYQSNUEhWyt3FCnLeRQ02YnWPHI+3a
zIjvyv2cZkxOs/GyNilh8Ue3xCyhbnRH0Id4m+qnw+0=
]
INFO	[2020-01-21 10:33:48:976] <16291> VERIFY OK
INFO	[2020-01-21 10:33:48:976] <16291> PARSE HEAD OK
INFO	[2020-01-21 10:33:48:976] <16291> PARSE BODY OK
INFO	[2020-01-21 10:33:48:977] <16291> DECRYPT OK
DEBUG	[2020-01-21 10:33:48:977] <16291> DECRYPT MSG:[<?xml version="1.0" encoding="UTF-8"?>
<CancelInfo>
  <CancelDate>20200121</CancelDate>
  <CancelTime>103350</CancelTime>
  <ResultCode>170000</ResultCode>
  <ResultMsg urlencode="1">%C1%A4%BB%F3%BF%CF%B7%E1</ResultMsg>
</CancelInfo>]
INFO	[2020-01-21 10:33:48:977] <16291> DECRYPT PARSE OK
INFO	[2020-01-21 10:33:48:977] <16291> END cancel 정상완료 Laptime:[1.157sec]
INFO	[2020-01-21 10:33:48:977] <16291> ===============================================================
