INFO	[2021-03-16 15:26:55:364] <30857> START INIPHP cancel (V5036-141209)(OS:Linux2.6.32-754.11.1.el6.x86_64,PHP:5.3.3)
DEBUG	[2021-03-16 15:26:55:364] <30857> inipayhome:/home1/killdeal/public_html/shop/inicis
DEBUG	[2021-03-16 15:26:55:364] <30857> debug:false
DEBUG	[2021-03-16 15:26:55:364] <30857> type:cancel
DEBUG	[2021-03-16 15:26:55:364] <30857> mid:majorgol03
DEBUG	[2021-03-16 15:26:55:364] <30857> admin:1111
DEBUG	[2021-03-16 15:26:55:364] <30857> tid:StdpayCARDmajorgol0320210308094828590803
DEBUG	[2021-03-16 15:26:55:364] <30857> cancelmsg:쇼핑몰 운영자 승인 취소
INFO	[2021-03-16 15:26:55:364] <30857> Check Field OK
INFO	[2021-03-16 15:26:55:364] <30857> PI PUB KEY LOAD OK []
INFO	[2021-03-16 15:26:55:364] <30857> PG PUB KEY LOAD OK [30]
INFO	[2021-03-16 15:26:55:365] <30857> MERCHANT PRIV KEY LOAD OK
INFO	[2021-03-16 15:26:55:365] <30857> MERCHANT PUB KEY LOAD OK [0]
DEBUG	[2021-03-16 15:26:55:365] <30857> MAKE ENCRYPT OK[<?xml version="1.0" encoding="UTF-8"?>
<CancelInfo>
	  <CancelTID>StdpayCARDmajorgol0320210308094828590803</CancelTID>
	  <CancelMsg urlencode="1">%BC%EE%C7%CE%B8%F4+%BF%EE%BF%B5%C0%DA+%BD%C2%C0%CE+%C3%EB%BC%D2</CancelMsg>
	  <CancelReason/></CancelInfo>]
INFO	[2021-03-16 15:26:55:366] <30857> MAKE BODY OK
INFO	[2021-03-16 15:26:55:366] <30857> SIGN OK
INFO	[2021-03-16 15:26:55:366] <30857> MAKE HEAD OK
INFO	[2021-03-16 15:26:55:366] <30857> MSG_TO_PG:[0096200175D SHA1                   0                                      300420majorgol03                    StdpayCARDmajorgol0320210308094828590803<?xml version="1.0" encoding="UTF-8"?>
<INIpay>
	  <CancelInfo>
	    <SessionKey>ZOXhFoeh4CUPKHBoDs+bBvqe91EiT+7Imq1nlKwnffjhCAwjYkCdNnDmlkBYvNa9
AtR6jKXgLYHNyBrhORoKY0isJSRe62yp+oSKk3bps4xtgURV0iO1e3PwaKLd8uR0
9BNiUPtY+Op0v1vt3tqy8OhGH55i1f+V69PsvyDCropnwGiZ/Rz3kQ==
</SessionKey>
	    <Encrypted>3uzc5P+kzyy/w+z0YTE2al+jBtWk04ZdXoDBlZ/fooOBUUdf8+na1NBUl1u0/gWT
NyP2Y9xxrfmyau+Kj4H4UkE6zekpRqjGohurcEc0+RFtPr9ZaW2b/6eaQr8Ux+xB
x0Vh7lcKkzoL3hbjL0V3ZATzv2752R7BGu5TEfL9hlPuNQmJ8YUFTUjIXQr1MWnH
ClC8WJMG3mnt6fVpuPwmfdpLNOzUKhqBXhQ9CUk52/4ob6CmVrxHblHj/efq/PjV
3SwOtWx1VvfTrPMPtXBWHzA+10sdbRw//fthZABzgoSpR0CJE5C2nkjxVDJ0NQTu
OR/Z81Uh0nX1FgEGO5i+iA==
</Encrypted></CancelInfo>
	  <ReservedInfo>
	    <MReserved1/>
	    <MReserved2/>
	    <MReserved3/></ReservedInfo>
	  <ManageInfo>
	    <Language/>
	    <URL/>
	    <TXVersion>5036B141209canceLinux     PHPchkfake   2.6.32-754.11.1.el6.x86_64PHP:</TXVersion>
	    <TXUserID/>
	    <TXRegNum/></ManageInfo></INIpay>AGnnF3gd//xZ1Pn9alfNXyKyu6eMWnDXGS4PCtyIgHsZkGjbAhzl540VeMrSRXmn
/JdLyHau4/T5rOxKTIi2k5LVhE3wU+VrR4h3kRtjW/m8SOkS9l4kQEn/RtQyiTHO
SudoSQc20QM37ETSSxwqhC92q8TCIwEji9lfHqI+k6fJ
]
INFO	[2021-03-16 15:26:55:366] <30857> DNS LOOKUP OK(203.238.37.3:203.238.37.3:34049) laptime:0
INFO	[2021-03-16 15:26:55:368] <30857> SOCKET CONNECT OK
INFO	[2021-03-16 15:26:55:368] <30857> SEND OK
INFO	[2021-03-16 15:26:55:674] <30857> RECV OK
INFO	[2021-03-16 15:26:55:674] <30857> MSG_FROM_PG:[0093300175D SHA1                   0                                      300430majorgol03                    StdpayCARDmajorgol0320210308094828590803<?xml version="1.0" encoding="UTF-8"?><INIpay>
<CancelInfo>
<ResultCode>120000</ResultCode>
<ResultMsg urlencode="1">%C1%A4%BB%F3%C3%B3%B8%AE%B5%C7%BE%FA%BD%C0%B4%CF%B4%D9.</ResultMsg>
<SessionKey>ANHmbYJBMRplilA1KBGeNgVlEm4Inn6qugVijNeuy6Vd31UFlsZMUW/5KwtaxP6s
Htzuou6z/glml2GOPqyHw32oQaJWnjZXkifOFswcaPWRJLRNzJvPRsv/emkxLB8Q
tEgi6C20MlbsKVc8mg4aMk2lEh+nat25RZKZQ1ce+3JT9582IJEbeLY=
</SessionKey>
<Encrypted>5YTYtVJS/2kotFFs+6p132kKBAWEOWrKLIwe1roD3ga6o39XfY85NWD2pNalECz4
LvS2Bue8lbsEESKZXjRXm/AYRVEy8sfpPUUNiZUaIbHA83B8FRqhThR6DEuYt5cU
5qPiIJ8VadC3vFwGNUJJJWL9Mm9S0q3MyHN6z1M/GTOX+6D5PBo7oKdkPTDn7zXG
9HbqfsCoL6L3IhVxVW6tN5C2mMbNsG1cWSncXtPgvA6x6gCwQUUwzJkhI6orR2D3
AMu8kSnuGEdoa7+6IMvAjEE0fk8ZobNT0uL5+Gh8RLrwnmDp8f0fytLwbcCEbFA0
5HexWBwtPLQX212lB85nmCnFbYzkl6bE
</Encrypted>
</CancelInfo>
<ManageInfo/>
<ReservedInfo>
<MReserved1 urlencode="1"/>
<MReserved2 urlencode="1"/>
<MReserved3 urlencode="1"/>
</ReservedInfo>
</INIpay>
vgoMsGAnp0Apz6nREiHnGjIPQjhaYrfjcvkcl1kSkl58qWARZd8edgfOHpUDpa5c
zsICZEsGHOxnmV2NKZ3OapIfgeWCXjFGSf2zgXqg0ndnAIzU80c87AE5GYv9r467
rdyFSbhPXKDJbegeEQspX2fqisnSkU75/H9Si/T7iyA=
]
INFO	[2021-03-16 15:26:55:674] <30857> VERIFY OK
INFO	[2021-03-16 15:26:55:674] <30857> PARSE HEAD OK
INFO	[2021-03-16 15:26:55:675] <30857> PARSE BODY OK
INFO	[2021-03-16 15:26:55:675] <30857> DECRYPT OK
DEBUG	[2021-03-16 15:26:55:675] <30857> DECRYPT MSG:[<?xml version="1.0" encoding="UTF-8"?><CancelInfo>
<CancelDate>20210316</CancelDate>
<CancelTime>152655</CancelTime>
<ResultCode>120000</ResultCode>
<ResultMsg urlencode="1">%C1%A4%BB%F3%C3%B3%B8%AE%B5%C7%BE%FA%BD%C0%B4%CF%B4%D9.</ResultMsg>
</CancelInfo>]
INFO	[2021-03-16 15:26:55:676] <30857> DECRYPT PARSE OK
INFO	[2021-03-16 15:26:55:676] <30857> END cancel 정상처리되었습니다. Laptime:[0.312sec]
INFO	[2021-03-16 15:26:55:676] <30857> ===============================================================
INFO	[2021-03-16 15:39:14:6] <30852> START INIPHP cancel (V5036-141209)(OS:Linux2.6.32-754.11.1.el6.x86_64,PHP:5.3.3)
DEBUG	[2021-03-16 15:39:14:6] <30852> inipayhome:/home1/killdeal/public_html/shop/inicis
DEBUG	[2021-03-16 15:39:14:6] <30852> debug:false
DEBUG	[2021-03-16 15:39:14:6] <30852> type:cancel
DEBUG	[2021-03-16 15:39:14:6] <30852> mid:majorgol03
DEBUG	[2021-03-16 15:39:14:6] <30852> admin:1111
DEBUG	[2021-03-16 15:39:14:6] <30852> tid:INIMX_CARDmajorgol0320210306042720865809
DEBUG	[2021-03-16 15:39:14:6] <30852> cancelmsg:쇼핑몰 운영자 승인 취소
INFO	[2021-03-16 15:39:14:6] <30852> Check Field OK
INFO	[2021-03-16 15:39:14:6] <30852> PI PUB KEY LOAD OK []
INFO	[2021-03-16 15:39:14:7] <30852> PG PUB KEY LOAD OK [30]
INFO	[2021-03-16 15:39:14:7] <30852> MERCHANT PRIV KEY LOAD OK
INFO	[2021-03-16 15:39:14:7] <30852> MERCHANT PUB KEY LOAD OK [0]
DEBUG	[2021-03-16 15:39:14:7] <30852> MAKE ENCRYPT OK[<?xml version="1.0" encoding="UTF-8"?>
<CancelInfo>
	  <CancelTID>INIMX_CARDmajorgol0320210306042720865809</CancelTID>
	  <CancelMsg urlencode="1">%BC%EE%C7%CE%B8%F4+%BF%EE%BF%B5%C0%DA+%BD%C2%C0%CE+%C3%EB%BC%D2</CancelMsg>
	  <CancelReason/></CancelInfo>]
INFO	[2021-03-16 15:39:14:8] <30852> MAKE BODY OK
INFO	[2021-03-16 15:39:14:8] <30852> SIGN OK
INFO	[2021-03-16 15:39:14:8] <30852> MAKE HEAD OK
INFO	[2021-03-16 15:39:14:8] <30852> MSG_TO_PG:[0096200175D SHA1                   0                                      300420majorgol03                    INIMX_CARDmajorgol0320210306042720865809<?xml version="1.0" encoding="UTF-8"?>
<INIpay>
	  <CancelInfo>
	    <SessionKey>I3ErQR9fYF7QCltc8+2jYzcCP7pH3FQ4IwB+a2KhdeA0tpSRT2+OZRxTSauBT4pb
pStKhV0kzi7860aNj7CIvupS2j4bUYrapY2ViymmRaXtMaTRKdoB6IhuPt6cNUv4
lYUVzA35GFRKCtvaWFq+FDIjy8sN3VJowu6nvdHszJgDe/Uz2qfa2w==
</SessionKey>
	    <Encrypted>todAnLHKVmmiZJ2+RP4+1ix5t7brnNNHhNnqkaFYPsqfogpw71oM6yCuivbs/ebW
23QoMSTeKTivdo+TQU4X63Rv6yOnOmDDQKJk/ngtk1M0kpSNpnzd74AtlgDYL4BA
d/dJO6+nZKcrUXPnjm+jg9BZs4Ny09PWNA44qm+1fGBDRA/e6lfmKq4v7xzsXimA
CApoKTppcNvgepaXw8vTRRw9PwnswITabuGgqx11cmd4VwdztvQ0mqwQ5zV2p3zu
KBUSx0oWTkY6PVs0Q0S8kwPmkApKh4A/5TN7Pxdsc6t+cAWcN4vvcsjJRZgj66Yp
+4QSg171j7rctutW2APlyw==
</Encrypted></CancelInfo>
	  <ReservedInfo>
	    <MReserved1/>
	    <MReserved2/>
	    <MReserved3/></ReservedInfo>
	  <ManageInfo>
	    <Language/>
	    <URL/>
	    <TXVersion>5036B141209canceLinux     PHPchkfake   2.6.32-754.11.1.el6.x86_64PHP:</TXVersion>
	    <TXUserID/>
	    <TXRegNum/></ManageInfo></INIpay>AETjzCc/o69GmZijVyrja2AD7WCqe/yzBP0+eqmt5lrt17tEpPji8XTWElqTfmes
7n8k/DJOPkjVgkSF9Z3muI/WaLCyDHf74m37AqgKNxcT68nBdqL1TYuDx+qD4wWu
y9kAk21R/OL0DCQIyoTXphJ63w4kifdt3np+tTwGF4AJ
]
INFO	[2021-03-16 15:39:14:8] <30852> DNS LOOKUP OK(203.238.37.3:203.238.37.3:34049) laptime:0
INFO	[2021-03-16 15:39:14:12] <30852> SOCKET CONNECT OK
INFO	[2021-03-16 15:39:14:12] <30852> SEND OK
INFO	[2021-03-16 15:39:14:482] <30852> RECV OK
INFO	[2021-03-16 15:39:14:482] <30852> MSG_FROM_PG:[0093300175D SHA1                   0                                      300430majorgol03                    INIMX_CARDmajorgol0320210306042720865809<?xml version="1.0" encoding="UTF-8"?><INIpay>
<CancelInfo>
<ResultCode>120000</ResultCode>
<ResultMsg urlencode="1">%C1%A4%BB%F3%C3%B3%B8%AE%B5%C7%BE%FA%BD%C0%B4%CF%B4%D9.</ResultMsg>
<SessionKey>ALTDKfCrKbvAQm9M4uOPcNWCRpK86ReNwWcgbc5uc+bFPHrShkt7SrOl7y/O7Be7
b6DlVnTeS1oqNi09I1B9veWqrZCxj2Wv1zVOCpNhNW+D/f+fJouSH4vPVphb2xSg
bDFyZWmbea6oWkJ35WWjhzvAs8BwJHy8uUePvVQyJW1Z6iLcalBWDUw=
</SessionKey>
<Encrypted>bJ9O0DBpysx7iplcYtW+tCH2OoOV1/iYxVNNL3RYbOBvcachobZ29T5wFiDsO7Pa
I63hzmcD6h66bg51cd4N5YxQjmtCjHb4mO+l+e41hjObFufXExHz3qBMgcRYoORN
HgGgzB8zCFqHyRLyx5bV57YVKMdPpWk2SjrgAKspGSG+w+KmCl2qZjrVepIzPNf/
CsTRU4beqtK0Wn+72LnRFK56PmkWZbe7aYtyzIsTd0RLGr5gdGLqd/IiPXV6sPzm
JzjrVXniQKhrXAcpfb7r2PDal7rMsih9aNTn9Y6kZSBUg8Vz4npshMLr9joSws4f
U6wCOvxE9fzTbMBNn9m62bXLRpvAHylj
</Encrypted>
</CancelInfo>
<ManageInfo/>
<ReservedInfo>
<MReserved1 urlencode="1"/>
<MReserved2 urlencode="1"/>
<MReserved3 urlencode="1"/>
</ReservedInfo>
</INIpay>
X1JrSJYiaOrvROssQO7A2Jt0GpPXX2OoR2nBLl/3JPD3AfqKPm/Sj8QJU56OFL68
Edg7vAAGw0bkiFoCswkTy/k32FWeXhuY8Ct0cTl2glvWkHjNRulSwYSCH3UBdkLE
/PQUVU4d10vuAZUhBhiMHKZVSGuLPvo+EGtJ4xmb8qg=
]
INFO	[2021-03-16 15:39:14:482] <30852> VERIFY OK
INFO	[2021-03-16 15:39:14:482] <30852> PARSE HEAD OK
INFO	[2021-03-16 15:39:14:482] <30852> PARSE BODY OK
INFO	[2021-03-16 15:39:14:483] <30852> DECRYPT OK
DEBUG	[2021-03-16 15:39:14:483] <30852> DECRYPT MSG:[<?xml version="1.0" encoding="UTF-8"?><CancelInfo>
<CancelDate>20210316</CancelDate>
<CancelTime>153913</CancelTime>
<ResultCode>120000</ResultCode>
<ResultMsg urlencode="1">%C1%A4%BB%F3%C3%B3%B8%AE%B5%C7%BE%FA%BD%C0%B4%CF%B4%D9.</ResultMsg>
</CancelInfo>]
INFO	[2021-03-16 15:39:14:483] <30852> DECRYPT PARSE OK
INFO	[2021-03-16 15:39:14:483] <30852> END cancel 정상처리되었습니다. Laptime:[0.477sec]
INFO	[2021-03-16 15:39:14:483] <30852> ===============================================================
INFO	[2021-03-16 16:19:30:314] <30875> START INIPHP cancel (V5036-141209)(OS:Linux2.6.32-754.11.1.el6.x86_64,PHP:5.3.3)
DEBUG	[2021-03-16 16:19:30:314] <30875> inipayhome:/home1/killdeal/public_html/shop/inicis
DEBUG	[2021-03-16 16:19:30:314] <30875> debug:false
DEBUG	[2021-03-16 16:19:30:314] <30875> type:cancel
DEBUG	[2021-03-16 16:19:30:314] <30875> mid:majorgol03
DEBUG	[2021-03-16 16:19:30:314] <30875> admin:1111
DEBUG	[2021-03-16 16:19:30:314] <30875> tid:StdpayVBNKmajorgol0320210316161928660164
DEBUG	[2021-03-16 16:19:30:314] <30875> cancelmsg:DB FAIL
INFO	[2021-03-16 16:19:30:314] <30875> Check Field OK
INFO	[2021-03-16 16:19:30:314] <30875> PI PUB KEY LOAD OK []
INFO	[2021-03-16 16:19:30:314] <30875> PG PUB KEY LOAD OK [30]
INFO	[2021-03-16 16:19:30:314] <30875> MERCHANT PRIV KEY LOAD OK
INFO	[2021-03-16 16:19:30:314] <30875> MERCHANT PUB KEY LOAD OK [0]
DEBUG	[2021-03-16 16:19:30:315] <30875> MAKE ENCRYPT OK[<?xml version="1.0" encoding="UTF-8"?>
<CancelInfo>
	  <CancelTID>StdpayVBNKmajorgol0320210316161928660164</CancelTID>
	  <CancelMsg urlencode="1">DB+FAIL</CancelMsg>
	  <CancelReason/></CancelInfo>]
INFO	[2021-03-16 16:19:30:315] <30875> MAKE BODY OK
INFO	[2021-03-16 16:19:30:316] <30875> SIGN OK
INFO	[2021-03-16 16:19:30:316] <30875> MAKE HEAD OK
INFO	[2021-03-16 16:19:30:316] <30875> MSG_TO_PG:[0088500175D SHA1                   0                                      300420majorgol03                    StdpayVBNKmajorgol0320210316161928660164<?xml version="1.0" encoding="UTF-8"?>
<INIpay>
	  <CancelInfo>
	    <SessionKey>Bkcv4JJqK+lopkhGwzBit8BY9LJf+hJqaJpwyapRhDaIFga/uLylU7yu4CvbJlsU
YHpuldFE7wiJxlKWjjdLii9iHrFTn9yVbUyH2KBrwnY+eoO0XWsexie4GdysYJ8I
bxDEd+08tfCAFX6t9V06VSfKBRzsV9n6G8McKxX/Ei3GWsNEdyTk3A==
</SessionKey>
	    <Encrypted>H+V0sikxMVOnYKoe3Xu2jaPoR1xkMQc9IHCo6yLZzJixrfebx3GJ9EOWbAtmd5uC
kPFCsY6uwmud2oWU7Ln7FdG+wjfLbXwqYixhNw8TEr4365C2WW+EB0flGs9azzBY
hJ1qfYHsJ0Yu5fz7dVT5dJtG5ILxQFXog2QiKXw5O0tJu0V/aePQpRa6/9+NcSr5
uyPOwb8UNRXbcTuqGS5HgFJtNe5emdjpSNd7r3/J6by/kJWJiDWPufHN30WwM4Go
M/9mk0+yYBU=
</Encrypted></CancelInfo>
	  <ReservedInfo>
	    <MReserved1/>
	    <MReserved2/>
	    <MReserved3/></ReservedInfo>
	  <ManageInfo>
	    <Language/>
	    <URL/>
	    <TXVersion>5036B141209canceLinux     PHPchkfake   2.6.32-754.11.1.el6.x86_64PHP:</TXVersion>
	    <TXUserID/>
	    <TXRegNum/></ManageInfo></INIpay>ASCNyK4/+H05bQZZaPBR1QQZu1fZ6B3Ieh1WjH1UNMlh6wZ8Exsc/lpRmwsoiKhJ
h/8URrDk/YO5M6SqNILgiPXjAQd7gpON9NtUxfCB0+rBWuJ9nul7P1eCQ8nGKt3l
m4FXlrWwzu2Up7eLqg7utXlJtFVMZbvYHM76yAb31y7H
]
INFO	[2021-03-16 16:19:30:316] <30875> DNS LOOKUP OK(203.238.37.3:203.238.37.3:34049) laptime:0
INFO	[2021-03-16 16:19:30:318] <30875> SOCKET CONNECT OK
INFO	[2021-03-16 16:19:30:318] <30875> SEND OK
INFO	[2021-03-16 16:19:30:414] <30875> RECV OK
INFO	[2021-03-16 16:19:30:414] <30875> MSG_FROM_PG:[0123800175D SHA1                   0                                      300430majorgol03                    StdpayVBNKmajorgol0320210316161928660164<?xml version="1.0" encoding="UTF-8"?><INIpay>
<CancelInfo>
<ResultCode>170000</ResultCode>
<ResultMsg urlencode="1">%C1%A4%BB%F3%C3%B3%B8%AE%B5%C7%BE%FA%BD%C0%B4%CF%B4%D9.</ResultMsg>
<SessionKey>AI0q8cGKMiNYRywMPVZmOKsB/vpR/vbAg5x3t4UW3VIuBp+ds0y1XLZlGcnYcB9X
by3g4QPPgvoztbmD47WlrEc7q8Zl5p5UhAjfQGYB51M0h6CNX5FgPKsEXO5/tozc
gljlVo0SJSAI9Rj57TMl3aXQZOHQvK9zYFwj768DUV6GAfhX61bGc2g=
</SessionKey>
<Encrypted>iDMjO7otWf4tCP5yg1/sUF9DpY3alsaMZR09oM5b1+zwGT26PVrB8ewIz7DIOoO2
WjD3wMz1a44dhLJ8krjf3pRJqVE3vbsZAxKqkle5JlHsLLniLx8h7C5G8OkYzKi2
Dg1FmCspjgZdhQKbl1o1TEOTcgya8qQI5DvuwrIoeMa7Y+N7VnNrODfhbdH+aDFh
aKsBEgh7nzGkOzs6DbXRXTagK4bPirFxzSRC9/E0zpkKTsF4Mdm2IvVRv6A4VNcu
QrEq5zfsK9rww4cfmb2PmXlQHp9EJFeiRJ5K4SloFLxSOoK9RbtpAF5qtqUNUXha
OmrUE0xC+rYQnvbua13fNFk8J/gGgl6hSW6q+BLZBm3LfmMDFKUnt+aVRTIKpVUY
Ch8YOF/Sk0zwh+MI8uuxpPqiKFC0gj3DdYzS9gBVOjEZecSZu7nNyCpuDAl2gOd+
YRyHchTTzQJjPIgREwCo0gsEH1XLHGCtgD6dtfuHqR76jJqAf1N2bex7Fx1d/2zS
NPPrUWtDtv4MbfnGVfCs1Ou977pS9dEUHWu9gQ7PVcnI7lhyZWkF0drmTvT2U97l
2VYMv5nsTJESLj2mPnBQR1paYqx7hj4p2Lsv13JSjVHBqIdrHSEcsXFikmvVcVoD
JLq2jYYMGFQ=
</Encrypted>
</CancelInfo>
<ManageInfo/>
<ReservedInfo>
<MReserved1 urlencode="1"/>
<MReserved2 urlencode="1"/>
<MReserved3 urlencode="1"/>
</ReservedInfo>
</INIpay>
wA7Zd6I+vc9s9mAAhDiGQGW6H8lNt+znOY6KaGGYjFbKQbnWLA0gpajkOyWBCQG/
TAt3xZOec3C+sDIDqCfvO81rJgdaf5NnJnGA9be4leyKyZdzNbNNU7i6GUQs3PSW
fJseQQXLXDKv/rWyGOEHvzMeCkm87m78BYVNY4AnUng=
]
INFO	[2021-03-16 16:19:30:414] <30875> VERIFY OK
INFO	[2021-03-16 16:19:30:414] <30875> PARSE HEAD OK
INFO	[2021-03-16 16:19:30:414] <30875> PARSE BODY OK
INFO	[2021-03-16 16:19:30:415] <30875> DECRYPT OK
DEBUG	[2021-03-16 16:19:30:415] <30875> DECRYPT MSG:[<?xml version="1.0" encoding="UTF-8"?><CancelInfo>
<CancelDate>20210316</CancelDate>
<CancelTime>161929</CancelTime>
<ResultCode>170000</ResultCode>
<ResultMsg urlencode="1">%C1%A4%BB%F3%C3%B3%B8%AE%B5%C7%BE%FA%BD%C0%B4%CF%B4%D9.</ResultMsg>
<CSHR_CancelDate>20210316</CSHR_CancelDate>
<CSHR_CancelTime>161929</CSHR_CancelTime>
<CSHR_ResultCode>220000</CSHR_ResultCode>
<CSHR_ResultMsg urlencode="1">%C1%A4%BB%F3%C3%B3%B8%AE%B5%C7%BE%FA%BD%C0%B4%CF%B4%D9.</CSHR_ResultMsg>
</CancelInfo>]
INFO	[2021-03-16 16:19:30:415] <30875> DECRYPT PARSE OK
INFO	[2021-03-16 16:19:30:415] <30875> END cancel 정상처리되었습니다. Laptime:[0.101sec]
INFO	[2021-03-16 16:19:30:415] <30875> ===============================================================
