INFO	[2020-10-06 10:00:18:538] <11057> START INIPHP receipt (V5036-141209)(OS:Linux2.6.32-754.11.1.el6.x86_64,PHP:5.3.3)
DEBUG	[2020-10-06 10:00:18:538] <11057> inipayhome:/home/killdeal/public_html/shop/inicis
DEBUG	[2020-10-06 10:00:18:538] <11057> debug:false
DEBUG	[2020-10-06 10:00:18:538] <11057> type:receipt
DEBUG	[2020-10-06 10:00:18:538] <11057> pgid:INIphpRECP
DEBUG	[2020-10-06 10:00:18:538] <11057> paymethod:CASH
DEBUG	[2020-10-06 10:00:18:538] <11057> currency:WON
DEBUG	[2020-10-06 10:00:18:538] <11057> admin:1111
DEBUG	[2020-10-06 10:00:18:538] <11057> mid:majorgol03
DEBUG	[2020-10-06 10:00:18:538] <11057> goodname:핫딜마라톤15구증정2021핑G425ALTAJCB유틸리티
DEBUG	[2020-10-06 10:00:18:538] <11057> cr_price:340000
DEBUG	[2020-10-06 10:00:18:538] <11057> sup_price:309091
DEBUG	[2020-10-06 10:00:18:538] <11057> tax:30909
DEBUG	[2020-10-06 10:00:18:538] <11057> srvc_price:0
DEBUG	[2020-10-06 10:00:18:538] <11057> buyername:이명운
DEBUG	[2020-10-06 10:00:18:538] <11057> buyeremail:leemw69@hanmail.net
DEBUG	[2020-10-06 10:00:18:538] <11057> buyertel:01075067632
DEBUG	[2020-10-06 10:00:18:538] <11057> reg_num:6907031182911
DEBUG	[2020-10-06 10:00:18:538] <11057> useopt:0
DEBUG	[2020-10-06 10:00:18:538] <11057> companynumber:
INFO	[2020-10-06 10:00:18:538] <11057> Check Field OK
INFO	[2020-10-06 10:00:18:538] <11057> Make TID OK INIphpRECPmajorgol0320201006100018382103
INFO	[2020-10-06 10:00:18:538] <11057> PI PUB KEY LOAD OK []
INFO	[2020-10-06 10:00:18:538] <11057> PG PUB KEY LOAD OK [30]
INFO	[2020-10-06 10:00:18:538] <11057> MERCHANT PRIV KEY LOAD OK
INFO	[2020-10-06 10:00:18:538] <11057> MERCHANT PUB KEY LOAD OK [0]
DEBUG	[2020-10-06 10:00:18:539] <11057> MAKE ENCRYPT OK[<?xml version="1.0" encoding="UTF-8"?>
<PaymentInfo>
	  <Payment>
	    <CASH>
	      <CSHR_ApplPrice>340000</CSHR_ApplPrice>
	      <CSHR_SupplyPrice>309091</CSHR_SupplyPrice>
	      <CSHR_Tax>30909</CSHR_Tax>
	      <CSHR_ServicePrice/>
	      <CSHR_Type>0</CSHR_Type>
	      <CSHR_RegNum>6907031182911</CSHR_RegNum>
	      <CSHR_CompanyNum/></CASH></Payment></PaymentInfo>]
INFO	[2020-10-06 10:00:18:539] <11057> MAKE BODY OK
INFO	[2020-10-06 10:00:18:540] <11057> SIGN OK
INFO	[2020-10-06 10:00:18:540] <11057> MAKE HEAD OK
INFO	[2020-10-06 10:00:18:540] <11057> MSG_TO_PG:[0193300175D SHA1                   0                                      300200majorgol03              340000INIphpRECPmajorgol0320201006100018382103<?xml version="1.0" encoding="UTF-8"?>
<INIpay>
	  <GoodsInfo>
	    <GoodsCnt>1</GoodsCnt>
	    <MOID/>
	    <Currency>WON</Currency>
	    <Tax>30909</Tax>
	    <TaxFree/>
	    <Goods>
	      <SMID>majorgol03</SMID>
	      <GoodsName urlencode="1">%C7%D6%B5%F4%B8%B6%B6%F3%C5%E615%B1%B8%C1%F5%C1%A42021%C7%CEG425ALTAJCB%C0%AF%C6%BF%B8%AE%C6%BC</GoodsName>
	      <GoodsPrice>340000</GoodsPrice></Goods></GoodsInfo>
	  <BuyerInfo>
	    <BuyerName urlencode="1">%C0%CC%B8%ED%BF%EE</BuyerName>
	    <BuyerTel>01075067632</BuyerTel>
	    <BuyerEmail urlencode="1">leemw69%40hanmail.net</BuyerEmail>
	    <ParentEmail/>
	    <RecvName/>
	    <RecvTel/>
	    <RecvMsg/>
	    <RecvAddr/>
	    <RecvPostNum/></BuyerInfo>
	  <PaymentInfo>
	    <Payment>
	      <PayMethod>CASH</PayMethod>
	      <JoinCard/>
	      <JoinExpire/>
	      <MailOrder/>
	      <SessionKey>qgdWDaKKawaWYAWs48FKy6bIXWQh2KCsDUPcoYty5MLH/FJ4ksCzrSq5ulE0EHal
vFJSFZIulIMpYuU+2tR1xR/HiJuCtIs49WfNTX4VqvA0Ypw2o1LbDhj5Tel0Xnm3
XF52qQfb4aqhAy3S2jeLEyYEVKWlq/MtAWAdMrQ4JAr+SI2gCp+eYw==
</SessionKey>
	      <Encrypted>fnA0YuCWgpey2yvp6sA1UeEOZKdVArpgQuKcA4gI2R0luAinxKUvCrGHqPA95GoS
NhVLA/O9rx/3VfUVfFuyyRjyNH2RdT2MYPU34C3fNH01S7xB6UwsGkcwX7y3MWiM
wejr2fzUwmESIRfiMiSPoAxkSPuwckK9US9Dj+Sa8ZhlcoSNriPoYlYHwPJ8njV2
bE0C/kdZNriVxihNMUM8BotpgQMqywWj7aNY262rlpBOCzXCWn7A6zYP20n5cdjA
nHhI5OCvO0QN3hHmjXYrnoydmY7FcnyYmwR3L3uFrP8pUU9hrvcoO9X2Kikw7WHG
jbzFny3ZLPsi/sH382Sdg+Agv+SbOKOaMhFnHJlf5Ry4OECg2D88at3MUDpZSDQq
iFlf58/lnhRmK8Y4jI0I5LhO5p3qL0iw7O/9VUSZVtBGdNIw0CaQDx5+3x9uTku+
qQvkrI51+v8opuqSnFVJm9dLlJwGr6fVi6LYxjQbFf7UPmDAKrvzRg==
</Encrypted></Payment></PaymentInfo>
	  <ReservedInfo>
	    <MReserved1/>
	    <MReserved2/>
	    <MReserved3/></ReservedInfo>
	  <ManageInfo>
	    <Language/>
	    <URL/>
	    <TXVersion>5036B141209receiLinux     PHPchkfake   2.6.32-754.11.1.el6.x86_64PHP:</TXVersion>
	    <TXUserID/>
	    <TXRegNum/>
	    <Ack>1</Ack></ManageInfo></INIpay>ADSbdHTt3HX6dX7NGzM0u7GFif7VNZBRY8mWf8PbJAaJXLXYQUUiOZBE9vMVcVhc
p/bQcKyChXZDS2aOI/n/0iDUArOgbmBwTQk4sO0vL6f9iTcGJLNb//xFrY3RF5Tn
c7XqWxUss8K4oULP1THe2G/zmb2g9mGl4K0XVzLNUzYG
]
INFO	[2020-10-06 10:00:18:540] <11057> DNS LOOKUP OK(203.238.37.3:203.238.37.3:34049) laptime:0
INFO	[2020-10-06 10:00:18:543] <11057> SOCKET CONNECT OK
INFO	[2020-10-06 10:00:18:543] <11057> SEND OK
INFO	[2020-10-06 10:00:18:726] <11057> RECV OK
INFO	[2020-10-06 10:00:18:726] <11057> MSG_FROM_PG:[0224100175D SHA1                   0                                      300210majorgol03              340000INIphpRECPmajorgol0320201006100018382103<?xml version="1.0" encoding="UTF-8"?>
<INIpay>
  <GoodsInfo>
    <GoodsCnt>1</GoodsCnt>
    <MOID urlencode="1"></MOID>
    <Currency>WON</Currency>
    <Goods no="1">
      <SMID>majorgol03</SMID>
      <GoodsName urlencode="1">%C7%D6%B5%F4%B8%B6%B6%F3%C5%E615%B1%B8%C1%F5%C1%A42021%C7%CEG425ALTAJCB%C0%AF%C6%BF%B8%AE%C6%BC</GoodsName>
      <GoodsCntS>1</GoodsCntS>
      <GoodsPrice>340000</GoodsPrice>
    </Goods>
  </GoodsInfo>
  <PaymentInfo>
    <Payment>
      <SessionKey>AKP0lEncCMawstkXTajr+OVj+nMoBcUV1cLrWNWSU8juBEb2L4//kwnDsFPZCwBR
vBMF/zb5IJRKmeN+NfZcYUtzuFp+xAYivZ0a6gaxQ9q1XM28bXfD27pf5C3Dzqc9
1/2DZ5+KVRwMWYb96HmuQHh+pqaucOQmAhhZOTB9kYGEYa0J8lD9MoU=
</SessionKey>
      <Encrypted>UwHGkkY6gIt616PQP/XgWbv3KqsNxva/ulcfWi9oDVIjbRrZjBJxh92javPf8Lpv
HbH7t+H8V/4NAiD18iA8yaV9dfpy6stEoyzV5lct7EwyCMMOvo5FxoHwIZJNZZO5
0JW8buj9ctxJcRki06l5AWl8Wt+KX4Sa47F0GmuET8nmC3+w8TUJnTC4LhXITbGp
M1IwEowJCAJuKR3rxQ5TAVOzCeK6xV1xEx+QKwCHpzw7NNcAPRYK9ZW5xUNw2Vhx
w+HwR5TXO9+DApGj0F/Xq9lUtWUtAeDBwbLUsTSJInEk7lIZ97LghiyB1emVk+nY
bMJosDfuFxxpHx9+APdH7TEWGNl1+adxsLmoV+189x3ndshLe17zcy1yqJys3RO5
bmxirmBx53wNsKuQSxfjVujZ/o/An7sqe4PVk3WxVTiai35eelr/2fABN2xvqKGn
6qfIhgJGHpfOSvRIM1k3IoTl7KFrpcaqcO1OkGLTSHIM/NDigh/Vuovf53R2WvQK
zYWbsCRwQqqqPZVOyj0Qv5XVjyqhGCMuLBAZP0x+3RG8RA3AhBAh9QqRMbv8Ft6D
2hJLBNva+pERs5b2ZwtQ/zPbQve5U0ioksW4NS2ezY5TgJSjFxsxDGPhet+hiJyB
/e0nZdwOEkwNByiYOVLvKGTxaWUYOCuXM32zhlsspPzyn60WzcV69zgjbzViapzx
F2vIyydCM5K+zIrl86CEw26dotNmW7LbRy5btDz1P+uNtJ30PlGJPlJjytgK9yDC
Xl6d2n4sPXcvKDg0NXAW9P7Y3KS+LP5gUUdJmRs0wCcUeJgfhWPrS/fyoq9eZGNj
lBCUveZwYa0=
</Encrypted>
      <PayMethod>CASH</PayMethod>
      <ResultCode>220000</ResultCode>
      <ResultMsg urlencode="1">%C1%A4%BB%F3%C3%B3%B8%AE%B5%C7%BE%FA%BD%C0%B4%CF%B4%D9.</ResultMsg>
    </Payment>
  </PaymentInfo>
  <ManageInfo>
    <EventCode></EventCode>
    <OrgCurrency></OrgCurrency>
    <ExchangeRate></ExchangeRate>
    <OrgPrice></OrgPrice>
  </ManageInfo>
  <ReservedInfo>
    <MReserved1 urlencode="1"></MReserved1>
    <MReserved2 urlencode="1"></MReserved2>
    <MReserved3 urlencode="1"></MReserved3>
    <PGReserved1 urlencode="1"></PGReserved1>
    <PGReserved2 urlencode="1"></PGReserved2>
    <PGReserved3 urlencode="1"></PGReserved3>
  </ReservedInfo>
</INIpay>
kP5ssKxMEZTPN+J0lP42ekNv54NgQxZGPggG2suPuJW4Euc1uS537ixtOOwTH9Pi
byCa4dyLDRlw2jGi7srFFFZOT4lMyWSCJGi0gVVm1Ci/GuqptUNhQ/s3uwJtUhl4
9iMnOl7AjUjEzslR6qGSUlNaq7XRO78kUQBHgOQVUJA=
]
INFO	[2020-10-06 10:00:18:726] <11057> VERIFY OK
INFO	[2020-10-06 10:00:18:726] <11057> PARSE HEAD OK
INFO	[2020-10-06 10:00:18:726] <11057> PARSE BODY OK
INFO	[2020-10-06 10:00:18:727] <11057> DECRYPT OK
DEBUG	[2020-10-06 10:00:18:727] <11057> DECRYPT MSG:[<?xml version="1.0" encoding="UTF-8"?>
<PaymentInfo>
  <Payment>
    <EASYPAY/>
    <CASH>
      <CSHR_ApplPrice>340000</CSHR_ApplPrice>
      <CSHR_SupplyPrice>309091</CSHR_SupplyPrice>
      <CSHR_Tax>30909</CSHR_Tax>
      <CSHR_ServicePrice></CSHR_ServicePrice>
      <CSHR_Type>0</CSHR_Type>
      <CSHR_ApplDate>20201006</CSHR_ApplDate>
      <CSHR_ApplTime>100018</CSHR_ApplTime>
      <CSHR_ApplNum>269276170</CSHR_ApplNum>
      <CSHR_ResultCode>220000</CSHR_ResultCode>
      <CSHR_ResultMsg urlencode="1">%C1%A4%BB%F3%C3%B3%B8%AE%B5%C7%BE%FA%BD%C0%B4%CF%B4%D9.</CSHR_ResultMsg>
    </CASH>
  </Payment>
</PaymentInfo>]
INFO	[2020-10-06 10:00:18:728] <11057> DECRYPT PARSE OK
INFO	[2020-10-06 10:00:18:728] <11057> WAIT ACK INVOKING
DEBUG	[2020-10-06 10:00:18:728] <11057> MAKE HEAD OK
INFO	[2020-10-06 10:00:18:731] <11057> SUCCESS ACK INVOKING
INFO	[2020-10-06 10:00:18:731] <11057> END receipt 정상처리되었습니다. Laptime:[0.194sec]
INFO	[2020-10-06 10:00:18:731] <11057> ===============================================================
INFO	[2020-10-06 10:02:39:763] <10589> START INIPHP receipt (V5036-141209)(OS:Linux2.6.32-754.11.1.el6.x86_64,PHP:5.3.3)
DEBUG	[2020-10-06 10:02:39:763] <10589> inipayhome:/home/killdeal/public_html/shop/inicis
DEBUG	[2020-10-06 10:02:39:763] <10589> debug:false
DEBUG	[2020-10-06 10:02:39:763] <10589> type:receipt
DEBUG	[2020-10-06 10:02:39:763] <10589> pgid:INIphpRECP
DEBUG	[2020-10-06 10:02:39:763] <10589> paymethod:CASH
DEBUG	[2020-10-06 10:02:39:763] <10589> currency:WON
DEBUG	[2020-10-06 10:02:39:763] <10589> admin:1111
DEBUG	[2020-10-06 10:02:39:763] <10589> mid:majorgol03
DEBUG	[2020-10-06 10:02:39:763] <10589> goodname:핫딜아담스콧맥스E400가죽남성골프화
DEBUG	[2020-10-06 10:02:39:763] <10589> cr_price:66300
DEBUG	[2020-10-06 10:02:39:763] <10589> sup_price:60273
DEBUG	[2020-10-06 10:02:39:763] <10589> tax:6027
DEBUG	[2020-10-06 10:02:39:763] <10589> srvc_price:0
DEBUG	[2020-10-06 10:02:39:763] <10589> buyername:이명운
DEBUG	[2020-10-06 10:02:39:763] <10589> buyeremail:leemw69@hanmail.net
DEBUG	[2020-10-06 10:02:39:763] <10589> buyertel:01075067632
DEBUG	[2020-10-06 10:02:39:763] <10589> reg_num:6907031182911
DEBUG	[2020-10-06 10:02:39:763] <10589> useopt:0
DEBUG	[2020-10-06 10:02:39:763] <10589> companynumber:
INFO	[2020-10-06 10:02:39:763] <10589> Check Field OK
INFO	[2020-10-06 10:02:39:763] <10589> Make TID OK INIphpRECPmajorgol0320201006100239632350
INFO	[2020-10-06 10:02:39:763] <10589> PI PUB KEY LOAD OK []
INFO	[2020-10-06 10:02:39:763] <10589> PG PUB KEY LOAD OK [30]
INFO	[2020-10-06 10:02:39:763] <10589> MERCHANT PRIV KEY LOAD OK
INFO	[2020-10-06 10:02:39:764] <10589> MERCHANT PUB KEY LOAD OK [0]
DEBUG	[2020-10-06 10:02:39:764] <10589> MAKE ENCRYPT OK[<?xml version="1.0" encoding="UTF-8"?>
<PaymentInfo>
	  <Payment>
	    <CASH>
	      <CSHR_ApplPrice>66300</CSHR_ApplPrice>
	      <CSHR_SupplyPrice>60273</CSHR_SupplyPrice>
	      <CSHR_Tax>6027</CSHR_Tax>
	      <CSHR_ServicePrice/>
	      <CSHR_Type>0</CSHR_Type>
	      <CSHR_RegNum>6907031182911</CSHR_RegNum>
	      <CSHR_CompanyNum/></CASH></Payment></PaymentInfo>]
INFO	[2020-10-06 10:02:39:764] <10589> MAKE BODY OK
INFO	[2020-10-06 10:02:39:765] <10589> SIGN OK
INFO	[2020-10-06 10:02:39:765] <10589> MAKE HEAD OK
INFO	[2020-10-06 10:02:39:765] <10589> MSG_TO_PG:[0193000175D SHA1                   0                                      300200majorgol03               66300INIphpRECPmajorgol0320201006100239632350<?xml version="1.0" encoding="UTF-8"?>
<INIpay>
	  <GoodsInfo>
	    <GoodsCnt>1</GoodsCnt>
	    <MOID/>
	    <Currency>WON</Currency>
	    <Tax>6027</Tax>
	    <TaxFree/>
	    <Goods>
	      <SMID>majorgol03</SMID>
	      <GoodsName urlencode="1">%C7%D6%B5%F4%BE%C6%B4%E3%BD%BA%C4%E0%B8%C6%BD%BAE400%B0%A1%C1%D7%B3%B2%BC%BA%B0%F1%C7%C1%C8%AD</GoodsName>
	      <GoodsPrice>66300</GoodsPrice></Goods></GoodsInfo>
	  <BuyerInfo>
	    <BuyerName urlencode="1">%C0%CC%B8%ED%BF%EE</BuyerName>
	    <BuyerTel>01075067632</BuyerTel>
	    <BuyerEmail urlencode="1">leemw69%40hanmail.net</BuyerEmail>
	    <ParentEmail/>
	    <RecvName/>
	    <RecvTel/>
	    <RecvMsg/>
	    <RecvAddr/>
	    <RecvPostNum/></BuyerInfo>
	  <PaymentInfo>
	    <Payment>
	      <PayMethod>CASH</PayMethod>
	      <JoinCard/>
	      <JoinExpire/>
	      <MailOrder/>
	      <SessionKey>JSaAs3bf/kbQOXPOoHuss9z2nZ19Y0pwe1F1rfGntKM5bqXLjwKqOkkAZ7Fu5ekD
c95VNcdPKcaerAwMvoGxk+v8lHW0CexPqbIF1EoPipotK0w5Qz6JSXHfUessJj/+
H3VvLGvNPXgio4lgITbYoZbCY37VqB3E0PHMUP4FoPUV5Aynm/tLuw==
</SessionKey>
	      <Encrypted>3d4eXCpVTfXC2P8ioujHLklch72ln73r2XQGtLcaa/0diY+bJ3jyQA3+W93oEMFN
6UfOfL4xzhYlAHsKqmLOg7awb8RpQcciEuuVznQsrOIMVDF+lCtUR6FqgaBv23tZ
cj1ggUSz9KuIr3ew3kDlFzOWLVnH1879f0w5sULObbvqsxzBUhD0RAlrcoVuF7tR
2ywM2IE7Yj7KiNlB+R2pQ/Z0iF/gpq23w6sDH9EVABuYhef4gyx0E874gyq3lw5b
U+QK9jvwYQgtHYBP7VmdEolYMzJ7J5uwmMj8WsxEpaFqQer1aJ28R0PGi6dcBNsN
v1t/AruvW9gOEOZPFzx7/caWw8HB7LhsXWgcwtgxR8oOVC02ZpQW72bXj3Wdp9t/
x9iaX7+sAmZKLxLsSNw70qpvsbYPR+3/sXb56DB0rG7mOkygXLFeqJG3L0lNAwcc
rKNpE3MuZcjyiew2uADE6lGM3LYTMAq7qf6kD2KbZbH9F4AN+RBzsQ==
</Encrypted></Payment></PaymentInfo>
	  <ReservedInfo>
	    <MReserved1/>
	    <MReserved2/>
	    <MReserved3/></ReservedInfo>
	  <ManageInfo>
	    <Language/>
	    <URL/>
	    <TXVersion>5036B141209receiLinux     PHPchkfake   2.6.32-754.11.1.el6.x86_64PHP:</TXVersion>
	    <TXUserID/>
	    <TXRegNum/>
	    <Ack>1</Ack></ManageInfo></INIpay>APyxrlIp0unX8fTInuTUUKaa+mL9uKWXWxoztZ42GQBKnQk6IkFJAVVzzIpQURsk
I9m/zDfmV2WjAiHgnxk1JOyk8pENI4isN5VqM1azj+wWButBRcN6idkMHFohDINY
Ya0NEXkf4WgfSNGSmJpVA74qj88IKChCf0q4nQO9qPcM
]
INFO	[2020-10-06 10:02:39:765] <10589> DNS LOOKUP OK(203.238.37.3:203.238.37.3:34049) laptime:0
INFO	[2020-10-06 10:02:39:768] <10589> SOCKET CONNECT OK
INFO	[2020-10-06 10:02:39:768] <10589> SEND OK
INFO	[2020-10-06 10:02:39:886] <10589> RECV OK
INFO	[2020-10-06 10:02:39:886] <10589> MSG_FROM_PG:[0223900175D SHA1                   0                                      300210majorgol03               66300INIphpRECPmajorgol0320201006100239632350<?xml version="1.0" encoding="UTF-8"?>
<INIpay>
  <GoodsInfo>
    <GoodsCnt>1</GoodsCnt>
    <MOID urlencode="1"></MOID>
    <Currency>WON</Currency>
    <Goods no="1">
      <SMID>majorgol03</SMID>
      <GoodsName urlencode="1">%C7%D6%B5%F4%BE%C6%B4%E3%BD%BA%C4%E0%B8%C6%BD%BAE400%B0%A1%C1%D7%B3%B2%BC%BA%B0%F1%C7%C1%C8%AD</GoodsName>
      <GoodsCntS>1</GoodsCntS>
      <GoodsPrice>66300</GoodsPrice>
    </Goods>
  </GoodsInfo>
  <PaymentInfo>
    <Payment>
      <SessionKey>ANXepbT2qF49vt1rrNOCKrJdBfuUtvopym8NBBlLyaY7iTfHEEpw+LoU5RbfIkXx
wV6JQuVJ2m/TswqY0NT/jOGThPSC1KW3qr3YmJN39jfGcdymoAOxdl4y9NjmJhjB
eT8CKS14LZNWkTbS3bjuxSlgwgJZGtkFEdnwTE26A8ZluSUhC1lm01s=
</SessionKey>
      <Encrypted>TuqEmp8WbrQVN+oQwc75CuSVQkrX9oTc+N46PpNUPiqDq5hZwDi6lZMjUFxNJY1d
YeNVtLz1AZ0An4JcfgbXJxHKZwsjcj4MpGRO3XoEa6yJBeyaF8JLYZq65Glp43Ba
ZeucDU3pGYo0xdpE9VYfsTwvgW7s08dVKS4N5BeH0UCKn8ejP+PlASnytRAwkdR7
+nHUQYBtpkgi7Tm2tFhEIs8NznWNWehuOX0W86vtEbiGiLOXa5YcXHK3+6+oVuIx
dVcXNCJP2BbTnKeacqCt5qLhOG7yh5RoEQuaa1MhV/tCimpHBM9gmKZYIKZIgt0u
ayOJqKfdx6EVaOQmRYIkcANbBT+tWPsd/Q6bdUDoB8Bu10tIh8LVynYjNUYhx07G
ok0OB971E25T8X+Jp9wxdDp3eTZfShJBKNoRtLgYIr+Fb+cF3NLxXuxYJ5AqQuNU
OlAt0+rY8w5U0gnnSnxAD6lpATphFGq6gwgJ8ZlPb/7Zjo4VoppXjDi3mtf8F7A7
yJbpeNiyF5Z5qx5XNjoMdnESAk1W3kgVp2Eov5nraHXbt6nqiraD3UvWtIN7U7tu
9wRnMODT8NTlo0djj3iFUeUwDzh6SizO8zcA38t/ik3804zsEbpLUBLt9+UPvH9Z
Cqlw+PPtsE08UvWoBj+AR0LGajbq04pB3VyO1Lrjx/a34f7DCqS11PUC+pNWb9fK
+2EEwE0yWtGsgWjYPXlHJzpItvsGoBnuJ8bBHPSdFo3f29kwXepavLXF4IO/fL8h
trRXrPEJw0rP99HF87+c1sKQCVh3nJ4ez0nO/WT1377247i/bflHIhaFNuxSzuDv
2opIUTGegEE=
</Encrypted>
      <PayMethod>CASH</PayMethod>
      <ResultCode>220000</ResultCode>
      <ResultMsg urlencode="1">%C1%A4%BB%F3%C3%B3%B8%AE%B5%C7%BE%FA%BD%C0%B4%CF%B4%D9.</ResultMsg>
    </Payment>
  </PaymentInfo>
  <ManageInfo>
    <EventCode></EventCode>
    <OrgCurrency></OrgCurrency>
    <ExchangeRate></ExchangeRate>
    <OrgPrice></OrgPrice>
  </ManageInfo>
  <ReservedInfo>
    <MReserved1 urlencode="1"></MReserved1>
    <MReserved2 urlencode="1"></MReserved2>
    <MReserved3 urlencode="1"></MReserved3>
    <PGReserved1 urlencode="1"></PGReserved1>
    <PGReserved2 urlencode="1"></PGReserved2>
    <PGReserved3 urlencode="1"></PGReserved3>
  </ReservedInfo>
</INIpay>
FOnhzxtyVW56TlxuPyR6FMBRLgDpeqHvcODPLFIYDOEUWzayDpq6qga5x1F3jc1Y
MO4eePVCzeWj23Bu7O120f7N0WQiVcjZgXRlu5poadit2sFl3U89IxH+bi58QM+z
Bg9Ab/4tugBqZTe1EGGD3TRS8RGtmsykRQnzLrv9unc=
]
INFO	[2020-10-06 10:02:39:886] <10589> VERIFY OK
INFO	[2020-10-06 10:02:39:886] <10589> PARSE HEAD OK
INFO	[2020-10-06 10:02:39:887] <10589> PARSE BODY OK
INFO	[2020-10-06 10:02:39:887] <10589> DECRYPT OK
DEBUG	[2020-10-06 10:02:39:887] <10589> DECRYPT MSG:[<?xml version="1.0" encoding="UTF-8"?>
<PaymentInfo>
  <Payment>
    <EASYPAY/>
    <CASH>
      <CSHR_ApplPrice>66300</CSHR_ApplPrice>
      <CSHR_SupplyPrice>60273</CSHR_SupplyPrice>
      <CSHR_Tax>6027</CSHR_Tax>
      <CSHR_ServicePrice></CSHR_ServicePrice>
      <CSHR_Type>0</CSHR_Type>
      <CSHR_ApplDate>20201006</CSHR_ApplDate>
      <CSHR_ApplTime>100240</CSHR_ApplTime>
      <CSHR_ApplNum>269276412</CSHR_ApplNum>
      <CSHR_ResultCode>220000</CSHR_ResultCode>
      <CSHR_ResultMsg urlencode="1">%C1%A4%BB%F3%C3%B3%B8%AE%B5%C7%BE%FA%BD%C0%B4%CF%B4%D9.</CSHR_ResultMsg>
    </CASH>
  </Payment>
</PaymentInfo>]
INFO	[2020-10-06 10:02:39:888] <10589> DECRYPT PARSE OK
INFO	[2020-10-06 10:02:39:888] <10589> WAIT ACK INVOKING
DEBUG	[2020-10-06 10:02:39:888] <10589> MAKE HEAD OK
INFO	[2020-10-06 10:02:39:891] <10589> SUCCESS ACK INVOKING
INFO	[2020-10-06 10:02:39:891] <10589> END receipt 정상처리되었습니다. Laptime:[0.128sec]
INFO	[2020-10-06 10:02:39:891] <10589> ===============================================================
INFO	[2020-10-06 20:36:26:875] <8223> START INIPHP receipt (V5036-141209)(OS:Linux2.6.32-754.11.1.el6.x86_64,PHP:5.3.3)
DEBUG	[2020-10-06 20:36:26:875] <8223> inipayhome:/home/killdeal/public_html/shop/inicis
DEBUG	[2020-10-06 20:36:26:875] <8223> debug:false
DEBUG	[2020-10-06 20:36:26:875] <8223> type:receipt
DEBUG	[2020-10-06 20:36:26:875] <8223> pgid:INIphpRECP
DEBUG	[2020-10-06 20:36:26:875] <8223> paymethod:CASH
DEBUG	[2020-10-06 20:36:26:875] <8223> currency:WON
DEBUG	[2020-10-06 20:36:26:875] <8223> admin:1111
DEBUG	[2020-10-06 20:36:26:875] <8223> mid:majorgol03
DEBUG	[2020-10-06 20:36:26:875] <8223> goodname:핫딜아디다스웜투버튼남성긴팔티셔츠FQ8476FQ8477
DEBUG	[2020-10-06 20:36:26:875] <8223> cr_price:56200
DEBUG	[2020-10-06 20:36:26:875] <8223> sup_price:51091
DEBUG	[2020-10-06 20:36:26:875] <8223> tax:5109
DEBUG	[2020-10-06 20:36:26:875] <8223> srvc_price:0
DEBUG	[2020-10-06 20:36:26:875] <8223> buyername:장균
DEBUG	[2020-10-06 20:36:26:875] <8223> buyeremail:jk_cp@naver.com
DEBUG	[2020-10-06 20:36:26:875] <8223> buyertel:01044497092
DEBUG	[2020-10-06 20:36:26:875] <8223> reg_num:6440101543
DEBUG	[2020-10-06 20:36:26:875] <8223> useopt:1
DEBUG	[2020-10-06 20:36:26:875] <8223> companynumber:
INFO	[2020-10-06 20:36:26:875] <8223> Check Field OK
INFO	[2020-10-06 20:36:26:875] <8223> Make TID OK INIphpRECPmajorgol0320201006203626758643
INFO	[2020-10-06 20:36:26:875] <8223> PI PUB KEY LOAD OK []
INFO	[2020-10-06 20:36:26:875] <8223> PG PUB KEY LOAD OK [30]
INFO	[2020-10-06 20:36:26:875] <8223> MERCHANT PRIV KEY LOAD OK
INFO	[2020-10-06 20:36:26:875] <8223> MERCHANT PUB KEY LOAD OK [0]
DEBUG	[2020-10-06 20:36:26:876] <8223> MAKE ENCRYPT OK[<?xml version="1.0" encoding="UTF-8"?>
<PaymentInfo>
	  <Payment>
	    <CASH>
	      <CSHR_ApplPrice>56200</CSHR_ApplPrice>
	      <CSHR_SupplyPrice>51091</CSHR_SupplyPrice>
	      <CSHR_Tax>5109</CSHR_Tax>
	      <CSHR_ServicePrice/>
	      <CSHR_Type>1</CSHR_Type>
	      <CSHR_RegNum>6440101543</CSHR_RegNum>
	      <CSHR_CompanyNum/></CASH></Payment></PaymentInfo>]
INFO	[2020-10-06 20:36:26:876] <8223> MAKE BODY OK
INFO	[2020-10-06 20:36:26:877] <8223> SIGN OK
INFO	[2020-10-06 20:36:26:877] <8223> MAKE HEAD OK
INFO	[2020-10-06 20:36:26:877] <8223> MSG_TO_PG:[0194000175D SHA1                   0                                      300200majorgol03               56200INIphpRECPmajorgol0320201006203626758643<?xml version="1.0" encoding="UTF-8"?>
<INIpay>
	  <GoodsInfo>
	    <GoodsCnt>1</GoodsCnt>
	    <MOID/>
	    <Currency>WON</Currency>
	    <Tax>5109</Tax>
	    <TaxFree/>
	    <Goods>
	      <SMID>majorgol03</SMID>
	      <GoodsName urlencode="1">%C7%D6%B5%F4%BE%C6%B5%F0%B4%D9%BD%BA%BF%FA%C5%F5%B9%F6%C6%B0%B3%B2%BC%BA%B1%E4%C6%C8%C6%BC%BC%C5%C3%F7FQ8476FQ8477</GoodsName>
	      <GoodsPrice>56200</GoodsPrice></Goods></GoodsInfo>
	  <BuyerInfo>
	    <BuyerName urlencode="1">%C0%E5%B1%D5</BuyerName>
	    <BuyerTel>01044497092</BuyerTel>
	    <BuyerEmail urlencode="1">jk_cp%40naver.com</BuyerEmail>
	    <ParentEmail/>
	    <RecvName/>
	    <RecvTel/>
	    <RecvMsg/>
	    <RecvAddr/>
	    <RecvPostNum/></BuyerInfo>
	  <PaymentInfo>
	    <Payment>
	      <PayMethod>CASH</PayMethod>
	      <JoinCard/>
	      <JoinExpire/>
	      <MailOrder/>
	      <SessionKey>vx+WGG55fuune3OyULJy63idkiM9diow8IGoF0m5XJ7prIeb6PKfm5w1Hixz6D3x
mDCjohCDgqnTVXN5Ggy2lvZjfnmPFNuqeMwOztLnnlLGLHDtC+9pAeJm9MRozs1X
fQn9MlG9OchfCqNDKK3JFAms3aihd0cSuouUVU2k6hY1gn1pQkz+lQ==
</SessionKey>
	      <Encrypted>5su/lTT2LqUUTpEVnMzj5A9z296eqPbitmYDd0/wrWDZQW8gyXL1yuK0HkdJzS/N
QLVxS/ncoeCw2fsrGy2LPUEp8eT6WZpmXsXGsUPmHLrTxFnOPQMS9sTOXnZ+gOGO
HYG0UUQjtUfR1DWLEHU2S5NpqW2AhY4qkuevNCZDNkqxWjnb+colCPTqRJ8uO4kG
Q0Vddxl/l5ukqPG4Wic+kFBuWOKpJ9oe3hGbUsSElp4ayYNn4CJs3ZqXcbIV3uDx
EF9VZS8xxHxRkDrpIhJIqFopzqczezaT5rDdlur5AW4a0s8HSrjVJD4OKVCoOdph
b0vDMCK9wAveU7bVlSi8GbG1O4m7d3TP1hy/16RrSfO9R7g8kHh4ba+7GRKKK3so
OTAcffJtLGWRxuct+6Jvhi5lTeNElHffp5y8+upz60oVh8itQz0Q+DkLg8xABvzd
LXSoe2DYSgLLZ3aSSfWtv9IBFfLEiUQRg8R9+jVJ8bfMgKY316/Bbg==
</Encrypted></Payment></PaymentInfo>
	  <ReservedInfo>
	    <MReserved1/>
	    <MReserved2/>
	    <MReserved3/></ReservedInfo>
	  <ManageInfo>
	    <Language/>
	    <URL/>
	    <TXVersion>5036B141209receiLinux     PHPchkfake   2.6.32-754.11.1.el6.x86_64PHP:</TXVersion>
	    <TXUserID/>
	    <TXRegNum/>
	    <Ack>1</Ack></ManageInfo></INIpay>AMeQGaKYaegQ3N/aEk1XxdG9ZgQBuYCxIst0ut9jydho7oFDEdncIYnnKfqzbYvy
U6+uzViNZne+sTOhiNQtF7ctQbEfYuWd8TeE1B6XIkGBmfXMM/qId/iqs9AFlBXy
3f9lapgHLeWZcmLIX372U4xGQ5qB2CPMm0QxJNlKOrxt
]
INFO	[2020-10-06 20:36:26:877] <8223> DNS LOOKUP OK(203.238.37.3:203.238.37.3:34049) laptime:0
INFO	[2020-10-06 20:36:26:879] <8223> SOCKET CONNECT OK
INFO	[2020-10-06 20:36:26:879] <8223> SEND OK
INFO	[2020-10-06 20:36:27:10] <8223> RECV OK
INFO	[2020-10-06 20:36:27:10] <8223> MSG_FROM_PG:[0225900175D SHA1                   0                                      300210majorgol03               56200INIphpRECPmajorgol0320201006203626758643<?xml version="1.0" encoding="UTF-8"?>
<INIpay>
  <GoodsInfo>
    <GoodsCnt>1</GoodsCnt>
    <MOID urlencode="1"></MOID>
    <Currency>WON</Currency>
    <Goods no="1">
      <SMID>majorgol03</SMID>
      <GoodsName urlencode="1">%C7%D6%B5%F4%BE%C6%B5%F0%B4%D9%BD%BA%BF%FA%C5%F5%B9%F6%C6%B0%B3%B2%BC%BA%B1%E4%C6%C8%C6%BC%BC%C5%C3%F7FQ8476FQ8477</GoodsName>
      <GoodsCntS>1</GoodsCntS>
      <GoodsPrice>56200</GoodsPrice>
    </Goods>
  </GoodsInfo>
  <PaymentInfo>
    <Payment>
      <SessionKey>ABNGZFTzot+B2hrtGKilbfSYIx4HcY2n7HuJZUY1gIlshHpGJnj++6qI7Aim4HPg
e4IPDgAcxIhljWhTzw5hPXG5mnkBt+ofY1OBKk7NinXI4Z50dWHB12LPk3gB5c5g
d8aMKOe70s05nvIFB39Enksl46x0sq6A+I/bFOghx5ipjaDI4EGBBsU=
</SessionKey>
      <Encrypted>Mh+g8hwWCEALXgKGipQAfJkYUmvR3mmU4uU8R3O0bXCwwl5ci1X/Pp+mBGUFzec7
ehHdLCfKVhZB/2HAZua7Bzn0nk1U03Ctl+Mxo1ltL3Kn36Le6RMWsh7IHo+VOYlH
13+QmTaSz7zmOTc/sXw6d+09a8XjMT31m8RH08UfphTGOSTEu3Zng1wS2QSWcHGo
52e+vyf2tTxTazPdVx+iyFt7rL+XW84wk+e8I5+VN8WwQhwSdzG27OylPV8pAHH6
Jbn8YSDKpOxtgUg2Y3G1+m+1aTLC8r3Id3NJ7IEgrXf2poHqJ0fFPHq6/P1YMy55
7qCwXzt/35faW0tsYGkkkZEJ9rmGnrDfKYGBlybT23rfQGfYac5c8AFHGEKRjYpC
wqwrgHOqOeYbF3nHd+LVPF92CLdYULBRDIxSCcY76olfF2WiDPEIv06EJsfvZEK5
bKTknTGeRAvbT+Sh7V2ZpEpxH3ObCKSrIUlBowXqT13PJQ8t6FKqm4/7nZHBDM+W
JQu+6XQWew3Rc1anWdNknFqvRw5mqjb7zzlbVI91pFjdHXZujXjoj70Uqjju2DTd
guO/y+z7GN3/nn1gYHsq5VK7GjNAp2tNAFJJr46OXoeSFAyTlma3dewlxQLrGr8V
yAh9ICieo6ao8HE+Ni6w1Uu5YMuXnEHzva02WIkRbz9dY9Nc61HloG2gDUF8bZAL
3gFVjxBRZ5MMBvISEG2V3aZjm+G1vTlINMrZYzCBRXlThuE+7RPaxwLYZpiaNoan
oevkpf0oTEsgwP690VZ56dFQHb/+1KtsNS9d66bzhzByzLMfSAmWiFDxTz2afBvi
2yYWrtxNQtQ=
</Encrypted>
      <PayMethod>CASH</PayMethod>
      <ResultCode>220000</ResultCode>
      <ResultMsg urlencode="1">%C1%A4%BB%F3%C3%B3%B8%AE%B5%C7%BE%FA%BD%C0%B4%CF%B4%D9.</ResultMsg>
    </Payment>
  </PaymentInfo>
  <ManageInfo>
    <EventCode></EventCode>
    <OrgCurrency></OrgCurrency>
    <ExchangeRate></ExchangeRate>
    <OrgPrice></OrgPrice>
  </ManageInfo>
  <ReservedInfo>
    <MReserved1 urlencode="1"></MReserved1>
    <MReserved2 urlencode="1"></MReserved2>
    <MReserved3 urlencode="1"></MReserved3>
    <PGReserved1 urlencode="1"></PGReserved1>
    <PGReserved2 urlencode="1"></PGReserved2>
    <PGReserved3 urlencode="1"></PGReserved3>
  </ReservedInfo>
</INIpay>
PGgQk5O6YX46ax9owo7X3lGb4khY4+s8SHGUTroPkIsBEkNf7kJdFw+It7584Cps
k5Zg49U1928IMZBMD3s7ctHsfFPYOFpdQBywa8XU5S0PDOfdUi0ud4RgYrp8Fkiw
mDGZGiforcsxdUiaZ43QlW+ptpbokFoK6HHyPfgO9Y8=
]
INFO	[2020-10-06 20:36:27:10] <8223> VERIFY OK
INFO	[2020-10-06 20:36:27:10] <8223> PARSE HEAD OK
INFO	[2020-10-06 20:36:27:10] <8223> PARSE BODY OK
INFO	[2020-10-06 20:36:27:11] <8223> DECRYPT OK
DEBUG	[2020-10-06 20:36:27:11] <8223> DECRYPT MSG:[<?xml version="1.0" encoding="UTF-8"?>
<PaymentInfo>
  <Payment>
    <EASYPAY/>
    <CASH>
      <CSHR_ApplPrice>56200</CSHR_ApplPrice>
      <CSHR_SupplyPrice>51091</CSHR_SupplyPrice>
      <CSHR_Tax>5109</CSHR_Tax>
      <CSHR_ServicePrice></CSHR_ServicePrice>
      <CSHR_Type>1</CSHR_Type>
      <CSHR_ApplDate>20201006</CSHR_ApplDate>
      <CSHR_ApplTime>203627</CSHR_ApplTime>
      <CSHR_ApplNum>269377596</CSHR_ApplNum>
      <CSHR_ResultCode>220000</CSHR_ResultCode>
      <CSHR_ResultMsg urlencode="1">%C1%A4%BB%F3%C3%B3%B8%AE%B5%C7%BE%FA%BD%C0%B4%CF%B4%D9.</CSHR_ResultMsg>
    </CASH>
  </Payment>
</PaymentInfo>]
INFO	[2020-10-06 20:36:27:11] <8223> DECRYPT PARSE OK
INFO	[2020-10-06 20:36:27:11] <8223> WAIT ACK INVOKING
DEBUG	[2020-10-06 20:36:27:11] <8223> MAKE HEAD OK
INFO	[2020-10-06 20:36:27:15] <8223> SUCCESS ACK INVOKING
INFO	[2020-10-06 20:36:27:15] <8223> END receipt 정상처리되었습니다. Laptime:[0.14sec]
INFO	[2020-10-06 20:36:27:15] <8223> ===============================================================
INFO	[2020-10-06 20:37:28:114] <8225> START INIPHP receipt (V5036-141209)(OS:Linux2.6.32-754.11.1.el6.x86_64,PHP:5.3.3)
DEBUG	[2020-10-06 20:37:28:114] <8225> inipayhome:/home/killdeal/public_html/shop/inicis
DEBUG	[2020-10-06 20:37:28:114] <8225> debug:false
DEBUG	[2020-10-06 20:37:28:114] <8225> type:receipt
DEBUG	[2020-10-06 20:37:28:114] <8225> pgid:INIphpRECP
DEBUG	[2020-10-06 20:37:28:114] <8225> paymethod:CASH
DEBUG	[2020-10-06 20:37:28:114] <8225> currency:WON
DEBUG	[2020-10-06 20:37:28:114] <8225> admin:1111
DEBUG	[2020-10-06 20:37:28:114] <8225> mid:majorgol03
DEBUG	[2020-10-06 20:37:28:114] <8225> goodname:핫딜풋조이하이퍼플렉스BOA남성골프화510015102051053
DEBUG	[2020-10-06 20:37:28:114] <8225> cr_price:99000
DEBUG	[2020-10-06 20:37:28:114] <8225> sup_price:90000
DEBUG	[2020-10-06 20:37:28:114] <8225> tax:9000
DEBUG	[2020-10-06 20:37:28:114] <8225> srvc_price:0
DEBUG	[2020-10-06 20:37:28:114] <8225> buyername:장균
DEBUG	[2020-10-06 20:37:28:114] <8225> buyeremail:jk_cp@naver.com
DEBUG	[2020-10-06 20:37:28:114] <8225> buyertel:01044497092
DEBUG	[2020-10-06 20:37:28:114] <8225> reg_num:6440101543
DEBUG	[2020-10-06 20:37:28:114] <8225> useopt:1
DEBUG	[2020-10-06 20:37:28:114] <8225> companynumber:
INFO	[2020-10-06 20:37:28:115] <8225> Check Field OK
INFO	[2020-10-06 20:37:28:115] <8225> Make TID OK INIphpRECPmajorgol0320201006203728153201
INFO	[2020-10-06 20:37:28:115] <8225> PI PUB KEY LOAD OK []
INFO	[2020-10-06 20:37:28:115] <8225> PG PUB KEY LOAD OK [30]
INFO	[2020-10-06 20:37:28:115] <8225> MERCHANT PRIV KEY LOAD OK
INFO	[2020-10-06 20:37:28:115] <8225> MERCHANT PUB KEY LOAD OK [0]
DEBUG	[2020-10-06 20:37:28:116] <8225> MAKE ENCRYPT OK[<?xml version="1.0" encoding="UTF-8"?>
<PaymentInfo>
	  <Payment>
	    <CASH>
	      <CSHR_ApplPrice>99000</CSHR_ApplPrice>
	      <CSHR_SupplyPrice>90000</CSHR_SupplyPrice>
	      <CSHR_Tax>9000</CSHR_Tax>
	      <CSHR_ServicePrice/>
	      <CSHR_Type>1</CSHR_Type>
	      <CSHR_RegNum>6440101543</CSHR_RegNum>
	      <CSHR_CompanyNum/></CASH></Payment></PaymentInfo>]
INFO	[2020-10-06 20:37:28:116] <8225> MAKE BODY OK
INFO	[2020-10-06 20:37:28:117] <8225> SIGN OK
INFO	[2020-10-06 20:37:28:117] <8225> MAKE HEAD OK
INFO	[2020-10-06 20:37:28:117] <8225> MSG_TO_PG:[0194000175D SHA1                   0                                      300200majorgol03               99000INIphpRECPmajorgol0320201006203728153201<?xml version="1.0" encoding="UTF-8"?>
<INIpay>
	  <GoodsInfo>
	    <GoodsCnt>1</GoodsCnt>
	    <MOID/>
	    <Currency>WON</Currency>
	    <Tax>9000</Tax>
	    <TaxFree/>
	    <Goods>
	      <SMID>majorgol03</SMID>
	      <GoodsName urlencode="1">%C7%D6%B5%F4%C7%B2%C1%B6%C0%CC%C7%CF%C0%CC%C6%DB%C7%C3%B7%BA%BD%BABOA%B3%B2%BC%BA%B0%F1%C7%C1%C8%AD510015102051053</GoodsName>
	      <GoodsPrice>99000</GoodsPrice></Goods></GoodsInfo>
	  <BuyerInfo>
	    <BuyerName urlencode="1">%C0%E5%B1%D5</BuyerName>
	    <BuyerTel>01044497092</BuyerTel>
	    <BuyerEmail urlencode="1">jk_cp%40naver.com</BuyerEmail>
	    <ParentEmail/>
	    <RecvName/>
	    <RecvTel/>
	    <RecvMsg/>
	    <RecvAddr/>
	    <RecvPostNum/></BuyerInfo>
	  <PaymentInfo>
	    <Payment>
	      <PayMethod>CASH</PayMethod>
	      <JoinCard/>
	      <JoinExpire/>
	      <MailOrder/>
	      <SessionKey>rC4aS9UmbcF6cJC3VpUSrw0QVuUD8EPcEiaYs0E6N5Da3XV3WntpId5cZFltzGDV
vEuUjybhrP3dw062M8yrLN4obqMOG6sEtgwPcvnYQ/mg1JuOEa4hyQqtazVL4GcL
OR99wvtboV9W8PBFYTMx77b7gL8mRDFftXPXwXCZZrrjz5o70BwOHw==
</SessionKey>
	      <Encrypted>MqtZQhO4SIsu1vow5HVqvsSFUejhUoYn3/y3jCiGb8mAsGCzAku0Qb9Obi3P2gKG
SvyewH3tW1vO683TaVG1wXcfvYMXaTeQgilfYfAI6SxonTDxW5Uhvp7tlQOJRKDZ
St7APqkHGvQXMIly99xwzPlXbjevzGHGBZDutjVTCpkmnVACb27cy54oamzmu6vb
1846P+ElwRR0/pKmLXacy2BCfgRDtQ2po2btjc0JkGIAhedWKuUcbqHLLVyImyJF
3kizeezxUKbfDAF0r+clJHbyd/h3d5Ibm0y481tPJ4etuGRYzIdoYkfstfvHs9Ub
zOQc0nBwyh1qmqEbA+mNK57vbECpPoWdoKHYHCtpKFUJU4f0LCVprOV0vhD3JB1z
BHRIyt7qkuD6Ptkk1W+yBQi7VQClb7DNJrfKi2JuEtUpQORYWLDf4vNcGmHbM7u1
s45qIV1FkSJ8SpLH9cjjLpDlz4i9I8WCFLHdZMbM9vDKNAe3MqHVcA==
</Encrypted></Payment></PaymentInfo>
	  <ReservedInfo>
	    <MReserved1/>
	    <MReserved2/>
	    <MReserved3/></ReservedInfo>
	  <ManageInfo>
	    <Language/>
	    <URL/>
	    <TXVersion>5036B141209receiLinux     PHPchkfake   2.6.32-754.11.1.el6.x86_64PHP:</TXVersion>
	    <TXUserID/>
	    <TXRegNum/>
	    <Ack>1</Ack></ManageInfo></INIpay>ASB3y+7sdD6yA0v5z5GN1XAIcm8rSI3dnnzsHXn+RI+C2kk9/6uXQxeaEvLQf7kN
QKbZHzE6fOlsirBCFJuICOcaqQ8P9VYbKd1dDeVxNuTttvoTYynARrvSSgSHvEHj
mMHwh5YjWI3FkMyLSwj80QdSgyukQM8WQtnSjC7lgCtR
]
INFO	[2020-10-06 20:37:28:117] <8225> DNS LOOKUP OK(203.238.37.3:203.238.37.3:34049) laptime:0
INFO	[2020-10-06 20:37:28:119] <8225> SOCKET CONNECT OK
INFO	[2020-10-06 20:37:28:119] <8225> SEND OK
INFO	[2020-10-06 20:37:28:242] <8225> RECV OK
INFO	[2020-10-06 20:37:28:242] <8225> MSG_FROM_PG:[0225900175D SHA1                   0                                      300210majorgol03               99000INIphpRECPmajorgol0320201006203728153201<?xml version="1.0" encoding="UTF-8"?>
<INIpay>
  <GoodsInfo>
    <GoodsCnt>1</GoodsCnt>
    <MOID urlencode="1"></MOID>
    <Currency>WON</Currency>
    <Goods no="1">
      <SMID>majorgol03</SMID>
      <GoodsName urlencode="1">%C7%D6%B5%F4%C7%B2%C1%B6%C0%CC%C7%CF%C0%CC%C6%DB%C7%C3%B7%BA%BD%BABOA%B3%B2%BC%BA%B0%F1%C7%C1%C8%AD510015102051053</GoodsName>
      <GoodsCntS>1</GoodsCntS>
      <GoodsPrice>99000</GoodsPrice>
    </Goods>
  </GoodsInfo>
  <PaymentInfo>
    <Payment>
      <SessionKey>AKbkDMoJ4mby0AK00JfSkcRoiboNYtB2YiVZhD3bcoHMJPHMxAZw8SdYJ+HgCnIM
P+sHfYTuzDm4FfSPCv3ogb6jDqkv1VcVNSYMjBpKd+sKIFGTrA8QekONukqSbYpV
suyl3O3VNFmzoevTl+UN49hj+RCfQwLCD1w7tg4zWRh69cK1aMSVQds=
</SessionKey>
      <Encrypted>fwMv1CpY4uLQXYzY9heUJDfevRT9Wl7jHxlyXi6OPkPDuGlu34wFq3nZoZQvG1UC
/DgJUoqYgeQ+8lDArIFEegPkIUlucHMRIzzoK91t4G9MTKgZ8jgOiyTQpo8d3UHM
Ounyw3pX9VcvLVEEB5J3RtTSiVzClLZWXWPr3oMEic6QTuDA0PDkCNEoBBz5EKjR
F9iyWVpMhq23xwu/DaRXeIRH7qtQVBVux9YPPuqhqFMNR8AdfHRP7IhPYDFn7EJL
SeG8xfeiUa6e1pQ/vkhJoCV3Dl22Ndb2JVy6hpf3f2a8rLIAXYkxX9tRYM0uG9Q/
PeziEUt+ZUL7r4y1PTpP8fTbgGK5lxy4wVA0Ifg5OmNizw1OF9hXIREcEx7Ack7H
k/k33aXV+z08k9di8pK+7TC+3+Ko4eJuXpXeoWUsWdx3swKhJDtu9CPV/SrdIsLh
38wZKmB37cda6xuvMduS5XQ5606N2aBBr1y0mEmRpON47KZXzI++cXpgp8sd1Vm/
t3Vhf4fGwwQC1B0QDXI89JzwoZhTjahIMC1Gb4wfe3ZTUdsOxhYp1rbJUZLkby+T
953pxlLhDlUIfNf9F6BgC40iSqHS+Jq8QMDhVZkRFke7WSNXWYgrhjb0CTaFB7Mx
0CSvByN2RJ0G/fCwMyF2haolq8c/dg9YVQIUkovrIzm+c/DLRUJ8UXSxvwZGrpo2
MjGA4Y80pqGIY33AJY5elgyuolsb3h4JnIeBANEa/xUV51vnljRR94+8oPtlUOXw
MrRpEH8bFvQPmdJ2EPhO+C5GSb3a0ptOQDjU/FdQr8IKn3iOwFJ+eKmgCaKc+gst
m/yhBnaUsQ4=
</Encrypted>
      <PayMethod>CASH</PayMethod>
      <ResultCode>220000</ResultCode>
      <ResultMsg urlencode="1">%C1%A4%BB%F3%C3%B3%B8%AE%B5%C7%BE%FA%BD%C0%B4%CF%B4%D9.</ResultMsg>
    </Payment>
  </PaymentInfo>
  <ManageInfo>
    <EventCode></EventCode>
    <OrgCurrency></OrgCurrency>
    <ExchangeRate></ExchangeRate>
    <OrgPrice></OrgPrice>
  </ManageInfo>
  <ReservedInfo>
    <MReserved1 urlencode="1"></MReserved1>
    <MReserved2 urlencode="1"></MReserved2>
    <MReserved3 urlencode="1"></MReserved3>
    <PGReserved1 urlencode="1"></PGReserved1>
    <PGReserved2 urlencode="1"></PGReserved2>
    <PGReserved3 urlencode="1"></PGReserved3>
  </ReservedInfo>
</INIpay>
zU6JDLVPRCfP3i6bwsoh8CjaLydvvfIEGNKgjDYFgsGCbH6zj9KZMOmLZpi07ru0
8b2er57XdOh250YHTPm6FDeTShqJm4gm4wFe2fxzxz3Ny4OaBo9d492Q+3VfREPv
+2puh1WKlZOaAJGFMKR0R4LPiLO1LzEPFXQ7QAb69U4=
]
INFO	[2020-10-06 20:37:28:242] <8225> VERIFY OK
INFO	[2020-10-06 20:37:28:243] <8225> PARSE HEAD OK
INFO	[2020-10-06 20:37:28:243] <8225> PARSE BODY OK
INFO	[2020-10-06 20:37:28:244] <8225> DECRYPT OK
DEBUG	[2020-10-06 20:37:28:244] <8225> DECRYPT MSG:[<?xml version="1.0" encoding="UTF-8"?>
<PaymentInfo>
  <Payment>
    <EASYPAY/>
    <CASH>
      <CSHR_ApplPrice>99000</CSHR_ApplPrice>
      <CSHR_SupplyPrice>90000</CSHR_SupplyPrice>
      <CSHR_Tax>9000</CSHR_Tax>
      <CSHR_ServicePrice></CSHR_ServicePrice>
      <CSHR_Type>1</CSHR_Type>
      <CSHR_ApplDate>20201006</CSHR_ApplDate>
      <CSHR_ApplTime>203728</CSHR_ApplTime>
      <CSHR_ApplNum>269377636</CSHR_ApplNum>
      <CSHR_ResultCode>220000</CSHR_ResultCode>
      <CSHR_ResultMsg urlencode="1">%C1%A4%BB%F3%C3%B3%B8%AE%B5%C7%BE%FA%BD%C0%B4%CF%B4%D9.</CSHR_ResultMsg>
    </CASH>
  </Payment>
</PaymentInfo>]
INFO	[2020-10-06 20:37:28:244] <8225> DECRYPT PARSE OK
INFO	[2020-10-06 20:37:28:244] <8225> WAIT ACK INVOKING
DEBUG	[2020-10-06 20:37:28:244] <8225> MAKE HEAD OK
INFO	[2020-10-06 20:37:28:248] <8225> SUCCESS ACK INVOKING
INFO	[2020-10-06 20:37:28:248] <8225> END receipt 정상처리되었습니다. Laptime:[0.134sec]
INFO	[2020-10-06 20:37:28:248] <8225> ===============================================================
INFO	[2020-10-06 20:37:47:154] <6990> START INIPHP receipt (V5036-141209)(OS:Linux2.6.32-754.11.1.el6.x86_64,PHP:5.3.3)
DEBUG	[2020-10-06 20:37:47:154] <6990> inipayhome:/home/killdeal/public_html/shop/inicis
DEBUG	[2020-10-06 20:37:47:154] <6990> debug:false
DEBUG	[2020-10-06 20:37:47:154] <6990> type:receipt
DEBUG	[2020-10-06 20:37:47:154] <6990> pgid:INIphpRECP
DEBUG	[2020-10-06 20:37:47:154] <6990> paymethod:CASH
DEBUG	[2020-10-06 20:37:47:154] <6990> currency:WON
DEBUG	[2020-10-06 20:37:47:154] <6990> admin:1111
DEBUG	[2020-10-06 20:37:47:154] <6990> mid:majorgol03
DEBUG	[2020-10-06 20:37:47:154] <6990> goodname:핫딜2020아디다스코어윈드남성자켓FR4245GD0834
DEBUG	[2020-10-06 20:37:47:154] <6990> cr_price:59900
DEBUG	[2020-10-06 20:37:47:154] <6990> sup_price:54455
DEBUG	[2020-10-06 20:37:47:154] <6990> tax:5445
DEBUG	[2020-10-06 20:37:47:154] <6990> srvc_price:0
DEBUG	[2020-10-06 20:37:47:154] <6990> buyername:장균
DEBUG	[2020-10-06 20:37:47:154] <6990> buyeremail:jk_cp@naver.com
DEBUG	[2020-10-06 20:37:47:154] <6990> buyertel:01044497092
DEBUG	[2020-10-06 20:37:47:154] <6990> reg_num:6440101543
DEBUG	[2020-10-06 20:37:47:154] <6990> useopt:1
DEBUG	[2020-10-06 20:37:47:154] <6990> companynumber:
INFO	[2020-10-06 20:37:47:154] <6990> Check Field OK
INFO	[2020-10-06 20:37:47:154] <6990> Make TID OK INIphpRECPmajorgol0320201006203747546430
INFO	[2020-10-06 20:37:47:154] <6990> PI PUB KEY LOAD OK []
INFO	[2020-10-06 20:37:47:154] <6990> PG PUB KEY LOAD OK [30]
INFO	[2020-10-06 20:37:47:154] <6990> MERCHANT PRIV KEY LOAD OK
INFO	[2020-10-06 20:37:47:154] <6990> MERCHANT PUB KEY LOAD OK [0]
DEBUG	[2020-10-06 20:37:47:155] <6990> MAKE ENCRYPT OK[<?xml version="1.0" encoding="UTF-8"?>
<PaymentInfo>
	  <Payment>
	    <CASH>
	      <CSHR_ApplPrice>59900</CSHR_ApplPrice>
	      <CSHR_SupplyPrice>54455</CSHR_SupplyPrice>
	      <CSHR_Tax>5445</CSHR_Tax>
	      <CSHR_ServicePrice/>
	      <CSHR_Type>1</CSHR_Type>
	      <CSHR_RegNum>6440101543</CSHR_RegNum>
	      <CSHR_CompanyNum/></CASH></Payment></PaymentInfo>]
INFO	[2020-10-06 20:37:47:155] <6990> MAKE BODY OK
INFO	[2020-10-06 20:37:47:156] <6990> SIGN OK
INFO	[2020-10-06 20:37:47:156] <6990> MAKE HEAD OK
INFO	[2020-10-06 20:37:47:156] <6990> MSG_TO_PG:[0192600175D SHA1                   0                                      300200majorgol03               59900INIphpRECPmajorgol0320201006203747546430<?xml version="1.0" encoding="UTF-8"?>
<INIpay>
	  <GoodsInfo>
	    <GoodsCnt>1</GoodsCnt>
	    <MOID/>
	    <Currency>WON</Currency>
	    <Tax>5445</Tax>
	    <TaxFree/>
	    <Goods>
	      <SMID>majorgol03</SMID>
	      <GoodsName urlencode="1">%C7%D6%B5%F42020%BE%C6%B5%F0%B4%D9%BD%BA%C4%DA%BE%EE%C0%A9%B5%E5%B3%B2%BC%BA%C0%DA%C4%CFFR4245GD0834</GoodsName>
	      <GoodsPrice>59900</GoodsPrice></Goods></GoodsInfo>
	  <BuyerInfo>
	    <BuyerName urlencode="1">%C0%E5%B1%D5</BuyerName>
	    <BuyerTel>01044497092</BuyerTel>
	    <BuyerEmail urlencode="1">jk_cp%40naver.com</BuyerEmail>
	    <ParentEmail/>
	    <RecvName/>
	    <RecvTel/>
	    <RecvMsg/>
	    <RecvAddr/>
	    <RecvPostNum/></BuyerInfo>
	  <PaymentInfo>
	    <Payment>
	      <PayMethod>CASH</PayMethod>
	      <JoinCard/>
	      <JoinExpire/>
	      <MailOrder/>
	      <SessionKey>2Ce3qAzZXYZdF1ZkzcIjIRcV9PsJYNcdmDSvNqWWD1KMSvtjIZ95hulqVX1EvGkV
3XUGaXJJDyFLCPUUJT8i/RKpwHH8Y324H1ZtfClrok5NyJVMBXt6bJU+TKygHklQ
JhOed11hURUQWdnw8ZdQcVYCZwgBKMZkx1HJqjwuIvXbNhD2M54FOQ==
</SessionKey>
	      <Encrypted>Lls0G4wzdGahg6LitlWsAbSXEv6hamafg2F/xnjqUtwkZB9LtoJ5u25I2pVZKmE4
7LG33NDn68NEwmf43JSZg4dCzMwpUd3NeRcSE6Uhn1UsdVJFEaACCnHHNHpn5sOY
b7N5kvQ1wGv4It2W4VcP6XBH8icBeG4jPdPs5KxMi8x4sYGEP5/ohPL5ZC9RPo7T
z7qArHbwFJHGsKQJiZYwULnrTT3SMfpcjKAq7B00BhYvAoHvqYHJuDG4L0QydccN
U8ak+pGIKTCRjVwPyzODewAmJNRyrOPH11z4TBtPmKMI9wle4Tq2NAbJITrhlB0k
GHd4AIYnDbz4/JcZclbaWfMHewcAqBjEbCtPfME2ZrwXDGHKZwxbfJ4OvR9VfBh6
7mE7IKQhv2GyueyV9wcI0/ryHDPgPHr8/GfCHn7hmIR9NcbS84BS1HxUv+g2cSf9
QeHsegaZbepjO7g3taaJ08aE6K6YQwXeL9uKOm2oPkfyeQrjLX1aCQ==
</Encrypted></Payment></PaymentInfo>
	  <ReservedInfo>
	    <MReserved1/>
	    <MReserved2/>
	    <MReserved3/></ReservedInfo>
	  <ManageInfo>
	    <Language/>
	    <URL/>
	    <TXVersion>5036B141209receiLinux     PHPchkfake   2.6.32-754.11.1.el6.x86_64PHP:</TXVersion>
	    <TXUserID/>
	    <TXRegNum/>
	    <Ack>1</Ack></ManageInfo></INIpay>AAMr84E/OA9m5KdrSsmv3lbA8cvlTVJ9FULIa820rR7ZtobKupta75M3F8pNK+d4
HkKgxzxK/wdP7CiXaV1FluXNC8MAcTAMnC4GdfMMVaKIy45RwxeMihkiNiajJwNy
WVpj85RowqWbuHDFb5cB0LtDGIwLCaQ5xZFZ28T5jkMU
]
INFO	[2020-10-06 20:37:47:156] <6990> DNS LOOKUP OK(203.238.37.3:203.238.37.3:34049) laptime:0
INFO	[2020-10-06 20:37:47:159] <6990> SOCKET CONNECT OK
INFO	[2020-10-06 20:37:47:159] <6990> SEND OK
INFO	[2020-10-06 20:37:47:286] <6990> RECV OK
INFO	[2020-10-06 20:37:47:286] <6990> MSG_FROM_PG:[0224500175D SHA1                   0                                      300210majorgol03               59900INIphpRECPmajorgol0320201006203747546430<?xml version="1.0" encoding="UTF-8"?>
<INIpay>
  <GoodsInfo>
    <GoodsCnt>1</GoodsCnt>
    <MOID urlencode="1"></MOID>
    <Currency>WON</Currency>
    <Goods no="1">
      <SMID>majorgol03</SMID>
      <GoodsName urlencode="1">%C7%D6%B5%F42020%BE%C6%B5%F0%B4%D9%BD%BA%C4%DA%BE%EE%C0%A9%B5%E5%B3%B2%BC%BA%C0%DA%C4%CFFR4245GD0834</GoodsName>
      <GoodsCntS>1</GoodsCntS>
      <GoodsPrice>59900</GoodsPrice>
    </Goods>
  </GoodsInfo>
  <PaymentInfo>
    <Payment>
      <SessionKey>AKbe3OJ74Yejh524/cPIpMmcMO3jZAa4ZLXaXyNHOZ7n4nTkYFV+dw9D0XnHmHyC
3Y6mioOwdpnk4AVIv5hGSBW6R2rlZc1+kH9E5UbHqgMc4D+3bAHUN7xTvgRn66RR
1R+d06JgiGrkl9yU/g3guBlK/btEslRE3XDOOFkQktb5atqDzwILlPU=
</SessionKey>
      <Encrypted>14hMGQ0uPsHSrpcT7Sgea9cCiYgrHEKv4dOyzjgzc6WEfmDIFknsqH68Jx5h6pkK
4Z7cE7dL1eNdQ/xuQPSCTTVcwRaUzU4YtuNZ4osjZisrgaD2zPr6ylJaIj/hhIai
ZWr7Mz4jMJ2PogG5AtoyiQ8P3BAe0w4mKz6ZV1AQvuby5LgpY2HJQwZYKHu6WtK7
vlPadvkPmFNXkS8IprCI0iI+HgF35tjbtfsUlvF9dk8CDLBeGSFtFYZYqNFJxqXZ
aOiNJGcLZ8ZLiitAdIo/CJGc1x9XJFOdSLuEVn00T89rw1AP+TM/UYJaHGsJc9EU
LaV1D1bj9nXXIrWvrGMpP6Da+9uoN1c+v/xhJPnRUZSvLEuovNSDZ01T0A2W/isO
l8kodjQ8uyUhrl5UZmdbA7/89uLXITVajLRFQdkw1dMkAnXiuSniJve7PkpQvi3X
TxM7c+OY8mhFD+ZbovbY7erkmni9QbyY78qW3jwCDfNHTUQX/KbIAVS4QNdmVWDr
7/3hRRwiIPoqaw0lbcdi9DAlSCu0ZzyzvkmWzm3os73XY/9VuWcw/AtwW3WgzPV3
MXgXeVQpGMk/elKJli90VDQPBFdwYo0r4rSYQs0rEo3kERX8fT+XKc002bCMhujU
kgxSA1YTPf9EembdcwLa0rXsrw6rgE915Wdm0v6UtbStoKOwEgX6YOedoGyklisl
/ixHeovBqxXMNqekpM7uWopahmECQMtG71Ur/flH+lLAZ45pPwVCu39pf1Itnv2g
JX3G8+EESiIDK8HHOw0MWRkciKX+uobEO64okbInEHb9qpKee2lkEyDaV08s2Vs0
VFL/8R7DQzU=
</Encrypted>
      <PayMethod>CASH</PayMethod>
      <ResultCode>220000</ResultCode>
      <ResultMsg urlencode="1">%C1%A4%BB%F3%C3%B3%B8%AE%B5%C7%BE%FA%BD%C0%B4%CF%B4%D9.</ResultMsg>
    </Payment>
  </PaymentInfo>
  <ManageInfo>
    <EventCode></EventCode>
    <OrgCurrency></OrgCurrency>
    <ExchangeRate></ExchangeRate>
    <OrgPrice></OrgPrice>
  </ManageInfo>
  <ReservedInfo>
    <MReserved1 urlencode="1"></MReserved1>
    <MReserved2 urlencode="1"></MReserved2>
    <MReserved3 urlencode="1"></MReserved3>
    <PGReserved1 urlencode="1"></PGReserved1>
    <PGReserved2 urlencode="1"></PGReserved2>
    <PGReserved3 urlencode="1"></PGReserved3>
  </ReservedInfo>
</INIpay>
wA/GZEagj60Id5AzHklMkaQ1JxLNfcZ+LpfTpr1SR8xP7zT62qMdalAHxjpqB8KF
pwTrdx9Q7CcWtAK/ZrbHKvu4n/qcXSF4XDIEtrK4dJAttS2ppyZKEfPIZymjdz5H
YeuajEz4IxDT7Cu1/wDewi4M7IMnzNAf4I3mFqgE9VY=
]
INFO	[2020-10-06 20:37:47:286] <6990> VERIFY OK
INFO	[2020-10-06 20:37:47:286] <6990> PARSE HEAD OK
INFO	[2020-10-06 20:37:47:287] <6990> PARSE BODY OK
INFO	[2020-10-06 20:37:47:287] <6990> DECRYPT OK
DEBUG	[2020-10-06 20:37:47:287] <6990> DECRYPT MSG:[<?xml version="1.0" encoding="UTF-8"?>
<PaymentInfo>
  <Payment>
    <EASYPAY/>
    <CASH>
      <CSHR_ApplPrice>59900</CSHR_ApplPrice>
      <CSHR_SupplyPrice>54455</CSHR_SupplyPrice>
      <CSHR_Tax>5445</CSHR_Tax>
      <CSHR_ServicePrice></CSHR_ServicePrice>
      <CSHR_Type>1</CSHR_Type>
      <CSHR_ApplDate>20201006</CSHR_ApplDate>
      <CSHR_ApplTime>203747</CSHR_ApplTime>
      <CSHR_ApplNum>269377660</CSHR_ApplNum>
      <CSHR_ResultCode>220000</CSHR_ResultCode>
      <CSHR_ResultMsg urlencode="1">%C1%A4%BB%F3%C3%B3%B8%AE%B5%C7%BE%FA%BD%C0%B4%CF%B4%D9.</CSHR_ResultMsg>
    </CASH>
  </Payment>
</PaymentInfo>]
INFO	[2020-10-06 20:37:47:288] <6990> DECRYPT PARSE OK
INFO	[2020-10-06 20:37:47:288] <6990> WAIT ACK INVOKING
DEBUG	[2020-10-06 20:37:47:288] <6990> MAKE HEAD OK
INFO	[2020-10-06 20:37:47:292] <6990> SUCCESS ACK INVOKING
INFO	[2020-10-06 20:37:47:292] <6990> END receipt 정상처리되었습니다. Laptime:[0.138sec]
INFO	[2020-10-06 20:37:47:292] <6990> ===============================================================
INFO	[2020-10-06 20:38:05:361] <6990> START INIPHP receipt (V5036-141209)(OS:Linux2.6.32-754.11.1.el6.x86_64,PHP:5.3.3)
DEBUG	[2020-10-06 20:38:05:361] <6990> inipayhome:/home/killdeal/public_html/shop/inicis
DEBUG	[2020-10-06 20:38:05:361] <6990> debug:false
DEBUG	[2020-10-06 20:38:05:361] <6990> type:receipt
DEBUG	[2020-10-06 20:38:05:361] <6990> pgid:INIphpRECP
DEBUG	[2020-10-06 20:38:05:361] <6990> paymethod:CASH
DEBUG	[2020-10-06 20:38:05:361] <6990> currency:WON
DEBUG	[2020-10-06 20:38:05:361] <6990> admin:1111
DEBUG	[2020-10-06 20:38:05:361] <6990> mid:majorgol03
DEBUG	[2020-10-06 20:38:05:361] <6990> goodname:무료교환캘러웨이엑스퍼나이트로M554남성골프화
DEBUG	[2020-10-06 20:38:05:361] <6990> cr_price:109900
DEBUG	[2020-10-06 20:38:05:361] <6990> sup_price:99909
DEBUG	[2020-10-06 20:38:05:361] <6990> tax:9991
DEBUG	[2020-10-06 20:38:05:361] <6990> srvc_price:0
DEBUG	[2020-10-06 20:38:05:361] <6990> buyername:장균
DEBUG	[2020-10-06 20:38:05:361] <6990> buyeremail:jk_cp@naver.com
DEBUG	[2020-10-06 20:38:05:361] <6990> buyertel:01044497092
DEBUG	[2020-10-06 20:38:05:361] <6990> reg_num:6440101543
DEBUG	[2020-10-06 20:38:05:361] <6990> useopt:1
DEBUG	[2020-10-06 20:38:05:361] <6990> companynumber:
INFO	[2020-10-06 20:38:05:361] <6990> Check Field OK
INFO	[2020-10-06 20:38:05:361] <6990> Make TID OK INIphpRECPmajorgol0320201006203805613276
INFO	[2020-10-06 20:38:05:361] <6990> PI PUB KEY LOAD OK []
INFO	[2020-10-06 20:38:05:362] <6990> PG PUB KEY LOAD OK [30]
INFO	[2020-10-06 20:38:05:362] <6990> MERCHANT PRIV KEY LOAD OK
INFO	[2020-10-06 20:38:05:362] <6990> MERCHANT PUB KEY LOAD OK [0]
DEBUG	[2020-10-06 20:38:05:362] <6990> MAKE ENCRYPT OK[<?xml version="1.0" encoding="UTF-8"?>
<PaymentInfo>
	  <Payment>
	    <CASH>
	      <CSHR_ApplPrice>109900</CSHR_ApplPrice>
	      <CSHR_SupplyPrice>99909</CSHR_SupplyPrice>
	      <CSHR_Tax>9991</CSHR_Tax>
	      <CSHR_ServicePrice/>
	      <CSHR_Type>1</CSHR_Type>
	      <CSHR_RegNum>6440101543</CSHR_RegNum>
	      <CSHR_CompanyNum/></CASH></Payment></PaymentInfo>]
INFO	[2020-10-06 20:38:05:363] <6990> MAKE BODY OK
INFO	[2020-10-06 20:38:05:363] <6990> SIGN OK
INFO	[2020-10-06 20:38:05:364] <6990> MAKE HEAD OK
INFO	[2020-10-06 20:38:05:364] <6990> MSG_TO_PG:[0195100175D SHA1                   0                                      300200majorgol03              109900INIphpRECPmajorgol0320201006203805613276<?xml version="1.0" encoding="UTF-8"?>
<INIpay>
	  <GoodsInfo>
	    <GoodsCnt>1</GoodsCnt>
	    <MOID/>
	    <Currency>WON</Currency>
	    <Tax>9991</Tax>
	    <TaxFree/>
	    <Goods>
	      <SMID>majorgol03</SMID>
	      <GoodsName urlencode="1">%B9%AB%B7%E1%B1%B3%C8%AF%C4%B6%B7%AF%BF%FE%C0%CC%BF%A2%BD%BA%C6%DB%B3%AA%C0%CC%C6%AE%B7%CEM554%B3%B2%BC%BA%B0%F1%C7%C1%C8%AD</GoodsName>
	      <GoodsPrice>109900</GoodsPrice></Goods></GoodsInfo>
	  <BuyerInfo>
	    <BuyerName urlencode="1">%C0%E5%B1%D5</BuyerName>
	    <BuyerTel>01044497092</BuyerTel>
	    <BuyerEmail urlencode="1">jk_cp%40naver.com</BuyerEmail>
	    <ParentEmail/>
	    <RecvName/>
	    <RecvTel/>
	    <RecvMsg/>
	    <RecvAddr/>
	    <RecvPostNum/></BuyerInfo>
	  <PaymentInfo>
	    <Payment>
	      <PayMethod>CASH</PayMethod>
	      <JoinCard/>
	      <JoinExpire/>
	      <MailOrder/>
	      <SessionKey>0lCbx+DBcRoL0K7hBnprFLUragU0l0Qxe1FJWNOXtJ6mYHfWE23jkFwMQNqe5Uat
KQBh+qyI2CpBMY6Uv7WkFn2ReoGUBFKxtjIO9U2VPq1eXC2h1MzJG0FEPLkTq15B
Y9oWHfmL5IJunPd+xYzAQvdRmzaARNQVpxEwxRL+tL4oaAD5rROHmQ==
</SessionKey>
	      <Encrypted>LbPGxawUK8Xde/xIs0NI17Xf06axPg/EJ3AAQS9+qwLdeENZHUGx19C16JPkrGSM
ioRqDn+/7fzTdexnr+JjM/owjMwlufcm14INPEkzazJyy4CGmTqssA5+YmDPvBaT
fdmU0scGJAs9lsfiU+sVpbrUAtl20UtzsMKV2/QXkKqsJhxIrrgg/UjIBdQSRrUs
t6nTj8A/pgIYB4L6GpOG1eX9Di/MMLVTludDA/vo171Er+qhE26avibbibd3fJ6U
5QkL1W09GzLGbv+cv6SUW0RMQ3mn7SbkA8egaxfXNTNKFjNlv5vuqJtfuJgC5FyI
gi8U3hSLpa0SEbSxH0CYeBVG1hzVdLjKhXtRd/U8tZmGO4yr8EqjtlF42XkAy7PK
17OFs9azuRJz/j5pDd0X8ob6ZTIAAbc/OhQTQh8ngvOlQnQpeN5Wmbr98eRr/iQw
TwNUY8uHHJxHdoKYf8WrK0CqLuvkEwhPlRPkUgg09O1sVMfx3UL0pA==
</Encrypted></Payment></PaymentInfo>
	  <ReservedInfo>
	    <MReserved1/>
	    <MReserved2/>
	    <MReserved3/></ReservedInfo>
	  <ManageInfo>
	    <Language/>
	    <URL/>
	    <TXVersion>5036B141209receiLinux     PHPchkfake   2.6.32-754.11.1.el6.x86_64PHP:</TXVersion>
	    <TXUserID/>
	    <TXRegNum/>
	    <Ack>1</Ack></ManageInfo></INIpay>AHrvb5c6mIKWnzDb42iiV+9POZNX2G9ViIuWEelxAdq4WPR7wnegg2No0/dyOavG
VwCYejkXe/p0MzPZc3Jp80gc8Ts9z8jOrK8v/+gpao9zv28UDKXMeZrOkPAEpFD1
Sh1IfjqKH+kKBQv0pcDFytDXvuwUov1/UX1vlRHsm4Xi
]
INFO	[2020-10-06 20:38:05:364] <6990> DNS LOOKUP OK(203.238.37.3:203.238.37.3:34049) laptime:0
INFO	[2020-10-06 20:38:05:366] <6990> SOCKET CONNECT OK
INFO	[2020-10-06 20:38:05:366] <6990> SEND OK
INFO	[2020-10-06 20:38:05:490] <6990> RECV OK
INFO	[2020-10-06 20:38:05:490] <6990> MSG_FROM_PG:[0227000175D SHA1                   0                                      300210majorgol03              109900INIphpRECPmajorgol0320201006203805613276<?xml version="1.0" encoding="UTF-8"?>
<INIpay>
  <GoodsInfo>
    <GoodsCnt>1</GoodsCnt>
    <MOID urlencode="1"></MOID>
    <Currency>WON</Currency>
    <Goods no="1">
      <SMID>majorgol03</SMID>
      <GoodsName urlencode="1">%B9%AB%B7%E1%B1%B3%C8%AF%C4%B6%B7%AF%BF%FE%C0%CC%BF%A2%BD%BA%C6%DB%B3%AA%C0%CC%C6%AE%B7%CEM554%B3%B2%BC%BA%B0%F1%C7%C1%C8%AD</GoodsName>
      <GoodsCntS>1</GoodsCntS>
      <GoodsPrice>109900</GoodsPrice>
    </Goods>
  </GoodsInfo>
  <PaymentInfo>
    <Payment>
      <SessionKey>AHV91y4LbZJCQXHCp4rdD1p5/ne1p5298N8BYSAhVnm4qQC2F8s5GV7PYUoDezxA
Btf5l0TuUDR9JF03O/BkEdMi+3kX5m95/AHu+8uxSdufmGCdJB68S4Ii+XIlAkCc
ed0I1c2O43Mw6dpHbx0i2j3JWL4IslVo5LiVBVxorBdkGcRQ481RRa4=
</SessionKey>
      <Encrypted>7sSEDsEC7qSuGQbFAa9SArYVs4WKRT0i+UftoIEAwlTCEz4trNSC0xBMfoMHq4VJ
9P8pNcXav5OXLJqq2ZfHSJG8EZfDavGeIpfZa2ekc2CYWWDw8/M3tsxjcf17+kbQ
2z+wVVnGTzNw6N8g5sjYFHnoDgDOSgLAuwhY2DHbMrbzHYW0QNdkvG4nIjw6nsdo
AzkW9pY54srM8jOju4ZcjuVnEiI64cZHz/wmO5kLeWOh0tFLpM2+5aE1OmvNDNH/
EuCkp4+wig9iQo8vgpQQhW2ZJHk0PVzxRFCQSFLPLNyn3Wa4yvRy1PamCv2As6Nb
Jfu1xTRBFeLkha+d4TzGVOhGeuxL0/SD2dMJcT2QfM987AGLMkZmlZIJZqDMgfQu
xhifvh4S974KOxmFO0VXIHnFBn3p/Bu5PepLCAZR6eIfG8vvgvn57T6FCpNUVJvA
HTdOz490MuZcS8IJW6KjD9BgrOs3Wqg7o6IlDxN+HdAV8LpwYTvhusjcHKP/IigJ
ZExQHhvfRXmTwACgTdkf7qn7rsJgrGL9XX2tDPa1GVycvl6+ujNW0n46FxmnXNS4
gW3miJujAGII0/DCiFVsLgUVMy/4YLOlRLTo42Rw5SalvarC34gNMFj5ejjVIclH
lY28Rb8c3Vh7rFQR5wcbL4rMlvbE0iv8VlKwcKsADZgZogG/hEeJhv/WlGoT7hDA
aL72GRosYQ47Ge3eOTOsqWII8KWUQ8tapCgpmOESUifHsWU4ff42u0480YFsS1Wn
3h9rmVmgczt8gPS2Y6RnKRqtF8IUCzUBh8hjBkLo/rmJxzskSk0Z35kcsV9UCSOR
hURkV/SEC9s=
</Encrypted>
      <PayMethod>CASH</PayMethod>
      <ResultCode>220000</ResultCode>
      <ResultMsg urlencode="1">%C1%A4%BB%F3%C3%B3%B8%AE%B5%C7%BE%FA%BD%C0%B4%CF%B4%D9.</ResultMsg>
    </Payment>
  </PaymentInfo>
  <ManageInfo>
    <EventCode></EventCode>
    <OrgCurrency></OrgCurrency>
    <ExchangeRate></ExchangeRate>
    <OrgPrice></OrgPrice>
  </ManageInfo>
  <ReservedInfo>
    <MReserved1 urlencode="1"></MReserved1>
    <MReserved2 urlencode="1"></MReserved2>
    <MReserved3 urlencode="1"></MReserved3>
    <PGReserved1 urlencode="1"></PGReserved1>
    <PGReserved2 urlencode="1"></PGReserved2>
    <PGReserved3 urlencode="1"></PGReserved3>
  </ReservedInfo>
</INIpay>
l+zJ2E6ZL+Yp2nz9VBZDIY8+G8RxOpow2WWeI/UzxW7o0r/lrSbpRPCZ1g6a/6EJ
JaMCFIv7Rp5SN0rz9OJ2MyVLQM1ADSuGilZx35lNi9N0eLKj7q/lZ/RypAeIlREX
JPpd99piUqyF8TcUGTEwLyz6MH1Yb6GBOi3z1nYvXcA=
]
INFO	[2020-10-06 20:38:05:490] <6990> VERIFY OK
INFO	[2020-10-06 20:38:05:490] <6990> PARSE HEAD OK
INFO	[2020-10-06 20:38:05:491] <6990> PARSE BODY OK
INFO	[2020-10-06 20:38:05:492] <6990> DECRYPT OK
DEBUG	[2020-10-06 20:38:05:492] <6990> DECRYPT MSG:[<?xml version="1.0" encoding="UTF-8"?>
<PaymentInfo>
  <Payment>
    <EASYPAY/>
    <CASH>
      <CSHR_ApplPrice>109900</CSHR_ApplPrice>
      <CSHR_SupplyPrice>99909</CSHR_SupplyPrice>
      <CSHR_Tax>9991</CSHR_Tax>
      <CSHR_ServicePrice></CSHR_ServicePrice>
      <CSHR_Type>1</CSHR_Type>
      <CSHR_ApplDate>20201006</CSHR_ApplDate>
      <CSHR_ApplTime>203805</CSHR_ApplTime>
      <CSHR_ApplNum>269377682</CSHR_ApplNum>
      <CSHR_ResultCode>220000</CSHR_ResultCode>
      <CSHR_ResultMsg urlencode="1">%C1%A4%BB%F3%C3%B3%B8%AE%B5%C7%BE%FA%BD%C0%B4%CF%B4%D9.</CSHR_ResultMsg>
    </CASH>
  </Payment>
</PaymentInfo>]
INFO	[2020-10-06 20:38:05:492] <6990> DECRYPT PARSE OK
INFO	[2020-10-06 20:38:05:492] <6990> WAIT ACK INVOKING
DEBUG	[2020-10-06 20:38:05:492] <6990> MAKE HEAD OK
INFO	[2020-10-06 20:38:05:496] <6990> SUCCESS ACK INVOKING
INFO	[2020-10-06 20:38:05:496] <6990> END receipt 정상처리되었습니다. Laptime:[0.135sec]
INFO	[2020-10-06 20:38:05:496] <6990> ===============================================================
INFO	[2020-10-06 20:38:21:530] <5303> START INIPHP receipt (V5036-141209)(OS:Linux2.6.32-754.11.1.el6.x86_64,PHP:5.3.3)
DEBUG	[2020-10-06 20:38:21:530] <5303> inipayhome:/home/killdeal/public_html/shop/inicis
DEBUG	[2020-10-06 20:38:21:530] <5303> debug:false
DEBUG	[2020-10-06 20:38:21:530] <5303> type:receipt
DEBUG	[2020-10-06 20:38:21:530] <5303> pgid:INIphpRECP
DEBUG	[2020-10-06 20:38:21:530] <5303> paymethod:CASH
DEBUG	[2020-10-06 20:38:21:530] <5303> currency:WON
DEBUG	[2020-10-06 20:38:21:530] <5303> admin:1111
DEBUG	[2020-10-06 20:38:21:530] <5303> mid:majorgol03
DEBUG	[2020-10-06 20:38:21:530] <5303> goodname:핫딜아디다스웜투버튼남성긴팔티셔츠FQ8476FQ8477 외 1건
DEBUG	[2020-10-06 20:38:21:530] <5303> cr_price:112400
DEBUG	[2020-10-06 20:38:21:530] <5303> sup_price:102182
DEBUG	[2020-10-06 20:38:21:530] <5303> tax:10218
DEBUG	[2020-10-06 20:38:21:530] <5303> srvc_price:0
DEBUG	[2020-10-06 20:38:21:530] <5303> buyername:장균
DEBUG	[2020-10-06 20:38:21:530] <5303> buyeremail:jk_cp@naver.com
DEBUG	[2020-10-06 20:38:21:530] <5303> buyertel:01044497092
DEBUG	[2020-10-06 20:38:21:530] <5303> reg_num:6440101543
DEBUG	[2020-10-06 20:38:21:530] <5303> useopt:1
DEBUG	[2020-10-06 20:38:21:530] <5303> companynumber:
INFO	[2020-10-06 20:38:21:530] <5303> Check Field OK
INFO	[2020-10-06 20:38:21:530] <5303> Make TID OK INIphpRECPmajorgol0320201006203821305474
INFO	[2020-10-06 20:38:21:530] <5303> PI PUB KEY LOAD OK []
INFO	[2020-10-06 20:38:21:530] <5303> PG PUB KEY LOAD OK [30]
INFO	[2020-10-06 20:38:21:530] <5303> MERCHANT PRIV KEY LOAD OK
INFO	[2020-10-06 20:38:21:530] <5303> MERCHANT PUB KEY LOAD OK [0]
DEBUG	[2020-10-06 20:38:21:531] <5303> MAKE ENCRYPT OK[<?xml version="1.0" encoding="UTF-8"?>
<PaymentInfo>
	  <Payment>
	    <CASH>
	      <CSHR_ApplPrice>112400</CSHR_ApplPrice>
	      <CSHR_SupplyPrice>102182</CSHR_SupplyPrice>
	      <CSHR_Tax>10218</CSHR_Tax>
	      <CSHR_ServicePrice/>
	      <CSHR_Type>1</CSHR_Type>
	      <CSHR_RegNum>6440101543</CSHR_RegNum>
	      <CSHR_CompanyNum/></CASH></Payment></PaymentInfo>]
INFO	[2020-10-06 20:38:21:531] <5303> MAKE BODY OK
INFO	[2020-10-06 20:38:21:532] <5303> SIGN OK
INFO	[2020-10-06 20:38:21:532] <5303> MAKE HEAD OK
INFO	[2020-10-06 20:38:21:532] <5303> MSG_TO_PG:[0195700175D SHA1                   0                                      300200majorgol03              112400INIphpRECPmajorgol0320201006203821305474<?xml version="1.0" encoding="UTF-8"?>
<INIpay>
	  <GoodsInfo>
	    <GoodsCnt>1</GoodsCnt>
	    <MOID/>
	    <Currency>WON</Currency>
	    <Tax>10218</Tax>
	    <TaxFree/>
	    <Goods>
	      <SMID>majorgol03</SMID>
	      <GoodsName urlencode="1">%C7%D6%B5%F4%BE%C6%B5%F0%B4%D9%BD%BA%BF%FA%C5%F5%B9%F6%C6%B0%B3%B2%BC%BA%B1%E4%C6%C8%C6%BC%BC%C5%C3%F7FQ8476FQ8477+%BF%DC+1%B0%C7</GoodsName>
	      <GoodsPrice>112400</GoodsPrice></Goods></GoodsInfo>
	  <BuyerInfo>
	    <BuyerName urlencode="1">%C0%E5%B1%D5</BuyerName>
	    <BuyerTel>01044497092</BuyerTel>
	    <BuyerEmail urlencode="1">jk_cp%40naver.com</BuyerEmail>
	    <ParentEmail/>
	    <RecvName/>
	    <RecvTel/>
	    <RecvMsg/>
	    <RecvAddr/>
	    <RecvPostNum/></BuyerInfo>
	  <PaymentInfo>
	    <Payment>
	      <PayMethod>CASH</PayMethod>
	      <JoinCard/>
	      <JoinExpire/>
	      <MailOrder/>
	      <SessionKey>JTzOLvXroMohv8MHa/xYu+UBInppQmWaePVt/dsKBddo/Zf7i926LVRhzBVyEam1
zu1VJwpAVezoNXqCjLeOAy9HEku8yxTk4vhKdw/ld95rTHNS4oRgd08dtZUqZ5RE
r8Qky0jdkalYQ4OmBuGYqh3RmVLgBnptvkikd9vcFRaegPOAyXb+Qg==
</SessionKey>
	      <Encrypted>81yNqB9hi/pnPp4v0+idp96E4eWwaoZ/FQU0mHsSiD5EIV3K92Otu70f34w+benK
DBeaMgpvxpmkFLnRowrHB7xvjw06hjfmRl3pWmfKfLn1wBVeYRkkd4fWkgQaMklc
oh1aP1Y3BuJAWjnhIHG5nyU4nCEKYEwD4mav7DbZ/AtFbgeRAG2iG+yW+5lvhnQe
hjn2hYVjoXmfiAFGnUXEH+I3eTWTpEuILNhYRkNR+42BkXiZKWUbUDqQ+fCExyrM
/4m+bd+R6ddnlU5Ass3jZFyfpMQcPxW4nLslsB9ICRhuiAmO/qXv1FrIfunSVxAR
xe+403V+OBFMEMIyUDpC7pEZiGNgsO/mAiHWgVQhwVBpTiRRfeiYNhGniuIqwORh
jFporS1FAF+AAxyl6NKh7DHoS3YM817ri0+9Wi9mi6oZ+QkuQWRWVvx2o03fKomw
TUo27aMzwdUM3KYSn3gB3nO8+lH2v/n1NHJGFRgDLc7fRYQWXHE5nA==
</Encrypted></Payment></PaymentInfo>
	  <ReservedInfo>
	    <MReserved1/>
	    <MReserved2/>
	    <MReserved3/></ReservedInfo>
	  <ManageInfo>
	    <Language/>
	    <URL/>
	    <TXVersion>5036B141209receiLinux     PHPchkfake   2.6.32-754.11.1.el6.x86_64PHP:</TXVersion>
	    <TXUserID/>
	    <TXRegNum/>
	    <Ack>1</Ack></ManageInfo></INIpay>AHOlUSPCq+XpadDndEdx5FzR4w96vMnMpubT6tQHrpaklmuE3qkMPWzz44bMFNxh
GjiLBpiTpuFyFj+d/u1AaAP1eE3EbL2yRdMK2OAes4LBtbJ/tN12nPlXlE0bkxoi
hsknXcmUVwYYBg+5sHe9TlpXHwW6TDg16gTguHkbQRnl
]
INFO	[2020-10-06 20:38:21:532] <5303> DNS LOOKUP OK(203.238.37.3:203.238.37.3:34049) laptime:0
INFO	[2020-10-06 20:38:21:535] <5303> SOCKET CONNECT OK
INFO	[2020-10-06 20:38:21:535] <5303> SEND OK
INFO	[2020-10-06 20:38:21:651] <5303> RECV OK
INFO	[2020-10-06 20:38:21:651] <5303> MSG_FROM_PG:[0227500175D SHA1                   0                                      300210majorgol03              112400INIphpRECPmajorgol0320201006203821305474<?xml version="1.0" encoding="UTF-8"?>
<INIpay>
  <GoodsInfo>
    <GoodsCnt>1</GoodsCnt>
    <MOID urlencode="1"></MOID>
    <Currency>WON</Currency>
    <Goods no="1">
      <SMID>majorgol03</SMID>
      <GoodsName urlencode="1">%C7%D6%B5%F4%BE%C6%B5%F0%B4%D9%BD%BA%BF%FA%C5%F5%B9%F6%C6%B0%B3%B2%BC%BA%B1%E4%C6%C8%C6%BC%BC%C5%C3%F7FQ8476FQ8477+%BF%DC+1%B0%C7</GoodsName>
      <GoodsCntS>1</GoodsCntS>
      <GoodsPrice>112400</GoodsPrice>
    </Goods>
  </GoodsInfo>
  <PaymentInfo>
    <Payment>
      <SessionKey>ADgQojEU4JxjxRI7T2h6G6VuAgiaxkNb0y6zKvq/w27//XfYFQpURV27F1qj7cME
FwcZOTKHpiS5V1/h05r3qAJiJCVfMtiL/zNmH4fHTv8I2QYlQ6SkLalHo/mM1cS1
5OS8S+7cuBEbLPEjtd4icO7LcRammxiI9AY4eUVrVL6ZYAmGAy3dBqE=
</SessionKey>
      <Encrypted>BPvDLuKM3D6HIq7AKktK7OaB49oRqOtSc67daU3jWKvM9ZQagp9LtypNiAKxU/u8
irHuNnze3/6RUxdkmv8H3jkz4lZI77GZcL3CFInHlRRCZsh0CFKY0LqDTPvoisnn
bsKXINtKLhMCW+fvqTl29M1GwTEGzAtaVkZQH+Oy5CHeb8P9J7ZwqmQ5cPIqyiKs
KRGvMJplt1Nx5SYKV7IjafFFJo1wj3Bn7yBeynBYlUKaTF9o51Pvlmm91QAldrtC
txId8+pXBvuyyTIgPBU9eW9bV2EV6YZKvfQbRkyRXO0t5OklgK9KtpD3EqPewuec
V7FbODkxOaMVqfu3CDjFzWEFrbf14XnOMFq3W47Wha26tgrZZBTJXXG27CPVjUB2
1TtQtmBGnKTL5OmDcSb5o05WWSOTiV25dkWt1BHV+kP0tAsFuybVKe1ydbSxcj0N
WlglE5oOGsqRPEOvN4CjvEMEISTJFKXRCg06KJTwEEvIMtbJGzVInDR43joCSIfz
KkqW12f8fKyF83PdsH7ANilNkTlc5LPdKNlmD8IYL3z+3tOWQ6psN4puljb1jwnW
1nQUzLnSG1koPUDhhQSJ1L9gr5EQ7vtW5kqYwhFvl/7fF71bdwGlHN3gZgtPkPiM
OkwM9Rv09SpsuytosMEKljQJ3tO0+azRvP1fkasduXCkQUMq2cAePOhHLV7WSKWs
MYmqSvGuyqCMKQt29mBZuJkeS9dnkJG721iVHNPuuFSUa7K0lG/G4j371+UGkUhw
iNPkf0reAWqkTWaEWLZDIb+pIPGMEWmjOrCnnouybLs0uKnU8lDoc9YuXTMsLCJy
vN8nAxdySsw=
</Encrypted>
      <PayMethod>CASH</PayMethod>
      <ResultCode>220000</ResultCode>
      <ResultMsg urlencode="1">%C1%A4%BB%F3%C3%B3%B8%AE%B5%C7%BE%FA%BD%C0%B4%CF%B4%D9.</ResultMsg>
    </Payment>
  </PaymentInfo>
  <ManageInfo>
    <EventCode></EventCode>
    <OrgCurrency></OrgCurrency>
    <ExchangeRate></ExchangeRate>
    <OrgPrice></OrgPrice>
  </ManageInfo>
  <ReservedInfo>
    <MReserved1 urlencode="1"></MReserved1>
    <MReserved2 urlencode="1"></MReserved2>
    <MReserved3 urlencode="1"></MReserved3>
    <PGReserved1 urlencode="1"></PGReserved1>
    <PGReserved2 urlencode="1"></PGReserved2>
    <PGReserved3 urlencode="1"></PGReserved3>
  </ReservedInfo>
</INIpay>
193R3gMTuaTo3O+ice80zIZlm3mrOL70tmJ69oXCHO1x/XFcLCw9oovnMsVZ2IW6
12JzuZZlq3YMgbpBZx/fvh/xSxoR/3z/b/U/dTs20eZMb9MaZED/c4b8wMfVYMs+
jzMPt+lJIwzViAY6gTMldtWlweeNBGLMf/jI0XXH6gA=
]
INFO	[2020-10-06 20:38:21:651] <5303> VERIFY OK
INFO	[2020-10-06 20:38:21:651] <5303> PARSE HEAD OK
INFO	[2020-10-06 20:38:21:652] <5303> PARSE BODY OK
INFO	[2020-10-06 20:38:21:653] <5303> DECRYPT OK
DEBUG	[2020-10-06 20:38:21:653] <5303> DECRYPT MSG:[<?xml version="1.0" encoding="UTF-8"?>
<PaymentInfo>
  <Payment>
    <EASYPAY/>
    <CASH>
      <CSHR_ApplPrice>112400</CSHR_ApplPrice>
      <CSHR_SupplyPrice>102182</CSHR_SupplyPrice>
      <CSHR_Tax>10218</CSHR_Tax>
      <CSHR_ServicePrice></CSHR_ServicePrice>
      <CSHR_Type>1</CSHR_Type>
      <CSHR_ApplDate>20201006</CSHR_ApplDate>
      <CSHR_ApplTime>203821</CSHR_ApplTime>
      <CSHR_ApplNum>269377692</CSHR_ApplNum>
      <CSHR_ResultCode>220000</CSHR_ResultCode>
      <CSHR_ResultMsg urlencode="1">%C1%A4%BB%F3%C3%B3%B8%AE%B5%C7%BE%FA%BD%C0%B4%CF%B4%D9.</CSHR_ResultMsg>
    </CASH>
  </Payment>
</PaymentInfo>]
INFO	[2020-10-06 20:38:21:653] <5303> DECRYPT PARSE OK
INFO	[2020-10-06 20:38:21:653] <5303> WAIT ACK INVOKING
DEBUG	[2020-10-06 20:38:21:653] <5303> MAKE HEAD OK
INFO	[2020-10-06 20:38:21:657] <5303> SUCCESS ACK INVOKING
INFO	[2020-10-06 20:38:21:657] <5303> END receipt 정상처리되었습니다. Laptime:[0.128sec]
INFO	[2020-10-06 20:38:21:657] <5303> ===============================================================
