INFO	[2020-12-31 11:34:23:313] <13267> START INIPHP cancel (V5036-141209)(OS:Linux2.6.32-754.11.1.el6.x86_64,PHP:5.3.3)
DEBUG	[2020-12-31 11:34:23:313] <13267> inipayhome:/home1/killdeal/public_html/shop/inicis
DEBUG	[2020-12-31 11:34:23:313] <13267> debug:false
DEBUG	[2020-12-31 11:34:23:313] <13267> type:cancel
DEBUG	[2020-12-31 11:34:23:313] <13267> mid:majorgol03
DEBUG	[2020-12-31 11:34:23:313] <13267> admin:1111
DEBUG	[2020-12-31 11:34:23:313] <13267> tid:StdpayISP_majorgol0320201231113302054118
DEBUG	[2020-12-31 11:34:23:313] <13267> cancelmsg:쇼핑몰 운영자 승인 취소
INFO	[2020-12-31 11:34:23:313] <13267> Check Field OK
INFO	[2020-12-31 11:34:23:313] <13267> PI PUB KEY LOAD OK []
INFO	[2020-12-31 11:34:23:314] <13267> PG PUB KEY LOAD OK [30]
INFO	[2020-12-31 11:34:23:314] <13267> MERCHANT PRIV KEY LOAD OK
INFO	[2020-12-31 11:34:23:314] <13267> MERCHANT PUB KEY LOAD OK [0]
DEBUG	[2020-12-31 11:34:23:314] <13267> MAKE ENCRYPT OK[<?xml version="1.0" encoding="UTF-8"?>
<CancelInfo>
	  <CancelTID>StdpayISP_majorgol0320201231113302054118</CancelTID>
	  <CancelMsg urlencode="1">%BC%EE%C7%CE%B8%F4+%BF%EE%BF%B5%C0%DA+%BD%C2%C0%CE+%C3%EB%BC%D2</CancelMsg>
	  <CancelReason/></CancelInfo>]
INFO	[2020-12-31 11:34:23:314] <13267> MAKE BODY OK
INFO	[2020-12-31 11:34:23:315] <13267> SIGN OK
INFO	[2020-12-31 11:34:23:315] <13267> MAKE HEAD OK
INFO	[2020-12-31 11:34:23:315] <13267> MSG_TO_PG:[0096200175D SHA1                   0                                      300420majorgol03                    StdpayISP_majorgol0320201231113302054118<?xml version="1.0" encoding="UTF-8"?>
<INIpay>
	  <CancelInfo>
	    <SessionKey>Gvx+dG7qDnu+SqUwogvJEtZNJJgRbMdM4LR04igkSnQGGe2vUJYIszatFeS4n/7r
xaXSSXJsv97gBytiGKwRA+SosIlGdrKxQLWpQOgJxfHfMoqAT6o51KrbO1Qdzt1q
WmlHWZNqLAe20Tq8fAke3HLyoKl+7UAKYWoVvQfVeHTHZoucLeaEzA==
</SessionKey>
	    <Encrypted>j2J2OCJA9FmfJK22YchRlRvYwM3hATWLaZM2rEoNrlt6IyVlXI7FfmXlIDAhlRdj
5PpdBIarYNEG0Tkr1HC2vM3gXh9vr2NIKUNC+ZCRr/9Ae2UQgYCRS9BiJLR7cfzr
gs4hBfXpFuVGeLfFgbj5S3DIGOYashFW7WFodNEgTNOdY5T17q6Uwm2A0035eM+P
ZVzC7ac/lbgoMtZuqALY0t4zBBf8hkzYXPmnzsFTMWHoJU7GSQgwmOG+Fm7w/8Xx
Ym37VX3DZI91TaaeaKeDzAPOon1mQ08qOKMIYw6FfMtuskztd+9bnzwy8Szk/WPo
wvNIYSZmg0A9OiiHDCwPAQ==
</Encrypted></CancelInfo>
	  <ReservedInfo>
	    <MReserved1/>
	    <MReserved2/>
	    <MReserved3/></ReservedInfo>
	  <ManageInfo>
	    <Language/>
	    <URL/>
	    <TXVersion>5036B141209canceLinux     PHPchkfake   2.6.32-754.11.1.el6.x86_64PHP:</TXVersion>
	    <TXUserID/>
	    <TXRegNum/></ManageInfo></INIpay>AJOM3SfBFc+XszPNk6m5nBLr5SbhWEPcUxdM/SrmfeytnoO3niihqKDahc9iIIAL
YzsA3qhpaX2aLMrX4otOdPsR+Upcl6rGZxd+Q/CzelsXZjdph/gB/z4e0VqVnKSZ
sEMiBrN6JROfpzugFNYRivxWZFoBE5WlvpdQe00nAIJN
]
INFO	[2020-12-31 11:34:23:315] <13267> DNS LOOKUP OK(203.238.37.3:203.238.37.3:34049) laptime:0
INFO	[2020-12-31 11:34:23:317] <13267> SOCKET CONNECT OK
INFO	[2020-12-31 11:34:23:317] <13267> SEND OK
INFO	[2020-12-31 11:34:23:755] <13267> RECV OK
INFO	[2020-12-31 11:34:23:755] <13267> MSG_FROM_PG:[0086100175D SHA1                   0                                      300430majorgol03                    StdpayISP_majorgol0320201231113302054118<?xml version="1.0" encoding="UTF-8"?><INIpay>
<CancelInfo>
<ResultCode>170000</ResultCode>
<ResultMsg urlencode="1">%C1%A4%BB%F3%BF%CF%B7%E1</ResultMsg>
<SessionKey>AN0iDj9x1/ww8t8/OVS0nPmjur0xQ1asx2JOyYVqTtxx6Xq4v7kpzgnR1OR+ZNA+
SwDlgegqhYXaUv1jPA46OpSUt03ImCR6tss4LaiqfGy2w1miHJJx4px1jRK3Pm8S
7dh38EGSZstwUPfdjBrom/1O9PcJ/4bqjvgEC6Tpx0sCjnf7GWkxSQ8=
</SessionKey>
<Encrypted>QAsGUK8Krtf3mktZCu9K+7DeQWK7869T/yWlUVroEWL5kBLFcmhiajVu5Jt3P+Qo
Ev/ivwYhudo8ofMAAVOURU3mkGtrcVT+uR+taTLGH7B2sMixjal3D6RTo/Cn5ic/
CNvs/0GGKF+9nOVCBFb1ViW4hZC7nec/2K30nEWtvdc/IuPpfwrjtrqzOK56P/dl
MlutYHvjQtiwQXjUi9+1lSNEWIzOTYYJPiBlazCrhD8FTILscM5PnAjtSWd0GquX
2bZIjh13z3QYbocqkWiBbZ+UEDpZ+Wq3Wr1goy2YOc7ZZ4XpoJsUNA==
</Encrypted>
</CancelInfo>
<ManageInfo/>
<ReservedInfo>
<MReserved1 urlencode="1"/>
<MReserved2 urlencode="1"/>
<MReserved3 urlencode="1"/>
</ReservedInfo>
</INIpay>
Be50lseRAiN8AwVZhJKEBnlmUiALgR4Gkj+fr8F94QuYs8DpiD7yO4qBna0bQzfR
j9Nh7leWoScYPMZopvfi1FP3KFs7RH6b5XNuXDc5uGaAPAitR0eMYFz9cJe3JIuB
97rF/YlmTSbqKsMKThJxf2774Kzhr1DX653UynFCeVk=
]
INFO	[2020-12-31 11:34:23:755] <13267> VERIFY OK
INFO	[2020-12-31 11:34:23:755] <13267> PARSE HEAD OK
INFO	[2020-12-31 11:34:23:755] <13267> PARSE BODY OK
INFO	[2020-12-31 11:34:23:756] <13267> DECRYPT OK
DEBUG	[2020-12-31 11:34:23:756] <13267> DECRYPT MSG:[<?xml version="1.0" encoding="UTF-8"?><CancelInfo>
<CancelDate>20201231</CancelDate>
<CancelTime>113423</CancelTime>
<ResultCode>170000</ResultCode>
<ResultMsg urlencode="1">%C1%A4%BB%F3%BF%CF%B7%E1</ResultMsg>
</CancelInfo>]
INFO	[2020-12-31 11:34:23:756] <13267> DECRYPT PARSE OK
INFO	[2020-12-31 11:34:23:756] <13267> END cancel 정상완료 Laptime:[0.443sec]
INFO	[2020-12-31 11:34:23:756] <13267> ===============================================================
INFO	[2020-12-31 13:46:49:721] <3215> START INIPHP cancel (V5036-141209)(OS:Linux2.6.32-754.11.1.el6.x86_64,PHP:5.3.3)
DEBUG	[2020-12-31 13:46:49:721] <3215> inipayhome:/home1/killdeal/public_html/shop/inicis
DEBUG	[2020-12-31 13:46:49:721] <3215> debug:false
DEBUG	[2020-12-31 13:46:49:721] <3215> type:cancel
DEBUG	[2020-12-31 13:46:49:721] <3215> mid:majorgol03
DEBUG	[2020-12-31 13:46:49:721] <3215> admin:1111
DEBUG	[2020-12-31 13:46:49:721] <3215> tid:INIMX_CARDmajorgol0320201224110356115345
DEBUG	[2020-12-31 13:46:49:721] <3215> cancelmsg:쇼핑몰 운영자 승인 취소
INFO	[2020-12-31 13:46:49:722] <3215> Check Field OK
INFO	[2020-12-31 13:46:49:722] <3215> PI PUB KEY LOAD OK []
INFO	[2020-12-31 13:46:49:722] <3215> PG PUB KEY LOAD OK [30]
INFO	[2020-12-31 13:46:49:722] <3215> MERCHANT PRIV KEY LOAD OK
INFO	[2020-12-31 13:46:49:722] <3215> MERCHANT PUB KEY LOAD OK [0]
DEBUG	[2020-12-31 13:46:49:722] <3215> MAKE ENCRYPT OK[<?xml version="1.0" encoding="UTF-8"?>
<CancelInfo>
	  <CancelTID>INIMX_CARDmajorgol0320201224110356115345</CancelTID>
	  <CancelMsg urlencode="1">%BC%EE%C7%CE%B8%F4+%BF%EE%BF%B5%C0%DA+%BD%C2%C0%CE+%C3%EB%BC%D2</CancelMsg>
	  <CancelReason/></CancelInfo>]
INFO	[2020-12-31 13:46:49:723] <3215> MAKE BODY OK
INFO	[2020-12-31 13:46:49:723] <3215> SIGN OK
INFO	[2020-12-31 13:46:49:723] <3215> MAKE HEAD OK
INFO	[2020-12-31 13:46:49:723] <3215> MSG_TO_PG:[0096200175D SHA1                   0                                      300420majorgol03                    INIMX_CARDmajorgol0320201224110356115345<?xml version="1.0" encoding="UTF-8"?>
<INIpay>
	  <CancelInfo>
	    <SessionKey>KsZ6N2X1KBvMQ6HOJE9gIZQnutC9K5i4rd2SeWbB6lGdKbHDQKyCAJ9qoZrUiOLB
vWreOodKlOaeApENSuNgijs2x74QUSOnRTf7aLTcXFfUP1sKA2xBU/8nKCKCQ4n7
/GWbDUjNP8RYJsCphdivZZXUWN0A1MAAUdxo+hPMaUcLT+2wTkTnWQ==
</SessionKey>
	    <Encrypted>zIQW+uEIvbgPoqES8kfq3mm3p04I24XR79usZ654ggJUf1xPjC2s8AlEU5HuRtDP
DNU1E2ovc7R8Nf/h6vYVD3cmePImBN04y/5LspU4JPmxkU2INIPTIFJHw5S0PJmY
g2Px0ta7owzTiiVcGYjEIxlZjnqvpjvmRVjhi3iGpvw5GBnPT4G/IVzAGb/NfIfr
Vynx3haV2vL7NcYarffzmLXgiCWbncdnQtJn/YnVf/9BSnZEU2ShgdFWGDSso/Iq
4WZ+xRlSRNQv4wGI3Qbbc5DiSpbW5tQOV3NhsLSaSyGITAirNnaMUgST/k9DptDr
BPmCkCJz7YsH55Q0VIN0iA==
</Encrypted></CancelInfo>
	  <ReservedInfo>
	    <MReserved1/>
	    <MReserved2/>
	    <MReserved3/></ReservedInfo>
	  <ManageInfo>
	    <Language/>
	    <URL/>
	    <TXVersion>5036B141209canceLinux     PHPchkfake   2.6.32-754.11.1.el6.x86_64PHP:</TXVersion>
	    <TXUserID/>
	    <TXRegNum/></ManageInfo></INIpay>AAghIqMoMIy1c9VYf6FF1yo/1EGCvaBSbtKwKqGEOXHC7wNTYbuZB/MZ2oRCj55q
KDL+ijujciSLJjnJAnDX8+TIR/i70TacvRzss93a8sUCpzJpEgBbXq6ZNxoQHcwR
PTDc7DHATBeeVClyhcw1s4C4Lt5thjPT4jVj/xvuAgzt
]
INFO	[2020-12-31 13:46:49:723] <3215> DNS LOOKUP OK(203.238.37.3:203.238.37.3:34049) laptime:0
INFO	[2020-12-31 13:46:49:726] <3215> SOCKET CONNECT OK
INFO	[2020-12-31 13:46:49:726] <3215> SEND OK
INFO	[2020-12-31 13:46:50:147] <3215> RECV OK
INFO	[2020-12-31 13:46:50:147] <3215> MSG_FROM_PG:[0093300175D SHA1                   0                                      300430majorgol03                    INIMX_CARDmajorgol0320201224110356115345<?xml version="1.0" encoding="UTF-8"?><INIpay>
<CancelInfo>
<ResultCode>120000</ResultCode>
<ResultMsg urlencode="1">%C1%A4%BB%F3%C3%B3%B8%AE%B5%C7%BE%FA%BD%C0%B4%CF%B4%D9.</ResultMsg>
<SessionKey>ABWnCtMDndcr4rQZRdx5LlnSiEhGPycUNY066F1NnI9gwnWqhF3Q23zlWBnJtvfz
Y5nySP00YegeLQa3CjNLmbGsatzm3BHtIm/gvkIjPp0mU/GFPIekqVF0g2h2CB/u
m53Uueq8gpFKlRuSKBuJZhre+2z9axWohupYeWF4McF442Stc1i5pes=
</SessionKey>
<Encrypted>WT31exOue9qa0mrDgaOEbt7+iChr/Xq/hDvfRGcFxMkvqD2I3RpC5Nt13V4eUESl
ehz3Q29nmlVlCctkpE9nQQ5QHFY9Ycz9bd3PStot6+rZiWnTaWRGor8N5X4/qW1M
NFmF387mVXVpcZZY+fiaqmjrq+zzdtmmzGBnaVjIbh0SaeWupTrV45lJdKpUOE0W
4deFYKl40kidzX6uXCnGNt2eCEVvzR57jCukgW95gWsRr0jzfdwmOeM4yqmTDkLk
tUogsBtndfkEkltNmy1xJsukCvK4YWIvbD/6rDybOkbEwrMV+0impuBkl9DB2Vu8
c7zJpoFWb/xDvvUi5btnhFFI1jNeazbU
</Encrypted>
</CancelInfo>
<ManageInfo/>
<ReservedInfo>
<MReserved1 urlencode="1"/>
<MReserved2 urlencode="1"/>
<MReserved3 urlencode="1"/>
</ReservedInfo>
</INIpay>
I8UVj6UcRgfgO0S+GKccBxfwg2Ay+E/nJjnXtU2JwUj3Q6WmCvlcWV2lCSlYVpGf
WvQATEkqscCIGW5vwxAsUSCXy0U/uwC4VHk0lwVGidu1+lEUXNUvt6Wo/9GbaqS0
95jLb7op9tRHmTGVqdvvXBR9Gp99ymCQGRT3bO61N2g=
]
INFO	[2020-12-31 13:46:50:147] <3215> VERIFY OK
INFO	[2020-12-31 13:46:50:147] <3215> PARSE HEAD OK
INFO	[2020-12-31 13:46:50:147] <3215> PARSE BODY OK
INFO	[2020-12-31 13:46:50:148] <3215> DECRYPT OK
DEBUG	[2020-12-31 13:46:50:148] <3215> DECRYPT MSG:[<?xml version="1.0" encoding="UTF-8"?><CancelInfo>
<CancelDate>20201231</CancelDate>
<CancelTime>134650</CancelTime>
<ResultCode>120000</ResultCode>
<ResultMsg urlencode="1">%C1%A4%BB%F3%C3%B3%B8%AE%B5%C7%BE%FA%BD%C0%B4%CF%B4%D9.</ResultMsg>
</CancelInfo>]
INFO	[2020-12-31 13:46:50:148] <3215> DECRYPT PARSE OK
INFO	[2020-12-31 13:46:50:148] <3215> END cancel 정상처리되었습니다. Laptime:[0.427sec]
INFO	[2020-12-31 13:46:50:148] <3215> ===============================================================
