INFO	[2021-08-23 00:14:48:827] <12414> START INIPHP cancel (V5036-141209)(OS:Linux2.6.32-754.11.1.el6.x86_64,PHP:5.3.3)
DEBUG	[2021-08-23 00:14:48:827] <12414> inipayhome:/home1/killdeal/public_html/shop/inicis
DEBUG	[2021-08-23 00:14:48:827] <12414> debug:false
DEBUG	[2021-08-23 00:14:48:827] <12414> type:cancel
DEBUG	[2021-08-23 00:14:48:827] <12414> mid:fourseason
DEBUG	[2021-08-23 00:14:48:827] <12414> admin:1111
DEBUG	[2021-08-23 00:14:48:827] <12414> tid:INIMX_CARDfourseason20210822215512155817
DEBUG	[2021-08-23 00:14:48:827] <12414> cancelmsg:주문자 본인 취소-구매의사 없음
INFO	[2021-08-23 00:14:48:827] <12414> Check Field OK
INFO	[2021-08-23 00:14:48:827] <12414> PI PUB KEY LOAD OK []
INFO	[2021-08-23 00:14:48:827] <12414> PG PUB KEY LOAD OK [30]
INFO	[2021-08-23 00:14:48:827] <12414> MERCHANT PRIV KEY LOAD OK
INFO	[2021-08-23 00:14:48:827] <12414> MERCHANT PUB KEY LOAD OK [0]
DEBUG	[2021-08-23 00:14:48:827] <12414> MAKE ENCRYPT OK[<?xml version="1.0" encoding="UTF-8"?>
<CancelInfo>
	  <CancelTID>INIMX_CARDfourseason20210822215512155817</CancelTID>
	  <CancelMsg urlencode="1">%C1%D6%B9%AE%C0%DA+%BA%BB%C0%CE+%C3%EB%BC%D2-%B1%B8%B8%C5%C0%C7%BB%E7+%BE%F8%C0%BD</CancelMsg>
	  <CancelReason/></CancelInfo>]
INFO	[2021-08-23 00:14:48:828] <12414> MAKE BODY OK
INFO	[2021-08-23 00:14:48:828] <12414> SIGN OK
INFO	[2021-08-23 00:14:48:828] <12414> MAKE HEAD OK
INFO	[2021-08-23 00:14:48:828] <12414> MSG_TO_PG:[0099400175D SHA1                   0                                      300420fourseason                    INIMX_CARDfourseason20210822215512155817<?xml version="1.0" encoding="UTF-8"?>
<INIpay>
	  <CancelInfo>
	    <SessionKey>mJ4Ve585Fsd1yCtiVnplFbHIKffr6N4HzsUzyGc64OCeSzwB/N/UJEODnz/xVy3v
9MmJGvCfYt5Hj4BHf9sazACAqftL4Y7DtZWRGobh10YYqRA90kNPhza7+KQ1wXGM
Hvfxv0gLmy3iyWTHrn6vpCjtTWDbCy6rxXqt3MVxiY42Sq9cxR81Cg==
</SessionKey>
	    <Encrypted>u1AXDR6ccM8vcypzr0FCJGE91OwF+N0ZeNGquc1lrVSiGkRhVZOSeUUD95rnzZCr
5KuZ/FLletJlcpb8BgPA0w2xE5Lm7YH82sy1YL2KB2ql0PdM2P2f4k0w5RqOuJ53
BMo7lSn5qdJcJubuJw+Lmae0t1nyq7EqY8NDM7IVx4cvrRkPWHAgXflQ+9E/Bso4
s2THLWPAgLw78/V66zRwXHl1jR2LfHUqNc3m7+MgIT5AhCbck5LJg1UTfTHnm1gM
uuNf72/bRF933PknM7cZ+oqyuoZSx8hf+QzC3sWY4K8lCfF4xCFZ54CVCFDrFXAi
1bjIAKHZc5WZxXeMdn1eVFJ0H8+NfnZdsY2dl/jwpXdvIMrq4GOJKw==
</Encrypted></CancelInfo>
	  <ReservedInfo>
	    <MReserved1/>
	    <MReserved2/>
	    <MReserved3/></ReservedInfo>
	  <ManageInfo>
	    <Language/>
	    <URL/>
	    <TXVersion>5036B141209canceLinux     PHPchkfake   2.6.32-754.11.1.el6.x86_64PHP:</TXVersion>
	    <TXUserID/>
	    <TXRegNum/></ManageInfo></INIpay>AOo3EepHX+wukUOrGXYbVnwYx+x9VHwBeE5253V6Ta66FHShScSCMCeBRLVsx7su
626EPvImJhlVtammw27wI3XVfltrFmCEHn8WVNbosVxs/MO3zNhvbDBHiN2/7dKv
ugCluSjn7nZupPJlr4wMe1VNz9YC9RI+7ItGF94jGF/J
]
INFO	[2021-08-23 00:14:48:828] <12414> DNS LOOKUP OK(203.238.37.3:203.238.37.3:34049) laptime:0
INFO	[2021-08-23 00:14:48:831] <12414> SOCKET CONNECT OK
INFO	[2021-08-23 00:14:48:831] <12414> SEND OK
INFO	[2021-08-23 00:14:49:76] <12414> RECV OK
INFO	[2021-08-23 00:14:49:76] <12414> MSG_FROM_PG:[0093300175D SHA1                   0                                      300430fourseason                    INIMX_CARDfourseason20210822215512155817<?xml version="1.0" encoding="UTF-8"?><INIpay>
<CancelInfo>
<ResultCode>120000</ResultCode>
<ResultMsg urlencode="1">%C1%A4%BB%F3%C3%B3%B8%AE%B5%C7%BE%FA%BD%C0%B4%CF%B4%D9.</ResultMsg>
<SessionKey>ABJF+snZB4lhJrZ0S6UoMxEzDVqL6Bj+fnfPG41Kli/OHaWFDA+wEeAPRHCqEUsp
A6bl0LldePQGHz5RZ2RIXAZy2d0eptuQEcZSQbUcwfufRSABBBRu5IMYXQg8QEou
TjIcx6nXDZVglgVh1fZglfcjzUp8XJx40zewrxpUGJpHjiOGVfF7ADE=
</SessionKey>
<Encrypted>/ZVI/NfhR46B2wkExbAD9hj5r6TuaoiY41ecmgKsGRqoXxE0W5ykaK3Fg/4wfs2Z
YWDbHaPo8lkb1BTrSuKVbch5Vjg+DyYZRnUBTKV7QuqTehsj4qLMDKLS+gY2Woi2
heKu9z+ozfsciO13qt0BI5LEljH+Ho2fAxoVqjIXcImyWHxsZpdS4luo3+A5xREi
+TPyntZyjuWk044NATGb5P4dOvWRreuS2lh0q4ah7RjJ8/gqG88Cs3dSWa2znK+f
Eha9sL5kAFmg4GbZntgeDiB6hZepmqJYwIotHZe7gugZH3tGjHL/r4AW2gHmnpa2
i+Jefs2P3YC6d+1ksm1pouWmG9IporCP
</Encrypted>
</CancelInfo>
<ManageInfo/>
<ReservedInfo>
<MReserved1 urlencode="1"/>
<MReserved2 urlencode="1"/>
<MReserved3 urlencode="1"/>
</ReservedInfo>
</INIpay>
w79MRTnd/qJcJ6hZuU76CYaQ5wiMyqClsfwfWlL49niNqzFnYhhB+FvyGp2USvgM
P9hM4ijfBTR2RjD+Wp1z4X3tBWG98knm5/Dr+zo5gTM49Swa3UG9RXw962fniJjT
GQXIsYx5506Z6q5gRqVloLVBREkMlrz/30qAjB+inhw=
]
INFO	[2021-08-23 00:14:49:76] <12414> VERIFY OK
INFO	[2021-08-23 00:14:49:76] <12414> PARSE HEAD OK
INFO	[2021-08-23 00:14:49:77] <12414> PARSE BODY OK
INFO	[2021-08-23 00:14:49:77] <12414> DECRYPT OK
DEBUG	[2021-08-23 00:14:49:77] <12414> DECRYPT MSG:[<?xml version="1.0" encoding="UTF-8"?><CancelInfo>
<CancelDate>20210823</CancelDate>
<CancelTime>001449</CancelTime>
<ResultCode>120000</ResultCode>
<ResultMsg urlencode="1">%C1%A4%BB%F3%C3%B3%B8%AE%B5%C7%BE%FA%BD%C0%B4%CF%B4%D9.</ResultMsg>
</CancelInfo>]
INFO	[2021-08-23 00:14:49:77] <12414> DECRYPT PARSE OK
INFO	[2021-08-23 00:14:49:78] <12414> END cancel 정상처리되었습니다. Laptime:[0.251sec]
INFO	[2021-08-23 00:14:49:78] <12414> ===============================================================
INFO	[2021-08-23 14:59:23:796] <14262> START INIPHP cancel (V5036-141209)(OS:Linux2.6.32-754.11.1.el6.x86_64,PHP:5.3.3)
DEBUG	[2021-08-23 14:59:23:797] <14262> inipayhome:/home1/killdeal/public_html/shop/inicis
DEBUG	[2021-08-23 14:59:23:797] <14262> debug:false
DEBUG	[2021-08-23 14:59:23:797] <14262> type:cancel
DEBUG	[2021-08-23 14:59:23:797] <14262> mid:fourseason
DEBUG	[2021-08-23 14:59:23:797] <14262> admin:1111
DEBUG	[2021-08-23 14:59:23:797] <14262> tid:INIMX_CARDfourseason20210806144705545149
DEBUG	[2021-08-23 14:59:23:797] <14262> cancelmsg:쇼핑몰 운영자 승인 취소
INFO	[2021-08-23 14:59:23:797] <14262> Check Field OK
INFO	[2021-08-23 14:59:23:797] <14262> PI PUB KEY LOAD OK []
INFO	[2021-08-23 14:59:23:797] <14262> PG PUB KEY LOAD OK [30]
INFO	[2021-08-23 14:59:23:797] <14262> MERCHANT PRIV KEY LOAD OK
INFO	[2021-08-23 14:59:23:797] <14262> MERCHANT PUB KEY LOAD OK [0]
DEBUG	[2021-08-23 14:59:23:798] <14262> MAKE ENCRYPT OK[<?xml version="1.0" encoding="UTF-8"?>
<CancelInfo>
	  <CancelTID>INIMX_CARDfourseason20210806144705545149</CancelTID>
	  <CancelMsg urlencode="1">%BC%EE%C7%CE%B8%F4+%BF%EE%BF%B5%C0%DA+%BD%C2%C0%CE+%C3%EB%BC%D2</CancelMsg>
	  <CancelReason/></CancelInfo>]
INFO	[2021-08-23 14:59:23:798] <14262> MAKE BODY OK
INFO	[2021-08-23 14:59:23:798] <14262> SIGN OK
INFO	[2021-08-23 14:59:23:799] <14262> MAKE HEAD OK
INFO	[2021-08-23 14:59:23:799] <14262> MSG_TO_PG:[0096200175D SHA1                   0                                      300420fourseason                    INIMX_CARDfourseason20210806144705545149<?xml version="1.0" encoding="UTF-8"?>
<INIpay>
	  <CancelInfo>
	    <SessionKey>pVrSiisWOFr7/jjzqwn4Fp88y276BrgJ7arlBQZzMtPDP+LrtqER9nHNAdTxGFzd
R8hzi/ZlH+oyRIpoE3jO97vEVfY1M5tm9FT8rX+7JZKdHweiznPtu5daYpvZU1iv
IXp2crAaGZPGEdsVYRDc4mbyw1rLbM1ashxhN9L9Qi/A2ahH1iwSDg==
</SessionKey>
	    <Encrypted>Gwf6qukq2k2nWPahgPEC5iOEIA75nHWC8htDv1sPdypOMeXODAurovjwiZcrJ9+T
XKhlEKoc6JaPEE1ICOMyVqlW8ooEkLJGiE8+jyJ0z+CfqAT4LA30VsrRfIjYC4L+
1xCk5Qo/LPqueuspDwHU3VtKdeCm0QGprEUejgS0f7N7OMNN9uoq6IUtkt1ZSgWx
TeFWzs41t0Zhp7ge4YxmiHkP1MOXFpraZR8harY10SYbtWK1g3yZSfzKtFmmUve/
C6gYc6ywzdzsyxe+KUZ9467AkLmo9bDuQkyT7odeYYl4Rjd9omNmNfkh0o5mDIx1
t6pLwaTn8Dn+Rjwi1/d7bQ==
</Encrypted></CancelInfo>
	  <ReservedInfo>
	    <MReserved1/>
	    <MReserved2/>
	    <MReserved3/></ReservedInfo>
	  <ManageInfo>
	    <Language/>
	    <URL/>
	    <TXVersion>5036B141209canceLinux     PHPchkfake   2.6.32-754.11.1.el6.x86_64PHP:</TXVersion>
	    <TXUserID/>
	    <TXRegNum/></ManageInfo></INIpay>ABM6hz3vkD6z1yHH75b9eHWaQxlDIcnGpLOX/1rUZivVrj7ugaqgVnQgPCo47k5Z
0im9x3iAR+7pSDgk78k/aH/KGEmA6ju0Bi7TgKrzBWOk7h5AcyqOZoTS3XeLhKNF
RlW/nznVQzw2jaA+pxP9M/u6RWlfLMCUlQA8ryJmMUR0
]
INFO	[2021-08-23 14:59:23:799] <14262> DNS LOOKUP OK(203.238.37.3:203.238.37.3:34049) laptime:0
INFO	[2021-08-23 14:59:23:801] <14262> SOCKET CONNECT OK
INFO	[2021-08-23 14:59:23:801] <14262> SEND OK
INFO	[2021-08-23 14:59:24:863] <14262> RECV OK
INFO	[2021-08-23 14:59:24:863] <14262> MSG_FROM_PG:[0093300175D SHA1                   0                                      300430fourseason                    INIMX_CARDfourseason20210806144705545149<?xml version="1.0" encoding="UTF-8"?><INIpay>
<CancelInfo>
<ResultCode>120000</ResultCode>
<ResultMsg urlencode="1">%C1%A4%BB%F3%C3%B3%B8%AE%B5%C7%BE%FA%BD%C0%B4%CF%B4%D9.</ResultMsg>
<SessionKey>AAKIzAXgJGeDEt69ewDOzMjwELdUNY9yOb1ODi5nUID871FrZY5X2DuZWYy0PxCU
yGIKhq633p30N9LvxwvthqAjcWpYpoG73EMLuApYoetRZJxbgZTP2bHkcKCs1CL6
WfC1EGTrPitTKoU0977muvgSTr8GKVmsblm4kkpAIEGKhFTBFrfAnmU=
</SessionKey>
<Encrypted>viAPomtOsOBJ1lVquLLNbpb3lWNuWXS8pKHHsZROXCNZYknilZ1Ro6e+SvnjEyN4
mdfEs0duh5OTOQfsRf2Z21fBUJ0br4Ljn1BPeFVixvg852/L2Z3VwwW9CRd/xWfG
FLU18NxGroOEj4dDezi0jCFJne1tUUFvr/aOLvVgRNc67YDqTd6hNZW8LMqkgmep
e7SvyfNqJ71XhG37xfo5nNQXT3JwJyvWF85oCMvWadCK4E8tV+WalRQUr1YzBcYi
C3IjWa8PtCInavUJod5YntIsLrW03tOmtXAKLQDtpdvO9LfZCcq8HiKrkMKhXrz+
rOycX7Uayon2JBwonD9ukDHd9az9nxWF
</Encrypted>
</CancelInfo>
<ManageInfo/>
<ReservedInfo>
<MReserved1 urlencode="1"/>
<MReserved2 urlencode="1"/>
<MReserved3 urlencode="1"/>
</ReservedInfo>
</INIpay>
yo5xm/hX3earKQpfF71S/1eRZPzZHWk8EnXENZImdRGhtUzMsqCGjDT8JqiNYVSi
fIZbWatSGMcr3GIgE5KgEFvdgMMrYk9cIQA9owZBnRd3wDxQylj9R6PKOMbNcGlf
SSDWYQPUZetrKDWUjrMssVwan04abb/6W5oky2HZ/Es=
]
INFO	[2021-08-23 14:59:24:863] <14262> VERIFY OK
INFO	[2021-08-23 14:59:24:863] <14262> PARSE HEAD OK
INFO	[2021-08-23 14:59:24:863] <14262> PARSE BODY OK
INFO	[2021-08-23 14:59:24:864] <14262> DECRYPT OK
DEBUG	[2021-08-23 14:59:24:864] <14262> DECRYPT MSG:[<?xml version="1.0" encoding="UTF-8"?><CancelInfo>
<CancelDate>20210823</CancelDate>
<CancelTime>145924</CancelTime>
<ResultCode>120000</ResultCode>
<ResultMsg urlencode="1">%C1%A4%BB%F3%C3%B3%B8%AE%B5%C7%BE%FA%BD%C0%B4%CF%B4%D9.</ResultMsg>
</CancelInfo>]
INFO	[2021-08-23 14:59:24:864] <14262> DECRYPT PARSE OK
INFO	[2021-08-23 14:59:24:864] <14262> END cancel 정상처리되었습니다. Laptime:[1.068sec]
INFO	[2021-08-23 14:59:24:864] <14262> ===============================================================
INFO	[2021-08-23 16:20:31:868] <13623> START INIPHP cancel (V5036-141209)(OS:Linux2.6.32-754.11.1.el6.x86_64,PHP:5.3.3)
DEBUG	[2021-08-23 16:20:31:868] <13623> inipayhome:/home1/killdeal/public_html/shop/inicis
DEBUG	[2021-08-23 16:20:31:868] <13623> debug:false
DEBUG	[2021-08-23 16:20:31:868] <13623> type:cancel
DEBUG	[2021-08-23 16:20:31:868] <13623> mid:fourseason
DEBUG	[2021-08-23 16:20:31:868] <13623> admin:1111
DEBUG	[2021-08-23 16:20:31:868] <13623> tid:StdpayCARDfourseason20210818205732763468
DEBUG	[2021-08-23 16:20:31:868] <13623> cancelmsg:쇼핑몰 운영자 승인 취소
INFO	[2021-08-23 16:20:31:868] <13623> Check Field OK
INFO	[2021-08-23 16:20:31:868] <13623> PI PUB KEY LOAD OK []
INFO	[2021-08-23 16:20:31:868] <13623> PG PUB KEY LOAD OK [30]
INFO	[2021-08-23 16:20:31:868] <13623> MERCHANT PRIV KEY LOAD OK
INFO	[2021-08-23 16:20:31:868] <13623> MERCHANT PUB KEY LOAD OK [0]
DEBUG	[2021-08-23 16:20:31:869] <13623> MAKE ENCRYPT OK[<?xml version="1.0" encoding="UTF-8"?>
<CancelInfo>
	  <CancelTID>StdpayCARDfourseason20210818205732763468</CancelTID>
	  <CancelMsg urlencode="1">%BC%EE%C7%CE%B8%F4+%BF%EE%BF%B5%C0%DA+%BD%C2%C0%CE+%C3%EB%BC%D2</CancelMsg>
	  <CancelReason/></CancelInfo>]
INFO	[2021-08-23 16:20:31:869] <13623> MAKE BODY OK
INFO	[2021-08-23 16:20:31:869] <13623> SIGN OK
INFO	[2021-08-23 16:20:31:869] <13623> MAKE HEAD OK
INFO	[2021-08-23 16:20:31:869] <13623> MSG_TO_PG:[0096200175D SHA1                   0                                      300420fourseason                    StdpayCARDfourseason20210818205732763468<?xml version="1.0" encoding="UTF-8"?>
<INIpay>
	  <CancelInfo>
	    <SessionKey>kbwtVmpmZLdWl1S8ysKIa+TV3oeRK6z4/NPe3ea7c6JT11b/OqrNbTYIFM3e7A+/
oRs+jhoLVTuoyBOQISHCz0N7rBoU4Pb9pUbdwPGMsKVWtO0op1r1KSBg9lMfD3KJ
SzzPERywVCxpWGDZKwJxigV29ssVqiYOVQ0uVf4wukEVBClr0brXjg==
</SessionKey>
	    <Encrypted>0pZ1VMyMaxMaDp6OdraN6fOzLa6mwYcAmF5V6bFuJTS1fyfdaHh9chQ0dJZ1D2j4
CKYCZ7EvzeY2dlibd91JdSTcHE1psthOdcdSHcr+IZMK/yGR2KLKO6BzbV/r2kSf
7jzjEC9n02a8qLTAPa5idcRQlUzDXbocX7ATua1cslm+rS7qwdwmBGKMTYxn/LHw
eWDUHGb48n3Pg+cu70KDQbp/6mIyy7ck0fbIYro5HdHOwC+rqnumB92YqVg2OnXR
V/Oiq7GopWa17Ei3d+VMDTyhlDAHTZ0bjC9HjM+UKNkjeUL34bD64bucjAhmpQdC
kpz3ZIiMLinq4J6zRm47xA==
</Encrypted></CancelInfo>
	  <ReservedInfo>
	    <MReserved1/>
	    <MReserved2/>
	    <MReserved3/></ReservedInfo>
	  <ManageInfo>
	    <Language/>
	    <URL/>
	    <TXVersion>5036B141209canceLinux     PHPchkfake   2.6.32-754.11.1.el6.x86_64PHP:</TXVersion>
	    <TXUserID/>
	    <TXRegNum/></ManageInfo></INIpay>ADMMnbbWRRk+qjyqFpcKicwHnkS5hppdNDuM+IQP0Bogsqi4Ue8RCoDahGyl5NUb
SLjKdQHEt6WOfPOMybmk/B6M0uViQZLLohTBe5QeOQXy4mr+ViGpSAYj8Nn2oKrF
wKzym1hbKyS0/uvaHr8dNNpB5fbrDN7LFe4TKtJqi0aW
]
INFO	[2021-08-23 16:20:31:870] <13623> DNS LOOKUP OK(203.238.37.3:203.238.37.3:34049) laptime:0
INFO	[2021-08-23 16:20:31:872] <13623> SOCKET CONNECT OK
INFO	[2021-08-23 16:20:31:872] <13623> SEND OK
INFO	[2021-08-23 16:20:32:103] <13623> RECV OK
INFO	[2021-08-23 16:20:32:103] <13623> MSG_FROM_PG:[0093300175D SHA1                   0                                      300430fourseason                    StdpayCARDfourseason20210818205732763468<?xml version="1.0" encoding="UTF-8"?><INIpay>
<CancelInfo>
<ResultCode>120000</ResultCode>
<ResultMsg urlencode="1">%C1%A4%BB%F3%C3%B3%B8%AE%B5%C7%BE%FA%BD%C0%B4%CF%B4%D9.</ResultMsg>
<SessionKey>ABe9ERZKQCah6IJyKBP8r6pEGJtRR8o3XYLB3Ojh7jVlXT+mklRCGh09xDDAGfuf
Yt1Fwxfj5+WIk+4tBrJRkwQ7X/+51x3QyOyfSZYR/VZZqE4vYy5Phcw4quHhQGNE
Olq0ZtCgdoYFb0UGdFDC5MVPGFQVKuyU4p5MZG8dD297bsfZXhY6v4k=
</SessionKey>
<Encrypted>lxAD9wXW7dkKs7I0r4O6faSkf7J/bvCDYBPwMnk2KwZGu01zv9QAWWtTIDBgHR8Q
MJ2s2pYEXHQBje8FmXA3dB5P4pdTFNAJ5Hm0Yjpdwx06XTiR4T9L84gBD11Bsj9b
mASdf5XK9N6Nu8+4z5YVAM0GiwW7w3gvLCTKEB4ZKH76ogoto9sWiCqm+RhyaIou
zL7Ljto0cTOu6WFqUL6NIi94VyKzPkTY6gemX2WQrryS1cwVxzdLZt9pkR/Eu+gy
p612b1NwPjHU9kC5AuPoLmvGP8EkZ5Sr0zuSIHjjzkBOPQWNoSxJIb7J/D+fEf3y
cRdIcWU9S+Ot1DGwFQ3EwjqPhDtr2QFD
</Encrypted>
</CancelInfo>
<ManageInfo/>
<ReservedInfo>
<MReserved1 urlencode="1"/>
<MReserved2 urlencode="1"/>
<MReserved3 urlencode="1"/>
</ReservedInfo>
</INIpay>
YwzAnuIil6BwCENr2LK6KULtOfZUNls36pU+3DyfUom69igsvSeVQxogSRFGQ0P7
Il1IjGYQHMjNZGysKlRNEPnrwOYLXY2MELhkZ1H/mRMea7801FMHt+JVaC+9g+uD
Z70qa0iG5JOcWtzNSQbHH4sSBUzHoa5z+QSMYbbnfL4=
]
INFO	[2021-08-23 16:20:32:103] <13623> VERIFY OK
INFO	[2021-08-23 16:20:32:103] <13623> PARSE HEAD OK
INFO	[2021-08-23 16:20:32:104] <13623> PARSE BODY OK
INFO	[2021-08-23 16:20:32:104] <13623> DECRYPT OK
DEBUG	[2021-08-23 16:20:32:104] <13623> DECRYPT MSG:[<?xml version="1.0" encoding="UTF-8"?><CancelInfo>
<CancelDate>20210823</CancelDate>
<CancelTime>162032</CancelTime>
<ResultCode>120000</ResultCode>
<ResultMsg urlencode="1">%C1%A4%BB%F3%C3%B3%B8%AE%B5%C7%BE%FA%BD%C0%B4%CF%B4%D9.</ResultMsg>
</CancelInfo>]
INFO	[2021-08-23 16:20:32:104] <13623> DECRYPT PARSE OK
INFO	[2021-08-23 16:20:32:104] <13623> END cancel 정상처리되었습니다. Laptime:[0.237sec]
INFO	[2021-08-23 16:20:32:104] <13623> ===============================================================
