INFO	[2023-09-24 15:49:17:862] <12684> START INIPHP cancel (V5036-141209)(OS:Linux2.6.32-754.11.1.el6.x86_64,PHP:5.3.3)
DEBUG	[2023-09-24 15:49:17:862] <12684> inipayhome:/home1/killdeal/public_html/shop/inicis
DEBUG	[2023-09-24 15:49:17:862] <12684> debug:false
DEBUG	[2023-09-24 15:49:17:862] <12684> type:cancel
DEBUG	[2023-09-24 15:49:17:862] <12684> mid:majorgol03
DEBUG	[2023-09-24 15:49:17:862] <12684> admin:1111
DEBUG	[2023-09-24 15:49:17:862] <12684> tid:INIMX_VBNKmajorgol0320230924154845585297
DEBUG	[2023-09-24 15:49:17:862] <12684> cancelmsg:주문자 본인 취소-상품옵션 선택 잘못함
INFO	[2023-09-24 15:49:17:862] <12684> Check Field OK
INFO	[2023-09-24 15:49:17:862] <12684> PI PUB KEY LOAD OK []
INFO	[2023-09-24 15:49:17:863] <12684> PG PUB KEY LOAD OK [30]
INFO	[2023-09-24 15:49:17:863] <12684> MERCHANT PRIV KEY LOAD OK
INFO	[2023-09-24 15:49:17:863] <12684> MERCHANT PUB KEY LOAD OK [0]
DEBUG	[2023-09-24 15:49:17:863] <12684> MAKE ENCRYPT OK[<?xml version="1.0" encoding="UTF-8"?>
<CancelInfo>
	  <CancelTID>INIMX_VBNKmajorgol0320230924154845585297</CancelTID>
	  <CancelMsg urlencode="1">%C1%D6%B9%AE%C0%DA+%BA%BB%C0%CE+%C3%EB%BC%D2-%BB%F3%C7%B0%BF%C9%BC%C7+%BC%B1%C5%C3+%C0%DF%B8%F8%C7%D4</CancelMsg>
	  <CancelReason/></CancelInfo>]
INFO	[2023-09-24 15:49:17:864] <12684> MAKE BODY OK
INFO	[2023-09-24 15:49:17:864] <12684> SIGN OK
INFO	[2023-09-24 15:49:17:864] <12684> MAKE HEAD OK
INFO	[2023-09-24 15:49:17:864] <12684> MSG_TO_PG:[0101500175D SHA1                   0                                      300420majorgol03                    INIMX_VBNKmajorgol0320230924154845585297<?xml version="1.0" encoding="UTF-8"?>
<INIpay>
	  <CancelInfo>
	    <SessionKey>1H0lQXcl2Mq3DlqIAJBiAgFUoqJtPAQ93ee0c0YO1k0p5Nmqtxb/HaLfzzBHCd8B
FcUPakVTq7VL6eg8xYWVfoO5IL+NoyLitQVgLYtc29R94SKaGWpgHrtk7Jmld6Ds
RgDbwDwlB1vBo5ysN1OqqVGTLTHYaX+19RJ/77m/74HqHCZWqEyAZQ==
</SessionKey>
	    <Encrypted>zbyXSB63nzrn7cZgrvySGCxybOaQKv+mNVPHHnbEvIAzlPflu8p+xgbHfa72jsgt
Y3GNy85NoFLp6mqdQRTCqyFbpIde3viXV72mdE+yU5JFiB9ltgab1+jFgy2ub2ml
3ocrfwbQhCPOzZ/35y/o9xJhZ9jCcyyxPF3bf2Ox2D4+mnuD+8TtlkmAyyn0LT30
maAjQCi8SclUIig842me/X195mB40V9RI1sQuIqWKOxmpIAe1NHjzlJmMNnsI66Y
lkP791W5xpOnt0eaqnWwAR8Jdhpl4CCAVgdkYkwBGczLafdPPTYsJ+1UnROelFWe
PGOzkgIN+rdVZOvFd442v5EDrgBTYM5l5BpiYKWmHMs97wdiljzBAEnFsykAxDE/
QGOECjuIOA8=
</Encrypted></CancelInfo>
	  <ReservedInfo>
	    <MReserved1/>
	    <MReserved2/>
	    <MReserved3/></ReservedInfo>
	  <ManageInfo>
	    <Language/>
	    <URL/>
	    <TXVersion>5036B141209canceLinux     PHPchkfake   2.6.32-754.11.1.el6.x86_64PHP:</TXVersion>
	    <TXUserID/>
	    <TXRegNum/></ManageInfo></INIpay>AGSuiYqEhBQd4is9y0Bt5kI7U4+rpw3pBpgJeJOHtBQMKHkDbd1UYrVKp85rQXa+
ke1u+n00uyaNMhohdZeeRXvwTmYzylehGZ2JVeAUSfltEbXju4dXTX558QfGCHDO
q94zAXqQPecUKmWjZwQKh2jx0g0jwt7B/pKAMXDKE2La
]
INFO	[2023-09-24 15:49:17:864] <12684> DNS LOOKUP OK(203.238.37.3:203.238.37.3:34049) laptime:0
INFO	[2023-09-24 15:49:17:866] <12684> SOCKET CONNECT OK
INFO	[2023-09-24 15:49:17:866] <12684> SEND OK
INFO	[2023-09-24 15:49:17:986] <12684> RECV OK
INFO	[2023-09-24 15:49:17:986] <12684> MSG_FROM_PG:[0123800175D SHA1                   0                                      300430majorgol03                    INIMX_VBNKmajorgol0320230924154845585297<?xml version="1.0" encoding="UTF-8"?><INIpay>
<CancelInfo>
<ResultCode>170000</ResultCode>
<ResultMsg urlencode="1">%C1%A4%BB%F3%C3%B3%B8%AE%B5%C7%BE%FA%BD%C0%B4%CF%B4%D9.</ResultMsg>
<SessionKey>AR/OOFFRlg25tPB1VWY3m5LNcl5E40AfWOMqB2MsTnOC9jCZbZYV3Q++G0dh0seB
B2O6LP6Gl9ywzs4NUB8E+J7AH6HI4Hq/F04iBwc5W/NJfP5fvtJghl7SnYikCVyg
8p9LwmF2AP8NiQRm6OGP/Y8la5ogZqkQm7o/e2zzWMMLeucNdmrvXVc=
</SessionKey>
<Encrypted>6zd0gQqL3A743X4B/KPf6vPNqZFvQ93X84voTOnFK6Su1DQf3MJlfoq6LeeI4xSY
QgfpjAwrbbL1jjcxt1UbMrOLnkMyXH3tk/BIRBN8A4BRmKLOdRvzu3gH59S3U6xN
guugl36e+h0hZ+nGwoWJ0QbzyEzmMcyweoilBVyCcjzNOu5QaZSEilsE656O0hKU
3eaIRcJgcOiUUFiglMfUlkJ9jVaEdsz5amply+3o4Qwt4Izl00aDf8SNSrQ36WGB
URPuqdEVFlL6RlKISxT/P2G2y6+Y70n8O7zhwrDlEK6F6iMGs9hHbGvQGgsaZe0M
QvKDSg/hj1PtzNCI9A5WuUh529n7zt5n7Lapk947urYBVFfcXVxNLE8x8FyWVwdO
P4N548Ewi1T4EghLFPFZItplxQHtlhkoWvv7v7TPbHywTr8Jh09thVUQLwaONM7R
kYxNDWGwDDY5ChMRk87PNC1H26Nn6oJDC57gVYHPLQSKZG5jDaEcTBkxGDuyG8C0
eGwJViJwpdBuLVTNRMMqOw4BpjHgn4f9I29sQfX/ZQrT2j8+YlKCMogfOXgeCIYR
Ne3NCs5xltxRmEe2EsF3U5taSZcbdlAAp7mvEoO8dsu70oy0gMoila03+8urqynT
T8MiNZCdxd4=
</Encrypted>
</CancelInfo>
<ManageInfo/>
<ReservedInfo>
<MReserved1 urlencode="1"/>
<MReserved2 urlencode="1"/>
<MReserved3 urlencode="1"/>
</ReservedInfo>
</INIpay>
udsgSS4npQNFSEpXUkDZKAjopzcA5NYzRUg+lmVGGNWfqBQ6geVSWQYZxXwgHKxg
vEaYjl0g4tFIC6V065ix6WbGgObwkBegeTwNOVnOkmf1ccjyfWEJfO3iA4yWtcMP
F1Z4z7aRDXhPanAB9aBPJuGMvpXqpdKnenqC0T+7ITs=
]
INFO	[2023-09-24 15:49:17:986] <12684> VERIFY OK
INFO	[2023-09-24 15:49:17:986] <12684> PARSE HEAD OK
INFO	[2023-09-24 15:49:17:987] <12684> PARSE BODY OK
INFO	[2023-09-24 15:49:17:988] <12684> DECRYPT OK
DEBUG	[2023-09-24 15:49:17:988] <12684> DECRYPT MSG:[<?xml version="1.0" encoding="UTF-8"?><CancelInfo>
<CancelDate>20230924</CancelDate>
<CancelTime>154919</CancelTime>
<ResultCode>170000</ResultCode>
<ResultMsg urlencode="1">%C1%A4%BB%F3%C3%B3%B8%AE%B5%C7%BE%FA%BD%C0%B4%CF%B4%D9.</ResultMsg>
<CSHR_CancelDate>20230924</CSHR_CancelDate>
<CSHR_CancelTime>154919</CSHR_CancelTime>
<CSHR_ResultCode>220000</CSHR_ResultCode>
<CSHR_ResultMsg urlencode="1">%C1%A4%BB%F3%C3%B3%B8%AE%B5%C7%BE%FA%BD%C0%B4%CF%B4%D9.</CSHR_ResultMsg>
</CancelInfo>]
INFO	[2023-09-24 15:49:17:988] <12684> DECRYPT PARSE OK
INFO	[2023-09-24 15:49:17:988] <12684> END cancel 정상처리되었습니다. Laptime:[0.126sec]
INFO	[2023-09-24 15:49:17:988] <12684> ===============================================================
