INFO	[2020-11-26 00:53:20:202] <17797> START INIPHP cancel (V5036-141209)(OS:Linux2.6.32-754.11.1.el6.x86_64,PHP:5.3.3)
DEBUG	[2020-11-26 00:53:20:202] <17797> inipayhome:/home1/killdeal/public_html/shop/inicis
DEBUG	[2020-11-26 00:53:20:202] <17797> debug:false
DEBUG	[2020-11-26 00:53:20:202] <17797> type:cancel
DEBUG	[2020-11-26 00:53:20:202] <17797> mid:majorgol03
DEBUG	[2020-11-26 00:53:20:202] <17797> admin:1111
DEBUG	[2020-11-26 00:53:20:202] <17797> tid:INIMX_CARDmajorgol0320201126002738245689
DEBUG	[2020-11-26 00:53:20:202] <17797> cancelmsg:주문자 본인 취소-상품옵션 선택 잘못함
INFO	[2020-11-26 00:53:20:202] <17797> Check Field OK
INFO	[2020-11-26 00:53:20:202] <17797> PI PUB KEY LOAD OK []
INFO	[2020-11-26 00:53:20:202] <17797> PG PUB KEY LOAD OK [30]
INFO	[2020-11-26 00:53:20:202] <17797> MERCHANT PRIV KEY LOAD OK
INFO	[2020-11-26 00:53:20:202] <17797> MERCHANT PUB KEY LOAD OK [0]
DEBUG	[2020-11-26 00:53:20:203] <17797> MAKE ENCRYPT OK[<?xml version="1.0" encoding="UTF-8"?>
<CancelInfo>
	  <CancelTID>INIMX_CARDmajorgol0320201126002738245689</CancelTID>
	  <CancelMsg urlencode="1">%C1%D6%B9%AE%C0%DA+%BA%BB%C0%CE+%C3%EB%BC%D2-%BB%F3%C7%B0%BF%C9%BC%C7+%BC%B1%C5%C3+%C0%DF%B8%F8%C7%D4</CancelMsg>
	  <CancelReason/></CancelInfo>]
INFO	[2020-11-26 00:53:20:203] <17797> MAKE BODY OK
INFO	[2020-11-26 00:53:20:204] <17797> SIGN OK
INFO	[2020-11-26 00:53:20:204] <17797> MAKE HEAD OK
INFO	[2020-11-26 00:53:20:204] <17797> MSG_TO_PG:[0101500175D SHA1                   0                                      300420majorgol03                    INIMX_CARDmajorgol0320201126002738245689<?xml version="1.0" encoding="UTF-8"?>
<INIpay>
	  <CancelInfo>
	    <SessionKey>kZYV4dI8K7cEMLmvB2Mz8IxnukepX5vlMQBMfMIjPIVzvwYeQ5cJwAxWvKeMsq4y
5Aes6SGUh+JUUlsx8JWThPuEqJ1Ih3cx2xmyPAmBjJ+0Wt8PLphGhhueN6y//4dP
dyPfM8wujV2qEemr1veGwdvrCBXlEEBi3wJgCWBANxSz0E+TYLP+CA==
</SessionKey>
	    <Encrypted>M7hnpVgyVnhPf33L7lzAVp3v0Q9OTSh6CDKewAxOrf4wWSE86aozuTIRougaZpPl
cWHHvQ0ToAWsXj4X+W4rp0K7rAHTcCwEc/XYtP3gnZSNB7p9U4WUqYvYYjp3nNJa
/+d3J9A/w4R+3iUl2aspeCvlr1hmuDijZHNGV6UNmH8g53wt/efWV+n+9TdySSbW
7TFoW9CCzJ9sugGZLwC7vntuqWNyfaWG+0UN3OweAQ0gz+tVM6ejZL57CnQoo828
TcgyYeZdc2miieqqAJs9Sr8WMAkL+0SOux95OjuzXyrR3nWV6IohG55pbd1CDc7q
9JK1uv77A2btcl62ydutTnw/LoUnP9qGzcxXEmQ+VXbL67pYutfqaU8gJ81juL+h
htAB+X7b9gY=
</Encrypted></CancelInfo>
	  <ReservedInfo>
	    <MReserved1/>
	    <MReserved2/>
	    <MReserved3/></ReservedInfo>
	  <ManageInfo>
	    <Language/>
	    <URL/>
	    <TXVersion>5036B141209canceLinux     PHPchkfake   2.6.32-754.11.1.el6.x86_64PHP:</TXVersion>
	    <TXUserID/>
	    <TXRegNum/></ManageInfo></INIpay>AFono2hNIKX9/J+C+yzO5a3R7VDVslo2khzCqJ0bg4nWNpCM6QSWJHMY3fiPJdSw
1mOlfMwEL9y/IoEtEtAjgI9Ux4Kv1r7UinsJN7wXc5lUqmBZbl1BxYv0OM70x6zI
U8qU3zJIigQ5VfsDZ6TXY8EpeGLq+kRnqVm2t2Y8BCnu
]
INFO	[2020-11-26 00:53:20:204] <17797> DNS LOOKUP OK(203.238.37.3:203.238.37.3:34049) laptime:0
INFO	[2020-11-26 00:53:20:206] <17797> SOCKET CONNECT OK
INFO	[2020-11-26 00:53:20:206] <17797> SEND OK
INFO	[2020-11-26 00:53:20:765] <17797> RECV OK
INFO	[2020-11-26 00:53:20:765] <17797> MSG_FROM_PG:[0115800175D SHA1                   0                                      300430majorgol03                    INIMX_CARDmajorgol0320201126002738245689<?xml version="1.0" encoding="UTF-8"?>
<INIpay>
  <CancelInfo>
    <ResultCode>120000</ResultCode>
    <ResultMsg urlencode="1">%C1%A4%BB%F3%C3%B3%B8%AE%B5%C7%BE%FA%BD%C0%B4%CF%B4%D9.</ResultMsg>
    <SessionKey>APEGmCmi6T1rlxeONtEpNkSqeZ/8PxCDdqHr9cJe5NDBJ6Fau79BaVVChtli1ZFR
h7TBiqlTbRQowj4dLhx5+Xw3AHbHo34+ph43nhW88kA8UX+vGbJ8mGOlBtdNFWbN
F5F3QoRn4rq1aQSsLwuzcXH8GwHzL5kU6L+MNJz4qklQCERFg1fcXh0=
</SessionKey>
    <Encrypted>7pyoCy5mBrQ/D78Gel5xL+H08u+eyZ/TXefctWHMUr5bYNlp8vyibwzkyy2jww1H
KQ7F1lbNe86HHGyoJRqOCoVuj9IpcszAZn6MwZl81h8V+BW9xrXLiJ5nJ1fdj02k
xrIkC9r9RX3qGtQDa4QkNqvZ+K47f//exAFga0DOE4BE0Y/O2LUK7LYfLCNwADsX
nZA6BhBp3Pl7D4jwqWg//veP6kjPG7PgsbhO+gmrGVsvMXCa8GkRGen/QjfVlVcM
+snNKIosouERVyVl02qPAQtfeUgQCH0998eHs/GIhni5ofACJkVVIBLbLe6Mku9n
bYCxV9H4L0CNa1z/pcGiBhynDDeNz5zUJc40wr6hM+E=
</Encrypted>
  </CancelInfo>
  <ManageInfo/>
  <ReservedInfo>
    <MReserved1 urlencode="1"></MReserved1>
    <MReserved2 urlencode="1"></MReserved2>
    <MReserved3 urlencode="1"></MReserved3>
    <PGReserved1 urlencode="1"></PGReserved1>
    <PGReserved2 urlencode="1"></PGReserved2>
    <PGReserved3 urlencode="1"></PGReserved3>
  </ReservedInfo>
</INIpay>
FjC/564tafsAU7/Bprr8uAR904CXu7XU8QDIYhhhO6RmudOl9NTtNaX0lv0FG/U6
cGUGovO4tVkriIL+OkfNZJEYGkh0pCnGXZEjxQYx+0Pfa/3ePLOHoBkp8zAaDbPt
tWqxBJytFv0QRDUls7ifrxvTrm01djsolN1fSM6IwNg=
]
INFO	[2020-11-26 00:53:20:765] <17797> VERIFY OK
INFO	[2020-11-26 00:53:20:765] <17797> PARSE HEAD OK
INFO	[2020-11-26 00:53:20:765] <17797> PARSE BODY OK
INFO	[2020-11-26 00:53:20:766] <17797> DECRYPT OK
DEBUG	[2020-11-26 00:53:20:766] <17797> DECRYPT MSG:[<?xml version="1.0" encoding="UTF-8"?>
<CancelInfo>
  <CancelDate>20201126</CancelDate>
  <CancelTime>005320</CancelTime>
  <ResultCode>120000</ResultCode>
  <ResultMsg urlencode="1">%C1%A4%BB%F3%C3%B3%B8%AE%B5%C7%BE%FA%BD%C0%B4%CF%B4%D9.</ResultMsg>
</CancelInfo>]
INFO	[2020-11-26 00:53:20:766] <17797> DECRYPT PARSE OK
INFO	[2020-11-26 00:53:20:766] <17797> END cancel 정상처리되었습니다. Laptime:[0.564sec]
INFO	[2020-11-26 00:53:20:766] <17797> ===============================================================
INFO	[2020-11-26 11:23:08:288] <17799> START INIPHP cancel (V5036-141209)(OS:Linux2.6.32-754.11.1.el6.x86_64,PHP:5.3.3)
DEBUG	[2020-11-26 11:23:08:288] <17799> inipayhome:/home1/killdeal/public_html/shop/inicis
DEBUG	[2020-11-26 11:23:08:288] <17799> debug:false
DEBUG	[2020-11-26 11:23:08:288] <17799> type:cancel
DEBUG	[2020-11-26 11:23:08:288] <17799> mid:majorgol03
DEBUG	[2020-11-26 11:23:08:288] <17799> admin:1111
DEBUG	[2020-11-26 11:23:08:288] <17799> tid:INIMX_ISP_majorgol0320201120131743605023
DEBUG	[2020-11-26 11:23:08:288] <17799> cancelmsg:쇼핑몰 운영자 승인 취소
INFO	[2020-11-26 11:23:08:288] <17799> Check Field OK
INFO	[2020-11-26 11:23:08:288] <17799> PI PUB KEY LOAD OK []
INFO	[2020-11-26 11:23:08:288] <17799> PG PUB KEY LOAD OK [30]
INFO	[2020-11-26 11:23:08:289] <17799> MERCHANT PRIV KEY LOAD OK
INFO	[2020-11-26 11:23:08:289] <17799> MERCHANT PUB KEY LOAD OK [0]
DEBUG	[2020-11-26 11:23:08:289] <17799> MAKE ENCRYPT OK[<?xml version="1.0" encoding="UTF-8"?>
<CancelInfo>
	  <CancelTID>INIMX_ISP_majorgol0320201120131743605023</CancelTID>
	  <CancelMsg urlencode="1">%BC%EE%C7%CE%B8%F4+%BF%EE%BF%B5%C0%DA+%BD%C2%C0%CE+%C3%EB%BC%D2</CancelMsg>
	  <CancelReason/></CancelInfo>]
INFO	[2020-11-26 11:23:08:290] <17799> MAKE BODY OK
INFO	[2020-11-26 11:23:08:290] <17799> SIGN OK
INFO	[2020-11-26 11:23:08:290] <17799> MAKE HEAD OK
INFO	[2020-11-26 11:23:08:290] <17799> MSG_TO_PG:[0096200175D SHA1                   0                                      300420majorgol03                    INIMX_ISP_majorgol0320201120131743605023<?xml version="1.0" encoding="UTF-8"?>
<INIpay>
	  <CancelInfo>
	    <SessionKey>aA0P612hTNaraYIu8XtfEl0jjFX8/KgRch9EhYZAYI4ZAXP/2RMVH5Z85w/2HMvI
SIUXo7n7xr1xp/4oD1j//YcoPg1OswM0bNx08yagMALD4EYCKgOOs/wtUJXFqWNn
6CRb6TwNMWlwm8O8hZIeGIM/7tYOSlHwUOu0vXo/MJDUE0SsAPMVFg==
</SessionKey>
	    <Encrypted>roIU245aADF+tVu9KqW9tVdqgDQF4XcYKEEglS/1mTYoSvrh+oMnw3iupzJjhpsp
eWDFBkdFXT4Ty9qqiPplzc/FgcznDKBaGl4tR984nmaOIYFFwzLt+/ZOAoZz6TUz
y+56teMI0hnm+hkbMyfUU2hJfY/AryoNWm4Q1d077AkeJVeEDf954ZXT6pQq3jjf
szMI1jMkU+fxB21THN1tML6fKXTGxVvR0a7azBl3NzT9sG28DYqMab5WdWvym5NB
qRTJ8Q+vSDTMg07JLbDm+RC1PW/JMOg0Cfg7O4JJrWsdV0Czk/HUwFgHBcv1tKcL
ZlLYDAwbX0E3FCpkRvRmyg==
</Encrypted></CancelInfo>
	  <ReservedInfo>
	    <MReserved1/>
	    <MReserved2/>
	    <MReserved3/></ReservedInfo>
	  <ManageInfo>
	    <Language/>
	    <URL/>
	    <TXVersion>5036B141209canceLinux     PHPchkfake   2.6.32-754.11.1.el6.x86_64PHP:</TXVersion>
	    <TXUserID/>
	    <TXRegNum/></ManageInfo></INIpay>AFAVZfK5aUhG/UE1a2bdsEHpJ/g+s1gEfq3lV6y/i9p4TdWWRSL6bPhTmx/DMu1T
5Mfyj4+m4uIv2Jzk/wYH3mZTGVjnQwdNMvOOZNGGrGtyXB/YnArqSkvdT+orR6hK
RwqCzZZjSW8pgtGp+fixfEf1EXdyQvUiHzaJ0ipd6yKm
]
INFO	[2020-11-26 11:23:08:290] <17799> DNS LOOKUP OK(203.238.37.3:203.238.37.3:34049) laptime:0
INFO	[2020-11-26 11:23:08:293] <17799> SOCKET CONNECT OK
INFO	[2020-11-26 11:23:08:293] <17799> SEND OK
INFO	[2020-11-26 11:23:08:552] <17799> RECV OK
INFO	[2020-11-26 11:23:08:552] <17799> MSG_FROM_PG:[0086100175D SHA1                   0                                      300430majorgol03                    INIMX_ISP_majorgol0320201120131743605023<?xml version="1.0" encoding="UTF-8"?><INIpay>
<CancelInfo>
<ResultCode>170000</ResultCode>
<ResultMsg urlencode="1">%C1%A4%BB%F3%BF%CF%B7%E1</ResultMsg>
<SessionKey>AB5xdlysxjYg3Y9teRXhrLmvdjwCkfq7fpCGJc0qr2gjd8CnMUh0Ee7YHYHtFLXQ
y4QB/vHGVaDmE4oSsaGSRmKXe/9tmYouZBYbQsAuz0K8icKiOZUyIIHGGiQTGCDy
NPpGWc5VLKv/4dlahqzr4oZOdWLHKZqBhM9VJFbANm3dr/W8gj1jY4k=
</SessionKey>
<Encrypted>YxoejG+nKHTVM8Q+hSuONP5sZCTgSZC+sCw09M518IMKkYevBEa6qkls83vnEwrT
GHtjNxo/bexYK8cM942GtOL08m0m/eGxh0MbK4di3CNSI3hWduF1Y4T6G1CchNws
TfsE+4hAL44ptih714l8GBI9dAlJuSeRuWlqJFq14nY/OBYhrYvrwcKdrQV/IVMH
LQIRn7mMADzIwvnbKdFXjLxuUxJ5PPBWCCbqBlNtL5J1Oe9arcFNSl+d1gImcIUi
N8FVwyOyk7bUqvsY4AAAGWgSaV0rUxRWfUIyhVrFaSkvfOVu/C5mQQ==
</Encrypted>
</CancelInfo>
<ManageInfo/>
<ReservedInfo>
<MReserved1 urlencode="1"/>
<MReserved2 urlencode="1"/>
<MReserved3 urlencode="1"/>
</ReservedInfo>
</INIpay>
0v8Zmz9+h/qAh2RbeklPSsCYmRyWezkcQsoqy3EW6uHZyuoOt/N0arkSP4mSVtyO
60G8N7fe4expUa7poONrEcnbLhb4t+I6T6scrUuHD4xS80VOuJmYV6UR3gMxW3K+
r9p7un2fvBeU9GrmVhkEjnUQDm0Itb+sgJaF0qr1ttM=
]
INFO	[2020-11-26 11:23:08:552] <17799> VERIFY OK
INFO	[2020-11-26 11:23:08:552] <17799> PARSE HEAD OK
INFO	[2020-11-26 11:23:08:553] <17799> PARSE BODY OK
INFO	[2020-11-26 11:23:08:553] <17799> DECRYPT OK
DEBUG	[2020-11-26 11:23:08:553] <17799> DECRYPT MSG:[<?xml version="1.0" encoding="UTF-8"?><CancelInfo>
<CancelDate>20201126</CancelDate>
<CancelTime>112308</CancelTime>
<ResultCode>170000</ResultCode>
<ResultMsg urlencode="1">%C1%A4%BB%F3%BF%CF%B7%E1</ResultMsg>
</CancelInfo>]
INFO	[2020-11-26 11:23:08:554] <17799> DECRYPT PARSE OK
INFO	[2020-11-26 11:23:08:554] <17799> END cancel 정상완료 Laptime:[0.266sec]
INFO	[2020-11-26 11:23:08:554] <17799> ===============================================================
