INFO	[2023-06-18 06:16:34:359] <9785> START INIPHP receipt (V5036-141209)(OS:Linux2.6.32-754.11.1.el6.x86_64,PHP:5.3.3)
DEBUG	[2023-06-18 06:16:34:359] <9785> inipayhome:/home1/killdeal/public_html/shop/inicis
DEBUG	[2023-06-18 06:16:34:359] <9785> debug:false
DEBUG	[2023-06-18 06:16:34:359] <9785> type:receipt
DEBUG	[2023-06-18 06:16:34:359] <9785> pgid:INIphpRECP
DEBUG	[2023-06-18 06:16:34:359] <9785> paymethod:CASH
DEBUG	[2023-06-18 06:16:34:359] <9785> currency:WON
DEBUG	[2023-06-18 06:16:34:359] <9785> admin:1111
DEBUG	[2023-06-18 06:16:34:359] <9785> mid:majorgol03
DEBUG	[2023-06-18 06:16:34:359] <9785> goodname:핫딜8장1세트2023리카타프리미엄올양피남여골프장갑
DEBUG	[2023-06-18 06:16:34:359] <9785> cr_price:45900
DEBUG	[2023-06-18 06:16:34:359] <9785> sup_price:41727
DEBUG	[2023-06-18 06:16:34:359] <9785> tax:4173
DEBUG	[2023-06-18 06:16:34:359] <9785> srvc_price:0
DEBUG	[2023-06-18 06:16:34:359] <9785> buyername:장제일
DEBUG	[2023-06-18 06:16:34:359] <9785> buyeremail:2027air@naver.com
DEBUG	[2023-06-18 06:16:34:359] <9785> buyertel:01077032027
DEBUG	[2023-06-18 06:16:34:359] <9785> reg_num:01077032027
DEBUG	[2023-06-18 06:16:34:359] <9785> useopt:0
DEBUG	[2023-06-18 06:16:34:359] <9785> companynumber:
INFO	[2023-06-18 06:16:34:359] <9785> Check Field OK
INFO	[2023-06-18 06:16:34:359] <9785> Make TID OK INIphpRECPmajorgol0320230618061634592893
INFO	[2023-06-18 06:16:34:359] <9785> PI PUB KEY LOAD OK []
INFO	[2023-06-18 06:16:34:387] <9785> PG PUB KEY LOAD OK [30]
INFO	[2023-06-18 06:16:34:387] <9785> MERCHANT PRIV KEY LOAD OK
INFO	[2023-06-18 06:16:34:388] <9785> MERCHANT PUB KEY LOAD OK [0]
DEBUG	[2023-06-18 06:16:34:388] <9785> MAKE ENCRYPT OK[<?xml version="1.0" encoding="UTF-8"?>
<PaymentInfo>
	  <Payment>
	    <CASH>
	      <CSHR_ApplPrice>45900</CSHR_ApplPrice>
	      <CSHR_SupplyPrice>41727</CSHR_SupplyPrice>
	      <CSHR_Tax>4173</CSHR_Tax>
	      <CSHR_ServicePrice/>
	      <CSHR_Type>0</CSHR_Type>
	      <CSHR_RegNum>01077032027</CSHR_RegNum>
	      <CSHR_CompanyNum/></CASH></Payment></PaymentInfo>]
INFO	[2023-06-18 06:16:34:389] <9785> MAKE BODY OK
INFO	[2023-06-18 06:16:34:389] <9785> SIGN OK
INFO	[2023-06-18 06:16:34:389] <9785> MAKE HEAD OK
INFO	[2023-06-18 06:16:34:389] <9785> MSG_TO_PG:[0196600175D SHA1                   0                                      300200majorgol03               45900INIphpRECPmajorgol0320230618061634592893<?xml version="1.0" encoding="UTF-8"?>
<INIpay>
	  <GoodsInfo>
	    <GoodsCnt>1</GoodsCnt>
	    <MOID/>
	    <Currency>WON</Currency>
	    <Tax>4173</Tax>
	    <TaxFree/>
	    <Goods>
	      <SMID>majorgol03</SMID>
	      <GoodsName urlencode="1">%C7%D6%B5%F48%C0%E51%BC%BC%C6%AE2023%B8%AE%C4%AB%C5%B8%C7%C1%B8%AE%B9%CC%BE%F6%BF%C3%BE%E7%C7%C7%B3%B2%BF%A9%B0%F1%C7%C1%C0%E5%B0%A9</GoodsName>
	      <GoodsPrice>45900</GoodsPrice></Goods></GoodsInfo>
	  <BuyerInfo>
	    <BuyerName urlencode="1">%C0%E5%C1%A6%C0%CF</BuyerName>
	    <BuyerTel>01077032027</BuyerTel>
	    <BuyerEmail urlencode="1">2027air%40naver.com</BuyerEmail>
	    <ParentEmail/>
	    <RecvName/>
	    <RecvTel/>
	    <RecvMsg/>
	    <RecvAddr/>
	    <RecvPostNum/></BuyerInfo>
	  <PaymentInfo>
	    <Payment>
	      <PayMethod>CASH</PayMethod>
	      <JoinCard/>
	      <JoinExpire/>
	      <MailOrder/>
	      <SessionKey>CWweFy65spXns/EQRLm31KFuzG2OXErG6Y7Bs3vGPkG8rkt7zbByN8sK33GajQEB
R1J5u63B4sI/yPosvULoIw5vNylJHZMIZtgCyXsiV1bPB0PGCWegp0INhLBz1qis
dcFGnQxgYCZBfW3YuikC3hdVlUNBY9EcWkTZG0VZZAEE09QY+KvDVQ==
</SessionKey>
	      <Encrypted>MlJ4Q5tHlp2yeKg+bVyfl55KmPIjbHMIBWG8Yc6Cr8EfpIuUFRwALXEseFBwebek
IBeHPhHf1xJq50sIzv+Xz/QQQwFrqTSrsJiqvlYqGoYcQ29lgntZy9/kjwiARMdp
X/glZnEPEpTTXbhpqBGmdR8JFyb+i8b6+n0z0DlvA+R6n7GwAKE9OXuCwjaYwAbL
eiIu+U3HTZTol2DI7T526evBVKf4HXlJYJOHCTTyYumVdXj1K9SQ3UCuhFL8kMPk
ZOyDzYme9K7k719XFbaNYy2lhpuWjP57LC7LVZjc6pKDd6BkrgHSYlJQUMXNv/ew
IWSK5HtjcLbCEDwynDwqEXBcrQlGSgqrQvujDEpLYaZVsenSKSYhrQ0J0uOQYbVV
6FAQWaor1UxAOoV78ecvvRwiK6zHRRGJwOy4seTnbyspfwRM+beWWcxUr20TjR+9
pFPXdr+kSXCvs3puHYHq/sKOq1CsUwtUKX6JD1FCLfR19JmA530oZw==
</Encrypted></Payment></PaymentInfo>
	  <ReservedInfo>
	    <MReserved1/>
	    <MReserved2/>
	    <MReserved3/></ReservedInfo>
	  <ManageInfo>
	    <Language/>
	    <URL/>
	    <TXVersion>5036B141209receiLinux     PHPchkfake   2.6.32-754.11.1.el6.x86_64PHP:</TXVersion>
	    <TXUserID/>
	    <TXRegNum/>
	    <Ack>1</Ack></ManageInfo></INIpay>AOIJ0A2je38JjaHlptmsJdM0DA87EmiC7gT3+SsvpDY+ZAcNdrga4Kk5Z3VTrLx2
Gz8IBoyKNPcNdLG/4R0BYhUQiJTwn5veSM17zNFnqb/572u2S9qmkbGwOXA1Dl8p
+RLTykgr4UAhz38zOWTaSFxILaATvQVis5s+b2C52+jK
]
INFO	[2023-06-18 06:16:34:390] <9785> DNS LOOKUP OK(203.238.37.3:203.238.37.3:34049) laptime:0
INFO	[2023-06-18 06:16:34:392] <9785> SOCKET CONNECT OK
INFO	[2023-06-18 06:16:34:392] <9785> SEND OK
INFO	[2023-06-18 06:16:34:497] <9785> RECV OK
INFO	[2023-06-18 06:16:34:497] <9785> MSG_FROM_PG:[0170200175D SHA1                   0                                      300210majorgol03               45900INIphpRECPmajorgol0320230618061634592893<?xml version="1.0" encoding="UTF-8"?><INIpay>
<GoodsInfo>
<GoodsCnt>1</GoodsCnt>
<MOID urlencode="1"/>
<Currency>WON</Currency>
<Goods no="1">
<SMID>majorgol03</SMID>
<GoodsName urlencode="1">%C7%D6%B5%F48%C0%E51%BC%BC%C6%AE2023%B8%AE%C4%AB%C5%B8%C7%C1%B8%AE%B9%CC%BE%F6%BF%C3%BE%E7%C7%C7%B3%B2%BF%A9%B0%F1%C7%C1%C0%E5%B0%A9</GoodsName>
<GoodsCntS>1</GoodsCntS>
<GoodsPrice>45900</GoodsPrice>
</Goods>
</GoodsInfo>
<PaymentInfo>
<Payment>
<SessionKey>AD2bR/NzkQ7PZ8AZARXKCmSkU6LeZ5H5TDfXEOOI53Hnj5ECJHk56ZKXGa+6Jn5K
E4PLX6//Cm8mrzrv+4tSAhp1jExUTixwUuvAO3v3B1wDjVs7n0ToVr920qxFwiS8
02ux8uGCCvElnuf8PRYIQN1T+0+b7QxN8jIdC1Ha9rPd6QzI+i5VS/s=
</SessionKey>
<Encrypted>UPU5fshF6NAYAsY1JZnTvOzdFUI8cqhU0kaZVSy/taTblV/+P2f/uLIhVt9zobtK
83LRYff64XqvZ0e5a7MXp853pwkXtNjtc3QvdNXs+5vv8PuUHZrgomMiHsam1cZF
PTvWqpG4v80wN5Zc6vZTOmroEygia4winJJCiHjtysbZW1Xn8sc8kD6WpL7rbPPo
bRfl/0VBJu+xqPkFMccWqAvm8ASGbh0FpuVsuvKIJ9O9wPyrANFyyvQekuki0Ht3
SasP/qio2j6fjH9PzBl4hf/IwfyPxVosROXpyMkojnfeGQfYGTU0eZVTvhJRrxI7
Ki8LUVRh81lGP7p/T8twrd7jOkmVVrr4ZiqnCEcM6Flh9juKg1lzuYgNaEY1Ynx4
UCvs8STjr8oAFfHd825LOH+PxjolklPApG3/l4wRZN5o/nKkNKdPfeFWcdk/m4JA
txW1fpWKit5a1r+9uW/lvdbknGQyV2yRd1tSRJ0zSS8KY6ja9AM8UBYhKMQdKG4t
4BylKECdvY/5x9EeV8Hho1Th+X1c5RwD/fn4RLNcRwZoVoXoRiN8Z8qNZbZ8LkAd
s2lNA3NoewB5dtf9OHwnRYO8qRmJpF66XYkrv45/hgMI4sPXAZ0XejZOfVnZVvn0
qBYtDXG3y5r15h9oyE6OgiBai1znzWCrMQHn2YNOzUOrFgpcmLAlYg==
</Encrypted>
<PayMethod>CASH</PayMethod>
<ResultCode>220000</ResultCode>
<ResultMsg urlencode="1">%C1%A4%BB%F3%C3%B3%B8%AE%B5%C7%BE%FA%BD%C0%B4%CF%B4%D9.</ResultMsg>
</Payment>
</PaymentInfo>
<ManageInfo/>
<ReservedInfo>
<MReserved1 urlencode="1"/>
<MReserved2 urlencode="1"/>
<MReserved3 urlencode="1"/>
</ReservedInfo>
</INIpay>
TexkSo1QnixMGJY5nD+6qMeybIJD0n2ZiY8Z3gs0R2Pkis+Dj8TK9Ho4jeu22ZoV
jEEPl5MQFUY1ae4sgtMijdxvAyisfsAyTobpYAgoJThsCX6Hxbz3EelCAH25SvFq
SH7lS7u4wKaM8JF7lKsRHJutohWmCcaAVgpEhCdedeA=
]
INFO	[2023-06-18 06:16:34:497] <9785> VERIFY OK
INFO	[2023-06-18 06:16:34:497] <9785> PARSE HEAD OK
INFO	[2023-06-18 06:16:34:498] <9785> PARSE BODY OK
INFO	[2023-06-18 06:16:34:499] <9785> DECRYPT OK
DEBUG	[2023-06-18 06:16:34:499] <9785> DECRYPT MSG:[<?xml version="1.0" encoding="UTF-8"?><PaymentInfo>
<Payment>
<CASH>
<CSHR_ApplPrice>45900</CSHR_ApplPrice>
<CSHR_SupplyPrice>41727</CSHR_SupplyPrice>
<CSHR_Tax>4173</CSHR_Tax>
<CSHR_ServicePrice/>
<CSHR_Type>0</CSHR_Type>
<CSHR_ApplDate>20230618</CSHR_ApplDate>
<CSHR_ApplTime>061634</CSHR_ApplTime>
<CSHR_ApplNum>266120574</CSHR_ApplNum>
<CSHR_ResultCode>220000</CSHR_ResultCode>
<CSHR_ResultMsg urlencode="1">%C1%A4%BB%F3%C3%B3%B8%AE%B5%C7%BE%FA%BD%C0%B4%CF%B4%D9.</CSHR_ResultMsg>
</CASH>
</Payment>
</PaymentInfo>]
INFO	[2023-06-18 06:16:34:499] <9785> DECRYPT PARSE OK
INFO	[2023-06-18 06:16:34:499] <9785> WAIT ACK INVOKING
DEBUG	[2023-06-18 06:16:34:499] <9785> MAKE HEAD OK
INFO	[2023-06-18 06:16:34:503] <9785> SUCCESS ACK INVOKING
INFO	[2023-06-18 06:16:34:503] <9785> END receipt 정상처리되었습니다. Laptime:[0.144sec]
INFO	[2023-06-18 06:16:34:503] <9785> ===============================================================
