INFO	[2021-12-30 14:23:59:857] <4061> START INIPHP cancel (V5036-141209)(OS:Linux2.6.32-754.11.1.el6.x86_64,PHP:5.3.3)
DEBUG	[2021-12-30 14:23:59:857] <4061> inipayhome:/home1/killdeal/public_html/shop/inicis
DEBUG	[2021-12-30 14:23:59:857] <4061> debug:false
DEBUG	[2021-12-30 14:23:59:857] <4061> type:cancel
DEBUG	[2021-12-30 14:23:59:857] <4061> mid:majorgol03
DEBUG	[2021-12-30 14:23:59:857] <4061> admin:1111
DEBUG	[2021-12-30 14:23:59:857] <4061> tid:INIMX_ISP_majorgol0320211210150941915432
DEBUG	[2021-12-30 14:23:59:857] <4061> cancelmsg:¼îÇÎ¸ô ¿î¿µÀÚ ½ÂÀÎ Ãë¼Ò
INFO	[2021-12-30 14:23:59:857] <4061> Check Field OK
INFO	[2021-12-30 14:23:59:857] <4061> PI PUB KEY LOAD OK []
INFO	[2021-12-30 14:23:59:858] <4061> PG PUB KEY LOAD OK [30]
INFO	[2021-12-30 14:23:59:858] <4061> MERCHANT PRIV KEY LOAD OK
INFO	[2021-12-30 14:23:59:858] <4061> MERCHANT PUB KEY LOAD OK [0]
DEBUG	[2021-12-30 14:23:59:859] <4061> MAKE ENCRYPT OK[<?xml version="1.0" encoding="UTF-8"?>
<CancelInfo>
	  <CancelTID>INIMX_ISP_majorgol0320211210150941915432</CancelTID>
	  <CancelMsg urlencode="1">%BC%EE%C7%CE%B8%F4+%BF%EE%BF%B5%C0%DA+%BD%C2%C0%CE+%C3%EB%BC%D2</CancelMsg>
	  <CancelReason/></CancelInfo>]
INFO	[2021-12-30 14:23:59:859] <4061> MAKE BODY OK
INFO	[2021-12-30 14:23:59:859] <4061> SIGN OK
INFO	[2021-12-30 14:23:59:860] <4061> MAKE HEAD OK
INFO	[2021-12-30 14:23:59:860] <4061> MSG_TO_PG:[0096200175D SHA1                   0                                      300420majorgol03                    INIMX_ISP_majorgol0320211210150941915432<?xml version="1.0" encoding="UTF-8"?>
<INIpay>
	  <CancelInfo>
	    <SessionKey>rp/+5C9fFr5B+MbxoeYMTXSUgkwtlVSBl+wRAMG07iWundiYtTc5qmCQYrr3nHFZ
xSWtjIaJhzq4cYzfNbgpS7VCADTHromPlvZjZ7WkYKTCyt+oqjpupR3gsvjWKOhd
fKldoJTqy7lOh9XGQfIJxhsWViSM0CJjIqA4o91sSDrGXX/0v9OnqQ==
</SessionKey>
	    <Encrypted>k8vxUGGy5LUKd2QHg/yRJfI0GTd/mP6rhWvZuIbtYmdoxguCw1NnrmCcJH4muEZK
VQBML8NtOUZXT+y6BVWday8V2XLkJf9cX73nZISlODSfYhiFks3EQ1Hx0MHCR13d
Vf5xOsee+1JlSYduRUnSNbRwf8FWBflBha5iSktnnCLg05e4DXEHSKKXuWtizWAi
XxvkT820XGorpn27xXh8JpRgaYlI+SNz1JflLb2kNxivNk3/j+CfpsauCk5sunUi
lfe9+7R19FI69YDQKWoW6/UrhbblI/OCrxF5GeMZCbs5E9lYk6pWDr3uPbloRERT
WVvF+/+7pllJD+qo/94VKQ==
</Encrypted></CancelInfo>
	  <ReservedInfo>
	    <MReserved1/>
	    <MReserved2/>
	    <MReserved3/></ReservedInfo>
	  <ManageInfo>
	    <Language/>
	    <URL/>
	    <TXVersion>5036B141209canceLinux     PHPchkfake   2.6.32-754.11.1.el6.x86_64PHP:</TXVersion>
	    <TXUserID/>
	    <TXRegNum/></ManageInfo></INIpay>AEy+a2fuYGmTMC4AJynNa0S3ugnXhoyiJjyVyK/iDzf23lop3/tlyD+qQ26eCvlT
UOiGouZ3O8rLR+01Aj/bqL0Ex3FJTCOffutyV2VMvlXEVm8FJ1Ibs0xf5UtQd9eM
Im7qYYbE8JM/6wNdy5OCwkfs6je8T56PhVyAjpemppC7
]
INFO	[2021-12-30 14:23:59:860] <4061> DNS LOOKUP OK(203.238.37.3:203.238.37.3:34049) laptime:0
INFO	[2021-12-30 14:23:59:862] <4061> SOCKET CONNECT OK
INFO	[2021-12-30 14:23:59:862] <4061> SEND OK
INFO	[2021-12-30 14:24:00:246] <4061> RECV OK
INFO	[2021-12-30 14:24:00:246] <4061> MSG_FROM_PG:[0086100175D SHA1                   0                                      300430majorgol03                    INIMX_ISP_majorgol0320211210150941915432<?xml version="1.0" encoding="UTF-8"?><INIpay>
<CancelInfo>
<ResultCode>170000</ResultCode>
<ResultMsg urlencode="1">%C1%A4%BB%F3%BF%CF%B7%E1</ResultMsg>
<SessionKey>AR+oq+u0vSd4Vlhpot0MdnTHbY0f6ZUYzicKFusypCdTmIDErJp3Pi6zwfMFRjUm
av/yR30Y3vwU5GKbvVbsuW05oxPRitqPHtIGOJ44niMCaEMjfm+i4e0b6vx9OjtQ
ipvQvr0/Grb/pzYRoTwuv2tirXjFbUv5eNOIMJPkQfpvsJ3OGe0E+U0=
</SessionKey>
<Encrypted>0M/ASBSt9Dhh3MNLHxhxSbheGW6hkd54QCy8GsL3iW+H+lWbbYdN5KuPuoj4ujea
bDkOGcQbBVb5ujGEkYo8Q0Rl9CJIQqGLmxMffP5kwLsIYGNA/EXm4V+ltRo3iqhC
E1en3//VPwwvsluCNGoSO2BRV29HrKlNfzC24Azlyim8x3Eyz7aaUevfKn7GLqii
gjvVLxh8Vm5InRytMq/d/me3i70cS/eExdgnKKDWBRFcIx4piVECxWtwyYwa2tnU
MC/v7/B61iZisb9l+p0zWs19ADfPS29z0/KH53ItTjbQhjhHNdfxlQ==
</Encrypted>
</CancelInfo>
<ManageInfo/>
<ReservedInfo>
<MReserved1 urlencode="1"/>
<MReserved2 urlencode="1"/>
<MReserved3 urlencode="1"/>
</ReservedInfo>
</INIpay>
uRSoRsYO0TmeoEePIEiEcTNx7240qlq2pLagJm1VcxiW4CREMtgwKNoSlc4W9jsK
it21hRAHVwl3gVXUpDdkH37MfqtpY6oTuGC0kGFRIuoUi9dg5Wnd7n7JG+XgveEN
wZR2w2PEgcmF2xFPgd6WV5meocmZ+MrCWXulUxofKZU=
]
INFO	[2021-12-30 14:24:00:246] <4061> VERIFY OK
INFO	[2021-12-30 14:24:00:246] <4061> PARSE HEAD OK
INFO	[2021-12-30 14:24:00:247] <4061> PARSE BODY OK
INFO	[2021-12-30 14:24:00:247] <4061> DECRYPT OK
DEBUG	[2021-12-30 14:24:00:247] <4061> DECRYPT MSG:[<?xml version="1.0" encoding="UTF-8"?><CancelInfo>
<CancelDate>20211230</CancelDate>
<CancelTime>142400</CancelTime>
<ResultCode>170000</ResultCode>
<ResultMsg urlencode="1">%C1%A4%BB%F3%BF%CF%B7%E1</ResultMsg>
</CancelInfo>]
INFO	[2021-12-30 14:24:00:248] <4061> DECRYPT PARSE OK
INFO	[2021-12-30 14:24:00:248] <4061> END cancel Á¤»ó¿Ï·á Laptime:[0.391sec]
INFO	[2021-12-30 14:24:00:248] <4061> ===============================================================
