INFO	[2021-05-25 13:00:25:661] <10243> START INIPHP cancel (V5036-141209)(OS:Linux2.6.32-754.11.1.el6.x86_64,PHP:5.3.3)
DEBUG	[2021-05-25 13:00:25:661] <10243> inipayhome:/home1/killdeal/public_html/shop/inicis
DEBUG	[2021-05-25 13:00:25:661] <10243> debug:false
DEBUG	[2021-05-25 13:00:25:661] <10243> type:cancel
DEBUG	[2021-05-25 13:00:25:661] <10243> mid:majorgol03
DEBUG	[2021-05-25 13:00:25:661] <10243> admin:1111
DEBUG	[2021-05-25 13:00:25:661] <10243> tid:INIMX_CARDmajorgol0320210525121407995885
DEBUG	[2021-05-25 13:00:25:661] <10243> cancelmsg:주문자 본인 취소-상품옵션 선택 잘못함
INFO	[2021-05-25 13:00:25:661] <10243> Check Field OK
INFO	[2021-05-25 13:00:25:661] <10243> PI PUB KEY LOAD OK []
INFO	[2021-05-25 13:00:25:662] <10243> PG PUB KEY LOAD OK [30]
INFO	[2021-05-25 13:00:25:662] <10243> MERCHANT PRIV KEY LOAD OK
INFO	[2021-05-25 13:00:25:662] <10243> MERCHANT PUB KEY LOAD OK [0]
DEBUG	[2021-05-25 13:00:25:663] <10243> MAKE ENCRYPT OK[<?xml version="1.0" encoding="UTF-8"?>
<CancelInfo>
	  <CancelTID>INIMX_CARDmajorgol0320210525121407995885</CancelTID>
	  <CancelMsg urlencode="1">%C1%D6%B9%AE%C0%DA+%BA%BB%C0%CE+%C3%EB%BC%D2-%BB%F3%C7%B0%BF%C9%BC%C7+%BC%B1%C5%C3+%C0%DF%B8%F8%C7%D4</CancelMsg>
	  <CancelReason/></CancelInfo>]
INFO	[2021-05-25 13:00:25:663] <10243> MAKE BODY OK
INFO	[2021-05-25 13:00:25:663] <10243> SIGN OK
INFO	[2021-05-25 13:00:25:663] <10243> MAKE HEAD OK
INFO	[2021-05-25 13:00:25:663] <10243> MSG_TO_PG:[0101500175D SHA1                   0                                      300420majorgol03                    INIMX_CARDmajorgol0320210525121407995885<?xml version="1.0" encoding="UTF-8"?>
<INIpay>
	  <CancelInfo>
	    <SessionKey>FrDNtcrUnkN1ZPOC5PAnnYYHZurQFaDam2cGIZRarE1Izl0I9TGIgwYg5tlg9OsZ
5d24xntRoKOoTnqvXOxmEA3uNliXbW7DEW80Cbi91OLQs2bgqrvxX16PDlZBXnOr
XbQkrLqt4RgHbJqyPZ+49+CSM3+7LoMM3qige/FKfdCScSLlEQDs7A==
</SessionKey>
	    <Encrypted>AOq1PVb8+/E3pc/AahHC1UIb1U4w5hfMMyga1BQWLOmXY1ACdqfqgO0PlYIKjuGY
g4d44RCOcVMzGw3pA8SpinUBRI44r37OxNf+qr2oDhqltSK6eonbGTZ/bVHlpe/R
HYNEAGkB9xYVzZGM/EPCugE52NSLG6fB/NMlnJW2faoTAPAwtx5Ug7yWo0sBmxaR
w6bSaCo4CXr5JTvH8bxGBQhiZcv3PXL7mHCuWTpn4PoqTKd4jwxF97n5Co5SPLz2
IC02MIK7UQU+4Cz2Uw2YDN2+LmPQY8YVPibaIyP4HSGolG/7AqdkM8x0mdSRu7nu
GAIAFDCve+9xKQquntajz5DRGzVQ4jJhodaaBojjPDoCpcIKvTaeo1xoc40gr+hu
BBYWlZtUXaQ=
</Encrypted></CancelInfo>
	  <ReservedInfo>
	    <MReserved1/>
	    <MReserved2/>
	    <MReserved3/></ReservedInfo>
	  <ManageInfo>
	    <Language/>
	    <URL/>
	    <TXVersion>5036B141209canceLinux     PHPchkfake   2.6.32-754.11.1.el6.x86_64PHP:</TXVersion>
	    <TXUserID/>
	    <TXRegNum/></ManageInfo></INIpay>AJhWh5I5DPel6bt1CvjIaJ7xkTt9BTXIui7TNO/8tsks3zhFWWS+MpIyyTCjBfjq
CNK7Z0lmMTF/qEE3ksAGgORxG48fKVOnaUUGyg5fw4dQM9TD6dL3xNZ/3Ru69znM
+wfpREe15/S6Rt9jcI2n+F+yS5o7fXNsFe+/HDn+3Fzd
]
INFO	[2021-05-25 13:00:25:663] <10243> DNS LOOKUP OK(203.238.37.3:203.238.37.3:34049) laptime:0
INFO	[2021-05-25 13:00:25:666] <10243> SOCKET CONNECT OK
INFO	[2021-05-25 13:00:25:666] <10243> SEND OK
INFO	[2021-05-25 13:00:25:970] <10243> RECV OK
INFO	[2021-05-25 13:00:25:970] <10243> MSG_FROM_PG:[0093300175D SHA1                   0                                      300430majorgol03                    INIMX_CARDmajorgol0320210525121407995885<?xml version="1.0" encoding="UTF-8"?><INIpay>
<CancelInfo>
<ResultCode>120000</ResultCode>
<ResultMsg urlencode="1">%C1%A4%BB%F3%C3%B3%B8%AE%B5%C7%BE%FA%BD%C0%B4%CF%B4%D9.</ResultMsg>
<SessionKey>AB29qPb3BaXLUC1mTKvzw7Y+Ok7qws8DR9tG412PY5hDjYWHJEDXUMNkSzbbCJvc
DlbTTBIxvsly0AdU+eYIKOzvZxTfVB5rJtxIdJJ1KRTXJAaoNlg0Jp9ouHzUqyP0
zVCEJ0M7YKtNsR912eePaaT0TjthnCNDjlBFhWqEiYe7BCJs866Ze9U=
</SessionKey>
<Encrypted>JdZPULbdyGCPWsVL3W1RYcKW2+R6PSRAa0nd3S5sPiDBZ0zloMUfSGNZpaVSEn/u
T6P72j+3sqLK4U/4/MktI0D0m/O33g5RazfKPnhxFaWHeGsI25RpyShMa4FUXQc7
Z18TrOd//EE7IDVBuySCm79y6RendaE6ZTQctr1hZuEIUpdt7S5TPmdKQRXre4Pu
VFDjkwMivrNCDyzsdcW4A044Y4crM/lCJLEdAoEB7Yr86JcgWBzpigwkVkuxSJQ4
UhXgpJLHiN+eP/wz7/0Z1f+iKHjC9lVvCkqkjXBzBXqZhIeDDMzvgrIechPuMaHB
SjtEmkCT/saI/mQcIQ2fSzx5Z7ZKiiIu
</Encrypted>
</CancelInfo>
<ManageInfo/>
<ReservedInfo>
<MReserved1 urlencode="1"/>
<MReserved2 urlencode="1"/>
<MReserved3 urlencode="1"/>
</ReservedInfo>
</INIpay>
B5eVJcmFQy3TZTqKAvRBUnqevSoZzBzEFFvgyDQsqzM69F3UYaF5qm0d7d+l37wl
DDmOrF0mI8gs1EeDi1aAv0r5iOut1mkfW23JCKcWpUlEOyPlJDhyN05GiQXSygZO
VTJcAX8DlegP00Q4KfIL85av668fIS3ha2KsJFCJJII=
]
INFO	[2021-05-25 13:00:25:970] <10243> VERIFY OK
INFO	[2021-05-25 13:00:25:970] <10243> PARSE HEAD OK
INFO	[2021-05-25 13:00:25:971] <10243> PARSE BODY OK
INFO	[2021-05-25 13:00:25:971] <10243> DECRYPT OK
DEBUG	[2021-05-25 13:00:25:971] <10243> DECRYPT MSG:[<?xml version="1.0" encoding="UTF-8"?><CancelInfo>
<CancelDate>20210525</CancelDate>
<CancelTime>130026</CancelTime>
<ResultCode>120000</ResultCode>
<ResultMsg urlencode="1">%C1%A4%BB%F3%C3%B3%B8%AE%B5%C7%BE%FA%BD%C0%B4%CF%B4%D9.</ResultMsg>
</CancelInfo>]
INFO	[2021-05-25 13:00:25:971] <10243> DECRYPT PARSE OK
INFO	[2021-05-25 13:00:25:971] <10243> END cancel 정상처리되었습니다. Laptime:[0.311sec]
INFO	[2021-05-25 13:00:25:971] <10243> ===============================================================
