INFO	[2022-08-09 14:52:49:204] <11264> START INIPHP repay (V5036-141209)(OS:Linux2.6.32-754.11.1.el6.x86_64,PHP:5.3.3)
DEBUG	[2022-08-09 14:52:49:204] <11264> inipayhome:/home1/killdeal/public_html/shop/inicis
DEBUG	[2022-08-09 14:52:49:204] <11264> debug:false
DEBUG	[2022-08-09 14:52:49:204] <11264> type:repay
DEBUG	[2022-08-09 14:52:49:204] <11264> pgid:INIphpRPAY
DEBUG	[2022-08-09 14:52:49:204] <11264> subpgip:203.238.3.10
DEBUG	[2022-08-09 14:52:49:204] <11264> mid:majorgol03
DEBUG	[2022-08-09 14:52:49:204] <11264> admin:1111
DEBUG	[2022-08-09 14:52:49:204] <11264> oldtid:INIMX_ISP_majorgol0320220719004824465336
DEBUG	[2022-08-09 14:52:49:204] <11264> currency:WON
DEBUG	[2022-08-09 14:52:49:204] <11264> price:25900
DEBUG	[2022-08-09 14:52:49:204] <11264> confirm_price:48000
DEBUG	[2022-08-09 14:52:49:204] <11264> buyeremail:ralakoo@naver.com
DEBUG	[2022-08-09 14:52:49:204] <11264> tax:2355
DEBUG	[2022-08-09 14:52:49:204] <11264> taxfree:0
INFO	[2022-08-09 14:52:49:204] <11264> Check Field OK
INFO	[2022-08-09 14:52:49:204] <11264> Make TID OK INIphpRPAYmajorgol0320220809145249043636
INFO	[2022-08-09 14:52:49:204] <11264> PI PUB KEY LOAD OK []
INFO	[2022-08-09 14:52:49:204] <11264> PG PUB KEY LOAD OK [30]
INFO	[2022-08-09 14:52:49:204] <11264> MERCHANT PRIV KEY LOAD OK
INFO	[2022-08-09 14:52:49:204] <11264> MERCHANT PUB KEY LOAD OK [0]
DEBUG	[2022-08-09 14:52:49:205] <11264> MAKE ENCRYPT OK[<?xml version="1.0" encoding="UTF-8"?>
<PartCancelInfo>
	  <PRTC_TID>INIMX_ISP_majorgol0320220719004824465336</PRTC_TID>
	  <PRTC_Price>25900</PRTC_Price>
	  <PRTC_Remains>48000</PRTC_Remains>
	  <PRTC_Quota/>
	  <PRTC_Interest/>
	  <PRTC_NoAcctFNBC/>
	  <PRTC_NmAcctFNBC/></PartCancelInfo>]
INFO	[2022-08-09 14:52:49:205] <11264> MAKE BODY OK
INFO	[2022-08-09 14:52:49:206] <11264> SIGN OK
INFO	[2022-08-09 14:52:49:206] <11264> MAKE HEAD OK
INFO	[2022-08-09 14:52:49:206] <11264> MSG_TO_PG:[0111700175D SHA1                   0                                      300620majorgol03               25900INIphpRPAYmajorgol0320220809145249043636<?xml version="1.0" encoding="UTF-8"?>
<INIpay>
	  <PartCancelInfo>
	    <SessionKey>crtA/vE6VxdYiaV/YCXejMb3DfHj5jbqdPjOFUyTMPBueCh7tGe/P6Ptx6ofvl2g
FoF2GnSQzi7cVMLwNvDzp11ceGydLl3wn8PbsDqpWL2revjL0QQ7fQ540e2iQ4/z
w6EwURDDd9o/Dz8gY+pkh4p6gddWUFiR0KiEvjYf0Fy8YZX1B1Q/UQ==
</SessionKey>
	    <Encrypted>IVYn5RfJYRmqBNdHWPzrj+ZuEgkDIZzVC2rNSUa26TvOaf4N+XBWSbaVC0DE52XF
0UHIz32eFbrmFrzleKGVVg3SL8yT5gqhUMxma1BVHz6SdA/TgJ7q6cfArhI1VT+0
qLEbFTQOqPrzxPFG7z2gqi8CI9LOtjfjtjC3gEQenDP/FMPrGIed+fth9jfsRzKA
P0cvFqGCv7/qRjkJs4PRtvfJN3OMni5pTUwmbC6sm9TH3dWxv3sDBD+OqZcj5maZ
B6nX+7onmjJ0tnxH6YfwwH8X8AWc6G3c5LUhqtpsDsZkf3BDg9N4a0H5tJqZWmPI
FeSI0tCay3J38ED8dwbZO3uTq/2b1ylHJXSmMQ0n7fl5MjjB6Zx0H+lHyY+8XRyq
x5J5iJ5pYzI=
</Encrypted></PartCancelInfo>
	  <GoodsInfo>
	    <Tax>2355</Tax>
	    <TaxFree/>
	    <Currency>WON</Currency></GoodsInfo>
	  <ReservedInfo>
	    <MReserved1/>
	    <MReserved2/>
	    <MReserved3/></ReservedInfo>
	  <ManageInfo>
	    <Language/>
	    <URL/>
	    <TXVersion>5036B141209repayLinux     PHPchkfake   2.6.32-754.11.1.el6.x86_64PHP:</TXVersion>
	    <TXUserID/>
	    <TXRegNum/></ManageInfo></INIpay>AG/2b4IzbyT92tVkguwiWHlsxgpluWBg0vwsRjIfBamGzdKSnJ2Ltv9vZlbpU0s2
ZTbRexJJr5xDMPysV1PT9YKmoUZw3WsY23+I2yIjAyOmZZkQMUD6dOAAGJZhQeHI
k8atAQRZSJoF6tJOKoeRXCVdSy9FCF/fNbz+zkLIYWFR
]
INFO	[2022-08-09 14:52:49:206] <11264> DNS LOOKUP OK(203.238.37.3:203.238.37.3:34049) laptime:0
INFO	[2022-08-09 14:52:49:208] <11264> SOCKET CONNECT OK
INFO	[2022-08-09 14:52:49:208] <11264> SEND OK
INFO	[2022-08-09 14:52:49:496] <11264> RECV OK
INFO	[2022-08-09 14:52:49:496] <11264> MSG_FROM_PG:[0111400175D SHA1                   0                                      300630majorgol03               25900INIphpRPAYmajorgol0320220809145249043636<?xml version="1.0" encoding="UTF-8"?><INIpay>
<PartCancelInfo>
<PayMethod>VCard</PayMethod>
<ResultCode>170000</ResultCode>
<ResultMsg urlencode="1">%C1%A4%BB%F3%BF%CF%B7%E1</ResultMsg>
<SessionKey>AN25HHYIXJ3l5CL263487WV73r0jL62KL+251L7/xTpFWrYewQc5/eA0JRBzEwss
mfazHmiX0oDQPr1djo6AwrbYbuL5u2BUeJvJoHTxvJ+GVUao5kKn8rwkNjrf+lqs
lFnt70WVPb0QF2yrcRCgzHcchq6+KkA0eTclVfNlVTa1rGt6m+gAKO0=
</SessionKey>
<Encrypted>FzSRJyYhBVpQpTBqLDa0/booJN/cSPTkdmasJobUJgeY0dcUaSLRrJkiTGSdm+Mf
cIFnu13/bSUC4FXEySkamJJ60P6tYB6StDzA81SLSAtfCzg9bC80Z4jeSkqhxCZw
MF/FUyTeW+9fxqDMXpLvYeXyTa4YI0GgaX+j6kWdahw8hu8JCo7T9nRM9uJ0L6Z5
oPIRlzYvmM1C/7SrlWXLMwbCWb4R4U9VsbIJ21qWROz5qIxQjI5ocp7jd1bYH48K
ZJsO4F5elvZ+7IORDR0Zrq7VoJ2LIWABAMLOTR55GHTRjFTKuCfNLnHy5pOpWTKq
VzIPkb/xKdBbO0cyo7uc62Z4jaRMcceWQf5MPcYyztChRhxJdveh1lhTrYSlRcJQ
DtxS8iCVcohtazIRfk2q0Miyz2WNYCIWjZtu9cukOtYnbnc/BRi+27Zk0kWGyW05
vbA/6O7oq5WcUO4AXYkieky3AdB9HfSkKIy4VzrhWdcp5Lkfg4YxQDGBvnQLpd7C
AmGDo5H2KzM=
</Encrypted>
</PartCancelInfo>
<ManageInfo/>
<ReservedInfo>
<MReserved1 urlencode="1"/>
<MReserved2 urlencode="1"/>
<MReserved3 urlencode="1"/>
</ReservedInfo>
</INIpay>
19VulaL7dLa1DCvr6Vw6FMpE92tzXm5gmCBqWT6rvwb7w88KoqbAYXpC+ifiViq4
9FysxGpXGn0TcyGCrAhMkr1W6X9Gzi50sRHKh6d+AYWpclkdiH42To5rwOLGIigM
a4O31t5HllywgedivnYz5FsD9Av6Be3aG/KJoyo5KzM=
]
INFO	[2022-08-09 14:52:49:496] <11264> VERIFY OK
INFO	[2022-08-09 14:52:49:496] <11264> PARSE HEAD OK
INFO	[2022-08-09 14:52:49:497] <11264> PARSE BODY OK
INFO	[2022-08-09 14:52:49:497] <11264> DECRYPT OK
DEBUG	[2022-08-09 14:52:49:497] <11264> DECRYPT MSG:[<?xml version="1.0" encoding="UTF-8"?><PartCancelInfo>
<PRTC_TID>INIMX_ISP_majorgol0320220719004824465336</PRTC_TID>
<PRTC_Price>25900</PRTC_Price>
<PRTC_Remains>48000</PRTC_Remains>
<PRTC_Quota>07</PRTC_Quota>
<PRTC_Type>1</PRTC_Type>
<CancelDate>20220809</CancelDate>
<CancelTime>145249</CancelTime>
<PRTC_Cnt>1</PRTC_Cnt>
<PRTC_SubRemains>48000</PRTC_SubRemains>
</PartCancelInfo>]
INFO	[2022-08-09 14:52:49:498] <11264> DECRYPT PARSE OK
INFO	[2022-08-09 14:52:49:498] <11264> END repay 정상완료 Laptime:[0.294sec]
INFO	[2022-08-09 14:52:49:498] <11264> ===============================================================
