INFO	[2020-08-31 08:44:05:286] <32208> START INIPHP cancel (V5036-141209)(OS:Linux2.6.32-754.11.1.el6.x86_64,PHP:5.3.3)
DEBUG	[2020-08-31 08:44:05:286] <32208> inipayhome:/home/killdeal/public_html/shop/inicis
DEBUG	[2020-08-31 08:44:05:286] <32208> debug:false
DEBUG	[2020-08-31 08:44:05:286] <32208> type:cancel
DEBUG	[2020-08-31 08:44:05:286] <32208> mid:majorgol03
DEBUG	[2020-08-31 08:44:05:286] <32208> admin:1111
DEBUG	[2020-08-31 08:44:05:286] <32208> tid:StdpayCARDmajorgol0320200831084247245773
DEBUG	[2020-08-31 08:44:05:286] <32208> cancelmsg:주문자 본인 취소-구매의사 없음
INFO	[2020-08-31 08:44:05:286] <32208> Check Field OK
INFO	[2020-08-31 08:44:05:286] <32208> PI PUB KEY LOAD OK []
INFO	[2020-08-31 08:44:05:287] <32208> PG PUB KEY LOAD OK [30]
INFO	[2020-08-31 08:44:05:287] <32208> MERCHANT PRIV KEY LOAD OK
INFO	[2020-08-31 08:44:05:288] <32208> MERCHANT PUB KEY LOAD OK [0]
DEBUG	[2020-08-31 08:44:05:288] <32208> MAKE ENCRYPT OK[<?xml version="1.0" encoding="UTF-8"?>
<CancelInfo>
	  <CancelTID>StdpayCARDmajorgol0320200831084247245773</CancelTID>
	  <CancelMsg urlencode="1">%C1%D6%B9%AE%C0%DA+%BA%BB%C0%CE+%C3%EB%BC%D2-%B1%B8%B8%C5%C0%C7%BB%E7+%BE%F8%C0%BD</CancelMsg>
	  <CancelReason/></CancelInfo>]
INFO	[2020-08-31 08:44:05:288] <32208> MAKE BODY OK
INFO	[2020-08-31 08:44:05:289] <32208> SIGN OK
INFO	[2020-08-31 08:44:05:289] <32208> MAKE HEAD OK
INFO	[2020-08-31 08:44:05:289] <32208> MSG_TO_PG:[0099400175D SHA1                   0                                      300420majorgol03                    StdpayCARDmajorgol0320200831084247245773<?xml version="1.0" encoding="UTF-8"?>
<INIpay>
	  <CancelInfo>
	    <SessionKey>xzjcVDZ411DBh2odw9S8AB+1700KgMkMw3bGCe9NU118kAWiJ/X0oCWd24tuXdAW
B/4sS/XOYlL1lQ18BuTi/j+tsKmI6rXDA0Clqp0Nfhud5V+YRmmR0wg3Mvn7iZ8h
qwxW/tkFUnH4pGGjAfL/rQmg+onRdEBnhH2L2R4VzPgnq5y1HB7EQw==
</SessionKey>
	    <Encrypted>xTtlDdxMLOBiDSHG6evK9RJEAfbucSB0S02U52LqmS8GaLnJHdomKkHOW3lwyNfR
NHLsqoDd9LTSI432jhnQqFKBc0s2uSc6110XeUaAbV+X6g6dkGZ+7wlJZIDtyeNt
7+ugSpDHUMmfHAp5HnqTZ/pCdvuknaszhMQsNCKipckZWR4KNt42zeCUX79u+AvO
aLzpz8m4dU7OFFiGi7qscH1TdAggHrOp2YB0KSe7qmEm0Tuv+KQlO3BnPiObsMVr
0r7Jdo9k1u9qJjjypFAlqZjotVpbin/tZlcd/UhdXw+MAigiHFqKnBvAmoVQ+qvk
S0JFr3iz/gYcoPQbBsUgb2jqT3PdvChphQQbxnokFXR5DP/e5SnTJg==
</Encrypted></CancelInfo>
	  <ReservedInfo>
	    <MReserved1/>
	    <MReserved2/>
	    <MReserved3/></ReservedInfo>
	  <ManageInfo>
	    <Language/>
	    <URL/>
	    <TXVersion>5036B141209canceLinux     PHPchkfake   2.6.32-754.11.1.el6.x86_64PHP:</TXVersion>
	    <TXUserID/>
	    <TXRegNum/></ManageInfo></INIpay>AQ2ir/bB6glcPASih0YyGt2RxQp5kJpBvBcExL30uFptBD4QpQr9d5vO8OPuI8lj
qRyJwFrlX3GlX1AbSYZ71z6oI3UVPVzEf0u5SQGjgxMb66NilEUDuvOSfNbou4nE
SrMUdwLOqYiy8p5KdLIBEVCSRL3G/f21Ke8oRGGruOwE
]
INFO	[2020-08-31 08:44:05:289] <32208> DNS LOOKUP OK(203.238.37.3:203.238.37.3:34049) laptime:0
INFO	[2020-08-31 08:44:05:291] <32208> SOCKET CONNECT OK
INFO	[2020-08-31 08:44:05:291] <32208> SEND OK
INFO	[2020-08-31 08:44:06:507] <32208> RECV OK
INFO	[2020-08-31 08:44:06:507] <32208> MSG_FROM_PG:[0115800175D SHA1                   0                                      300430majorgol03                    StdpayCARDmajorgol0320200831084247245773<?xml version="1.0" encoding="UTF-8"?>
<INIpay>
  <CancelInfo>
    <ResultCode>120000</ResultCode>
    <ResultMsg urlencode="1">%C1%A4%BB%F3%C3%B3%B8%AE%B5%C7%BE%FA%BD%C0%B4%CF%B4%D9.</ResultMsg>
    <SessionKey>AIZgIF55z9fDQQWCBWCKJSp/MCyZVB9KXaaUh7hwFnxNr9h4YfTHR3db+xYhxQpi
jqj3t6J1XA20VZ5MY+OHEcPhZCzuBpqEnXVXqRL+J5rItO6QEQc4ZImZ6lT6XITQ
P/qu8s8C1o1WqkcjEftPD6xjfrw4mgzmYmzEIybP7yb3JDJU1EwjVbs=
</SessionKey>
    <Encrypted>/UGLoZuXlggxo9KwJ1iYr4uL+UufB9u2ED4Ide3sg+nK407P6pkNztQg7Jf5q4LJ
k+RRk5aFqvg2SaU+dsoxKtm/hpPuzxim8fry2JZ8fb0ZXrsy7Ow7dFX2ELTcZHFQ
cyrN0ZafQ4R/VmRkT5Y9kYSiz+VcgQaMZNbBSB3lhDQ/sehhRgrzyzjw2EergY9a
lKIUbg0bjz4H9wGSJC6u6Tq8Txk2hZAp16/aQXHmCn5uqU4Kpa4Ead+UHjyoQUCX
wVDRQSp7QuNili29W0N74WvklxDF7+4v/erQZP9cNukaJR4BnEz2Aco67R+c+J4I
Bf3Op8miZixTd0QaHpAh9D8Sy9lwSZLMmAFn2zR+3zk=
</Encrypted>
  </CancelInfo>
  <ManageInfo/>
  <ReservedInfo>
    <MReserved1 urlencode="1"></MReserved1>
    <MReserved2 urlencode="1"></MReserved2>
    <MReserved3 urlencode="1"></MReserved3>
    <PGReserved1 urlencode="1"></PGReserved1>
    <PGReserved2 urlencode="1"></PGReserved2>
    <PGReserved3 urlencode="1"></PGReserved3>
  </ReservedInfo>
</INIpay>
1bQGP+DL2utc6fyVlYQzrStckFLEUNoXzjTDb8aFVIYSLvaj54xdlq1BX4m/qEsz
VKb+M7dTexe5cqmm+rFQpABGvt2BskMtmt0MMsmMGXoBBm0S3CWTlSh5C2fvlWWj
E0aQlAIeh+K8fSEvM032xZ2QDovW6ipeOPOXZ8SXGmU=
]
INFO	[2020-08-31 08:44:06:507] <32208> VERIFY OK
INFO	[2020-08-31 08:44:06:507] <32208> PARSE HEAD OK
INFO	[2020-08-31 08:44:06:525] <32208> PARSE BODY OK
INFO	[2020-08-31 08:44:06:525] <32208> DECRYPT OK
DEBUG	[2020-08-31 08:44:06:525] <32208> DECRYPT MSG:[<?xml version="1.0" encoding="UTF-8"?>
<CancelInfo>
  <CancelDate>20200831</CancelDate>
  <CancelTime>084406</CancelTime>
  <ResultCode>120000</ResultCode>
  <ResultMsg urlencode="1">%C1%A4%BB%F3%C3%B3%B8%AE%B5%C7%BE%FA%BD%C0%B4%CF%B4%D9.</ResultMsg>
</CancelInfo>]
INFO	[2020-08-31 08:44:06:526] <32208> DECRYPT PARSE OK
INFO	[2020-08-31 08:44:06:526] <32208> END cancel 정상처리되었습니다. Laptime:[1.24sec]
INFO	[2020-08-31 08:44:06:526] <32208> ===============================================================
INFO	[2020-08-31 11:35:53:800] <3192> START INIPHP cancel (V5036-141209)(OS:Linux2.6.32-754.11.1.el6.x86_64,PHP:5.3.3)
DEBUG	[2020-08-31 11:35:53:800] <3192> inipayhome:/home/killdeal/public_html/shop/inicis
DEBUG	[2020-08-31 11:35:53:800] <3192> debug:false
DEBUG	[2020-08-31 11:35:53:800] <3192> type:cancel
DEBUG	[2020-08-31 11:35:53:800] <3192> mid:majorgol03
DEBUG	[2020-08-31 11:35:53:800] <3192> admin:1111
DEBUG	[2020-08-31 11:35:53:800] <3192> tid:StdpayISP_majorgol0320200831113455836379
DEBUG	[2020-08-31 11:35:53:800] <3192> cancelmsg:주문자 본인 취소-구매의사 없음
INFO	[2020-08-31 11:35:53:800] <3192> Check Field OK
INFO	[2020-08-31 11:35:53:800] <3192> PI PUB KEY LOAD OK []
INFO	[2020-08-31 11:35:53:800] <3192> PG PUB KEY LOAD OK [30]
INFO	[2020-08-31 11:35:53:801] <3192> MERCHANT PRIV KEY LOAD OK
INFO	[2020-08-31 11:35:53:801] <3192> MERCHANT PUB KEY LOAD OK [0]
DEBUG	[2020-08-31 11:35:53:801] <3192> MAKE ENCRYPT OK[<?xml version="1.0" encoding="UTF-8"?>
<CancelInfo>
	  <CancelTID>StdpayISP_majorgol0320200831113455836379</CancelTID>
	  <CancelMsg urlencode="1">%C1%D6%B9%AE%C0%DA+%BA%BB%C0%CE+%C3%EB%BC%D2-%B1%B8%B8%C5%C0%C7%BB%E7+%BE%F8%C0%BD</CancelMsg>
	  <CancelReason/></CancelInfo>]
INFO	[2020-08-31 11:35:53:801] <3192> MAKE BODY OK
INFO	[2020-08-31 11:35:53:802] <3192> SIGN OK
INFO	[2020-08-31 11:35:53:802] <3192> MAKE HEAD OK
INFO	[2020-08-31 11:35:53:802] <3192> MSG_TO_PG:[0099400175D SHA1                   0                                      300420majorgol03                    StdpayISP_majorgol0320200831113455836379<?xml version="1.0" encoding="UTF-8"?>
<INIpay>
	  <CancelInfo>
	    <SessionKey>e+ZHy87sA/0ddvj9tr/PBLB/zc+zlQxUzpC6pY+r5jZUGpcDkTS+3C9WJPOyYFVY
12wHrvXtdgWs7kHhsF8c8Bm0JvPV0odwM/p+3VQNcnQINxYNbBCSZ9MDCSXMT78z
KwE15nxi8ng/IEh9PIHAksVN61yl5TGBQxtFoyIlEPtTdwjYsAePmw==
</SessionKey>
	    <Encrypted>2lruVd4LlWzTH0K8SlZwAS0VKsP8ZAKnLR3kFB4jzX/4GAKpF1K83i2e7waSKz0B
mEkQJCgP5FrwZS2Qn7h1TfES+txb5brB3seHzebztPL0MH3bdbceBNVziGO2T966
uM76aiFUD9eDaywZ0f8P5V4bBSar67135sjSflU8fuUGjOX529gEKnA5ZaVIdnIm
Qilm9bLUv9+P4W7uercG+5t0gvfOibltppJlZvSxh9onxuRJ5MGvRuVpFoyaMf80
Frwgc1YrMn3iSA2TfESDTTPUKKKjzE+T42I00UMSuA9sryG0IzJQhV6sN3NkOx26
Y99dydEUgbc06udjGaU0yhVjFVNZas4eAQWK+vMYObwT7YeYh6klQQ==
</Encrypted></CancelInfo>
	  <ReservedInfo>
	    <MReserved1/>
	    <MReserved2/>
	    <MReserved3/></ReservedInfo>
	  <ManageInfo>
	    <Language/>
	    <URL/>
	    <TXVersion>5036B141209canceLinux     PHPchkfake   2.6.32-754.11.1.el6.x86_64PHP:</TXVersion>
	    <TXUserID/>
	    <TXRegNum/></ManageInfo></INIpay>APOp/5t6iqYIAyYyQrx2fjgeS1dYAfpNJGUi0i+bMUW/miA0HLOkE02seQ2yKVar
QIA8HH/3lkTFcsBYDZj/ZdpGLBi0KxFHZ1+a6LOs+FG8n2aGPgTeOtRv7jJloG4U
UPQyBNW4NCK21gcHyyi3/IaVTnQY190s+iY6RrM+Caui
]
INFO	[2020-08-31 11:35:53:802] <3192> DNS LOOKUP OK(203.238.37.3:203.238.37.3:34049) laptime:0
INFO	[2020-08-31 11:35:53:804] <3192> SOCKET CONNECT OK
INFO	[2020-08-31 11:35:53:804] <3192> SEND OK
INFO	[2020-08-31 11:35:54:706] <3192> RECV OK
INFO	[2020-08-31 11:35:54:706] <3192> MSG_FROM_PG:[0108200175D SHA1                   0                                      300430majorgol03                    StdpayISP_majorgol0320200831113455836379<?xml version="1.0" encoding="UTF-8"?>
<INIpay>
  <CancelInfo>
    <ResultCode>170000</ResultCode>
    <ResultMsg urlencode="1">%C1%A4%BB%F3%BF%CF%B7%E1</ResultMsg>
    <SessionKey>AE4USigU4+1VOzZmvN5S2xLD15C374BJCxIESQ3Nmdwo6BRPlGT0bGXz+RK56pyE
RD8KKDphe5bdy3VewMEEeq2IOL4BoSUcF7U3IbpwCBbwSPnKwhxI8aCCVldX/PJ8
6TfSOTUgdmZV9cgOYYtk/Zyt4ogZ1pC8iaY7hnhM+xwnhg8MdjqL4C8=
</SessionKey>
    <Encrypted>Myv3F/OXxAcfWfvhHHzLriirwonsUfh6OD1ztaGHOtoi8W1NVPbf0xwvrAQ82d6I
BNZ0WLbrUaWnekhW/hRnh7f5oyl1JATrfMN2W0bL5UiNBQ4wNUyYnbZqpY/gNvc6
0/UuULyZwZUC8j3fpEBj2Qrt1ClG7HwG67zWYVKIm7PX618lfwK7669L6mGRlVjf
WrKurINuIR37LdVtM4HmO70+jQUz86HSjJ5yn4+AKL3igyZTw2SPlOj/B9YD78Bb
OdpeuSAJwGzRuGorOzynLbAVZIolafTOON2NIcLmfMseq/kKPeduegkD4CkAkoJT
</Encrypted>
  </CancelInfo>
  <ManageInfo/>
  <ReservedInfo>
    <MReserved1 urlencode="1"></MReserved1>
    <MReserved2 urlencode="1"></MReserved2>
    <MReserved3 urlencode="1"></MReserved3>
    <PGReserved1 urlencode="1"></PGReserved1>
    <PGReserved2 urlencode="1"></PGReserved2>
    <PGReserved3 urlencode="1"></PGReserved3>
  </ReservedInfo>
</INIpay>
nqjpeH2n3ChbblxCzCFVUCEvCJo2qcy/X9NVf2Zq4iCSw8CoW8BKs5m1gFqS1iXp
5FpkLiYUN0we/UjbRmk/Tn8UKo6rCsjoPWRDoxX1sIsG4ft3TLdL+/lE5hQP7W39
YrJc3iMVPt3g53IGyA8v7hs8XxCTrXVbageCWh9uTGs=
]
INFO	[2020-08-31 11:35:54:706] <3192> VERIFY OK
INFO	[2020-08-31 11:35:54:706] <3192> PARSE HEAD OK
INFO	[2020-08-31 11:35:54:707] <3192> PARSE BODY OK
INFO	[2020-08-31 11:35:54:707] <3192> DECRYPT OK
DEBUG	[2020-08-31 11:35:54:707] <3192> DECRYPT MSG:[<?xml version="1.0" encoding="UTF-8"?>
<CancelInfo>
  <CancelDate>20200831</CancelDate>
  <CancelTime>113554</CancelTime>
  <ResultCode>170000</ResultCode>
  <ResultMsg urlencode="1">%C1%A4%BB%F3%BF%CF%B7%E1</ResultMsg>
</CancelInfo>]
INFO	[2020-08-31 11:35:54:708] <3192> DECRYPT PARSE OK
INFO	[2020-08-31 11:35:54:708] <3192> END cancel 정상완료 Laptime:[0.908sec]
INFO	[2020-08-31 11:35:54:708] <3192> ===============================================================
