INFO	[2022-09-12 23:26:38:140] <26525> START INIPHP cancel (V5036-141209)(OS:Linux2.6.32-754.11.1.el6.x86_64,PHP:5.3.3)
DEBUG	[2022-09-12 23:26:38:140] <26525> inipayhome:/home1/killdeal/public_html/shop/inicis
DEBUG	[2022-09-12 23:26:38:140] <26525> debug:false
DEBUG	[2022-09-12 23:26:38:140] <26525> type:cancel
DEBUG	[2022-09-12 23:26:38:140] <26525> mid:majorgol03
DEBUG	[2022-09-12 23:26:38:140] <26525> admin:1111
DEBUG	[2022-09-12 23:26:38:140] <26525> tid:INIMX_CARDmajorgol0320220912232335545949
DEBUG	[2022-09-12 23:26:38:140] <26525> cancelmsg:주문자 본인 취소-상품옵션 선택 잘못함
INFO	[2022-09-12 23:26:38:140] <26525> Check Field OK
INFO	[2022-09-12 23:26:38:140] <26525> PI PUB KEY LOAD OK []
INFO	[2022-09-12 23:26:38:141] <26525> PG PUB KEY LOAD OK [30]
INFO	[2022-09-12 23:26:38:142] <26525> MERCHANT PRIV KEY LOAD OK
INFO	[2022-09-12 23:26:38:142] <26525> MERCHANT PUB KEY LOAD OK [0]
DEBUG	[2022-09-12 23:26:38:142] <26525> MAKE ENCRYPT OK[<?xml version="1.0" encoding="UTF-8"?>
<CancelInfo>
	  <CancelTID>INIMX_CARDmajorgol0320220912232335545949</CancelTID>
	  <CancelMsg urlencode="1">%C1%D6%B9%AE%C0%DA+%BA%BB%C0%CE+%C3%EB%BC%D2-%BB%F3%C7%B0%BF%C9%BC%C7+%BC%B1%C5%C3+%C0%DF%B8%F8%C7%D4</CancelMsg>
	  <CancelReason/></CancelInfo>]
INFO	[2022-09-12 23:26:38:142] <26525> MAKE BODY OK
INFO	[2022-09-12 23:26:38:143] <26525> SIGN OK
INFO	[2022-09-12 23:26:38:143] <26525> MAKE HEAD OK
INFO	[2022-09-12 23:26:38:143] <26525> MSG_TO_PG:[0101500175D SHA1                   0                                      300420majorgol03                    INIMX_CARDmajorgol0320220912232335545949<?xml version="1.0" encoding="UTF-8"?>
<INIpay>
	  <CancelInfo>
	    <SessionKey>L7+noaSE1NpnfCvVLf/mxH+rzBaWaiWctBhxcIW9OXigHpLt6MoTzyIS+Rc8ikUa
98RDyWTQhnem2GnPUlGi3CffuVO94g76sCxRBy4Vr0UaaIMIdP/IYjTXY3OXeWui
/ZsvScWVmCWDRpvTEJ1siQFuxUxFvNKnzSCtpnRgfnGj1uV83HtGAA==
</SessionKey>
	    <Encrypted>n4LAzbxT1vd/8Wqi/SrnfJjmL+7I9+I6XqFx+u1mZu1+FnhtKPZ94gMFV2ItX0mp
hWB1CVnmJM+LsN4PtDsTgLcCQEAbtZyo3oF2IhUIoPVCzSQfs7JLgiteErxCZNic
1zC65Jnena20Bx6b/m4qkrzXixYtI1qBO5US7N/cVRLNLQY14PXoMAMtNQHsm16e
bmERS4dq3em0x/QOMkUrCgy9TYd9Dff7UZsDVzTankxwJzoyYElBfbjBVEw2hYTh
N5aAdK67PyfS4e5qi1NGbRH2GYU0l7uMKu9o2r120NkuJM37TLD/mp3MOs/O4OR3
t08ZOBgJ+K8vn5dIjMlwxUkTFdbRZl81mNrXZsqUjKZjtjVGlmGwwRxvwahrU7b+
xFvHO55JP04=
</Encrypted></CancelInfo>
	  <ReservedInfo>
	    <MReserved1/>
	    <MReserved2/>
	    <MReserved3/></ReservedInfo>
	  <ManageInfo>
	    <Language/>
	    <URL/>
	    <TXVersion>5036B141209canceLinux     PHPchkfake   2.6.32-754.11.1.el6.x86_64PHP:</TXVersion>
	    <TXUserID/>
	    <TXRegNum/></ManageInfo></INIpay>AI0lo5ObOpqQn94FHuNQm0tX/lombsmNSZYwl8EJAnE+aRBa/qBXpnOk5DcYLjlX
jnDazyRkrwsn+0tpaEdNLf0+KlEOc+aa1KiaQvVdgLB9JfTtghUu9tgHsQ6U35U8
LchoVQNsoWHLoVaB+PX3Rz0DsrPItHVl48/HmdRkSOpM
]
INFO	[2022-09-12 23:26:38:143] <26525> DNS LOOKUP OK(203.238.37.3:203.238.37.3:34049) laptime:0
INFO	[2022-09-12 23:26:38:146] <26525> SOCKET CONNECT OK
INFO	[2022-09-12 23:26:38:146] <26525> SEND OK
INFO	[2022-09-12 23:26:38:960] <26525> RECV OK
INFO	[2022-09-12 23:26:38:960] <26525> MSG_FROM_PG:[0093300175D SHA1                   0                                      300430majorgol03                    INIMX_CARDmajorgol0320220912232335545949<?xml version="1.0" encoding="UTF-8"?><INIpay>
<CancelInfo>
<ResultCode>120000</ResultCode>
<ResultMsg urlencode="1">%C1%A4%BB%F3%C3%B3%B8%AE%B5%C7%BE%FA%BD%C0%B4%CF%B4%D9.</ResultMsg>
<SessionKey>APUeyklKh9q6fHc53oWcO+c14xfbAzpul1hcWwu09nOMdapInvTQGF3bpBHge+vf
QeAZ6Jy95+X+a4neApjtpf2FBAlxTNxyNh4GNGz9QqAZPcu4WH3f7mU3E41X4K4j
vh7IUMHm224fsrFE0EzKrwA8Owp5pETWqUs1xKhPJj+eLhnM2TuFWb4=
</SessionKey>
<Encrypted>1CZswXTqdjga+hc5UFddEDwhsjS5fiVJvSy1n8+wWqamp9NSyinEqxX/fQ4DOxV5
9Kr9gUfGjJHokvtMYMyJxKytbMK0i88Zy7mk2yYK7CHJR1FzvrdZrlvAP5MPPXUZ
i3T8A7gJDX+hfEUIGvuMOWIS/ByHjffOUAi6nvvrGbZR3kvyrwDT4AgfVQRmRzsh
l3eNs2jIL6MqPVZ8LhBZtdmanPQPdYGmhe91rQf8EcbPiu/SzcQSXpvI0B5zK80s
xSnxuUEBfhrFUgq/g+ux+ZpJ67htoPWEabEAbuJqpoKViEjoY3cMcvpFvbwpyQj1
/t7EOAIRbRN5O3eUHo+B0IDgzOquBBGz
</Encrypted>
</CancelInfo>
<ManageInfo/>
<ReservedInfo>
<MReserved1 urlencode="1"/>
<MReserved2 urlencode="1"/>
<MReserved3 urlencode="1"/>
</ReservedInfo>
</INIpay>
YZRvl5MNhBZc7pnIu6fLQ9/8Oj5Hhyc+gjdjBkYQCdiSPZkdqOtgvpzZRNwrAb8d
stmu/Oh4AKl/SHw5k0CRXhF8CxOkTezpBCTw9HMJ5LiQZM8pA5Pe3ItrpLe02H9i
QSPStafv8aEG1NsN7L3wesWml4Xo3o5YVCTDn5QnaZ8=
]
INFO	[2022-09-12 23:26:38:960] <26525> VERIFY OK
INFO	[2022-09-12 23:26:38:960] <26525> PARSE HEAD OK
INFO	[2022-09-12 23:26:38:960] <26525> PARSE BODY OK
INFO	[2022-09-12 23:26:38:961] <26525> DECRYPT OK
DEBUG	[2022-09-12 23:26:38:961] <26525> DECRYPT MSG:[<?xml version="1.0" encoding="UTF-8"?><CancelInfo>
<CancelDate>20220912</CancelDate>
<CancelTime>232639</CancelTime>
<ResultCode>120000</ResultCode>
<ResultMsg urlencode="1">%C1%A4%BB%F3%C3%B3%B8%AE%B5%C7%BE%FA%BD%C0%B4%CF%B4%D9.</ResultMsg>
</CancelInfo>]
INFO	[2022-09-12 23:26:38:961] <26525> DECRYPT PARSE OK
INFO	[2022-09-12 23:26:38:962] <26525> END cancel 정상처리되었습니다. Laptime:[0.822sec]
INFO	[2022-09-12 23:26:38:962] <26525> ===============================================================
