INFO	[2022-10-30 13:42:22:303] <26976> START INIPHP receipt (V5036-141209)(OS:Linux2.6.32-754.11.1.el6.x86_64,PHP:5.3.3)
DEBUG	[2022-10-30 13:42:22:303] <26976> inipayhome:/home1/killdeal/public_html/shop/inicis
DEBUG	[2022-10-30 13:42:22:303] <26976> debug:false
DEBUG	[2022-10-30 13:42:22:303] <26976> type:receipt
DEBUG	[2022-10-30 13:42:22:303] <26976> pgid:INIphpRECP
DEBUG	[2022-10-30 13:42:22:303] <26976> paymethod:CASH
DEBUG	[2022-10-30 13:42:22:303] <26976> currency:WON
DEBUG	[2022-10-30 13:42:22:303] <26976> admin:1111
DEBUG	[2022-10-30 13:42:22:303] <26976> mid:majorgol03
DEBUG	[2022-10-30 13:42:22:303] <26976> goodname:핫딜4장1세트리카타프리미엄올양피남여골프장갑
DEBUG	[2022-10-30 13:42:22:303] <26976> cr_price:26900
DEBUG	[2022-10-30 13:42:22:303] <26976> sup_price:24455
DEBUG	[2022-10-30 13:42:22:303] <26976> tax:2445
DEBUG	[2022-10-30 13:42:22:303] <26976> srvc_price:0
DEBUG	[2022-10-30 13:42:22:303] <26976> buyername:최근섭
DEBUG	[2022-10-30 13:42:22:303] <26976> buyeremail:pooungak@hanmail.net
DEBUG	[2022-10-30 13:42:22:303] <26976> buyertel:01066592640
DEBUG	[2022-10-30 13:42:22:303] <26976> reg_num:6301121530827
DEBUG	[2022-10-30 13:42:22:303] <26976> useopt:0
DEBUG	[2022-10-30 13:42:22:303] <26976> companynumber:
INFO	[2022-10-30 13:42:22:303] <26976> Check Field OK
INFO	[2022-10-30 13:42:22:303] <26976> Make TID OK INIphpRECPmajorgol0320221030134222033394
INFO	[2022-10-30 13:42:22:303] <26976> PI PUB KEY LOAD OK []
INFO	[2022-10-30 13:42:22:304] <26976> PG PUB KEY LOAD OK [30]
INFO	[2022-10-30 13:42:22:304] <26976> MERCHANT PRIV KEY LOAD OK
INFO	[2022-10-30 13:42:22:304] <26976> MERCHANT PUB KEY LOAD OK [0]
DEBUG	[2022-10-30 13:42:22:305] <26976> MAKE ENCRYPT OK[<?xml version="1.0" encoding="UTF-8"?>
<PaymentInfo>
	  <Payment>
	    <CASH>
	      <CSHR_ApplPrice>26900</CSHR_ApplPrice>
	      <CSHR_SupplyPrice>24455</CSHR_SupplyPrice>
	      <CSHR_Tax>2445</CSHR_Tax>
	      <CSHR_ServicePrice/>
	      <CSHR_Type>0</CSHR_Type>
	      <CSHR_RegNum>6301121530827</CSHR_RegNum>
	      <CSHR_CompanyNum/></CASH></Payment></PaymentInfo>]
INFO	[2022-10-30 13:42:22:305] <26976> MAKE BODY OK
INFO	[2022-10-30 13:42:22:306] <26976> SIGN OK
INFO	[2022-10-30 13:42:22:306] <26976> MAKE HEAD OK
INFO	[2022-10-30 13:42:22:306] <26976> MSG_TO_PG:[0196500175D SHA1                   0                                      300200majorgol03               26900INIphpRECPmajorgol0320221030134222033394<?xml version="1.0" encoding="UTF-8"?>
<INIpay>
	  <GoodsInfo>
	    <GoodsCnt>1</GoodsCnt>
	    <MOID/>
	    <Currency>WON</Currency>
	    <Tax>2445</Tax>
	    <TaxFree/>
	    <Goods>
	      <SMID>majorgol03</SMID>
	      <GoodsName urlencode="1">%C7%D6%B5%F44%C0%E51%BC%BC%C6%AE%B8%AE%C4%AB%C5%B8%C7%C1%B8%AE%B9%CC%BE%F6%BF%C3%BE%E7%C7%C7%B3%B2%BF%A9%B0%F1%C7%C1%C0%E5%B0%A9</GoodsName>
	      <GoodsPrice>26900</GoodsPrice></Goods></GoodsInfo>
	  <BuyerInfo>
	    <BuyerName urlencode="1">%C3%D6%B1%D9%BC%B7</BuyerName>
	    <BuyerTel>01066592640</BuyerTel>
	    <BuyerEmail urlencode="1">pooungak%40hanmail.net</BuyerEmail>
	    <ParentEmail/>
	    <RecvName/>
	    <RecvTel/>
	    <RecvMsg/>
	    <RecvAddr/>
	    <RecvPostNum/></BuyerInfo>
	  <PaymentInfo>
	    <Payment>
	      <PayMethod>CASH</PayMethod>
	      <JoinCard/>
	      <JoinExpire/>
	      <MailOrder/>
	      <SessionKey>2a0sVDqN979Zpk8d6hl/BrsaonviGrW68NxejlvwxPDZ5algFMbYnXEwnIanU3RE
65Ve4nRy7g7SBgGXj1npiTP/1tpN1moNAAACzb4GFRYoSzvTPAKhpD3izvJlc3k+
Sz7/y0UqAZCAUjY62m7KSqkZFoSxLumNJuBSTal56zpchIF6pblh/w==
</SessionKey>
	      <Encrypted>jRXT0oaP84z6z4NmQLX9q7p29hdQOYTFkbXabv1OM5Z6cQmnI1edppGkVCWPWAzq
8mHuJ5ZuYvMtAMvwDk9sFfMOH4IndZ8/5Uentm5KhvOM1rGGjnrHAhJ9hnBcUB/6
b27zp+LlcrbppCwdDqax3x97Co7ZU1Cgif2Lqs6eCXZPPp6exllGX55mVue+IsL7
8wnD6djEqL91rVdSosc0qdI+gjqqR3fSNJVzWbIp1hMFiAJ3O7xxL+ZrtQLibMdI
YVpsfT5fPvQk6h1Pkimvp+MafGZTycTubiuN6klBYQ5tD+6wz+R+q5dUXf9FhM7P
bbRMku04l0IUKxMRKYVr/JLuZVpdJCqfQZQI975s2hE+Vx2rhKvlxOWg6ZQD/g06
eGgsP0VvRvI6YmGldkXdz5H047+rhyAyObrrH9G6rGiWduq98lTsXGaMUuotd3Kl
EZ4Am/0fuxFC8zd0/4B+aRH4d4kT4Bod2LeMWVE7vRVUCRaHcvc5+w==
</Encrypted></Payment></PaymentInfo>
	  <ReservedInfo>
	    <MReserved1/>
	    <MReserved2/>
	    <MReserved3/></ReservedInfo>
	  <ManageInfo>
	    <Language/>
	    <URL/>
	    <TXVersion>5036B141209receiLinux     PHPchkfake   2.6.32-754.11.1.el6.x86_64PHP:</TXVersion>
	    <TXUserID/>
	    <TXRegNum/>
	    <Ack>1</Ack></ManageInfo></INIpay>AMJw4z5roqYKEb1s/vkqy7/hKZOUPfpTPcO4S+ZJyCEUQ6gnUCj5roShPrjoziTt
hSehGlvTq9zbOjfJzq7S+B3tbhDdLsXVQbHzGVycecqBWY6tvHV+lGs0GAgyS4Db
TxD77POClFlCiryqipU+pjzyEAuhhS+iAm/ZlsuzPzJ6
]
INFO	[2022-10-30 13:42:22:306] <26976> DNS LOOKUP OK(203.238.37.3:203.238.37.3:34049) laptime:0
INFO	[2022-10-30 13:42:22:309] <26976> SOCKET CONNECT OK
INFO	[2022-10-30 13:42:22:309] <26976> SEND OK
INFO	[2022-10-30 13:42:22:406] <26976> RECV OK
INFO	[2022-10-30 13:42:22:406] <26976> MSG_FROM_PG:[0169800175D SHA1                   0                                      300210majorgol03               26900INIphpRECPmajorgol0320221030134222033394<?xml version="1.0" encoding="UTF-8"?><INIpay>
<GoodsInfo>
<GoodsCnt>1</GoodsCnt>
<MOID urlencode="1"/>
<Currency>WON</Currency>
<Goods no="1">
<SMID>majorgol03</SMID>
<GoodsName urlencode="1">%C7%D6%B5%F44%C0%E51%BC%BC%C6%AE%B8%AE%C4%AB%C5%B8%C7%C1%B8%AE%B9%CC%BE%F6%BF%C3%BE%E7%C7%C7%B3%B2%BF%A9%B0%F1%C7%C1%C0%E5%B0%A9</GoodsName>
<GoodsCntS>1</GoodsCntS>
<GoodsPrice>26900</GoodsPrice>
</Goods>
</GoodsInfo>
<PaymentInfo>
<Payment>
<SessionKey>ANoMi7XEYGrkfE0pRDqnJMCTT1B1CY6KpR9DRyelKomWlwEYj8by6NKt6Xg1kEwp
fsJG+Ng5iMAz8fs6Z3xI3lwWOVgH9dKEwfTV14Ii6DCLp06aoe3Xpra7UDicQ/Jv
dhjjyCTp1JnehawfHOkKHMZMZ1K6W2Mx6huvolhqNHQigYBqBM8cqVo=
</SessionKey>
<Encrypted>aR8EekAQXae3UHhGe6h5aQxA8LwXBotSvKKnqoASseJdCvszSf8YfwTWfabkfXrB
pASjmZ1dhP0dLUQLFt9Uhf5Lu2qHhwEr43q6vBCt0aDAp80SIWZNLX64GAnwJsM0
4HZInT6HYJ71kQu4rTA1fgxYdFSaVMqfbHREsZvLevgjqmDm77w11+bdNgKddqwQ
6v2Ohog3u/u+/a3PQexKQQkrYUbkrDh//8H9J3LyhcC0qnX4rsjU26ZJtC4pjNPc
m7EFoneIfpSwLz797kaNnuoTHwzqrkmRMwTXjS6IFEH+Vqn1HiIFOHOX5f+AXiAv
tItItT1bno9Mn8PMp1rRnZNcu38fJyg2NKRnRshkmK8fMSEwcgNDkdxElr28+mwv
3LUv8ldJ55aF3VJ9BTnc2XGDqWeY8l6nS+Dnwi5gxPfgp3x+wyuR8WsGZ0ot8uDW
Un5zx440xtZb4F3nVJzfTtNa5+YZyDwhC/YR7Vu3ngyz41p1eKwnqbE7jlN7m7Hi
7ZO750R4BfYrFbCOJhun8i5QAn7qBYcEZhMSjn7+EZQTHceQqvoehprMh/uQAZaw
FmUX94c+6nwwUyvhHd1HU1CFTKH5LJ8aHJSFQ2g8W+1f0beyHhrJ9gzUVRuymoYF
8/LI4nWC4Uf35sIho/H3PA32Wwa4fkgWMM8zGA2m0vvwZMlWSxIGaw==
</Encrypted>
<PayMethod>CASH</PayMethod>
<ResultCode>220000</ResultCode>
<ResultMsg urlencode="1">%C1%A4%BB%F3%C3%B3%B8%AE%B5%C7%BE%FA%BD%C0%B4%CF%B4%D9.</ResultMsg>
</Payment>
</PaymentInfo>
<ManageInfo/>
<ReservedInfo>
<MReserved1 urlencode="1"/>
<MReserved2 urlencode="1"/>
<MReserved3 urlencode="1"/>
</ReservedInfo>
</INIpay>
tZTV1NQzurPHentvKB+/G4NITMfGB6Uhkunav9X4uI8MR62yJM4QIMTwMDEMbdc7
qGsyv/4hRCw0hy5o05AVhn8kSnuiGPl5+YLD73ehWVovcvD70vebND3oVDylWwUO
sBN4zg7FYsULF/QjsMTHiUi6HG/2nyDZgqnK/EUYs4s=
]
INFO	[2022-10-30 13:42:22:406] <26976> VERIFY OK
INFO	[2022-10-30 13:42:22:406] <26976> PARSE HEAD OK
INFO	[2022-10-30 13:42:22:407] <26976> PARSE BODY OK
INFO	[2022-10-30 13:42:22:408] <26976> DECRYPT OK
DEBUG	[2022-10-30 13:42:22:408] <26976> DECRYPT MSG:[<?xml version="1.0" encoding="UTF-8"?><PaymentInfo>
<Payment>
<CASH>
<CSHR_ApplPrice>26900</CSHR_ApplPrice>
<CSHR_SupplyPrice>24455</CSHR_SupplyPrice>
<CSHR_Tax>2445</CSHR_Tax>
<CSHR_ServicePrice/>
<CSHR_Type>0</CSHR_Type>
<CSHR_ApplDate>20221030</CSHR_ApplDate>
<CSHR_ApplTime>134223</CSHR_ApplTime>
<CSHR_ApplNum>266024972</CSHR_ApplNum>
<CSHR_ResultCode>220000</CSHR_ResultCode>
<CSHR_ResultMsg urlencode="1">%C1%A4%BB%F3%C3%B3%B8%AE%B5%C7%BE%FA%BD%C0%B4%CF%B4%D9.</CSHR_ResultMsg>
</CASH>
</Payment>
</PaymentInfo>]
INFO	[2022-10-30 13:42:22:408] <26976> DECRYPT PARSE OK
INFO	[2022-10-30 13:42:22:408] <26976> WAIT ACK INVOKING
DEBUG	[2022-10-30 13:42:22:408] <26976> MAKE HEAD OK
INFO	[2022-10-30 13:42:22:412] <26976> SUCCESS ACK INVOKING
INFO	[2022-10-30 13:42:22:412] <26976> END receipt 정상처리되었습니다. Laptime:[0.109sec]
INFO	[2022-10-30 13:42:22:412] <26976> ===============================================================
