INFO	[2020-07-31 15:58:06:892] <27672> START INIPHP cancel (V5036-141209)(OS:Linux2.6.32-754.11.1.el6.x86_64,PHP:5.3.3)
DEBUG	[2020-07-31 15:58:06:892] <27672> inipayhome:/home/killdeal/public_html/shop/inicis
DEBUG	[2020-07-31 15:58:06:892] <27672> debug:false
DEBUG	[2020-07-31 15:58:06:892] <27672> type:cancel
DEBUG	[2020-07-31 15:58:06:892] <27672> mid:majorgol03
DEBUG	[2020-07-31 15:58:06:892] <27672> admin:1111
DEBUG	[2020-07-31 15:58:06:892] <27672> tid:StdpayVBNKmajorgol0320200731155744959674
DEBUG	[2020-07-31 15:58:06:892] <27672> cancelmsg:주문자 본인 취소-구매의사 없음
INFO	[2020-07-31 15:58:06:892] <27672> Check Field OK
INFO	[2020-07-31 15:58:06:892] <27672> PI PUB KEY LOAD OK []
INFO	[2020-07-31 15:58:06:892] <27672> PG PUB KEY LOAD OK [30]
INFO	[2020-07-31 15:58:06:892] <27672> MERCHANT PRIV KEY LOAD OK
INFO	[2020-07-31 15:58:06:892] <27672> MERCHANT PUB KEY LOAD OK [0]
DEBUG	[2020-07-31 15:58:06:893] <27672> MAKE ENCRYPT OK[<?xml version="1.0" encoding="UTF-8"?>
<CancelInfo>
	  <CancelTID>StdpayVBNKmajorgol0320200731155744959674</CancelTID>
	  <CancelMsg urlencode="1">%C1%D6%B9%AE%C0%DA+%BA%BB%C0%CE+%C3%EB%BC%D2-%B1%B8%B8%C5%C0%C7%BB%E7+%BE%F8%C0%BD</CancelMsg>
	  <CancelReason/></CancelInfo>]
INFO	[2020-07-31 15:58:06:893] <27672> MAKE BODY OK
INFO	[2020-07-31 15:58:06:893] <27672> SIGN OK
INFO	[2020-07-31 15:58:06:893] <27672> MAKE HEAD OK
INFO	[2020-07-31 15:58:06:893] <27672> MSG_TO_PG:[0099400175D SHA1                   0                                      300420majorgol03                    StdpayVBNKmajorgol0320200731155744959674<?xml version="1.0" encoding="UTF-8"?>
<INIpay>
	  <CancelInfo>
	    <SessionKey>cJWBFkimKqc5SuS1zFvtFaKxqZGwP3KfczQ3u8gPQQiStxPqCu5ueyw3no3xdqg5
+/VsGrZT2tSpk0PqdZaIaTEk3mi2w5Q9HZ0ssXWzJ55dB1s9jNcNlYaxlUp1Oo/z
H6+I8ZHx6F/Du3rUWu9R+Vq17NSAAeebYYuybE7gy32cOwWgxD6D1g==
</SessionKey>
	    <Encrypted>ojSMMIgFj/gKF4CW2QtssP5ynquvBouYHbsXpEUOiFyt6xLyzwVmRA8NVOg2lJY/
Q6oqFDYPZ9P3lgAf5NtOB4G4iNvFKtZ+4uJ6r0yhdp3JsukxfTJ4Hs9WvGrFJQBm
ZngvbjsAYO31kP8UV4Nl1K8ClWnlJspW2LOxF/L2w5ZS9IaOUsgL4QnTJ2ZKBaHx
pMoTIk92yjlIK/l8SjRFQzCLIAJj+qdaPsQalFRBb0ODEGFhc2wEB8f2gXGLMVAV
2I87DpN3b4HF6P2ENNTquC9FxTdboh267J9vWEwnGsvm5Z9t1O9rg/O51baSFhu7
+wR2PTuvUtNNZVJkjbzuznpx7jEOfVey3vLZgP0OnBwxFC1A3MM22g==
</Encrypted></CancelInfo>
	  <ReservedInfo>
	    <MReserved1/>
	    <MReserved2/>
	    <MReserved3/></ReservedInfo>
	  <ManageInfo>
	    <Language/>
	    <URL/>
	    <TXVersion>5036B141209canceLinux     PHPchkfake   2.6.32-754.11.1.el6.x86_64PHP:</TXVersion>
	    <TXUserID/>
	    <TXRegNum/></ManageInfo></INIpay>APTZKSaucOGDdM6duGiDOG8Y99rLHqNS0+lMN7yTGM+M0nb10KOx38aZXfEIizhG
zCR5KaVIXeGJdMD6MaBR6fCbGFNTjiXm3cVSTFat1YbzZjuSYt0Z5ohq/Er3eL44
0zKh5RoFvgrwSYuiGlG4C6FoHlQ6SqjlKgCqrtOgqUki
]
INFO	[2020-07-31 15:58:06:893] <27672> DNS LOOKUP OK(203.238.37.3:203.238.37.3:34049) laptime:0
INFO	[2020-07-31 15:58:06:896] <27672> SOCKET CONNECT OK
INFO	[2020-07-31 15:58:06:896] <27672> SEND OK
INFO	[2020-07-31 15:58:07:161] <27672> RECV OK
INFO	[2020-07-31 15:58:07:161] <27672> MSG_FROM_PG:[0159300175D SHA1                   0                                      300430majorgol03                    StdpayVBNKmajorgol0320200731155744959674<?xml version="1.0" encoding="UTF-8"?>
<INIpay>
  <CancelInfo>
    <ResultCode>170000</ResultCode>
    <ResultMsg urlencode="1">%C1%A4%BB%F3%C3%B3%B8%AE%B5%C7%BE%FA%BD%C0%B4%CF%B4%D9.</ResultMsg>
    <SessionKey>AMu9wCTA4gTsXowyau2WV3IPBEfPZXJIR9hcnLpUh9+rRtPew//yJxGaeKDwyjDY
9YczIQnCLLsMYT0J1hkDz3cHeIxh9H38imhfOGY07YmGBY1peH9Ef94aAw7RuJMY
pQX8g8MyYjHnRXNO+ZSvUOQtM3hOZKUioabNgvpVjtox1RbW6dJRiXI=
</SessionKey>
    <Encrypted>EArTDW19zHZJUdxZ0bLbCHDj1iGWJIYP4i6Rec9wAOKty2HwDKiPEXMpMY3cUqAT
RkLFfpRz0cypq0VfJwjBxCMZaZkViJXOI1m22z4qQZfgzwgn1qPms2l7ohkkfq1n
FdQyghnDqG5XaD3ni2pq1V+TEgAkx8/BbveUGpHImX0UCjfh055z0F/BIoLssWmh
2vC7IluvuWYCzpTa1VOUBmeDEreNJ6GAiZvWZSx8mvjPw/d9W8gL1o5glWAfoVvM
LQE6vELvJonhOP4yLnzarXhTWqwgRSNvDBOd0799jjihlCDr2FwO+D5v+XLnxLha
xcMUQS7OMMOuYvZwhwLciJFjqmCmHkjfzPP5Jv8BZLergi42q3uv9GhKp5KwkDSk
539rbsS1wsxUnFth5yk5AV4cKc8oVtI9m2OaMPyHCEA11KB7Q/c2KLnFQUQvnSdc
Xhj+IjJhYJEzEF4RK/LQghPN0wLKyYTOrTHlsHv6b6ka3y46LGmPES1Wx9uOFZh3
Ndi4ioFw9y1fu5I2u1ZTH6/FcG2/YUemd7RHaBx1bhOhNt9ngH6EXblybaYCsnSh
V2wHH8INUnooqkl4CrdWOl3RcaAjWGmueixolL4V8kXWCiwwbWgN1df0Rr3HZ52Q
UFsQyCVFtPO34CI4s++payAGBd9otJm663olXje5XL0gxjwXYkVUPxN0IuIXI0ZG
n2mFAPZqOYsPoyXZ4wt2gVXAZ84BqB/CDEnGczyekwwb+g4yLShNuveXv/TCuJ1U
bLLtJ41mSyZ27umnCu7cGQ==
</Encrypted>
  </CancelInfo>
  <ManageInfo/>
  <ReservedInfo>
    <MReserved1 urlencode="1"></MReserved1>
    <MReserved2 urlencode="1"></MReserved2>
    <MReserved3 urlencode="1"></MReserved3>
    <PGReserved1 urlencode="1"></PGReserved1>
    <PGReserved2 urlencode="1"></PGReserved2>
    <PGReserved3 urlencode="1"></PGReserved3>
  </ReservedInfo>
</INIpay>
sDg7qDnCqksHU5RwNwwAz5vD2bDpfMTtn9JVr0u/1vuf8mqhwap+kR5VAujt2g8r
XeLLSwcN2+FNBxvbK5PArzw+lgFct50uXwQFWXX3k+FF+jgeG0BAUKM7/Cnz1SdD
jTurWYZ3pY99GMrbxX8XkJGzmU64DKN566NHt0UNptQ=
]
INFO	[2020-07-31 15:58:07:161] <27672> VERIFY OK
INFO	[2020-07-31 15:58:07:161] <27672> PARSE HEAD OK
INFO	[2020-07-31 15:58:07:161] <27672> PARSE BODY OK
INFO	[2020-07-31 15:58:07:162] <27672> DECRYPT OK
DEBUG	[2020-07-31 15:58:07:162] <27672> DECRYPT MSG:[<?xml version="1.0" encoding="UTF-8"?>
<CancelInfo>
  <CancelDate>20200731</CancelDate>
  <CancelTime>155808</CancelTime>
  <ResultCode>170000</ResultCode>
  <ResultMsg urlencode="1">%C1%A4%BB%F3%C3%B3%B8%AE%B5%C7%BE%FA%BD%C0%B4%CF%B4%D9.</ResultMsg>
  <CSHR_CancelNum></CSHR_CancelNum>
  <CSHR_CancelDate>20200731</CSHR_CancelDate>
  <CSHR_CancelTime>155808</CSHR_CancelTime>
  <CSHR_ResultCode>220000</CSHR_ResultCode>
  <CSHR_ResultMsg urlencode="1">%C1%A4%BB%F3%C3%B3%B8%AE%B5%C7%BE%FA%BD%C0%B4%CF%B4%D9.</CSHR_ResultMsg>
  <VACT_FlgRemit urlencode="1"></VACT_FlgRemit>
</CancelInfo>]
INFO	[2020-07-31 15:58:07:162] <27672> DECRYPT PARSE OK
INFO	[2020-07-31 15:58:07:162] <27672> END cancel 정상처리되었습니다. Laptime:[0.27sec]
INFO	[2020-07-31 15:58:07:162] <27672> ===============================================================
INFO	[2020-07-31 16:00:38:18] <27656> START INIPHP cancel (V5036-141209)(OS:Linux2.6.32-754.11.1.el6.x86_64,PHP:5.3.3)
DEBUG	[2020-07-31 16:00:38:18] <27656> inipayhome:/home/killdeal/public_html/shop/inicis
DEBUG	[2020-07-31 16:00:38:18] <27656> debug:false
DEBUG	[2020-07-31 16:00:38:18] <27656> type:cancel
DEBUG	[2020-07-31 16:00:38:18] <27656> mid:majorgol03
DEBUG	[2020-07-31 16:00:38:18] <27656> admin:1111
DEBUG	[2020-07-31 16:00:38:18] <27656> tid:StdpayISP_majorgol0320200731160025692313
DEBUG	[2020-07-31 16:00:38:18] <27656> cancelmsg:주문자 본인 취소-구매의사 없음
INFO	[2020-07-31 16:00:38:18] <27656> Check Field OK
INFO	[2020-07-31 16:00:38:18] <27656> PI PUB KEY LOAD OK []
INFO	[2020-07-31 16:00:38:18] <27656> PG PUB KEY LOAD OK [30]
INFO	[2020-07-31 16:00:38:18] <27656> MERCHANT PRIV KEY LOAD OK
INFO	[2020-07-31 16:00:38:19] <27656> MERCHANT PUB KEY LOAD OK [0]
DEBUG	[2020-07-31 16:00:38:19] <27656> MAKE ENCRYPT OK[<?xml version="1.0" encoding="UTF-8"?>
<CancelInfo>
	  <CancelTID>StdpayISP_majorgol0320200731160025692313</CancelTID>
	  <CancelMsg urlencode="1">%C1%D6%B9%AE%C0%DA+%BA%BB%C0%CE+%C3%EB%BC%D2-%B1%B8%B8%C5%C0%C7%BB%E7+%BE%F8%C0%BD</CancelMsg>
	  <CancelReason/></CancelInfo>]
INFO	[2020-07-31 16:00:38:19] <27656> MAKE BODY OK
INFO	[2020-07-31 16:00:38:20] <27656> SIGN OK
INFO	[2020-07-31 16:00:38:20] <27656> MAKE HEAD OK
INFO	[2020-07-31 16:00:38:20] <27656> MSG_TO_PG:[0099400175D SHA1                   0                                      300420majorgol03                    StdpayISP_majorgol0320200731160025692313<?xml version="1.0" encoding="UTF-8"?>
<INIpay>
	  <CancelInfo>
	    <SessionKey>IYVUuucUqzX4T8r/d0rHFOdV3Y2lW41YTHRA52nCPlguc5m/nFvQX3Gi7O9g6Een
4b6FhuqbuWhNI4QPMaW/IHdMt1/D+Ryv2+kHVc5Zp46lKiMoYizdvzG4E2eggf2p
wneO2Y4UdbphuqI0LWDBhqJpcvdQAZAG0/brlbJKw1YDvy5WLUooYw==
</SessionKey>
	    <Encrypted>m1n4zp8ee0pWHxgP3xsGRbD/Bbiu/6N8iVgoOd98UyLTLWL8LSw/orrmcQpM/C7C
sVxuMRBGE4KvLjj41/L9yMLUdEZh8RJTrYZx8hqhnDG6dxxkx+y02N5E8v1IpWQv
dVQRsdHIhBAgGj5CCP5Nq5wZNr03Oqmfzf/8AEnMEkWNGbK9Y84CuwOUopgRgPhi
3Khcdft/2psDDcLSklLV9EAADt0vSymW375Ku+VKeVyRO8ic4hc3qKeHAWrHsIce
+2Ump5A12jF+eS6d99LbHTQaBJcAMsSJ1HVAwqBoZmZyzi6lkh/etTRhVAEXr15T
4lGxnX2tvypkRx012MYDoDhyLdDP7hmtfw4t3VsibWt6ink3vRxPUA==
</Encrypted></CancelInfo>
	  <ReservedInfo>
	    <MReserved1/>
	    <MReserved2/>
	    <MReserved3/></ReservedInfo>
	  <ManageInfo>
	    <Language/>
	    <URL/>
	    <TXVersion>5036B141209canceLinux     PHPchkfake   2.6.32-754.11.1.el6.x86_64PHP:</TXVersion>
	    <TXUserID/>
	    <TXRegNum/></ManageInfo></INIpay>ARw013LMA0BDok6vO4NmbRIfLIRTgnIvyTQ96QiBE5LSCzmv9bDkczF+fCNJsqMV
DOU97CVW2LhY2a0H85I/geL+fe7QPKnEyvQFsV1DRjTL6KVaqWiGLPE8F9QLCiPi
mHE5UCQuQLYDyEMj3Y/K0JlzCWamLV012TND8vwYdOGe
]
INFO	[2020-07-31 16:00:38:20] <27656> DNS LOOKUP OK(203.238.37.3:203.238.37.3:34049) laptime:0
INFO	[2020-07-31 16:00:38:21] <27656> SOCKET CONNECT OK
INFO	[2020-07-31 16:00:38:21] <27656> SEND OK
INFO	[2020-07-31 16:00:38:498] <27656> RECV OK
INFO	[2020-07-31 16:00:38:498] <27656> MSG_FROM_PG:[0108200175D SHA1                   0                                      300430majorgol03                    StdpayISP_majorgol0320200731160025692313<?xml version="1.0" encoding="UTF-8"?>
<INIpay>
  <CancelInfo>
    <ResultCode>170000</ResultCode>
    <ResultMsg urlencode="1">%C1%A4%BB%F3%BF%CF%B7%E1</ResultMsg>
    <SessionKey>ALes2Cr6UxmATeP+Ssb6cn3LQe95Qjg49DexQZyjsrpPQTA945NO0i0IDTsHyrfj
hEDUhqd/kHPNG3atZ5F1KlmZqz9Cov3GeEqEG9KFw8xaCuI0g3ORjbsk05Yfrv0j
nSg6s6EV7ox8zouZkHQgx59DkmfHKXN92wLBrfo7MAkAfkRjG/rezGY=
</SessionKey>
    <Encrypted>4dJoeODjwUecF/orFztfW2sskL3Zyh/85i8m96bFVyyywRcZft/YOh7PHAdMTjci
bsyaxn9La/cz7rYU1v1Dgy88i0cCWO96m+So79PxgDgAM7sSKP7JCmNzcqxZ3eYb
qddRzWJ2A8B+26uMjKpgb9whNstJ02HaDAexPD6q5srh5wa67MvJu5tSTpAQbSjM
urveHzya3P8mSHMaF1gKtn17HRigBg5qluEF28pZmulKTN1fdo3/1KwApJreycHn
m6bkNRiy+Px881+UVZ1KspmfwOx//mV/CC2KZ8Pi0CSb48ew78boAenJl2efLD8x
</Encrypted>
  </CancelInfo>
  <ManageInfo/>
  <ReservedInfo>
    <MReserved1 urlencode="1"></MReserved1>
    <MReserved2 urlencode="1"></MReserved2>
    <MReserved3 urlencode="1"></MReserved3>
    <PGReserved1 urlencode="1"></PGReserved1>
    <PGReserved2 urlencode="1"></PGReserved2>
    <PGReserved3 urlencode="1"></PGReserved3>
  </ReservedInfo>
</INIpay>
dUPfbD/vORSAjXUCQy1z5tNoidlkttwXcQiltTB+vBI0DFGSWxIrF5kI+baJ71O1
+1kcG3zX88xM6TGcxCjnJqfg3P6ACEMMrfgGEudKkgp6jV51np27SLsaNiQsFn+6
GZH8H/MyhDRA0FObQYlhOVu6IXp+THZAhKtm93CFhsY=
]
INFO	[2020-07-31 16:00:38:498] <27656> VERIFY OK
INFO	[2020-07-31 16:00:38:498] <27656> PARSE HEAD OK
INFO	[2020-07-31 16:00:38:498] <27656> PARSE BODY OK
INFO	[2020-07-31 16:00:38:499] <27656> DECRYPT OK
DEBUG	[2020-07-31 16:00:38:499] <27656> DECRYPT MSG:[<?xml version="1.0" encoding="UTF-8"?>
<CancelInfo>
  <CancelDate>20200731</CancelDate>
  <CancelTime>160039</CancelTime>
  <ResultCode>170000</ResultCode>
  <ResultMsg urlencode="1">%C1%A4%BB%F3%BF%CF%B7%E1</ResultMsg>
</CancelInfo>]
INFO	[2020-07-31 16:00:38:499] <27656> DECRYPT PARSE OK
INFO	[2020-07-31 16:00:38:499] <27656> END cancel 정상완료 Laptime:[0.481sec]
INFO	[2020-07-31 16:00:38:499] <27656> ===============================================================
