INFO	[2021-08-18 09:42:18:746] <23424> START INIPHP cancel (V5036-141209)(OS:Linux2.6.32-754.11.1.el6.x86_64,PHP:5.3.3)
DEBUG	[2021-08-18 09:42:18:746] <23424> inipayhome:/home1/killdeal/public_html/shop/inicis
DEBUG	[2021-08-18 09:42:18:746] <23424> debug:false
DEBUG	[2021-08-18 09:42:18:746] <23424> type:cancel
DEBUG	[2021-08-18 09:42:18:746] <23424> mid:majorgol03
DEBUG	[2021-08-18 09:42:18:746] <23424> admin:1111
DEBUG	[2021-08-18 09:42:18:746] <23424> tid:StdpayCARDmajorgol0320210818094218045760
DEBUG	[2021-08-18 09:42:18:746] <23424> cancelmsg:DB FAIL
INFO	[2021-08-18 09:42:18:746] <23424> Check Field OK
INFO	[2021-08-18 09:42:18:747] <23424> PI PUB KEY LOAD OK []
INFO	[2021-08-18 09:42:18:747] <23424> PG PUB KEY LOAD OK [30]
INFO	[2021-08-18 09:42:18:747] <23424> MERCHANT PRIV KEY LOAD OK
INFO	[2021-08-18 09:42:18:748] <23424> MERCHANT PUB KEY LOAD OK [0]
DEBUG	[2021-08-18 09:42:18:748] <23424> MAKE ENCRYPT OK[<?xml version="1.0" encoding="UTF-8"?>
<CancelInfo>
	  <CancelTID>StdpayCARDmajorgol0320210818094218045760</CancelTID>
	  <CancelMsg urlencode="1">DB+FAIL</CancelMsg>
	  <CancelReason/></CancelInfo>]
INFO	[2021-08-18 09:42:18:748] <23424> MAKE BODY OK
INFO	[2021-08-18 09:42:18:749] <23424> SIGN OK
INFO	[2021-08-18 09:42:18:749] <23424> MAKE HEAD OK
INFO	[2021-08-18 09:42:18:749] <23424> MSG_TO_PG:[0088500175D SHA1                   0                                      300420majorgol03                    StdpayCARDmajorgol0320210818094218045760<?xml version="1.0" encoding="UTF-8"?>
<INIpay>
	  <CancelInfo>
	    <SessionKey>30p0gmZd3pXTg8dpd5GdZRsXzRls/j7gtCVC/u5F786CuocLJenucOaRu/XKC56u
L0i+rDSrJNhqfmhxznMwStj9EcRZ6ttPLGKHXaQUONSmaT7EqaQZP+4wzVqJeV43
O4oHj4w4L/+2lv+FbZCjpRlXnwYoq6KSahLsxXvuu+13fsy7RHQoFA==
</SessionKey>
	    <Encrypted>f+xCfo7waNDLdet1xVpqyvstUS/tMRf4cx12MgvCKz6Hn3nb1YEHDrnc9k13iSiy
11Cxg+lMigipkGwDPtNTif7vXunQHx7ysY3XADdNaIRvzbYT5UIlxUsP87EYbyfY
4CX1PkU0xcTatvFs4NxN1H0ARAqu4qhPsEh3YyL5AXhO76fc3rNlV0kickQLuawY
oDrGVkttiFGaDMc3db6te5g5WCXTvhM+ONkq/yKrE9ufH5asTf4O+m5s0m6b4M4O
RxsVosj5HB4=
</Encrypted></CancelInfo>
	  <ReservedInfo>
	    <MReserved1/>
	    <MReserved2/>
	    <MReserved3/></ReservedInfo>
	  <ManageInfo>
	    <Language/>
	    <URL/>
	    <TXVersion>5036B141209canceLinux     PHPchkfake   2.6.32-754.11.1.el6.x86_64PHP:</TXVersion>
	    <TXUserID/>
	    <TXRegNum/></ManageInfo></INIpay>AFUMi3t5WEXv6aDh7f8ow3m8d9VLOlGfNEKxna8ydcvQdEnUPs5m5an9dS7fpcrS
CPOnXmQv4ZYa6LWjG5vopaUchPwgf9FVUNON62+Alyo/jiHV7uLdJmJt440kQCr2
BGsINOJxhFmwqFI1T7Hrg6GNxPSmtw+tQPX3VBEGCkZN
]
INFO	[2021-08-18 09:42:18:749] <23424> DNS LOOKUP OK(203.238.37.3:203.238.37.3:34049) laptime:0
INFO	[2021-08-18 09:42:18:755] <23424> SOCKET CONNECT OK
INFO	[2021-08-18 09:42:18:755] <23424> SEND OK
INFO	[2021-08-18 09:42:19:733] <23424> RECV OK
INFO	[2021-08-18 09:42:19:733] <23424> MSG_FROM_PG:[0093300175D SHA1                   0                                      300430majorgol03                    StdpayCARDmajorgol0320210818094218045760<?xml version="1.0" encoding="UTF-8"?><INIpay>
<CancelInfo>
<ResultCode>120000</ResultCode>
<ResultMsg urlencode="1">%C1%A4%BB%F3%C3%B3%B8%AE%B5%C7%BE%FA%BD%C0%B4%CF%B4%D9.</ResultMsg>
<SessionKey>AEjasm+rP1nj48zvnyPuBIY8LxEDiBjblXs0c0uf+Z8FHyt9mi0ARm78KMxQuZTu
GPZvU+nQshXQH+z/EVAhvhOk4G2qMH1JJI8JB4G5e5B+iMedQNVH1KXOTqDbVijH
ArLP1XpgNX4vLq7d63egHeXMYITwu5opubp+i4ElRNXmSG8MaVq8TEs=
</SessionKey>
<Encrypted>N0w72URmR57DMBu+9cna8OvD58AdETmHOzNtWefkPcyq+2pJHwNJLMimiMTcasfQ
lIGSuyEzuCQstz9GBAzqYTRKtaQ+QWg4k9clIGiTyC/zeo+qrWuzreL4aFPan22Y
xbbd3pR6nrcFrb3mPZHGu30NEXbahXQAOEXyMDxnSokxj5Dd+uADWBHONq1/VEiI
qm5xicTATx3IHvtv9KBJWCNKe83c+5bKy/Q3eIw9BbCoStL2p/Tl7HrVyC4E8kQZ
GoMbN0wBvqBwfZ42A+F/7Pci/8PxSBp5O0h3wWTnng6gOSdYo2yu6a8fbkOLHsu6
FaLNZMr5k7poECTtYYr56pjSXnw9sCaI
</Encrypted>
</CancelInfo>
<ManageInfo/>
<ReservedInfo>
<MReserved1 urlencode="1"/>
<MReserved2 urlencode="1"/>
<MReserved3 urlencode="1"/>
</ReservedInfo>
</INIpay>
SnLxLyQ3GQY5DorTD2ataC4aCueHjwMrTiJAugPF2fSqCW1z4I39hqY0/10inRAe
j9v/WDGK71grDr0C8wNFb0h4CoZeClbidIge3jqULga2/HIZ7gH+4SlNrPZNU3Cc
qjLvtnIaaN2slkJXOVaVX+t1j1Z9dHKF96wEUxsI5/c=
]
INFO	[2021-08-18 09:42:19:733] <23424> VERIFY OK
INFO	[2021-08-18 09:42:19:733] <23424> PARSE HEAD OK
INFO	[2021-08-18 09:42:19:733] <23424> PARSE BODY OK
INFO	[2021-08-18 09:42:19:734] <23424> DECRYPT OK
DEBUG	[2021-08-18 09:42:19:734] <23424> DECRYPT MSG:[<?xml version="1.0" encoding="UTF-8"?><CancelInfo>
<CancelDate>20210818</CancelDate>
<CancelTime>094219</CancelTime>
<ResultCode>120000</ResultCode>
<ResultMsg urlencode="1">%C1%A4%BB%F3%C3%B3%B8%AE%B5%C7%BE%FA%BD%C0%B4%CF%B4%D9.</ResultMsg>
</CancelInfo>]
INFO	[2021-08-18 09:42:19:734] <23424> DECRYPT PARSE OK
INFO	[2021-08-18 09:42:19:734] <23424> END cancel 정상처리되었습니다. Laptime:[0.987sec]
INFO	[2021-08-18 09:42:19:734] <23424> ===============================================================
INFO	[2021-08-18 09:45:44:580] <23448> START INIPHP cancel (V5036-141209)(OS:Linux2.6.32-754.11.1.el6.x86_64,PHP:5.3.3)
DEBUG	[2021-08-18 09:45:44:580] <23448> inipayhome:/home1/killdeal/public_html/shop/inicis
DEBUG	[2021-08-18 09:45:44:580] <23448> debug:false
DEBUG	[2021-08-18 09:45:44:580] <23448> type:cancel
DEBUG	[2021-08-18 09:45:44:580] <23448> mid:majorgol03
DEBUG	[2021-08-18 09:45:44:580] <23448> admin:1111
DEBUG	[2021-08-18 09:45:44:580] <23448> tid:StdpayCARDmajorgol0320210818094543936481
DEBUG	[2021-08-18 09:45:44:580] <23448> cancelmsg:DB FAIL
INFO	[2021-08-18 09:45:44:580] <23448> Check Field OK
INFO	[2021-08-18 09:45:44:580] <23448> PI PUB KEY LOAD OK []
INFO	[2021-08-18 09:45:44:580] <23448> PG PUB KEY LOAD OK [30]
INFO	[2021-08-18 09:45:44:580] <23448> MERCHANT PRIV KEY LOAD OK
INFO	[2021-08-18 09:45:44:580] <23448> MERCHANT PUB KEY LOAD OK [0]
DEBUG	[2021-08-18 09:45:44:581] <23448> MAKE ENCRYPT OK[<?xml version="1.0" encoding="UTF-8"?>
<CancelInfo>
	  <CancelTID>StdpayCARDmajorgol0320210818094543936481</CancelTID>
	  <CancelMsg urlencode="1">DB+FAIL</CancelMsg>
	  <CancelReason/></CancelInfo>]
INFO	[2021-08-18 09:45:44:581] <23448> MAKE BODY OK
INFO	[2021-08-18 09:45:44:581] <23448> SIGN OK
INFO	[2021-08-18 09:45:44:581] <23448> MAKE HEAD OK
INFO	[2021-08-18 09:45:44:581] <23448> MSG_TO_PG:[0088500175D SHA1                   0                                      300420majorgol03                    StdpayCARDmajorgol0320210818094543936481<?xml version="1.0" encoding="UTF-8"?>
<INIpay>
	  <CancelInfo>
	    <SessionKey>wyuu72pRtCUi/2reGOr6IzFxR/pRtT0gRSP32fiGY2g5yUeExhpgTYFT/grGfw72
9/Uarqhwrh/QyOuKDPNvIbY6pR4bQDgKZ/YOSwCAIRYleQJ7GOwnVAhb/2ezyjp8
dBwHfSZzRIhvRYAoHgojJnbWjSEAZ3oS22q/W8CgPHBnhat5X2wdZQ==
</SessionKey>
	    <Encrypted>dX5SAFE0NX7MI7l+lBNMjTiWj97+ExXQObU5cGc6ZWE7G9AmpwTyvA/PVO8GN94G
pInzgbb6VmzZSL5PBFMF24apsAjMi1gbvbT11dL25cu1LzPnw4pmnpyx86m0qn4j
iOlaWURbWsUe/tm7bb9g0drhxz/7m51HioAJ9wxEjufPloJ1co+y5VPPVjo/FlVP
3eIC6seJswqsckyf34mHWN/0CekYfZVSeWtKMrOR+QP/yZ1uXOfVXPND+3nwheKo
VXz5qocmzg4=
</Encrypted></CancelInfo>
	  <ReservedInfo>
	    <MReserved1/>
	    <MReserved2/>
	    <MReserved3/></ReservedInfo>
	  <ManageInfo>
	    <Language/>
	    <URL/>
	    <TXVersion>5036B141209canceLinux     PHPchkfake   2.6.32-754.11.1.el6.x86_64PHP:</TXVersion>
	    <TXUserID/>
	    <TXRegNum/></ManageInfo></INIpay>ARma5i+q1lSQf9CyVoXwv532xRS7v+7AFQZ9k7ut0uiUdd/3Hb1zjYyljys5toLP
S9MlKBnfB4hJg3GntPUUM7R/ZM1x1vYi+ueL2GkSnvaH178VZpeFErXP/srRpSrc
NeKbxiVQB2eJbnuZOvR42AweiZ568SUpmybm9hoTuhaO
]
INFO	[2021-08-18 09:45:44:582] <23448> DNS LOOKUP OK(203.238.37.3:203.238.37.3:34049) laptime:0
INFO	[2021-08-18 09:45:44:584] <23448> SOCKET CONNECT OK
INFO	[2021-08-18 09:45:44:584] <23448> SEND OK
INFO	[2021-08-18 09:45:44:815] <23448> RECV OK
INFO	[2021-08-18 09:45:44:815] <23448> MSG_FROM_PG:[0093300175D SHA1                   0                                      300430majorgol03                    StdpayCARDmajorgol0320210818094543936481<?xml version="1.0" encoding="UTF-8"?><INIpay>
<CancelInfo>
<ResultCode>120000</ResultCode>
<ResultMsg urlencode="1">%C1%A4%BB%F3%C3%B3%B8%AE%B5%C7%BE%FA%BD%C0%B4%CF%B4%D9.</ResultMsg>
<SessionKey>ADUT6On/iJ6MtNSFH+5QQO9FgSArCOLNL+KACndO4pF1ZgL/HwCxHLl+CQOJvRHn
MCgmpkY/SsbllWtCuyCOkXSTjPpJKlEN3TFctK5ZEdmB2xeaVt331obkIq0K5Iwd
TcoVMHpilWBAxeb7XOVNG6aVgbWtj+9bv5E6lHLIf8xHb64fKi8OrXs=
</SessionKey>
<Encrypted>mBae4SS0Gy6SPb+1beTCeZVXoBbecULnYIqiPTA6PpJwvd6pZqDKR0PDp3ySz30Q
op04xZKn4nPAJbv6kz2ad1MMhLPSWpoFC9+6ZlxJYl6M8jsy/DYe0yhYRYaKrf6r
pL0dS6l9WuxpNikN0IE6oSOSW+Alp3BPkNcEIukbqpN1ERmGiiaH5UDBDJfdtiqL
Prl5pRdK7KeoCvWsfc4mWRCEsLwQUd6WGY5LnhOvoj7Nkhx0c5kHFfpzO4A6ot3B
Tvq6frh1sEzS+OSJqmRyaVDCO1mreiupQLD8nO2Egka+PDD9NiP2BJbAdUiX2IEj
yCESe5GKQH+vslmG0k9zeiN4lPRukX75
</Encrypted>
</CancelInfo>
<ManageInfo/>
<ReservedInfo>
<MReserved1 urlencode="1"/>
<MReserved2 urlencode="1"/>
<MReserved3 urlencode="1"/>
</ReservedInfo>
</INIpay>
to8L0u/CyRW2Jz0r09/eoGMZhoBEWDbBddBf2cz39TNu+UATfAJw+P0FtIgPs86C
vGCGmWw71mBhjgwPsPDC81cOUYiCfLhSROCIN7J0j+VjOQ7/UANW9E4SswNWz1zA
8Vc4kk2GKP8W5sEVYde+oWHINXrG/1T5vmVuww0RlHA=
]
INFO	[2021-08-18 09:45:44:815] <23448> VERIFY OK
INFO	[2021-08-18 09:45:44:815] <23448> PARSE HEAD OK
INFO	[2021-08-18 09:45:44:815] <23448> PARSE BODY OK
INFO	[2021-08-18 09:45:44:816] <23448> DECRYPT OK
DEBUG	[2021-08-18 09:45:44:816] <23448> DECRYPT MSG:[<?xml version="1.0" encoding="UTF-8"?><CancelInfo>
<CancelDate>20210818</CancelDate>
<CancelTime>094544</CancelTime>
<ResultCode>120000</ResultCode>
<ResultMsg urlencode="1">%C1%A4%BB%F3%C3%B3%B8%AE%B5%C7%BE%FA%BD%C0%B4%CF%B4%D9.</ResultMsg>
</CancelInfo>]
INFO	[2021-08-18 09:45:44:816] <23448> DECRYPT PARSE OK
INFO	[2021-08-18 09:45:44:816] <23448> END cancel 정상처리되었습니다. Laptime:[0.236sec]
INFO	[2021-08-18 09:45:44:816] <23448> ===============================================================
INFO	[2021-08-18 13:22:55:823] <13864> START INIPHP cancel (V5036-141209)(OS:Linux2.6.32-754.11.1.el6.x86_64,PHP:5.3.3)
DEBUG	[2021-08-18 13:22:55:823] <13864> inipayhome:/home1/killdeal/public_html/shop/inicis
DEBUG	[2021-08-18 13:22:55:823] <13864> debug:false
DEBUG	[2021-08-18 13:22:55:823] <13864> type:cancel
DEBUG	[2021-08-18 13:22:55:823] <13864> mid:majorgol03
DEBUG	[2021-08-18 13:22:55:823] <13864> admin:1111
DEBUG	[2021-08-18 13:22:55:823] <13864> tid:INIMX_ISP_majorgol0320210817182627465223
DEBUG	[2021-08-18 13:22:55:823] <13864> cancelmsg:쇼핑몰 운영자 승인 취소
INFO	[2021-08-18 13:22:55:823] <13864> Check Field OK
INFO	[2021-08-18 13:22:55:823] <13864> PI PUB KEY LOAD OK []
INFO	[2021-08-18 13:22:55:823] <13864> PG PUB KEY LOAD OK [30]
INFO	[2021-08-18 13:22:55:824] <13864> MERCHANT PRIV KEY LOAD OK
INFO	[2021-08-18 13:22:55:824] <13864> MERCHANT PUB KEY LOAD OK [0]
DEBUG	[2021-08-18 13:22:55:824] <13864> MAKE ENCRYPT OK[<?xml version="1.0" encoding="UTF-8"?>
<CancelInfo>
	  <CancelTID>INIMX_ISP_majorgol0320210817182627465223</CancelTID>
	  <CancelMsg urlencode="1">%BC%EE%C7%CE%B8%F4+%BF%EE%BF%B5%C0%DA+%BD%C2%C0%CE+%C3%EB%BC%D2</CancelMsg>
	  <CancelReason/></CancelInfo>]
INFO	[2021-08-18 13:22:55:824] <13864> MAKE BODY OK
INFO	[2021-08-18 13:22:55:825] <13864> SIGN OK
INFO	[2021-08-18 13:22:55:825] <13864> MAKE HEAD OK
INFO	[2021-08-18 13:22:55:825] <13864> MSG_TO_PG:[0096200175D SHA1                   0                                      300420majorgol03                    INIMX_ISP_majorgol0320210817182627465223<?xml version="1.0" encoding="UTF-8"?>
<INIpay>
	  <CancelInfo>
	    <SessionKey>vBL7vLx3PpnkNZpS8S7oH5zJToEBTbrrbLSGAZfYYgGkN7R4EcvW0YiTqRO5kaIF
XxhRy6hlrRNIwfGMf6oS7KRNape2qqxtAP0GJ4BzqZL7lhIqi+FF0Ckjjkj2F0BF
L5Lj1HciJc5z/HCTpy7VDwQ7MchMch8wITKRo6pSeGTgJvdlCZRGaQ==
</SessionKey>
	    <Encrypted>5jtNU2TyTU6/ke+u151JD+QScwhlc5SfmBh9FV9NDWozbZEKytvosizab+S/tPa/
ihVWlv5aLNa8s/yX9GhxeidnR4TBREaUTUh3P7q8+FMQzXq/qytjqjrhqL2/6Upu
8SdBC9PUNRH9WigWj1gGmkI4bUha0sSa20GZmSP+Ga25IK51BkW19dZQNoDUaUmQ
qQeVqIvPzGTpxc6qhdbac8wg5UWZTfA3Zss62oDg1NIAhNLmWBekZfguyPL97pUg
xGtuI3NGphJhfX7GHJeuOekd0g7EzysgyBnCjoXIol8UmSh7K3p8rZegMM+GRQm5
ivMdwMGlxbcV+7RpaVpFuQ==
</Encrypted></CancelInfo>
	  <ReservedInfo>
	    <MReserved1/>
	    <MReserved2/>
	    <MReserved3/></ReservedInfo>
	  <ManageInfo>
	    <Language/>
	    <URL/>
	    <TXVersion>5036B141209canceLinux     PHPchkfake   2.6.32-754.11.1.el6.x86_64PHP:</TXVersion>
	    <TXUserID/>
	    <TXRegNum/></ManageInfo></INIpay>AHeF3jJTiTocC9v1czUl0m3KeQzJGrKyIWqUEo+4qtaAouuivs1tvVzjfOO9/gG5
pzTMetAVF2G6WjaOlDJ4wmj8xpHhrHvKrihN4mlOUnWw7FC70+g1J9hvJFEjDFyh
bfF03T6fRFeGocxFsftMXsC8kPt9QPlcOjHRSB489/EJ
]
INFO	[2021-08-18 13:22:55:825] <13864> DNS LOOKUP OK(203.238.37.3:203.238.37.3:34049) laptime:0
INFO	[2021-08-18 13:22:55:828] <13864> SOCKET CONNECT OK
INFO	[2021-08-18 13:22:55:828] <13864> SEND OK
INFO	[2021-08-18 13:22:56:207] <13864> RECV OK
INFO	[2021-08-18 13:22:56:207] <13864> MSG_FROM_PG:[0086100175D SHA1                   0                                      300430majorgol03                    INIMX_ISP_majorgol0320210817182627465223<?xml version="1.0" encoding="UTF-8"?><INIpay>
<CancelInfo>
<ResultCode>170000</ResultCode>
<ResultMsg urlencode="1">%C1%A4%BB%F3%BF%CF%B7%E1</ResultMsg>
<SessionKey>APG7UlnlVKkanCRQbgcyN6hhbF3dERN+j1EC5xo+Ji/WOituW3l0vM14l6JblX7B
CFT3K+5HmV/Kd4SBlRNbpH2h+AY5whrIcxi1RCMXDlzRZpHYtI9bJa86XMjeYwsc
3bANCmCcAaTFvvndfFPEDxTQcS1WosykciZnjskd/wWAuioMUOf5r10=
</SessionKey>
<Encrypted>1mWPcyE8q+Fcmc2sPMDf2s74SbvRqSwjQKFrIZY57uv/W2k1yGPqxEQolTfX+cJc
e8hTYFwW8KnWAXEFSH2bls8zizbTSFd73cV0JlE5RLvvJlqxQh0N0MSMt2QOBdGv
/FIZHJmxVvar61sTAdNw5iIZ9qJfDeZ0Wi4fPV6T6rcAsT1VZQ5xe72HgBm8P2ur
Og7EfdBvH0SLbSHafCmFa8B6uQvgKKWFwuKGdHEB32QZKVanvvCDDdAPDSb/Xy/H
pf3dgjJlS6WDbimUYCW06mPcpdkZkEa+9tH0Q8YFsF/nspYJxKOZPg==
</Encrypted>
</CancelInfo>
<ManageInfo/>
<ReservedInfo>
<MReserved1 urlencode="1"/>
<MReserved2 urlencode="1"/>
<MReserved3 urlencode="1"/>
</ReservedInfo>
</INIpay>
K7wlygccWFVM/K9Frsh10qRDb1YpqsFk+vofpubA7d+GOOSufE0ByY8WfvMzHqkn
SZnILtWkNrYb+Iv2rtxA/V8SpJ5iwvXUtj/PAwcokfNUzy1vY/oX0OIi2grROQ7E
1R50ItI7XnUf2NTLlcaQilS+ETjh2Ii5pipJmZNmrno=
]
INFO	[2021-08-18 13:22:56:207] <13864> VERIFY OK
INFO	[2021-08-18 13:22:56:207] <13864> PARSE HEAD OK
INFO	[2021-08-18 13:22:56:208] <13864> PARSE BODY OK
INFO	[2021-08-18 13:22:56:208] <13864> DECRYPT OK
DEBUG	[2021-08-18 13:22:56:208] <13864> DECRYPT MSG:[<?xml version="1.0" encoding="UTF-8"?><CancelInfo>
<CancelDate>20210818</CancelDate>
<CancelTime>132256</CancelTime>
<ResultCode>170000</ResultCode>
<ResultMsg urlencode="1">%C1%A4%BB%F3%BF%CF%B7%E1</ResultMsg>
</CancelInfo>]
INFO	[2021-08-18 13:22:56:208] <13864> DECRYPT PARSE OK
INFO	[2021-08-18 13:22:56:208] <13864> END cancel 정상완료 Laptime:[0.385sec]
INFO	[2021-08-18 13:22:56:208] <13864> ===============================================================
INFO	[2021-08-18 17:22:01:862] <14028> START INIPHP cancel (V5036-141209)(OS:Linux2.6.32-754.11.1.el6.x86_64,PHP:5.3.3)
DEBUG	[2021-08-18 17:22:01:862] <14028> inipayhome:/home1/killdeal/public_html/shop/inicis
DEBUG	[2021-08-18 17:22:01:862] <14028> debug:false
DEBUG	[2021-08-18 17:22:01:862] <14028> type:cancel
DEBUG	[2021-08-18 17:22:01:862] <14028> mid:majorgol03
DEBUG	[2021-08-18 17:22:01:862] <14028> admin:1111
DEBUG	[2021-08-18 17:22:01:862] <14028> tid:INIMX_CARDmajorgol0320210818100151225500
DEBUG	[2021-08-18 17:22:01:862] <14028> cancelmsg:쇼핑몰 운영자 승인 취소
INFO	[2021-08-18 17:22:01:862] <14028> Check Field OK
INFO	[2021-08-18 17:22:01:862] <14028> PI PUB KEY LOAD OK []
INFO	[2021-08-18 17:22:01:862] <14028> PG PUB KEY LOAD OK [30]
INFO	[2021-08-18 17:22:01:863] <14028> MERCHANT PRIV KEY LOAD OK
INFO	[2021-08-18 17:22:01:863] <14028> MERCHANT PUB KEY LOAD OK [0]
DEBUG	[2021-08-18 17:22:01:863] <14028> MAKE ENCRYPT OK[<?xml version="1.0" encoding="UTF-8"?>
<CancelInfo>
	  <CancelTID>INIMX_CARDmajorgol0320210818100151225500</CancelTID>
	  <CancelMsg urlencode="1">%BC%EE%C7%CE%B8%F4+%BF%EE%BF%B5%C0%DA+%BD%C2%C0%CE+%C3%EB%BC%D2</CancelMsg>
	  <CancelReason/></CancelInfo>]
INFO	[2021-08-18 17:22:01:863] <14028> MAKE BODY OK
INFO	[2021-08-18 17:22:01:864] <14028> SIGN OK
INFO	[2021-08-18 17:22:01:864] <14028> MAKE HEAD OK
INFO	[2021-08-18 17:22:01:864] <14028> MSG_TO_PG:[0096200175D SHA1                   0                                      300420majorgol03                    INIMX_CARDmajorgol0320210818100151225500<?xml version="1.0" encoding="UTF-8"?>
<INIpay>
	  <CancelInfo>
	    <SessionKey>opnROROyp95Y44EvVPkkLcLvGmFpXh91rJKWbPVDfZkZJQxUA26nijyaGK2gehoj
MbAf5HvDuFCrSBnQ7f5K5r9HitT2TlvxZKIWxIwOP1jNncpVuM7rjSllA5CExn9s
cl/KWwsmJ3KanmqrujbujaFKpM6K+SdiVZXyLU/BX3lFM1mkDSBfqA==
</SessionKey>
	    <Encrypted>hwbGtMVOoZ+D7pTLm8t3MdBKblld+IBlnFSYYXAS/ByltCBionhoC045ItmcC5Ho
DSZVCjMxuV4cojqzXHOr51Ivg5juribfQI7vanflZQmHxLSIU8hNi+BB0JBSNR5V
QzoAybXmqGwr+fr1VY+EQDriZ903cBXjNsAGcShC14PBljyPPMFpjWIU+KWbPb/v
6gEhUI0tcQAivqWEgUJ6JuYM3Dh6UiAbENdBCEW+qIea499zeS9eofDEdvpxVdvW
4Jy6XEsqXWN8JCJn39jAwI7ILYT4Tyotp9ZBxRXaigFGGJTl3UV9BOi70ZA4ako2
bibHKkzkDRuUkF+eLZCh7w==
</Encrypted></CancelInfo>
	  <ReservedInfo>
	    <MReserved1/>
	    <MReserved2/>
	    <MReserved3/></ReservedInfo>
	  <ManageInfo>
	    <Language/>
	    <URL/>
	    <TXVersion>5036B141209canceLinux     PHPchkfake   2.6.32-754.11.1.el6.x86_64PHP:</TXVersion>
	    <TXUserID/>
	    <TXRegNum/></ManageInfo></INIpay>AAGtQrMFW7rvYjC6fInWpaJ2LFC0knHAxDxCzz5z0DQRNT6NukXqRx9VsoyyRMkt
0azxMn/nnmFYRY0lftOV9PMh+RilKOlkLC7zwuNb6zz4HgoVLrnoomIVQSvJt1lK
pZDSR6fNrWcZsi+RYGgO3T16sJQF8f2S4Ib3v6gJt/ep
]
INFO	[2021-08-18 17:22:01:864] <14028> DNS LOOKUP OK(203.238.37.3:203.238.37.3:34049) laptime:0
INFO	[2021-08-18 17:22:01:866] <14028> SOCKET CONNECT OK
INFO	[2021-08-18 17:22:01:866] <14028> SEND OK
INFO	[2021-08-18 17:22:02:540] <14028> RECV OK
INFO	[2021-08-18 17:22:02:540] <14028> MSG_FROM_PG:[0093300175D SHA1                   0                                      300430majorgol03                    INIMX_CARDmajorgol0320210818100151225500<?xml version="1.0" encoding="UTF-8"?><INIpay>
<CancelInfo>
<ResultCode>120000</ResultCode>
<ResultMsg urlencode="1">%C1%A4%BB%F3%C3%B3%B8%AE%B5%C7%BE%FA%BD%C0%B4%CF%B4%D9.</ResultMsg>
<SessionKey>AJWmsRoP/BjtEB284Rofjh6JD3epKawBqsOTts8qOYMpKXqWXhN47/bnMX6lJnzQ
Mkvfj9iXjjKhWGO0cw9UoTc0WGw6aaBi+4M39FpcDS6xeGT4VIB4tqXT8+KekqBo
okeTj2clTXdyHEhKvvMxExUAod/mnVNBXeE+bjH0xWGleHFA9HadYu0=
</SessionKey>
<Encrypted>B6oU302unJsOx3Zy6K/fzOLev5rEyw/AhagPsQzSoPPVMyKIfaHRFM8qJeQkLXd9
3ilmDzNhGNwTrCmTY4e7E/ajCtp2boYgFKf+/23IDV3aYsr1trD4cBqN2JdVA7Da
TdR6ahER5VrmyQpgMoB8CI3WtD4U2pTj9lZ9i1NWi/tG9sziatt9u0VmwlW4OUnv
KbcgJfz8c6YHRHMDplrQdRgb8yF0TW6qhrYXJGSXuSslreP1FHP5aBCxzaQewIJt
1xXzHk7K0uoe1Cj9Cg9pKPlDqQ611wpqaPrLd9gKfIhlbiznU4j5Ax2rOEx9jpRX
Q7DwnefsWyVdP0Y5IMpJAxUTeLhLYloP
</Encrypted>
</CancelInfo>
<ManageInfo/>
<ReservedInfo>
<MReserved1 urlencode="1"/>
<MReserved2 urlencode="1"/>
<MReserved3 urlencode="1"/>
</ReservedInfo>
</INIpay>
IWlpRouRrDlXBLa/RVv50+2dF7WoAgZ2Lx5HjzhJ34E9KD4vSxb1rBZrhi1g9d1o
ARfNHrVg0YMkvSoftJACcgogUF/lMxuEC2XerWaamg7a2me4Y1veNa/HV9NSN+Cw
vgaDPpCh/5CM5zNnR1hhCsniMsAPKDpCbvvIismxlH8=
]
INFO	[2021-08-18 17:22:02:540] <14028> VERIFY OK
INFO	[2021-08-18 17:22:02:540] <14028> PARSE HEAD OK
INFO	[2021-08-18 17:22:02:541] <14028> PARSE BODY OK
INFO	[2021-08-18 17:22:02:541] <14028> DECRYPT OK
DEBUG	[2021-08-18 17:22:02:541] <14028> DECRYPT MSG:[<?xml version="1.0" encoding="UTF-8"?><CancelInfo>
<CancelDate>20210818</CancelDate>
<CancelTime>172202</CancelTime>
<ResultCode>120000</ResultCode>
<ResultMsg urlencode="1">%C1%A4%BB%F3%C3%B3%B8%AE%B5%C7%BE%FA%BD%C0%B4%CF%B4%D9.</ResultMsg>
</CancelInfo>]
INFO	[2021-08-18 17:22:02:541] <14028> DECRYPT PARSE OK
INFO	[2021-08-18 17:22:02:541] <14028> END cancel 정상처리되었습니다. Laptime:[0.679sec]
INFO	[2021-08-18 17:22:02:541] <14028> ===============================================================
