INFO	[2021-09-07 00:04:00:617] <16491> START INIPHP cancel (V5036-141209)(OS:Linux2.6.32-754.11.1.el6.x86_64,PHP:5.3.3)
DEBUG	[2021-09-07 00:04:00:617] <16491> inipayhome:/home1/killdeal/public_html/shop/inicis
DEBUG	[2021-09-07 00:04:00:617] <16491> debug:false
DEBUG	[2021-09-07 00:04:00:617] <16491> type:cancel
DEBUG	[2021-09-07 00:04:00:617] <16491> mid:fourseason
DEBUG	[2021-09-07 00:04:00:617] <16491> admin:1111
DEBUG	[2021-09-07 00:04:00:617] <16491> tid:INIMX_CARDfourseason20210906235918835913
DEBUG	[2021-09-07 00:04:00:617] <16491> cancelmsg:주문자 본인 취소-상품옵션 선택 잘못함
INFO	[2021-09-07 00:04:00:617] <16491> Check Field OK
INFO	[2021-09-07 00:04:00:617] <16491> PI PUB KEY LOAD OK []
INFO	[2021-09-07 00:04:00:618] <16491> PG PUB KEY LOAD OK [30]
INFO	[2021-09-07 00:04:00:618] <16491> MERCHANT PRIV KEY LOAD OK
INFO	[2021-09-07 00:04:00:618] <16491> MERCHANT PUB KEY LOAD OK [0]
DEBUG	[2021-09-07 00:04:00:618] <16491> MAKE ENCRYPT OK[<?xml version="1.0" encoding="UTF-8"?>
<CancelInfo>
	  <CancelTID>INIMX_CARDfourseason20210906235918835913</CancelTID>
	  <CancelMsg urlencode="1">%C1%D6%B9%AE%C0%DA+%BA%BB%C0%CE+%C3%EB%BC%D2-%BB%F3%C7%B0%BF%C9%BC%C7+%BC%B1%C5%C3+%C0%DF%B8%F8%C7%D4</CancelMsg>
	  <CancelReason/></CancelInfo>]
INFO	[2021-09-07 00:04:00:618] <16491> MAKE BODY OK
INFO	[2021-09-07 00:04:00:619] <16491> SIGN OK
INFO	[2021-09-07 00:04:00:619] <16491> MAKE HEAD OK
INFO	[2021-09-07 00:04:00:619] <16491> MSG_TO_PG:[0101500175D SHA1                   0                                      300420fourseason                    INIMX_CARDfourseason20210906235918835913<?xml version="1.0" encoding="UTF-8"?>
<INIpay>
	  <CancelInfo>
	    <SessionKey>m6W+Vfztri3tlvYlBfbvrcpGHcZ4wonJ1/lAGF/9qbeuRyopEb3ME8X0JNJJeb+6
rQUTwRcU+KPLZSFufc8j+1epqJ9Tq+c84/B8tcKODvPcbnOED03EegBIwfAgoJJM
odi5/B7C4AZKUvj9asHsCB/rYvsIsMGFHQYU2xn5FzPxL31+fNLYJQ==
</SessionKey>
	    <Encrypted>1FWITWmYqtJkoLAc7F37N2+zwgc4gT2yRsnSDCfNLArtEYOalEiBRPEBJr/q0MMC
diRo+56Nb4FXrQIMDXRR+HHqITMwP64kahnlsUEq93rransA1Jyn8NdA0jCeoOp6
Yf6cKnkB1SgQEdchMDt90C9aYHfisZWMfqXDe/f7RJn6p6Tq1GcmH5W9Xg693hbb
a0g/5gXDYA9s3sI1SsTMXY0akMNx/3IESKX7Mijtlfpcd4qLX2gJXaTHK2lc17hq
EwuLMSciU4/ptbIrMPFXMgi5VdnHtbao8uCSZbTsiFYI3vBQ0dppB40JNr8CaOzn
pntrXHGNsn3iVh4Etf/bst+TaUhprzoN0H+FBFMJpwIIgaI35siFW7gP4WLHIpie
mUgjfBDNk3w=
</Encrypted></CancelInfo>
	  <ReservedInfo>
	    <MReserved1/>
	    <MReserved2/>
	    <MReserved3/></ReservedInfo>
	  <ManageInfo>
	    <Language/>
	    <URL/>
	    <TXVersion>5036B141209canceLinux     PHPchkfake   2.6.32-754.11.1.el6.x86_64PHP:</TXVersion>
	    <TXUserID/>
	    <TXRegNum/></ManageInfo></INIpay>ADiA5DNN5GoxNM1/CO5xerVFNOmp5OT8NepCrLKarHtpuuqAthJn8m0hsSAVX8AE
zdkYzVU/ozF99eLEZav6eUDdF6O+v8qiNuw1Wpyw2fjLPwwJ1DjNfJEhGrA9/Vnx
9VHibWp29Tqz5n2XfLvFV9NlicBSsgwMx331EoVA/dqw
]
INFO	[2021-09-07 00:04:00:619] <16491> DNS LOOKUP OK(203.238.37.3:203.238.37.3:34049) laptime:0
INFO	[2021-09-07 00:04:00:622] <16491> SOCKET CONNECT OK
INFO	[2021-09-07 00:04:00:622] <16491> SEND OK
INFO	[2021-09-07 00:04:01:216] <16491> RECV OK
INFO	[2021-09-07 00:04:01:216] <16491> MSG_FROM_PG:[0093300175D SHA1                   0                                      300430fourseason                    INIMX_CARDfourseason20210906235918835913<?xml version="1.0" encoding="UTF-8"?><INIpay>
<CancelInfo>
<ResultCode>120000</ResultCode>
<ResultMsg urlencode="1">%C1%A4%BB%F3%C3%B3%B8%AE%B5%C7%BE%FA%BD%C0%B4%CF%B4%D9.</ResultMsg>
<SessionKey>ADN0h32c04vQM+o2I912UPZIROdx9H1iDc1abFGoMPtLn9by+v9XS0wVCX1B3M7o
5eVlno+KpSxd0kA9wIFiyw5l+sHYCgfQVxRDaVTpNfwO9MPsCpJ4mVXT0fqYytaK
V7m0OvIJqF+Gowfxwp6lb20VVGEuHUe49PQvNS1Eo6aSgoJjet1Quc8=
</SessionKey>
<Encrypted>9/F3bDizs9qRiWDGCZwp/8+KpvZ79DE1ZOXi6H3Pj2FPIPoKa/gBRgscMf+d4gXk
XzKQGmiK2z4yAybYu4gdBauWtCGXMg7ooXukpdNgkwz9nbpmGt10noc4gsrJoG0o
/AlJYlHCwJpDJmsX7W0jo6qa4rwRiQm/i4HH2HubxL1E1Q7HBOPZWF6Und4LCjUj
hPLk8cvQ3t9nhhQjc8RAcTZONW9Ss6iEI4OwfOOa2oBMqMuKA0sSj3Sl3n4Z/mww
+VWaKrGMNcU+VEBGHTz3Pmi5eiE/KoZQrkN33OqiS5hzNqX/Dc4RiqhwUitUfXJK
h3Li92T2vVzBfCQCGxTBnAAZR0wmWQ8E
</Encrypted>
</CancelInfo>
<ManageInfo/>
<ReservedInfo>
<MReserved1 urlencode="1"/>
<MReserved2 urlencode="1"/>
<MReserved3 urlencode="1"/>
</ReservedInfo>
</INIpay>
J/WgAbDI46RYN0KgfUz+bngku41EJAMW2QlTHaOsCLsagRigSgxtveRs5lK/bJpq
1XXG7mviZF5TAjpvHVhYQ6sP7WX0WAfYsXes38chtQe5iRF1mLZUwhh0OOdzFslN
rjr/JM5IGD+7c+4JUhgumM27nB7MJ6KruP8dVAT6X+s=
]
INFO	[2021-09-07 00:04:01:216] <16491> VERIFY OK
INFO	[2021-09-07 00:04:01:216] <16491> PARSE HEAD OK
INFO	[2021-09-07 00:04:01:216] <16491> PARSE BODY OK
INFO	[2021-09-07 00:04:01:217] <16491> DECRYPT OK
DEBUG	[2021-09-07 00:04:01:217] <16491> DECRYPT MSG:[<?xml version="1.0" encoding="UTF-8"?><CancelInfo>
<CancelDate>20210907</CancelDate>
<CancelTime>000401</CancelTime>
<ResultCode>120000</ResultCode>
<ResultMsg urlencode="1">%C1%A4%BB%F3%C3%B3%B8%AE%B5%C7%BE%FA%BD%C0%B4%CF%B4%D9.</ResultMsg>
</CancelInfo>]
INFO	[2021-09-07 00:04:01:217] <16491> DECRYPT PARSE OK
INFO	[2021-09-07 00:04:01:217] <16491> END cancel 정상처리되었습니다. Laptime:[0.6sec]
INFO	[2021-09-07 00:04:01:217] <16491> ===============================================================
INFO	[2021-09-07 15:03:20:475] <21518> START INIPHP cancel (V5036-141209)(OS:Linux2.6.32-754.11.1.el6.x86_64,PHP:5.3.3)
DEBUG	[2021-09-07 15:03:20:476] <21518> inipayhome:/home1/killdeal/public_html/shop/inicis
DEBUG	[2021-09-07 15:03:20:476] <21518> debug:false
DEBUG	[2021-09-07 15:03:20:476] <21518> type:cancel
DEBUG	[2021-09-07 15:03:20:476] <21518> mid:fourseason
DEBUG	[2021-09-07 15:03:20:476] <21518> admin:1111
DEBUG	[2021-09-07 15:03:20:476] <21518> tid:StdpayCARDfourseason20210831154736619761
DEBUG	[2021-09-07 15:03:20:476] <21518> cancelmsg:쇼핑몰 운영자 승인 취소
INFO	[2021-09-07 15:03:20:476] <21518> Check Field OK
INFO	[2021-09-07 15:03:20:476] <21518> PI PUB KEY LOAD OK []
INFO	[2021-09-07 15:03:20:477] <21518> PG PUB KEY LOAD OK [30]
INFO	[2021-09-07 15:03:20:477] <21518> MERCHANT PRIV KEY LOAD OK
INFO	[2021-09-07 15:03:20:477] <21518> MERCHANT PUB KEY LOAD OK [0]
DEBUG	[2021-09-07 15:03:20:477] <21518> MAKE ENCRYPT OK[<?xml version="1.0" encoding="UTF-8"?>
<CancelInfo>
	  <CancelTID>StdpayCARDfourseason20210831154736619761</CancelTID>
	  <CancelMsg urlencode="1">%BC%EE%C7%CE%B8%F4+%BF%EE%BF%B5%C0%DA+%BD%C2%C0%CE+%C3%EB%BC%D2</CancelMsg>
	  <CancelReason/></CancelInfo>]
INFO	[2021-09-07 15:03:20:478] <21518> MAKE BODY OK
INFO	[2021-09-07 15:03:20:478] <21518> SIGN OK
INFO	[2021-09-07 15:03:20:478] <21518> MAKE HEAD OK
INFO	[2021-09-07 15:03:20:478] <21518> MSG_TO_PG:[0096200175D SHA1                   0                                      300420fourseason                    StdpayCARDfourseason20210831154736619761<?xml version="1.0" encoding="UTF-8"?>
<INIpay>
	  <CancelInfo>
	    <SessionKey>APSvBB8zuo36MfP98OyUWqf8LW6hpHZgLBhGYx0KrQRyfvzde+BmgzRf/QqQ5jyv
vlZFVQgFBXduilcLv3P/ptc4fGr83XYdALIWsCilip2KWpW0ZpaBUc7lvsaf1K5e
Ene6oQh6EN0vpNYiGh6U61JBId3Hza4KEUEYqbMuT0jyZI1XiykcYQ==
</SessionKey>
	    <Encrypted>p+kB5NRjl7WHvapUole/yM47EmixfJIbFbon+cQzt+q/I5Vfws9GB6r9EenP6Skt
GPOhbFuyECobg3fFXxCXhlPaK1MmPrXautG55wlR6HirCVHXi2u1FLOZoXhE8FC+
9WxP19YX13eaEl6YeBhGK13rCo2UokRYFzIDTk0py2tKI3Jf84iOYxua5i3vb/FU
HfYlt3NdjbRwGBvDM4VF4SwWVTZPzhtLVHmFHjr+t+qCJUwmdVMyOVCs5x6doGu3
AKvjiYfGHjQperS+pd3cYI0c6eiZdzNHwYY66l5tNpKMdvb4BwfcmtgYsC0RtnJi
U7YzxVI2GwC5QqZkL/m8+Q==
</Encrypted></CancelInfo>
	  <ReservedInfo>
	    <MReserved1/>
	    <MReserved2/>
	    <MReserved3/></ReservedInfo>
	  <ManageInfo>
	    <Language/>
	    <URL/>
	    <TXVersion>5036B141209canceLinux     PHPchkfake   2.6.32-754.11.1.el6.x86_64PHP:</TXVersion>
	    <TXUserID/>
	    <TXRegNum/></ManageInfo></INIpay>AAWrL07H4eHk4qML2CpV8fo9gxB/q8S9ppnxN6TsyLGvojsLBKxBTSfzZwdq6q6+
yQIwQmWimtWfLFFrCXtjTG1h52wqPPQhkmDXiqIikAD50d6xnDdXpr462pXQm3hz
L/3/zPodhtXO5Yqpx5Bgx+rylT0Ukg4yrUS9nyBAGZ9Z
]
INFO	[2021-09-07 15:03:20:478] <21518> DNS LOOKUP OK(203.238.37.3:203.238.37.3:34049) laptime:0
INFO	[2021-09-07 15:03:20:481] <21518> SOCKET CONNECT OK
INFO	[2021-09-07 15:03:20:481] <21518> SEND OK
INFO	[2021-09-07 15:03:20:730] <21518> RECV OK
INFO	[2021-09-07 15:03:20:730] <21518> MSG_FROM_PG:[0093300175D SHA1                   0                                      300430fourseason                    StdpayCARDfourseason20210831154736619761<?xml version="1.0" encoding="UTF-8"?><INIpay>
<CancelInfo>
<ResultCode>120000</ResultCode>
<ResultMsg urlencode="1">%C1%A4%BB%F3%C3%B3%B8%AE%B5%C7%BE%FA%BD%C0%B4%CF%B4%D9.</ResultMsg>
<SessionKey>AFZiZ4rfd/UX7XXZcnFcCrvMFxzJqBTJIk9/2yqC86XGTxkud2X0g8qOWT9dVyE7
yMdGwLAA6Vn5uDpt7YOehZ4oX7xUeMK03NQavDNvUq9xIb2UqaivvPuLG+FZP08D
UXeefgQdG7Hy14qu3SV16poRl+Gmmo63s8cyHMNh/wOgdKpiFMvglZI=
</SessionKey>
<Encrypted>Ic/DjTxGdw743jxzQWNDK+DVJILHbKmWMCTyDa+kG2+dmcVrV2f9OWo/0rNERJgB
tNnknMcyWC2SXucR3KW0W4k3sDzxl0D482oYl4gNSv22OS0Uh9rWHRvROLZuJOSK
vfdYvoAXTNwj/16inrSiDgL9d4/je6UJ9aW3zOzmDr8AHiFQbR0vkOH1ZSyqkogh
ePz8Efs9WZdSzjoUfkOXH7RDkSJdHdskLmh1ffbY6oNF+QibwEfAaZ07NDEgkVVy
cvIenhtOH/IP/7ucLPWt98Ht+FqSDxfRUVI/mbjLZi41ODQyN80XUiQCyrx8EuzU
Hv1GKXA/jXdhLYmj8y7h5awMz8xi9/27
</Encrypted>
</CancelInfo>
<ManageInfo/>
<ReservedInfo>
<MReserved1 urlencode="1"/>
<MReserved2 urlencode="1"/>
<MReserved3 urlencode="1"/>
</ReservedInfo>
</INIpay>
bXP4IM9DmXgiP7aUzoyxTndbEL0RRa3e0TiUroQYT6cAWb1234xNZ7i0QkIaLixe
uLhH39n/9C65KDcgueCkMNz6EHRLs/2nUmAEub5o/fjBr5+UCWoZAd1DyVtZkLnM
ZvVp+3nltcAjH4x9FOYadYb+J3+SzW+Gljo4X24wSI8=
]
INFO	[2021-09-07 15:03:20:730] <21518> VERIFY OK
INFO	[2021-09-07 15:03:20:730] <21518> PARSE HEAD OK
INFO	[2021-09-07 15:03:20:730] <21518> PARSE BODY OK
INFO	[2021-09-07 15:03:20:731] <21518> DECRYPT OK
DEBUG	[2021-09-07 15:03:20:731] <21518> DECRYPT MSG:[<?xml version="1.0" encoding="UTF-8"?><CancelInfo>
<CancelDate>20210907</CancelDate>
<CancelTime>150320</CancelTime>
<ResultCode>120000</ResultCode>
<ResultMsg urlencode="1">%C1%A4%BB%F3%C3%B3%B8%AE%B5%C7%BE%FA%BD%C0%B4%CF%B4%D9.</ResultMsg>
</CancelInfo>]
INFO	[2021-09-07 15:03:20:731] <21518> DECRYPT PARSE OK
INFO	[2021-09-07 15:03:20:731] <21518> END cancel 정상처리되었습니다. Laptime:[0.256sec]
INFO	[2021-09-07 15:03:20:731] <21518> ===============================================================
INFO	[2021-09-07 21:16:01:740] <8500> START INIPHP cancel (V5036-141209)(OS:Linux2.6.32-754.11.1.el6.x86_64,PHP:5.3.3)
DEBUG	[2021-09-07 21:16:01:740] <8500> inipayhome:/home1/killdeal/public_html/shop/inicis
DEBUG	[2021-09-07 21:16:01:740] <8500> debug:false
DEBUG	[2021-09-07 21:16:01:740] <8500> type:cancel
DEBUG	[2021-09-07 21:16:01:740] <8500> mid:fourseason
DEBUG	[2021-09-07 21:16:01:740] <8500> admin:1111
DEBUG	[2021-09-07 21:16:01:740] <8500> tid:INIMX_CARDfourseason20210907211537905951
DEBUG	[2021-09-07 21:16:01:740] <8500> cancelmsg:주문자 본인 취소-구매의사 없음
INFO	[2021-09-07 21:16:01:740] <8500> Check Field OK
INFO	[2021-09-07 21:16:01:740] <8500> PI PUB KEY LOAD OK []
INFO	[2021-09-07 21:16:01:740] <8500> PG PUB KEY LOAD OK [30]
INFO	[2021-09-07 21:16:01:741] <8500> MERCHANT PRIV KEY LOAD OK
INFO	[2021-09-07 21:16:01:741] <8500> MERCHANT PUB KEY LOAD OK [0]
DEBUG	[2021-09-07 21:16:01:741] <8500> MAKE ENCRYPT OK[<?xml version="1.0" encoding="UTF-8"?>
<CancelInfo>
	  <CancelTID>INIMX_CARDfourseason20210907211537905951</CancelTID>
	  <CancelMsg urlencode="1">%C1%D6%B9%AE%C0%DA+%BA%BB%C0%CE+%C3%EB%BC%D2-%B1%B8%B8%C5%C0%C7%BB%E7+%BE%F8%C0%BD</CancelMsg>
	  <CancelReason/></CancelInfo>]
INFO	[2021-09-07 21:16:01:741] <8500> MAKE BODY OK
INFO	[2021-09-07 21:16:01:742] <8500> SIGN OK
INFO	[2021-09-07 21:16:01:742] <8500> MAKE HEAD OK
INFO	[2021-09-07 21:16:01:742] <8500> MSG_TO_PG:[0099400175D SHA1                   0                                      300420fourseason                    INIMX_CARDfourseason20210907211537905951<?xml version="1.0" encoding="UTF-8"?>
<INIpay>
	  <CancelInfo>
	    <SessionKey>rKtTkZJv8sZXGoNbLwL8XXM9oG+JqrlX7qI4cAd+NmfVwuS6UqOwDAxPzXc4gvRo
JUbNSiNnTn8S8vBqnfDijFroTITq3CyeqcyjDDklXTYLAM8S3Rkmyx2aq4OMnx4y
7G/SVKepkPBo79d3BiC1T4swFwQGWuv9WDr7TjdS51UVs2XtooiOvg==
</SessionKey>
	    <Encrypted>pDn6hn4lGESPnnlbcJjSvqXOl9dRPYmGTB0ij9HAWg5kKhd7fxa+0Nmfv2xPWIQ4
W5p3BtlwvMueqgKYFZHlHVjPb9WAc1dUcojFYrxND8kU/njKc+v6lMrthIyTkUAx
eNxHgwaounnXrYV+ES/A/Z9nI1WB1/1qnuw1rAFFcNtkLudQ5A30UGQHdL8MN1pf
WNB5DouRCde8QAAiuM+o9uNCFPle6NeEVKb4tnet9O1GJnh5MrFcTui+/tbt0vOM
W4wgP+fxYL13HGwM3DMY8QXAIYPlrQ56Gf41H1XagP0PgIEdHNpHAO24Iw4cn4cD
36OrvC5JDdOH1IBybuIVag/Bx1BKlhqX0qIVmjlsHjelVCwfUaV+Ig==
</Encrypted></CancelInfo>
	  <ReservedInfo>
	    <MReserved1/>
	    <MReserved2/>
	    <MReserved3/></ReservedInfo>
	  <ManageInfo>
	    <Language/>
	    <URL/>
	    <TXVersion>5036B141209canceLinux     PHPchkfake   2.6.32-754.11.1.el6.x86_64PHP:</TXVersion>
	    <TXUserID/>
	    <TXRegNum/></ManageInfo></INIpay>AH4b2bu7Cch0xA9bCFyzswUu/tDKtbIsINVbRsdnV+gSTLga6ptkMxK30T1qvbNN
y7f52S3pVLe2zxHgm+TTJoRoKcquVupOTgLS2DRy0qXuxBEEIpLvrGO721Fz+fNF
RbBooT2SmIzrN2NiH9oNABBTinrD2mb/8+/TKvuLsjLi
]
INFO	[2021-09-07 21:16:01:742] <8500> DNS LOOKUP OK(203.238.37.3:203.238.37.3:34049) laptime:0
INFO	[2021-09-07 21:16:01:745] <8500> SOCKET CONNECT OK
INFO	[2021-09-07 21:16:01:745] <8500> SEND OK
INFO	[2021-09-07 21:16:01:997] <8500> RECV OK
INFO	[2021-09-07 21:16:01:997] <8500> MSG_FROM_PG:[0093300175D SHA1                   0                                      300430fourseason                    INIMX_CARDfourseason20210907211537905951<?xml version="1.0" encoding="UTF-8"?><INIpay>
<CancelInfo>
<ResultCode>120000</ResultCode>
<ResultMsg urlencode="1">%C1%A4%BB%F3%C3%B3%B8%AE%B5%C7%BE%FA%BD%C0%B4%CF%B4%D9.</ResultMsg>
<SessionKey>AMdR17IuQ0nAJLoFWOQjmFdaF68ygGW6amFgNNYkRTp4PN/2siLnjU6QUfFA3h/z
qW5bvsv+WxCnqGgde0yMVEIN6l9wDDLQbT3+E5of1WvFjohGL0WM1GbEqZnyrAUK
vAmeCiZjXS62pevj7Itic1KbBNiKu4hSBFb1E2KywJ0Ed9uZiGPk1wI=
</SessionKey>
<Encrypted>SKgpkG89DuNHSBgxzse5R4r1Z9YwIBXpJ9JFR9eXhVQyVUiocM0dBgALZosQAtr/
7plOY9cPFzPQ99MiEaZFGexKsLAdhIdyuDkA8YdbuNYZpjPHYKyfULn/AWzWJDgm
+gx7Qd3R9s7HGUpcZb8ri7E3tmrj84FHGcenYWaCrfGu4sUZSavYNeU8j5dvUc/y
sn4X4qIouNMPxOCXjL7+ZcOoVO0T8XGV9p5P96t0/c1XVVlb8cIvrl+syoCCdWL4
AVEboLFP16z5246f0rBD9OG3l4L5a5kqxyLDr+rZ8mvKi8jsa7i15ymeWtqf+ijZ
83taTYL2sNgjo1YQMRlVo7cluCGTuqva
</Encrypted>
</CancelInfo>
<ManageInfo/>
<ReservedInfo>
<MReserved1 urlencode="1"/>
<MReserved2 urlencode="1"/>
<MReserved3 urlencode="1"/>
</ReservedInfo>
</INIpay>
k8+wDkSqJB0Y/OCreOVcgnUYs1dESKNv9BPflAN2TzlCq5u6a1ZMiuYaG1ItDxK+
XKWYflEfIxht0OzBV0mZmYITL+lrg8Y0uK/gSRA0vi68m1SMmbweLZ5t9c3588Gn
YQtw9Ebij6flRAUm5DiVsNr1fbrVfRBUer+TT6pL+Dw=
]
INFO	[2021-09-07 21:16:01:997] <8500> VERIFY OK
INFO	[2021-09-07 21:16:01:997] <8500> PARSE HEAD OK
INFO	[2021-09-07 21:16:01:997] <8500> PARSE BODY OK
INFO	[2021-09-07 21:16:01:998] <8500> DECRYPT OK
DEBUG	[2021-09-07 21:16:01:998] <8500> DECRYPT MSG:[<?xml version="1.0" encoding="UTF-8"?><CancelInfo>
<CancelDate>20210907</CancelDate>
<CancelTime>211602</CancelTime>
<ResultCode>120000</ResultCode>
<ResultMsg urlencode="1">%C1%A4%BB%F3%C3%B3%B8%AE%B5%C7%BE%FA%BD%C0%B4%CF%B4%D9.</ResultMsg>
</CancelInfo>]
INFO	[2021-09-07 21:16:01:998] <8500> DECRYPT PARSE OK
INFO	[2021-09-07 21:16:01:998] <8500> END cancel 정상처리되었습니다. Laptime:[0.258sec]
INFO	[2021-09-07 21:16:01:998] <8500> ===============================================================
