INFO	[2022-12-22 08:14:44:266] <19165> START INIPHP receipt (V5036-141209)(OS:Linux2.6.32-754.11.1.el6.x86_64,PHP:5.3.3)
DEBUG	[2022-12-22 08:14:44:266] <19165> inipayhome:/home1/killdeal/public_html/shop/inicis
DEBUG	[2022-12-22 08:14:44:266] <19165> debug:false
DEBUG	[2022-12-22 08:14:44:266] <19165> type:receipt
DEBUG	[2022-12-22 08:14:44:266] <19165> pgid:INIphpRECP
DEBUG	[2022-12-22 08:14:44:266] <19165> paymethod:CASH
DEBUG	[2022-12-22 08:14:44:266] <19165> currency:WON
DEBUG	[2022-12-22 08:14:44:266] <19165> admin:1111
DEBUG	[2022-12-22 08:14:44:266] <19165> mid:majorgol03
DEBUG	[2022-12-22 08:14:44:266] <19165> goodname:핫딜JDX여성웰딩소매니트다운점퍼2종택1X1RWWDW54
DEBUG	[2022-12-22 08:14:44:266] <19165> cr_price:129000
DEBUG	[2022-12-22 08:14:44:266] <19165> sup_price:117273
DEBUG	[2022-12-22 08:14:44:266] <19165> tax:11727
DEBUG	[2022-12-22 08:14:44:266] <19165> srvc_price:0
DEBUG	[2022-12-22 08:14:44:266] <19165> buyername:신현우
DEBUG	[2022-12-22 08:14:44:266] <19165> buyeremail:shin1559155@naver.com
DEBUG	[2022-12-22 08:14:44:266] <19165> buyertel:01026131980
DEBUG	[2022-12-22 08:14:44:266] <19165> reg_num:01026131980
DEBUG	[2022-12-22 08:14:44:266] <19165> useopt:0
DEBUG	[2022-12-22 08:14:44:266] <19165> companynumber:
INFO	[2022-12-22 08:14:44:266] <19165> Check Field OK
INFO	[2022-12-22 08:14:44:266] <19165> Make TID OK INIphpRECPmajorgol0320221222081444665383
INFO	[2022-12-22 08:14:44:266] <19165> PI PUB KEY LOAD OK []
INFO	[2022-12-22 08:14:44:267] <19165> PG PUB KEY LOAD OK [30]
INFO	[2022-12-22 08:14:44:268] <19165> MERCHANT PRIV KEY LOAD OK
INFO	[2022-12-22 08:14:44:268] <19165> MERCHANT PUB KEY LOAD OK [0]
DEBUG	[2022-12-22 08:14:44:269] <19165> MAKE ENCRYPT OK[<?xml version="1.0" encoding="UTF-8"?>
<PaymentInfo>
	  <Payment>
	    <CASH>
	      <CSHR_ApplPrice>129000</CSHR_ApplPrice>
	      <CSHR_SupplyPrice>117273</CSHR_SupplyPrice>
	      <CSHR_Tax>11727</CSHR_Tax>
	      <CSHR_ServicePrice/>
	      <CSHR_Type>0</CSHR_Type>
	      <CSHR_RegNum>01026131980</CSHR_RegNum>
	      <CSHR_CompanyNum/></CASH></Payment></PaymentInfo>]
INFO	[2022-12-22 08:14:44:269] <19165> MAKE BODY OK
INFO	[2022-12-22 08:14:44:270] <19165> SIGN OK
INFO	[2022-12-22 08:14:44:270] <19165> MAKE HEAD OK
INFO	[2022-12-22 08:14:44:270] <19165> MSG_TO_PG:[0195000175D SHA1                   0                                      300200majorgol03              129000INIphpRECPmajorgol0320221222081444665383<?xml version="1.0" encoding="UTF-8"?>
<INIpay>
	  <GoodsInfo>
	    <GoodsCnt>1</GoodsCnt>
	    <MOID/>
	    <Currency>WON</Currency>
	    <Tax>11727</Tax>
	    <TaxFree/>
	    <Goods>
	      <SMID>majorgol03</SMID>
	      <GoodsName urlencode="1">%C7%D6%B5%F4JDX%BF%A9%BC%BA%C0%A3%B5%F9%BC%D2%B8%C5%B4%CF%C6%AE%B4%D9%BF%EE%C1%A1%C6%DB2%C1%BE%C5%C31X1RWWDW54</GoodsName>
	      <GoodsPrice>129000</GoodsPrice></Goods></GoodsInfo>
	  <BuyerInfo>
	    <BuyerName urlencode="1">%BD%C5%C7%F6%BF%EC</BuyerName>
	    <BuyerTel>01026131980</BuyerTel>
	    <BuyerEmail urlencode="1">shin1559155%40naver.com</BuyerEmail>
	    <ParentEmail/>
	    <RecvName/>
	    <RecvTel/>
	    <RecvMsg/>
	    <RecvAddr/>
	    <RecvPostNum/></BuyerInfo>
	  <PaymentInfo>
	    <Payment>
	      <PayMethod>CASH</PayMethod>
	      <JoinCard/>
	      <JoinExpire/>
	      <MailOrder/>
	      <SessionKey>jYNgV+jVL1k4Jpr7Lj5ghJDsq0Cj/LfewQY/+K1aMYBF8L3ssYv9OKkAOFw4+tR2
YzDATw8Tv4TaKb81sLgpK+t33G4tSl31Oboz4hXFSAYPSBG+PpH+w5GHatqsuQJg
bmnErE+zNB2HJiyarFJQqhzN2P3aiq+c8uYocXUTJAwtcS7VGHJwDw==
</SessionKey>
	      <Encrypted>pDlp+c7+FPhunkGC7hA3HMvx9nBmOJ5rH1ITZgxCWQ/xUAbiKL0v0xgBfpEJZOII
TUoujlEfJTKDtZp4HBcFaajMtvzUocizWLyMgiyC1JxyYKFAClfyI1o/7UgPxoRb
Jla95PbrxXuAPYEpcoEvRJJQamI+3BArTPr8ijUgj0gwLfhZLd9nIo1imz4CQjE3
8Mgts3dOFRkLAJD44Yh6wSZV6Jzr2yFaO159qgj0NcOY3EAX5LKBjp0n8/utNgTR
dz9xgwta4qr0+BCGsz/FIaE8qMp/KOVdi4Jm3u3BwmxpJpHPjgMU4fXhDCeGLWvm
JTbmXQ3+aEhnmwhacYdPEVFJYQMUvnqKkB7o0rt8ZFEXnu+4FW5CLEg0FwhgWjyy
M3FJpBwUcLHcZWWf14Us+F/3ykfCbMzljnlfboEUYdn8O2z3v1fcR/c2yAcLbHn9
SBuskEXwnXxc0veHuIcnuFgALOSixI8SA9Xw1CkK6ltX5vJKyNrnTA==
</Encrypted></Payment></PaymentInfo>
	  <ReservedInfo>
	    <MReserved1/>
	    <MReserved2/>
	    <MReserved3/></ReservedInfo>
	  <ManageInfo>
	    <Language/>
	    <URL/>
	    <TXVersion>5036B141209receiLinux     PHPchkfake   2.6.32-754.11.1.el6.x86_64PHP:</TXVersion>
	    <TXUserID/>
	    <TXRegNum/>
	    <Ack>1</Ack></ManageInfo></INIpay>AJfO6GDZPidrCx0W4MKQ/ArPDNfZdU/EV2RpT1q8brJKjfKbwq1vOmbxe3xJAPJQ
WwDw3n6LcHAQpKBE9+EiWA0VWAZ17nD51Zb5gUf77KOMB7ZncWphEYxVl6wdb/nX
3LxASI/8QIoeGFJ6+ESthD/t0cYhos8RNhYp3NNu+tTi
]
INFO	[2022-12-22 08:14:44:270] <19165> DNS LOOKUP OK(203.238.37.3:203.238.37.3:34049) laptime:0
INFO	[2022-12-22 08:14:44:272] <19165> SOCKET CONNECT OK
INFO	[2022-12-22 08:14:44:272] <19165> SEND OK
INFO	[2022-12-22 08:14:44:371] <19165> RECV OK
INFO	[2022-12-22 08:14:44:371] <19165> MSG_FROM_PG:[0168900175D SHA1                   0                                      300210majorgol03              129000INIphpRECPmajorgol0320221222081444665383<?xml version="1.0" encoding="UTF-8"?><INIpay>
<GoodsInfo>
<GoodsCnt>1</GoodsCnt>
<MOID urlencode="1"/>
<Currency>WON</Currency>
<Goods no="1">
<SMID>majorgol03</SMID>
<GoodsName urlencode="1">%C7%D6%B5%F4JDX%BF%A9%BC%BA%C0%A3%B5%F9%BC%D2%B8%C5%B4%CF%C6%AE%B4%D9%BF%EE%C1%A1%C6%DB2%C1%BE%C5%C31X1RWWDW54</GoodsName>
<GoodsCntS>1</GoodsCntS>
<GoodsPrice>129000</GoodsPrice>
</Goods>
</GoodsInfo>
<PaymentInfo>
<Payment>
<SessionKey>AOFqwvID0SVJbMwttYerZa9/KFFLieE48nFguxvP+Fo6Ve4O9l/7dTv3XQdyCWIK
kBg4ztD3fIh1XYoLwiKCrSvqjNkHI2Z1POm0ptASG5Cua4OWR7ODMBjeVYGFz6ia
Km+WzuMfYCZplt8Js4Al3M48Zfzj4X0nRwA197p0jUlj8zqs33pBkRk=
</SessionKey>
<Encrypted>LuunG6Gd8TMcw6C4r4zO9k+Y7XgfYTVTcYYDFI2fHAHLpV/3FYZYbhw66/vTQkVv
BbIp6G+tvnbTwWsFYMMNvdRGrmubDv5Q6L5EdQ07uZWUy9W9F5RJTzbeY2Cf3a+I
4m5WCDGIA3Rhah+nXiXfnNf6EfyGcDN+VE7Bm/X5VTReoZ0Rep/urJcMcLBoDJwW
u44dL51p5yRYJ9dQgLejbOYHQJA5XVuVkFvEspett7cu5pJ73GSL+6BmogSEkZ4x
HHXskO6eIYGHUMD/oo7gA9Mvj1mckYF1wBNOmyrSFXVWMpNyHE2o5dqOAkGNg/wy
HAHmS5qhkmUhxw7cJ0303EN8dcU2kxgknfGpWOJakh9J4fNW084xHBBzrJprjbWC
0TdEv9MH2zErg9/uTRLtPz2nPzFgQy/u2jaVBF20A63f2v2kOJ5bJA7N/rMC1jel
eNZqMgxTZO6/obr4aFr4JY1NqZQMGzqgF596OJCR0eP0Z92+jbANBM0EWXMnnIIo
jVkrWA4awl7GXRhyBD3/+G6tNtaJnZSMM/YfgnF8JcEsPKGweB78oNHEvO4pGgdD
NBddum8bN70/eOQgEHbMXjDg9LrRVeNz5+QQOllMSJyebks5CSK5EbybKROsay/W
4A6N196+OJ3GqGRLEsvZdXaS2P0ITT48UOJyUpG8Zq/YY4xkYEw65+W0OYZ8GdRr
</Encrypted>
<PayMethod>CASH</PayMethod>
<ResultCode>220000</ResultCode>
<ResultMsg urlencode="1">%C1%A4%BB%F3%C3%B3%B8%AE%B5%C7%BE%FA%BD%C0%B4%CF%B4%D9.</ResultMsg>
</Payment>
</PaymentInfo>
<ManageInfo/>
<ReservedInfo>
<MReserved1 urlencode="1"/>
<MReserved2 urlencode="1"/>
<MReserved3 urlencode="1"/>
</ReservedInfo>
</INIpay>
fzTFb/4Jqa3Qypj42bJ4WjMrmkS3W9E0MO1UEm/l5xt0EFNnaWm7eS/EIZEqJqgB
tTX2YBcvoP91ulQ/YijlFNOsaBER/KOMl+P10do2tIUm6PqBWj6r8kJWrZ86Ust+
YjPkbCEt+u/rP5qW3unHWvKqNMC9L9xXg7EUnJBOg8M=
]
INFO	[2022-12-22 08:14:44:371] <19165> VERIFY OK
INFO	[2022-12-22 08:14:44:371] <19165> PARSE HEAD OK
INFO	[2022-12-22 08:14:44:372] <19165> PARSE BODY OK
INFO	[2022-12-22 08:14:44:373] <19165> DECRYPT OK
DEBUG	[2022-12-22 08:14:44:373] <19165> DECRYPT MSG:[<?xml version="1.0" encoding="UTF-8"?><PaymentInfo>
<Payment>
<CASH>
<CSHR_ApplPrice>129000</CSHR_ApplPrice>
<CSHR_SupplyPrice>117273</CSHR_SupplyPrice>
<CSHR_Tax>11727</CSHR_Tax>
<CSHR_ServicePrice/>
<CSHR_Type>0</CSHR_Type>
<CSHR_ApplDate>20221222</CSHR_ApplDate>
<CSHR_ApplTime>081444</CSHR_ApplTime>
<CSHR_ApplNum>267741944</CSHR_ApplNum>
<CSHR_ResultCode>220000</CSHR_ResultCode>
<CSHR_ResultMsg urlencode="1">%C1%A4%BB%F3%C3%B3%B8%AE%B5%C7%BE%FA%BD%C0%B4%CF%B4%D9.</CSHR_ResultMsg>
</CASH>
</Payment>
</PaymentInfo>]
INFO	[2022-12-22 08:14:44:373] <19165> DECRYPT PARSE OK
INFO	[2022-12-22 08:14:44:373] <19165> WAIT ACK INVOKING
DEBUG	[2022-12-22 08:14:44:373] <19165> MAKE HEAD OK
INFO	[2022-12-22 08:14:44:376] <19165> SUCCESS ACK INVOKING
INFO	[2022-12-22 08:14:44:377] <19165> END receipt 정상처리되었습니다. Laptime:[0.111sec]
INFO	[2022-12-22 08:14:44:377] <19165> ===============================================================
