INFO	[2021-04-15 15:58:41:517] <5724> START INIPHP receipt (V5036-141209)(OS:Linux2.6.32-754.11.1.el6.x86_64,PHP:5.3.3)
DEBUG	[2021-04-15 15:58:41:517] <5724> inipayhome:/home1/killdeal/public_html/shop/inicis
DEBUG	[2021-04-15 15:58:41:517] <5724> debug:false
DEBUG	[2021-04-15 15:58:41:517] <5724> type:receipt
DEBUG	[2021-04-15 15:58:41:517] <5724> pgid:INIphpRECP
DEBUG	[2021-04-15 15:58:41:517] <5724> paymethod:CASH
DEBUG	[2021-04-15 15:58:41:517] <5724> currency:WON
DEBUG	[2021-04-15 15:58:41:517] <5724> admin:1111
DEBUG	[2021-04-15 15:58:41:517] <5724> mid:majorgol03
DEBUG	[2021-04-15 15:58:41:517] <5724> goodname:핫딜리카타오토매틱볼마커40골프벨트
DEBUG	[2021-04-15 15:58:41:517] <5724> cr_price:26900
DEBUG	[2021-04-15 15:58:41:517] <5724> sup_price:24455
DEBUG	[2021-04-15 15:58:41:517] <5724> tax:2445
DEBUG	[2021-04-15 15:58:41:517] <5724> srvc_price:0
DEBUG	[2021-04-15 15:58:41:517] <5724> buyername:이승제
DEBUG	[2021-04-15 15:58:41:517] <5724> buyeremail:lsj2227@police.go.kr
DEBUG	[2021-04-15 15:58:41:517] <5724> buyertel:
DEBUG	[2021-04-15 15:58:41:517] <5724> reg_num:01034132773
DEBUG	[2021-04-15 15:58:41:517] <5724> useopt:0
DEBUG	[2021-04-15 15:58:41:517] <5724> companynumber:
INFO	[2021-04-15 15:58:41:517] <5724> Check Field OK
INFO	[2021-04-15 15:58:41:517] <5724> Make TID OK INIphpRECPmajorgol0320210415155841173853
INFO	[2021-04-15 15:58:41:517] <5724> PI PUB KEY LOAD OK []
INFO	[2021-04-15 15:58:41:517] <5724> PG PUB KEY LOAD OK [30]
INFO	[2021-04-15 15:58:41:517] <5724> MERCHANT PRIV KEY LOAD OK
INFO	[2021-04-15 15:58:41:517] <5724> MERCHANT PUB KEY LOAD OK [0]
DEBUG	[2021-04-15 15:58:41:518] <5724> MAKE ENCRYPT OK[<?xml version="1.0" encoding="UTF-8"?>
<PaymentInfo>
	  <Payment>
	    <CASH>
	      <CSHR_ApplPrice>26900</CSHR_ApplPrice>
	      <CSHR_SupplyPrice>24455</CSHR_SupplyPrice>
	      <CSHR_Tax>2445</CSHR_Tax>
	      <CSHR_ServicePrice/>
	      <CSHR_Type>0</CSHR_Type>
	      <CSHR_RegNum>01034132773</CSHR_RegNum>
	      <CSHR_CompanyNum/></CASH></Payment></PaymentInfo>]
INFO	[2021-04-15 15:58:41:518] <5724> MAKE BODY OK
INFO	[2021-04-15 15:58:41:519] <5724> SIGN OK
INFO	[2021-04-15 15:58:41:519] <5724> MAKE HEAD OK
INFO	[2021-04-15 15:58:41:519] <5724> MSG_TO_PG:[0191400175D SHA1                   0                                      300200majorgol03               26900INIphpRECPmajorgol0320210415155841173853<?xml version="1.0" encoding="UTF-8"?>
<INIpay>
	  <GoodsInfo>
	    <GoodsCnt>1</GoodsCnt>
	    <MOID/>
	    <Currency>WON</Currency>
	    <Tax>2445</Tax>
	    <TaxFree/>
	    <Goods>
	      <SMID>majorgol03</SMID>
	      <GoodsName urlencode="1">%C7%D6%B5%F4%B8%AE%C4%AB%C5%B8%BF%C0%C5%E4%B8%C5%C6%BD%BA%BC%B8%B6%C4%BF40%B0%F1%C7%C1%BA%A7%C6%AE</GoodsName>
	      <GoodsPrice>26900</GoodsPrice></Goods></GoodsInfo>
	  <BuyerInfo>
	    <BuyerName urlencode="1">%C0%CC%BD%C2%C1%A6</BuyerName>
	    <BuyerTel/>
	    <BuyerEmail urlencode="1">lsj2227%40police.go.kr</BuyerEmail>
	    <ParentEmail/>
	    <RecvName/>
	    <RecvTel/>
	    <RecvMsg/>
	    <RecvAddr/>
	    <RecvPostNum/></BuyerInfo>
	  <PaymentInfo>
	    <Payment>
	      <PayMethod>CASH</PayMethod>
	      <JoinCard/>
	      <JoinExpire/>
	      <MailOrder/>
	      <SessionKey>hviXxVw3xvZDT8q8a9Rw9HhK05UA/FlK8081col8BiZrhkkVAu0JVTkTNrkIguk2
CZnRThp2e8B2WJSLFXto2eoxKFtLmzH555P73IEbR7FYOQnJqJ9zTQc7v5MmaWCr
6+DNZhu3NGIGxjbCcv3d61BnDoPI2YbG0VF8WkbcMGu0pZ/tAd5ktw==
</SessionKey>
	      <Encrypted>wbvhOipJE2/UenabMYqpG5n9+wVbxX43jN/uQ9chiuQSNSS3LgtLMadFfqA9D0uR
EAnx3j4DZaKMFlZ1tJEA0q5JgTbKadWCz1l1IY7wy2QzDqW4vsdX5Lq8G7rrAorT
w1byvoHxo3PHg9pt9XeGTdJ+Xap4AeK6/7WHDAwpHjzucD6La2DL2azpT4ZGToqI
EUyPFLUs6WSykt00QybXqZ86D7U5Lp0lOJjrk132QSISRmTRxBBBHrlwOHOveO8/
82hxa65QZo59c7iVsHT/fgQJCVkQ9GdErEKo6xxA6neOs/D+332W68zpJYre/Wge
BksyxP3c6sfX/DwrE4C292KIPYgP16LHUkf68NuLOQzc6mUqbmV6aOuGdwEf/k9a
yeM1HZheDQzTeqLuhMTsaSSnsth0wGqP1KEGKejB1P7BGn8K9KeUqvBJj9SYKJvr
aoXGBBpKK2RVu++lwj9i9KgpOeXlb1wNImXGH/3kf5fSVApcutNCPg==
</Encrypted></Payment></PaymentInfo>
	  <ReservedInfo>
	    <MReserved1/>
	    <MReserved2/>
	    <MReserved3/></ReservedInfo>
	  <ManageInfo>
	    <Language/>
	    <URL/>
	    <TXVersion>5036B141209receiLinux     PHPchkfake   2.6.32-754.11.1.el6.x86_64PHP:</TXVersion>
	    <TXUserID/>
	    <TXRegNum/>
	    <Ack>1</Ack></ManageInfo></INIpay>AMqZ0dRwAi2ngsbd5KMvJC53YFusiGFXHBenMZZGGFe7ZwmCeQx/URmKFhPxpKeC
d/GlJ358vZAwn0LomXpd3Kdab4E1kg4xPnxFBXPv6b9wchqKhylN5MCzsj3H39LY
zmCWNvLKOfKl0C/mzoYlvOYLkO6yczsPXslc69qTnRzL
]
INFO	[2021-04-15 15:58:41:519] <5724> DNS LOOKUP OK(203.238.37.3:203.238.37.3:34049) laptime:0
INFO	[2021-04-15 15:58:41:522] <5724> SOCKET CONNECT OK
INFO	[2021-04-15 15:58:41:522] <5724> SEND OK
INFO	[2021-04-15 15:58:41:617] <5724> RECV OK
INFO	[2021-04-15 15:58:41:617] <5724> MSG_FROM_PG:[0166800175D SHA1                   0                                      300210majorgol03               26900INIphpRECPmajorgol0320210415155841173853<?xml version="1.0" encoding="UTF-8"?><INIpay>
<GoodsInfo>
<GoodsCnt>1</GoodsCnt>
<MOID urlencode="1"/>
<Currency>WON</Currency>
<Goods no="1">
<SMID>majorgol03</SMID>
<GoodsName urlencode="1">%C7%D6%B5%F4%B8%AE%C4%AB%C5%B8%BF%C0%C5%E4%B8%C5%C6%BD%BA%BC%B8%B6%C4%BF40%B0%F1%C7%C1%BA%A7%C6%AE</GoodsName>
<GoodsCntS>1</GoodsCntS>
<GoodsPrice>26900</GoodsPrice>
</Goods>
</GoodsInfo>
<PaymentInfo>
<Payment>
<SessionKey>ADWYRFIKv/Rjh/W0x92nVPB2VS9Tucbl9RZ/AIZCbH6CwLJjqT8jr3n+vb7lXp1L
V8K0mbJfadiMvpnXPMDHN5AuVXycioDcKdqcGmvrFopRpp42di37Z/zRibEZwiio
yq59+2Kl+9qpSPujdJk/rIms1r6+zmnxySg+fr1DhfAX3qecmPAVUSc=
</SessionKey>
<Encrypted>69Wc/yHzYmfN8QpmpPOzKDU0Wlw9Y/FjVozzDOQvOKYr2dLtMjau3iKuayP4esq1
fYronUL/0bCHgf3XD/exr3zNhR9bYguaBvpYx5hpgDyJGlilSJm/6Mh2lgAVPyHb
Ie6rPuxuCtZ51YX+unkGqNJr/+AqROvzpH1I+KOi3/05nF2qlnuYtBdBv8P2B0wW
R42kO8TGxM/xlL75VCvAh77SHThST1TKzRPMg1Vs/7zD8vKpufrFQrcxQD86KXi8
MbOgonVX2aLapXtt67fCJATKKX/jo4cu9Vv6O57JxTKi2nAZplZsqQpSr+2BZrzI
NyzcAlFleCn6a0C+7ULWQWgEJAivYXInwUzTRbG8S9MICPCN0e0Hr51LqiSh0JYC
F8wmtPSzaEWdhvMMkwW5pSAzP21Mt53JRVW/Kkr7+L8dPRFZSyAlWEQEpOihQSh2
VBats1n4I6RiwB/UHkG/HhF+xRGfNUIq1emHyXI23H03GXDYMydWIaR2KNjpgZMl
ssZH2EQWvH9qmDaguZOApRXrJCvc5vUGsIw4DO5x3mpKk3wd8tq44U7218CPxpNN
l8SFvYwv6NS6pmo6/DRlkCxxx92YmV0rv2DDa9LYtpJyyVSi9sdiMCj55spTgZW3
pAjPvFkzr281MMLMg61OrrDNqxKQiLiBpoYi/Hb2M4FB8bLJHcC9Ng==
</Encrypted>
<PayMethod>CASH</PayMethod>
<ResultCode>220000</ResultCode>
<ResultMsg urlencode="1">%C1%A4%BB%F3%C3%B3%B8%AE%B5%C7%BE%FA%BD%C0%B4%CF%B4%D9.</ResultMsg>
</Payment>
</PaymentInfo>
<ManageInfo/>
<ReservedInfo>
<MReserved1 urlencode="1"/>
<MReserved2 urlencode="1"/>
<MReserved3 urlencode="1"/>
</ReservedInfo>
</INIpay>
LZ+nqc3tqSuY/F8yXEhMljLsqd6E7ogcGHphQuFmtSDFcfltpMzDcmSdGCh7kfiX
gFaBab5PVFejubIoTbRINQXZIOOwCA02iE7+8MZ0WH1ijpQFeagaU8/RnwBAb3pI
F4CPKIjdcjvDnBJj9fuBEB4swjHiZMM1vJBkpgTY0HE=
]
INFO	[2021-04-15 15:58:41:617] <5724> VERIFY OK
INFO	[2021-04-15 15:58:41:617] <5724> PARSE HEAD OK
INFO	[2021-04-15 15:58:41:618] <5724> PARSE BODY OK
INFO	[2021-04-15 15:58:41:619] <5724> DECRYPT OK
DEBUG	[2021-04-15 15:58:41:619] <5724> DECRYPT MSG:[<?xml version="1.0" encoding="UTF-8"?><PaymentInfo>
<Payment>
<CASH>
<CSHR_ApplPrice>26900</CSHR_ApplPrice>
<CSHR_SupplyPrice>24455</CSHR_SupplyPrice>
<CSHR_Tax>2445</CSHR_Tax>
<CSHR_ServicePrice/>
<CSHR_Type>0</CSHR_Type>
<CSHR_ApplDate>20210415</CSHR_ApplDate>
<CSHR_ApplTime>155841</CSHR_ApplTime>
<CSHR_ApplNum>267865244</CSHR_ApplNum>
<CSHR_ResultCode>220000</CSHR_ResultCode>
<CSHR_ResultMsg urlencode="1">%C1%A4%BB%F3%C3%B3%B8%AE%B5%C7%BE%FA%BD%C0%B4%CF%B4%D9.</CSHR_ResultMsg>
</CASH>
</Payment>
</PaymentInfo>]
INFO	[2021-04-15 15:58:41:619] <5724> DECRYPT PARSE OK
INFO	[2021-04-15 15:58:41:619] <5724> WAIT ACK INVOKING
DEBUG	[2021-04-15 15:58:41:619] <5724> MAKE HEAD OK
INFO	[2021-04-15 15:58:41:623] <5724> SUCCESS ACK INVOKING
INFO	[2021-04-15 15:58:41:623] <5724> END receipt 정상처리되었습니다. Laptime:[0.107sec]
INFO	[2021-04-15 15:58:41:623] <5724> ===============================================================
INFO	[2021-04-15 16:12:28:671] <12016> START INIPHP receipt (V5036-141209)(OS:Linux2.6.32-754.11.1.el6.x86_64,PHP:5.3.3)
DEBUG	[2021-04-15 16:12:28:671] <12016> inipayhome:/home1/killdeal/public_html/shop/inicis
DEBUG	[2021-04-15 16:12:28:671] <12016> debug:false
DEBUG	[2021-04-15 16:12:28:671] <12016> type:receipt
DEBUG	[2021-04-15 16:12:28:671] <12016> pgid:INIphpRECP
DEBUG	[2021-04-15 16:12:28:671] <12016> paymethod:CASH
DEBUG	[2021-04-15 16:12:28:671] <12016> currency:WON
DEBUG	[2021-04-15 16:12:28:671] <12016> admin:1111
DEBUG	[2021-04-15 16:12:28:671] <12016> mid:majorgol03
DEBUG	[2021-04-15 16:12:28:671] <12016> goodname:핫딜2021던롭스릭슨Z스타디바이드3피스골프공
DEBUG	[2021-04-15 16:12:28:671] <12016> cr_price:47520
DEBUG	[2021-04-15 16:12:28:671] <12016> sup_price:43200
DEBUG	[2021-04-15 16:12:28:671] <12016> tax:4320
DEBUG	[2021-04-15 16:12:28:671] <12016> srvc_price:0
DEBUG	[2021-04-15 16:12:28:671] <12016> buyername:이영채
DEBUG	[2021-04-15 16:12:28:671] <12016> buyeremail:lilyhwa02@hanmail.net
DEBUG	[2021-04-15 16:12:28:671] <12016> buyertel:01034567221
DEBUG	[2021-04-15 16:12:28:671] <12016> reg_num:01034567221
DEBUG	[2021-04-15 16:12:28:671] <12016> useopt:0
DEBUG	[2021-04-15 16:12:28:671] <12016> companynumber:
INFO	[2021-04-15 16:12:28:671] <12016> Check Field OK
INFO	[2021-04-15 16:12:28:671] <12016> Make TID OK INIphpRECPmajorgol0320210415161228714881
INFO	[2021-04-15 16:12:28:671] <12016> PI PUB KEY LOAD OK []
INFO	[2021-04-15 16:12:28:671] <12016> PG PUB KEY LOAD OK [30]
INFO	[2021-04-15 16:12:28:671] <12016> MERCHANT PRIV KEY LOAD OK
INFO	[2021-04-15 16:12:28:671] <12016> MERCHANT PUB KEY LOAD OK [0]
DEBUG	[2021-04-15 16:12:28:672] <12016> MAKE ENCRYPT OK[<?xml version="1.0" encoding="UTF-8"?>
<PaymentInfo>
	  <Payment>
	    <CASH>
	      <CSHR_ApplPrice>47520</CSHR_ApplPrice>
	      <CSHR_SupplyPrice>43200</CSHR_SupplyPrice>
	      <CSHR_Tax>4320</CSHR_Tax>
	      <CSHR_ServicePrice/>
	      <CSHR_Type>0</CSHR_Type>
	      <CSHR_RegNum>01034567221</CSHR_RegNum>
	      <CSHR_CompanyNum/></CASH></Payment></PaymentInfo>]
INFO	[2021-04-15 16:12:28:672] <12016> MAKE BODY OK
INFO	[2021-04-15 16:12:28:673] <12016> SIGN OK
INFO	[2021-04-15 16:12:28:673] <12016> MAKE HEAD OK
INFO	[2021-04-15 16:12:28:673] <12016> MSG_TO_PG:[0195200175D SHA1                   0                                      300200majorgol03               47520INIphpRECPmajorgol0320210415161228714881<?xml version="1.0" encoding="UTF-8"?>
<INIpay>
	  <GoodsInfo>
	    <GoodsCnt>1</GoodsCnt>
	    <MOID/>
	    <Currency>WON</Currency>
	    <Tax>4320</Tax>
	    <TaxFree/>
	    <Goods>
	      <SMID>majorgol03</SMID>
	      <GoodsName urlencode="1">%C7%D6%B5%F42021%B4%F8%B7%D3%BD%BA%B8%AF%BD%BCZ%BD%BA%C5%B8%B5%F0%B9%D9%C0%CC%B5%E53%C7%C7%BD%BA%B0%F1%C7%C1%B0%F8</GoodsName>
	      <GoodsPrice>47520</GoodsPrice></Goods></GoodsInfo>
	  <BuyerInfo>
	    <BuyerName urlencode="1">%C0%CC%BF%B5%C3%A4</BuyerName>
	    <BuyerTel>01034567221</BuyerTel>
	    <BuyerEmail urlencode="1">lilyhwa02%40hanmail.net</BuyerEmail>
	    <ParentEmail/>
	    <RecvName/>
	    <RecvTel/>
	    <RecvMsg/>
	    <RecvAddr/>
	    <RecvPostNum/></BuyerInfo>
	  <PaymentInfo>
	    <Payment>
	      <PayMethod>CASH</PayMethod>
	      <JoinCard/>
	      <JoinExpire/>
	      <MailOrder/>
	      <SessionKey>2Rs6vHvqj0hB2GTEyXegOmNmOPspyYSwZtAJEw60cez5nb3ryenRka5vH6inla+q
D8QTfbhwRbBODPnsz4VYx1jg/IBEHAmxeXhkw/RXA9vVsrz+WWtfCD2dDdQuFAto
wugxwQJipWqIt3u9htQFB4BC8AW/CO6VIkR3wIPPYF2KXcBpIntPBw==
</SessionKey>
	      <Encrypted>X9uDpo0kcAqC37g6yEgmW1Qq6rFn6pEjAj9kxgJZN6KBhoaG+HCJG9M3X+qAHoem
8KwDEnf8agAsStY7kiAk3c31i8wvVRj5tygAcBha4Nl1W3LzQqtZu6ErcJ2Wgbps
w7NXc8nDEbJmsaWPz2YYSnHoscGMelo4E/hAQZqQjjj805yQCjYuDOwQfnXpgaPD
sn3ijdqxC+6NPTINB1Nee4AkscF4tJveCC+B6i8eLmxG+OWdgDkxWxsXXDtXk3Lh
wsLzfQ2PzD9tvaGnf9CjKdaOc758HglJVkZeEnqecVdrJRIxGAnD3qZNzrdC9Dsj
m1h/qlCNYvrSeLNQQepwDxL7rTPxHljZtTGuNnEb1uDNqDPCbL/wkQbz3yvk0lks
NEzkkQbPXNVofQ+iFxyoxO4GQN8t2Ms2Pqct6EC8iseXcwojsnXgX4mFzq8QSeyd
+7a2sLjFqmf5kvbh8qlg3wsrowFJOWD+XTlFOWE5ymB89Arq7x+oOw==
</Encrypted></Payment></PaymentInfo>
	  <ReservedInfo>
	    <MReserved1/>
	    <MReserved2/>
	    <MReserved3/></ReservedInfo>
	  <ManageInfo>
	    <Language/>
	    <URL/>
	    <TXVersion>5036B141209receiLinux     PHPchkfake   2.6.32-754.11.1.el6.x86_64PHP:</TXVersion>
	    <TXUserID/>
	    <TXRegNum/>
	    <Ack>1</Ack></ManageInfo></INIpay>AF+Aq5LrtK6Cur0cWwzQB8uJxa8lVwJi3DpixA5kxfxbVO18wU1FYKE5VsY47fKI
/dNLeUPPsm7/4hj31k6XyQYSEnN/8KXT+Wa+HDtr6ZAXHVIxOPBSUgfC9nm51MMv
HwU7iVa/MKYsiy8xe7+H+/wtYOugkwI0lh897LP+TZdB
]
INFO	[2021-04-15 16:12:28:673] <12016> DNS LOOKUP OK(203.238.37.3:203.238.37.3:34049) laptime:0
INFO	[2021-04-15 16:12:28:675] <12016> SOCKET CONNECT OK
INFO	[2021-04-15 16:12:28:675] <12016> SEND OK
INFO	[2021-04-15 16:12:28:797] <12016> RECV OK
INFO	[2021-04-15 16:12:28:797] <12016> MSG_FROM_PG:[0168400175D SHA1                   0                                      300210majorgol03               47520INIphpRECPmajorgol0320210415161228714881<?xml version="1.0" encoding="UTF-8"?><INIpay>
<GoodsInfo>
<GoodsCnt>1</GoodsCnt>
<MOID urlencode="1"/>
<Currency>WON</Currency>
<Goods no="1">
<SMID>majorgol03</SMID>
<GoodsName urlencode="1">%C7%D6%B5%F42021%B4%F8%B7%D3%BD%BA%B8%AF%BD%BCZ%BD%BA%C5%B8%B5%F0%B9%D9%C0%CC%B5%E53%C7%C7%BD%BA%B0%F1%C7%C1%B0%F8</GoodsName>
<GoodsCntS>1</GoodsCntS>
<GoodsPrice>47520</GoodsPrice>
</Goods>
</GoodsInfo>
<PaymentInfo>
<Payment>
<SessionKey>APF706dMIwU25LO2K+NyZVoU2RpzjYhn/4d4ywCSpoN3GembNaOUdJ/aLDF0R8KU
NPiUUeb2Tlxmv7AZq8ITL4OzIniVhtPF6gLQd/bgYmzqj9ixXqFRXu9UiQ2r1MEO
bGD2NQqF6/KM7vDSszsbA3gtCkI0ikBXSKfs3SDlb+Jpl16QW+j4q9A=
</SessionKey>
<Encrypted>ZdMcy5Kqf5qnwNIgvN4S1M7kcFyVwlSR2yuWkEAhoxt/lLQrtBuT7UXUyfGiVMuH
Mdx+ixywyDq3oZtwpMpEdfEzv/Z9p1F+pN/Paz2xs8Kxba1zxLdF4/RFOzwyVd6f
911j/ZMT+aOknFsq6IkF/mtD5LIHiCVppPCAlPnFqeJRr1IWwGHRH/iDddlToklm
DTUNBHWHjtkBrGi/hj401WqlzTwRlC0T6tl9jQ8843KHDPP/Bs/aKeUEsTaTLvBp
iEpOR9QgW8Q6sLuY5nveAh8ydUZYmasijGhexzB6+KTbphCAZ37hiNy7xK6nGy83
nSe9UdQft+rLZM7ggCSFnvP51f39Jved6UfYJXiYpsQ044z1pgXCrNZTlK+fpiRa
H5c36CwaMErOJcZqXarFzFdYYxU+80M8SxvB7OeS6qPYsziBB6c5KFe/i1FFrFDZ
L+McfUsu2p8HwxCReRe4iMoz8ZztmZCaK4PuLjTaPLhtEeoNTxN5syUQEljYvvUG
xWztpDUTRRdgWDSfqpxOm2AR5gtpISXr6EmeSNQh1o3tI974OL+4j5k94nDo6q03
tyZ1OoeSQXPj54ZeQOmTwnJQKlSLbDHjyc0u2TpJU4bu8orMd4G8hah3Zkz+4M58
tAadHoiamcnfZq9c/EWyJVeJ+1HkGRL+6IVVhwn6PZjFI00sH8h10Q==
</Encrypted>
<PayMethod>CASH</PayMethod>
<ResultCode>220000</ResultCode>
<ResultMsg urlencode="1">%C1%A4%BB%F3%C3%B3%B8%AE%B5%C7%BE%FA%BD%C0%B4%CF%B4%D9.</ResultMsg>
</Payment>
</PaymentInfo>
<ManageInfo/>
<ReservedInfo>
<MReserved1 urlencode="1"/>
<MReserved2 urlencode="1"/>
<MReserved3 urlencode="1"/>
</ReservedInfo>
</INIpay>
as8jzqbX4/ZJYXZG3ueEdZ8+bCTmlAPXXKiILr5XuIsfDp5jLVBk5ZMpunX3SJvr
TmOlvDoxk5pZgtqFz3zQJPlTFFRJcV0T8/2p2mGD+HK1hOmP3Su856iRGwj/2T7c
dzB6OfzTOjTUYoJMXgsKzRHo0WfWBA7khHntMSQYyVA=
]
INFO	[2021-04-15 16:12:28:797] <12016> VERIFY OK
INFO	[2021-04-15 16:12:28:797] <12016> PARSE HEAD OK
INFO	[2021-04-15 16:12:28:798] <12016> PARSE BODY OK
INFO	[2021-04-15 16:12:28:799] <12016> DECRYPT OK
DEBUG	[2021-04-15 16:12:28:799] <12016> DECRYPT MSG:[<?xml version="1.0" encoding="UTF-8"?><PaymentInfo>
<Payment>
<CASH>
<CSHR_ApplPrice>47520</CSHR_ApplPrice>
<CSHR_SupplyPrice>43200</CSHR_SupplyPrice>
<CSHR_Tax>4320</CSHR_Tax>
<CSHR_ServicePrice/>
<CSHR_Type>0</CSHR_Type>
<CSHR_ApplDate>20210415</CSHR_ApplDate>
<CSHR_ApplTime>161229</CSHR_ApplTime>
<CSHR_ApplNum>267866438</CSHR_ApplNum>
<CSHR_ResultCode>220000</CSHR_ResultCode>
<CSHR_ResultMsg urlencode="1">%C1%A4%BB%F3%C3%B3%B8%AE%B5%C7%BE%FA%BD%C0%B4%CF%B4%D9.</CSHR_ResultMsg>
</CASH>
</Payment>
</PaymentInfo>]
INFO	[2021-04-15 16:12:28:799] <12016> DECRYPT PARSE OK
INFO	[2021-04-15 16:12:28:799] <12016> WAIT ACK INVOKING
DEBUG	[2021-04-15 16:12:28:799] <12016> MAKE HEAD OK
INFO	[2021-04-15 16:12:28:802] <12016> SUCCESS ACK INVOKING
INFO	[2021-04-15 16:12:28:802] <12016> END receipt 정상처리되었습니다. Laptime:[0.132sec]
INFO	[2021-04-15 16:12:28:802] <12016> ===============================================================
