INFO	[2022-06-05 18:19:09:680] <14486> START INIPHP cancel (V5036-141209)(OS:Linux2.6.32-754.11.1.el6.x86_64,PHP:5.3.3)
DEBUG	[2022-06-05 18:19:09:680] <14486> inipayhome:/home1/killdeal/public_html/shop/inicis
DEBUG	[2022-06-05 18:19:09:680] <14486> debug:false
DEBUG	[2022-06-05 18:19:09:680] <14486> type:cancel
DEBUG	[2022-06-05 18:19:09:680] <14486> mid:fourseason
DEBUG	[2022-06-05 18:19:09:680] <14486> admin:1111
DEBUG	[2022-06-05 18:19:09:680] <14486> tid:INIMX_CARDfourseason20220604174520695179
DEBUG	[2022-06-05 18:19:09:680] <14486> cancelmsg:주문자 본인 취소-상품옵션 선택 잘못함
INFO	[2022-06-05 18:19:09:681] <14486> Check Field OK
INFO	[2022-06-05 18:19:09:681] <14486> PI PUB KEY LOAD OK []
INFO	[2022-06-05 18:19:09:681] <14486> PG PUB KEY LOAD OK [30]
INFO	[2022-06-05 18:19:09:682] <14486> MERCHANT PRIV KEY LOAD OK
INFO	[2022-06-05 18:19:09:682] <14486> MERCHANT PUB KEY LOAD OK [0]
DEBUG	[2022-06-05 18:19:09:682] <14486> MAKE ENCRYPT OK[<?xml version="1.0" encoding="UTF-8"?>
<CancelInfo>
	  <CancelTID>INIMX_CARDfourseason20220604174520695179</CancelTID>
	  <CancelMsg urlencode="1">%C1%D6%B9%AE%C0%DA+%BA%BB%C0%CE+%C3%EB%BC%D2-%BB%F3%C7%B0%BF%C9%BC%C7+%BC%B1%C5%C3+%C0%DF%B8%F8%C7%D4</CancelMsg>
	  <CancelReason/></CancelInfo>]
INFO	[2022-06-05 18:19:09:682] <14486> MAKE BODY OK
INFO	[2022-06-05 18:19:09:683] <14486> SIGN OK
INFO	[2022-06-05 18:19:09:683] <14486> MAKE HEAD OK
INFO	[2022-06-05 18:19:09:683] <14486> MSG_TO_PG:[0101500175D SHA1                   0                                      300420fourseason                    INIMX_CARDfourseason20220604174520695179<?xml version="1.0" encoding="UTF-8"?>
<INIpay>
	  <CancelInfo>
	    <SessionKey>h7e/B/UMKn9KJIBxWkCp9Uv1c29M8mEb7FJzAu+g/xG/6xWBmverq8qgcNFPwMKq
gcJPdA94TuBdAvM/yKQrynVaXjCN0djyiQWiCySMod/ZT3YH9HCmEN3kZGVcK6DC
ApR45JTfCfqBcRQs+ufX6EMDzqZZBEZyrGCqZ1AhkmEoLgXcqxyDLw==
</SessionKey>
	    <Encrypted>JioRlPlmJZgUaiT42KA5ekgTgmMgig+DS/9V+Lw+EoM2zRpeOovP4+EUMqgqrnvy
o4XZ+2EG9U1ZM+p58JvXc3Qnx20h5uY22s4fMyIjzSL8DavgJJcgw/AsWbPzc5K8
UPieneEK9KIa6yc/PBEudxxjUT5A7FtBQiOq7WrTsyjsuCHGsqP9vdMfMtcoCK3k
bckRnp+PlYlOEROYc+2/NQ9xjZOX/mrJNoT4anpu9Ce5H2VmT3F8lV9VWzRcossx
fRws+7db5Lz49745GCIMyaROZepYdYVRyp/nRfkzNAAwi5d4gdQCvCHZQ8c3P1Ai
GAOulL+GG9MrQyF4tuvXPDC8eb2qfndLAAm2GFmQ4S2z7UC+Wh/czrq5h9psd4AS
DwI4CT1EOz8=
</Encrypted></CancelInfo>
	  <ReservedInfo>
	    <MReserved1/>
	    <MReserved2/>
	    <MReserved3/></ReservedInfo>
	  <ManageInfo>
	    <Language/>
	    <URL/>
	    <TXVersion>5036B141209canceLinux     PHPchkfake   2.6.32-754.11.1.el6.x86_64PHP:</TXVersion>
	    <TXUserID/>
	    <TXRegNum/></ManageInfo></INIpay>ABVQI5Y2hIXoVFcwWnkrZkJPLl3228+EHkLs3g2OwQ1XzgUKZU1A0pz82dhz+iSM
svHvkqyJbrQ4dIwAiKTFQNfsqgfelwuB+780vAZKcMGugkLRWhJgUjyEp5ez9C1x
CqhXXPilfNsXHTZhCEvpNw1ENdG7llnbESFnBkejFd4o
]
INFO	[2022-06-05 18:19:09:683] <14486> DNS LOOKUP OK(203.238.37.3:203.238.37.3:34049) laptime:0
INFO	[2022-06-05 18:19:09:686] <14486> SOCKET CONNECT OK
INFO	[2022-06-05 18:19:09:686] <14486> SEND OK
INFO	[2022-06-05 18:19:10:904] <14486> RECV OK
INFO	[2022-06-05 18:19:10:904] <14486> MSG_FROM_PG:[0093300175D SHA1                   0                                      300430fourseason                    INIMX_CARDfourseason20220604174520695179<?xml version="1.0" encoding="UTF-8"?><INIpay>
<CancelInfo>
<ResultCode>120000</ResultCode>
<ResultMsg urlencode="1">%C1%A4%BB%F3%C3%B3%B8%AE%B5%C7%BE%FA%BD%C0%B4%CF%B4%D9.</ResultMsg>
<SessionKey>AIwGcf/cYjygGxmDpXaZfWV+USNzmYJcv9DbuCTRj6W6cjl2f8gN+Q9h4wamG0eQ
xkOer85QTGT20posxcEdqI5OQv10K3Yf+4c9AwUxfvTVyc7ktrT/+PC/qq4fbXNc
XXr+K6+mOrfhjrSMzpqgDg5ZZ/Twnq+XlylvGxKS0olQEKqz49P61GA=
</SessionKey>
<Encrypted>kyblyr/r2l23KXS3BBXJIwpD1dWP5dSYLPowk1T6ot+YI3xCWhEW305x1qGdKOIK
DJil0ZuXJzgRsZlur+pz7V28AhP2PkBHXSM+iHYhlIx9dBvdt7C+7tewl4QTY+AH
yESDXSh5N11lyI2aBe1WiInBgZreR1wrTBQExM/DkWQq2NuBWuh1WS7u6sOsvniT
nSGM4864TgpXrnLFLaQtT2rQnxyhoMrR6csQQCaYILzHIpIjawW7wqvpqTDW6zl1
eQfyqnlQj1PoYS5CR+vjEoQt5P8BBCKnxQjNOPWJEbtxCKO5N1Xkhd/hB+czkXi4
+97cs0uWWop0Ph1PLv0/omngZ03PoHbO
</Encrypted>
</CancelInfo>
<ManageInfo/>
<ReservedInfo>
<MReserved1 urlencode="1"/>
<MReserved2 urlencode="1"/>
<MReserved3 urlencode="1"/>
</ReservedInfo>
</INIpay>
cFjivDNL1+HjOL1Ttcsi8tGDLZpjqBPws7St4+wLQNU69pB9r2JAbZpD4w+Obrb9
xfMv2zqjFHIliUef4/WGvFPX+nxElVIDh8RAuF8fj2qtgvI0r/iNDvEfxLaCAE/D
yC+dFDOB+vOnY6TM21j/ffYsXtFQa9UGUgRk5Qp5jWA=
]
INFO	[2022-06-05 18:19:10:904] <14486> VERIFY OK
INFO	[2022-06-05 18:19:10:904] <14486> PARSE HEAD OK
INFO	[2022-06-05 18:19:10:905] <14486> PARSE BODY OK
INFO	[2022-06-05 18:19:10:905] <14486> DECRYPT OK
DEBUG	[2022-06-05 18:19:10:905] <14486> DECRYPT MSG:[<?xml version="1.0" encoding="UTF-8"?><CancelInfo>
<CancelDate>20220605</CancelDate>
<CancelTime>181910</CancelTime>
<ResultCode>120000</ResultCode>
<ResultMsg urlencode="1">%C1%A4%BB%F3%C3%B3%B8%AE%B5%C7%BE%FA%BD%C0%B4%CF%B4%D9.</ResultMsg>
</CancelInfo>]
INFO	[2022-06-05 18:19:10:905] <14486> DECRYPT PARSE OK
INFO	[2022-06-05 18:19:10:905] <14486> END cancel 정상처리되었습니다. Laptime:[1.225sec]
INFO	[2022-06-05 18:19:10:905] <14486> ===============================================================
INFO	[2022-06-05 22:18:44:422] <14482> START INIPHP cancel (V5036-141209)(OS:Linux2.6.32-754.11.1.el6.x86_64,PHP:5.3.3)
DEBUG	[2022-06-05 22:18:44:422] <14482> inipayhome:/home1/killdeal/public_html/shop/inicis
DEBUG	[2022-06-05 22:18:44:422] <14482> debug:false
DEBUG	[2022-06-05 22:18:44:422] <14482> type:cancel
DEBUG	[2022-06-05 22:18:44:422] <14482> mid:fourseason
DEBUG	[2022-06-05 22:18:44:422] <14482> admin:1111
DEBUG	[2022-06-05 22:18:44:422] <14482> tid:INIMX_ISP_fourseason20220605221424985478
DEBUG	[2022-06-05 22:18:44:422] <14482> cancelmsg:주문자 본인 취소-상품옵션 선택 잘못함
INFO	[2022-06-05 22:18:44:422] <14482> Check Field OK
INFO	[2022-06-05 22:18:44:422] <14482> PI PUB KEY LOAD OK []
INFO	[2022-06-05 22:18:44:423] <14482> PG PUB KEY LOAD OK [30]
INFO	[2022-06-05 22:18:44:423] <14482> MERCHANT PRIV KEY LOAD OK
INFO	[2022-06-05 22:18:44:423] <14482> MERCHANT PUB KEY LOAD OK [0]
DEBUG	[2022-06-05 22:18:44:423] <14482> MAKE ENCRYPT OK[<?xml version="1.0" encoding="UTF-8"?>
<CancelInfo>
	  <CancelTID>INIMX_ISP_fourseason20220605221424985478</CancelTID>
	  <CancelMsg urlencode="1">%C1%D6%B9%AE%C0%DA+%BA%BB%C0%CE+%C3%EB%BC%D2-%BB%F3%C7%B0%BF%C9%BC%C7+%BC%B1%C5%C3+%C0%DF%B8%F8%C7%D4</CancelMsg>
	  <CancelReason/></CancelInfo>]
INFO	[2022-06-05 22:18:44:423] <14482> MAKE BODY OK
INFO	[2022-06-05 22:18:44:424] <14482> SIGN OK
INFO	[2022-06-05 22:18:44:424] <14482> MAKE HEAD OK
INFO	[2022-06-05 22:18:44:424] <14482> MSG_TO_PG:[0101500175D SHA1                   0                                      300420fourseason                    INIMX_ISP_fourseason20220605221424985478<?xml version="1.0" encoding="UTF-8"?>
<INIpay>
	  <CancelInfo>
	    <SessionKey>2kA2JuhE9acjh1qi1Zu2Dca3sVAKGxGVp7ZVVVD2fW8zfZ8dLJW9GofXPYnJ4p5a
j83Z3grtF7Yx6BxznH2vuiU//pvxK4HEGHpddbpnn182IJ4N7be6s89sqXQJXCNm
dWhGE9j20W73rgNywIm0nUNT3u1oiHI1zqw/5eZjbN4IgR55KK4MpA==
</SessionKey>
	    <Encrypted>9a8xBdGDG5YjY+ZEHuLGexAmYZv0xW4ojjvilD4xNqM6bPzPXi8uB2z+tbb4HJNN
j2G28JBUfGsI3pBfdsTRn7XqMu5y0WdqTrh81V4X3OfWBXQI+yWTwA4fyIf6VFyw
CO92AF9HpsgTe4HDjGoWzSDMBJ1UVaj/g2a7vQdzcX5Kbl/FXruWZ+sQzGHB3MyP
oQ9UPKbZnDJdHlcHdk6iClPXu81/8JLb0AclhwIR+wP54ua8lX7j9hMm47cpRGZ6
GV8iNps8woDAZP8p3Th1nwaYNSG+JiOG3a7tO+JEuHA+3960Z2uKgViIq9StGTRq
zWdi/B0TngyWHUX+i7Im/Zuj2j0KVXRuuZiw5/wNhsZfMWrpzTcai3rydNA1Kcf7
7ICsatVa+LY=
</Encrypted></CancelInfo>
	  <ReservedInfo>
	    <MReserved1/>
	    <MReserved2/>
	    <MReserved3/></ReservedInfo>
	  <ManageInfo>
	    <Language/>
	    <URL/>
	    <TXVersion>5036B141209canceLinux     PHPchkfake   2.6.32-754.11.1.el6.x86_64PHP:</TXVersion>
	    <TXUserID/>
	    <TXRegNum/></ManageInfo></INIpay>AEWNKVjNYRuTn3DMVhRH/VUMBHygDKciyNX5VPM0kVdbi2VBTNNCfcsm+p2On/W8
Os8d3NsSGe/kPArViHhyODbExhVxOWvlflDYmGtClljmo9G0UzhOj2tHhSk4hQTf
CUFWC1NC1CEEQdmoNxk6K7br98N1J4U6fIuuZ/1obzuV
]
INFO	[2022-06-05 22:18:44:424] <14482> DNS LOOKUP OK(203.238.37.3:203.238.37.3:34049) laptime:0
INFO	[2022-06-05 22:18:44:426] <14482> SOCKET CONNECT OK
INFO	[2022-06-05 22:18:44:426] <14482> SEND OK
INFO	[2022-06-05 22:18:45:370] <14482> RECV OK
INFO	[2022-06-05 22:18:45:371] <14482> MSG_FROM_PG:[0086100175D SHA1                   0                                      300430fourseason                    INIMX_ISP_fourseason20220605221424985478<?xml version="1.0" encoding="UTF-8"?><INIpay>
<CancelInfo>
<ResultCode>170000</ResultCode>
<ResultMsg urlencode="1">%C1%A4%BB%F3%BF%CF%B7%E1</ResultMsg>
<SessionKey>AMTLqm9425Jzf2Uo3fRqjKwHXy12EWSt+33ie2GpykFTFKbrIOXD9clIxdm6uW9P
RE/vDox1/jnW114Dgx6//Qsev2BLhvdT465iy6TRa+Phu/hEW3578k7FoWDW+EWj
vaiLJapI31WT1vJL8xe62jM3ASv3t0dXTPZCr1rVtmCL8/+Bto5f8x8=
</SessionKey>
<Encrypted>PUPhxFKWm5r3LsGFzSv/tZJKiHmhsLz7wAVqR02Xo4+suWWbT1+pgS8AZ3XTOIdl
Xn7Yy1rv1dq2TFODyRQNbFaiYe+X229yft8DKlu4Wfzafs/J7DKRSxixZYsymzbk
kh9l+o1eRAvoNCenG8rdEAjeO6ZhwkSxxYsICGfP8QHQnx0Hu+oqrS/lJzRRaWx7
kg3wLAuHTTtM0QuEVsQrfMpe3bficFAEIMUeSqd1zdQfg+qSVcP7m9znj0o58lom
VE/zJG6xFHeyIEA+ev+DoCOdEGVgumaZpFMH8jijNAMBlE/y17LiMw==
</Encrypted>
</CancelInfo>
<ManageInfo/>
<ReservedInfo>
<MReserved1 urlencode="1"/>
<MReserved2 urlencode="1"/>
<MReserved3 urlencode="1"/>
</ReservedInfo>
</INIpay>
TfDIMBBkiHPGivqDMpnOStkVdteVVlHR9aJv99wB4P6IRrGhZnQiI7mYYOd1aXvj
HDMH4vtXjTK/AoHZRtIwGJXs6+DvmoIgxL/fZTfR8P2jDlIaCUsxpLNUIGolhwqf
eFjlA4Y9BEOvstDkqK1JcbsFI1zCIIKA8BGT0AU87mc=
]
INFO	[2022-06-05 22:18:45:371] <14482> VERIFY OK
INFO	[2022-06-05 22:18:45:371] <14482> PARSE HEAD OK
INFO	[2022-06-05 22:18:45:371] <14482> PARSE BODY OK
INFO	[2022-06-05 22:18:45:372] <14482> DECRYPT OK
DEBUG	[2022-06-05 22:18:45:372] <14482> DECRYPT MSG:[<?xml version="1.0" encoding="UTF-8"?><CancelInfo>
<CancelDate>20220605</CancelDate>
<CancelTime>221844</CancelTime>
<ResultCode>170000</ResultCode>
<ResultMsg urlencode="1">%C1%A4%BB%F3%BF%CF%B7%E1</ResultMsg>
</CancelInfo>]
INFO	[2022-06-05 22:18:45:372] <14482> DECRYPT PARSE OK
INFO	[2022-06-05 22:18:45:372] <14482> END cancel 정상완료 Laptime:[0.95sec]
INFO	[2022-06-05 22:18:45:372] <14482> ===============================================================
