INFO	[2021-10-27 18:28:55:408] <15642> START INIPHP receipt (V5036-141209)(OS:Linux2.6.32-754.11.1.el6.x86_64,PHP:5.3.3)
DEBUG	[2021-10-27 18:28:55:408] <15642> inipayhome:/home1/killdeal/public_html/shop/inicis
DEBUG	[2021-10-27 18:28:55:408] <15642> debug:false
DEBUG	[2021-10-27 18:28:55:408] <15642> type:receipt
DEBUG	[2021-10-27 18:28:55:408] <15642> pgid:INIphpRECP
DEBUG	[2021-10-27 18:28:55:408] <15642> paymethod:CASH
DEBUG	[2021-10-27 18:28:55:408] <15642> currency:WON
DEBUG	[2021-10-27 18:28:55:408] <15642> admin:1111
DEBUG	[2021-10-27 18:28:55:408] <15642> mid:majorgol03
DEBUG	[2021-10-27 18:28:55:408] <15642> goodname:핫딜펜폴드방풍사방스판남성골프바지PF74PT04
DEBUG	[2021-10-27 18:28:55:408] <15642> cr_price:29800
DEBUG	[2021-10-27 18:28:55:408] <15642> sup_price:27091
DEBUG	[2021-10-27 18:28:55:408] <15642> tax:2709
DEBUG	[2021-10-27 18:28:55:408] <15642> srvc_price:0
DEBUG	[2021-10-27 18:28:55:408] <15642> buyername:강주환
DEBUG	[2021-10-27 18:28:55:408] <15642> buyeremail:jdtkd@hanmail.net
DEBUG	[2021-10-27 18:28:55:408] <15642> buyertel:01068471357
DEBUG	[2021-10-27 18:28:55:408] <15642> reg_num:6812051558826
DEBUG	[2021-10-27 18:28:55:408] <15642> useopt:0
DEBUG	[2021-10-27 18:28:55:408] <15642> companynumber:
INFO	[2021-10-27 18:28:55:408] <15642> Check Field OK
INFO	[2021-10-27 18:28:55:408] <15642> Make TID OK INIphpRECPmajorgol0320211027182855084986
INFO	[2021-10-27 18:28:55:408] <15642> PI PUB KEY LOAD OK []
INFO	[2021-10-27 18:28:55:409] <15642> PG PUB KEY LOAD OK [30]
INFO	[2021-10-27 18:28:55:409] <15642> MERCHANT PRIV KEY LOAD OK
INFO	[2021-10-27 18:28:55:409] <15642> MERCHANT PUB KEY LOAD OK [0]
DEBUG	[2021-10-27 18:28:55:410] <15642> MAKE ENCRYPT OK[<?xml version="1.0" encoding="UTF-8"?>
<PaymentInfo>
	  <Payment>
	    <CASH>
	      <CSHR_ApplPrice>29800</CSHR_ApplPrice>
	      <CSHR_SupplyPrice>27091</CSHR_SupplyPrice>
	      <CSHR_Tax>2709</CSHR_Tax>
	      <CSHR_ServicePrice/>
	      <CSHR_Type>0</CSHR_Type>
	      <CSHR_RegNum>6812051558826</CSHR_RegNum>
	      <CSHR_CompanyNum/></CASH></Payment></PaymentInfo>]
INFO	[2021-10-27 18:28:55:410] <15642> MAKE BODY OK
INFO	[2021-10-27 18:28:55:411] <15642> SIGN OK
INFO	[2021-10-27 18:28:55:411] <15642> MAKE HEAD OK
INFO	[2021-10-27 18:28:55:411] <15642> MSG_TO_PG:[0194400175D SHA1                   0                                      300200majorgol03               29800INIphpRECPmajorgol0320211027182855084986<?xml version="1.0" encoding="UTF-8"?>
<INIpay>
	  <GoodsInfo>
	    <GoodsCnt>1</GoodsCnt>
	    <MOID/>
	    <Currency>WON</Currency>
	    <Tax>2709</Tax>
	    <TaxFree/>
	    <Goods>
	      <SMID>majorgol03</SMID>
	      <GoodsName urlencode="1">%C7%D6%B5%F4%C6%E6%C6%FA%B5%E5%B9%E6%C7%B3%BB%E7%B9%E6%BD%BA%C6%C7%B3%B2%BC%BA%B0%F1%C7%C1%B9%D9%C1%F6PF74PT04</GoodsName>
	      <GoodsPrice>29800</GoodsPrice></Goods></GoodsInfo>
	  <BuyerInfo>
	    <BuyerName urlencode="1">%B0%AD%C1%D6%C8%AF</BuyerName>
	    <BuyerTel>01068471357</BuyerTel>
	    <BuyerEmail urlencode="1">jdtkd%40hanmail.net</BuyerEmail>
	    <ParentEmail/>
	    <RecvName/>
	    <RecvTel/>
	    <RecvMsg/>
	    <RecvAddr/>
	    <RecvPostNum/></BuyerInfo>
	  <PaymentInfo>
	    <Payment>
	      <PayMethod>CASH</PayMethod>
	      <JoinCard/>
	      <JoinExpire/>
	      <MailOrder/>
	      <SessionKey>GDghvwzWkEaWFRv+TeWKEq5ky7Lv1tw5ZPgYDFOWW8SGFkoNx9uQKoot8QzSOh+R
hrAB1hUjOILyS1/fvFcoWrVmMosoYv3St5SOU+ur56tfKO1miVHP8ORKFRxGkX5a
5t4P2oUn6AC/6i6f7K6eJi5n0fb5sAIHTA9/Ac24FNrTHksOv2Javw==
</SessionKey>
	      <Encrypted>ZHMnyhwXYWIVW1DDAsRUG+RTT+HbPRpmcMGZTQpnz1Xh1VTLHyphEOPR9HLDuacE
1r9RHHvfkzfyAePwtVNFZebcxL4CQ8xDIgGbi7wIg0hS5VC+ezyMuvXUyvu653TZ
umuWmOa+kUO1be5JGF82QbbcJR4eZsEZ1hmBVwd7ip6crqb8VZTkBMWfr/Xvi4Cq
wl16iB9nDHnOp9WqUHkfVC142A7Mn2SlKmFdl0y5AriJv3QJPam7MxskABlnZyfH
a9qZtLYs+dSJdc1+q3Q5cVP+RLx7SX2fP0aQUgOFP3hi+hPXv5gSrq7j02Jepo/W
Yyv1mg8Maz3mqKsDtpvN5CgjCazlnk9kEwHEUJ9k+cmHitb+KVUuV8D8BQAe14Le
HB1RPdUW/gVXrD97EcAWqw03Y6U+3M7t/AOJB8Ygfuep6ELeyNe+y5knjOfz89SB
VGSnlWuoB4qHxf2pgu1P/sdnuvdIGkyyT+EwROl7dLtvGn6Vis/htg==
</Encrypted></Payment></PaymentInfo>
	  <ReservedInfo>
	    <MReserved1/>
	    <MReserved2/>
	    <MReserved3/></ReservedInfo>
	  <ManageInfo>
	    <Language/>
	    <URL/>
	    <TXVersion>5036B141209receiLinux     PHPchkfake   2.6.32-754.11.1.el6.x86_64PHP:</TXVersion>
	    <TXUserID/>
	    <TXRegNum/>
	    <Ack>1</Ack></ManageInfo></INIpay>ARUXNvJUiGtm9KE5qybZQYp+l4QxdiF9eLWQ6zmMNev3G3CLLeNFiqV9efe1Gt7j
mOZY8oIdyGtjAFFIYEUIgrHIFp8ABR7HsL8/QGL7GNSt7nGB4Qk+R7xxd4kj/+8n
Bzek4yF9QeIlkQKkbUVwfSrSlWBWH72T89uSc2mXin/N
]
INFO	[2021-10-27 18:28:55:411] <15642> DNS LOOKUP OK(203.238.37.3:203.238.37.3:34049) laptime:0
INFO	[2021-10-27 18:28:55:414] <15642> SOCKET CONNECT OK
INFO	[2021-10-27 18:28:55:414] <15642> SEND OK
INFO	[2021-10-27 18:28:55:515] <15642> RECV OK
INFO	[2021-10-27 18:28:55:515] <15642> MSG_FROM_PG:[0168000175D SHA1                   0                                      300210majorgol03               29800INIphpRECPmajorgol0320211027182855084986<?xml version="1.0" encoding="UTF-8"?><INIpay>
<GoodsInfo>
<GoodsCnt>1</GoodsCnt>
<MOID urlencode="1"/>
<Currency>WON</Currency>
<Goods no="1">
<SMID>majorgol03</SMID>
<GoodsName urlencode="1">%C7%D6%B5%F4%C6%E6%C6%FA%B5%E5%B9%E6%C7%B3%BB%E7%B9%E6%BD%BA%C6%C7%B3%B2%BC%BA%B0%F1%C7%C1%B9%D9%C1%F6PF74PT04</GoodsName>
<GoodsCntS>1</GoodsCntS>
<GoodsPrice>29800</GoodsPrice>
</Goods>
</GoodsInfo>
<PaymentInfo>
<Payment>
<SessionKey>AEIzscjh9xTZFJzpClu2/Js/0QcAKun1Zr6KRp/RGRGrQjd0GnZVofaZulTGTr4M
CGasno0KeXzLUWIMm2ZI5xVMOfH3I2y48Ipc6cDjylg8L2KsNard/NptU10ysTrJ
lXNaMFNmWJxCNo61mJJ42owXRkAjOOTCH9xOMbjXroEFR0f48dm50T4=
</SessionKey>
<Encrypted>rkt9geoMiRyhXCHbeworaziUEWCeIPNAMQ0f9/+kZUgnUMzIx7adbFRYv3SKyTaA
X54u4WiktAAhTZCZIH3vOW2HjdwC18b7gaAmgMjXZVNgCPo0qgAOx6xczdtZ4lp8
RMln3nJRpjCJrURENIhF4pD7G4YXJPG4BeuiONvphHSZX7wZ0EjK7WhSNn/IWhh5
Tz9LWFwoUYlvgDawosZXT8egMMHwcaV+Ri7ug4NH/jpbkbAqX1TlEAGgg9LXHaGf
8jFFlzD98XpO4zaD3IvY46ViAV/a7kCa60qMhe7CL55M5/Pl1251Js5ed9D2mn3W
reHcPZzSnNpJfsEkG+uohfY28O+HP1Tz6k2K1bhFOqK6fhHTxr23hbH4b96BCGGV
8cp5KKJfMXMd4ETaR/6FaNKMs0pI/gynNAZHz6G0u73C7dJ2VvN6IKKSyNnE9C2A
0B9i7QBUr8BEQZfnzW3WSNwV0fTDmEgq9oczyqH+Upuz4T1rY6Qd/SOwMKP45ZWg
aTj5tAZPQHOuqlrr5lSCAvIGleDwoIstHqZc9dm6JhCJTYvH3uiUeBu22rtLsgkh
XdvL3LwziA3cActrvQ7XnNmdI8YLnxFk/qj5RLsg4F8Qaqvig93+SKpsHjdDIKoT
OAynEAYUdIwaW4c2IKv5PbBex+2JwE1+8Lg+U9dzR1gDgJ2oQAbs1A==
</Encrypted>
<PayMethod>CASH</PayMethod>
<ResultCode>220000</ResultCode>
<ResultMsg urlencode="1">%C1%A4%BB%F3%C3%B3%B8%AE%B5%C7%BE%FA%BD%C0%B4%CF%B4%D9.</ResultMsg>
</Payment>
</PaymentInfo>
<ManageInfo/>
<ReservedInfo>
<MReserved1 urlencode="1"/>
<MReserved2 urlencode="1"/>
<MReserved3 urlencode="1"/>
</ReservedInfo>
</INIpay>
gCVBhUCw9CsCCuWMxnH9cgdzszfvsjLOG+6QOfl/Mhh7vfewRhr5iy1+Vu38BCZk
4+IpbXU4CaUJ6rVHLQPJaP884J8R6BULyQCb7esusOHL7wLOQU4iNE9cm0n6HziW
80AtYT0Ayv88ZPHCbY9YiTtX60c+vF0opBYbQZ1eGvs=
]
INFO	[2021-10-27 18:28:55:515] <15642> VERIFY OK
INFO	[2021-10-27 18:28:55:515] <15642> PARSE HEAD OK
INFO	[2021-10-27 18:28:55:516] <15642> PARSE BODY OK
INFO	[2021-10-27 18:28:55:516] <15642> DECRYPT OK
DEBUG	[2021-10-27 18:28:55:516] <15642> DECRYPT MSG:[<?xml version="1.0" encoding="UTF-8"?><PaymentInfo>
<Payment>
<CASH>
<CSHR_ApplPrice>29800</CSHR_ApplPrice>
<CSHR_SupplyPrice>27091</CSHR_SupplyPrice>
<CSHR_Tax>2709</CSHR_Tax>
<CSHR_ServicePrice/>
<CSHR_Type>0</CSHR_Type>
<CSHR_ApplDate>20211027</CSHR_ApplDate>
<CSHR_ApplTime>182855</CSHR_ApplTime>
<CSHR_ApplNum>265896064</CSHR_ApplNum>
<CSHR_ResultCode>220000</CSHR_ResultCode>
<CSHR_ResultMsg urlencode="1">%C1%A4%BB%F3%C3%B3%B8%AE%B5%C7%BE%FA%BD%C0%B4%CF%B4%D9.</CSHR_ResultMsg>
</CASH>
</Payment>
</PaymentInfo>]
INFO	[2021-10-27 18:28:55:517] <15642> DECRYPT PARSE OK
INFO	[2021-10-27 18:28:55:517] <15642> WAIT ACK INVOKING
DEBUG	[2021-10-27 18:28:55:517] <15642> MAKE HEAD OK
INFO	[2021-10-27 18:28:55:521] <15642> SUCCESS ACK INVOKING
INFO	[2021-10-27 18:28:55:521] <15642> END receipt 정상처리되었습니다. Laptime:[0.112sec]
INFO	[2021-10-27 18:28:55:521] <15642> ===============================================================
