INFO	[2023-02-15 15:51:31:239] <19448> START INIPHP cancel (V5036-141209)(OS:Linux2.6.32-754.11.1.el6.x86_64,PHP:5.3.3)
DEBUG	[2023-02-15 15:51:31:239] <19448> inipayhome:/home1/killdeal/public_html/shop/inicis
DEBUG	[2023-02-15 15:51:31:239] <19448> debug:false
DEBUG	[2023-02-15 15:51:31:239] <19448> type:cancel
DEBUG	[2023-02-15 15:51:31:239] <19448> mid:majorgol03
DEBUG	[2023-02-15 15:51:31:239] <19448> admin:1111
DEBUG	[2023-02-15 15:51:31:239] <19448> tid:StdpayCARDmajorgol0320230215155032273917
DEBUG	[2023-02-15 15:51:31:239] <19448> cancelmsg:주문자 본인 취소-상품옵션 선택 잘못함
INFO	[2023-02-15 15:51:31:239] <19448> Check Field OK
INFO	[2023-02-15 15:51:31:239] <19448> PI PUB KEY LOAD OK []
INFO	[2023-02-15 15:51:31:239] <19448> PG PUB KEY LOAD OK [30]
INFO	[2023-02-15 15:51:31:239] <19448> MERCHANT PRIV KEY LOAD OK
INFO	[2023-02-15 15:51:31:240] <19448> MERCHANT PUB KEY LOAD OK [0]
DEBUG	[2023-02-15 15:51:31:240] <19448> MAKE ENCRYPT OK[<?xml version="1.0" encoding="UTF-8"?>
<CancelInfo>
	  <CancelTID>StdpayCARDmajorgol0320230215155032273917</CancelTID>
	  <CancelMsg urlencode="1">%C1%D6%B9%AE%C0%DA+%BA%BB%C0%CE+%C3%EB%BC%D2-%BB%F3%C7%B0%BF%C9%BC%C7+%BC%B1%C5%C3+%C0%DF%B8%F8%C7%D4</CancelMsg>
	  <CancelReason/></CancelInfo>]
INFO	[2023-02-15 15:51:31:240] <19448> MAKE BODY OK
INFO	[2023-02-15 15:51:31:241] <19448> SIGN OK
INFO	[2023-02-15 15:51:31:241] <19448> MAKE HEAD OK
INFO	[2023-02-15 15:51:31:241] <19448> MSG_TO_PG:[0101500175D SHA1                   0                                      300420majorgol03                    StdpayCARDmajorgol0320230215155032273917<?xml version="1.0" encoding="UTF-8"?>
<INIpay>
	  <CancelInfo>
	    <SessionKey>v2XdM3AVl/1AXnu3oC93LC+TIMn8kTmB8Pc0H1GrbwazJ+M1R6uruIZJUssEVzR7
47LPFfTSUn6/LQX+V+DahcvBkIm0ZydMO5qYskVlCH+38gX13oSImxR8l1nozhLY
N0jubYvfWMXOgJ6iJMRmGlyobjUDmtM2Ng1WIsG/WW/msRb8jkNKjg==
</SessionKey>
	    <Encrypted>2tENAIH0rQMSd7vUoNAH83fzrU0NtBug5RhbJANSUm8/0O1qokjWgLbmQMVHq+dN
0EV7JBBXZmfdsuiGi+DZdaor5Bg1WV6MBduvPguqgLPlMZLCtT9pUSLW1eLDnnuy
nwQYTuwD+PwBXziCUS6nkR/CR/9M6Zt3NMDf5sfOoFpnWOTFgQ9V7uZ4sWYuDnTo
ZyXcZOJaGdPUmVQjRfyAZXzSK1hu4A64znH5cMJnkU2nQiv0AaRCo/aCyN7goVH+
2ryukO+SgSYy2Ye2Yy775q/DG/IPu2cMiZ/rwE+msq/MM3dnJfLsPLwKZbDkdioJ
uY60CuDdCXmEE5m6krQA+eHNKzgdr7ac3067yMnlga+zA0op/04zCxebOJ2M1nkA
U9by9EwkUF4=
</Encrypted></CancelInfo>
	  <ReservedInfo>
	    <MReserved1/>
	    <MReserved2/>
	    <MReserved3/></ReservedInfo>
	  <ManageInfo>
	    <Language/>
	    <URL/>
	    <TXVersion>5036B141209canceLinux     PHPchkfake   2.6.32-754.11.1.el6.x86_64PHP:</TXVersion>
	    <TXUserID/>
	    <TXRegNum/></ManageInfo></INIpay>APqnRlge/tEpcrHZQA/apN+DPpZcxCpK3/0dmtg+HbHQUAjeiMtH+WgrBjBi/P/e
AeQglNSuzJwmgA/Eju1J6Aw02s3XFQizeJPoPIXJFW0oQTgQOwuPbJs0SYhwj1hA
5wCR+YZ474k7WjpRHVbOJEMoonguF4LbzDDz0EkN/lWs
]
INFO	[2023-02-15 15:51:31:241] <19448> DNS LOOKUP OK(203.238.37.3:203.238.37.3:34049) laptime:0
INFO	[2023-02-15 15:51:31:243] <19448> SOCKET CONNECT OK
INFO	[2023-02-15 15:51:31:243] <19448> SEND OK
INFO	[2023-02-15 15:51:32:208] <19448> RECV OK
INFO	[2023-02-15 15:51:32:208] <19448> MSG_FROM_PG:[0093300175D SHA1                   0                                      300430majorgol03                    StdpayCARDmajorgol0320230215155032273917<?xml version="1.0" encoding="UTF-8"?><INIpay>
<CancelInfo>
<ResultCode>120000</ResultCode>
<ResultMsg urlencode="1">%C1%A4%BB%F3%C3%B3%B8%AE%B5%C7%BE%FA%BD%C0%B4%CF%B4%D9.</ResultMsg>
<SessionKey>AClVOvBV+h16AKyi0Jh2iQww9lPYRZ9swkGJUHPzgYrMZ4C1LDh6KuYzGJCpZ7d1
VTbMT4jY5UNbPnOBd5pGyv4GJ2A3lczO3oS0duYwJvh5AX5CPyuFQ8xApaQINx81
FaYhd07utUTo09P802lJ52eUenG3RL3MyZyQVWYtQopBMtalHIC4FRE=
</SessionKey>
<Encrypted>bRTkqnwRhywsQnK+U3ikT1K8AiOHlbnHra4kpBcMm8c8X76MmcF+8qwpKuznIvVD
omR/clWktXZu3Zk9z2P+hGL5ya6KzKZQlU5l0pzQ+77PL0vmad0O66XnjK4gdaaH
7PRJgaYnQp/1w82Y9n5WAD70hEp5ZRgsP62WsoEUrVGu47BgNOgz453H/X08VHi7
qhlViv4q1pMMaDgXIqBHvx/eyfLUJ9jgCgQLEBzUy9O03RiHERKm6Ajoa7ZazbcO
ePMHgCNi4G99ptJXxEpKjhfNfgWcFlBSW2j385FrexD4O1or70EhuIipdRKIIkaw
eOCuLV4fRtp05pA+aOlqVxRkS4ejSsFU
</Encrypted>
</CancelInfo>
<ManageInfo/>
<ReservedInfo>
<MReserved1 urlencode="1"/>
<MReserved2 urlencode="1"/>
<MReserved3 urlencode="1"/>
</ReservedInfo>
</INIpay>
WuQ3zFI++HtXt1sg3Xn/AGgzxXKrNgnoO6nI8GCG4/XPSBQVOYhmjtg58jQ4IGGo
Q4CsN4Qnbm668ofC+vZWPh8Wqqj1WkS8BWUb82Iz6A2zfRl6fnT0xPmpJE6ux4GZ
OYOQnOX+/nrrRzVrRqrYSdfOiujlNEglKlnOn3sBot8=
]
INFO	[2023-02-15 15:51:32:208] <19448> VERIFY OK
INFO	[2023-02-15 15:51:32:208] <19448> PARSE HEAD OK
INFO	[2023-02-15 15:51:32:209] <19448> PARSE BODY OK
INFO	[2023-02-15 15:51:32:209] <19448> DECRYPT OK
DEBUG	[2023-02-15 15:51:32:209] <19448> DECRYPT MSG:[<?xml version="1.0" encoding="UTF-8"?><CancelInfo>
<CancelDate>20230215</CancelDate>
<CancelTime>155131</CancelTime>
<ResultCode>120000</ResultCode>
<ResultMsg urlencode="1">%C1%A4%BB%F3%C3%B3%B8%AE%B5%C7%BE%FA%BD%C0%B4%CF%B4%D9.</ResultMsg>
</CancelInfo>]
INFO	[2023-02-15 15:51:32:209] <19448> DECRYPT PARSE OK
INFO	[2023-02-15 15:51:32:209] <19448> END cancel 정상처리되었습니다. Laptime:[0.971sec]
INFO	[2023-02-15 15:51:32:209] <19448> ===============================================================
INFO	[2023-02-15 22:44:47:406] <21116> START INIPHP cancel (V5036-141209)(OS:Linux2.6.32-754.11.1.el6.x86_64,PHP:5.3.3)
DEBUG	[2023-02-15 22:44:47:406] <21116> inipayhome:/home1/killdeal/public_html/shop/inicis
DEBUG	[2023-02-15 22:44:47:406] <21116> debug:false
DEBUG	[2023-02-15 22:44:47:406] <21116> type:cancel
DEBUG	[2023-02-15 22:44:47:406] <21116> mid:majorgol03
DEBUG	[2023-02-15 22:44:47:406] <21116> admin:1111
DEBUG	[2023-02-15 22:44:47:406] <21116> tid:StdpayISP_majorgol0320230215224445478691
DEBUG	[2023-02-15 22:44:47:406] <21116> cancelmsg:DB FAIL
INFO	[2023-02-15 22:44:47:406] <21116> Check Field OK
INFO	[2023-02-15 22:44:47:406] <21116> PI PUB KEY LOAD OK []
INFO	[2023-02-15 22:44:47:406] <21116> PG PUB KEY LOAD OK [30]
INFO	[2023-02-15 22:44:47:406] <21116> MERCHANT PRIV KEY LOAD OK
INFO	[2023-02-15 22:44:47:406] <21116> MERCHANT PUB KEY LOAD OK [0]
DEBUG	[2023-02-15 22:44:47:407] <21116> MAKE ENCRYPT OK[<?xml version="1.0" encoding="UTF-8"?>
<CancelInfo>
	  <CancelTID>StdpayISP_majorgol0320230215224445478691</CancelTID>
	  <CancelMsg urlencode="1">DB+FAIL</CancelMsg>
	  <CancelReason/></CancelInfo>]
INFO	[2023-02-15 22:44:47:407] <21116> MAKE BODY OK
INFO	[2023-02-15 22:44:47:407] <21116> SIGN OK
INFO	[2023-02-15 22:44:47:407] <21116> MAKE HEAD OK
INFO	[2023-02-15 22:44:47:407] <21116> MSG_TO_PG:[0088500175D SHA1                   0                                      300420majorgol03                    StdpayISP_majorgol0320230215224445478691<?xml version="1.0" encoding="UTF-8"?>
<INIpay>
	  <CancelInfo>
	    <SessionKey>rwr7QKG1E2FapKwKxzJL8oqchLepoo+NNg8U1t3JQF3l2qP1dCQrcqro0pcO0Cuy
Nu5V62mmBpnOeMAJbGQFlsi+GICuMk2QU73lDDm6XNBm+fsMbqBH6TZsV930dDvd
uUk8SkxoTZIKV234tdG6SnCbxOTR+0xA+8zc6OQTBa9n1covL3M02Q==
</SessionKey>
	    <Encrypted>72V6/YgaN7ZMokPGkAZG3Cak2tKA7qcGa6gQ+lEiKaubJ1rYBkVvbV0cNQAsE8zv
00Q783e2UpAQywYuOUw13bD2RlSDI5WMu9CAPsBFdmAL0Peu1RQQswUT37VYd1yF
Nay8TncVNG2NSPUVY34F0t9H7xXj7MX6QLrZZp0ajsJYBjSasjqYQNE0T6McnN6N
prF/H7bKC7ZK5BLhAwCE5/SHK248k2lQkNidHH3JKWkhWtONsr0wyCaoHhskye3P
/9lbouQ7qxw=
</Encrypted></CancelInfo>
	  <ReservedInfo>
	    <MReserved1/>
	    <MReserved2/>
	    <MReserved3/></ReservedInfo>
	  <ManageInfo>
	    <Language/>
	    <URL/>
	    <TXVersion>5036B141209canceLinux     PHPchkfake   2.6.32-754.11.1.el6.x86_64PHP:</TXVersion>
	    <TXUserID/>
	    <TXRegNum/></ManageInfo></INIpay>ADKos/OAnueBXmanW5hhDeK2FwoP4BED/3XB6ErBIGNJ1U17eEqG2FRGJFuJX1wV
vFAXV8t23ZEBnNgD2ryh4sv+Q8S5W7h4JyfsHD4pnPm2qpn/W67sJABIVaAiFmYe
2DLi2Sav7fNxR/o6g/nR7jhtRt1XH7h8pGTt7EGzMLOS
]
INFO	[2023-02-15 22:44:47:407] <21116> DNS LOOKUP OK(203.238.37.3:203.238.37.3:34049) laptime:0
INFO	[2023-02-15 22:44:47:410] <21116> SOCKET CONNECT OK
INFO	[2023-02-15 22:44:47:410] <21116> SEND OK
INFO	[2023-02-15 22:44:47:859] <21116> RECV OK
INFO	[2023-02-15 22:44:47:859] <21116> MSG_FROM_PG:[0086100175D SHA1                   0                                      300430majorgol03                    StdpayISP_majorgol0320230215224445478691<?xml version="1.0" encoding="UTF-8"?><INIpay>
<CancelInfo>
<ResultCode>170000</ResultCode>
<ResultMsg urlencode="1">%C1%A4%BB%F3%BF%CF%B7%E1</ResultMsg>
<SessionKey>ANs52zk+8jk7vjzhe4ATQV4vLj4EbXB0Jha7dfgB5FNKIsRFeWnEmGoc2cmApTiB
pexbQkD569fhywJUAqsa4jziUqr09HF+EaEbsLLrJC/j9k5i6lWyK7+AVMojh1sT
4BZiha66RXZ67SLWt0+zSKm+Y4uIOlD2NubJblMmgpbLvpOPjX50izk=
</SessionKey>
<Encrypted>oUIHwHBe3v5y3adDnXgBPCuOO/0GQyNLhGoxBRaSHsJS8MfzQvoJqs8cw+OiMAZW
ootAk6owaKtUlUqAXRQuugUxorgJCVbjEtNXi7zZy9X1YV3bCF8lnFbSPkaPo7b2
LzbEUFORY3eTi84kWvZojUAaHCQ8UgFAMPV+n8rKrE8QosPsQcevFjZsEhXfUzLs
f0gtI+iIM2OYMnftB5P5ntnu/ZDSAOYV3EvYk28klBllz6rpaMWHnwokZyltEcv+
7C9fYoNOJ+Smgn/gViPhp7/3ei5qMo0fYryvz7tY1Raz2NWtqpNKuQ==
</Encrypted>
</CancelInfo>
<ManageInfo/>
<ReservedInfo>
<MReserved1 urlencode="1"/>
<MReserved2 urlencode="1"/>
<MReserved3 urlencode="1"/>
</ReservedInfo>
</INIpay>
VC2zGEBXIlZdwhatS4TMizklGdG3Mai/I/ztQBnQykgwsXYfFqZppEcLroBsqmPg
gsKzn7W0R9lWgfFG9XpphjG5OxFuDVfJqs2vHLS2RB5ZU/jFMAqALzI51F8oIp4x
rsKDs9zPY5qLzbo1HNbASgQXuNaPRMbF/NZHt2MHhEs=
]
INFO	[2023-02-15 22:44:47:859] <21116> VERIFY OK
INFO	[2023-02-15 22:44:47:859] <21116> PARSE HEAD OK
INFO	[2023-02-15 22:44:47:860] <21116> PARSE BODY OK
INFO	[2023-02-15 22:44:47:860] <21116> DECRYPT OK
DEBUG	[2023-02-15 22:44:47:860] <21116> DECRYPT MSG:[<?xml version="1.0" encoding="UTF-8"?><CancelInfo>
<CancelDate>20230215</CancelDate>
<CancelTime>224447</CancelTime>
<ResultCode>170000</ResultCode>
<ResultMsg urlencode="1">%C1%A4%BB%F3%BF%CF%B7%E1</ResultMsg>
</CancelInfo>]
INFO	[2023-02-15 22:44:47:861] <21116> DECRYPT PARSE OK
INFO	[2023-02-15 22:44:47:861] <21116> END cancel 정상완료 Laptime:[0.455sec]
INFO	[2023-02-15 22:44:47:861] <21116> ===============================================================
INFO	[2023-02-15 22:44:59:132] <22919> START INIPHP cancel (V5036-141209)(OS:Linux2.6.32-754.11.1.el6.x86_64,PHP:5.3.3)
DEBUG	[2023-02-15 22:44:59:132] <22919> inipayhome:/home1/killdeal/public_html/shop/inicis
DEBUG	[2023-02-15 22:44:59:132] <22919> debug:false
DEBUG	[2023-02-15 22:44:59:132] <22919> type:cancel
DEBUG	[2023-02-15 22:44:59:132] <22919> mid:majorgol03
DEBUG	[2023-02-15 22:44:59:132] <22919> admin:1111
DEBUG	[2023-02-15 22:44:59:132] <22919> tid:StdpayISP_majorgol0320230215224445478691
DEBUG	[2023-02-15 22:44:59:132] <22919> cancelmsg:DB FAIL
INFO	[2023-02-15 22:44:59:132] <22919> Check Field OK
INFO	[2023-02-15 22:44:59:132] <22919> PI PUB KEY LOAD OK []
INFO	[2023-02-15 22:44:59:132] <22919> PG PUB KEY LOAD OK [30]
INFO	[2023-02-15 22:44:59:133] <22919> MERCHANT PRIV KEY LOAD OK
INFO	[2023-02-15 22:44:59:133] <22919> MERCHANT PUB KEY LOAD OK [0]
DEBUG	[2023-02-15 22:44:59:133] <22919> MAKE ENCRYPT OK[<?xml version="1.0" encoding="UTF-8"?>
<CancelInfo>
	  <CancelTID>StdpayISP_majorgol0320230215224445478691</CancelTID>
	  <CancelMsg urlencode="1">DB+FAIL</CancelMsg>
	  <CancelReason/></CancelInfo>]
INFO	[2023-02-15 22:44:59:133] <22919> MAKE BODY OK
INFO	[2023-02-15 22:44:59:134] <22919> SIGN OK
INFO	[2023-02-15 22:44:59:134] <22919> MAKE HEAD OK
INFO	[2023-02-15 22:44:59:134] <22919> MSG_TO_PG:[0088500175D SHA1                   0                                      300420majorgol03                    StdpayISP_majorgol0320230215224445478691<?xml version="1.0" encoding="UTF-8"?>
<INIpay>
	  <CancelInfo>
	    <SessionKey>LjWkPp88WTV1If0PLwGx+lMWogSYmI4UumJx0UOA0Uc3z5Loh54wBmc5MDrB1m6n
0EJcsosxkLDCpZRdnzDoG2ZmYSi+qLcE4N8+imSCXx0UWrxvy5e/SMq3xqx+fWXD
M61fHSF+/lFxgftuFYN/fnsu9k+7FMDshrpsGxYWKDG4RfAnVpU8aw==
</SessionKey>
	    <Encrypted>7asXaOO8EeqNSrUgjM99WeEjaWOyZx+O63uT7BIJDljd6j6LoK6P5Z6vfMkconie
DdUL78viO4bWlDQa0YcT+tjge4Hk8WW3EL92aOISPRCypYfPDfZQIffzbJf+s/cj
g4xLIq6hJFg9T1P00kIVaWbKyaeBt77IvcAg3WZiq1o/48GzBaBrMFsNOnAoOcLT
T89k/mNFtQo4B9RsiVyyjTaNloxgvegFzId++IWc/NRX6zWIO0CvpgcDR3mWTf3K
X+PEObian9I=
</Encrypted></CancelInfo>
	  <ReservedInfo>
	    <MReserved1/>
	    <MReserved2/>
	    <MReserved3/></ReservedInfo>
	  <ManageInfo>
	    <Language/>
	    <URL/>
	    <TXVersion>5036B141209canceLinux     PHPchkfake   2.6.32-754.11.1.el6.x86_64PHP:</TXVersion>
	    <TXUserID/>
	    <TXRegNum/></ManageInfo></INIpay>AQnVoXEW3XQWvO1k/WUny172rKHYYLzKqxMudSCq5Z0TaKMB1SY4ERJZAYahDibI
pG7vZ7psTXZus9JKsyQDg7d25lbfieOUmlhoy44A2VsnF1y5Tr7+ePZsUOJfN4fU
MfNubMS6NGFtXgs35Qph7C00/HNvZXGZy81CzCUhWRPO
]
INFO	[2023-02-15 22:44:59:134] <22919> DNS LOOKUP OK(203.238.37.3:203.238.37.3:34049) laptime:0
INFO	[2023-02-15 22:44:59:136] <22919> SOCKET CONNECT OK
INFO	[2023-02-15 22:44:59:136] <22919> SEND OK
INFO	[2023-02-15 22:44:59:893] <22919> RECV OK
INFO	[2023-02-15 22:44:59:893] <22919> MSG_FROM_PG:[0078000175D SHA1                   0                                      300430majorgol03                    StdpayISP_majorgol0320230215224445478691<?xml version="1.0" encoding="UTF-8"?><INIpay>
<CancelInfo>
<ResultCode>501626</ResultCode>
<ResultMsg urlencode="1">%B1%E2+%C3%EB%BC%D2+%B0%C5%B7%A1</ResultMsg>
<SessionKey>AEQGEooGaTCDzy94jTR9N6asb45ebHM3xxcDxUl9msxCb+lLQXGk5/NYsAITOi7o
HwQUU7Amxt3v0t0Si0r74fIeHpkrW2cPK6eKr4WHaqTp42tnRu5M6iSxukj9KfUA
8GvqF6OfnjD9T4SAOBbmeXpY2A1nM1ly1PRMcZ7LWJYT2abZVKPKnLk=
</SessionKey>
<Encrypted>gQTge5vLk6WDM2BbpbUSIEq0MQiB2WqzpvxRUrJAd3qZkJDljdHbX8aP7GkTCD/B
uTMkWXJfr1e3qPUEccdv9c6luvaCxt0CgEgqzXYEQpxtRcJ4LFDWHYM5FDm+RF9Q
emFbJHzq9y3UNacWKmYUCNy0lrnRmAwsCcj0ZPy6r/gWcWkrc9YlyoBjNOPr/XBP
a6qTu+9OwaxAbtvOC930lpQsMNPOXVR7
</Encrypted>
</CancelInfo>
<ManageInfo/>
<ReservedInfo>
<MReserved1 urlencode="1"/>
<MReserved2 urlencode="1"/>
<MReserved3 urlencode="1"/>
</ReservedInfo>
</INIpay>
iAHfh5q+aEy5GZIpoleEKcdeCLMmEHeBie/ZKn2qLaSNYzbdRB/zrnfjG3o+SaXd
zjS8wwDQENdzDbr07SzV5eZytoFWaL13W04+cJdPPVCkfQfhwmIzeDR361+zu/0+
lXIxTBchhDYesot4ysKSpgAH7aJ+dyglyzoYz1nBQ+I=
]
INFO	[2023-02-15 22:44:59:893] <22919> VERIFY OK
INFO	[2023-02-15 22:44:59:893] <22919> PARSE HEAD OK
INFO	[2023-02-15 22:44:59:893] <22919> PARSE BODY OK
INFO	[2023-02-15 22:44:59:894] <22919> DECRYPT OK
DEBUG	[2023-02-15 22:44:59:894] <22919> DECRYPT MSG:[<?xml version="1.0" encoding="UTF-8"?><CancelInfo>
<ResultCode>501626</ResultCode>
<ResultMsg urlencode="1">%B1%E2+%C3%EB%BC%D2+%B0%C5%B7%A1</ResultMsg>
</CancelInfo>]
INFO	[2023-02-15 22:44:59:894] <22919> DECRYPT PARSE OK
INFO	[2023-02-15 22:44:59:894] <22919> END cancel [501626|기 취소 거래] Laptime:[0.762sec]
INFO	[2023-02-15 22:44:59:894] <22919> ===============================================================
