INFO	[2020-06-30 09:49:00:476] <18735> START INIPHP repay (V5036-141209)(OS:Linux2.6.32-754.11.1.el6.x86_64,PHP:5.3.3)
DEBUG	[2020-06-30 09:49:00:476] <18735> inipayhome:/home/killdeal/public_html/shop/inicis
DEBUG	[2020-06-30 09:49:00:476] <18735> debug:false
DEBUG	[2020-06-30 09:49:00:476] <18735> type:repay
DEBUG	[2020-06-30 09:49:00:476] <18735> pgid:INIphpRPAY
DEBUG	[2020-06-30 09:49:00:476] <18735> subpgip:203.238.3.10
DEBUG	[2020-06-30 09:49:00:476] <18735> mid:majorgol03
DEBUG	[2020-06-30 09:49:00:476] <18735> admin:1111
DEBUG	[2020-06-30 09:49:00:476] <18735> oldtid:INIMX_CARDmajorgol0320200623092641435413
DEBUG	[2020-06-30 09:49:00:476] <18735> currency:WON
DEBUG	[2020-06-30 09:49:00:476] <18735> price:20900
DEBUG	[2020-06-30 09:49:00:476] <18735> confirm_price:23800
DEBUG	[2020-06-30 09:49:00:476] <18735> buyeremail:koraeeoo77@hanmil. Net
DEBUG	[2020-06-30 09:49:00:476] <18735> tax:1900
DEBUG	[2020-06-30 09:49:00:476] <18735> taxfree:0
INFO	[2020-06-30 09:49:00:476] <18735> Check Field OK
INFO	[2020-06-30 09:49:00:476] <18735> Make TID OK INIphpRPAYmajorgol0320200630094900761761
INFO	[2020-06-30 09:49:00:476] <18735> PI PUB KEY LOAD OK []
INFO	[2020-06-30 09:49:00:476] <18735> PG PUB KEY LOAD OK [30]
INFO	[2020-06-30 09:49:00:476] <18735> MERCHANT PRIV KEY LOAD OK
INFO	[2020-06-30 09:49:00:476] <18735> MERCHANT PUB KEY LOAD OK [0]
DEBUG	[2020-06-30 09:49:00:477] <18735> MAKE ENCRYPT OK[<?xml version="1.0" encoding="UTF-8"?>
<PartCancelInfo>
	  <PRTC_TID>INIMX_CARDmajorgol0320200623092641435413</PRTC_TID>
	  <PRTC_Price>20900</PRTC_Price>
	  <PRTC_Remains>23800</PRTC_Remains>
	  <PRTC_Quota/>
	  <PRTC_Interest/>
	  <PRTC_NoAcctFNBC/>
	  <PRTC_NmAcctFNBC/></PartCancelInfo>]
INFO	[2020-06-30 09:49:00:477] <18735> MAKE BODY OK
INFO	[2020-06-30 09:49:00:478] <18735> SIGN OK
INFO	[2020-06-30 09:49:00:478] <18735> MAKE HEAD OK
INFO	[2020-06-30 09:49:00:478] <18735> MSG_TO_PG:[0111700175D SHA1                   0                                      300620majorgol03               20900INIphpRPAYmajorgol0320200630094900761761<?xml version="1.0" encoding="UTF-8"?>
<INIpay>
	  <PartCancelInfo>
	    <SessionKey>MtVbp2weyUEazWRsTJaDBczMQ4x13X39aXuwGVaolSR6a1QNBDZMfRuPKDT13Kr5
QYzLglrSb3rv4qPkTMGBslq9zIGCUM419J26UYj8b69lyn7tRbBGxbknst9goFKp
gKKMdbTbrmcraJ6kQ5+2/AMMm/dENhP0WCNP0fo72RAZnQY+co2SHg==
</SessionKey>
	    <Encrypted>31dbDvW/PAz2625sCD4Km9YHW+YVskZIHv8qsXs4mx5emNsf1rLnaiPm5Ara5v3T
4sWqycX48N1LmlMPPjIRTuawzMwZhLry04lZEzqOCIbt9EiON/NXrri5vuxfTTu/
L7xZPBOTT0GP26tnWPwV3qy/JfceasBhksFwfKO8CvQp44YzQO2ARuwgSHi3lhrn
55JTVSVwwQkUPDD3VibnQHdjy2CLdXbRuXTogc757nBsXPwBUwMgG871aRkEUutn
wQj+IrEzcGV8j1sg/F9YHyxe2KlYooc8j7tv4KyBpe1Jv3dSQHW1b7kGSwNdsPe8
m5qudcvuKsKOnTHVW4umOecb1WyFVJOhybHUsVCqxkEEtDpXWYZEetYgr+W9Y9Bm
vXUfgGPYiEQ=
</Encrypted></PartCancelInfo>
	  <GoodsInfo>
	    <Tax>1900</Tax>
	    <TaxFree/>
	    <Currency>WON</Currency></GoodsInfo>
	  <ReservedInfo>
	    <MReserved1/>
	    <MReserved2/>
	    <MReserved3/></ReservedInfo>
	  <ManageInfo>
	    <Language/>
	    <URL/>
	    <TXVersion>5036B141209repayLinux     PHPchkfake   2.6.32-754.11.1.el6.x86_64PHP:</TXVersion>
	    <TXUserID/>
	    <TXRegNum/></ManageInfo></INIpay>AEIUWlXtB6EKPwOXFxpshmL3rltyD5qlbh1eM+dY/sl4qkw5L2ThymuwJQCUgyEF
NIcedIHPS0XubPH0MPh37uMgqIQrMW+6zSenlgnb5EWa+KZCSHPihEk4pfc6DVvf
S3hZOlbv4y3N/EQ1DeiVpKBZsGBS7ibeYTVhPVmqCuqd
]
INFO	[2020-06-30 09:49:00:478] <18735> DNS LOOKUP OK(203.238.37.3:203.238.37.3:34049) laptime:0
INFO	[2020-06-30 09:49:00:481] <18735> SOCKET CONNECT OK
INFO	[2020-06-30 09:49:00:481] <18735> SEND OK
INFO	[2020-06-30 09:49:00:700] <18735> RECV OK
INFO	[2020-06-30 09:49:00:700] <18735> MSG_FROM_PG:[0150300175D SHA1                   0                                      300630majorgol03               20900INIphpRPAYmajorgol0320200630094900761761<?xml version="1.0" encoding="UTF-8"?>
<INIpay>
  <PartCancelInfo>
    <PayMethod>Card</PayMethod>
    <ResultCode>120000</ResultCode>
    <ResultMsg urlencode="1">%C1%A4%BB%F3%C3%B3%B8%AE%B5%C7%BE%FA%BD%C0%B4%CF%B4%D9.</ResultMsg>
    <SessionKey>AHhdjkBwJjROcGtMMePjBoueGD4CzLvkYhdCxuz0IjgnOh9lSsuJ3DjblUh3Zmvm
g4505xzaDWeWJGf1I+7u8YnUo7IR0a6gZjhsMKr2YI5zzVTjxJRyxe91N00CYFy5
BixUrvBXhkaQ4Y+5qM76EWCagiENugRyxwR3Q1nOFDewXvKOF8TbooQ=
</SessionKey>
    <Encrypted>tb455JAqnkF/6YW5XcmjvtujZnf2TDA24BNzoTGTh7R3ztKVZB7yZUR+Lm5Sk5UB
mpDn9tNLbxTbWHXRP+8tI3rlGbHIQY28/x2De/YiU+ibRsEjsBvVQsCPabvCE7wY
FcrjWUNIEG1DZNO1iqWve5UyBNYiPBBIYWxhecM7SgcGoBAYxqvVqTj53EDqxumD
kOGt/F4+5aiErePCTmh35ae+g3fc2XDfs47IA4gii2XpLv6Ue5V56pXc1UR4ar67
LfJuSeSnzEuLeJfc9Dkvb/lIAWZGNZlARn34VyYH2Fr2zzkWHzRDht0c5s6nZLag
NjWL69PWsvjXJ28uJH92TjwqmveDmfd6wWhWF69HelEutiYNF3aeE11BluRp+HER
ez4unQRH+UtqkSGn+PuN4pCkgw6X1tLRDvpTHoRzCoVLkPoYqTpuKKtEFvFSfctK
pkAR3bacReXaWlMY0qnmD7q3859M7SXLR+eQ8fCoeR9fkQxPSZ+9y+kgJC56t5iH
7xhC5PqGwNKQR2NMKCqqiat+juZQND0iFU4OwDYqniLPkNJJ3OOdLteplQOuc/Vy
resK4SmxehFWJzk71/D66MCg+31DGfWpEIjicvoi24cPkfQfo11d9du2PJxM0Jvq
h/bIL9gMWtkZIw7gg7CwTA==
</Encrypted>
  </PartCancelInfo>
  <ManageInfo/>
  <ReservedInfo>
    <MReserved1 urlencode="1"></MReserved1>
    <MReserved2 urlencode="1"></MReserved2>
    <MReserved3 urlencode="1"></MReserved3>
    <PGReserved1 urlencode="1"></PGReserved1>
    <PGReserved2 urlencode="1"></PGReserved2>
    <PGReserved3 urlencode="1"></PGReserved3>
  </ReservedInfo>
</INIpay>
sOb3njOBJomWsvnkviI45ragcyOGezBDZ9TtiuXLOFkVcEWTvoxgyJ4Li+TQgnZJ
1/ic66kGU9jAoiR19kw1Hc7lB2txDFkLNUMQB2o2JL2Re/VrCmJzHIJlT0zSnL0R
bcRNqjjsYjOi2+9aDBqu6luIQsk1q414DVB64042F0I=
]
INFO	[2020-06-30 09:49:00:700] <18735> VERIFY OK
INFO	[2020-06-30 09:49:00:700] <18735> PARSE HEAD OK
INFO	[2020-06-30 09:49:00:700] <18735> PARSE BODY OK
INFO	[2020-06-30 09:49:00:701] <18735> DECRYPT OK
DEBUG	[2020-06-30 09:49:00:701] <18735> DECRYPT MSG:[<?xml version="1.0" encoding="UTF-8"?>
<PartCancelInfo>
  <PRTC_TID>INIMX_CARDmajorgol0320200623092641435413</PRTC_TID>
  <PRTC_Price>20900</PRTC_Price>
  <PRTC_Remains>23800</PRTC_Remains>
  <PRTC_Quota>00</PRTC_Quota>
  <PRTC_Type>1</PRTC_Type>
  <CancelDate>20200630</CancelDate>
  <CancelTime>094901</CancelTime>
  <CARD_ApplNum></CARD_ApplNum>
  <ExchangeRate></ExchangeRate>
  <MOID urlencode="1"></MOID>
  <PRTC_Cnt>1</PRTC_Cnt>
  <PRTC_SubRemains></PRTC_SubRemains>
</PartCancelInfo>]
INFO	[2020-06-30 09:49:00:701] <18735> DECRYPT PARSE OK
INFO	[2020-06-30 09:49:00:701] <18735> END repay 정상처리되었습니다. Laptime:[0.226sec]
INFO	[2020-06-30 09:49:00:701] <18735> ===============================================================
INFO	[2020-06-30 09:49:17:94] <18889> START INIPHP repay (V5036-141209)(OS:Linux2.6.32-754.11.1.el6.x86_64,PHP:5.3.3)
DEBUG	[2020-06-30 09:49:17:94] <18889> inipayhome:/home/killdeal/public_html/shop/inicis
DEBUG	[2020-06-30 09:49:17:94] <18889> debug:false
DEBUG	[2020-06-30 09:49:17:94] <18889> type:repay
DEBUG	[2020-06-30 09:49:17:94] <18889> pgid:INIphpRPAY
DEBUG	[2020-06-30 09:49:17:94] <18889> subpgip:203.238.3.10
DEBUG	[2020-06-30 09:49:17:94] <18889> mid:majorgol03
DEBUG	[2020-06-30 09:49:17:94] <18889> admin:1111
DEBUG	[2020-06-30 09:49:17:94] <18889> oldtid:INIMX_CARDmajorgol0320200623092641435413
DEBUG	[2020-06-30 09:49:17:94] <18889> currency:WON
DEBUG	[2020-06-30 09:49:17:94] <18889> price:13900
DEBUG	[2020-06-30 09:49:17:94] <18889> confirm_price:9900
DEBUG	[2020-06-30 09:49:17:94] <18889> buyeremail:koraeeoo77@hanmil. Net
DEBUG	[2020-06-30 09:49:17:94] <18889> tax:1264
DEBUG	[2020-06-30 09:49:17:94] <18889> taxfree:0
INFO	[2020-06-30 09:49:17:94] <18889> Check Field OK
INFO	[2020-06-30 09:49:17:95] <18889> Make TID OK INIphpRPAYmajorgol0320200630094917941009
INFO	[2020-06-30 09:49:17:95] <18889> PI PUB KEY LOAD OK []
INFO	[2020-06-30 09:49:17:95] <18889> PG PUB KEY LOAD OK [30]
INFO	[2020-06-30 09:49:17:95] <18889> MERCHANT PRIV KEY LOAD OK
INFO	[2020-06-30 09:49:17:95] <18889> MERCHANT PUB KEY LOAD OK [0]
DEBUG	[2020-06-30 09:49:17:95] <18889> MAKE ENCRYPT OK[<?xml version="1.0" encoding="UTF-8"?>
<PartCancelInfo>
	  <PRTC_TID>INIMX_CARDmajorgol0320200623092641435413</PRTC_TID>
	  <PRTC_Price>13900</PRTC_Price>
	  <PRTC_Remains>9900</PRTC_Remains>
	  <PRTC_Quota/>
	  <PRTC_Interest/>
	  <PRTC_NoAcctFNBC/>
	  <PRTC_NmAcctFNBC/></PartCancelInfo>]
INFO	[2020-06-30 09:49:17:96] <18889> MAKE BODY OK
INFO	[2020-06-30 09:49:17:96] <18889> SIGN OK
INFO	[2020-06-30 09:49:17:96] <18889> MAKE HEAD OK
INFO	[2020-06-30 09:49:17:96] <18889> MSG_TO_PG:[0111700175D SHA1                   0                                      300620majorgol03               13900INIphpRPAYmajorgol0320200630094917941009<?xml version="1.0" encoding="UTF-8"?>
<INIpay>
	  <PartCancelInfo>
	    <SessionKey>CoBh3qhb6OyBAeobPoskeEaRA9B/oCUXRtXrwztETUZzjtuxqyTP+YEuQW+CxGCa
8siBoudEmWofS0a11D7V06SXatTAQspIQc1B9qDGVdTYLvjbWTcDdGyYeGKp83pE
NrbS5JHqDtXzmOrKPQZHJlYClmAf1o/giZ1SWMp2li+AVmTFgNUoag==
</SessionKey>
	    <Encrypted>Ld2JQAMKKxzykKnC6FA6bQvYqownIUN79z7BK000NKcTdQUIsMT/xlapHwlpBy2Z
Ts6ynZ8BogFY6E3NdSj/Bt0eZljDl0n8Uxfg5tzjoGpCCkCrEFhpSuPpw40bBMMT
z2K94FDqQXeoAiKLgZ17RrJ9e3fa09m2VxXY+b2R7TWv0mSKaAoyJuubmkawce+0
gGxkOo6U9UFnDssLEVoyNi6qJvyDwimHzapWhogT/Kw24XiQKxMP2vOLs6JbWiDB
Uc6ehZwNpbhtjUBdnAn67kd2vwoUUT0A5rfCOpKqOvKBEmwNzdEPUZ1De9FyYB9E
HE8RZzh9buyN14ALzD462IwHrIz3UxrGbq90ISeaW61aIRe2F8U6Hdh2Qe7ck4Yj
QKuiF/oxZRc=
</Encrypted></PartCancelInfo>
	  <GoodsInfo>
	    <Tax>1264</Tax>
	    <TaxFree/>
	    <Currency>WON</Currency></GoodsInfo>
	  <ReservedInfo>
	    <MReserved1/>
	    <MReserved2/>
	    <MReserved3/></ReservedInfo>
	  <ManageInfo>
	    <Language/>
	    <URL/>
	    <TXVersion>5036B141209repayLinux     PHPchkfake   2.6.32-754.11.1.el6.x86_64PHP:</TXVersion>
	    <TXUserID/>
	    <TXRegNum/></ManageInfo></INIpay>AAW6U0c8bvm+1TVXCE+FB8MX6Jvk/Ft9yzSbSp5Xull7o1siUZEDoXgpvzSJryiP
2M8iH2NAD278wHKivYkVcxiuX88tFzJl/zEM9/nKZKz8NhHQvFuwt5Mme+9PHP9X
6VeIreNE6BmbO6vxmXUBZEIlAdp+z9Cai03a9xsv/Wcn
]
INFO	[2020-06-30 09:49:17:96] <18889> DNS LOOKUP OK(203.238.37.3:203.238.37.3:34049) laptime:0
INFO	[2020-06-30 09:49:17:99] <18889> SOCKET CONNECT OK
INFO	[2020-06-30 09:49:17:99] <18889> SEND OK
INFO	[2020-06-30 09:49:17:235] <18889> RECV OK
INFO	[2020-06-30 09:49:17:235] <18889> MSG_FROM_PG:[0150300175D SHA1                   0                                      300630majorgol03               13900INIphpRPAYmajorgol0320200630094917941009<?xml version="1.0" encoding="UTF-8"?>
<INIpay>
  <PartCancelInfo>
    <PayMethod>Card</PayMethod>
    <ResultCode>120000</ResultCode>
    <ResultMsg urlencode="1">%C1%A4%BB%F3%C3%B3%B8%AE%B5%C7%BE%FA%BD%C0%B4%CF%B4%D9.</ResultMsg>
    <SessionKey>ARFcmc5p+BBqnwRD2Ev4jNy+U5l1GeviPeP3JNQYdrFcNvLo7nC5YxwP5k+7XZr/
224NUXovFyFtzDCihQSmEc2dW76tRKLHUmloxKHQSf+Lkfpd9HA4dfOSc2MOGBON
dqSaIEI5vfsbiBCCTLTkKW6gsexWoJg88VQ+ryQ6rPcgpUgNkf2FiSs=
</SessionKey>
    <Encrypted>jnODiQRtcME05Fl4gWweR17/hvG6cL40lBl+T4aTpul55/Ac5cLMemXBrB9rQ6us
FnWwjXWTcWu6ohnfY+klWwknSZOebrojuJJQFIFgf5OfpSEvK7j3Muv3P7Jm5h5l
v08P2yEGc3O7z8vxBapUTxYkSFGDIEvlgXEGMUz+hnNrrBnDBu9uMvdlAzVpsi0t
y/MUiIfC2pfsXD4jPPbFrnzy+5JtmXsjb5eegFwFLR1vGLX8mLrka8iwvqwm38aR
ep36lQWtNQR04leJCRQHx6uPFqbuVI4jzC6J1ol4lRT+5AgYe0hxm9sG3xMbjJ2Y
aitsodp3P5CvEHYqyi5Q1T9MhDA9IHQ+8R0/kC3UkH1GMLrXuMdPcMAY4AIbbAW8
Fi9OeOXFn5svi2UMTdP0h1GhH2ggw+giOVRxbOwOIwCMPPidzYLQ03naw/ymAo9h
gHoRKP0VpJIAGKCa0ihDLid/nX56PYy5sdkom6FJwNnor0fIRPR/vE6FsaCZ28pV
e5yPs5/fldfDiIclcfIJ7Rwx8iyNSMNHdtSvgZmlV+OhLTkiw5O97kTNxBafOpjU
/nK2iOl1dQUmy1OiyEZbnSB0Gx3lqiudnJAyIp3rpB22DpKZA62c4gX3ahCEwd7h
6hMu9SCza870+GLyjwG00w==
</Encrypted>
  </PartCancelInfo>
  <ManageInfo/>
  <ReservedInfo>
    <MReserved1 urlencode="1"></MReserved1>
    <MReserved2 urlencode="1"></MReserved2>
    <MReserved3 urlencode="1"></MReserved3>
    <PGReserved1 urlencode="1"></PGReserved1>
    <PGReserved2 urlencode="1"></PGReserved2>
    <PGReserved3 urlencode="1"></PGReserved3>
  </ReservedInfo>
</INIpay>
NwwH288kbAMeadm7kuvbca2ZUl93WwQvLnaN6BZAALxqsHgrrbRUsT3kGVfUwrR1
DfMIJ+cozf/5x20CxmLVbGARKedh8X1fnFGc0MnDJdhPBq/45pyMBd5faS7EAEqD
UovBF+lAaqO1lGN7qtz3XL1FAHXfPsAISXiVcABBiCI=
]
INFO	[2020-06-30 09:49:17:235] <18889> VERIFY OK
INFO	[2020-06-30 09:49:17:235] <18889> PARSE HEAD OK
INFO	[2020-06-30 09:49:17:236] <18889> PARSE BODY OK
INFO	[2020-06-30 09:49:17:236] <18889> DECRYPT OK
DEBUG	[2020-06-30 09:49:17:236] <18889> DECRYPT MSG:[<?xml version="1.0" encoding="UTF-8"?>
<PartCancelInfo>
  <PRTC_TID>INIMX_CARDmajorgol0320200623092641435413</PRTC_TID>
  <PRTC_Price>13900</PRTC_Price>
  <PRTC_Remains>9900</PRTC_Remains>
  <PRTC_Quota>00</PRTC_Quota>
  <PRTC_Type>1</PRTC_Type>
  <CancelDate>20200630</CancelDate>
  <CancelTime>094917</CancelTime>
  <CARD_ApplNum></CARD_ApplNum>
  <ExchangeRate></ExchangeRate>
  <MOID urlencode="1"></MOID>
  <PRTC_Cnt>2</PRTC_Cnt>
  <PRTC_SubRemains></PRTC_SubRemains>
</PartCancelInfo>]
INFO	[2020-06-30 09:49:17:237] <18889> DECRYPT PARSE OK
INFO	[2020-06-30 09:49:17:237] <18889> END repay 정상처리되었습니다. Laptime:[0.142sec]
INFO	[2020-06-30 09:49:17:237] <18889> ===============================================================
INFO	[2020-06-30 13:33:33:651] <20593> START INIPHP repay (V5036-141209)(OS:Linux2.6.32-754.11.1.el6.x86_64,PHP:5.3.3)
DEBUG	[2020-06-30 13:33:33:651] <20593> inipayhome:/home/killdeal/public_html/shop/inicis
DEBUG	[2020-06-30 13:33:33:651] <20593> debug:false
DEBUG	[2020-06-30 13:33:33:651] <20593> type:repay
DEBUG	[2020-06-30 13:33:33:651] <20593> pgid:INIphpRPAY
DEBUG	[2020-06-30 13:33:33:651] <20593> subpgip:203.238.3.10
DEBUG	[2020-06-30 13:33:33:651] <20593> mid:majorgol03
DEBUG	[2020-06-30 13:33:33:651] <20593> admin:1111
DEBUG	[2020-06-30 13:33:33:651] <20593> oldtid:StdpayISP_majorgol0320200630132905164323
DEBUG	[2020-06-30 13:33:33:651] <20593> currency:WON
DEBUG	[2020-06-30 13:33:33:651] <20593> price:13900
DEBUG	[2020-06-30 13:33:33:651] <20593> confirm_price:13200
DEBUG	[2020-06-30 13:33:33:651] <20593> buyeremail:meddongcolor@naver.com
DEBUG	[2020-06-30 13:33:33:651] <20593> tax:1264
DEBUG	[2020-06-30 13:33:33:651] <20593> taxfree:0
INFO	[2020-06-30 13:33:33:651] <20593> Check Field OK
INFO	[2020-06-30 13:33:33:651] <20593> Make TID OK INIphpRPAYmajorgol0320200630133333517446
INFO	[2020-06-30 13:33:33:651] <20593> PI PUB KEY LOAD OK []
INFO	[2020-06-30 13:33:33:652] <20593> PG PUB KEY LOAD OK [30]
INFO	[2020-06-30 13:33:33:652] <20593> MERCHANT PRIV KEY LOAD OK
INFO	[2020-06-30 13:33:33:652] <20593> MERCHANT PUB KEY LOAD OK [0]
DEBUG	[2020-06-30 13:33:33:652] <20593> MAKE ENCRYPT OK[<?xml version="1.0" encoding="UTF-8"?>
<PartCancelInfo>
	  <PRTC_TID>StdpayISP_majorgol0320200630132905164323</PRTC_TID>
	  <PRTC_Price>13900</PRTC_Price>
	  <PRTC_Remains>13200</PRTC_Remains>
	  <PRTC_Quota/>
	  <PRTC_Interest/>
	  <PRTC_NoAcctFNBC/>
	  <PRTC_NmAcctFNBC/></PartCancelInfo>]
INFO	[2020-06-30 13:33:33:652] <20593> MAKE BODY OK
INFO	[2020-06-30 13:33:33:653] <20593> SIGN OK
INFO	[2020-06-30 13:33:33:653] <20593> MAKE HEAD OK
INFO	[2020-06-30 13:33:33:653] <20593> MSG_TO_PG:[0111700175D SHA1                   0                                      300620majorgol03               13900INIphpRPAYmajorgol0320200630133333517446<?xml version="1.0" encoding="UTF-8"?>
<INIpay>
	  <PartCancelInfo>
	    <SessionKey>FlrmEgM6n7KWvfHnVRmYGt6muputudZISSGpAYPRnz/9stVah9xHpsG9WgSNiecx
ExY5jE0Pp/AGyf6ig2ZTv24/cSCg8Np5TkzNj5GxV8vsEojomCt7LJ2Hfal01q3X
7Vk9rOGMOMyVFD62D5X2fWfvlrlI5kDuLClGqWRZtPDVzQTMkrlHyg==
</SessionKey>
	    <Encrypted>+BOu8ZsMXJL4dZHB91kkuwqwAVHI1xqGhD1nHvlt0WPzxDp2uF/xHORxhJMGfVsD
9gE90cumTk0B7CxvcO44d0vJ2karkG+uOyN0ZekFOwdDK61/qciZwIGebd65FkRA
rWOKkQBV8lPQ7crOPw/Q116mtni5Rk3WVfZZdNeteAtkpxwhKFkfBl7qCVJ+0gtT
jCp7JM2ZITEtOUBKChqMYIqPoCuL7A+CHF2xgg2FIPgDvrlLL0mQ5TWEIoDok2t5
OatF/sXGMQIwR1uk/XAOCKtK0IYYDgDaZdCIdqx29ezeCAEkQucMaGrrAxqdGUvS
chOxyFmZMwzbRVQ9SRsfX2cmZw4Fspql7SYH7Yx9ZyYJ4p5KwCXor1v0v24p6gFi
JIwMhT0RHMk=
</Encrypted></PartCancelInfo>
	  <GoodsInfo>
	    <Tax>1264</Tax>
	    <TaxFree/>
	    <Currency>WON</Currency></GoodsInfo>
	  <ReservedInfo>
	    <MReserved1/>
	    <MReserved2/>
	    <MReserved3/></ReservedInfo>
	  <ManageInfo>
	    <Language/>
	    <URL/>
	    <TXVersion>5036B141209repayLinux     PHPchkfake   2.6.32-754.11.1.el6.x86_64PHP:</TXVersion>
	    <TXUserID/>
	    <TXRegNum/></ManageInfo></INIpay>ARshIIro0rx8vkdXRxa1f3nWzlhX2L1vK4igB0TYq8oOE72RT2pXcNvQG4q+Mdw1
1JZzfSNlXFch9j44yt71pMrbX1XNy6zvPtfQYXyLRlTlDtJeqvORNN+Ne+Uxqyg8
drEpNrnVtf2u0oo6n8YKwLGeafDOGExvF0i8NVGW+4OX
]
INFO	[2020-06-30 13:33:33:653] <20593> DNS LOOKUP OK(203.238.37.3:203.238.37.3:34049) laptime:0
INFO	[2020-06-30 13:33:33:655] <20593> SOCKET CONNECT OK
INFO	[2020-06-30 13:33:33:655] <20593> SEND OK
INFO	[2020-06-30 13:33:33:841] <20593> RECV OK
INFO	[2020-06-30 13:33:33:841] <20593> MSG_FROM_PG:[0147300175D SHA1                   0                                      300630majorgol03               13900INIphpRPAYmajorgol0320200630133333517446<?xml version="1.0" encoding="UTF-8"?>
<INIpay>
  <PartCancelInfo>
    <PayMethod>VCard</PayMethod>
    <ResultCode>170000</ResultCode>
    <ResultMsg urlencode="1">%C1%A4%BB%F3%BF%CF%B7%E1</ResultMsg>
    <SessionKey>AJWvCF1QMB4Ftp23R61VDSnNnnRa2KqsJ6SgtPLOaMQaMt8lit9hoYnylhW/XgjC
zZRIzzct8JuMoKkbU1XGedFfW2CxTPFgABxQqfCt1cd75utxiAgJoItthbv56AEf
piqLQY2MzFgZml3a8GZfspLdaZ2rF2I80IFE46El8YeY8POhGe7kZeQ=
</SessionKey>
    <Encrypted>7qYgP0Yad/95R3hiFDbiyGX/ay+0QrStTyoj/XMo18Ut3o16QD3X6BQ+7hd3GX4z
+AI6ONRD9/KJwmkR5+vTYECLrZlRw5isBSJD5rMXdCY12RENmHmE/oZYYDXdHqsH
oAEqeP6lc1S0xuziNsL+74Hn5BWZMjlG6kfLe/1+LUbbDnUARDTriKL+Z7X8nGYi
jFlUEUN1Ds2q/10Fj6DGePYr9cZSyNVtidQhOdm9+oiM+AVE+Uc3qfkpddnHbvVy
xPO6mugcmyiSmYvsVfr2q9t45gqYEbWdgc5O24UrUF/MN0QPtX8PmG0AMS69HmXI
9kjRskWtDY7n9zvrLvOFu/4O7+VZg28M9uroHOXJ0GeENQsYVVHODVD/XE0qoAC0
z6v55PG2gGLmHOJkroKSGoEqvaqF+GhSBAgA0W8M1dbaQzKbva2rPPCXW3Ohs6ws
/ZQxxHZzihSEwSIeKPqJH+xdMGlaYTkNcCdslkZp61qJ+IxjtpwQs2GHuCg5Tfry
6AtsLlwwhvCnxIWY8f+/wR6rJLy7aPp+GneqQN29ZA6yDKwmEhs5fn/NIs9kVEf1
c8PLv3Aus1Vpi83vnwUUhP1EYC+R4MqWcvBb+ya20H3Z+H1yn0hMitUdk1JcPv3p
5OcSeAqsVmYuIdmSlN1h2g==
</Encrypted>
  </PartCancelInfo>
  <ManageInfo/>
  <ReservedInfo>
    <MReserved1 urlencode="1"></MReserved1>
    <MReserved2 urlencode="1"></MReserved2>
    <MReserved3 urlencode="1"></MReserved3>
    <PGReserved1 urlencode="1"></PGReserved1>
    <PGReserved2 urlencode="1"></PGReserved2>
    <PGReserved3 urlencode="1"></PGReserved3>
  </ReservedInfo>
</INIpay>
AHp7RvjU8fj8m3dPN+7pInbkSbTmYS1XSLjWOa7DuvN1YNhpaT+jiWtsH45njrnE
Nk/Fued/xhsZZ6c9KchEpu3ncFpYuGtoQMwImcEfHIBeN0Ly3MvHQUz0kvOzcEzx
SB67hmhe6iCoBRJDgHL9m4SZhMkjmaR2z3IGeM+Vp6k=
]
INFO	[2020-06-30 13:33:33:841] <20593> VERIFY OK
INFO	[2020-06-30 13:33:33:841] <20593> PARSE HEAD OK
INFO	[2020-06-30 13:33:33:842] <20593> PARSE BODY OK
INFO	[2020-06-30 13:33:33:842] <20593> DECRYPT OK
DEBUG	[2020-06-30 13:33:33:842] <20593> DECRYPT MSG:[<?xml version="1.0" encoding="UTF-8"?>
<PartCancelInfo>
  <PRTC_TID>StdpayISP_majorgol0320200630132905164323</PRTC_TID>
  <PRTC_Price>13900</PRTC_Price>
  <PRTC_Remains>13200</PRTC_Remains>
  <PRTC_Quota>00</PRTC_Quota>
  <PRTC_Type>1</PRTC_Type>
  <CancelDate>20200630</CancelDate>
  <CancelTime>133334</CancelTime>
  <CARD_ApplNum></CARD_ApplNum>
  <ExchangeRate></ExchangeRate>
  <MOID urlencode="1"></MOID>
  <PRTC_Cnt>1</PRTC_Cnt>
  <PRTC_SubRemains></PRTC_SubRemains>
</PartCancelInfo>]
INFO	[2020-06-30 13:33:33:842] <20593> DECRYPT PARSE OK
INFO	[2020-06-30 13:33:33:842] <20593> END repay 정상완료 Laptime:[0.191sec]
INFO	[2020-06-30 13:33:33:842] <20593> ===============================================================
INFO	[2020-06-30 13:35:36:124] <23927> START INIPHP repay (V5036-141209)(OS:Linux2.6.32-754.11.1.el6.x86_64,PHP:5.3.3)
DEBUG	[2020-06-30 13:35:36:124] <23927> inipayhome:/home/killdeal/public_html/shop/inicis
DEBUG	[2020-06-30 13:35:36:124] <23927> debug:false
DEBUG	[2020-06-30 13:35:36:124] <23927> type:repay
DEBUG	[2020-06-30 13:35:36:124] <23927> pgid:INIphpRPAY
DEBUG	[2020-06-30 13:35:36:124] <23927> subpgip:203.238.3.10
DEBUG	[2020-06-30 13:35:36:124] <23927> mid:majorgol03
DEBUG	[2020-06-30 13:35:36:124] <23927> admin:1111
DEBUG	[2020-06-30 13:35:36:124] <23927> oldtid:StdpayISP_majorgol0320200630132905164323
DEBUG	[2020-06-30 13:35:36:124] <23927> currency:WON
DEBUG	[2020-06-30 13:35:36:124] <23927> price:13200
DEBUG	[2020-06-30 13:35:36:124] <23927> confirm_price:0
DEBUG	[2020-06-30 13:35:36:124] <23927> buyeremail:meddongcolor@naver.com
DEBUG	[2020-06-30 13:35:36:124] <23927> tax:1200
DEBUG	[2020-06-30 13:35:36:124] <23927> taxfree:0
INFO	[2020-06-30 13:35:36:124] <23927> Check Field OK
INFO	[2020-06-30 13:35:36:124] <23927> Make TID OK INIphpRPAYmajorgol0320200630133536246227
INFO	[2020-06-30 13:35:36:124] <23927> PI PUB KEY LOAD OK []
INFO	[2020-06-30 13:35:36:124] <23927> PG PUB KEY LOAD OK [30]
INFO	[2020-06-30 13:35:36:124] <23927> MERCHANT PRIV KEY LOAD OK
INFO	[2020-06-30 13:35:36:124] <23927> MERCHANT PUB KEY LOAD OK [0]
DEBUG	[2020-06-30 13:35:36:125] <23927> MAKE ENCRYPT OK[<?xml version="1.0" encoding="UTF-8"?>
<PartCancelInfo>
	  <PRTC_TID>StdpayISP_majorgol0320200630132905164323</PRTC_TID>
	  <PRTC_Price>13200</PRTC_Price>
	  <PRTC_Remains/>
	  <PRTC_Quota/>
	  <PRTC_Interest/>
	  <PRTC_NoAcctFNBC/>
	  <PRTC_NmAcctFNBC/></PartCancelInfo>]
INFO	[2020-06-30 13:35:36:125] <23927> MAKE BODY OK
INFO	[2020-06-30 13:35:36:125] <23927> SIGN OK
INFO	[2020-06-30 13:35:36:125] <23927> MAKE HEAD OK
INFO	[2020-06-30 13:35:36:125] <23927> MSG_TO_PG:[0108400175D SHA1                   0                                      300620majorgol03               13200INIphpRPAYmajorgol0320200630133536246227<?xml version="1.0" encoding="UTF-8"?>
<INIpay>
	  <PartCancelInfo>
	    <SessionKey>yzSNBJ94KEiYj8Vhm6fNpN9ZLhPYGR3Buulnvf9hEo3gaWGmrV9wxFOKaoZRbIzj
YIx3/Tx9v+s8tYCcIthirer+tBzu9d7UO04HhQpSeajfbjsVnfQKxZnBLtHQW7Bj
ACJ7noGfslAavAMO7K2UJqfz728Bd7KBkxYMTiRcSKdzalBe256d0g==
</SessionKey>
	    <Encrypted>V1hLNcz+murxfukIDUnZrKQxo05kqya6T5+PENsNdX2M40EEJGpxCLh4fxkQFTrb
bNl5bddmYP1wJd9HPw+hvOEZB+WdtgZfC839TAG5tE7pBz0PuWXDY4l/CsSEHZAb
g7H+i1DZNcfDSIRdE1lgn9Yx0r8Lhgxqrg8NzquEgnX+gC6y2GmJ2bAeh5+Aov3b
7a0lZ/a+qOvXoUfgVw4rY0bh3eodxrG3djxh4dBt40WHG3Z1skumTpfLLlkw12TD
cJp8EZ95s/PEkfOfQ5t3aqbAJ/AR8ItJI/nilOjs3qrBh/AFKzc8F3puaklMiA5G
haM1n5vcYljDxOgQNCxXG/+q8OBj9IzPl0gXsqDzAEA=
</Encrypted></PartCancelInfo>
	  <GoodsInfo>
	    <Tax>1200</Tax>
	    <TaxFree/>
	    <Currency>WON</Currency></GoodsInfo>
	  <ReservedInfo>
	    <MReserved1/>
	    <MReserved2/>
	    <MReserved3/></ReservedInfo>
	  <ManageInfo>
	    <Language/>
	    <URL/>
	    <TXVersion>5036B141209repayLinux     PHPchkfake   2.6.32-754.11.1.el6.x86_64PHP:</TXVersion>
	    <TXUserID/>
	    <TXRegNum/></ManageInfo></INIpay>AO18LU8Ls5IQcc31qN4eWOqKBttJEfXQkV/dM7bj2phZkLV7nQr8TzlGlmVjBNgV
mveF01wHvnoA8yjMxfM97s1TZOYLN3X+/IPePc9ppd3Kfsoo5KszYPlgw8VyikiG
uzae2ytu990QjmjKuyUu1uF+OeZf4hGrCgghs/hr0rOQ
]
INFO	[2020-06-30 13:35:36:125] <23927> DNS LOOKUP OK(203.238.37.3:203.238.37.3:34049) laptime:0
INFO	[2020-06-30 13:35:36:129] <23927> SOCKET CONNECT OK
INFO	[2020-06-30 13:35:36:129] <23927> SEND OK
INFO	[2020-06-30 13:35:36:265] <23927> RECV OK
INFO	[2020-06-30 13:35:36:265] <23927> MSG_FROM_PG:[0147300175D SHA1                   0                                      300630majorgol03               13200INIphpRPAYmajorgol0320200630133536246227<?xml version="1.0" encoding="UTF-8"?>
<INIpay>
  <PartCancelInfo>
    <PayMethod>VCard</PayMethod>
    <ResultCode>170000</ResultCode>
    <ResultMsg urlencode="1">%C1%A4%BB%F3%BF%CF%B7%E1</ResultMsg>
    <SessionKey>ACk/zU4VhbbaosqOyExex7Dn4rOUHVR3uxTln0+XNGo3W9W4LVlN9nauvMkvsopK
77waQS6Zb7agxEjxRChOj7HGx6rIoFW7dMd5+tKUW/Wh8FLtD6IGfd6FVP+tQfO5
nqN0+CVzYSMUa3nnbax02m7GnBJ7ffJ32wm0EqmB9Qh7W0SuGzYuBZ8=
</SessionKey>
    <Encrypted>dQlD2jE2kjfssV7Y2QjSgJOzmOWuo4IOY8eqUu+fq56BKEspji62e3+NOGspiHbA
9l2QCvNc204wD461ZK1wG9ayxZgBLiYDifJpxdF5bO9+tRdWumMspQ6iGdx8lfqs
ltGtTRASp/HWX1d1iGSGnBkLx2vq3ZWPyz329R8w9g14zBe6kSUJzYbtylDX/KJN
QRdT7epZsslebvSSQNv62QN8w1zA9+nCE0Ew5sNfpExB1RP5PSnQR9l5ivjgLsr5
McqBhRU38tVJ6LvGX5981/58S2RUXMnBY8nU35MjgflQc0i9xJ4T/yhAKINioXLo
eJafzrQqXKH0EDWWUfNur0iBhn+os1NZyrjJ3pVEroLUjZ3V0fyvFg2qCnWm+C/0
JL3bIfa/jc61S1M/HxxzoR/bRmRSm3lmCE92tewpSLVR8PjRfBxMQmFk1Xr1+qyd
8HIrh9aHVMPwSEgF30pV1i4/QiOBouXH88F9Af6oBmtJLdu8TWzzcpIjtUPdggBU
ghpDZIA1QG0Qo5LVdLAMjr5r9JKKtoaQ5o6vD96xJZWAJIOtfXpLE53CyDJp3xkj
UNzUOp5Pwuq1W1z0cqs90e0F//IblpS1ppPnxaed9KN27T8YuA+CFE98J38drj0a
gUc9dqtn8HWojd3u8+OuEw==
</Encrypted>
  </PartCancelInfo>
  <ManageInfo/>
  <ReservedInfo>
    <MReserved1 urlencode="1"></MReserved1>
    <MReserved2 urlencode="1"></MReserved2>
    <MReserved3 urlencode="1"></MReserved3>
    <PGReserved1 urlencode="1"></PGReserved1>
    <PGReserved2 urlencode="1"></PGReserved2>
    <PGReserved3 urlencode="1"></PGReserved3>
  </ReservedInfo>
</INIpay>
xak1FYVqp9WZ9pOubdpc7pICTAXJX9+Sd8UnQ9WIMHxCFVSOCjrTfM+e20FclXBO
3iLg67HPJ/1+MeD5kOjUivgSUMD4DE2ltjTfGjbi7XtICKn9UYS53zyopZgeCFam
Rdn8wUaTk6KxiKoNd04Ybl9PcxauSu7245nhBwBdoFw=
]
INFO	[2020-06-30 13:35:36:265] <23927> VERIFY OK
INFO	[2020-06-30 13:35:36:265] <23927> PARSE HEAD OK
INFO	[2020-06-30 13:35:36:265] <23927> PARSE BODY OK
INFO	[2020-06-30 13:35:36:266] <23927> DECRYPT OK
DEBUG	[2020-06-30 13:35:36:266] <23927> DECRYPT MSG:[<?xml version="1.0" encoding="UTF-8"?>
<PartCancelInfo>
  <PRTC_TID>StdpayISP_majorgol0320200630132905164323</PRTC_TID>
  <PRTC_Price>13200</PRTC_Price>
  <PRTC_Remains>0</PRTC_Remains>
  <PRTC_Quota>00</PRTC_Quota>
  <PRTC_Type>1</PRTC_Type>
  <CancelDate>20200630</CancelDate>
  <CancelTime>133537</CancelTime>
  <CARD_ApplNum></CARD_ApplNum>
  <ExchangeRate></ExchangeRate>
  <MOID urlencode="1"></MOID>
  <PRTC_Cnt>2</PRTC_Cnt>
  <PRTC_SubRemains></PRTC_SubRemains>
</PartCancelInfo>]
INFO	[2020-06-30 13:35:36:266] <23927> DECRYPT PARSE OK
INFO	[2020-06-30 13:35:36:266] <23927> END repay 정상완료 Laptime:[0.142sec]
INFO	[2020-06-30 13:35:36:266] <23927> ===============================================================
INFO	[2020-06-30 13:51:17:319] <22104> START INIPHP repay (V5036-141209)(OS:Linux2.6.32-754.11.1.el6.x86_64,PHP:5.3.3)
DEBUG	[2020-06-30 13:51:17:319] <22104> inipayhome:/home/killdeal/public_html/shop/inicis
DEBUG	[2020-06-30 13:51:17:319] <22104> debug:false
DEBUG	[2020-06-30 13:51:17:319] <22104> type:repay
DEBUG	[2020-06-30 13:51:17:319] <22104> pgid:INIphpRPAY
DEBUG	[2020-06-30 13:51:17:319] <22104> subpgip:203.238.3.10
DEBUG	[2020-06-30 13:51:17:319] <22104> mid:majorgol03
DEBUG	[2020-06-30 13:51:17:319] <22104> admin:1111
DEBUG	[2020-06-30 13:51:17:319] <22104> oldtid:INIMX_CARDmajorgol0320200630134938395999
DEBUG	[2020-06-30 13:51:17:319] <22104> currency:WON
DEBUG	[2020-06-30 13:51:17:319] <22104> price:22300
DEBUG	[2020-06-30 13:51:17:319] <22104> confirm_price:0
DEBUG	[2020-06-30 13:51:17:319] <22104> buyeremail:ggotminam123@naver.com
DEBUG	[2020-06-30 13:51:17:319] <22104> tax:0
DEBUG	[2020-06-30 13:51:17:319] <22104> taxfree:22300
INFO	[2020-06-30 13:51:17:319] <22104> Check Field OK
INFO	[2020-06-30 13:51:17:319] <22104> Make TID OK INIphpRPAYmajorgol0320200630135117191276
INFO	[2020-06-30 13:51:17:319] <22104> PI PUB KEY LOAD OK []
INFO	[2020-06-30 13:51:17:319] <22104> PG PUB KEY LOAD OK [30]
INFO	[2020-06-30 13:51:17:320] <22104> MERCHANT PRIV KEY LOAD OK
INFO	[2020-06-30 13:51:17:320] <22104> MERCHANT PUB KEY LOAD OK [0]
DEBUG	[2020-06-30 13:51:17:321] <22104> MAKE ENCRYPT OK[<?xml version="1.0" encoding="UTF-8"?>
<PartCancelInfo>
	  <PRTC_TID>INIMX_CARDmajorgol0320200630134938395999</PRTC_TID>
	  <PRTC_Price>22300</PRTC_Price>
	  <PRTC_Remains/>
	  <PRTC_Quota/>
	  <PRTC_Interest/>
	  <PRTC_NoAcctFNBC/>
	  <PRTC_NmAcctFNBC/></PartCancelInfo>]
INFO	[2020-06-30 13:51:17:322] <22104> MAKE BODY OK
INFO	[2020-06-30 13:51:17:322] <22104> SIGN OK
INFO	[2020-06-30 13:51:17:322] <22104> MAKE HEAD OK
INFO	[2020-06-30 13:51:17:322] <22104> MSG_TO_PG:[0108900175D SHA1                   0                                      300620majorgol03               22300INIphpRPAYmajorgol0320200630135117191276<?xml version="1.0" encoding="UTF-8"?>
<INIpay>
	  <PartCancelInfo>
	    <SessionKey>xY5v6mxG/QvzFwaW5SgjVOFHPtvJBug4FMdVqm/CrRGXo77fqiK5EI8UJxcVMHvz
rPBoEWSEuU8bIEQew3LbpwF19/pe7OHA9L6vvLrar60mMGclMv7FZK3UWp6ujxdU
DaQVzMHD0pkSKCdD9AeBmxcOh48Dgen1Piy/taaNZ9yacrgw7tYG3Q==
</SessionKey>
	    <Encrypted>KrT1cmXKF9FHH8SXBqp86i+GW7ewX1NFkJqAhHOXzcxYT8MysrV+n1FgfshPlzm8
GpEoc3Yc5dzOt8Rp99On6buHmOo0j1Gq1v2h0+XH+vgVpgBPBf2DjGJGpu6b+Izm
ADyzf4QtpykEQ3JLAuwuw4cDf3yXxlOz0VqsgFxJKIb3beF7myBcoew0ImSjglu1
oV08oYRJVTsUz39RlM2A2jCow42lqzJq8PaRUlDt6iZAo44bGXOupH+4vX9FoDY9
583ND3IlYiZGpY2Ur3p82KloolyEZly7P9A0lAdm6sEf0h2/o/YDFIjBuFpawtK3
YO0QK0WfZ27WK30HljV/gXCeAEbvqzfN+P63QHXjyEE=
</Encrypted></PartCancelInfo>
	  <GoodsInfo>
	    <Tax/>
	    <TaxFree>22300</TaxFree>
	    <Currency>WON</Currency></GoodsInfo>
	  <ReservedInfo>
	    <MReserved1/>
	    <MReserved2/>
	    <MReserved3/></ReservedInfo>
	  <ManageInfo>
	    <Language/>
	    <URL/>
	    <TXVersion>5036B141209repayLinux     PHPchkfake   2.6.32-754.11.1.el6.x86_64PHP:</TXVersion>
	    <TXUserID/>
	    <TXRegNum/></ManageInfo></INIpay>AHvHP1BzkB8gQba+cyIzlJ5ITgA3sKnfFk8WLH2YVDlOvHc7pnqaliTXNA6IBsQ6
fHU3aaEo9dyGErc3Lo12fYupR9+/R4M5ocRMxN9y/s0Bs2Fy4/Yjx7CsNfpdvkML
GbuNi4L0Eav89iH8hS0ExZ0N40ZTm6cNmNzZ0YOwiT4j
]
INFO	[2020-06-30 13:51:17:322] <22104> DNS LOOKUP OK(203.238.37.3:203.238.37.3:34049) laptime:0
INFO	[2020-06-30 13:51:17:325] <22104> SOCKET CONNECT OK
INFO	[2020-06-30 13:51:17:325] <22104> SEND OK
INFO	[2020-06-30 13:51:17:571] <22104> RECV OK
INFO	[2020-06-30 13:51:17:571] <22104> MSG_FROM_PG:[0098000175D SHA1                   0                                      300630majorgol03               22300INIphpRPAYmajorgol0320200630135117191276<?xml version="1.0" encoding="UTF-8"?><INIpay>
<PartCancelInfo>
<PayMethod>Card</PayMethod>
<ResultCode>120000</ResultCode>
<ResultMsg urlencode="1">%C1%A4%BB%F3%C3%B3%B8%AE%B5%C7%BE%FA%BD%C0%B4%CF%B4%D9.</ResultMsg>
<SessionKey>AP6CERQAAcA8TEc0NYjrJIdjbF+gJn2jTc+wNgojvjPmdzdGudj2LeXUfUSKb4HG
KE2gTr6q1wys4ept9S68PLTR+iLIX6AEr/N/LrWdkwWvwY6/zYU4Z/19jBlxS1I8
c9ywFD4dLPg4QcmfqaOomMD0jzraOyrkmh1b8M0WU+iWZYCCkH7ZXeI=
</SessionKey>
<Encrypted>lUq+F9sqCoybAZ9nl5iNFB6KkbkMqHDDzL6b3JIrr/sm658eoneg0ze5iBNVAIYW
jR52M60ypE2tZwpXMm2jnRVXcF7+53Caffu1QFNPUF/W9WinG5Bmrj0PLeujMyfW
yK/zvm/ZVIW3fhQ0mg+5pjjwgr/9QKUa1R2G3YVBqIxP9zIZIuURmL6Cd8odEbIC
iOzFiNMA6ycWharLFPN3kG218F48Wgvu9+4V5LkL5I3ZqRoEK9ms9XdPUO15BhBT
Dza4/z/8kdyeOU+HwVhCxSfAko2nhnl+15VRplHYGsFIBJJ0PzY3y6NIjy8cRd4O
ATVPbJHWiFfUaROihpyZOzlcuScGHE96bNk6EEE78jYal9WQqGOfKfCusD4jOYYp
UCk4XGHVxRDSSK1K75xFOPdv5O1RErnlDUvvsw8M8tKuptBW213Yv1ZRKhCJoNcv
FLox8iqkL8E=
</Encrypted>
</PartCancelInfo>
<ManageInfo/>
<ReservedInfo/>
</INIpay>
CbYIgKtpCF3uQkCL+LJJKPnKt+/bP77Hdmqm72zDkeBARmCmCk8gJUEaG6EvUrh7
ToT07jytzKDXeVSTGbaZEnOgtkkgWiZqVAqi1/UgXSoXmG2WNsvvus7j3sRQHxbA
eCcJRKB/FGixgmrh1SpjgE/XZSvj/ISivjRePrcfABc=
]
INFO	[2020-06-30 13:51:17:571] <22104> VERIFY OK
INFO	[2020-06-30 13:51:17:572] <22104> PARSE HEAD OK
INFO	[2020-06-30 13:51:17:572] <22104> PARSE BODY OK
INFO	[2020-06-30 13:51:17:572] <22104> DECRYPT OK
DEBUG	[2020-06-30 13:51:17:572] <22104> DECRYPT MSG:[<?xml version="1.0" encoding="UTF-8"?><PartCancelInfo>
<PRTC_TID>INIMX_CARDmajorgol0320200630134938395999</PRTC_TID>
<PRTC_Price>22300</PRTC_Price>
<PRTC_Remains>0</PRTC_Remains>
<PRTC_Quota>00</PRTC_Quota>
<PRTC_Type>1</PRTC_Type>
<CancelDate>20200630</CancelDate>
<CancelTime>135118</CancelTime>
<PRTC_Cnt>1</PRTC_Cnt>
</PartCancelInfo>]
INFO	[2020-06-30 13:51:17:573] <22104> DECRYPT PARSE OK
INFO	[2020-06-30 13:51:17:573] <22104> END repay 정상처리되었습니다. Laptime:[0.254sec]
INFO	[2020-06-30 13:51:17:573] <22104> ===============================================================
