INFO	[2022-12-27 16:09:24:145] <23753> START INIPHP repay (V5036-141209)(OS:Linux2.6.32-754.11.1.el6.x86_64,PHP:5.3.3)
DEBUG	[2022-12-27 16:09:24:145] <23753> inipayhome:/home1/killdeal/public_html/shop/inicis
DEBUG	[2022-12-27 16:09:24:145] <23753> debug:false
DEBUG	[2022-12-27 16:09:24:145] <23753> type:repay
DEBUG	[2022-12-27 16:09:24:145] <23753> pgid:INIphpRPAY
DEBUG	[2022-12-27 16:09:24:145] <23753> subpgip:203.238.3.10
DEBUG	[2022-12-27 16:09:24:145] <23753> mid:majorgol03
DEBUG	[2022-12-27 16:09:24:145] <23753> admin:1111
DEBUG	[2022-12-27 16:09:24:145] <23753> oldtid:INIMX_CARDmajorgol0320221216034357455898
DEBUG	[2022-12-27 16:09:24:145] <23753> currency:WON
DEBUG	[2022-12-27 16:09:24:145] <23753> price:38000
DEBUG	[2022-12-27 16:09:24:145] <23753> confirm_price:198900
DEBUG	[2022-12-27 16:09:24:145] <23753> buyeremail:dbtnal0619@naver.com
DEBUG	[2022-12-27 16:09:24:145] <23753> tax:3455
DEBUG	[2022-12-27 16:09:24:145] <23753> taxfree:0
INFO	[2022-12-27 16:09:24:145] <23753> Check Field OK
INFO	[2022-12-27 16:09:24:145] <23753> Make TID OK INIphpRPAYmajorgol0320221227160924452778
INFO	[2022-12-27 16:09:24:145] <23753> PI PUB KEY LOAD OK []
INFO	[2022-12-27 16:09:24:146] <23753> PG PUB KEY LOAD OK [30]
INFO	[2022-12-27 16:09:24:146] <23753> MERCHANT PRIV KEY LOAD OK
INFO	[2022-12-27 16:09:24:146] <23753> MERCHANT PUB KEY LOAD OK [0]
DEBUG	[2022-12-27 16:09:24:146] <23753> MAKE ENCRYPT OK[<?xml version="1.0" encoding="UTF-8"?>
<PartCancelInfo>
	  <PRTC_TID>INIMX_CARDmajorgol0320221216034357455898</PRTC_TID>
	  <PRTC_Price>38000</PRTC_Price>
	  <PRTC_Remains>198900</PRTC_Remains>
	  <PRTC_Quota/>
	  <PRTC_Interest/>
	  <PRTC_NoAcctFNBC/>
	  <PRTC_NmAcctFNBC/></PartCancelInfo>]
INFO	[2022-12-27 16:09:24:147] <23753> MAKE BODY OK
INFO	[2022-12-27 16:09:24:147] <23753> SIGN OK
INFO	[2022-12-27 16:09:24:147] <23753> MAKE HEAD OK
INFO	[2022-12-27 16:09:24:147] <23753> MSG_TO_PG:[0111700175D SHA1                   0                                      300620majorgol03               38000INIphpRPAYmajorgol0320221227160924452778<?xml version="1.0" encoding="UTF-8"?>
<INIpay>
	  <PartCancelInfo>
	    <SessionKey>vT3Lm7iiIuoK+LQaanQ1iDNQpYVl/P925UO6ijYI1CCcPfwLF6Rl6Vwm625VA3hK
Nsk6TH2i6qXDs6G2G1bL18cq0QSEM5+ngvxV114Vwn4iVR4Rg8BRVr1lfnCWoo79
cebpRf+gsUc+gcHawdJITG+WbPIGid5Jcn1qVv8Ys7tYepv8JA2wFA==
</SessionKey>
	    <Encrypted>MHKhqBMIUQ/1PhwS/+3sx42dhwfVp3/Bsdb/n+JJ+JjyZg2G33cHBohfamvgaPtK
jSE9JpB7JLh5uSrAsQG8dg2q1OiResDTXVBjx2I42XYU5RLe92RJHHCeEPBMS6Pp
3XHxSvNaMdOX+V8Mi97CgPtbeN2hHdCnVShA9lcNGk2ASaOc70GM02Ie2lkdRmFg
hgcUAwnpgL+ll8aDV2is+JBa1X6pZj4KORQuTs8zg9CHtSg9FEIKM4p3KXBG6dDu
pnSfffQZfuj79uoNB5t0K1lox3aSsLggtMCx2JxsJikZA4sEUMbld8u7f0/ii+RE
JDhs6+SK6O29xfsPOG4o6PvzW+VhYuOmisf+EF7fGgJaLNmhifLVBldMbtLA3CT6
vd1QZQ8bLkY=
</Encrypted></PartCancelInfo>
	  <GoodsInfo>
	    <Tax>3455</Tax>
	    <TaxFree/>
	    <Currency>WON</Currency></GoodsInfo>
	  <ReservedInfo>
	    <MReserved1/>
	    <MReserved2/>
	    <MReserved3/></ReservedInfo>
	  <ManageInfo>
	    <Language/>
	    <URL/>
	    <TXVersion>5036B141209repayLinux     PHPchkfake   2.6.32-754.11.1.el6.x86_64PHP:</TXVersion>
	    <TXUserID/>
	    <TXRegNum/></ManageInfo></INIpay>ACVZftez8NM/e30dVRUUNIGg7o6/lF4SVgIJ4lCqS6D2BzmSlC+uApERJy8SxZz8
SfVHL/UDt/Y05+waeRM/pW+MWI5aG2qAZcdyn/dpW0EEKPVPPQ7esGOHy9ozAiuo
AWP2p1G76m7THqk//InHH1pDUWI7ffZbfcwS2h+b5ARz
]
INFO	[2022-12-27 16:09:24:147] <23753> DNS LOOKUP OK(203.238.37.3:203.238.37.3:34049) laptime:0
INFO	[2022-12-27 16:09:24:149] <23753> SOCKET CONNECT OK
INFO	[2022-12-27 16:09:24:149] <23753> SEND OK
INFO	[2022-12-27 16:09:24:393] <23753> RECV OK
INFO	[2022-12-27 16:09:24:394] <23753> MSG_FROM_PG:[0099200175D SHA1                   0                                      300630majorgol03               38000INIphpRPAYmajorgol0320221227160924452778<?xml version="1.0" encoding="UTF-8"?><INIpay>
<PartCancelInfo>
<PayMethod>Card</PayMethod>
<ResultCode>120000</ResultCode>
<ResultMsg urlencode="1">%C1%A4%BB%F3%C3%B3%B8%AE%B5%C7%BE%FA%BD%C0%B4%CF%B4%D9.</ResultMsg>
<SessionKey>AP5kEwymfCMfJ/5J1ENN2v6vk4cHFPAL+Xt114K+pngTPzdYLRSl4Hxr41DjXDfc
qC9Q7NBX581qTqDzFR99vOrdx6e/Jbll5/CQDB9YlhzS+CgP66b+R8Y2YvQxc0MH
Rsi71rjvixVs++PrawWIkd5rZp4A+cfwKRO5QtqPK6+ayKuom2oXycY=
</SessionKey>
<Encrypted>B0mNE4fpv88J/3xmRV3tQeQPLsknear6vl6qWcsmzCNOINCaH6jXXoNTHHc7uOSL
tsi5sF3dI7mobEITdBoLEZ3atcntmIiaFXDz9JGZIMMRt+NOhnI5lzmJGI1S1n10
a+/Tw8Ktq9cKAEj7us1OKvQRSxYQ00MWv+YgBhU3K8TZAIfN9UkRsNAbw77MtOHG
bNOLtDweUloDJIp9OZtSql7bZ+lEq/gmSr12bTZi38KXqw6ezfWKNf0doF3C+FEw
Xpp4lsbPnNiJE1BWBzh407jF5EOxKIwwAgpFc9iWmX8lTKHDa2b5VatCn16BSEbo
4w2zOgvBW7T4x5SVNoF0txa4KTHSutpbh7G6uDXl8dcQOv5EE13FlPoadx6yaW1b
f5G9GmGRgEhchLVK4ob/pEQuqRYs1vgZ/FEE9ilFA+U23ahglW4q3kB6JFEAtqjm
GIf79jmfb2xL5v7hnAroIw==
</Encrypted>
</PartCancelInfo>
<ManageInfo/>
<ReservedInfo/>
</INIpay>
3sC9+GjVyJ1YKeIyP2rl/gaRKwTlZe/51ZZo/X6ZwJUtghlvWs4FBKDxEghR+SMB
Z6noPw5Jcy0y8lmDK/T4DCyjGXzrP3PRoz83azP7r/kEsgziNDndzuzSGYx/vJCX
mMEbUhszR9p0pugUK0EaeQC1bIU3VfikRM8dTbQ/gEs=
]
INFO	[2022-12-27 16:09:24:394] <23753> VERIFY OK
INFO	[2022-12-27 16:09:24:394] <23753> PARSE HEAD OK
INFO	[2022-12-27 16:09:24:394] <23753> PARSE BODY OK
INFO	[2022-12-27 16:09:24:395] <23753> DECRYPT OK
DEBUG	[2022-12-27 16:09:24:395] <23753> DECRYPT MSG:[<?xml version="1.0" encoding="UTF-8"?><PartCancelInfo>
<PRTC_TID>INIMX_CARDmajorgol0320221216034357455898</PRTC_TID>
<PRTC_Price>38000</PRTC_Price>
<PRTC_Remains>198900</PRTC_Remains>
<PRTC_Quota>00</PRTC_Quota>
<PRTC_Type>1</PRTC_Type>
<CancelDate>20221227</CancelDate>
<CancelTime>160924</CancelTime>
<PRTC_Cnt>1</PRTC_Cnt>
</PartCancelInfo>]
INFO	[2022-12-27 16:09:24:395] <23753> DECRYPT PARSE OK
INFO	[2022-12-27 16:09:24:395] <23753> END repay 정상처리되었습니다. Laptime:[0.25sec]
INFO	[2022-12-27 16:09:24:395] <23753> ===============================================================
