INFO	[2021-09-02 13:07:33:884] <2007> START INIPHP repay (V5036-141209)(OS:Linux2.6.32-754.11.1.el6.x86_64,PHP:5.3.3)
DEBUG	[2021-09-02 13:07:33:884] <2007> inipayhome:/home1/killdeal/public_html/shop/inicis
DEBUG	[2021-09-02 13:07:33:884] <2007> debug:false
DEBUG	[2021-09-02 13:07:33:884] <2007> type:repay
DEBUG	[2021-09-02 13:07:33:884] <2007> pgid:INIphpRPAY
DEBUG	[2021-09-02 13:07:33:884] <2007> subpgip:203.238.3.10
DEBUG	[2021-09-02 13:07:33:884] <2007> mid:fourseason
DEBUG	[2021-09-02 13:07:33:884] <2007> admin:1111
DEBUG	[2021-09-02 13:07:33:884] <2007> oldtid:StdpayISP_fourseason20210902130711160988
DEBUG	[2021-09-02 13:07:33:884] <2007> currency:WON
DEBUG	[2021-09-02 13:07:33:884] <2007> price:12000
DEBUG	[2021-09-02 13:07:33:884] <2007> confirm_price:9900
DEBUG	[2021-09-02 13:07:33:884] <2007> buyeremail:1004tpfl@hanmail.net
DEBUG	[2021-09-02 13:07:33:884] <2007> tax:1091
DEBUG	[2021-09-02 13:07:33:884] <2007> taxfree:0
INFO	[2021-09-02 13:07:33:884] <2007> Check Field OK
INFO	[2021-09-02 13:07:33:884] <2007> Make TID OK INIphpRPAYfourseason20210902130733847261
INFO	[2021-09-02 13:07:33:884] <2007> PI PUB KEY LOAD OK []
INFO	[2021-09-02 13:07:33:884] <2007> PG PUB KEY LOAD OK [30]
INFO	[2021-09-02 13:07:33:885] <2007> MERCHANT PRIV KEY LOAD OK
INFO	[2021-09-02 13:07:33:885] <2007> MERCHANT PUB KEY LOAD OK [0]
DEBUG	[2021-09-02 13:07:33:885] <2007> MAKE ENCRYPT OK[<?xml version="1.0" encoding="UTF-8"?>
<PartCancelInfo>
	  <PRTC_TID>StdpayISP_fourseason20210902130711160988</PRTC_TID>
	  <PRTC_Price>12000</PRTC_Price>
	  <PRTC_Remains>9900</PRTC_Remains>
	  <PRTC_Quota/>
	  <PRTC_Interest/>
	  <PRTC_NoAcctFNBC/>
	  <PRTC_NmAcctFNBC/></PartCancelInfo>]
INFO	[2021-09-02 13:07:33:885] <2007> MAKE BODY OK
INFO	[2021-09-02 13:07:33:886] <2007> SIGN OK
INFO	[2021-09-02 13:07:33:886] <2007> MAKE HEAD OK
INFO	[2021-09-02 13:07:33:886] <2007> MSG_TO_PG:[0111700175D SHA1                   0                                      300620fourseason               12000INIphpRPAYfourseason20210902130733847261<?xml version="1.0" encoding="UTF-8"?>
<INIpay>
	  <PartCancelInfo>
	    <SessionKey>U4tMNU5DTYJ5fdadmO/H1VHosEWOPwdnD/pNsOyuctBttYBfYOOzkm2YpJE1tfC9
nAV0ymDOb9Njxb7iA9fn90JH4WpdWf5CekJip7xHho2qLPu4dckU+duLtEgqI7bH
wYDL8kS0LHRz0JQ0VIEHGqlZZuEah+bseaRx6OSx4SPxnHTDFO9clw==
</SessionKey>
	    <Encrypted>CSKSCx75OYbpnA1M0h0v21NZU8bcyyw2lAHl4U23uuRljbbCSgRCXLbKRmtY/iuP
3xi2Mc8AQvZNdIAj5n6WP0pV1kU7ZgKtkU/Ckq1jTxSkEe1Vf4QXWtuIjURJEjhz
XsUg41LS1wqG48lOc9LQELVs/jxi9jUubZZhogGCVUecDYF+J5xG3h7OoBBA/2DR
w023fG124mgG00b/q1dTFWrFZm0X5zP5F0d4x1vziVzLBOqiy+3i+eiOsc5TNg80
WWKDqMZsH7ThSLHLFfuEhnTKH4NMbWkFm9hCw8Ugi609sowNE4vkAwNExzmH2ebe
a/oqB6jutbuyJj3qBhqNQsU6y8OQWdWoM3vTNQvEXS5cHb5ChjMhHfMnStUtlfp1
0Vy+PBTaKxM=
</Encrypted></PartCancelInfo>
	  <GoodsInfo>
	    <Tax>1091</Tax>
	    <TaxFree/>
	    <Currency>WON</Currency></GoodsInfo>
	  <ReservedInfo>
	    <MReserved1/>
	    <MReserved2/>
	    <MReserved3/></ReservedInfo>
	  <ManageInfo>
	    <Language/>
	    <URL/>
	    <TXVersion>5036B141209repayLinux     PHPchkfake   2.6.32-754.11.1.el6.x86_64PHP:</TXVersion>
	    <TXUserID/>
	    <TXRegNum/></ManageInfo></INIpay>ADwJWNx/O+xhe0bD7D6fBnCgK01k+9Ker7nkfnAuhlR4fxFgr2YqzvFnNm7WaanR
Aq1V89kwQCx251NJlM8pSJ1r3BRbdbQExRC3c3aXgksCSsZIlpEDF59A9bbnackZ
xI5KYJsyqvwc++lj8GFkQYlFf5e42v8Eyj+LNezHrFYF
]
INFO	[2021-09-02 13:07:33:886] <2007> DNS LOOKUP OK(203.238.37.3:203.238.37.3:34049) laptime:0
INFO	[2021-09-02 13:07:33:889] <2007> SOCKET CONNECT OK
INFO	[2021-09-02 13:07:33:889] <2007> SEND OK
INFO	[2021-09-02 13:07:34:116] <2007> RECV OK
INFO	[2021-09-02 13:07:34:116] <2007> MSG_FROM_PG:[0110100175D SHA1                   0                                      300630fourseason               12000INIphpRPAYfourseason20210902130733847261<?xml version="1.0" encoding="UTF-8"?><INIpay>
<PartCancelInfo>
<PayMethod>VCard</PayMethod>
<ResultCode>170000</ResultCode>
<ResultMsg urlencode="1">%C1%A4%BB%F3%BF%CF%B7%E1</ResultMsg>
<SessionKey>AHJ9zPhSxwe/BcVKfXYElDoFDYhUv/aXFkbKEeGKnNlSBwrqRSoXxXadqtjA5imm
5OOuk47dzE/lI/nzj6HsWQQFoR0sWnDL44b6goLLeyUDSkld+guQagm3TaEqDznw
/1qYFZPQ5Lxk2fOW4EFcSZxB2h7GWZu94USF2zcCumRwDmTP41NArmE=
</SessionKey>
<Encrypted>lEENaXO9jRpZtxva06Z4ACu5P01KTg7ZsW5rwqTrAUo4W8jjs/LVngo8Ys4MpJnF
G8pERGmcaKtzH5OqP2V1KLefLWSzgPXbLCG+ysJyNyWQD9tznLXUR9A+f8Q8MG7y
CXWqV/DXftDpc+q1936Vm1Cd7IBwmjdGfYJGBEAOPJejgW7acr3EjRguQ1xTCcga
mIliqW//yfEmG19myo/aaTHUjt601tDa6KaaaURWVo/RKvnO2BwZYbltTjciPYDr
JdM8D0a8SEMwTGa3TAwUZkBeNxBVzO7L7cjKFBXhnnyknUjta7dyZrZpkaMAP9z7
lJQE9HbEJvDdAaO2xluZgWNjKWJpONdK8jY1X0nBJe5kQBh//D8AHyGujGuiOWHH
+vsMYWt/0+D3cMS2zRDiMLGdfIeyiZ5+UCl5yUO3ain2qfUfb9WBQkfCorFwA5+5
4FqN8HD2LGcH3rtoZFrKr6XWBIOHbqAG13HKJDlEd0pOpLs7xIeMsPLaN/Ule/xf
</Encrypted>
</PartCancelInfo>
<ManageInfo/>
<ReservedInfo>
<MReserved1 urlencode="1"/>
<MReserved2 urlencode="1"/>
<MReserved3 urlencode="1"/>
</ReservedInfo>
</INIpay>
mAXvuUDP6PZBDwCa+TVJmv6zbm6P0dRnGXuWrxMryPBxG3y8okO3V6+B3Z2K/Ztp
Iwx8wIIp9Hk8AJQmvlqhPSVLETqrPzjLSXeuVM/MKCme7y8RcPOPjHtxfc+cm3Fl
2NQlw4iHnAji4+HHNkYDtrDh3K2F8Ue0vAb/wQopnkM=
]
INFO	[2021-09-02 13:07:34:116] <2007> VERIFY OK
INFO	[2021-09-02 13:07:34:116] <2007> PARSE HEAD OK
INFO	[2021-09-02 13:07:34:116] <2007> PARSE BODY OK
INFO	[2021-09-02 13:07:34:117] <2007> DECRYPT OK
DEBUG	[2021-09-02 13:07:34:117] <2007> DECRYPT MSG:[<?xml version="1.0" encoding="UTF-8"?><PartCancelInfo>
<PRTC_TID>StdpayISP_fourseason20210902130711160988</PRTC_TID>
<PRTC_Price>12000</PRTC_Price>
<PRTC_Remains>9900</PRTC_Remains>
<PRTC_Quota>00</PRTC_Quota>
<PRTC_Type>1</PRTC_Type>
<CancelDate>20210902</CancelDate>
<CancelTime>130734</CancelTime>
<PRTC_Cnt>1</PRTC_Cnt>
<PRTC_SubRemains>9900</PRTC_SubRemains>
</PartCancelInfo>]
INFO	[2021-09-02 13:07:34:117] <2007> DECRYPT PARSE OK
INFO	[2021-09-02 13:07:34:117] <2007> END repay 정상완료 Laptime:[0.234sec]
INFO	[2021-09-02 13:07:34:117] <2007> ===============================================================
INFO	[2021-09-02 13:07:48:194] <20037> START INIPHP repay (V5036-141209)(OS:Linux2.6.32-754.11.1.el6.x86_64,PHP:5.3.3)
DEBUG	[2021-09-02 13:07:48:194] <20037> inipayhome:/home1/killdeal/public_html/shop/inicis
DEBUG	[2021-09-02 13:07:48:194] <20037> debug:false
DEBUG	[2021-09-02 13:07:48:194] <20037> type:repay
DEBUG	[2021-09-02 13:07:48:194] <20037> pgid:INIphpRPAY
DEBUG	[2021-09-02 13:07:48:194] <20037> subpgip:203.238.3.10
DEBUG	[2021-09-02 13:07:48:194] <20037> mid:fourseason
DEBUG	[2021-09-02 13:07:48:194] <20037> admin:1111
DEBUG	[2021-09-02 13:07:48:194] <20037> oldtid:StdpayISP_fourseason20210902130711160988
DEBUG	[2021-09-02 13:07:48:194] <20037> currency:WON
DEBUG	[2021-09-02 13:07:48:194] <20037> price:9900
DEBUG	[2021-09-02 13:07:48:194] <20037> confirm_price:0
DEBUG	[2021-09-02 13:07:48:194] <20037> buyeremail:1004tpfl@hanmail.net
DEBUG	[2021-09-02 13:07:48:194] <20037> tax:900
DEBUG	[2021-09-02 13:07:48:194] <20037> taxfree:0
INFO	[2021-09-02 13:07:48:194] <20037> Check Field OK
INFO	[2021-09-02 13:07:48:194] <20037> Make TID OK INIphpRPAYfourseason20210902130748942440
INFO	[2021-09-02 13:07:48:194] <20037> PI PUB KEY LOAD OK []
INFO	[2021-09-02 13:07:48:195] <20037> PG PUB KEY LOAD OK [30]
INFO	[2021-09-02 13:07:48:195] <20037> MERCHANT PRIV KEY LOAD OK
INFO	[2021-09-02 13:07:48:195] <20037> MERCHANT PUB KEY LOAD OK [0]
DEBUG	[2021-09-02 13:07:48:195] <20037> MAKE ENCRYPT OK[<?xml version="1.0" encoding="UTF-8"?>
<PartCancelInfo>
	  <PRTC_TID>StdpayISP_fourseason20210902130711160988</PRTC_TID>
	  <PRTC_Price>9900</PRTC_Price>
	  <PRTC_Remains/>
	  <PRTC_Quota/>
	  <PRTC_Interest/>
	  <PRTC_NoAcctFNBC/>
	  <PRTC_NmAcctFNBC/></PartCancelInfo>]
INFO	[2021-09-02 13:07:48:195] <20037> MAKE BODY OK
INFO	[2021-09-02 13:07:48:196] <20037> SIGN OK
INFO	[2021-09-02 13:07:48:196] <20037> MAKE HEAD OK
INFO	[2021-09-02 13:07:48:196] <20037> MSG_TO_PG:[0108300175D SHA1                   0                                      300620fourseason                9900INIphpRPAYfourseason20210902130748942440<?xml version="1.0" encoding="UTF-8"?>
<INIpay>
	  <PartCancelInfo>
	    <SessionKey>Am9gMPqkDsvHicrlp+v580OoV9NYxvs3MkVjfbA8qKReliiWNftAHiOgoawh9UuS
TacPx2iH8AwHdu+K57pQHnRNHUhRqB0WYGbh1ebuMuJy/LIfwd5BEEHqaNzKHgi/
YB/PiYv9OqsOS2n8gWmB1Nka/iv+QawWtui3cgG2yZWL66UcpjYpaw==
</SessionKey>
	    <Encrypted>qEHooFqsxovs5R1HLoVnDKzruWwCMJHh+j4XMv28aUK82w+77JUtwe9Ngmjt7M4n
t94LqKbPDYOVNY2b2UIGUjr/vlq7Iz9uV23blyg/CE5EgJycSv8LO6TLAGn8/c4p
Zgug6vKxCPfOmmJv/dVG8keamy6WD+Zzd1tZJ14hom8lr+HpTgDIzZSvBqcW0zWD
OEcr0VVBACpnG3OElv4i6JC0frqE7DGYOm1P8XZvN++egwpv94QcGABk5dCOK0Js
sFcajH6RKgFIU6CUJ1Meu+wk7RmyuJGvGoOvVV19ckdtWIV72rC1PSIEmcm9r5l3
DVX4RwIslEotIJedO/yExNmUpLkI3QXKmqeAE8z0OMk=
</Encrypted></PartCancelInfo>
	  <GoodsInfo>
	    <Tax>900</Tax>
	    <TaxFree/>
	    <Currency>WON</Currency></GoodsInfo>
	  <ReservedInfo>
	    <MReserved1/>
	    <MReserved2/>
	    <MReserved3/></ReservedInfo>
	  <ManageInfo>
	    <Language/>
	    <URL/>
	    <TXVersion>5036B141209repayLinux     PHPchkfake   2.6.32-754.11.1.el6.x86_64PHP:</TXVersion>
	    <TXUserID/>
	    <TXRegNum/></ManageInfo></INIpay>AGWzC8N5lcuLOjOH1ymRNVlXgwAW2apkgbtgypf7Zvsq0Um20mWWGoi3BIIdTA7g
hMVZrPbWqhuXo/ZIMLwMWmoEvasoxpcDrUYsZFKY98ftHntIGu2V9K9yt2DNJm6A
FhLP33h87XtBCoTD/dE2+Wf2Av6p0ZkOF6gTTIS5tZJU
]
INFO	[2021-09-02 13:07:48:196] <20037> DNS LOOKUP OK(203.238.37.3:203.238.37.3:34049) laptime:0
INFO	[2021-09-02 13:07:48:199] <20037> SOCKET CONNECT OK
INFO	[2021-09-02 13:07:48:199] <20037> SEND OK
INFO	[2021-09-02 13:07:48:311] <20037> RECV OK
INFO	[2021-09-02 13:07:48:311] <20037> MSG_FROM_PG:[0109300175D SHA1                   0                                      300630fourseason                9900INIphpRPAYfourseason20210902130748942440<?xml version="1.0" encoding="UTF-8"?><INIpay>
<PartCancelInfo>
<PayMethod>VCard</PayMethod>
<ResultCode>170000</ResultCode>
<ResultMsg urlencode="1">%C1%A4%BB%F3%BF%CF%B7%E1</ResultMsg>
<SessionKey>AFquLesnCKq+95qFCz7T7MOKAWx1MqIyTfWDMqSgoxcG6Ef01eQYlh8OzRarrP/C
cgeAHooSfu+1LGasaFhYjZ4S2Vti+QA5VnD1OWWFnsSGKFoY4mjoYgNns56eLVhj
rJzJVeO8xCxtRvE7midYPa/Y3PLdvT4A59/azrYtQqmUFezJ44DI5XY=
</SessionKey>
<Encrypted>Sb/Me+valPjGx8gztdH/NbNyqT1mYLOV2ZMjOHlkkGFWzD55VXgGWwt/WOa89YAD
71x7vSL3XIhdBdgGEp89brSu/tBNafYGEWSNTGL0oYvXSbrlQtNfaZK/pF29rBWW
1NhGnOQLmBOcqFC+CPxHjafECieZbwtdQ0DFwDqLLxRpbSVlTqHVzuxR//6PS0gb
4GVOYUJlaNB8cLwkDxlvjG3h3R+Meiv5S9a/qTW4xOCHKHq4QjrRrBdjJauz8KnG
kjfDC+NkIk8F02G7hbeL2gF5ecWxVzGxu1TU1pXJAbMI+o5//tWm8suEnN2zasd5
ni1riBMuPYgpF9dhiYge0MrpZUn6q34BNXWbRgyEhcL9svUjz2KdNjHofm+XB6dK
uABDu50cX+HxD7dCD8GsWoLhfebGvsshS3QCBcPKxhdiIFMBbMZG9+uWD/HGr66A
X08BpJIPQJtRtdR6SOB2wMprjbm1qHjCqn1CyUmEq3nzO7XaLrzrhw==
</Encrypted>
</PartCancelInfo>
<ManageInfo/>
<ReservedInfo>
<MReserved1 urlencode="1"/>
<MReserved2 urlencode="1"/>
<MReserved3 urlencode="1"/>
</ReservedInfo>
</INIpay>
QDaF4v/Wy7xgrldPrtIkgsT8qczSJsW91O+6yrP4yckDuzoLi2Fxokn4oDv90OUc
+Ryxq9/EGmnNO7KkWpr14l1BouFzgB/m6EySkjDrYuKhtAt/VXTNKLNJX/r9IwT/
emjPkVDWT81szB7pd+A1pIiOCO/yP1GJs22b2pYAAPs=
]
INFO	[2021-09-02 13:07:48:311] <20037> VERIFY OK
INFO	[2021-09-02 13:07:48:311] <20037> PARSE HEAD OK
INFO	[2021-09-02 13:07:48:311] <20037> PARSE BODY OK
INFO	[2021-09-02 13:07:48:312] <20037> DECRYPT OK
DEBUG	[2021-09-02 13:07:48:312] <20037> DECRYPT MSG:[<?xml version="1.0" encoding="UTF-8"?><PartCancelInfo>
<PRTC_TID>StdpayISP_fourseason20210902130711160988</PRTC_TID>
<PRTC_Price>9900</PRTC_Price>
<PRTC_Remains>0</PRTC_Remains>
<PRTC_Quota>00</PRTC_Quota>
<PRTC_Type>1</PRTC_Type>
<CancelDate>20210902</CancelDate>
<CancelTime>130748</CancelTime>
<PRTC_Cnt>2</PRTC_Cnt>
<PRTC_SubRemains>0</PRTC_SubRemains>
</PartCancelInfo>]
INFO	[2021-09-02 13:07:48:312] <20037> DECRYPT PARSE OK
INFO	[2021-09-02 13:07:48:312] <20037> END repay 정상완료 Laptime:[0.118sec]
INFO	[2021-09-02 13:07:48:312] <20037> ===============================================================
INFO	[2021-09-02 15:58:59:678] <13196> START INIPHP repay (V5036-141209)(OS:Linux2.6.32-754.11.1.el6.x86_64,PHP:5.3.3)
DEBUG	[2021-09-02 15:58:59:678] <13196> inipayhome:/home1/killdeal/public_html/shop/inicis
DEBUG	[2021-09-02 15:58:59:678] <13196> debug:false
DEBUG	[2021-09-02 15:58:59:678] <13196> type:repay
DEBUG	[2021-09-02 15:58:59:678] <13196> pgid:INIphpRPAY
DEBUG	[2021-09-02 15:58:59:678] <13196> subpgip:203.238.3.10
DEBUG	[2021-09-02 15:58:59:678] <13196> mid:fourseason
DEBUG	[2021-09-02 15:58:59:678] <13196> admin:1111
DEBUG	[2021-09-02 15:58:59:678] <13196> oldtid:INIMX_CARDfourseason20210902114836675614
DEBUG	[2021-09-02 15:58:59:678] <13196> currency:WON
DEBUG	[2021-09-02 15:58:59:678] <13196> price:29000
DEBUG	[2021-09-02 15:58:59:678] <13196> confirm_price:129900
DEBUG	[2021-09-02 15:58:59:678] <13196> buyeremail:daeyoungj.89@gmail.com
DEBUG	[2021-09-02 15:58:59:678] <13196> tax:2636
DEBUG	[2021-09-02 15:58:59:678] <13196> taxfree:0
INFO	[2021-09-02 15:58:59:678] <13196> Check Field OK
INFO	[2021-09-02 15:58:59:678] <13196> Make TID OK INIphpRPAYfourseason20210902155859787001
INFO	[2021-09-02 15:58:59:678] <13196> PI PUB KEY LOAD OK []
INFO	[2021-09-02 15:58:59:679] <13196> PG PUB KEY LOAD OK [30]
INFO	[2021-09-02 15:58:59:679] <13196> MERCHANT PRIV KEY LOAD OK
INFO	[2021-09-02 15:58:59:679] <13196> MERCHANT PUB KEY LOAD OK [0]
DEBUG	[2021-09-02 15:58:59:679] <13196> MAKE ENCRYPT OK[<?xml version="1.0" encoding="UTF-8"?>
<PartCancelInfo>
	  <PRTC_TID>INIMX_CARDfourseason20210902114836675614</PRTC_TID>
	  <PRTC_Price>29000</PRTC_Price>
	  <PRTC_Remains>129900</PRTC_Remains>
	  <PRTC_Quota/>
	  <PRTC_Interest/>
	  <PRTC_NoAcctFNBC/>
	  <PRTC_NmAcctFNBC/></PartCancelInfo>]
INFO	[2021-09-02 15:58:59:680] <13196> MAKE BODY OK
INFO	[2021-09-02 15:58:59:680] <13196> SIGN OK
INFO	[2021-09-02 15:58:59:680] <13196> MAKE HEAD OK
INFO	[2021-09-02 15:58:59:680] <13196> MSG_TO_PG:[0111700175D SHA1                   0                                      300620fourseason               29000INIphpRPAYfourseason20210902155859787001<?xml version="1.0" encoding="UTF-8"?>
<INIpay>
	  <PartCancelInfo>
	    <SessionKey>Qo9/QoJMdBRx5OV13TINXEjG0E4W/SSGLTEBhC+4C8OAoOKYrjBI9E/VSo3jde9E
HOLOtbHhy90qElVxd7MGq47vHGuZsH/Pe7G34OB6fps2LKcGNLW7E80cWywc+7TV
34LmD/BUXKjOsfXompM39icgHMh5y/1Y4vfPQMncRz+8SIWyOvLHWw==
</SessionKey>
	    <Encrypted>o+3lRnRcu14Maloh2pSpjyB14iVD8QPhRGjS639dZPG3bAt7/xhMuZzZERuC/3Kn
J5YTmPh5wECCS9F8MZVbuOmKveLOShByjhUVkbY0lPI3HEavT1cQX0QfmBurEEqA
sshhhpPgU5m+pReQCyfY3TCAoVtpFh9geBtK08B090G9hx1gtpM6plXY6QXCU8oG
Y7iR6y6Tnzv6VB0m/Hsg7bFCDmUpgxbHfEnZWHTjpIcAXEMrGVDBKrdQZPzpxVGt
fd2XDyNMb4pRetn/8x+R2ysgkU4284+RBa2s2xFRswdBuULb/r5ubqYZFF6h5yNF
0ezGYqKNdx8vDSviTvoIX7mEexBwfo3xp1E7FCGMV+gbnFGPbrW8d9Z8aZPaFfpb
rCeIiEsx6fM=
</Encrypted></PartCancelInfo>
	  <GoodsInfo>
	    <Tax>2636</Tax>
	    <TaxFree/>
	    <Currency>WON</Currency></GoodsInfo>
	  <ReservedInfo>
	    <MReserved1/>
	    <MReserved2/>
	    <MReserved3/></ReservedInfo>
	  <ManageInfo>
	    <Language/>
	    <URL/>
	    <TXVersion>5036B141209repayLinux     PHPchkfake   2.6.32-754.11.1.el6.x86_64PHP:</TXVersion>
	    <TXUserID/>
	    <TXRegNum/></ManageInfo></INIpay>ALcDAoTlnW9WdPGmm9YvkJvKl82gV7xSWjZYizn7mAH2gOrLs089gUZsDFBntMKr
Fb4M7SCmG5klgip4OriDx3uGgpgsFGdDOFaoUxJyXCdIkaiNbUgkYIirfpOfEc4V
XXXDiVWLGrhBihgk3ao8yWSwMF8VCSACiDNPffALcRqy
]
INFO	[2021-09-02 15:58:59:680] <13196> DNS LOOKUP OK(203.238.37.3:203.238.37.3:34049) laptime:0
INFO	[2021-09-02 15:58:59:683] <13196> SOCKET CONNECT OK
INFO	[2021-09-02 15:58:59:683] <13196> SEND OK
INFO	[2021-09-02 15:58:59:881] <13196> RECV OK
INFO	[2021-09-02 15:58:59:881] <13196> MSG_FROM_PG:[0099200175D SHA1                   0                                      300630fourseason               29000INIphpRPAYfourseason20210902155859787001<?xml version="1.0" encoding="UTF-8"?><INIpay>
<PartCancelInfo>
<PayMethod>Card</PayMethod>
<ResultCode>120000</ResultCode>
<ResultMsg urlencode="1">%C1%A4%BB%F3%C3%B3%B8%AE%B5%C7%BE%FA%BD%C0%B4%CF%B4%D9.</ResultMsg>
<SessionKey>AOOMXJ5HnT/U0hxtT3Uq0rfUby4eLKnKMD9InK4iQbE/lOh87xmodlHU7SY5VOZU
InJIq/i/WLdXUfF5N+zs3YP9OF5r/2lYx2n7K/fuG6vCn8VdDB1mlxWUU1RzrQvk
eH7W9tUDBsAguDiWdVwqByqHL00EhK1AfTAm71X75axVHDTCE3cnzMo=
</SessionKey>
<Encrypted>e04IxCNBe/cmqgv3zF4rYgj1PENGo9RSAYVJUdY3LdGqvzkum+dhwTIq5D5GRLc4
j8i6lpstGYQBiCXrYidEWAQiNMJN0qFawb5DIfXvsrT8c0h7FyBq7nlNuvJWkgg2
6nsehQeGJNMZ79HHc0Db/SiA38YfxQo3TkJ7NjZGM6fyjUTl9MNSrDi80FvPFEL+
IGLJ6HTTZep8t33qButgSonBYe+1FbNg5Od87fG4TH1d5XJUJ8VaOR4odjgfis+q
H8Q13t3Zi+De6QSnJY+JGmjGwHhCHPyUMgFX0wQN2lo62dp10f3i6QPIrERTAY/C
JBGieC2J25ir9Yrwbewe/v/t6CsCvVdKKj7D89mlL5AjtwKsoQQV3TVd3l1MZ/UP
EUVO8l8IO1fzYDWrnWnbmkUOOGTqHkTBDl5z1qOkpKAi/2uNZ/a/cISrYy9LB60g
B9sGE42JgWKufACzhwSW2g==
</Encrypted>
</PartCancelInfo>
<ManageInfo/>
<ReservedInfo/>
</INIpay>
PSyseD4Bwxs2/k2ZC8pi03BNvPO/HuXa7j43RfoUjpGRfLXb/gN1+rh0S6lD09DX
3vERaunTaitp6JhxtZVLgUB58siqK6q7hGcJfxdU6g2+kJwE7dXQiFi+FudEQIdF
OeBRGAhjw/fFgBjRBZagqqK5kwnzI4FXswEMsIRREFQ=
]
INFO	[2021-09-02 15:58:59:881] <13196> VERIFY OK
INFO	[2021-09-02 15:58:59:881] <13196> PARSE HEAD OK
INFO	[2021-09-02 15:58:59:881] <13196> PARSE BODY OK
INFO	[2021-09-02 15:58:59:882] <13196> DECRYPT OK
DEBUG	[2021-09-02 15:58:59:882] <13196> DECRYPT MSG:[<?xml version="1.0" encoding="UTF-8"?><PartCancelInfo>
<PRTC_TID>INIMX_CARDfourseason20210902114836675614</PRTC_TID>
<PRTC_Price>29000</PRTC_Price>
<PRTC_Remains>129900</PRTC_Remains>
<PRTC_Quota>00</PRTC_Quota>
<PRTC_Type>1</PRTC_Type>
<CancelDate>20210902</CancelDate>
<CancelTime>155859</CancelTime>
<PRTC_Cnt>1</PRTC_Cnt>
</PartCancelInfo>]
INFO	[2021-09-02 15:58:59:882] <13196> DECRYPT PARSE OK
INFO	[2021-09-02 15:58:59:882] <13196> END repay 정상처리되었습니다. Laptime:[0.204sec]
INFO	[2021-09-02 15:58:59:882] <13196> ===============================================================
