INFO	[2022-05-15 22:05:15:604] <21897> START INIPHP cancel (V5036-141209)(OS:Linux2.6.32-754.11.1.el6.x86_64,PHP:5.3.3)
DEBUG	[2022-05-15 22:05:15:604] <21897> inipayhome:/home1/killdeal/public_html/shop/inicis
DEBUG	[2022-05-15 22:05:15:604] <21897> debug:false
DEBUG	[2022-05-15 22:05:15:604] <21897> type:cancel
DEBUG	[2022-05-15 22:05:15:604] <21897> mid:majorgol03
DEBUG	[2022-05-15 22:05:15:604] <21897> admin:1111
DEBUG	[2022-05-15 22:05:15:604] <21897> tid:INIMX_VBNKmajorgol0320220515220343725334
DEBUG	[2022-05-15 22:05:15:604] <21897> cancelmsg:주문자 본인 취소-상품옵션 선택 잘못함
INFO	[2022-05-15 22:05:15:604] <21897> Check Field OK
INFO	[2022-05-15 22:05:15:604] <21897> PI PUB KEY LOAD OK []
INFO	[2022-05-15 22:05:15:604] <21897> PG PUB KEY LOAD OK [30]
INFO	[2022-05-15 22:05:15:605] <21897> MERCHANT PRIV KEY LOAD OK
INFO	[2022-05-15 22:05:15:605] <21897> MERCHANT PUB KEY LOAD OK [0]
DEBUG	[2022-05-15 22:05:15:605] <21897> MAKE ENCRYPT OK[<?xml version="1.0" encoding="UTF-8"?>
<CancelInfo>
	  <CancelTID>INIMX_VBNKmajorgol0320220515220343725334</CancelTID>
	  <CancelMsg urlencode="1">%C1%D6%B9%AE%C0%DA+%BA%BB%C0%CE+%C3%EB%BC%D2-%BB%F3%C7%B0%BF%C9%BC%C7+%BC%B1%C5%C3+%C0%DF%B8%F8%C7%D4</CancelMsg>
	  <CancelReason/></CancelInfo>]
INFO	[2022-05-15 22:05:15:605] <21897> MAKE BODY OK
INFO	[2022-05-15 22:05:15:606] <21897> SIGN OK
INFO	[2022-05-15 22:05:15:606] <21897> MAKE HEAD OK
INFO	[2022-05-15 22:05:15:606] <21897> MSG_TO_PG:[0101500175D SHA1                   0                                      300420majorgol03                    INIMX_VBNKmajorgol0320220515220343725334<?xml version="1.0" encoding="UTF-8"?>
<INIpay>
	  <CancelInfo>
	    <SessionKey>rbQVuylLbubIAuJefHzzpDy40xw6U+dUWDLyG+ruQvJcOW3Q4lCPu81h2v0yaSEj
aSHtEjX1fePoYhMZxShq3VPxrL19IZn1KryH8zL1FYGCrhIEuXZcxAVBKseq6WDj
rBVGYtbHuh+k7BbDLh8rz/Vsw6EL1lukF5FdWjy2YmXbMUHo7DtGog==
</SessionKey>
	    <Encrypted>khhIinyFca20kPAJ9zYO265tRrKBGcTLAR7qNkXCnQaTxLZ3jiXCMt/hXJQGtBK8
cWV8p6kTazZWmlvAczi4Yg+LhMn6NVKXBxdS/goULwiesyM5yanjFoJD6QSZIRkt
JD0emQw4n3n2G3jmnRbM9lSYyt0cMIIUl/l73acVJE4g/+Rd/mAZ4pSSIoT0aLV3
7hJ/rNx45r0j0mMmFb6ewZjEEXI549dAoXK03rkFD49nFOpGX+OQByGtdYtDv7Px
kYn1s5j5/ATd2KBZuQJlZi3w1zTkH/+D2pvhPbzmrjzZyylI+FJ79SKPVDzS7Aco
EfWLkPEYd8VOK0uHZFu2scVcD6xdivBaTG29BlzoV9y8GdLnx7K4xxYUmTdCjDVD
uAcIf9cCsJA=
</Encrypted></CancelInfo>
	  <ReservedInfo>
	    <MReserved1/>
	    <MReserved2/>
	    <MReserved3/></ReservedInfo>
	  <ManageInfo>
	    <Language/>
	    <URL/>
	    <TXVersion>5036B141209canceLinux     PHPchkfake   2.6.32-754.11.1.el6.x86_64PHP:</TXVersion>
	    <TXUserID/>
	    <TXRegNum/></ManageInfo></INIpay>AA+E5/WMRwnfppXCAq9seX3L+MUI3jFPEd01FJz0side261Djou5dQi4fXbLg+iR
d6Z8o0mfLkNwY53FnRC1B3avCGOdKMFWQEkKG0oNjY01Go0cNMT3EFNg2tDbggm3
GH1tsd2v1HOlPzNdmlYfByh2mnmBDoX1qxGjuC417bLX
]
INFO	[2022-05-15 22:05:15:606] <21897> DNS LOOKUP OK(203.238.37.3:203.238.37.3:34049) laptime:0
INFO	[2022-05-15 22:05:15:609] <21897> SOCKET CONNECT OK
INFO	[2022-05-15 22:05:15:609] <21897> SEND OK
INFO	[2022-05-15 22:05:15:741] <21897> RECV OK
INFO	[2022-05-15 22:05:15:741] <21897> MSG_FROM_PG:[0123800175D SHA1                   0                                      300430majorgol03                    INIMX_VBNKmajorgol0320220515220343725334<?xml version="1.0" encoding="UTF-8"?><INIpay>
<CancelInfo>
<ResultCode>170000</ResultCode>
<ResultMsg urlencode="1">%C1%A4%BB%F3%C3%B3%B8%AE%B5%C7%BE%FA%BD%C0%B4%CF%B4%D9.</ResultMsg>
<SessionKey>AAyww5hLDyZM49JDjZYKgpBqYt7tohANYepRkb6Tz51yX+ACS/oazxKHCVI3K1/f
F0kdwqJa2spI3udq6a0VJzIV8CV128GdiWG760iw1BXUF0oMlqPb75br77TnNbWZ
jGOk2SzXalLjGLZxzmoFUhAIyzhm4Q/VXlcbVMukmUjDONNMCFVEgmQ=
</SessionKey>
<Encrypted>aomwtALeheD5EEZ9DKCzVeYTWBdu1bQZso9/ZFhYuM0iGXUaP7BNr2OFarRze0PU
FDYpzpX0u+e7juIC8SB/jJmXR5sxEWgw/4J6Co9rcU7Xi0HxBhAvzmf/0JxgUNKW
tnc9KSbugO+8R1gsX/DdcstOzCdyAVl25mAshIQ7c2pVysTlDPNTru8Z2R7Ijxee
WPX93dWXj7EMwBskh2QHLoAkirsVNmezAEXa8EQywx5GnGsc7S7iJH7pUe6Y5ob5
ROWZHa4iUplf5iBJx7Mr9kNKuEdtxrrZ+sQEDsPyi3waL3mGDRe5zcPENQvknMog
NgkmUyxYvf97vybPmCI2cCxjbcTCi2fdhG+oO51cCIgAcogPr6MGrpZMK0ekO4ZH
B/DWow/Sc9416OtOfGPstP6DgK5ldfDaxf5kVANLEKMUuTvAKPyYlcs6GJpnxKAG
saZIz1ifqVIK8EoCOchgjcKf8NHCXVSQmHRMlrHM50fT287dYyRPg26S0tGYAQB2
bz67ZSyYBjUB25Ui0wXtq5famfKVzQ+EVkGdUuoAb5sAf5Ir1xn7u76Zwx/AVQSi
6gkMtbT0oktl6j/qdGH6hE+knSPT0Lgksl/kvdZaBtOBVfnkEzyr+j3b6yFLYMT7
uXGbfOPu4dw=
</Encrypted>
</CancelInfo>
<ManageInfo/>
<ReservedInfo>
<MReserved1 urlencode="1"/>
<MReserved2 urlencode="1"/>
<MReserved3 urlencode="1"/>
</ReservedInfo>
</INIpay>
nuroI2sdHLWRoUhEzjRSPIfXX0aaapuwJSQgi1ndCYWtlKkwvWW/S0p/OkbHf4ml
Nms8IfhOLLCFMwCBqI4CR53A4xqFKIJ1uOu71pyaI35AnP5o5dRfnm2Ia2rScVXP
KxKaI3JrBl/Z6l5jfA4QuCgsLk4VwgkpGGnQat21LeE=
]
INFO	[2022-05-15 22:05:15:741] <21897> VERIFY OK
INFO	[2022-05-15 22:05:15:741] <21897> PARSE HEAD OK
INFO	[2022-05-15 22:05:15:742] <21897> PARSE BODY OK
INFO	[2022-05-15 22:05:15:742] <21897> DECRYPT OK
DEBUG	[2022-05-15 22:05:15:742] <21897> DECRYPT MSG:[<?xml version="1.0" encoding="UTF-8"?><CancelInfo>
<CancelDate>20220515</CancelDate>
<CancelTime>220515</CancelTime>
<ResultCode>170000</ResultCode>
<ResultMsg urlencode="1">%C1%A4%BB%F3%C3%B3%B8%AE%B5%C7%BE%FA%BD%C0%B4%CF%B4%D9.</ResultMsg>
<CSHR_CancelDate>20220515</CSHR_CancelDate>
<CSHR_CancelTime>220516</CSHR_CancelTime>
<CSHR_ResultCode>220000</CSHR_ResultCode>
<CSHR_ResultMsg urlencode="1">%C1%A4%BB%F3%C3%B3%B8%AE%B5%C7%BE%FA%BD%C0%B4%CF%B4%D9.</CSHR_ResultMsg>
</CancelInfo>]
INFO	[2022-05-15 22:05:15:743] <21897> DECRYPT PARSE OK
INFO	[2022-05-15 22:05:15:743] <21897> END cancel 정상처리되었습니다. Laptime:[0.139sec]
INFO	[2022-05-15 22:05:15:743] <21897> ===============================================================
