INFO	[2020-10-23 11:42:37:493] <19001> START INIPHP cancel (V5036-141209)(OS:Linux2.6.32-754.11.1.el6.x86_64,PHP:5.3.3)
DEBUG	[2020-10-23 11:42:37:493] <19001> inipayhome:/home1/killdeal/public_html/shop/inicis
DEBUG	[2020-10-23 11:42:37:493] <19001> debug:false
DEBUG	[2020-10-23 11:42:37:493] <19001> type:cancel
DEBUG	[2020-10-23 11:42:37:493] <19001> mid:majorgol03
DEBUG	[2020-10-23 11:42:37:493] <19001> admin:1111
DEBUG	[2020-10-23 11:42:37:493] <19001> tid:INIMX_CARDmajorgol0320201023113735925724
DEBUG	[2020-10-23 11:42:37:493] <19001> cancelmsg:주문자 본인 취소-상품옵션 선택 잘못함
INFO	[2020-10-23 11:42:37:493] <19001> Check Field OK
INFO	[2020-10-23 11:42:37:493] <19001> PI PUB KEY LOAD OK []
INFO	[2020-10-23 11:42:37:499] <19001> PG PUB KEY LOAD OK [30]
INFO	[2020-10-23 11:42:37:500] <19001> MERCHANT PRIV KEY LOAD OK
INFO	[2020-10-23 11:42:37:500] <19001> MERCHANT PUB KEY LOAD OK [0]
DEBUG	[2020-10-23 11:42:37:504] <19001> MAKE ENCRYPT OK[<?xml version="1.0" encoding="UTF-8"?>
<CancelInfo>
	  <CancelTID>INIMX_CARDmajorgol0320201023113735925724</CancelTID>
	  <CancelMsg urlencode="1">%C1%D6%B9%AE%C0%DA+%BA%BB%C0%CE+%C3%EB%BC%D2-%BB%F3%C7%B0%BF%C9%BC%C7+%BC%B1%C5%C3+%C0%DF%B8%F8%C7%D4</CancelMsg>
	  <CancelReason/></CancelInfo>]
INFO	[2020-10-23 11:42:37:504] <19001> MAKE BODY OK
INFO	[2020-10-23 11:42:37:505] <19001> SIGN OK
INFO	[2020-10-23 11:42:37:505] <19001> MAKE HEAD OK
INFO	[2020-10-23 11:42:37:505] <19001> MSG_TO_PG:[0101500175D SHA1                   0                                      300420majorgol03                    INIMX_CARDmajorgol0320201023113735925724<?xml version="1.0" encoding="UTF-8"?>
<INIpay>
	  <CancelInfo>
	    <SessionKey>rsDB4ysPXwmhzS49T8gTp6FaQPrA9FhsxmOD3WTvU2rShDVUXFp79AeKfQq/xvyW
sv10go8f1zlTjRa1MuUj9o8s+BJH589/3CqwurX0zW9I9G0mi8OBb/5Ua2UkTriL
K5xyrc293sSYOOw109tGgmuOCmypo79BOXu4lGqlDNRcpqHNE1QEMA==
</SessionKey>
	    <Encrypted>opbYKNNIR3XTcvienrzQqCUHt/1QG6X3q5ruKJH7HXec4IVDpg8LiIXaLggtueKE
d6yiSQVucwY4Idg23rjSQEm5NIemSykHEPG4QU+A+xDv4jnazls9H3Gpv2Kv2a8k
4vOkQ0r421ZBftm2qIHgVzqthRNctj4z+HdjikN0ia3CU+LIgjADy/anaqIPHw1d
HvxLAS1pACv9/eaazQqdyQm4cE3CpcCx4bOFeoZzIn475BtuaCoDsdMRpSvpikLk
CLhjbx8Bw9ONrSsMO1mOyNELxsdX5bk0Mc6pZYb78w04Ue9pJIYQ2a7w1t2+K6O7
oMDZ1TZKxDok4gE9Zl1rb/OG9Kmd8LMtSnLrxr+dixQlY2hJcin5XAwLl3b756zA
zPPXuHA+MNU=
</Encrypted></CancelInfo>
	  <ReservedInfo>
	    <MReserved1/>
	    <MReserved2/>
	    <MReserved3/></ReservedInfo>
	  <ManageInfo>
	    <Language/>
	    <URL/>
	    <TXVersion>5036B141209canceLinux     PHPchkfake   2.6.32-754.11.1.el6.x86_64PHP:</TXVersion>
	    <TXUserID/>
	    <TXRegNum/></ManageInfo></INIpay>AEU9+WWpiquE1aApaLdw8oH5zzgoFI8kKVkIhxChrcjFUQGI+tdnuBLQO3V3QgzS
NuTSABwSJai/OZ4vDMOZB/ntZ+OpiaQJBBwmyrG29Z44X0VjyHpu0hL6gocLGayW
BWUe4duP3IHIndh4X+Ji8r3ed9W7R36YRIxa9GtJOd+r
]
INFO	[2020-10-23 11:42:37:519] <19001> DNS LOOKUP OK(203.238.37.3:203.238.37.3:34049) laptime:0
INFO	[2020-10-23 11:42:37:522] <19001> SOCKET CONNECT OK
INFO	[2020-10-23 11:42:37:522] <19001> SEND OK
INFO	[2020-10-23 11:42:38:126] <19001> RECV OK
INFO	[2020-10-23 11:42:38:126] <19001> MSG_FROM_PG:[0093300175D SHA1                   0                                      300430majorgol03                    INIMX_CARDmajorgol0320201023113735925724<?xml version="1.0" encoding="UTF-8"?><INIpay>
<CancelInfo>
<ResultCode>120000</ResultCode>
<ResultMsg urlencode="1">%C1%A4%BB%F3%C3%B3%B8%AE%B5%C7%BE%FA%BD%C0%B4%CF%B4%D9.</ResultMsg>
<SessionKey>AFQysYsXkDokthz25Bw2uZ/DIqkXdYJZpNDTMU1Do3ZBOHheiFqHC3HEWPG0snLq
/GeyDkIajujNWU4B96RIS1WIOoe9Es/9dtTGZujWaxf1vcMCQLR3HmZLSdcA+vL0
ZFP5a65ZwSRvLdgHTeuE1kpNVnWJqUQ39HMUPdC3u2qs3Ipujt6r+bI=
</SessionKey>
<Encrypted>2egrH00sXT0FSV0q/yAIuj3tLtu0sgCj25egVcoqIgLW3fdqAMC9NfcscuiueQkH
T9b3tGbBZ1xwJrNf55LpKWzRJDE9IydlWbzNiGIVHxqxsBqaOd5ifS+tAHlqT7LW
1JGkhTRHokl3VysVQ9xraMKmfKVKtR5jBMHKVmj4LqiJrFFLcfRFr1Oe5R1xZbZ5
P3bXSg1P2GS9fm/cxzbGI/Ae+4X/w2Yg0s7hdGJkRyFllPo1u9KkbnVz13bifk09
OGK4veRmgn1KNZgeo2y1P7we+yFyfSu/fiIn1yMKXNELHXJzfJrn4eEI5d5RdUgM
sBWLGNI3pOmge/mKSZh33t7TVpEywlt7
</Encrypted>
</CancelInfo>
<ManageInfo/>
<ReservedInfo>
<MReserved1 urlencode="1"/>
<MReserved2 urlencode="1"/>
<MReserved3 urlencode="1"/>
</ReservedInfo>
</INIpay>
r0vQa9ZVU068wGBNITtP+xnftsnVCGShElK0pFcEcGhg7xhPJAdSl3nSVVWYcNpr
sn+1K82OyuZGIUxJtP58I41I8bhQIULXl9AUctwPXwEk66Bd30g/Sqsv7MwhNnSN
YZ+L1Pgy9Dvryx9W/KaNl0QSJSS7tmo3mooIRxkCrog=
]
INFO	[2020-10-23 11:42:38:126] <19001> VERIFY OK
INFO	[2020-10-23 11:42:38:126] <19001> PARSE HEAD OK
INFO	[2020-10-23 11:42:38:132] <19001> PARSE BODY OK
INFO	[2020-10-23 11:42:38:132] <19001> DECRYPT OK
DEBUG	[2020-10-23 11:42:38:132] <19001> DECRYPT MSG:[<?xml version="1.0" encoding="UTF-8"?><CancelInfo>
<CancelDate>20201023</CancelDate>
<CancelTime>114237</CancelTime>
<ResultCode>120000</ResultCode>
<ResultMsg urlencode="1">%C1%A4%BB%F3%C3%B3%B8%AE%B5%C7%BE%FA%BD%C0%B4%CF%B4%D9.</ResultMsg>
</CancelInfo>]
INFO	[2020-10-23 11:42:38:132] <19001> DECRYPT PARSE OK
INFO	[2020-10-23 11:42:38:132] <19001> END cancel 정상처리되었습니다. Laptime:[0.639sec]
INFO	[2020-10-23 11:42:38:132] <19001> ===============================================================
INFO	[2020-10-23 19:02:14:643] <1966> START INIPHP cancel (V5036-141209)(OS:Linux2.6.32-754.11.1.el6.x86_64,PHP:5.3.3)
DEBUG	[2020-10-23 19:02:14:644] <1966> inipayhome:/home1/killdeal/public_html/shop/inicis
DEBUG	[2020-10-23 19:02:14:644] <1966> debug:false
DEBUG	[2020-10-23 19:02:14:644] <1966> type:cancel
DEBUG	[2020-10-23 19:02:14:644] <1966> mid:majorgol03
DEBUG	[2020-10-23 19:02:14:644] <1966> admin:1111
DEBUG	[2020-10-23 19:02:14:644] <1966> tid:StdpayCARDmajorgol0320201023185203365616
DEBUG	[2020-10-23 19:02:14:644] <1966> cancelmsg:주문자 본인 취소-상품옵션 선택 잘못함
INFO	[2020-10-23 19:02:14:644] <1966> Check Field OK
INFO	[2020-10-23 19:02:14:644] <1966> PI PUB KEY LOAD OK []
INFO	[2020-10-23 19:02:14:644] <1966> PG PUB KEY LOAD OK [30]
INFO	[2020-10-23 19:02:14:644] <1966> MERCHANT PRIV KEY LOAD OK
INFO	[2020-10-23 19:02:14:644] <1966> MERCHANT PUB KEY LOAD OK [0]
DEBUG	[2020-10-23 19:02:14:644] <1966> MAKE ENCRYPT OK[<?xml version="1.0" encoding="UTF-8"?>
<CancelInfo>
	  <CancelTID>StdpayCARDmajorgol0320201023185203365616</CancelTID>
	  <CancelMsg urlencode="1">%C1%D6%B9%AE%C0%DA+%BA%BB%C0%CE+%C3%EB%BC%D2-%BB%F3%C7%B0%BF%C9%BC%C7+%BC%B1%C5%C3+%C0%DF%B8%F8%C7%D4</CancelMsg>
	  <CancelReason/></CancelInfo>]
INFO	[2020-10-23 19:02:14:645] <1966> MAKE BODY OK
INFO	[2020-10-23 19:02:14:645] <1966> SIGN OK
INFO	[2020-10-23 19:02:14:645] <1966> MAKE HEAD OK
INFO	[2020-10-23 19:02:14:645] <1966> MSG_TO_PG:[0101500175D SHA1                   0                                      300420majorgol03                    StdpayCARDmajorgol0320201023185203365616<?xml version="1.0" encoding="UTF-8"?>
<INIpay>
	  <CancelInfo>
	    <SessionKey>JS3U99fGJMqEJgYwkh0Pp552loLCU42PVfyH4vsBjIPHg2mUl4ARx3EEFWW1BoGI
X9r23HfzYARIZoCKEqR5owdHAxqRN5wJ9w48qgwqGlo6lqFtG/T6AaQPwe2vPQSM
R/79uaKI9tdNeXYOuaek/nIcS3kIAkLAHNR6mRak//5ZWEZ24t0tqw==
</SessionKey>
	    <Encrypted>SVE1T1Tbyp5jBv7CVNI8eXmNbS1j4X3qVmk575Fg6uo3igOK1A1YFiy+zFlc13gN
n06yER+GorQUfE31rsYVCkRXC5F2xMHLHimy8bHCBClKmPskkQpHiETZlqZ5AobV
R7uDais0uYjbiJdW+Wj48doiUVX5a6T0gutqSCRSfIeOWvhpTIsZZaygutsc+uTT
zQ4nwyakTv0wAKbbhrVht+4RGbKjkyARZ+A3gFwe25W6DFM7ISHQ8ZmvL66sDeyc
HOB5KguVlUJRC6ks+AHbYz0HkBd9HNDg/pZT7I85EyU6DdFJ83AIk5swvMGHnArx
QNPjiFJNA+84ZXqFHDqTMaLEAD5bQ7rNVtdv1sIvFMeSvNQROGGXiXA/587DWR8O
w94nm+oZbzI=
</Encrypted></CancelInfo>
	  <ReservedInfo>
	    <MReserved1/>
	    <MReserved2/>
	    <MReserved3/></ReservedInfo>
	  <ManageInfo>
	    <Language/>
	    <URL/>
	    <TXVersion>5036B141209canceLinux     PHPchkfake   2.6.32-754.11.1.el6.x86_64PHP:</TXVersion>
	    <TXUserID/>
	    <TXRegNum/></ManageInfo></INIpay>AJbNKE7HLxxu2yK9pqE4KgVlDRyZYqWHINX7HLuaEsFGpjeQRgk2GxsPUWcRuoRp
kq/EGvuZb5gLt9vBIBsTnqHoDZUIMjlqL2ZA4kBCmIEWdXJE9gfDYlxgMeoLwFOh
BVxRuLAVE+ETtq72NxjnMl1YLCIp+rvUfFeiOYga6pSQ
]
INFO	[2020-10-23 19:02:14:645] <1966> DNS LOOKUP OK(203.238.37.3:203.238.37.3:34049) laptime:0
INFO	[2020-10-23 19:02:14:648] <1966> SOCKET CONNECT OK
INFO	[2020-10-23 19:02:14:648] <1966> SEND OK
INFO	[2020-10-23 19:02:15:378] <1966> RECV OK
INFO	[2020-10-23 19:02:15:378] <1966> MSG_FROM_PG:[0115800175D SHA1                   0                                      300430majorgol03                    StdpayCARDmajorgol0320201023185203365616<?xml version="1.0" encoding="UTF-8"?>
<INIpay>
  <CancelInfo>
    <ResultCode>120000</ResultCode>
    <ResultMsg urlencode="1">%C1%A4%BB%F3%C3%B3%B8%AE%B5%C7%BE%FA%BD%C0%B4%CF%B4%D9.</ResultMsg>
    <SessionKey>ABvJtl7Zj1+GsDwSKltMzqwZGBNWMxcaozKCOMdALP1PK3YFgdD7QV9246rubN/U
Wvi/eOuxtnm2yvMX2TmoAG3chMIqiZp702u/Zq57d4fbJ9fAreO4OPqpJmGd9B73
AO6lV6PPsKKhcIhAETSQUs5OasP99jeqdmEjfiLQrcnmsIA7F5AhmvQ=
</SessionKey>
    <Encrypted>mULUrXo5AKJWOqJONLZ+iQYveyNW8uOmTC+DGb9FwGuLx//bSMN9tTroinSCDgKk
EY0HnCdEuIY9wNFggCpvsAd2ab1YEAK6scZhdknHkPc1I1oSPGUUguCajP02eCFD
5cLSPK3EZ9CpITH0rXbfuSo2f4MfvWNT6GtTMKGQ41qC/AfeLENu/JZi+9r/IPum
ki6YOEjFM5XJhifPQ0A/kkcaEvErItavrsiyPvfzVIn2nWz+n6YRSvHmuqrz0TX2
tbElbPrY9A8Ac+PHQX8jaB+ojtP7ct9k8TKb3RV2HQ5B5gAjfONNT+7OLRKNh1h2
SDq72NhYCcBYJsaqT7QnxoP8VDTCU3XqmsVV0xSdJZo=
</Encrypted>
  </CancelInfo>
  <ManageInfo/>
  <ReservedInfo>
    <MReserved1 urlencode="1"></MReserved1>
    <MReserved2 urlencode="1"></MReserved2>
    <MReserved3 urlencode="1"></MReserved3>
    <PGReserved1 urlencode="1"></PGReserved1>
    <PGReserved2 urlencode="1"></PGReserved2>
    <PGReserved3 urlencode="1"></PGReserved3>
  </ReservedInfo>
</INIpay>
aoDReJq5cD32AMgKI9ja1lvG5irPa0WeFQYDU1LEituWD8EITXh7HmuaojkDK+9F
fL1p/qT/CYtzyPef9PlRPclxmcS14pC11fp7UTBXgTSIaTp2j53yU1oELVDyFur+
074YGOYSIxd93vFm2OYRUudLeV0Q/QvGqNz/6/X+iiQ=
]
INFO	[2020-10-23 19:02:15:378] <1966> VERIFY OK
INFO	[2020-10-23 19:02:15:378] <1966> PARSE HEAD OK
INFO	[2020-10-23 19:02:15:379] <1966> PARSE BODY OK
INFO	[2020-10-23 19:02:15:379] <1966> DECRYPT OK
DEBUG	[2020-10-23 19:02:15:379] <1966> DECRYPT MSG:[<?xml version="1.0" encoding="UTF-8"?>
<CancelInfo>
  <CancelDate>20201023</CancelDate>
  <CancelTime>190215</CancelTime>
  <ResultCode>120000</ResultCode>
  <ResultMsg urlencode="1">%C1%A4%BB%F3%C3%B3%B8%AE%B5%C7%BE%FA%BD%C0%B4%CF%B4%D9.</ResultMsg>
</CancelInfo>]
INFO	[2020-10-23 19:02:15:379] <1966> DECRYPT PARSE OK
INFO	[2020-10-23 19:02:15:379] <1966> END cancel 정상처리되었습니다. Laptime:[0.736sec]
INFO	[2020-10-23 19:02:15:379] <1966> ===============================================================
INFO	[2020-10-23 20:20:56:156] <1288> START INIPHP cancel (V5036-141209)(OS:Linux2.6.32-754.11.1.el6.x86_64,PHP:5.3.3)
DEBUG	[2020-10-23 20:20:56:156] <1288> inipayhome:/home1/killdeal/public_html/shop/inicis
DEBUG	[2020-10-23 20:20:56:156] <1288> debug:false
DEBUG	[2020-10-23 20:20:56:156] <1288> type:cancel
DEBUG	[2020-10-23 20:20:56:156] <1288> mid:majorgol03
DEBUG	[2020-10-23 20:20:56:156] <1288> admin:1111
DEBUG	[2020-10-23 20:20:56:156] <1288> tid:INIMX_CARDmajorgol0320201023150527865516
DEBUG	[2020-10-23 20:20:56:156] <1288> cancelmsg:주문자 본인 취소-상품옵션 선택 잘못함
INFO	[2020-10-23 20:20:56:156] <1288> Check Field OK
INFO	[2020-10-23 20:20:56:156] <1288> PI PUB KEY LOAD OK []
INFO	[2020-10-23 20:20:56:156] <1288> PG PUB KEY LOAD OK [30]
INFO	[2020-10-23 20:20:56:156] <1288> MERCHANT PRIV KEY LOAD OK
INFO	[2020-10-23 20:20:56:156] <1288> MERCHANT PUB KEY LOAD OK [0]
DEBUG	[2020-10-23 20:20:56:157] <1288> MAKE ENCRYPT OK[<?xml version="1.0" encoding="UTF-8"?>
<CancelInfo>
	  <CancelTID>INIMX_CARDmajorgol0320201023150527865516</CancelTID>
	  <CancelMsg urlencode="1">%C1%D6%B9%AE%C0%DA+%BA%BB%C0%CE+%C3%EB%BC%D2-%BB%F3%C7%B0%BF%C9%BC%C7+%BC%B1%C5%C3+%C0%DF%B8%F8%C7%D4</CancelMsg>
	  <CancelReason/></CancelInfo>]
INFO	[2020-10-23 20:20:56:157] <1288> MAKE BODY OK
INFO	[2020-10-23 20:20:56:157] <1288> SIGN OK
INFO	[2020-10-23 20:20:56:157] <1288> MAKE HEAD OK
INFO	[2020-10-23 20:20:56:157] <1288> MSG_TO_PG:[0101500175D SHA1                   0                                      300420majorgol03                    INIMX_CARDmajorgol0320201023150527865516<?xml version="1.0" encoding="UTF-8"?>
<INIpay>
	  <CancelInfo>
	    <SessionKey>BkRzUtIhuRnxoIZhXjk+FoJ9IxPiuoZV0oFniWnGs72R3VpxttsJb57F1+JJ61fJ
h4ZhNj5IvSqt135VfGcsrVNgIDr7v/zT7+rOyepz9A2YERrrArnH0aAwAsm8sw0S
ebMO7VQtO9Re0tgH/ozZZMy4FLzmysCndZLJZ35McZlGNcsZTymnrA==
</SessionKey>
	    <Encrypted>VcLXuqhgt6wejnaKYo816STBR4r5/EI0XVSdCr5EX/VK1i1080HoZYzEJq10VTh9
Un7NpkoMnwTVYheIM3MTrh2ncdFKC+PotJAd531K/9/uuchQI4jM3iskunmsv6Bi
eWepd81qOQG1PpDLmGVQU8dpUZnO5tIX/MUID469wLWdQ5HGwx0GU/ED6hpKnBgH
dSwjdfSj14lina/3qFNOncwdhIs76Rn/TwvgzqO04ahAYz0MEV3KciswYtJY+yKn
hoStjtKm0MoXkt0JWnGBGvSmaxO1LTFluw9B1JvY6VKPOnUhkdnrZk7KdbIQncQ6
ZqAfS+2A7/xJ1surdgauZC9DKoE64Ut0HuehBY01GXjnp9mpCK1EcFM4t/KLUPiW
5LjyChma8II=
</Encrypted></CancelInfo>
	  <ReservedInfo>
	    <MReserved1/>
	    <MReserved2/>
	    <MReserved3/></ReservedInfo>
	  <ManageInfo>
	    <Language/>
	    <URL/>
	    <TXVersion>5036B141209canceLinux     PHPchkfake   2.6.32-754.11.1.el6.x86_64PHP:</TXVersion>
	    <TXUserID/>
	    <TXRegNum/></ManageInfo></INIpay>ANcf0cLCTWjsqjVy5t5oVAX3BrRQkatbNqPr19uhosjWeqhn5tZct9T6UV7AKykC
KR6ahjAR6Uvh6fSrmS4oDVtLx0S2fvhsGYUlc5cK70UIzwWcUcHZngDP43CfH/SH
XvTCRpVtI15W9HO7arbWbSyIppXl0KLuIeGJ+1rmrGl6
]
INFO	[2020-10-23 20:20:56:157] <1288> DNS LOOKUP OK(203.238.37.3:203.238.37.3:34049) laptime:0
INFO	[2020-10-23 20:20:56:162] <1288> SOCKET CONNECT OK
INFO	[2020-10-23 20:20:56:162] <1288> SEND OK
INFO	[2020-10-23 20:20:56:761] <1288> RECV OK
INFO	[2020-10-23 20:20:56:761] <1288> MSG_FROM_PG:[0115800175D SHA1                   0                                      300430majorgol03                    INIMX_CARDmajorgol0320201023150527865516<?xml version="1.0" encoding="UTF-8"?>
<INIpay>
  <CancelInfo>
    <ResultCode>120000</ResultCode>
    <ResultMsg urlencode="1">%C1%A4%BB%F3%C3%B3%B8%AE%B5%C7%BE%FA%BD%C0%B4%CF%B4%D9.</ResultMsg>
    <SessionKey>AKOvvh4Ux2nAFwh+2IGOB6DFjPFxbZpQV+/wg0YHxtC7N2BKf2QBRir3kEAIgktI
XanT/0UpscwFy5DuKyZ4jKII9N0AXGDUwRoKJtA+ip7pd0RP4pj19+gqkHEWFKZn
h25FsG8LjTgTE0qVJj7jcMIwSJ8hFeGg3wdsCRB4Hy8g/EgN6cMUCzI=
</SessionKey>
    <Encrypted>d1kW153mjXlPrknPahq5Na9KyX4H1kMmiEhOvJKBkmgsktc261C7rh6tqVC6uSFT
LXlg71f98Sy5pazvBz42N1D1WDo6Jlj+uHF3BfiBZ1GnKMDbl7BwBqEtXXmzAONZ
cSEHUGoZG8QvY1v2+mqUGVLZrorIXb6ZKkm6Zt35KIUWUaSwBmMM4VXeClJG51ye
sSBont4By67SUeA1Kq/ouck3NXv+osYaRUREBthLj/UB2lY0lqrqlyBkxusI7YWI
l8/SVFdM2yxJG+sU3pQXPY4LKMNiDQHYO+ub0e7OZhhypm0uFKXV+Dg15l0zWOwk
A/ME5pxRJs8mnxFLEHawnHs3C0V3Ws3Uk3za9dcHUp0=
</Encrypted>
  </CancelInfo>
  <ManageInfo/>
  <ReservedInfo>
    <MReserved1 urlencode="1"></MReserved1>
    <MReserved2 urlencode="1"></MReserved2>
    <MReserved3 urlencode="1"></MReserved3>
    <PGReserved1 urlencode="1"></PGReserved1>
    <PGReserved2 urlencode="1"></PGReserved2>
    <PGReserved3 urlencode="1"></PGReserved3>
  </ReservedInfo>
</INIpay>
Jq9Jg/uwWDDqfc9X3Bb38aYKYMagfpNkQO9hoymYF022YGAOY6y9KajAe6OfK3Ef
EjBuBW4S704zaqpjOOO7vDjvXhXbCeB/pBscZoA8/4ItKSQfllGZOFDNpBlJG4KW
IKhOETEkZdbfh5yiJ/saTI7oaY7xNTqw8MAAJLZUmpM=
]
INFO	[2020-10-23 20:20:56:762] <1288> VERIFY OK
INFO	[2020-10-23 20:20:56:762] <1288> PARSE HEAD OK
INFO	[2020-10-23 20:20:56:762] <1288> PARSE BODY OK
INFO	[2020-10-23 20:20:56:763] <1288> DECRYPT OK
DEBUG	[2020-10-23 20:20:56:763] <1288> DECRYPT MSG:[<?xml version="1.0" encoding="UTF-8"?>
<CancelInfo>
  <CancelDate>20201023</CancelDate>
  <CancelTime>202056</CancelTime>
  <ResultCode>120000</ResultCode>
  <ResultMsg urlencode="1">%C1%A4%BB%F3%C3%B3%B8%AE%B5%C7%BE%FA%BD%C0%B4%CF%B4%D9.</ResultMsg>
</CancelInfo>]
INFO	[2020-10-23 20:20:56:763] <1288> DECRYPT PARSE OK
INFO	[2020-10-23 20:20:56:763] <1288> END cancel 정상처리되었습니다. Laptime:[0.607sec]
INFO	[2020-10-23 20:20:56:763] <1288> ===============================================================
