INFO	[2022-06-09 23:42:33:338] <21086> START INIPHP receipt (V5036-141209)(OS:Linux2.6.32-754.11.1.el6.x86_64,PHP:5.3.3)
DEBUG	[2022-06-09 23:42:33:338] <21086> inipayhome:/home1/killdeal/public_html/shop/inicis
DEBUG	[2022-06-09 23:42:33:338] <21086> debug:false
DEBUG	[2022-06-09 23:42:33:338] <21086> type:receipt
DEBUG	[2022-06-09 23:42:33:338] <21086> pgid:INIphpRECP
DEBUG	[2022-06-09 23:42:33:338] <21086> paymethod:CASH
DEBUG	[2022-06-09 23:42:33:338] <21086> currency:WON
DEBUG	[2022-06-09 23:42:33:338] <21086> admin:1111
DEBUG	[2022-06-09 23:42:33:338] <21086> mid:fourseason
DEBUG	[2022-06-09 23:42:33:338] <21086> goodname:핫딜아담스콧히트A300가죽남성골프화신발주머니증정 외 2건
DEBUG	[2022-06-09 23:42:33:338] <21086> cr_price:151400
DEBUG	[2022-06-09 23:42:33:338] <21086> sup_price:137636
DEBUG	[2022-06-09 23:42:33:338] <21086> tax:13764
DEBUG	[2022-06-09 23:42:33:338] <21086> srvc_price:0
DEBUG	[2022-06-09 23:42:33:338] <21086> buyername:김종필
DEBUG	[2022-06-09 23:42:33:338] <21086> buyeremail:
DEBUG	[2022-06-09 23:42:33:338] <21086> buyertel:01033037081
DEBUG	[2022-06-09 23:42:33:338] <21086> reg_num:01033037081
DEBUG	[2022-06-09 23:42:33:338] <21086> useopt:0
DEBUG	[2022-06-09 23:42:33:338] <21086> companynumber:
INFO	[2022-06-09 23:42:33:338] <21086> Check Field OK
INFO	[2022-06-09 23:42:33:338] <21086> Make TID OK INIphpRECPfourseason20220609234233382393
INFO	[2022-06-09 23:42:33:338] <21086> PI PUB KEY LOAD OK []
INFO	[2022-06-09 23:42:33:338] <21086> PG PUB KEY LOAD OK [30]
INFO	[2022-06-09 23:42:33:339] <21086> MERCHANT PRIV KEY LOAD OK
INFO	[2022-06-09 23:42:33:339] <21086> MERCHANT PUB KEY LOAD OK [0]
DEBUG	[2022-06-09 23:42:33:339] <21086> MAKE ENCRYPT OK[<?xml version="1.0" encoding="UTF-8"?>
<PaymentInfo>
	  <Payment>
	    <CASH>
	      <CSHR_ApplPrice>151400</CSHR_ApplPrice>
	      <CSHR_SupplyPrice>137636</CSHR_SupplyPrice>
	      <CSHR_Tax>13764</CSHR_Tax>
	      <CSHR_ServicePrice/>
	      <CSHR_Type>0</CSHR_Type>
	      <CSHR_RegNum>01033037081</CSHR_RegNum>
	      <CSHR_CompanyNum/></CASH></Payment></PaymentInfo>]
INFO	[2022-06-09 23:42:33:340] <21086> MAKE BODY OK
INFO	[2022-06-09 23:42:33:340] <21086> SIGN OK
INFO	[2022-06-09 23:42:33:340] <21086> MAKE HEAD OK
INFO	[2022-06-09 23:42:33:340] <21086> MSG_TO_PG:[0194200175D SHA1                   0                                      300200fourseason              151400INIphpRECPfourseason20220609234233382393<?xml version="1.0" encoding="UTF-8"?>
<INIpay>
	  <GoodsInfo>
	    <GoodsCnt>1</GoodsCnt>
	    <MOID/>
	    <Currency>WON</Currency>
	    <Tax>13764</Tax>
	    <TaxFree/>
	    <Goods>
	      <SMID>fourseason</SMID>
	      <GoodsName urlencode="1">%C7%D6%B5%F4%BE%C6%B4%E3%BD%BA%C4%E0%C8%F7%C6%AEA300%B0%A1%C1%D7%B3%B2%BC%BA%B0%F1%C7%C1%C8%AD%BD%C5%B9%DF%C1%D6%B8%D3%B4%CF%C1%F5%C1%A4+%BF%DC+2%B0%C7</GoodsName>
	      <GoodsPrice>151400</GoodsPrice></Goods></GoodsInfo>
	  <BuyerInfo>
	    <BuyerName urlencode="1">%B1%E8%C1%BE%C7%CA</BuyerName>
	    <BuyerTel>01033037081</BuyerTel>
	    <BuyerEmail/>
	    <ParentEmail/>
	    <RecvName/>
	    <RecvTel/>
	    <RecvMsg/>
	    <RecvAddr/>
	    <RecvPostNum/></BuyerInfo>
	  <PaymentInfo>
	    <Payment>
	      <PayMethod>CASH</PayMethod>
	      <JoinCard/>
	      <JoinExpire/>
	      <MailOrder/>
	      <SessionKey>ib8IRrZ4k89cgHSZBnpDqLOtgQ//znWeoVpxgax6c4Fayl6TiczTxv7fcRmFcy2V
3I8Cu05BWD/HTqyzJPJiP+Y2FFdErL11NigByyGZmPIGIay9R7I0FhWEq/eKwxyG
ixVs+BKsiPysuEOqjSsOv90LCtxXna1sJV+iciNjgjkvu3wFhkOMrA==
</SessionKey>
	      <Encrypted>lQrGUeNGDOt0WvuVrBsTYHEOowTc6dLOOZVbWRud2U7XmtgJw4eeyCA0uac9op3P
btrvTsQxxq4klKmA77XcjhQ6ScRWokdWgvqjzF1wOVAA6C1Y31Oi0ntJytzoaLZS
HaPSy3V24HDcvC/Hah/KW9cvMTEuJI06EEWZc+BNbTQJzGx/1RZG5BlA+gGaMvaB
Q0BGCn1ruxZEGXs32T+2dE/CAu1d6R8tCGxDOxG3H9tQvPa040Ykavsr8kj3dbCo
KLwGqA/k1HN8uLHgLB7iGlFkFS7HA2epRvcaPkbUsHFHqVcAZ5UOsZmgF8Y+9IWI
LO5yct/q5llvU8dImcbkJ9BYVpfPrOq/TVxHKyOZArMD2pLiGhB2hcUl65m3TA1u
8D1/Py2F5u0y+s90LgOjYlgFmRIoWW8dmfo5imiPdX8LxSYqdytu9EPJtjrVyLoe
bhtiI5FYLZAzYIt/dGbGGY7p1tN4eFECKEaMSK7wTYN+gOx5J3hasg==
</Encrypted></Payment></PaymentInfo>
	  <ReservedInfo>
	    <MReserved1/>
	    <MReserved2/>
	    <MReserved3/></ReservedInfo>
	  <ManageInfo>
	    <Language/>
	    <URL/>
	    <TXVersion>5036B141209receiLinux     PHPchkfake   2.6.32-754.11.1.el6.x86_64PHP:</TXVersion>
	    <TXUserID/>
	    <TXRegNum/>
	    <Ack>1</Ack></ManageInfo></INIpay>APmDlg5yZxJr931vd+tSgEpNuV8xcOvr/q8ELEmhC+A4FtniYEHd8M7BZJDeFMQy
m0VwaBfIab2Hjtdd2ERFtg+lPXTWTR5/ty60ZUerOnFFvD4NHL9K2fVUTX5/QziQ
qJu6aoaJKzrUZRIfPr6dmJ7LS+rOozT8PE37Lgqr2V95
]
INFO	[2022-06-09 23:42:33:340] <21086> DNS LOOKUP OK(203.238.37.3:203.238.37.3:34049) laptime:0
INFO	[2022-06-09 23:42:33:343] <21086> SOCKET CONNECT OK
INFO	[2022-06-09 23:42:33:343] <21086> SEND OK
INFO	[2022-06-09 23:42:33:449] <21086> RECV OK
INFO	[2022-06-09 23:42:33:449] <21086> MSG_FROM_PG:[0173000175D SHA1                   0                                      300210fourseason              151400INIphpRECPfourseason20220609234233382393<?xml version="1.0" encoding="UTF-8"?><INIpay>
<GoodsInfo>
<GoodsCnt>1</GoodsCnt>
<MOID urlencode="1"/>
<Currency>WON</Currency>
<Goods no="1">
<SMID>fourseason</SMID>
<GoodsName urlencode="1">%C7%D6%B5%F4%BE%C6%B4%E3%BD%BA%C4%E0%C8%F7%C6%AEA300%B0%A1%C1%D7%B3%B2%BC%BA%B0%F1%C7%C1%C8%AD%BD%C5%B9%DF%C1%D6%B8%D3%B4%CF%C1%F5%C1%A4+%BF%DC+2%B0%C7</GoodsName>
<GoodsCntS>1</GoodsCntS>
<GoodsPrice>151400</GoodsPrice>
</Goods>
</GoodsInfo>
<PaymentInfo>
<Payment>
<SessionKey>AOOYz7qmYKMsFkVxL4x/vx2uji+FjniIpapcFU/7FTvKDEa7lJCknlu1CXtXKLhC
kUr2ykqhP8dEBIIvliw69ZRvSUDDdQs7cte+syHXufdWpsryHgLXUT0FJOkMnGFH
ElcFLiZhWrWdq7Nr2g1P3Jg6UrScXK/pi9BYwW/ktFItZYBCyna8KTs=
</SessionKey>
<Encrypted>jYZt4guQ2W/Co07oa9xf7RdbLJPMcgMiRYqojrY6emv16UhzvAV0lx4sRmjGe+Ra
p9p4rXrrp8XentsWt1jxK1v58rSBI83Eev4K+F6x6CYA/rQQBLhXk8ddQcu3mnRr
b8ySCaF+cICb3SZ88F3hRHyyqldbb0TD6U7yGikHZ1+fNEHHHgt3MfZMW0cbkLMB
ekAn3+srYBib3B/EQdkCkjlp/A/tQxNPGOYzL8quSV+HrTJglsQkJpSGWqsdkXKb
eS6ZlPSmtiA/nB8ZiV9i/wWyH4zROQ9wNArAqNW/6qMf5PodCqB/ZDwOqc+Fpmup
1EIBjwFYNur1CNh0VnIi/zZt/JjTi8aiutH4uGvnMvGjqBXquzEssb+wReC9mhlM
NswQc7YflDpHdVwfr0k5+v3A4R0YocCjF1joaqJ84Ha8scEHPfU4rBjmsXDdCKwa
NCfpG+3rrlTK+zDdeZ0uupnJaSx2JTEEOO4gsC+p58HhvIGHg74zBGWzINT8cBo5
Es/ETTcZENnBOGZiZ1ueEcait4vq0rBlSlcYhr4Oijv+VoGCDFvdaHFsSTC5N7of
2RctcZhw5wLRnoR0WkbkS/2yNKVNiDW+2cLt6IbYyFLxUKsM7zqxyxA3lbc4+FyE
/wQsPB1toBXTS19xbHbhwUSi6plL0L6lQXAFcLUMBsHJIBjbVIP11KrxjZZpjX2I
</Encrypted>
<PayMethod>CASH</PayMethod>
<ResultCode>220000</ResultCode>
<ResultMsg urlencode="1">%C1%A4%BB%F3%C3%B3%B8%AE%B5%C7%BE%FA%BD%C0%B4%CF%B4%D9.</ResultMsg>
</Payment>
</PaymentInfo>
<ManageInfo/>
<ReservedInfo>
<MReserved1 urlencode="1"/>
<MReserved2 urlencode="1"/>
<MReserved3 urlencode="1"/>
</ReservedInfo>
</INIpay>
UNfmt9PtcqIG2WfTcvD3mSCXmwp/i/+uePQ0EjsMEG/V3b7EJgbL9wh2QZO/MIzI
4bnURRTl8aJkmb6SQ4FNkWG600KTw9npInnoaSflGjkTEIctiqV7RwveBZtO6UaZ
nv0jP1/8GCph2S/CttheVA9E/Q4Miy0Fj44hPMadyUE=
]
INFO	[2022-06-09 23:42:33:449] <21086> VERIFY OK
INFO	[2022-06-09 23:42:33:449] <21086> PARSE HEAD OK
INFO	[2022-06-09 23:42:33:450] <21086> PARSE BODY OK
INFO	[2022-06-09 23:42:33:451] <21086> DECRYPT OK
DEBUG	[2022-06-09 23:42:33:451] <21086> DECRYPT MSG:[<?xml version="1.0" encoding="UTF-8"?><PaymentInfo>
<Payment>
<CASH>
<CSHR_ApplPrice>151400</CSHR_ApplPrice>
<CSHR_SupplyPrice>137636</CSHR_SupplyPrice>
<CSHR_Tax>13764</CSHR_Tax>
<CSHR_ServicePrice/>
<CSHR_Type>0</CSHR_Type>
<CSHR_ApplDate>20220609</CSHR_ApplDate>
<CSHR_ApplTime>234233</CSHR_ApplTime>
<CSHR_ApplNum>268109428</CSHR_ApplNum>
<CSHR_ResultCode>220000</CSHR_ResultCode>
<CSHR_ResultMsg urlencode="1">%C1%A4%BB%F3%C3%B3%B8%AE%B5%C7%BE%FA%BD%C0%B4%CF%B4%D9.</CSHR_ResultMsg>
</CASH>
</Payment>
</PaymentInfo>]
INFO	[2022-06-09 23:42:33:451] <21086> DECRYPT PARSE OK
INFO	[2022-06-09 23:42:33:451] <21086> WAIT ACK INVOKING
DEBUG	[2022-06-09 23:42:33:451] <21086> MAKE HEAD OK
INFO	[2022-06-09 23:42:33:455] <21086> SUCCESS ACK INVOKING
INFO	[2022-06-09 23:42:33:455] <21086> END receipt 정상처리되었습니다. Laptime:[0.117sec]
INFO	[2022-06-09 23:42:33:455] <21086> ===============================================================
