INFO	[2021-06-23 11:25:31:989] <3088> START INIPHP cancel (V5036-141209)(OS:Linux2.6.32-754.11.1.el6.x86_64,PHP:5.3.3)
DEBUG	[2021-06-23 11:25:31:989] <3088> inipayhome:/home1/killdeal/public_html/shop/inicis
DEBUG	[2021-06-23 11:25:31:989] <3088> debug:false
DEBUG	[2021-06-23 11:25:31:989] <3088> type:cancel
DEBUG	[2021-06-23 11:25:31:989] <3088> mid:fourseason
DEBUG	[2021-06-23 11:25:31:989] <3088> admin:1111
DEBUG	[2021-06-23 11:25:31:989] <3088> tid:INIMX_CARDfourseason20210621234643785934
DEBUG	[2021-06-23 11:25:31:989] <3088> cancelmsg:쇼핑몰 운영자 승인 취소
INFO	[2021-06-23 11:25:31:989] <3088> Check Field OK
INFO	[2021-06-23 11:25:31:989] <3088> PI PUB KEY LOAD OK []
INFO	[2021-06-23 11:25:31:989] <3088> PG PUB KEY LOAD OK [30]
INFO	[2021-06-23 11:25:31:989] <3088> MERCHANT PRIV KEY LOAD OK
INFO	[2021-06-23 11:25:31:990] <3088> MERCHANT PUB KEY LOAD OK [0]
DEBUG	[2021-06-23 11:25:31:990] <3088> MAKE ENCRYPT OK[<?xml version="1.0" encoding="UTF-8"?>
<CancelInfo>
	  <CancelTID>INIMX_CARDfourseason20210621234643785934</CancelTID>
	  <CancelMsg urlencode="1">%BC%EE%C7%CE%B8%F4+%BF%EE%BF%B5%C0%DA+%BD%C2%C0%CE+%C3%EB%BC%D2</CancelMsg>
	  <CancelReason/></CancelInfo>]
INFO	[2021-06-23 11:25:31:990] <3088> MAKE BODY OK
INFO	[2021-06-23 11:25:31:991] <3088> SIGN OK
INFO	[2021-06-23 11:25:31:991] <3088> MAKE HEAD OK
INFO	[2021-06-23 11:25:31:991] <3088> MSG_TO_PG:[0096200175D SHA1                   0                                      300420fourseason                    INIMX_CARDfourseason20210621234643785934<?xml version="1.0" encoding="UTF-8"?>
<INIpay>
	  <CancelInfo>
	    <SessionKey>3Jpx4f9R/0Y6Vzv9D/8tlQEAw2CHG2g2ne8mbUo+uTJ39Kx7qyMNDPpRteb59vrp
KK6Frl8MbnjHAOUaVSorEOaEgC0a/5GLvjlHpPpxqLEMqannL34N8Hd8LSudDiBk
nXRx+ng+88czcp6Muhft2MCLoPO6zzl5+o+W2Tu1dRmLkaMtgBKpAw==
</SessionKey>
	    <Encrypted>xebi0hHCuoj1LM0dltwD1XTN5dK3zh6DGIALCSeGW5ObUVxisLMjdGmU3PU+Wfdi
PXfDVeoxr/o/yCr+mmp74y5Z9c4cnAsiBTjt3j56gXouX3/d2fw9oN+ibhQKKXxl
gBMDxj70YhrHvfYsVcUbGeMkoezDOzhUJusoA/9DNKpQSMSYxOEXJ4eZE9lQGHSo
F67zgq03+egjIP83peqtVJcbSOrlqzMn4XALcUGvqHHa+aOCI6aTbKb+aRSEg2cP
Ze1TUPxxfmlod0kQFpb19tUSnaNdAAcSunHGY7Jhyd5R6CbUq/xp8uJk8AkYl+Du
yK36LgEbB9XyYQZM+pMV/Q==
</Encrypted></CancelInfo>
	  <ReservedInfo>
	    <MReserved1/>
	    <MReserved2/>
	    <MReserved3/></ReservedInfo>
	  <ManageInfo>
	    <Language/>
	    <URL/>
	    <TXVersion>5036B141209canceLinux     PHPchkfake   2.6.32-754.11.1.el6.x86_64PHP:</TXVersion>
	    <TXUserID/>
	    <TXRegNum/></ManageInfo></INIpay>AFemmz2vjOyZmBWQqeLrjPTaomrgpSg8jpp3GfFA3Eez6r8x/eo3581VAxQV0iw3
mRy5ktZaB82mc4hUTcRYArTaftAYQz9P3q4A/tHClLWwSkhLER9HC5aCpWnOOqh+
U+Z6KpdwVFz4O6LABQWmXNGbvpGlX4edewgSpFv0iIHw
]
INFO	[2021-06-23 11:25:31:991] <3088> DNS LOOKUP OK(203.238.37.3:203.238.37.3:34049) laptime:0
INFO	[2021-06-23 11:25:31:993] <3088> SOCKET CONNECT OK
INFO	[2021-06-23 11:25:31:993] <3088> SEND OK
INFO	[2021-06-23 11:25:32:865] <3088> RECV OK
INFO	[2021-06-23 11:25:32:865] <3088> MSG_FROM_PG:[0093300175D SHA1                   0                                      300430fourseason                    INIMX_CARDfourseason20210621234643785934<?xml version="1.0" encoding="UTF-8"?><INIpay>
<CancelInfo>
<ResultCode>120000</ResultCode>
<ResultMsg urlencode="1">%C1%A4%BB%F3%C3%B3%B8%AE%B5%C7%BE%FA%BD%C0%B4%CF%B4%D9.</ResultMsg>
<SessionKey>AA+hhj26dG0Mw1HJ0wFYsUqNt4p6PewknsUAtT8GxABYh6zvfn0oh5FPCpNCjUvk
wqP+Mn+CvDSDjoyxg4Yy19vNFL7xEyN6LWQVcFPQ1zeQziAAVrlYXUWZ00k8DEns
VxcUTbnxMjpiAAXx/MeS+WnghlbT9959y+iCfHWKzica6TPBYq035Uo=
</SessionKey>
<Encrypted>4guGIK7NSnMP5tYdjnDjbXjgIc8NV/Pd3hS6WK16p4y3Qp/Up26+3OieaaNcEu+3
FTNPjyhXQ7mdPMTvf+tdqTxzkF9Q6ODNs9OE50FF/mUuNkB8jY0Q3Fy3vxy3v5Km
i2iSFKz5yOPvBCCfhZn/Cbyz4AvWSEhwKopNZqnPUQIDmhLnB0wE/lytTsztmSMc
dwcV13jeP/gMvMs+IdAaPHq36CH37+H5tiS6z8qB1Xu+IU/V/uwtcCY0sLO7yo71
JpSOQyt0LSPpKMFFoH/QpHptF696lhm6gWbXQSgCGbYQKtwNLe9so4KPh8qdWjkW
5xaeA0ksC52M8ERByZOs/SdasKu07QG4
</Encrypted>
</CancelInfo>
<ManageInfo/>
<ReservedInfo>
<MReserved1 urlencode="1"/>
<MReserved2 urlencode="1"/>
<MReserved3 urlencode="1"/>
</ReservedInfo>
</INIpay>
2SMul+gPuWbddxr/aDjcvXZAvCu2gu+OinFUUGRRIhHqwJUeqOMY3sugHZnW5fLS
3vIqMaxDy+lxLTEVjlps3HOg0i9QHA/czmBX8oPFYfORAMfcWmn7ASJ46QRiCZgp
dKCdUhpsYWwxX1+XeFXadDa2Q/rqnvo+7taIxIGg+6c=
]
INFO	[2021-06-23 11:25:32:865] <3088> VERIFY OK
INFO	[2021-06-23 11:25:32:865] <3088> PARSE HEAD OK
INFO	[2021-06-23 11:25:32:865] <3088> PARSE BODY OK
INFO	[2021-06-23 11:25:32:866] <3088> DECRYPT OK
DEBUG	[2021-06-23 11:25:32:866] <3088> DECRYPT MSG:[<?xml version="1.0" encoding="UTF-8"?><CancelInfo>
<CancelDate>20210623</CancelDate>
<CancelTime>112533</CancelTime>
<ResultCode>120000</ResultCode>
<ResultMsg urlencode="1">%C1%A4%BB%F3%C3%B3%B8%AE%B5%C7%BE%FA%BD%C0%B4%CF%B4%D9.</ResultMsg>
</CancelInfo>]
INFO	[2021-06-23 11:25:32:866] <3088> DECRYPT PARSE OK
INFO	[2021-06-23 11:25:32:866] <3088> END cancel 정상처리되었습니다. Laptime:[0.877sec]
INFO	[2021-06-23 11:25:32:866] <3088> ===============================================================
INFO	[2021-06-23 14:50:23:59] <3109> START INIPHP cancel (V5036-141209)(OS:Linux2.6.32-754.11.1.el6.x86_64,PHP:5.3.3)
DEBUG	[2021-06-23 14:50:23:59] <3109> inipayhome:/home1/killdeal/public_html/shop/inicis
DEBUG	[2021-06-23 14:50:23:59] <3109> debug:false
DEBUG	[2021-06-23 14:50:23:59] <3109> type:cancel
DEBUG	[2021-06-23 14:50:23:59] <3109> mid:fourseason
DEBUG	[2021-06-23 14:50:23:59] <3109> admin:1111
DEBUG	[2021-06-23 14:50:23:59] <3109> tid:StdpayCARDfourseason20210612103710772655
DEBUG	[2021-06-23 14:50:23:59] <3109> cancelmsg:쇼핑몰 운영자 승인 취소
INFO	[2021-06-23 14:50:23:59] <3109> Check Field OK
INFO	[2021-06-23 14:50:23:59] <3109> PI PUB KEY LOAD OK []
INFO	[2021-06-23 14:50:23:59] <3109> PG PUB KEY LOAD OK [30]
INFO	[2021-06-23 14:50:23:59] <3109> MERCHANT PRIV KEY LOAD OK
INFO	[2021-06-23 14:50:23:59] <3109> MERCHANT PUB KEY LOAD OK [0]
DEBUG	[2021-06-23 14:50:23:60] <3109> MAKE ENCRYPT OK[<?xml version="1.0" encoding="UTF-8"?>
<CancelInfo>
	  <CancelTID>StdpayCARDfourseason20210612103710772655</CancelTID>
	  <CancelMsg urlencode="1">%BC%EE%C7%CE%B8%F4+%BF%EE%BF%B5%C0%DA+%BD%C2%C0%CE+%C3%EB%BC%D2</CancelMsg>
	  <CancelReason/></CancelInfo>]
INFO	[2021-06-23 14:50:23:60] <3109> MAKE BODY OK
INFO	[2021-06-23 14:50:23:60] <3109> SIGN OK
INFO	[2021-06-23 14:50:23:61] <3109> MAKE HEAD OK
INFO	[2021-06-23 14:50:23:61] <3109> MSG_TO_PG:[0096200175D SHA1                   0                                      300420fourseason                    StdpayCARDfourseason20210612103710772655<?xml version="1.0" encoding="UTF-8"?>
<INIpay>
	  <CancelInfo>
	    <SessionKey>Cyqhdy1ZBZ0iyhbojVDYRB29K7uLSDhDli5ZXR4ILLybAsz1okV30w8Ti/z7VPaa
MTShgiVwNoo0qKlvWLLEEwzn5VlDp+7Z37ja9Z1D4M+X4+VekZEWKnqbX9NkqlbE
kzUhqXXqoIhzKNVN8bfgwo3NPL1WUpv2GgSXoWxa1j4QXwZs2QVtgQ==
</SessionKey>
	    <Encrypted>+KyUSRQF0A2F/vqhPl9B9hKeJHtS7XNXd0nqE9gvtxmZ6u7RXsiNsBwYlF4gaBz4
LcSFaqyNCBhmlUCTtJ+/dl+YKatgfsp42Fb9b/x7PI/Rn+Olqy5lFZfJNghfAv3w
1ZbxHL2CLpXrlSEMyGZNoB1YsmjIukcYMTHfhkjTYMyuXY7w51Lr8mXPMwo/tj8H
GbgUv64NtnxAyFAk97Pjcui1lMvRL9Zq9qL5Rfqb6s2WxUsEgiAyexqdah8qEE8A
84I3PjFRr8i9kLlBUFyn/y+sjAuG1tlu5RJs+L/Mw7U2VWs7AmjDScqt72ycE1i1
2msv3TBHHmTaRBCuFWnbsQ==
</Encrypted></CancelInfo>
	  <ReservedInfo>
	    <MReserved1/>
	    <MReserved2/>
	    <MReserved3/></ReservedInfo>
	  <ManageInfo>
	    <Language/>
	    <URL/>
	    <TXVersion>5036B141209canceLinux     PHPchkfake   2.6.32-754.11.1.el6.x86_64PHP:</TXVersion>
	    <TXUserID/>
	    <TXRegNum/></ManageInfo></INIpay>AKTxU6Te2RSW/4JAjmX56uNJbJVYicEnAJqEPhXU7+v5U/w0xTzR6NScctnP6r2C
5PibqfQ0O3szSxrQe5TH90xn5FjatuA04ycG34QC1aqPgB7m+EuDH+6W4syXgfuy
ZvD6S+Mq2UyIaE2idP8lAfiaS4AdeWtAkTpw/O2loRbr
]
INFO	[2021-06-23 14:50:23:61] <3109> DNS LOOKUP OK(203.238.37.3:203.238.37.3:34049) laptime:0
INFO	[2021-06-23 14:50:23:63] <3109> SOCKET CONNECT OK
INFO	[2021-06-23 14:50:23:64] <3109> SEND OK
INFO	[2021-06-23 14:50:23:541] <3109> RECV OK
INFO	[2021-06-23 14:50:23:541] <3109> MSG_FROM_PG:[0093300175D SHA1                   0                                      300430fourseason                    StdpayCARDfourseason20210612103710772655<?xml version="1.0" encoding="UTF-8"?><INIpay>
<CancelInfo>
<ResultCode>120000</ResultCode>
<ResultMsg urlencode="1">%C1%A4%BB%F3%C3%B3%B8%AE%B5%C7%BE%FA%BD%C0%B4%CF%B4%D9.</ResultMsg>
<SessionKey>AMbYcj9JisuCTK/EUQ/EKC0LrGeksKfuBANHaSvDUOsR30o5DTVAed04YjwlpgXm
mdX5ZOPL04rqJqtpNU+KLluNmuNV67FrVnMBADMrQggp0mu8zXZErVTVcP1bC1sJ
TIG43W6xJKVs/yunxQUWrm6cJTCJ+ZZz000YJ2d/TFmCeAbNn75erdk=
</SessionKey>
<Encrypted>7jp24QKlkBRT2C1svA5AlyzOJrcXAA/TGPnI8dbOPESPD+n/914JYZN3Y1pj4dlB
lwyxDW5beEuLI1uXz07vJX2WpOHA3R9+JAEPCh82w8s9zA7Xq+altLAKAXkv1fK9
OPMOLaNa6L/O1hL/NMj0uBS6TUhkXPswYMgjDRb7dzIRKmP099b6zd3eXynJFB3q
EDbLCi/Q03zJC4+/oQ4MLxfKDU5VzCvrwGZ+HFPfiQ5lpj/nraNMmAd9mCKqLzKt
YJnfOWFMwr0S5T/LwkPBGwkK2Qc2z1Ul6CqRios/ntqQKpKi4ignqBqrK9qzIawX
u2G/jKmSlN/15Nm9LIJyGTfci+bs+2AQ
</Encrypted>
</CancelInfo>
<ManageInfo/>
<ReservedInfo>
<MReserved1 urlencode="1"/>
<MReserved2 urlencode="1"/>
<MReserved3 urlencode="1"/>
</ReservedInfo>
</INIpay>
q3i2whg7bWHKy2+NznkUrQPasLBcEAVaanGxhqbdg+n1+8E7rBs8qVnnd5rHpmZf
jokB1njYLdXkYGN7jNkxRoL4TUutKHcQDjnYRZyMdY+47LDsYuO7j6rMYRfvJEeM
GxD1xFW92s0aoNkYDqKQ8AJ16xtgRCeaWn1/Pu0HKOM=
]
INFO	[2021-06-23 14:50:23:541] <3109> VERIFY OK
INFO	[2021-06-23 14:50:23:541] <3109> PARSE HEAD OK
INFO	[2021-06-23 14:50:23:542] <3109> PARSE BODY OK
INFO	[2021-06-23 14:50:23:542] <3109> DECRYPT OK
DEBUG	[2021-06-23 14:50:23:542] <3109> DECRYPT MSG:[<?xml version="1.0" encoding="UTF-8"?><CancelInfo>
<CancelDate>20210623</CancelDate>
<CancelTime>145024</CancelTime>
<ResultCode>120000</ResultCode>
<ResultMsg urlencode="1">%C1%A4%BB%F3%C3%B3%B8%AE%B5%C7%BE%FA%BD%C0%B4%CF%B4%D9.</ResultMsg>
</CancelInfo>]
INFO	[2021-06-23 14:50:23:542] <3109> DECRYPT PARSE OK
INFO	[2021-06-23 14:50:23:542] <3109> END cancel 정상처리되었습니다. Laptime:[0.484sec]
INFO	[2021-06-23 14:50:23:542] <3109> ===============================================================
