INFO	[2023-11-01 13:00:07:354] <15799> START INIPHP cancel (V5036-141209)(OS:Linux2.6.32-754.11.1.el6.x86_64,PHP:5.3.3)
DEBUG	[2023-11-01 13:00:07:354] <15799> inipayhome:/home1/killdeal/public_html/shop/inicis
DEBUG	[2023-11-01 13:00:07:354] <15799> debug:false
DEBUG	[2023-11-01 13:00:07:354] <15799> type:cancel
DEBUG	[2023-11-01 13:00:07:354] <15799> mid:fourseason
DEBUG	[2023-11-01 13:00:07:354] <15799> admin:1111
DEBUG	[2023-11-01 13:00:07:354] <15799> tid:INIMX_CARDfourseason20231023204544485601
DEBUG	[2023-11-01 13:00:07:354] <15799> cancelmsg:쇼핑몰 운영자 승인 취소
INFO	[2023-11-01 13:00:07:354] <15799> Check Field OK
INFO	[2023-11-01 13:00:07:354] <15799> PI PUB KEY LOAD OK []
INFO	[2023-11-01 13:00:07:355] <15799> PG PUB KEY LOAD OK [30]
INFO	[2023-11-01 13:00:07:355] <15799> MERCHANT PRIV KEY LOAD OK
INFO	[2023-11-01 13:00:07:355] <15799> MERCHANT PUB KEY LOAD OK [0]
DEBUG	[2023-11-01 13:00:07:356] <15799> MAKE ENCRYPT OK[<?xml version="1.0" encoding="UTF-8"?>
<CancelInfo>
	  <CancelTID>INIMX_CARDfourseason20231023204544485601</CancelTID>
	  <CancelMsg urlencode="1">%BC%EE%C7%CE%B8%F4+%BF%EE%BF%B5%C0%DA+%BD%C2%C0%CE+%C3%EB%BC%D2</CancelMsg>
	  <CancelReason/></CancelInfo>]
INFO	[2023-11-01 13:00:07:356] <15799> MAKE BODY OK
INFO	[2023-11-01 13:00:07:357] <15799> SIGN OK
INFO	[2023-11-01 13:00:07:357] <15799> MAKE HEAD OK
INFO	[2023-11-01 13:00:07:357] <15799> MSG_TO_PG:[0096200175D SHA1                   0                                      300420fourseason                    INIMX_CARDfourseason20231023204544485601<?xml version="1.0" encoding="UTF-8"?>
<INIpay>
	  <CancelInfo>
	    <SessionKey>rAzmwISJVz0kSsDCeNIHmagh7tuk+WGXiJ+hZOeI3XKPowQw6OF/oW5EwfM2IvqO
Ze8K9hqhqmxkntq+0edjLZsJxS77CbczLzqRHxo9S0uH65rAT+B4+vaTqugishfy
QG75UJx1O+RhKuv44JRC72fwBY1Y81njJ5cU+H/FhkUNpWjId4mszQ==
</SessionKey>
	    <Encrypted>BQNMK18aLoDLaG95SLJTQWftMLi0+wY5EO8bWICN4uZTrBxK3mLc4OqbMXNoAr81
9iEC0KbilYlqbcUdOTHbhNsWanpXzMnpcEUwbfFaKyc/EUzrADXGmlwnEJZet4ks
zLVBPEuIROTZ72naH3OybJ+VPEOcerNqoQN9taqO33GfXWI4IW0SJ77p22zAm5OP
S6sYIOt7HJuVnjhELixwm1ytKawGeT80sGiwt0lMiGSSWJYVVvJRiFq/ogUP1sWt
6pDpJaeGXShb4xw5xhLajPm3SL+RvAr/66USc5uUFKNT0Yr8d126ehQNoatD0Wdc
OM1C7ftQDQJgHcQCfl2QNg==
</Encrypted></CancelInfo>
	  <ReservedInfo>
	    <MReserved1/>
	    <MReserved2/>
	    <MReserved3/></ReservedInfo>
	  <ManageInfo>
	    <Language/>
	    <URL/>
	    <TXVersion>5036B141209canceLinux     PHPchkfake   2.6.32-754.11.1.el6.x86_64PHP:</TXVersion>
	    <TXUserID/>
	    <TXRegNum/></ManageInfo></INIpay>AJjJdOWKVosG/r7uz+YAIwy0GLDPCdmWMycyiAGYo/fXYgj0b0yPuTT8KIHIGSsh
TWk+nqHD59emUAtI4xMMpL1Tms/1Ssjus1gXz16sJuH0Zz+pAfiUmBceJUUmyrK+
TNhaQm5BkeodRw6wntgutZNM+OmX2DivO02a782CgfRW
]
INFO	[2023-11-01 13:00:07:357] <15799> DNS LOOKUP OK(203.238.37.3:203.238.37.3:34049) laptime:0
INFO	[2023-11-01 13:00:07:359] <15799> SOCKET CONNECT OK
INFO	[2023-11-01 13:00:07:359] <15799> SEND OK
INFO	[2023-11-01 13:00:07:540] <15799> RECV OK
INFO	[2023-11-01 13:00:07:540] <15799> MSG_FROM_PG:[0093300175D SHA1                   0                                      300430fourseason                    INIMX_CARDfourseason20231023204544485601<?xml version="1.0" encoding="UTF-8"?><INIpay>
<CancelInfo>
<ResultCode>120000</ResultCode>
<ResultMsg urlencode="1">%C1%A4%BB%F3%C3%B3%B8%AE%B5%C7%BE%FA%BD%C0%B4%CF%B4%D9.</ResultMsg>
<SessionKey>ALN28HIKcUHhE1iJCE7cRXTqxnXb/sOJquqhUhmKr5zKsudHAVSjGmbPchnBaof+
AHSnpD1FOQjh5WgRs9YYLIH5fNl1wcvFkK5QyPFBv8RBhwxH4WQbm88tZ4DB8bwy
Vz1kmawgwhS6dXjr1pWWQDBlyJ19WjaWGysECv6gDRxfoI0nnA8Nrc4=
</SessionKey>
<Encrypted>4BUWcvXt5f1BrX6xoj/S7N4nfeTv5yBazP1uSCsztNuKNrQH9b91eVhb+PxVnl8p
NGskb1DV8h0VVqye+L/clMDMX11Em6Bf8CGWBcNwaj9JMcUAvqWCCmxexQksYrO8
K7LoJmgF8XnFY1NzFsJiGGcLweXbK/Xgwnf/cZab6Fp6zF2AqIs2Eqduvry+/7I5
EI1xtdv94zPqGU0IG/U5HH/+1SPiZIAUsw0+/ts649+KDwsQzQCZWIiZaJ952lls
0u4Xt80BKTdI9P6jc3Dr3sYj+jDs4JdwoG2wqD+E2EuJRBiSHEvhvVMgQblpcg1P
zSN+BFJrN+Bm1yi3ODnLNN0FZO8EmNdP
</Encrypted>
</CancelInfo>
<ManageInfo/>
<ReservedInfo>
<MReserved1 urlencode="1"/>
<MReserved2 urlencode="1"/>
<MReserved3 urlencode="1"/>
</ReservedInfo>
</INIpay>
YCaJ3OF2uGA6+WBzFRflwIsDi8byWcb1nsDBbAKP4BNXBYiMCoWzRH5wRa0h5fxe
mHctffZCF5/9fIrHu1Ioog8n5fIaPZe/GFigxZ90OhDgqSYWN48K4seZK/5mOE9z
77KfDVS+rpntjombtwGt4smJM6vDJQkBRJITEl9XfBc=
]
INFO	[2023-11-01 13:00:07:540] <15799> VERIFY OK
INFO	[2023-11-01 13:00:07:540] <15799> PARSE HEAD OK
INFO	[2023-11-01 13:00:07:540] <15799> PARSE BODY OK
INFO	[2023-11-01 13:00:07:541] <15799> DECRYPT OK
DEBUG	[2023-11-01 13:00:07:541] <15799> DECRYPT MSG:[<?xml version="1.0" encoding="UTF-8"?><CancelInfo>
<CancelDate>20231101</CancelDate>
<CancelTime>130008</CancelTime>
<ResultCode>120000</ResultCode>
<ResultMsg urlencode="1">%C1%A4%BB%F3%C3%B3%B8%AE%B5%C7%BE%FA%BD%C0%B4%CF%B4%D9.</ResultMsg>
</CancelInfo>]
INFO	[2023-11-01 13:00:07:541] <15799> DECRYPT PARSE OK
INFO	[2023-11-01 13:00:07:541] <15799> END cancel 정상처리되었습니다. Laptime:[0.187sec]
INFO	[2023-11-01 13:00:07:541] <15799> ===============================================================
