INFO	[2021-05-27 12:23:26:20] <20520> START INIPHP cancel (V5036-141209)(OS:Linux2.6.32-754.11.1.el6.x86_64,PHP:5.3.3)
DEBUG	[2021-05-27 12:23:26:20] <20520> inipayhome:/home1/killdeal/public_html/shop/inicis
DEBUG	[2021-05-27 12:23:26:20] <20520> debug:false
DEBUG	[2021-05-27 12:23:26:20] <20520> type:cancel
DEBUG	[2021-05-27 12:23:26:20] <20520> mid:majorgol03
DEBUG	[2021-05-27 12:23:26:20] <20520> admin:1111
DEBUG	[2021-05-27 12:23:26:20] <20520> tid:INIMX_ISP_majorgol0320210527122222504737
DEBUG	[2021-05-27 12:23:26:20] <20520> cancelmsg:주문자 본인 취소-상품옵션 선택 잘못함
INFO	[2021-05-27 12:23:26:20] <20520> Check Field OK
INFO	[2021-05-27 12:23:26:20] <20520> PI PUB KEY LOAD OK []
INFO	[2021-05-27 12:23:26:21] <20520> PG PUB KEY LOAD OK [30]
INFO	[2021-05-27 12:23:26:21] <20520> MERCHANT PRIV KEY LOAD OK
INFO	[2021-05-27 12:23:26:21] <20520> MERCHANT PUB KEY LOAD OK [0]
DEBUG	[2021-05-27 12:23:26:22] <20520> MAKE ENCRYPT OK[<?xml version="1.0" encoding="UTF-8"?>
<CancelInfo>
	  <CancelTID>INIMX_ISP_majorgol0320210527122222504737</CancelTID>
	  <CancelMsg urlencode="1">%C1%D6%B9%AE%C0%DA+%BA%BB%C0%CE+%C3%EB%BC%D2-%BB%F3%C7%B0%BF%C9%BC%C7+%BC%B1%C5%C3+%C0%DF%B8%F8%C7%D4</CancelMsg>
	  <CancelReason/></CancelInfo>]
INFO	[2021-05-27 12:23:26:22] <20520> MAKE BODY OK
INFO	[2021-05-27 12:23:26:22] <20520> SIGN OK
INFO	[2021-05-27 12:23:26:23] <20520> MAKE HEAD OK
INFO	[2021-05-27 12:23:26:23] <20520> MSG_TO_PG:[0101500175D SHA1                   0                                      300420majorgol03                    INIMX_ISP_majorgol0320210527122222504737<?xml version="1.0" encoding="UTF-8"?>
<INIpay>
	  <CancelInfo>
	    <SessionKey>K0OtA7gVuXS5XH9qWYxN5tdtdEW8dDI66027UvEEajvSorF3Y5//LTqfccKCbEgI
uJckLE9MPLJGg3OD627xu5ydEXdGTsES2zsHqAWnPTDEGDvcEseyHq2UjqsmAcwa
OlCR/qEnXKtcvlhGo5X00iT2rrV79oUuuxdVx8fi0QODZLGX2miiYQ==
</SessionKey>
	    <Encrypted>mv0yT9nhz6+wEs7wOR1TYGzGXNb47VQn6MplNZGrtnXhLP3aV1SUieDtXJapw0BI
MI+DB2aA3KMpeC+6sydls/JqIE3A8KYr+91IRoafk6kF2BsBqkRRaOA+EyTIf4Ro
aBWaFfwbbzq5BIWhXU3rbOjXViI5123rH8Arqh+T55jON1XGJCY47u9HcdY8KkL0
E60FhIDjzlOn1xUc7DtFOQKPUQDxK1Eu1UH3J43J9fJlhX4rz4Hp2XRHYA7MKK8l
HiO9K45hrMDQ6I0DthS3W0qgJUIo/GrbHYQYchGFdB8a+rsMQYQF3obbPToXl9WH
WSyRvuMms9Lktly0cnuWRhhc10NLw17asVnuMV7IIIlW/3bXT5DPy4patQjffqAS
iMMUWp1AMFs=
</Encrypted></CancelInfo>
	  <ReservedInfo>
	    <MReserved1/>
	    <MReserved2/>
	    <MReserved3/></ReservedInfo>
	  <ManageInfo>
	    <Language/>
	    <URL/>
	    <TXVersion>5036B141209canceLinux     PHPchkfake   2.6.32-754.11.1.el6.x86_64PHP:</TXVersion>
	    <TXUserID/>
	    <TXRegNum/></ManageInfo></INIpay>AFv7qR6pBjqISWH3znNIKvZTjSdfoQdoQRN6wJVhTholE81fps1RQKqEXjcSiW6k
1qhasoNB4crZr66u6s1um4wh/B/WAdlnVm/YgVd4EkcQPkU6ubRTTZeBDHXa63Lv
fPacwfB9fnsXZyD5P6Bk8M9umNyG9+Mt9dCJlcjAadW/
]
INFO	[2021-05-27 12:23:26:23] <20520> DNS LOOKUP OK(203.238.37.3:203.238.37.3:34049) laptime:0
INFO	[2021-05-27 12:23:26:25] <20520> SOCKET CONNECT OK
INFO	[2021-05-27 12:23:26:25] <20520> SEND OK
INFO	[2021-05-27 12:23:26:521] <20520> RECV OK
INFO	[2021-05-27 12:23:26:521] <20520> MSG_FROM_PG:[0086100175D SHA1                   0                                      300430majorgol03                    INIMX_ISP_majorgol0320210527122222504737<?xml version="1.0" encoding="UTF-8"?><INIpay>
<CancelInfo>
<ResultCode>170000</ResultCode>
<ResultMsg urlencode="1">%C1%A4%BB%F3%BF%CF%B7%E1</ResultMsg>
<SessionKey>ASFULwL4AQV5i2uwd9Zx0xt28W6uX6DPsdJwnXV6pcaXG81W7x07pteOVkf7/qvG
9csu+qKvHHxDSKJwef1Qv9EOocTJPoM5yA00xbc3VIxOp1mKYVS++zt6OLm8dhi7
q6U33AUG026e2dC6D/GNLRDuOyIQVHzTAYwBL70MMgsGdbIuTE7nzN8=
</SessionKey>
<Encrypted>cNJTlfOfaVem6h7336KQvBVpD0/Kb9jk/AAYPMi1V9TWIHihgIUYlfMq+8aIfDPn
AS51bGwyjzqFSe0b3WTd+DjKzLYy5MPkho3LodAye3Pgwdvoux3VbIuMUcPzNR3h
UiBMEuVt7pAhmWs3DuBFHArLBTO0KrDfrNe12YusB/FkEprhoEYTt06T0daXURP5
rfwDFcSlCQtOjygjCJ9LgRCiKNrCl7wGPNDCVaNEy2onFRqhMqGktAXEcx6AkeMP
CfKuSZMlBAhrQvE3oZzzmoMdFqcURfRNuvHRuTbljXi1u1A0Lsi39w==
</Encrypted>
</CancelInfo>
<ManageInfo/>
<ReservedInfo>
<MReserved1 urlencode="1"/>
<MReserved2 urlencode="1"/>
<MReserved3 urlencode="1"/>
</ReservedInfo>
</INIpay>
MYtgwXJO2qfHjUBvdN5kiBPopkPBxvtjbjd47hoIbk9C0ME9bvnhkQyjJ++olVqn
0pMsj3fiC5DgQlxE8xRtY9sWAlTN+mP4szj0IsrKfaR6pU+UfW4E1DpyDfatYj4L
WLb+PLJlkZKFugrMCXMT0R729nCaXJgBm/fj0N1YzQc=
]
INFO	[2021-05-27 12:23:26:521] <20520> VERIFY OK
INFO	[2021-05-27 12:23:26:521] <20520> PARSE HEAD OK
INFO	[2021-05-27 12:23:26:521] <20520> PARSE BODY OK
INFO	[2021-05-27 12:23:26:522] <20520> DECRYPT OK
DEBUG	[2021-05-27 12:23:26:522] <20520> DECRYPT MSG:[<?xml version="1.0" encoding="UTF-8"?><CancelInfo>
<CancelDate>20210527</CancelDate>
<CancelTime>122326</CancelTime>
<ResultCode>170000</ResultCode>
<ResultMsg urlencode="1">%C1%A4%BB%F3%BF%CF%B7%E1</ResultMsg>
</CancelInfo>]
INFO	[2021-05-27 12:23:26:522] <20520> DECRYPT PARSE OK
INFO	[2021-05-27 12:23:26:522] <20520> END cancel 정상완료 Laptime:[0.502sec]
INFO	[2021-05-27 12:23:26:522] <20520> ===============================================================
INFO	[2021-05-27 21:58:27:554] <16090> START INIPHP cancel (V5036-141209)(OS:Linux2.6.32-754.11.1.el6.x86_64,PHP:5.3.3)
DEBUG	[2021-05-27 21:58:27:555] <16090> inipayhome:/home1/killdeal/public_html/shop/inicis
DEBUG	[2021-05-27 21:58:27:555] <16090> debug:false
DEBUG	[2021-05-27 21:58:27:555] <16090> type:cancel
DEBUG	[2021-05-27 21:58:27:555] <16090> mid:majorgol03
DEBUG	[2021-05-27 21:58:27:555] <16090> admin:1111
DEBUG	[2021-05-27 21:58:27:555] <16090> tid:StdpayVBNKmajorgol0320210527160246046306
DEBUG	[2021-05-27 21:58:27:555] <16090> cancelmsg:주문자 본인 취소-구매의사 없음
INFO	[2021-05-27 21:58:27:555] <16090> Check Field OK
INFO	[2021-05-27 21:58:27:555] <16090> PI PUB KEY LOAD OK []
INFO	[2021-05-27 21:58:27:555] <16090> PG PUB KEY LOAD OK [30]
INFO	[2021-05-27 21:58:27:555] <16090> MERCHANT PRIV KEY LOAD OK
INFO	[2021-05-27 21:58:27:555] <16090> MERCHANT PUB KEY LOAD OK [0]
DEBUG	[2021-05-27 21:58:27:555] <16090> MAKE ENCRYPT OK[<?xml version="1.0" encoding="UTF-8"?>
<CancelInfo>
	  <CancelTID>StdpayVBNKmajorgol0320210527160246046306</CancelTID>
	  <CancelMsg urlencode="1">%C1%D6%B9%AE%C0%DA+%BA%BB%C0%CE+%C3%EB%BC%D2-%B1%B8%B8%C5%C0%C7%BB%E7+%BE%F8%C0%BD</CancelMsg>
	  <CancelReason/></CancelInfo>]
INFO	[2021-05-27 21:58:27:556] <16090> MAKE BODY OK
INFO	[2021-05-27 21:58:27:556] <16090> SIGN OK
INFO	[2021-05-27 21:58:27:556] <16090> MAKE HEAD OK
INFO	[2021-05-27 21:58:27:556] <16090> MSG_TO_PG:[0099400175D SHA1                   0                                      300420majorgol03                    StdpayVBNKmajorgol0320210527160246046306<?xml version="1.0" encoding="UTF-8"?>
<INIpay>
	  <CancelInfo>
	    <SessionKey>CBgWIVmJUQIOpDSulEHF6RZrAoz7hhsQiebFOtNom3LhyAcuPAupxLEAnk4TLaTJ
HcbVUJ9z4c98QRvqDD+09FbSwdoyZ798LD2wJxANfsuT3ONpeYmV5WCKP0Rkjyu+
NWnV3xyZJoF2GkP4BKjKSmlX9jzxwanbTJWyHbQI6Oh4APy7LMXKdQ==
</SessionKey>
	    <Encrypted>gGMajJfOy20ZIbuQ5WLIWmo/YHZ08FBL49cv6xoAQKbOhQ49NZZjiDtSk+/L4lnC
Po/d/QGlZk9iMJZDXjDFdDWHDoAYBBEyK4pKbNTt4AxMhi2i6T3nd4cybpqrtYMN
zCe/jUFOAgf6zHn7CWI6zczZOMJsz1eTK2ZmhVXW/3eYgif81HFun+ff3k1kvltF
M1IT8KjqpEqUHLd9yX6vACkUKf35k8WMfmoux/y6txwVlKTWT8E/vAmNx4et/LTl
tuRW8cp9z30hkebOMLIvM0u2r3CG77uxHdaqUiMHuVAOFC6I0Qtqp2GezYsd8do7
ICwdUFRItXOsUUIJT054ELjIHoIzqx/oXRzx9euN38R9O1peps7n/g==
</Encrypted></CancelInfo>
	  <ReservedInfo>
	    <MReserved1/>
	    <MReserved2/>
	    <MReserved3/></ReservedInfo>
	  <ManageInfo>
	    <Language/>
	    <URL/>
	    <TXVersion>5036B141209canceLinux     PHPchkfake   2.6.32-754.11.1.el6.x86_64PHP:</TXVersion>
	    <TXUserID/>
	    <TXRegNum/></ManageInfo></INIpay>AIX/4JRk5LxSVGp36NI3h0uSV4mO17DWAaLUR5UCBLBTfu6jOSNseJqpYQFAAhur
lfB7LrZvXqNqSchGfkqPHM+x63q90xnjOkKNjSlBJ9/9XzdVDi7WyCcDClSEs+sN
4mPgwTmRsZl9RTWj9y3Twzmww4R6cEkN/ivsvCP/TrvU
]
INFO	[2021-05-27 21:58:27:556] <16090> DNS LOOKUP OK(203.238.37.3:203.238.37.3:34049) laptime:0
INFO	[2021-05-27 21:58:27:559] <16090> SOCKET CONNECT OK
INFO	[2021-05-27 21:58:27:559] <16090> SEND OK
INFO	[2021-05-27 21:58:27:652] <16090> RECV OK
INFO	[2021-05-27 21:58:27:653] <16090> MSG_FROM_PG:[0081500175D SHA1                   0                                      300430majorgol03                    StdpayVBNKmajorgol0320210527160246046306<?xml version="1.0" encoding="UTF-8"?><INIpay>
<CancelInfo>
<ResultCode>504628</ResultCode>
<ResultMsg urlencode="1">%C3%EB%BC%D2%BA%D2%B0%A1%B4%C9+%B0%C5%B7%A1</ResultMsg>
<SessionKey>AEjpI8d5M/n0S1gqOrLwAr5XNDszUdVkJnC7gRyEhDf8Xk/bxYK6PbrtKQmYd3gU
Q1bzfwOSoGxjZ0Gh/NO0rIFWHR7N1hlce6TYEJm2u6MuZk/ZiIlHFdjqEKCkhWbh
3ke46K6WSpyb4yXpUGzbma/1CSdrXNQu4xs4cRn7mK/kexIXLzRKX1o=
</SessionKey>
<Encrypted>PCwJP2Fc0ddadZqUBxLj+5iSkxly4vss5HgNrAHkWONtq3FD+4Lw5AOkpSG9f+1+
ZfHLD0qhzeRYWfhapiT+mV9y9bKXlfVQN2X4Or2C+fraeZlgs2zz0Yb+frK9/vwZ
Cws65A3GnPq693LcFNbqcShIpIDxNn2v/xqlqrFu0DjS+K2pmdB+yDiwYkuIjteb
RBXQHwJTASWBvjoZJhCyaEtil11eYQTyZbr+p0MiTmZoEgFmhCkE4w==
</Encrypted>
</CancelInfo>
<ManageInfo/>
<ReservedInfo>
<MReserved1 urlencode="1"/>
<MReserved2 urlencode="1"/>
<MReserved3 urlencode="1"/>
</ReservedInfo>
</INIpay>
XDGYyLAYxjFElI2zYm6u5U+mK79oxkVAFibrivr0sjE8u8GH+mKMICJZj47tHHMn
J4/OLj9hb3sytPRKbsW6IQgXwYbgZYnCXjcTHGQoaZl2CiDX11E5PUZCqA0t9Kzf
6uIEb2O5plPnSAt/lnr28za2FGFfWsW0mtanXJ3vq0M=
]
INFO	[2021-05-27 21:58:27:653] <16090> VERIFY OK
INFO	[2021-05-27 21:58:27:653] <16090> PARSE HEAD OK
INFO	[2021-05-27 21:58:27:653] <16090> PARSE BODY OK
INFO	[2021-05-27 21:58:27:654] <16090> DECRYPT OK
DEBUG	[2021-05-27 21:58:27:654] <16090> DECRYPT MSG:[<?xml version="1.0" encoding="UTF-8"?><CancelInfo>
<ResultCode>504628</ResultCode>
<ResultMsg urlencode="1">%C3%EB%BC%D2%BA%D2%B0%A1%B4%C9+%B0%C5%B7%A1</ResultMsg>
</CancelInfo>]
INFO	[2021-05-27 21:58:27:654] <16090> DECRYPT PARSE OK
INFO	[2021-05-27 21:58:27:654] <16090> END cancel [504628|취소불가능 거래] Laptime:[0.1sec]
INFO	[2021-05-27 21:58:27:654] <16090> ===============================================================
INFO	[2021-05-27 21:58:39:135] <20498> START INIPHP cancel (V5036-141209)(OS:Linux2.6.32-754.11.1.el6.x86_64,PHP:5.3.3)
DEBUG	[2021-05-27 21:58:39:135] <20498> inipayhome:/home1/killdeal/public_html/shop/inicis
DEBUG	[2021-05-27 21:58:39:135] <20498> debug:false
DEBUG	[2021-05-27 21:58:39:135] <20498> type:cancel
DEBUG	[2021-05-27 21:58:39:135] <20498> mid:majorgol03
DEBUG	[2021-05-27 21:58:39:135] <20498> admin:1111
DEBUG	[2021-05-27 21:58:39:135] <20498> tid:StdpayVBNKmajorgol0320210527160246046306
DEBUG	[2021-05-27 21:58:39:135] <20498> cancelmsg:주문자 본인 취소-구매의사 없음
INFO	[2021-05-27 21:58:39:135] <20498> Check Field OK
INFO	[2021-05-27 21:58:39:135] <20498> PI PUB KEY LOAD OK []
INFO	[2021-05-27 21:58:39:136] <20498> PG PUB KEY LOAD OK [30]
INFO	[2021-05-27 21:58:39:136] <20498> MERCHANT PRIV KEY LOAD OK
INFO	[2021-05-27 21:58:39:136] <20498> MERCHANT PUB KEY LOAD OK [0]
DEBUG	[2021-05-27 21:58:39:136] <20498> MAKE ENCRYPT OK[<?xml version="1.0" encoding="UTF-8"?>
<CancelInfo>
	  <CancelTID>StdpayVBNKmajorgol0320210527160246046306</CancelTID>
	  <CancelMsg urlencode="1">%C1%D6%B9%AE%C0%DA+%BA%BB%C0%CE+%C3%EB%BC%D2-%B1%B8%B8%C5%C0%C7%BB%E7+%BE%F8%C0%BD</CancelMsg>
	  <CancelReason/></CancelInfo>]
INFO	[2021-05-27 21:58:39:136] <20498> MAKE BODY OK
INFO	[2021-05-27 21:58:39:137] <20498> SIGN OK
INFO	[2021-05-27 21:58:39:137] <20498> MAKE HEAD OK
INFO	[2021-05-27 21:58:39:137] <20498> MSG_TO_PG:[0099400175D SHA1                   0                                      300420majorgol03                    StdpayVBNKmajorgol0320210527160246046306<?xml version="1.0" encoding="UTF-8"?>
<INIpay>
	  <CancelInfo>
	    <SessionKey>22v/IpI5vICRMnI/tlVVdkK61yCNnK03ZaDC1/gF0sU6tSJrbh9b01f5yEQDP1oh
W49vxoIIwwMhCYDKDiif5ea7ktRjMx7B6EVVmT8EqQUdfVvKCRxV/YgaEFh5Xl+Y
CNXiU7vqnvMClchfnCY0+TWvXmq9USilRASiWVcMvLrB4bsAbHQ6Ow==
</SessionKey>
	    <Encrypted>P78Qt8T1iemjvmoxGFszr7vUzqO+nn2+unmmsvqNmao0dmViOUxpgshUL/Gkik15
4SmgNwHQWCpD9DQwUT9DUvfEinHabuDxfCPac1cjaTc1qCIkh1L/EDWDZ6oCF4xq
ofPjRjtnSvQxZcdzgy9CadWInbBsLnwops+MzMnvfFlDv3iyZ2FkCnNaNpZ31wQf
wkzpqO8zufnIOVWs8s6Mv7XBeEt5NJCOhzJEIA9fQKzarUsaxDNdtnwPTkDlAkei
vYx80vxv0wmgDs6eTYrHU5m6DLG/LOZqU3QC/DfB819g4yvxQh71A0VfQP3AvR+u
dL/O2/JvSPiJ3nuNx6o+5vmBw0YOT151ngL5+975DaFvA2uC9A3Uxw==
</Encrypted></CancelInfo>
	  <ReservedInfo>
	    <MReserved1/>
	    <MReserved2/>
	    <MReserved3/></ReservedInfo>
	  <ManageInfo>
	    <Language/>
	    <URL/>
	    <TXVersion>5036B141209canceLinux     PHPchkfake   2.6.32-754.11.1.el6.x86_64PHP:</TXVersion>
	    <TXUserID/>
	    <TXRegNum/></ManageInfo></INIpay>AEyZXyzts+DcyELsYsmhOxNU3EAH1bK1IguSj1xlYMxAYoTchOy7RNoIGrj5YWM1
/Q5ePVz1MZoAdQMWXmXwv1jc6sPAxf7mit4pgJgCASR3ikEv6nj03ELN4YZN30ak
cWSTxIUrONfLxX2mLTEJWKxliuBkvw2ZNvbTjU/ScNPY
]
INFO	[2021-05-27 21:58:39:137] <20498> DNS LOOKUP OK(203.238.37.3:203.238.37.3:34049) laptime:0
INFO	[2021-05-27 21:58:39:139] <20498> SOCKET CONNECT OK
INFO	[2021-05-27 21:58:39:139] <20498> SEND OK
INFO	[2021-05-27 21:58:39:211] <20498> RECV OK
INFO	[2021-05-27 21:58:39:211] <20498> MSG_FROM_PG:[0081500175D SHA1                   0                                      300430majorgol03                    StdpayVBNKmajorgol0320210527160246046306<?xml version="1.0" encoding="UTF-8"?><INIpay>
<CancelInfo>
<ResultCode>504628</ResultCode>
<ResultMsg urlencode="1">%C3%EB%BC%D2%BA%D2%B0%A1%B4%C9+%B0%C5%B7%A1</ResultMsg>
<SessionKey>ABMU8mr30Dq6m6dddrNXFCcbXzyGuDutnHhOYqgpXJl8sF0SzLpGZKUBANYkKuSl
pBTbXjebCTzPlAorq56eo/9zUMpgS7MTdJNce2sejSsUJ/f4LMbXIyEN/VeDuv8K
AIZhq24fWwk/+pH3qkqqxaNO/LgR15bWicYrMVX6Kc5FoAmsBunX0Es=
</SessionKey>
<Encrypted>gNzp/VcWZgzfIG7Vq5b8sO7Omcfj2DPlo2mlGgiNKT/eaFzWtlXLZymmZq4Vhxmz
qW9NmvC73N8X70gGkiK2NgSiPCSjF0Vg4fKIf76mobcZvHRa9N5++ie7ZH5WE796
6DNt+xGr8mwULEfy+9EgGi3FAYr6FNyhDcvOYOJ4/Fk5vdtdgg0/YBH7u10ZvTcz
3aYISjMBMieDLGqxthEhv6iT0aZNiXKcYXvAkrhy7bNgajVKMsQpMg==
</Encrypted>
</CancelInfo>
<ManageInfo/>
<ReservedInfo>
<MReserved1 urlencode="1"/>
<MReserved2 urlencode="1"/>
<MReserved3 urlencode="1"/>
</ReservedInfo>
</INIpay>
ilFIyYIi+xIzqaixxYbqwv5rpj24/8T6VCwrpThM9bY4cSV4g1DrjBI7Lg0VAywk
D+DTYjrBsF5EePEvs5gqE6c2opKr3ToDOoKr+63U60ABQ5qCTvGr/0dbsB1m1Fsj
WkdzIG7XDLAsa6lau02QGyxQh4YUHDesfjG/TlZ9Pxo=
]
INFO	[2021-05-27 21:58:39:211] <20498> VERIFY OK
INFO	[2021-05-27 21:58:39:211] <20498> PARSE HEAD OK
INFO	[2021-05-27 21:58:39:211] <20498> PARSE BODY OK
INFO	[2021-05-27 21:58:39:212] <20498> DECRYPT OK
DEBUG	[2021-05-27 21:58:39:212] <20498> DECRYPT MSG:[<?xml version="1.0" encoding="UTF-8"?><CancelInfo>
<ResultCode>504628</ResultCode>
<ResultMsg urlencode="1">%C3%EB%BC%D2%BA%D2%B0%A1%B4%C9+%B0%C5%B7%A1</ResultMsg>
</CancelInfo>]
INFO	[2021-05-27 21:58:39:212] <20498> DECRYPT PARSE OK
INFO	[2021-05-27 21:58:39:212] <20498> END cancel [504628|취소불가능 거래] Laptime:[0.077sec]
INFO	[2021-05-27 21:58:39:212] <20498> ===============================================================
INFO	[2021-05-27 21:59:42:640] <16102> START INIPHP cancel (V5036-141209)(OS:Linux2.6.32-754.11.1.el6.x86_64,PHP:5.3.3)
DEBUG	[2021-05-27 21:59:42:640] <16102> inipayhome:/home1/killdeal/public_html/shop/inicis
DEBUG	[2021-05-27 21:59:42:640] <16102> debug:false
DEBUG	[2021-05-27 21:59:42:640] <16102> type:cancel
DEBUG	[2021-05-27 21:59:42:640] <16102> mid:majorgol03
DEBUG	[2021-05-27 21:59:42:640] <16102> admin:1111
DEBUG	[2021-05-27 21:59:42:640] <16102> tid:StdpayVBNKmajorgol0320210527160246046306
DEBUG	[2021-05-27 21:59:42:640] <16102> cancelmsg:주문자 본인 취소-상품옵션 선택 잘못함
INFO	[2021-05-27 21:59:42:640] <16102> Check Field OK
INFO	[2021-05-27 21:59:42:640] <16102> PI PUB KEY LOAD OK []
INFO	[2021-05-27 21:59:42:641] <16102> PG PUB KEY LOAD OK [30]
INFO	[2021-05-27 21:59:42:641] <16102> MERCHANT PRIV KEY LOAD OK
INFO	[2021-05-27 21:59:42:641] <16102> MERCHANT PUB KEY LOAD OK [0]
DEBUG	[2021-05-27 21:59:42:641] <16102> MAKE ENCRYPT OK[<?xml version="1.0" encoding="UTF-8"?>
<CancelInfo>
	  <CancelTID>StdpayVBNKmajorgol0320210527160246046306</CancelTID>
	  <CancelMsg urlencode="1">%C1%D6%B9%AE%C0%DA+%BA%BB%C0%CE+%C3%EB%BC%D2-%BB%F3%C7%B0%BF%C9%BC%C7+%BC%B1%C5%C3+%C0%DF%B8%F8%C7%D4</CancelMsg>
	  <CancelReason/></CancelInfo>]
INFO	[2021-05-27 21:59:42:642] <16102> MAKE BODY OK
INFO	[2021-05-27 21:59:42:642] <16102> SIGN OK
INFO	[2021-05-27 21:59:42:642] <16102> MAKE HEAD OK
INFO	[2021-05-27 21:59:42:642] <16102> MSG_TO_PG:[0101500175D SHA1                   0                                      300420majorgol03                    StdpayVBNKmajorgol0320210527160246046306<?xml version="1.0" encoding="UTF-8"?>
<INIpay>
	  <CancelInfo>
	    <SessionKey>AWNbpVKkyMSRYRSAbPVSTKBTB9b6NPV+cxEbATu3tHhGoVPrMweLBnvFsnT8vRqT
DUEi29Wv9TDYfdBWI6PZWJaCYvN4jIPY0iFeSO2aGQQqiKIX9WUGe+RNbcQw/rH4
c3ixpJlcUpQ29qNewhhFEeVmIrSUZMEVB9gDyco3KALymB1sOmq93A==
</SessionKey>
	    <Encrypted>kuHTv5UIrdEqsG4fkoddhWF8IalFJ/nCkkr109CzJSWUwA1PoE36i9A9XZ3JaC1g
cjzsG3ANu+W5bKU+FB4drbtPnJzKTQQj0YyBoEP53f1pXGuC8CL+vR+cyPtCtzYY
uLE5gXwlqLtF2DfDZ83cGFvV2yCZrm2cZ8CivFRIbrAuxf8SBaUsxqY9cr+OFkuO
PSs0ANoK1kRPAHmU1vUfiiOeSqvCcMbilSBedQQbt9bX7CuW0dcGF+ocNi3h7Sqq
lhJ8N1g+A5yKfLxnpJIO46t/8QBOqpixpncdeRefdanFmWmfmFvP8izY2PxkNeV1
rmG2N9F59S6CgOnQcfhU4KPEbybXbzobBMIzYaH5+bxI//2jhOuEmBI0F+2RCHLU
1eWLdkPyUAA=
</Encrypted></CancelInfo>
	  <ReservedInfo>
	    <MReserved1/>
	    <MReserved2/>
	    <MReserved3/></ReservedInfo>
	  <ManageInfo>
	    <Language/>
	    <URL/>
	    <TXVersion>5036B141209canceLinux     PHPchkfake   2.6.32-754.11.1.el6.x86_64PHP:</TXVersion>
	    <TXUserID/>
	    <TXRegNum/></ManageInfo></INIpay>AKasyKJgi5RJm5ifj1sPkFqfhZJljqYzgltmvoc9B3CXjYvqWrhsUZr16SGozPE2
E0Oe8bcR3ReK0HTCUMW8J2J94cvveQi89FlLrBL0M78vRLbXcXMBmIEZNTnBvBgl
lIiB9v6DfYpFvX9rP+un5cmo/1FEn77k1J+xtu5XHtyj
]
INFO	[2021-05-27 21:59:42:642] <16102> DNS LOOKUP OK(203.238.37.3:203.238.37.3:34049) laptime:0
INFO	[2021-05-27 21:59:42:645] <16102> SOCKET CONNECT OK
INFO	[2021-05-27 21:59:42:645] <16102> SEND OK
INFO	[2021-05-27 21:59:42:718] <16102> RECV OK
INFO	[2021-05-27 21:59:42:718] <16102> MSG_FROM_PG:[0081500175D SHA1                   0                                      300430majorgol03                    StdpayVBNKmajorgol0320210527160246046306<?xml version="1.0" encoding="UTF-8"?><INIpay>
<CancelInfo>
<ResultCode>504628</ResultCode>
<ResultMsg urlencode="1">%C3%EB%BC%D2%BA%D2%B0%A1%B4%C9+%B0%C5%B7%A1</ResultMsg>
<SessionKey>ASDKrW/JWlX7Dfy3qzmvTFGi3mGWVqiCr7MFTlpDRzJrhin1jWHW53Y94KJWQRyX
e0ULfAnpmVu/ETEiYoT0Rtpg3HMBdr7EfjT9X/FU+DBsbYm6wUS05gqBi7EBXWqS
4v1gHBQZnRHK9r40nWeX47owEFWEjyojSW4iALgFDj++FaoQLsHLIZc=
</SessionKey>
<Encrypted>BuJvv+D6Q9xSjSFn73TIt8DBWu9OcClB7nnZke6OkK0vF4/1/CgJZG7Sne2HfzXD
VBAGCoB6lRTgnq8+9SyNACzGrOerOD6dvu/1OOT4hG+BWDxVv1jp1NI+JejylqAa
DkgKmSdN3RFtRgtkDGuEZi8TGv3g8PpSxsJS88XpeS0GmycDk/Ha+HKAs8Jv+Uac
ISqXg9T3v2Q1f4E8WaYejamyWQj8Hfbe7OPk4KKsz4BAu6DoAgN0rA==
</Encrypted>
</CancelInfo>
<ManageInfo/>
<ReservedInfo>
<MReserved1 urlencode="1"/>
<MReserved2 urlencode="1"/>
<MReserved3 urlencode="1"/>
</ReservedInfo>
</INIpay>
craKfHP4+OP6d2zbEAohrvFgiTErB3spvqO/U85tv3nBwj4cLiwS76HvnVykkDd8
97Qb+6ZSa13dzOFyAhYdRHxhMy8vVcFA0s0EYyJrAMh2A9Zez8xfW1OvOtBT66a9
AU7RMSdqOLW2sX6Bgd778yx2EORO/SRVN5+zVgH3ILs=
]
INFO	[2021-05-27 21:59:42:718] <16102> VERIFY OK
INFO	[2021-05-27 21:59:42:718] <16102> PARSE HEAD OK
INFO	[2021-05-27 21:59:42:719] <16102> PARSE BODY OK
INFO	[2021-05-27 21:59:42:720] <16102> DECRYPT OK
DEBUG	[2021-05-27 21:59:42:720] <16102> DECRYPT MSG:[<?xml version="1.0" encoding="UTF-8"?><CancelInfo>
<ResultCode>504628</ResultCode>
<ResultMsg urlencode="1">%C3%EB%BC%D2%BA%D2%B0%A1%B4%C9+%B0%C5%B7%A1</ResultMsg>
</CancelInfo>]
INFO	[2021-05-27 21:59:42:720] <16102> DECRYPT PARSE OK
INFO	[2021-05-27 21:59:42:720] <16102> END cancel [504628|취소불가능 거래] Laptime:[0.079sec]
INFO	[2021-05-27 21:59:42:720] <16102> ===============================================================
INFO	[2021-05-27 21:59:58:929] <14543> START INIPHP cancel (V5036-141209)(OS:Linux2.6.32-754.11.1.el6.x86_64,PHP:5.3.3)
DEBUG	[2021-05-27 21:59:58:929] <14543> inipayhome:/home1/killdeal/public_html/shop/inicis
DEBUG	[2021-05-27 21:59:58:929] <14543> debug:false
DEBUG	[2021-05-27 21:59:58:929] <14543> type:cancel
DEBUG	[2021-05-27 21:59:58:929] <14543> mid:majorgol03
DEBUG	[2021-05-27 21:59:58:929] <14543> admin:1111
DEBUG	[2021-05-27 21:59:58:929] <14543> tid:StdpayVBNKmajorgol0320210527160246046306
DEBUG	[2021-05-27 21:59:58:929] <14543> cancelmsg:주문자 본인 취소-구매의사 없음
INFO	[2021-05-27 21:59:58:929] <14543> Check Field OK
INFO	[2021-05-27 21:59:58:929] <14543> PI PUB KEY LOAD OK []
INFO	[2021-05-27 21:59:58:929] <14543> PG PUB KEY LOAD OK [30]
INFO	[2021-05-27 21:59:58:929] <14543> MERCHANT PRIV KEY LOAD OK
INFO	[2021-05-27 21:59:58:929] <14543> MERCHANT PUB KEY LOAD OK [0]
DEBUG	[2021-05-27 21:59:58:930] <14543> MAKE ENCRYPT OK[<?xml version="1.0" encoding="UTF-8"?>
<CancelInfo>
	  <CancelTID>StdpayVBNKmajorgol0320210527160246046306</CancelTID>
	  <CancelMsg urlencode="1">%C1%D6%B9%AE%C0%DA+%BA%BB%C0%CE+%C3%EB%BC%D2-%B1%B8%B8%C5%C0%C7%BB%E7+%BE%F8%C0%BD</CancelMsg>
	  <CancelReason/></CancelInfo>]
INFO	[2021-05-27 21:59:58:930] <14543> MAKE BODY OK
INFO	[2021-05-27 21:59:58:930] <14543> SIGN OK
INFO	[2021-05-27 21:59:58:930] <14543> MAKE HEAD OK
INFO	[2021-05-27 21:59:58:930] <14543> MSG_TO_PG:[0099400175D SHA1                   0                                      300420majorgol03                    StdpayVBNKmajorgol0320210527160246046306<?xml version="1.0" encoding="UTF-8"?>
<INIpay>
	  <CancelInfo>
	    <SessionKey>DssgJEBgTN+CniCjiSRFhQoLRA//Sd8+wvW0TlfMnrDwP0brkp3EISlzantI3tVK
PH+VhD8qLrYClxQYFumBBSRRZzh12QA4n1X78BmOs3dpf8uCZ/Rtf18rFY2Jag6h
MWms1ctRV6wwam1cW99qUeaUkWwpEDlqJo8S4drsmTtpsloFhxhQcg==
</SessionKey>
	    <Encrypted>P4YwtEShDyl7W39zoA5wfhPX4a8/bhsPvMVm0WK742YilHp5+yY4aG72TcUatfcP
CI/tGlulfDdkkNJpPMloAZZou4CbbQlgU/nzPz99Kr+sB7zXJXjpGDtQI/Ky1oXc
xPX9whEhCqpWlLRtL9bE4UzI/BjD/jZIBDEhRboEIHFaqgwOBuvhACFSA6qpRacj
lqO+YQbFFIOtf03FoL/07/5f182g1D9GCfGCAI6GcTTkujqunFAg3fpVKbSqv4BZ
IfTK/VlCZm1gcawe1pYifAqRWxo2gqxmyKA5+z9kRWaDjPpTyqZ3OYzf1lE/NExR
Il9SCey3otI58NEAZIxpZXU7gGLt0W5OsMp4ybYEGFT7je/oLwL2eA==
</Encrypted></CancelInfo>
	  <ReservedInfo>
	    <MReserved1/>
	    <MReserved2/>
	    <MReserved3/></ReservedInfo>
	  <ManageInfo>
	    <Language/>
	    <URL/>
	    <TXVersion>5036B141209canceLinux     PHPchkfake   2.6.32-754.11.1.el6.x86_64PHP:</TXVersion>
	    <TXUserID/>
	    <TXRegNum/></ManageInfo></INIpay>AMq4MevnmcpCWfUl9hsNImgXKi9O9Rbb1voonJxRHs+3duHEnm6XK3XZp/n/551y
pXo+uN6JugSMzVH7Z4g/UtzmVXr41J9CCDbwXSnaRGGvZCt2KAmFcJ5R0APIuj7R
xm6NNO9e5nFvkaAz3TkscAv0vM/OF6K7DS2GUbHL5CPN
]
INFO	[2021-05-27 21:59:58:930] <14543> DNS LOOKUP OK(203.238.37.3:203.238.37.3:34049) laptime:0
INFO	[2021-05-27 21:59:58:933] <14543> SOCKET CONNECT OK
INFO	[2021-05-27 21:59:58:933] <14543> SEND OK
INFO	[2021-05-27 21:59:59:5] <14543> RECV OK
INFO	[2021-05-27 21:59:59:5] <14543> MSG_FROM_PG:[0081500175D SHA1                   0                                      300430majorgol03                    StdpayVBNKmajorgol0320210527160246046306<?xml version="1.0" encoding="UTF-8"?><INIpay>
<CancelInfo>
<ResultCode>504628</ResultCode>
<ResultMsg urlencode="1">%C3%EB%BC%D2%BA%D2%B0%A1%B4%C9+%B0%C5%B7%A1</ResultMsg>
<SessionKey>AN2VmVrJ9ctOf+cVmIG2+yOVf9ZekxAYNo70DGJCQSjkBLhf9TvaEo8q5/yJ3zoR
EXsGKGVIPXxyObwFe8wuV35BIClbCnKkKmdQvmDWOT9znJPYrnaCU3WlBjFROqun
DDHUItPDXL51LgqqOKCU6/9qAV2nvcOsFDQ6qo2QJxsJX4bfFGW/x0k=
</SessionKey>
<Encrypted>SHxe7si+qfqlTlT0MlUCL65R/TznDlZALnQgmsPhIsCOPGz26q/8Rczcc7itiX5M
XUAbAVc5DkW6u9/Hq/orZrv2cW/CX3OuygsUXm0K93M6O9g3QQaMYtHRJruOv4Sq
Ou1CepUwOKI2Fozm8UEznaO48XxtyPSQhoyCwJHN022RoC3mAp3U88VH1ENI6PaX
sViqzJfyZyo5+477f8j+ngl33GYN7XZarFy+4lARph+XzD5mHNOa9w==
</Encrypted>
</CancelInfo>
<ManageInfo/>
<ReservedInfo>
<MReserved1 urlencode="1"/>
<MReserved2 urlencode="1"/>
<MReserved3 urlencode="1"/>
</ReservedInfo>
</INIpay>
0mmnGROeaqOr3ubss30V6lM/to5UHPauSxrG1QdAJGVEneJ5g3plIIhPgeTrusY/
fzjQKMSWFP0oP3357vZXW8lW+c4PTKbWSy/GPJcC5OhHWuv71axvbG6ZgqCKi4GY
0W34gaum/6CTQmtFIJJ+oJGPfCDk3VcdygfEY0pZiNQ=
]
INFO	[2021-05-27 21:59:59:5] <14543> VERIFY OK
INFO	[2021-05-27 21:59:59:5] <14543> PARSE HEAD OK
INFO	[2021-05-27 21:59:59:6] <14543> PARSE BODY OK
INFO	[2021-05-27 21:59:59:6] <14543> DECRYPT OK
DEBUG	[2021-05-27 21:59:59:6] <14543> DECRYPT MSG:[<?xml version="1.0" encoding="UTF-8"?><CancelInfo>
<ResultCode>504628</ResultCode>
<ResultMsg urlencode="1">%C3%EB%BC%D2%BA%D2%B0%A1%B4%C9+%B0%C5%B7%A1</ResultMsg>
</CancelInfo>]
INFO	[2021-05-27 21:59:59:6] <14543> DECRYPT PARSE OK
INFO	[2021-05-27 21:59:59:6] <14543> END cancel [504628|취소불가능 거래] Laptime:[0.078sec]
INFO	[2021-05-27 21:59:59:6] <14543> ===============================================================
