INFO	[2022-04-27 15:42:15:550] <4720> START INIPHP cancel (V5036-141209)(OS:Linux2.6.32-754.11.1.el6.x86_64,PHP:5.3.3)
DEBUG	[2022-04-27 15:42:15:550] <4720> inipayhome:/home1/killdeal/public_html/shop/inicis
DEBUG	[2022-04-27 15:42:15:550] <4720> debug:false
DEBUG	[2022-04-27 15:42:15:550] <4720> type:cancel
DEBUG	[2022-04-27 15:42:15:550] <4720> mid:majorgol03
DEBUG	[2022-04-27 15:42:15:550] <4720> admin:1111
DEBUG	[2022-04-27 15:42:15:550] <4720> tid:INIMX_CARDmajorgol0320220427084551814457
DEBUG	[2022-04-27 15:42:15:550] <4720> cancelmsg:쇼핑몰 운영자 승인 취소
INFO	[2022-04-27 15:42:15:550] <4720> Check Field OK
INFO	[2022-04-27 15:42:15:550] <4720> PI PUB KEY LOAD OK []
INFO	[2022-04-27 15:42:15:551] <4720> PG PUB KEY LOAD OK [30]
INFO	[2022-04-27 15:42:15:551] <4720> MERCHANT PRIV KEY LOAD OK
INFO	[2022-04-27 15:42:15:551] <4720> MERCHANT PUB KEY LOAD OK [0]
DEBUG	[2022-04-27 15:42:15:552] <4720> MAKE ENCRYPT OK[<?xml version="1.0" encoding="UTF-8"?>
<CancelInfo>
	  <CancelTID>INIMX_CARDmajorgol0320220427084551814457</CancelTID>
	  <CancelMsg urlencode="1">%BC%EE%C7%CE%B8%F4+%BF%EE%BF%B5%C0%DA+%BD%C2%C0%CE+%C3%EB%BC%D2</CancelMsg>
	  <CancelReason/></CancelInfo>]
INFO	[2022-04-27 15:42:15:552] <4720> MAKE BODY OK
INFO	[2022-04-27 15:42:15:553] <4720> SIGN OK
INFO	[2022-04-27 15:42:15:553] <4720> MAKE HEAD OK
INFO	[2022-04-27 15:42:15:553] <4720> MSG_TO_PG:[0096200175D SHA1                   0                                      300420majorgol03                    INIMX_CARDmajorgol0320220427084551814457<?xml version="1.0" encoding="UTF-8"?>
<INIpay>
	  <CancelInfo>
	    <SessionKey>3Zx6jvYTuRZhTbeMfxREXw5QFyvqMDSZn9iFREUe6KdJ+gqsuOm5ygwZbjyX1xdr
0w64Ij8tbFC31d5ht53YloqfJl4W9XD1a/N5gV50fiwNtfM0otd6GS+v3FtbxO1g
iAkOmLgCwW6Q7EoH3SMK3Alk7NItuEMOovbURhDzK4YjvQmZ7DRbQA==
</SessionKey>
	    <Encrypted>YutIRADagoDpFaKcR1A6L8tPzHX6JWIBhT5B0ap0HKVZmx2uxpYQPUncb9dT877q
m5MjQHPLy9TXnlgUXXconFi+foSHh/V1nps4pCpd+IZJtPYgNjjFYXQF3YiKWxV5
WN5JIdiDIynFfMxOjrcRb7fPer1rAn/XYr6LUjUgzSxxehNq3TaYWZedidahex5G
c4vdFxAM9Vu0LtPMPPSN5jJTHVUvwIqaTitXcHGpHGVcXPdQESofMQ8zmXbZ1YRw
oFud7WyVe4jP5eIqGnRx/QUsqAVbZSrU5UwL/4msGfJEiHg3mzlVNq0pX+MvYJJD
g4XrVTXz99FDjKEOV238Aw==
</Encrypted></CancelInfo>
	  <ReservedInfo>
	    <MReserved1/>
	    <MReserved2/>
	    <MReserved3/></ReservedInfo>
	  <ManageInfo>
	    <Language/>
	    <URL/>
	    <TXVersion>5036B141209canceLinux     PHPchkfake   2.6.32-754.11.1.el6.x86_64PHP:</TXVersion>
	    <TXUserID/>
	    <TXRegNum/></ManageInfo></INIpay>AHy2/482jjoAEORf6ptvD5Ui8abHHary0JC5OZBRuXQMaDixE6rlnh9hZP8PQdNT
S1h+9ANnz2ecuxijjYtlyyp5sX/ratdML2N3bC7uv4BptuAZkM7l4oHbx2YENkDD
No3VI0zuZluh/BbExjVIBHPhMF6nVJ+PPY2iTqZgGp+G
]
INFO	[2022-04-27 15:42:15:553] <4720> DNS LOOKUP OK(203.238.37.3:203.238.37.3:34049) laptime:0
INFO	[2022-04-27 15:42:15:555] <4720> SOCKET CONNECT OK
INFO	[2022-04-27 15:42:15:555] <4720> SEND OK
INFO	[2022-04-27 15:42:16:260] <4720> RECV OK
INFO	[2022-04-27 15:42:16:260] <4720> MSG_FROM_PG:[0093300175D SHA1                   0                                      300430majorgol03                    INIMX_CARDmajorgol0320220427084551814457<?xml version="1.0" encoding="UTF-8"?><INIpay>
<CancelInfo>
<ResultCode>120000</ResultCode>
<ResultMsg urlencode="1">%C1%A4%BB%F3%C3%B3%B8%AE%B5%C7%BE%FA%BD%C0%B4%CF%B4%D9.</ResultMsg>
<SessionKey>AIdtMvzxXjMeG6I0og79PJ8BFXaXwTOs6i0uqesMCFuaMM5zzt6SNYCsEuTrLDHY
h1ioDQbje/bLSUfG9W8S5uMIV6rCbdHePKTsb5e/ZLcvi+EH/cvsroKdm1o31foq
rgFfwLsCScqJCi/tF8AbQ9vuTwJ5lZuQKt8e0lLEZd1G8GW8ciWrI9g=
</SessionKey>
<Encrypted>mI/T0HptF1LVQqO/mZH2sa+bsiUdNENnjGlFBvIpYjCrUi7tV8eAeoYnDoZwf5Ge
6Z+CoFyP/WiuEQmcH1niGQGrttBIJSDf00EC6YqQqlUQwpatPTMNmu8ldI38PSox
njqdOFzHQ839xhpA8+zpNoGXsYju/GYJ3HtuVoYazvh0StysCJ8+EhZy4mAEqEot
Ol6uGWVpEYLUzHhkBgLmK8vkddL+pDdgr7au2JjdYQmaFN7J7axU0FjxLzR/8aCD
YE1nQDl5LldxS4SS8eN/3DuyV0qX8/w2NDl3MBmv9h1VUDcfMfuNKDEUOMHAodWX
RTILtH1VXaR8ZyBOvcboQiq73JK6073d
</Encrypted>
</CancelInfo>
<ManageInfo/>
<ReservedInfo>
<MReserved1 urlencode="1"/>
<MReserved2 urlencode="1"/>
<MReserved3 urlencode="1"/>
</ReservedInfo>
</INIpay>
PL/cayqW164XJ0Sy2RP6cb4Pw18VxB8YvR5/ModyZtdKeobGIe9BntRJ0B2ZN8dm
aZLSjMHrEwLZg9o/4UFVUl/hJyp0gUIw5DWb5Fb1gwYaTmMlr6CcYEz2cpEM4MTs
Ifx7DQ1Gj8MrwtyLQUqUGCC62BrhFChwK1UGYXBs2uc=
]
INFO	[2022-04-27 15:42:16:260] <4720> VERIFY OK
INFO	[2022-04-27 15:42:16:260] <4720> PARSE HEAD OK
INFO	[2022-04-27 15:42:16:260] <4720> PARSE BODY OK
INFO	[2022-04-27 15:42:16:261] <4720> DECRYPT OK
DEBUG	[2022-04-27 15:42:16:261] <4720> DECRYPT MSG:[<?xml version="1.0" encoding="UTF-8"?><CancelInfo>
<CancelDate>20220427</CancelDate>
<CancelTime>154215</CancelTime>
<ResultCode>120000</ResultCode>
<ResultMsg urlencode="1">%C1%A4%BB%F3%C3%B3%B8%AE%B5%C7%BE%FA%BD%C0%B4%CF%B4%D9.</ResultMsg>
</CancelInfo>]
INFO	[2022-04-27 15:42:16:261] <4720> DECRYPT PARSE OK
INFO	[2022-04-27 15:42:16:261] <4720> END cancel 정상처리되었습니다. Laptime:[0.711sec]
INFO	[2022-04-27 15:42:16:261] <4720> ===============================================================
