INFO	[2023-12-06 09:09:04:113] <32419> START INIPHP cancel (V5036-141209)(OS:Linux2.6.32-754.11.1.el6.x86_64,PHP:5.3.3)
DEBUG	[2023-12-06 09:09:04:113] <32419> inipayhome:/home1/killdeal/public_html/shop/inicis
DEBUG	[2023-12-06 09:09:04:113] <32419> debug:false
DEBUG	[2023-12-06 09:09:04:113] <32419> type:cancel
DEBUG	[2023-12-06 09:09:04:113] <32419> mid:majorgol03
DEBUG	[2023-12-06 09:09:04:113] <32419> admin:1111
DEBUG	[2023-12-06 09:09:04:113] <32419> tid:StdpayISP_majorgol0320231206090737539296
DEBUG	[2023-12-06 09:09:04:113] <32419> cancelmsg:주문자 본인 취소-상품옵션 선택 잘못함
INFO	[2023-12-06 09:09:04:113] <32419> Check Field OK
INFO	[2023-12-06 09:09:04:113] <32419> PI PUB KEY LOAD OK []
INFO	[2023-12-06 09:09:04:115] <32419> PG PUB KEY LOAD OK [30]
INFO	[2023-12-06 09:09:04:115] <32419> MERCHANT PRIV KEY LOAD OK
INFO	[2023-12-06 09:09:04:116] <32419> MERCHANT PUB KEY LOAD OK [0]
DEBUG	[2023-12-06 09:09:04:116] <32419> MAKE ENCRYPT OK[<?xml version="1.0" encoding="UTF-8"?>
<CancelInfo>
	  <CancelTID>StdpayISP_majorgol0320231206090737539296</CancelTID>
	  <CancelMsg urlencode="1">%C1%D6%B9%AE%C0%DA+%BA%BB%C0%CE+%C3%EB%BC%D2-%BB%F3%C7%B0%BF%C9%BC%C7+%BC%B1%C5%C3+%C0%DF%B8%F8%C7%D4</CancelMsg>
	  <CancelReason/></CancelInfo>]
INFO	[2023-12-06 09:09:04:117] <32419> MAKE BODY OK
INFO	[2023-12-06 09:09:04:117] <32419> SIGN OK
INFO	[2023-12-06 09:09:04:117] <32419> MAKE HEAD OK
INFO	[2023-12-06 09:09:04:117] <32419> MSG_TO_PG:[0101500175D SHA1                   0                                      300420majorgol03                    StdpayISP_majorgol0320231206090737539296<?xml version="1.0" encoding="UTF-8"?>
<INIpay>
	  <CancelInfo>
	    <SessionKey>QtQ1QHq4sUjGFtitWEzvpPvBRrjWbctMD47Y4o6bqmux1jpx5zErsc2sQVkoMfsk
P9uKz9GiSlhqZRtAMna266mNFs/a2jyCYyBciZH8axuK9UraeTut6FvEwLhfria8
Ow8AUFME7SqFoDKV3IcH2M65O0Op3DxHMf7FfKhemAiYZDfUkJELDQ==
</SessionKey>
	    <Encrypted>BHS6MhJxDuAYL2x3tTxsoX/Bf0L8sxoTIIIuyYgmqO9dkC4/P/HV+K8z5BKyUugW
4Kdn+Ud1cEQxh08eIzVgEC3j525PNght/h6umRA8Khn8HVoHIJA7v+DIKCC5RMH+
n+ez+VUuSnCUaQo+cYYddGVpd5AW7N4quJsDp5y1PW56tCN3hm+FVIG2z+TqVGAb
NGsLnVoHRIRd39h+51gECNc1EpRC0dBfk/g64N9zq+ab9FkqGNnjYTqLd8d11KeD
C8K1v6PwJaakRZSBbjYcWxwUc8DtcYCClc1yCTB2Pz7VqUwYMH553CVjbVLgwYmY
YXlP8gZYhuB025X8cBckUI0s4AQpbgXWFrPEynbFVO0NEv9yqgY/kKb12w/0x6vP
7FFJMX6OlvY=
</Encrypted></CancelInfo>
	  <ReservedInfo>
	    <MReserved1/>
	    <MReserved2/>
	    <MReserved3/></ReservedInfo>
	  <ManageInfo>
	    <Language/>
	    <URL/>
	    <TXVersion>5036B141209canceLinux     PHPchkfake   2.6.32-754.11.1.el6.x86_64PHP:</TXVersion>
	    <TXUserID/>
	    <TXRegNum/></ManageInfo></INIpay>ADrv2ifvPNPO110JhP4eNVlOF1/gEa2jDwizV+5RCAidEwRqlFke5KRadDaERjbm
hQndda9ArLBDUjewCMQCj2FbAcw5TG3ATa+AM0xlFisock3uP8cHLJ+cAm+QmaIa
3XAChgEPHb5pnHzYLW93riL6aWcxfO6sqi87vlvAHKDk
]
INFO	[2023-12-06 09:09:04:117] <32419> DNS LOOKUP OK(203.238.37.3:203.238.37.3:34049) laptime:0
INFO	[2023-12-06 09:09:04:119] <32419> SOCKET CONNECT OK
INFO	[2023-12-06 09:09:04:119] <32419> SEND OK
INFO	[2023-12-06 09:09:04:509] <32419> RECV OK
INFO	[2023-12-06 09:09:04:509] <32419> MSG_FROM_PG:[0086100175D SHA1                   0                                      300430majorgol03                    StdpayISP_majorgol0320231206090737539296<?xml version="1.0" encoding="UTF-8"?><INIpay>
<CancelInfo>
<ResultCode>170000</ResultCode>
<ResultMsg urlencode="1">%C1%A4%BB%F3%BF%CF%B7%E1</ResultMsg>
<SessionKey>AH6wQ/3pTmFavqJNava3LfUNvzhXvyna1dTcMW4HjaQpwAvCV6yAUnL2cvCwbX/v
JhuEqTXcmOWYJTVMRDiZiTsRK0zbImqFN3aM1W6LzW+qk84JR2bLVj6gScWeXPY3
ohOGQsJP0ed1/ENQ4JVLdso3RZzrs53MAdx6l/O/IrIs+8m/zMsZwDY=
</SessionKey>
<Encrypted>r7qI/Z9p+ToePq4Hydy+u8xZdkAAib3ONLpd3UpI1ZagCXIufr7duTw6Xr46a9UN
7PvCmfgu6mdu6JAqQ0uwTFKS8d1WuK87eefo5x/6a7iuvfWyOaBfS3NiRMi9TFNf
KKJUUfvC3IOo+CJTKjZiH2G5vXh9Hdwa6rGnVZNyX5fHyw+soL/HKXv46GMARIRU
uKtXahp/lunxEMLfVWaePp7MEllYfTS3cCF3eMeSQ1WsGCUvfTD+ofdV3Tf9vPKK
J/1LfyG+9t718tJ2zn3HjJ5v87Z9IkF93IKyrNNfMKggqIagTL6mRw==
</Encrypted>
</CancelInfo>
<ManageInfo/>
<ReservedInfo>
<MReserved1 urlencode="1"/>
<MReserved2 urlencode="1"/>
<MReserved3 urlencode="1"/>
</ReservedInfo>
</INIpay>
owHLMPPio9dC2E9GItiAm7IeNHTGT6qQYnOyphVRnfaVpR1x1+tvpd/WM/p8SSvF
Lat7c3DvxmydxOpfCfSRaZkjat5BrcJceqxswI+J4aE+SffCJ0pwkTYHwuEuGiHI
3FhD6dpRqOaUst8cZmSvv/Vp+/iy0WCKaNduGOBW0iw=
]
INFO	[2023-12-06 09:09:04:509] <32419> VERIFY OK
INFO	[2023-12-06 09:09:04:509] <32419> PARSE HEAD OK
INFO	[2023-12-06 09:09:04:509] <32419> PARSE BODY OK
INFO	[2023-12-06 09:09:04:510] <32419> DECRYPT OK
DEBUG	[2023-12-06 09:09:04:510] <32419> DECRYPT MSG:[<?xml version="1.0" encoding="UTF-8"?><CancelInfo>
<CancelDate>20231206</CancelDate>
<CancelTime>090904</CancelTime>
<ResultCode>170000</ResultCode>
<ResultMsg urlencode="1">%C1%A4%BB%F3%BF%CF%B7%E1</ResultMsg>
</CancelInfo>]
INFO	[2023-12-06 09:09:04:510] <32419> DECRYPT PARSE OK
INFO	[2023-12-06 09:09:04:510] <32419> END cancel 정상완료 Laptime:[0.397sec]
INFO	[2023-12-06 09:09:04:510] <32419> ===============================================================
INFO	[2023-12-06 13:21:25:457] <32416> START INIPHP cancel (V5036-141209)(OS:Linux2.6.32-754.11.1.el6.x86_64,PHP:5.3.3)
DEBUG	[2023-12-06 13:21:25:457] <32416> inipayhome:/home1/killdeal/public_html/shop/inicis
DEBUG	[2023-12-06 13:21:25:457] <32416> debug:false
DEBUG	[2023-12-06 13:21:25:457] <32416> type:cancel
DEBUG	[2023-12-06 13:21:25:457] <32416> mid:majorgol03
DEBUG	[2023-12-06 13:21:25:457] <32416> admin:1111
DEBUG	[2023-12-06 13:21:25:457] <32416> tid:INIMX_ISP_majorgol0320231128000657625884
DEBUG	[2023-12-06 13:21:25:457] <32416> cancelmsg:쇼핑몰 운영자 승인 취소
INFO	[2023-12-06 13:21:25:457] <32416> Check Field OK
INFO	[2023-12-06 13:21:25:457] <32416> PI PUB KEY LOAD OK []
INFO	[2023-12-06 13:21:25:457] <32416> PG PUB KEY LOAD OK [30]
INFO	[2023-12-06 13:21:25:457] <32416> MERCHANT PRIV KEY LOAD OK
INFO	[2023-12-06 13:21:25:457] <32416> MERCHANT PUB KEY LOAD OK [0]
DEBUG	[2023-12-06 13:21:25:458] <32416> MAKE ENCRYPT OK[<?xml version="1.0" encoding="UTF-8"?>
<CancelInfo>
	  <CancelTID>INIMX_ISP_majorgol0320231128000657625884</CancelTID>
	  <CancelMsg urlencode="1">%BC%EE%C7%CE%B8%F4+%BF%EE%BF%B5%C0%DA+%BD%C2%C0%CE+%C3%EB%BC%D2</CancelMsg>
	  <CancelReason/></CancelInfo>]
INFO	[2023-12-06 13:21:25:458] <32416> MAKE BODY OK
INFO	[2023-12-06 13:21:25:458] <32416> SIGN OK
INFO	[2023-12-06 13:21:25:458] <32416> MAKE HEAD OK
INFO	[2023-12-06 13:21:25:458] <32416> MSG_TO_PG:[0096200175D SHA1                   0                                      300420majorgol03                    INIMX_ISP_majorgol0320231128000657625884<?xml version="1.0" encoding="UTF-8"?>
<INIpay>
	  <CancelInfo>
	    <SessionKey>MyoX4y8yhy3Ul5cQVsMbfSErJCqPgU+nYZ5lUZp/T1DyOZvbwauoXEDgMsAGis+D
HI/GXD8ZMMSxwBXQo6DrAR512oO5aiaXaOoQsIr4bB7Iq2e1d2zjYdsxhYhGyvH/
v8e8pmpbvT+kD+Hqrjl6eO9mtNn+Eu2Wp37VyKiDeCoA1Ahss06ZsA==
</SessionKey>
	    <Encrypted>Mvie9c7l0mk4S9YPfgHShzl4oo4DeOG8QPpVOvfa1kU68rGdMIW6ocLOSEGnBNsj
JCJHLIWEqMiNZitqJ9WpRDKy1xx79cVXPGw3h2lulkuBhFG38PgHnWtEULBzvDg4
ffl+OxB3Zec0MIil257aQ82RTtGW06xA5AaojX2RBTKqmBu5/7R4akC9GKvdvYs0
zKHqmX+GqhYoPCza7P1lnzjGhLysfq2iEcZewUnxcxFUrf/PYeaFYwGLu0UktJSX
sXAWV7bfKfbQ/FAAvT0yMAKAtEo+r+3t7jkTjmPzhLKo4es5nrUtv72+ZaGyR/r5
oMSKtpIM6YonqFzwIOnvIw==
</Encrypted></CancelInfo>
	  <ReservedInfo>
	    <MReserved1/>
	    <MReserved2/>
	    <MReserved3/></ReservedInfo>
	  <ManageInfo>
	    <Language/>
	    <URL/>
	    <TXVersion>5036B141209canceLinux     PHPchkfake   2.6.32-754.11.1.el6.x86_64PHP:</TXVersion>
	    <TXUserID/>
	    <TXRegNum/></ManageInfo></INIpay>ABUy1/pyTbPoH0Q6BB6QDwHMMsqcQq8KuAjltOprXYhZuUssWaHyuZo/fHGDTyUy
f6X7TN0UEgKopQtLBRm7OLMc4NRfskvfQYyunVOng28xCe3JzqmyruCM0PL48N4J
dVmzL5u6CqdUdMaxB//JeZkeV+WkEVJxdN0DBurBYK7G
]
INFO	[2023-12-06 13:21:25:458] <32416> DNS LOOKUP OK(203.238.37.3:203.238.37.3:34049) laptime:0
INFO	[2023-12-06 13:21:25:460] <32416> SOCKET CONNECT OK
INFO	[2023-12-06 13:21:25:460] <32416> SEND OK
INFO	[2023-12-06 13:21:25:935] <32416> RECV OK
INFO	[2023-12-06 13:21:25:935] <32416> MSG_FROM_PG:[0086100175D SHA1                   0                                      300430majorgol03                    INIMX_ISP_majorgol0320231128000657625884<?xml version="1.0" encoding="UTF-8"?><INIpay>
<CancelInfo>
<ResultCode>170000</ResultCode>
<ResultMsg urlencode="1">%C1%A4%BB%F3%BF%CF%B7%E1</ResultMsg>
<SessionKey>AK6KaDRAe0LdY434bmHfTyRu/7FDCwyzcbBmVuaTKBe1vGM/epGjQjbu4bvqTAJi
OBHwMrziM9sLWEcpYHK16fke+8o9BBIoa57ROyMIsDWejExhDEm3aSpVQAZnausR
6seeLmX5xm20ZFXNPP5Rk868mNhNqLel9zmO5sDp1nJSNdFoegbOJko=
</SessionKey>
<Encrypted>6vC0XB0QlgAJo3qxgW2982Mh1tdUW2CZHn9fsCotr3vvtgljGhcAF65Axd2mnvt1
424NJpfQ1bE1ctD7JN9BaREzlLotB3GNLr/0iF97xBbhJ+xkOcaEuYHigOO/4Bxr
wro8EO/CfvEB9jPUPPhYAMNX+UFNrmhA4l+n8s2P/Uf0uYd6mImA2fVIG2GoFcOE
KDUkhvI9U8iZwd6W/gAHjzeiaRr8DCF5dmlmieweh8/WECAqohDcc4xwbLcSwvP2
lKa1JY2A7JeStgNnH8myzCo9zvBkKDWJNLOpL3tVqg7YD2qT2oG7jw==
</Encrypted>
</CancelInfo>
<ManageInfo/>
<ReservedInfo>
<MReserved1 urlencode="1"/>
<MReserved2 urlencode="1"/>
<MReserved3 urlencode="1"/>
</ReservedInfo>
</INIpay>
cR5liIDf7uAUtofnv2LnSA5eLo5hox9rqQvNW/0VoNAXW+44IK9ktWTBvRo5GqB0
V5A/haNFWQmIC27bEYH1EIDej8L9EHsmWLN12KOqA6am73ZsaSiP+pb8cmACWjDl
YWAMrmoXt5XS6oCEaJv93zjmIdn6SEyD2pqPjnsmyHU=
]
INFO	[2023-12-06 13:21:25:935] <32416> VERIFY OK
INFO	[2023-12-06 13:21:25:935] <32416> PARSE HEAD OK
INFO	[2023-12-06 13:21:25:936] <32416> PARSE BODY OK
INFO	[2023-12-06 13:21:25:936] <32416> DECRYPT OK
DEBUG	[2023-12-06 13:21:25:936] <32416> DECRYPT MSG:[<?xml version="1.0" encoding="UTF-8"?><CancelInfo>
<CancelDate>20231206</CancelDate>
<CancelTime>132126</CancelTime>
<ResultCode>170000</ResultCode>
<ResultMsg urlencode="1">%C1%A4%BB%F3%BF%CF%B7%E1</ResultMsg>
</CancelInfo>]
INFO	[2023-12-06 13:21:25:936] <32416> DECRYPT PARSE OK
INFO	[2023-12-06 13:21:25:936] <32416> END cancel 정상완료 Laptime:[0.48sec]
INFO	[2023-12-06 13:21:25:936] <32416> ===============================================================
INFO	[2023-12-06 13:27:59:730] <8171> START INIPHP cancel (V5036-141209)(OS:Linux2.6.32-754.11.1.el6.x86_64,PHP:5.3.3)
DEBUG	[2023-12-06 13:27:59:730] <8171> inipayhome:/home1/killdeal/public_html/shop/inicis
DEBUG	[2023-12-06 13:27:59:730] <8171> debug:false
DEBUG	[2023-12-06 13:27:59:730] <8171> type:cancel
DEBUG	[2023-12-06 13:27:59:730] <8171> mid:majorgol03
DEBUG	[2023-12-06 13:27:59:730] <8171> admin:1111
DEBUG	[2023-12-06 13:27:59:730] <8171> tid:INIMX_CARDmajorgol0320231206132720815505
DEBUG	[2023-12-06 13:27:59:730] <8171> cancelmsg:주문자 본인 취소-상품옵션 선택 잘못함
INFO	[2023-12-06 13:27:59:730] <8171> Check Field OK
INFO	[2023-12-06 13:27:59:730] <8171> PI PUB KEY LOAD OK []
INFO	[2023-12-06 13:27:59:730] <8171> PG PUB KEY LOAD OK [30]
INFO	[2023-12-06 13:27:59:730] <8171> MERCHANT PRIV KEY LOAD OK
INFO	[2023-12-06 13:27:59:730] <8171> MERCHANT PUB KEY LOAD OK [0]
DEBUG	[2023-12-06 13:27:59:731] <8171> MAKE ENCRYPT OK[<?xml version="1.0" encoding="UTF-8"?>
<CancelInfo>
	  <CancelTID>INIMX_CARDmajorgol0320231206132720815505</CancelTID>
	  <CancelMsg urlencode="1">%C1%D6%B9%AE%C0%DA+%BA%BB%C0%CE+%C3%EB%BC%D2-%BB%F3%C7%B0%BF%C9%BC%C7+%BC%B1%C5%C3+%C0%DF%B8%F8%C7%D4</CancelMsg>
	  <CancelReason/></CancelInfo>]
INFO	[2023-12-06 13:27:59:731] <8171> MAKE BODY OK
INFO	[2023-12-06 13:27:59:731] <8171> SIGN OK
INFO	[2023-12-06 13:27:59:731] <8171> MAKE HEAD OK
INFO	[2023-12-06 13:27:59:731] <8171> MSG_TO_PG:[0101500175D SHA1                   0                                      300420majorgol03                    INIMX_CARDmajorgol0320231206132720815505<?xml version="1.0" encoding="UTF-8"?>
<INIpay>
	  <CancelInfo>
	    <SessionKey>fDM/WYbQuJGVLww2CxXXlozJa5uh6hdDcnWYYKCQBXD8ElLoO8R85+DvhG/NBsqn
tKRPKwK8GgnEw/nxKk/Ln+xZHbcsrT8nKPfU7fDKR40xROhmKZ2OaQnOrYfw+p/N
AVj6ORu1YUUN5LSkQYSErc/k/FAn6ZV91yGH1FkE0VWkxWqWnuZarw==
</SessionKey>
	    <Encrypted>u5Fo+S2jlj91xtOZPOG+a7JKc04xjNeJ3IQUdrYetnWfYOhiOJK73n/ybJDK0Bk+
6Ahsxt9TVgtkAp64F7CYmg4JbPlQvqSWE0CA4OvnhRROM1KpexpSdqo6hJ8pQEP/
qxk0eyPcwrVl67gbQ0ibCp/EwMIlOOiQJYWL8uO4wwlheezqymo4NUdkboy7cvFO
pMKw2cJIDv2XOiFU7n4oJW0cL56TXDX1Q4CfjsZyLhNGi2I1YLc/87yaAckX7ioF
lIhRW91O5vtTDH5uSidYWk5NEEGoBBFHDzKTV58HNPI6moyPw9X+4cdHpeB5XTQn
19m6Proyo6ykQmRyLC95YzeAHtuiFTnZf9LaacASw++HZgAOyZOljgld/D8M2uiP
3FD8VVqNqAQ=
</Encrypted></CancelInfo>
	  <ReservedInfo>
	    <MReserved1/>
	    <MReserved2/>
	    <MReserved3/></ReservedInfo>
	  <ManageInfo>
	    <Language/>
	    <URL/>
	    <TXVersion>5036B141209canceLinux     PHPchkfake   2.6.32-754.11.1.el6.x86_64PHP:</TXVersion>
	    <TXUserID/>
	    <TXRegNum/></ManageInfo></INIpay>AP/vziuxUtsNdUEUhartQpP8pf4+5iKAus5j1uG5IfjQsJxu6tl3FO/QL6Ar9UhD
02kFSiy3rt0jGM05T8ZjKe/xUuVkHCqlMOXNqbCQ4eJYOHFYl/dZPTZVBzV95kH1
IQSP2MKxBmHyPEs2lqFjK2noX1rK6F7rEIugolFwQ9hE
]
INFO	[2023-12-06 13:27:59:731] <8171> DNS LOOKUP OK(203.238.37.3:203.238.37.3:34049) laptime:0
INFO	[2023-12-06 13:27:59:733] <8171> SOCKET CONNECT OK
INFO	[2023-12-06 13:27:59:733] <8171> SEND OK
INFO	[2023-12-06 13:28:00:541] <8171> RECV OK
INFO	[2023-12-06 13:28:00:541] <8171> MSG_FROM_PG:[0093300175D SHA1                   0                                      300430majorgol03                    INIMX_CARDmajorgol0320231206132720815505<?xml version="1.0" encoding="UTF-8"?><INIpay>
<CancelInfo>
<ResultCode>120000</ResultCode>
<ResultMsg urlencode="1">%C1%A4%BB%F3%C3%B3%B8%AE%B5%C7%BE%FA%BD%C0%B4%CF%B4%D9.</ResultMsg>
<SessionKey>AHVLDX499fp0AtB73LtZ830GJgynTxThhbujohg7AeU5wgScAZP6MFv7y2XXeND2
hlA92j4lSv4QHWSIkY+PSC1qLgTrdIvSedNEkEIFcQGUgPdJFltQVJnokjJdzve4
LxubYEsCOCH0WxDBqNVa6o40FICWOKUa6pYk29J4SW99N+JQ29A3Hp0=
</SessionKey>
<Encrypted>xJWrYn0uiDhndpfb9qoYU716WS9AZrgTiF3nBK1JzUwxtutY51OEGe0lW+5/+f5H
FMUP4KWi0XFE+LCQfxno7phWNTkQd1wfxst+M8jW2bb6vSvLrMAgybeQ8UZ3cpGH
NbxpcoL6TfMNu6DiuBWmzU6xGyxd757uz2mdIRsC1WJgIz1iGASbeQz8X5swULgj
xsm1DueOSKZp83rJ9WX+5wICUgaY0TWVxWQOLOLSBTIosrpvpjPKXblqS5JulVLc
CsQn/doJZgTaZ3JJyCj5Lk/AJyIZ7PuG5FBKNIBcQhFoWVYAbdUKR1oZlWRZflVz
F+gWZS26FerM1uYBdKuijKn3YRANMylD
</Encrypted>
</CancelInfo>
<ManageInfo/>
<ReservedInfo>
<MReserved1 urlencode="1"/>
<MReserved2 urlencode="1"/>
<MReserved3 urlencode="1"/>
</ReservedInfo>
</INIpay>
WK0PSbXkOTgHLYNfiwY2iU5xuHobWkWJEBmc36TwDJOZ33XpQc8fIijgAZKVeW4n
vHhr/+STaNlafk/HgvcaEXIeSlyUBntG463ETPw5/vAJE0pRffCh6K1Bf0y2dCcd
FY+h2UFVZs2B+mlkQrVvXTD2KR70LaZfhOApq8+9iIY=
]
INFO	[2023-12-06 13:28:00:541] <8171> VERIFY OK
INFO	[2023-12-06 13:28:00:541] <8171> PARSE HEAD OK
INFO	[2023-12-06 13:28:00:542] <8171> PARSE BODY OK
INFO	[2023-12-06 13:28:00:542] <8171> DECRYPT OK
DEBUG	[2023-12-06 13:28:00:542] <8171> DECRYPT MSG:[<?xml version="1.0" encoding="UTF-8"?><CancelInfo>
<CancelDate>20231206</CancelDate>
<CancelTime>132801</CancelTime>
<ResultCode>120000</ResultCode>
<ResultMsg urlencode="1">%C1%A4%BB%F3%C3%B3%B8%AE%B5%C7%BE%FA%BD%C0%B4%CF%B4%D9.</ResultMsg>
</CancelInfo>]
INFO	[2023-12-06 13:28:00:542] <8171> DECRYPT PARSE OK
INFO	[2023-12-06 13:28:00:542] <8171> END cancel 정상처리되었습니다. Laptime:[0.813sec]
INFO	[2023-12-06 13:28:00:542] <8171> ===============================================================
