INFO	[2021-06-11 13:16:06:782] <4714> START INIPHP cancel (V5036-141209)(OS:Linux2.6.32-754.11.1.el6.x86_64,PHP:5.3.3)
DEBUG	[2021-06-11 13:16:06:782] <4714> inipayhome:/home1/killdeal/public_html/shop/inicis
DEBUG	[2021-06-11 13:16:06:782] <4714> debug:false
DEBUG	[2021-06-11 13:16:06:782] <4714> type:cancel
DEBUG	[2021-06-11 13:16:06:782] <4714> mid:majorgol03
DEBUG	[2021-06-11 13:16:06:782] <4714> admin:1111
DEBUG	[2021-06-11 13:16:06:782] <4714> tid:INIMX_CARDmajorgol0320210611131557785117
DEBUG	[2021-06-11 13:16:06:782] <4714> cancelmsg:주문자 본인 취소-배송이지연되고 있음
INFO	[2021-06-11 13:16:06:782] <4714> Check Field OK
INFO	[2021-06-11 13:16:06:782] <4714> PI PUB KEY LOAD OK []
INFO	[2021-06-11 13:16:06:783] <4714> PG PUB KEY LOAD OK [30]
INFO	[2021-06-11 13:16:06:783] <4714> MERCHANT PRIV KEY LOAD OK
INFO	[2021-06-11 13:16:06:784] <4714> MERCHANT PUB KEY LOAD OK [0]
DEBUG	[2021-06-11 13:16:06:784] <4714> MAKE ENCRYPT OK[<?xml version="1.0" encoding="UTF-8"?>
<CancelInfo>
	  <CancelTID>INIMX_CARDmajorgol0320210611131557785117</CancelTID>
	  <CancelMsg urlencode="1">%C1%D6%B9%AE%C0%DA+%BA%BB%C0%CE+%C3%EB%BC%D2-%B9%E8%BC%DB%C0%CC%C1%F6%BF%AC%B5%C7%B0%ED+%C0%D6%C0%BD</CancelMsg>
	  <CancelReason/></CancelInfo>]
INFO	[2021-06-11 13:16:06:784] <4714> MAKE BODY OK
INFO	[2021-06-11 13:16:06:785] <4714> SIGN OK
INFO	[2021-06-11 13:16:06:785] <4714> MAKE HEAD OK
INFO	[2021-06-11 13:16:06:785] <4714> MSG_TO_PG:[0101500175D SHA1                   0                                      300420majorgol03                    INIMX_CARDmajorgol0320210611131557785117<?xml version="1.0" encoding="UTF-8"?>
<INIpay>
	  <CancelInfo>
	    <SessionKey>GG4ImBO9LdRkfRwyOSpbEkQ17Q0UURBZIazI25Tb6XPXhTa5rzO/Pcx/MZnoRHio
VFuG00o607MIcbwLwY+SXTpgUjWHrFh9dmv2zzcB2StNWcc9IFVzZl0QeU2H0UeH
huUwS4nOpBT7a/RxvxcrBVhfwlJsjRuHYq89QBn3jmHXkCUoQU1gxw==
</SessionKey>
	    <Encrypted>n9MJ6h4OHO8afz2zeH5M7Esor8nml0XRCC/bkHO7kkBt3OtK0ovPzHCxhdZyKNXe
dR62JruzpOpjjiRmqpRTcdg9U8RJoJ1zXZFOki/Qtz+MngbzAzgLQtvQ5NVUl5nv
obCXi3URunbeb+br7/FM6lUx2zhken/liCVzD5lZS2/3I4OoQ1EzTZuqLrF++a0T
gCUWNhTWBXqT/gF/cwugjdJOz0mdH8ubp4MYfbQxZGikauS3vZxf2MJ3urqzyMSr
3h0nseSzJFEx2AUmII4W9R4AyGT+oYxDADzrMY9YaQG9Ske6lywC1+2NVJc0LxQy
UE6ZvSZRO0Cskkg0NHx+UKuSvFSuUir3rey9zbGMo/RydKcp2KSmF1AevqgQlAn8
7ryvsd2Z2WU=
</Encrypted></CancelInfo>
	  <ReservedInfo>
	    <MReserved1/>
	    <MReserved2/>
	    <MReserved3/></ReservedInfo>
	  <ManageInfo>
	    <Language/>
	    <URL/>
	    <TXVersion>5036B141209canceLinux     PHPchkfake   2.6.32-754.11.1.el6.x86_64PHP:</TXVersion>
	    <TXUserID/>
	    <TXRegNum/></ManageInfo></INIpay>ARDP0Agl/6iJLp7u2GYgHITCOATmvtfRYOHs3vs54me6BpJHxeltHokgT0ZjLilD
AojndXkZWuhmuJvFh2Rt5UsVWfi1VRjpCmYF5bjh64dSH3IFSrTcEmPz6wnaZo7c
+a+X7lSlxHpBX7xxVmdC1RnG8vF57xS9wmiGq+ptwKq6
]
INFO	[2021-06-11 13:16:06:785] <4714> DNS LOOKUP OK(203.238.37.3:203.238.37.3:34049) laptime:0
INFO	[2021-06-11 13:16:06:787] <4714> SOCKET CONNECT OK
INFO	[2021-06-11 13:16:06:787] <4714> SEND OK
INFO	[2021-06-11 13:16:07:299] <4714> RECV OK
INFO	[2021-06-11 13:16:07:299] <4714> MSG_FROM_PG:[0093300175D SHA1                   0                                      300430majorgol03                    INIMX_CARDmajorgol0320210611131557785117<?xml version="1.0" encoding="UTF-8"?><INIpay>
<CancelInfo>
<ResultCode>120000</ResultCode>
<ResultMsg urlencode="1">%C1%A4%BB%F3%C3%B3%B8%AE%B5%C7%BE%FA%BD%C0%B4%CF%B4%D9.</ResultMsg>
<SessionKey>ABoBwF7m5N3cE8bXWF8WqvdcIaNqI+QBHuTQGZg2JLil3j7FVCACHX70tQLwx2YD
J9+iQdx/+Sju5Kt+Z98yhOyWPW4ys9tNnhX+c6rZG9IiojhW2drHuTwGGHvusEan
pSG7amMeqyfqrZ6ItyWeTVDt3WOmN+2dsD4gV3rquy/THOW1g3VAU8k=
</SessionKey>
<Encrypted>5l1cG8xBxIo5zCqs086OjuekiEn3grisJEECrysSaIrhx91JMEiny3k8DvEy8ub4
0p9nOwgVok2Ce0kvESaevTb8i50m/dnTLV4p7Lf3Lp8NVbyul4CePv/2S2S1wiU2
qO5F2p7MJOhU18NPdkwjMncBrd3EHGPKyV5PXKUid44NPzlhae+F1QSScVGqlAfW
v4inje8NJpTU4+qYz968i184/pzzHFHpb8I7bTgoF/yN4WHxq5izaOOGgPC95PWI
1dBcpbawXV0td8+Y+xuZM18sk0P4pUC0obKVf7NYq5b+x4zk0rYd7Q2axL4vc+p8
gOe1lqDaoF31QlTl10XYUyr5+0+3CXV0
</Encrypted>
</CancelInfo>
<ManageInfo/>
<ReservedInfo>
<MReserved1 urlencode="1"/>
<MReserved2 urlencode="1"/>
<MReserved3 urlencode="1"/>
</ReservedInfo>
</INIpay>
l36eP9YDYq8pqxQzDzUKlzo54MIja7HN7oK9MH7TejKRwcr2QxGumkJzXaxJue68
tjWyQZWewGWYRi68dWpV8rLYGhKovLH74C4d2zrq0pDMW3nRGRNCSuv4irVS48v6
7R5QabV6POut1URmPaNsA8kZnucNwkcWNRd+1aKOfjw=
]
INFO	[2021-06-11 13:16:07:299] <4714> VERIFY OK
INFO	[2021-06-11 13:16:07:299] <4714> PARSE HEAD OK
INFO	[2021-06-11 13:16:07:299] <4714> PARSE BODY OK
INFO	[2021-06-11 13:16:07:300] <4714> DECRYPT OK
DEBUG	[2021-06-11 13:16:07:300] <4714> DECRYPT MSG:[<?xml version="1.0" encoding="UTF-8"?><CancelInfo>
<CancelDate>20210611</CancelDate>
<CancelTime>131606</CancelTime>
<ResultCode>120000</ResultCode>
<ResultMsg urlencode="1">%C1%A4%BB%F3%C3%B3%B8%AE%B5%C7%BE%FA%BD%C0%B4%CF%B4%D9.</ResultMsg>
</CancelInfo>]
INFO	[2021-06-11 13:16:07:300] <4714> DECRYPT PARSE OK
INFO	[2021-06-11 13:16:07:300] <4714> END cancel 정상처리되었습니다. Laptime:[0.518sec]
INFO	[2021-06-11 13:16:07:300] <4714> ===============================================================
INFO	[2021-06-11 13:17:28:29] <6766> START INIPHP cancel (V5036-141209)(OS:Linux2.6.32-754.11.1.el6.x86_64,PHP:5.3.3)
DEBUG	[2021-06-11 13:17:28:29] <6766> inipayhome:/home1/killdeal/public_html/shop/inicis
DEBUG	[2021-06-11 13:17:28:29] <6766> debug:false
DEBUG	[2021-06-11 13:17:28:29] <6766> type:cancel
DEBUG	[2021-06-11 13:17:28:29] <6766> mid:majorgol03
DEBUG	[2021-06-11 13:17:28:29] <6766> admin:1111
DEBUG	[2021-06-11 13:17:28:29] <6766> tid:INIMX_ISP_majorgol0320210611131659395336
DEBUG	[2021-06-11 13:17:28:29] <6766> cancelmsg:쇼핑몰 운영자 승인 취소
INFO	[2021-06-11 13:17:28:29] <6766> Check Field OK
INFO	[2021-06-11 13:17:28:29] <6766> PI PUB KEY LOAD OK []
INFO	[2021-06-11 13:17:28:29] <6766> PG PUB KEY LOAD OK [30]
INFO	[2021-06-11 13:17:28:29] <6766> MERCHANT PRIV KEY LOAD OK
INFO	[2021-06-11 13:17:28:29] <6766> MERCHANT PUB KEY LOAD OK [0]
DEBUG	[2021-06-11 13:17:28:30] <6766> MAKE ENCRYPT OK[<?xml version="1.0" encoding="UTF-8"?>
<CancelInfo>
	  <CancelTID>INIMX_ISP_majorgol0320210611131659395336</CancelTID>
	  <CancelMsg urlencode="1">%BC%EE%C7%CE%B8%F4+%BF%EE%BF%B5%C0%DA+%BD%C2%C0%CE+%C3%EB%BC%D2</CancelMsg>
	  <CancelReason/></CancelInfo>]
INFO	[2021-06-11 13:17:28:30] <6766> MAKE BODY OK
INFO	[2021-06-11 13:17:28:31] <6766> SIGN OK
INFO	[2021-06-11 13:17:28:31] <6766> MAKE HEAD OK
INFO	[2021-06-11 13:17:28:31] <6766> MSG_TO_PG:[0096200175D SHA1                   0                                      300420majorgol03                    INIMX_ISP_majorgol0320210611131659395336<?xml version="1.0" encoding="UTF-8"?>
<INIpay>
	  <CancelInfo>
	    <SessionKey>h2xGwYPH8xaaWVS+grWHvVCH/QghEo4puS4UKrX1SeK7bDXd2Idam8yqzu+eqWWD
JuAo8swyD/9kSZ3uD1X10Kn3mluFomSXMH85z9luMtcb5SqK3jQHk76lc+GNpsJC
grCH2IVrbaz1HYWRsWNzCV8gbn056WWOg377DjAmU+CouKy1CiCsfA==
</SessionKey>
	    <Encrypted>9qMeGtbnqS3anV/XgHAlcP6cNPv8oekuBiKOlT4yW1aYuJ+C1kfFoM7UKiyYN39c
9RW1stFNDj7bQssZCmhVCJjQ9GWQbwZy4KqxJCnhfWBwsXkdDqfkPlu6FDEZuSRT
yAR8pqv0F7CjuD1LV4uNk3ls2x1YJg3HEXxRO3HSNr2ERz1ZGkRyXqBlEAT2wncU
bNmwyfNCvW5XjhxwRtNiRWgrADa6y/kHoWJ94cpGzLuf+wcGRIkqbFXS0wXZV+KD
LxNLT8ey6BaIfvj3Qd3AkRrAudk7fxlLy5rPhBQBwPu6vhfjEI0QbpnmLBgjYjFD
q+6Bj9aRE1a3Me9bRywUHA==
</Encrypted></CancelInfo>
	  <ReservedInfo>
	    <MReserved1/>
	    <MReserved2/>
	    <MReserved3/></ReservedInfo>
	  <ManageInfo>
	    <Language/>
	    <URL/>
	    <TXVersion>5036B141209canceLinux     PHPchkfake   2.6.32-754.11.1.el6.x86_64PHP:</TXVersion>
	    <TXUserID/>
	    <TXRegNum/></ManageInfo></INIpay>AM2bncUG3IQ4ABcZsl90ylfXPv/o/cN3hXDb20/N63b7mxudCKoB3O6vqJ6yS2FF
S4jH78X5xLbLGe5trVyjJdwapz5iJeQs4ndmu5YpG4MY4NPxV9Z48TfQkTLX2KDV
JeIgnhoKwXS1oFqm88bvlvbBQhH5JF0MgrPkksy/fSnC
]
INFO	[2021-06-11 13:17:28:31] <6766> DNS LOOKUP OK(203.238.37.3:203.238.37.3:34049) laptime:0
INFO	[2021-06-11 13:17:28:33] <6766> SOCKET CONNECT OK
INFO	[2021-06-11 13:17:28:33] <6766> SEND OK
INFO	[2021-06-11 13:17:28:436] <6766> RECV OK
INFO	[2021-06-11 13:17:28:436] <6766> MSG_FROM_PG:[0086100175D SHA1                   0                                      300430majorgol03                    INIMX_ISP_majorgol0320210611131659395336<?xml version="1.0" encoding="UTF-8"?><INIpay>
<CancelInfo>
<ResultCode>170000</ResultCode>
<ResultMsg urlencode="1">%C1%A4%BB%F3%BF%CF%B7%E1</ResultMsg>
<SessionKey>AG12QXphA7He16JtwEjpg4MXgkqi05AUrDNNsGTWz7r/l6PVRo/+PGIdO9n10X3q
+tdHTD7cWIsNDalznVZ4I+hbjv1P1wr5uZNsbUCoIcusAR1N+h58LBqjZSMoOYFK
cK/v0ul+UFs/xEGvu3Rvqf9CONGO/abthazYisWjL2nJLxOLpUXEjAU=
</SessionKey>
<Encrypted>YVDKq6Xs+0EiDZQK57dIUcALgFOQU5T347E+e3Y8T3YkJ3R+lBIQVKnmTV9TiMA6
fDYRrOTfgYok+/v0exsDA8fMV9ZUsN64nlIWVY0LE3gGvOpQaxbZObQ/UxMt3kFr
7BP6MIYAARt2uo6Ln7Wsnq9rKvf9VyRPL9SmjVLa4RoNm0reUEBiQXPkwWFiaVEJ
NfNjuz4icmb9HK46Im9TKikl/1t27AjBNeJCpzDVk726Arhyg3wALgr9FVTnRY7w
eRnIRU2pjhgP/MSAiSs1C3Y6kA2LpzTrpGGeZd6MgFf0kvo5Yju4pg==
</Encrypted>
</CancelInfo>
<ManageInfo/>
<ReservedInfo>
<MReserved1 urlencode="1"/>
<MReserved2 urlencode="1"/>
<MReserved3 urlencode="1"/>
</ReservedInfo>
</INIpay>
jOi1Rt5XC89bIyJvAlyw3nhxfHhw6fRbJ7LQTJy94efBVA6c1PSqH6q1bUy8TLFx
MJ0B5qXA7ocVaCYYTjUhQWONk0kUj+tCUhR7CWmjfmPRdiBjtYXyKRiQ10TQ90nU
6qOvhrLr773GNH0BW/HYNgTxm4Q64DaHbvfDNfwRdQs=
]
INFO	[2021-06-11 13:17:28:436] <6766> VERIFY OK
INFO	[2021-06-11 13:17:28:436] <6766> PARSE HEAD OK
INFO	[2021-06-11 13:17:28:436] <6766> PARSE BODY OK
INFO	[2021-06-11 13:17:28:437] <6766> DECRYPT OK
DEBUG	[2021-06-11 13:17:28:437] <6766> DECRYPT MSG:[<?xml version="1.0" encoding="UTF-8"?><CancelInfo>
<CancelDate>20210611</CancelDate>
<CancelTime>131727</CancelTime>
<ResultCode>170000</ResultCode>
<ResultMsg urlencode="1">%C1%A4%BB%F3%BF%CF%B7%E1</ResultMsg>
</CancelInfo>]
INFO	[2021-06-11 13:17:28:437] <6766> DECRYPT PARSE OK
INFO	[2021-06-11 13:17:28:437] <6766> END cancel 정상완료 Laptime:[0.408sec]
INFO	[2021-06-11 13:17:28:437] <6766> ===============================================================
INFO	[2021-06-11 15:46:49:857] <3975> START INIPHP cancel (V5036-141209)(OS:Linux2.6.32-754.11.1.el6.x86_64,PHP:5.3.3)
DEBUG	[2021-06-11 15:46:49:857] <3975> inipayhome:/home1/killdeal/public_html/shop/inicis
DEBUG	[2021-06-11 15:46:49:857] <3975> debug:false
DEBUG	[2021-06-11 15:46:49:857] <3975> type:cancel
DEBUG	[2021-06-11 15:46:49:857] <3975> mid:majorgol03
DEBUG	[2021-06-11 15:46:49:857] <3975> admin:1111
DEBUG	[2021-06-11 15:46:49:857] <3975> tid:INIMX_CARDmajorgol0320210611090815695496
DEBUG	[2021-06-11 15:46:49:857] <3975> cancelmsg:쇼핑몰 운영자 승인 취소
INFO	[2021-06-11 15:46:49:857] <3975> Check Field OK
INFO	[2021-06-11 15:46:49:857] <3975> PI PUB KEY LOAD OK []
INFO	[2021-06-11 15:46:49:857] <3975> PG PUB KEY LOAD OK [30]
INFO	[2021-06-11 15:46:49:857] <3975> MERCHANT PRIV KEY LOAD OK
INFO	[2021-06-11 15:46:49:857] <3975> MERCHANT PUB KEY LOAD OK [0]
DEBUG	[2021-06-11 15:46:49:858] <3975> MAKE ENCRYPT OK[<?xml version="1.0" encoding="UTF-8"?>
<CancelInfo>
	  <CancelTID>INIMX_CARDmajorgol0320210611090815695496</CancelTID>
	  <CancelMsg urlencode="1">%BC%EE%C7%CE%B8%F4+%BF%EE%BF%B5%C0%DA+%BD%C2%C0%CE+%C3%EB%BC%D2</CancelMsg>
	  <CancelReason/></CancelInfo>]
INFO	[2021-06-11 15:46:49:858] <3975> MAKE BODY OK
INFO	[2021-06-11 15:46:49:858] <3975> SIGN OK
INFO	[2021-06-11 15:46:49:858] <3975> MAKE HEAD OK
INFO	[2021-06-11 15:46:49:858] <3975> MSG_TO_PG:[0096200175D SHA1                   0                                      300420majorgol03                    INIMX_CARDmajorgol0320210611090815695496<?xml version="1.0" encoding="UTF-8"?>
<INIpay>
	  <CancelInfo>
	    <SessionKey>hOxedu4IrsgFR72FwOKOZvAGo2ML40i5Oj50FxCWAa9ttDKnj5cys4Tg18fPMKhM
xcELg3Ll8cwEJ3VjBHPoADUde/SJjYDJnXgar83L7i1TDtKnzO4Lyw2B9iEyL0Qo
yIuzpclXUR9Ncb7KmV5o0HWr6GjOpi69+cT/pFlcy11V2bU2ehp2WQ==
</SessionKey>
	    <Encrypted>WJVZNTEnmbNGgYIwrm/Z9Pmx7HTB1tKpYqTcYNcXZLB4Xy3WSm7EwtF23HZk08ky
XagpTYEpszCU+Uy+xDaDbJayeNPemzjhgAIpsqFPbyHz24ibexKLsAvLt+p3y2yp
3o9TdcziU69+hQH5jQT9YC+X7FIGj2IiZRABC/28MEVoCV+XCPJMantMlGRPPslo
3nzkRGqHFfH5zHDGTq4AFhy+Jam8x+r0JRZ9h2o7AW0jpdRHhDJmSks9StlwGZDC
gl/EUZKK1UUIZ+nIcpSqyqbWbvZHbvFeaJ/rldaQ8qiRykkEY33sQODUUrD7dRtS
TOowZPonLQRAicyCIzrHkQ==
</Encrypted></CancelInfo>
	  <ReservedInfo>
	    <MReserved1/>
	    <MReserved2/>
	    <MReserved3/></ReservedInfo>
	  <ManageInfo>
	    <Language/>
	    <URL/>
	    <TXVersion>5036B141209canceLinux     PHPchkfake   2.6.32-754.11.1.el6.x86_64PHP:</TXVersion>
	    <TXUserID/>
	    <TXRegNum/></ManageInfo></INIpay>AAMakkSx4xsSQIh+1kX8mC7RR5r68SbBOxbJ5R2N+pkz9uWSo0MCvtYQlxmjoOQH
k2Vc8kl/BuxpOo+2HOPFvsBHUma2bxHziCm7Y8cJzEAiIZgRJKh+Iqg6tP/opdH0
Cgw+L3GBS/gdfK9/DnMlkaNEVSZCJL98OuBWmR1tHWOh
]
INFO	[2021-06-11 15:46:49:858] <3975> DNS LOOKUP OK(203.238.37.3:203.238.37.3:34049) laptime:0
INFO	[2021-06-11 15:46:49:862] <3975> SOCKET CONNECT OK
INFO	[2021-06-11 15:46:49:862] <3975> SEND OK
INFO	[2021-06-11 15:46:50:345] <3975> RECV OK
INFO	[2021-06-11 15:46:50:345] <3975> MSG_FROM_PG:[0093300175D SHA1                   0                                      300430majorgol03                    INIMX_CARDmajorgol0320210611090815695496<?xml version="1.0" encoding="UTF-8"?><INIpay>
<CancelInfo>
<ResultCode>120000</ResultCode>
<ResultMsg urlencode="1">%C1%A4%BB%F3%C3%B3%B8%AE%B5%C7%BE%FA%BD%C0%B4%CF%B4%D9.</ResultMsg>
<SessionKey>ABnZA2G+iFqWa4OCmIu0cOKvRjGjZfDCGM/PgmxjWJvPMmZxPJfwn3IaN+yZAfL4
HwNnQbmNjJlV31SZGdR0t+lRdoksSIJ7abBnkJMnalyTkEkUxB3JClPQkEGc7ftc
GjpdutGsExSnnDjr0YE7i0RJNSC7EX3RZ/JuUzHH6ONZSGbx0A4m0qc=
</SessionKey>
<Encrypted>V/AP4s+aZAnyXDIU93YVxgYbunNG6AT4YsQtrgXXkYTpeRlDSN0uWZJtkT+3sxeD
gtdW8sd48KNo8v/6nbvmdwd/aXkKCo/u53vdxusBhMBmwrxk9IBqbd0Qr2Le6O6S
loamn6tI91sTii88wmfbJBS+ElLPM7ATvoq4pZUVnHNpz7NSCxvheqcevnA74IfA
PYQnO7PTmx3V3NSkI2+rRgSG+ss/ltktU2nNRicdWdaa2eupNQBJTvPI30f1IzZs
ggZW8PuQPGrauYAi2AuHuVaa+0d7XB+SV/uQnpbIglJdSNLgqoUwrIGWRX9Y88Kg
BcJ7YBO7jJ36gSPxGr8BR4qMRse8SQJo
</Encrypted>
</CancelInfo>
<ManageInfo/>
<ReservedInfo>
<MReserved1 urlencode="1"/>
<MReserved2 urlencode="1"/>
<MReserved3 urlencode="1"/>
</ReservedInfo>
</INIpay>
UFEVMXdPEpl0g1XRPQzaC6kw3hFRG3jOIXRHk+2bvkXsJM+DHz/CsZcO3xX3CfBj
+nNo3QS3co1jeRXuMUKiYx1oxTslTlY6IAa4ioyjWSSPJsErC3Cgf5zNfuKCYe0w
vcp40awmqwgqoP0ct4JucBta530ayPPPYJH97kU+5AI=
]
INFO	[2021-06-11 15:46:50:345] <3975> VERIFY OK
INFO	[2021-06-11 15:46:50:345] <3975> PARSE HEAD OK
INFO	[2021-06-11 15:46:50:345] <3975> PARSE BODY OK
INFO	[2021-06-11 15:46:50:346] <3975> DECRYPT OK
DEBUG	[2021-06-11 15:46:50:346] <3975> DECRYPT MSG:[<?xml version="1.0" encoding="UTF-8"?><CancelInfo>
<CancelDate>20210611</CancelDate>
<CancelTime>154649</CancelTime>
<ResultCode>120000</ResultCode>
<ResultMsg urlencode="1">%C1%A4%BB%F3%C3%B3%B8%AE%B5%C7%BE%FA%BD%C0%B4%CF%B4%D9.</ResultMsg>
</CancelInfo>]
INFO	[2021-06-11 15:46:50:346] <3975> DECRYPT PARSE OK
INFO	[2021-06-11 15:46:50:346] <3975> END cancel 정상처리되었습니다. Laptime:[0.49sec]
INFO	[2021-06-11 15:46:50:346] <3975> ===============================================================
