INFO	[2020-03-19 19:34:30:982] <947> START INIPHP receipt (V5036-141209)(OS:Linux2.6.32-754.11.1.el6.x86_64,PHP:5.3.3)
DEBUG	[2020-03-19 19:34:30:982] <947> inipayhome:/home/killdeal/public_html/shop/inicis
DEBUG	[2020-03-19 19:34:30:982] <947> debug:false
DEBUG	[2020-03-19 19:34:30:982] <947> type:receipt
DEBUG	[2020-03-19 19:34:30:982] <947> pgid:INIphpRECP
DEBUG	[2020-03-19 19:34:30:982] <947> paymethod:CASH
DEBUG	[2020-03-19 19:34:30:982] <947> currency:WON
DEBUG	[2020-03-19 19:34:30:982] <947> admin:1111
DEBUG	[2020-03-19 19:34:30:982] <947> mid:majorgol03
DEBUG	[2020-03-19 19:34:30:982] <947> goodname:킬딜특가마루망프리미엄투지퍼파우치골프백MR081
DEBUG	[2020-03-19 19:34:30:982] <947> cr_price:29900
DEBUG	[2020-03-19 19:34:30:982] <947> sup_price:27182
DEBUG	[2020-03-19 19:34:30:982] <947> tax:2718
DEBUG	[2020-03-19 19:34:30:982] <947> srvc_price:0
DEBUG	[2020-03-19 19:34:30:982] <947> buyername:김준원
DEBUG	[2020-03-19 19:34:30:982] <947> buyeremail:anetwork@hanmail.net
DEBUG	[2020-03-19 19:34:30:982] <947> buyertel:01075411138
DEBUG	[2020-03-19 19:34:30:982] <947> reg_num:01075411138
DEBUG	[2020-03-19 19:34:30:982] <947> useopt:0
DEBUG	[2020-03-19 19:34:30:982] <947> companynumber:
INFO	[2020-03-19 19:34:30:982] <947> Check Field OK
INFO	[2020-03-19 19:34:30:982] <947> Make TID OK INIphpRECPmajorgol0320200319193430826463
INFO	[2020-03-19 19:34:30:982] <947> PI PUB KEY LOAD OK []
INFO	[2020-03-19 19:34:30:982] <947> PG PUB KEY LOAD OK [30]
INFO	[2020-03-19 19:34:30:982] <947> MERCHANT PRIV KEY LOAD OK
INFO	[2020-03-19 19:34:30:982] <947> MERCHANT PUB KEY LOAD OK [0]
DEBUG	[2020-03-19 19:34:30:983] <947> MAKE ENCRYPT OK[<?xml version="1.0" encoding="UTF-8"?>
<PaymentInfo>
	  <Payment>
	    <CASH>
	      <CSHR_ApplPrice>29900</CSHR_ApplPrice>
	      <CSHR_SupplyPrice>27182</CSHR_SupplyPrice>
	      <CSHR_Tax>2718</CSHR_Tax>
	      <CSHR_ServicePrice/>
	      <CSHR_Type>0</CSHR_Type>
	      <CSHR_RegNum>01075411138</CSHR_RegNum>
	      <CSHR_CompanyNum/></CASH></Payment></PaymentInfo>]
INFO	[2020-03-19 19:34:30:983] <947> MAKE BODY OK
INFO	[2020-03-19 19:34:30:984] <947> SIGN OK
INFO	[2020-03-19 19:34:30:984] <947> MAKE HEAD OK
INFO	[2020-03-19 19:34:30:984] <947> MSG_TO_PG:[0196200175D SHA1                   0                                      300200majorgol03               29900INIphpRECPmajorgol0320200319193430826463<?xml version="1.0" encoding="UTF-8"?>
<INIpay>
	  <GoodsInfo>
	    <GoodsCnt>1</GoodsCnt>
	    <MOID/>
	    <Currency>WON</Currency>
	    <Tax>2718</Tax>
	    <TaxFree/>
	    <Goods>
	      <SMID>majorgol03</SMID>
	      <GoodsName urlencode="1">%C5%B3%B5%F4%C6%AF%B0%A1%B8%B6%B7%E7%B8%C1%C7%C1%B8%AE%B9%CC%BE%F6%C5%F5%C1%F6%C6%DB%C6%C4%BF%EC%C4%A1%B0%F1%C7%C1%B9%E9MR081</GoodsName>
	      <GoodsPrice>29900</GoodsPrice></Goods></GoodsInfo>
	  <BuyerInfo>
	    <BuyerName urlencode="1">%B1%E8%C1%D8%BF%F8</BuyerName>
	    <BuyerTel>01075411138</BuyerTel>
	    <BuyerEmail urlencode="1">anetwork%40hanmail.net</BuyerEmail>
	    <ParentEmail/>
	    <RecvName/>
	    <RecvTel/>
	    <RecvMsg/>
	    <RecvAddr/>
	    <RecvPostNum/></BuyerInfo>
	  <PaymentInfo>
	    <Payment>
	      <PayMethod>CASH</PayMethod>
	      <JoinCard/>
	      <JoinExpire/>
	      <MailOrder/>
	      <SessionKey>DpYSb2bOfigqcMCahkgxywHps9LvXM19EAwwcDIb4WROgzt2oEicAGO76miJWlew
ONyZbdeQwrC4VcIRUU+6Ypr6cr52x1V8R5LNgJP9mGSLRvEL9t30Vtxw3oVx+P68
HlV6cwjILaNjuQ0zXTU44snnHug4lZsTuS6qdcPE57xj/p2zzvwhQQ==
</SessionKey>
	      <Encrypted>J1zB1h7cadJ+Udstb1H/LJEp28mujdApUW8uFJycw80SWyQhNcVYnz7FPA4DdxsF
lCr/hjwyHaPtVo4JMEBVi8ZjDgj/U4OJOM4/gqWv5o3n3ce6m9ioE/8aKB0QnrUx
ALYMlz/DC77E+mG8BOktPM5Xf/VOhejEQ404A+s1+IY2QHNgbhtMtTADUMUs9Eq/
FJgYBCcSFQgNomP9i2wrE6qeu4sVkTvYaevUUMaOcuRS2UUv7KIp4EvMDiyHlBmT
1IXnMRjAs0/EBAbvj0r2jsBSrmLlBaOkXp1NCocmZOTswindpLEzH20LKLDZElwe
aAcwv92b6OljIZV8kryfsFE3DNgTxEu7igSHWSlq8TZX/xkPcu+XXnimzKa9PjAP
rYt2F+P/BzMCYraZY0DDGc1Wg2exuRnnAzHpnZlxirTOGnYpaVFi/bcKX8WQ03kc
qDivhgG1Quqlgqww+ujswN8ONKWe6KdEP0lu+Te2Eg96WO1Maeg4ww==
</Encrypted></Payment></PaymentInfo>
	  <ReservedInfo>
	    <MReserved1/>
	    <MReserved2/>
	    <MReserved3/></ReservedInfo>
	  <ManageInfo>
	    <Language/>
	    <URL/>
	    <TXVersion>5036B141209receiLinux     PHPchkfake   2.6.32-754.11.1.el6.x86_64PHP:</TXVersion>
	    <TXUserID/>
	    <TXRegNum/>
	    <Ack>1</Ack></ManageInfo></INIpay>AG76yWvRfizd9o0yOzQ316hj7WkQfTZBwwSMCrWOXvr/LWMKkMi1jmOnNPI61jJQ
FNnfklgGXK64sZfs9GXPulHavev/Nd3nuSg+BWTL9bkzYuBtfJgI4xmalW+R4Ob+
A6szGC9GhRPF+EcC1U8K1N159uuEJfbzBwV0DCeHDieH
]
INFO	[2020-03-19 19:34:30:984] <947> DNS LOOKUP OK(203.238.37.3:203.238.37.3:34049) laptime:0
INFO	[2020-03-19 19:34:30:986] <947> SOCKET CONNECT OK
INFO	[2020-03-19 19:34:30:986] <947> SEND OK
INFO	[2020-03-19 19:34:31:113] <947> RECV OK
INFO	[2020-03-19 19:34:31:113] <947> MSG_FROM_PG:[0227000175D SHA1                   0                                      300210majorgol03               29900INIphpRECPmajorgol0320200319193430826463<?xml version="1.0" encoding="UTF-8"?>
<INIpay>
  <GoodsInfo>
    <GoodsCnt>1</GoodsCnt>
    <MOID urlencode="1"></MOID>
    <Currency>WON</Currency>
    <Goods no="1">
      <SMID>majorgol03</SMID>
      <GoodsName urlencode="1">%C5%B3%B5%F4%C6%AF%B0%A1%B8%B6%B7%E7%B8%C1%C7%C1%B8%AE%B9%CC%BE%F6%C5%F5%C1%F6%C6%DB%C6%C4%BF%EC%C4%A1%B0%F1%C7%C1%B9%E9MR081</GoodsName>
      <GoodsCntS>1</GoodsCntS>
      <GoodsPrice>29900</GoodsPrice>
    </Goods>
  </GoodsInfo>
  <PaymentInfo>
    <Payment>
      <SessionKey>AIIQjwdKKfAXRSOXXsMpcKSZF9IX47w4udbBt0yH3P5O+rqJIj+NjUeXzfX+cMuV
XIfRwZYa+CPf7Az0JT8M+UDMrhToLDZbbqgZMuS0vjO/oWChcgCG2kirrCLDTq0T
JHbPJjPBDOf/WuMuVD684xuLpHIeUqN6jPnEc5idDJ7XgTqfSla0t9o=
</SessionKey>
      <Encrypted>7gOgbkoVpWHTCWzixsyToelO/sg4h2hfEzz6wPaCKnGEA1oZnPYwUTIVqMso/jun
WJkXVWoGaMbJedyuKoK/8xouh7hngJxs95LyZBg66GzlAYEWnI30H/ftlwL0JC5W
AD8i0iiFRCrEuotVNqGOEFFsAbJUQIdlbBEmPJ6zRh+Bk9nrSG2U7ovOg00vXyss
5tsk0TluXlMmu87sEs7rn62ljm/u6K57UvsHu8iqet2m1+I30m3NPErLARM15S1G
SGeWkgn3wem6AFF6u8QbtyyylX2XKEqXCcWHQjQOAh5Q6fmEI/DT372PcwPSbx5w
RHHX8pOl/ACKINLcPvwASC3H5f2ok9eZJonRJReQg7dtU/ThgGH98/q0wFkiwLLF
siXYXV18822vEUmezo3Eig2yAptVL14AJozb6wr39XTAXZDtXks03cNYl+ORM4mz
PMmXwK50Gln3+b3BDDx1D3Cm8lf/T78cvKNf2vYv/5wxgklk83ZrbWdAudL5fOmz
BM3TUUxS5Di+iOQwhOG3UFtC4RywQRgNoAvXTYik6gH9WXp2JS59HS4yXTNFR+tm
EjF3NrmXvuA9EwAD00B2xobHpCc/m9R973was4w2LXqDTd3tt9GWNN4wcobJJ7Ct
9WaSZ6dHMMTkzS9/VSdniVkO2SCyJ6VQKrIXQWMWpkKNySNjliIwgWcr9P1/eZUi
zVQ2bNBFNjxYOHcV4t+RvQOIO/jqFhKnJ9NA4G8wApPS2tWjOA3UvrdbaRcrEjHz
WB7vQYFvSwmJ5w35P3Nn83Oo2+DRn4jvoREq3PFRLlOCzeUfFo3b6754k3Tw922o
3vHhcD3wD/Q=
</Encrypted>
      <PayMethod>CASH</PayMethod>
      <ResultCode>220000</ResultCode>
      <ResultMsg urlencode="1">%C1%A4%BB%F3%C3%B3%B8%AE%B5%C7%BE%FA%BD%C0%B4%CF%B4%D9.</ResultMsg>
    </Payment>
  </PaymentInfo>
  <ManageInfo>
    <EventCode></EventCode>
    <OrgCurrency></OrgCurrency>
    <ExchangeRate></ExchangeRate>
    <OrgPrice></OrgPrice>
  </ManageInfo>
  <ReservedInfo>
    <MReserved1 urlencode="1"></MReserved1>
    <MReserved2 urlencode="1"></MReserved2>
    <MReserved3 urlencode="1"></MReserved3>
    <PGReserved1 urlencode="1"></PGReserved1>
    <PGReserved2 urlencode="1"></PGReserved2>
    <PGReserved3 urlencode="1"></PGReserved3>
  </ReservedInfo>
</INIpay>
Vmg1lF+psNWYihkMICIA/MJUS4o0X/8+PBxETEBrhzSOfFdXDhPD1usVXJLG0xxj
SrVdHbaCzy3d4z/nrrA4aR43maB43mnacRhqzTrWnYyj8JXPAkbsR3kDAA6KaDBD
yt7UoZ00CgafRaCsWzU4Tyaie0QY+4TfaFYTyywZVIk=
]
INFO	[2020-03-19 19:34:31:113] <947> VERIFY OK
INFO	[2020-03-19 19:34:31:113] <947> PARSE HEAD OK
INFO	[2020-03-19 19:34:31:114] <947> PARSE BODY OK
INFO	[2020-03-19 19:34:31:115] <947> DECRYPT OK
DEBUG	[2020-03-19 19:34:31:115] <947> DECRYPT MSG:[<?xml version="1.0" encoding="UTF-8"?>
<PaymentInfo>
  <Payment>
    <EASYPAY/>
    <CASH>
      <CSHR_ApplPrice>29900</CSHR_ApplPrice>
      <CSHR_SupplyPrice>27182</CSHR_SupplyPrice>
      <CSHR_Tax>2718</CSHR_Tax>
      <CSHR_ServicePrice></CSHR_ServicePrice>
      <CSHR_Type>0</CSHR_Type>
      <CSHR_ApplDate>20200319</CSHR_ApplDate>
      <CSHR_ApplTime>193432</CSHR_ApplTime>
      <CSHR_ApplNum>268247728</CSHR_ApplNum>
      <CSHR_ResultCode>220000</CSHR_ResultCode>
      <CSHR_ResultMsg urlencode="1">%C1%A4%BB%F3%C3%B3%B8%AE%B5%C7%BE%FA%BD%C0%B4%CF%B4%D9.</CSHR_ResultMsg>
    </CASH>
  </Payment>
</PaymentInfo>]
INFO	[2020-03-19 19:34:31:115] <947> DECRYPT PARSE OK
INFO	[2020-03-19 19:34:31:115] <947> WAIT ACK INVOKING
DEBUG	[2020-03-19 19:34:31:115] <947> MAKE HEAD OK
INFO	[2020-03-19 19:34:31:118] <947> SUCCESS ACK INVOKING
INFO	[2020-03-19 19:34:31:118] <947> END receipt 정상처리되었습니다. Laptime:[0.136sec]
INFO	[2020-03-19 19:34:31:118] <947> ===============================================================
