INFO	[2022-09-26 14:21:34:961] <23719> START INIPHP cancel (V5036-141209)(OS:Linux2.6.32-754.11.1.el6.x86_64,PHP:5.3.3)
DEBUG	[2022-09-26 14:21:34:961] <23719> inipayhome:/home1/killdeal/public_html/shop/inicis
DEBUG	[2022-09-26 14:21:34:961] <23719> debug:false
DEBUG	[2022-09-26 14:21:34:961] <23719> type:cancel
DEBUG	[2022-09-26 14:21:34:961] <23719> mid:majorgol03
DEBUG	[2022-09-26 14:21:34:961] <23719> admin:1111
DEBUG	[2022-09-26 14:21:34:961] <23719> tid:INIMX_CARDmajorgol0320220924210942325915
DEBUG	[2022-09-26 14:21:34:961] <23719> cancelmsg:쇼핑몰 운영자 승인 취소
INFO	[2022-09-26 14:21:34:961] <23719> Check Field OK
INFO	[2022-09-26 14:21:34:961] <23719> PI PUB KEY LOAD OK []
INFO	[2022-09-26 14:21:34:962] <23719> PG PUB KEY LOAD OK [30]
INFO	[2022-09-26 14:21:34:962] <23719> MERCHANT PRIV KEY LOAD OK
INFO	[2022-09-26 14:21:34:962] <23719> MERCHANT PUB KEY LOAD OK [0]
DEBUG	[2022-09-26 14:21:34:963] <23719> MAKE ENCRYPT OK[<?xml version="1.0" encoding="UTF-8"?>
<CancelInfo>
	  <CancelTID>INIMX_CARDmajorgol0320220924210942325915</CancelTID>
	  <CancelMsg urlencode="1">%BC%EE%C7%CE%B8%F4+%BF%EE%BF%B5%C0%DA+%BD%C2%C0%CE+%C3%EB%BC%D2</CancelMsg>
	  <CancelReason/></CancelInfo>]
INFO	[2022-09-26 14:21:34:963] <23719> MAKE BODY OK
INFO	[2022-09-26 14:21:34:963] <23719> SIGN OK
INFO	[2022-09-26 14:21:34:963] <23719> MAKE HEAD OK
INFO	[2022-09-26 14:21:34:963] <23719> MSG_TO_PG:[0096200175D SHA1                   0                                      300420majorgol03                    INIMX_CARDmajorgol0320220924210942325915<?xml version="1.0" encoding="UTF-8"?>
<INIpay>
	  <CancelInfo>
	    <SessionKey>A9F0jboPwEQ6mnmw78NQOc13KcrMBcIYBJIaI5lpz/Ln57b33U2H7Cic+EPV+m7p
Kdht9KYTfMdI6ev81E1603XLJqTkV7R/64Z/hD4/nr7Kvsamg8FLy82TkdKN/0In
eltI4h2Jxc8/60l+AlPj9YoXtmK9lK4UWrHx22vBe+c424R4M8VzAQ==
</SessionKey>
	    <Encrypted>rtIUeAgwZcrSq0tvXBiPffmICL3n7aLVZ+idSwXohw3+6pRyj5Gy7ZK72KpH4zCy
fqnHzFKgVYO4mEGzzj4asN+n7Xr4lUcnhY2snIFIsMV0PmaMMXeJJVate7LG2J6e
ZHwthY2Hf6zU+OJTeW6IOdPJ9HZRdkN2J4pU/5aPiRMl/EnNBemVByE+HOER4vVb
gldbjgtv99Yk70MTrjfascRkuUn43hWQq+ysTNvbOSF6IyTBlRqtoopiCi9Si5yw
khOnLZCuTtuRvtK0fU2Ux+zJZkwjFEqYQ7oVlKw/zkqXGSUSJFhyUZT5z9j3QNhm
SFGBvCDtmuxVWNBT0Ct5gg==
</Encrypted></CancelInfo>
	  <ReservedInfo>
	    <MReserved1/>
	    <MReserved2/>
	    <MReserved3/></ReservedInfo>
	  <ManageInfo>
	    <Language/>
	    <URL/>
	    <TXVersion>5036B141209canceLinux     PHPchkfake   2.6.32-754.11.1.el6.x86_64PHP:</TXVersion>
	    <TXUserID/>
	    <TXRegNum/></ManageInfo></INIpay>AMOcaTf8P6G4g7oTzp7280s6thoxty35E2mdd1KhtkuX4FbDSdYvGzp54gUy8oxv
fS2wl+N2aLOzqMwDpaVI+zQ3fEk19EX5b7CT1lUb7FhOVA6OBYhk6t4QJbY5AI5Y
mG7TwvM/GgnFUbrde4Md1sVXDkUjTTbT+S08BMdJkkz9
]
INFO	[2022-09-26 14:21:34:963] <23719> DNS LOOKUP OK(203.238.37.3:203.238.37.3:34049) laptime:0
INFO	[2022-09-26 14:21:34:966] <23719> SOCKET CONNECT OK
INFO	[2022-09-26 14:21:34:966] <23719> SEND OK
INFO	[2022-09-26 14:21:35:692] <23719> RECV OK
INFO	[2022-09-26 14:21:35:693] <23719> MSG_FROM_PG:[0093300175D SHA1                   0                                      300430majorgol03                    INIMX_CARDmajorgol0320220924210942325915<?xml version="1.0" encoding="UTF-8"?><INIpay>
<CancelInfo>
<ResultCode>120000</ResultCode>
<ResultMsg urlencode="1">%C1%A4%BB%F3%C3%B3%B8%AE%B5%C7%BE%FA%BD%C0%B4%CF%B4%D9.</ResultMsg>
<SessionKey>ARh9OuRwU2qjOCEZNgte4RAqXkW3L3RBRFWIgcGqqdQOM2dXSljV8W/OswVoJev0
80wQLdAYpCuxvL8i+zKHnCrwcrStbE5aVYuGKQ3hOVSIJL8abN1FJ+5u1jCeun9l
z0Wzj186vUf8KE96BWjBHaBTA76foDP28ILnoQnS3d2bGCOIGMgh0kY=
</SessionKey>
<Encrypted>AGds9B6i+cQ4hr5IsCQw4fiqKVzIz1jYaVGxlMGrUrUFwocWoEWiwrA1t38+41rc
a2YlGO3hJfMuGkO0x0bQYq5o+aHN22tEfhkE7gJhKzw4V/TB+ZHW9I5Dk8x90K0Z
TjvrLd5eqpngCjBhDFDu+XRFRPLqV+WOKtjNV26sjr1JIXQ3DwP5xylbBJjbl9Pe
xVBKxcI3MiNIyYc2pJ1TodVuh15p6uY0IoBr85aEjh6LPVxc7PTIw38pYlE6Ut3H
Ex/9/jB+FtFP83eeZjZms/RuPLQ7CS4hHvbw7EU/GwajhpuYAc85D0f5b1D2L/Ap
ifdXkjzTU5cHQjiOl+8sUXtviF0Wj1rz
</Encrypted>
</CancelInfo>
<ManageInfo/>
<ReservedInfo>
<MReserved1 urlencode="1"/>
<MReserved2 urlencode="1"/>
<MReserved3 urlencode="1"/>
</ReservedInfo>
</INIpay>
UcoR5eWSDndq1J5sIpnZMwsadK6GfNN+Tpan0ghDSvG+0pG31O4f1K6KKsxQ8wTg
qebhMn8fE3fbrg5YmFQJ5gCsq9cJx5qVSfu/MM2+O4+CuvSJagS2+S0/YmiLwXkl
RvY+cROrPhkXt2sCWgRaa58zYV+YW7wWVIhuTvFTF6c=
]
INFO	[2022-09-26 14:21:35:693] <23719> VERIFY OK
INFO	[2022-09-26 14:21:35:693] <23719> PARSE HEAD OK
INFO	[2022-09-26 14:21:35:693] <23719> PARSE BODY OK
INFO	[2022-09-26 14:21:35:694] <23719> DECRYPT OK
DEBUG	[2022-09-26 14:21:35:694] <23719> DECRYPT MSG:[<?xml version="1.0" encoding="UTF-8"?><CancelInfo>
<CancelDate>20220926</CancelDate>
<CancelTime>142135</CancelTime>
<ResultCode>120000</ResultCode>
<ResultMsg urlencode="1">%C1%A4%BB%F3%C3%B3%B8%AE%B5%C7%BE%FA%BD%C0%B4%CF%B4%D9.</ResultMsg>
</CancelInfo>]
INFO	[2022-09-26 14:21:35:694] <23719> DECRYPT PARSE OK
INFO	[2022-09-26 14:21:35:694] <23719> END cancel 정상처리되었습니다. Laptime:[0.733sec]
INFO	[2022-09-26 14:21:35:694] <23719> ===============================================================
INFO	[2022-09-26 15:20:29:74] <24166> START INIPHP cancel (V5036-141209)(OS:Linux2.6.32-754.11.1.el6.x86_64,PHP:5.3.3)
DEBUG	[2022-09-26 15:20:29:74] <24166> inipayhome:/home1/killdeal/public_html/shop/inicis
DEBUG	[2022-09-26 15:20:29:74] <24166> debug:false
DEBUG	[2022-09-26 15:20:29:74] <24166> type:cancel
DEBUG	[2022-09-26 15:20:29:74] <24166> mid:majorgol03
DEBUG	[2022-09-26 15:20:29:74] <24166> admin:1111
DEBUG	[2022-09-26 15:20:29:74] <24166> tid:INIMX_CARDmajorgol0320220917163207965472
DEBUG	[2022-09-26 15:20:29:74] <24166> cancelmsg:쇼핑몰 운영자 승인 취소
INFO	[2022-09-26 15:20:29:74] <24166> Check Field OK
INFO	[2022-09-26 15:20:29:74] <24166> PI PUB KEY LOAD OK []
INFO	[2022-09-26 15:20:29:74] <24166> PG PUB KEY LOAD OK [30]
INFO	[2022-09-26 15:20:29:74] <24166> MERCHANT PRIV KEY LOAD OK
INFO	[2022-09-26 15:20:29:75] <24166> MERCHANT PUB KEY LOAD OK [0]
DEBUG	[2022-09-26 15:20:29:75] <24166> MAKE ENCRYPT OK[<?xml version="1.0" encoding="UTF-8"?>
<CancelInfo>
	  <CancelTID>INIMX_CARDmajorgol0320220917163207965472</CancelTID>
	  <CancelMsg urlencode="1">%BC%EE%C7%CE%B8%F4+%BF%EE%BF%B5%C0%DA+%BD%C2%C0%CE+%C3%EB%BC%D2</CancelMsg>
	  <CancelReason/></CancelInfo>]
INFO	[2022-09-26 15:20:29:75] <24166> MAKE BODY OK
INFO	[2022-09-26 15:20:29:76] <24166> SIGN OK
INFO	[2022-09-26 15:20:29:76] <24166> MAKE HEAD OK
INFO	[2022-09-26 15:20:29:76] <24166> MSG_TO_PG:[0096200175D SHA1                   0                                      300420majorgol03                    INIMX_CARDmajorgol0320220917163207965472<?xml version="1.0" encoding="UTF-8"?>
<INIpay>
	  <CancelInfo>
	    <SessionKey>yzOHfEC02QL1HUlFegd+crEyF8ahHYn49OqzmPEIGit/j/Dsd8DYv6mE1qISIJn5
dxuBpRtKaSS0UyDoTNrwGFvR3jOXR4x5LRSDBVar/hLBx1QVzNz3a6ve16soeNyC
VfnTzzgxeklbuKRQXohQziRrrYXyYzRpi+/ZVIJDjED9kPUbamtr3Q==
</SessionKey>
	    <Encrypted>4RPOrN9zWeCRPavB3MB19/pyn3pannf/QwE+zAnN9yoXzkOQoufdeKdl7fUiZ68C
IDUvP32LV1BpepKB5Rj4bZQUPFse5HfnNbo87las+FGhXglGeLNlT6Aa00/hW1jm
TabXRHu8lDS763nAeq4nxmuMamdvvflYuUEiqwIgdGtcbgJtKoNy62zdI6jnV5Z4
y+hvZrTbHVJ7WuMLBla1zAJiGqBhsvziE7G+1FVQJlMOYUkO+XkxEe6ITk/OKwBh
rvbO8Zsvz8cCSkinQzROuyOiPvglY2j97vgHILmsHtL1vXS8cMq8vNjpYzpAb5+D
2b0OzbqXb+T9wmCwtJTlFg==
</Encrypted></CancelInfo>
	  <ReservedInfo>
	    <MReserved1/>
	    <MReserved2/>
	    <MReserved3/></ReservedInfo>
	  <ManageInfo>
	    <Language/>
	    <URL/>
	    <TXVersion>5036B141209canceLinux     PHPchkfake   2.6.32-754.11.1.el6.x86_64PHP:</TXVersion>
	    <TXUserID/>
	    <TXRegNum/></ManageInfo></INIpay>AOfWGm3bBrfpwumkpd9Vn95VTBnWAsvSl5bhKKKjVJeLCZerefRx6A0gOzeqsswu
TRB/27L6JgrjES/R9k8tay93mtWO1+skLk4AXh5+ZMqM4j/e3tYAPuOx+ephywef
fJwp4axnfINw9MqDxwMrc19gNGlQROYB4zDz8zo1yWBM
]
INFO	[2022-09-26 15:20:29:76] <24166> DNS LOOKUP OK(203.238.37.3:203.238.37.3:34049) laptime:0
INFO	[2022-09-26 15:20:29:79] <24166> SOCKET CONNECT OK
INFO	[2022-09-26 15:20:29:79] <24166> SEND OK
INFO	[2022-09-26 15:20:29:222] <24166> RECV OK
INFO	[2022-09-26 15:20:29:222] <24166> MSG_FROM_PG:[0093300175D SHA1                   0                                      300430majorgol03                    INIMX_CARDmajorgol0320220917163207965472<?xml version="1.0" encoding="UTF-8"?><INIpay>
<CancelInfo>
<ResultCode>120000</ResultCode>
<ResultMsg urlencode="1">%C1%A4%BB%F3%C3%B3%B8%AE%B5%C7%BE%FA%BD%C0%B4%CF%B4%D9.</ResultMsg>
<SessionKey>AAvNmKgWClR0nRCLBraPvUHeH21//DVvlF6x7ICY9S9IZnmmMkMSiIHpqbv6C4Sa
UKz+gmeMgMXngupCAiNEvyFLDURpZb6FQw8yNUp2tbN8PqwNqAFCF8L/d3NU7xD3
8teyxxz+YwV8FktSbEm5mqoLqg3J5Ryc41fqIDKqVUfUEurE6YDeVOI=
</SessionKey>
<Encrypted>NktxUO90MohSaePn9qVnFxNzBP2X5oOVGpywRq0xoa/YCnl6jW0e92E98pio3Ir/
oKAVzF2baDHrkj5n6KsfBqxrhnatn4jx9iEOp8CRCOQZg8cWzUpRCEzKuIt5M9ze
kwavKKXTIYDpfTS7AzKjwLHMJPO5d5sr5uRBta8droehnvMN2YelSvCKiLw6JDTV
L+ipB46k0T/HfW5DDrU1jFn0Ra6YzB0KNJFXwSvJ0CzEhQhsdG10rp/jbYVi8db9
9axg3YAu/PeOKuIqVouzdxMPraqvUZWknrjdaY62N5pHu1ynQa8LxzfAGsz8WP/7
ZN7dWhi5uwUx/VPSHz5d+2rczS3lhbM1
</Encrypted>
</CancelInfo>
<ManageInfo/>
<ReservedInfo>
<MReserved1 urlencode="1"/>
<MReserved2 urlencode="1"/>
<MReserved3 urlencode="1"/>
</ReservedInfo>
</INIpay>
BsZYOh6In7EqahcQCLz543raSxgP1YC404UyQ0pA89qN0uJTEc1Pl7oxREN8JDd/
UxrZVQF3kmfcIcKYEmX5enl7Gy56a4PbMp0fMR1XQR4k6SlKXHkJXEE1jDADSciN
nlxDTcrv9ydSRCQ5c91b18CbelJAJSnoZ/6NeBp99PY=
]
INFO	[2022-09-26 15:20:29:222] <24166> VERIFY OK
INFO	[2022-09-26 15:20:29:222] <24166> PARSE HEAD OK
INFO	[2022-09-26 15:20:29:222] <24166> PARSE BODY OK
INFO	[2022-09-26 15:20:29:223] <24166> DECRYPT OK
DEBUG	[2022-09-26 15:20:29:223] <24166> DECRYPT MSG:[<?xml version="1.0" encoding="UTF-8"?><CancelInfo>
<CancelDate>20220926</CancelDate>
<CancelTime>152029</CancelTime>
<ResultCode>120000</ResultCode>
<ResultMsg urlencode="1">%C1%A4%BB%F3%C3%B3%B8%AE%B5%C7%BE%FA%BD%C0%B4%CF%B4%D9.</ResultMsg>
</CancelInfo>]
INFO	[2022-09-26 15:20:29:223] <24166> DECRYPT PARSE OK
INFO	[2022-09-26 15:20:29:223] <24166> END cancel 정상처리되었습니다. Laptime:[0.149sec]
INFO	[2022-09-26 15:20:29:223] <24166> ===============================================================
