INFO	[2022-03-28 09:27:26:245] <25117> START INIPHP repay (V5036-141209)(OS:Linux2.6.32-754.11.1.el6.x86_64,PHP:5.3.3)
DEBUG	[2022-03-28 09:27:26:245] <25117> inipayhome:/home1/killdeal/public_html/shop/inicis
DEBUG	[2022-03-28 09:27:26:245] <25117> debug:false
DEBUG	[2022-03-28 09:27:26:245] <25117> type:repay
DEBUG	[2022-03-28 09:27:26:245] <25117> pgid:INIphpRPAY
DEBUG	[2022-03-28 09:27:26:245] <25117> subpgip:203.238.3.10
DEBUG	[2022-03-28 09:27:26:245] <25117> mid:fourseason
DEBUG	[2022-03-28 09:27:26:245] <25117> admin:1111
DEBUG	[2022-03-28 09:27:26:245] <25117> oldtid:INIMX_CARDfourseason20220316100256274486
DEBUG	[2022-03-28 09:27:26:245] <25117> currency:WON
DEBUG	[2022-03-28 09:27:26:245] <25117> price:18900
DEBUG	[2022-03-28 09:27:26:245] <25117> confirm_price:121900
DEBUG	[2022-03-28 09:27:26:245] <25117> buyeremail:dudtnrl0527@naver.com
DEBUG	[2022-03-28 09:27:26:245] <25117> tax:1718
DEBUG	[2022-03-28 09:27:26:245] <25117> taxfree:0
INFO	[2022-03-28 09:27:26:245] <25117> Check Field OK
INFO	[2022-03-28 09:27:26:245] <25117> Make TID OK INIphpRPAYfourseason20220328092726451010
INFO	[2022-03-28 09:27:26:245] <25117> PI PUB KEY LOAD OK []
INFO	[2022-03-28 09:27:26:245] <25117> PG PUB KEY LOAD OK [30]
INFO	[2022-03-28 09:27:26:245] <25117> MERCHANT PRIV KEY LOAD OK
INFO	[2022-03-28 09:27:26:245] <25117> MERCHANT PUB KEY LOAD OK [0]
DEBUG	[2022-03-28 09:27:26:246] <25117> MAKE ENCRYPT OK[<?xml version="1.0" encoding="UTF-8"?>
<PartCancelInfo>
	  <PRTC_TID>INIMX_CARDfourseason20220316100256274486</PRTC_TID>
	  <PRTC_Price>18900</PRTC_Price>
	  <PRTC_Remains>121900</PRTC_Remains>
	  <PRTC_Quota/>
	  <PRTC_Interest/>
	  <PRTC_NoAcctFNBC/>
	  <PRTC_NmAcctFNBC/></PartCancelInfo>]
INFO	[2022-03-28 09:27:26:246] <25117> MAKE BODY OK
INFO	[2022-03-28 09:27:26:247] <25117> SIGN OK
INFO	[2022-03-28 09:27:26:247] <25117> MAKE HEAD OK
INFO	[2022-03-28 09:27:26:247] <25117> MSG_TO_PG:[0111700175D SHA1                   0                                      300620fourseason               18900INIphpRPAYfourseason20220328092726451010<?xml version="1.0" encoding="UTF-8"?>
<INIpay>
	  <PartCancelInfo>
	    <SessionKey>Cv7aA4ioSQ2cpqpxjT1qH8KI6vPEGeiUOhns1NUOad9m+3jTMO1ahIMJac9yGwsn
WymMBWYwnYw/cN+LTIjDSWwS/RnroXWrtC0q8to2Xc2lGqy97O1VAvQNIr3cIChW
Q3qj1j4GbX4kEqz49FUe2w4KgERtJmGt5T3HPoNHtgkSwDGP5nUGPw==
</SessionKey>
	    <Encrypted>T9Svs7UTkxvj1l/GJzVprO7VU+Yg3iklyv1A1Fy6DM2W4tQA4TER1Gst6c0k3Qyk
ZnH2NSEPF29I9dZbNmasTLFGEvxRBFqN8EgWbDytLL8CiR47s1oOraTAx7C79S8b
IChalTdgN1MsOFN3Q/x6jsu1m8iOaeKseG5b+joeG87WUwqmlj6nfvKTdjbzgCSc
+SLJJoMW42gzovPIKtMsHaf8gh+sYTZoCNO8D/nqDUiTHh/5oJktxrWV94MReqog
E3kpMm/FoSUqQLeJenePkyXcSvfFGZ83lRVsptKGZMqHG8C4fd7zbcE19EDbSt8g
Y/eLlliIZ63NyMIwxCnwJJywdbUxWPxSGqu+BP2Ndf+hTzVvmyMaPCC88ZCJqjlS
bgl1+ptdbrA=
</Encrypted></PartCancelInfo>
	  <GoodsInfo>
	    <Tax>1718</Tax>
	    <TaxFree/>
	    <Currency>WON</Currency></GoodsInfo>
	  <ReservedInfo>
	    <MReserved1/>
	    <MReserved2/>
	    <MReserved3/></ReservedInfo>
	  <ManageInfo>
	    <Language/>
	    <URL/>
	    <TXVersion>5036B141209repayLinux     PHPchkfake   2.6.32-754.11.1.el6.x86_64PHP:</TXVersion>
	    <TXUserID/>
	    <TXRegNum/></ManageInfo></INIpay>AI3Z7RZlfXWHzRDVvjXOhU8AGTfJScpl+tXSQGy/rMQQPvGhv+l8mJAxyPFJHyFS
f2CvK1OJg2vNjQb3YvigWy5Z5mAw83eT7wKyL52IWUn2CSThK3XdqZ5ALLTyezyM
IRwggBcAN17hgVmr9KEYP03+eBO/GesRJzs6Ym+06GK5
]
INFO	[2022-03-28 09:27:26:247] <25117> DNS LOOKUP OK(203.238.37.3:203.238.37.3:34049) laptime:0
INFO	[2022-03-28 09:27:26:249] <25117> SOCKET CONNECT OK
INFO	[2022-03-28 09:27:26:249] <25117> SEND OK
INFO	[2022-03-28 09:27:26:387] <25117> RECV OK
INFO	[2022-03-28 09:27:26:387] <25117> MSG_FROM_PG:[0099200175D SHA1                   0                                      300630fourseason               18900INIphpRPAYfourseason20220328092726451010<?xml version="1.0" encoding="UTF-8"?><INIpay>
<PartCancelInfo>
<PayMethod>Card</PayMethod>
<ResultCode>120000</ResultCode>
<ResultMsg urlencode="1">%C1%A4%BB%F3%C3%B3%B8%AE%B5%C7%BE%FA%BD%C0%B4%CF%B4%D9.</ResultMsg>
<SessionKey>AOX2v0AdiZL8Y/h63CEMUHNU5lEDhHzfjJZvVhot5Qnb2f5/CnRdnnmxwKpyhfxy
Fsh7QAqXsVMcrH7TxSS5LYMgqLV0EjfCg0Q1wCMt25NlMgc0TyPcexE4mH7sAqJ9
FKRuNO8wpBxg8RnZhNXBg1wA+ftkwLGSyUmsyoJ52MkewGnR8i16O5I=
</SessionKey>
<Encrypted>B7FQU5SoqxPfowY53o1GowfnGNP2d75JePUsLrXP7I4/UFRRDiewLIlpN6phYefY
lQuT2+kIUMfbW+uGMb96B+XiTvWTvjyNZ+tswjLb7i1yA36he+CRiCOpmger0TmE
RvO5Zk47EE4T2ZbauweS/B8q9Aa4f1+klLQnAx7ejBr3E5jGoO+accqPk6uIzPNj
Ri6ffEvrI6PdLwZp3Jwj+chM1EqYSNf7+/shhFhYAiQEY/sU+Xddiz6SF/+ECBoT
yKbeZK/i9HYwDGDPjQILb31G8Wrgh2vaTJAPDeV+guyt5KuJqMk732NKpsAj13gq
kFt52PHoXQzpTRcHpyU9uqAlbsUrxAJLJh7r5CkPzPKFWkbQz56+R5fIDMk5fMrK
iWV2FIxxw3Egll1oa831zzhG/fdcHuux5uPJep9tS5mQoWvF/i/dzY7hjsoBkR6P
aIc3sNzrB9tJLd2Bbspv1Q==
</Encrypted>
</PartCancelInfo>
<ManageInfo/>
<ReservedInfo/>
</INIpay>
maxNIWp5SA06U+fy0hg+g014GxRURVrKJoPgT0CnurqX8hGW/Vo02Zt+Pouhoz0U
Ow006yAFwpMjRVz+lzc/rdQvo2O4huXq3icycTcYSWw0tdKx1AVZX7hH06AGd61n
Ma/NziZqfEFtKego/uHWassKwIM8YoC2vf/y1BX2kfA=
]
INFO	[2022-03-28 09:27:26:387] <25117> VERIFY OK
INFO	[2022-03-28 09:27:26:387] <25117> PARSE HEAD OK
INFO	[2022-03-28 09:27:26:388] <25117> PARSE BODY OK
INFO	[2022-03-28 09:27:26:388] <25117> DECRYPT OK
DEBUG	[2022-03-28 09:27:26:388] <25117> DECRYPT MSG:[<?xml version="1.0" encoding="UTF-8"?><PartCancelInfo>
<PRTC_TID>INIMX_CARDfourseason20220316100256274486</PRTC_TID>
<PRTC_Price>18900</PRTC_Price>
<PRTC_Remains>121900</PRTC_Remains>
<PRTC_Quota>00</PRTC_Quota>
<PRTC_Type>1</PRTC_Type>
<CancelDate>20220328</CancelDate>
<CancelTime>092726</CancelTime>
<PRTC_Cnt>3</PRTC_Cnt>
</PartCancelInfo>]
INFO	[2022-03-28 09:27:26:388] <25117> DECRYPT PARSE OK
INFO	[2022-03-28 09:27:26:389] <25117> END repay 정상처리되었습니다. Laptime:[0.144sec]
INFO	[2022-03-28 09:27:26:389] <25117> ===============================================================
INFO	[2022-03-28 09:28:17:752] <25102> START INIPHP repay (V5036-141209)(OS:Linux2.6.32-754.11.1.el6.x86_64,PHP:5.3.3)
DEBUG	[2022-03-28 09:28:17:752] <25102> inipayhome:/home1/killdeal/public_html/shop/inicis
DEBUG	[2022-03-28 09:28:17:752] <25102> debug:false
DEBUG	[2022-03-28 09:28:17:752] <25102> type:repay
DEBUG	[2022-03-28 09:28:17:752] <25102> pgid:INIphpRPAY
DEBUG	[2022-03-28 09:28:17:752] <25102> subpgip:203.238.3.10
DEBUG	[2022-03-28 09:28:17:752] <25102> mid:fourseason
DEBUG	[2022-03-28 09:28:17:752] <25102> admin:1111
DEBUG	[2022-03-28 09:28:17:752] <25102> oldtid:INIMX_CARDfourseason20220316100256274486
DEBUG	[2022-03-28 09:28:17:752] <25102> currency:WON
DEBUG	[2022-03-28 09:28:17:752] <25102> price:28900
DEBUG	[2022-03-28 09:28:17:752] <25102> confirm_price:93000
DEBUG	[2022-03-28 09:28:17:752] <25102> buyeremail:dudtnrl0527@naver.com
DEBUG	[2022-03-28 09:28:17:752] <25102> tax:2627
DEBUG	[2022-03-28 09:28:17:752] <25102> taxfree:0
INFO	[2022-03-28 09:28:17:752] <25102> Check Field OK
INFO	[2022-03-28 09:28:17:752] <25102> Make TID OK INIphpRPAYfourseason20220328092817527773
INFO	[2022-03-28 09:28:17:752] <25102> PI PUB KEY LOAD OK []
INFO	[2022-03-28 09:28:17:753] <25102> PG PUB KEY LOAD OK [30]
INFO	[2022-03-28 09:28:17:753] <25102> MERCHANT PRIV KEY LOAD OK
INFO	[2022-03-28 09:28:17:753] <25102> MERCHANT PUB KEY LOAD OK [0]
DEBUG	[2022-03-28 09:28:17:753] <25102> MAKE ENCRYPT OK[<?xml version="1.0" encoding="UTF-8"?>
<PartCancelInfo>
	  <PRTC_TID>INIMX_CARDfourseason20220316100256274486</PRTC_TID>
	  <PRTC_Price>28900</PRTC_Price>
	  <PRTC_Remains>93000</PRTC_Remains>
	  <PRTC_Quota/>
	  <PRTC_Interest/>
	  <PRTC_NoAcctFNBC/>
	  <PRTC_NmAcctFNBC/></PartCancelInfo>]
INFO	[2022-03-28 09:28:17:754] <25102> MAKE BODY OK
INFO	[2022-03-28 09:28:17:754] <25102> SIGN OK
INFO	[2022-03-28 09:28:17:754] <25102> MAKE HEAD OK
INFO	[2022-03-28 09:28:17:754] <25102> MSG_TO_PG:[0111700175D SHA1                   0                                      300620fourseason               28900INIphpRPAYfourseason20220328092817527773<?xml version="1.0" encoding="UTF-8"?>
<INIpay>
	  <PartCancelInfo>
	    <SessionKey>vkxuNAuHirW4+e5JxZzrhJNu4W4Ayr4C4PLCbJCC8SffaT7aNvm2OY1/XM46X1dF
f/UyxhFJxvoXNAr/4m6jCtnKztX/ctfSbipWcyyL/eLgYJpi43DGTrtA8snwmr4t
sMQKs6segxnzE4EW6+vO9T/1ZMEsdn/2wh2BM7y7D8PSCzprdY3N1w==
</SessionKey>
	    <Encrypted>dDilzxl66pVtPFkvWad9ejBjTs8fe2KKdyaHh+vH385epYhlb7+6xQQ0/Vl1fK03
cc9UIAyGbARiWGPIqQoeb49HKhmPtG2YZjK3lSBXepqUbjAyk5jLHmDMSORJ6I+V
NuXXBtjflHN1095aK/mJsD8sIt7f7/qL4gbrQXgO8bJBtOqC1J7ihDvPfvvovdup
Ln00kpGMZ/UmGHLSz9vIVWdv+bDvB1GFZCOfF0QZZwszpONRNFHyCIgIVe8/oA97
tRvw+3W6X8aXpA1PtJKcDdUOxHCIcIPhzBZ6C/xqZ091WB0NSV1LkruS36zuJ9dk
AJo9bzt5aeNOcHZoA2YJYhjYca0VNRGNzECK42cS5qM/602bsGf0pAbbJWrXf0Sj
V91XuECJ97o=
</Encrypted></PartCancelInfo>
	  <GoodsInfo>
	    <Tax>2627</Tax>
	    <TaxFree/>
	    <Currency>WON</Currency></GoodsInfo>
	  <ReservedInfo>
	    <MReserved1/>
	    <MReserved2/>
	    <MReserved3/></ReservedInfo>
	  <ManageInfo>
	    <Language/>
	    <URL/>
	    <TXVersion>5036B141209repayLinux     PHPchkfake   2.6.32-754.11.1.el6.x86_64PHP:</TXVersion>
	    <TXUserID/>
	    <TXRegNum/></ManageInfo></INIpay>ABaQlFZGGVbv7JRIsWPZtu+H//Kg+iztf7cOmeyx3zuEkUS5YRVM8JhQUHyuRZIw
HZhvyfFm7OtuocfswxAEZRpyy+ALfsVO4VN81lX3OeuTOXBFh22aLH+ALFrzsqrr
qDYe1FMJPw8BgBdD8hl45D78CPpc7sF47cXf1ZttSlIK
]
INFO	[2022-03-28 09:28:17:754] <25102> DNS LOOKUP OK(203.238.37.3:203.238.37.3:34049) laptime:0
INFO	[2022-03-28 09:28:17:757] <25102> SOCKET CONNECT OK
INFO	[2022-03-28 09:28:17:757] <25102> SEND OK
INFO	[2022-03-28 09:28:17:902] <25102> RECV OK
INFO	[2022-03-28 09:28:17:902] <25102> MSG_FROM_PG:[0098000175D SHA1                   0                                      300630fourseason               28900INIphpRPAYfourseason20220328092817527773<?xml version="1.0" encoding="UTF-8"?><INIpay>
<PartCancelInfo>
<PayMethod>Card</PayMethod>
<ResultCode>120000</ResultCode>
<ResultMsg urlencode="1">%C1%A4%BB%F3%C3%B3%B8%AE%B5%C7%BE%FA%BD%C0%B4%CF%B4%D9.</ResultMsg>
<SessionKey>ACTOjUPtL76pT0A1yHOG7Mino0/Khjth3IcaJ7MlYhd00EAIeDZA+tN4KhbSzFiH
HkPwdz7n4rCh5LVSCF6zwObS4I64qn4b2vG6JBHoKQFAAZoPAOnV0kpELsI28t9Q
JIZfqWNdB7Y1lVdXl8KE9LBDaAx1oXvzUE89pcbt6+OuA7BRMkqsRzQ=
</SessionKey>
<Encrypted>uGOS5oVD8jCjybPo3AqGsbX5CMu3xGoYkLhLSjki2MRuF3fCNAnlGM0rML35AvFM
nylaMnTbKLgcpgzWVFdBwKy3hmGIedZ61KD4ogzXAOfyom1YVtxVF04+eodhcwWw
mRgw4eRArPEyDS6lhNKlndztnTIQmNgj9M6r73WLbA454iUcc0pYGY2Fx1I3nlXu
RWip9frlkKD5GiYDiK1Two6oanzEdF27DbXbTq5Rg/8cVnOdTAZhbOZ7QhAt8whD
/X0ZFf0cYYVzcsTuXCtUePSotu4lLu31XoOcaWdhbOV2PBHfFnwXPGfjGxkbCa13
XvII3iUPTSRAxq3Su7NV6XJNBTvDDCVcRRjbVJ6z6c0Etl4vZJSGfPIfmiaa9G7q
w5KHZ9QRAyh7Cond1QJL/TUmFYZ/Zd3SbSwwajVszT/AAcl+JW4TcIKBOMdySZjk
3BnHwxe4PVc=
</Encrypted>
</PartCancelInfo>
<ManageInfo/>
<ReservedInfo/>
</INIpay>
uhF9CDb87gpt9Vm8mwvuSy+Bp3CbrDesPsDPiQbpN28dEyv1v7+HV4hywIWUnYm0
VIY+0Ii1adJUFhx2MKPes8RegsxDqIeQoSi4tFjjz3APzqMSw3DxtCJ0yWpG/wax
bKBJSDNfVbOGtxRoUhZquYMB5MjU5qe9KVbtWIdJFc8=
]
INFO	[2022-03-28 09:28:17:902] <25102> VERIFY OK
INFO	[2022-03-28 09:28:17:902] <25102> PARSE HEAD OK
INFO	[2022-03-28 09:28:17:902] <25102> PARSE BODY OK
INFO	[2022-03-28 09:28:17:903] <25102> DECRYPT OK
DEBUG	[2022-03-28 09:28:17:903] <25102> DECRYPT MSG:[<?xml version="1.0" encoding="UTF-8"?><PartCancelInfo>
<PRTC_TID>INIMX_CARDfourseason20220316100256274486</PRTC_TID>
<PRTC_Price>28900</PRTC_Price>
<PRTC_Remains>93000</PRTC_Remains>
<PRTC_Quota>00</PRTC_Quota>
<PRTC_Type>1</PRTC_Type>
<CancelDate>20220328</CancelDate>
<CancelTime>092817</CancelTime>
<PRTC_Cnt>4</PRTC_Cnt>
</PartCancelInfo>]
INFO	[2022-03-28 09:28:17:903] <25102> DECRYPT PARSE OK
INFO	[2022-03-28 09:28:17:903] <25102> END repay 정상처리되었습니다. Laptime:[0.151sec]
INFO	[2022-03-28 09:28:17:903] <25102> ===============================================================
