INFO	[2020-02-20 08:28:51:192] <17942> START INIPHP cancel (V5036-141209)(OS:Linux2.6.32-754.11.1.el6.x86_64,PHP:5.3.3)
DEBUG	[2020-02-20 08:28:51:192] <17942> inipayhome:/home/killdeal/public_html/shop/inicis
DEBUG	[2020-02-20 08:28:51:192] <17942> debug:false
DEBUG	[2020-02-20 08:28:51:192] <17942> type:cancel
DEBUG	[2020-02-20 08:28:51:192] <17942> mid:majorgol03
DEBUG	[2020-02-20 08:28:51:192] <17942> admin:1111
DEBUG	[2020-02-20 08:28:51:192] <17942> tid:INIMX_CARDmajorgol0320200220082645154182
DEBUG	[2020-02-20 08:28:51:192] <17942> cancelmsg:주문자 본인 취소-취소
INFO	[2020-02-20 08:28:51:193] <17942> Check Field OK
INFO	[2020-02-20 08:28:51:193] <17942> PI PUB KEY LOAD OK []
INFO	[2020-02-20 08:28:51:193] <17942> PG PUB KEY LOAD OK [30]
INFO	[2020-02-20 08:28:51:193] <17942> MERCHANT PRIV KEY LOAD OK
INFO	[2020-02-20 08:28:51:193] <17942> MERCHANT PUB KEY LOAD OK [0]
DEBUG	[2020-02-20 08:28:51:194] <17942> MAKE ENCRYPT OK[<?xml version="1.0" encoding="UTF-8"?>
<CancelInfo>
	  <CancelTID>INIMX_CARDmajorgol0320200220082645154182</CancelTID>
	  <CancelMsg urlencode="1">%C1%D6%B9%AE%C0%DA+%BA%BB%C0%CE+%C3%EB%BC%D2-%C3%EB%BC%D2</CancelMsg>
	  <CancelReason/></CancelInfo>]
INFO	[2020-02-20 08:28:51:194] <17942> MAKE BODY OK
INFO	[2020-02-20 08:28:51:195] <17942> SIGN OK
INFO	[2020-02-20 08:28:51:195] <17942> MAKE HEAD OK
INFO	[2020-02-20 08:28:51:195] <17942> MSG_TO_PG:[0096200175D SHA1                   0                                      300420majorgol03                    INIMX_CARDmajorgol0320200220082645154182<?xml version="1.0" encoding="UTF-8"?>
<INIpay>
	  <CancelInfo>
	    <SessionKey>2B0fWqe7alWH81fQpLH2+gzvdZpoL0shl0KiPd2iuwQVQZ/fHNdfQDRF4jJUho7p
A6Hi4FDD2Is3WBnsjwuNeWOxUVVK7A4MoUfawLvXghpbTNqfRbihtqJEbh8LWS/H
gLvMqFQrMocaPVAWafoLK+RDZdyas/10xYFJx462XSh0l5ScWF0ong==
</SessionKey>
	    <Encrypted>d7LcdhqdJeDmmZQbnalmSBFJeaVYsmxPbIhusAJLtUtPPqXuvqtuqUAGTK0HrPJg
pohh4FyUNr5Kr/COwVc9r5/Xx0h41Q4iYWVB/43KkwVwvthgvBYDxDjpXzIPT5rX
BOcEWqYVKK9d/4szzsC668OjH5nosfPV3/fKfXSKHwFk84g/h8zQj149T25YqJkD
U10c18u5wOu/D4gjpr5Mq0W1vRp5WPSF3tYPctWWpnt5CpkMtnuxUD858hQnjGDo
tFXo3xua4R0etsGihRv/StuJT6GFeRb3IVef12xmWOc22EbtdEsD34psfKghLbCq
Z22MTnmd0JDU4XfkCsC80A==
</Encrypted></CancelInfo>
	  <ReservedInfo>
	    <MReserved1/>
	    <MReserved2/>
	    <MReserved3/></ReservedInfo>
	  <ManageInfo>
	    <Language/>
	    <URL/>
	    <TXVersion>5036B141209canceLinux     PHPchkfake   2.6.32-754.11.1.el6.x86_64PHP:</TXVersion>
	    <TXUserID/>
	    <TXRegNum/></ManageInfo></INIpay>ANX17gK1Ydt0zJUzJF39niZjFIb95Hqvf2T3JB9LAahKhOYuJwVc/GfdtT9bcyVz
gf6UlJsVCy+l2to0S9RehtATOynS9G9zJBiKneu0TRnDaJG/dg76+BjjHorrkOE6
AjYLzlCbs9LXCO2rzUE9yly6CBOYyF/RhmKvuQJph+qh
]
INFO	[2020-02-20 08:28:51:195] <17942> DNS LOOKUP OK(203.238.37.3:203.238.37.3:34049) laptime:0
INFO	[2020-02-20 08:28:51:197] <17942> SOCKET CONNECT OK
INFO	[2020-02-20 08:28:51:197] <17942> SEND OK
INFO	[2020-02-20 08:28:51:633] <17942> RECV OK
INFO	[2020-02-20 08:28:51:633] <17942> MSG_FROM_PG:[0115800175D SHA1                   0                                      300430majorgol03                    INIMX_CARDmajorgol0320200220082645154182<?xml version="1.0" encoding="UTF-8"?>
<INIpay>
  <CancelInfo>
    <ResultCode>120000</ResultCode>
    <ResultMsg urlencode="1">%C1%A4%BB%F3%C3%B3%B8%AE%B5%C7%BE%FA%BD%C0%B4%CF%B4%D9.</ResultMsg>
    <SessionKey>AMhha3LNQrHCwYOkEEc5+LQj3j9RYheD+RWMH3LgJanMELqdM9IUbryJu4KK7pC7
4a1DFoms2URTtIzzjaYsMmQFNMcgEAijXRV97DNnKr1+NGqZLDSQu4VQYriSOoFb
I3dIzH5CkhzaqpIhFmpae+bQzptI8V8luYB85w5EygIWqy+FogG7qEw=
</SessionKey>
    <Encrypted>cs85JdRG1cxfwXwTAiEimBFsduL5nTRoLxlJUdB/tXwotedTr8OEKpwxwE3Gm3dS
RmtCXzHfAtBqPl6D171HyrSRYHG6Mrvce+k00EwwUGnc+HYpUUmZ7RXtAbRwdm3Z
h7zG4kZrJj/KoSAets55VFHiUUxl/B9vc91Sklaw3KLy7sotcuUkIgDe9mpexeTM
n6c66nMFbW4GZBENUK6+SM4MwJj/rLbiCN9Zl2CPvBwFrdTKkq6eyBvzDu73L/Rm
c+hZtL07ysauNrvf6p4Rn+EtAinsKv9TQKJ6lhAC8pUXPKUz7XVzcK3VEWf0mbBD
+ov2GKAQXI5AKyLiXYrbP2t1mJk6mXE8OPTRCJyu2HE=
</Encrypted>
  </CancelInfo>
  <ManageInfo/>
  <ReservedInfo>
    <MReserved1 urlencode="1"></MReserved1>
    <MReserved2 urlencode="1"></MReserved2>
    <MReserved3 urlencode="1"></MReserved3>
    <PGReserved1 urlencode="1"></PGReserved1>
    <PGReserved2 urlencode="1"></PGReserved2>
    <PGReserved3 urlencode="1"></PGReserved3>
  </ReservedInfo>
</INIpay>
zx6FTn/ygGiRD7kx6iCBMBkFvv1HsiucqxSxWWwt/+/KcBIHr7WOdGByYFSOlvdh
MuyEpe6RMdOEcp5SGa1rHlqNPMZsEIVt+tp1u2cxgZP51iCcK42w+GTXdRriu4hB
maNEQLMFCQeMwP2HkCte/noLHSdcMB5g0i072h9tjrs=
]
INFO	[2020-02-20 08:28:51:633] <17942> VERIFY OK
INFO	[2020-02-20 08:28:51:633] <17942> PARSE HEAD OK
INFO	[2020-02-20 08:28:51:634] <17942> PARSE BODY OK
INFO	[2020-02-20 08:28:51:634] <17942> DECRYPT OK
DEBUG	[2020-02-20 08:28:51:634] <17942> DECRYPT MSG:[<?xml version="1.0" encoding="UTF-8"?>
<CancelInfo>
  <CancelDate>20200220</CancelDate>
  <CancelTime>082851</CancelTime>
  <ResultCode>120000</ResultCode>
  <ResultMsg urlencode="1">%C1%A4%BB%F3%C3%B3%B8%AE%B5%C7%BE%FA%BD%C0%B4%CF%B4%D9.</ResultMsg>
</CancelInfo>]
INFO	[2020-02-20 08:28:51:635] <17942> DECRYPT PARSE OK
INFO	[2020-02-20 08:28:51:635] <17942> END cancel 정상처리되었습니다. Laptime:[0.442sec]
INFO	[2020-02-20 08:28:51:635] <17942> ===============================================================
