INFO	[2020-11-30 09:13:14:13] <19568> START INIPHP cancel (V5036-141209)(OS:Linux2.6.32-754.11.1.el6.x86_64,PHP:5.3.3)
DEBUG	[2020-11-30 09:13:14:13] <19568> inipayhome:/home1/killdeal/public_html/shop/inicis
DEBUG	[2020-11-30 09:13:14:13] <19568> debug:false
DEBUG	[2020-11-30 09:13:14:13] <19568> type:cancel
DEBUG	[2020-11-30 09:13:14:13] <19568> mid:majorgol03
DEBUG	[2020-11-30 09:13:14:13] <19568> admin:1111
DEBUG	[2020-11-30 09:13:14:13] <19568> tid:INIMX_CARDmajorgol0320201125213801805206
DEBUG	[2020-11-30 09:13:14:13] <19568> cancelmsg:쇼핑몰 운영자 승인 취소
INFO	[2020-11-30 09:13:14:13] <19568> Check Field OK
INFO	[2020-11-30 09:13:14:13] <19568> PI PUB KEY LOAD OK []
INFO	[2020-11-30 09:13:14:14] <19568> PG PUB KEY LOAD OK [30]
INFO	[2020-11-30 09:13:14:14] <19568> MERCHANT PRIV KEY LOAD OK
INFO	[2020-11-30 09:13:14:14] <19568> MERCHANT PUB KEY LOAD OK [0]
DEBUG	[2020-11-30 09:13:14:15] <19568> MAKE ENCRYPT OK[<?xml version="1.0" encoding="UTF-8"?>
<CancelInfo>
	  <CancelTID>INIMX_CARDmajorgol0320201125213801805206</CancelTID>
	  <CancelMsg urlencode="1">%BC%EE%C7%CE%B8%F4+%BF%EE%BF%B5%C0%DA+%BD%C2%C0%CE+%C3%EB%BC%D2</CancelMsg>
	  <CancelReason/></CancelInfo>]
INFO	[2020-11-30 09:13:14:15] <19568> MAKE BODY OK
INFO	[2020-11-30 09:13:14:16] <19568> SIGN OK
INFO	[2020-11-30 09:13:14:16] <19568> MAKE HEAD OK
INFO	[2020-11-30 09:13:14:16] <19568> MSG_TO_PG:[0096200175D SHA1                   0                                      300420majorgol03                    INIMX_CARDmajorgol0320201125213801805206<?xml version="1.0" encoding="UTF-8"?>
<INIpay>
	  <CancelInfo>
	    <SessionKey>SWNIZpWH0rmFL69k5qxoAaOWSbvEi2FBWGMO4CjSZ+ieovGyztwG9hTblpZ0/Fyz
bYKcW0ehZ97aMmXk2eht/APaZ7imGbZy6WR6vEXivGzq/wp9QAGII4V8v0NYm1OD
qOLktuSYHlAbCXxnIxKdiSQDQbBlVcdbJtp5k4CnVL2pStQmFRqK3g==
</SessionKey>
	    <Encrypted>p4xsIg8aiG/yIGF9WTY9BZcRBxH9Xjz6OqHBSg0BCkdToZiPsOQEEiA4w0JoL5v+
b3/tUaoTxtFd2jGXpJD9zWlmrJJY5TS4iwRXny57CJuliUnU1HnltbWexK8PvqqW
zhexfPgJLZ/L5GsWXims3Emo4sR1LMnVIpNlaZWW5bmCs5em+UsaXJdL97YEVaug
tZewk1Zl3elLaK96OGVB1oan9+9ZUceTfrUsqNMPrZEBiPgPRU39jTE4b8IUGfyT
GgI1QQYtXR7rEbC8HzuTE+MVwW0+G54dEmkBtyK+4716b2/NqnP/+s46YaXAxc2Y
qbktEg4+c5bXNidFcTt4OA==
</Encrypted></CancelInfo>
	  <ReservedInfo>
	    <MReserved1/>
	    <MReserved2/>
	    <MReserved3/></ReservedInfo>
	  <ManageInfo>
	    <Language/>
	    <URL/>
	    <TXVersion>5036B141209canceLinux     PHPchkfake   2.6.32-754.11.1.el6.x86_64PHP:</TXVersion>
	    <TXUserID/>
	    <TXRegNum/></ManageInfo></INIpay>AJN+8M2a+mJIzRaOYtUZSN1TNdmwakdFF0UExpbURA2oL//H3dhOQrWmMoH0Y4Sz
3M3WtzKJxZfNUqUTStUVC8a++qKjpCwt7aZ2jQ69xesuzCoNKp+sLAa+U7HOBpNs
5xPmEQPL10E7QFmt8sjyHhHDiQHOqLMD7G4/xVgYgvdu
]
INFO	[2020-11-30 09:13:14:16] <19568> DNS LOOKUP OK(203.238.37.3:203.238.37.3:34049) laptime:0
INFO	[2020-11-30 09:13:14:18] <19568> SOCKET CONNECT OK
INFO	[2020-11-30 09:13:14:19] <19568> SEND OK
INFO	[2020-11-30 09:13:14:241] <19568> RECV OK
INFO	[2020-11-30 09:13:14:241] <19568> MSG_FROM_PG:[0115800175D SHA1                   0                                      300430majorgol03                    INIMX_CARDmajorgol0320201125213801805206<?xml version="1.0" encoding="UTF-8"?>
<INIpay>
  <CancelInfo>
    <ResultCode>120000</ResultCode>
    <ResultMsg urlencode="1">%C1%A4%BB%F3%C3%B3%B8%AE%B5%C7%BE%FA%BD%C0%B4%CF%B4%D9.</ResultMsg>
    <SessionKey>AB1xTbT75Y4YJ9AJpr/2WkHnPniKm4Ax+L0Fry+YaYwldMlOYQZkrJxcT0L7ULRp
wUg0bEPGB6n1v53BZWQEHuYmfIYutKsCk/dce9AcrA7VrDISGYYlstHML74w62yJ
+mcEPmU29W9UUuqQdCZ5/2py/CR8U7yl5jtZbc0lu+TzfglO7olXFh4=
</SessionKey>
    <Encrypted>iszgA0Kv21v2NShfAbHPF3w33EbDGfn/WF4YD4QsBPO5f5QBXdOh4Cu5tnZcimY4
aOKRmUgkEiKFKZPTNItf1v3C1mrn0jkMn2IWw+hS9lFRDg7mn8mP9f0qsJA5T4zZ
/YMwx6IfusqHEFx5t7hXXoikrxjSKoJIP6m9N91gAxLcNmAiP1vb3sizOacgZrt8
v0QL+MKybzhYTNh/MFVvnVLmczk+BgEDIxy89aJFAv0Yu1KQS6hCxpk1QPD4UxkN
idDU405wRA+wC90S8bM8qoG3uzu36L+LrFczVXD8YWEmfi7jsTkLtTKIoDQKrmbw
NHG4i3cthl4uYN4PQirzaHcokrK6PO8MdlAxW8Lpqzo=
</Encrypted>
  </CancelInfo>
  <ManageInfo/>
  <ReservedInfo>
    <MReserved1 urlencode="1"></MReserved1>
    <MReserved2 urlencode="1"></MReserved2>
    <MReserved3 urlencode="1"></MReserved3>
    <PGReserved1 urlencode="1"></PGReserved1>
    <PGReserved2 urlencode="1"></PGReserved2>
    <PGReserved3 urlencode="1"></PGReserved3>
  </ReservedInfo>
</INIpay>
cbxvIwYlMXu6YItttuSw7d6W2obDhtrrmWLmIjSZ/a6Hl6rnOgaml0BDKZ6v7aCa
nqWBk0wDxk/Tf19/HbwNVKx6BAMRO+5bHe7VpWgAlN0425Bf0xOEsLUW3V9GWzh8
Fa/EP16ymt1PF8G779QELyoAGVX2G7OHtrUIfrM1LCA=
]
INFO	[2020-11-30 09:13:14:242] <19568> VERIFY OK
INFO	[2020-11-30 09:13:14:242] <19568> PARSE HEAD OK
INFO	[2020-11-30 09:13:14:242] <19568> PARSE BODY OK
INFO	[2020-11-30 09:13:14:243] <19568> DECRYPT OK
DEBUG	[2020-11-30 09:13:14:243] <19568> DECRYPT MSG:[<?xml version="1.0" encoding="UTF-8"?>
<CancelInfo>
  <CancelDate>20201130</CancelDate>
  <CancelTime>091314</CancelTime>
  <ResultCode>120000</ResultCode>
  <ResultMsg urlencode="1">%C1%A4%BB%F3%C3%B3%B8%AE%B5%C7%BE%FA%BD%C0%B4%CF%B4%D9.</ResultMsg>
</CancelInfo>]
INFO	[2020-11-30 09:13:14:243] <19568> DECRYPT PARSE OK
INFO	[2020-11-30 09:13:14:243] <19568> END cancel 정상처리되었습니다. Laptime:[0.23sec]
INFO	[2020-11-30 09:13:14:243] <19568> ===============================================================
INFO	[2020-11-30 11:02:24:884] <19544> START INIPHP cancel (V5036-141209)(OS:Linux2.6.32-754.11.1.el6.x86_64,PHP:5.3.3)
DEBUG	[2020-11-30 11:02:24:884] <19544> inipayhome:/home1/killdeal/public_html/shop/inicis
DEBUG	[2020-11-30 11:02:24:884] <19544> debug:false
DEBUG	[2020-11-30 11:02:24:884] <19544> type:cancel
DEBUG	[2020-11-30 11:02:24:884] <19544> mid:majorgol03
DEBUG	[2020-11-30 11:02:24:884] <19544> admin:1111
DEBUG	[2020-11-30 11:02:24:884] <19544> tid:StdpayVBNKmajorgol0320201130104110419152
DEBUG	[2020-11-30 11:02:24:884] <19544> cancelmsg:주문자 본인 취소-구매의사 없음
INFO	[2020-11-30 11:02:24:884] <19544> Check Field OK
INFO	[2020-11-30 11:02:24:884] <19544> PI PUB KEY LOAD OK []
INFO	[2020-11-30 11:02:24:884] <19544> PG PUB KEY LOAD OK [30]
INFO	[2020-11-30 11:02:24:885] <19544> MERCHANT PRIV KEY LOAD OK
INFO	[2020-11-30 11:02:24:885] <19544> MERCHANT PUB KEY LOAD OK [0]
DEBUG	[2020-11-30 11:02:24:885] <19544> MAKE ENCRYPT OK[<?xml version="1.0" encoding="UTF-8"?>
<CancelInfo>
	  <CancelTID>StdpayVBNKmajorgol0320201130104110419152</CancelTID>
	  <CancelMsg urlencode="1">%C1%D6%B9%AE%C0%DA+%BA%BB%C0%CE+%C3%EB%BC%D2-%B1%B8%B8%C5%C0%C7%BB%E7+%BE%F8%C0%BD</CancelMsg>
	  <CancelReason/></CancelInfo>]
INFO	[2020-11-30 11:02:24:885] <19544> MAKE BODY OK
INFO	[2020-11-30 11:02:24:886] <19544> SIGN OK
INFO	[2020-11-30 11:02:24:886] <19544> MAKE HEAD OK
INFO	[2020-11-30 11:02:24:886] <19544> MSG_TO_PG:[0099400175D SHA1                   0                                      300420majorgol03                    StdpayVBNKmajorgol0320201130104110419152<?xml version="1.0" encoding="UTF-8"?>
<INIpay>
	  <CancelInfo>
	    <SessionKey>2f4vy75f3yErIqs+cT5Ng6GePcTCUQivWgxSUE9WbtlPBCo516skFJXyGXBoHQ+j
DCfqs+aQ0F9QUMK4j3XzY/a0ZaLXShJ1jITYjUCJY2eQkIqKs881USmXhCkEq+RH
8QlQ6JDqZ8GUTEvneKWLTKtcwMh2xdn6IynAvmbEfzY+DC66b3cihg==
</SessionKey>
	    <Encrypted>GWIvo2ql5BjwTcCKqCGBVLghx1/dnSeiS6x68eESCTLImUWl1Sk+fQoM+HjnAFmO
XAIgtDYotjukXun1kVzodTbsoPZfKfmR80Q5+lPWayJKUVhxDAgFPZ6+dvJ1sv1r
kFVWdK6w6j0gUSIVYSFzezhYIdqqw0RtTzD7nkWSZ9cpeay1e3YZS61D7VzrQ6AO
+h51dXKD2XaejTCbWYSppP3JQ9SWZDZ0l9J3eq9dKb8WB0B4xHeRHG0nWLsv4+iD
5B1+snLPvDn2Fm/JtXcoT+FUM0JKleyJhk4Sg5pWESCZSEf9e5g4l128E6t63L6x
Fgejhc1PbzONUCH8bzjLrQroFxpfXYFkagjmKhF4e9bubJ11GTFtEA==
</Encrypted></CancelInfo>
	  <ReservedInfo>
	    <MReserved1/>
	    <MReserved2/>
	    <MReserved3/></ReservedInfo>
	  <ManageInfo>
	    <Language/>
	    <URL/>
	    <TXVersion>5036B141209canceLinux     PHPchkfake   2.6.32-754.11.1.el6.x86_64PHP:</TXVersion>
	    <TXUserID/>
	    <TXRegNum/></ManageInfo></INIpay>AEJZee0Io5630kS4amrr69/ArZx2NDf6+i6eKI/TISknbr9IQG+EEuHjVtULL5oE
11aV2atvzGkZSGcVgcg+SXKBh0KwL2glhNZecYgqnnqZSrPyhcwdUe97cYM19YnA
0QCa+aA+U7KI2g3jA893qTRaMYHHs9vRJVuxfb825DYA
]
INFO	[2020-11-30 11:02:24:886] <19544> DNS LOOKUP OK(203.238.37.3:203.238.37.3:34049) laptime:0
INFO	[2020-11-30 11:02:24:888] <19544> SOCKET CONNECT OK
INFO	[2020-11-30 11:02:24:888] <19544> SEND OK
INFO	[2020-11-30 11:02:25:50] <19544> RECV OK
INFO	[2020-11-30 11:02:25:50] <19544> MSG_FROM_PG:[0159300175D SHA1                   0                                      300430majorgol03                    StdpayVBNKmajorgol0320201130104110419152<?xml version="1.0" encoding="UTF-8"?>
<INIpay>
  <CancelInfo>
    <ResultCode>170000</ResultCode>
    <ResultMsg urlencode="1">%C1%A4%BB%F3%C3%B3%B8%AE%B5%C7%BE%FA%BD%C0%B4%CF%B4%D9.</ResultMsg>
    <SessionKey>APKD5vqIPTcx5dr7SBlNadPBXmaeVh/dP/jMuX2tFP7m13DGHy4H0dqGZN5NrYVq
seGY1ynzc1Envtfn+nRWbOyiEZgAUSUYU+HA2f8uB79nbSvSLruPxVPCQz+u92SL
KroJ1c1wuTovUtG5sxFuZxT5LpgabaxCsQubb8WrbOhP3rs4A7ZyhJA=
</SessionKey>
    <Encrypted>32EKb3gHU6+QCWpQaLGSFqdVnckhvv/84V1u6teGvhnpQ/DDCu7NtkaRHVCt/hBK
czdjYrKuF82E8VN/vYskwmEDqUYGdHIJRZWKv/E6N27HnALcDS+QBRLbPKuqEFNL
PiV5Va3fxf8kFYquzT/rX9PMlN5mJC3mMnQrP0KVKQfgfWrZjqsKbZw97kgcQLyT
m8ZnZMSRDhtNqZsBLB/iAnfGC+FDStnsGlBxkzFSfYdjpJUlGZXpxGc0ME3+epKN
P7InxS8pPFVvXkWsY5kduoVuCmm3HXMi0rd4IRDHJy7LtIrC8Vav92NUvFcvzDTv
E74lR0f9WT5H/ZrIJ037YQ6XUHcbzybEIQ2ZuTxm0KQydwsdD1/S+LJKzR3hF+9R
nD8k8kDsd+ls8v0d0IYMJIcOqVv6iJC4ddb4DrULKjuZj89WFLnKMhEc0vFL2xDF
5AbdI1t2SPyPCaUBinVCbxaOg9wNTQzqLqA3wUOD6z1yiCheGCWycFjZBH6Hpqly
kkaBrSvsCm3URZtTeiP7C5wji4XInj0itr+qgVUOHkdLmBwWJAns24uJuXzx7ZRv
9f8D29WuFBv68s+H8Car+Az5yp6kdm61Bcu/kb37/XY8j7vu70Tb2EJCjTYHB6It
E9Xx+d8nOui7alF86PJogiie2cDwb7wCZh36ZpA4jjteuOiFtn/VJX4ASGgoXO8A
tPRI1s4i18R8kY7atR8L1h5KOstXhgtCzRTmS2u8eFrucUZhxIN04YgbSUXkLtXW
6YCJ783ZYepiHL0Zn1x+Nw==
</Encrypted>
  </CancelInfo>
  <ManageInfo/>
  <ReservedInfo>
    <MReserved1 urlencode="1"></MReserved1>
    <MReserved2 urlencode="1"></MReserved2>
    <MReserved3 urlencode="1"></MReserved3>
    <PGReserved1 urlencode="1"></PGReserved1>
    <PGReserved2 urlencode="1"></PGReserved2>
    <PGReserved3 urlencode="1"></PGReserved3>
  </ReservedInfo>
</INIpay>
B0uRORWiKVtWZ4Iej5P4tWJjS8jrmKc3Fnte5egdf+kapN3GwA7sndOG8Yp+KlmG
YG+f21V9fUmvI/KXmJTXSm/QxMpFN2IqlLHSJG5hAf/+60Ws05shq8fWGzx2IOmf
Xf2qDFbhWwXZNi3ilxO8znto4XkqmeDhuhCRXn014Jk=
]
INFO	[2020-11-30 11:02:25:50] <19544> VERIFY OK
INFO	[2020-11-30 11:02:25:50] <19544> PARSE HEAD OK
INFO	[2020-11-30 11:02:25:50] <19544> PARSE BODY OK
INFO	[2020-11-30 11:02:25:51] <19544> DECRYPT OK
DEBUG	[2020-11-30 11:02:25:51] <19544> DECRYPT MSG:[<?xml version="1.0" encoding="UTF-8"?>
<CancelInfo>
  <CancelDate>20201130</CancelDate>
  <CancelTime>110225</CancelTime>
  <ResultCode>170000</ResultCode>
  <ResultMsg urlencode="1">%C1%A4%BB%F3%C3%B3%B8%AE%B5%C7%BE%FA%BD%C0%B4%CF%B4%D9.</ResultMsg>
  <CSHR_CancelNum></CSHR_CancelNum>
  <CSHR_CancelDate>20201130</CSHR_CancelDate>
  <CSHR_CancelTime>110225</CSHR_CancelTime>
  <CSHR_ResultCode>220000</CSHR_ResultCode>
  <CSHR_ResultMsg urlencode="1">%C1%A4%BB%F3%C3%B3%B8%AE%B5%C7%BE%FA%BD%C0%B4%CF%B4%D9.</CSHR_ResultMsg>
  <VACT_FlgRemit urlencode="1"></VACT_FlgRemit>
</CancelInfo>]
INFO	[2020-11-30 11:02:25:51] <19544> DECRYPT PARSE OK
INFO	[2020-11-30 11:02:25:51] <19544> END cancel 정상처리되었습니다. Laptime:[0.167sec]
INFO	[2020-11-30 11:02:25:51] <19544> ===============================================================
INFO	[2020-11-30 14:31:27:124] <19589> START INIPHP cancel (V5036-141209)(OS:Linux2.6.32-754.11.1.el6.x86_64,PHP:5.3.3)
DEBUG	[2020-11-30 14:31:27:124] <19589> inipayhome:/home1/killdeal/public_html/shop/inicis
DEBUG	[2020-11-30 14:31:27:124] <19589> debug:false
DEBUG	[2020-11-30 14:31:27:124] <19589> type:cancel
DEBUG	[2020-11-30 14:31:27:124] <19589> mid:majorgol03
DEBUG	[2020-11-30 14:31:27:124] <19589> admin:1111
DEBUG	[2020-11-30 14:31:27:124] <19589> tid:INIMX_CARDmajorgol0320201129172225335092
DEBUG	[2020-11-30 14:31:27:124] <19589> cancelmsg:쇼핑몰 운영자 승인 취소
INFO	[2020-11-30 14:31:27:124] <19589> Check Field OK
INFO	[2020-11-30 14:31:27:124] <19589> PI PUB KEY LOAD OK []
INFO	[2020-11-30 14:31:27:124] <19589> PG PUB KEY LOAD OK [30]
INFO	[2020-11-30 14:31:27:124] <19589> MERCHANT PRIV KEY LOAD OK
INFO	[2020-11-30 14:31:27:124] <19589> MERCHANT PUB KEY LOAD OK [0]
DEBUG	[2020-11-30 14:31:27:125] <19589> MAKE ENCRYPT OK[<?xml version="1.0" encoding="UTF-8"?>
<CancelInfo>
	  <CancelTID>INIMX_CARDmajorgol0320201129172225335092</CancelTID>
	  <CancelMsg urlencode="1">%BC%EE%C7%CE%B8%F4+%BF%EE%BF%B5%C0%DA+%BD%C2%C0%CE+%C3%EB%BC%D2</CancelMsg>
	  <CancelReason/></CancelInfo>]
INFO	[2020-11-30 14:31:27:125] <19589> MAKE BODY OK
INFO	[2020-11-30 14:31:27:125] <19589> SIGN OK
INFO	[2020-11-30 14:31:27:125] <19589> MAKE HEAD OK
INFO	[2020-11-30 14:31:27:125] <19589> MSG_TO_PG:[0096200175D SHA1                   0                                      300420majorgol03                    INIMX_CARDmajorgol0320201129172225335092<?xml version="1.0" encoding="UTF-8"?>
<INIpay>
	  <CancelInfo>
	    <SessionKey>OoT0wWy5whGOKMFZa74D6UL+FasBkV6JcIqAKNr5De3XH5IJQ1fr+dKRlRCYrDFe
gK9mmQCSNAabWCnQZsvMFhgYtnXqnx2VTL4O8obwNUe0MvjWMhd68A1nm3HR+U8T
PByRXXLnj32BncA8usmBVWm3DfPc5IGGcc+fQN/K5Sin7qvxfv3edQ==
</SessionKey>
	    <Encrypted>aASUt/jNfUMFMGQKSB8UIqAD/AUc+Uj2tAiCURd1ubMe2ps3wJoq553QQ9kBkF2R
Sa7SltKtPOvITd+3He95x8SmkIlo8hFn2d3v/NBoarbkRCPbyFQCTiWI3ioI1fkZ
wxKckOpFL5AywE4P9YAAA0TndHJOq0qplUlyEZbyl4bt9/Q3rouqFWkMkVhp4Cud
mEecAxiiUt3zXeQGZNT7jB/UgaW2JVPUaIl/3Ppj1dsKFlSKtRPzrt/i7m2jJ9AR
hBUYVcVO1nFbwbszjCirv9DYHMa2xUOHEdCT0NF/U6MxtB7gs6Hn9Q2mfNuaztCi
GO4zuW0WUpv5fgoxbYpnKw==
</Encrypted></CancelInfo>
	  <ReservedInfo>
	    <MReserved1/>
	    <MReserved2/>
	    <MReserved3/></ReservedInfo>
	  <ManageInfo>
	    <Language/>
	    <URL/>
	    <TXVersion>5036B141209canceLinux     PHPchkfake   2.6.32-754.11.1.el6.x86_64PHP:</TXVersion>
	    <TXUserID/>
	    <TXRegNum/></ManageInfo></INIpay>AQ9Tnmwu4KKNJtDqNZ+dAq2xQqTbvjRw9Ail3MKxpvBnNCvmp8AoEb8NbrcleMHT
B6RjDDdxVqbb/9wdlFXkaYWgwhp1kmPmEcq2gPhVAVZp/WGfmD5oLOTlaN45DOqc
pEb+lhqHQupBZ96ca6LV19DL2ITJh0DCXPbjQEtzJXrK
]
INFO	[2020-11-30 14:31:27:125] <19589> DNS LOOKUP OK(203.238.37.3:203.238.37.3:34049) laptime:0
INFO	[2020-11-30 14:31:27:128] <19589> SOCKET CONNECT OK
INFO	[2020-11-30 14:31:27:128] <19589> SEND OK
INFO	[2020-11-30 14:31:27:580] <19589> RECV OK
INFO	[2020-11-30 14:31:27:580] <19589> MSG_FROM_PG:[0115800175D SHA1                   0                                      300430majorgol03                    INIMX_CARDmajorgol0320201129172225335092<?xml version="1.0" encoding="UTF-8"?>
<INIpay>
  <CancelInfo>
    <ResultCode>120000</ResultCode>
    <ResultMsg urlencode="1">%C1%A4%BB%F3%C3%B3%B8%AE%B5%C7%BE%FA%BD%C0%B4%CF%B4%D9.</ResultMsg>
    <SessionKey>ADNGsiUgrN0nrc7iOnnMbkUhRT/HzMJsuLwkhpnSetb9JQzx7DFAn7S1w7z62pf7
q1xLchoKcEGlIiY1kjG9iXJg9PdGUA/E4f+F7He4XGvw0EvMCQWlZMBCoMZe56ds
Qzm/3JulaSi/W6KNi1R5SdmOXGykWqVDcTHjx+ZLuXlnGN2na5om+Qs=
</SessionKey>
    <Encrypted>qrICecEKD7Xom/pg++Zu8GJGsnz7B4OKtTR1gImk5d/V5TrsWMF+IGLJL1uAZorC
uTHBpmzVOQkQQXurPlH7C2IbhAPaYlihw+IjBcAVYkLB7SGxFVSHCjpSQlmoO+jM
QWa+rEqPYa+x21IUbg/8MNz0Wby64TFvr5WKhnN51SL07IJSEBZQp1XUXpDpxgJL
NqiUsP26L1E8f6QAUlTrZjbG/M3NQ6eKh12YodvNxqwnh4wbpkAsQysm/j8jb30c
Y9NSQGmoTLe7suXqOjTD56Rc7WnpiP7hTLONFaT9YDiI7JxAdJpVBpFoLBvkq0Jq
ij7MDaxM9EF9WKzb8P7alwT3FpkmIQPbdqACNNiJlVs=
</Encrypted>
  </CancelInfo>
  <ManageInfo/>
  <ReservedInfo>
    <MReserved1 urlencode="1"></MReserved1>
    <MReserved2 urlencode="1"></MReserved2>
    <MReserved3 urlencode="1"></MReserved3>
    <PGReserved1 urlencode="1"></PGReserved1>
    <PGReserved2 urlencode="1"></PGReserved2>
    <PGReserved3 urlencode="1"></PGReserved3>
  </ReservedInfo>
</INIpay>
ezaBnoQWi/UwhsO3vg49Oassi0uHcYLuqKEU/0Q7rQYTf5+CSwXlvWMIT40d+mSJ
xFb2uOLKX67mvQP2nCRT3UvdgrQD7uhUHYg4mUu/aTQ8y3swInELmd42wFs6Hcwa
m6ZLDlp2aTcVf/HJjWqJeQCYOfCZm2RKZECHQxPPaHw=
]
INFO	[2020-11-30 14:31:27:580] <19589> VERIFY OK
INFO	[2020-11-30 14:31:27:580] <19589> PARSE HEAD OK
INFO	[2020-11-30 14:31:27:581] <19589> PARSE BODY OK
INFO	[2020-11-30 14:31:27:581] <19589> DECRYPT OK
DEBUG	[2020-11-30 14:31:27:581] <19589> DECRYPT MSG:[<?xml version="1.0" encoding="UTF-8"?>
<CancelInfo>
  <CancelDate>20201130</CancelDate>
  <CancelTime>143127</CancelTime>
  <ResultCode>120000</ResultCode>
  <ResultMsg urlencode="1">%C1%A4%BB%F3%C3%B3%B8%AE%B5%C7%BE%FA%BD%C0%B4%CF%B4%D9.</ResultMsg>
</CancelInfo>]
INFO	[2020-11-30 14:31:27:581] <19589> DECRYPT PARSE OK
INFO	[2020-11-30 14:31:27:581] <19589> END cancel 정상처리되었습니다. Laptime:[0.458sec]
INFO	[2020-11-30 14:31:27:581] <19589> ===============================================================
INFO	[2020-11-30 14:33:07:116] <22871> START INIPHP cancel (V5036-141209)(OS:Linux2.6.32-754.11.1.el6.x86_64,PHP:5.3.3)
DEBUG	[2020-11-30 14:33:07:116] <22871> inipayhome:/home1/killdeal/public_html/shop/inicis
DEBUG	[2020-11-30 14:33:07:116] <22871> debug:false
DEBUG	[2020-11-30 14:33:07:116] <22871> type:cancel
DEBUG	[2020-11-30 14:33:07:116] <22871> mid:majorgol03
DEBUG	[2020-11-30 14:33:07:116] <22871> admin:1111
DEBUG	[2020-11-30 14:33:07:116] <22871> tid:StdpayCARDmajorgol0320201130143254757096
DEBUG	[2020-11-30 14:33:07:116] <22871> cancelmsg:주문자 본인 취소-구매의사 없음
INFO	[2020-11-30 14:33:07:116] <22871> Check Field OK
INFO	[2020-11-30 14:33:07:116] <22871> PI PUB KEY LOAD OK []
INFO	[2020-11-30 14:33:07:116] <22871> PG PUB KEY LOAD OK [30]
INFO	[2020-11-30 14:33:07:117] <22871> MERCHANT PRIV KEY LOAD OK
INFO	[2020-11-30 14:33:07:117] <22871> MERCHANT PUB KEY LOAD OK [0]
DEBUG	[2020-11-30 14:33:07:117] <22871> MAKE ENCRYPT OK[<?xml version="1.0" encoding="UTF-8"?>
<CancelInfo>
	  <CancelTID>StdpayCARDmajorgol0320201130143254757096</CancelTID>
	  <CancelMsg urlencode="1">%C1%D6%B9%AE%C0%DA+%BA%BB%C0%CE+%C3%EB%BC%D2-%B1%B8%B8%C5%C0%C7%BB%E7+%BE%F8%C0%BD</CancelMsg>
	  <CancelReason/></CancelInfo>]
INFO	[2020-11-30 14:33:07:117] <22871> MAKE BODY OK
INFO	[2020-11-30 14:33:07:118] <22871> SIGN OK
INFO	[2020-11-30 14:33:07:118] <22871> MAKE HEAD OK
INFO	[2020-11-30 14:33:07:118] <22871> MSG_TO_PG:[0099400175D SHA1                   0                                      300420majorgol03                    StdpayCARDmajorgol0320201130143254757096<?xml version="1.0" encoding="UTF-8"?>
<INIpay>
	  <CancelInfo>
	    <SessionKey>XnP6L3A2Xh+juvWiLOkB5nQjQ3Ge4lW/rMv8p0h94qhaf8KySDGCTQlFgbbUxCa8
BydHkbJ2HWPudANMejb2ChvR6XnTfxZzsFFeihER2fMqkx79CQMfHHNZhcGxqvfZ
KlDHpQTQcGzDsEc1Fv/WNMC8Ed1Tjg2dylqUjICqNPmqQIXKJxHitA==
</SessionKey>
	    <Encrypted>Osi/3Y8XBQz2GsHmbgfD49Fghf4onLKzkI+OoFOmokafKaU6fF4jM87XUi7otxNb
tHovU+Cam4YAns2M62Da+tyncklJLQtrelZ8PYvqX7zM2p6dm0HlEMnuk3aVeSKY
IFT6GJUp4itEnh7t10BKZsPpKTxW8XAQwb8UFmw+QEX+yFddcPrlHEqUYxFLjabQ
CwYZYVeBTdzG4OcQWZf8YSza+yOrkN72gUoGRG/nlMTk7ZmpKG8DFdo7qgWjoDaR
0OnkxukGJKWsJr7cOXUu9lfRDt7GCOoI+3kgZyZo3DwEsW/Oqix2Rs9w6wU8/DEE
vGcuNyNTBGn2x1U3Wt+0ukGqPqHPpeMG0KmJ+KIVF5e3ANaL3tqsZw==
</Encrypted></CancelInfo>
	  <ReservedInfo>
	    <MReserved1/>
	    <MReserved2/>
	    <MReserved3/></ReservedInfo>
	  <ManageInfo>
	    <Language/>
	    <URL/>
	    <TXVersion>5036B141209canceLinux     PHPchkfake   2.6.32-754.11.1.el6.x86_64PHP:</TXVersion>
	    <TXUserID/>
	    <TXRegNum/></ManageInfo></INIpay>APjMFXwK6eV7/QbkBwqe7rwY6/QvgOrkrc5ijpQj6V4NyXShh0lQPvd73WPUVNZ1
6wby+RTfHTFQNJEHou4izHq2CImdMOkddS8GkpuHyEW0grc7o2ScNYc7gYh5XA8a
IsA4+ndi7Fh2nJ2vig2uwmdH+NWmdN+nPQ1IAeL/40In
]
INFO	[2020-11-30 14:33:07:118] <22871> DNS LOOKUP OK(203.238.37.3:203.238.37.3:34049) laptime:0
INFO	[2020-11-30 14:33:07:121] <22871> SOCKET CONNECT OK
INFO	[2020-11-30 14:33:07:121] <22871> SEND OK
INFO	[2020-11-30 14:33:08:378] <22871> RECV OK
INFO	[2020-11-30 14:33:08:378] <22871> MSG_FROM_PG:[0115800175D SHA1                   0                                      300430majorgol03                    StdpayCARDmajorgol0320201130143254757096<?xml version="1.0" encoding="UTF-8"?>
<INIpay>
  <CancelInfo>
    <ResultCode>120000</ResultCode>
    <ResultMsg urlencode="1">%C1%A4%BB%F3%C3%B3%B8%AE%B5%C7%BE%FA%BD%C0%B4%CF%B4%D9.</ResultMsg>
    <SessionKey>ASLEJLVxVd7vnvUQ16MRCnS6hpwhfeRiEpnQcMHaB07yqMaVE5piC47ryccCBCws
AzFLN/yk0uQIRwmzZhwFK6mH0IeP7EAL2JidUBZPYMAfbA57Iaq8k1O0QIFjTHPA
O8Q3mso/N/6XrVAeAvsB8w3l78edl5JUkj1+N20MxHRwhd/8Rhi5C18=
</SessionKey>
    <Encrypted>RsbtnU/60hw84Ph4VDXcto6I758SfEH4UiOiPOBQYhfQMLFeVZsUT3QdTnEDrsro
uwNhMglHj0KD5pYxzPKc2WP0QLnZKwe5slKcqSzYwDesAkkkNEWPU9lN8n2hfnlY
7yJNt65B3eMZKmBxcjwiO+Q/NxCwGs/hKK/6CjnoQQlzluyNxluGf4NLAM1QpAKA
1wB9t6G066ywtOqoff9JG3DuIAGwAQReKwkdlWC7SU5ec3JzdiTb5t0CiZBzwVSL
WRw44mWkLxPeKrV1mxmdhA2Yhx9xSa80Nh43uXXaimmJT9pG1A0I2tkoIrYC9Rpv
H5Kz30lb1+0nl+3g9RFSy0UZeLWNu/RG6sWD4FXI6ps=
</Encrypted>
  </CancelInfo>
  <ManageInfo/>
  <ReservedInfo>
    <MReserved1 urlencode="1"></MReserved1>
    <MReserved2 urlencode="1"></MReserved2>
    <MReserved3 urlencode="1"></MReserved3>
    <PGReserved1 urlencode="1"></PGReserved1>
    <PGReserved2 urlencode="1"></PGReserved2>
    <PGReserved3 urlencode="1"></PGReserved3>
  </ReservedInfo>
</INIpay>
Cbb6hFC1jJiPTGar6u3Zk0ZOBUbIFlJXEwqZgKLwbSqgZrxLy9vY08i+ii09m5bz
U1R/Ejv/L5o13R6jZgf8XmL7u0OL1FgLQX/jrzafFRWnbAKpl6SlgkXHJ/lhmCfQ
onZMAP9KNSl6b21w06wTHO49sbeCyrRKYnpa+uNCW2w=
]
INFO	[2020-11-30 14:33:08:378] <22871> VERIFY OK
INFO	[2020-11-30 14:33:08:378] <22871> PARSE HEAD OK
INFO	[2020-11-30 14:33:08:378] <22871> PARSE BODY OK
INFO	[2020-11-30 14:33:08:379] <22871> DECRYPT OK
DEBUG	[2020-11-30 14:33:08:379] <22871> DECRYPT MSG:[<?xml version="1.0" encoding="UTF-8"?>
<CancelInfo>
  <CancelDate>20201130</CancelDate>
  <CancelTime>143308</CancelTime>
  <ResultCode>120000</ResultCode>
  <ResultMsg urlencode="1">%C1%A4%BB%F3%C3%B3%B8%AE%B5%C7%BE%FA%BD%C0%B4%CF%B4%D9.</ResultMsg>
</CancelInfo>]
INFO	[2020-11-30 14:33:08:379] <22871> DECRYPT PARSE OK
INFO	[2020-11-30 14:33:08:379] <22871> END cancel 정상처리되었습니다. Laptime:[1.263sec]
INFO	[2020-11-30 14:33:08:379] <22871> ===============================================================
INFO	[2020-11-30 16:18:18:571] <24078> START INIPHP cancel (V5036-141209)(OS:Linux2.6.32-754.11.1.el6.x86_64,PHP:5.3.3)
DEBUG	[2020-11-30 16:18:18:571] <24078> inipayhome:/home1/killdeal/public_html/shop/inicis
DEBUG	[2020-11-30 16:18:18:571] <24078> debug:false
DEBUG	[2020-11-30 16:18:18:571] <24078> type:cancel
DEBUG	[2020-11-30 16:18:18:571] <24078> mid:majorgol03
DEBUG	[2020-11-30 16:18:18:571] <24078> admin:1111
DEBUG	[2020-11-30 16:18:18:571] <24078> tid:INIMX_CARDmajorgol0320201124204211814110
DEBUG	[2020-11-30 16:18:18:571] <24078> cancelmsg:쇼핑몰 운영자 승인 취소
INFO	[2020-11-30 16:18:18:571] <24078> Check Field OK
INFO	[2020-11-30 16:18:18:571] <24078> PI PUB KEY LOAD OK []
INFO	[2020-11-30 16:18:18:571] <24078> PG PUB KEY LOAD OK [30]
INFO	[2020-11-30 16:18:18:571] <24078> MERCHANT PRIV KEY LOAD OK
INFO	[2020-11-30 16:18:18:571] <24078> MERCHANT PUB KEY LOAD OK [0]
DEBUG	[2020-11-30 16:18:18:572] <24078> MAKE ENCRYPT OK[<?xml version="1.0" encoding="UTF-8"?>
<CancelInfo>
	  <CancelTID>INIMX_CARDmajorgol0320201124204211814110</CancelTID>
	  <CancelMsg urlencode="1">%BC%EE%C7%CE%B8%F4+%BF%EE%BF%B5%C0%DA+%BD%C2%C0%CE+%C3%EB%BC%D2</CancelMsg>
	  <CancelReason/></CancelInfo>]
INFO	[2020-11-30 16:18:18:572] <24078> MAKE BODY OK
INFO	[2020-11-30 16:18:18:572] <24078> SIGN OK
INFO	[2020-11-30 16:18:18:572] <24078> MAKE HEAD OK
INFO	[2020-11-30 16:18:18:572] <24078> MSG_TO_PG:[0096200175D SHA1                   0                                      300420majorgol03                    INIMX_CARDmajorgol0320201124204211814110<?xml version="1.0" encoding="UTF-8"?>
<INIpay>
	  <CancelInfo>
	    <SessionKey>Icc7g+sDqimj7GDZ6lHsbpSbDUB81njQ8nL1eicPD+x/Ts9b8tePz+JQpT/Kua4W
cgA71+CZs57X+CX3uYjltsllphqYWiA2EZErEvlZPmreM2OMaG3Sfh7wAExe3W0O
mnCyj/iaZx4xRLJ49FV1O4Cjipcd26aZI+3hlzSHbNX1eoQuRmk8lw==
</SessionKey>
	    <Encrypted>niK45I2z5hnW1DuQwpNy/7tx5WrJ+61XnGUlfDdUxVkTvmud8s8KQXSO8+ArBV2Z
g3VkJ3H0RUi8tyk/XwS+jGOyKjdHvZs9+Fzec04oPm11DXsb4aea/xYktG6H0m0+
Z8K6zN+q/gF29zNg6KSxpcJokUXDlygvykbyf92XFi7swOUY0Wl3e4+Dw4FEMFuM
M14PgxnFkwEn4xTskiNDnkolsL6yQF1kX2tni/xXvFVGwXaV9DqCnzF46GY5TIvK
Gxlx4RyNNG8O7o3vJDmxlQC55xhxlNgrshjLK7qcIFouFbqmSCe9wrz1TyIElhCV
oTg747Zy5AYCADOmXJhZMg==
</Encrypted></CancelInfo>
	  <ReservedInfo>
	    <MReserved1/>
	    <MReserved2/>
	    <MReserved3/></ReservedInfo>
	  <ManageInfo>
	    <Language/>
	    <URL/>
	    <TXVersion>5036B141209canceLinux     PHPchkfake   2.6.32-754.11.1.el6.x86_64PHP:</TXVersion>
	    <TXUserID/>
	    <TXRegNum/></ManageInfo></INIpay>AMnW6am07sqOboXw6sTMTYC3Zk8V1YZ7xVt+rXI3ouLFjlqy46sOE1cuzNUbjCBg
hMPM/i7QkZ1lij+GRi2S0iWH7w1f192P8TllDHx5jdG2YqBE/R1mVH+NiMwi1fzB
AtScphj/NBJ4nMYDvpfSF+bVM8SQo4bSkx2Rl6VWEfZf
]
INFO	[2020-11-30 16:18:18:572] <24078> DNS LOOKUP OK(203.238.37.3:203.238.37.3:34049) laptime:0
INFO	[2020-11-30 16:18:18:575] <24078> SOCKET CONNECT OK
INFO	[2020-11-30 16:18:18:575] <24078> SEND OK
INFO	[2020-11-30 16:18:19:497] <24078> RECV OK
INFO	[2020-11-30 16:18:19:497] <24078> MSG_FROM_PG:[0115800175D SHA1                   0                                      300430majorgol03                    INIMX_CARDmajorgol0320201124204211814110<?xml version="1.0" encoding="UTF-8"?>
<INIpay>
  <CancelInfo>
    <ResultCode>120000</ResultCode>
    <ResultMsg urlencode="1">%C1%A4%BB%F3%C3%B3%B8%AE%B5%C7%BE%FA%BD%C0%B4%CF%B4%D9.</ResultMsg>
    <SessionKey>AMaPb3841r1x1pT7d1mqr4ExifjwfvTq0xNhhxO9nrR/UCOJJDOOA2U/P/L0dHbe
0BkhrqQpOhgabWtMgfav9wKaDCXAVC0ukTl41KYu9DjqQQZiztsf2pXM2saASw+t
zUdpz2LSeF1K7GKjaY3wdxxm0CtkuR/SilN2Qinn0Hvln5grjw7SWIg=
</SessionKey>
    <Encrypted>/M+Vwf3rUMkXIFWjBFsELC1aM7AwlgqLaTAk2BGryVuEtWY7CDqwvxTrCVZBz5Zn
QjEVZlZsbgKtDlcGjZtmLbT1UIUpEzN4Ev3Orexl5dlTvzAJ7fCoLSzX9CqZhUik
7/3X4LTHYqLkplinj3/srKGpjD6Vtm/ILXj6HnYgi+i8R4NMuzy9+zRc4zxWwqAI
yg2ss23r/i7oxUkqa0zSsiK6c7FAo7OWC05n/h/+n47T8TgsPxFjt2Fe2Qp89V9c
dTDgIF42f+Hz4LIVlqezEys8wRTSosQYsWuBqaQG2Yed8Fum6BQnGa8MS8GVREtc
vNzdLUbLnwGibebaO1qFAu+yoPY8OzJBiXwwWdjWssg=
</Encrypted>
  </CancelInfo>
  <ManageInfo/>
  <ReservedInfo>
    <MReserved1 urlencode="1"></MReserved1>
    <MReserved2 urlencode="1"></MReserved2>
    <MReserved3 urlencode="1"></MReserved3>
    <PGReserved1 urlencode="1"></PGReserved1>
    <PGReserved2 urlencode="1"></PGReserved2>
    <PGReserved3 urlencode="1"></PGReserved3>
  </ReservedInfo>
</INIpay>
kReeBe/oaEbE7gDkkwdLRC18Sa2ZugraLNgHnW2A9a62lmkuOtbNXqZbSsv6j9dd
4FmhAyRlvDk9qzoig2/azM+Xdbs0uAvOWfRJatQVrJSFYagEsFjQozFEyiN9heZX
Pz08Fml5utydiymKiPN18WhDVL7j4RuR7SWe0DvW+Gs=
]
INFO	[2020-11-30 16:18:19:497] <24078> VERIFY OK
INFO	[2020-11-30 16:18:19:497] <24078> PARSE HEAD OK
INFO	[2020-11-30 16:18:19:498] <24078> PARSE BODY OK
INFO	[2020-11-30 16:18:19:498] <24078> DECRYPT OK
DEBUG	[2020-11-30 16:18:19:498] <24078> DECRYPT MSG:[<?xml version="1.0" encoding="UTF-8"?>
<CancelInfo>
  <CancelDate>20201130</CancelDate>
  <CancelTime>161819</CancelTime>
  <ResultCode>120000</ResultCode>
  <ResultMsg urlencode="1">%C1%A4%BB%F3%C3%B3%B8%AE%B5%C7%BE%FA%BD%C0%B4%CF%B4%D9.</ResultMsg>
</CancelInfo>]
INFO	[2020-11-30 16:18:19:498] <24078> DECRYPT PARSE OK
INFO	[2020-11-30 16:18:19:498] <24078> END cancel 정상처리되었습니다. Laptime:[0.928sec]
INFO	[2020-11-30 16:18:19:499] <24078> ===============================================================
