INFO	[2020-10-04 15:12:04:109] <14206> START INIPHP cancel (V5036-141209)(OS:Linux2.6.32-754.11.1.el6.x86_64,PHP:5.3.3)
DEBUG	[2020-10-04 15:12:04:109] <14206> inipayhome:/home/killdeal/public_html/shop/inicis
DEBUG	[2020-10-04 15:12:04:109] <14206> debug:false
DEBUG	[2020-10-04 15:12:04:109] <14206> type:cancel
DEBUG	[2020-10-04 15:12:04:109] <14206> mid:majorgol03
DEBUG	[2020-10-04 15:12:04:109] <14206> admin:1111
DEBUG	[2020-10-04 15:12:04:109] <14206> tid:INIMX_CARDmajorgol0320201004145759625359
DEBUG	[2020-10-04 15:12:04:109] <14206> cancelmsg:주문자 본인 취소-상품옵션 선택 잘못함
INFO	[2020-10-04 15:12:04:109] <14206> Check Field OK
INFO	[2020-10-04 15:12:04:109] <14206> PI PUB KEY LOAD OK []
INFO	[2020-10-04 15:12:04:110] <14206> PG PUB KEY LOAD OK [30]
INFO	[2020-10-04 15:12:04:110] <14206> MERCHANT PRIV KEY LOAD OK
INFO	[2020-10-04 15:12:04:110] <14206> MERCHANT PUB KEY LOAD OK [0]
DEBUG	[2020-10-04 15:12:04:111] <14206> MAKE ENCRYPT OK[<?xml version="1.0" encoding="UTF-8"?>
<CancelInfo>
	  <CancelTID>INIMX_CARDmajorgol0320201004145759625359</CancelTID>
	  <CancelMsg urlencode="1">%C1%D6%B9%AE%C0%DA+%BA%BB%C0%CE+%C3%EB%BC%D2-%BB%F3%C7%B0%BF%C9%BC%C7+%BC%B1%C5%C3+%C0%DF%B8%F8%C7%D4</CancelMsg>
	  <CancelReason/></CancelInfo>]
INFO	[2020-10-04 15:12:04:111] <14206> MAKE BODY OK
INFO	[2020-10-04 15:12:04:111] <14206> SIGN OK
INFO	[2020-10-04 15:12:04:111] <14206> MAKE HEAD OK
INFO	[2020-10-04 15:12:04:111] <14206> MSG_TO_PG:[0101500175D SHA1                   0                                      300420majorgol03                    INIMX_CARDmajorgol0320201004145759625359<?xml version="1.0" encoding="UTF-8"?>
<INIpay>
	  <CancelInfo>
	    <SessionKey>SPlyTzjMri/ZH9WLluJra/pp0MKurhQKeuQml5cLqpm5Fse+X15rKc1eSDFes4Hq
bqwFvuNsXjqAbdSSd9y6BPfmz4ZyXRSIofMQDgHFbD7Fjh+y+snckmvFKFzdTxhh
3msrZpI9BX33pPsn7zOz+WplTEHoKlGnMpXYVWW5Spu+DlrYtawGyQ==
</SessionKey>
	    <Encrypted>1+eBEEVNQ7K4dOCgC8fjjBREbSRrhS13H+KEYTPwASsIm3hNkFKYX87j8FkL+i5g
K62/DihsktYOUgjiPxfskvAQcvdgrwn26LjwTuO1OmfQBMuCD+5R/7XARRdTRUs7
FvuouhkcKJ9BUMeb1BU4PTlEXlRdDrsz8zymgUe2Z5Yah7MtVadlZVR3ed3fqrqz
fmVAhtOzNOIUJnuscWchn6YZiEk6B0l6pDwsj3uWyzfHoiiQPFss9sZjilw6D/JC
uiRRyqhgntEA/jtqZrrKVk6P/teYqApsS+SOxY2FqsC2mbAt8HfBNonuq6s23JSY
QRK0jwKeiqb8K0MA6wHzcvL8eUXQQJtSjqsi/Fh7rtvohq0wjp7PDlxvv41m5iqx
qE6WH4SlJ0g=
</Encrypted></CancelInfo>
	  <ReservedInfo>
	    <MReserved1/>
	    <MReserved2/>
	    <MReserved3/></ReservedInfo>
	  <ManageInfo>
	    <Language/>
	    <URL/>
	    <TXVersion>5036B141209canceLinux     PHPchkfake   2.6.32-754.11.1.el6.x86_64PHP:</TXVersion>
	    <TXUserID/>
	    <TXRegNum/></ManageInfo></INIpay>APsvmmjtN5OCPzKoFRd2ucjdt64WcLwV5Ic0suH+5XTAl5dVsQHtOpMViGekaTGu
Gdv66ZjjYno+PeASsIHgGWo5Pzdxil0zoq50KwQElpJU3B6qaI8jH6DwVukipSxl
AlM2GN9FcmpduWuyQPJpuR+5YPPe/S0Sz4A+EtKfQhNp
]
INFO	[2020-10-04 15:12:04:111] <14206> DNS LOOKUP OK(203.238.37.3:203.238.37.3:34049) laptime:0
INFO	[2020-10-04 15:12:04:114] <14206> SOCKET CONNECT OK
INFO	[2020-10-04 15:12:04:115] <14206> SEND OK
INFO	[2020-10-04 15:12:04:735] <14206> RECV OK
INFO	[2020-10-04 15:12:04:735] <14206> MSG_FROM_PG:[0115800175D SHA1                   0                                      300430majorgol03                    INIMX_CARDmajorgol0320201004145759625359<?xml version="1.0" encoding="UTF-8"?>
<INIpay>
  <CancelInfo>
    <ResultCode>120000</ResultCode>
    <ResultMsg urlencode="1">%C1%A4%BB%F3%C3%B3%B8%AE%B5%C7%BE%FA%BD%C0%B4%CF%B4%D9.</ResultMsg>
    <SessionKey>AMmcomL9AuPCLm5rtbm0Zkc+ObLXj5onw7ZBr2h/ZF+CzBNLgAgsUG/x+RxHcvLr
KPQZ+A8nyKdSzvDWek4ty3lzJsmERNf9TW/UcFyoduNS5I0GyR8E1iYqX0FJWXGG
rBaEplP94Wrzyr5HwNaLR45eo6pPJKr95tVKibv7pDbv2McvyKdsu0c=
</SessionKey>
    <Encrypted>kOFGIfE6Vtgvp1QI4xPCQc2NpHcCnNe1VKrjjhPhx8IoKyWjeJEjDTYykDYcgi0u
e2zuUGWV1Plarpi9BShWvk7NW6fKP/Ju0KR3Z081f6rCtD+629E9vAn0SzKZsMi8
WP4xoMktcNr6fxx0AW2U7bTwOAVrLtc7xqbllYAJDMcxTayfNTiQhj3hGy2mEg9P
xZMsZ015HjYzTuSfA7C5/OzI8NJCrPcu3hJ20k4idOtFGBXvZ9TBRwtZy8EQNAqP
LgCrHK6HTiPMOne5bXzK9z2U6YfcXcPHJgqmvgBPoNa+KCszPXyLuoOmvEN35Dgb
TolwDsly4nt/lx19699gL920d54HYeI/1kciytMtFws=
</Encrypted>
  </CancelInfo>
  <ManageInfo/>
  <ReservedInfo>
    <MReserved1 urlencode="1"></MReserved1>
    <MReserved2 urlencode="1"></MReserved2>
    <MReserved3 urlencode="1"></MReserved3>
    <PGReserved1 urlencode="1"></PGReserved1>
    <PGReserved2 urlencode="1"></PGReserved2>
    <PGReserved3 urlencode="1"></PGReserved3>
  </ReservedInfo>
</INIpay>
psx+oYf5vaiczH68CV+tQ3O4G4kyr5+aX+/+qZMWxxrJ+RasmItyUocTEvktum+l
tgSyhLUvcOmcepcPgolqPHD+KgiZcwdcQSUInP72eghhQaXa+Y7FtqgrkQIufL/N
dzIL8is5b5qtwzaf52+B+Qjnq2SwKVdXyTwIX9gfcyo=
]
INFO	[2020-10-04 15:12:04:736] <14206> VERIFY OK
INFO	[2020-10-04 15:12:04:736] <14206> PARSE HEAD OK
INFO	[2020-10-04 15:12:04:736] <14206> PARSE BODY OK
INFO	[2020-10-04 15:12:04:737] <14206> DECRYPT OK
DEBUG	[2020-10-04 15:12:04:737] <14206> DECRYPT MSG:[<?xml version="1.0" encoding="UTF-8"?>
<CancelInfo>
  <CancelDate>20201004</CancelDate>
  <CancelTime>151205</CancelTime>
  <ResultCode>120000</ResultCode>
  <ResultMsg urlencode="1">%C1%A4%BB%F3%C3%B3%B8%AE%B5%C7%BE%FA%BD%C0%B4%CF%B4%D9.</ResultMsg>
</CancelInfo>]
INFO	[2020-10-04 15:12:04:737] <14206> DECRYPT PARSE OK
INFO	[2020-10-04 15:12:04:737] <14206> END cancel 정상처리되었습니다. Laptime:[0.628sec]
INFO	[2020-10-04 15:12:04:737] <14206> ===============================================================
