INFO	[2021-07-12 14:49:22:147] <5142> START INIPHP receipt (V5036-141209)(OS:Linux2.6.32-754.11.1.el6.x86_64,PHP:5.3.3)
DEBUG	[2021-07-12 14:49:22:147] <5142> inipayhome:/home1/killdeal/public_html/shop/inicis
DEBUG	[2021-07-12 14:49:22:147] <5142> debug:false
DEBUG	[2021-07-12 14:49:22:147] <5142> type:receipt
DEBUG	[2021-07-12 14:49:22:147] <5142> pgid:INIphpRECP
DEBUG	[2021-07-12 14:49:22:147] <5142> paymethod:CASH
DEBUG	[2021-07-12 14:49:22:147] <5142> currency:WON
DEBUG	[2021-07-12 14:49:22:147] <5142> admin:1111
DEBUG	[2021-07-12 14:49:22:147] <5142> mid:majorgol03
DEBUG	[2021-07-12 14:49:22:147] <5142> goodname:핫딜던롭젝시오XXIO11일레븐레이디스엑스페어웨이우드택1 외 2건
DEBUG	[2021-07-12 14:49:22:147] <5142> cr_price:487900
DEBUG	[2021-07-12 14:49:22:147] <5142> sup_price:443545
DEBUG	[2021-07-12 14:49:22:147] <5142> tax:44355
DEBUG	[2021-07-12 14:49:22:147] <5142> srvc_price:0
DEBUG	[2021-07-12 14:49:22:147] <5142> buyername:김찬열
DEBUG	[2021-07-12 14:49:22:147] <5142> buyeremail:kcy8287@naver.com
DEBUG	[2021-07-12 14:49:22:147] <5142> buyertel:01062048287
DEBUG	[2021-07-12 14:49:22:147] <5142> reg_num:01062048287
DEBUG	[2021-07-12 14:49:22:147] <5142> useopt:0
DEBUG	[2021-07-12 14:49:22:147] <5142> companynumber:
INFO	[2021-07-12 14:49:22:147] <5142> Check Field OK
INFO	[2021-07-12 14:49:22:147] <5142> Make TID OK INIphpRECPmajorgol0320210712144922478946
INFO	[2021-07-12 14:49:22:147] <5142> PI PUB KEY LOAD OK []
INFO	[2021-07-12 14:49:22:148] <5142> PG PUB KEY LOAD OK [30]
INFO	[2021-07-12 14:49:22:148] <5142> MERCHANT PRIV KEY LOAD OK
INFO	[2021-07-12 14:49:22:148] <5142> MERCHANT PUB KEY LOAD OK [0]
DEBUG	[2021-07-12 14:49:22:148] <5142> MAKE ENCRYPT OK[<?xml version="1.0" encoding="UTF-8"?>
<PaymentInfo>
	  <Payment>
	    <CASH>
	      <CSHR_ApplPrice>487900</CSHR_ApplPrice>
	      <CSHR_SupplyPrice>443545</CSHR_SupplyPrice>
	      <CSHR_Tax>44355</CSHR_Tax>
	      <CSHR_ServicePrice/>
	      <CSHR_Type>0</CSHR_Type>
	      <CSHR_RegNum>01062048287</CSHR_RegNum>
	      <CSHR_CompanyNum/></CASH></Payment></PaymentInfo>]
INFO	[2021-07-12 14:49:22:149] <5142> MAKE BODY OK
INFO	[2021-07-12 14:49:22:149] <5142> SIGN OK
INFO	[2021-07-12 14:49:22:149] <5142> MAKE HEAD OK
INFO	[2021-07-12 14:49:22:149] <5142> MSG_TO_PG:[0199600175D SHA1                   0                                      300200majorgol03              487900INIphpRECPmajorgol0320210712144922478946<?xml version="1.0" encoding="UTF-8"?>
<INIpay>
	  <GoodsInfo>
	    <GoodsCnt>1</GoodsCnt>
	    <MOID/>
	    <Currency>WON</Currency>
	    <Tax>44355</Tax>
	    <TaxFree/>
	    <Goods>
	      <SMID>majorgol03</SMID>
	      <GoodsName urlencode="1">%C7%D6%B5%F4%B4%F8%B7%D3%C1%A7%BD%C3%BF%C0XXIO11%C0%CF%B7%B9%BA%EC%B7%B9%C0%CC%B5%F0%BD%BA%BF%A2%BD%BA%C6%E4%BE%EE%BF%FE%C0%CC%BF%EC%B5%E5%C5%C31+%BF%DC+2%B0%C7</GoodsName>
	      <GoodsPrice>487900</GoodsPrice></Goods></GoodsInfo>
	  <BuyerInfo>
	    <BuyerName urlencode="1">%B1%E8%C2%F9%BF%AD</BuyerName>
	    <BuyerTel>01062048287</BuyerTel>
	    <BuyerEmail urlencode="1">kcy8287%40naver.com</BuyerEmail>
	    <ParentEmail/>
	    <RecvName/>
	    <RecvTel/>
	    <RecvMsg/>
	    <RecvAddr/>
	    <RecvPostNum/></BuyerInfo>
	  <PaymentInfo>
	    <Payment>
	      <PayMethod>CASH</PayMethod>
	      <JoinCard/>
	      <JoinExpire/>
	      <MailOrder/>
	      <SessionKey>Tk4yxgiuxQ/CdFkmrk8sJ7aTBX5DOO51Zv0UnHvwCLddSnOjEQxFihK543/TsIwj
JyiLa9dy/ja3lXvCljxSrvz3oq2R5K/kQ3dWvvc0gJsw1iYBiPvtKI9Gq46/lhM7
bs4o5bkqsCx+89EqBqsijuNijFYkqAMMpnO8zolbPIEX77rvlSnt9Q==
</SessionKey>
	      <Encrypted>j5DmunIcGHvpt9dT0msvQe0056jLL9Q0yCakEb7FpScCrNGkX83ReCkm8mWW+jWJ
3vjEKKanTQugw7RQ1l/DzItcTW4sK/CCp1qA/VT/FFVDRofeY9kE4SeKQV4P0swn
K63y2kytPTE8IAMZVO8k/zHB3r9OvblLwlmn7zC8POVOAxrP1ItHtFl4ebuwv97a
U69416MUDlEC5WJzeItlDKOcfMZqmsEOrNC1/9nxm5a95F9zMdHv3Or6SH+vZC/Q
dGxQKqW1alBy/uS3BfJjQMYndLQvH4N0Tbi224a/emVBn7NHTlr+E95SYulJPY2u
uRKjLajaIQKrVfGUfcowf8x7eHgLHbUuQ91VpxFiIv82PjYWFV+fUY/TDc5y68XT
QfM3l9TRGe0dDLEjqlNCEFvUR3pzY8+vg0VxH+MtUnYo6fm2oM9vozk8iZYyOble
8B4q6r8/3eAEvj1vvZ89+zuGiPE0MvY3jAAoPE5W1fjCCOqZzSvTMA==
</Encrypted></Payment></PaymentInfo>
	  <ReservedInfo>
	    <MReserved1/>
	    <MReserved2/>
	    <MReserved3/></ReservedInfo>
	  <ManageInfo>
	    <Language/>
	    <URL/>
	    <TXVersion>5036B141209receiLinux     PHPchkfake   2.6.32-754.11.1.el6.x86_64PHP:</TXVersion>
	    <TXUserID/>
	    <TXRegNum/>
	    <Ack>1</Ack></ManageInfo></INIpay>AHKdu3wwT1dttjViVD5/hL5HrJY/cFJYZlHD7NhZ9FjlQC/Z4Nz8w9PiGXDcyEPm
fP42rEXinLhVlTjX0gfqnOIGpfgzVtsEVafDjI5xERMQuklnb0RUgltCyiIb36i8
/6Y2N01dleWzs71ZpicgwpVWIIW//AtqNFclw7ALII4A
]
INFO	[2021-07-12 14:49:22:150] <5142> DNS LOOKUP OK(203.238.37.3:203.238.37.3:34049) laptime:0
INFO	[2021-07-12 14:49:22:152] <5142> SOCKET CONNECT OK
INFO	[2021-07-12 14:49:22:152] <5142> SEND OK
INFO	[2021-07-12 14:49:22:273] <5142> RECV OK
INFO	[2021-07-12 14:49:22:273] <5142> MSG_FROM_PG:[0173900175D SHA1                   0                                      300210majorgol03              487900INIphpRECPmajorgol0320210712144922478946<?xml version="1.0" encoding="UTF-8"?><INIpay>
<GoodsInfo>
<GoodsCnt>1</GoodsCnt>
<MOID urlencode="1"/>
<Currency>WON</Currency>
<Goods no="1">
<SMID>majorgol03</SMID>
<GoodsName urlencode="1">%C7%D6%B5%F4%B4%F8%B7%D3%C1%A7%BD%C3%BF%C0XXIO11%C0%CF%B7%B9%BA%EC%B7%B9%C0%CC%B5%F0%BD%BA%BF%A2%BD%BA%C6%E4%BE%EE%BF%FE%C0%CC%BF%EC%B5%E5%C5%C31+%BF%DC+2%B0%C7</GoodsName>
<GoodsCntS>1</GoodsCntS>
<GoodsPrice>487900</GoodsPrice>
</Goods>
</GoodsInfo>
<PaymentInfo>
<Payment>
<SessionKey>AJRisTppCQvetMbfpXSpxcCXz1ww8wHCbM741QnAzifDoGD8EgQxlFZlJXUdxXE9
SyGKAsebBv10vuwEF+pAfggoQqsviry2R/ZoERYHUcL7tjS0ZftdnpuqURa1lo5z
hJIDxuFiaJqpKN/iMpSnLdby9i8DLcpXW5G5l56EtgN3bw/q/suRYpY=
</SessionKey>
<Encrypted>k3Dz56p4zjFKdb2uAZYVTbYZe5h51Nbpe7ASQbXX6/QcqYCdYaGQFqshUQAVaozp
z7vtTGjzXnOavzZ0up23nEzqU+0umSiccGf8mgRYBQAdBzzsDHthuh/QTtBpRoQZ
ZWKYd13dEpHMEg/SxK2XDcrbMrRJaPI3KHa4GAuuHeSgM67i66PnaKUOhtqNuuiI
JWB9ZjaIARlWQ3isguO00oLvU/DX7cU+hSqJO3fX8vQ0HalA2yL263nR1kM5VDim
2UBugxFQrneD+GyNGmuhq13ZI9IXSktvuQl2f/gH/x9cZgs1gV1K35k7ryE4Q6DM
jAXDmgG3YbuyUuP1Laop0yov72J5nqcneRc1kcvdS8zMqsyE1JKS2qfsx5D125Fa
tGwh+kmdqfs/Ua3+LhxZoLlqZQDrc1wnIgapXqiay0X1mx35M9GrkzaWqGEEpnCm
wRSCs3WcPnd3KBZMs5/t2kHwduUNasrAqixQAd10YmR7llKM7Mbo3jeSaO3f/SKf
qrCpInxpf07F2joUEIx3IL4lICmjkdOeRe4bBOc1qwTmwaKZ0Eu4Z3azJK9zRTKP
VTjYLEmYvsYv6nYYc79rfMANpgEIuE9HB+7sfqcn2RlHiblfkA1iMQe1XmfOrrph
gBve5SzPmQ4P7zW0Wr0iDcl9mjRVnI+oiKL5JlmtlcXdX0ccDw3fXcb7hztXwaL4
</Encrypted>
<PayMethod>CASH</PayMethod>
<ResultCode>220000</ResultCode>
<ResultMsg urlencode="1">%C1%A4%BB%F3%C3%B3%B8%AE%B5%C7%BE%FA%BD%C0%B4%CF%B4%D9.</ResultMsg>
</Payment>
</PaymentInfo>
<ManageInfo/>
<ReservedInfo>
<MReserved1 urlencode="1"/>
<MReserved2 urlencode="1"/>
<MReserved3 urlencode="1"/>
</ReservedInfo>
</INIpay>
ybQy0oE26iy6dw2vVlcv1FOOxXgyjcm/f8iws6FjYtFIUM9v8D2sawbmLBAiLbQO
ABbpi1mTj09ESqku1CBfMWAXC82pntDLq4x3vCmnqudG/mGGwdig6EpnjbAwHIVd
RHpnmOSQ0aMym20LHaGtUN/Kb52m601+R5bk64zYlPg=
]
INFO	[2021-07-12 14:49:22:273] <5142> VERIFY OK
INFO	[2021-07-12 14:49:22:273] <5142> PARSE HEAD OK
INFO	[2021-07-12 14:49:22:273] <5142> PARSE BODY OK
INFO	[2021-07-12 14:49:22:274] <5142> DECRYPT OK
DEBUG	[2021-07-12 14:49:22:274] <5142> DECRYPT MSG:[<?xml version="1.0" encoding="UTF-8"?><PaymentInfo>
<Payment>
<CASH>
<CSHR_ApplPrice>487900</CSHR_ApplPrice>
<CSHR_SupplyPrice>443545</CSHR_SupplyPrice>
<CSHR_Tax>44355</CSHR_Tax>
<CSHR_ServicePrice/>
<CSHR_Type>0</CSHR_Type>
<CSHR_ApplDate>20210712</CSHR_ApplDate>
<CSHR_ApplTime>144923</CSHR_ApplTime>
<CSHR_ApplNum>265389980</CSHR_ApplNum>
<CSHR_ResultCode>220000</CSHR_ResultCode>
<CSHR_ResultMsg urlencode="1">%C1%A4%BB%F3%C3%B3%B8%AE%B5%C7%BE%FA%BD%C0%B4%CF%B4%D9.</CSHR_ResultMsg>
</CASH>
</Payment>
</PaymentInfo>]
INFO	[2021-07-12 14:49:22:274] <5142> DECRYPT PARSE OK
INFO	[2021-07-12 14:49:22:274] <5142> WAIT ACK INVOKING
DEBUG	[2021-07-12 14:49:22:274] <5142> MAKE HEAD OK
INFO	[2021-07-12 14:49:22:278] <5142> SUCCESS ACK INVOKING
INFO	[2021-07-12 14:49:22:278] <5142> END receipt 정상처리되었습니다. Laptime:[0.131sec]
INFO	[2021-07-12 14:49:22:278] <5142> ===============================================================
