INFO	[2021-08-24 16:15:38:717] <13883> START INIPHP cancel (V5036-141209)(OS:Linux2.6.32-754.11.1.el6.x86_64,PHP:5.3.3)
DEBUG	[2021-08-24 16:15:38:717] <13883> inipayhome:/home1/killdeal/public_html/shop/inicis
DEBUG	[2021-08-24 16:15:38:717] <13883> debug:false
DEBUG	[2021-08-24 16:15:38:717] <13883> type:cancel
DEBUG	[2021-08-24 16:15:38:717] <13883> mid:fourseason
DEBUG	[2021-08-24 16:15:38:717] <13883> admin:1111
DEBUG	[2021-08-24 16:15:38:717] <13883> tid:StdpayISP_fourseason20210818114628899773
DEBUG	[2021-08-24 16:15:38:717] <13883> cancelmsg:쇼핑몰 운영자 승인 취소
INFO	[2021-08-24 16:15:38:717] <13883> Check Field OK
INFO	[2021-08-24 16:15:38:717] <13883> PI PUB KEY LOAD OK []
INFO	[2021-08-24 16:15:38:717] <13883> PG PUB KEY LOAD OK [30]
INFO	[2021-08-24 16:15:38:717] <13883> MERCHANT PRIV KEY LOAD OK
INFO	[2021-08-24 16:15:38:717] <13883> MERCHANT PUB KEY LOAD OK [0]
DEBUG	[2021-08-24 16:15:38:718] <13883> MAKE ENCRYPT OK[<?xml version="1.0" encoding="UTF-8"?>
<CancelInfo>
	  <CancelTID>StdpayISP_fourseason20210818114628899773</CancelTID>
	  <CancelMsg urlencode="1">%BC%EE%C7%CE%B8%F4+%BF%EE%BF%B5%C0%DA+%BD%C2%C0%CE+%C3%EB%BC%D2</CancelMsg>
	  <CancelReason/></CancelInfo>]
INFO	[2021-08-24 16:15:38:718] <13883> MAKE BODY OK
INFO	[2021-08-24 16:15:38:719] <13883> SIGN OK
INFO	[2021-08-24 16:15:38:719] <13883> MAKE HEAD OK
INFO	[2021-08-24 16:15:38:719] <13883> MSG_TO_PG:[0096200175D SHA1                   0                                      300420fourseason                    StdpayISP_fourseason20210818114628899773<?xml version="1.0" encoding="UTF-8"?>
<INIpay>
	  <CancelInfo>
	    <SessionKey>kOcfdsYHf+FMOvh090i2WF1w00JEHWl68P2B9tzZ0+2oCAN+hYJ336/EAAw06+M2
hPtXlDEZxDRBpN3oq4grS3ot8B8JZdx5tDuc6GQhyQilBF/5JNzWArFhgGG+D2ZH
8ZWhnoIyk6KigIimAesF8aZRFJ4iSl1qTkvQGL+l07oQT66P7NHISg==
</SessionKey>
	    <Encrypted>V1wB6RkPcUKL23xH5rVh+2wIFFO4sGlQWdWjOdU4bIKvixUM1vL5u/5SNfTP4l/D
DZqcFseTbPpWT1Wk5q4685aT/2rr6LlL29bbH3IIlxj7TxoSD7HUKpE0rqaxejgN
T8gU64duLgL7i6C4zehJYOsq38uwFThn+VHFRB0Iksq1/fe8psLJI/W1Le9gZzn5
xQgOdWvfSSutr4VFbCIastw2frjSJ/txOSjgGCpq6IxP7WUxrEoMS61/lV8BxCJl
9g4wh9ReLM5I6ne64mnxJrR/CU4Gz6juwJOny4smWlsasaN5lujYjS+U2I2Nk5Rn
lP8kclFpxsz3KPuJJuwfkg==
</Encrypted></CancelInfo>
	  <ReservedInfo>
	    <MReserved1/>
	    <MReserved2/>
	    <MReserved3/></ReservedInfo>
	  <ManageInfo>
	    <Language/>
	    <URL/>
	    <TXVersion>5036B141209canceLinux     PHPchkfake   2.6.32-754.11.1.el6.x86_64PHP:</TXVersion>
	    <TXUserID/>
	    <TXRegNum/></ManageInfo></INIpay>ABUI9QOox7lhtgH2ZyNlhtRyQDsB9ufNnsO5JlScfDi0JkrjY7Laq1Px+0Z7lQ+o
ViBRT2/VWuwlVyMW+NfhCbKuQmbvJmqmW3gQSCT5D8PL9cSR5BCh1sn2h0EuMwAX
X3+L4DVjaOeQYkP/0D3D6hrm3nVwAqvCp33/n01GlNWv
]
INFO	[2021-08-24 16:15:38:719] <13883> DNS LOOKUP OK(203.238.37.3:203.238.37.3:34049) laptime:0
INFO	[2021-08-24 16:15:38:721] <13883> SOCKET CONNECT OK
INFO	[2021-08-24 16:15:38:721] <13883> SEND OK
INFO	[2021-08-24 16:15:39:725] <13883> RECV OK
INFO	[2021-08-24 16:15:39:725] <13883> MSG_FROM_PG:[0086100175D SHA1                   0                                      300430fourseason                    StdpayISP_fourseason20210818114628899773<?xml version="1.0" encoding="UTF-8"?><INIpay>
<CancelInfo>
<ResultCode>170000</ResultCode>
<ResultMsg urlencode="1">%C1%A4%BB%F3%BF%CF%B7%E1</ResultMsg>
<SessionKey>AFZEStTLGmNSP5/ZAnxTVVHZbutpidE6MP7LbPuq4b7HU9W4aiImBJv/lW/ewIQ1
Lip8WkvcX90Er/4bOMw0WTl3K+plGsdAi1+sp+aeUkdjhPvZvJnntw8vueBHXpCL
PuP8Kc6DsDiss099EDwTPifl2gFCep+3NLFZ4EEpiFI8pq+RR6GCA9Q=
</SessionKey>
<Encrypted>WyA3T9iW5kmT8LkW1pbaJCcdH/h7EAzUNtkOu/9ZzuUw/cZ52VeZssoQgPpEiqAO
TM7ChjeJ5HgsGdvPBZmuvCqLrOruZTaDvKVngQfmiJLvoS4G2wQQQn7u1XDjR2bH
4bYXU7kHLqUNaLnvc+wXmEHOG3owokudDGgczCE58vtwp1pREknQBLZLgHXSQA8P
EKmtxI54ExVJXj9ICo7E9HDzOr/uepKacZnapX6cTtE7Ga9XlTRmHlQXrs3QwIUY
P74OyPUPsgGafRR2mf3v2ArEeCGGbFsJwRgSEybr7PBfegZjefv+8w==
</Encrypted>
</CancelInfo>
<ManageInfo/>
<ReservedInfo>
<MReserved1 urlencode="1"/>
<MReserved2 urlencode="1"/>
<MReserved3 urlencode="1"/>
</ReservedInfo>
</INIpay>
O+TlwLkE1SoMqj+O0MvzcoFJJJv8wbn8Z6Hlfk1DjWHgyPYEAibDqpvoTnk9/lgu
Uz+tYD9DqDF2JXOLD+JXYnHiJscdRs/6oPad04c/0WZLxQVEBTlNO+xkuNlp9/KQ
hIeTXnObhGybwIEjfUk27Um6PnDFCff9i54V2xNGg/U=
]
INFO	[2021-08-24 16:15:39:725] <13883> VERIFY OK
INFO	[2021-08-24 16:15:39:725] <13883> PARSE HEAD OK
INFO	[2021-08-24 16:15:39:725] <13883> PARSE BODY OK
INFO	[2021-08-24 16:15:39:726] <13883> DECRYPT OK
DEBUG	[2021-08-24 16:15:39:726] <13883> DECRYPT MSG:[<?xml version="1.0" encoding="UTF-8"?><CancelInfo>
<CancelDate>20210824</CancelDate>
<CancelTime>161540</CancelTime>
<ResultCode>170000</ResultCode>
<ResultMsg urlencode="1">%C1%A4%BB%F3%BF%CF%B7%E1</ResultMsg>
</CancelInfo>]
INFO	[2021-08-24 16:15:39:726] <13883> DECRYPT PARSE OK
INFO	[2021-08-24 16:15:39:726] <13883> END cancel 정상완료 Laptime:[1.009sec]
INFO	[2021-08-24 16:15:39:726] <13883> ===============================================================
INFO	[2021-08-24 16:50:53:769] <13535> START INIPHP cancel (V5036-141209)(OS:Linux2.6.32-754.11.1.el6.x86_64,PHP:5.3.3)
DEBUG	[2021-08-24 16:50:53:769] <13535> inipayhome:/home1/killdeal/public_html/shop/inicis
DEBUG	[2021-08-24 16:50:53:769] <13535> debug:false
DEBUG	[2021-08-24 16:50:53:769] <13535> type:cancel
DEBUG	[2021-08-24 16:50:53:769] <13535> mid:fourseason
DEBUG	[2021-08-24 16:50:53:769] <13535> admin:1111
DEBUG	[2021-08-24 16:50:53:769] <13535> tid:INIMX_ISP_fourseason20210812011631235404
DEBUG	[2021-08-24 16:50:53:769] <13535> cancelmsg:쇼핑몰 운영자 승인 취소
INFO	[2021-08-24 16:50:53:769] <13535> Check Field OK
INFO	[2021-08-24 16:50:53:769] <13535> PI PUB KEY LOAD OK []
INFO	[2021-08-24 16:50:53:770] <13535> PG PUB KEY LOAD OK [30]
INFO	[2021-08-24 16:50:53:770] <13535> MERCHANT PRIV KEY LOAD OK
INFO	[2021-08-24 16:50:53:770] <13535> MERCHANT PUB KEY LOAD OK [0]
DEBUG	[2021-08-24 16:50:53:770] <13535> MAKE ENCRYPT OK[<?xml version="1.0" encoding="UTF-8"?>
<CancelInfo>
	  <CancelTID>INIMX_ISP_fourseason20210812011631235404</CancelTID>
	  <CancelMsg urlencode="1">%BC%EE%C7%CE%B8%F4+%BF%EE%BF%B5%C0%DA+%BD%C2%C0%CE+%C3%EB%BC%D2</CancelMsg>
	  <CancelReason/></CancelInfo>]
INFO	[2021-08-24 16:50:53:770] <13535> MAKE BODY OK
INFO	[2021-08-24 16:50:53:771] <13535> SIGN OK
INFO	[2021-08-24 16:50:53:771] <13535> MAKE HEAD OK
INFO	[2021-08-24 16:50:53:771] <13535> MSG_TO_PG:[0096200175D SHA1                   0                                      300420fourseason                    INIMX_ISP_fourseason20210812011631235404<?xml version="1.0" encoding="UTF-8"?>
<INIpay>
	  <CancelInfo>
	    <SessionKey>YHST1gtwF5slbo+o23I6FjNfUCuTxChjIUKJtlm2FbnPIxa2SHTKRrxG9pSXjP6Y
+EDqH2H2/X4/SYT+rxPvriNwbOMoZx1P1BaLD/lWv/+V6naZ6GMrAuLwVWAcOi3p
xV7zdY2wW4ZcAbbEBqSRoGmz+ZHIYwyh7E4JXncRMr/l+J6wcG/Zyw==
</SessionKey>
	    <Encrypted>FoNCW6v49H5ETBKq8pLEy4Imxcw2VIbBuIaUMhfK3O3ODkbpzaJsUwhrK3oeb3Ve
PH0oFEWlHSfDs7gIWfKq7d4MeCG6MAop4LyeYJWLtN6HGvujaNaeE70ffk/RcTCx
J02xT5LMdcOVwT81+4fKxV89TTmTAc9PxK1NK6VPA5tcT50NXBCctURdqQ6TP9ps
sOuGiQOgYaENUX669LK6eRB8GPpk2GFyQXVRLQ9dGwqttYEaHL4MF73uxYUiVwG2
eEYK3C6SF4elpjeMjTjsEAtKK01hEGQh91DaDVyHy24VOi6p2HTRabPOdWrp5799
tU+jFSnquboecAivjGntDA==
</Encrypted></CancelInfo>
	  <ReservedInfo>
	    <MReserved1/>
	    <MReserved2/>
	    <MReserved3/></ReservedInfo>
	  <ManageInfo>
	    <Language/>
	    <URL/>
	    <TXVersion>5036B141209canceLinux     PHPchkfake   2.6.32-754.11.1.el6.x86_64PHP:</TXVersion>
	    <TXUserID/>
	    <TXRegNum/></ManageInfo></INIpay>AE4fhzfj0tKST8Lr/BCJT+QSmblRe50EV3FN9UYXn5AUJpsW3iVcmyB1Hbr6IlBZ
3WjJpTbGI4x0+AIOap4J0PvWDkrJRlmKmuVfHBTn47kZ29f3dpEmdTqy0ODXgUud
rtE5EZh3pWbmdR2iEMyJfYTD3mykyLVNxzGN409piDlA
]
INFO	[2021-08-24 16:50:53:771] <13535> DNS LOOKUP OK(203.238.37.3:203.238.37.3:34049) laptime:0
INFO	[2021-08-24 16:50:53:774] <13535> SOCKET CONNECT OK
INFO	[2021-08-24 16:50:53:774] <13535> SEND OK
INFO	[2021-08-24 16:50:54:516] <13535> RECV OK
INFO	[2021-08-24 16:50:54:516] <13535> MSG_FROM_PG:[0086100175D SHA1                   0                                      300430fourseason                    INIMX_ISP_fourseason20210812011631235404<?xml version="1.0" encoding="UTF-8"?><INIpay>
<CancelInfo>
<ResultCode>170000</ResultCode>
<ResultMsg urlencode="1">%C1%A4%BB%F3%BF%CF%B7%E1</ResultMsg>
<SessionKey>AFF9BH6DBEeiYDWsJZfwMoOa6+wgJSuIZ1jxJa1DVYK1aLIm4CuzPNDVDfelfuMe
Xn74t9MMvOGL5Z5WGugdi9+Tf2WqmOYpRT3qgNo/8jYlYKFmUFqO1OB3914UM18J
nVCbSYOxE5bM1IQBRHZQim4zuNcLhuJO7kGN/xmXQqn9IGPjCvMc8lQ=
</SessionKey>
<Encrypted>NC2wr0lIesseIjyzpaSHUMLQXDPuO1d0T+QMX0WqQzllwipIPTKmq3ahUebGo1E+
6vv6q2+PoVonsdRB1j3G+piOs5NiLiAfN+Pxdw4WjalNi3dG15GjCwf6KZltGOuW
li31gtnIH3CXa6R8rpu8pZk2V4LrHja8loeeuyciSyoQCVz7iVXDpxar3SzSo5A3
QZ8NHYDqxZGwc6JAuo5A4qF/nkQNRdzuxSq93x7CrD/UtRj9Rhso6j8OzOasahFZ
2JHRyVsS7uxwYRL4sCWDUXC8fjkZOMwdUG8bbQ/FVJsXoThtxPhISA==
</Encrypted>
</CancelInfo>
<ManageInfo/>
<ReservedInfo>
<MReserved1 urlencode="1"/>
<MReserved2 urlencode="1"/>
<MReserved3 urlencode="1"/>
</ReservedInfo>
</INIpay>
d1F5lkWjocuqqS0u0MYZNDFRqTJwtGsN0jmvbBiD/J/oIYPOMdTYXkYNCqSHaImt
WcjgoSm6Kn8NfrsZe/a0zP7A0ouqb2oau4LCbxPUgDFisqnkcvgJsaza/D56HMJW
k6UWF8V8b5/kF4Mrs6VJ23VTOD+vhfRVxlFcoDkz8AE=
]
INFO	[2021-08-24 16:50:54:516] <13535> VERIFY OK
INFO	[2021-08-24 16:50:54:516] <13535> PARSE HEAD OK
INFO	[2021-08-24 16:50:54:516] <13535> PARSE BODY OK
INFO	[2021-08-24 16:50:54:517] <13535> DECRYPT OK
DEBUG	[2021-08-24 16:50:54:517] <13535> DECRYPT MSG:[<?xml version="1.0" encoding="UTF-8"?><CancelInfo>
<CancelDate>20210824</CancelDate>
<CancelTime>165055</CancelTime>
<ResultCode>170000</ResultCode>
<ResultMsg urlencode="1">%C1%A4%BB%F3%BF%CF%B7%E1</ResultMsg>
</CancelInfo>]
INFO	[2021-08-24 16:50:54:517] <13535> DECRYPT PARSE OK
INFO	[2021-08-24 16:50:54:517] <13535> END cancel 정상완료 Laptime:[0.748sec]
INFO	[2021-08-24 16:50:54:517] <13535> ===============================================================
INFO	[2021-08-24 23:55:14:685] <14716> START INIPHP cancel (V5036-141209)(OS:Linux2.6.32-754.11.1.el6.x86_64,PHP:5.3.3)
DEBUG	[2021-08-24 23:55:14:685] <14716> inipayhome:/home1/killdeal/public_html/shop/inicis
DEBUG	[2021-08-24 23:55:14:685] <14716> debug:false
DEBUG	[2021-08-24 23:55:14:685] <14716> type:cancel
DEBUG	[2021-08-24 23:55:14:685] <14716> mid:fourseason
DEBUG	[2021-08-24 23:55:14:685] <14716> admin:1111
DEBUG	[2021-08-24 23:55:14:685] <14716> tid:INIMX_CARDfourseason20210824234052444965
DEBUG	[2021-08-24 23:55:14:685] <14716> cancelmsg:주문자 본인 취소-상품옵션 선택 잘못함
INFO	[2021-08-24 23:55:14:685] <14716> Check Field OK
INFO	[2021-08-24 23:55:14:685] <14716> PI PUB KEY LOAD OK []
INFO	[2021-08-24 23:55:14:685] <14716> PG PUB KEY LOAD OK [30]
INFO	[2021-08-24 23:55:14:685] <14716> MERCHANT PRIV KEY LOAD OK
INFO	[2021-08-24 23:55:14:685] <14716> MERCHANT PUB KEY LOAD OK [0]
DEBUG	[2021-08-24 23:55:14:686] <14716> MAKE ENCRYPT OK[<?xml version="1.0" encoding="UTF-8"?>
<CancelInfo>
	  <CancelTID>INIMX_CARDfourseason20210824234052444965</CancelTID>
	  <CancelMsg urlencode="1">%C1%D6%B9%AE%C0%DA+%BA%BB%C0%CE+%C3%EB%BC%D2-%BB%F3%C7%B0%BF%C9%BC%C7+%BC%B1%C5%C3+%C0%DF%B8%F8%C7%D4</CancelMsg>
	  <CancelReason/></CancelInfo>]
INFO	[2021-08-24 23:55:14:686] <14716> MAKE BODY OK
INFO	[2021-08-24 23:55:14:686] <14716> SIGN OK
INFO	[2021-08-24 23:55:14:686] <14716> MAKE HEAD OK
INFO	[2021-08-24 23:55:14:686] <14716> MSG_TO_PG:[0101500175D SHA1                   0                                      300420fourseason                    INIMX_CARDfourseason20210824234052444965<?xml version="1.0" encoding="UTF-8"?>
<INIpay>
	  <CancelInfo>
	    <SessionKey>tNF+MAvHHXi2VhjXzmXYmu1ieYkjmvRcoqwLaHe5lFdwdJLx+qdFbZ0lrcHwN2zR
ssbceIQyd2VtyjVFFiUWnUTlywZDgqXy5+nEJSxTJOCpvr/CAQ1dzCawyvkncYd+
7Dj7ZlhJO0O9BG6l8Cf4crg5JtDEFdR/FfSxM6rN3Kjc6zcki4BeXg==
</SessionKey>
	    <Encrypted>vsd/Gz49vyS6K/AIaOT+v9SJlmFBlhSTvqV6D4TZ5UDPUtK8KxWvT9u3gCErcBCE
JS9WS7EWQELagJoPmLuix8vRE73LASfnQ8CMNdWN604fWWzucht1ebgT5wXPCkQg
IJit9etpuZ4Y15BISWI65gg3Cb3uFoEu3GXHjbQ5Ih609IrMcd6Ql1LGrNKfEH6e
2R2uLsf5pkf3JA/1BwBnBNBW12P0hVG4nmwGkreWp8GnOZfGOJ8jCNa02+vI773A
7g0Lt6yTjXQfiTm3Lr62h7wc37YiD2vSl912bSnJM7Ztf8pnbxfYo06lLo95kpIU
7mhpbxlyRIkduHBym6IS+jcQ6jjShBOnFvRyeTHcuoNSibs+FRcaoflBwXObd2Im
LO5U+WKK3pg=
</Encrypted></CancelInfo>
	  <ReservedInfo>
	    <MReserved1/>
	    <MReserved2/>
	    <MReserved3/></ReservedInfo>
	  <ManageInfo>
	    <Language/>
	    <URL/>
	    <TXVersion>5036B141209canceLinux     PHPchkfake   2.6.32-754.11.1.el6.x86_64PHP:</TXVersion>
	    <TXUserID/>
	    <TXRegNum/></ManageInfo></INIpay>AJWuopYJ+OErmDfI32+Pcdv4YuaCX2AvxJObhO3n1LT1zUQcTdj+c1HLYfCCx2y5
tSIv/wbrWsZZJRxS5LLKkuQJKQ3kTLVxsV36SZBinetbPacBFIHvpucJN1q4ojbw
uZX1L6Ih+joS/tLhS/FyFypti3gfz+7WXljGcm29gYDG
]
INFO	[2021-08-24 23:55:14:686] <14716> DNS LOOKUP OK(203.238.37.3:203.238.37.3:34049) laptime:0
INFO	[2021-08-24 23:55:14:689] <14716> SOCKET CONNECT OK
INFO	[2021-08-24 23:55:14:689] <14716> SEND OK
INFO	[2021-08-24 23:55:15:776] <14716> RECV OK
INFO	[2021-08-24 23:55:15:776] <14716> MSG_FROM_PG:[0093300175D SHA1                   0                                      300430fourseason                    INIMX_CARDfourseason20210824234052444965<?xml version="1.0" encoding="UTF-8"?><INIpay>
<CancelInfo>
<ResultCode>120000</ResultCode>
<ResultMsg urlencode="1">%C1%A4%BB%F3%C3%B3%B8%AE%B5%C7%BE%FA%BD%C0%B4%CF%B4%D9.</ResultMsg>
<SessionKey>ALk+7eG+u+5mEIP8CJAB08SU+NQDgd0bBOfcKAAqqq3IEKgY6/7wl/60JMCDpBBo
Rz3Uoo6axX7xAihya1AYmPSKhszn4Pc0uqBftXfc4nnFZIHh++wBRHiCQdjbTVlK
GMV6zspMprUChkOwTjBIBghH4NcsGn6FIB156/HBAXZ+qZVazk0Q91o=
</SessionKey>
<Encrypted>kxjQrb/8N2sTpM1jqPBJ1XNFe3N1mGVtZoIMqcsxRpI/4Iq9n80shvdwk4yRH2qs
wgkBF98QpzzszJLzKH724rgMufJOctiIdlZqVvPD458fliUU47nJzwMH3RRhGsW+
+MXuTck3qcM4YtfqVSstlGRDljunP+ofIxEGNvU7XMC+5CAhbSH0Tkipc3y86DUC
0nkSTfyZE3dg2tGKiRT3O0l5thtEOo1xnxSAuSYwIeXUA7l2BBLUOq3+f5QKT7BH
13xC3/hOB0Kigqxxttqg9qHUt18nDzVFFIGvnacYFR47iBH4T240br6ftgFENfSB
rkXWbDUMQZM4IeUBDF+XccUWO3PFw1md
</Encrypted>
</CancelInfo>
<ManageInfo/>
<ReservedInfo>
<MReserved1 urlencode="1"/>
<MReserved2 urlencode="1"/>
<MReserved3 urlencode="1"/>
</ReservedInfo>
</INIpay>
u085jAV/RUDpNWHFGL5+iO12+WfjR4QPK32Z5vd9aRDzfEz+xTAk4gsl1WjNwi0Y
yx7ugeFroWNA5rp8YTc+eKPtCvACTeBWhSu47bWPbyM0xVrPyZBc3cTps/Wm1DQm
4wXUVxphQ2Y1+rbYlahvDB2kWINq/gz7b9toa+thdMI=
]
INFO	[2021-08-24 23:55:15:776] <14716> VERIFY OK
INFO	[2021-08-24 23:55:15:777] <14716> PARSE HEAD OK
INFO	[2021-08-24 23:55:15:777] <14716> PARSE BODY OK
INFO	[2021-08-24 23:55:15:777] <14716> DECRYPT OK
DEBUG	[2021-08-24 23:55:15:777] <14716> DECRYPT MSG:[<?xml version="1.0" encoding="UTF-8"?><CancelInfo>
<CancelDate>20210824</CancelDate>
<CancelTime>235516</CancelTime>
<ResultCode>120000</ResultCode>
<ResultMsg urlencode="1">%C1%A4%BB%F3%C3%B3%B8%AE%B5%C7%BE%FA%BD%C0%B4%CF%B4%D9.</ResultMsg>
</CancelInfo>]
INFO	[2021-08-24 23:55:15:778] <14716> DECRYPT PARSE OK
INFO	[2021-08-24 23:55:15:778] <14716> END cancel 정상처리되었습니다. Laptime:[1.093sec]
INFO	[2021-08-24 23:55:15:778] <14716> ===============================================================
