INFO	[2021-08-23 09:44:56:195] <23542> START INIPHP cancel (V5036-141209)(OS:Linux2.6.32-754.11.1.el6.x86_64,PHP:5.3.3)
DEBUG	[2021-08-23 09:44:56:195] <23542> inipayhome:/home1/killdeal/public_html/shop/inicis
DEBUG	[2021-08-23 09:44:56:195] <23542> debug:false
DEBUG	[2021-08-23 09:44:56:195] <23542> type:cancel
DEBUG	[2021-08-23 09:44:56:195] <23542> mid:majorgol03
DEBUG	[2021-08-23 09:44:56:195] <23542> admin:1111
DEBUG	[2021-08-23 09:44:56:195] <23542> tid:INIMX_CARDmajorgol0320210808232636285330
DEBUG	[2021-08-23 09:44:56:195] <23542> cancelmsg:쇼핑몰 운영자 승인 취소
INFO	[2021-08-23 09:44:56:195] <23542> Check Field OK
INFO	[2021-08-23 09:44:56:195] <23542> PI PUB KEY LOAD OK []
INFO	[2021-08-23 09:44:56:196] <23542> PG PUB KEY LOAD OK [30]
INFO	[2021-08-23 09:44:56:196] <23542> MERCHANT PRIV KEY LOAD OK
INFO	[2021-08-23 09:44:56:196] <23542> MERCHANT PUB KEY LOAD OK [0]
DEBUG	[2021-08-23 09:44:56:197] <23542> MAKE ENCRYPT OK[<?xml version="1.0" encoding="UTF-8"?>
<CancelInfo>
	  <CancelTID>INIMX_CARDmajorgol0320210808232636285330</CancelTID>
	  <CancelMsg urlencode="1">%BC%EE%C7%CE%B8%F4+%BF%EE%BF%B5%C0%DA+%BD%C2%C0%CE+%C3%EB%BC%D2</CancelMsg>
	  <CancelReason/></CancelInfo>]
INFO	[2021-08-23 09:44:56:197] <23542> MAKE BODY OK
INFO	[2021-08-23 09:44:56:198] <23542> SIGN OK
INFO	[2021-08-23 09:44:56:198] <23542> MAKE HEAD OK
INFO	[2021-08-23 09:44:56:198] <23542> MSG_TO_PG:[0096200175D SHA1                   0                                      300420majorgol03                    INIMX_CARDmajorgol0320210808232636285330<?xml version="1.0" encoding="UTF-8"?>
<INIpay>
	  <CancelInfo>
	    <SessionKey>bgFce1rlMyyNaBwd05p0Pp3rstH0HUMKT1Y+tkuxEsWg6L3wMKHC+7gNEMfY4bi8
e8IHvsXp8nCkrISEHNP7qvtpqW4P1I6RZQqeqO9PDd3AkGji9OPdW6Z/a6FH4TWc
kXwcN51+rPUfD9WCqC7iet2+1LCZj10eLBo5AmcBim6p7c+ldSIA+g==
</SessionKey>
	    <Encrypted>4KYjjRSa5gJSPGZ7Sc7v7pEWpuq5w1qT2gcdx8E47WY+ztLjSBF4zmeNazp7FjJW
N2AQaXRDMoA6W1fDmvY9pkfb6xQer5T4+H62E2QiUTOsqePsmsWKCvr8VByYpGNv
+n/CXmwpWCJ3cU4hdPTKhyKEhSPHQLLBH2tg0p0zF94iBZiD+NtYLC1YUpucgrgQ
17rCrlVHJYv9DNVqX9NdimEZjoweJh0j+1NUMYG03cpEMzsIGSrG97U35y3jr/L6
nstUC/bYGisj/SOZEIb0RglEI3XJT6JMtwSyIpI10087S0eXuKeA4rMeeE5qtuhB
j0GEcV/vS0XFFUvE2cvG0g==
</Encrypted></CancelInfo>
	  <ReservedInfo>
	    <MReserved1/>
	    <MReserved2/>
	    <MReserved3/></ReservedInfo>
	  <ManageInfo>
	    <Language/>
	    <URL/>
	    <TXVersion>5036B141209canceLinux     PHPchkfake   2.6.32-754.11.1.el6.x86_64PHP:</TXVersion>
	    <TXUserID/>
	    <TXRegNum/></ManageInfo></INIpay>ANQFO8ckdCW0qFVik+OISZ0AfMlf6ExBYjApcwDgp1/LeqZ+BHFsGIKL6iA0X4Ir
FxNRu3irINpnz5MYQFj1quWTRAe4NR9lwBODqOLh+cikC+1U1/lXorvCwdnkwd2H
DfF9gHqrEyimqKuq3C1E76tv5j4gy+qmdrE3h27A6d5J
]
INFO	[2021-08-23 09:44:56:198] <23542> DNS LOOKUP OK(203.238.37.3:203.238.37.3:34049) laptime:0
INFO	[2021-08-23 09:44:56:200] <23542> SOCKET CONNECT OK
INFO	[2021-08-23 09:44:56:200] <23542> SEND OK
INFO	[2021-08-23 09:44:56:417] <23542> RECV OK
INFO	[2021-08-23 09:44:56:417] <23542> MSG_FROM_PG:[0093300175D SHA1                   0                                      300430majorgol03                    INIMX_CARDmajorgol0320210808232636285330<?xml version="1.0" encoding="UTF-8"?><INIpay>
<CancelInfo>
<ResultCode>120000</ResultCode>
<ResultMsg urlencode="1">%C1%A4%BB%F3%C3%B3%B8%AE%B5%C7%BE%FA%BD%C0%B4%CF%B4%D9.</ResultMsg>
<SessionKey>ADS9Y2If6wnnGzccXrqZ0499Kmp6NpMIIc+GBfx8+s/bjpbfOVcRWjNHN7mrG1sj
Uz3Mfya/Y4eVFEs5s+FynVBZlMgq+btiJGiFpTzc13xEgMKAukB87AuoNF6SvL/o
zSdhzPsjF/4JXdj9u6ouAvb9mgijUviDSL3wRUhOzwAyeXJFpE8UDDE=
</SessionKey>
<Encrypted>eH0D9aKT4XRcmPyYXXGXK84wQgHtbPfxXF+3YucOQLcya6R95NHQ8Sx/FyUyO/+W
RAJeNlnMB5Ld3jdV857T2GeQ7lzca3WUSlp0jqm3/c3ssCoF+yzQAvnv8A/h1SAO
P0B2AsIFr9GSBwOnx283wyHYWc6RWqQrxEGNljqngqK9l/eGchz8ip7x/zzir75+
w7Rqyw8QGEKEaTq9KEOaRylP2/yMkH6LHi6DZqq2QCsgusvOwaVyMQGrAcKzZwRB
5jw9Wb0DGTv8lL+5mZB+bh/gPYL4t/593QoHVLAv56UISWXruAqrreYmKBwdQfum
Gql+DMEhP+X8Cb6hH/CnYUluGrBs2qEq
</Encrypted>
</CancelInfo>
<ManageInfo/>
<ReservedInfo>
<MReserved1 urlencode="1"/>
<MReserved2 urlencode="1"/>
<MReserved3 urlencode="1"/>
</ReservedInfo>
</INIpay>
1glwkvcGRBuC8Dct3gwIl7Q+NpVWJzJ0CJykhaafzsTBmmlAA11k2dRN++SnNlZG
C78t8dWBRRZjWd7wcokb/p5RcpsvJ5wDo/Y6HPyZoyzHP+S6icZANNFA17QD+pqK
T/1DG0sPdiHwm6Ux8QHX0UkhgrTZ1GlC591yekblRo4=
]
INFO	[2021-08-23 09:44:56:417] <23542> VERIFY OK
INFO	[2021-08-23 09:44:56:417] <23542> PARSE HEAD OK
INFO	[2021-08-23 09:44:56:417] <23542> PARSE BODY OK
INFO	[2021-08-23 09:44:56:418] <23542> DECRYPT OK
DEBUG	[2021-08-23 09:44:56:418] <23542> DECRYPT MSG:[<?xml version="1.0" encoding="UTF-8"?><CancelInfo>
<CancelDate>20210823</CancelDate>
<CancelTime>094456</CancelTime>
<ResultCode>120000</ResultCode>
<ResultMsg urlencode="1">%C1%A4%BB%F3%C3%B3%B8%AE%B5%C7%BE%FA%BD%C0%B4%CF%B4%D9.</ResultMsg>
</CancelInfo>]
INFO	[2021-08-23 09:44:56:418] <23542> DECRYPT PARSE OK
INFO	[2021-08-23 09:44:56:418] <23542> END cancel 정상처리되었습니다. Laptime:[0.223sec]
INFO	[2021-08-23 09:44:56:418] <23542> ===============================================================
