INFO	[2021-09-28 07:32:57:761] <2416> START INIPHP cancel (V5036-141209)(OS:Linux2.6.32-754.11.1.el6.x86_64,PHP:5.3.3)
DEBUG	[2021-09-28 07:32:57:761] <2416> inipayhome:/home1/killdeal/public_html/shop/inicis
DEBUG	[2021-09-28 07:32:57:761] <2416> debug:false
DEBUG	[2021-09-28 07:32:57:761] <2416> type:cancel
DEBUG	[2021-09-28 07:32:57:761] <2416> mid:fourseason
DEBUG	[2021-09-28 07:32:57:761] <2416> admin:1111
DEBUG	[2021-09-28 07:32:57:761] <2416> tid:StdpayVBNKfourseason20210928073027769745
DEBUG	[2021-09-28 07:32:57:761] <2416> cancelmsg:주문자 본인 취소-상품옵션 선택 잘못함
INFO	[2021-09-28 07:32:57:761] <2416> Check Field OK
INFO	[2021-09-28 07:32:57:761] <2416> PI PUB KEY LOAD OK []
INFO	[2021-09-28 07:32:57:761] <2416> PG PUB KEY LOAD OK [30]
INFO	[2021-09-28 07:32:57:762] <2416> MERCHANT PRIV KEY LOAD OK
INFO	[2021-09-28 07:32:57:762] <2416> MERCHANT PUB KEY LOAD OK [0]
DEBUG	[2021-09-28 07:32:57:762] <2416> MAKE ENCRYPT OK[<?xml version="1.0" encoding="UTF-8"?>
<CancelInfo>
	  <CancelTID>StdpayVBNKfourseason20210928073027769745</CancelTID>
	  <CancelMsg urlencode="1">%C1%D6%B9%AE%C0%DA+%BA%BB%C0%CE+%C3%EB%BC%D2-%BB%F3%C7%B0%BF%C9%BC%C7+%BC%B1%C5%C3+%C0%DF%B8%F8%C7%D4</CancelMsg>
	  <CancelReason/></CancelInfo>]
INFO	[2021-09-28 07:32:57:762] <2416> MAKE BODY OK
INFO	[2021-09-28 07:32:57:763] <2416> SIGN OK
INFO	[2021-09-28 07:32:57:763] <2416> MAKE HEAD OK
INFO	[2021-09-28 07:32:57:763] <2416> MSG_TO_PG:[0101500175D SHA1                   0                                      300420fourseason                    StdpayVBNKfourseason20210928073027769745<?xml version="1.0" encoding="UTF-8"?>
<INIpay>
	  <CancelInfo>
	    <SessionKey>AMxxVejkQxj3UnjJwbFyI403KbrulHlWm6d9okBtBTCYvkZMfMNGkUjiFhHJUc21
O7Vvt8SceT/aWCufUlrClooGsnncpCjeEqbfqb58cn9+kEAeYUZh2kd5LZDbUCQ0
aeoDE4irXp4OtmqolHtlYXsA3fzQdDfZi1wHLdaCXDP6KdkzSAnyGQ==
</SessionKey>
	    <Encrypted>2mYueK2W/67EFUA8zfx5Slxr932TZ4eu0fYQO3YM8dy3wyXjXBJrCAXJlYlhZ9G9
0pAyam6Z1lsiPai0+mzL1Rvo68uDhkaMLfiDuOTswUwzWs/3iCvkknnqdMyJybWc
FAuyUWZq76Nn05Yhz8nsy2xa1R8/FR+CHUfWqpEQZ9UfupDuatL0j0q3ZgevdZuI
245bB4wqqyNNSE0r96Lzg2KL/9t6kL23Rtk+j3XSFp1jTRJW16pMnZbqu6lpZNPM
Htubn1dMA1kPRkbt01+jKcnN6yvYLF/QdNH48/LzVuMrf8VIOvJDAYxE1qqoQ0nP
+LKpnv7g3TgBJMLTvTyk5vKkm/tQK+HPkAUIkMq6Gfutco+7Rd6YzmVtJGzeLpLo
UuRjm8OOUhU=
</Encrypted></CancelInfo>
	  <ReservedInfo>
	    <MReserved1/>
	    <MReserved2/>
	    <MReserved3/></ReservedInfo>
	  <ManageInfo>
	    <Language/>
	    <URL/>
	    <TXVersion>5036B141209canceLinux     PHPchkfake   2.6.32-754.11.1.el6.x86_64PHP:</TXVersion>
	    <TXUserID/>
	    <TXRegNum/></ManageInfo></INIpay>AIECkZYXjfEW8/Wa7j1efZZG2R492niUqS3txFyYl3HxlalCqk9gLyf2BZMA1npb
UvDtE2yYzYQxEXxFDk6xDrrAEG2uShdM6IWMGdpM0cLuGMd+3JxktBaYEPSBhDDW
XPK6r9uI1tSTJpXii3YTh6VR0spdlOMi1tY6mvJStpsf
]
INFO	[2021-09-28 07:32:57:763] <2416> DNS LOOKUP OK(203.238.37.3:203.238.37.3:34049) laptime:0
INFO	[2021-09-28 07:32:57:765] <2416> SOCKET CONNECT OK
INFO	[2021-09-28 07:32:57:766] <2416> SEND OK
INFO	[2021-09-28 07:32:57:950] <2416> RECV OK
INFO	[2021-09-28 07:32:57:950] <2416> MSG_FROM_PG:[0123800175D SHA1                   0                                      300430fourseason                    StdpayVBNKfourseason20210928073027769745<?xml version="1.0" encoding="UTF-8"?><INIpay>
<CancelInfo>
<ResultCode>170000</ResultCode>
<ResultMsg urlencode="1">%C1%A4%BB%F3%C3%B3%B8%AE%B5%C7%BE%FA%BD%C0%B4%CF%B4%D9.</ResultMsg>
<SessionKey>ABhZMOc7OTWoWyVWSAzPAGzKKDd4p/QKCv2SEsad/uG/PtaFTbEsNSj8ONWq2rSN
rfGz79Am38iLXkuRD/OfCXDvtI5Fszg2GGW62SQvhESalMjD2pp2VHvpDEvVenWr
tFOh/2jUaJSiCCc41Z1MuqMXbzxaCvlB/uHDotpzJDmtHkzcXqZJJTU=
</SessionKey>
<Encrypted>xCXRG2KwnoeSXoLsNrAajGXv1nBT1/23Ebca6dD746dXsVLd97JB/Oy39SrY47HC
F1IOBQo+cre5Fulx11BerkMJ16UDyyt33AoPITesQJWr0MTLPmMiWqz+4fXH2zdv
dQhk95FlbRxnp8HoX8htTJVnMoG9lSrUvGtewF9mvVe/xorjZZHQ8dZNoWkXSMDW
bXURUNKb+G7aTLE1YPJnffA8ncjmI2irwJXsjOp0g7NIdUbN8AvOpTsKDX0ts72I
SwZbIiuopXF55rp7AWoNhABKhakGD7biS+iW7isth9Mt9GUShJWVFgBxEjKkBJZE
WdsjE6fU8mVeLxlW/yP78Gq1d2qE1uOaIA+4Qps56QOeob8ytA7tLjVe6IvBR4Mh
YSzxIDeH+WgV6diRVSe6skuCfD8ffQe90uJIRTXvA/WnQrFTp5so2w4mXUS2dr9C
Cj0gPGnswJHfLFOVFnFU2LDUCztiTVmqqhVKlRCQZSr6Z64dNoyayDHDBK1RYupG
1/n13LJnPQUphHdY/ShUkft7Zc2aCFCeagyyLM4t3p/ppQC3auXtfOaY1r6Ua/1Q
pnDo6zbP+Mso5By6vAXrsUEUxrmcgjr1OhT6h3/TeBG3eAPdnRbBXz2odLwBPatW
ggHT783rhPk=
</Encrypted>
</CancelInfo>
<ManageInfo/>
<ReservedInfo>
<MReserved1 urlencode="1"/>
<MReserved2 urlencode="1"/>
<MReserved3 urlencode="1"/>
</ReservedInfo>
</INIpay>
Lp+gahYQhHiBoe4872BKF0VUx8BRsUXeJLnUqxjG70vGQ0DKkujhKor83Uqf1BHG
7p66dgOzWnUCSn4Yge+bjarh8KO9LL2d0H7V4WG3gHYmVo9tPH8jszj/q/mStfoP
1DW5osEvt9OJcIg26cA2XC7vrckQ9tpoI25ugeB1IL4=
]
INFO	[2021-09-28 07:32:57:950] <2416> VERIFY OK
INFO	[2021-09-28 07:32:57:950] <2416> PARSE HEAD OK
INFO	[2021-09-28 07:32:57:951] <2416> PARSE BODY OK
INFO	[2021-09-28 07:32:57:951] <2416> DECRYPT OK
DEBUG	[2021-09-28 07:32:57:951] <2416> DECRYPT MSG:[<?xml version="1.0" encoding="UTF-8"?><CancelInfo>
<CancelDate>20210928</CancelDate>
<CancelTime>073257</CancelTime>
<ResultCode>170000</ResultCode>
<ResultMsg urlencode="1">%C1%A4%BB%F3%C3%B3%B8%AE%B5%C7%BE%FA%BD%C0%B4%CF%B4%D9.</ResultMsg>
<CSHR_CancelDate>20210928</CSHR_CancelDate>
<CSHR_CancelTime>073257</CSHR_CancelTime>
<CSHR_ResultCode>220000</CSHR_ResultCode>
<CSHR_ResultMsg urlencode="1">%C1%A4%BB%F3%C3%B3%B8%AE%B5%C7%BE%FA%BD%C0%B4%CF%B4%D9.</CSHR_ResultMsg>
</CancelInfo>]
INFO	[2021-09-28 07:32:57:952] <2416> DECRYPT PARSE OK
INFO	[2021-09-28 07:32:57:952] <2416> END cancel 정상처리되었습니다. Laptime:[0.191sec]
INFO	[2021-09-28 07:32:57:952] <2416> ===============================================================
INFO	[2021-09-28 14:52:40:912] <3991> START INIPHP cancel (V5036-141209)(OS:Linux2.6.32-754.11.1.el6.x86_64,PHP:5.3.3)
DEBUG	[2021-09-28 14:52:40:912] <3991> inipayhome:/home1/killdeal/public_html/shop/inicis
DEBUG	[2021-09-28 14:52:40:912] <3991> debug:false
DEBUG	[2021-09-28 14:52:40:912] <3991> type:cancel
DEBUG	[2021-09-28 14:52:40:912] <3991> mid:fourseason
DEBUG	[2021-09-28 14:52:40:912] <3991> admin:1111
DEBUG	[2021-09-28 14:52:40:912] <3991> tid:INIMX_CARDfourseason20210912171526325320
DEBUG	[2021-09-28 14:52:40:912] <3991> cancelmsg:쇼핑몰 운영자 승인 취소
INFO	[2021-09-28 14:52:40:913] <3991> Check Field OK
INFO	[2021-09-28 14:52:40:913] <3991> PI PUB KEY LOAD OK []
INFO	[2021-09-28 14:52:40:913] <3991> PG PUB KEY LOAD OK [30]
INFO	[2021-09-28 14:52:40:913] <3991> MERCHANT PRIV KEY LOAD OK
INFO	[2021-09-28 14:52:40:913] <3991> MERCHANT PUB KEY LOAD OK [0]
DEBUG	[2021-09-28 14:52:40:913] <3991> MAKE ENCRYPT OK[<?xml version="1.0" encoding="UTF-8"?>
<CancelInfo>
	  <CancelTID>INIMX_CARDfourseason20210912171526325320</CancelTID>
	  <CancelMsg urlencode="1">%BC%EE%C7%CE%B8%F4+%BF%EE%BF%B5%C0%DA+%BD%C2%C0%CE+%C3%EB%BC%D2</CancelMsg>
	  <CancelReason/></CancelInfo>]
INFO	[2021-09-28 14:52:40:914] <3991> MAKE BODY OK
INFO	[2021-09-28 14:52:40:914] <3991> SIGN OK
INFO	[2021-09-28 14:52:40:914] <3991> MAKE HEAD OK
INFO	[2021-09-28 14:52:40:914] <3991> MSG_TO_PG:[0096200175D SHA1                   0                                      300420fourseason                    INIMX_CARDfourseason20210912171526325320<?xml version="1.0" encoding="UTF-8"?>
<INIpay>
	  <CancelInfo>
	    <SessionKey>KcmfkF+kqnKX3rzhKY5k1XqUcKqj+x2PYIjRRJaKmLcHvwcXOfxxZLssi2DIwWMq
8dtd9z7qeDtXvfIE1fdxu62nsrZWAqZaOJktMfGMUC0wOmDgtuKASUQ86TO1LQ5u
nC9vKp4rh8cfISdC9YxU85EgHoaH5mskglQDSsvLons3bYi+HcQSjA==
</SessionKey>
	    <Encrypted>OPaZE2QC2XyqacE3jylYpcST/L8UAgi9oyHyyDg3/sEAY6676MOvlJap3eQy1i9T
UcAn+ys4/p0CDZfbyzjZwlEDCWUpQw2+qwWgmlsp5xbMqgraL3YC7eIYerovjtn7
aRuYxFgymqZF2GebDAkFV5FiaQ8NBxxLnUPyTFks+lVO4R6YpfMRlYzGTsMsqzi+
bDdlFbfVbAXyxVKqwPpwCMiA18rgRh9didcjHDKQg458RL1M6X0SpyA1oW5zBo9M
t08i/QAjmkCaZPkRArj78x2jNe0l6Ap11oFMd975ymKOfozJ54F3MtABHIZ0ZAN9
SLX0ug89BJ46AB1TUCZ4Ng==
</Encrypted></CancelInfo>
	  <ReservedInfo>
	    <MReserved1/>
	    <MReserved2/>
	    <MReserved3/></ReservedInfo>
	  <ManageInfo>
	    <Language/>
	    <URL/>
	    <TXVersion>5036B141209canceLinux     PHPchkfake   2.6.32-754.11.1.el6.x86_64PHP:</TXVersion>
	    <TXUserID/>
	    <TXRegNum/></ManageInfo></INIpay>AFgZNuSkmpgkDOwjhbEG1TJgTyEOZl6kk07eB/pIHrGI9S7gmwOzFClWQlyTVk4h
QhvuYUjY81eTbq9TnmatG1EFjnLYGtNF6fgbbKj7IVNGsQ7vO4HDwpV4FJ2CQDOx
vQJx5eBrcBEl9zSHiMAVKpbc4g/UXRhHAOQLvIgxULj3
]
INFO	[2021-09-28 14:52:40:914] <3991> DNS LOOKUP OK(203.238.37.3:203.238.37.3:34049) laptime:0
INFO	[2021-09-28 14:52:40:917] <3991> SOCKET CONNECT OK
INFO	[2021-09-28 14:52:40:917] <3991> SEND OK
INFO	[2021-09-28 14:52:41:895] <3991> RECV OK
INFO	[2021-09-28 14:52:41:895] <3991> MSG_FROM_PG:[0093300175D SHA1                   0                                      300430fourseason                    INIMX_CARDfourseason20210912171526325320<?xml version="1.0" encoding="UTF-8"?><INIpay>
<CancelInfo>
<ResultCode>120000</ResultCode>
<ResultMsg urlencode="1">%C1%A4%BB%F3%C3%B3%B8%AE%B5%C7%BE%FA%BD%C0%B4%CF%B4%D9.</ResultMsg>
<SessionKey>AA3QavcUa4mSAyAzzyPwxv8ujjHdX/HvrKlXGT39OrwQQ9h9I//rOzSfppkoWihV
hXptOfCEPSC9QPw6oB0ylNeUMg7VW13UpqZcjE0OYN4oO1ITpHpFQRsfqbpRWfAA
XB4wDB2Rv+3foSw7QUjXqAquOYKgvIIPz6E7OsVHnWxmUuUawHWysyQ=
</SessionKey>
<Encrypted>t67OT6LvVA1o3wXm63mJArTeoU+0zDSzzNfQQSoDHfLVJ4670YV8ZeuAKQFSWZNE
EIWch+s9xkGhI45MaDvBLich8/8x6/UHbadAHdVQ3XY+f+ykN5kR/m2R2ko1pXlK
WESxgHLQYCFWDDniLn6v6MkKX18B2mt/dFecDiCczEkj5IIRpOAsOi4HlwSUYYAR
EdW2xupNApZaWUT6dtmYBZOTEOAKAjM1a5j7WwaorWtXd3n35a4MBcJ7NSldGuv6
7l75NerdvOmlK6Gnv7U7C5zbL7Tk8kKSEmeDdo0IfR+tj50sD/R2XRViYG5YvK50
LmAtbsI1z8yz6aeiCChV2cdJAaDEGGPX
</Encrypted>
</CancelInfo>
<ManageInfo/>
<ReservedInfo>
<MReserved1 urlencode="1"/>
<MReserved2 urlencode="1"/>
<MReserved3 urlencode="1"/>
</ReservedInfo>
</INIpay>
t1qCuXHvc4/eSD+Qy5Idz1nlFphBqwv4e+PL1B2uzSPRE70hHSpib+Au/HsHdreW
dVVFf333H471OQ8egeuLwguMBThw+o2BEfMdeUTKijwI36AE6k9sM2kk9BrQXZV1
i3OwJIwWifmTQakzofCf7wzvR9ac5Up5ApZV+ojobG0=
]
INFO	[2021-09-28 14:52:41:895] <3991> VERIFY OK
INFO	[2021-09-28 14:52:41:895] <3991> PARSE HEAD OK
INFO	[2021-09-28 14:52:41:895] <3991> PARSE BODY OK
INFO	[2021-09-28 14:52:41:896] <3991> DECRYPT OK
DEBUG	[2021-09-28 14:52:41:896] <3991> DECRYPT MSG:[<?xml version="1.0" encoding="UTF-8"?><CancelInfo>
<CancelDate>20210928</CancelDate>
<CancelTime>145241</CancelTime>
<ResultCode>120000</ResultCode>
<ResultMsg urlencode="1">%C1%A4%BB%F3%C3%B3%B8%AE%B5%C7%BE%FA%BD%C0%B4%CF%B4%D9.</ResultMsg>
</CancelInfo>]
INFO	[2021-09-28 14:52:41:896] <3991> DECRYPT PARSE OK
INFO	[2021-09-28 14:52:41:896] <3991> END cancel 정상처리되었습니다. Laptime:[0.984sec]
INFO	[2021-09-28 14:52:41:896] <3991> ===============================================================
