INFO	[2023-10-25 12:56:51:417] <11000> START INIPHP cancel (V5036-141209)(OS:Linux2.6.32-754.11.1.el6.x86_64,PHP:5.3.3)
DEBUG	[2023-10-25 12:56:51:417] <11000> inipayhome:/home1/killdeal/public_html/shop/inicis
DEBUG	[2023-10-25 12:56:51:417] <11000> debug:false
DEBUG	[2023-10-25 12:56:51:417] <11000> type:cancel
DEBUG	[2023-10-25 12:56:51:417] <11000> mid:majorgol03
DEBUG	[2023-10-25 12:56:51:417] <11000> admin:1111
DEBUG	[2023-10-25 12:56:51:417] <11000> tid:StdpayCARDmajorgol0320231017174120064024
DEBUG	[2023-10-25 12:56:51:417] <11000> cancelmsg:쇼핑몰 운영자 승인 취소
INFO	[2023-10-25 12:56:51:417] <11000> Check Field OK
INFO	[2023-10-25 12:56:51:417] <11000> PI PUB KEY LOAD OK []
INFO	[2023-10-25 12:56:51:417] <11000> PG PUB KEY LOAD OK [30]
INFO	[2023-10-25 12:56:51:418] <11000> MERCHANT PRIV KEY LOAD OK
INFO	[2023-10-25 12:56:51:418] <11000> MERCHANT PUB KEY LOAD OK [0]
DEBUG	[2023-10-25 12:56:51:419] <11000> MAKE ENCRYPT OK[<?xml version="1.0" encoding="UTF-8"?>
<CancelInfo>
	  <CancelTID>StdpayCARDmajorgol0320231017174120064024</CancelTID>
	  <CancelMsg urlencode="1">%BC%EE%C7%CE%B8%F4+%BF%EE%BF%B5%C0%DA+%BD%C2%C0%CE+%C3%EB%BC%D2</CancelMsg>
	  <CancelReason/></CancelInfo>]
INFO	[2023-10-25 12:56:51:419] <11000> MAKE BODY OK
INFO	[2023-10-25 12:56:51:419] <11000> SIGN OK
INFO	[2023-10-25 12:56:51:419] <11000> MAKE HEAD OK
INFO	[2023-10-25 12:56:51:419] <11000> MSG_TO_PG:[0096200175D SHA1                   0                                      300420majorgol03                    StdpayCARDmajorgol0320231017174120064024<?xml version="1.0" encoding="UTF-8"?>
<INIpay>
	  <CancelInfo>
	    <SessionKey>OvWs3DqEpMUKUv1UKZkGnWgUyeGkeR48ATarmLcNrgyu86HqykI3YeKNEkRWmFit
9X6s5azBRcraRV1doxDHKIPe2NZw9xfbWqxFvbVerboaGHbZk4klqdkV+xWzrU2h
HcrQEvxrAAs07njWuMECaWwGWX1ng2xvSJQDY5vAiXKnuw6mliM+rw==
</SessionKey>
	    <Encrypted>ghAoAnzkwj//KGMkapfIE6yumVQfO1+ktl+NkXVGbbA2GTKktfxFn/gLKQvuOkxG
ElNiz/LnJvwYOEtYvatMze0ME8rbCvYq7o0rl+2UziBFYIVFFLS1r1aF3NUwb2DU
AkOCjoc5FJ6QRnvVJEzVb08MNNexQcSLQZxQo5ydMknNdAf9GFEUm2IF3F1O1zYI
qp4RKmwowWLBpSU3riDkNFtXphMkrJEJgL1Brwb+9jCflF43YMSby5vEuGlXZgyA
tyauZss+qUMJMNGoSusRhF63xY05vfjc5khMt9wEu6uD9RIciudPiLIjEHPB+IlZ
uSenuk5ONYAuFmUo29NltA==
</Encrypted></CancelInfo>
	  <ReservedInfo>
	    <MReserved1/>
	    <MReserved2/>
	    <MReserved3/></ReservedInfo>
	  <ManageInfo>
	    <Language/>
	    <URL/>
	    <TXVersion>5036B141209canceLinux     PHPchkfake   2.6.32-754.11.1.el6.x86_64PHP:</TXVersion>
	    <TXUserID/>
	    <TXRegNum/></ManageInfo></INIpay>AHs9DQNybLKqhLOt+eyieJ2jGITlqAsoqPGGVK1NkKThD2+5LkTX2Caajzm5Mda7
QUemyG6davH389lu9wpHE8lvJID++LoUvthoxgr8ahdTJY1X/pUIXm1dL9d6jBPT
S/cWv0qvbug3Txf0OWzYxHCOsSfv09TqD7U8ZmeHum1t
]
INFO	[2023-10-25 12:56:51:420] <11000> DNS LOOKUP OK(203.238.37.3:203.238.37.3:34049) laptime:0
INFO	[2023-10-25 12:56:51:421] <11000> SOCKET CONNECT OK
INFO	[2023-10-25 12:56:51:421] <11000> SEND OK
INFO	[2023-10-25 12:56:51:883] <11000> RECV OK
INFO	[2023-10-25 12:56:51:883] <11000> MSG_FROM_PG:[0093300175D SHA1                   0                                      300430majorgol03                    StdpayCARDmajorgol0320231017174120064024<?xml version="1.0" encoding="UTF-8"?><INIpay>
<CancelInfo>
<ResultCode>120000</ResultCode>
<ResultMsg urlencode="1">%C1%A4%BB%F3%C3%B3%B8%AE%B5%C7%BE%FA%BD%C0%B4%CF%B4%D9.</ResultMsg>
<SessionKey>AEj/b0ZGFlZSK6p77kwBIJVrPpgjeefcTj2Qst3LrOcaHBMaZL9d62eALWIz1e0Q
YnxaxPQ35YDbuTwRzrRHbdq99yHBI0DKKlxAbPp8EYp3IKGQxpHc8rKbTsu44c4E
5Yik/FTGCN3d5EaNssFmMiTRl7YqHAqksASBp7EOA+e+pq7zM291fog=
</SessionKey>
<Encrypted>19Y3ETpiVIpFiFMDmpPklThU0is2tmgLMk0j1ZFYGHb+pGPF+cXHGv0GrLdSQO9C
NwH331GnOBHdE3AeD8VeEWXkBmHQmm1duj6QjfSHZPPbEnWf0CUc2Ny7UItOxxiV
IKjZi4Fwd6dEIHkbEVvbTJb/F43NotcoSJgBtzqEhhryHkMdAjUV7E2Cju5ghg1J
xJdrvE3pk+jiqKu8FuN7wrV1xnFM/QsP5g7wF1qGce0oohDWCSzeVCU6I9D+XRgu
nGQ7eS6yzfyVbrmJ06K4a8DWa7DwQgx65GR4BrQeNwVol6TIlEyz2oafbTwkXTtL
BrRY31oh97jzMbvPYHUFql/BMtcA33SH
</Encrypted>
</CancelInfo>
<ManageInfo/>
<ReservedInfo>
<MReserved1 urlencode="1"/>
<MReserved2 urlencode="1"/>
<MReserved3 urlencode="1"/>
</ReservedInfo>
</INIpay>
m7vQOyzBCIsdnNqs5tyR7RDUmLudW3LR68obPPWl0LG53AXBcZUxCvrk3ov8eZVl
4otww88X7VgFNYPBi2NLAaJcAA7GjLHVOcMv9wcZA5u2HoadmcI6I7OgNEO8Of+3
bv9Sh4ShlJiJ4/+vkXoBB9ecsYmEJmCT0Yzt7dATH9A=
]
INFO	[2023-10-25 12:56:51:883] <11000> VERIFY OK
INFO	[2023-10-25 12:56:51:883] <11000> PARSE HEAD OK
INFO	[2023-10-25 12:56:51:884] <11000> PARSE BODY OK
INFO	[2023-10-25 12:56:51:884] <11000> DECRYPT OK
DEBUG	[2023-10-25 12:56:51:884] <11000> DECRYPT MSG:[<?xml version="1.0" encoding="UTF-8"?><CancelInfo>
<CancelDate>20231025</CancelDate>
<CancelTime>125654</CancelTime>
<ResultCode>120000</ResultCode>
<ResultMsg urlencode="1">%C1%A4%BB%F3%C3%B3%B8%AE%B5%C7%BE%FA%BD%C0%B4%CF%B4%D9.</ResultMsg>
</CancelInfo>]
INFO	[2023-10-25 12:56:51:885] <11000> DECRYPT PARSE OK
INFO	[2023-10-25 12:56:51:885] <11000> END cancel 정상처리되었습니다. Laptime:[0.468sec]
INFO	[2023-10-25 12:56:51:885] <11000> ===============================================================
INFO	[2023-10-25 16:57:27:606] <28334> START INIPHP cancel (V5036-141209)(OS:Linux2.6.32-754.11.1.el6.x86_64,PHP:5.3.3)
DEBUG	[2023-10-25 16:57:27:606] <28334> inipayhome:/home1/killdeal/public_html/shop/inicis
DEBUG	[2023-10-25 16:57:27:606] <28334> debug:false
DEBUG	[2023-10-25 16:57:27:606] <28334> type:cancel
DEBUG	[2023-10-25 16:57:27:606] <28334> mid:majorgol03
DEBUG	[2023-10-25 16:57:27:606] <28334> admin:1111
DEBUG	[2023-10-25 16:57:27:606] <28334> tid:INIMX_CARDmajorgol0320231025165716935058
DEBUG	[2023-10-25 16:57:27:606] <28334> cancelmsg:주문자 본인 취소-상품옵션 선택 잘못함
INFO	[2023-10-25 16:57:27:606] <28334> Check Field OK
INFO	[2023-10-25 16:57:27:606] <28334> PI PUB KEY LOAD OK []
INFO	[2023-10-25 16:57:27:607] <28334> PG PUB KEY LOAD OK [30]
INFO	[2023-10-25 16:57:27:607] <28334> MERCHANT PRIV KEY LOAD OK
INFO	[2023-10-25 16:57:27:607] <28334> MERCHANT PUB KEY LOAD OK [0]
DEBUG	[2023-10-25 16:57:27:607] <28334> MAKE ENCRYPT OK[<?xml version="1.0" encoding="UTF-8"?>
<CancelInfo>
	  <CancelTID>INIMX_CARDmajorgol0320231025165716935058</CancelTID>
	  <CancelMsg urlencode="1">%C1%D6%B9%AE%C0%DA+%BA%BB%C0%CE+%C3%EB%BC%D2-%BB%F3%C7%B0%BF%C9%BC%C7+%BC%B1%C5%C3+%C0%DF%B8%F8%C7%D4</CancelMsg>
	  <CancelReason/></CancelInfo>]
INFO	[2023-10-25 16:57:27:607] <28334> MAKE BODY OK
INFO	[2023-10-25 16:57:27:608] <28334> SIGN OK
INFO	[2023-10-25 16:57:27:608] <28334> MAKE HEAD OK
INFO	[2023-10-25 16:57:27:608] <28334> MSG_TO_PG:[0101500175D SHA1                   0                                      300420majorgol03                    INIMX_CARDmajorgol0320231025165716935058<?xml version="1.0" encoding="UTF-8"?>
<INIpay>
	  <CancelInfo>
	    <SessionKey>Wt5cnF4aOGn7sK2qa0O6xLKsRYO1q9/4PpVr/lHYPwZJUOxcAiBX07EGAbe4++AC
uwJSvbK/W9PtvvF+Z3bF9GKxWNM3iX5AJwwiUO9La/ubNbnt9dJ3+ghCfdjgFsHE
9Hfyt3rrjmUrYXsQYMWIjmORGYhF2EhK4DJEZOVjPDFt0/G3xr7Enw==
</SessionKey>
	    <Encrypted>AacKqTXAKkehzmVw+0ZKO54zNijmuHDv32CFVvi2p6Eek+LtowCOeVn1vi2vz/vr
NQL8KGNV0pjGsBwkqHm4/bqhbk1eDwYxJwtUiY/E2Ojr66HPCO3dwHmQAgoi9K93
23RAd9YQDIKohsWu7WnaK0ePlGZvu9Z+Io+7YftJcCzEZVNeOwLn/i7PI2NhdTlW
TxCiow7fy4K8WpwCCv9fCb716+9jpuRoSqpcmzdOyVK8Y1Sde7vgnHcuF1yRGlqA
MkY3udhsP0ZHcbI/vsLRSeyIKGkYTau1nvQtdhVbNGj2eNQeoxFTQ25RIb1MHFJp
UIMUU4snepqcfbRSAjVjJjRfssO9K9nvnsABuyOYvDFtnKoIBeZhthwCag7U2yoB
8U8xbw+L/so=
</Encrypted></CancelInfo>
	  <ReservedInfo>
	    <MReserved1/>
	    <MReserved2/>
	    <MReserved3/></ReservedInfo>
	  <ManageInfo>
	    <Language/>
	    <URL/>
	    <TXVersion>5036B141209canceLinux     PHPchkfake   2.6.32-754.11.1.el6.x86_64PHP:</TXVersion>
	    <TXUserID/>
	    <TXRegNum/></ManageInfo></INIpay>APih12MllGF9jmg1ZqYTITqAdRRb0NAArZQdMrGORHoRb1vv06EjTCv92/JuxnnP
P5YHTVNnuzrxDBVBPbFgVEeqcmyfqqRv1dkAlD0Ujx1uCnbmIuyETxKm/7leKSsV
Hs+PqyPTVbz8ZnxAx1przgmgoNjj716Ol5L9KUrk8AuE
]
INFO	[2023-10-25 16:57:27:608] <28334> DNS LOOKUP OK(203.238.37.3:203.238.37.3:34049) laptime:0
INFO	[2023-10-25 16:57:27:610] <28334> SOCKET CONNECT OK
INFO	[2023-10-25 16:57:27:610] <28334> SEND OK
INFO	[2023-10-25 16:57:27:969] <28334> RECV OK
INFO	[2023-10-25 16:57:27:969] <28334> MSG_FROM_PG:[0093300175D SHA1                   0                                      300430majorgol03                    INIMX_CARDmajorgol0320231025165716935058<?xml version="1.0" encoding="UTF-8"?><INIpay>
<CancelInfo>
<ResultCode>120000</ResultCode>
<ResultMsg urlencode="1">%C1%A4%BB%F3%C3%B3%B8%AE%B5%C7%BE%FA%BD%C0%B4%CF%B4%D9.</ResultMsg>
<SessionKey>ARrer+8Oosgaosrfn0MKAHTUGfPlnvxwJ+tkK+dSzoDFvhj68junWt0tEO3IHQET
MA5JA46totjiqueXU6xWBQFg6O47GzLq7/mJuK0O+KKMw4aPPXsKnB1+dzY1yQt3
qh58O3BTOi6VCS57oAuloZgv4ygyHBlRfpRPzQ+CGjC88Hh77EFGYBk=
</SessionKey>
<Encrypted>VUzKgmmm0hkvQi55Egs2FzRH3XzcL/yV6u5wYt3ZmBdMIznOfncLya17cT6jl5dZ
9HgGtXjdPH5XhUfaPlkzaZNma/7mxOONPprEFYUV2EuJk6dxWbTPWfxGaun7HzsD
sy57t9cD6c9t5MGKI94rPV8aTrAHb4lB/71Ne++Av8TkwiJd2VsaSzBfk3exU96L
0ffHenls+jSvL8CCh2Vtbl0jUhHmnakO0LnO7YwdYQRLXOt1DfVAtEaua9NMmLHW
D0NPYIpHFtzFtBE01VOBeLdrt6U64uHIt8QRgATMuoEY/3Rr/wK9XVXr/+vcjUy7
YsRy46i+YIHdtc5mSM7PSlCY2+mZ/XCR
</Encrypted>
</CancelInfo>
<ManageInfo/>
<ReservedInfo>
<MReserved1 urlencode="1"/>
<MReserved2 urlencode="1"/>
<MReserved3 urlencode="1"/>
</ReservedInfo>
</INIpay>
PEdL1Vso7A8GsoLsX9WoQ2A5o7X9ygYR5pf5k2iQZX74ai1zWTrZQSyrYSLFnupg
SqHVI1mkgBJUuI1EeDfN66Dr6McXGTfFpmI0IsOrtLgKZsjEw1tDa8s1QmksjByO
dQJEByS4R5X2CYDo9fnn/2igWfzvy4rQu05LKJaS4WY=
]
INFO	[2023-10-25 16:57:27:969] <28334> VERIFY OK
INFO	[2023-10-25 16:57:27:969] <28334> PARSE HEAD OK
INFO	[2023-10-25 16:57:27:970] <28334> PARSE BODY OK
INFO	[2023-10-25 16:57:27:970] <28334> DECRYPT OK
DEBUG	[2023-10-25 16:57:27:970] <28334> DECRYPT MSG:[<?xml version="1.0" encoding="UTF-8"?><CancelInfo>
<CancelDate>20231025</CancelDate>
<CancelTime>165729</CancelTime>
<ResultCode>120000</ResultCode>
<ResultMsg urlencode="1">%C1%A4%BB%F3%C3%B3%B8%AE%B5%C7%BE%FA%BD%C0%B4%CF%B4%D9.</ResultMsg>
</CancelInfo>]
INFO	[2023-10-25 16:57:27:970] <28334> DECRYPT PARSE OK
INFO	[2023-10-25 16:57:27:970] <28334> END cancel 정상처리되었습니다. Laptime:[0.364sec]
INFO	[2023-10-25 16:57:27:970] <28334> ===============================================================
