INFO	[2022-06-27 16:23:33:767] <26820> START INIPHP cancel (V5036-141209)(OS:Linux2.6.32-754.11.1.el6.x86_64,PHP:5.3.3)
DEBUG	[2022-06-27 16:23:33:767] <26820> inipayhome:/home1/killdeal/public_html/shop/inicis
DEBUG	[2022-06-27 16:23:33:767] <26820> debug:false
DEBUG	[2022-06-27 16:23:33:767] <26820> type:cancel
DEBUG	[2022-06-27 16:23:33:767] <26820> mid:majorgol03
DEBUG	[2022-06-27 16:23:33:767] <26820> admin:1111
DEBUG	[2022-06-27 16:23:33:767] <26820> tid:INIMX_CARDmajorgol0320220627162247845827
DEBUG	[2022-06-27 16:23:33:767] <26820> cancelmsg:주문자 본인 취소-구매의사 없음
INFO	[2022-06-27 16:23:33:768] <26820> Check Field OK
INFO	[2022-06-27 16:23:33:768] <26820> PI PUB KEY LOAD OK []
INFO	[2022-06-27 16:23:33:768] <26820> PG PUB KEY LOAD OK [30]
INFO	[2022-06-27 16:23:33:768] <26820> MERCHANT PRIV KEY LOAD OK
INFO	[2022-06-27 16:23:33:768] <26820> MERCHANT PUB KEY LOAD OK [0]
DEBUG	[2022-06-27 16:23:33:768] <26820> MAKE ENCRYPT OK[<?xml version="1.0" encoding="UTF-8"?>
<CancelInfo>
	  <CancelTID>INIMX_CARDmajorgol0320220627162247845827</CancelTID>
	  <CancelMsg urlencode="1">%C1%D6%B9%AE%C0%DA+%BA%BB%C0%CE+%C3%EB%BC%D2-%B1%B8%B8%C5%C0%C7%BB%E7+%BE%F8%C0%BD</CancelMsg>
	  <CancelReason/></CancelInfo>]
INFO	[2022-06-27 16:23:33:769] <26820> MAKE BODY OK
INFO	[2022-06-27 16:23:33:769] <26820> SIGN OK
INFO	[2022-06-27 16:23:33:769] <26820> MAKE HEAD OK
INFO	[2022-06-27 16:23:33:769] <26820> MSG_TO_PG:[0099400175D SHA1                   0                                      300420majorgol03                    INIMX_CARDmajorgol0320220627162247845827<?xml version="1.0" encoding="UTF-8"?>
<INIpay>
	  <CancelInfo>
	    <SessionKey>Rh49YCY9lT8gz6Q8HV6WYpJYOvslvXIjTmEu5HBO9nt9TOGpZVRPUnolAj4v/NKV
hlbmeTkFKRxXMEP46RgwxpJVIPT7BkeK/IZdiZmLEYHQlCQCK4u3JgITeg8W2gyc
VKh9Xb/WDPhmbHaJv+RP/ZPjKewpiMwPWilBkK/OGcGdC9d87eC4Vg==
</SessionKey>
	    <Encrypted>Ho345KoAti0DRdyNOd1e8ay9t0Uh+b2QCwavF9dVWnjoLDuHG5tt/JMIL7HSuFLC
uINONNfBx4ToO5xBedAasy5KKaEpCcKgQIBul+lR1ozAdH/sBm14KYaAMJB/iBCO
L2f/lkeaATDa+p5f6pjp4xmJZNO99BAelI9TzqAuHY1PBbhTHHC32SxDMLjxz/kp
rVXAzbUk/tZ1xJM9etL13c66uuRGpMLW3gOb//vJXUkU5thbkmwmNJueSyG8yWk7
jtcUFMxXetsRogaCDoTQIGqHptVBgg6Ru2eRqaHFI4VoWxYfaBt5zLMf+c9H2TDS
S/gUfSJtDyfWUI7ZtRcY8jM7x/Pqt2CD5OJXHMey7fEjcKu3xh9plw==
</Encrypted></CancelInfo>
	  <ReservedInfo>
	    <MReserved1/>
	    <MReserved2/>
	    <MReserved3/></ReservedInfo>
	  <ManageInfo>
	    <Language/>
	    <URL/>
	    <TXVersion>5036B141209canceLinux     PHPchkfake   2.6.32-754.11.1.el6.x86_64PHP:</TXVersion>
	    <TXUserID/>
	    <TXRegNum/></ManageInfo></INIpay>AEDA2PNWKfAaVUtRUYIjgk8Mg8Bgs0ertloxMpEeJacjxX89TWQZFtDD8/Cn7fgr
MSpkvUUp2Ahunndw7CWAIQMf7MeX0i4vM1UyVIp11RnoYz8OHnygjAabQ8OuhWwK
xS5GIQdEvijAiAyEHBwE5RxD9y/vF6HD8sSb1/GKL3uv
]
INFO	[2022-06-27 16:23:33:769] <26820> DNS LOOKUP OK(203.238.37.3:203.238.37.3:34049) laptime:0
INFO	[2022-06-27 16:23:33:772] <26820> SOCKET CONNECT OK
INFO	[2022-06-27 16:23:33:772] <26820> SEND OK
INFO	[2022-06-27 16:23:34:603] <26820> RECV OK
INFO	[2022-06-27 16:23:34:604] <26820> MSG_FROM_PG:[0093300175D SHA1                   0                                      300430majorgol03                    INIMX_CARDmajorgol0320220627162247845827<?xml version="1.0" encoding="UTF-8"?><INIpay>
<CancelInfo>
<ResultCode>120000</ResultCode>
<ResultMsg urlencode="1">%C1%A4%BB%F3%C3%B3%B8%AE%B5%C7%BE%FA%BD%C0%B4%CF%B4%D9.</ResultMsg>
<SessionKey>AEKtuXbHnNmQuItiCuaMBw0ZVbmeHRbOMQ3xNjpOpN18WzH/XjOv2eKpIFRNYZ6u
JoFficl42UVBjxkk4I1wlOPjSrbxEfG5Ol32XMRyZqD2+XrlZBcDYxFsaqGp/SF4
nOEJiCCTEyefGShWWUFD+RxxmyuAyd2BhOuu3mxMwsPQ1x3BY+hHAW8=
</SessionKey>
<Encrypted>sqXV5zvNACqsl/DXwHB0lzxrHH723FtPJck0Dr8c/g9FKwWnoJZHN3+drz+IjCeN
o/x5bTy0KM1p1UoYktgquSJqNRNVaG6eCy+gEf8blZvclC33hIqk0EIg6u97GMYu
z4rSWvfenua8K4H9bIVWBcS7jkeeO7gSx41TMVM5h9K0UALmc9CpmQlkiEBfTcWT
SooTQDOnY6pfrWhAZC8NkaRfjQSV+WCFv6kW4XOQfAVM9HO4d8FDjasRDl/p/l7w
sv8DKkStBVYCZ2Q7Ed+i2uLLNNbsae/DJz9/hJNobLkQjj/+iTS8dT70hdFqn3nn
OXKlxkkvnA5IiFGbI54gQ+RcR+X14Hvq
</Encrypted>
</CancelInfo>
<ManageInfo/>
<ReservedInfo>
<MReserved1 urlencode="1"/>
<MReserved2 urlencode="1"/>
<MReserved3 urlencode="1"/>
</ReservedInfo>
</INIpay>
DEnd2WUXYnjtm7trzX1iSeLA5yUQgA/Yi5ytq0sCNqtZ7aXCYg93hTXyCYLgkmVD
pLw6aeMMzkwOIyPrARNcXVppsBPpZL0QP6kp5uacQdYn979zy7eZbHVLhqwfjwwl
9QDwpMIp3I87edGO8ZjlwqtVEcAojoZvTvN1/GLN0yk=
]
INFO	[2022-06-27 16:23:34:604] <26820> VERIFY OK
INFO	[2022-06-27 16:23:34:604] <26820> PARSE HEAD OK
INFO	[2022-06-27 16:23:34:604] <26820> PARSE BODY OK
INFO	[2022-06-27 16:23:34:605] <26820> DECRYPT OK
DEBUG	[2022-06-27 16:23:34:605] <26820> DECRYPT MSG:[<?xml version="1.0" encoding="UTF-8"?><CancelInfo>
<CancelDate>20220627</CancelDate>
<CancelTime>162334</CancelTime>
<ResultCode>120000</ResultCode>
<ResultMsg urlencode="1">%C1%A4%BB%F3%C3%B3%B8%AE%B5%C7%BE%FA%BD%C0%B4%CF%B4%D9.</ResultMsg>
</CancelInfo>]
INFO	[2022-06-27 16:23:34:605] <26820> DECRYPT PARSE OK
INFO	[2022-06-27 16:23:34:605] <26820> END cancel 정상처리되었습니다. Laptime:[0.837sec]
INFO	[2022-06-27 16:23:34:605] <26820> ===============================================================
INFO	[2022-06-27 16:59:10:7] <29419> START INIPHP cancel (V5036-141209)(OS:Linux2.6.32-754.11.1.el6.x86_64,PHP:5.3.3)
DEBUG	[2022-06-27 16:59:10:7] <29419> inipayhome:/home1/killdeal/public_html/shop/inicis
DEBUG	[2022-06-27 16:59:10:7] <29419> debug:false
DEBUG	[2022-06-27 16:59:10:7] <29419> type:cancel
DEBUG	[2022-06-27 16:59:10:7] <29419> mid:majorgol03
DEBUG	[2022-06-27 16:59:10:7] <29419> admin:1111
DEBUG	[2022-06-27 16:59:10:7] <29419> tid:INIMX_VBNKmajorgol0320220627165902655394
DEBUG	[2022-06-27 16:59:10:7] <29419> cancelmsg:주문자 본인 취소-구매의사 없음
INFO	[2022-06-27 16:59:10:7] <29419> Check Field OK
INFO	[2022-06-27 16:59:10:7] <29419> PI PUB KEY LOAD OK []
INFO	[2022-06-27 16:59:10:7] <29419> PG PUB KEY LOAD OK [30]
INFO	[2022-06-27 16:59:10:7] <29419> MERCHANT PRIV KEY LOAD OK
INFO	[2022-06-27 16:59:10:8] <29419> MERCHANT PUB KEY LOAD OK [0]
DEBUG	[2022-06-27 16:59:10:8] <29419> MAKE ENCRYPT OK[<?xml version="1.0" encoding="UTF-8"?>
<CancelInfo>
	  <CancelTID>INIMX_VBNKmajorgol0320220627165902655394</CancelTID>
	  <CancelMsg urlencode="1">%C1%D6%B9%AE%C0%DA+%BA%BB%C0%CE+%C3%EB%BC%D2-%B1%B8%B8%C5%C0%C7%BB%E7+%BE%F8%C0%BD</CancelMsg>
	  <CancelReason/></CancelInfo>]
INFO	[2022-06-27 16:59:10:8] <29419> MAKE BODY OK
INFO	[2022-06-27 16:59:10:9] <29419> SIGN OK
INFO	[2022-06-27 16:59:10:9] <29419> MAKE HEAD OK
INFO	[2022-06-27 16:59:10:9] <29419> MSG_TO_PG:[0099400175D SHA1                   0                                      300420majorgol03                    INIMX_VBNKmajorgol0320220627165902655394<?xml version="1.0" encoding="UTF-8"?>
<INIpay>
	  <CancelInfo>
	    <SessionKey>Iooa2IjL9/kDnDdgcVEWPhgafH+fquvIEP+Csjo5UZFbHsKefwY0+NQr94Qbgoyc
Atxg3L9oVVqFlh7DHL1rrtfNQt++AiNNx4ow5x6mFDxizlhK/A75bHNTrcp73uhG
s6PwNU4HjpITIHpBPezXthrU7YjklA2gTnKYPWNJj0Gd0pxBD1Lugw==
</SessionKey>
	    <Encrypted>SpHUJOSIj4Z3KJA499jfHVOCFeRdJYjlDH5gyvF/XfzjYHSIeesqHNzp/E+il982
Yvmy+ddme1xuW3ZD2lteBGJ7nOTR2e77Vd1XKlvbG0m9McNoRWuyzscGKr2/X3Je
l3FeU2NMeeFu42/I6Na/cJBinlxAd6iRQnj2xnRp42+Ckvm0PRnSjQAZNkovaMlR
EBp0XxpPuQMOqj9Eg4X0zcXbJ+kbqFvYqCR2jBc3+MNhX7L3nIaOYefEirz1VP+t
JbEm0C28CBB/71sIrmoesrMF/vQqe91icr430bfO5lI45r6WjQoyLf5MkcTvjCBx
3rRSQsa6VvM5WDKw/u2qEErI2bvEdfHDfnM228peIKG1yMpwtfb2DQ==
</Encrypted></CancelInfo>
	  <ReservedInfo>
	    <MReserved1/>
	    <MReserved2/>
	    <MReserved3/></ReservedInfo>
	  <ManageInfo>
	    <Language/>
	    <URL/>
	    <TXVersion>5036B141209canceLinux     PHPchkfake   2.6.32-754.11.1.el6.x86_64PHP:</TXVersion>
	    <TXUserID/>
	    <TXRegNum/></ManageInfo></INIpay>AIcfDncoFIumauORLM+MsC5CoONQRSs/jabCOSlpaHVeCFv8pJL1prvBX/f9fpfA
u1/QucThyaSFr7s1+tb2qeL4IThUKcCgfontD276wRb5EBGEgIwSVkbj/oTPIqlE
qCBjV9VpEJkv4BVCA8g0hos2yP1tgmoSnSlJ7wViVVmc
]
INFO	[2022-06-27 16:59:10:9] <29419> DNS LOOKUP OK(203.238.37.3:203.238.37.3:34049) laptime:0
INFO	[2022-06-27 16:59:10:11] <29419> SOCKET CONNECT OK
INFO	[2022-06-27 16:59:10:11] <29419> SEND OK
INFO	[2022-06-27 16:59:10:155] <29419> RECV OK
INFO	[2022-06-27 16:59:10:156] <29419> MSG_FROM_PG:[0123800175D SHA1                   0                                      300430majorgol03                    INIMX_VBNKmajorgol0320220627165902655394<?xml version="1.0" encoding="UTF-8"?><INIpay>
<CancelInfo>
<ResultCode>170000</ResultCode>
<ResultMsg urlencode="1">%C1%A4%BB%F3%C3%B3%B8%AE%B5%C7%BE%FA%BD%C0%B4%CF%B4%D9.</ResultMsg>
<SessionKey>ARcLiR1S7vTcmz2AAuSrcBwUEp5preniM6M2U2TARSu7x7MuDPnnw1Ue6nz3Tx+f
+xEVLR1ul+E77K0+9XJXqGxTNFsGdzLj2kddROAgr55OhfEc+KgNZKwU26Z6uU8/
iilwB0nANeWRCiZHmqLn6mpEmebHIwg84JH5Cw50L0RI5FBf0il8A5Y=
</SessionKey>
<Encrypted>phsr6zd8UXfhW7tk5J9RMExNMOrQrSzJydvJzi9jcVmMv9G5VD0eWLbu+wAtjFf8
5PK/hkCVTJtqrWlKyDysY83iAvbV0BiPMqyywtlAYWp85MN0wpy6rIWCWIeQzF3b
/dG236oKiZz3LgQY48Q40VZ0xNiv2P3G5OUrNp4rkKYIw20pHIzFmzRd2NVoTCix
rjkm6MprMzWlzmBgC41J8Q1vb9JfAvc9FxcXKxW1vEdYjir5auKwuFG/GGzh51Tb
TjyVcpOpQ670Fc1MBU5etqO9Co/qbiOnzAQ0hYavQgZBJaldgEE7UnpgoYYVR0xh
kY9zBukYCnlUA0X0aN0FSK0hoVcRT+OIVZBjPYg3q0BECsv015NdXXvan6zxchST
qfa0cYwaIjCoXfqhMF9Hw5ugEaRx41saa18BBySb6HmA6n92IHDcMik7GHJYrvRv
KHBwkFuoYQtq+ARQ01ydreffJ626lhtsk5SJLYN5/Fse5z9Fbg1TDXIrbTKwmD3g
w/H/aLnwgaLTRUfbkGqAQa/LxviCnMTYPIqMl7yrxFvbrKycZcfUwKfDXawq5xMF
Q3JW06QF5bCFP/KG32Au97AkhKbNg3VInn4hW8duFrzdLBkZy+d+2sQjf6hAV20+
ftnRNepQR98=
</Encrypted>
</CancelInfo>
<ManageInfo/>
<ReservedInfo>
<MReserved1 urlencode="1"/>
<MReserved2 urlencode="1"/>
<MReserved3 urlencode="1"/>
</ReservedInfo>
</INIpay>
pCiAWxueDpsDQ0/XUcMekGWHLVOt3FxtGCbIGb1Ag5c7rXxaMg2ykw1RklBWbC0Y
siOFYfY3VtKHA7ZAoDUo53JNHvUuQQtvM9LGgc5LLmqmPyX7fIlzU6ugn22tuwzm
I08ofryL/9w68P1A/v5/cIfGiew9C6KZh/89oAr2ccE=
]
INFO	[2022-06-27 16:59:10:156] <29419> VERIFY OK
INFO	[2022-06-27 16:59:10:156] <29419> PARSE HEAD OK
INFO	[2022-06-27 16:59:10:156] <29419> PARSE BODY OK
INFO	[2022-06-27 16:59:10:157] <29419> DECRYPT OK
DEBUG	[2022-06-27 16:59:10:157] <29419> DECRYPT MSG:[<?xml version="1.0" encoding="UTF-8"?><CancelInfo>
<CancelDate>20220627</CancelDate>
<CancelTime>165910</CancelTime>
<ResultCode>170000</ResultCode>
<ResultMsg urlencode="1">%C1%A4%BB%F3%C3%B3%B8%AE%B5%C7%BE%FA%BD%C0%B4%CF%B4%D9.</ResultMsg>
<CSHR_CancelDate>20220627</CSHR_CancelDate>
<CSHR_CancelTime>165910</CSHR_CancelTime>
<CSHR_ResultCode>220000</CSHR_ResultCode>
<CSHR_ResultMsg urlencode="1">%C1%A4%BB%F3%C3%B3%B8%AE%B5%C7%BE%FA%BD%C0%B4%CF%B4%D9.</CSHR_ResultMsg>
</CancelInfo>]
INFO	[2022-06-27 16:59:10:157] <29419> DECRYPT PARSE OK
INFO	[2022-06-27 16:59:10:157] <29419> END cancel 정상처리되었습니다. Laptime:[0.15sec]
INFO	[2022-06-27 16:59:10:157] <29419> ===============================================================
