INFO	[2022-03-30 09:49:15:198] <16833> START INIPHP repay (V5036-141209)(OS:Linux2.6.32-754.11.1.el6.x86_64,PHP:5.3.3)
DEBUG	[2022-03-30 09:49:15:199] <16833> inipayhome:/home1/killdeal/public_html/shop/inicis
DEBUG	[2022-03-30 09:49:15:199] <16833> debug:false
DEBUG	[2022-03-30 09:49:15:199] <16833> type:repay
DEBUG	[2022-03-30 09:49:15:199] <16833> pgid:INIphpRPAY
DEBUG	[2022-03-30 09:49:15:199] <16833> subpgip:203.238.3.10
DEBUG	[2022-03-30 09:49:15:199] <16833> mid:fourseason
DEBUG	[2022-03-30 09:49:15:199] <16833> admin:1111
DEBUG	[2022-03-30 09:49:15:199] <16833> oldtid:INIMX_CARDfourseason20220316100256274486
DEBUG	[2022-03-30 09:49:15:199] <16833> currency:WON
DEBUG	[2022-03-30 09:49:15:199] <16833> price:17900
DEBUG	[2022-03-30 09:49:15:199] <16833> confirm_price:75100
DEBUG	[2022-03-30 09:49:15:199] <16833> buyeremail:dudtnrl0527@naver.com
DEBUG	[2022-03-30 09:49:15:199] <16833> tax:1627
DEBUG	[2022-03-30 09:49:15:199] <16833> taxfree:0
INFO	[2022-03-30 09:49:15:199] <16833> Check Field OK
INFO	[2022-03-30 09:49:15:199] <16833> Make TID OK INIphpRPAYfourseason20220330094915999182
INFO	[2022-03-30 09:49:15:199] <16833> PI PUB KEY LOAD OK []
INFO	[2022-03-30 09:49:15:199] <16833> PG PUB KEY LOAD OK [30]
INFO	[2022-03-30 09:49:15:199] <16833> MERCHANT PRIV KEY LOAD OK
INFO	[2022-03-30 09:49:15:199] <16833> MERCHANT PUB KEY LOAD OK [0]
DEBUG	[2022-03-30 09:49:15:200] <16833> MAKE ENCRYPT OK[<?xml version="1.0" encoding="UTF-8"?>
<PartCancelInfo>
	  <PRTC_TID>INIMX_CARDfourseason20220316100256274486</PRTC_TID>
	  <PRTC_Price>17900</PRTC_Price>
	  <PRTC_Remains>75100</PRTC_Remains>
	  <PRTC_Quota/>
	  <PRTC_Interest/>
	  <PRTC_NoAcctFNBC/>
	  <PRTC_NmAcctFNBC/></PartCancelInfo>]
INFO	[2022-03-30 09:49:15:200] <16833> MAKE BODY OK
INFO	[2022-03-30 09:49:15:200] <16833> SIGN OK
INFO	[2022-03-30 09:49:15:200] <16833> MAKE HEAD OK
INFO	[2022-03-30 09:49:15:200] <16833> MSG_TO_PG:[0111700175D SHA1                   0                                      300620fourseason               17900INIphpRPAYfourseason20220330094915999182<?xml version="1.0" encoding="UTF-8"?>
<INIpay>
	  <PartCancelInfo>
	    <SessionKey>SrYKK3szrex2EeTNNgHkYqzV7O86GXS1HKavxF5onHoX0GF4MG5Bg5RpPq+SI+12
XXPgX71pBLOw2pCOiXW9IrkjmnvWKNaF1a826Zt3oK3Rsg8Fy1jS0lsU4vTLOnXr
FNgKuYbZwKLr4eucbwW1ugoC56fyODclP2aHsRwDXDPXSHoN4dWSVA==
</SessionKey>
	    <Encrypted>pa8msyUS1ImZWefxfpJCkLvb/c7hkwVGNB3XnZKVPzYJokT2LyB75E9BDnWFawWQ
QGZr6I/QWiokXNcxiSbucIxKgwcuzVIfnRLoSxBL02fBpzQllAxySG65Hr4V4hBU
tCz0YigP5n9JTL7s/0a/pd7XBwVbedjRR2M9sjSxGo4rRpGWlX20uYjwXClRg16a
y0o0D6s7EMpAO14kG9d8N+PVQdvh6grbwF5sY90fuMKgn9SXGWSAl/JifVOpGCDR
zJ8xj1NbK8kplb94Ui3I9EMWC0olCvWb0P71HKJldfdayeIbOdZJCLnRsrzVSCCG
ZcpiCQ37UxlLtzSAFc5Vff5MDatGtIINcnJwBlG4D+GbTCoIBzomYtC4x/NBjHjE
c70WBWuOuvU=
</Encrypted></PartCancelInfo>
	  <GoodsInfo>
	    <Tax>1627</Tax>
	    <TaxFree/>
	    <Currency>WON</Currency></GoodsInfo>
	  <ReservedInfo>
	    <MReserved1/>
	    <MReserved2/>
	    <MReserved3/></ReservedInfo>
	  <ManageInfo>
	    <Language/>
	    <URL/>
	    <TXVersion>5036B141209repayLinux     PHPchkfake   2.6.32-754.11.1.el6.x86_64PHP:</TXVersion>
	    <TXUserID/>
	    <TXRegNum/></ManageInfo></INIpay>AIW2KCYDR0+K3ngZYlVcai+kjFKvSFXlk/li2tTg/ZyTulapTMBxaLlfrEBzWEyF
MiQ/rhbbDVfzZZ54OaWd4NjJ9Zy5nTDfi+wCYQDRb2HvJ4MOVDtZSzhPcekyzu9m
4PWLlubRqvwuvVo/hv5In/2AzuzULWHicSS3clpI/eDd
]
INFO	[2022-03-30 09:49:15:200] <16833> DNS LOOKUP OK(203.238.37.3:203.238.37.3:34049) laptime:0
INFO	[2022-03-30 09:49:15:202] <16833> SOCKET CONNECT OK
INFO	[2022-03-30 09:49:15:202] <16833> SEND OK
INFO	[2022-03-30 09:49:15:392] <16833> RECV OK
INFO	[2022-03-30 09:49:15:392] <16833> MSG_FROM_PG:[0098000175D SHA1                   0                                      300630fourseason               17900INIphpRPAYfourseason20220330094915999182<?xml version="1.0" encoding="UTF-8"?><INIpay>
<PartCancelInfo>
<PayMethod>Card</PayMethod>
<ResultCode>120000</ResultCode>
<ResultMsg urlencode="1">%C1%A4%BB%F3%C3%B3%B8%AE%B5%C7%BE%FA%BD%C0%B4%CF%B4%D9.</ResultMsg>
<SessionKey>ACBjiBdshSWrTym3HhPF+LnDHWjA5fHp7DBlMEckyt69d5E7GSHt5f/O2W+4rfBy
crRFrE3TDj17vcnMXJilR30ofqELEqp0VQAk31xEKnhacm/I5PtmDe0qOu6L8gTr
rMEgb94L3lzh/2W0rJfiEFZ7OcO86VS7RDqoKULXYL91LByNhsaq034=
</SessionKey>
<Encrypted>k0qZPiI0tuV7cOmN1+QrKB1pq6X6SGziOjsXiiOwa0IPGhtWGDdy4sBp3CJIZeTp
ie7hF/rUO0BAMOOehcqDW+jcLhYf7rJn00WrXSzxgYogWj8uUfUF8F3+y0lsfw9t
GXI+BTW6fFVcyee2dLl3HBu/Hbf9+VARWKS4AJ5IBvPQ6HxHrEJRzOlNNGEQiQJN
e9Lz8/yOHhmXC1LPnfcjLrBbJ13bmXy5vKijq5mXPZO60OD4/R9V33aXHaEPrPy/
wSc8QYZb/xxg+CF2/MUtz7veS5wTQsSxlPD9lswJBXOpVYPNGgPLL5mATN2Io66e
foLS4bcM10Tg2rWFAHAOu+HQnwmrV1b38wLcqM2OGkrtrKCuCMwBSZDgjJIfRWE/
U1C/HYIrpVsDZIo6J+GfpzW6foxSgvucsT+HcwN14BSWb+6WQboC9qMg5NTAfSNJ
b6lwBNqyS9Q=
</Encrypted>
</PartCancelInfo>
<ManageInfo/>
<ReservedInfo/>
</INIpay>
mFmUIaCnQuqPCw0jRn28pctVTGFleeBIPfF7OA8hIO01AGw+RL6chOaC3t6CWX4u
phJVi/7AsiehWxpTZLXBYYFbyYzz09ndeCqlJEI1AlUJtuvKF17bioEtFVe6ThiN
5ZEJ7CXZdEVh2gc5x26JGLnKgq7bG2x7ekZX+6uDWvo=
]
INFO	[2022-03-30 09:49:15:392] <16833> VERIFY OK
INFO	[2022-03-30 09:49:15:392] <16833> PARSE HEAD OK
INFO	[2022-03-30 09:49:15:392] <16833> PARSE BODY OK
INFO	[2022-03-30 09:49:15:393] <16833> DECRYPT OK
DEBUG	[2022-03-30 09:49:15:393] <16833> DECRYPT MSG:[<?xml version="1.0" encoding="UTF-8"?><PartCancelInfo>
<PRTC_TID>INIMX_CARDfourseason20220316100256274486</PRTC_TID>
<PRTC_Price>17900</PRTC_Price>
<PRTC_Remains>75100</PRTC_Remains>
<PRTC_Quota>00</PRTC_Quota>
<PRTC_Type>1</PRTC_Type>
<CancelDate>20220330</CancelDate>
<CancelTime>094914</CancelTime>
<PRTC_Cnt>5</PRTC_Cnt>
</PartCancelInfo>]
INFO	[2022-03-30 09:49:15:393] <16833> DECRYPT PARSE OK
INFO	[2022-03-30 09:49:15:393] <16833> END repay 정상처리되었습니다. Laptime:[0.195sec]
INFO	[2022-03-30 09:49:15:393] <16833> ===============================================================
