INFO	[2021-04-03 06:37:20:227] <10128> START INIPHP cancel (V5036-141209)(OS:Linux2.6.32-754.11.1.el6.x86_64,PHP:5.3.3)
DEBUG	[2021-04-03 06:37:20:227] <10128> inipayhome:/home1/killdeal/public_html/shop/inicis
DEBUG	[2021-04-03 06:37:20:227] <10128> debug:false
DEBUG	[2021-04-03 06:37:20:227] <10128> type:cancel
DEBUG	[2021-04-03 06:37:20:227] <10128> mid:majorgol03
DEBUG	[2021-04-03 06:37:20:227] <10128> admin:1111
DEBUG	[2021-04-03 06:37:20:227] <10128> tid:INIMX_CARDmajorgol0320210403011549565238
DEBUG	[2021-04-03 06:37:20:227] <10128> cancelmsg:주문자 본인 취소-상품옵션 선택 잘못함
INFO	[2021-04-03 06:37:20:227] <10128> Check Field OK
INFO	[2021-04-03 06:37:20:227] <10128> PI PUB KEY LOAD OK []
INFO	[2021-04-03 06:37:20:228] <10128> PG PUB KEY LOAD OK [30]
INFO	[2021-04-03 06:37:20:228] <10128> MERCHANT PRIV KEY LOAD OK
INFO	[2021-04-03 06:37:20:228] <10128> MERCHANT PUB KEY LOAD OK [0]
DEBUG	[2021-04-03 06:37:20:229] <10128> MAKE ENCRYPT OK[<?xml version="1.0" encoding="UTF-8"?>
<CancelInfo>
	  <CancelTID>INIMX_CARDmajorgol0320210403011549565238</CancelTID>
	  <CancelMsg urlencode="1">%C1%D6%B9%AE%C0%DA+%BA%BB%C0%CE+%C3%EB%BC%D2-%BB%F3%C7%B0%BF%C9%BC%C7+%BC%B1%C5%C3+%C0%DF%B8%F8%C7%D4</CancelMsg>
	  <CancelReason/></CancelInfo>]
INFO	[2021-04-03 06:37:20:229] <10128> MAKE BODY OK
INFO	[2021-04-03 06:37:20:229] <10128> SIGN OK
INFO	[2021-04-03 06:37:20:229] <10128> MAKE HEAD OK
INFO	[2021-04-03 06:37:20:229] <10128> MSG_TO_PG:[0101500175D SHA1                   0                                      300420majorgol03                    INIMX_CARDmajorgol0320210403011549565238<?xml version="1.0" encoding="UTF-8"?>
<INIpay>
	  <CancelInfo>
	    <SessionKey>AQSESexf+mq+PqpPn8WWBTxdgrGLGsmQAsQ+faPxzbWohs6h9HoOef4yFFX/lJFG
gEwA38Kng1h0w2aXj3bYxXdVciNWh1ktljd/oLrZf1tEjxD2YoPw6R3JO38onhYo
gUuPbR1jFh+pFMFzHiHldaMCzNBpj0el8Lp98ZWU8j/8UKOHj7O7Fg==
</SessionKey>
	    <Encrypted>QOjRO6dFklNcjReht+YdSZ465cQLdJ45yrCubyNG4fwUnQGlBuOcizInQob977je
tbEZkmGiEzNQvzY6vRQz3mta+TkjTjT/IskBdQKiCdJ9s60Drnt2SZpODwRnefzt
Vzg9X81M8OEiagU8bVFtyNDcLaNQe800zi12qEOLNc67h7FpeiQPGPXIRJa+/JcW
PVNjIrgZrpevi+kUDV9AZ1tL7IunSIyTk7AfayZ5Qm39uiRvAJMx9nMhbq9oi+ol
ZN0tCYhbDaXog5ECerYQ69WepkxCvPROLoTG1eeXXc9XAgxnWSC5a5MbgHLlOE5q
Al7H1zHEDDqZzVAYtiptlZRFEToN2XkP1O2JKHEfUdkS9HFq8cZT+N88YyUnXw4q
vUtu8uVhVlc=
</Encrypted></CancelInfo>
	  <ReservedInfo>
	    <MReserved1/>
	    <MReserved2/>
	    <MReserved3/></ReservedInfo>
	  <ManageInfo>
	    <Language/>
	    <URL/>
	    <TXVersion>5036B141209canceLinux     PHPchkfake   2.6.32-754.11.1.el6.x86_64PHP:</TXVersion>
	    <TXUserID/>
	    <TXRegNum/></ManageInfo></INIpay>ANtxZt7VMRALd5SDxpd/IioHMUpJACydcHo8Lr+jIxcE9nvIhw5YLku4AoUVE8Ib
JNU3pKLb5SDrXmGyl8mwWv0RKcfD6dkJ0Z+N1PXZdA7EXjMRJpMA0kF5128klBht
5q+AZxFiWpuC/c2KQ/o64XbD0QB+HQ9lPJnSsvuP02A8
]
INFO	[2021-04-03 06:37:20:229] <10128> DNS LOOKUP OK(203.238.37.3:203.238.37.3:34049) laptime:0
INFO	[2021-04-03 06:37:20:232] <10128> SOCKET CONNECT OK
INFO	[2021-04-03 06:37:20:232] <10128> SEND OK
INFO	[2021-04-03 06:37:20:639] <10128> RECV OK
INFO	[2021-04-03 06:37:20:639] <10128> MSG_FROM_PG:[0093300175D SHA1                   0                                      300430majorgol03                    INIMX_CARDmajorgol0320210403011549565238<?xml version="1.0" encoding="UTF-8"?><INIpay>
<CancelInfo>
<ResultCode>120000</ResultCode>
<ResultMsg urlencode="1">%C1%A4%BB%F3%C3%B3%B8%AE%B5%C7%BE%FA%BD%C0%B4%CF%B4%D9.</ResultMsg>
<SessionKey>AG/Fh264rFaNsr2DxQxKmd8pZL4V3jfa+MhBGlbmHaK1eJZCm26MSkVEFL4t3Nyl
gfUxkL5grF5iiCm2y/3BrqgzeeTbPzSMssAbny+/8HiNebhzDgpIB0lMnRMm04so
0m4cP+VK4aryr1ENFrHXQILS8497zkL0AXmYCUYL1dNrLwCzaf0j03A=
</SessionKey>
<Encrypted>fwelVdY9kYNyYN5f9tELFDYCyoAif36M2uy+I9b+Kg31mb+cYXnB4Huvj1VF42LK
bWMQXMmyHXRNUPJ1AJREsEdvvDd4UrE/brJ6V8Qaa6V/eHKaEISMPvXSGCegkgAg
r4n2g1QM/Y+x1esRVoXejQAQHds4C9sDd5r3lWeLUZmGd9rCZ6Omxxylaai04rOX
f8nIWfnlIxSZBQdYW3ut8dQMdKrZi7YvEFV1kanfgOAw4RPSUcqpKFaFMxGNdbn4
jZsSZLBVIubV2nT5v9pjbljRrEbf2Kb6idX6YjaUMuAcsMq4VfKl8MT0raEPzLBr
lXruge9bFoNWcNDE4dFzQUu8hYwXkapk
</Encrypted>
</CancelInfo>
<ManageInfo/>
<ReservedInfo>
<MReserved1 urlencode="1"/>
<MReserved2 urlencode="1"/>
<MReserved3 urlencode="1"/>
</ReservedInfo>
</INIpay>
Vlj7vYfKKvRCyBXE/29yqkOvxdbY+IUOl8DNNiO+uJzA1a6eZ/o7HmBt5PlNqqB2
HvdF4FhnGnqZs8bfcX2O6klBi3I35D6kBiB2C0eyR7FPNDFRqVg/4WSYFmQ+k+YZ
e9gFemMJeVSwQehpprVrfntJomKXl/dBQtDntlwrWCk=
]
INFO	[2021-04-03 06:37:20:639] <10128> VERIFY OK
INFO	[2021-04-03 06:37:20:639] <10128> PARSE HEAD OK
INFO	[2021-04-03 06:37:20:639] <10128> PARSE BODY OK
INFO	[2021-04-03 06:37:20:640] <10128> DECRYPT OK
DEBUG	[2021-04-03 06:37:20:640] <10128> DECRYPT MSG:[<?xml version="1.0" encoding="UTF-8"?><CancelInfo>
<CancelDate>20210403</CancelDate>
<CancelTime>063720</CancelTime>
<ResultCode>120000</ResultCode>
<ResultMsg urlencode="1">%C1%A4%BB%F3%C3%B3%B8%AE%B5%C7%BE%FA%BD%C0%B4%CF%B4%D9.</ResultMsg>
</CancelInfo>]
INFO	[2021-04-03 06:37:20:640] <10128> DECRYPT PARSE OK
INFO	[2021-04-03 06:37:20:640] <10128> END cancel 정상처리되었습니다. Laptime:[0.413sec]
INFO	[2021-04-03 06:37:20:640] <10128> ===============================================================
