INFO	[2023-05-06 14:27:07:252] <16067> START INIPHP cancel (V5036-141209)(OS:Linux2.6.32-754.11.1.el6.x86_64,PHP:5.3.3)
DEBUG	[2023-05-06 14:27:07:252] <16067> inipayhome:/home1/killdeal/public_html/shop/inicis
DEBUG	[2023-05-06 14:27:07:252] <16067> debug:false
DEBUG	[2023-05-06 14:27:07:252] <16067> type:cancel
DEBUG	[2023-05-06 14:27:07:252] <16067> mid:majorgol03
DEBUG	[2023-05-06 14:27:07:252] <16067> admin:1111
DEBUG	[2023-05-06 14:27:07:252] <16067> tid:INIMX_ISP_majorgol0320230506085039515116
DEBUG	[2023-05-06 14:27:07:252] <16067> cancelmsg:주문자 본인 취소-상품옵션 선택 잘못함
INFO	[2023-05-06 14:27:07:252] <16067> Check Field OK
INFO	[2023-05-06 14:27:07:252] <16067> PI PUB KEY LOAD OK []
INFO	[2023-05-06 14:27:07:253] <16067> PG PUB KEY LOAD OK [30]
INFO	[2023-05-06 14:27:07:253] <16067> MERCHANT PRIV KEY LOAD OK
INFO	[2023-05-06 14:27:07:253] <16067> MERCHANT PUB KEY LOAD OK [0]
DEBUG	[2023-05-06 14:27:07:254] <16067> MAKE ENCRYPT OK[<?xml version="1.0" encoding="UTF-8"?>
<CancelInfo>
	  <CancelTID>INIMX_ISP_majorgol0320230506085039515116</CancelTID>
	  <CancelMsg urlencode="1">%C1%D6%B9%AE%C0%DA+%BA%BB%C0%CE+%C3%EB%BC%D2-%BB%F3%C7%B0%BF%C9%BC%C7+%BC%B1%C5%C3+%C0%DF%B8%F8%C7%D4</CancelMsg>
	  <CancelReason/></CancelInfo>]
INFO	[2023-05-06 14:27:07:254] <16067> MAKE BODY OK
INFO	[2023-05-06 14:27:07:255] <16067> SIGN OK
INFO	[2023-05-06 14:27:07:255] <16067> MAKE HEAD OK
INFO	[2023-05-06 14:27:07:255] <16067> MSG_TO_PG:[0101500175D SHA1                   0                                      300420majorgol03                    INIMX_ISP_majorgol0320230506085039515116<?xml version="1.0" encoding="UTF-8"?>
<INIpay>
	  <CancelInfo>
	    <SessionKey>MpUNmYsAZrfvhiKALxm3v2uj4sIqtjSeOH7TsIoQLgTnXJ0FBRzLVsgWzDRDkkKk
88ZKQOcwIH3qGQlkmWFTQlGEwAG5j2HMLXrsl0ARRZH/xuqOd6jfEk3GwRz7MXCp
G3If7GAA4uRm6c7gQU5lQ9Dmm6v4tMw3/PosEB2+TCYyJNWSIBep8Q==
</SessionKey>
	    <Encrypted>KNSsItRs7RHl/AmST1LINsi/IOGfVbtsFSUcLkKkp1SqqzHLffJa0TY/d78n+ntM
Rd+ai87zJo1qmxMBJYedYDs29XOSZAKjU2JgUYr/vpJE0xU36t/qYFTZND+x3the
3NzNE5o29HAUMkJ2Q3UXkw0PbltdhPWcCS+c90wp0ki7hgmTPuw8RtYCeEos4spw
HJVZVZRz5D8gqXJnX0KEuPFywr8H6T1cwUxSQyLF6CK9ShO2TGZjNZyysUj720Ya
CswNDV/YEM1nwNdHzBT/HEXDvn860mvtY23Ls47S0q53Wtz7pvdxNCgAQB2+6/Lr
VMEnJUfr/YU6sJy0ksu9obJpiytVRjNzPUAbIMlOtozL6ZRfS6gyObNECEswEjk/
8/2jzeBLTqY=
</Encrypted></CancelInfo>
	  <ReservedInfo>
	    <MReserved1/>
	    <MReserved2/>
	    <MReserved3/></ReservedInfo>
	  <ManageInfo>
	    <Language/>
	    <URL/>
	    <TXVersion>5036B141209canceLinux     PHPchkfake   2.6.32-754.11.1.el6.x86_64PHP:</TXVersion>
	    <TXUserID/>
	    <TXRegNum/></ManageInfo></INIpay>AGIPGW4BQowfqqlWw3dTm5brKYCvGuQLy+UL87xhpBRwnr6gXXd50xXZ7TLSJDHm
ni4PaJlVoooXsUtKOv+QsKAllPw2Vfu5wGryOT0zXJhA351HyJzfTEamKlwDnca1
4cJUnh5B5kG3tgp3mm5u/Zv7tzzX2B0wiaQk3ecbmiKf
]
INFO	[2023-05-06 14:27:07:255] <16067> DNS LOOKUP OK(203.238.37.3:203.238.37.3:34049) laptime:0
INFO	[2023-05-06 14:27:07:256] <16067> SOCKET CONNECT OK
INFO	[2023-05-06 14:27:07:256] <16067> SEND OK
INFO	[2023-05-06 14:27:07:552] <16067> RECV OK
INFO	[2023-05-06 14:27:07:552] <16067> MSG_FROM_PG:[0086100175D SHA1                   0                                      300430majorgol03                    INIMX_ISP_majorgol0320230506085039515116<?xml version="1.0" encoding="UTF-8"?><INIpay>
<CancelInfo>
<ResultCode>170000</ResultCode>
<ResultMsg urlencode="1">%C1%A4%BB%F3%BF%CF%B7%E1</ResultMsg>
<SessionKey>ARDm3qNySOW8SG+rg5aT38GyLd/qV276GkqZEOyOavVpZ8b9e72OVzyRnmrwiGzw
Wa0RB4T965pr+wHhPBI3he7B1a2K2Ie7Yt5p8jK3ZkbQEArwmUXGgDYl0Qgx2lxu
zSlzZwPT0btCW4JpHHJ7hC7erbbifgOI3mgjphjZ6fnwQEBwPsXsses=
</SessionKey>
<Encrypted>0MhHwp5FY8f7un4Pfh+0QbZYmoPlw5XGf1fV8YITydD1xz2wf1zchK4w4A10Xnoi
8Z2OTJ1Ht7YNbk1a9pIV32sfvedj4Q9jWqrV8cC92bqXoExzs4wo5u37opyN88v1
pV8pVoz92+mBe32jrdHZ2WIOzfT68WzfvlG9rryouQhgUY+wuDrCpPZwcfSQvC/C
CX7uP0IIlkXfCGvPEV1vUCfUmjmaJPpAG7K5YphnPfZskrO5h65narNWUx+lE16t
nngiazI+KaQ5ZEyqXTAF4DRdb0tdPbqH7LrQQXJAolLHXzP7PfQOWQ==
</Encrypted>
</CancelInfo>
<ManageInfo/>
<ReservedInfo>
<MReserved1 urlencode="1"/>
<MReserved2 urlencode="1"/>
<MReserved3 urlencode="1"/>
</ReservedInfo>
</INIpay>
lPELexX5ZERaSWYmV4moc8Sc2uVRG4k95DKTN7wa+FrH87U1JNb0B8Q4FCJqUErp
dCioZWmM76odFpuX2ZVJSUF3pyHssr8GhL9iyHiEnbLkFkY5YFJbh+asF+QlwBed
uYzd+dDdBO+kNcPEuXzjpJ5ZZAhxC+G6whXheQ0COWw=
]
INFO	[2023-05-06 14:27:07:552] <16067> VERIFY OK
INFO	[2023-05-06 14:27:07:552] <16067> PARSE HEAD OK
INFO	[2023-05-06 14:27:07:553] <16067> PARSE BODY OK
INFO	[2023-05-06 14:27:07:553] <16067> DECRYPT OK
DEBUG	[2023-05-06 14:27:07:553] <16067> DECRYPT MSG:[<?xml version="1.0" encoding="UTF-8"?><CancelInfo>
<CancelDate>20230506</CancelDate>
<CancelTime>142707</CancelTime>
<ResultCode>170000</ResultCode>
<ResultMsg urlencode="1">%C1%A4%BB%F3%BF%CF%B7%E1</ResultMsg>
</CancelInfo>]
INFO	[2023-05-06 14:27:07:553] <16067> DECRYPT PARSE OK
INFO	[2023-05-06 14:27:07:553] <16067> END cancel 정상완료 Laptime:[0.301sec]
INFO	[2023-05-06 14:27:07:553] <16067> ===============================================================
INFO	[2023-05-06 16:55:50:114] <16056> START INIPHP cancel (V5036-141209)(OS:Linux2.6.32-754.11.1.el6.x86_64,PHP:5.3.3)
DEBUG	[2023-05-06 16:55:50:114] <16056> inipayhome:/home1/killdeal/public_html/shop/inicis
DEBUG	[2023-05-06 16:55:50:114] <16056> debug:false
DEBUG	[2023-05-06 16:55:50:114] <16056> type:cancel
DEBUG	[2023-05-06 16:55:50:114] <16056> mid:majorgol03
DEBUG	[2023-05-06 16:55:50:114] <16056> admin:1111
DEBUG	[2023-05-06 16:55:50:114] <16056> tid:StdpayCARDmajorgol0320230506165548538117
DEBUG	[2023-05-06 16:55:50:114] <16056> cancelmsg:DB FAIL
INFO	[2023-05-06 16:55:50:114] <16056> Check Field OK
INFO	[2023-05-06 16:55:50:114] <16056> PI PUB KEY LOAD OK []
INFO	[2023-05-06 16:55:50:114] <16056> PG PUB KEY LOAD OK [30]
INFO	[2023-05-06 16:55:50:115] <16056> MERCHANT PRIV KEY LOAD OK
INFO	[2023-05-06 16:55:50:115] <16056> MERCHANT PUB KEY LOAD OK [0]
DEBUG	[2023-05-06 16:55:50:115] <16056> MAKE ENCRYPT OK[<?xml version="1.0" encoding="UTF-8"?>
<CancelInfo>
	  <CancelTID>StdpayCARDmajorgol0320230506165548538117</CancelTID>
	  <CancelMsg urlencode="1">DB+FAIL</CancelMsg>
	  <CancelReason/></CancelInfo>]
INFO	[2023-05-06 16:55:50:115] <16056> MAKE BODY OK
INFO	[2023-05-06 16:55:50:116] <16056> SIGN OK
INFO	[2023-05-06 16:55:50:116] <16056> MAKE HEAD OK
INFO	[2023-05-06 16:55:50:116] <16056> MSG_TO_PG:[0088500175D SHA1                   0                                      300420majorgol03                    StdpayCARDmajorgol0320230506165548538117<?xml version="1.0" encoding="UTF-8"?>
<INIpay>
	  <CancelInfo>
	    <SessionKey>cP2skEPVi03+H6Qd/NxkGHQqln/Y/h+lVuSWDpdSMkwV/dHPGNAQkskjUYqe5hnX
CO8rvnx0q5zEnIcDc/sA0DqWjZNc1XSSrtMSrUr6Bpi+DoYfOMlFDnCmPJaptLN6
tN3GXHV4NaGnWYrKWHdv3ysa5UuK5zNUfTuMVkRYFDCQT3ohkmwMCA==
</SessionKey>
	    <Encrypted>FTmiCBlAH01qtNaGKIV4mCyy1qUNprCLOe6ncW+WcdPqTdLStAOXGmugO52jXdgh
krQWfCX2bR2nlizRZ5tzjMsMjNjX7djoAAkmOn0oGzRXnsLAwJ42z5WpFfkTF536
inyZLW3h8ig1ygdKzO6cJWqWp2qa+oZCtJfs1CjA2845xefVJFLEW3zSTCRnwDKi
v6KfpBJOzFjV3ZhRH3JN4Efr+y22YJSL7vxaIFMvLQepS5efI+k0jHlJSmakbQN8
npqXF/yeGF4=
</Encrypted></CancelInfo>
	  <ReservedInfo>
	    <MReserved1/>
	    <MReserved2/>
	    <MReserved3/></ReservedInfo>
	  <ManageInfo>
	    <Language/>
	    <URL/>
	    <TXVersion>5036B141209canceLinux     PHPchkfake   2.6.32-754.11.1.el6.x86_64PHP:</TXVersion>
	    <TXUserID/>
	    <TXRegNum/></ManageInfo></INIpay>AAnfnFgy9mQ0J8+MGI5xmSHSjWa2CGCRWF4U8DVT3QPnTMBg/SlbscPKB7W8jEeP
Ji2IjeqqSlV7WVrYKFPF31JGvdxiDatP8jp3+r9mJUvnyDy15p0AtZse0r0If7PK
Hlds+U6A9MTVnhDfmTKQFQjMJOaZ5vHSmaPBSoE/n/Lb
]
INFO	[2023-05-06 16:55:50:116] <16056> DNS LOOKUP OK(203.238.37.3:203.238.37.3:34049) laptime:0
INFO	[2023-05-06 16:55:50:118] <16056> SOCKET CONNECT OK
INFO	[2023-05-06 16:55:50:118] <16056> SEND OK
INFO	[2023-05-06 16:55:50:459] <16056> RECV OK
INFO	[2023-05-06 16:55:50:459] <16056> MSG_FROM_PG:[0093300175D SHA1                   0                                      300430majorgol03                    StdpayCARDmajorgol0320230506165548538117<?xml version="1.0" encoding="UTF-8"?><INIpay>
<CancelInfo>
<ResultCode>120000</ResultCode>
<ResultMsg urlencode="1">%C1%A4%BB%F3%C3%B3%B8%AE%B5%C7%BE%FA%BD%C0%B4%CF%B4%D9.</ResultMsg>
<SessionKey>AHs2ABB4pcrmXu1trncUP9MJCBK5ZFBfj0br/u5oTVpGl9yqhH19iP8pAr6tc4D/
LS+Ppz+8XNkDYRU20EiXfZbMNbtn3iqKBt6bavPRnB/+RY7A5+a44jBtE7WmHtin
cKYoHxup1mnobtU6CU5e25TjvQ1TMh8bMxzvmSuCKEw/4lxDgSr/Vyg=
</SessionKey>
<Encrypted>MHuPzFJdAtPr005jCCEW6n7AGSjMv19uGqsPO3+VKY/o+EnnHk9itlcBxAAT2WZz
/BuM/mTM/gytJ+3/IfOqBdVyJo7fucWwvHmVCR8hbNBJZT5DrtIWlHASMYlC5iq0
Ee/mkBhrx7+XqUpRBVPOvFHfYOYkgJyNWv7bApHGMivnn9xJ8iKip17MdMBxIrxG
wca7knmLyZu9MEE1/RtSCz6vpVrftNgPNuXX5v/hSEbhQH6mbNar0RNzuzHVqxmk
0QsnHMcNvVtlgloHnOjWdIEAjOZ7VWWxmqzpMtzUuzP4H9EddRG5TerdEjbb8u3z
fGiU+pnwCx0jmn4/uE7d0Jk2aDJdwOrc
</Encrypted>
</CancelInfo>
<ManageInfo/>
<ReservedInfo>
<MReserved1 urlencode="1"/>
<MReserved2 urlencode="1"/>
<MReserved3 urlencode="1"/>
</ReservedInfo>
</INIpay>
DqCYvJhPMlX+JwXYyMg+5MLKS5js1fxBbrhJnZ6Gy3CDWHr4sfyBghctrJpHG8bN
jfp6tEnGbV5nfm88uCkAJ4TybK2B1HlKxDDmNTQlFwojaFfE7Wg0b3s1A0brKK9J
Z/bUdKS/1GN+RFDOodNPtT6W1lrbX1CRQpg4AonUZ84=
]
INFO	[2023-05-06 16:55:50:459] <16056> VERIFY OK
INFO	[2023-05-06 16:55:50:459] <16056> PARSE HEAD OK
INFO	[2023-05-06 16:55:50:460] <16056> PARSE BODY OK
INFO	[2023-05-06 16:55:50:460] <16056> DECRYPT OK
DEBUG	[2023-05-06 16:55:50:460] <16056> DECRYPT MSG:[<?xml version="1.0" encoding="UTF-8"?><CancelInfo>
<CancelDate>20230506</CancelDate>
<CancelTime>165550</CancelTime>
<ResultCode>120000</ResultCode>
<ResultMsg urlencode="1">%C1%A4%BB%F3%C3%B3%B8%AE%B5%C7%BE%FA%BD%C0%B4%CF%B4%D9.</ResultMsg>
</CancelInfo>]
INFO	[2023-05-06 16:55:50:460] <16056> DECRYPT PARSE OK
INFO	[2023-05-06 16:55:50:460] <16056> END cancel 정상처리되었습니다. Laptime:[0.346sec]
INFO	[2023-05-06 16:55:50:460] <16056> ===============================================================
INFO	[2023-05-06 23:13:43:94] <28702> START INIPHP cancel (V5036-141209)(OS:Linux2.6.32-754.11.1.el6.x86_64,PHP:5.3.3)
DEBUG	[2023-05-06 23:13:43:94] <28702> inipayhome:/home1/killdeal/public_html/shop/inicis
DEBUG	[2023-05-06 23:13:43:94] <28702> debug:false
DEBUG	[2023-05-06 23:13:43:94] <28702> type:cancel
DEBUG	[2023-05-06 23:13:43:94] <28702> mid:majorgol03
DEBUG	[2023-05-06 23:13:43:94] <28702> admin:1111
DEBUG	[2023-05-06 23:13:43:94] <28702> tid:StdpayVBNKmajorgol0320230506231250594537
DEBUG	[2023-05-06 23:13:43:94] <28702> cancelmsg:주문자 본인 취소-상품옵션 선택 잘못함
INFO	[2023-05-06 23:13:43:94] <28702> Check Field OK
INFO	[2023-05-06 23:13:43:94] <28702> PI PUB KEY LOAD OK []
INFO	[2023-05-06 23:13:43:94] <28702> PG PUB KEY LOAD OK [30]
INFO	[2023-05-06 23:13:43:94] <28702> MERCHANT PRIV KEY LOAD OK
INFO	[2023-05-06 23:13:43:95] <28702> MERCHANT PUB KEY LOAD OK [0]
DEBUG	[2023-05-06 23:13:43:95] <28702> MAKE ENCRYPT OK[<?xml version="1.0" encoding="UTF-8"?>
<CancelInfo>
	  <CancelTID>StdpayVBNKmajorgol0320230506231250594537</CancelTID>
	  <CancelMsg urlencode="1">%C1%D6%B9%AE%C0%DA+%BA%BB%C0%CE+%C3%EB%BC%D2-%BB%F3%C7%B0%BF%C9%BC%C7+%BC%B1%C5%C3+%C0%DF%B8%F8%C7%D4</CancelMsg>
	  <CancelReason/></CancelInfo>]
INFO	[2023-05-06 23:13:43:95] <28702> MAKE BODY OK
INFO	[2023-05-06 23:13:43:96] <28702> SIGN OK
INFO	[2023-05-06 23:13:43:96] <28702> MAKE HEAD OK
INFO	[2023-05-06 23:13:43:96] <28702> MSG_TO_PG:[0101500175D SHA1                   0                                      300420majorgol03                    StdpayVBNKmajorgol0320230506231250594537<?xml version="1.0" encoding="UTF-8"?>
<INIpay>
	  <CancelInfo>
	    <SessionKey>m7Bkld4IoaPHcVk/hVv7fzFtTUysZvOPYcfJOQKQSEV8kgJNXKkKjnoxngA1t9Ui
TZUXH9RxPCrpG2qXdJPpip3SDh7lEhKSSt/DeZ6yhd2MrgPXfCxQzfdLp7rxPCL+
v8DcVSCXvkYbLxkcVb7NXoORFJS2TxYMfqBHVw9bljFBOGoc3r/D9Q==
</SessionKey>
	    <Encrypted>yKDvua2BwAZuLb4fb0q2mnw7FZhhP1RFy0EOCHLiB+f+8wkB8LW38w7Gj5e0UQGB
mVxAf9Uj1pLWl7uHsw7jaI3Yg+5cOYFZ6cvfpHtPHYl16jhzX/HibrubVjTRV21y
LbKNbt349fZfNfzKlXhpDTBgeg+8wx5B65VShz7PstscHP4uOwj/z7is737l7oOZ
exOdTxg/S5wmyw809QQ398pRLp/81xG5xGqe7wlkdkCgGrrIDTFbXOcu/CazTAmT
Id5v7ISEDj+MzvkhbgqP5ckfq1wZLPHQGVExc23RI26PoOGA0YTjak3Kuw+WItxZ
wzBfi5VJaHn4p77oKdhGPohYkgIm05WjhcwyeaQlmm1YpIp0CJc8cHjirrvwytHp
kGLBYCwMgUQ=
</Encrypted></CancelInfo>
	  <ReservedInfo>
	    <MReserved1/>
	    <MReserved2/>
	    <MReserved3/></ReservedInfo>
	  <ManageInfo>
	    <Language/>
	    <URL/>
	    <TXVersion>5036B141209canceLinux     PHPchkfake   2.6.32-754.11.1.el6.x86_64PHP:</TXVersion>
	    <TXUserID/>
	    <TXRegNum/></ManageInfo></INIpay>ABS1IwPymYqRYEJRKiM9mamTMHNISuwXHZxo9BhtO7NLUUlLxN3OokTA97ydSNvH
fXzg6sjUKPPao+lgFFVpDK6XGzNucKFmNKB8BqTGHAUfOk0CGiddvmzEO5b8Hvzl
dszZ4lA9ZcWfv4ZoKWwqweZ5Mh7U5DNruOaTMyeEUfMs
]
INFO	[2023-05-06 23:13:43:96] <28702> DNS LOOKUP OK(203.238.37.3:203.238.37.3:34049) laptime:0
INFO	[2023-05-06 23:13:43:98] <28702> SOCKET CONNECT OK
INFO	[2023-05-06 23:13:43:98] <28702> SEND OK
INFO	[2023-05-06 23:13:43:227] <28702> RECV OK
INFO	[2023-05-06 23:13:43:227] <28702> MSG_FROM_PG:[0123800175D SHA1                   0                                      300430majorgol03                    StdpayVBNKmajorgol0320230506231250594537<?xml version="1.0" encoding="UTF-8"?><INIpay>
<CancelInfo>
<ResultCode>170000</ResultCode>
<ResultMsg urlencode="1">%C1%A4%BB%F3%C3%B3%B8%AE%B5%C7%BE%FA%BD%C0%B4%CF%B4%D9.</ResultMsg>
<SessionKey>AMKO2dRjBNbxXScTYY/DZoKERzQfm0v0Ct/fBSarbjF3wK7e6REwW4djwLWK0ufz
C8AzokC6NW/PwBs91xZemIxdyCux8ERIVn8MGeuzzK2KKSA9ur1U6XQBbv4jwby3
jVB/Q5QAWFa7Dlhj8xuyw2tlRS2ZAf/QPYI8USCrGaqQPgAw/bhhfTM=
</SessionKey>
<Encrypted>xBxiiLhfc+Q96xklEkayro+8W8d0yXYjZYWkma+oxxTa/rrAIDZyjXJMU+OicEFK
nOoRcsydkgQzjJHtVSarpklrZAR1gnPBIudEHX/2TjBG7X7VZL0uve3wKCioM34r
Ex9n4Zn74tH4N9wnl1zWkOBFTcUtYenfBxMwAluwv2HOi83gv0ruGRRXZ0Q6fmo9
mj/gkHhw/veUmT467z7tKt6G0z4gLw/AwAmh4SzRGbgPLUwVfTbJW6gMh8ri3Hgm
xtujRSabarJppHd+fRkia36ZEnSZUhGUJZWKb7pE7YeUDz7i9Oz3FiSpf/ts5tGo
5qGYsZEzUWPYcKOT+UIHr6ArFNdho+xaSYEsg9kURUGAvuJkwBsOW6rRsTkBOIzw
UaepgHDuuXWOQI/5rpWp6WbM1lvlL/ePzpao+VurEJqfj1GgT3RMEGYSFqdqNUUG
OUZk2GtCxITW/V3KTYbGGNtDEiPQiIspHT6Es9SlUMqaBvTp7BmE6D6vemqGRgdv
3u/eQY2uBbPhUnuiCWYyfNsYsJ9gTTBDb3vG9kyjLjFFfopOdOE091T93KIZ0jJC
IsIV2qTJKuM206vPi0qt5ASc1LHG9zrx6R7mTLhxMl/TEJB2za4es2HOoAC9sAUx
bpIsRzBCdFo=
</Encrypted>
</CancelInfo>
<ManageInfo/>
<ReservedInfo>
<MReserved1 urlencode="1"/>
<MReserved2 urlencode="1"/>
<MReserved3 urlencode="1"/>
</ReservedInfo>
</INIpay>
ChU3TtB8WdBcOJJ2K739G3gAxfvbCeie1kYeBy3ka370n475egddQ7XKq0OuGP67
RIcT7l37dpcx0KORZDrdTr6j1VQ7zv182JXJT3kmaH+uOhTKs5SshO8TwvIHyWqd
eRrOcSb/X/72a86GnMikfHQNPVpQ/4FLENWYY10hvUg=
]
INFO	[2023-05-06 23:13:43:227] <28702> VERIFY OK
INFO	[2023-05-06 23:13:43:227] <28702> PARSE HEAD OK
INFO	[2023-05-06 23:13:43:227] <28702> PARSE BODY OK
INFO	[2023-05-06 23:13:43:228] <28702> DECRYPT OK
DEBUG	[2023-05-06 23:13:43:228] <28702> DECRYPT MSG:[<?xml version="1.0" encoding="UTF-8"?><CancelInfo>
<CancelDate>20230506</CancelDate>
<CancelTime>231342</CancelTime>
<ResultCode>170000</ResultCode>
<ResultMsg urlencode="1">%C1%A4%BB%F3%C3%B3%B8%AE%B5%C7%BE%FA%BD%C0%B4%CF%B4%D9.</ResultMsg>
<CSHR_CancelDate>20230506</CSHR_CancelDate>
<CSHR_CancelTime>231342</CSHR_CancelTime>
<CSHR_ResultCode>220000</CSHR_ResultCode>
<CSHR_ResultMsg urlencode="1">%C1%A4%BB%F3%C3%B3%B8%AE%B5%C7%BE%FA%BD%C0%B4%CF%B4%D9.</CSHR_ResultMsg>
</CancelInfo>]
INFO	[2023-05-06 23:13:43:228] <28702> DECRYPT PARSE OK
INFO	[2023-05-06 23:13:43:228] <28702> END cancel 정상처리되었습니다. Laptime:[0.134sec]
INFO	[2023-05-06 23:13:43:228] <28702> ===============================================================
