INFO	[2020-11-18 13:00:22:557] <26445> START INIPHP cancel (V5036-141209)(OS:Linux2.6.32-754.11.1.el6.x86_64,PHP:5.3.3)
DEBUG	[2020-11-18 13:00:22:557] <26445> inipayhome:/home1/killdeal/public_html/shop/inicis
DEBUG	[2020-11-18 13:00:22:557] <26445> debug:false
DEBUG	[2020-11-18 13:00:22:557] <26445> type:cancel
DEBUG	[2020-11-18 13:00:22:557] <26445> mid:majorgol03
DEBUG	[2020-11-18 13:00:22:557] <26445> admin:1111
DEBUG	[2020-11-18 13:00:22:557] <26445> tid:StdpayVBNKmajorgol0320201117233339579897
DEBUG	[2020-11-18 13:00:22:557] <26445> cancelmsg:주문자 본인 취소-상품옵션 선택 잘못함
INFO	[2020-11-18 13:00:22:557] <26445> Check Field OK
INFO	[2020-11-18 13:00:22:557] <26445> PI PUB KEY LOAD OK []
INFO	[2020-11-18 13:00:22:558] <26445> PG PUB KEY LOAD OK [30]
INFO	[2020-11-18 13:00:22:558] <26445> MERCHANT PRIV KEY LOAD OK
INFO	[2020-11-18 13:00:22:558] <26445> MERCHANT PUB KEY LOAD OK [0]
DEBUG	[2020-11-18 13:00:22:559] <26445> MAKE ENCRYPT OK[<?xml version="1.0" encoding="UTF-8"?>
<CancelInfo>
	  <CancelTID>StdpayVBNKmajorgol0320201117233339579897</CancelTID>
	  <CancelMsg urlencode="1">%C1%D6%B9%AE%C0%DA+%BA%BB%C0%CE+%C3%EB%BC%D2-%BB%F3%C7%B0%BF%C9%BC%C7+%BC%B1%C5%C3+%C0%DF%B8%F8%C7%D4</CancelMsg>
	  <CancelReason/></CancelInfo>]
INFO	[2020-11-18 13:00:22:559] <26445> MAKE BODY OK
INFO	[2020-11-18 13:00:22:559] <26445> SIGN OK
INFO	[2020-11-18 13:00:22:559] <26445> MAKE HEAD OK
INFO	[2020-11-18 13:00:22:559] <26445> MSG_TO_PG:[0101500175D SHA1                   0                                      300420majorgol03                    StdpayVBNKmajorgol0320201117233339579897<?xml version="1.0" encoding="UTF-8"?>
<INIpay>
	  <CancelInfo>
	    <SessionKey>zkvq2JOv+2B7RZp8GK+v2a5WEU+Gyyn8aJAb4PkMqXTs03kxcDYiQ+pHZmcba/oh
fPl2gvHVlxtoyrce7vEPzPH9JsTiyi0SvJe5JJA965nYk57f3bDbKl2VK4KIDqyx
0q6QLzKPVQpsR5CDvRNITq4ZXi4H6bumsGfHmvAxrnyJyffF0RmcvQ==
</SessionKey>
	    <Encrypted>T4Vzs7aRnDsp2NT5BXTDLNEhpa0MHR+OspPsPnRJNwqQEueyUsY/g268GjtpQidi
7aa2Yrni1ecO5wJUPwp0sVuGV9nwUk5uR9x86nu6VrOKJGtSkYLouTzb5XjL+igQ
L9o9yQ56Hi2qtXh7Jn8mEbg6RaLb8EL9trgulxnP2HA4Kqf4BpUIqSt+1SaBKSNq
/go63Mz89USGRlquj/KgFeM1MGbpiZygn+SYwXTO69siMZHYYKYBLLRjJK+VuGWL
Cc+hr6ySKIFWBMfDeVCE9PgJeWzPgWzk+y5CYGpE8UHEAZf5mLU+xBgJoglJOUNS
ojHJxqInTrKgLsUCrs+NHMJZ5WXQlskiCwSYCVsTUVcUUHc2+Eux/KjVjXSfsNaa
7CGw6dqqoPA=
</Encrypted></CancelInfo>
	  <ReservedInfo>
	    <MReserved1/>
	    <MReserved2/>
	    <MReserved3/></ReservedInfo>
	  <ManageInfo>
	    <Language/>
	    <URL/>
	    <TXVersion>5036B141209canceLinux     PHPchkfake   2.6.32-754.11.1.el6.x86_64PHP:</TXVersion>
	    <TXUserID/>
	    <TXRegNum/></ManageInfo></INIpay>ANsjdD4KB0JUlGtBotMU1M2a/UKje9BDZ3QiF3W49gcjBWXSq4gQgOVEnMI2dLP6
p6gy2DklcqdNa+6xsv3z7kV2NE9w9sli1mAf0iB1G1EhCY2HoY+UOl4U4UNEfTG7
KilYS1VxCsnJ6zV11R6Dgrj2hbu06kWBM3Tq8kXl1OwA
]
INFO	[2020-11-18 13:00:22:559] <26445> DNS LOOKUP OK(203.238.37.3:203.238.37.3:34049) laptime:0
INFO	[2020-11-18 13:00:22:562] <26445> SOCKET CONNECT OK
INFO	[2020-11-18 13:00:22:562] <26445> SEND OK
INFO	[2020-11-18 13:00:22:740] <26445> RECV OK
INFO	[2020-11-18 13:00:22:740] <26445> MSG_FROM_PG:[0159300175D SHA1                   0                                      300430majorgol03                    StdpayVBNKmajorgol0320201117233339579897<?xml version="1.0" encoding="UTF-8"?>
<INIpay>
  <CancelInfo>
    <ResultCode>170000</ResultCode>
    <ResultMsg urlencode="1">%C1%A4%BB%F3%C3%B3%B8%AE%B5%C7%BE%FA%BD%C0%B4%CF%B4%D9.</ResultMsg>
    <SessionKey>AEkgg+d1SdDSFX019IVeC1yz6kTFeaD2yV6SRQE6YfkSZT1rkDGDa9bc08qDQVaQ
fio9CPcG7jUYU46EssWfPY7ymS/ebs8zs6ZpAw3Nhc7PZCF4YJbdpO2D/fOQ6OVg
P9ldClzxz/KQr1FFBhQ++XqNMA77edxLlkLDsLaIgfsNouh7J1Gv6is=
</SessionKey>
    <Encrypted>DG4VwhlFIrxslzhSYyIlTadG90PCyV536AvZd3HO3dgWM32pZGeYznYbzdAKpSYQ
1zIL9MvYsIQV0unmmgUZoR8ZOaQ+h2Gl+Lh5TKJ1PeW0PunBROmeWbr25nt6rFzE
F9ay838Ci+19OqcMviv9cbfDapAZIZZC2USUz1Etrj6G/l7LjlslPiNiyd1npnTC
iP5qdKVCFgErkAC5fANIJbnMT8yietpsBRcq6UTRiMCJM2U+XRIx6UQscaUr9fss
ulq2LRmF1J57XhVV+zXJzRAElW/p0aup8LgtoawvAAW4yhf7Wp90tMFv4wj5TxiP
KBSczhydZfPPTVen+d9Zo5So8ZCXxx2y4sDXrzBVII2iqiBuQ5WY0GfbJMMKphZT
FUsq/7wuLxJsEjXCOLoAJE/SWzsjIrStioG0APixkFB3gp2Q4Gx4CcY+E+P1cRvE
tkrteYU+7FbHrs8DNZHBaWAZxJApGY5+mY+cs867hYQ8GJ5fyYLpxxq8ldTMszOr
I1iZcLi2yFam6AnDnuHoRl7y6OSPcKuEP7ibJjAnM554up+Dk94bPfR6PUhfsgaM
Yfy9yey/QrEAWKN0OO+D3HjmmqGqlElGhaAjvSUDb66SNhiNEnOW+2Fs0ds+vU30
pMKSYhiVWEfKTp8QKIXTqVUy3EJsZWkqNhXcRDwgdTo31NayWKDnCOrgPT7+5fv1
y1OXAq+c80GraZy7ko0b8X4aTsmopURhD5pGXvlNlbkOyKi34HwITxDdth2t9NBV
qARRWa6ljHWEA597urG8EQ==
</Encrypted>
  </CancelInfo>
  <ManageInfo/>
  <ReservedInfo>
    <MReserved1 urlencode="1"></MReserved1>
    <MReserved2 urlencode="1"></MReserved2>
    <MReserved3 urlencode="1"></MReserved3>
    <PGReserved1 urlencode="1"></PGReserved1>
    <PGReserved2 urlencode="1"></PGReserved2>
    <PGReserved3 urlencode="1"></PGReserved3>
  </ReservedInfo>
</INIpay>
WfwWGvf+NDzdMdq0vzPGv2iaCWjTfgvck5arTBNuPPU/fhNnRw8ICKCRxj6lcCzR
y5vy6WbREu5gUjapSItknKvvl9tGjHre6YYtl8yP8pVFpPXKih/dznSUCEkN/rzG
2Meh7L6hi5wyldXJVTQGd7uX30a8JhV+g/E2WiXoGKw=
]
INFO	[2020-11-18 13:00:22:740] <26445> VERIFY OK
INFO	[2020-11-18 13:00:22:740] <26445> PARSE HEAD OK
INFO	[2020-11-18 13:00:22:740] <26445> PARSE BODY OK
INFO	[2020-11-18 13:00:22:741] <26445> DECRYPT OK
DEBUG	[2020-11-18 13:00:22:741] <26445> DECRYPT MSG:[<?xml version="1.0" encoding="UTF-8"?>
<CancelInfo>
  <CancelDate>20201118</CancelDate>
  <CancelTime>130022</CancelTime>
  <ResultCode>170000</ResultCode>
  <ResultMsg urlencode="1">%C1%A4%BB%F3%C3%B3%B8%AE%B5%C7%BE%FA%BD%C0%B4%CF%B4%D9.</ResultMsg>
  <CSHR_CancelNum></CSHR_CancelNum>
  <CSHR_CancelDate>20201118</CSHR_CancelDate>
  <CSHR_CancelTime>130022</CSHR_CancelTime>
  <CSHR_ResultCode>220000</CSHR_ResultCode>
  <CSHR_ResultMsg urlencode="1">%C1%A4%BB%F3%C3%B3%B8%AE%B5%C7%BE%FA%BD%C0%B4%CF%B4%D9.</CSHR_ResultMsg>
  <VACT_FlgRemit urlencode="1"></VACT_FlgRemit>
</CancelInfo>]
INFO	[2020-11-18 13:00:22:741] <26445> DECRYPT PARSE OK
INFO	[2020-11-18 13:00:22:741] <26445> END cancel 정상처리되었습니다. Laptime:[0.184sec]
INFO	[2020-11-18 13:00:22:741] <26445> ===============================================================
