INFO	[2022-01-10 08:48:16:512] <15517> START INIPHP cancel (V5036-141209)(OS:Linux2.6.32-754.11.1.el6.x86_64,PHP:5.3.3)
DEBUG	[2022-01-10 08:48:16:512] <15517> inipayhome:/home1/killdeal/public_html/shop/inicis
DEBUG	[2022-01-10 08:48:16:512] <15517> debug:false
DEBUG	[2022-01-10 08:48:16:512] <15517> type:cancel
DEBUG	[2022-01-10 08:48:16:512] <15517> mid:majorgol03
DEBUG	[2022-01-10 08:48:16:512] <15517> admin:1111
DEBUG	[2022-01-10 08:48:16:512] <15517> tid:INIMX_ISP_majorgol0320220109235631275326
DEBUG	[2022-01-10 08:48:16:512] <15517> cancelmsg:주문자 본인 취소-구매의사 없음
INFO	[2022-01-10 08:48:16:512] <15517> Check Field OK
INFO	[2022-01-10 08:48:16:512] <15517> PI PUB KEY LOAD OK []
INFO	[2022-01-10 08:48:16:513] <15517> PG PUB KEY LOAD OK [30]
INFO	[2022-01-10 08:48:16:513] <15517> MERCHANT PRIV KEY LOAD OK
INFO	[2022-01-10 08:48:16:513] <15517> MERCHANT PUB KEY LOAD OK [0]
DEBUG	[2022-01-10 08:48:16:514] <15517> MAKE ENCRYPT OK[<?xml version="1.0" encoding="UTF-8"?>
<CancelInfo>
	  <CancelTID>INIMX_ISP_majorgol0320220109235631275326</CancelTID>
	  <CancelMsg urlencode="1">%C1%D6%B9%AE%C0%DA+%BA%BB%C0%CE+%C3%EB%BC%D2-%B1%B8%B8%C5%C0%C7%BB%E7+%BE%F8%C0%BD</CancelMsg>
	  <CancelReason/></CancelInfo>]
INFO	[2022-01-10 08:48:16:514] <15517> MAKE BODY OK
INFO	[2022-01-10 08:48:16:514] <15517> SIGN OK
INFO	[2022-01-10 08:48:16:514] <15517> MAKE HEAD OK
INFO	[2022-01-10 08:48:16:514] <15517> MSG_TO_PG:[0099400175D SHA1                   0                                      300420majorgol03                    INIMX_ISP_majorgol0320220109235631275326<?xml version="1.0" encoding="UTF-8"?>
<INIpay>
	  <CancelInfo>
	    <SessionKey>1rYeb80aMPvTCgOFnatjrh4LspwnnYVtyuRZHXfhIrN+R7DhVi+YReKRp/QvX7N/
PtHiq1p/D1/uDIcIHxDbNthU9Al6PCuHRDOTAj0OHSIraLvR4tPDAMx6pIqMB4Gw
ja71yozncNcRbXWKZ3T1+1XoUb/9/NQCIUzGD6q3jN2GG9WdkCK2Jg==
</SessionKey>
	    <Encrypted>WtTAjJyGwzKNQpiBlWh4uIMm4kns6xRmBFyGgF5fKb11TPzF45HV/z7tmwPcuJhC
z8gxjg5Y5eTJGu8qCxSFhwmMUDVIFgEJd63Dbomf7y+PuEgyCRj+R4RwP0V26oe8
pXz0sR9/AFdHhpv+hjbbkg0zA94BMyZ+jaUVTSTpKoMYTtsI7bxzEjpx7OrmXyuG
SKIe72PunYEaQcXzwxHd96FaThNV8HAE7LgkyUNx0QiathiXqrt1a/eLqGCXag/B
vkyBt3zL5RHHtB3SZpHPSs8oxByOI72oJf9TmKAz4oJAScMyvLh5Lfie7Yrqmo58
KZq9zX36BMXFQSwE4xH/dC7NDz923YjJhqwi6JVvEXNnWsubG+fr0A==
</Encrypted></CancelInfo>
	  <ReservedInfo>
	    <MReserved1/>
	    <MReserved2/>
	    <MReserved3/></ReservedInfo>
	  <ManageInfo>
	    <Language/>
	    <URL/>
	    <TXVersion>5036B141209canceLinux     PHPchkfake   2.6.32-754.11.1.el6.x86_64PHP:</TXVersion>
	    <TXUserID/>
	    <TXRegNum/></ManageInfo></INIpay>ASISUe4bf5phPTs5HgImuHs/A0fRLsz1jRRWnbfQ79gR3Nlnf3w+sk1ufdsL7Pfr
eoFwNHlq9JKEQR6JtBIvaDgJT99+UgjbvOg7s5Jo8v9BWO3F2eIdKW7JBbPJPu5z
JoTlLnysytQqlbO0vmB7jPsuKHM1bW9Krd/IpVqJqbpz
]
INFO	[2022-01-10 08:48:16:514] <15517> DNS LOOKUP OK(203.238.37.3:203.238.37.3:34049) laptime:0
INFO	[2022-01-10 08:48:16:517] <15517> SOCKET CONNECT OK
INFO	[2022-01-10 08:48:16:517] <15517> SEND OK
INFO	[2022-01-10 08:48:16:670] <15517> RECV OK
INFO	[2022-01-10 08:48:16:670] <15517> MSG_FROM_PG:[0086100175D SHA1                   0                                      300430majorgol03                    INIMX_ISP_majorgol0320220109235631275326<?xml version="1.0" encoding="UTF-8"?><INIpay>
<CancelInfo>
<ResultCode>170000</ResultCode>
<ResultMsg urlencode="1">%C1%A4%BB%F3%BF%CF%B7%E1</ResultMsg>
<SessionKey>AR0CUzsaC9RgI/rAGlG5S0wv0X7Dac5NXKVhqjaCihVGPSFPxgfwBzFPEyS5QFmS
M6hErW0AfeRdrQTKmUHGbNUO06gEzT+CEeJecMQ0LXRgWMVMvJr/Xs8ytkfCwL2t
c68S1wsP8AX783TJRXeQkCZGAtqkMGaQErfAgNCPp4446MTL8B2TjfQ=
</SessionKey>
<Encrypted>ff2GK6GWhialmhOsHNKYiqxE3HIDCqmraXNABbguP+8zS+/VzDd4XqeUSLyIY9/r
8m33p7ceB7rntMww/ExqqO09pLIWs4yaRo3O9o8CoRne04nMUDD5XhpwuwLSh+uD
YH8hKKwUBvljFEEb7dSRAho5LN+RyexuON6QJ4gaZmvfPnygBbnpfsDiYOUGOs7u
D7xoVZ5TIAyXUEuMoxnGb9xkhr9m/lQ5UXzXU9s0O0bv7xlQZbOXcjAWrGeqsrLY
iN5X27PN4CYpBHiLbR3/CAAV83s3U6KhJ0dM9F5dHBTmkJKCyMzOtQ==
</Encrypted>
</CancelInfo>
<ManageInfo/>
<ReservedInfo>
<MReserved1 urlencode="1"/>
<MReserved2 urlencode="1"/>
<MReserved3 urlencode="1"/>
</ReservedInfo>
</INIpay>
uLUMyL63WUJ+vkSOC7cCKlaaRcVWESl/xrKCzmIt/lg2CavnzclyGn2F7BhgsVSg
YNq0F7rj+t9h7yRdhhPzfR367unDL2lPwigUPAAx32HUNve9zMN8T6QD0RuPKmVI
RmkjImdRCd2KXnOEAOGSob1FBxr7Vyh8W77zp1UVLII=
]
INFO	[2022-01-10 08:48:16:670] <15517> VERIFY OK
INFO	[2022-01-10 08:48:16:670] <15517> PARSE HEAD OK
INFO	[2022-01-10 08:48:16:670] <15517> PARSE BODY OK
INFO	[2022-01-10 08:48:16:671] <15517> DECRYPT OK
DEBUG	[2022-01-10 08:48:16:671] <15517> DECRYPT MSG:[<?xml version="1.0" encoding="UTF-8"?><CancelInfo>
<CancelDate>20220110</CancelDate>
<CancelTime>084816</CancelTime>
<ResultCode>170000</ResultCode>
<ResultMsg urlencode="1">%C1%A4%BB%F3%BF%CF%B7%E1</ResultMsg>
</CancelInfo>]
INFO	[2022-01-10 08:48:16:671] <15517> DECRYPT PARSE OK
INFO	[2022-01-10 08:48:16:671] <15517> END cancel 정상완료 Laptime:[0.159sec]
INFO	[2022-01-10 08:48:16:671] <15517> ===============================================================
INFO	[2022-01-10 08:48:42:447] <15498> START INIPHP cancel (V5036-141209)(OS:Linux2.6.32-754.11.1.el6.x86_64,PHP:5.3.3)
DEBUG	[2022-01-10 08:48:42:447] <15498> inipayhome:/home1/killdeal/public_html/shop/inicis
DEBUG	[2022-01-10 08:48:42:447] <15498> debug:false
DEBUG	[2022-01-10 08:48:42:447] <15498> type:cancel
DEBUG	[2022-01-10 08:48:42:447] <15498> mid:majorgol03
DEBUG	[2022-01-10 08:48:42:447] <15498> admin:1111
DEBUG	[2022-01-10 08:48:42:447] <15498> tid:INIMX_ISP_majorgol0320220110001355135414
DEBUG	[2022-01-10 08:48:42:447] <15498> cancelmsg:주문자 본인 취소-구매의사 없음
INFO	[2022-01-10 08:48:42:448] <15498> Check Field OK
INFO	[2022-01-10 08:48:42:448] <15498> PI PUB KEY LOAD OK []
INFO	[2022-01-10 08:48:42:448] <15498> PG PUB KEY LOAD OK [30]
INFO	[2022-01-10 08:48:42:448] <15498> MERCHANT PRIV KEY LOAD OK
INFO	[2022-01-10 08:48:42:448] <15498> MERCHANT PUB KEY LOAD OK [0]
DEBUG	[2022-01-10 08:48:42:448] <15498> MAKE ENCRYPT OK[<?xml version="1.0" encoding="UTF-8"?>
<CancelInfo>
	  <CancelTID>INIMX_ISP_majorgol0320220110001355135414</CancelTID>
	  <CancelMsg urlencode="1">%C1%D6%B9%AE%C0%DA+%BA%BB%C0%CE+%C3%EB%BC%D2-%B1%B8%B8%C5%C0%C7%BB%E7+%BE%F8%C0%BD</CancelMsg>
	  <CancelReason/></CancelInfo>]
INFO	[2022-01-10 08:48:42:449] <15498> MAKE BODY OK
INFO	[2022-01-10 08:48:42:449] <15498> SIGN OK
INFO	[2022-01-10 08:48:42:449] <15498> MAKE HEAD OK
INFO	[2022-01-10 08:48:42:449] <15498> MSG_TO_PG:[0099400175D SHA1                   0                                      300420majorgol03                    INIMX_ISP_majorgol0320220110001355135414<?xml version="1.0" encoding="UTF-8"?>
<INIpay>
	  <CancelInfo>
	    <SessionKey>z5oyncdBahFeCRwEVUtjNDV5uEpLJvL/7yEOrgTh3BszgPTcWPMkFYMEeicxNf3c
tZAbpW0vV+DgdcLhaCUkfJ5LpFrHKA25AM279DENmzbMUxf63ge6ArUgyopy8FS/
GjGcwzEWT4U8Eb3+QTu+gXhPTnZi7z1S+QH1pnaljWvR13IWukXv2A==
</SessionKey>
	    <Encrypted>sJNavLgrFOboHRcKvEt4i2aZj39HRH3xMx4+p4Xz7OZqgKmeXliZC0/WL7cI+VX0
ViE/aQU/c3YB2ebl7TmTwNGzvKWHU89MAhcHUalvo7HY2N91N9WTwLx4EEoOCj1Y
vK8eMwOtHQqpgDtigMYBDg1fxq6jFLXL5OAsVxDRZm79lNjAz+7/lmnME/6ycTcG
cqwGE2y7cmRQbTq9BuCUIs/ucebwyWpS50QDX1i1I1xWmlhc0+buuhbWe6Llh9io
5FnRjrj65SKpP0aG6n2sCCHCcbRwLZD5bn9/HNdKqQXluy8umImU8E5X1QAo/1k4
Zj6HbcJcfNvq92X2xeyokiMjdbDuN07CwQi82FiuBBMAghosrXY2dQ==
</Encrypted></CancelInfo>
	  <ReservedInfo>
	    <MReserved1/>
	    <MReserved2/>
	    <MReserved3/></ReservedInfo>
	  <ManageInfo>
	    <Language/>
	    <URL/>
	    <TXVersion>5036B141209canceLinux     PHPchkfake   2.6.32-754.11.1.el6.x86_64PHP:</TXVersion>
	    <TXUserID/>
	    <TXRegNum/></ManageInfo></INIpay>AI62x7D7tOav2i/V1q2n4PrF3KVhZb+Kok92xHGdHYGP3PfjyFGBgPcQR7EzY0RF
zayxZbEzbj+N3uWPcne86PTw6g1MzIDen7fOj20Y9K+TmRJRlHq7+j7/HSp6c0uv
rrw1V95SMsyT5AqEy5J4Jbp6wUNA8Ga9k+2fiXJD1Vpu
]
INFO	[2022-01-10 08:48:42:449] <15498> DNS LOOKUP OK(203.238.37.3:203.238.37.3:34049) laptime:0
INFO	[2022-01-10 08:48:42:452] <15498> SOCKET CONNECT OK
INFO	[2022-01-10 08:48:42:452] <15498> SEND OK
INFO	[2022-01-10 08:48:42:700] <15498> RECV OK
INFO	[2022-01-10 08:48:42:700] <15498> MSG_FROM_PG:[0086100175D SHA1                   0                                      300430majorgol03                    INIMX_ISP_majorgol0320220110001355135414<?xml version="1.0" encoding="UTF-8"?><INIpay>
<CancelInfo>
<ResultCode>170000</ResultCode>
<ResultMsg urlencode="1">%C1%A4%BB%F3%BF%CF%B7%E1</ResultMsg>
<SessionKey>AJpqsZ8KyoPOxxs038dJiuJ0mR5RMxztm8BVADsfQw6VIQxmnBxgUpccRDDGDLIw
d6tuNreejzblnM1szx4NShCnq92C8HhpgdmkJZV6fRtjY/fUFf1cS/NLHMdB/7Jb
F4t+1tgjmkXugnZ8wqwYnYtlkVEY21GI2L4oIqhQnye3zFi4pztMGzE=
</SessionKey>
<Encrypted>CBwH8o7xb7C/8YOBOqL9mZ5poSgvgMJafX4FJJAkToazsJ8g/sWRB5t484Q4wL/0
PTnRs52eYepdrtyUodPdLOJCw5l6vpaxbwwx9lciWIbfX5SXDzHbKsJuqJguQ0bS
YVKZsrl0voKtBF8VYWcE+5Ph3KQTuK4oj0+l4BUciZmBN4H1MGBCyaQFB3ku0/8A
C20NPOd9K23eMjwmzFPUJTgyRSSfHmrXwF7CKQbQsJWU1MLRU6YOuA/wUET5j5Sy
DM5ZHiqiI0Cjr4Ul3wFTIqhQOYxV6dEaog3v/sKz30RJhw/VksCNXw==
</Encrypted>
</CancelInfo>
<ManageInfo/>
<ReservedInfo>
<MReserved1 urlencode="1"/>
<MReserved2 urlencode="1"/>
<MReserved3 urlencode="1"/>
</ReservedInfo>
</INIpay>
aEkoMuTeZW1NurYeYOsXicJSfGYz7gpLyzDcOV+E1HWrsdfvqbA7Jbfj7J0JdwXa
uCISBR96CQNVhwAM/y3+NSBD36IFGkiw/dq2kz8mdIUbjAsEO0pIv7dnOg0cBXR5
0O62m2kz+Tp5Z2ft5CdyS4hIilp8YmYONfk93T3V9ZM=
]
INFO	[2022-01-10 08:48:42:700] <15498> VERIFY OK
INFO	[2022-01-10 08:48:42:700] <15498> PARSE HEAD OK
INFO	[2022-01-10 08:48:42:700] <15498> PARSE BODY OK
INFO	[2022-01-10 08:48:42:701] <15498> DECRYPT OK
DEBUG	[2022-01-10 08:48:42:701] <15498> DECRYPT MSG:[<?xml version="1.0" encoding="UTF-8"?><CancelInfo>
<CancelDate>20220110</CancelDate>
<CancelTime>084842</CancelTime>
<ResultCode>170000</ResultCode>
<ResultMsg urlencode="1">%C1%A4%BB%F3%BF%CF%B7%E1</ResultMsg>
</CancelInfo>]
INFO	[2022-01-10 08:48:42:701] <15498> DECRYPT PARSE OK
INFO	[2022-01-10 08:48:42:701] <15498> END cancel 정상완료 Laptime:[0.254sec]
INFO	[2022-01-10 08:48:42:701] <15498> ===============================================================
