INFO	[2020-06-06 07:54:24:259] <19120> START INIPHP cancel (V5036-141209)(OS:Linux2.6.32-754.11.1.el6.x86_64,PHP:5.3.3)
DEBUG	[2020-06-06 07:54:24:259] <19120> inipayhome:/home/killdeal/public_html/shop/inicis
DEBUG	[2020-06-06 07:54:24:259] <19120> debug:false
DEBUG	[2020-06-06 07:54:24:259] <19120> type:cancel
DEBUG	[2020-06-06 07:54:24:259] <19120> mid:majorgol03
DEBUG	[2020-06-06 07:54:24:259] <19120> admin:1111
DEBUG	[2020-06-06 07:54:24:259] <19120> tid:INIMX_VBNKmajorgol0320200606075118424229
DEBUG	[2020-06-06 07:54:24:259] <19120> cancelmsg:주문자 본인 취소-상품옵션 선택 잘못함
INFO	[2020-06-06 07:54:24:259] <19120> Check Field OK
INFO	[2020-06-06 07:54:24:260] <19120> PI PUB KEY LOAD OK []
INFO	[2020-06-06 07:54:24:264] <19120> PG PUB KEY LOAD OK [30]
INFO	[2020-06-06 07:54:24:266] <19120> MERCHANT PRIV KEY LOAD OK
INFO	[2020-06-06 07:54:24:267] <19120> MERCHANT PUB KEY LOAD OK [0]
DEBUG	[2020-06-06 07:54:24:281] <19120> MAKE ENCRYPT OK[<?xml version="1.0" encoding="UTF-8"?>
<CancelInfo>
	  <CancelTID>INIMX_VBNKmajorgol0320200606075118424229</CancelTID>
	  <CancelMsg urlencode="1">%C1%D6%B9%AE%C0%DA+%BA%BB%C0%CE+%C3%EB%BC%D2-%BB%F3%C7%B0%BF%C9%BC%C7+%BC%B1%C5%C3+%C0%DF%B8%F8%C7%D4</CancelMsg>
	  <CancelReason/></CancelInfo>]
INFO	[2020-06-06 07:54:24:281] <19120> MAKE BODY OK
INFO	[2020-06-06 07:54:24:282] <19120> SIGN OK
INFO	[2020-06-06 07:54:24:282] <19120> MAKE HEAD OK
INFO	[2020-06-06 07:54:24:282] <19120> MSG_TO_PG:[0101500175D SHA1                   0                                      300420majorgol03                    INIMX_VBNKmajorgol0320200606075118424229<?xml version="1.0" encoding="UTF-8"?>
<INIpay>
	  <CancelInfo>
	    <SessionKey>FnTq1+7CgNC0vfbh38ShXg33qaR88mrNc0Q3JpoZAbeNE2dD51B16gQoHDYRQB/0
qhvtYIV4d/Wp8S4Yc7wI/fVA6k5meY4xNAihOHFDofaqvWDWcRx6DiIjWo9O0tJV
zheB6P5/UBBHY2TVILNAPByrxQDatpimdwOhc+pBUko81jd/6HiR1A==
</SessionKey>
	    <Encrypted>zY4pBi/TuBZqQJ5Iy5Ri8cB4nF6NPTHa9dBIIkpHOD2adX/zZqRG/Ple0+1dkOLc
KxRcirkMbZK4rHc50XdIyk+d5cR1mVJecZfVbpceZRibZNm3sKkhJgYnrf5lcgXG
X6pZF//EaSGxayNd1ninsd62lrd6isq+9FPKrHgN39sFfB40cjgGrbUWUZLyzHD0
RFl5I+VYlzSjmzyh3lDU1f2z11KJfeFeozobMMglEYeTStb2Mk+DPH4xckN/fYq1
NUfWp/KGAs+TAJsR3nr4IrzFTec6TBAzt1CQtgbdt0VK8pkceC8ruqwNkaiinptM
e9PA54sBYWIEERIPr+l4nAnyKdPNgNObnpZLRdP7/D+Tz7Dajd6SYyAfgkXVFSbu
MMk6pfFJulY=
</Encrypted></CancelInfo>
	  <ReservedInfo>
	    <MReserved1/>
	    <MReserved2/>
	    <MReserved3/></ReservedInfo>
	  <ManageInfo>
	    <Language/>
	    <URL/>
	    <TXVersion>5036B141209canceLinux     PHPchkfake   2.6.32-754.11.1.el6.x86_64PHP:</TXVersion>
	    <TXUserID/>
	    <TXRegNum/></ManageInfo></INIpay>APcJQiuH72LCkE6AiIhoQvqy8cYOIN9dvkrd/3bMf0nrofkTi6F7C94AYofAbPLI
qmbDIKhbZIcUTb3YjkHp2wUMQlzAew7Y5Be4PJ1MAcgUnTkFl+0R2u2EVPRMiIGw
IzO7Gp3WdqvRJopvx+2bi6lPhk1KLH5y8fb/AgR6IVY/
]
INFO	[2020-06-06 07:54:24:282] <19120> DNS LOOKUP OK(203.238.37.3:203.238.37.3:34049) laptime:0
INFO	[2020-06-06 07:54:24:285] <19120> SOCKET CONNECT OK
INFO	[2020-06-06 07:54:24:285] <19120> SEND OK
INFO	[2020-06-06 07:54:24:431] <19120> RECV OK
INFO	[2020-06-06 07:54:24:431] <19120> MSG_FROM_PG:[0159300175D SHA1                   0                                      300430majorgol03                    INIMX_VBNKmajorgol0320200606075118424229<?xml version="1.0" encoding="UTF-8"?>
<INIpay>
  <CancelInfo>
    <ResultCode>170000</ResultCode>
    <ResultMsg urlencode="1">%C1%A4%BB%F3%C3%B3%B8%AE%B5%C7%BE%FA%BD%C0%B4%CF%B4%D9.</ResultMsg>
    <SessionKey>AEa/tzKVgV5q3goppUumKojvJcdkEU87N03Ek1h53CJf05D73zjALM+mgDhBV6hY
gdKx0XzcdyBkbxTt3AcqXTR9L9Ic5l5SovgMzjZGK2dFJ8CQpE/U+R7BSpDdw4Sp
lgG6OfrPXi9SwW0+KnDqzS3dMFd6iinLtgnAD5hgD7jxum0Rfcny/ys=
</SessionKey>
    <Encrypted>f4mpWTweDGnAWeDPvdeNs8LeftF24Fpw/dhgVQBCsBzhQf/VtjPfAbLt2TebM0dR
pIs3XhZDUHQwWrdzWjjTLMvzl9jJbjnUfJX9ULl4V89FSPGdAlEGISlY6RVr/t5l
J17S2tm+kZ6dnUHJejS5+awTIFJLR4Qf/ZYXjuBdUNyWKJO05JT+Mrl7Htphbl5O
90jOBIYIsCXlMXUBIP6kjYkjf4WAU17+hdCm6Fo7iwz/BR6D4nUwiKO/0uroOn8V
DCxyVFRJtrtwYtMPgRkwELXc5t7kGcdybuoFkMIA5kVWrMEGkDuBcToCsaweUSqN
ekbbmpyEOKXcv0vF4EWKKREsi7R2aVHND+8HFvfx0rhcXtLNh6wYnPrW1Dou1T/Z
87g/RUTlECHRZTCChPWcisg7hLKe1BmpTObBCOkM6bN/APyxjKSzpbiVqzv68OE+
F5HIsRxbLhETaNmU6uggWWP9TMUVckpQ6BC3yP9tlRuV0zYqyBEP05Zmz339TLGD
i900Ui0/e2d7Ge5dQ95zCdYNbUy09s4sU/fgV2mii/34YDZptlQdOr64yovZZ8Sf
ISYDzRMuDmhhdP2T+uiWSpLANjychEzBLeL87FfNjh1aEDC2FIQmO1zrCcxFsPTw
LOSb3Ke5dfODn2yWFYVQsq4KFEGGgFMiPItmhsWDJMatBuJZx4qaYriOu4rLI3m3
AxIe3qD/Od+mRmKQ+2gl6BrCESTpof9Yetj8O0YNiY44SZWrYAs0pHELbz4bwPdJ
Up/G9XsSgE0issLVwj0thQ==
</Encrypted>
  </CancelInfo>
  <ManageInfo/>
  <ReservedInfo>
    <MReserved1 urlencode="1"></MReserved1>
    <MReserved2 urlencode="1"></MReserved2>
    <MReserved3 urlencode="1"></MReserved3>
    <PGReserved1 urlencode="1"></PGReserved1>
    <PGReserved2 urlencode="1"></PGReserved2>
    <PGReserved3 urlencode="1"></PGReserved3>
  </ReservedInfo>
</INIpay>
wQBYPo+zs5YRiResQWl5gDgG81KK0+/tmVswhaAEKgffpYAE4srXp3sTCnevP11a
vK+qxlTijazETea+VyNoYZmBvepB6YHeDuhYRhN3ZHcswEsv3P01JVTlAZX2VPGq
UOohaJFafATaFTzUBuQ7hZ1rB+s0NCV2G50IcN9Q6ug=
]
INFO	[2020-06-06 07:54:24:431] <19120> VERIFY OK
INFO	[2020-06-06 07:54:24:431] <19120> PARSE HEAD OK
INFO	[2020-06-06 07:54:24:432] <19120> PARSE BODY OK
INFO	[2020-06-06 07:54:24:433] <19120> DECRYPT OK
DEBUG	[2020-06-06 07:54:24:433] <19120> DECRYPT MSG:[<?xml version="1.0" encoding="UTF-8"?>
<CancelInfo>
  <CancelDate>20200606</CancelDate>
  <CancelTime>075424</CancelTime>
  <ResultCode>170000</ResultCode>
  <ResultMsg urlencode="1">%C1%A4%BB%F3%C3%B3%B8%AE%B5%C7%BE%FA%BD%C0%B4%CF%B4%D9.</ResultMsg>
  <CSHR_CancelNum></CSHR_CancelNum>
  <CSHR_CancelDate>20200606</CSHR_CancelDate>
  <CSHR_CancelTime>075424</CSHR_CancelTime>
  <CSHR_ResultCode>220000</CSHR_ResultCode>
  <CSHR_ResultMsg urlencode="1">%C1%A4%BB%F3%C3%B3%B8%AE%B5%C7%BE%FA%BD%C0%B4%CF%B4%D9.</CSHR_ResultMsg>
  <VACT_FlgRemit urlencode="1"></VACT_FlgRemit>
</CancelInfo>]
INFO	[2020-06-06 07:54:24:433] <19120> DECRYPT PARSE OK
INFO	[2020-06-06 07:54:24:433] <19120> END cancel 정상처리되었습니다. Laptime:[0.173sec]
INFO	[2020-06-06 07:54:24:433] <19120> ===============================================================
INFO	[2020-06-06 18:25:45:348] <27523> START INIPHP cancel (V5036-141209)(OS:Linux2.6.32-754.11.1.el6.x86_64,PHP:5.3.3)
DEBUG	[2020-06-06 18:25:45:348] <27523> inipayhome:/home/killdeal/public_html/shop/inicis
DEBUG	[2020-06-06 18:25:45:348] <27523> debug:false
DEBUG	[2020-06-06 18:25:45:348] <27523> type:cancel
DEBUG	[2020-06-06 18:25:45:348] <27523> mid:majorgol03
DEBUG	[2020-06-06 18:25:45:348] <27523> admin:1111
DEBUG	[2020-06-06 18:25:45:348] <27523> tid:INIMX_CARDmajorgol0320200606173403444761
DEBUG	[2020-06-06 18:25:45:348] <27523> cancelmsg:주문자 본인 취소-상품옵션 선택 잘못함
INFO	[2020-06-06 18:25:45:348] <27523> Check Field OK
INFO	[2020-06-06 18:25:45:348] <27523> PI PUB KEY LOAD OK []
INFO	[2020-06-06 18:25:45:348] <27523> PG PUB KEY LOAD OK [30]
INFO	[2020-06-06 18:25:45:349] <27523> MERCHANT PRIV KEY LOAD OK
INFO	[2020-06-06 18:25:45:349] <27523> MERCHANT PUB KEY LOAD OK [0]
DEBUG	[2020-06-06 18:25:45:349] <27523> MAKE ENCRYPT OK[<?xml version="1.0" encoding="UTF-8"?>
<CancelInfo>
	  <CancelTID>INIMX_CARDmajorgol0320200606173403444761</CancelTID>
	  <CancelMsg urlencode="1">%C1%D6%B9%AE%C0%DA+%BA%BB%C0%CE+%C3%EB%BC%D2-%BB%F3%C7%B0%BF%C9%BC%C7+%BC%B1%C5%C3+%C0%DF%B8%F8%C7%D4</CancelMsg>
	  <CancelReason/></CancelInfo>]
INFO	[2020-06-06 18:25:45:349] <27523> MAKE BODY OK
INFO	[2020-06-06 18:25:45:350] <27523> SIGN OK
INFO	[2020-06-06 18:25:45:350] <27523> MAKE HEAD OK
INFO	[2020-06-06 18:25:45:350] <27523> MSG_TO_PG:[0101500175D SHA1                   0                                      300420majorgol03                    INIMX_CARDmajorgol0320200606173403444761<?xml version="1.0" encoding="UTF-8"?>
<INIpay>
	  <CancelInfo>
	    <SessionKey>QkXeqmhikZE1el5edndygxgmzKKu4g3helNjdl3lrhfDYhi8dbmN/GyaviAU7sUL
WZ8S8eVMfYK7wja6EA5p1cjG0fBuZe5m6o44KKnWBaIjo+gMlkmbmaf6fPMflDA7
A3e/0jhCOgW4HN1QW8y37TSGK1rPCfn7mYNOaCAnc1vrF0/NjnkSgQ==
</SessionKey>
	    <Encrypted>KRJMKRdxeNm5DiBu/Dt8/5zqKY/c38SNC1nRAKjZZAqNIh3WWnsIz8UMnn5LP/57
6sVljwUSTACS5/UUWNP1aEA3ZRS3KSCmY0r9/h4D1Sv+lnQkbhe4R83awXENgqTT
/qU/pJvmBf/kBbc8zf0AqDJZd6tMsJum4nTIsMPFzW/enOqxU6VS11FMROXDNGjE
OzEbSIZcjWfD8tuojjE957rjCBGc3BRS4QRjbXKjyjGIsMg3mDNGmmLzZH74J8ne
DSdLcsfg3IeR7oiepZbDsDHmsxfq4n50EmF+UQEcycXYMBGcW+p8P0EtIRzxG0TC
xwKgzKa0G9LoQChUQMCy6b1yYaXcerU4eOPJY9IPO/8xAhxjtotN9XFC+QbiRGV5
KpfY/sTExS0=
</Encrypted></CancelInfo>
	  <ReservedInfo>
	    <MReserved1/>
	    <MReserved2/>
	    <MReserved3/></ReservedInfo>
	  <ManageInfo>
	    <Language/>
	    <URL/>
	    <TXVersion>5036B141209canceLinux     PHPchkfake   2.6.32-754.11.1.el6.x86_64PHP:</TXVersion>
	    <TXUserID/>
	    <TXRegNum/></ManageInfo></INIpay>ACw+AeSzC8+IIHDhnI8P+s2+5+q0noyG8NcmnOsH6fxCTIW6syeSXdLy9PcUF9o2
c7C9L0DEWe8I36uKrSujTMTJe1iePDeUB0W5DuOE9GxGDCauXJ1ZBAuwMjCsua10
+/hCysgzfNxwUbTwzBvB4ZaYH8TrC0GCRtLmchcPI8FN
]
INFO	[2020-06-06 18:25:45:350] <27523> DNS LOOKUP OK(203.238.37.3:203.238.37.3:34049) laptime:0
INFO	[2020-06-06 18:25:45:352] <27523> SOCKET CONNECT OK
INFO	[2020-06-06 18:25:45:352] <27523> SEND OK
INFO	[2020-06-06 18:25:45:874] <27523> RECV OK
INFO	[2020-06-06 18:25:45:874] <27523> MSG_FROM_PG:[0115800175D SHA1                   0                                      300430majorgol03                    INIMX_CARDmajorgol0320200606173403444761<?xml version="1.0" encoding="UTF-8"?>
<INIpay>
  <CancelInfo>
    <ResultCode>120000</ResultCode>
    <ResultMsg urlencode="1">%C1%A4%BB%F3%C3%B3%B8%AE%B5%C7%BE%FA%BD%C0%B4%CF%B4%D9.</ResultMsg>
    <SessionKey>ALQLaxSTExqSL3lJeyxgA9T8loWFaHYEQ5gzfMO/IfYD+Tafb1NtJUx0kbB9AQ83
wIaaWeQ/i7+6lJbpZQrWAnSjx6GnteshcW16X7A4vMY6PEoU0XlQ1ZZ980YA2I/7
9ntNTwLNzG7cuMyttZIedyAI4wlS/36kqk0YzMwnzItv3qh3YQ/Q6HE=
</SessionKey>
    <Encrypted>ccHDJyJRrrM9pbc32Jxx3GwsiGpQIfN8udeNYEb8OO6enOzVUzyktCcGJMnGNRqd
UBY4DP5nbJU3mfwP36cugiIjBPdKmXcR8agiGvK1ygsnS8y2BLF9yMvCED2JSncF
0JVqwzr0Fwh9mlZaM8QL0Bumv7VNTAayPIQ0cT2FrBbI7QjI1tMV/CAZZa9vernR
b/9hEqoUfrvGHELsB+1CsYMNcz8HtF6ulqsykPSVvoiCAQSs/mA54qDf0JYcMsYC
NnSLgSj65P/QOrO2Vtn8LGsgHsq2Hdp3dh7IwEWYrNbLXWyVhmr64DJCckDJqP30
0ZMWQNPaAIfeDOiFCJZRz2UwciyLiO2TKDtfnLXPki4=
</Encrypted>
  </CancelInfo>
  <ManageInfo/>
  <ReservedInfo>
    <MReserved1 urlencode="1"></MReserved1>
    <MReserved2 urlencode="1"></MReserved2>
    <MReserved3 urlencode="1"></MReserved3>
    <PGReserved1 urlencode="1"></PGReserved1>
    <PGReserved2 urlencode="1"></PGReserved2>
    <PGReserved3 urlencode="1"></PGReserved3>
  </ReservedInfo>
</INIpay>
kk/dzVUuQiPb7YtS39dYftdOB6MKjwsFmWiDxIE7xwdPIaekZtyCxWVBq1pjp4m4
E5Hai+AKGUbslCdmW7AWdM72mxIpQOZLMSDdoIPHU2I3daxGurNmxUKLPXfYZnWO
ZkBYS2GOOiot0gELhvYcvfTiXPrptJdevIX+Ygou2xY=
]
INFO	[2020-06-06 18:25:45:874] <27523> VERIFY OK
INFO	[2020-06-06 18:25:45:874] <27523> PARSE HEAD OK
INFO	[2020-06-06 18:25:45:874] <27523> PARSE BODY OK
INFO	[2020-06-06 18:25:45:875] <27523> DECRYPT OK
DEBUG	[2020-06-06 18:25:45:875] <27523> DECRYPT MSG:[<?xml version="1.0" encoding="UTF-8"?>
<CancelInfo>
  <CancelDate>20200606</CancelDate>
  <CancelTime>182545</CancelTime>
  <ResultCode>120000</ResultCode>
  <ResultMsg urlencode="1">%C1%A4%BB%F3%C3%B3%B8%AE%B5%C7%BE%FA%BD%C0%B4%CF%B4%D9.</ResultMsg>
</CancelInfo>]
INFO	[2020-06-06 18:25:45:875] <27523> DECRYPT PARSE OK
INFO	[2020-06-06 18:25:45:875] <27523> END cancel 정상처리되었습니다. Laptime:[0.527sec]
INFO	[2020-06-06 18:25:45:875] <27523> ===============================================================
