INFO	[2020-11-24 13:11:52:796] <30770> START INIPHP repay (V5036-141209)(OS:Linux2.6.32-754.11.1.el6.x86_64,PHP:5.3.3)
DEBUG	[2020-11-24 13:11:52:796] <30770> inipayhome:/home1/killdeal/public_html/shop/inicis
DEBUG	[2020-11-24 13:11:52:796] <30770> debug:false
DEBUG	[2020-11-24 13:11:52:796] <30770> type:repay
DEBUG	[2020-11-24 13:11:52:796] <30770> pgid:INIphpRPAY
DEBUG	[2020-11-24 13:11:52:796] <30770> subpgip:203.238.3.10
DEBUG	[2020-11-24 13:11:52:796] <30770> mid:majorgol03
DEBUG	[2020-11-24 13:11:52:796] <30770> admin:1111
DEBUG	[2020-11-24 13:11:52:796] <30770> oldtid:INIMX_ISP_majorgol0320201031075707555374
DEBUG	[2020-11-24 13:11:52:796] <30770> currency:WON
DEBUG	[2020-11-24 13:11:52:796] <30770> price:80000
DEBUG	[2020-11-24 13:11:52:796] <30770> confirm_price:112550
DEBUG	[2020-11-24 13:11:52:796] <30770> buyeremail:kjok0723@hanmail.net
DEBUG	[2020-11-24 13:11:52:796] <30770> tax:7273
DEBUG	[2020-11-24 13:11:52:796] <30770> taxfree:0
INFO	[2020-11-24 13:11:52:796] <30770> Check Field OK
INFO	[2020-11-24 13:11:52:796] <30770> Make TID OK INIphpRPAYmajorgol0320201124131152963064
INFO	[2020-11-24 13:11:52:796] <30770> PI PUB KEY LOAD OK []
INFO	[2020-11-24 13:11:52:796] <30770> PG PUB KEY LOAD OK [30]
INFO	[2020-11-24 13:11:52:797] <30770> MERCHANT PRIV KEY LOAD OK
INFO	[2020-11-24 13:11:52:797] <30770> MERCHANT PUB KEY LOAD OK [0]
DEBUG	[2020-11-24 13:11:52:797] <30770> MAKE ENCRYPT OK[<?xml version="1.0" encoding="UTF-8"?>
<PartCancelInfo>
	  <PRTC_TID>INIMX_ISP_majorgol0320201031075707555374</PRTC_TID>
	  <PRTC_Price>80000</PRTC_Price>
	  <PRTC_Remains>112550</PRTC_Remains>
	  <PRTC_Quota/>
	  <PRTC_Interest/>
	  <PRTC_NoAcctFNBC/>
	  <PRTC_NmAcctFNBC/></PartCancelInfo>]
INFO	[2020-11-24 13:11:52:798] <30770> MAKE BODY OK
INFO	[2020-11-24 13:11:52:798] <30770> SIGN OK
INFO	[2020-11-24 13:11:52:798] <30770> MAKE HEAD OK
INFO	[2020-11-24 13:11:52:798] <30770> MSG_TO_PG:[0111700175D SHA1                   0                                      300620majorgol03               80000INIphpRPAYmajorgol0320201124131152963064<?xml version="1.0" encoding="UTF-8"?>
<INIpay>
	  <PartCancelInfo>
	    <SessionKey>Tz9mhyhzB9+o0ezJXpSHPW1VeqhrNF7J0j1URney6tg6Ty/ATxdi4YcUxTc8kLfh
lTvNXYdsfOiVM8ZqIOS7pNp767LezvLOolWpBX6n+bDbAg6LFLTib5R1iwnj6Fs0
kj5ejokiEot3k7n9+7ASdZo4RORh1I3zjhCLqB8hj6yKf1tCv4w1sQ==
</SessionKey>
	    <Encrypted>csEp87G+uYa+x7j0eUU9ThM7baidvUnWaVicZUcftXoz7ySUvFOeUdTbmdSzau6Z
TOlG651i2HZJFkjElOwdqt8NZwx1BC8DdKPAA1ziiipmLVZJ01kzO2sPcJagJXq5
mykz9/E4quD/mZ1SXN9TerRRZwT8qhvlQ6R4F0V1vWN+snvADImJFfpombsimzLv
yYjKPnj9ptg/wL7CuI9kd5Gev631dNZOjWKMa9NBXHmxcT6Iyc3jao5YBr9+a+YR
W0sogs+TIGAinquwXPN0nRk+QLCjpZKVfUOdzMT/xt7SZTNpnP9LC5g9etuXV83t
OzO8pZ9k6Vb25aW5aHNYLnQQv9ypK5XVrFtk4h6uqMT4RUh9al+4NE9ZrWRcYC8y
0JgdVk7a0OY=
</Encrypted></PartCancelInfo>
	  <GoodsInfo>
	    <Tax>7273</Tax>
	    <TaxFree/>
	    <Currency>WON</Currency></GoodsInfo>
	  <ReservedInfo>
	    <MReserved1/>
	    <MReserved2/>
	    <MReserved3/></ReservedInfo>
	  <ManageInfo>
	    <Language/>
	    <URL/>
	    <TXVersion>5036B141209repayLinux     PHPchkfake   2.6.32-754.11.1.el6.x86_64PHP:</TXVersion>
	    <TXUserID/>
	    <TXRegNum/></ManageInfo></INIpay>AOhxK4oFgAVtlJZtgmoQbOHaTA1Aak7vK68a3tUmoA0ePGCNw8JM/8JHqeX+lhph
fqceZd8bzBGyMSLBY6DLpVs+Ixl1bWMOFQx6r4dlyZbDGqx+CPMx/nFpxApcQfGi
x+DThPm5D03L7KsqFzn1PKW/Y0Xzs9wpcMiz2zL3k2JW
]
INFO	[2020-11-24 13:11:52:798] <30770> DNS LOOKUP OK(203.238.37.3:203.238.37.3:34049) laptime:0
INFO	[2020-11-24 13:11:52:802] <30770> SOCKET CONNECT OK
INFO	[2020-11-24 13:11:52:802] <30770> SEND OK
INFO	[2020-11-24 13:11:53:54] <30770> RECV OK
INFO	[2020-11-24 13:11:53:54] <30770> MSG_FROM_PG:[0147300175D SHA1                   0                                      300630majorgol03               80000INIphpRPAYmajorgol0320201124131152963064<?xml version="1.0" encoding="UTF-8"?>
<INIpay>
  <PartCancelInfo>
    <PayMethod>VCard</PayMethod>
    <ResultCode>170000</ResultCode>
    <ResultMsg urlencode="1">%C1%A4%BB%F3%BF%CF%B7%E1</ResultMsg>
    <SessionKey>ANPFfaEu1/5hSjlH4WcfuMWRxojFlgw6H5EfhYjmwg6zCnKEVqYcx0WHpPA7nhvv
88oq15Iyx7jrmyCCHq8MrOZt+ud3qySF2eLIgSD7U8itmwXmR5JNMgnS5lb6syFk
eeWaNTDTZl7gOJwuvRjLcw7JfUS9rwiV7EXJEwd4z7tseVvIe+YUPik=
</SessionKey>
    <Encrypted>UK34xWyrIXedns5dtg7+iE5LtU9MvJGHGQaMD1Rx6anzJBM6vAqgpMW/EMva5XaI
VOFew7D48N59vAWPSUzmSOiSsxW25h5cbh6VG/h9t4DYNKBM197FV8AyxdMhTSGz
NvCUUjODKvjPm1tV/dr/XKlgTCSIMj0dKI+rhH1CbVTwxoXkrqb4U0nXrXLCuNlW
jhbaDaUnLvYcqY6dXDySLY20oF1wVAHWWhHfRSNiuonUlsHmsYHCKTHYVaSn+NWd
lQFKQRf3ZnKRupd6UPGdGHKHfjVdM7QTMKukTuIMukoemCbYwx911WYZU98NgbV3
QZp+rHH3RLhBh8JZRSEZ1xX3k/+gOiVy91WI7pnJXEsa+1V1PpjHz80WOMaj0X88
UymVYzSALEXnNBErEcfe3zE83yxVJAh+rKYtUzLSbqBlW54OaCdyuNkVYikPr/u5
e5Umv0VtF2H7nPVPlo9q/93HHYDvohqqpcHOEBOrIoJpUQAJ31F9wVn1la1+kwVP
9pKqpwnl+zb0q/Evl+R3/IUeVc1PZIlY6pHuJSi5+Nn8q+HYZJarXQqZnX2qsooH
vJt9vPvet/k5hnfsxwlCnFJ2iRTsaSQdI6cgz18/ejysPqFl6BE7g6KBWHUij+wl
N5VZ6PpPtjqTqn5V2JMxOA==
</Encrypted>
  </PartCancelInfo>
  <ManageInfo/>
  <ReservedInfo>
    <MReserved1 urlencode="1"></MReserved1>
    <MReserved2 urlencode="1"></MReserved2>
    <MReserved3 urlencode="1"></MReserved3>
    <PGReserved1 urlencode="1"></PGReserved1>
    <PGReserved2 urlencode="1"></PGReserved2>
    <PGReserved3 urlencode="1"></PGReserved3>
  </ReservedInfo>
</INIpay>
DfSHWvKZb6y30i4y6K1f6xJE5rMfRDoowx6LlNQI7WnhNpQL4DcrqR1x/1IOvsbj
GfUWK1kDKrcEQtJNn38Z07LPiOjVMGhgPUo5aGLNZcp0Kd3NP9GY1i4tLlR0qqIG
Go6DXuAMayiqX23x6QsS2Iy9ZSlixoMC6T/glRBQ+Es=
]
INFO	[2020-11-24 13:11:53:54] <30770> VERIFY OK
INFO	[2020-11-24 13:11:53:54] <30770> PARSE HEAD OK
INFO	[2020-11-24 13:11:53:54] <30770> PARSE BODY OK
INFO	[2020-11-24 13:11:53:55] <30770> DECRYPT OK
DEBUG	[2020-11-24 13:11:53:55] <30770> DECRYPT MSG:[<?xml version="1.0" encoding="UTF-8"?>
<PartCancelInfo>
  <PRTC_TID>INIMX_ISP_majorgol0320201031075707555374</PRTC_TID>
  <PRTC_Price>80000</PRTC_Price>
  <PRTC_Remains>112550</PRTC_Remains>
  <PRTC_Quota>03</PRTC_Quota>
  <PRTC_Type>1</PRTC_Type>
  <CancelDate>20201124</CancelDate>
  <CancelTime>131152</CancelTime>
  <CARD_ApplNum></CARD_ApplNum>
  <ExchangeRate></ExchangeRate>
  <MOID urlencode="1"></MOID>
  <PRTC_Cnt>1</PRTC_Cnt>
  <PRTC_SubRemains></PRTC_SubRemains>
</PartCancelInfo>]
INFO	[2020-11-24 13:11:53:55] <30770> DECRYPT PARSE OK
INFO	[2020-11-24 13:11:53:55] <30770> END repay 정상완료 Laptime:[0.26sec]
INFO	[2020-11-24 13:11:53:55] <30770> ===============================================================
INFO	[2020-11-24 13:12:05:866] <14572> START INIPHP repay (V5036-141209)(OS:Linux2.6.32-754.11.1.el6.x86_64,PHP:5.3.3)
DEBUG	[2020-11-24 13:12:05:866] <14572> inipayhome:/home1/killdeal/public_html/shop/inicis
DEBUG	[2020-11-24 13:12:05:866] <14572> debug:false
DEBUG	[2020-11-24 13:12:05:866] <14572> type:repay
DEBUG	[2020-11-24 13:12:05:866] <14572> pgid:INIphpRPAY
DEBUG	[2020-11-24 13:12:05:866] <14572> subpgip:203.238.3.10
DEBUG	[2020-11-24 13:12:05:866] <14572> mid:majorgol03
DEBUG	[2020-11-24 13:12:05:866] <14572> admin:1111
DEBUG	[2020-11-24 13:12:05:866] <14572> oldtid:INIMX_ISP_majorgol0320201031075707555374
DEBUG	[2020-11-24 13:12:05:866] <14572> currency:WON
DEBUG	[2020-11-24 13:12:05:866] <14572> price:35900
DEBUG	[2020-11-24 13:12:05:866] <14572> confirm_price:76650
DEBUG	[2020-11-24 13:12:05:866] <14572> buyeremail:kjok0723@hanmail.net
DEBUG	[2020-11-24 13:12:05:866] <14572> tax:3264
DEBUG	[2020-11-24 13:12:05:866] <14572> taxfree:0
INFO	[2020-11-24 13:12:05:866] <14572> Check Field OK
INFO	[2020-11-24 13:12:05:866] <14572> Make TID OK INIphpRPAYmajorgol0320201124131205663059
INFO	[2020-11-24 13:12:05:866] <14572> PI PUB KEY LOAD OK []
INFO	[2020-11-24 13:12:05:866] <14572> PG PUB KEY LOAD OK [30]
INFO	[2020-11-24 13:12:05:866] <14572> MERCHANT PRIV KEY LOAD OK
INFO	[2020-11-24 13:12:05:867] <14572> MERCHANT PUB KEY LOAD OK [0]
DEBUG	[2020-11-24 13:12:05:867] <14572> MAKE ENCRYPT OK[<?xml version="1.0" encoding="UTF-8"?>
<PartCancelInfo>
	  <PRTC_TID>INIMX_ISP_majorgol0320201031075707555374</PRTC_TID>
	  <PRTC_Price>35900</PRTC_Price>
	  <PRTC_Remains>76650</PRTC_Remains>
	  <PRTC_Quota/>
	  <PRTC_Interest/>
	  <PRTC_NoAcctFNBC/>
	  <PRTC_NmAcctFNBC/></PartCancelInfo>]
INFO	[2020-11-24 13:12:05:867] <14572> MAKE BODY OK
INFO	[2020-11-24 13:12:05:868] <14572> SIGN OK
INFO	[2020-11-24 13:12:05:868] <14572> MAKE HEAD OK
INFO	[2020-11-24 13:12:05:868] <14572> MSG_TO_PG:[0111700175D SHA1                   0                                      300620majorgol03               35900INIphpRPAYmajorgol0320201124131205663059<?xml version="1.0" encoding="UTF-8"?>
<INIpay>
	  <PartCancelInfo>
	    <SessionKey>FKrI5YAhxPBWh6uboNubjHdhquCVy2ep0r8zPKwFa5D364Fe+JndUPKZxP55WTcF
a9ww2/ZrGFXIQ9CWZ8aUs6StkL1oMuuAaUrWq0Nt1YOPOs3i2/L/cDUZGalafAPk
AdldkitXD4+Yo7IpwvhVmEI1kKEA/n1KlwSTVXym4DIFE0SSf5Rgxg==
</SessionKey>
	    <Encrypted>0KbTgKZnsjSjPmhwdAuWFNms9jOccbH5AW06wIDVIkDoROyvjqDM7lPejsvSkTE3
vLr3+gwb2IHXrB6RK1HddeQ5sHUj0+s8cd6Q8Mimd4yS4dRRWxbbpkXKdN6acJal
/6PHv4WMVInIP6YRNOp5xLBUdAdJ7QNjamH2W22NxqKn+ZcR9CF9CptmlLeFTSst
pz+9BztBk4hivvB3EexWvQh1Yjz1WgzOLzxnIEsohFc5bta2BlsdKAvFp88xXLhy
Fqcpr37tQDhAYrGLLsJ541w4k0SPrE0zQUd3+IeBBxZnCa5H2ZlkR1aCNdZ0FBt1
+6W68OdKZ2dxVvIQjTke0m5fY3En/AK4uMct17HLkyVOuwdt4zK3UrfnI2lLJkqQ
ODUhAnZA1Do=
</Encrypted></PartCancelInfo>
	  <GoodsInfo>
	    <Tax>3264</Tax>
	    <TaxFree/>
	    <Currency>WON</Currency></GoodsInfo>
	  <ReservedInfo>
	    <MReserved1/>
	    <MReserved2/>
	    <MReserved3/></ReservedInfo>
	  <ManageInfo>
	    <Language/>
	    <URL/>
	    <TXVersion>5036B141209repayLinux     PHPchkfake   2.6.32-754.11.1.el6.x86_64PHP:</TXVersion>
	    <TXUserID/>
	    <TXRegNum/></ManageInfo></INIpay>AIZFTKv18ouSnxr+u/trsaYIWRPEphOTSgwthc8/uNPncwntWooyHRN6Ea3WzPFA
SVJEede64CSKRtRAhf3y0oqNMEPX5ogGeabx3eaZzeJTZudl27Qlvrw915QbZn86
R5W5xSsbyURabSrPejwbDr29hqr1uD3PVyVn7fqPBrAj
]
INFO	[2020-11-24 13:12:05:868] <14572> DNS LOOKUP OK(203.238.37.3:203.238.37.3:34049) laptime:0
INFO	[2020-11-24 13:12:05:871] <14572> SOCKET CONNECT OK
INFO	[2020-11-24 13:12:05:871] <14572> SEND OK
INFO	[2020-11-24 13:12:05:979] <14572> RECV OK
INFO	[2020-11-24 13:12:05:979] <14572> MSG_FROM_PG:[0111400175D SHA1                   0                                      300630majorgol03               35900INIphpRPAYmajorgol0320201124131205663059<?xml version="1.0" encoding="UTF-8"?><INIpay>
<PartCancelInfo>
<PayMethod>VCard</PayMethod>
<ResultCode>170000</ResultCode>
<ResultMsg urlencode="1">%C1%A4%BB%F3%BF%CF%B7%E1</ResultMsg>
<SessionKey>AKeXyQ/DwrtW4VIY/+AIETSrew9UjmElxVCggdRQXROZ7uZbzca1w5nq1Cg6umzp
B5r5rdjwIA4ns4Md+Ke2v94nOHR8XGTClR1Otq4RBUzQRmJqpER+KbrYDlvRTV2p
ps3tD7Y60jgrTOi+NpTAJY87QhZNe1M9EYN+vA4BonJtpcuyBmXguDw=
</SessionKey>
<Encrypted>2ltByTksvnU6oLrlgqm6nDIbn1SH9QiGgJVo1PJE209HiY6mGnJWxp22CgN3121q
j6DRX0SRj68AM9RP1lVcRo9imQSJfpCcjG0Atr/jnKgH6UhbQ0iCaSLSNGP9BeJR
P7kmiDRCkBVKTRTjDsAsD2be56pDOrNYPrZeL2VrGzKk4Gr/5oyVQUpX7LuEBJoR
XF19r846oksd+VCssnnhQfQyD4qrHkwbR6Uoy2TgvIKp1Yoy1VrMMMpgIpZWoq9Q
Np01dVb5ZKmtT08XQ9kP+vF5NVvMrtcvVra4LO9j5wvw6ZPeXfLvJOI22Mg1mp3s
/EuHUrQrccgySBu5PPuNs6DeO8Ng+Xto+zuNevC97SnCLuyx++ZnVcQK8QmsSKtS
6kMkjtl4Kfga2VMIvdiu1HmM+oSwghFD1rSlgxdaZyDwH/UE5WcNM2+WBjV3475h
l+ZPrplMbORKKwq8fY6XMIbkHRhoOB+JMZzK+kGWicmta1evEG512v6rDq+nVUvY
7216nhB8F0c=
</Encrypted>
</PartCancelInfo>
<ManageInfo/>
<ReservedInfo>
<MReserved1 urlencode="1"/>
<MReserved2 urlencode="1"/>
<MReserved3 urlencode="1"/>
</ReservedInfo>
</INIpay>
0lGoDbcr+5kQJtiWmB/2jC6O6Qz5RgppLTRQGcIdNFj1osGi9MwYEZTCR2F/499/
Lpy7JkGHQScqu5JZ6mgcjOvVvqJa5NK2Phck7wWut3EiRE5Ss2ucZdG4kUw54y7y
nTUfgviCy4Stw7ouux6/ttJoS/fSOzDg3pt7Gu49cBQ=
]
INFO	[2020-11-24 13:12:05:979] <14572> VERIFY OK
INFO	[2020-11-24 13:12:05:979] <14572> PARSE HEAD OK
INFO	[2020-11-24 13:12:05:980] <14572> PARSE BODY OK
INFO	[2020-11-24 13:12:05:980] <14572> DECRYPT OK
DEBUG	[2020-11-24 13:12:05:980] <14572> DECRYPT MSG:[<?xml version="1.0" encoding="UTF-8"?><PartCancelInfo>
<PRTC_TID>INIMX_ISP_majorgol0320201031075707555374</PRTC_TID>
<PRTC_Price>35900</PRTC_Price>
<PRTC_Remains>76650</PRTC_Remains>
<PRTC_Quota>03</PRTC_Quota>
<PRTC_Type>1</PRTC_Type>
<CancelDate>20201124</CancelDate>
<CancelTime>131205</CancelTime>
<PRTC_Cnt>2</PRTC_Cnt>
<PRTC_SubRemains>76650</PRTC_SubRemains>
</PartCancelInfo>]
INFO	[2020-11-24 13:12:05:981] <14572> DECRYPT PARSE OK
INFO	[2020-11-24 13:12:05:981] <14572> END repay 정상완료 Laptime:[0.115sec]
INFO	[2020-11-24 13:12:05:981] <14572> ===============================================================
