INFO	[2022-05-06 14:05:12:144] <7138> START INIPHP cancel (V5036-141209)(OS:Linux2.6.32-754.11.1.el6.x86_64,PHP:5.3.3)
DEBUG	[2022-05-06 14:05:12:144] <7138> inipayhome:/home1/killdeal/public_html/shop/inicis
DEBUG	[2022-05-06 14:05:12:144] <7138> debug:false
DEBUG	[2022-05-06 14:05:12:144] <7138> type:cancel
DEBUG	[2022-05-06 14:05:12:144] <7138> mid:majorgol03
DEBUG	[2022-05-06 14:05:12:144] <7138> admin:1111
DEBUG	[2022-05-06 14:05:12:144] <7138> tid:INIMX_CARDmajorgol0320220429132431905555
DEBUG	[2022-05-06 14:05:12:144] <7138> cancelmsg:쇼핑몰 운영자 승인 취소
INFO	[2022-05-06 14:05:12:144] <7138> Check Field OK
INFO	[2022-05-06 14:05:12:144] <7138> PI PUB KEY LOAD OK []
INFO	[2022-05-06 14:05:12:144] <7138> PG PUB KEY LOAD OK [30]
INFO	[2022-05-06 14:05:12:145] <7138> MERCHANT PRIV KEY LOAD OK
INFO	[2022-05-06 14:05:12:145] <7138> MERCHANT PUB KEY LOAD OK [0]
DEBUG	[2022-05-06 14:05:12:145] <7138> MAKE ENCRYPT OK[<?xml version="1.0" encoding="UTF-8"?>
<CancelInfo>
	  <CancelTID>INIMX_CARDmajorgol0320220429132431905555</CancelTID>
	  <CancelMsg urlencode="1">%BC%EE%C7%CE%B8%F4+%BF%EE%BF%B5%C0%DA+%BD%C2%C0%CE+%C3%EB%BC%D2</CancelMsg>
	  <CancelReason/></CancelInfo>]
INFO	[2022-05-06 14:05:12:146] <7138> MAKE BODY OK
INFO	[2022-05-06 14:05:12:146] <7138> SIGN OK
INFO	[2022-05-06 14:05:12:146] <7138> MAKE HEAD OK
INFO	[2022-05-06 14:05:12:146] <7138> MSG_TO_PG:[0096200175D SHA1                   0                                      300420majorgol03                    INIMX_CARDmajorgol0320220429132431905555<?xml version="1.0" encoding="UTF-8"?>
<INIpay>
	  <CancelInfo>
	    <SessionKey>NvMU/RbYZw3v/RL28iImDFSvLvgfyX7sDkCzcAsTqVi590SKdCDfwn6lFTD2lTFd
EYTMDlhTP+HCx5N+tECKA3twmNYxdhVFoIbRP5gUbNQQUcZsOBsvSfEp4SfXRJi8
8PFHS169fJSb4XdnozEZ8eylkj1/GARatk9bDktyJ4ac5SrHde81/g==
</SessionKey>
	    <Encrypted>UbovaghELfJqEj9B/9D523GKdfTMYvQ0zSovQ5fvpFkICB2FrR/OmxzBem9FQ+7C
b7YfsmQj33c4zNpb73+JOP66cy3rGL7CW0at/RjPx+fXXVoxuMwVAL3GDlROWXVi
I5CScx39BbRpjI96qO8HO2FPpFVAoo0hnaZMdkAS6BSOSr6xoGd3T4Nuf+i2coOz
L5OHmXxnLh/VMPo/ikNiiiG/MNCImf/RQMvhUUVEkfYgsL3A4A2K8qoQ7W1c/Wxl
t87ha8vlwn6Gk339dxGPAqHGTa7hxCFEUWuWjtj0qfbAN4ASzdpUgSLyAUsSHeTb
/54Rh7fYHB4VtuoyoZESQg==
</Encrypted></CancelInfo>
	  <ReservedInfo>
	    <MReserved1/>
	    <MReserved2/>
	    <MReserved3/></ReservedInfo>
	  <ManageInfo>
	    <Language/>
	    <URL/>
	    <TXVersion>5036B141209canceLinux     PHPchkfake   2.6.32-754.11.1.el6.x86_64PHP:</TXVersion>
	    <TXUserID/>
	    <TXRegNum/></ManageInfo></INIpay>ANNmHftR82V4CJ1v/tEZJxjbuT1u2NqvKuGXaOoQ4tV3gPkmHjGGxKZGzquo/czv
8Cevix7VTx3Eyf03ImSQy5y9b5WfA/S+JjQtTXLIjTTGm6vBlmeIiFRjoWZOkSIf
SGxY4OWriBfxmqIDQWm0B/WK44G2vQDWHBBOxi7zlS8O
]
INFO	[2022-05-06 14:05:12:146] <7138> DNS LOOKUP OK(203.238.37.3:203.238.37.3:34049) laptime:0
INFO	[2022-05-06 14:05:12:149] <7138> SOCKET CONNECT OK
INFO	[2022-05-06 14:05:12:149] <7138> SEND OK
INFO	[2022-05-06 14:05:12:897] <7138> RECV OK
INFO	[2022-05-06 14:05:12:897] <7138> MSG_FROM_PG:[0093300175D SHA1                   0                                      300430majorgol03                    INIMX_CARDmajorgol0320220429132431905555<?xml version="1.0" encoding="UTF-8"?><INIpay>
<CancelInfo>
<ResultCode>120000</ResultCode>
<ResultMsg urlencode="1">%C1%A4%BB%F3%C3%B3%B8%AE%B5%C7%BE%FA%BD%C0%B4%CF%B4%D9.</ResultMsg>
<SessionKey>AEnZUW5AN5xIFBiAa7AJjcrXzDVT0iTqksc7btQ4oepVG0u0v2Uogfe6d0SJFLSS
fgJnADon/C/p5nJjOAXCpX7viCMw11BMXnQJEgTMElwZAWNUIeBukwZiz6mFbPxu
UdIKE30jjInmBIZx+tiIKvfEEJecQ+vOfqt2RMSNrNoc1k2cr82rIUE=
</SessionKey>
<Encrypted>UAFcvVD+U9u4EaxqeuOEikKkVEjZ0vgPgRjTNYFgc4DEuItyeCE7yBlxEUFSzus+
8IAtTbBOxNta+N2Tau/+U8s2P92fp3tePht42+3QCYhFeoJCF4Us0M1NKg+Udn9Q
ytSGRv+Esoti6tsdrSphPnSJ2Kb7MRMaIbz/nsUCecAwZ8s8KMpK7sUu1TSmg6bD
vTCLBc9oMGeLu+v6mqQbpXCEuVtsQ6otMFFgkw+xI1Q28gbK2raK5+wWHlPd5p6f
2O4weux0Iu8c8QkqG28FGmSKHuy6loCCqNyY/mLCSA7+iGns7hiGeyKW7Jw/S0cX
AUAubQ6RWhevG46ANwMU1N6lBJrKMEtF
</Encrypted>
</CancelInfo>
<ManageInfo/>
<ReservedInfo>
<MReserved1 urlencode="1"/>
<MReserved2 urlencode="1"/>
<MReserved3 urlencode="1"/>
</ReservedInfo>
</INIpay>
HlV2GiR7GDpF5I/3BN+Mk1pGrbis5Y7Ts36GS+VeDcqFs27oMNfxNg0CCAZPNLYc
/z0rJBCMFARboRo4AlZ1kc7xT5uV6vivXcZR5PDCZfRUqTu+J9vOl3qHNwwh2Q92
nn5kb/PlR4wq3/iZdtBtENzg/dKYKp+XdP2oCdjn9Xo=
]
INFO	[2022-05-06 14:05:12:897] <7138> VERIFY OK
INFO	[2022-05-06 14:05:12:897] <7138> PARSE HEAD OK
INFO	[2022-05-06 14:05:12:898] <7138> PARSE BODY OK
INFO	[2022-05-06 14:05:12:898] <7138> DECRYPT OK
DEBUG	[2022-05-06 14:05:12:898] <7138> DECRYPT MSG:[<?xml version="1.0" encoding="UTF-8"?><CancelInfo>
<CancelDate>20220506</CancelDate>
<CancelTime>140513</CancelTime>
<ResultCode>120000</ResultCode>
<ResultMsg urlencode="1">%C1%A4%BB%F3%C3%B3%B8%AE%B5%C7%BE%FA%BD%C0%B4%CF%B4%D9.</ResultMsg>
</CancelInfo>]
INFO	[2022-05-06 14:05:12:899] <7138> DECRYPT PARSE OK
INFO	[2022-05-06 14:05:12:899] <7138> END cancel 정상처리되었습니다. Laptime:[0.755sec]
INFO	[2022-05-06 14:05:12:899] <7138> ===============================================================
INFO	[2022-05-06 19:07:46:821] <12460> START INIPHP cancel (V5036-141209)(OS:Linux2.6.32-754.11.1.el6.x86_64,PHP:5.3.3)
DEBUG	[2022-05-06 19:07:46:821] <12460> inipayhome:/home1/killdeal/public_html/shop/inicis
DEBUG	[2022-05-06 19:07:46:821] <12460> debug:false
DEBUG	[2022-05-06 19:07:46:821] <12460> type:cancel
DEBUG	[2022-05-06 19:07:46:821] <12460> mid:majorgol03
DEBUG	[2022-05-06 19:07:46:821] <12460> admin:1111
DEBUG	[2022-05-06 19:07:46:821] <12460> tid:INIMX_CARDmajorgol0320220506181827965305
DEBUG	[2022-05-06 19:07:46:821] <12460> cancelmsg:주문자 본인 취소-상품옵션 선택 잘못함
INFO	[2022-05-06 19:07:46:821] <12460> Check Field OK
INFO	[2022-05-06 19:07:46:821] <12460> PI PUB KEY LOAD OK []
INFO	[2022-05-06 19:07:46:822] <12460> PG PUB KEY LOAD OK [30]
INFO	[2022-05-06 19:07:46:822] <12460> MERCHANT PRIV KEY LOAD OK
INFO	[2022-05-06 19:07:46:822] <12460> MERCHANT PUB KEY LOAD OK [0]
DEBUG	[2022-05-06 19:07:46:822] <12460> MAKE ENCRYPT OK[<?xml version="1.0" encoding="UTF-8"?>
<CancelInfo>
	  <CancelTID>INIMX_CARDmajorgol0320220506181827965305</CancelTID>
	  <CancelMsg urlencode="1">%C1%D6%B9%AE%C0%DA+%BA%BB%C0%CE+%C3%EB%BC%D2-%BB%F3%C7%B0%BF%C9%BC%C7+%BC%B1%C5%C3+%C0%DF%B8%F8%C7%D4</CancelMsg>
	  <CancelReason/></CancelInfo>]
INFO	[2022-05-06 19:07:46:822] <12460> MAKE BODY OK
INFO	[2022-05-06 19:07:46:823] <12460> SIGN OK
INFO	[2022-05-06 19:07:46:823] <12460> MAKE HEAD OK
INFO	[2022-05-06 19:07:46:823] <12460> MSG_TO_PG:[0101500175D SHA1                   0                                      300420majorgol03                    INIMX_CARDmajorgol0320220506181827965305<?xml version="1.0" encoding="UTF-8"?>
<INIpay>
	  <CancelInfo>
	    <SessionKey>3Abh6kgUTOd+uN9PzIeZ/Zkmf9yDoN4TEVv8bFlMlRP0qNGchEQTUl02Y87g0Zbf
laAJxQqtbc/P6aWy91j+x+4/yj0wkB+3vH/DLiV69cfEYdIktKWZC41NzUMymhDu
X8IYTdefElZSpKWk0LOJByv4yKpxEpOM9l52ObOK9SDWD3CBGiSLWQ==
</SessionKey>
	    <Encrypted>Vul5vTS0woCx6ZSgTM7nH9Un7vAtJBr9px5kQPJ2hu3cRs+iVaQdO+Qywpgo7dIx
aqEwJRwoo5OOIMxUAaLJGTcETleAAuK2NQgh1kzaxKBSbx/mqsfPxWZcgmhWWcpI
G4NtkvyTFuU0Vl1LTQNPlJNKsIybUATL1LygsAhZxYAZBGeq0qG9EnFAU0d+N+cP
ue4x76kOdgnoD7wjEvNxKPgGVDmYxmgPqShWZ03lCh0tftUNVT5uBL3Qk98QUDeq
l/XpCI4mHbKTSxW2aAQ/z0VixSbkJVwNjRLj8U7jf0NohEaMwj7uKNFnO/HYGpX2
8jeUL5XjzKR1keSUM2un1v6WKpx086Hm7MXM6R1S39eskof4vgBTShM5uFykcqlH
l4CIUvC8aC4=
</Encrypted></CancelInfo>
	  <ReservedInfo>
	    <MReserved1/>
	    <MReserved2/>
	    <MReserved3/></ReservedInfo>
	  <ManageInfo>
	    <Language/>
	    <URL/>
	    <TXVersion>5036B141209canceLinux     PHPchkfake   2.6.32-754.11.1.el6.x86_64PHP:</TXVersion>
	    <TXUserID/>
	    <TXRegNum/></ManageInfo></INIpay>ANAuV6Ga5+jTwzyH1qfO40qVJJbBs2i5HomQvUgfvjDBpgZPe1m78jRtBABT6RUk
qUaWvF5nLR65WqkowOQ0E4nh8nKl6I222Iq/mjrptyHWRew+u+bYZPWEIdof0Abm
6ddO7bMxoUYkexP/U7sIGKEyxOHKauq03QVWN4PZcjao
]
INFO	[2022-05-06 19:07:46:823] <12460> DNS LOOKUP OK(203.238.37.3:203.238.37.3:34049) laptime:0
INFO	[2022-05-06 19:07:46:826] <12460> SOCKET CONNECT OK
INFO	[2022-05-06 19:07:46:826] <12460> SEND OK
INFO	[2022-05-06 19:07:47:194] <12460> RECV OK
INFO	[2022-05-06 19:07:47:194] <12460> MSG_FROM_PG:[0093300175D SHA1                   0                                      300430majorgol03                    INIMX_CARDmajorgol0320220506181827965305<?xml version="1.0" encoding="UTF-8"?><INIpay>
<CancelInfo>
<ResultCode>120000</ResultCode>
<ResultMsg urlencode="1">%C1%A4%BB%F3%C3%B3%B8%AE%B5%C7%BE%FA%BD%C0%B4%CF%B4%D9.</ResultMsg>
<SessionKey>AJok1hLBnwSeh2aPtncWmK/rXp3jFRcX7VBroaPxwfXwj0nHN0pKXFS37H3ts2IS
COWhGyYaNIl9i2FaNn/cpb/Vu41CWm4+F3C7W+8XnIxUEaXdLfCP3BJC0t6Xy/PM
FcxW0vFnuMPnRlidW2HgvUnxnyASz7DnNjh6p3KezqZufnjaoOdsKio=
</SessionKey>
<Encrypted>ymVDrXo57oJqskmamLb0PpWxzo/Y0YdUuYWBRDOpLWmB0h1dngCxFhArhZuPkAxi
KaiOZd8rrKiSOvy0DNdlqqIRfVI76oXwd66KIusraT/UP+8MUGiYGTMWkEGXBizk
HtHsK9UJHQSi/2KfUI8Y5RtcgMgnaBTVpGC+0oRYuHGBdyWMdAsQIc7uFHPweR0J
wZ3avvSgQe1pLMKutVWj3/RgWm9GNFtrXM4b5cMBjh0QWBuZRKL/UI2dH3Ica5Ys
0B5st/yAWFWpf0rQOLJzUYpdfZzETscrbUeUFrvA+skK/6Tff7TJEUVXbKQmW7eL
/rE9T+am6tEMrrNFG4kk89OgZx+JaAa1
</Encrypted>
</CancelInfo>
<ManageInfo/>
<ReservedInfo>
<MReserved1 urlencode="1"/>
<MReserved2 urlencode="1"/>
<MReserved3 urlencode="1"/>
</ReservedInfo>
</INIpay>
UmR+ET+hDOuBQYstXrOfNB6ncZ9qApHsFiLvBUMUSXzD2vU6QXaZRItkGEObF9aC
2rwsEvNt/CxHRh59w5xt3vpKTchwD85bMJwIikQ+BAkWJmCq+UPIWrPoakVZyoAf
PJ6TRwjuQ7ssT/VVJpbLjoXCrA4wRU2otKokG7yM8dM=
]
INFO	[2022-05-06 19:07:47:194] <12460> VERIFY OK
INFO	[2022-05-06 19:07:47:194] <12460> PARSE HEAD OK
INFO	[2022-05-06 19:07:47:194] <12460> PARSE BODY OK
INFO	[2022-05-06 19:07:47:195] <12460> DECRYPT OK
DEBUG	[2022-05-06 19:07:47:195] <12460> DECRYPT MSG:[<?xml version="1.0" encoding="UTF-8"?><CancelInfo>
<CancelDate>20220506</CancelDate>
<CancelTime>190747</CancelTime>
<ResultCode>120000</ResultCode>
<ResultMsg urlencode="1">%C1%A4%BB%F3%C3%B3%B8%AE%B5%C7%BE%FA%BD%C0%B4%CF%B4%D9.</ResultMsg>
</CancelInfo>]
INFO	[2022-05-06 19:07:47:195] <12460> DECRYPT PARSE OK
INFO	[2022-05-06 19:07:47:195] <12460> END cancel 정상처리되었습니다. Laptime:[0.374sec]
INFO	[2022-05-06 19:07:47:195] <12460> ===============================================================
