INFO	[2021-09-28 09:04:12:103] <30057> START INIPHP repay (V5036-141209)(OS:Linux2.6.32-754.11.1.el6.x86_64,PHP:5.3.3)
DEBUG	[2021-09-28 09:04:12:103] <30057> inipayhome:/home1/killdeal/public_html/shop/inicis
DEBUG	[2021-09-28 09:04:12:103] <30057> debug:false
DEBUG	[2021-09-28 09:04:12:103] <30057> type:repay
DEBUG	[2021-09-28 09:04:12:103] <30057> pgid:INIphpRPAY
DEBUG	[2021-09-28 09:04:12:103] <30057> subpgip:203.238.3.10
DEBUG	[2021-09-28 09:04:12:103] <30057> mid:fourseason
DEBUG	[2021-09-28 09:04:12:103] <30057> admin:1111
DEBUG	[2021-09-28 09:04:12:103] <30057> oldtid:StdpayISP_fourseason20210927111050000741
DEBUG	[2021-09-28 09:04:12:103] <30057> currency:WON
DEBUG	[2021-09-28 09:04:12:103] <30057> price:185000
DEBUG	[2021-09-28 09:04:12:103] <30057> confirm_price:275000
DEBUG	[2021-09-28 09:04:12:103] <30057> buyeremail:goodfd32@naver.com
DEBUG	[2021-09-28 09:04:12:103] <30057> tax:16818
DEBUG	[2021-09-28 09:04:12:103] <30057> taxfree:0
INFO	[2021-09-28 09:04:12:103] <30057> Check Field OK
INFO	[2021-09-28 09:04:12:103] <30057> Make TID OK INIphpRPAYfourseason20210928090412031154
INFO	[2021-09-28 09:04:12:103] <30057> PI PUB KEY LOAD OK []
INFO	[2021-09-28 09:04:12:104] <30057> PG PUB KEY LOAD OK [30]
INFO	[2021-09-28 09:04:12:104] <30057> MERCHANT PRIV KEY LOAD OK
INFO	[2021-09-28 09:04:12:104] <30057> MERCHANT PUB KEY LOAD OK [0]
DEBUG	[2021-09-28 09:04:12:105] <30057> MAKE ENCRYPT OK[<?xml version="1.0" encoding="UTF-8"?>
<PartCancelInfo>
	  <PRTC_TID>StdpayISP_fourseason20210927111050000741</PRTC_TID>
	  <PRTC_Price>185000</PRTC_Price>
	  <PRTC_Remains>275000</PRTC_Remains>
	  <PRTC_Quota/>
	  <PRTC_Interest/>
	  <PRTC_NoAcctFNBC/>
	  <PRTC_NmAcctFNBC/></PartCancelInfo>]
INFO	[2021-09-28 09:04:12:105] <30057> MAKE BODY OK
INFO	[2021-09-28 09:04:12:106] <30057> SIGN OK
INFO	[2021-09-28 09:04:12:106] <30057> MAKE HEAD OK
INFO	[2021-09-28 09:04:12:106] <30057> MSG_TO_PG:[0111800175D SHA1                   0                                      300620fourseason              185000INIphpRPAYfourseason20210928090412031154<?xml version="1.0" encoding="UTF-8"?>
<INIpay>
	  <PartCancelInfo>
	    <SessionKey>gUUuZLR9YHZBlP0tRnwd6A9WgtHWDvfEhwHiCfbdd+ByneK48wKLGl2rmUhm/V/0
2kAM5We0frpsCq5wq5isA6nG/P/9KquI9GhNbs+GccH1zH24ZHdYRn8GNuEGVwq0
oLkqJaKzDo4kXvuUo8SFZelpBj9qjaZGfT0caV2Dj34mhp++TyaFtw==
</SessionKey>
	    <Encrypted>vdbu5SS2tzxPaV3KzCmHvPpVcoluCnZ2q+s6uU8oGIVVdRW4ueiMBa5mXS82hDXK
WHaqskYlf5ccYCvbCqM9675AH6r5zrYxp6Ab3Er1KRxNoifWvsJqvF9yQp44RfRi
ZbrJQLgqt9AyKG+6nlorGqvyHlr/EPeFGHIGkH/QVjAVq6quKA90KFE/nD9XULcq
ovVuqrpLEk50/g05j54BpquFYwkKt59Yb2Mq4w5ARbUZIOFlX49dd/jbDyqYbtol
EytF7R4dRS+G90Yma9yF9xBS0z7cNGjEHXi4Ff+X8LiCQ0OaO8TwbUVkaMcmWMIM
8OiREkjGw5rvRwuo/QiQNbkZIgXnwdaRi0YDHoJ2SvbBiO6JC6/aGA/jcDuef7aX
KnVAXSrXQSQ=
</Encrypted></PartCancelInfo>
	  <GoodsInfo>
	    <Tax>16818</Tax>
	    <TaxFree/>
	    <Currency>WON</Currency></GoodsInfo>
	  <ReservedInfo>
	    <MReserved1/>
	    <MReserved2/>
	    <MReserved3/></ReservedInfo>
	  <ManageInfo>
	    <Language/>
	    <URL/>
	    <TXVersion>5036B141209repayLinux     PHPchkfake   2.6.32-754.11.1.el6.x86_64PHP:</TXVersion>
	    <TXUserID/>
	    <TXRegNum/></ManageInfo></INIpay>APCOebGZS9t18smFcRZPx4f0Hl1S4AEmJ6Lr0K602Q6WNKEUFZhO7KHfg03yjI0G
hxUOcbTIovghdsLiDueU1VB2l21/EJ7WMY3N8MjYvgiXde9LmwlpWgVdRXGu9IJv
hJdTyWASVng6RPOa2tVknJUg9wJtxZxWs9PzzdeoUhGG
]
INFO	[2021-09-28 09:04:12:106] <30057> DNS LOOKUP OK(203.238.37.3:203.238.37.3:34049) laptime:0
INFO	[2021-09-28 09:04:12:109] <30057> SOCKET CONNECT OK
INFO	[2021-09-28 09:04:12:109] <30057> SEND OK
INFO	[2021-09-28 09:04:12:336] <30057> RECV OK
INFO	[2021-09-28 09:04:12:336] <30057> MSG_FROM_PG:[0111400175D SHA1                   0                                      300630fourseason              185000INIphpRPAYfourseason20210928090412031154<?xml version="1.0" encoding="UTF-8"?><INIpay>
<PartCancelInfo>
<PayMethod>VCard</PayMethod>
<ResultCode>170000</ResultCode>
<ResultMsg urlencode="1">%C1%A4%BB%F3%BF%CF%B7%E1</ResultMsg>
<SessionKey>AB77APeqHyRrxh+vU/dz5l4jqdQTG2Wkv3FrhT9vy/i0Z0Tdc3tdUw4fZzvYt8ep
mboMNv6KUSmJATvjMAX5k1bwro3Ca/ftbkxSyOUs5SUwa4HxtHt5EG3CeKDdDxuN
TGRSMtm8n2HtfUzK9HmdEnbc8R7H0KqkydmUQD8lazvCQszFPvLRNJU=
</SessionKey>
<Encrypted>kWaHDz2/0U1IkgVBIYfg7CT5AvI3SGKG+F2bV3GzMkJ4GZ0swT6lk21OcXkDDS3G
jhQiUuP+UMeT5IHA7u55GGa+n6ElV48BTL1jrKmQ+/JPrzuaamOJtdiEYkCX1eP2
4AFeiMeRZR/GmOlSDz8nXy9FwdT+pbxV+mSB2oGpY4dACGhKiSy2uedIK2rgZO9O
etGdmR/LfTntqy9ujkg7X/XG1BFjUyI7FAn9pKkbkO4HnhlznfaeF5MKBSbqMaNJ
+fELBwxsI2S5YP089+KkSaAEZiSc8DDBVTp080444tncoys/xZ6Y56EYr3bW9CnH
awJvLTlvpstitl4NrySCe4F1/QVghV6zJkJoTiLxNGA9KmLCn49Yoc5oCPmqzbkQ
KBviZaBCr8332WThEUHkFJ9QmLmQuUei0Wy/hz0VCRqs4iot9hcRO6CrgXXspWLi
dsUiQmvrGlhb6C6HsJR2mY9pNxb//ixeikpxZwe32tRUAQ7t05qLxfEuMpD9YbmH
A4gZ1qx6Pr0=
</Encrypted>
</PartCancelInfo>
<ManageInfo/>
<ReservedInfo>
<MReserved1 urlencode="1"/>
<MReserved2 urlencode="1"/>
<MReserved3 urlencode="1"/>
</ReservedInfo>
</INIpay>
KDDvrEBHjb0bJLbZxUKIrqQvOwLfHShMDNpeOkSQmYv2UKp+3puEaQWeSySyiy66
R3m4CCEDLWXWHx8a5coan+LmYgFYPyXcHviLCC+F78lG0t+msW+AbXUmGdQDcvZw
8UQ1g3OIrqSLxWQrk4NAXsB3zYM6mH1L0pR3E3Qg+Gg=
]
INFO	[2021-09-28 09:04:12:336] <30057> VERIFY OK
INFO	[2021-09-28 09:04:12:336] <30057> PARSE HEAD OK
INFO	[2021-09-28 09:04:12:336] <30057> PARSE BODY OK
INFO	[2021-09-28 09:04:12:337] <30057> DECRYPT OK
DEBUG	[2021-09-28 09:04:12:337] <30057> DECRYPT MSG:[<?xml version="1.0" encoding="UTF-8"?><PartCancelInfo>
<PRTC_TID>StdpayISP_fourseason20210927111050000741</PRTC_TID>
<PRTC_Price>185000</PRTC_Price>
<PRTC_Remains>275000</PRTC_Remains>
<PRTC_Quota>06</PRTC_Quota>
<PRTC_Type>1</PRTC_Type>
<CancelDate>20210928</CancelDate>
<CancelTime>090411</CancelTime>
<PRTC_Cnt>1</PRTC_Cnt>
<PRTC_SubRemains>275000</PRTC_SubRemains>
</PartCancelInfo>]
INFO	[2021-09-28 09:04:12:338] <30057> DECRYPT PARSE OK
INFO	[2021-09-28 09:04:12:338] <30057> END repay 정상완료 Laptime:[0.235sec]
INFO	[2021-09-28 09:04:12:338] <30057> ===============================================================
