INFO	[2023-04-01 09:19:39:745] <26168> START INIPHP cancel (V5036-141209)(OS:Linux2.6.32-754.11.1.el6.x86_64,PHP:5.3.3)
DEBUG	[2023-04-01 09:19:39:745] <26168> inipayhome:/home1/killdeal/public_html/shop/inicis
DEBUG	[2023-04-01 09:19:39:745] <26168> debug:false
DEBUG	[2023-04-01 09:19:39:745] <26168> type:cancel
DEBUG	[2023-04-01 09:19:39:745] <26168> mid:majorgol03
DEBUG	[2023-04-01 09:19:39:745] <26168> admin:1111
DEBUG	[2023-04-01 09:19:39:745] <26168> tid:INIMX_CARDmajorgol0320230331185040435479
DEBUG	[2023-04-01 09:19:39:745] <26168> cancelmsg:주문자 본인 취소-상품옵션 선택 잘못함
INFO	[2023-04-01 09:19:39:745] <26168> Check Field OK
INFO	[2023-04-01 09:19:39:745] <26168> PI PUB KEY LOAD OK []
INFO	[2023-04-01 09:19:39:745] <26168> PG PUB KEY LOAD OK [30]
INFO	[2023-04-01 09:19:39:746] <26168> MERCHANT PRIV KEY LOAD OK
INFO	[2023-04-01 09:19:39:746] <26168> MERCHANT PUB KEY LOAD OK [0]
DEBUG	[2023-04-01 09:19:39:747] <26168> MAKE ENCRYPT OK[<?xml version="1.0" encoding="UTF-8"?>
<CancelInfo>
	  <CancelTID>INIMX_CARDmajorgol0320230331185040435479</CancelTID>
	  <CancelMsg urlencode="1">%C1%D6%B9%AE%C0%DA+%BA%BB%C0%CE+%C3%EB%BC%D2-%BB%F3%C7%B0%BF%C9%BC%C7+%BC%B1%C5%C3+%C0%DF%B8%F8%C7%D4</CancelMsg>
	  <CancelReason/></CancelInfo>]
INFO	[2023-04-01 09:19:39:747] <26168> MAKE BODY OK
INFO	[2023-04-01 09:19:39:747] <26168> SIGN OK
INFO	[2023-04-01 09:19:39:747] <26168> MAKE HEAD OK
INFO	[2023-04-01 09:19:39:747] <26168> MSG_TO_PG:[0101500175D SHA1                   0                                      300420majorgol03                    INIMX_CARDmajorgol0320230331185040435479<?xml version="1.0" encoding="UTF-8"?>
<INIpay>
	  <CancelInfo>
	    <SessionKey>eCt1uU+fOvSoXnX91oVf0ZY9gtP//66feprmLRXvmL65K1rSc8LZKKimAVd4v0cH
m80hjvZUwpom/ejC8BIzrPOJf0uo7/T5ww+ILF/HGTe6mbcTVPtNsn3kYno9OkPE
NKP6zpU1dyjVzGm1o5gsSCGnPofIXDLiEsOvB6VwURPSg22Q1mz3ww==
</SessionKey>
	    <Encrypted>AurjzKH9NWQHfrrip3+9ER4BnX025kHAt5RnmBD5BDp1SqAY5Dm60Z34bStFuYhi
3SmPk5buMtEWdEowW56hQTqsfZwogEhj59B2tNAcedM0X3Togn7kqC1KW9H5ACEB
kPnaK5u4WLOk7++62dPPP6Dy3T8dmUcNP28DbII4dQlQi1m9FgcoX3qKfScLVuOR
tHDB6KrjLU3YbV17H1/PWA22iC3dxHS+CcsJ8Wx1ETWIhgulTbb+JuomUxDM0quF
8PQqBX93uOQhImjiEfqAdOSvmvZbLWZVWyprk+PawSDn8mFSHGmBIenTCjgOmVhq
CNDiQiaMcR7CIykBJCwURAn8AEQNbT6T5VVu/Wq0T0kxkzXawJNYIeq9lKDgsr4S
leSC/GSKSD8=
</Encrypted></CancelInfo>
	  <ReservedInfo>
	    <MReserved1/>
	    <MReserved2/>
	    <MReserved3/></ReservedInfo>
	  <ManageInfo>
	    <Language/>
	    <URL/>
	    <TXVersion>5036B141209canceLinux     PHPchkfake   2.6.32-754.11.1.el6.x86_64PHP:</TXVersion>
	    <TXUserID/>
	    <TXRegNum/></ManageInfo></INIpay>ARaqrzq4PNezRf6xpdqQJxv8gj/Mf/xexeC/UN8hgKWVLOYjCZZ/+HwTmWh6Aq1n
+dLksx1m7xu2WdtR7EDhZb4VHSRqD1iUI51E/2HoYbHR6J2ogqBKdyJjk/zk5QI4
WhS/03sZ5z/Q48wmEZcfvX24J4WOjg0ADnZAOJ4MllA9
]
INFO	[2023-04-01 09:19:39:747] <26168> DNS LOOKUP OK(203.238.37.3:203.238.37.3:34049) laptime:0
INFO	[2023-04-01 09:19:39:750] <26168> SOCKET CONNECT OK
INFO	[2023-04-01 09:19:39:750] <26168> SEND OK
INFO	[2023-04-01 09:19:39:949] <26168> RECV OK
INFO	[2023-04-01 09:19:39:949] <26168> MSG_FROM_PG:[0093300175D SHA1                   0                                      300430majorgol03                    INIMX_CARDmajorgol0320230331185040435479<?xml version="1.0" encoding="UTF-8"?><INIpay>
<CancelInfo>
<ResultCode>120000</ResultCode>
<ResultMsg urlencode="1">%C1%A4%BB%F3%C3%B3%B8%AE%B5%C7%BE%FA%BD%C0%B4%CF%B4%D9.</ResultMsg>
<SessionKey>AEIi/GvgtPfO9bd6qD1sN7cfRqrDLXJ7uITHzarSvlmm91ZKcfKcU+lGPmvCJyC8
vxo19CVBcomAMGlKbw1MbNwZ1qILEWmMGAXtaQCQcvPRg1ma24pvPyd8MTscLlCC
aS6NeHgqpOqSnokxyVfw4vBoY8GrtqLZAoZQM5DMRMNlbBJImzPCHgY=
</SessionKey>
<Encrypted>S5J+pi2K/shGZeLTzy8QjntU7/0KKyfOf6JFcLE6Qbanpr/GGSGQYZMp8jmV4lZ4
3UhQT+o7lh6QUyfnlrBpjo8IBCm+90q6v1sTASNA+jkkhJUW2DF/RzV1E2F1KQFb
g+es9E2IBYjmiSETq5lGctb4CawjLCssyH3dETI0WNNuHRoXpG3NYh1ysOdb823d
aw1pQ36NJ31Sjq/vVsJc5cP/XCnlG+slXOG44Ih/9uYXlFj9677HDBZEAyxqfQyh
6k8/KzNZDtdaYdW7NjlLxb4zEQCO87oLWAFxdCmieWm6El+uPIAT77ZQMn+Z9Znk
ocAC3CBdDoRSN6AsBGoUCwO9o27NtgZG
</Encrypted>
</CancelInfo>
<ManageInfo/>
<ReservedInfo>
<MReserved1 urlencode="1"/>
<MReserved2 urlencode="1"/>
<MReserved3 urlencode="1"/>
</ReservedInfo>
</INIpay>
Jsg8Nvk3AyWdkh0sexIDXP86hTL6nmBqzwurvUu9d2hS0MZc6b6MmbtgPx4PdT5J
eN3PFBncXZE2wSPkf+OTI0obqyqh7/CXuVIla3xeKDUloWf9fOL9j53tMB5C4+HB
p8HW/cjp6ghClnzXkY4QnDXznYL5JKH8QvhJvkg0578=
]
INFO	[2023-04-01 09:19:39:949] <26168> VERIFY OK
INFO	[2023-04-01 09:19:39:949] <26168> PARSE HEAD OK
INFO	[2023-04-01 09:19:39:950] <26168> PARSE BODY OK
INFO	[2023-04-01 09:19:39:950] <26168> DECRYPT OK
DEBUG	[2023-04-01 09:19:39:950] <26168> DECRYPT MSG:[<?xml version="1.0" encoding="UTF-8"?><CancelInfo>
<CancelDate>20230401</CancelDate>
<CancelTime>091940</CancelTime>
<ResultCode>120000</ResultCode>
<ResultMsg urlencode="1">%C1%A4%BB%F3%C3%B3%B8%AE%B5%C7%BE%FA%BD%C0%B4%CF%B4%D9.</ResultMsg>
</CancelInfo>]
INFO	[2023-04-01 09:19:39:950] <26168> DECRYPT PARSE OK
INFO	[2023-04-01 09:19:39:950] <26168> END cancel 정상처리되었습니다. Laptime:[0.207sec]
INFO	[2023-04-01 09:19:39:950] <26168> ===============================================================
