INFO	[2021-08-05 13:08:40:432] <6068> START INIPHP repay (V5036-141209)(OS:Linux2.6.32-754.11.1.el6.x86_64,PHP:5.3.3)
DEBUG	[2021-08-05 13:08:40:433] <6068> inipayhome:/home1/killdeal/public_html/shop/inicis
DEBUG	[2021-08-05 13:08:40:433] <6068> debug:false
DEBUG	[2021-08-05 13:08:40:433] <6068> type:repay
DEBUG	[2021-08-05 13:08:40:433] <6068> pgid:INIphpRPAY
DEBUG	[2021-08-05 13:08:40:433] <6068> subpgip:203.238.3.10
DEBUG	[2021-08-05 13:08:40:433] <6068> mid:fourseason
DEBUG	[2021-08-05 13:08:40:433] <6068> admin:1111
DEBUG	[2021-08-05 13:08:40:433] <6068> oldtid:StdpayCARDfourseason20210726155630849215
DEBUG	[2021-08-05 13:08:40:433] <6068> currency:WON
DEBUG	[2021-08-05 13:08:40:433] <6068> price:31200
DEBUG	[2021-08-05 13:08:40:433] <6068> confirm_price:39000
DEBUG	[2021-08-05 13:08:40:433] <6068> buyeremail:8547858@naver.com
DEBUG	[2021-08-05 13:08:40:433] <6068> tax:2836
DEBUG	[2021-08-05 13:08:40:433] <6068> taxfree:0
INFO	[2021-08-05 13:08:40:433] <6068> Check Field OK
INFO	[2021-08-05 13:08:40:433] <6068> Make TID OK INIphpRPAYfourseason20210805130840336462
INFO	[2021-08-05 13:08:40:433] <6068> PI PUB KEY LOAD OK []
INFO	[2021-08-05 13:08:40:433] <6068> PG PUB KEY LOAD OK [30]
INFO	[2021-08-05 13:08:40:433] <6068> MERCHANT PRIV KEY LOAD OK
INFO	[2021-08-05 13:08:40:433] <6068> MERCHANT PUB KEY LOAD OK [0]
DEBUG	[2021-08-05 13:08:40:434] <6068> MAKE ENCRYPT OK[<?xml version="1.0" encoding="UTF-8"?>
<PartCancelInfo>
	  <PRTC_TID>StdpayCARDfourseason20210726155630849215</PRTC_TID>
	  <PRTC_Price>31200</PRTC_Price>
	  <PRTC_Remains>39000</PRTC_Remains>
	  <PRTC_Quota/>
	  <PRTC_Interest/>
	  <PRTC_NoAcctFNBC/>
	  <PRTC_NmAcctFNBC/></PartCancelInfo>]
INFO	[2021-08-05 13:08:40:434] <6068> MAKE BODY OK
INFO	[2021-08-05 13:08:40:435] <6068> SIGN OK
INFO	[2021-08-05 13:08:40:435] <6068> MAKE HEAD OK
INFO	[2021-08-05 13:08:40:435] <6068> MSG_TO_PG:[0111700175D SHA1                   0                                      300620fourseason               31200INIphpRPAYfourseason20210805130840336462<?xml version="1.0" encoding="UTF-8"?>
<INIpay>
	  <PartCancelInfo>
	    <SessionKey>xLbnds2HRbhygObhvOOPZ0TycJH4EmiumnTWeVBcg8BeBYlYbeiThD3FRoLIqE/X
vDWlRadcjUbrNMw3YS70HhEjEsoqYRORzB73ZR53we8DEoQ6j8FeXWMNv+WjULVm
Ml7LN06GYfaT1f236jk4gCm5B/fOunR188ccTHa/lIf7a9ogunBVQQ==
</SessionKey>
	    <Encrypted>ipcwFR+s8xR0E/wRCRpFfxXJmVHfUP96604pggpINyjotk8T7BDDp9nPr7bzhq9d
hO9n8Mrw9YefGG3uvrZUCcedmiVnorX/pEdSpZeBD9zXbmDT7KgZaxrRdmF+V+ii
riakdzaC7Y//q3mFrzFKflRkJrT7cf0rKTOIVwo586OF7ZvLO9qzkalP/OeUyttD
D6T2ZNhNyMe7G36Mb5hJ7qC3dhtiXm3ArjEooBL4ez3oOzxzY1CrpVD9b5ylB2WC
YYEsOqMvP80VXswTw1EfzoUijp5gGiRpMCotCP7gS+qcFj8QcXXOmM+BmTkcZeEn
PuERU+ABMzeGODiwwLxocu+znEZ8mbQ+3lB2928vU+WzUKsGupdWF9lcOSA4mxPv
bw/5vplmp0o=
</Encrypted></PartCancelInfo>
	  <GoodsInfo>
	    <Tax>2836</Tax>
	    <TaxFree/>
	    <Currency>WON</Currency></GoodsInfo>
	  <ReservedInfo>
	    <MReserved1/>
	    <MReserved2/>
	    <MReserved3/></ReservedInfo>
	  <ManageInfo>
	    <Language/>
	    <URL/>
	    <TXVersion>5036B141209repayLinux     PHPchkfake   2.6.32-754.11.1.el6.x86_64PHP:</TXVersion>
	    <TXUserID/>
	    <TXRegNum/></ManageInfo></INIpay>AEUJymIGxkQzDbVbHXN4EXz8NBQrRX+VRdoQdCpQyVitpuk001HkuE8puXgO3ppW
qOsHF8uCAmCGzYEnAEbUKnyr+QF0ivN46Brojv8bgOZwLrLG3e0rHeNQ6eOcbaYX
AKrHU5f+Mzyriu0f1pJf06xqt2+OhpaJLrpWnZw4WfUV
]
INFO	[2021-08-05 13:08:40:435] <6068> DNS LOOKUP OK(203.238.37.3:203.238.37.3:34049) laptime:0
INFO	[2021-08-05 13:08:40:438] <6068> SOCKET CONNECT OK
INFO	[2021-08-05 13:08:40:438] <6068> SEND OK
INFO	[2021-08-05 13:08:40:688] <6068> RECV OK
INFO	[2021-08-05 13:08:40:688] <6068> MSG_FROM_PG:[0098000175D SHA1                   0                                      300630fourseason               31200INIphpRPAYfourseason20210805130840336462<?xml version="1.0" encoding="UTF-8"?><INIpay>
<PartCancelInfo>
<PayMethod>Card</PayMethod>
<ResultCode>120000</ResultCode>
<ResultMsg urlencode="1">%C1%A4%BB%F3%C3%B3%B8%AE%B5%C7%BE%FA%BD%C0%B4%CF%B4%D9.</ResultMsg>
<SessionKey>AIT0LRfKsvD5aVsHZjVNXmifOaaVq1kBrzrV4pZwDWr1v91W+Cg9x9+bqsbv9ITq
k/oVJzm9zSt+rTyKq7L744968mWG/qICA6YPf13tc5LK/ysKkDnRiHVFaoQlbYD5
KkB1VwgeNJTiX0/tj1b2GNieKZqjVeCiugsBkrf1eFKZWztTCzfeBF4=
</SessionKey>
<Encrypted>qWzk6fz43ZXDI79XeZGi6soEQ1On+Y38Oie/G5/RsZlPwM1CUHU7GNuwhH7V9xNO
S/hjS2hvi+0kfI2zdH96hB5V5HGj4jj8Zs8YQM6qMzqiRJvpAm4DVpIDxN1F+l/I
ViPh1n3Rj++SjdDM7lAZKo5oJkzfFFyWXGPKmwCS29XVDcJDnCUPm1N/cvapjBl1
tT2QUpQ+OUVqdSFbOvyhjDWhvwGjIfuR0FvlDKbINXjnM6VJG7y+4R8xtOZdEBRh
oUozD6x6SQzoqh67F4PKej4bwDhNISOW0xxMiOFKMe0yOWKlQ0hT8SOcyMc2MiN0
zE82GAYglj3T8yg/FHwADNTqsD5+yoNQlygAmBMzPYVv7itUF9XzSOsww4NI/q25
b9P8tML/pBfzdF0FKNRZcL2Y6VnBPmwcOdbBNQnPemvsJ6s/VRnCXKkPvxHQ6ykj
NE8TeOH2Jb0=
</Encrypted>
</PartCancelInfo>
<ManageInfo/>
<ReservedInfo/>
</INIpay>
OIuE7OjznHcvOC2J1ucxbMEJMeCYTcE+pRTLA1eYxbZ/Tus+wGOf4bAkwwmu1+u/
21R7jt8W3c1nEwZhX/xxAUXlgvUAvaNcrp7A9p5t8prDKoTtwlM4pfQtWvm++UL9
e7zOJGqKMwpZRqvqcr+eW7mCkn9Ie5hskVheXp8ZpKg=
]
INFO	[2021-08-05 13:08:40:688] <6068> VERIFY OK
INFO	[2021-08-05 13:08:40:688] <6068> PARSE HEAD OK
INFO	[2021-08-05 13:08:40:689] <6068> PARSE BODY OK
INFO	[2021-08-05 13:08:40:689] <6068> DECRYPT OK
DEBUG	[2021-08-05 13:08:40:689] <6068> DECRYPT MSG:[<?xml version="1.0" encoding="UTF-8"?><PartCancelInfo>
<PRTC_TID>StdpayCARDfourseason20210726155630849215</PRTC_TID>
<PRTC_Price>31200</PRTC_Price>
<PRTC_Remains>39000</PRTC_Remains>
<PRTC_Quota>02</PRTC_Quota>
<PRTC_Type>1</PRTC_Type>
<CancelDate>20210805</CancelDate>
<CancelTime>130841</CancelTime>
<PRTC_Cnt>1</PRTC_Cnt>
</PartCancelInfo>]
INFO	[2021-08-05 13:08:40:690] <6068> DECRYPT PARSE OK
INFO	[2021-08-05 13:08:40:690] <6068> END repay 정상처리되었습니다. Laptime:[0.257sec]
INFO	[2021-08-05 13:08:40:690] <6068> ===============================================================
