INFO	[2022-04-20 11:27:56:743] <31915> START INIPHP cancel (V5036-141209)(OS:Linux2.6.32-754.11.1.el6.x86_64,PHP:5.3.3)
DEBUG	[2022-04-20 11:27:56:743] <31915> inipayhome:/home1/killdeal/public_html/shop/inicis
DEBUG	[2022-04-20 11:27:56:743] <31915> debug:false
DEBUG	[2022-04-20 11:27:56:743] <31915> type:cancel
DEBUG	[2022-04-20 11:27:56:743] <31915> mid:majorgol03
DEBUG	[2022-04-20 11:27:56:743] <31915> admin:1111
DEBUG	[2022-04-20 11:27:56:743] <31915> tid:INIMX_CARDmajorgol0320220409014746645556
DEBUG	[2022-04-20 11:27:56:743] <31915> cancelmsg:쇼핑몰 운영자 승인 취소
INFO	[2022-04-20 11:27:56:743] <31915> Check Field OK
INFO	[2022-04-20 11:27:56:743] <31915> PI PUB KEY LOAD OK []
INFO	[2022-04-20 11:27:56:743] <31915> PG PUB KEY LOAD OK [30]
INFO	[2022-04-20 11:27:56:744] <31915> MERCHANT PRIV KEY LOAD OK
INFO	[2022-04-20 11:27:56:744] <31915> MERCHANT PUB KEY LOAD OK [0]
DEBUG	[2022-04-20 11:27:56:744] <31915> MAKE ENCRYPT OK[<?xml version="1.0" encoding="UTF-8"?>
<CancelInfo>
	  <CancelTID>INIMX_CARDmajorgol0320220409014746645556</CancelTID>
	  <CancelMsg urlencode="1">%BC%EE%C7%CE%B8%F4+%BF%EE%BF%B5%C0%DA+%BD%C2%C0%CE+%C3%EB%BC%D2</CancelMsg>
	  <CancelReason/></CancelInfo>]
INFO	[2022-04-20 11:27:56:744] <31915> MAKE BODY OK
INFO	[2022-04-20 11:27:56:745] <31915> SIGN OK
INFO	[2022-04-20 11:27:56:745] <31915> MAKE HEAD OK
INFO	[2022-04-20 11:27:56:745] <31915> MSG_TO_PG:[0096200175D SHA1                   0                                      300420majorgol03                    INIMX_CARDmajorgol0320220409014746645556<?xml version="1.0" encoding="UTF-8"?>
<INIpay>
	  <CancelInfo>
	    <SessionKey>cySSW90QgafKOlWth15Lyv6Gqo1M9TydhdOEEmilo8VHBdGWSp07O3spInGY/NhJ
ogcF7hov94RGQ0MeWYiP2VCw+21OGnR/pc7AJSTyZLaW5xAcURp2v0y/6i/LUjcz
CFW6cO65Tya3GeSsNhT1haygMzFLrZ/ikryf5LKuzvN2oSVB1JXQYg==
</SessionKey>
	    <Encrypted>wZMnUb3fRmxQRFykwcpjeBwVLhYz/NGm+Z0DjCbKBsx0LNoVfD5PSq7ns11UEzSI
yhuvRC6r/yvQy7miHZ1JYxVGdJiCRZbabemm5L746/jy32kT8s7wBGA2wnJ07k1Z
b7/kWvEBVZXXm9Yuv470GU0Ot2XSaUOIOONMExaY+mkexW3k9AsxvA1dRcLejW0W
wfCs3P9rkTj/gg29TxxlGpF1fvwBxn0Ym3cu/LnKIUFBsTbm+NFSfE/X05CkkSn9
vKXAQ1B9NG6Chk7URLy+lrAIwLh3kNCDhDAbvGs7k1DFKBN8Vknd6Nl8+uQD1Dom
Bigr2D720U06/2e2NpnThQ==
</Encrypted></CancelInfo>
	  <ReservedInfo>
	    <MReserved1/>
	    <MReserved2/>
	    <MReserved3/></ReservedInfo>
	  <ManageInfo>
	    <Language/>
	    <URL/>
	    <TXVersion>5036B141209canceLinux     PHPchkfake   2.6.32-754.11.1.el6.x86_64PHP:</TXVersion>
	    <TXUserID/>
	    <TXRegNum/></ManageInfo></INIpay>ADRYCiRUq+FcckTRVw5PYT2KjFhSkXI6Ek3vGGQWE2ytzc5lAmTDbw5yEB5hSlZG
4OIGCoxPz35TRIb/YKrF2gAUC2bzAGKzJi4lP1Ib3ZV1Q0VzCu9ngHZmizPLGCEh
768GB0Yb6I2VGwZTvwG0j3BdipEusfjvtF/PkLdeDBrs
]
INFO	[2022-04-20 11:27:56:745] <31915> DNS LOOKUP OK(203.238.37.3:203.238.37.3:34049) laptime:0
INFO	[2022-04-20 11:27:56:747] <31915> SOCKET CONNECT OK
INFO	[2022-04-20 11:27:56:747] <31915> SEND OK
INFO	[2022-04-20 11:27:57:180] <31915> RECV OK
INFO	[2022-04-20 11:27:57:180] <31915> MSG_FROM_PG:[0093300175D SHA1                   0                                      300430majorgol03                    INIMX_CARDmajorgol0320220409014746645556<?xml version="1.0" encoding="UTF-8"?><INIpay>
<CancelInfo>
<ResultCode>120000</ResultCode>
<ResultMsg urlencode="1">%C1%A4%BB%F3%C3%B3%B8%AE%B5%C7%BE%FA%BD%C0%B4%CF%B4%D9.</ResultMsg>
<SessionKey>AQg7ylB/HQdAdJkqRiD8bKih1hrpAgEHqi1SRKoA0cYb+XCL1Tkjte1Gxd1Xqg9Y
8o98Oc97r4EGcmBkVrOFWG0ZTXd9srXmTra2KxPUZlI3QT0YCl63+vwsjqU66q9W
sUDfMcNVkUn7nlQY/SZAs21PytsODses1D0eFfXHdBoVjcieUC8DWA0=
</SessionKey>
<Encrypted>eE7NDtBzPoUgeY2+cxXWllWRVbwJ/6VaEl5PnMD1+qPQZalCweW1BQuwNYGlZtFJ
aoIIn4hHQRm2l6fCgYLd01uRBq8YjpStLlGXaQKfwnK42VC5HTgz2NyF1j9If9S7
k/9W2h/I+q4y8tTTpyWxWQVFl6SINZy2tKsV4vjQg0qSiN+ICyMlDTnWaJpMMtUG
ROjZODkRusKcUfUhAF7nTQ0f9UeFhfU2EX9qljaFl9QHRxGouyhOqPsEKoT11bUh
q354F7Ffj+j3PJ87XUhZ1JCuWgTx1uS65LshVIqKW+JptR5U+vJczRz76N2hgcYd
J69ulvko1XHj2I47iFJtuH9ROvooWg+s
</Encrypted>
</CancelInfo>
<ManageInfo/>
<ReservedInfo>
<MReserved1 urlencode="1"/>
<MReserved2 urlencode="1"/>
<MReserved3 urlencode="1"/>
</ReservedInfo>
</INIpay>
DCh/fzlu6aia+PhJ/L6NAhnkMv+74TPMhJjAZArtcBTIKtAP6boPK64GmOAooUkU
xytiMsYvwu3YomgBL+CEsLPFPbYM7we9vXqcW9Rgl/boLk8b8+4MhNT0VW+GRfXR
IRi3x/jiuYw48KwhID3oyZuo0nOdC4X02qcj5rp01PE=
]
INFO	[2022-04-20 11:27:57:180] <31915> VERIFY OK
INFO	[2022-04-20 11:27:57:180] <31915> PARSE HEAD OK
INFO	[2022-04-20 11:27:57:180] <31915> PARSE BODY OK
INFO	[2022-04-20 11:27:57:181] <31915> DECRYPT OK
DEBUG	[2022-04-20 11:27:57:181] <31915> DECRYPT MSG:[<?xml version="1.0" encoding="UTF-8"?><CancelInfo>
<CancelDate>20220420</CancelDate>
<CancelTime>112757</CancelTime>
<ResultCode>120000</ResultCode>
<ResultMsg urlencode="1">%C1%A4%BB%F3%C3%B3%B8%AE%B5%C7%BE%FA%BD%C0%B4%CF%B4%D9.</ResultMsg>
</CancelInfo>]
INFO	[2022-04-20 11:27:57:181] <31915> DECRYPT PARSE OK
INFO	[2022-04-20 11:27:57:181] <31915> END cancel 정상처리되었습니다. Laptime:[0.438sec]
INFO	[2022-04-20 11:27:57:181] <31915> ===============================================================
