INFO	[2023-06-22 13:00:36:103] <15150> START INIPHP cancel (V5036-141209)(OS:Linux2.6.32-754.11.1.el6.x86_64,PHP:5.3.3)
DEBUG	[2023-06-22 13:00:36:103] <15150> inipayhome:/home1/killdeal/public_html/shop/inicis
DEBUG	[2023-06-22 13:00:36:103] <15150> debug:false
DEBUG	[2023-06-22 13:00:36:103] <15150> type:cancel
DEBUG	[2023-06-22 13:00:36:103] <15150> mid:majorgol03
DEBUG	[2023-06-22 13:00:36:103] <15150> admin:1111
DEBUG	[2023-06-22 13:00:36:103] <15150> tid:INIMX_CARDmajorgol0320230622120338835161
DEBUG	[2023-06-22 13:00:36:103] <15150> cancelmsg:쇼핑몰 운영자 승인 취소
INFO	[2023-06-22 13:00:36:103] <15150> Check Field OK
INFO	[2023-06-22 13:00:36:103] <15150> PI PUB KEY LOAD OK []
INFO	[2023-06-22 13:00:36:155] <15150> PG PUB KEY LOAD OK [30]
INFO	[2023-06-22 13:00:36:156] <15150> MERCHANT PRIV KEY LOAD OK
INFO	[2023-06-22 13:00:36:156] <15150> MERCHANT PUB KEY LOAD OK [0]
DEBUG	[2023-06-22 13:00:36:157] <15150> MAKE ENCRYPT OK[<?xml version="1.0" encoding="UTF-8"?>
<CancelInfo>
	  <CancelTID>INIMX_CARDmajorgol0320230622120338835161</CancelTID>
	  <CancelMsg urlencode="1">%BC%EE%C7%CE%B8%F4+%BF%EE%BF%B5%C0%DA+%BD%C2%C0%CE+%C3%EB%BC%D2</CancelMsg>
	  <CancelReason/></CancelInfo>]
INFO	[2023-06-22 13:00:36:157] <15150> MAKE BODY OK
INFO	[2023-06-22 13:00:36:157] <15150> SIGN OK
INFO	[2023-06-22 13:00:36:157] <15150> MAKE HEAD OK
INFO	[2023-06-22 13:00:36:157] <15150> MSG_TO_PG:[0096200175D SHA1                   0                                      300420majorgol03                    INIMX_CARDmajorgol0320230622120338835161<?xml version="1.0" encoding="UTF-8"?>
<INIpay>
	  <CancelInfo>
	    <SessionKey>VGUimxb5fBnO25degtMUlAFpVuBlyAXsvRrpwTVJC3Y7g8o4D8s4yTkiNlwJ6/hb
dSgKgmdJZfjG2KfUdfdDLOn5hAXEI4x+WviVaIBPP3eKCFFUuzlykEC0MvGIacjx
TZuARaiYqxo7SNu0JO22wDwlkINgfDAyVeer9bjw0dgmvbO5xw21VQ==
</SessionKey>
	    <Encrypted>0Sj/daHNXMYtyfLxgUFrDX7g6WL70JvMCH8TGwOTeoW/Ph29dWTcNlbAgSqDvIdJ
Ykh+16N94rstVqx2upZ22FEW5ATSdy6M33WwHqbxwYwDh5H65BAubQfS2Vjzr0k5
CszfthRYVj5ZSRyzdJ6tpzDDXkbh9wkwND74HC+Qxx7hs10m6nvfCKeEob7s0qgs
qoQpYFFiTtVJryRNz5q1D8MiP2KKjGmtNeWMNkHo+vzT7NZx9tLuoItbgwcHOUyz
mPlhDHVXd8LtMagKGdmegmAU3PzGQZtDqpv0p/bODGNyqKAqAdTCcNNIJN/x36XO
LV+TqBKsv6PybEAUYeoEMw==
</Encrypted></CancelInfo>
	  <ReservedInfo>
	    <MReserved1/>
	    <MReserved2/>
	    <MReserved3/></ReservedInfo>
	  <ManageInfo>
	    <Language/>
	    <URL/>
	    <TXVersion>5036B141209canceLinux     PHPchkfake   2.6.32-754.11.1.el6.x86_64PHP:</TXVersion>
	    <TXUserID/>
	    <TXRegNum/></ManageInfo></INIpay>ARdb+uZ2GckIlhBiuObJBcX/xIhnjJNsJVcoZFzsQdlQxhjAKa/nMebZDQjWh3oa
fcBC0P+9HZuLP01AyboQ9ImCjztT6CsdijiAR5WTkkgfkG5BKDZOZY+hKB/lStO8
DxDYfeYwy3k0p34Ggvj5dPJgWbLsicNsJH08F771EmT+
]
INFO	[2023-06-22 13:00:36:157] <15150> DNS LOOKUP OK(203.238.37.3:203.238.37.3:34049) laptime:0
INFO	[2023-06-22 13:00:36:159] <15150> SOCKET CONNECT OK
INFO	[2023-06-22 13:00:36:159] <15150> SEND OK
INFO	[2023-06-22 13:00:36:427] <15150> RECV OK
INFO	[2023-06-22 13:00:36:427] <15150> MSG_FROM_PG:[0093300175D SHA1                   0                                      300430majorgol03                    INIMX_CARDmajorgol0320230622120338835161<?xml version="1.0" encoding="UTF-8"?><INIpay>
<CancelInfo>
<ResultCode>120000</ResultCode>
<ResultMsg urlencode="1">%C1%A4%BB%F3%C3%B3%B8%AE%B5%C7%BE%FA%BD%C0%B4%CF%B4%D9.</ResultMsg>
<SessionKey>AFusMOzMx0KGIKz4OyZ8D21JP4idGRMvt340m0VNSgwf8hARYmZgVDxaNw3rs8mu
tq2wD09d1VcIUUDQZ6RbM07wRAWtXC1jw98Ij9S3cFgWVhDmGG29fQz3e8tMb2tU
iI7CoWF2TC0/TGuidGkXMv1/k8vKoHu6ulPmuRYqT4fZxfY7s3Jk5iE=
</SessionKey>
<Encrypted>W69BbSPGpDX20Ns2jYRXtcVtMLznuPdBUFMqcwWnDfHKBgReZNPm0Fj/tiLmOBXQ
/xS+90died9LdyuOWcHymS/SylZCEJykeWw2Y9Oc4fAv22ewI3u+/AdDkAZcYWQ6
rWFNkFvqWCzKQXsrPcTtIloBHl45AiNiT92YvXlGgkRmmAmupjoq7C0DLX20GDvU
AV2jqoN4SnU0La3FWDQI150TWaA+Dvu3huNlvEJhywFU4RmD/p25TNYLp52rj7FK
Fy4gaWiDeARkl/LLPZA7PO1ijwwcHVGBQrCYx/M+y4JliBEQhxI69qeoqiHzq5SB
5yHAoAMwleaO5DR4awGUpJ4wadIsgzHL
</Encrypted>
</CancelInfo>
<ManageInfo/>
<ReservedInfo>
<MReserved1 urlencode="1"/>
<MReserved2 urlencode="1"/>
<MReserved3 urlencode="1"/>
</ReservedInfo>
</INIpay>
WQTshOutCnlk5mlTjQLMkemNEKyLkygHbkDRxBMZCXVndfiLarzEAQlMWEtGym9i
QqMl6kwmWhZAUh/fVjHmqb87fW77bKcAkv/nuHKG2CiZeF94VZGdO0nBGRg5zYkI
M8oVP7rfG+RggP4RBzxtHhCpWzNfx9MzKTU4nDW2Fck=
]
INFO	[2023-06-22 13:00:36:427] <15150> VERIFY OK
INFO	[2023-06-22 13:00:36:427] <15150> PARSE HEAD OK
INFO	[2023-06-22 13:00:36:431] <15150> PARSE BODY OK
INFO	[2023-06-22 13:00:36:432] <15150> DECRYPT OK
DEBUG	[2023-06-22 13:00:36:432] <15150> DECRYPT MSG:[<?xml version="1.0" encoding="UTF-8"?><CancelInfo>
<CancelDate>20230622</CancelDate>
<CancelTime>130036</CancelTime>
<ResultCode>120000</ResultCode>
<ResultMsg urlencode="1">%C1%A4%BB%F3%C3%B3%B8%AE%B5%C7%BE%FA%BD%C0%B4%CF%B4%D9.</ResultMsg>
</CancelInfo>]
INFO	[2023-06-22 13:00:36:432] <15150> DECRYPT PARSE OK
INFO	[2023-06-22 13:00:36:432] <15150> END cancel 정상처리되었습니다. Laptime:[0.329sec]
INFO	[2023-06-22 13:00:36:432] <15150> ===============================================================
INFO	[2023-06-22 13:27:39:796] <21048> START INIPHP cancel (V5036-141209)(OS:Linux2.6.32-754.11.1.el6.x86_64,PHP:5.3.3)
DEBUG	[2023-06-22 13:27:39:796] <21048> inipayhome:/home1/killdeal/public_html/shop/inicis
DEBUG	[2023-06-22 13:27:39:796] <21048> debug:false
DEBUG	[2023-06-22 13:27:39:796] <21048> type:cancel
DEBUG	[2023-06-22 13:27:39:796] <21048> mid:majorgol03
DEBUG	[2023-06-22 13:27:39:796] <21048> admin:1111
DEBUG	[2023-06-22 13:27:39:796] <21048> tid:INIMX_CARDmajorgol0320230612115513375241
DEBUG	[2023-06-22 13:27:39:796] <21048> cancelmsg:쇼핑몰 운영자 승인 취소
INFO	[2023-06-22 13:27:39:796] <21048> Check Field OK
INFO	[2023-06-22 13:27:39:796] <21048> PI PUB KEY LOAD OK []
INFO	[2023-06-22 13:27:39:796] <21048> PG PUB KEY LOAD OK [30]
INFO	[2023-06-22 13:27:39:796] <21048> MERCHANT PRIV KEY LOAD OK
INFO	[2023-06-22 13:27:39:797] <21048> MERCHANT PUB KEY LOAD OK [0]
DEBUG	[2023-06-22 13:27:39:797] <21048> MAKE ENCRYPT OK[<?xml version="1.0" encoding="UTF-8"?>
<CancelInfo>
	  <CancelTID>INIMX_CARDmajorgol0320230612115513375241</CancelTID>
	  <CancelMsg urlencode="1">%BC%EE%C7%CE%B8%F4+%BF%EE%BF%B5%C0%DA+%BD%C2%C0%CE+%C3%EB%BC%D2</CancelMsg>
	  <CancelReason/></CancelInfo>]
INFO	[2023-06-22 13:27:39:797] <21048> MAKE BODY OK
INFO	[2023-06-22 13:27:39:798] <21048> SIGN OK
INFO	[2023-06-22 13:27:39:798] <21048> MAKE HEAD OK
INFO	[2023-06-22 13:27:39:798] <21048> MSG_TO_PG:[0096200175D SHA1                   0                                      300420majorgol03                    INIMX_CARDmajorgol0320230612115513375241<?xml version="1.0" encoding="UTF-8"?>
<INIpay>
	  <CancelInfo>
	    <SessionKey>sFB/roSgfch62qRZfrPed7HjbMY1hC0x31SBnv+clUSqjw+wQc7fc7rDZMdyNCSf
PzGg5EyKsCYmZFYBkBdHvHT+0By6ZelZkfzF4My5OoPAQ+Z6X3SDlcqXOkRBKJu0
U8kICRsoSJV9vkS3GSO0CpA5hqLGPJhm9oGn+bKd8jeWpdbqwICpqQ==
</SessionKey>
	    <Encrypted>N5IblynTyRe6UwZGW77Hj1rERS5DBPcQ58CIs5rdz/xETaxCf6sRhdNbNTK8zI1F
eTEgdpT3PpFXtOewMgwcgFgpRWak7huAmqZzMo5fAVN8R3BuPWr7h44JJGChbzTo
iJKKwAJueGw6tQzb/f04mycV+cMIxb4tyOAnVIM5eJQp8/niVD96aKFi5DZZBJXO
VFCWHLwqIsUZJ/jhskC6YYoAz3fuLyuLNVxeJ0vaIU2TcuHV71PHHefezSgKNZGe
K5f/ZtfA8Z/ubL/VV9Ck89qFuaTO8cl7SePp9fO+M02vmbZXSea/LLSmv9CTGHCR
zVIej0gbejfYCFIqO7qmQA==
</Encrypted></CancelInfo>
	  <ReservedInfo>
	    <MReserved1/>
	    <MReserved2/>
	    <MReserved3/></ReservedInfo>
	  <ManageInfo>
	    <Language/>
	    <URL/>
	    <TXVersion>5036B141209canceLinux     PHPchkfake   2.6.32-754.11.1.el6.x86_64PHP:</TXVersion>
	    <TXUserID/>
	    <TXRegNum/></ManageInfo></INIpay>AJN4oRHxs0ve2up72Bzmig6hpr9KUuS50ULzX8CpA+LIPMQK4O/494z715zGAkgF
mUMyEA0vavnDRZBfmk4CaBscEAb49aSmEOrSNV8sI9c85y7vz8Gw8Z5nbBSo0VVn
DFSdKSKrftIzxSMCjWg+2hfkvo3mh5yKKu+Eb2KmSEcf
]
INFO	[2023-06-22 13:27:39:798] <21048> DNS LOOKUP OK(203.238.37.3:203.238.37.3:34049) laptime:0
INFO	[2023-06-22 13:27:39:800] <21048> SOCKET CONNECT OK
INFO	[2023-06-22 13:27:39:800] <21048> SEND OK
INFO	[2023-06-22 13:27:39:948] <21048> RECV OK
INFO	[2023-06-22 13:27:39:948] <21048> MSG_FROM_PG:[0093300175D SHA1                   0                                      300430majorgol03                    INIMX_CARDmajorgol0320230612115513375241<?xml version="1.0" encoding="UTF-8"?><INIpay>
<CancelInfo>
<ResultCode>120000</ResultCode>
<ResultMsg urlencode="1">%C1%A4%BB%F3%C3%B3%B8%AE%B5%C7%BE%FA%BD%C0%B4%CF%B4%D9.</ResultMsg>
<SessionKey>AHOfsGaGRYtEWwp2gfplVfUgHRuW5P3Fj/WNBrHjFRyY1B+RrDjpizMRXkColIHH
AhLqQg0F2cKaniDr5aRFZTsaqnFqiGheMGIK3WVYwIewe17adNR7V+9kFFg1u2KA
yDQYn1XaMYPMHx2tnsQB9tpQ7Z3coq2hT5SDoZP3WVDSjT8qeTrPwiY=
</SessionKey>
<Encrypted>vYl5vo74pse106Vp5b94gVh3VZ6nl9NAxPd8CLGWhBl386VQ1pRUAoVoqmVi/Z5+
F889Ej0PZO6xWnK3GgXQHg6GiU42sgdP2yHhENDHyNAXSa7ay+dowyIsdv4SlYby
+9zSqQS8eqjF6+7KJ2dJwQhf10kyMlRVmOTfmr8UKz9WtxY78bOfzks2x3gAfagY
todKgNNlfFagU0ohkQIz4kNS0BkbAWouaIRcWc3liZ3garaN4NSObzS2YV3tOuwU
9F+oiiFkhnm1AIJxC99ZkBKUP2ikZjThWMvV2Pr8HusR+ddtfVnWhsKMVTk/iR4y
9IilxNUqhoTuY03/B2EzaamsqKKe5ktN
</Encrypted>
</CancelInfo>
<ManageInfo/>
<ReservedInfo>
<MReserved1 urlencode="1"/>
<MReserved2 urlencode="1"/>
<MReserved3 urlencode="1"/>
</ReservedInfo>
</INIpay>
EH5oc15cSXiuUf/IDMz3pSCcRx4UCC5Zvhb9XfRvzFvz8ObrankYXZVw3tug/4BQ
2qgIA/joR2diPR4FMbLZUrrg5oelMw5tegZXwmktMUIfOE3U4EKlRkHlDyOgo1Fd
cK8MU6iHYL2xmM5hOp5KF9QUhFI3F1O0CKuA+R6k7u4=
]
INFO	[2023-06-22 13:27:39:948] <21048> VERIFY OK
INFO	[2023-06-22 13:27:39:948] <21048> PARSE HEAD OK
INFO	[2023-06-22 13:27:39:948] <21048> PARSE BODY OK
INFO	[2023-06-22 13:27:39:949] <21048> DECRYPT OK
DEBUG	[2023-06-22 13:27:39:949] <21048> DECRYPT MSG:[<?xml version="1.0" encoding="UTF-8"?><CancelInfo>
<CancelDate>20230622</CancelDate>
<CancelTime>132740</CancelTime>
<ResultCode>120000</ResultCode>
<ResultMsg urlencode="1">%C1%A4%BB%F3%C3%B3%B8%AE%B5%C7%BE%FA%BD%C0%B4%CF%B4%D9.</ResultMsg>
</CancelInfo>]
INFO	[2023-06-22 13:27:39:949] <21048> DECRYPT PARSE OK
INFO	[2023-06-22 13:27:39:949] <21048> END cancel 정상처리되었습니다. Laptime:[0.153sec]
INFO	[2023-06-22 13:27:39:949] <21048> ===============================================================
