INFO	[2022-06-16 08:52:16:920] <1299> START INIPHP cancel (V5036-141209)(OS:Linux2.6.32-754.11.1.el6.x86_64,PHP:5.3.3)
DEBUG	[2022-06-16 08:52:16:920] <1299> inipayhome:/home1/killdeal/public_html/shop/inicis
DEBUG	[2022-06-16 08:52:16:920] <1299> debug:false
DEBUG	[2022-06-16 08:52:16:920] <1299> type:cancel
DEBUG	[2022-06-16 08:52:16:920] <1299> mid:majorgol03
DEBUG	[2022-06-16 08:52:16:920] <1299> admin:1111
DEBUG	[2022-06-16 08:52:16:920] <1299> tid:INIMX_CARDmajorgol0320220615201525925100
DEBUG	[2022-06-16 08:52:16:920] <1299> cancelmsg:주문자 본인 취소-구매의사 없음
INFO	[2022-06-16 08:52:16:920] <1299> Check Field OK
INFO	[2022-06-16 08:52:16:920] <1299> PI PUB KEY LOAD OK []
INFO	[2022-06-16 08:52:16:920] <1299> PG PUB KEY LOAD OK [30]
INFO	[2022-06-16 08:52:16:921] <1299> MERCHANT PRIV KEY LOAD OK
INFO	[2022-06-16 08:52:16:921] <1299> MERCHANT PUB KEY LOAD OK [0]
DEBUG	[2022-06-16 08:52:16:921] <1299> MAKE ENCRYPT OK[<?xml version="1.0" encoding="UTF-8"?>
<CancelInfo>
	  <CancelTID>INIMX_CARDmajorgol0320220615201525925100</CancelTID>
	  <CancelMsg urlencode="1">%C1%D6%B9%AE%C0%DA+%BA%BB%C0%CE+%C3%EB%BC%D2-%B1%B8%B8%C5%C0%C7%BB%E7+%BE%F8%C0%BD</CancelMsg>
	  <CancelReason/></CancelInfo>]
INFO	[2022-06-16 08:52:16:922] <1299> MAKE BODY OK
INFO	[2022-06-16 08:52:16:922] <1299> SIGN OK
INFO	[2022-06-16 08:52:16:922] <1299> MAKE HEAD OK
INFO	[2022-06-16 08:52:16:922] <1299> MSG_TO_PG:[0099400175D SHA1                   0                                      300420majorgol03                    INIMX_CARDmajorgol0320220615201525925100<?xml version="1.0" encoding="UTF-8"?>
<INIpay>
	  <CancelInfo>
	    <SessionKey>lhqGny194TzzsMqhTLBXLGR0n90CkZBLfCbEM6GB3+1TqKsFyShhrlzqA0YMtHwK
ZT+lRSTypcrcRbXZmHqmGltcqmA+sg3WfQsfcgaQ40Rl/jkSIyrSFmBB8X/ikeVz
y3uuhJEGj7LMMw8gCui0C2q/rJfV5h6v2Bpim5Nuj9W2tImfdA6GgQ==
</SessionKey>
	    <Encrypted>zdzvFsd0Vs7eyc1jtVE0MswFUoFfWpF2EjbRO9m3X0wZ5cimkauzi/sRd/BR5P6l
7DTGazyldgrEIUxjNs/Imx4V0/qDrfOpUE8+BzQ6+bDvMBF50VIb2U3I9XG5fxcJ
bs37aWCAmpFaE+O1uBtmG03tIHGetpakD1TO/e+Wj1G8WIzXR1Mw75S/emP2ecwW
FfXUH6+R2cUJAaODT8TY5Ce5pD6yn11AfkLTzz87JWah7Bcg6oSuPLUfFnDdTQTE
N3i3Sp+fB7Ev3iaqZkC7vdj8vwt2rdRKmwyxtlamfhbdiI8qZBlvTg53x6T0WY6o
94Ryo+fZLWdRLU2Tb+GpFiW223mZKi2qusLnBH/sGt8WciOlkuJI2w==
</Encrypted></CancelInfo>
	  <ReservedInfo>
	    <MReserved1/>
	    <MReserved2/>
	    <MReserved3/></ReservedInfo>
	  <ManageInfo>
	    <Language/>
	    <URL/>
	    <TXVersion>5036B141209canceLinux     PHPchkfake   2.6.32-754.11.1.el6.x86_64PHP:</TXVersion>
	    <TXUserID/>
	    <TXRegNum/></ManageInfo></INIpay>ADovrG7kckTcNvi4d6op1T81TGM1yz6bEauEMP2A3s2S6YEdPfhBP4iQV0ZDTpV1
aXOswyagwkE3ZSZqxaww3h2xc6ap3Vx5sVMj1tmK2dYvBnq/1VHvfkfrIjBn502B
4jVP5lTv5Pe0oX5Kf59MAN7IsOP5aAQq4Bt6tp/waEdg
]
INFO	[2022-06-16 08:52:16:922] <1299> DNS LOOKUP OK(203.238.37.3:203.238.37.3:34049) laptime:0
INFO	[2022-06-16 08:52:16:924] <1299> SOCKET CONNECT OK
INFO	[2022-06-16 08:52:16:924] <1299> SEND OK
INFO	[2022-06-16 08:52:17:106] <1299> RECV OK
INFO	[2022-06-16 08:52:17:106] <1299> MSG_FROM_PG:[0093300175D SHA1                   0                                      300430majorgol03                    INIMX_CARDmajorgol0320220615201525925100<?xml version="1.0" encoding="UTF-8"?><INIpay>
<CancelInfo>
<ResultCode>120000</ResultCode>
<ResultMsg urlencode="1">%C1%A4%BB%F3%C3%B3%B8%AE%B5%C7%BE%FA%BD%C0%B4%CF%B4%D9.</ResultMsg>
<SessionKey>AEKI5TIPUtQggMhzHScsAjkF8e7MWstPadBLTD/wUHEp0RJtx3PmBr+wBVD1Gnr9
vz0R0Bh0GK0nvIjVFB94mLUHmYvwFqdMnZJhJelwGndqy6eNgKKjtzB6iLdya6r0
E2wnwjHg4XweNi8Il2LC09dh52ZP3PWi/ftJWZiMo7pkpFiBtJtl3l8=
</SessionKey>
<Encrypted>SWlZoiKtLCgj00TKy6494MwE/ZBQ7Yub6XAiy4MfEUKS8YicOfQs9I48WgsDZyn1
KbRtqD8qtbzINLhfd41ysvlbQurfj+jmKoR8qgUfhEt96iqGok+THisLU1Xee2fp
q1qpgAckaJNbqvG15a8XbAGC8/XuNUFIXoYwAnr0dk0ZXwxlsruT+CSt+wos1BSB
YDBBE1m8+BRibNlNxLUpTdG7d9YCUtRJKQuYjQ2DMXNEdpGBVOfUykTTQ003yeoC
kuMWxuu8z1sxJhXdc+4XkcDbb8Sbqq8V3K37g54poGf0Iz+wecZLGLn7FC3Ng9UV
GmShkLsfQ1b+YcVuLzzyhrewdgpKzVUh
</Encrypted>
</CancelInfo>
<ManageInfo/>
<ReservedInfo>
<MReserved1 urlencode="1"/>
<MReserved2 urlencode="1"/>
<MReserved3 urlencode="1"/>
</ReservedInfo>
</INIpay>
xz6amthMDxxHV2brC6dnQmnpaOMjjaRy1jj21P76eC59lrKaqZzawMTMgP+qbPGF
saqr/Ttk7GLftkE3ze4u7WaeNtdsA0GtFDZ6eZmN6WFrjryIeSQjeXlkRt/U/Kde
WIn+EYIpoS8So6wCUAVo+pyFRN/pW7X+CYBBT+4QqMo=
]
INFO	[2022-06-16 08:52:17:106] <1299> VERIFY OK
INFO	[2022-06-16 08:52:17:106] <1299> PARSE HEAD OK
INFO	[2022-06-16 08:52:17:107] <1299> PARSE BODY OK
INFO	[2022-06-16 08:52:17:107] <1299> DECRYPT OK
DEBUG	[2022-06-16 08:52:17:108] <1299> DECRYPT MSG:[<?xml version="1.0" encoding="UTF-8"?><CancelInfo>
<CancelDate>20220616</CancelDate>
<CancelTime>085217</CancelTime>
<ResultCode>120000</ResultCode>
<ResultMsg urlencode="1">%C1%A4%BB%F3%C3%B3%B8%AE%B5%C7%BE%FA%BD%C0%B4%CF%B4%D9.</ResultMsg>
</CancelInfo>]
INFO	[2022-06-16 08:52:17:108] <1299> DECRYPT PARSE OK
INFO	[2022-06-16 08:52:17:108] <1299> END cancel 정상처리되었습니다. Laptime:[0.188sec]
INFO	[2022-06-16 08:52:17:108] <1299> ===============================================================
