INFO	[2021-04-10 09:39:09:72] <26846> START INIPHP cancel (V5036-141209)(OS:Linux2.6.32-754.11.1.el6.x86_64,PHP:5.3.3)
DEBUG	[2021-04-10 09:39:09:72] <26846> inipayhome:/home1/killdeal/public_html/shop/inicis
DEBUG	[2021-04-10 09:39:09:72] <26846> debug:false
DEBUG	[2021-04-10 09:39:09:72] <26846> type:cancel
DEBUG	[2021-04-10 09:39:09:72] <26846> mid:fourseason
DEBUG	[2021-04-10 09:39:09:72] <26846> admin:1111
DEBUG	[2021-04-10 09:39:09:72] <26846> tid:INIMX_CARDfourseason20210409191221915969
DEBUG	[2021-04-10 09:39:09:72] <26846> cancelmsg:주문자 본인 취소-상품옵션 선택 잘못함
INFO	[2021-04-10 09:39:09:72] <26846> Check Field OK
INFO	[2021-04-10 09:39:09:72] <26846> PI PUB KEY LOAD OK []
INFO	[2021-04-10 09:39:09:72] <26846> PG PUB KEY LOAD OK [30]
INFO	[2021-04-10 09:39:09:72] <26846> MERCHANT PRIV KEY LOAD OK
INFO	[2021-04-10 09:39:09:72] <26846> MERCHANT PUB KEY LOAD OK [0]
DEBUG	[2021-04-10 09:39:09:73] <26846> MAKE ENCRYPT OK[<?xml version="1.0" encoding="UTF-8"?>
<CancelInfo>
	  <CancelTID>INIMX_CARDfourseason20210409191221915969</CancelTID>
	  <CancelMsg urlencode="1">%C1%D6%B9%AE%C0%DA+%BA%BB%C0%CE+%C3%EB%BC%D2-%BB%F3%C7%B0%BF%C9%BC%C7+%BC%B1%C5%C3+%C0%DF%B8%F8%C7%D4</CancelMsg>
	  <CancelReason/></CancelInfo>]
INFO	[2021-04-10 09:39:09:73] <26846> MAKE BODY OK
INFO	[2021-04-10 09:39:09:74] <26846> SIGN OK
INFO	[2021-04-10 09:39:09:74] <26846> MAKE HEAD OK
INFO	[2021-04-10 09:39:09:74] <26846> MSG_TO_PG:[0101500175D SHA1                   0                                      300420fourseason                    INIMX_CARDfourseason20210409191221915969<?xml version="1.0" encoding="UTF-8"?>
<INIpay>
	  <CancelInfo>
	    <SessionKey>TzBDlA69gcGtYitRH9wvlbVZ4+iKkHKXvoEDvUZgVpe8GN/F6IuGg/kOi5Sq6E6W
oCmGamzWUtedDpdPolgok/yHDhzrmwtV/rQ7OXvrB5MSVeG//1eOlZ8cSsJ86Ps8
waN8B5qBhWjcxGRiRdhML2lWS3JZ2UFNRWi1kzHIW2QszeGwPyUQyw==
</SessionKey>
	    <Encrypted>jNsMBY5xpuf4TMBTfmFxygpI0LRxt3v28oMvAA64uxb9JWz4JjZIfue3gva3WuiZ
gu3QLnlQXWUyZYUzEo0tjzka+nKkDb3aRzHY/paU8a6S5vWeYfjUbRC2VtnXoNzs
lATzTD9hHyKMZ9HwWFeYudfHI8wi5g9I18Hv/RMg/hq9lM3a9YbJGLgLUVslUO5i
3b+XC4+2XOQYYdp6tuvSfezaDTbp5qCrzbM6Yvad3swPIBNWaC4DuoX1ORdE6Ebl
HKuVu0u1dm9JUKKoeJySAoi74DG+l0efSyZJJkjTJnL9DGjRJdNGeeLI5xK/NeBh
VGDvpJWGtMvADLG6RJOaMvzK3z7BbAnT4mDwzxATo2e61dNkzLS7vdFvsqW1SKnq
dJoUaxf2sXA=
</Encrypted></CancelInfo>
	  <ReservedInfo>
	    <MReserved1/>
	    <MReserved2/>
	    <MReserved3/></ReservedInfo>
	  <ManageInfo>
	    <Language/>
	    <URL/>
	    <TXVersion>5036B141209canceLinux     PHPchkfake   2.6.32-754.11.1.el6.x86_64PHP:</TXVersion>
	    <TXUserID/>
	    <TXRegNum/></ManageInfo></INIpay>ACSlVGxiKpZ+Bpu/1e/TWc7T91POK4QoeWM9a7ocbmSRqn24aVAWnNoetTPr6VZp
qLFMPqq4B0mc8o33Y8/c7qzwRULzD2xrF1B1mBet7whSLa9BR3FrinrwjrsKKL8r
0uiZug6LCw49Gi9qqzdZEKIizfCTXOU9LoJlorq9MYqP
]
INFO	[2021-04-10 09:39:09:74] <26846> DNS LOOKUP OK(203.238.37.3:203.238.37.3:34049) laptime:0
INFO	[2021-04-10 09:39:09:76] <26846> SOCKET CONNECT OK
INFO	[2021-04-10 09:39:09:76] <26846> SEND OK
INFO	[2021-04-10 09:39:09:292] <26846> RECV OK
INFO	[2021-04-10 09:39:09:292] <26846> MSG_FROM_PG:[0093300175D SHA1                   0                                      300430fourseason                    INIMX_CARDfourseason20210409191221915969<?xml version="1.0" encoding="UTF-8"?><INIpay>
<CancelInfo>
<ResultCode>120000</ResultCode>
<ResultMsg urlencode="1">%C1%A4%BB%F3%C3%B3%B8%AE%B5%C7%BE%FA%BD%C0%B4%CF%B4%D9.</ResultMsg>
<SessionKey>AAwgjn/r5h24Go4vEtEwFeHzf04zfdXkud72A8SMkXdAkwJh1/N88Zz5DZJkaTm4
viDe93sGOW+SaKH5w0j6RWlV5/AMNJUlO3rze3CEq7BTdr3PdBKZAj68t+z3O7o9
WhxKtGk2uSjGoRMf0T8r1C0hQgpD/92wV6IzkYZ/XCXPayHNGWtaPjM=
</SessionKey>
<Encrypted>N2iZWnNl20v6tX5GdaCJSgvcKq9xYZ1tYpxeR0AuNBBOcXzjj1hya/NfRKZtsnEm
a1dbNrTkCDwoLPRvJRnrO48+UShYDqQi7l+GpChMO2vldbz4iVwC7aRnuaMxVlZA
I5PXWlOZXfwoRC6DmtDig1cw4+Oa44mRvZb+a7NQmrJkfDnEsOPoo5+c5iXWSG+3
BxyAws7ay5Qt4tzo/R0j1khlHNvFWdv1H9kMYEpGrwqOyqoq0MAcWLIDZVVxVZEU
roAQ6gA5wzRCQstIs6eLhFnEhoFQIu5VtfJKAB9yXPf8TGzXciZwCnlvNaJoGax2
Su6q2900gnYBthGlt3Vy4vijGMK1lQei
</Encrypted>
</CancelInfo>
<ManageInfo/>
<ReservedInfo>
<MReserved1 urlencode="1"/>
<MReserved2 urlencode="1"/>
<MReserved3 urlencode="1"/>
</ReservedInfo>
</INIpay>
GSZi+f/OEj2r55ZcHOoL/m5pcjsXSvlYjGZAiEICCfJvZYZxCYwcmohlH42Iv6Z0
h6o/eY5MNh01fTt8Q5FXP9uuyZWKcVJ/7Ms2IZQbFzvLswXtYq3Szlrtz/yEXtg5
Mup494GmGaYZhqL427lH4piT9ausFh2U027MaVcImlg=
]
INFO	[2021-04-10 09:39:09:292] <26846> VERIFY OK
INFO	[2021-04-10 09:39:09:292] <26846> PARSE HEAD OK
INFO	[2021-04-10 09:39:09:292] <26846> PARSE BODY OK
INFO	[2021-04-10 09:39:09:293] <26846> DECRYPT OK
DEBUG	[2021-04-10 09:39:09:293] <26846> DECRYPT MSG:[<?xml version="1.0" encoding="UTF-8"?><CancelInfo>
<CancelDate>20210410</CancelDate>
<CancelTime>093909</CancelTime>
<ResultCode>120000</ResultCode>
<ResultMsg urlencode="1">%C1%A4%BB%F3%C3%B3%B8%AE%B5%C7%BE%FA%BD%C0%B4%CF%B4%D9.</ResultMsg>
</CancelInfo>]
INFO	[2021-04-10 09:39:09:293] <26846> DECRYPT PARSE OK
INFO	[2021-04-10 09:39:09:293] <26846> END cancel 정상처리되었습니다. Laptime:[0.221sec]
INFO	[2021-04-10 09:39:09:293] <26846> ===============================================================
INFO	[2021-04-10 22:47:28:635] <14996> START INIPHP cancel (V5036-141209)(OS:Linux2.6.32-754.11.1.el6.x86_64,PHP:5.3.3)
DEBUG	[2021-04-10 22:47:28:635] <14996> inipayhome:/home1/killdeal/public_html/shop/inicis
DEBUG	[2021-04-10 22:47:28:635] <14996> debug:false
DEBUG	[2021-04-10 22:47:28:635] <14996> type:cancel
DEBUG	[2021-04-10 22:47:28:635] <14996> mid:fourseason
DEBUG	[2021-04-10 22:47:28:635] <14996> admin:1111
DEBUG	[2021-04-10 22:47:28:635] <14996> tid:INIMX_CARDfourseason20210410215245585781
DEBUG	[2021-04-10 22:47:28:635] <14996> cancelmsg:주문자 본인 취소-구매의사 없음
INFO	[2021-04-10 22:47:28:635] <14996> Check Field OK
INFO	[2021-04-10 22:47:28:635] <14996> PI PUB KEY LOAD OK []
INFO	[2021-04-10 22:47:28:635] <14996> PG PUB KEY LOAD OK [30]
INFO	[2021-04-10 22:47:28:636] <14996> MERCHANT PRIV KEY LOAD OK
INFO	[2021-04-10 22:47:28:636] <14996> MERCHANT PUB KEY LOAD OK [0]
DEBUG	[2021-04-10 22:47:28:636] <14996> MAKE ENCRYPT OK[<?xml version="1.0" encoding="UTF-8"?>
<CancelInfo>
	  <CancelTID>INIMX_CARDfourseason20210410215245585781</CancelTID>
	  <CancelMsg urlencode="1">%C1%D6%B9%AE%C0%DA+%BA%BB%C0%CE+%C3%EB%BC%D2-%B1%B8%B8%C5%C0%C7%BB%E7+%BE%F8%C0%BD</CancelMsg>
	  <CancelReason/></CancelInfo>]
INFO	[2021-04-10 22:47:28:636] <14996> MAKE BODY OK
INFO	[2021-04-10 22:47:28:637] <14996> SIGN OK
INFO	[2021-04-10 22:47:28:637] <14996> MAKE HEAD OK
INFO	[2021-04-10 22:47:28:637] <14996> MSG_TO_PG:[0099400175D SHA1                   0                                      300420fourseason                    INIMX_CARDfourseason20210410215245585781<?xml version="1.0" encoding="UTF-8"?>
<INIpay>
	  <CancelInfo>
	    <SessionKey>VLLR2tOnwH/xbey9nlTxJ4d2W7Ux9XnufZb297thNzXCQCzk3WHG9ffRunSaXdXb
Nj3Gy3UdlgpLKtkmL6OYXoBOM94Howfn0CSyhWQT8kXSHOk2687+rTxR75iYQWAH
h4Ta6IRMbr6fe+rZGDU+TcsonHh5G+Ri0ZJDm1q5PhjimsZsRyhPvg==
</SessionKey>
	    <Encrypted>pAa3//USQSN58PLJsSddXDRTzpH9Wkh+OkG6kHk3rbDiDXgFDvisqiBxDGD/PPVt
kF0EUXJkejQPNuvQXFaR0jTYU7YvdjdCX7apXmpHigq3ryiaQiWpCACm3OwXAH7k
KI5HHUdhlNRf+1XJpp8fPkDM/BNX9H6DNIHZR18pbN39o40hmYWLHB9uAlHUnYJj
OMsMf286yYs/wP8k/MxGvovVJOYwn4mMru8LJjxvi7axGqLxA0I4tpCxTWkj2Zuy
HN4xWqjfxWsSabg0ObRoKNewJPVg6DKqle9QGMmEfm0Pi+Ojvs6Km6pOnah/Nelv
BYe63a9Il8p/FC8Z81FssCcin06GaDlRmSAm+KkDEfyMjBNVkmucoA==
</Encrypted></CancelInfo>
	  <ReservedInfo>
	    <MReserved1/>
	    <MReserved2/>
	    <MReserved3/></ReservedInfo>
	  <ManageInfo>
	    <Language/>
	    <URL/>
	    <TXVersion>5036B141209canceLinux     PHPchkfake   2.6.32-754.11.1.el6.x86_64PHP:</TXVersion>
	    <TXUserID/>
	    <TXRegNum/></ManageInfo></INIpay>AA1NUv8QbJS/goFEU3NnPg9gYfjeXSWT2Rw5TcYCMYf/dfUUOEJ/FIcYq2bwwzpe
f7sIxgBlaqncMuAP9b2YK7FHFFpglxGVMblbjYYwEFADegBzPTvM2q8UkH8jjMyX
NpKqRe3fDeb94Ivi3PwOLuNGWzWuc96wvk6xXUHvJDnb
]
INFO	[2021-04-10 22:47:28:637] <14996> DNS LOOKUP OK(203.238.37.3:203.238.37.3:34049) laptime:0
INFO	[2021-04-10 22:47:28:638] <14996> SOCKET CONNECT OK
INFO	[2021-04-10 22:47:28:638] <14996> SEND OK
INFO	[2021-04-10 22:47:29:718] <14996> RECV OK
INFO	[2021-04-10 22:47:29:718] <14996> MSG_FROM_PG:[0093300175D SHA1                   0                                      300430fourseason                    INIMX_CARDfourseason20210410215245585781<?xml version="1.0" encoding="UTF-8"?><INIpay>
<CancelInfo>
<ResultCode>120000</ResultCode>
<ResultMsg urlencode="1">%C1%A4%BB%F3%C3%B3%B8%AE%B5%C7%BE%FA%BD%C0%B4%CF%B4%D9.</ResultMsg>
<SessionKey>AOn/+5hM8xJ7/2cHkvBb9Jzoz6HlgTwsDVvKtuoPkbwwEynDGIn2xkNWUbjLAr18
Z9Vz72LzM9ILtX0IbOtcwvs9E0v8hRgKw/2qNV42lbwlDhzZawTqxgOaYmyihScQ
WQaC01KLHv1YVaTHG6Sg0RuJvHUYsvXXDQEDd9H8TzDDXfXvkNlRSHM=
</SessionKey>
<Encrypted>A7/6qecWWn0Im5IMorLTPiqiBo141HopPlLud162uAxl3bA2Qu1zx1Q7oa1ifjOU
ToXJA1Ba53mtiv/tscE4aLcVYbZcoCvkNirBI8rmhuOw5Pbxu05R17w3ObnLtH0o
4rl+jho8Ni9flsBhCqJ6ESVURiVbMh1pMTUwLUo48SErEdcJSCequtuG9uK0ZbSf
s/4WACSJUZW+h7HNJGuGt5bxwDR6pJeZOyZoZODmOJp+1Yf21tZg/rRxx8x31jZ8
9Xpm2G6K6BHxke9m6+e5LlgN0wPfF75nFD2BQQYrXYYANboXdkv/NrNXsu5443TP
nUjeW5u3ytyi2DJgMFr68ktmj/ddyZCb
</Encrypted>
</CancelInfo>
<ManageInfo/>
<ReservedInfo>
<MReserved1 urlencode="1"/>
<MReserved2 urlencode="1"/>
<MReserved3 urlencode="1"/>
</ReservedInfo>
</INIpay>
1qc7IH+FrV9KeSU9STSSoly16TB9qPdtvruJZs+fLsiWyEzfvwGZZqxOMxex58Ef
XzAR1i59UMZva7BbLAEANwLsDE5ps9IPgoY3fA2lHQRZq2XtH8D5nzqymswVLinB
qExyetlyRiC3uAdVh+PzrIDb00VAy7xqScDd8CAqk1c=
]
INFO	[2021-04-10 22:47:29:718] <14996> VERIFY OK
INFO	[2021-04-10 22:47:29:718] <14996> PARSE HEAD OK
INFO	[2021-04-10 22:47:29:718] <14996> PARSE BODY OK
INFO	[2021-04-10 22:47:29:719] <14996> DECRYPT OK
DEBUG	[2021-04-10 22:47:29:719] <14996> DECRYPT MSG:[<?xml version="1.0" encoding="UTF-8"?><CancelInfo>
<CancelDate>20210410</CancelDate>
<CancelTime>224730</CancelTime>
<ResultCode>120000</ResultCode>
<ResultMsg urlencode="1">%C1%A4%BB%F3%C3%B3%B8%AE%B5%C7%BE%FA%BD%C0%B4%CF%B4%D9.</ResultMsg>
</CancelInfo>]
INFO	[2021-04-10 22:47:29:719] <14996> DECRYPT PARSE OK
INFO	[2021-04-10 22:47:29:719] <14996> END cancel 정상처리되었습니다. Laptime:[1.084sec]
INFO	[2021-04-10 22:47:29:719] <14996> ===============================================================
INFO	[2021-04-10 23:04:53:68] <29140> START INIPHP cancel (V5036-141209)(OS:Linux2.6.32-754.11.1.el6.x86_64,PHP:5.3.3)
DEBUG	[2021-04-10 23:04:53:68] <29140> inipayhome:/home1/killdeal/public_html/shop/inicis
DEBUG	[2021-04-10 23:04:53:68] <29140> debug:false
DEBUG	[2021-04-10 23:04:53:68] <29140> type:cancel
DEBUG	[2021-04-10 23:04:53:68] <29140> mid:fourseason
DEBUG	[2021-04-10 23:04:53:68] <29140> admin:1111
DEBUG	[2021-04-10 23:04:53:68] <29140> tid:INIMX_CARDfourseason20210410224539665422
DEBUG	[2021-04-10 23:04:53:68] <29140> cancelmsg:주문자 본인 취소-상품옵션 선택 잘못함
INFO	[2021-04-10 23:04:53:68] <29140> Check Field OK
INFO	[2021-04-10 23:04:53:68] <29140> PI PUB KEY LOAD OK []
INFO	[2021-04-10 23:04:53:68] <29140> PG PUB KEY LOAD OK [30]
INFO	[2021-04-10 23:04:53:68] <29140> MERCHANT PRIV KEY LOAD OK
INFO	[2021-04-10 23:04:53:68] <29140> MERCHANT PUB KEY LOAD OK [0]
DEBUG	[2021-04-10 23:04:53:68] <29140> MAKE ENCRYPT OK[<?xml version="1.0" encoding="UTF-8"?>
<CancelInfo>
	  <CancelTID>INIMX_CARDfourseason20210410224539665422</CancelTID>
	  <CancelMsg urlencode="1">%C1%D6%B9%AE%C0%DA+%BA%BB%C0%CE+%C3%EB%BC%D2-%BB%F3%C7%B0%BF%C9%BC%C7+%BC%B1%C5%C3+%C0%DF%B8%F8%C7%D4</CancelMsg>
	  <CancelReason/></CancelInfo>]
INFO	[2021-04-10 23:04:53:69] <29140> MAKE BODY OK
INFO	[2021-04-10 23:04:53:69] <29140> SIGN OK
INFO	[2021-04-10 23:04:53:69] <29140> MAKE HEAD OK
INFO	[2021-04-10 23:04:53:69] <29140> MSG_TO_PG:[0101500175D SHA1                   0                                      300420fourseason                    INIMX_CARDfourseason20210410224539665422<?xml version="1.0" encoding="UTF-8"?>
<INIpay>
	  <CancelInfo>
	    <SessionKey>MkLBVmqXXt2qK/5fHBP/6gxMJCEGD4nOMtH5e/Oo/lLVnad8iK/70Nr7RxaQq75i
GSk7aFcxWwrKPvJaL/ReSCp39ZnVpHPar7PZqYaiBNbUsh8K5UlzLqmqauH6XmU9
FaA0BPRFRgZXlavKxmcrLIgQUy1P0JuSu2ISi8GFXB3+Bdt1wyddyg==
</SessionKey>
	    <Encrypted>UM6+aqp1B8OUHnQKWrcAX7l8IYs7ze8xx+Na/qQlAZGpGloQpC3FaAL0YO4IZ0+m
1etK2kqT3r7HArAFzhfQwduqc9BlfUAFEZcXwrusHlOXMjsZvfTinyxxWGCDIw7q
YqL3yMPwBWSwZN1hyuafblNWhHG1Da1bysAwOU+zdo88Y5YI8QSe9JECkNv8o7iv
hiAS1ezXWdL1vuULNyOl1/VkVD07k8oHAPXlYqoehkWXR2Hd6gILlkqxP6OtARzg
SUONfSgBo8Tm3vpc3+D1fz08wv6iFR8RA7HK2Dv8WrAyc8PBwcd4IinDex8WS3a8
XDwp0Y3Qbm76VIM4LbrAiWXo0vgy6/68LEij/rRUaqgsVggNAyozYD2tPwBihwYL
IT9lkMfWqis=
</Encrypted></CancelInfo>
	  <ReservedInfo>
	    <MReserved1/>
	    <MReserved2/>
	    <MReserved3/></ReservedInfo>
	  <ManageInfo>
	    <Language/>
	    <URL/>
	    <TXVersion>5036B141209canceLinux     PHPchkfake   2.6.32-754.11.1.el6.x86_64PHP:</TXVersion>
	    <TXUserID/>
	    <TXRegNum/></ManageInfo></INIpay>AJ+KkScn5SdcPVxBx2gSdsE62ChZW18jFJFILl7IO3PSKGSUvRoBz1jMsjmVudj0
elNu6GRTGVzzxg8FRqSdy/GlUzTfanpXClTsGTreSdPqhdRJqvqmzPqlXsiJJuC2
m0xkwIVmx1LUHZGTLj/yOL5jjwaf7WXPi/tHNogRBj7U
]
INFO	[2021-04-10 23:04:53:69] <29140> DNS LOOKUP OK(203.238.37.3:203.238.37.3:34049) laptime:0
INFO	[2021-04-10 23:04:53:71] <29140> SOCKET CONNECT OK
INFO	[2021-04-10 23:04:53:71] <29140> SEND OK
INFO	[2021-04-10 23:04:53:322] <29140> RECV OK
INFO	[2021-04-10 23:04:53:322] <29140> MSG_FROM_PG:[0093300175D SHA1                   0                                      300430fourseason                    INIMX_CARDfourseason20210410224539665422<?xml version="1.0" encoding="UTF-8"?><INIpay>
<CancelInfo>
<ResultCode>120000</ResultCode>
<ResultMsg urlencode="1">%C1%A4%BB%F3%C3%B3%B8%AE%B5%C7%BE%FA%BD%C0%B4%CF%B4%D9.</ResultMsg>
<SessionKey>ANrFZD7G59HYDagkcrRw3q2Rg2TjeDfDgGtf7ThJWzaXG9Jgux3cCDh4sbNiE/s2
9DyK6br+VjNg5pUOOBiUtNqyOacTWBti4aSJsb+0ecNy3fFOLn57hd8Fzu7YE+r9
0iy6oyHBEFnnsg64ZV/Rj+Jy9PKn7dxc37SOnxkn5YzPQdkDiukWff0=
</SessionKey>
<Encrypted>IuAiZSkASZoGNN3DVw3F1rh6GaClZuwR7b/PlVPgtJYmfROTx83y8AroBGLNlQDo
J4auU0tjfQmT66cx5vOudtEPgDp/eWibLT9/yNgYdr4nj7VkEp6hvNppF4N7AqO/
qqTw7mRtXKQDuA5kX5ZTp9fzX1hMujaFGEFeNZURumMmRRN3vHp7zOcYIb+dkevg
qas9xuNfD+26WwVh6h/TqRs+44QM7kBKthE2b98XXpuhlh/KxvHyyp+5g1b82vfy
qAzcjzgSqY5mnozPdee9P/+myuHK/5WGhIHxMp21GjId1/5UaFMj0VVYFl85Y/NQ
me3nwKBt5PXAmH2C2GfFoQOnDjsmcRUd
</Encrypted>
</CancelInfo>
<ManageInfo/>
<ReservedInfo>
<MReserved1 urlencode="1"/>
<MReserved2 urlencode="1"/>
<MReserved3 urlencode="1"/>
</ReservedInfo>
</INIpay>
FKicsZT/Phk10HrCq2taBhVVqLJPpBt+K0TqZNLnkqhuFZbI6nEta+HE0ukpkwmF
n5X0lDf8PaZESu1hfy0BuNMpv8p1R8iWKvEKOqphvdv17OWlQcIP2E6ZSgDzA024
84nK2jMYFAsdmm5wOH5iyDwyx5TfuXAro8GwEuW4+vQ=
]
INFO	[2021-04-10 23:04:53:322] <29140> VERIFY OK
INFO	[2021-04-10 23:04:53:323] <29140> PARSE HEAD OK
INFO	[2021-04-10 23:04:53:323] <29140> PARSE BODY OK
INFO	[2021-04-10 23:04:53:323] <29140> DECRYPT OK
DEBUG	[2021-04-10 23:04:53:323] <29140> DECRYPT MSG:[<?xml version="1.0" encoding="UTF-8"?><CancelInfo>
<CancelDate>20210410</CancelDate>
<CancelTime>230453</CancelTime>
<ResultCode>120000</ResultCode>
<ResultMsg urlencode="1">%C1%A4%BB%F3%C3%B3%B8%AE%B5%C7%BE%FA%BD%C0%B4%CF%B4%D9.</ResultMsg>
</CancelInfo>]
INFO	[2021-04-10 23:04:53:324] <29140> DECRYPT PARSE OK
INFO	[2021-04-10 23:04:53:324] <29140> END cancel 정상처리되었습니다. Laptime:[0.256sec]
INFO	[2021-04-10 23:04:53:324] <29140> ===============================================================
