INFO	[2022-04-19 11:41:56:182] <3374> START INIPHP receipt (V5036-141209)(OS:Linux2.6.32-754.11.1.el6.x86_64,PHP:5.3.3)
DEBUG	[2022-04-19 11:41:56:182] <3374> inipayhome:/home1/killdeal/public_html/shop/inicis
DEBUG	[2022-04-19 11:41:56:182] <3374> debug:false
DEBUG	[2022-04-19 11:41:56:182] <3374> type:receipt
DEBUG	[2022-04-19 11:41:56:182] <3374> pgid:INIphpRECP
DEBUG	[2022-04-19 11:41:56:182] <3374> paymethod:CASH
DEBUG	[2022-04-19 11:41:56:182] <3374> currency:WON
DEBUG	[2022-04-19 11:41:56:182] <3374> admin:1111
DEBUG	[2022-04-19 11:41:56:182] <3374> mid:fourseason
DEBUG	[2022-04-19 11:41:56:182] <3374> goodname:핫딜전시상품지브이투어카르쉐웨지골프클럽
DEBUG	[2022-04-19 11:41:56:182] <3374> cr_price:57800
DEBUG	[2022-04-19 11:41:56:182] <3374> sup_price:52545
DEBUG	[2022-04-19 11:41:56:182] <3374> tax:5255
DEBUG	[2022-04-19 11:41:56:182] <3374> srvc_price:0
DEBUG	[2022-04-19 11:41:56:182] <3374> buyername:김용범
DEBUG	[2022-04-19 11:41:56:182] <3374> buyeremail:dt1226@naver.com
DEBUG	[2022-04-19 11:41:56:182] <3374> buyertel:
DEBUG	[2022-04-19 11:41:56:182] <3374> reg_num:01053233225
DEBUG	[2022-04-19 11:41:56:182] <3374> useopt:0
DEBUG	[2022-04-19 11:41:56:182] <3374> companynumber:
INFO	[2022-04-19 11:41:56:182] <3374> Check Field OK
INFO	[2022-04-19 11:41:56:182] <3374> Make TID OK INIphpRECPfourseason20220419114156829987
INFO	[2022-04-19 11:41:56:182] <3374> PI PUB KEY LOAD OK []
INFO	[2022-04-19 11:41:56:183] <3374> PG PUB KEY LOAD OK [30]
INFO	[2022-04-19 11:41:56:183] <3374> MERCHANT PRIV KEY LOAD OK
INFO	[2022-04-19 11:41:56:183] <3374> MERCHANT PUB KEY LOAD OK [0]
DEBUG	[2022-04-19 11:41:56:184] <3374> MAKE ENCRYPT OK[<?xml version="1.0" encoding="UTF-8"?>
<PaymentInfo>
	  <Payment>
	    <CASH>
	      <CSHR_ApplPrice>57800</CSHR_ApplPrice>
	      <CSHR_SupplyPrice>52545</CSHR_SupplyPrice>
	      <CSHR_Tax>5255</CSHR_Tax>
	      <CSHR_ServicePrice/>
	      <CSHR_Type>0</CSHR_Type>
	      <CSHR_RegNum>01053233225</CSHR_RegNum>
	      <CSHR_CompanyNum/></CASH></Payment></PaymentInfo>]
INFO	[2022-04-19 11:41:56:184] <3374> MAKE BODY OK
INFO	[2022-04-19 11:41:56:185] <3374> SIGN OK
INFO	[2022-04-19 11:41:56:185] <3374> MAKE HEAD OK
INFO	[2022-04-19 11:41:56:185] <3374> MSG_TO_PG:[0193200175D SHA1                   0                                      300200fourseason               57800INIphpRECPfourseason20220419114156829987<?xml version="1.0" encoding="UTF-8"?>
<INIpay>
	  <GoodsInfo>
	    <GoodsCnt>1</GoodsCnt>
	    <MOID/>
	    <Currency>WON</Currency>
	    <Tax>5255</Tax>
	    <TaxFree/>
	    <Goods>
	      <SMID>fourseason</SMID>
	      <GoodsName urlencode="1">%C7%D6%B5%F4%C0%FC%BD%C3%BB%F3%C7%B0%C1%F6%BA%EA%C0%CC%C5%F5%BE%EE%C4%AB%B8%A3%BD%A6%BF%FE%C1%F6%B0%F1%C7%C1%C5%AC%B7%B4</GoodsName>
	      <GoodsPrice>57800</GoodsPrice></Goods></GoodsInfo>
	  <BuyerInfo>
	    <BuyerName urlencode="1">%B1%E8%BF%EB%B9%FC</BuyerName>
	    <BuyerTel/>
	    <BuyerEmail urlencode="1">dt1226%40naver.com</BuyerEmail>
	    <ParentEmail/>
	    <RecvName/>
	    <RecvTel/>
	    <RecvMsg/>
	    <RecvAddr/>
	    <RecvPostNum/></BuyerInfo>
	  <PaymentInfo>
	    <Payment>
	      <PayMethod>CASH</PayMethod>
	      <JoinCard/>
	      <JoinExpire/>
	      <MailOrder/>
	      <SessionKey>xHqSKMn++MpfkkMuH0YnoFiGUJDWgZlXdxVM71JI03RQ5hMk72HmzIJEXy05Xq7H
u1Oxe8puIj/EYrS3arjtY1+EYuwXIBgwyB7of06mBLPzFO5fg/wCBJIGxYcQualr
zM4Ao5VBk76VMR4r3vnb7xx/e/d2SuzYQFR99eB/Ck//r1SQLjhuJA==
</SessionKey>
	      <Encrypted>ysMOwZDTFIQ+yv2izoS9B7JTlXsT4q4J2HCvFblKlPrht9tSfVJCoQ/9ZiwkykAQ
mO8k9VDB9aVpImtMDdc0cge2Vq/Ii2emAPvWOiR/sEPx+PMoPq6ctl4CkD+PZf6l
CvtDC4K8nJb+3ElERalvznamZCgT5/1h2Fn5u8OrZ2MlZ+mHldrfZHY6rxmnh/BI
EFBjwZVB2c4WaeQM40XPXmN24UjHFWm82cNtxloW8fMxAtYwBBv01Fmx32oTpXQq
y6ulGZUFt7EO1oS4uLqVdi4LW2RK0nZ7Lp+v9n2BP1agzrJ0oThGggKT+LK5WoaM
w4Uq3x/yor/qhC3U5rMNupjSzBcjHnt1QPrnPyxHLClYasDsexYQeGtPYBZLQ6zr
I2AY7HJg5ZJ/8pQdFNALOjtGcz9Bb7rtk81uhB5d2Tq9ZcW0xAdfeDWj2pWrMQlM
mQjokFxZkGULqbrdcfImRJzJrvOGH/GYNjxprU8NzZOVCo1vxkeo7Q==
</Encrypted></Payment></PaymentInfo>
	  <ReservedInfo>
	    <MReserved1/>
	    <MReserved2/>
	    <MReserved3/></ReservedInfo>
	  <ManageInfo>
	    <Language/>
	    <URL/>
	    <TXVersion>5036B141209receiLinux     PHPchkfake   2.6.32-754.11.1.el6.x86_64PHP:</TXVersion>
	    <TXUserID/>
	    <TXRegNum/>
	    <Ack>1</Ack></ManageInfo></INIpay>ANvYbXMdV78trBBkQ1/DYyDzxnRybRPxPY2p/SfCIIc/QmmSm3HnnEgRdwahFXDE
3TYbAn44ZDze7RivicV+52GDS4JMzsZ/4CReAcltTqAzPVhsX/BGCubLp2Ues/FH
Hn4tJuTeVYF6GDpB6DIcg4Thb2OliTPF57iFAcyRyR0H
]
INFO	[2022-04-19 11:41:56:185] <3374> DNS LOOKUP OK(203.238.37.3:203.238.37.3:34049) laptime:0
INFO	[2022-04-19 11:41:56:187] <3374> SOCKET CONNECT OK
INFO	[2022-04-19 11:41:56:187] <3374> SEND OK
INFO	[2022-04-19 11:41:56:278] <3374> RECV OK
INFO	[2022-04-19 11:41:56:278] <3374> MSG_FROM_PG:[0169000175D SHA1                   0                                      300210fourseason               57800INIphpRECPfourseason20220419114156829987<?xml version="1.0" encoding="UTF-8"?><INIpay>
<GoodsInfo>
<GoodsCnt>1</GoodsCnt>
<MOID urlencode="1"/>
<Currency>WON</Currency>
<Goods no="1">
<SMID>fourseason</SMID>
<GoodsName urlencode="1">%C7%D6%B5%F4%C0%FC%BD%C3%BB%F3%C7%B0%C1%F6%BA%EA%C0%CC%C5%F5%BE%EE%C4%AB%B8%A3%BD%A6%BF%FE%C1%F6%B0%F1%C7%C1%C5%AC%B7%B4</GoodsName>
<GoodsCntS>1</GoodsCntS>
<GoodsPrice>57800</GoodsPrice>
</Goods>
</GoodsInfo>
<PaymentInfo>
<Payment>
<SessionKey>AF9Pw1a+bakaQeN0p6Bm6I+lJnMf+yI1jGxShCflRx9ozg3bYcVXxgqNg1ZtEMHB
M0zJPrzC3DFseKCqR6mGY/sTHugPXNsW/gmNvdtxYUMBeGcyYIK1sIGmB5ZbWA3v
RL1p6yvz99drF2EB0HoitU8cTRx/VTSvXNyrnB+BVM8s3tOWLmQBxkA=
</SessionKey>
<Encrypted>R6rZW5uSPA/+aZ9Y9agXsMdTc7co61M7Z2GzAQ0zZ/H02QtTWm4KKet/aWkPPYRf
eBwW73UCkZ33g/2stSQKeKfmFE/ZGbbXj+BeByUEQiZ54w5o3pXEe5vY8YzA2IMp
7rcwTjiizoWhJMbfJBwXJYmFSAXNhGDsEfmrzpaP2zydj7E0uyTUAH4JZL7fN6xF
fVoLQ1DqdNJiDB8YlJByjgQWHiLyFN69FCbxFMInA2QmrgCIQtVPznCNvcazMU7s
M25LFzshvpGRtp6Kh4bu0G4A5Fr5g4HYv1MSIj2iTyO4ptSo6KKbekYUKYHWilWw
PKF90C79b7rm80SO5SOjhjbPPyfWx0UIN7mnJE7bA02qEXXMOC2tWxTQLWfm96RX
a4p671UREeRvu4Q9zGAscgY9eX/fcyztcqvIAwdXC7JVnGv0U4+jKfLpMQbnrbS7
1jD0gRVK50KhAw9T/Nqm3gDQtr8PHiQgzOi9AQe8ktbZYGrV/1JYuUEZ1OMJ7kmI
sQbFDSM6h0/711A0QWVU706lZOy8fukX/IawWDA7gyBtbMYK1zOJ2NXdw9JspJEP
SssFjqKnn4W6tE7MXbtXzauBAypXc+wx4FqJAKiEdeTxIUDDEy54Te88RDQE+s43
xd7PBfqxyeN9FOubupHLtYYKq5EC/HcufpOZRGoLH0eX0xIt3gFwUQ==
</Encrypted>
<PayMethod>CASH</PayMethod>
<ResultCode>220000</ResultCode>
<ResultMsg urlencode="1">%C1%A4%BB%F3%C3%B3%B8%AE%B5%C7%BE%FA%BD%C0%B4%CF%B4%D9.</ResultMsg>
</Payment>
</PaymentInfo>
<ManageInfo/>
<ReservedInfo>
<MReserved1 urlencode="1"/>
<MReserved2 urlencode="1"/>
<MReserved3 urlencode="1"/>
</ReservedInfo>
</INIpay>
Fl3Ma+7u0LoJcidkWMiPWJYY4LPX8jr0OGAJxSkyWi5AViQLQnpcYGdtivSp9tbR
sp4ggC3pyO9zk6c1hkclGOKuajVmLFlbtIjBpnl7zAJpsPYdYa0T4wfmPuaYv9NX
zBTq/GYvX5qEWtguDI+2IwIFp6rbwywNY7LKnVxBp6w=
]
INFO	[2022-04-19 11:41:56:278] <3374> VERIFY OK
INFO	[2022-04-19 11:41:56:278] <3374> PARSE HEAD OK
INFO	[2022-04-19 11:41:56:279] <3374> PARSE BODY OK
INFO	[2022-04-19 11:41:56:280] <3374> DECRYPT OK
DEBUG	[2022-04-19 11:41:56:280] <3374> DECRYPT MSG:[<?xml version="1.0" encoding="UTF-8"?><PaymentInfo>
<Payment>
<CASH>
<CSHR_ApplPrice>57800</CSHR_ApplPrice>
<CSHR_SupplyPrice>52545</CSHR_SupplyPrice>
<CSHR_Tax>5255</CSHR_Tax>
<CSHR_ServicePrice/>
<CSHR_Type>0</CSHR_Type>
<CSHR_ApplDate>20220419</CSHR_ApplDate>
<CSHR_ApplTime>114156</CSHR_ApplTime>
<CSHR_ApplNum>268896086</CSHR_ApplNum>
<CSHR_ResultCode>220000</CSHR_ResultCode>
<CSHR_ResultMsg urlencode="1">%C1%A4%BB%F3%C3%B3%B8%AE%B5%C7%BE%FA%BD%C0%B4%CF%B4%D9.</CSHR_ResultMsg>
</CASH>
</Payment>
</PaymentInfo>]
INFO	[2022-04-19 11:41:56:280] <3374> DECRYPT PARSE OK
INFO	[2022-04-19 11:41:56:280] <3374> WAIT ACK INVOKING
DEBUG	[2022-04-19 11:41:56:280] <3374> MAKE HEAD OK
INFO	[2022-04-19 11:41:56:284] <3374> SUCCESS ACK INVOKING
INFO	[2022-04-19 11:41:56:284] <3374> END receipt 정상처리되었습니다. Laptime:[0.102sec]
INFO	[2022-04-19 11:41:56:284] <3374> ===============================================================
