INFO	[2022-07-05 15:20:28:254] <21250> START INIPHP cancel (V5036-141209)(OS:Linux2.6.32-754.11.1.el6.x86_64,PHP:5.3.3)
DEBUG	[2022-07-05 15:20:28:254] <21250> inipayhome:/home1/killdeal/public_html/shop/inicis
DEBUG	[2022-07-05 15:20:28:254] <21250> debug:false
DEBUG	[2022-07-05 15:20:28:254] <21250> type:cancel
DEBUG	[2022-07-05 15:20:28:254] <21250> mid:majorgol03
DEBUG	[2022-07-05 15:20:28:254] <21250> admin:1111
DEBUG	[2022-07-05 15:20:28:254] <21250> tid:INIMX_CARDmajorgol0320220624220724525450
DEBUG	[2022-07-05 15:20:28:254] <21250> cancelmsg:쇼핑몰 운영자 승인 취소
INFO	[2022-07-05 15:20:28:254] <21250> Check Field OK
INFO	[2022-07-05 15:20:28:254] <21250> PI PUB KEY LOAD OK []
INFO	[2022-07-05 15:20:28:255] <21250> PG PUB KEY LOAD OK [30]
INFO	[2022-07-05 15:20:28:255] <21250> MERCHANT PRIV KEY LOAD OK
INFO	[2022-07-05 15:20:28:255] <21250> MERCHANT PUB KEY LOAD OK [0]
DEBUG	[2022-07-05 15:20:28:256] <21250> MAKE ENCRYPT OK[<?xml version="1.0" encoding="UTF-8"?>
<CancelInfo>
	  <CancelTID>INIMX_CARDmajorgol0320220624220724525450</CancelTID>
	  <CancelMsg urlencode="1">%BC%EE%C7%CE%B8%F4+%BF%EE%BF%B5%C0%DA+%BD%C2%C0%CE+%C3%EB%BC%D2</CancelMsg>
	  <CancelReason/></CancelInfo>]
INFO	[2022-07-05 15:20:28:256] <21250> MAKE BODY OK
INFO	[2022-07-05 15:20:28:256] <21250> SIGN OK
INFO	[2022-07-05 15:20:28:257] <21250> MAKE HEAD OK
INFO	[2022-07-05 15:20:28:257] <21250> MSG_TO_PG:[0096200175D SHA1                   0                                      300420majorgol03                    INIMX_CARDmajorgol0320220624220724525450<?xml version="1.0" encoding="UTF-8"?>
<INIpay>
	  <CancelInfo>
	    <SessionKey>CWraIQNsd2+8vxCGxPy49GC2pDexE6NGD82ect5FO07kz1znw4FDkgWuJQZizYLE
bzRndeaRGR2v2HbNgGRg3tvMb0DZ6XKc3QFvymn55E0rpHfqfUS6pSfumJzKH4gw
gRmws1F9udYsWS9ZVfyrywJakdHbn2nVmEmLcM8FFJbssKy+EXBRrA==
</SessionKey>
	    <Encrypted>CnR9CXbgHdaqrd/SPwA4dpFLVlPxd3nOB3gzGxA0agI0Sr5/9LDo0AruMQR0etI5
Jk7Q0WeU2UBOeumuALs+jyukyQIxls2u0qj5MqhrfDU82XRTrSjz7YJoLIVpSjuo
IySmml8hnPyLMByaAgKicbVjBjqBIRAapuvvlbmSPLwVqOsls+vRorALdR0gEGI9
MZuxHznpbZJxVznPIQx0NUMB2PxvCitSt0u5SnZMuU0XBnACL5yeu2ujGH9O+o93
zw3dTKZ4Bbhco7cKxxH6K2U6Yb5sekICqifrsyPqZeZ+yKgYTAYjbN/9nVqHbaQd
Ei3qOyFyGJSepJEZm1RYfA==
</Encrypted></CancelInfo>
	  <ReservedInfo>
	    <MReserved1/>
	    <MReserved2/>
	    <MReserved3/></ReservedInfo>
	  <ManageInfo>
	    <Language/>
	    <URL/>
	    <TXVersion>5036B141209canceLinux     PHPchkfake   2.6.32-754.11.1.el6.x86_64PHP:</TXVersion>
	    <TXUserID/>
	    <TXRegNum/></ManageInfo></INIpay>AITZEft2H+tPgzOUcxzUH8u7wjdpV8E9PhqtFRRh0kl0GN0Iq46W2BGA14ULdriE
0UlD1U+MLFn1akHvuI79vTfe5S6dE9Qxl4gWbaX45tyllp0zx/qc+PzG1qnJbM7r
iikQ5LOqUp8OouARIbB1f/M8PfRy+vmwSqlcWlWck1Cq
]
INFO	[2022-07-05 15:20:28:257] <21250> DNS LOOKUP OK(203.238.37.3:203.238.37.3:34049) laptime:0
INFO	[2022-07-05 15:20:28:260] <21250> SOCKET CONNECT OK
INFO	[2022-07-05 15:20:28:260] <21250> SEND OK
INFO	[2022-07-05 15:20:28:903] <21250> RECV OK
INFO	[2022-07-05 15:20:28:903] <21250> MSG_FROM_PG:[0093300175D SHA1                   0                                      300430majorgol03                    INIMX_CARDmajorgol0320220624220724525450<?xml version="1.0" encoding="UTF-8"?><INIpay>
<CancelInfo>
<ResultCode>120000</ResultCode>
<ResultMsg urlencode="1">%C1%A4%BB%F3%C3%B3%B8%AE%B5%C7%BE%FA%BD%C0%B4%CF%B4%D9.</ResultMsg>
<SessionKey>AC9lEZqj1/J1d/QB84rUhDHcqzms/JMIu/x2ZWRMiZKlnVspfUsvjVfiZ2axDx0H
emvKjZJjzTl3lYNJboaQVSgz39UbiScGLZoT2xTArx9q5HxXol0sNRNQrzcHtvBR
5wf2golUJYwuMADxsPs6ydQpGdqgyiZgmTbhP9BsqKp9EH7PapQ2Y9c=
</SessionKey>
<Encrypted>dwp0mTshL1jttmcvkHrsgMJpcgnJp/uHoLyBWIUiJByO7/0CwMI8mFJ5SEFbgNJ9
iNas6HK5Eivk0NRrl4quZgHdQch5AjPbvpeN+7hsDMeT+NZ4dbnQf3f/eO0WgSim
nHoncNaMgFM7ZsPgWNZGsXnQ+1WLbk+mdQbohW0QqU0Oy57dAgL3v+9fMw9TYF/A
BARzOU6WtsIpMtT4qJJxG03j/pjXGE1T9t3rJ0Z/heChVq8wzS3gqyipx8fQi02D
/QyICew++GjtL1gQVF0XJpUGojvqeTNh1TAW6bJ1aJx5rsaEzL4QOpk60DVGXcpj
mPxfatAKQp1zZrKm5DqQdqkKMYq4ZQSa
</Encrypted>
</CancelInfo>
<ManageInfo/>
<ReservedInfo>
<MReserved1 urlencode="1"/>
<MReserved2 urlencode="1"/>
<MReserved3 urlencode="1"/>
</ReservedInfo>
</INIpay>
B+4gZqsrDvHNub8+7M3suyx7T/iaDiIdFpcB9o2dynMfqdlaCHloS43KTk75mZi1
+qndjA7AXBFTkoWJhKvV2FHrxZ/BN6+HNiLXobz3sIYWJK1yCrq+VdC7QlspkudM
X4iEgiZ8QulgIFD1IOMRn2jJnvWklJpHQ2CpNhl41Lo=
]
INFO	[2022-07-05 15:20:28:903] <21250> VERIFY OK
INFO	[2022-07-05 15:20:28:903] <21250> PARSE HEAD OK
INFO	[2022-07-05 15:20:28:903] <21250> PARSE BODY OK
INFO	[2022-07-05 15:20:28:904] <21250> DECRYPT OK
DEBUG	[2022-07-05 15:20:28:904] <21250> DECRYPT MSG:[<?xml version="1.0" encoding="UTF-8"?><CancelInfo>
<CancelDate>20220705</CancelDate>
<CancelTime>152028</CancelTime>
<ResultCode>120000</ResultCode>
<ResultMsg urlencode="1">%C1%A4%BB%F3%C3%B3%B8%AE%B5%C7%BE%FA%BD%C0%B4%CF%B4%D9.</ResultMsg>
</CancelInfo>]
INFO	[2022-07-05 15:20:28:905] <21250> DECRYPT PARSE OK
INFO	[2022-07-05 15:20:28:905] <21250> END cancel 정상처리되었습니다. Laptime:[0.651sec]
INFO	[2022-07-05 15:20:28:905] <21250> ===============================================================
INFO	[2022-07-05 16:56:18:820] <2727> START INIPHP cancel (V5036-141209)(OS:Linux2.6.32-754.11.1.el6.x86_64,PHP:5.3.3)
DEBUG	[2022-07-05 16:56:18:820] <2727> inipayhome:/home1/killdeal/public_html/shop/inicis
DEBUG	[2022-07-05 16:56:18:820] <2727> debug:false
DEBUG	[2022-07-05 16:56:18:820] <2727> type:cancel
DEBUG	[2022-07-05 16:56:18:820] <2727> mid:majorgol03
DEBUG	[2022-07-05 16:56:18:820] <2727> admin:1111
DEBUG	[2022-07-05 16:56:18:820] <2727> tid:INIMX_VBNKmajorgol0320220705165106324058
DEBUG	[2022-07-05 16:56:18:820] <2727> cancelmsg:주문자 본인 취소-구매의사 없음
INFO	[2022-07-05 16:56:18:820] <2727> Check Field OK
INFO	[2022-07-05 16:56:18:820] <2727> PI PUB KEY LOAD OK []
INFO	[2022-07-05 16:56:18:820] <2727> PG PUB KEY LOAD OK [30]
INFO	[2022-07-05 16:56:18:820] <2727> MERCHANT PRIV KEY LOAD OK
INFO	[2022-07-05 16:56:18:820] <2727> MERCHANT PUB KEY LOAD OK [0]
DEBUG	[2022-07-05 16:56:18:821] <2727> MAKE ENCRYPT OK[<?xml version="1.0" encoding="UTF-8"?>
<CancelInfo>
	  <CancelTID>INIMX_VBNKmajorgol0320220705165106324058</CancelTID>
	  <CancelMsg urlencode="1">%C1%D6%B9%AE%C0%DA+%BA%BB%C0%CE+%C3%EB%BC%D2-%B1%B8%B8%C5%C0%C7%BB%E7+%BE%F8%C0%BD</CancelMsg>
	  <CancelReason/></CancelInfo>]
INFO	[2022-07-05 16:56:18:821] <2727> MAKE BODY OK
INFO	[2022-07-05 16:56:18:822] <2727> SIGN OK
INFO	[2022-07-05 16:56:18:822] <2727> MAKE HEAD OK
INFO	[2022-07-05 16:56:18:822] <2727> MSG_TO_PG:[0099400175D SHA1                   0                                      300420majorgol03                    INIMX_VBNKmajorgol0320220705165106324058<?xml version="1.0" encoding="UTF-8"?>
<INIpay>
	  <CancelInfo>
	    <SessionKey>qDWURjiLJazZePkgVR5CsVEx7aVcRcmW3kjdazDgI7aoRMcNgYqp/rgp4S/K58a3
0bdXu0YLPdjRsmstZZ40Y2Vdg3hJ3K4UXkTl8rB4w0eyVx8UdEaekziYoVz1qwu2
VeP1Qdg3bx4NYXJBYqDM9yBY00U3VAwRUR54z0UhYrykQOON4VxfDg==
</SessionKey>
	    <Encrypted>axrThTy6iKUREn1SQ/SViaUXk80iKxV4rnuaJIRxTw3Ooh/fNtu2A6sYQ6Cu12ie
AC2QrXpEd5EZCdBcM3hn4YHoFOx8gYUqnGWOdYkQs7zyhcTPG/Sc43rpd/exgPyC
O5baNvvRcEw0Rsz1Z8RG38KshMupYdEBSMP6PX38qxIxadux3u4nxoIEmjudOfgG
cOZPsix3e2l7ktwbPA9vXUuC+G9KU6mTA+gyNd0a/CLN4I2MGUFtj9SDT7uqeTLt
yPqm/zk8Ev8K1GvhNPWQ8ZNBcKvEjhhuqvUjjgqEIpWm0Sf4Wg5mOXK9CcvbgX65
ftnQRya3gpvX7vn2YtW/z30F8/cfS2RhrDLc0p3ZMWieQnFvXw8KjQ==
</Encrypted></CancelInfo>
	  <ReservedInfo>
	    <MReserved1/>
	    <MReserved2/>
	    <MReserved3/></ReservedInfo>
	  <ManageInfo>
	    <Language/>
	    <URL/>
	    <TXVersion>5036B141209canceLinux     PHPchkfake   2.6.32-754.11.1.el6.x86_64PHP:</TXVersion>
	    <TXUserID/>
	    <TXRegNum/></ManageInfo></INIpay>AOt2s8B529K+8ZeFjV3u6pWzqGWSMwaFpAq3JF/ouCOrHd42OD35YTyg8dD491WI
LAeONyL+yxjRwlRhpoRxbOdhiolLHu6l32mLw0F1tYsgNIXRi+DYoKD7cLOU6fhx
QtwrExv9jo6/nPYgJ0smgabaiAcR9BbA4wfzK8EsdBVn
]
INFO	[2022-07-05 16:56:18:822] <2727> DNS LOOKUP OK(203.238.37.3:203.238.37.3:34049) laptime:0
INFO	[2022-07-05 16:56:18:824] <2727> SOCKET CONNECT OK
INFO	[2022-07-05 16:56:18:825] <2727> SEND OK
INFO	[2022-07-05 16:56:18:933] <2727> RECV OK
INFO	[2022-07-05 16:56:18:933] <2727> MSG_FROM_PG:[0123800175D SHA1                   0                                      300430majorgol03                    INIMX_VBNKmajorgol0320220705165106324058<?xml version="1.0" encoding="UTF-8"?><INIpay>
<CancelInfo>
<ResultCode>170000</ResultCode>
<ResultMsg urlencode="1">%C1%A4%BB%F3%C3%B3%B8%AE%B5%C7%BE%FA%BD%C0%B4%CF%B4%D9.</ResultMsg>
<SessionKey>AClVzmZR8wLfrSpj0Nzed+2fYXuF3NSMBWWRot1e/zKUt63D4wOPCsCk6hGSUI0x
Fl6pWqTdwXKw9i+k97y9gD2rfWtB+O71sjK8FBP00ZPVarN8p/81uSiAF8d3AymH
MfLDssEImBbfHpLdwFSQtu+RZbs3/+KJhtNSf5znOv6iamSHe2s1Lpk=
</SessionKey>
<Encrypted>fqeyOuSsCFfvEIRNKGRQsalctjoUT5mRw1e0Ipg/JWjzgRxYo6d/IlqtPHBeB09W
jOdJxZDaNGp4RU+ZE0GidD+oi51vbBsTHBbS1v1zZ1xSvDoLtBwB3nYqJGhdHxG7
sFIYz5fsj6yGctEp/tkjBxS7I3EyxHXXFjOskArzrSlgsC6PZbcs+OJEjVNT8l0P
i2T+2syESF3NEx+qA0+JIkid+DNzaTlptiilZ+vIpTL38XIrKRSSVITM2KCTINVw
x8u3RcnmuQ3Zi5Ay+je8ArhSkZK/QLj9sGPkTjY3d4pRPZ1cu4SmSBe7ETzGHaUQ
V7bESoT3TjMsr3iDiST8NWd3N7HOFQ3M5BohAY3l7lLFbFC4/KfhESeGf9JiHsqg
2sqUfuRrN/prArI5PS0nvPvw0x+MSVhIG4ITYN0h5JF0VXscGzAtD3aYV5Y4Ppcp
AYEpNc9nKrkE2s38DpbWoAbGIR0fhVWs0CHmBC4gCLiD/qYJGhPgItSZe195vgbB
DW2vSdDBGupMOGN8Yx5IzCzv2MMLgt/zg4QvMLAHNZVVFhtIR72ZpFqdz5XrqSbu
szoyBR1lw/Jc+XhmEAeVWC+BkvPzyqH6+YDjtNCqs8ebGaOW1ExnBWvL3fSj1bc3
unQqGWInomc=
</Encrypted>
</CancelInfo>
<ManageInfo/>
<ReservedInfo>
<MReserved1 urlencode="1"/>
<MReserved2 urlencode="1"/>
<MReserved3 urlencode="1"/>
</ReservedInfo>
</INIpay>
qCGuEBdvFDwdWXQEuDKxcgOfF1F4LYOCs0WKDghUdkuUypJQK3bVP253UruBC4Bd
45EtbXR0IJhgA98rMznqFfYQ7oehaqvUeyl6nuK3R2X+a0riKHtTswinnu+jItuj
Gts/LceQ9Vbm/K7WfWJKxHVbJ3A8FPWpFKMKj4/tLbI=
]
INFO	[2022-07-05 16:56:18:933] <2727> VERIFY OK
INFO	[2022-07-05 16:56:18:933] <2727> PARSE HEAD OK
INFO	[2022-07-05 16:56:18:933] <2727> PARSE BODY OK
INFO	[2022-07-05 16:56:18:934] <2727> DECRYPT OK
DEBUG	[2022-07-05 16:56:18:934] <2727> DECRYPT MSG:[<?xml version="1.0" encoding="UTF-8"?><CancelInfo>
<CancelDate>20220705</CancelDate>
<CancelTime>165618</CancelTime>
<ResultCode>170000</ResultCode>
<ResultMsg urlencode="1">%C1%A4%BB%F3%C3%B3%B8%AE%B5%C7%BE%FA%BD%C0%B4%CF%B4%D9.</ResultMsg>
<CSHR_CancelDate>20220705</CSHR_CancelDate>
<CSHR_CancelTime>165618</CSHR_CancelTime>
<CSHR_ResultCode>220000</CSHR_ResultCode>
<CSHR_ResultMsg urlencode="1">%C1%A4%BB%F3%C3%B3%B8%AE%B5%C7%BE%FA%BD%C0%B4%CF%B4%D9.</CSHR_ResultMsg>
</CancelInfo>]
INFO	[2022-07-05 16:56:18:934] <2727> DECRYPT PARSE OK
INFO	[2022-07-05 16:56:18:934] <2727> END cancel 정상처리되었습니다. Laptime:[0.114sec]
INFO	[2022-07-05 16:56:18:934] <2727> ===============================================================
