INFO	[2022-06-07 11:31:42:439] <30264> START INIPHP cancel (V5036-141209)(OS:Linux2.6.32-754.11.1.el6.x86_64,PHP:5.3.3)
DEBUG	[2022-06-07 11:31:42:439] <30264> inipayhome:/home1/killdeal/public_html/shop/inicis
DEBUG	[2022-06-07 11:31:42:439] <30264> debug:false
DEBUG	[2022-06-07 11:31:42:439] <30264> type:cancel
DEBUG	[2022-06-07 11:31:42:439] <30264> mid:majorgol03
DEBUG	[2022-06-07 11:31:42:439] <30264> admin:1111
DEBUG	[2022-06-07 11:31:42:439] <30264> tid:StdpayISP_majorgol0320220607113120004731
DEBUG	[2022-06-07 11:31:42:439] <30264> cancelmsg:주문자 본인 취소-구매의사 없음
INFO	[2022-06-07 11:31:42:439] <30264> Check Field OK
INFO	[2022-06-07 11:31:42:439] <30264> PI PUB KEY LOAD OK []
INFO	[2022-06-07 11:31:42:439] <30264> PG PUB KEY LOAD OK [30]
INFO	[2022-06-07 11:31:42:440] <30264> MERCHANT PRIV KEY LOAD OK
INFO	[2022-06-07 11:31:42:440] <30264> MERCHANT PUB KEY LOAD OK [0]
DEBUG	[2022-06-07 11:31:42:440] <30264> MAKE ENCRYPT OK[<?xml version="1.0" encoding="UTF-8"?>
<CancelInfo>
	  <CancelTID>StdpayISP_majorgol0320220607113120004731</CancelTID>
	  <CancelMsg urlencode="1">%C1%D6%B9%AE%C0%DA+%BA%BB%C0%CE+%C3%EB%BC%D2-%B1%B8%B8%C5%C0%C7%BB%E7+%BE%F8%C0%BD</CancelMsg>
	  <CancelReason/></CancelInfo>]
INFO	[2022-06-07 11:31:42:440] <30264> MAKE BODY OK
INFO	[2022-06-07 11:31:42:441] <30264> SIGN OK
INFO	[2022-06-07 11:31:42:441] <30264> MAKE HEAD OK
INFO	[2022-06-07 11:31:42:441] <30264> MSG_TO_PG:[0099400175D SHA1                   0                                      300420majorgol03                    StdpayISP_majorgol0320220607113120004731<?xml version="1.0" encoding="UTF-8"?>
<INIpay>
	  <CancelInfo>
	    <SessionKey>q2xLEKibGjiN/1rthz4GtGDKb9T71iPrvxy0ojrpzthTAhaot0h/9yCEnMFpuCVj
qzQ/GHU7CIHQyd3N/RIMffqL/jnV3YNQUV3XbAuHi9wJ8eXtc3ntSCADGUW+Ewg6
B6xBXDToq2J7aLKrcc9e0FHCPkCmQJNdX4dimNbHgYc+6Yk71f3OBA==
</SessionKey>
	    <Encrypted>Pc5/FnhgkX6I/Ni7NxMou4cjoD0U8xm1AwgXtTdQofLsjrI5Zw8OB4o6B0i70vit
KYsnxZ1h/kPQ9+qB5chrzHxxa8Lc/p8rFcC5qdFILVk+rNhdUSaGwpasoH9/4Xdv
pKoZD/IrdUffoO9Av//t+70qYP199T3N4Up3NzQr+xs9ZA21nwBUYBSU9Pizzraz
TS22XwZ/ANwAiOvTL0dhDuG0x01Oa9ElrfdKymNFH+OPur4rx39D3Eo8yqX9/EM1
qCZcRq5qe+vFXBqMwyFvDwTjU5SJzf9igamRK5r4l+hTFuysjMhkpgUV0H5icW9w
SnblSTdnYkJhXr92n5katrX+nCfR4iIEV/jMNmhImrOu5OTnA74nAQ==
</Encrypted></CancelInfo>
	  <ReservedInfo>
	    <MReserved1/>
	    <MReserved2/>
	    <MReserved3/></ReservedInfo>
	  <ManageInfo>
	    <Language/>
	    <URL/>
	    <TXVersion>5036B141209canceLinux     PHPchkfake   2.6.32-754.11.1.el6.x86_64PHP:</TXVersion>
	    <TXUserID/>
	    <TXRegNum/></ManageInfo></INIpay>AIyyR41NbOLy65xMEiN70Q5lA4OHAvr1DbjolBrcZ+eUWIVEQuRusaXT8KDufzAc
rmDphez00hDd1JAA57D4UQRFWRbOlZ9YnmvRwJwwpDjw7C7NvyJ3n90SGXJlzHo5
RMDkncWWNqFlRfxJX7zBKRDAul6nRProXxxBz7S8aoPk
]
INFO	[2022-06-07 11:31:42:441] <30264> DNS LOOKUP OK(203.238.37.3:203.238.37.3:34049) laptime:0
INFO	[2022-06-07 11:31:42:444] <30264> SOCKET CONNECT OK
INFO	[2022-06-07 11:31:42:444] <30264> SEND OK
INFO	[2022-06-07 11:31:43:323] <30264> RECV OK
INFO	[2022-06-07 11:31:43:323] <30264> MSG_FROM_PG:[0086100175D SHA1                   0                                      300430majorgol03                    StdpayISP_majorgol0320220607113120004731<?xml version="1.0" encoding="UTF-8"?><INIpay>
<CancelInfo>
<ResultCode>170000</ResultCode>
<ResultMsg urlencode="1">%C1%A4%BB%F3%BF%CF%B7%E1</ResultMsg>
<SessionKey>AEX1dYNSQUaI9ID6kGaxzx+dF1u6QiRIq2zzl1tRn2uQJazRxuanH7m60mbV/5yA
seVB9cqfS+4PebXIlf55mOyEb5UoW2N2qrggOWdnLmF1Dl+sEJG7nrT717judyly
FbBJ4rQgh2it6m+rLS0ri8SnLShKqUYSrmruVlmjr04fRQ+uO4KVm5A=
</SessionKey>
<Encrypted>AXcwD5SeEejm/+rXYGvGEG8TERFze0ECd6uT6rXoqfSnF+CbpR3hBVE0wDD5nhzA
og0MOvBX/6zwTeXV2Z2V3noFQ58bWz7tj0Phdm3Aq5KE16u54AcGjHnD8xXcntdL
q2L7ZWqWBQrkCkTz01NtrSioY1lD84kaZ64WXufwPwcCFSZawJD6Xs1ehniwKW3U
qPrRpbgrT3x2cqlmHqqmQwR6nATizO9rVgXNdq88qIJHAx22b1tfbFxygElqZ26Q
AyimbDvM9NVbnsWqxohLselfNKFhIqOVxzrUEoKU74e+kCMNyBRD8w==
</Encrypted>
</CancelInfo>
<ManageInfo/>
<ReservedInfo>
<MReserved1 urlencode="1"/>
<MReserved2 urlencode="1"/>
<MReserved3 urlencode="1"/>
</ReservedInfo>
</INIpay>
O7mjtUzWQPNPPexpwn0Sb2HWPBHjS/UccqwNp1mdzddTQkpfXUJotEUGrUttwMTO
ghzWm9wmILl6yCTaR6VMZw6Jd6HzgNMIGMSPL5Z9skiYmbYaE7hTYA5yHzbwknXY
t9J8j7APzC7HbxOiNjNHic4dVRjXflNM0OW7qgpVZ2A=
]
INFO	[2022-06-07 11:31:43:323] <30264> VERIFY OK
INFO	[2022-06-07 11:31:43:323] <30264> PARSE HEAD OK
INFO	[2022-06-07 11:31:43:323] <30264> PARSE BODY OK
INFO	[2022-06-07 11:31:43:324] <30264> DECRYPT OK
DEBUG	[2022-06-07 11:31:43:324] <30264> DECRYPT MSG:[<?xml version="1.0" encoding="UTF-8"?><CancelInfo>
<CancelDate>20220607</CancelDate>
<CancelTime>113143</CancelTime>
<ResultCode>170000</ResultCode>
<ResultMsg urlencode="1">%C1%A4%BB%F3%BF%CF%B7%E1</ResultMsg>
</CancelInfo>]
INFO	[2022-06-07 11:31:43:325] <30264> DECRYPT PARSE OK
INFO	[2022-06-07 11:31:43:325] <30264> END cancel 정상완료 Laptime:[0.886sec]
INFO	[2022-06-07 11:31:43:325] <30264> ===============================================================
INFO	[2022-06-07 14:40:50:784] <12776> START INIPHP cancel (V5036-141209)(OS:Linux2.6.32-754.11.1.el6.x86_64,PHP:5.3.3)
DEBUG	[2022-06-07 14:40:50:784] <12776> inipayhome:/home1/killdeal/public_html/shop/inicis
DEBUG	[2022-06-07 14:40:50:784] <12776> debug:false
DEBUG	[2022-06-07 14:40:50:784] <12776> type:cancel
DEBUG	[2022-06-07 14:40:50:784] <12776> mid:majorgol03
DEBUG	[2022-06-07 14:40:50:784] <12776> admin:1111
DEBUG	[2022-06-07 14:40:50:784] <12776> tid:INIMX_CARDmajorgol0320220529090813235195
DEBUG	[2022-06-07 14:40:50:784] <12776> cancelmsg:쇼핑몰 운영자 승인 취소
INFO	[2022-06-07 14:40:50:784] <12776> Check Field OK
INFO	[2022-06-07 14:40:50:784] <12776> PI PUB KEY LOAD OK []
INFO	[2022-06-07 14:40:50:784] <12776> PG PUB KEY LOAD OK [30]
INFO	[2022-06-07 14:40:50:784] <12776> MERCHANT PRIV KEY LOAD OK
INFO	[2022-06-07 14:40:50:784] <12776> MERCHANT PUB KEY LOAD OK [0]
DEBUG	[2022-06-07 14:40:50:784] <12776> MAKE ENCRYPT OK[<?xml version="1.0" encoding="UTF-8"?>
<CancelInfo>
	  <CancelTID>INIMX_CARDmajorgol0320220529090813235195</CancelTID>
	  <CancelMsg urlencode="1">%BC%EE%C7%CE%B8%F4+%BF%EE%BF%B5%C0%DA+%BD%C2%C0%CE+%C3%EB%BC%D2</CancelMsg>
	  <CancelReason/></CancelInfo>]
INFO	[2022-06-07 14:40:50:785] <12776> MAKE BODY OK
INFO	[2022-06-07 14:40:50:785] <12776> SIGN OK
INFO	[2022-06-07 14:40:50:785] <12776> MAKE HEAD OK
INFO	[2022-06-07 14:40:50:785] <12776> MSG_TO_PG:[0096200175D SHA1                   0                                      300420majorgol03                    INIMX_CARDmajorgol0320220529090813235195<?xml version="1.0" encoding="UTF-8"?>
<INIpay>
	  <CancelInfo>
	    <SessionKey>dVfQ2zg5R0lYBjc1mSt1Y+qhfPi1HHmFUYX9jtzPkrPC/6Q2QFlDGJeZa9s7uozn
WI/JNFRiedB8AwOwy50G6uec6N65miQO3osYQZzoZfCqjlb6Wq0y8+rgFtky1OR8
LboE40tJbImfC7wVDsKYTvWi7OGmhDFevPMmlshATjzAzVT24WCg9Q==
</SessionKey>
	    <Encrypted>SmvFr0v0QpUbfdUiAA0/S/KkkOz1db6xewV5jqVf+MPLODwPk3TriC2HTTYih5YS
DoeD37Bu/Mn04krfsU/Qx3nGWfMPowxxfkXYNMoof5u04C0xdE+gEMIK73OmUSRj
vb7AmQ/kjtsFgRVS4AqTJOn18SEbpoTyiqVaPxaM2CUrrVjOnk2SbEs3x15dBtzb
BQZOGIP0REzx+WXJCcdsEEeyiJSfseDdIsdQ6T0ZQd2Hf7vgzltW01UFZEzPWog0
dDMjFnNTTyk9DSIKaFx7IciuOrsP16eYSyQGuZXU3xtzh/9dapkOkLvHycL03AHo
BGGZznahODR3hlzZRcr6sA==
</Encrypted></CancelInfo>
	  <ReservedInfo>
	    <MReserved1/>
	    <MReserved2/>
	    <MReserved3/></ReservedInfo>
	  <ManageInfo>
	    <Language/>
	    <URL/>
	    <TXVersion>5036B141209canceLinux     PHPchkfake   2.6.32-754.11.1.el6.x86_64PHP:</TXVersion>
	    <TXUserID/>
	    <TXRegNum/></ManageInfo></INIpay>ALtMiFzl99b6l+uaI+BXljyXqx3kyHxEpkf+bvCLFDaigHBhtV8ALk/LZk+Y/9I2
2Znxw5wRRd6yyQoinz26MV3aoRFd6EiA62eS9M2VZ5WY+KhofPxXktiFXSdfterr
tRlXMZO2h49n3/BTjHZRz3XcubGsC1bwMq2quHWRJi2+
]
INFO	[2022-06-07 14:40:50:785] <12776> DNS LOOKUP OK(203.238.37.3:203.238.37.3:34049) laptime:0
INFO	[2022-06-07 14:40:50:789] <12776> SOCKET CONNECT OK
INFO	[2022-06-07 14:40:50:789] <12776> SEND OK
INFO	[2022-06-07 14:40:51:577] <12776> RECV OK
INFO	[2022-06-07 14:40:51:577] <12776> MSG_FROM_PG:[0093300175D SHA1                   0                                      300430majorgol03                    INIMX_CARDmajorgol0320220529090813235195<?xml version="1.0" encoding="UTF-8"?><INIpay>
<CancelInfo>
<ResultCode>120000</ResultCode>
<ResultMsg urlencode="1">%C1%A4%BB%F3%C3%B3%B8%AE%B5%C7%BE%FA%BD%C0%B4%CF%B4%D9.</ResultMsg>
<SessionKey>AAUuR3cdyxcnpV4Lxa4bCJ0DPv8GMNWnFVE17FRNXoJnxP6fKdQj86ft9jgvisp8
+p8p0H2s9ce72YvPmXFX8tluJv2imFNdB3GBrAJn/tqAnRhDvTVn5hd9W/ZPLsV8
/J7aaEaS/4L7TIX6wvNmxLuW9P9Y1y2yDN7NO2GzM7uEU7klPNhDuQY=
</SessionKey>
<Encrypted>HG1JDIaYf/UGeCJSdVszGaK1cLG2cFpADBK8vzTKFSNnOSDeVWCRlWr3UnJBTy8Z
Q6WBuRVJtkkiXo8S5R9aYvf3S9cfrB+RibjWeq+UlmJkvHrz6XtNI+JRVGiKb312
djhStBQnIkhwlms5ZDgIDa84GzkI+LJi6porV9FsxWxwJX4301SN6kC2nFJmHpr/
f4D/MWqGJnKHTBzy8BhjmtHgeUE0zgifpyP8nqw+s+EOaxroClJ7eIpZBf7jNjBk
yhQ5M8j0CzDKpzbcSTQORE3DyGXZo0rIL7h/8eraj6Fy0+bHHzZ8HNGbg+fDJ/Ww
PvpBT9Jb+DCOCJbFtUAdS/jPOgecdYLt
</Encrypted>
</CancelInfo>
<ManageInfo/>
<ReservedInfo>
<MReserved1 urlencode="1"/>
<MReserved2 urlencode="1"/>
<MReserved3 urlencode="1"/>
</ReservedInfo>
</INIpay>
EbXIi+OPaK91gslBXNuUBWWavL9ZP06TZ3sEebF9xRordHrIScS/3HbOpFMAyUEy
VJCk14YTKg9V3DOYXwzbxRyY++2uE/U58tRq8xd2cEQvGmAWOQA0WL6VxACF3ooL
cu12JrfdBsIR6gEDkVsXMeP+ZqhaLNHMmreSsHf810A=
]
INFO	[2022-06-07 14:40:51:578] <12776> VERIFY OK
INFO	[2022-06-07 14:40:51:578] <12776> PARSE HEAD OK
INFO	[2022-06-07 14:40:51:578] <12776> PARSE BODY OK
INFO	[2022-06-07 14:40:51:578] <12776> DECRYPT OK
DEBUG	[2022-06-07 14:40:51:579] <12776> DECRYPT MSG:[<?xml version="1.0" encoding="UTF-8"?><CancelInfo>
<CancelDate>20220607</CancelDate>
<CancelTime>144051</CancelTime>
<ResultCode>120000</ResultCode>
<ResultMsg urlencode="1">%C1%A4%BB%F3%C3%B3%B8%AE%B5%C7%BE%FA%BD%C0%B4%CF%B4%D9.</ResultMsg>
</CancelInfo>]
INFO	[2022-06-07 14:40:51:579] <12776> DECRYPT PARSE OK
INFO	[2022-06-07 14:40:51:579] <12776> END cancel 정상처리되었습니다. Laptime:[0.795sec]
INFO	[2022-06-07 14:40:51:579] <12776> ===============================================================
