INFO	[2023-10-28 18:51:55:138] <15585> START INIPHP cancel (V5036-141209)(OS:Linux2.6.32-754.11.1.el6.x86_64,PHP:5.3.3)
DEBUG	[2023-10-28 18:51:55:138] <15585> inipayhome:/home1/killdeal/public_html/shop/inicis
DEBUG	[2023-10-28 18:51:55:138] <15585> debug:false
DEBUG	[2023-10-28 18:51:55:138] <15585> type:cancel
DEBUG	[2023-10-28 18:51:55:138] <15585> mid:majorgol03
DEBUG	[2023-10-28 18:51:55:138] <15585> admin:1111
DEBUG	[2023-10-28 18:51:55:138] <15585> tid:INIMX_VBNKmajorgol0320231027141100685668
DEBUG	[2023-10-28 18:51:55:138] <15585> cancelmsg:주문자 본인 취소-상품옵션 선택 잘못함
INFO	[2023-10-28 18:51:55:138] <15585> Check Field OK
INFO	[2023-10-28 18:51:55:138] <15585> PI PUB KEY LOAD OK []
INFO	[2023-10-28 18:51:55:139] <15585> PG PUB KEY LOAD OK [30]
INFO	[2023-10-28 18:51:55:139] <15585> MERCHANT PRIV KEY LOAD OK
INFO	[2023-10-28 18:51:55:139] <15585> MERCHANT PUB KEY LOAD OK [0]
DEBUG	[2023-10-28 18:51:55:140] <15585> MAKE ENCRYPT OK[<?xml version="1.0" encoding="UTF-8"?>
<CancelInfo>
	  <CancelTID>INIMX_VBNKmajorgol0320231027141100685668</CancelTID>
	  <CancelMsg urlencode="1">%C1%D6%B9%AE%C0%DA+%BA%BB%C0%CE+%C3%EB%BC%D2-%BB%F3%C7%B0%BF%C9%BC%C7+%BC%B1%C5%C3+%C0%DF%B8%F8%C7%D4</CancelMsg>
	  <CancelReason/></CancelInfo>]
INFO	[2023-10-28 18:51:55:140] <15585> MAKE BODY OK
INFO	[2023-10-28 18:51:55:140] <15585> SIGN OK
INFO	[2023-10-28 18:51:55:140] <15585> MAKE HEAD OK
INFO	[2023-10-28 18:51:55:140] <15585> MSG_TO_PG:[0101500175D SHA1                   0                                      300420majorgol03                    INIMX_VBNKmajorgol0320231027141100685668<?xml version="1.0" encoding="UTF-8"?>
<INIpay>
	  <CancelInfo>
	    <SessionKey>MvYZXWdIeNoLK/DTJX0HtvwR2kr7tlgKS19736d2Cm2zrgWcafRpVf0kcnlucpcK
RxRgYI2eFoJFf0Wtx3hvwM93yAXU3I/OYay9f+lVsCi0dJR9z/2rhEpjUbHsy7d6
5mMno5pR2xS6uN5ejSoj0SXdXwCTTkm2YxuxAzgcrM3EarGYwy99yw==
</SessionKey>
	    <Encrypted>DM4Pjxr6T/0EAL5NoRjqZGgr0jV6kvh6j5iImCFZwElMXNjV13tKm78zwsIi4zNg
UM/aygpa5IwzHowdtKBnvyWBQt6Nlpm51u4/4OAipH02+0U27LFZn33DVLeAXJ0o
zukHZifRXg8+uw3ANTl+q0Q5XrBWHEvOCrv7YSJlkQu2L66oEumxE5XKGf0fS2GD
z9kAO61k09DtsnIw+z7W6ZtfsyUU6w2EqgVAq42zqmn2qdC3M/Kd9Me3e+EISYN9
pWn/EfSNN4O+fOeZs8i/61uNOOfPOaOIdnLH9blTx9FLgcDf88/Mp5WD7ls8lAiB
cAxNj2WAD8osZf/g/VHYiILwjKkyw3cbBSmQTlAy2bWtvd0z39i2nvfsXDpH0f/J
d9ypY3hr/ao=
</Encrypted></CancelInfo>
	  <ReservedInfo>
	    <MReserved1/>
	    <MReserved2/>
	    <MReserved3/></ReservedInfo>
	  <ManageInfo>
	    <Language/>
	    <URL/>
	    <TXVersion>5036B141209canceLinux     PHPchkfake   2.6.32-754.11.1.el6.x86_64PHP:</TXVersion>
	    <TXUserID/>
	    <TXRegNum/></ManageInfo></INIpay>ABPMx9k82W7YZi44wl/wQFgY841+ZmNsKVm0amMjKg/gCDxGiZDJm1wMdJi2ZaXq
9dHDvvN8JrhqtjEP2hCkcbxWpGDQ7K57QMIsm5gU15/m1ZuU5T/r89TJnJAWnf+F
Ip1gZdea1eNV1WLY18qF4BOgMcP7paqJ24EUpIVx912Y
]
INFO	[2023-10-28 18:51:55:140] <15585> DNS LOOKUP OK(203.238.37.3:203.238.37.3:34049) laptime:0
INFO	[2023-10-28 18:51:55:142] <15585> SOCKET CONNECT OK
INFO	[2023-10-28 18:51:55:142] <15585> SEND OK
INFO	[2023-10-28 18:51:55:241] <15585> RECV OK
INFO	[2023-10-28 18:51:55:241] <15585> MSG_FROM_PG:[0081500175D SHA1                   0                                      300430majorgol03                    INIMX_VBNKmajorgol0320231027141100685668<?xml version="1.0" encoding="UTF-8"?><INIpay>
<CancelInfo>
<ResultCode>504628</ResultCode>
<ResultMsg urlencode="1">%C3%EB%BC%D2%BA%D2%B0%A1%B4%C9+%B0%C5%B7%A1</ResultMsg>
<SessionKey>ACSvwkrpu0DC5fXbhv32R4jKoa1DXP51AHaEqkSu8A5CaESRMgxHjXNKapvsFRvJ
X+jpdyEggOcNcT3V6W7moflsLYmZ6qpqZdnx2YEfTrJAWHobC8iGoJC3qOf5+N84
WYAVw9GEJRq0lP1xWRQPvq4aC4GbNxruuiqWU+YEEKkw8Nw9SVNCvTA=
</SessionKey>
<Encrypted>KnPyYegkdaLcRkCF1jkdsXd0J9AYADHcB3KnhRvo39wDM4JJLwFCulRQCHgwwRpb
6BMlZtbwbi1Ua/O2BIPNo1YvT2FpX5stharrs9ZLZyrKz+snn53DTcUwSEpQCYif
IDd3oMYsuVDd52Ryw5bJM43pMjzR0p22WoqMQEcZk82g2poJrLnjRUT/daMUJfaj
FA6cQVIsXSfM0xG5sX1ibhAqOeqX5SeBeT7mT/vWv5fe5yUzdb7tug==
</Encrypted>
</CancelInfo>
<ManageInfo/>
<ReservedInfo>
<MReserved1 urlencode="1"/>
<MReserved2 urlencode="1"/>
<MReserved3 urlencode="1"/>
</ReservedInfo>
</INIpay>
Cj7OXuPDuIypHY40B5T5LVmSb3Yit3beguU+LkGHW+UOytYCYruMQOqdIupu8EN7
WJjOqwBC0qDbSF8taxxi+sIP/JJvEnCSREAB3wa8uLX1QE04effUYNb2HUbbCBxo
pEYtLN262DQYv6TE2IHrP1oDNleyS7rSW4ponuktCOQ=
]
INFO	[2023-10-28 18:51:55:241] <15585> VERIFY OK
INFO	[2023-10-28 18:51:55:241] <15585> PARSE HEAD OK
INFO	[2023-10-28 18:51:55:241] <15585> PARSE BODY OK
INFO	[2023-10-28 18:51:55:242] <15585> DECRYPT OK
DEBUG	[2023-10-28 18:51:55:242] <15585> DECRYPT MSG:[<?xml version="1.0" encoding="UTF-8"?><CancelInfo>
<ResultCode>504628</ResultCode>
<ResultMsg urlencode="1">%C3%EB%BC%D2%BA%D2%B0%A1%B4%C9+%B0%C5%B7%A1</ResultMsg>
</CancelInfo>]
INFO	[2023-10-28 18:51:55:242] <15585> DECRYPT PARSE OK
INFO	[2023-10-28 18:51:55:242] <15585> END cancel [504628|취소불가능 거래] Laptime:[0.104sec]
INFO	[2023-10-28 18:51:55:242] <15585> ===============================================================
INFO	[2023-10-28 18:52:22:438] <14224> START INIPHP cancel (V5036-141209)(OS:Linux2.6.32-754.11.1.el6.x86_64,PHP:5.3.3)
DEBUG	[2023-10-28 18:52:22:438] <14224> inipayhome:/home1/killdeal/public_html/shop/inicis
DEBUG	[2023-10-28 18:52:22:438] <14224> debug:false
DEBUG	[2023-10-28 18:52:22:438] <14224> type:cancel
DEBUG	[2023-10-28 18:52:22:438] <14224> mid:majorgol03
DEBUG	[2023-10-28 18:52:22:438] <14224> admin:1111
DEBUG	[2023-10-28 18:52:22:438] <14224> tid:INIMX_VBNKmajorgol0320231027141100685668
DEBUG	[2023-10-28 18:52:22:438] <14224> cancelmsg:주문자 본인 취소-상품옵션 선택 잘못함
INFO	[2023-10-28 18:52:22:438] <14224> Check Field OK
INFO	[2023-10-28 18:52:22:438] <14224> PI PUB KEY LOAD OK []
INFO	[2023-10-28 18:52:22:438] <14224> PG PUB KEY LOAD OK [30]
INFO	[2023-10-28 18:52:22:438] <14224> MERCHANT PRIV KEY LOAD OK
INFO	[2023-10-28 18:52:22:438] <14224> MERCHANT PUB KEY LOAD OK [0]
DEBUG	[2023-10-28 18:52:22:438] <14224> MAKE ENCRYPT OK[<?xml version="1.0" encoding="UTF-8"?>
<CancelInfo>
	  <CancelTID>INIMX_VBNKmajorgol0320231027141100685668</CancelTID>
	  <CancelMsg urlencode="1">%C1%D6%B9%AE%C0%DA+%BA%BB%C0%CE+%C3%EB%BC%D2-%BB%F3%C7%B0%BF%C9%BC%C7+%BC%B1%C5%C3+%C0%DF%B8%F8%C7%D4</CancelMsg>
	  <CancelReason/></CancelInfo>]
INFO	[2023-10-28 18:52:22:439] <14224> MAKE BODY OK
INFO	[2023-10-28 18:52:22:439] <14224> SIGN OK
INFO	[2023-10-28 18:52:22:439] <14224> MAKE HEAD OK
INFO	[2023-10-28 18:52:22:439] <14224> MSG_TO_PG:[0101500175D SHA1                   0                                      300420majorgol03                    INIMX_VBNKmajorgol0320231027141100685668<?xml version="1.0" encoding="UTF-8"?>
<INIpay>
	  <CancelInfo>
	    <SessionKey>Cj0zkGetQk2JzFLFe3xE4QnKxvclEaxDvRvUlSu0FY0PjO/9CEG68l7DoH3D38wR
HGz7K3eA3MjKK6ttXx6uKvcxFYh7/3wVGLzRyo2khUkwRTGia+kyZX056GluYyP4
J4RClUVBC4hFecWKIUxoI6npC4lfGgqlK8k4zAHeoVRUDAMaAVFLgw==
</SessionKey>
	    <Encrypted>Z6xlFaFDVYhly1yuDRhK+RD4nF9oze11apZzxldvr+7axADfpi0hhc8bGhmFh7Xw
A/QFMrDvW6cw6DexObfm6fcLSRN+ocPLXt/gUFVnEEj980p5ze+0naLpU9l5ZekC
kGD4WNQcUPO5pYAAAOKtLh/5vs5hF7xzy+rVYdY9wxJQ3TTg9cmXMpRBdA8/nCmW
t1kTSUnf9vxyQYFgkAE559mpOCAc0slxNeDmjsVXwIErq7ZJHfEEBv530nMg0pgn
lSj/OSf0i5/TxWsf6MZWRLtJM7+B0CtwbjiLmpf/kplE0wDQ6zu0g7/vQGieLdUV
QVPKpTOTJHMK2q9RLlhoZwGNaSMaTWo6wn1Hytw7jKwWN8tblei76g6VffLtiyzu
6GkSRJRY2og=
</Encrypted></CancelInfo>
	  <ReservedInfo>
	    <MReserved1/>
	    <MReserved2/>
	    <MReserved3/></ReservedInfo>
	  <ManageInfo>
	    <Language/>
	    <URL/>
	    <TXVersion>5036B141209canceLinux     PHPchkfake   2.6.32-754.11.1.el6.x86_64PHP:</TXVersion>
	    <TXUserID/>
	    <TXRegNum/></ManageInfo></INIpay>AOvXSIBJexPYDDf/h+UqthcPu/8dkEUMEtMvPnrOHsadwasCc6Tl8oO1Ku/CAd/e
8N9DAhRSbebgm86XxAUpNxoxwKMBncc6LpUGvuOsY227v8vu0BP00xBbM5+cXaL3
T/zvTti31c2oMwOSmkAUZY6fBqKzxnY5RGYXPbgM0ucc
]
INFO	[2023-10-28 18:52:22:439] <14224> DNS LOOKUP OK(203.238.37.3:203.238.37.3:34049) laptime:0
INFO	[2023-10-28 18:52:22:441] <14224> SOCKET CONNECT OK
INFO	[2023-10-28 18:52:22:441] <14224> SEND OK
INFO	[2023-10-28 18:52:22:512] <14224> RECV OK
INFO	[2023-10-28 18:52:22:512] <14224> MSG_FROM_PG:[0081500175D SHA1                   0                                      300430majorgol03                    INIMX_VBNKmajorgol0320231027141100685668<?xml version="1.0" encoding="UTF-8"?><INIpay>
<CancelInfo>
<ResultCode>504628</ResultCode>
<ResultMsg urlencode="1">%C3%EB%BC%D2%BA%D2%B0%A1%B4%C9+%B0%C5%B7%A1</ResultMsg>
<SessionKey>AQTFN+Rd4Y+eymg7WW9qxIOEdjgnsOthApLEKCrDfLS5EcibuuqMM1l5l7Aevdaj
+8/27wxVWjZv+LRq1Yss09AvylNDR47HTSm+WXax7YzRbcHJPB7pLMtVkT7ZEUbC
tTqogDJM7lHZl2diSkYVjmGEBAAHcWC2uAiIimpCYbVvUT6ptdIIwBo=
</SessionKey>
<Encrypted>jYN7MZ9MW25fx4jtD4C+yxRuuaSNbNG9uk0LEIbm0QoCbD+xgoaO0XoNUoXSi2lQ
or2rdF7npXiSgU+lFPxYZRefYJSmTrvg5bFHYUvpCvgZ1cDk03y8/6USAk0Q4TE5
LRxo4FCyuigm0rxbfXGJ3jfCX4YBD7jygdIorO1sSd2WYIUDeyuOPQYCHGi8sMG4
NdVCF3FZK32riH1amyueP+NaRwauwALQLlD1c0sl6+ohzYrZZH3DUw==
</Encrypted>
</CancelInfo>
<ManageInfo/>
<ReservedInfo>
<MReserved1 urlencode="1"/>
<MReserved2 urlencode="1"/>
<MReserved3 urlencode="1"/>
</ReservedInfo>
</INIpay>
U1roo9GbNvBK860m+8hxJvjcKleJ2Ah0MX7t4hQ2HdCiWSIKXrcNuDW49Eu75z2o
WZO60uwRjWw+cjMrCk1JhaKxw3bD6aFgrggpieVO2n7XPsNUrdYcGkj5sufbD3UH
vivLV+D2ypRAREAyi6+ICvB5Q3lwxD31oD7myYxee0c=
]
INFO	[2023-10-28 18:52:22:512] <14224> VERIFY OK
INFO	[2023-10-28 18:52:22:512] <14224> PARSE HEAD OK
INFO	[2023-10-28 18:52:22:513] <14224> PARSE BODY OK
INFO	[2023-10-28 18:52:22:513] <14224> DECRYPT OK
DEBUG	[2023-10-28 18:52:22:513] <14224> DECRYPT MSG:[<?xml version="1.0" encoding="UTF-8"?><CancelInfo>
<ResultCode>504628</ResultCode>
<ResultMsg urlencode="1">%C3%EB%BC%D2%BA%D2%B0%A1%B4%C9+%B0%C5%B7%A1</ResultMsg>
</CancelInfo>]
INFO	[2023-10-28 18:52:22:513] <14224> DECRYPT PARSE OK
INFO	[2023-10-28 18:52:22:513] <14224> END cancel [504628|취소불가능 거래] Laptime:[0.076sec]
INFO	[2023-10-28 18:52:22:513] <14224> ===============================================================
INFO	[2023-10-28 18:52:33:728] <14239> START INIPHP cancel (V5036-141209)(OS:Linux2.6.32-754.11.1.el6.x86_64,PHP:5.3.3)
DEBUG	[2023-10-28 18:52:33:728] <14239> inipayhome:/home1/killdeal/public_html/shop/inicis
DEBUG	[2023-10-28 18:52:33:728] <14239> debug:false
DEBUG	[2023-10-28 18:52:33:728] <14239> type:cancel
DEBUG	[2023-10-28 18:52:33:728] <14239> mid:majorgol03
DEBUG	[2023-10-28 18:52:33:728] <14239> admin:1111
DEBUG	[2023-10-28 18:52:33:728] <14239> tid:INIMX_VBNKmajorgol0320231027141100685668
DEBUG	[2023-10-28 18:52:33:728] <14239> cancelmsg:주문자 본인 취소-배송이지연되고 있음
INFO	[2023-10-28 18:52:33:728] <14239> Check Field OK
INFO	[2023-10-28 18:52:33:728] <14239> PI PUB KEY LOAD OK []
INFO	[2023-10-28 18:52:33:728] <14239> PG PUB KEY LOAD OK [30]
INFO	[2023-10-28 18:52:33:728] <14239> MERCHANT PRIV KEY LOAD OK
INFO	[2023-10-28 18:52:33:728] <14239> MERCHANT PUB KEY LOAD OK [0]
DEBUG	[2023-10-28 18:52:33:729] <14239> MAKE ENCRYPT OK[<?xml version="1.0" encoding="UTF-8"?>
<CancelInfo>
	  <CancelTID>INIMX_VBNKmajorgol0320231027141100685668</CancelTID>
	  <CancelMsg urlencode="1">%C1%D6%B9%AE%C0%DA+%BA%BB%C0%CE+%C3%EB%BC%D2-%B9%E8%BC%DB%C0%CC%C1%F6%BF%AC%B5%C7%B0%ED+%C0%D6%C0%BD</CancelMsg>
	  <CancelReason/></CancelInfo>]
INFO	[2023-10-28 18:52:33:729] <14239> MAKE BODY OK
INFO	[2023-10-28 18:52:33:729] <14239> SIGN OK
INFO	[2023-10-28 18:52:33:729] <14239> MAKE HEAD OK
INFO	[2023-10-28 18:52:33:729] <14239> MSG_TO_PG:[0101500175D SHA1                   0                                      300420majorgol03                    INIMX_VBNKmajorgol0320231027141100685668<?xml version="1.0" encoding="UTF-8"?>
<INIpay>
	  <CancelInfo>
	    <SessionKey>wlT6YxAC1j6cLhTzK+Cq3JuQ31WG9oI4iBaRm7J3Wqg0zUxqP0w0QpSHcOTTDDfP
73B4d/AqH48+vpt9WyFO8AGOjNOE5HeEOZyxKwfDpeNAuPsAM/VmOfx5AmOgg+fC
gNDHqsukPO3chxMHwUplBoBJ+CWr4PCIITul6cppt+pDE03HaPDaMg==
</SessionKey>
	    <Encrypted>DdRDklhdioChCQGGJYKfZuFA+VEd/AQu4Rn1k/9ZYwCWXgJy9xLYst/ut4ADm1m8
dYk3GfJ9tcU2kE6OD5Ya6jp/w/9p3niXMq04QuP800XtxcAvhsJ/hfzutX7tYsBR
bNB8OGkGfOEZF7sH/84BH2fk+i5WUL5hvTk8FnuC8OEsKF0rRm+1/jDOjH6VR2pt
5C5omwwMy5qVwQnFHw+kMJvpXajAsrW2jD8e1qYJyYzVzv01HeTVx/H534+2g5Vs
7TSooF79otRYWmFp0mP32D7HwetPR23nEKRWbxoAHz9X+QPjtF3ZQ9ZifuRZOCzf
HQSJKUm34kEzcXZQWck92M2Vzjfsu3062KmXaJxQUK8o0IlH7DN6H7nELPUpBgj6
ljYVS+sjkDc=
</Encrypted></CancelInfo>
	  <ReservedInfo>
	    <MReserved1/>
	    <MReserved2/>
	    <MReserved3/></ReservedInfo>
	  <ManageInfo>
	    <Language/>
	    <URL/>
	    <TXVersion>5036B141209canceLinux     PHPchkfake   2.6.32-754.11.1.el6.x86_64PHP:</TXVersion>
	    <TXUserID/>
	    <TXRegNum/></ManageInfo></INIpay>AAeb6Vd2D5GmZ/7oGJPdz9nX5ApFFixJPOkuYuwaSqRNfEAz23XbDOlin7ZCbpvZ
2N97Y6au7QQaesFEAmE+tYckWGDCbInOYlGgFT0iiRAYhkxf55ioMILDkiOh3Am/
2S9gXpk8auyRexfKEU6TLDUAS8T7VOffkEI1dAfZHQen
]
INFO	[2023-10-28 18:52:33:729] <14239> DNS LOOKUP OK(203.238.37.3:203.238.37.3:34049) laptime:0
INFO	[2023-10-28 18:52:33:731] <14239> SOCKET CONNECT OK
INFO	[2023-10-28 18:52:33:731] <14239> SEND OK
INFO	[2023-10-28 18:52:33:800] <14239> RECV OK
INFO	[2023-10-28 18:52:33:800] <14239> MSG_FROM_PG:[0081500175D SHA1                   0                                      300430majorgol03                    INIMX_VBNKmajorgol0320231027141100685668<?xml version="1.0" encoding="UTF-8"?><INIpay>
<CancelInfo>
<ResultCode>504628</ResultCode>
<ResultMsg urlencode="1">%C3%EB%BC%D2%BA%D2%B0%A1%B4%C9+%B0%C5%B7%A1</ResultMsg>
<SessionKey>ABSzH5vFNpU9EmvIWsNiWLUDn1gz/X8veI6h21p12zt5/0rEO5RBP9UhRIVv+ILM
7aTbL+pezJM3YeBG2FqC5b8Iww4c5KIcIph2G4jR7a47niz7byGtuhwN1heDYMZJ
GzGpCL4LCEv+0fLam0PbRgye7gLAnfA47brp0GhNVoTWYA/TB6Q8HSg=
</SessionKey>
<Encrypted>Qm+ZS7uarsH4tlW5+7c/sVT7Nqz585KvFk1FDn0RXQcEwrQJ784vKiw78ZNwBrKv
1zWMP9VRVkFA2wZXZBWVLoxQJmD6k4oRLxalvX6rNDXstbd+TabFyNuA7pFa0MbR
kTe4qi32L3mjXRGewO930URb8c5r3ImEHuZoYsMxyKWK+qR7aFsBRlulZPjiRg5B
Cj2kPcKIdTtOgf2qsijYVUYS4dm4dNzFkTlv4SzeECkfM1s3dt8Oig==
</Encrypted>
</CancelInfo>
<ManageInfo/>
<ReservedInfo>
<MReserved1 urlencode="1"/>
<MReserved2 urlencode="1"/>
<MReserved3 urlencode="1"/>
</ReservedInfo>
</INIpay>
FHK0ptXkMGwHIu3zqO9dO9grhVX138wvV5Pa+KPTOg1iKcdO3CYhp9l5igownFl1
O27QZzvgm+YjWQfVvG5KcCf/QAkUMVV7LZHZZ8aRIsr2VBzpQ4qGwBPn5Z3RZ8RH
g6aN4F40hBsUAdKNbKD8xUEoaTKx0c4hKGkiOYa2Qko=
]
INFO	[2023-10-28 18:52:33:800] <14239> VERIFY OK
INFO	[2023-10-28 18:52:33:800] <14239> PARSE HEAD OK
INFO	[2023-10-28 18:52:33:801] <14239> PARSE BODY OK
INFO	[2023-10-28 18:52:33:801] <14239> DECRYPT OK
DEBUG	[2023-10-28 18:52:33:801] <14239> DECRYPT MSG:[<?xml version="1.0" encoding="UTF-8"?><CancelInfo>
<ResultCode>504628</ResultCode>
<ResultMsg urlencode="1">%C3%EB%BC%D2%BA%D2%B0%A1%B4%C9+%B0%C5%B7%A1</ResultMsg>
</CancelInfo>]
INFO	[2023-10-28 18:52:33:801] <14239> DECRYPT PARSE OK
INFO	[2023-10-28 18:52:33:801] <14239> END cancel [504628|취소불가능 거래] Laptime:[0.074sec]
INFO	[2023-10-28 18:52:33:801] <14239> ===============================================================
INFO	[2023-10-28 23:07:41:106] <4963> START INIPHP cancel (V5036-141209)(OS:Linux2.6.32-754.11.1.el6.x86_64,PHP:5.3.3)
DEBUG	[2023-10-28 23:07:41:106] <4963> inipayhome:/home1/killdeal/public_html/shop/inicis
DEBUG	[2023-10-28 23:07:41:106] <4963> debug:false
DEBUG	[2023-10-28 23:07:41:106] <4963> type:cancel
DEBUG	[2023-10-28 23:07:41:106] <4963> mid:majorgol03
DEBUG	[2023-10-28 23:07:41:106] <4963> admin:1111
DEBUG	[2023-10-28 23:07:41:106] <4963> tid:INIMX_CARDmajorgol0320231028230457385403
DEBUG	[2023-10-28 23:07:41:106] <4963> cancelmsg:주문자 본인 취소-상품옵션 선택 잘못함
INFO	[2023-10-28 23:07:41:106] <4963> Check Field OK
INFO	[2023-10-28 23:07:41:106] <4963> PI PUB KEY LOAD OK []
INFO	[2023-10-28 23:07:41:106] <4963> PG PUB KEY LOAD OK [30]
INFO	[2023-10-28 23:07:41:106] <4963> MERCHANT PRIV KEY LOAD OK
INFO	[2023-10-28 23:07:41:106] <4963> MERCHANT PUB KEY LOAD OK [0]
DEBUG	[2023-10-28 23:07:41:107] <4963> MAKE ENCRYPT OK[<?xml version="1.0" encoding="UTF-8"?>
<CancelInfo>
	  <CancelTID>INIMX_CARDmajorgol0320231028230457385403</CancelTID>
	  <CancelMsg urlencode="1">%C1%D6%B9%AE%C0%DA+%BA%BB%C0%CE+%C3%EB%BC%D2-%BB%F3%C7%B0%BF%C9%BC%C7+%BC%B1%C5%C3+%C0%DF%B8%F8%C7%D4</CancelMsg>
	  <CancelReason/></CancelInfo>]
INFO	[2023-10-28 23:07:41:107] <4963> MAKE BODY OK
INFO	[2023-10-28 23:07:41:108] <4963> SIGN OK
INFO	[2023-10-28 23:07:41:108] <4963> MAKE HEAD OK
INFO	[2023-10-28 23:07:41:108] <4963> MSG_TO_PG:[0101500175D SHA1                   0                                      300420majorgol03                    INIMX_CARDmajorgol0320231028230457385403<?xml version="1.0" encoding="UTF-8"?>
<INIpay>
	  <CancelInfo>
	    <SessionKey>UbCB8Mz2uLJErdk2uLjRnGFbQvuX0APx9aqbdTTMmuCIyzNwPthIs6cMrTX86Uki
JVzHjYt8sBC/qpvO5zrJKLbqTjGIp36WkHMMIVmyrZ3GeDT29XVUMN1Nj1sIlsT6
1evTCWTBBNMCcnS2Afb9JFztotvd4udZ8UFt+mxuwmjV9nIst3f0SA==
</SessionKey>
	    <Encrypted>fuss/rgcBHJZF3bbpJYEzS3a00v8FEtWCirYSFAn2e9gHs1jhYO+5BXJscleTVGn
dt7OeRIo7kErIm1/eYJbIx6ubvF2UnPs19nO9Oz+Q19ow6n0tQoI0BbHxZIdi6kE
MVWehydemvF0P9BZK11CqtZOQyU+gLjAo9scU7D5cwZoja6bHwu96hCsaBMhIQLA
3pFEoud2lv0HXVFadQALpRK8vL+ZR86DgfDCmoGx/VDAGnhQwzJXuytdUcGxOoSe
lAJSPYiWiHkTNI2ILid6zbAK9TEH7rNe1Sv45U2wBljkSjISGhYhb9hHv5asLD2N
IucBR+XqoFxYV10bacFYagzB18TjoS+jkHnnjzeW6RHmAUudAqDa5fdYWoFcJtIr
n/yoJYTS9Lo=
</Encrypted></CancelInfo>
	  <ReservedInfo>
	    <MReserved1/>
	    <MReserved2/>
	    <MReserved3/></ReservedInfo>
	  <ManageInfo>
	    <Language/>
	    <URL/>
	    <TXVersion>5036B141209canceLinux     PHPchkfake   2.6.32-754.11.1.el6.x86_64PHP:</TXVersion>
	    <TXUserID/>
	    <TXRegNum/></ManageInfo></INIpay>AGeQEUwK8z7FvQQPeFwoQdujmDGY88f/nyciACIL+rpxYSI1zUZl/EFisVIgw8Tp
GuTEGkeckEQvmf67UNFfmdqeHiDpx4shDfDmlGRP+lxxtI3k54VYU8RiwxBLx4rs
329urq3FfaOvtt4OW8ZZRfEAFZK5InBySbqPanlyMOXO
]
INFO	[2023-10-28 23:07:41:108] <4963> DNS LOOKUP OK(203.238.37.3:203.238.37.3:34049) laptime:0
INFO	[2023-10-28 23:07:41:109] <4963> SOCKET CONNECT OK
INFO	[2023-10-28 23:07:41:109] <4963> SEND OK
INFO	[2023-10-28 23:07:41:373] <4963> RECV OK
INFO	[2023-10-28 23:07:41:373] <4963> MSG_FROM_PG:[0093300175D SHA1                   0                                      300430majorgol03                    INIMX_CARDmajorgol0320231028230457385403<?xml version="1.0" encoding="UTF-8"?><INIpay>
<CancelInfo>
<ResultCode>120000</ResultCode>
<ResultMsg urlencode="1">%C1%A4%BB%F3%C3%B3%B8%AE%B5%C7%BE%FA%BD%C0%B4%CF%B4%D9.</ResultMsg>
<SessionKey>AQkfsIskjV1vmEVZL9Al58xMsO5XaXsXjjEQwqYBqGlQ0D5X90h7LJhKlcC1IkDA
WXUB46dAZVfYjXp8ouyWo2EnkAEJTgSTgSrTpbMH8+/VOiRb5rAz4Z5Lr0LXXCxw
rFfx7Fy0r0BgNXNfVjzXUzamkGfOl2CLOWFSRwHk2ryJkrqNZUBK0qY=
</SessionKey>
<Encrypted>M7EwjxgurHQE67o2VxmjIMnOogn5mtQwecwXEKCcGOE52lFtTQr4U0tlk08daoHt
BR7g0JkqdfEvZyXxBHN4+AiVqPEbK5Ti8ZSq5UMm2TCmeE6zSIf9ovaHG3C+U1PR
UliKh5+aETyCS6rNmuShfhu3nu5dOrsd+3+KGYYHrKMaK5WlPYs5LKVStlyUe4jz
OpVp62oOjsbfsz4G3PlE5g8EFNKDe8X052gYChmvEBOtzzkuTJ5LCg7JR9w9EcXz
WSLgke3kEg2QizAz943Ca/m8fya3+/P7cdE8Rp6mwBoZ+HuMNU+AodWiVDNXDmDb
filBqj15R8mxltr8cSzvrE0VhdqUOm1J
</Encrypted>
</CancelInfo>
<ManageInfo/>
<ReservedInfo>
<MReserved1 urlencode="1"/>
<MReserved2 urlencode="1"/>
<MReserved3 urlencode="1"/>
</ReservedInfo>
</INIpay>
v6gMrXNdNZurP8lbq7OpYqXIS6OlEBkgnUR2mMM3EOysshXI+90wD8+A/rjizepS
sRQYMkP7rc03e00qmatuw1lEwp3x0Lfli0EKHehep0G3tHVaJqzfpqUJu9cH8drv
7RRYYkp5uBVVYWz6mtcilAGAyH2RzkXOflulGQcQqR4=
]
INFO	[2023-10-28 23:07:41:373] <4963> VERIFY OK
INFO	[2023-10-28 23:07:41:373] <4963> PARSE HEAD OK
INFO	[2023-10-28 23:07:41:374] <4963> PARSE BODY OK
INFO	[2023-10-28 23:07:41:374] <4963> DECRYPT OK
DEBUG	[2023-10-28 23:07:41:374] <4963> DECRYPT MSG:[<?xml version="1.0" encoding="UTF-8"?><CancelInfo>
<CancelDate>20231028</CancelDate>
<CancelTime>230741</CancelTime>
<ResultCode>120000</ResultCode>
<ResultMsg urlencode="1">%C1%A4%BB%F3%C3%B3%B8%AE%B5%C7%BE%FA%BD%C0%B4%CF%B4%D9.</ResultMsg>
</CancelInfo>]
INFO	[2023-10-28 23:07:41:374] <4963> DECRYPT PARSE OK
INFO	[2023-10-28 23:07:41:374] <4963> END cancel 정상처리되었습니다. Laptime:[0.269sec]
INFO	[2023-10-28 23:07:41:374] <4963> ===============================================================
