INFO	[2021-08-10 13:29:01:429] <755> START INIPHP cancel (V5036-141209)(OS:Linux2.6.32-754.11.1.el6.x86_64,PHP:5.3.3)
DEBUG	[2021-08-10 13:29:01:429] <755> inipayhome:/home1/killdeal/public_html/shop/inicis
DEBUG	[2021-08-10 13:29:01:429] <755> debug:false
DEBUG	[2021-08-10 13:29:01:429] <755> type:cancel
DEBUG	[2021-08-10 13:29:01:429] <755> mid:majorgol03
DEBUG	[2021-08-10 13:29:01:429] <755> admin:1111
DEBUG	[2021-08-10 13:29:01:429] <755> tid:INIMX_CARDmajorgol0320210810132124885594
DEBUG	[2021-08-10 13:29:01:429] <755> cancelmsg:주문자 본인 취소-구매의사 없음
INFO	[2021-08-10 13:29:01:429] <755> Check Field OK
INFO	[2021-08-10 13:29:01:429] <755> PI PUB KEY LOAD OK []
INFO	[2021-08-10 13:29:01:429] <755> PG PUB KEY LOAD OK [30]
INFO	[2021-08-10 13:29:01:430] <755> MERCHANT PRIV KEY LOAD OK
INFO	[2021-08-10 13:29:01:430] <755> MERCHANT PUB KEY LOAD OK [0]
DEBUG	[2021-08-10 13:29:01:430] <755> MAKE ENCRYPT OK[<?xml version="1.0" encoding="UTF-8"?>
<CancelInfo>
	  <CancelTID>INIMX_CARDmajorgol0320210810132124885594</CancelTID>
	  <CancelMsg urlencode="1">%C1%D6%B9%AE%C0%DA+%BA%BB%C0%CE+%C3%EB%BC%D2-%B1%B8%B8%C5%C0%C7%BB%E7+%BE%F8%C0%BD</CancelMsg>
	  <CancelReason/></CancelInfo>]
INFO	[2021-08-10 13:29:01:431] <755> MAKE BODY OK
INFO	[2021-08-10 13:29:01:431] <755> SIGN OK
INFO	[2021-08-10 13:29:01:431] <755> MAKE HEAD OK
INFO	[2021-08-10 13:29:01:431] <755> MSG_TO_PG:[0099400175D SHA1                   0                                      300420majorgol03                    INIMX_CARDmajorgol0320210810132124885594<?xml version="1.0" encoding="UTF-8"?>
<INIpay>
	  <CancelInfo>
	    <SessionKey>jplg4ZCV7CfkWs2Gf6sOyd1sOkTA5VzsvAnixL6VqKgdQpmcgRMW65wyttWYWG/9
7LtBt4NhLRa9yZO36Rn5KuZ1v1LJlW5Fqz/LT2+ogryep4NRHROPJ3tOmofq1x5u
TDyEVGcH3l+X/WLnPC+9uIlv9S4mukQdNlW/Dek4PzLXH/zJhw3fHw==
</SessionKey>
	    <Encrypted>45LQBc8nokqjNnce7EGBqdfU8OUYIkEKX/cRGagoTwr1gA180PeJhTa+vj/d4l5K
NYcrBLGHIThKdbtKjVLaa+M0Msak3sf7dkvOKeL3GBpqNIqFjiKz5MJXi0+tFnLV
91J/2KZlEU5k4BOivpEKSluBMjKsMAZ6S1coQW/WfK8l2yhLb3HlecIepUrK8wI0
s7Yh5bZoAXlhxhNkmt3/QrSCciad0kv8br2PRCzCRvXfF4fO1Audlne5wXmXPz+M
79xmKTaTBDFwNYnuUaHMKMu1ZO19/Qfj1D+NDTm+eWszDWM3GQRJtok5i0A9Na6m
wkGCm6FvZi07m51P0z6Yrwo1KRBNGCs3FMkD3TmiRQM4RkkxGIjN1w==
</Encrypted></CancelInfo>
	  <ReservedInfo>
	    <MReserved1/>
	    <MReserved2/>
	    <MReserved3/></ReservedInfo>
	  <ManageInfo>
	    <Language/>
	    <URL/>
	    <TXVersion>5036B141209canceLinux     PHPchkfake   2.6.32-754.11.1.el6.x86_64PHP:</TXVersion>
	    <TXUserID/>
	    <TXRegNum/></ManageInfo></INIpay>AG0o99I9VUeXVhg09PTg69fMIx44DMv4bXGZ3G6wOnPBcUvSJMe/iZ7elWtsWA+J
l9XwAlN6HPhite+OYHqrsVcLMsG2mbx2Thm+fP2twe0jOndz53Q9l1SDn2sMi/dI
rhBd7dIEjY3niACt/ky6Fu8qROSQpEuuuhrFpufBdbmT
]
INFO	[2021-08-10 13:29:01:431] <755> DNS LOOKUP OK(203.238.37.3:203.238.37.3:34049) laptime:0
INFO	[2021-08-10 13:29:01:434] <755> SOCKET CONNECT OK
INFO	[2021-08-10 13:29:01:434] <755> SEND OK
INFO	[2021-08-10 13:29:02:198] <755> RECV OK
INFO	[2021-08-10 13:29:02:198] <755> MSG_FROM_PG:[0093300175D SHA1                   0                                      300430majorgol03                    INIMX_CARDmajorgol0320210810132124885594<?xml version="1.0" encoding="UTF-8"?><INIpay>
<CancelInfo>
<ResultCode>120000</ResultCode>
<ResultMsg urlencode="1">%C1%A4%BB%F3%C3%B3%B8%AE%B5%C7%BE%FA%BD%C0%B4%CF%B4%D9.</ResultMsg>
<SessionKey>ACIWwRNnLyQMp2nkEugb96o0TpqHB8QuWzd/CtecFpVx/2Uty4D4sgwVmjRtqQpm
5DJc5J0v8DwEYCcrSRQSe2e4OSIgaSCvIPelUhqhhZXFsCftbwM+DIQUcTCtc5IN
39xU7T7KL02rh1JgW8jxJY5vkbkLh3+Zraq0GjxBT3acdaPE4ZgvbC8=
</SessionKey>
<Encrypted>P3ThFcVr3GWjpSMkfakW8l0jrAvEKFEPrBNgBNqWSFQbSBhumpT1X7LqVv8hh1eE
mVx8cXDNleHQ70VOLYySwzYaNakmrHeG9jE2w2psTCkCnuT8PEHJ7pFTXuGXJ27l
ex4nn8gA+U7DaJbKQoYMg69zBN5pM+Mup0hODhArt+gGioWeVGvXUfaIpuJirADC
zKsA3Y6aeQ/OJT0T7n1i/t/If+ypT894Wejpn4GaE6Tj3r0Mi/ZhtG7RWGZEQSZk
NkciZJYhEDdrWaG51HBRk7Fkr/Z7EcmaxwHByOGT2LSnBKD4/qkfsg77G80vvg+/
7QbSmMGigYROePc2aVrwvZe7UNAShwzr
</Encrypted>
</CancelInfo>
<ManageInfo/>
<ReservedInfo>
<MReserved1 urlencode="1"/>
<MReserved2 urlencode="1"/>
<MReserved3 urlencode="1"/>
</ReservedInfo>
</INIpay>
bMY2lAR6CQmPaBjki9PCmAkuXevm/8XzWIoeUZb8dPdpUbGN6AV9nJgHLFpS4lpP
3d0YUCnuxNyFfDQgYix+2xsFpr0PtRZF5NOZM4eIYwkKOJRa957xINvH8eUxCSdc
MwCVz5fITi1EVCTAIfjf4lzHV9C+ey5KDGjviJXyVik=
]
INFO	[2021-08-10 13:29:02:198] <755> VERIFY OK
INFO	[2021-08-10 13:29:02:198] <755> PARSE HEAD OK
INFO	[2021-08-10 13:29:02:199] <755> PARSE BODY OK
INFO	[2021-08-10 13:29:02:199] <755> DECRYPT OK
DEBUG	[2021-08-10 13:29:02:199] <755> DECRYPT MSG:[<?xml version="1.0" encoding="UTF-8"?><CancelInfo>
<CancelDate>20210810</CancelDate>
<CancelTime>132901</CancelTime>
<ResultCode>120000</ResultCode>
<ResultMsg urlencode="1">%C1%A4%BB%F3%C3%B3%B8%AE%B5%C7%BE%FA%BD%C0%B4%CF%B4%D9.</ResultMsg>
</CancelInfo>]
INFO	[2021-08-10 13:29:02:199] <755> DECRYPT PARSE OK
INFO	[2021-08-10 13:29:02:199] <755> END cancel 정상처리되었습니다. Laptime:[0.77sec]
INFO	[2021-08-10 13:29:02:199] <755> ===============================================================
