INFO	[2023-08-04 00:16:23:935] <3601> START INIPHP cancel (V5036-141209)(OS:Linux2.6.32-754.11.1.el6.x86_64,PHP:5.3.3)
DEBUG	[2023-08-04 00:16:23:935] <3601> inipayhome:/home1/killdeal/public_html/shop/inicis
DEBUG	[2023-08-04 00:16:23:935] <3601> debug:false
DEBUG	[2023-08-04 00:16:23:935] <3601> type:cancel
DEBUG	[2023-08-04 00:16:23:935] <3601> mid:majorgol03
DEBUG	[2023-08-04 00:16:23:935] <3601> admin:1111
DEBUG	[2023-08-04 00:16:23:935] <3601> tid:INIMX_CARDmajorgol0320230804001544365954
DEBUG	[2023-08-04 00:16:23:935] <3601> cancelmsg:주문자 본인 취소-상품옵션 선택 잘못함
INFO	[2023-08-04 00:16:23:935] <3601> Check Field OK
INFO	[2023-08-04 00:16:23:935] <3601> PI PUB KEY LOAD OK []
INFO	[2023-08-04 00:16:23:941] <3601> PG PUB KEY LOAD OK [30]
INFO	[2023-08-04 00:16:23:941] <3601> MERCHANT PRIV KEY LOAD OK
INFO	[2023-08-04 00:16:23:942] <3601> MERCHANT PUB KEY LOAD OK [0]
DEBUG	[2023-08-04 00:16:23:942] <3601> MAKE ENCRYPT OK[<?xml version="1.0" encoding="UTF-8"?>
<CancelInfo>
	  <CancelTID>INIMX_CARDmajorgol0320230804001544365954</CancelTID>
	  <CancelMsg urlencode="1">%C1%D6%B9%AE%C0%DA+%BA%BB%C0%CE+%C3%EB%BC%D2-%BB%F3%C7%B0%BF%C9%BC%C7+%BC%B1%C5%C3+%C0%DF%B8%F8%C7%D4</CancelMsg>
	  <CancelReason/></CancelInfo>]
INFO	[2023-08-04 00:16:23:942] <3601> MAKE BODY OK
INFO	[2023-08-04 00:16:23:943] <3601> SIGN OK
INFO	[2023-08-04 00:16:23:943] <3601> MAKE HEAD OK
INFO	[2023-08-04 00:16:23:943] <3601> MSG_TO_PG:[0101500175D SHA1                   0                                      300420majorgol03                    INIMX_CARDmajorgol0320230804001544365954<?xml version="1.0" encoding="UTF-8"?>
<INIpay>
	  <CancelInfo>
	    <SessionKey>xW9z7qG8p/DVhJ3TPwV4w3H0xNHvwmzfxOdIMp6RE6OTimj0WMLLrFPd83JonFUl
LqjWkZOHArfuqOAPaDhJBscWOf3IV1mVikoHMWm1JyqXfF8t92soq+MIPFvWJkmc
CcLfnzBGIhq2vr3RXJC+zz4aRmbLgqU9QBT/9Dd9ujqR0Yl+o9xLIA==
</SessionKey>
	    <Encrypted>miOSdw4rw4u6Dc2HmcxE31HmfVXB3dMHl8Z2iQeSsSA/5d84qw/KkwAk/etJXS0U
+eXoxL9Ou2jyMe8s7SG2C4HAsLivBMLAsZ+ZTJtR7+pz8hr7xvZFjH05XA2urzQy
D2u/kuJ73fP+HGTRgwHwJNtDzywBOXOFqQibbshkPhNiMGVV0NnhIj2YMgUdEd+g
uzv9oTtyqiGBwWrlR8szbBbY6DF0vLSv8pX0DqowYyEj/XFIufCKRbzsjePlV503
Qa0zmvtAsxvUIfBTbdPKDzb0eWInYGDcOSCCR4SfQtFsWXHw1ohASQeqOvQNZ08K
1X8om99YB3+tuAVZggLDIqZ6LfvoaHEENwBXUCGgdIOhMhvNAfcPMDlHn5UA3dyC
mhWXiH3Mosc=
</Encrypted></CancelInfo>
	  <ReservedInfo>
	    <MReserved1/>
	    <MReserved2/>
	    <MReserved3/></ReservedInfo>
	  <ManageInfo>
	    <Language/>
	    <URL/>
	    <TXVersion>5036B141209canceLinux     PHPchkfake   2.6.32-754.11.1.el6.x86_64PHP:</TXVersion>
	    <TXUserID/>
	    <TXRegNum/></ManageInfo></INIpay>AOm4cmKNm8m9ZRKSFEcoWSVnXP6GJEy7oNdaMz8CpVb3mzAqhZAvIj5dgivbX8h9
lkJaBAIZKvadWx8F6M+eVbLY9TTApuIXSEvpvItXAlRwQDl1Yfu67FynrfzoxCWI
eNZ7DvCRmRy9GZdztyY4Dtm6+7a5PPqre/pF0UT7E3O5
]
INFO	[2023-08-04 00:16:23:943] <3601> DNS LOOKUP OK(203.238.37.3:203.238.37.3:34049) laptime:0
INFO	[2023-08-04 00:16:23:946] <3601> SOCKET CONNECT OK
INFO	[2023-08-04 00:16:23:946] <3601> SEND OK
INFO	[2023-08-04 00:16:25:351] <3601> RECV OK
INFO	[2023-08-04 00:16:25:351] <3601> MSG_FROM_PG:[0093300175D SHA1                   0                                      300430majorgol03                    INIMX_CARDmajorgol0320230804001544365954<?xml version="1.0" encoding="UTF-8"?><INIpay>
<CancelInfo>
<ResultCode>120000</ResultCode>
<ResultMsg urlencode="1">%C1%A4%BB%F3%C3%B3%B8%AE%B5%C7%BE%FA%BD%C0%B4%CF%B4%D9.</ResultMsg>
<SessionKey>AO7rXgBBC6ci0IMsCQauP3Qn5hja53FrU6B3cJzPKGnrqVrSa2O/JJsUD9vJnI/n
4ZSMgX6Kl/i8L9KF/p/18LA0XpWhy10JJEzrUkuJd3ISnhkziU9VPZD5t4QOa9a2
Bbupacxzqfzw/yxlCdSt3JrQhY14wwN2STIyDVY0KQXAecFoBJQmpVM=
</SessionKey>
<Encrypted>x1iwxUDrBzLNkjcjRCl8b1HXx9ztqk/HhvfAh3Me3yd8mWvPKS/tyucRbfH2E7ko
Gsc2Umg3En2SRx5qgNNXEv1jTAU3gR9J6mZMCo6KquUeUGoF9mXPpacZRkYwu755
Idt6mkv+ZsSiXl4H28vwa6SlMPP9vwkOMcrbivzDlE80mUMmU8kf1g9UX1YTW/Gk
OLcVySV3FZjTKGeIV/ilQQij/k+9U+c/Ip7VeaYEVL38g1U5JlkdCA12YJKFo2Cy
0vKFcDGXyhG42WfwlvSFgML+eFhLSJdul5EzpophXq9xPObIlGgaVZQd+ooBU3WK
xdgpeUDJqCtEq4rxI0T5T2SoY0qq7pUr
</Encrypted>
</CancelInfo>
<ManageInfo/>
<ReservedInfo>
<MReserved1 urlencode="1"/>
<MReserved2 urlencode="1"/>
<MReserved3 urlencode="1"/>
</ReservedInfo>
</INIpay>
gLAm6FIth3yGQ4CA25GlkxHv/6XWqfpMxxejSBLmEf4LLutbRoJCaXZuEUSxv0kM
x3eMP7Hl23DEEtu/uGjuC93iHwPrwIOb/onm/JBWk/uxYgiEwjlyIkKZgVZWMt4y
sE2MNM5lDDjGwvsj2N8BUvbnRtEEx4sAa3eTlX2RLOI=
]
INFO	[2023-08-04 00:16:25:351] <3601> VERIFY OK
INFO	[2023-08-04 00:16:25:351] <3601> PARSE HEAD OK
INFO	[2023-08-04 00:16:25:351] <3601> PARSE BODY OK
INFO	[2023-08-04 00:16:25:352] <3601> DECRYPT OK
DEBUG	[2023-08-04 00:16:25:352] <3601> DECRYPT MSG:[<?xml version="1.0" encoding="UTF-8"?><CancelInfo>
<CancelDate>20230804</CancelDate>
<CancelTime>001625</CancelTime>
<ResultCode>120000</ResultCode>
<ResultMsg urlencode="1">%C1%A4%BB%F3%C3%B3%B8%AE%B5%C7%BE%FA%BD%C0%B4%CF%B4%D9.</ResultMsg>
</CancelInfo>]
INFO	[2023-08-04 00:16:25:352] <3601> DECRYPT PARSE OK
INFO	[2023-08-04 00:16:25:352] <3601> END cancel 정상처리되었습니다. Laptime:[1.417sec]
INFO	[2023-08-04 00:16:25:352] <3601> ===============================================================
