INFO	[2022-07-19 13:34:10:273] <21749> START INIPHP repay (V5036-141209)(OS:Linux2.6.32-754.11.1.el6.x86_64,PHP:5.3.3)
DEBUG	[2022-07-19 13:34:10:273] <21749> inipayhome:/home1/killdeal/public_html/shop/inicis
DEBUG	[2022-07-19 13:34:10:273] <21749> debug:false
DEBUG	[2022-07-19 13:34:10:273] <21749> type:repay
DEBUG	[2022-07-19 13:34:10:273] <21749> pgid:INIphpRPAY
DEBUG	[2022-07-19 13:34:10:273] <21749> subpgip:203.238.3.10
DEBUG	[2022-07-19 13:34:10:273] <21749> mid:majorgol03
DEBUG	[2022-07-19 13:34:10:273] <21749> admin:1111
DEBUG	[2022-07-19 13:34:10:273] <21749> oldtid:INIMX_CARDmajorgol0320220708145459845746
DEBUG	[2022-07-19 13:34:10:273] <21749> currency:WON
DEBUG	[2022-07-19 13:34:10:273] <21749> price:129000
DEBUG	[2022-07-19 13:34:10:273] <21749> confirm_price:132300
DEBUG	[2022-07-19 13:34:10:273] <21749> buyeremail:edoptical@naver.com
DEBUG	[2022-07-19 13:34:10:273] <21749> tax:11727
DEBUG	[2022-07-19 13:34:10:273] <21749> taxfree:0
INFO	[2022-07-19 13:34:10:274] <21749> Check Field OK
INFO	[2022-07-19 13:34:10:274] <21749> Make TID OK INIphpRPAYmajorgol0320220719133410743712
INFO	[2022-07-19 13:34:10:274] <21749> PI PUB KEY LOAD OK []
INFO	[2022-07-19 13:34:10:274] <21749> PG PUB KEY LOAD OK [30]
INFO	[2022-07-19 13:34:10:274] <21749> MERCHANT PRIV KEY LOAD OK
INFO	[2022-07-19 13:34:10:274] <21749> MERCHANT PUB KEY LOAD OK [0]
DEBUG	[2022-07-19 13:34:10:274] <21749> MAKE ENCRYPT OK[<?xml version="1.0" encoding="UTF-8"?>
<PartCancelInfo>
	  <PRTC_TID>INIMX_CARDmajorgol0320220708145459845746</PRTC_TID>
	  <PRTC_Price>129000</PRTC_Price>
	  <PRTC_Remains>132300</PRTC_Remains>
	  <PRTC_Quota/>
	  <PRTC_Interest/>
	  <PRTC_NoAcctFNBC/>
	  <PRTC_NmAcctFNBC/></PartCancelInfo>]
INFO	[2022-07-19 13:34:10:275] <21749> MAKE BODY OK
INFO	[2022-07-19 13:34:10:275] <21749> SIGN OK
INFO	[2022-07-19 13:34:10:275] <21749> MAKE HEAD OK
INFO	[2022-07-19 13:34:10:275] <21749> MSG_TO_PG:[0111800175D SHA1                   0                                      300620majorgol03              129000INIphpRPAYmajorgol0320220719133410743712<?xml version="1.0" encoding="UTF-8"?>
<INIpay>
	  <PartCancelInfo>
	    <SessionKey>XpiRZoKPoSHWLhbM3TWm7+r09nVj/bQovuk2y2lWl+X/+E50xMyjEEucDWbvgrBA
3nAPc0MLzdMLlzLLWPFUfEUO7eKGcmpVG7ROQmZoCZ2+c0L1Uc7Im6JsF6wakkS2
ghOXNKZYxa/Aib+ZYXhJE6niBXgBafgb7yHpEPA0eoWy+q8UVNr34A==
</SessionKey>
	    <Encrypted>iUZsNjteDQO8tlJagCFtJArJVmK7PKlFW76wOYGRYDrwJj+59APjBsRgUPGcL+yC
eG0peolZhfdTPal0yfyGQufo/WAKrWmTGVekyG66ljqFgAiJjMYiiSBuzv6ONvwQ
yE+zjSFRubYi9UGexvRn+0yNcjxZZb0LLFud4qW0bPWttT0Msva+fZtLR/31qcMK
gk2QBDkK+3SzNOWkjBuuwzTL0JqmEcgcuxP2Koh38ZH1Nw9dH0m9OlFoNAwrCkEu
+ShImniLCZ8xQoIs0Tn2yvZcjmUxCL6idkot31FWLr2VN3TiGM/SuqsGejNlX1Ve
jbKw7Dr4ynsMU5HV9sTNAILkblRqwg6ZypjG8hM+QVXz2YgYh6tOJTcN/+0hgBvD
jp7vECKkAdE=
</Encrypted></PartCancelInfo>
	  <GoodsInfo>
	    <Tax>11727</Tax>
	    <TaxFree/>
	    <Currency>WON</Currency></GoodsInfo>
	  <ReservedInfo>
	    <MReserved1/>
	    <MReserved2/>
	    <MReserved3/></ReservedInfo>
	  <ManageInfo>
	    <Language/>
	    <URL/>
	    <TXVersion>5036B141209repayLinux     PHPchkfake   2.6.32-754.11.1.el6.x86_64PHP:</TXVersion>
	    <TXUserID/>
	    <TXRegNum/></ManageInfo></INIpay>AJGqdI8RWrMQbAIY8Dl8iusPs/2DtqDJYFiOlxq6oZ4Gn4lkFrWgbU9ecNKRuXPz
w2jZ2AhA49q7kQy3aXFS0/9sHEOiK19c67AyQ/s1kcte1jNm6yDMSwlOUeNAd/4q
o2Eh940Oo4RIx1TWqJ0Y692sPg0jtIs9fJx60fC8+rNY
]
INFO	[2022-07-19 13:34:10:275] <21749> DNS LOOKUP OK(203.238.37.3:203.238.37.3:34049) laptime:0
INFO	[2022-07-19 13:34:10:278] <21749> SOCKET CONNECT OK
INFO	[2022-07-19 13:34:10:278] <21749> SEND OK
INFO	[2022-07-19 13:34:10:481] <21749> RECV OK
INFO	[2022-07-19 13:34:10:481] <21749> MSG_FROM_PG:[0099200175D SHA1                   0                                      300630majorgol03              129000INIphpRPAYmajorgol0320220719133410743712<?xml version="1.0" encoding="UTF-8"?><INIpay>
<PartCancelInfo>
<PayMethod>Card</PayMethod>
<ResultCode>120000</ResultCode>
<ResultMsg urlencode="1">%C1%A4%BB%F3%C3%B3%B8%AE%B5%C7%BE%FA%BD%C0%B4%CF%B4%D9.</ResultMsg>
<SessionKey>AFeIlhWxe7ht23BrcwJD1Txx6DoiotkqAGJXj7XqTZtXwKQBfX+EzmrVsbYv17Ng
gr/BKoq1CquqtknB8+z5LQfYG4J0aza5XXaq1J5slcMDCGGSJr9FQHIZwFSlvzfh
Vla3YrY7Co6X9hZTtpIWz5wsBQpsi+MJ0ny4TDZxgdl+rJ331uTAjnk=
</SessionKey>
<Encrypted>AA7dhy2XFdL8p0m2JuN9tFO9fyn2CV7ivc2XCumk6RBy+gHoMJqD61pf54fLye4z
wTww0lJbMxdm/eQv0OM35iN/KLZkf5bleZhzRpowOrG4Ahf6+Cp2Wn+b01wXfJaf
JuAVSgfHcDV7L20G0MDXFsLSGnKKmJgUfrUDLrwPhhgorIKnlQNU/99AVOXqt5ru
KzZcoWJBP0rZn9uEij+r0RrigigfNvv9aeMfu2LbCd2SZRstU/5xVRuiPbPYoJaj
bb8UvOZ/EgRUaz2KnMbt3a8gIOA/tl7X0uiLZ/CNfme4vlz5thI8SS8F54EbOY+4
ge+zfdqa1ge/gM//2OBOCh7BGz8gEliZVdR3xYcbM1gcHRlhinPYb4nn+kDr+vYR
aUNSaPUJmeGYj0L5pfpFb4kWSANb8GJ/2A19sG7r6N/N0gNPfJWm9gyB1KlCdBI4
N/57iVaF1cp8VXYl4ZlM8Q==
</Encrypted>
</PartCancelInfo>
<ManageInfo/>
<ReservedInfo/>
</INIpay>
y3WWG1z0xZ/F5ID0AYqT4a53OrMmp5KWW8mz8xdbGm2LuZcoybRT2N+9wyXKib4c
yhH1C8tnbhd344girpsQxSHgaGZK0D9cT2NC4CDzWHhzLpr/R9Ce0wF6VFXcOQ11
VnZPPeStCgDBonmELLAY+OhD9u/nv0cniIaBZIuV2/M=
]
INFO	[2022-07-19 13:34:10:481] <21749> VERIFY OK
INFO	[2022-07-19 13:34:10:481] <21749> PARSE HEAD OK
INFO	[2022-07-19 13:34:10:481] <21749> PARSE BODY OK
INFO	[2022-07-19 13:34:10:482] <21749> DECRYPT OK
DEBUG	[2022-07-19 13:34:10:482] <21749> DECRYPT MSG:[<?xml version="1.0" encoding="UTF-8"?><PartCancelInfo>
<PRTC_TID>INIMX_CARDmajorgol0320220708145459845746</PRTC_TID>
<PRTC_Price>129000</PRTC_Price>
<PRTC_Remains>132300</PRTC_Remains>
<PRTC_Quota>00</PRTC_Quota>
<PRTC_Type>1</PRTC_Type>
<CancelDate>20220719</CancelDate>
<CancelTime>133410</CancelTime>
<PRTC_Cnt>1</PRTC_Cnt>
</PartCancelInfo>]
INFO	[2022-07-19 13:34:10:482] <21749> DECRYPT PARSE OK
INFO	[2022-07-19 13:34:10:482] <21749> END repay 정상처리되었습니다. Laptime:[0.209sec]
INFO	[2022-07-19 13:34:10:482] <21749> ===============================================================
INFO	[2022-07-19 14:26:32:254] <21741> START INIPHP repay (V5036-141209)(OS:Linux2.6.32-754.11.1.el6.x86_64,PHP:5.3.3)
DEBUG	[2022-07-19 14:26:32:254] <21741> inipayhome:/home1/killdeal/public_html/shop/inicis
DEBUG	[2022-07-19 14:26:32:254] <21741> debug:false
DEBUG	[2022-07-19 14:26:32:254] <21741> type:repay
DEBUG	[2022-07-19 14:26:32:254] <21741> pgid:INIphpRPAY
DEBUG	[2022-07-19 14:26:32:254] <21741> subpgip:203.238.3.10
DEBUG	[2022-07-19 14:26:32:254] <21741> mid:majorgol03
DEBUG	[2022-07-19 14:26:32:254] <21741> admin:1111
DEBUG	[2022-07-19 14:26:32:254] <21741> oldtid:INIMX_CARDmajorgol0320220712203559984706
DEBUG	[2022-07-19 14:26:32:254] <21741> currency:WON
DEBUG	[2022-07-19 14:26:32:254] <21741> price:40900
DEBUG	[2022-07-19 14:26:32:254] <21741> confirm_price:39500
DEBUG	[2022-07-19 14:26:32:254] <21741> buyeremail:moonriver040@naver.com
DEBUG	[2022-07-19 14:26:32:254] <21741> tax:3718
DEBUG	[2022-07-19 14:26:32:254] <21741> taxfree:0
INFO	[2022-07-19 14:26:32:254] <21741> Check Field OK
INFO	[2022-07-19 14:26:32:254] <21741> Make TID OK INIphpRPAYmajorgol0320220719142632549041
INFO	[2022-07-19 14:26:32:254] <21741> PI PUB KEY LOAD OK []
INFO	[2022-07-19 14:26:32:255] <21741> PG PUB KEY LOAD OK [30]
INFO	[2022-07-19 14:26:32:255] <21741> MERCHANT PRIV KEY LOAD OK
INFO	[2022-07-19 14:26:32:255] <21741> MERCHANT PUB KEY LOAD OK [0]
DEBUG	[2022-07-19 14:26:32:255] <21741> MAKE ENCRYPT OK[<?xml version="1.0" encoding="UTF-8"?>
<PartCancelInfo>
	  <PRTC_TID>INIMX_CARDmajorgol0320220712203559984706</PRTC_TID>
	  <PRTC_Price>40900</PRTC_Price>
	  <PRTC_Remains>39500</PRTC_Remains>
	  <PRTC_Quota/>
	  <PRTC_Interest/>
	  <PRTC_NoAcctFNBC/>
	  <PRTC_NmAcctFNBC/></PartCancelInfo>]
INFO	[2022-07-19 14:26:32:255] <21741> MAKE BODY OK
INFO	[2022-07-19 14:26:32:256] <21741> SIGN OK
INFO	[2022-07-19 14:26:32:256] <21741> MAKE HEAD OK
INFO	[2022-07-19 14:26:32:256] <21741> MSG_TO_PG:[0111700175D SHA1                   0                                      300620majorgol03               40900INIphpRPAYmajorgol0320220719142632549041<?xml version="1.0" encoding="UTF-8"?>
<INIpay>
	  <PartCancelInfo>
	    <SessionKey>aZVucLLA1vly/khBCZ2UNx7J1L62hbTod7b1yaVw6qG1l+jbubs0KjOThZLv5GdS
kfMDG/a77RCQ77uow8zZWIAlkYZzF+O8QoDxd0r3Wdwy+ZmiroJxXY4QxLah23AZ
xX1csS2WFwCY+UDS13Thh7yKcs2W2YSPMeK8f7NDHk/ztV90PbJ9ng==
</SessionKey>
	    <Encrypted>QkFQw/iT2V9P8IDq+F2QEss4K92ehy8s0HHnVDv2UkTmAysXs4j8uowfptbwyvXB
GkGcjiFecZ/CKEdAkqoO1DoLhJ15qa1UiTpNT1zRY51nPkvirVY6KNx7lrUc2rsI
D5hj3KkJmNt3In0wXoo4E3f/NJnpvEldbmnRlUBT8hkBOuk5GyEtvVrKbUZVG6WW
Sru2shVI0Gbt1+uX+yUwKgf6YwX9TvqXXEhVx6wEJXCeEsthWKKUtdfORpTXkC2S
0dxy+42hjXeh9Hw8o/DItNw9feghkomu1pUg9chMmOcybBy/qUJqsOYFhs9muQVc
NqiooSVNH6jbkJkKBWLO9FzPwyIFMaRA0UEoDcN3Ny1ndw+iasb8cytjrdT9bGtl
TUWK6YnLBcA=
</Encrypted></PartCancelInfo>
	  <GoodsInfo>
	    <Tax>3718</Tax>
	    <TaxFree/>
	    <Currency>WON</Currency></GoodsInfo>
	  <ReservedInfo>
	    <MReserved1/>
	    <MReserved2/>
	    <MReserved3/></ReservedInfo>
	  <ManageInfo>
	    <Language/>
	    <URL/>
	    <TXVersion>5036B141209repayLinux     PHPchkfake   2.6.32-754.11.1.el6.x86_64PHP:</TXVersion>
	    <TXUserID/>
	    <TXRegNum/></ManageInfo></INIpay>AC1rOxn6CsRM0zcZiPB7J2pOQTaCL/iN+obCIJEiGGVfe9H+R00clsSSnufHgUz8
aOkUmD0/MhtyIFFIdUyIu0YJMaTiZ2wu1GAUMOq9a2SRtY90KtiRnZ7q3evTGSRi
anELloY2SpZJMF5SvlWECnufyjBhh4QZmE42DzFH19iE
]
INFO	[2022-07-19 14:26:32:256] <21741> DNS LOOKUP OK(203.238.37.3:203.238.37.3:34049) laptime:0
INFO	[2022-07-19 14:26:32:259] <21741> SOCKET CONNECT OK
INFO	[2022-07-19 14:26:32:259] <21741> SEND OK
INFO	[2022-07-19 14:26:32:408] <21741> RECV OK
INFO	[2022-07-19 14:26:32:409] <21741> MSG_FROM_PG:[0098000175D SHA1                   0                                      300630majorgol03               40900INIphpRPAYmajorgol0320220719142632549041<?xml version="1.0" encoding="UTF-8"?><INIpay>
<PartCancelInfo>
<PayMethod>Card</PayMethod>
<ResultCode>120000</ResultCode>
<ResultMsg urlencode="1">%C1%A4%BB%F3%C3%B3%B8%AE%B5%C7%BE%FA%BD%C0%B4%CF%B4%D9.</ResultMsg>
<SessionKey>AOoa3TbsJ8yerl2sA028684U7oXFC9md1EorXOzBfYK0aYYePDbLmH5I8Vws34We
xoTrsLKVH9KL9Tn+LMgK8TWOuxoBgzBGf3I105vWjfGQ3EUIjTRs7gASZ6+2VD/e
ynM6UojiNqWLh45O/wvY4ZUdmruW5sfhaakMgCcfb6ZAt+oKLCbJvzw=
</SessionKey>
<Encrypted>7yxTVU2YDp5aYyPBCcTSSWUSeSmu4JPb0CGoEw7xZ49tJwfqATkcfxy5xEkvYa5L
S6GhCRgVS9Sj1tTTZO4yCS55RK+GbFY3WxuxFxdq62v1aInK9fqPrVyFuN1Q+5es
28t7lQz7HlqCpzOI6cSLci3wMVoxkF1UiZg6HXz2ShaMkf3ArT95bYGoiIYVH6nb
cjtxaKsfjm2SEP/dR/pvd/9reo/rCwpavwRc+ulDFapB3nVVGBZJ18eXHDBunb8e
BI3Ks73Otm9YGK83qEHQ31Ib4g4TNry1Dh/7cqdNfc7DwajykRCh77/4EcKs5Zn6
tfQThRqSSNBRjWWGkqX6riq1wJAIrfW/ficmkVa25a4oeDz6LoK/PjrLQ9lp1Hxi
fGVfqQNE2Xg0pn56EE/HZlSTIEJ0XZeYIeh+dMJfCTKJKnVd3s+lVgefaGHygQTy
Sw7vs5MrMzI=
</Encrypted>
</PartCancelInfo>
<ManageInfo/>
<ReservedInfo/>
</INIpay>
0HrH3EqAt35acy2sxfP0URF6YlZBndhA07ualqfLZ6yGefD8Vro+tvbOz6q8V7ta
X3tF5XxHsI8AYSmL09mAf/ldl0ieJhwajTulRDy1lswaFEsMrNYzcelTFDfdLOt4
dALGCOBr8rNowWFviM/J6OF6BFRWYl+a91Ft56YnAPM=
]
INFO	[2022-07-19 14:26:32:409] <21741> VERIFY OK
INFO	[2022-07-19 14:26:32:409] <21741> PARSE HEAD OK
INFO	[2022-07-19 14:26:32:409] <21741> PARSE BODY OK
INFO	[2022-07-19 14:26:32:410] <21741> DECRYPT OK
DEBUG	[2022-07-19 14:26:32:410] <21741> DECRYPT MSG:[<?xml version="1.0" encoding="UTF-8"?><PartCancelInfo>
<PRTC_TID>INIMX_CARDmajorgol0320220712203559984706</PRTC_TID>
<PRTC_Price>40900</PRTC_Price>
<PRTC_Remains>39500</PRTC_Remains>
<PRTC_Quota>00</PRTC_Quota>
<PRTC_Type>1</PRTC_Type>
<CancelDate>20220719</CancelDate>
<CancelTime>142632</CancelTime>
<PRTC_Cnt>1</PRTC_Cnt>
</PartCancelInfo>]
INFO	[2022-07-19 14:26:32:410] <21741> DECRYPT PARSE OK
INFO	[2022-07-19 14:26:32:410] <21741> END repay 정상처리되었습니다. Laptime:[0.156sec]
INFO	[2022-07-19 14:26:32:410] <21741> ===============================================================
