INFO	[2022-08-24 09:20:51:447] <13837> START INIPHP cancel (V5036-141209)(OS:Linux2.6.32-754.11.1.el6.x86_64,PHP:5.3.3)
DEBUG	[2022-08-24 09:20:51:447] <13837> inipayhome:/home1/killdeal/public_html/shop/inicis
DEBUG	[2022-08-24 09:20:51:447] <13837> debug:false
DEBUG	[2022-08-24 09:20:51:447] <13837> type:cancel
DEBUG	[2022-08-24 09:20:51:447] <13837> mid:majorgol03
DEBUG	[2022-08-24 09:20:51:447] <13837> admin:1111
DEBUG	[2022-08-24 09:20:51:447] <13837> tid:INIMX_VBNKmajorgol0320220824090430564798
DEBUG	[2022-08-24 09:20:51:447] <13837> cancelmsg:주문자 본인 취소-상품옵션 선택 잘못함
INFO	[2022-08-24 09:20:51:447] <13837> Check Field OK
INFO	[2022-08-24 09:20:51:447] <13837> PI PUB KEY LOAD OK []
INFO	[2022-08-24 09:20:51:448] <13837> PG PUB KEY LOAD OK [30]
INFO	[2022-08-24 09:20:51:448] <13837> MERCHANT PRIV KEY LOAD OK
INFO	[2022-08-24 09:20:51:448] <13837> MERCHANT PUB KEY LOAD OK [0]
DEBUG	[2022-08-24 09:20:51:449] <13837> MAKE ENCRYPT OK[<?xml version="1.0" encoding="UTF-8"?>
<CancelInfo>
	  <CancelTID>INIMX_VBNKmajorgol0320220824090430564798</CancelTID>
	  <CancelMsg urlencode="1">%C1%D6%B9%AE%C0%DA+%BA%BB%C0%CE+%C3%EB%BC%D2-%BB%F3%C7%B0%BF%C9%BC%C7+%BC%B1%C5%C3+%C0%DF%B8%F8%C7%D4</CancelMsg>
	  <CancelReason/></CancelInfo>]
INFO	[2022-08-24 09:20:51:449] <13837> MAKE BODY OK
INFO	[2022-08-24 09:20:51:449] <13837> SIGN OK
INFO	[2022-08-24 09:20:51:450] <13837> MAKE HEAD OK
INFO	[2022-08-24 09:20:51:450] <13837> MSG_TO_PG:[0101500175D SHA1                   0                                      300420majorgol03                    INIMX_VBNKmajorgol0320220824090430564798<?xml version="1.0" encoding="UTF-8"?>
<INIpay>
	  <CancelInfo>
	    <SessionKey>g7DFuACsQR3C3a5QxflBIDIZeA2yi0L+8MrdlJJCwkGjpfZvzL15kYUByJa6XfGe
8x66wRYWB0j+vprP22PKuhq9h0mWSLOqdxzgdoxmhH/TV55BgpJTJAmI9l8l17eU
Dp2ceVoptmidTaIJpdIqgVN7BTwTMVyVpOj7I5Y7c6aErEZdxDPh1w==
</SessionKey>
	    <Encrypted>PXUBATkhh0CA9X+AZCg9jzX6oNJDV+JOwpqZp+FZfQrYZ0eTdrdGkg1TvEBsEdf0
hk67zsIdKx19+UPz73NHQfz7Sh2MiY2UalBDfw2kQM7YlwJQqPy28CEQJ55r6Pq2
dE7XjQAUjSOCTjyXZEEjTpziT8nZFh/Y+3COVKPMRf6DavwUrCgoNKeDzkN2F9Cf
PqY45jXXhZa3g+YV+6kr+U2CTPNBDEZcYU9h9HSZpLBP2ljv15M6cLBe2nKm61O+
CR6tmYGpYC+vluw8gb2roZG0rxVYbvG6AgcVo09J4NtjA79E8IfPFQEdpAHD8LFR
NLdBVysICmEx4cFc8eANy71OPjscqlwy7/9vDzvUig6nXm2Qo0NxFV4MlKnf3OQf
eS8o9ywmGCc=
</Encrypted></CancelInfo>
	  <ReservedInfo>
	    <MReserved1/>
	    <MReserved2/>
	    <MReserved3/></ReservedInfo>
	  <ManageInfo>
	    <Language/>
	    <URL/>
	    <TXVersion>5036B141209canceLinux     PHPchkfake   2.6.32-754.11.1.el6.x86_64PHP:</TXVersion>
	    <TXUserID/>
	    <TXRegNum/></ManageInfo></INIpay>ALZfxOeZNJ/Df51S5Ujyz3ory7YAeIVlHCNhpmMWow3UTWR64PPGoBc+MdfLMk1y
2fBicA9ch5Yg1b++fnpxnQJD5vLa6y/LOkJ5LA0H+WAkUYiV/Eh5B6jmXvAbti27
91WizyDarkBjll7KX8Viv/9GpVYaZgX8APZq5sqCEDNR
]
INFO	[2022-08-24 09:20:51:450] <13837> DNS LOOKUP OK(203.238.37.3:203.238.37.3:34049) laptime:0
INFO	[2022-08-24 09:20:51:452] <13837> SOCKET CONNECT OK
INFO	[2022-08-24 09:20:51:452] <13837> SEND OK
INFO	[2022-08-24 09:20:51:607] <13837> RECV OK
INFO	[2022-08-24 09:20:51:607] <13837> MSG_FROM_PG:[0123800175D SHA1                   0                                      300430majorgol03                    INIMX_VBNKmajorgol0320220824090430564798<?xml version="1.0" encoding="UTF-8"?><INIpay>
<CancelInfo>
<ResultCode>170000</ResultCode>
<ResultMsg urlencode="1">%C1%A4%BB%F3%C3%B3%B8%AE%B5%C7%BE%FA%BD%C0%B4%CF%B4%D9.</ResultMsg>
<SessionKey>AGxA/PNjt5lTNQcLI8538Lw5S/4Qri0rbAajoAdlL4XO+VgKkwqtVORgruuldSBF
SUw/E8xcTSn/klJGYYUjM3gsD98Oai3GEgdmJ2VQeDIrXKg7A977VeYNtibzJp/N
ZH0d2Lbty1P7CzmFzxuEU2iEfBHtIvm2RnIEi8hbqI+syN8Osaz3XdQ=
</SessionKey>
<Encrypted>yoHuR71pEuICGhFu7AZ7Y2tlXyVUhB+K+KchQiS/2sgArINh1/8gbY0G6B7S4mcR
XRlIkieH3QrO+B1p3wv9ti/u6tvvtbsfGzinYrmyGq5oL3E9pTsQhOo7zSMccB/G
H9sR8p2z0FYiSkFal1Uueis18yTEjdcOJC/Hz2jgfn84viFQJwwvf0WSISZRXjqz
wyvTo1gvH1/LqFweSQdtDQq/21IeYTpQ2ogg4qRi/CV2kAFd71VEgjtneGs+Wo7S
uLFtHtrierGQW3b3hvaMjqfl76izU9IWkhFZfczAh55vysmDxFApuYOPjnFYIe+z
t5esiXvymc7Nua5b9TOuxNi3y1nIL5G+f5S5+6amOIqRP7zl9VCdYT9C6XzfUGN+
Dam7AeBsIsDaF9lDUA3d/O3QKASk4yoJOSzOcz7M7DdxnbfqdV4Ttas8ggt8pGc7
AMGGz3y0TrsWjNYIQF52yZ01HofyzggHXA2LUWAwwzWpWRuphcytZpeMwFwvdN8L
NksGqtW/86h0IaFMyMfPXDU0Cw6zT+HzUpfvdtyEXTJBXd7j7r6QvZdv3Sw0neqw
HRnhfnqIRwEA2mr+rPLqUj3BA0Uw8FYeA59TFfO8NYuSzOQw6gvMIVP65y6buv0w
OEkbm3QDENQ=
</Encrypted>
</CancelInfo>
<ManageInfo/>
<ReservedInfo>
<MReserved1 urlencode="1"/>
<MReserved2 urlencode="1"/>
<MReserved3 urlencode="1"/>
</ReservedInfo>
</INIpay>
tyhkdVA5iBE9LGevHmWHbLNfGWHnPMEnudzjonr6bvYYo1VhZrMVGw2a+V8l4Ehn
EJh8CWjh0zk8Aej6HgdvXgfW18HVuR3bwN3/s2mDH7ZMaVFmNSoxFYI1LLJuT4CU
HT9bJTpQ1xbxXxL1KZo/PoPdHcnHryr3qd0DkW283KY=
]
INFO	[2022-08-24 09:20:51:607] <13837> VERIFY OK
INFO	[2022-08-24 09:20:51:607] <13837> PARSE HEAD OK
INFO	[2022-08-24 09:20:51:607] <13837> PARSE BODY OK
INFO	[2022-08-24 09:20:51:608] <13837> DECRYPT OK
DEBUG	[2022-08-24 09:20:51:608] <13837> DECRYPT MSG:[<?xml version="1.0" encoding="UTF-8"?><CancelInfo>
<CancelDate>20220824</CancelDate>
<CancelTime>092051</CancelTime>
<ResultCode>170000</ResultCode>
<ResultMsg urlencode="1">%C1%A4%BB%F3%C3%B3%B8%AE%B5%C7%BE%FA%BD%C0%B4%CF%B4%D9.</ResultMsg>
<CSHR_CancelDate>20220824</CSHR_CancelDate>
<CSHR_CancelTime>092051</CSHR_CancelTime>
<CSHR_ResultCode>220000</CSHR_ResultCode>
<CSHR_ResultMsg urlencode="1">%C1%A4%BB%F3%C3%B3%B8%AE%B5%C7%BE%FA%BD%C0%B4%CF%B4%D9.</CSHR_ResultMsg>
</CancelInfo>]
INFO	[2022-08-24 09:20:51:608] <13837> DECRYPT PARSE OK
INFO	[2022-08-24 09:20:51:608] <13837> END cancel 정상처리되었습니다. Laptime:[0.161sec]
INFO	[2022-08-24 09:20:51:608] <13837> ===============================================================
INFO	[2022-08-24 09:41:35:785] <13807> START INIPHP cancel (V5036-141209)(OS:Linux2.6.32-754.11.1.el6.x86_64,PHP:5.3.3)
DEBUG	[2022-08-24 09:41:35:785] <13807> inipayhome:/home1/killdeal/public_html/shop/inicis
DEBUG	[2022-08-24 09:41:35:785] <13807> debug:false
DEBUG	[2022-08-24 09:41:35:785] <13807> type:cancel
DEBUG	[2022-08-24 09:41:35:785] <13807> mid:majorgol03
DEBUG	[2022-08-24 09:41:35:785] <13807> admin:1111
DEBUG	[2022-08-24 09:41:35:785] <13807> tid:INIMX_VBNKmajorgol0320220824093951524941
DEBUG	[2022-08-24 09:41:35:785] <13807> cancelmsg:주문자 본인 취소-상품옵션 선택 잘못함
INFO	[2022-08-24 09:41:35:785] <13807> Check Field OK
INFO	[2022-08-24 09:41:35:785] <13807> PI PUB KEY LOAD OK []
INFO	[2022-08-24 09:41:35:785] <13807> PG PUB KEY LOAD OK [30]
INFO	[2022-08-24 09:41:35:786] <13807> MERCHANT PRIV KEY LOAD OK
INFO	[2022-08-24 09:41:35:786] <13807> MERCHANT PUB KEY LOAD OK [0]
DEBUG	[2022-08-24 09:41:35:786] <13807> MAKE ENCRYPT OK[<?xml version="1.0" encoding="UTF-8"?>
<CancelInfo>
	  <CancelTID>INIMX_VBNKmajorgol0320220824093951524941</CancelTID>
	  <CancelMsg urlencode="1">%C1%D6%B9%AE%C0%DA+%BA%BB%C0%CE+%C3%EB%BC%D2-%BB%F3%C7%B0%BF%C9%BC%C7+%BC%B1%C5%C3+%C0%DF%B8%F8%C7%D4</CancelMsg>
	  <CancelReason/></CancelInfo>]
INFO	[2022-08-24 09:41:35:786] <13807> MAKE BODY OK
INFO	[2022-08-24 09:41:35:787] <13807> SIGN OK
INFO	[2022-08-24 09:41:35:787] <13807> MAKE HEAD OK
INFO	[2022-08-24 09:41:35:787] <13807> MSG_TO_PG:[0101500175D SHA1                   0                                      300420majorgol03                    INIMX_VBNKmajorgol0320220824093951524941<?xml version="1.0" encoding="UTF-8"?>
<INIpay>
	  <CancelInfo>
	    <SessionKey>AXtddyoZwgRhA+Lh4T0/l5nCdYHJLFXYUYVnCxyWKhMG8UgQE34SQLQ8iCFtcmdH
UOiIHCMV2rVth8l5FvYrE5ZczThbGBGmD/EAk5gUxZHTiRhRVmnY02aZ8X0E6Deg
qstoNMeTAPbpuCvQInzst+qPSOmqCcMylL1+qDQvMadZTIcSsCmXBA==
</SessionKey>
	    <Encrypted>fyX5F1tfIIaNlYKHE6Q4DRouyTqq4+SHuK3yXj9DvoooH9khFPflvm0WP9VL1lSu
F8i1TvgP7y2zANiwtCz878rfUsiofUKuy/i+X6B2Pc2moiPfFzfA79kx86canu2U
vWwaZJGAFiAiHbka2C3TnZAo782oAycwhcXlkShHpCMD6AnZYZHYSNYOWLZW7x4C
MXMHlJKD9+qsS41hgn4XE9LuQ6xxvW9elOBwexuEguxLIAfCOsBnSRk09DyAZ8Wd
iaC1UznfnqDiYyUOdFEo9Yp7UUIKq33310QUrBFSguplZ2c8zl9VwhXvTnmsPyjR
aBCiczFpEFpbgtlCkWQiK6yafjNxzc/ETyNEn21SMgMBBt/FIqWEdiZruSem3h/o
mdedQztCYvo=
</Encrypted></CancelInfo>
	  <ReservedInfo>
	    <MReserved1/>
	    <MReserved2/>
	    <MReserved3/></ReservedInfo>
	  <ManageInfo>
	    <Language/>
	    <URL/>
	    <TXVersion>5036B141209canceLinux     PHPchkfake   2.6.32-754.11.1.el6.x86_64PHP:</TXVersion>
	    <TXUserID/>
	    <TXRegNum/></ManageInfo></INIpay>AFbyQpxtKYbq4JwJGslmm8LT4FDN5gqEfjf4DwJkqu7bMGGANkm+/Vap3LDQg7AF
loubApK+aBST2DtuOdEJQxqJupIQM7WfUYQzk2nDOgBNjXZLjrfQ4YhgpPGA7bLh
FyymNQwRz7sQWdw7av/YssGxww09PTlG0w7VbPgEwPLW
]
INFO	[2022-08-24 09:41:35:787] <13807> DNS LOOKUP OK(203.238.37.3:203.238.37.3:34049) laptime:0
INFO	[2022-08-24 09:41:35:790] <13807> SOCKET CONNECT OK
INFO	[2022-08-24 09:41:35:790] <13807> SEND OK
INFO	[2022-08-24 09:41:35:884] <13807> RECV OK
INFO	[2022-08-24 09:41:35:884] <13807> MSG_FROM_PG:[0123800175D SHA1                   0                                      300430majorgol03                    INIMX_VBNKmajorgol0320220824093951524941<?xml version="1.0" encoding="UTF-8"?><INIpay>
<CancelInfo>
<ResultCode>170000</ResultCode>
<ResultMsg urlencode="1">%C1%A4%BB%F3%C3%B3%B8%AE%B5%C7%BE%FA%BD%C0%B4%CF%B4%D9.</ResultMsg>
<SessionKey>AJ8GjnM/pm36mEcw4sOj6ksTpFW/RScggV4/xbjBfOX2EmgdrLW0eKkxLnRUxAda
zC+Ts3Z3Q91SAHsWseSt2hXrogRjXJcfjOvNhIVGvw0mI1d9ML14CaS/L/L36oBg
c8idC9mL9Gg6AG1/VJvyiwwvooEovhQs1HEKXVcjyG7PoGcmvjeqJVc=
</SessionKey>
<Encrypted>RZIVwxwTVCFihcD0PcKEnZj9FzNjMCdEsnejz82jG6N1znWb2v0xENFMq1ObCw5X
witKLwRIYdAy1Sx2bQZClUIVHi+xhiPnW8Pn+nQ8Z9tLit1aCtx+6YmiJBwFGB1P
bGFA1lgpt+9GmA858WgnTVZYDqkLYIXJ0Vud+3Qv2RpucsJUaTwXEP8/KlZ2FPdV
tNwqbweg481KmSWntL33JZSSEGpyUG5ithQ402T33k1cvH/k3uRiIYfHhBeKDoaa
SbvrOfiLzBUVOsfC6tGUQhP1Nqozy5EowPlH62jCPGtr6GcmuRdawr1Gk4rBY4aH
1H+Br1EfMbgPa70/UxkmSDcARBou9t7a5Ww4w0g9zLzmseZgiwXZd/VzclMPwFye
6TJH33JgU+QZ7zHExQ/W32lYBLnzMaj+ILerWkkp4iHHyhQzo0fRroqXJp/W8cFf
fyrTRhnG/W5meuaG9gKZVO8OunLDww2CkqtwKd/pDteW1UPCEMLkdJh4Vo+2zrTu
pO5mLPq8OGwKZeRpVyHOHHuGp5fTyUMvu2L6MSnbDozu1+e6UmonzU18rVagE/z2
UkmqfZOe8OUaDSHw+eopeLk9qcSM4gNBtFGhXOgVoP2LgwyFpmsFHe1zJLujWrFf
qvbrWylYsGw=
</Encrypted>
</CancelInfo>
<ManageInfo/>
<ReservedInfo>
<MReserved1 urlencode="1"/>
<MReserved2 urlencode="1"/>
<MReserved3 urlencode="1"/>
</ReservedInfo>
</INIpay>
DcG7+Y7cy2iIQ7RDiXYUREZaXJrl9MKLiv79AZVgdRMdUHWL1AuwhqrvrFG2p0/K
y/YTDjTBPVCVPvGTpm1XVnERnF2HEXueP0Op3xSyOkBbauDNnEln14EkTGNqnXuj
ouUp7D/HtwOeeqruwdf6aF4GBhgthd4p768w1BQkECI=
]
INFO	[2022-08-24 09:41:35:884] <13807> VERIFY OK
INFO	[2022-08-24 09:41:35:884] <13807> PARSE HEAD OK
INFO	[2022-08-24 09:41:35:884] <13807> PARSE BODY OK
INFO	[2022-08-24 09:41:35:885] <13807> DECRYPT OK
DEBUG	[2022-08-24 09:41:35:885] <13807> DECRYPT MSG:[<?xml version="1.0" encoding="UTF-8"?><CancelInfo>
<CancelDate>20220824</CancelDate>
<CancelTime>094135</CancelTime>
<ResultCode>170000</ResultCode>
<ResultMsg urlencode="1">%C1%A4%BB%F3%C3%B3%B8%AE%B5%C7%BE%FA%BD%C0%B4%CF%B4%D9.</ResultMsg>
<CSHR_CancelDate>20220824</CSHR_CancelDate>
<CSHR_CancelTime>094135</CSHR_CancelTime>
<CSHR_ResultCode>220000</CSHR_ResultCode>
<CSHR_ResultMsg urlencode="1">%C1%A4%BB%F3%C3%B3%B8%AE%B5%C7%BE%FA%BD%C0%B4%CF%B4%D9.</CSHR_ResultMsg>
</CancelInfo>]
INFO	[2022-08-24 09:41:35:885] <13807> DECRYPT PARSE OK
INFO	[2022-08-24 09:41:35:885] <13807> END cancel 정상처리되었습니다. Laptime:[0.1sec]
INFO	[2022-08-24 09:41:35:885] <13807> ===============================================================
INFO	[2022-08-24 11:36:44:144] <13837> START INIPHP cancel (V5036-141209)(OS:Linux2.6.32-754.11.1.el6.x86_64,PHP:5.3.3)
DEBUG	[2022-08-24 11:36:44:144] <13837> inipayhome:/home1/killdeal/public_html/shop/inicis
DEBUG	[2022-08-24 11:36:44:144] <13837> debug:false
DEBUG	[2022-08-24 11:36:44:144] <13837> type:cancel
DEBUG	[2022-08-24 11:36:44:144] <13837> mid:majorgol03
DEBUG	[2022-08-24 11:36:44:144] <13837> admin:1111
DEBUG	[2022-08-24 11:36:44:144] <13837> tid:StdpayISP_majorgol0320220717221646975016
DEBUG	[2022-08-24 11:36:44:144] <13837> cancelmsg:쇼핑몰 운영자 승인 취소
INFO	[2022-08-24 11:36:44:144] <13837> Check Field OK
INFO	[2022-08-24 11:36:44:144] <13837> PI PUB KEY LOAD OK []
INFO	[2022-08-24 11:36:44:144] <13837> PG PUB KEY LOAD OK [30]
INFO	[2022-08-24 11:36:44:145] <13837> MERCHANT PRIV KEY LOAD OK
INFO	[2022-08-24 11:36:44:145] <13837> MERCHANT PUB KEY LOAD OK [0]
DEBUG	[2022-08-24 11:36:44:145] <13837> MAKE ENCRYPT OK[<?xml version="1.0" encoding="UTF-8"?>
<CancelInfo>
	  <CancelTID>StdpayISP_majorgol0320220717221646975016</CancelTID>
	  <CancelMsg urlencode="1">%BC%EE%C7%CE%B8%F4+%BF%EE%BF%B5%C0%DA+%BD%C2%C0%CE+%C3%EB%BC%D2</CancelMsg>
	  <CancelReason/></CancelInfo>]
INFO	[2022-08-24 11:36:44:145] <13837> MAKE BODY OK
INFO	[2022-08-24 11:36:44:146] <13837> SIGN OK
INFO	[2022-08-24 11:36:44:146] <13837> MAKE HEAD OK
INFO	[2022-08-24 11:36:44:146] <13837> MSG_TO_PG:[0096200175D SHA1                   0                                      300420majorgol03                    StdpayISP_majorgol0320220717221646975016<?xml version="1.0" encoding="UTF-8"?>
<INIpay>
	  <CancelInfo>
	    <SessionKey>Z888SgnexTcqgAMCoyEMGVZncs5iDrLyKu7QdemMQKPRoyUcNu9BL8xbVDvI5W2a
GD5W6XrWV4vnD69uQt23LoHFQz0QohdQd/TrBOafvBbDXSU6DhkCmythAngf0HCc
FTUxJft1PYw2d+4Ik5Z/vGnA6LDSstWdHbvHULafZOfjyuFGIXKYnw==
</SessionKey>
	    <Encrypted>eQsspbg5Lr1DQ/HdA2LpwE2eTn2mX4uDxbQvIJsabjT9jBCU4+O8VSx/2OGFvIyp
ADDrnNX2A9z+9YxNlo5BQL+wWwLspSP0v21cS10wwVpOBsnTSmn1V+S7/qInNfMK
HXV1QcsD1GlAy80QSOGw2b0594WTETWUuzviZr2ONni4IRv6HOwWLyMfA7zk4iLk
v5YVpTXJRdDQy1fZ6l1kPfc0khKu9xxdsbo/uF0uCkPhcFbmKfrBtcC1oc0A1kna
pNvRyc/9N1WY9RESE/mo0PU923AVZRRZ5Zd3N+e7zIGpRPvig0k8lDqe5fqQmCfH
7ZxH9m3X8DnYRdgMNb55iA==
</Encrypted></CancelInfo>
	  <ReservedInfo>
	    <MReserved1/>
	    <MReserved2/>
	    <MReserved3/></ReservedInfo>
	  <ManageInfo>
	    <Language/>
	    <URL/>
	    <TXVersion>5036B141209canceLinux     PHPchkfake   2.6.32-754.11.1.el6.x86_64PHP:</TXVersion>
	    <TXUserID/>
	    <TXRegNum/></ManageInfo></INIpay>AOAiSUZEVTXvinwn+zJ9Y+IyFdjnOPQGyL6h3MwkV3xSU0WKrhyoy1288QoEkUts
rk9HnG2rUxLRPeqlpJhA/q+ejEYGqUAI4R0lwM612+NBSESd8q08DS4F7LXIQP78
U+CNygPxyEXXHPp2QCkVt1QJeLsoYWkGD2+KA3T34meL
]
INFO	[2022-08-24 11:36:44:146] <13837> DNS LOOKUP OK(203.238.37.3:203.238.37.3:34049) laptime:0
INFO	[2022-08-24 11:36:44:148] <13837> SOCKET CONNECT OK
INFO	[2022-08-24 11:36:44:149] <13837> SEND OK
INFO	[2022-08-24 11:36:44:677] <13837> RECV OK
INFO	[2022-08-24 11:36:44:677] <13837> MSG_FROM_PG:[0086100175D SHA1                   0                                      300430majorgol03                    StdpayISP_majorgol0320220717221646975016<?xml version="1.0" encoding="UTF-8"?><INIpay>
<CancelInfo>
<ResultCode>170000</ResultCode>
<ResultMsg urlencode="1">%C1%A4%BB%F3%BF%CF%B7%E1</ResultMsg>
<SessionKey>ACknMOZi0lQwq2gozfAnYZfwT1h5Hq8YFVGtnrYkM8yiA/JbWs1bumL3/NcOMizA
ICvpREu/ngv679WthE+PbnthbNZ1iEkpkGMA8W+JVh77qCz3p//zms7QzxImDMlT
u9+6O+sgqScngLO5ZRTs7sk2NpLMhFZNhwIzjnmK95HLWODtQE+LUR4=
</SessionKey>
<Encrypted>zgBYXuuNnqt+Ukj5MVDPBPWlr3EPgUIia1D8wOUT0BnBRQ+i13aVbZ+VOmEKYfTr
59s4HVnyuuUxQLlVQHwSMLgj8LfjwFqrO/zageC6FaPHZJkVnhLiXye+03puI8hN
5+lb04PMRhlbpLI5G6lVMPtkBbdImU9WKBLT3Nz9+HXsh9mYeqvgpoDYOls883r6
MfER3MwFmtgHGnOSApUXQTlKwkdjaQtiSOxaz/R0Duaobv77O79f/FZZeGusmuWZ
xndFj8yCnLLAkkX4vP8LzerHUzFNfFWcUNJtrfC2BU/vhv72gI5dDg==
</Encrypted>
</CancelInfo>
<ManageInfo/>
<ReservedInfo>
<MReserved1 urlencode="1"/>
<MReserved2 urlencode="1"/>
<MReserved3 urlencode="1"/>
</ReservedInfo>
</INIpay>
f/6sS4TxvP/qPmeshlNtfbWke7ZkqRmkhFmH5zyj4OyJlTHDsjGllzQKi8MN2CLu
GqBJBRVJ2XNlRM87VPyAaFEj20gqkoU7AWZ/Tl60iECDCl4Xd9SZ/97DLRBq9QnA
AufKwQAQJ+aNeH9ZMf9uYw2s3QYqnKemKvquiY8Aajo=
]
INFO	[2022-08-24 11:36:44:677] <13837> VERIFY OK
INFO	[2022-08-24 11:36:44:677] <13837> PARSE HEAD OK
INFO	[2022-08-24 11:36:44:677] <13837> PARSE BODY OK
INFO	[2022-08-24 11:36:44:678] <13837> DECRYPT OK
DEBUG	[2022-08-24 11:36:44:678] <13837> DECRYPT MSG:[<?xml version="1.0" encoding="UTF-8"?><CancelInfo>
<CancelDate>20220824</CancelDate>
<CancelTime>113644</CancelTime>
<ResultCode>170000</ResultCode>
<ResultMsg urlencode="1">%C1%A4%BB%F3%BF%CF%B7%E1</ResultMsg>
</CancelInfo>]
INFO	[2022-08-24 11:36:44:678] <13837> DECRYPT PARSE OK
INFO	[2022-08-24 11:36:44:678] <13837> END cancel 정상완료 Laptime:[0.534sec]
INFO	[2022-08-24 11:36:44:678] <13837> ===============================================================
INFO	[2022-08-24 16:15:31:715] <13848> START INIPHP cancel (V5036-141209)(OS:Linux2.6.32-754.11.1.el6.x86_64,PHP:5.3.3)
DEBUG	[2022-08-24 16:15:31:716] <13848> inipayhome:/home1/killdeal/public_html/shop/inicis
DEBUG	[2022-08-24 16:15:31:716] <13848> debug:false
DEBUG	[2022-08-24 16:15:31:716] <13848> type:cancel
DEBUG	[2022-08-24 16:15:31:716] <13848> mid:majorgol03
DEBUG	[2022-08-24 16:15:31:716] <13848> admin:1111
DEBUG	[2022-08-24 16:15:31:716] <13848> tid:INIMX_CARDmajorgol0320220812223232635544
DEBUG	[2022-08-24 16:15:31:716] <13848> cancelmsg:쇼핑몰 운영자 승인 취소
INFO	[2022-08-24 16:15:31:716] <13848> Check Field OK
INFO	[2022-08-24 16:15:31:716] <13848> PI PUB KEY LOAD OK []
INFO	[2022-08-24 16:15:31:716] <13848> PG PUB KEY LOAD OK [30]
INFO	[2022-08-24 16:15:31:716] <13848> MERCHANT PRIV KEY LOAD OK
INFO	[2022-08-24 16:15:31:716] <13848> MERCHANT PUB KEY LOAD OK [0]
DEBUG	[2022-08-24 16:15:31:716] <13848> MAKE ENCRYPT OK[<?xml version="1.0" encoding="UTF-8"?>
<CancelInfo>
	  <CancelTID>INIMX_CARDmajorgol0320220812223232635544</CancelTID>
	  <CancelMsg urlencode="1">%BC%EE%C7%CE%B8%F4+%BF%EE%BF%B5%C0%DA+%BD%C2%C0%CE+%C3%EB%BC%D2</CancelMsg>
	  <CancelReason/></CancelInfo>]
INFO	[2022-08-24 16:15:31:717] <13848> MAKE BODY OK
INFO	[2022-08-24 16:15:31:717] <13848> SIGN OK
INFO	[2022-08-24 16:15:31:717] <13848> MAKE HEAD OK
INFO	[2022-08-24 16:15:31:717] <13848> MSG_TO_PG:[0096200175D SHA1                   0                                      300420majorgol03                    INIMX_CARDmajorgol0320220812223232635544<?xml version="1.0" encoding="UTF-8"?>
<INIpay>
	  <CancelInfo>
	    <SessionKey>MhlICNevR5TurdqhzZgDju3GwJID8EQLs4OwMovZcFUoUKCDUpsbKfdrmVa5Ujj9
S7zKW/IXsGInb4Azxjjzll4b2OvFRrbmq1Wlv28G9EV7yn18pd4Xa/2aRXOH4QlC
NoVQC2DuZkc8gZrF28JD68ESFRclQbNqfO2Oiz82MFFCt0qwLd3OFw==
</SessionKey>
	    <Encrypted>mbjLULRW+crVb02sfLiSM/7HIbhH9S6/0CBVNI2pLkWxF0GBi3+Yo/F8+dvxl19p
Dvo1NyjOtYDSKwrVclPvkqWD9eR0gYTuRlG7AaMVLWEJ3KlepS30ceFVdYHJ+znK
CuqghaRfStsShGVW1K793bPmTCyer62/kQHUainNzm+R8bes84a75RYAC469NHUE
0zLvomUoH8oFAQonQXuc2ez35HbKotUBByVqylUW/eIcEo2OXGw5zsFeByDe4T7r
fuWuwqyEJaoSFFpRxd3LHSOjQ4WFwFm71RRhOBskVVZd6NiHp7FKhsVe4N1Ao6e9
d7kViE37ydANKTyKiXl9hg==
</Encrypted></CancelInfo>
	  <ReservedInfo>
	    <MReserved1/>
	    <MReserved2/>
	    <MReserved3/></ReservedInfo>
	  <ManageInfo>
	    <Language/>
	    <URL/>
	    <TXVersion>5036B141209canceLinux     PHPchkfake   2.6.32-754.11.1.el6.x86_64PHP:</TXVersion>
	    <TXUserID/>
	    <TXRegNum/></ManageInfo></INIpay>AEu+zgngYqyh4pj/DA3/GzAnscZTWIJ6zgBCl72Tm7Fnw6nD2joelwRL+RGIqtOz
OpGyoRpJv7ZtPPyGuANHOV/Cv6nbiCM0bWOfSAL7wiWtFUvwTcxE0IXHR1KMzQxp
DEzIt9dsWBroxxGLgM8IyCcbrK+QlZg2FAf1EMnXJnLR
]
INFO	[2022-08-24 16:15:31:717] <13848> DNS LOOKUP OK(203.238.37.3:203.238.37.3:34049) laptime:0
INFO	[2022-08-24 16:15:31:720] <13848> SOCKET CONNECT OK
INFO	[2022-08-24 16:15:31:720] <13848> SEND OK
INFO	[2022-08-24 16:15:32:485] <13848> RECV OK
INFO	[2022-08-24 16:15:32:485] <13848> MSG_FROM_PG:[0093300175D SHA1                   0                                      300430majorgol03                    INIMX_CARDmajorgol0320220812223232635544<?xml version="1.0" encoding="UTF-8"?><INIpay>
<CancelInfo>
<ResultCode>120000</ResultCode>
<ResultMsg urlencode="1">%C1%A4%BB%F3%C3%B3%B8%AE%B5%C7%BE%FA%BD%C0%B4%CF%B4%D9.</ResultMsg>
<SessionKey>AKQ+qv0e20Y3onFTmnGScSE3TkJfuV+lTg6dUvzuVcJqjrDghSxcoaZcfcNAv4jp
vR5owyiMpCe3Wc7iermjvIfPJY7EJZ0wiYT3N/ScySkU0WkUpTbT55JirmmKAY4C
CJPA5xxGCDEAMKiVe2D2bvHD+VV6Q7wKg8ZaKuXcagEYmLJWoDMt/GI=
</SessionKey>
<Encrypted>PxXP/+tThK9Jlodi9F+TnS9GC3sD0QMENE/xnP62kVFGfFhifbHU1d8Zb+F+spE7
zjI56LaUqu+9meP/afvfO1Oz5/mkCp52FQFJHf4XOUCGS0wF7nMp0SY34D9+ISvx
gJCLS8c80E5Lb2zuHusx+2ooSf63+Fuh3qrs2QVi+HjRstu5xsA2QF9lLQHD7lNc
lfgGrG50VQM5kMTZtuFwHhxV3NwO/58hU8zoZvLvLqgNpEAsxG+8yk/ekL73pOND
OIiXObZYRsZbVA7F1bXW2SALpJwoqC6fAjypGyd18QUDlkJNrlSyIb3R8UCGUJ6Z
F4KcqOugaqvKdKUAg4TVtlTMg5YYX6TZ
</Encrypted>
</CancelInfo>
<ManageInfo/>
<ReservedInfo>
<MReserved1 urlencode="1"/>
<MReserved2 urlencode="1"/>
<MReserved3 urlencode="1"/>
</ReservedInfo>
</INIpay>
WdBuyiNhc/g96Q8Z6x6PfoOtduKcm1eC2lK0yLE79jYYV2ilP6BM9hUfamlmI3KU
9ojn5ny8pL/VoFx8Yv2D/XvDvlAvEZqKgg0YrmSS/3I8MgCRV1t2xZnwuPEbTKUw
mDj9obsRSVVrD7sGX+pMqBa/FEmIdRz4nelf2ErqjGA=
]
INFO	[2022-08-24 16:15:32:485] <13848> VERIFY OK
INFO	[2022-08-24 16:15:32:485] <13848> PARSE HEAD OK
INFO	[2022-08-24 16:15:32:486] <13848> PARSE BODY OK
INFO	[2022-08-24 16:15:32:486] <13848> DECRYPT OK
DEBUG	[2022-08-24 16:15:32:486] <13848> DECRYPT MSG:[<?xml version="1.0" encoding="UTF-8"?><CancelInfo>
<CancelDate>20220824</CancelDate>
<CancelTime>161532</CancelTime>
<ResultCode>120000</ResultCode>
<ResultMsg urlencode="1">%C1%A4%BB%F3%C3%B3%B8%AE%B5%C7%BE%FA%BD%C0%B4%CF%B4%D9.</ResultMsg>
</CancelInfo>]
INFO	[2022-08-24 16:15:32:487] <13848> DECRYPT PARSE OK
INFO	[2022-08-24 16:15:32:487] <13848> END cancel 정상처리되었습니다. Laptime:[0.771sec]
INFO	[2022-08-24 16:15:32:487] <13848> ===============================================================
