INFO	[2022-05-13 15:58:01:48] <28610> START INIPHP repay (V5036-141209)(OS:Linux2.6.32-754.11.1.el6.x86_64,PHP:5.3.3)
DEBUG	[2022-05-13 15:58:01:48] <28610> inipayhome:/home1/killdeal/public_html/shop/inicis
DEBUG	[2022-05-13 15:58:01:48] <28610> debug:false
DEBUG	[2022-05-13 15:58:01:48] <28610> type:repay
DEBUG	[2022-05-13 15:58:01:48] <28610> pgid:INIphpRPAY
DEBUG	[2022-05-13 15:58:01:48] <28610> subpgip:203.238.3.10
DEBUG	[2022-05-13 15:58:01:48] <28610> mid:fourseason
DEBUG	[2022-05-13 15:58:01:48] <28610> admin:1111
DEBUG	[2022-05-13 15:58:01:48] <28610> oldtid:INIMX_CARDfourseason20220429224509235104
DEBUG	[2022-05-13 15:58:01:48] <28610> currency:WON
DEBUG	[2022-05-13 15:58:01:48] <28610> price:18800
DEBUG	[2022-05-13 15:58:01:48] <28610> confirm_price:34400
DEBUG	[2022-05-13 15:58:01:48] <28610> buyeremail:sweet2043@hanmail.net
DEBUG	[2022-05-13 15:58:01:48] <28610> tax:1709
DEBUG	[2022-05-13 15:58:01:48] <28610> taxfree:0
INFO	[2022-05-13 15:58:01:48] <28610> Check Field OK
INFO	[2022-05-13 15:58:01:48] <28610> Make TID OK INIphpRPAYfourseason20220513155801489558
INFO	[2022-05-13 15:58:01:48] <28610> PI PUB KEY LOAD OK []
INFO	[2022-05-13 15:58:01:48] <28610> PG PUB KEY LOAD OK [30]
INFO	[2022-05-13 15:58:01:48] <28610> MERCHANT PRIV KEY LOAD OK
INFO	[2022-05-13 15:58:01:49] <28610> MERCHANT PUB KEY LOAD OK [0]
DEBUG	[2022-05-13 15:58:01:49] <28610> MAKE ENCRYPT OK[<?xml version="1.0" encoding="UTF-8"?>
<PartCancelInfo>
	  <PRTC_TID>INIMX_CARDfourseason20220429224509235104</PRTC_TID>
	  <PRTC_Price>18800</PRTC_Price>
	  <PRTC_Remains>34400</PRTC_Remains>
	  <PRTC_Quota/>
	  <PRTC_Interest/>
	  <PRTC_NoAcctFNBC/>
	  <PRTC_NmAcctFNBC/></PartCancelInfo>]
INFO	[2022-05-13 15:58:01:49] <28610> MAKE BODY OK
INFO	[2022-05-13 15:58:01:50] <28610> SIGN OK
INFO	[2022-05-13 15:58:01:50] <28610> MAKE HEAD OK
INFO	[2022-05-13 15:58:01:50] <28610> MSG_TO_PG:[0111700175D SHA1                   0                                      300620fourseason               18800INIphpRPAYfourseason20220513155801489558<?xml version="1.0" encoding="UTF-8"?>
<INIpay>
	  <PartCancelInfo>
	    <SessionKey>CBpscQzlDV6dYpToox/vb9ohaxVh8DOFl+j6lKlMpe7KMNgn79Tp3hR4T9Apql0S
V2RyE6AzHggMq3RiTMrnHi59g8Y1Fjtvai1Z18ZCo4oWsdwZEr+BF14iOnc/sXik
39c3EagCtRrJEIuE2B1T8Deu2titEoash8dgpD76OOf22KydssQBaw==
</SessionKey>
	    <Encrypted>9BM/A7nrRk3BpZM2VIJyY1u3gBorWPiV9w9WgKtbwkzSzBinka3hkQgloc/OYxDQ
XjL0j9e90n2zxVrA/doq/zdTlEEc4GYQGtqoXX1gZl4CB0Q7S3dDcw46dq/S/Mdi
BiiYTQrAnVLLAb8MO0x9YFLZBCMmzTaTitzpwpbmRrLgwx6HcPFjIVqs10TM8gCg
ghITDV3wWmaGoy+5Yq3SID+FoSEwAJwX3J9JvInQuWlEvejHMY0T4IqlLxalnzJ+
DHpt/JJGSlRt+4CJQ/EbmOmJuPj3OuQAC9P+zNy1TaKJD5rbQu54CnjY5qU+kqwj
hDXWpnOTYGTMNHYea8j+8US00/0YLCcVBEGQ6YKspKxb+OMJp4iy1RIOGs9YIXpK
BwdbAg5ZC18=
</Encrypted></PartCancelInfo>
	  <GoodsInfo>
	    <Tax>1709</Tax>
	    <TaxFree/>
	    <Currency>WON</Currency></GoodsInfo>
	  <ReservedInfo>
	    <MReserved1/>
	    <MReserved2/>
	    <MReserved3/></ReservedInfo>
	  <ManageInfo>
	    <Language/>
	    <URL/>
	    <TXVersion>5036B141209repayLinux     PHPchkfake   2.6.32-754.11.1.el6.x86_64PHP:</TXVersion>
	    <TXUserID/>
	    <TXRegNum/></ManageInfo></INIpay>AA8dkGv1Wo1RorPYoUn6/6vN7q/W9tzZpPIRLArxMBS/etUpqum/Ia2axSCDfT5D
B0QbkXw5Sh14gukB6Ypunlik8z7aSXIpsMGiHxgLK3f0LPtuxqv8R8ldo0VQScxo
eZ0dNiiJb+nfrHz6XtmOEvVinE92f8HIziE8toJywMOw
]
INFO	[2022-05-13 15:58:01:50] <28610> DNS LOOKUP OK(203.238.37.3:203.238.37.3:34049) laptime:0
INFO	[2022-05-13 15:58:01:53] <28610> SOCKET CONNECT OK
INFO	[2022-05-13 15:58:01:53] <28610> SEND OK
INFO	[2022-05-13 15:58:01:251] <28610> RECV OK
INFO	[2022-05-13 15:58:01:251] <28610> MSG_FROM_PG:[0098000175D SHA1                   0                                      300630fourseason               18800INIphpRPAYfourseason20220513155801489558<?xml version="1.0" encoding="UTF-8"?><INIpay>
<PartCancelInfo>
<PayMethod>Card</PayMethod>
<ResultCode>120000</ResultCode>
<ResultMsg urlencode="1">%C1%A4%BB%F3%C3%B3%B8%AE%B5%C7%BE%FA%BD%C0%B4%CF%B4%D9.</ResultMsg>
<SessionKey>ANBB38xr4o7rBjyGy/PdzlqLCgiPujAHeSKLJVdJn3QjAer8TBFNdQgqa9WRgRdp
64kaf9Y041HY2udf3TJj5RCvRHGrjRl84eT8xGA52w8Uy3zrMEdsmBUy4Kn0voHz
9ErvlQsfwYjokuwn82829K1qXkMBgAbGmGnjTjM8zvkxxAYqkLY0Bo8=
</SessionKey>
<Encrypted>Nn1ADm6CIECZaplFchseBjh6+U5QDFmo12dkD0aELd7RZwIlSK26JDH0gQ9dSktT
xdMS+gCH4/c57vwKCLjU9yCY8vTWWeE/9gbuFzvQX48opPcr7jUp5fSDCdHgSGji
Ic4tlq8wajsQX3t7dckjZn5R7WxES+ksrSPwF1hueGRFHwIFbdBikQziNBBIkCYu
5B01niLWmO/ojCaNtwHju7hEgkD9xiluKan2XHQdmthdPs9pnFbwSfZVYWZBzbJ0
MnfkNfzum/Y6bYVs7cH14MQKAbGwZJXh3pHOAD5TNURt4KvZKjQkety4XJuSSflP
uL+ePRA92YneU3ady4b1fjjhqv54/Wh0q4Bd+nvKERSoyPbZ+P2uuVLn0nw8ex3I
myDio88R0zaGhSlrPM5iDp3V3K+E3FjCNYO+uRpyw/f4/N4Q8GMlqqNL8czb9QSA
Gq+pt8wyoEc=
</Encrypted>
</PartCancelInfo>
<ManageInfo/>
<ReservedInfo/>
</INIpay>
yWImm7dZvKPNoZZOt3CT3FeNAAJrADKr69MGFIUOpxeB3xlkuULg3z4Zoe0zP2WJ
eJq6vsbMhwqXjwAjrVpznCze+WFXk4bp6nLqv9T2pr9dqY5zzBsvis+taLFzcwkc
PcrT3YFkf7xYCYwCtioD4PhzqLjG9/ZCWDbDr67ST44=
]
INFO	[2022-05-13 15:58:01:251] <28610> VERIFY OK
INFO	[2022-05-13 15:58:01:252] <28610> PARSE HEAD OK
INFO	[2022-05-13 15:58:01:252] <28610> PARSE BODY OK
INFO	[2022-05-13 15:58:01:252] <28610> DECRYPT OK
DEBUG	[2022-05-13 15:58:01:252] <28610> DECRYPT MSG:[<?xml version="1.0" encoding="UTF-8"?><PartCancelInfo>
<PRTC_TID>INIMX_CARDfourseason20220429224509235104</PRTC_TID>
<PRTC_Price>18800</PRTC_Price>
<PRTC_Remains>34400</PRTC_Remains>
<PRTC_Quota>00</PRTC_Quota>
<PRTC_Type>1</PRTC_Type>
<CancelDate>20220513</CancelDate>
<CancelTime>155801</CancelTime>
<PRTC_Cnt>1</PRTC_Cnt>
</PartCancelInfo>]
INFO	[2022-05-13 15:58:01:253] <28610> DECRYPT PARSE OK
INFO	[2022-05-13 15:58:01:253] <28610> END repay 정상처리되었습니다. Laptime:[0.205sec]
INFO	[2022-05-13 15:58:01:253] <28610> ===============================================================
