INFO	[2021-11-24 07:22:53:366] <25417> START INIPHP cancel (V5036-141209)(OS:Linux2.6.32-754.11.1.el6.x86_64,PHP:5.3.3)
DEBUG	[2021-11-24 07:22:53:366] <25417> inipayhome:/home1/killdeal/public_html/shop/inicis
DEBUG	[2021-11-24 07:22:53:366] <25417> debug:false
DEBUG	[2021-11-24 07:22:53:366] <25417> type:cancel
DEBUG	[2021-11-24 07:22:53:366] <25417> mid:majorgol03
DEBUG	[2021-11-24 07:22:53:366] <25417> admin:1111
DEBUG	[2021-11-24 07:22:53:366] <25417> tid:INIMX_CARDmajorgol0320211124072119934847
DEBUG	[2021-11-24 07:22:53:366] <25417> cancelmsg:주문자 본인 취소-상품옵션 선택 잘못함
INFO	[2021-11-24 07:22:53:366] <25417> Check Field OK
INFO	[2021-11-24 07:22:53:366] <25417> PI PUB KEY LOAD OK []
INFO	[2021-11-24 07:22:53:366] <25417> PG PUB KEY LOAD OK [30]
INFO	[2021-11-24 07:22:53:367] <25417> MERCHANT PRIV KEY LOAD OK
INFO	[2021-11-24 07:22:53:367] <25417> MERCHANT PUB KEY LOAD OK [0]
DEBUG	[2021-11-24 07:22:53:368] <25417> MAKE ENCRYPT OK[<?xml version="1.0" encoding="UTF-8"?>
<CancelInfo>
	  <CancelTID>INIMX_CARDmajorgol0320211124072119934847</CancelTID>
	  <CancelMsg urlencode="1">%C1%D6%B9%AE%C0%DA+%BA%BB%C0%CE+%C3%EB%BC%D2-%BB%F3%C7%B0%BF%C9%BC%C7+%BC%B1%C5%C3+%C0%DF%B8%F8%C7%D4</CancelMsg>
	  <CancelReason/></CancelInfo>]
INFO	[2021-11-24 07:22:53:368] <25417> MAKE BODY OK
INFO	[2021-11-24 07:22:53:368] <25417> SIGN OK
INFO	[2021-11-24 07:22:53:368] <25417> MAKE HEAD OK
INFO	[2021-11-24 07:22:53:368] <25417> MSG_TO_PG:[0101500175D SHA1                   0                                      300420majorgol03                    INIMX_CARDmajorgol0320211124072119934847<?xml version="1.0" encoding="UTF-8"?>
<INIpay>
	  <CancelInfo>
	    <SessionKey>hyZ0RasPlILVJEt49HtVbBlbctENfS6N1G/YlOcsrFjqZkth9FKqZNNpgGeC5kRL
1zSVvXSaM3MYJjLCptgxXaePRF9VE5Q1OX/b97gBn/s2gbHu9YGc+HHZ7avBKFSP
ufoHDpxrq1XbjBS8NYWg38069IRK2+n9yeM6vB5ZChK/JU+YFsXknw==
</SessionKey>
	    <Encrypted>WWeJPqqIe4D6haV3uoKBc6Hvxs4xxQbZzKMr8vZ7nKAmOB+2zNnO03aaRi9+2qIg
txOVK7iJZZ2iC+TuJy/T6IlzUWflQyVB2QVHHyi8GCaDWXmBwVhjIKzVqhkxgBCL
5l8cs7/tunrNMBQmazXrHRy/9d7TIEcIvhlHSue8XhhIa4Mjbw49auPqDn3i8S5o
e5wpTqk9V1vtGcBaVzlElZFgbhXvgieR1GxQV542oYbpDQnlpuhhSBZZQYSlaby+
4Tjg89W8f6FxeWtWxaIp7PVneuzCqSQKuQGNK/4diYbPMpkbyGg+G7by2XW6OFo6
yQMTicbSf1E53Z8MYu0DzBHITcCrYWK6mLiAq9xHkjEMD+kEg+aD/Sr94fIIzuPR
Ag8HLTZaSb4=
</Encrypted></CancelInfo>
	  <ReservedInfo>
	    <MReserved1/>
	    <MReserved2/>
	    <MReserved3/></ReservedInfo>
	  <ManageInfo>
	    <Language/>
	    <URL/>
	    <TXVersion>5036B141209canceLinux     PHPchkfake   2.6.32-754.11.1.el6.x86_64PHP:</TXVersion>
	    <TXUserID/>
	    <TXRegNum/></ManageInfo></INIpay>ADMrKhGHnlwmJIJRnHcnM3ca8JforKrPsyKQEhPKs4XlOZyNFP5EjDVPfO08Yeh4
hblOYp3HwfgfnlrEunL03jqF1wEkJ7I1aDrHWwBK6d/NeGRlEmL1UhlmIPaoXBrK
w/8pWrz97Qw9wu5Bh3MkcEOZE6Nvymu+rbGmYkyx/Bv6
]
INFO	[2021-11-24 07:22:53:368] <25417> DNS LOOKUP OK(203.238.37.3:203.238.37.3:34049) laptime:0
INFO	[2021-11-24 07:22:53:371] <25417> SOCKET CONNECT OK
INFO	[2021-11-24 07:22:53:371] <25417> SEND OK
INFO	[2021-11-24 07:22:53:594] <25417> RECV OK
INFO	[2021-11-24 07:22:53:594] <25417> MSG_FROM_PG:[0093300175D SHA1                   0                                      300430majorgol03                    INIMX_CARDmajorgol0320211124072119934847<?xml version="1.0" encoding="UTF-8"?><INIpay>
<CancelInfo>
<ResultCode>120000</ResultCode>
<ResultMsg urlencode="1">%C1%A4%BB%F3%C3%B3%B8%AE%B5%C7%BE%FA%BD%C0%B4%CF%B4%D9.</ResultMsg>
<SessionKey>APO2BRWarCMHL2hbp92Jj+ShBTm4UgugPCUHD6Jb6VcIWFapwHRPk6Z1zEDKQO/b
Lq/13MqvVUDwgNeaiqNaEc+7qetI7O2d6weSG2jEEFtiMBeTE+WDmLvu9Vq2EsFi
9T4jv55cLLEXzRC2Am6M20iQhWqFN5QsBYlILElBdL8QQKbJWzjoJHc=
</SessionKey>
<Encrypted>BDyfohcQ7GbD6tKJo17KXww+G9PYwyTm2inmjc1qe2xCkR9evILfTG2zRcjXq7F9
QWpRfl6T65Hx16oYIu3RV2ijj+ygw3TjLGLTq14GraECSqsD/w6++/EY7KRiQ27x
0biwiW/GlqCL1INKM7C0wfDjtuR4u2iMp3IEUWHl60vIkVMvLiq+hv5cDd3EEfrJ
vvxRTqW1MPqjL49bvjo0aCiWg1uKmQZt3JDCagdJB8zBObHKmtyjAWdBCmk9ampj
GA32YVYM8g98CucqmgeJ6pOMMgw1txB4MDCalrwv/ZDVLnn9MSHEzuGVRHpZya+M
ZS3PbXZJy6D/8XZT2V+851Nh/5rc6189
</Encrypted>
</CancelInfo>
<ManageInfo/>
<ReservedInfo>
<MReserved1 urlencode="1"/>
<MReserved2 urlencode="1"/>
<MReserved3 urlencode="1"/>
</ReservedInfo>
</INIpay>
WQei+4ppEmtaoOUFbvfhpQaIxDXr2x/1vMdA7sC5BQbgaP63vPtSUoYpoPYakhlV
4p+cIrXYqWTqLCeofJlrI0YRoC0sA1NVzQWr5287ngYKIcxyz+dX88SOCu/vIuvB
XNh/0VTQ8yDx+W+8SSITAmgEsiapCph+iwB5HLk3XJI=
]
INFO	[2021-11-24 07:22:53:594] <25417> VERIFY OK
INFO	[2021-11-24 07:22:53:594] <25417> PARSE HEAD OK
INFO	[2021-11-24 07:22:53:595] <25417> PARSE BODY OK
INFO	[2021-11-24 07:22:53:595] <25417> DECRYPT OK
DEBUG	[2021-11-24 07:22:53:595] <25417> DECRYPT MSG:[<?xml version="1.0" encoding="UTF-8"?><CancelInfo>
<CancelDate>20211124</CancelDate>
<CancelTime>072253</CancelTime>
<ResultCode>120000</ResultCode>
<ResultMsg urlencode="1">%C1%A4%BB%F3%C3%B3%B8%AE%B5%C7%BE%FA%BD%C0%B4%CF%B4%D9.</ResultMsg>
</CancelInfo>]
INFO	[2021-11-24 07:22:53:595] <25417> DECRYPT PARSE OK
INFO	[2021-11-24 07:22:53:595] <25417> END cancel 정상처리되었습니다. Laptime:[0.23sec]
INFO	[2021-11-24 07:22:53:595] <25417> ===============================================================
INFO	[2021-11-24 10:49:24:136] <7947> START INIPHP cancel (V5036-141209)(OS:Linux2.6.32-754.11.1.el6.x86_64,PHP:5.3.3)
DEBUG	[2021-11-24 10:49:24:136] <7947> inipayhome:/home1/killdeal/public_html/shop/inicis
DEBUG	[2021-11-24 10:49:24:136] <7947> debug:false
DEBUG	[2021-11-24 10:49:24:136] <7947> type:cancel
DEBUG	[2021-11-24 10:49:24:136] <7947> mid:majorgol03
DEBUG	[2021-11-24 10:49:24:136] <7947> admin:1111
DEBUG	[2021-11-24 10:49:24:136] <7947> tid:INIMX_VBNKmajorgol0320211124100627885606
DEBUG	[2021-11-24 10:49:24:136] <7947> cancelmsg:주문자 본인 취소-상품옵션 선택 잘못함
INFO	[2021-11-24 10:49:24:136] <7947> Check Field OK
INFO	[2021-11-24 10:49:24:136] <7947> PI PUB KEY LOAD OK []
INFO	[2021-11-24 10:49:24:136] <7947> PG PUB KEY LOAD OK [30]
INFO	[2021-11-24 10:49:24:136] <7947> MERCHANT PRIV KEY LOAD OK
INFO	[2021-11-24 10:49:24:136] <7947> MERCHANT PUB KEY LOAD OK [0]
DEBUG	[2021-11-24 10:49:24:137] <7947> MAKE ENCRYPT OK[<?xml version="1.0" encoding="UTF-8"?>
<CancelInfo>
	  <CancelTID>INIMX_VBNKmajorgol0320211124100627885606</CancelTID>
	  <CancelMsg urlencode="1">%C1%D6%B9%AE%C0%DA+%BA%BB%C0%CE+%C3%EB%BC%D2-%BB%F3%C7%B0%BF%C9%BC%C7+%BC%B1%C5%C3+%C0%DF%B8%F8%C7%D4</CancelMsg>
	  <CancelReason/></CancelInfo>]
INFO	[2021-11-24 10:49:24:137] <7947> MAKE BODY OK
INFO	[2021-11-24 10:49:24:138] <7947> SIGN OK
INFO	[2021-11-24 10:49:24:138] <7947> MAKE HEAD OK
INFO	[2021-11-24 10:49:24:138] <7947> MSG_TO_PG:[0101500175D SHA1                   0                                      300420majorgol03                    INIMX_VBNKmajorgol0320211124100627885606<?xml version="1.0" encoding="UTF-8"?>
<INIpay>
	  <CancelInfo>
	    <SessionKey>YN7by/52vwT9IsJkYg+vQH/6vTKR55RwShInyD2M/lTUy1f1rl3+n8OBszoZEhLi
sAtIO0C2EbKfhg1rvUz+hVCsL9ukdxL885xseMGVX0QpV2Es88hbJ1GzpExbHfcL
ZwQxjdA//yiEfRUNYDR1YrUM6R79zVtqK5uxYcudvfitrDhJiSAD5A==
</SessionKey>
	    <Encrypted>DTsZB6TWcHjH49PumPVEt78uBLjQXDZcgt4pK6VSc8cfDNN0OB3RiPNXk4IKaGXC
L3NWPGokUf96280mKl4sUBoKzUeXjETHvaAbtTpZOIt0DtbhVM6KvcBPZ1cmHI6F
HBJtj88QzNpEWRZ7ZI0VQ8aQ719HE1aNCRuwiJtUJWXua3Od1fCLhY6FJDLX9h06
FECuyqoPUZhfi1dXue26hyCvIOyBJyKk2IPgRvXX90ODTKBWU20O+98Xc0V1rhDi
4dVZJAdiA04SB0kA/dNq0HQiOTQUKS2E98YIOMLohtkFEefL97a5hJvyiT7qu84l
BQD9nY++CHNSD6yN9RfwVTic0DlQqEkMrW1q9QxuwBsJVPsw6yfEjkusGR0uC95S
x42+VE0djwg=
</Encrypted></CancelInfo>
	  <ReservedInfo>
	    <MReserved1/>
	    <MReserved2/>
	    <MReserved3/></ReservedInfo>
	  <ManageInfo>
	    <Language/>
	    <URL/>
	    <TXVersion>5036B141209canceLinux     PHPchkfake   2.6.32-754.11.1.el6.x86_64PHP:</TXVersion>
	    <TXUserID/>
	    <TXRegNum/></ManageInfo></INIpay>AMKsBaDsqKGwX400W2crHV3YQdmqv/1Sx55A5B6+1KwaTbNehRDGja/D3/bKpUfN
ZntyZWlI0XtuzlddkAh2nNSpMzeeFE+NC11/BTZ512WvAF2cAB4+9mQ0WVtRJvwJ
qHJ9PQ7A45HD9tBTht9mjTl/dvAjuh5Pbk7S+PPloQaP
]
INFO	[2021-11-24 10:49:24:138] <7947> DNS LOOKUP OK(203.238.37.3:203.238.37.3:34049) laptime:0
INFO	[2021-11-24 10:49:24:140] <7947> SOCKET CONNECT OK
INFO	[2021-11-24 10:49:24:140] <7947> SEND OK
INFO	[2021-11-24 10:49:24:264] <7947> RECV OK
INFO	[2021-11-24 10:49:24:264] <7947> MSG_FROM_PG:[0123800175D SHA1                   0                                      300430majorgol03                    INIMX_VBNKmajorgol0320211124100627885606<?xml version="1.0" encoding="UTF-8"?><INIpay>
<CancelInfo>
<ResultCode>170000</ResultCode>
<ResultMsg urlencode="1">%C1%A4%BB%F3%C3%B3%B8%AE%B5%C7%BE%FA%BD%C0%B4%CF%B4%D9.</ResultMsg>
<SessionKey>AOqi3xf/G8NG0JmlBGV9xbGmiAgN70+zJ5mhTfZ8P+z9BiAXmH0TTENgDkEi47yR
LvGIet/1UVjpQqXb+yGLKAMcpCjBpdnQ0YDxYiEwrBZCb0wJM5M8Mn8i/7VX2Vhr
Bf2vgDCTMdA34oX4Jmo2JApl8c2fXgDrMYYmSPUDL0EPrKpcpu5aKqI=
</SessionKey>
<Encrypted>neZg4siNYM9ISc/EndC5aVhVWnhOt84qOTvgNSQbe8amGGye+lNkNoJQv8sWz469
k4X70VeoqlmyuRKZ4oBtRR2EkonxPdOke4WAPpA1DEBqhbGSMQ8CWUENp8uLRW+J
1XXeMBoYM3QWj89O/9krrf+8OZ4S1Ez80nqu2358EbSmfXoTnpHYZ4+w+VqYKgZO
jA+NYY9pcxW04yi1q6yegPiiI0F4WO8V08etpWmsbatKI2vURp2h4R/Ug6X1gQ0J
nIAuEBGvwScsourktizfi6sDdwAtVUz2iaZNKTB1IO/m7vYj0f7ER91it3mFjspu
00KzgueiMEOpXqEbHbwXwvyUcuv8tUGdItknWwl669f6MFG/pgVfUYXE3DynKwD4
7fTyGX9Ivqgb13QwYbKv0ukF5dT2iBNqyxJHxx8U5XtcQIivq1MsQx2knvtYkUg7
2QFRc4N7G5LmEsUr4XILqHXrWNgf4lEdwtn8HF6SSRUnNpnsucYjMpwu7reMln3u
KeiChT5+tRUO65sIdY80HGEJmqQDKfE2RVcV40LK1WLy9N9TVrwJHnO8075mGUBs
6pxa7XLqn06B7T2zN8CoUTep220bMMMc96kMz8kgqD2clzDb3kMr8eO9CQ4hHunb
Gi59OoNCqs4=
</Encrypted>
</CancelInfo>
<ManageInfo/>
<ReservedInfo>
<MReserved1 urlencode="1"/>
<MReserved2 urlencode="1"/>
<MReserved3 urlencode="1"/>
</ReservedInfo>
</INIpay>
WTtQVfHF2i6NBeoq0o6bgr6nzevitZFz7FuaMDzuCd358CnNXRhAE5pnT13liVaU
LR5oWzs0yail00l7cXDXtmYgewCLqvx0yrLiUIqo2vLkRWB+WCC+oZPgNOjvlo+0
nsk9AZZfykQ5K7zk0KsW1cQXdHoB6VF1LXL3ZcPuPMs=
]
INFO	[2021-11-24 10:49:24:264] <7947> VERIFY OK
INFO	[2021-11-24 10:49:24:264] <7947> PARSE HEAD OK
INFO	[2021-11-24 10:49:24:264] <7947> PARSE BODY OK
INFO	[2021-11-24 10:49:24:265] <7947> DECRYPT OK
DEBUG	[2021-11-24 10:49:24:265] <7947> DECRYPT MSG:[<?xml version="1.0" encoding="UTF-8"?><CancelInfo>
<CancelDate>20211124</CancelDate>
<CancelTime>104924</CancelTime>
<ResultCode>170000</ResultCode>
<ResultMsg urlencode="1">%C1%A4%BB%F3%C3%B3%B8%AE%B5%C7%BE%FA%BD%C0%B4%CF%B4%D9.</ResultMsg>
<CSHR_CancelDate>20211124</CSHR_CancelDate>
<CSHR_CancelTime>104924</CSHR_CancelTime>
<CSHR_ResultCode>220000</CSHR_ResultCode>
<CSHR_ResultMsg urlencode="1">%C1%A4%BB%F3%C3%B3%B8%AE%B5%C7%BE%FA%BD%C0%B4%CF%B4%D9.</CSHR_ResultMsg>
</CancelInfo>]
INFO	[2021-11-24 10:49:24:265] <7947> DECRYPT PARSE OK
INFO	[2021-11-24 10:49:24:265] <7947> END cancel 정상처리되었습니다. Laptime:[0.129sec]
INFO	[2021-11-24 10:49:24:265] <7947> ===============================================================
INFO	[2021-11-24 10:50:04:144] <27334> START INIPHP cancel (V5036-141209)(OS:Linux2.6.32-754.11.1.el6.x86_64,PHP:5.3.3)
DEBUG	[2021-11-24 10:50:04:144] <27334> inipayhome:/home1/killdeal/public_html/shop/inicis
DEBUG	[2021-11-24 10:50:04:144] <27334> debug:false
DEBUG	[2021-11-24 10:50:04:144] <27334> type:cancel
DEBUG	[2021-11-24 10:50:04:144] <27334> mid:majorgol03
DEBUG	[2021-11-24 10:50:04:144] <27334> admin:1111
DEBUG	[2021-11-24 10:50:04:144] <27334> tid:INIMX_VBNKmajorgol0320211123130727685552
DEBUG	[2021-11-24 10:50:04:144] <27334> cancelmsg:주문자 본인 취소-상품옵션 선택 잘못함
INFO	[2021-11-24 10:50:04:144] <27334> Check Field OK
INFO	[2021-11-24 10:50:04:144] <27334> PI PUB KEY LOAD OK []
INFO	[2021-11-24 10:50:04:145] <27334> PG PUB KEY LOAD OK [30]
INFO	[2021-11-24 10:50:04:145] <27334> MERCHANT PRIV KEY LOAD OK
INFO	[2021-11-24 10:50:04:145] <27334> MERCHANT PUB KEY LOAD OK [0]
DEBUG	[2021-11-24 10:50:04:145] <27334> MAKE ENCRYPT OK[<?xml version="1.0" encoding="UTF-8"?>
<CancelInfo>
	  <CancelTID>INIMX_VBNKmajorgol0320211123130727685552</CancelTID>
	  <CancelMsg urlencode="1">%C1%D6%B9%AE%C0%DA+%BA%BB%C0%CE+%C3%EB%BC%D2-%BB%F3%C7%B0%BF%C9%BC%C7+%BC%B1%C5%C3+%C0%DF%B8%F8%C7%D4</CancelMsg>
	  <CancelReason/></CancelInfo>]
INFO	[2021-11-24 10:50:04:145] <27334> MAKE BODY OK
INFO	[2021-11-24 10:50:04:146] <27334> SIGN OK
INFO	[2021-11-24 10:50:04:146] <27334> MAKE HEAD OK
INFO	[2021-11-24 10:50:04:146] <27334> MSG_TO_PG:[0101500175D SHA1                   0                                      300420majorgol03                    INIMX_VBNKmajorgol0320211123130727685552<?xml version="1.0" encoding="UTF-8"?>
<INIpay>
	  <CancelInfo>
	    <SessionKey>r9PJqysMTPfA0l1CbUmls04tv6Ise+LQMIFyExNjnnhU+DXHPdLGO007erjNurSy
MfHxl2oxlGMYmuGPCx+G2Cx2f9n9qW75H3QtDjGrTrzu5FpR9obdGSP9hyjpAR0+
bxaSTnwPd16zvLF24sImUunXAEVx2wqjs+4NWnE9KFfx01/sojvKOQ==
</SessionKey>
	    <Encrypted>H9jDy06onmNfhro21TVAXKbtfzk17/VKOQEynEVOjZjaPa1Fzvzo1xtWByTUUUCi
ha3ycgksw353/07FBNf9z30P1v8E0G6Ns44cuDTHGZznnZ6f9pVK+zwBWHj3Mgc8
JxgsxMJ/7cg3hHGFSc1yyLSAkctO7ZGwUf9zsrWUQO6161VPC/ZmZ4Ni+rJvXBK9
Fdg6LTqVq4be2wum/uXXGCU/yOHpqIk39ukfiuqAYGD1MLQiT9P5Y0kMdVkWZ9oW
EuoE3RzfHWd2GqMaVvMGx4W2PLaHML40vDWkqi3bh5vmxcYROw99IQWKmMKHLmSf
BoaahXGehczKcNz8uqeqMyLYhjlpPEFNphzDVSYYzRtDiUZTwhbEfkbVjWVGBxxw
iagvvQSQSJ0=
</Encrypted></CancelInfo>
	  <ReservedInfo>
	    <MReserved1/>
	    <MReserved2/>
	    <MReserved3/></ReservedInfo>
	  <ManageInfo>
	    <Language/>
	    <URL/>
	    <TXVersion>5036B141209canceLinux     PHPchkfake   2.6.32-754.11.1.el6.x86_64PHP:</TXVersion>
	    <TXUserID/>
	    <TXRegNum/></ManageInfo></INIpay>AFn2Okl5k5Birk7QEGCIVA0LWeRaQmEcBZXSTm3BsEHbkKPZwJW8zmr21s0H136V
aEMec8M36mdYZLYl5S0E6XuwaAhMUeIZYF2BgNU8RWpuyUJilTb1s7PoArDvdRED
y6EsZWZJVNGEZ8ECIkZt01HDR5BnzGalegazrYY7HKwy
]
INFO	[2021-11-24 10:50:04:146] <27334> DNS LOOKUP OK(203.238.37.3:203.238.37.3:34049) laptime:0
INFO	[2021-11-24 10:50:04:148] <27334> SOCKET CONNECT OK
INFO	[2021-11-24 10:50:04:148] <27334> SEND OK
INFO	[2021-11-24 10:50:04:252] <27334> RECV OK
INFO	[2021-11-24 10:50:04:252] <27334> MSG_FROM_PG:[0123800175D SHA1                   0                                      300430majorgol03                    INIMX_VBNKmajorgol0320211123130727685552<?xml version="1.0" encoding="UTF-8"?><INIpay>
<CancelInfo>
<ResultCode>170000</ResultCode>
<ResultMsg urlencode="1">%C1%A4%BB%F3%C3%B3%B8%AE%B5%C7%BE%FA%BD%C0%B4%CF%B4%D9.</ResultMsg>
<SessionKey>APAn/I/9EFsfnpJ2HbrBkEAdbSqxi+9Q25XzJva4knNEqtLN1rVHmkNMa4SJzbFV
hK4rHLf5wDtOXHjaizxynmz5LokeSfGHuzgznG/23/b9SbrOGdN0DQCj6PlSGvzV
P0npm2pjNO8P0POQu3t3RGI98Nc47MPH3JPjy8QIgd8kym2JWsNILQc=
</SessionKey>
<Encrypted>RgRqO83l0KMkrsfWFZ2GExVwXw6cOoorUIBFsQENr8x9had1aZUqkt5cbeQnRImm
LcUcv7YJRqqsAakeOWwSY71IdbVIslEgtgD1FOF4ffERjG4MAEgCet9vquhFbmXM
Fvzr+GZ8X8S/NMJRxnIpK4/cw18j/yMILLuduIjpO3FxS0xRMdNQnDJJ629DwHxc
vV1or7EZgN4wfl8JfXQaWuK5cnIUO0X0trQQBvHoo0+e8hgTyG7mAlRVbImWAp5m
vZVSWlMxrsO4uBS9o3XDVaW6VqLzx3u102bGo6+u+5aFsrv0ZQu1oaBROfal7J8p
sKvvkujEJRJwSE0cGQ/4SIQbzQc9QEUWomtBAs3bGTU/v4nbzvFzI6/eQRhUVfED
fSk/EePsBQjdXFLBvN3K+py93uDNOozdGTMXBFpqQg/RlS4Li34EFIfKnqkK7bXW
EV7KJlgyZWdabQQw9Ou3EDMLXNvRyVk8PRBKqJPecYUd3cMfiHEKxsSGS63G1ZQ1
d5nxkPowscLMU0Fk4dPDN/13KzPOmRDdjru7gPzAjSMLaaL7YMiXrN4wt+0HBwm7
ohT7v46rnLqJ7mue0HS2Xjn6EeNabJ5stGP4X1Rri7E9PANXGGycxeelk9Vz2wk4
ZdTIe+qdtNU=
</Encrypted>
</CancelInfo>
<ManageInfo/>
<ReservedInfo>
<MReserved1 urlencode="1"/>
<MReserved2 urlencode="1"/>
<MReserved3 urlencode="1"/>
</ReservedInfo>
</INIpay>
dIMxtsJQyxVbf12aO5SqUj+Sn6wEhpiayly6K/5IHpPpH5ML49hgmQ7xjTnWTYyA
ZGAikaUmm5OtHQoAsfvce1e+MQw/j4YP/7GCRq9D2XNkhpfQu1B99KaQz1adm7b0
Lwf2pPGCCqpgJp3seZygPA+nXQZnx7JZ6wPXBhlTPSA=
]
INFO	[2021-11-24 10:50:04:252] <27334> VERIFY OK
INFO	[2021-11-24 10:50:04:252] <27334> PARSE HEAD OK
INFO	[2021-11-24 10:50:04:253] <27334> PARSE BODY OK
INFO	[2021-11-24 10:50:04:254] <27334> DECRYPT OK
DEBUG	[2021-11-24 10:50:04:254] <27334> DECRYPT MSG:[<?xml version="1.0" encoding="UTF-8"?><CancelInfo>
<CancelDate>20211124</CancelDate>
<CancelTime>105004</CancelTime>
<ResultCode>170000</ResultCode>
<ResultMsg urlencode="1">%C1%A4%BB%F3%C3%B3%B8%AE%B5%C7%BE%FA%BD%C0%B4%CF%B4%D9.</ResultMsg>
<CSHR_CancelDate>20211124</CSHR_CancelDate>
<CSHR_CancelTime>105004</CSHR_CancelTime>
<CSHR_ResultCode>220000</CSHR_ResultCode>
<CSHR_ResultMsg urlencode="1">%C1%A4%BB%F3%C3%B3%B8%AE%B5%C7%BE%FA%BD%C0%B4%CF%B4%D9.</CSHR_ResultMsg>
</CancelInfo>]
INFO	[2021-11-24 10:50:04:254] <27334> DECRYPT PARSE OK
INFO	[2021-11-24 10:50:04:254] <27334> END cancel 정상처리되었습니다. Laptime:[0.11sec]
INFO	[2021-11-24 10:50:04:254] <27334> ===============================================================
INFO	[2021-11-24 13:37:27:477] <25413> START INIPHP cancel (V5036-141209)(OS:Linux2.6.32-754.11.1.el6.x86_64,PHP:5.3.3)
DEBUG	[2021-11-24 13:37:27:477] <25413> inipayhome:/home1/killdeal/public_html/shop/inicis
DEBUG	[2021-11-24 13:37:27:477] <25413> debug:false
DEBUG	[2021-11-24 13:37:27:477] <25413> type:cancel
DEBUG	[2021-11-24 13:37:27:477] <25413> mid:majorgol03
DEBUG	[2021-11-24 13:37:27:477] <25413> admin:1111
DEBUG	[2021-11-24 13:37:27:477] <25413> tid:INIMX_CARDmajorgol0320211123193248214494
DEBUG	[2021-11-24 13:37:27:477] <25413> cancelmsg:쇼핑몰 운영자 승인 취소
INFO	[2021-11-24 13:37:27:477] <25413> Check Field OK
INFO	[2021-11-24 13:37:27:477] <25413> PI PUB KEY LOAD OK []
INFO	[2021-11-24 13:37:27:478] <25413> PG PUB KEY LOAD OK [30]
INFO	[2021-11-24 13:37:27:478] <25413> MERCHANT PRIV KEY LOAD OK
INFO	[2021-11-24 13:37:27:478] <25413> MERCHANT PUB KEY LOAD OK [0]
DEBUG	[2021-11-24 13:37:27:478] <25413> MAKE ENCRYPT OK[<?xml version="1.0" encoding="UTF-8"?>
<CancelInfo>
	  <CancelTID>INIMX_CARDmajorgol0320211123193248214494</CancelTID>
	  <CancelMsg urlencode="1">%BC%EE%C7%CE%B8%F4+%BF%EE%BF%B5%C0%DA+%BD%C2%C0%CE+%C3%EB%BC%D2</CancelMsg>
	  <CancelReason/></CancelInfo>]
INFO	[2021-11-24 13:37:27:478] <25413> MAKE BODY OK
INFO	[2021-11-24 13:37:27:479] <25413> SIGN OK
INFO	[2021-11-24 13:37:27:479] <25413> MAKE HEAD OK
INFO	[2021-11-24 13:37:27:479] <25413> MSG_TO_PG:[0096200175D SHA1                   0                                      300420majorgol03                    INIMX_CARDmajorgol0320211123193248214494<?xml version="1.0" encoding="UTF-8"?>
<INIpay>
	  <CancelInfo>
	    <SessionKey>DbbO/xCL12memISeKO6XamHU1Dkq7kLuWvBqkZJ4wZkjQC7zpM3+qu+FdFyVJPXN
zC1dIemVxCuNb6NO7QiwVb5w5HrM8DRo3dtm5KJcp82q17ad7Q2jiOVo7toxchNl
8SanSmuTLdVXoqC8mF9AzFHvijRn87vsZM/xsqEXaf+fwucf5lnfxA==
</SessionKey>
	    <Encrypted>w/HhQ55UKIXE8mYmdUa+rAhHe0ZFb6C+zO4LxPcvyhCmAnsmoQG5amgtU3PN7tP7
wl7YoN8LdDt+kFy/G9bQ8PBxw1I3ZpHrLzpMKCpa5CnYpF4ezAKs0OC06gzfWjCf
Xn1ekF11Yac0bPIYL3mxfX4ZO94kMRea4twRL3/dn/DO0h70yfsHBmwByK5AvYm9
NyvNKTt5v4CUiA0ldfRN2XKe1WqTNswP5H7kHVN/uwPSheEGbWnbgcK0Qhmyg2cs
yuLosdisH0EN5TbCGk4W5BFsECDdNCzqDWWBPlAynGN1yXzy0qF8XaiLIqZ5Bfrg
gosBXPPTJobQcMUXZZ2PIQ==
</Encrypted></CancelInfo>
	  <ReservedInfo>
	    <MReserved1/>
	    <MReserved2/>
	    <MReserved3/></ReservedInfo>
	  <ManageInfo>
	    <Language/>
	    <URL/>
	    <TXVersion>5036B141209canceLinux     PHPchkfake   2.6.32-754.11.1.el6.x86_64PHP:</TXVersion>
	    <TXUserID/>
	    <TXRegNum/></ManageInfo></INIpay>AErBqArYLANkH+0ZAN+bjALIqVi8PtahOufYbHyP9Vm4GVbLfvzOgHmdD7AaA4Hn
N0GaRk7FXcVOAkYEZBted7hU59eO63WhiL5OtyOurCkSAa8hF8nTHNS7IY6dwHTL
cDpKkZlabhYuSOrO1dgJiGGPFIsSc9n5G7t995065kYl
]
INFO	[2021-11-24 13:37:27:479] <25413> DNS LOOKUP OK(203.238.37.3:203.238.37.3:34049) laptime:0
INFO	[2021-11-24 13:37:27:482] <25413> SOCKET CONNECT OK
INFO	[2021-11-24 13:37:27:482] <25413> SEND OK
INFO	[2021-11-24 13:37:27:609] <25413> RECV OK
INFO	[2021-11-24 13:37:27:609] <25413> MSG_FROM_PG:[0093300175D SHA1                   0                                      300430majorgol03                    INIMX_CARDmajorgol0320211123193248214494<?xml version="1.0" encoding="UTF-8"?><INIpay>
<CancelInfo>
<ResultCode>120000</ResultCode>
<ResultMsg urlencode="1">%C1%A4%BB%F3%C3%B3%B8%AE%B5%C7%BE%FA%BD%C0%B4%CF%B4%D9.</ResultMsg>
<SessionKey>AMOtp8DasotOLZj/3gXXP/l0dd6MAgoiKNKzYcce3gsjsrURwoJTC7h4i/1OCI5o
9sQs7SjcsB/AVnsKdxxUr+4p0sImRaIuAbOhvOBHF+Xmnxjqee4aMG4k1Z5PA5zT
WvnT4l6XsHKSemd1bWSNuCWA9A5GknQwAil1Z/7B3/xEkQMOGQsqV4Q=
</SessionKey>
<Encrypted>RLHjv44avjmLwG/SgAZlDHRiNE95RZG8LnApIk514mIOTuaMOpqCt3025uVisLli
WIYOy/uWEmj5rNntKrJmXFeqREt7GCpS+HFIvysZFQimIWQOODNShJJV0dWeSpm8
gOnNKKIgh/2UzB8FeDUfy8nTQPGVAelXjcMQtsj7w0We3sHRy19e8pvw94p7dv5D
12B7ZOkC0ZWRTmnkjNNk8432o5JeIvN9AsM0y4shdqTCa6EzY3mlf+oVhdu6/vVO
sU6Uq1zC+idpqglqofiVgdOt8usn8bU9lumF9LZ4BYjiU1bgxo3rZASn5zoMfVgE
jKFE3T1/yAjHboCWqNphKJf1UDMdUyCz
</Encrypted>
</CancelInfo>
<ManageInfo/>
<ReservedInfo>
<MReserved1 urlencode="1"/>
<MReserved2 urlencode="1"/>
<MReserved3 urlencode="1"/>
</ReservedInfo>
</INIpay>
sH7YiwL9SlTLuzSH3fDbxz0tBYaZp3qCd+q7EOXC/JImcb0WJ8SwMZYlsRW2ePc5
KsLdL8r0hFALKbT90xK/dRT058WDThF+dwRUcdni+CC8G84R8vXmaZ1NE3YooQ6e
m2PDFHOF9pe5GNXSUAJOCZkQRPFsOoW8BIqiNV2YTmg=
]
INFO	[2021-11-24 13:37:27:610] <25413> VERIFY OK
INFO	[2021-11-24 13:37:27:610] <25413> PARSE HEAD OK
INFO	[2021-11-24 13:37:27:610] <25413> PARSE BODY OK
INFO	[2021-11-24 13:37:27:611] <25413> DECRYPT OK
DEBUG	[2021-11-24 13:37:27:611] <25413> DECRYPT MSG:[<?xml version="1.0" encoding="UTF-8"?><CancelInfo>
<CancelDate>20211124</CancelDate>
<CancelTime>133727</CancelTime>
<ResultCode>120000</ResultCode>
<ResultMsg urlencode="1">%C1%A4%BB%F3%C3%B3%B8%AE%B5%C7%BE%FA%BD%C0%B4%CF%B4%D9.</ResultMsg>
</CancelInfo>]
INFO	[2021-11-24 13:37:27:611] <25413> DECRYPT PARSE OK
INFO	[2021-11-24 13:37:27:611] <25413> END cancel 정상처리되었습니다. Laptime:[0.134sec]
INFO	[2021-11-24 13:37:27:611] <25413> ===============================================================
