INFO	[2022-09-05 14:51:25:961] <22551> START INIPHP cancel (V5036-141209)(OS:Linux2.6.32-754.11.1.el6.x86_64,PHP:5.3.3)
DEBUG	[2022-09-05 14:51:25:961] <22551> inipayhome:/home1/killdeal/public_html/shop/inicis
DEBUG	[2022-09-05 14:51:25:961] <22551> debug:false
DEBUG	[2022-09-05 14:51:25:961] <22551> type:cancel
DEBUG	[2022-09-05 14:51:25:961] <22551> mid:majorgol03
DEBUG	[2022-09-05 14:51:25:961] <22551> admin:1111
DEBUG	[2022-09-05 14:51:25:961] <22551> tid:StdpayCARDmajorgol0320220902145347438453
DEBUG	[2022-09-05 14:51:25:961] <22551> cancelmsg:쇼핑몰 운영자 승인 취소
INFO	[2022-09-05 14:51:25:962] <22551> Check Field OK
INFO	[2022-09-05 14:51:25:962] <22551> PI PUB KEY LOAD OK []
INFO	[2022-09-05 14:51:25:962] <22551> PG PUB KEY LOAD OK [30]
INFO	[2022-09-05 14:51:25:963] <22551> MERCHANT PRIV KEY LOAD OK
INFO	[2022-09-05 14:51:25:963] <22551> MERCHANT PUB KEY LOAD OK [0]
DEBUG	[2022-09-05 14:51:25:963] <22551> MAKE ENCRYPT OK[<?xml version="1.0" encoding="UTF-8"?>
<CancelInfo>
	  <CancelTID>StdpayCARDmajorgol0320220902145347438453</CancelTID>
	  <CancelMsg urlencode="1">%BC%EE%C7%CE%B8%F4+%BF%EE%BF%B5%C0%DA+%BD%C2%C0%CE+%C3%EB%BC%D2</CancelMsg>
	  <CancelReason/></CancelInfo>]
INFO	[2022-09-05 14:51:25:964] <22551> MAKE BODY OK
INFO	[2022-09-05 14:51:25:965] <22551> SIGN OK
INFO	[2022-09-05 14:51:25:965] <22551> MAKE HEAD OK
INFO	[2022-09-05 14:51:25:965] <22551> MSG_TO_PG:[0096200175D SHA1                   0                                      300420majorgol03                    StdpayCARDmajorgol0320220902145347438453<?xml version="1.0" encoding="UTF-8"?>
<INIpay>
	  <CancelInfo>
	    <SessionKey>tgsKNr6W8bptzKuyR7j3XWrKq/7bhwgoZvfPu/WzMQCbjYYRuXlZA/HdETfCBLAg
ZwnrdMCJh+878Q2jPERCxkkP+nhPDy9188DRcDSVWwCwfzpmKLxM85D87gvjG99e
Ki2xBVF/TZXcigy693AP8yn1sZYmBf/s5iQDmMYXO6Uifq/hRRcfjg==
</SessionKey>
	    <Encrypted>FS0FGEJaZUya52/Q5FJXW3TAcCa8SAECXak9TqBoNSrzBQwStHrWsNGutQM9o8Zp
cvaq39AezHzId0Sbx9I5qThcNiyr/aZcGtaRfkkn0Su06CQRloRpzqc4ppcGom+1
VsuvHsFXTasa1pYn7H29p0cyH6UjcWHt3UAVaEXq7ARBlW7MrEW00kRrnanW1Q57
maz+BF4BazEzhhJZAIZ3kkWWg4dh6HlcnMzMqR0iDhkXLxUlqpTOeiA0gmq3+1Nb
ZfmHu7is7r1UUn4LwJXGPTOM7cgLr8HPHnuYYMtUuD90g7B6SnFkZspJxqROGaup
9vsI5RPqXvBYe9pY8bdOeA==
</Encrypted></CancelInfo>
	  <ReservedInfo>
	    <MReserved1/>
	    <MReserved2/>
	    <MReserved3/></ReservedInfo>
	  <ManageInfo>
	    <Language/>
	    <URL/>
	    <TXVersion>5036B141209canceLinux     PHPchkfake   2.6.32-754.11.1.el6.x86_64PHP:</TXVersion>
	    <TXUserID/>
	    <TXRegNum/></ManageInfo></INIpay>APx5rhd9WJ19bapDlUHi70zpuQy0avqv9eVlmbRR9/0rm9K7OZW3TdOHERG2OPSS
nrYk4FpgtBI7eq7aZoBuUgKab6AamKauZv4rsCwiDiLJ8YhBVR1ATZHYfhvMvV+v
aGkGcwX6iaHxN3ci10YLFjjA7ZvnFGrq0gmJ0m62yaWs
]
INFO	[2022-09-05 14:51:25:965] <22551> DNS LOOKUP OK(203.238.37.3:203.238.37.3:34049) laptime:0
INFO	[2022-09-05 14:51:25:967] <22551> SOCKET CONNECT OK
INFO	[2022-09-05 14:51:25:967] <22551> SEND OK
INFO	[2022-09-05 14:51:26:727] <22551> RECV OK
INFO	[2022-09-05 14:51:26:727] <22551> MSG_FROM_PG:[0093300175D SHA1                   0                                      300430majorgol03                    StdpayCARDmajorgol0320220902145347438453<?xml version="1.0" encoding="UTF-8"?><INIpay>
<CancelInfo>
<ResultCode>120000</ResultCode>
<ResultMsg urlencode="1">%C1%A4%BB%F3%C3%B3%B8%AE%B5%C7%BE%FA%BD%C0%B4%CF%B4%D9.</ResultMsg>
<SessionKey>AGVjIsEwE/4meyw6jNczHRY6Awx/9aSrtLlgDvnI4hfynFlzsU7veIHriqexNFDF
ShihlV1Zo5uqe7l8/HNp22LK+PJX92xgh++61N29b5YxnUk38lquTrcbVbfVRQNo
gLgp1P3nWsmRsabAW0OFZr7hSN7gw2D9yFQePjPHvUaxVO7RR81501M=
</SessionKey>
<Encrypted>0pJp0hwx+NYiPvPvxuAeugvEX4aSW351EMM+p2avUdW5flu4mQ5sjTuvga9s21Jo
0upNau0DFOtrMoW5uv7U5svBSqp08bP03+DA2z+omtL2OtE7oHGxQE3cYLuwTa6n
KJqQ65RMGUn46Rlk7YRPFGt5egOxFp88G8/O8IDQtEG+1mzwuHnRbnbCoF7rwQeq
jOtK7uvYYQ6xztS6OTSvb99g7OieJdDgws9lhugoVayCMVOMC+VzbdDaDHQTS35S
dt9ksecLO2DU5q4fmZqUfKwwHsdzMwULLTf88c5SvUgj2SBDre/UrHf9G/f81WCT
Mce45KC9G9vN826M4cvY9VpBllxkiH2V
</Encrypted>
</CancelInfo>
<ManageInfo/>
<ReservedInfo>
<MReserved1 urlencode="1"/>
<MReserved2 urlencode="1"/>
<MReserved3 urlencode="1"/>
</ReservedInfo>
</INIpay>
DwnY3INY7/aAxb2XaqCHrK81kXJV/MxTDqBG0CGwv5GEC68u0taRagmOAATgMxKj
OQHPP+0AniEpZiap+67rWW72PfqYUvb+s4IlXmeUC0ly+zySRfA1QcDm3decGPzt
ct0UvsdLlYHkZvYRqloJ6cGd+E4Ko1Ov0BGussAT/A0=
]
INFO	[2022-09-05 14:51:26:727] <22551> VERIFY OK
INFO	[2022-09-05 14:51:26:727] <22551> PARSE HEAD OK
INFO	[2022-09-05 14:51:26:727] <22551> PARSE BODY OK
INFO	[2022-09-05 14:51:26:728] <22551> DECRYPT OK
DEBUG	[2022-09-05 14:51:26:728] <22551> DECRYPT MSG:[<?xml version="1.0" encoding="UTF-8"?><CancelInfo>
<CancelDate>20220905</CancelDate>
<CancelTime>145126</CancelTime>
<ResultCode>120000</ResultCode>
<ResultMsg urlencode="1">%C1%A4%BB%F3%C3%B3%B8%AE%B5%C7%BE%FA%BD%C0%B4%CF%B4%D9.</ResultMsg>
</CancelInfo>]
INFO	[2022-09-05 14:51:26:729] <22551> DECRYPT PARSE OK
INFO	[2022-09-05 14:51:26:729] <22551> END cancel 정상처리되었습니다. Laptime:[0.767sec]
INFO	[2022-09-05 14:51:26:729] <22551> ===============================================================
