INFO	[2021-07-05 08:19:13:960] <23297> START INIPHP cancel (V5036-141209)(OS:Linux2.6.32-754.11.1.el6.x86_64,PHP:5.3.3)
DEBUG	[2021-07-05 08:19:13:960] <23297> inipayhome:/home1/killdeal/public_html/shop/inicis
DEBUG	[2021-07-05 08:19:13:960] <23297> debug:false
DEBUG	[2021-07-05 08:19:13:960] <23297> type:cancel
DEBUG	[2021-07-05 08:19:13:960] <23297> mid:fourseason
DEBUG	[2021-07-05 08:19:13:960] <23297> admin:1111
DEBUG	[2021-07-05 08:19:13:960] <23297> tid:INIMX_CARDfourseason20210704101319965879
DEBUG	[2021-07-05 08:19:13:960] <23297> cancelmsg:주문자 본인 취소-상품옵션 선택 잘못함
INFO	[2021-07-05 08:19:13:960] <23297> Check Field OK
INFO	[2021-07-05 08:19:13:960] <23297> PI PUB KEY LOAD OK []
INFO	[2021-07-05 08:19:13:961] <23297> PG PUB KEY LOAD OK [30]
INFO	[2021-07-05 08:19:13:961] <23297> MERCHANT PRIV KEY LOAD OK
INFO	[2021-07-05 08:19:13:961] <23297> MERCHANT PUB KEY LOAD OK [0]
DEBUG	[2021-07-05 08:19:13:962] <23297> MAKE ENCRYPT OK[<?xml version="1.0" encoding="UTF-8"?>
<CancelInfo>
	  <CancelTID>INIMX_CARDfourseason20210704101319965879</CancelTID>
	  <CancelMsg urlencode="1">%C1%D6%B9%AE%C0%DA+%BA%BB%C0%CE+%C3%EB%BC%D2-%BB%F3%C7%B0%BF%C9%BC%C7+%BC%B1%C5%C3+%C0%DF%B8%F8%C7%D4</CancelMsg>
	  <CancelReason/></CancelInfo>]
INFO	[2021-07-05 08:19:13:962] <23297> MAKE BODY OK
INFO	[2021-07-05 08:19:13:963] <23297> SIGN OK
INFO	[2021-07-05 08:19:13:963] <23297> MAKE HEAD OK
INFO	[2021-07-05 08:19:13:963] <23297> MSG_TO_PG:[0101500175D SHA1                   0                                      300420fourseason                    INIMX_CARDfourseason20210704101319965879<?xml version="1.0" encoding="UTF-8"?>
<INIpay>
	  <CancelInfo>
	    <SessionKey>U1OjnOl6JuGL8YlaebrA73qjgj5ziZeDPUpQ8EwA9vVdStGIlzMZy9vqRY07taND
cTQODtAtysfZDuDF1cnxu36kCI2xZv5GoPNnHn3hUSjhWWmtm0p8W7EEfajIFEZl
8P0vCJnVvb4PbmrShJGXL36tPWuUxv123uucTHn7LibEDP0F1rLJKw==
</SessionKey>
	    <Encrypted>8SSSnnsGQRxjTOqU0JnR3EOV2b4AVdYEQSIjU+iIGlGeLDCTSf7HhdAjnUnAeHSh
zKVDNmaePC4Y1w5d1fmYsoO1TaV2+ZQlyCteOa5f54UMg/1aMlkO+NfMBGyCa/FJ
ZZU/xqZKZ+l3UJN4diClmot4h4V/KJyS3hUuHEhKXydbzLPLBsA2qbbx+7/bO2vZ
t+ZLQPZrwXQX+0Efl9jK3o1O4Ucm39Xj5KIbolDAxbakqlfVMaWzn4jnB7deC+Ky
BHDnY09pDIORSJRIodQTqDO+PLqPgMgnaQWon8TVqiRM9hX4433HLnndSaiJeme3
dBh8HuMl8WKXAywnowbjq0yeIi5oXjUiW28ZsNVFW/2yrxVZEyXHGdlMqpXJsuu2
DJIfxhehQ3U=
</Encrypted></CancelInfo>
	  <ReservedInfo>
	    <MReserved1/>
	    <MReserved2/>
	    <MReserved3/></ReservedInfo>
	  <ManageInfo>
	    <Language/>
	    <URL/>
	    <TXVersion>5036B141209canceLinux     PHPchkfake   2.6.32-754.11.1.el6.x86_64PHP:</TXVersion>
	    <TXUserID/>
	    <TXRegNum/></ManageInfo></INIpay>APR8ekkPLtAZytvnurjb0VvppCNRiG5gs650Xv/Tb7EqaSKjS9ENSeY5cd1AMlXw
/zRoWpQpgoBqXyr0QQW+NW5Azc8czHUzj0aQNYLIMA4uF674cJchhBRUU6UWnaf+
Q6LWeE4URUP+KFVe612cK+t2G7z7cAV6B8WYd8aqVM7U
]
INFO	[2021-07-05 08:19:13:963] <23297> DNS LOOKUP OK(203.238.37.3:203.238.37.3:34049) laptime:0
INFO	[2021-07-05 08:19:13:965] <23297> SOCKET CONNECT OK
INFO	[2021-07-05 08:19:13:965] <23297> SEND OK
INFO	[2021-07-05 08:19:14:155] <23297> RECV OK
INFO	[2021-07-05 08:19:14:155] <23297> MSG_FROM_PG:[0093300175D SHA1                   0                                      300430fourseason                    INIMX_CARDfourseason20210704101319965879<?xml version="1.0" encoding="UTF-8"?><INIpay>
<CancelInfo>
<ResultCode>120000</ResultCode>
<ResultMsg urlencode="1">%C1%A4%BB%F3%C3%B3%B8%AE%B5%C7%BE%FA%BD%C0%B4%CF%B4%D9.</ResultMsg>
<SessionKey>AOspdHfeXrOrlgMTOEY18P7t5kGGa4lzpwwcO6or1iLTUe/m1pGG7pimK89lf5ku
zRB7Jjf44ts/nTsEndkzLNDK8hA1UnL14XdTmp+ErzcO7aHxiLI92nAn+D5c4sHL
SjXkBtv73kUyMjk+KUGDoTJ7GPivhrrjONAJ4stdjgetmeBLhAu8mIg=
</SessionKey>
<Encrypted>BsXmxVo182dCAVbOkKYj07IN8WDsEfbTHGvNveV4kZz4M/b0+TeIw5jj4j0BMT+/
nZ0kgmct02Ih4W/ZQgP5szDBEBXxjSYljxubdVokRdjCkyoH0Lo71Oio5ymo0xB/
OT9RIAN5veRadCvyrVF3516/tPs8COOEUt3IMtobhzt3FD4PE40fbECmv9QXplgo
UFXYBo3MfEFKQVu81c6CWQC0jMMq/gPMuqvn/kyG0tAWcjH4nBg4NRlAcdIAdbvj
hTtKnYm2cjoiEvyIr58sYC5iKgMzbm9IROH1RLZBtQR+48Zfi8EnExceKafl1HHg
TZEjX4+aARobWtANcCsV+PVda6plZLTZ
</Encrypted>
</CancelInfo>
<ManageInfo/>
<ReservedInfo>
<MReserved1 urlencode="1"/>
<MReserved2 urlencode="1"/>
<MReserved3 urlencode="1"/>
</ReservedInfo>
</INIpay>
yqmwXMAr2qZOdzHpts2exRQEER6c82rSk2jh4BVxgIeAtJ/+2YCtvjd1Pf8khR6Z
/IA3nXq2J1YQFf5QePsLgFUa3yb3f085ulq6j7IR9IaulRIjr98ZoHJxhsJv/9Hf
EkDOqzdnS29Dctqa0iuB732sDG7ZgSOftnEylYREdFE=
]
INFO	[2021-07-05 08:19:14:155] <23297> VERIFY OK
INFO	[2021-07-05 08:19:14:155] <23297> PARSE HEAD OK
INFO	[2021-07-05 08:19:14:155] <23297> PARSE BODY OK
INFO	[2021-07-05 08:19:14:156] <23297> DECRYPT OK
DEBUG	[2021-07-05 08:19:14:156] <23297> DECRYPT MSG:[<?xml version="1.0" encoding="UTF-8"?><CancelInfo>
<CancelDate>20210705</CancelDate>
<CancelTime>081915</CancelTime>
<ResultCode>120000</ResultCode>
<ResultMsg urlencode="1">%C1%A4%BB%F3%C3%B3%B8%AE%B5%C7%BE%FA%BD%C0%B4%CF%B4%D9.</ResultMsg>
</CancelInfo>]
INFO	[2021-07-05 08:19:14:156] <23297> DECRYPT PARSE OK
INFO	[2021-07-05 08:19:14:156] <23297> END cancel 정상처리되었습니다. Laptime:[0.196sec]
INFO	[2021-07-05 08:19:14:156] <23297> ===============================================================
