INFO	[2022-05-24 13:14:36:966] <26857> START INIPHP receipt (V5036-141209)(OS:Linux2.6.32-754.11.1.el6.x86_64,PHP:5.3.3)
DEBUG	[2022-05-24 13:14:36:966] <26857> inipayhome:/home1/killdeal/public_html/shop/inicis
DEBUG	[2022-05-24 13:14:36:966] <26857> debug:false
DEBUG	[2022-05-24 13:14:36:966] <26857> type:receipt
DEBUG	[2022-05-24 13:14:36:966] <26857> pgid:INIphpRECP
DEBUG	[2022-05-24 13:14:36:966] <26857> paymethod:CASH
DEBUG	[2022-05-24 13:14:36:966] <26857> currency:WON
DEBUG	[2022-05-24 13:14:36:966] <26857> admin:1111
DEBUG	[2022-05-24 13:14:36:966] <26857> mid:majorgol03
DEBUG	[2022-05-24 13:14:36:966] <26857> goodname:핫딜JXR숨쉬기편한알래스카메쉬귀걸이마스크2장페이스쉴드 외 1건
DEBUG	[2022-05-24 13:14:36:966] <26857> cr_price:36400
DEBUG	[2022-05-24 13:14:36:966] <26857> sup_price:33091
DEBUG	[2022-05-24 13:14:36:966] <26857> tax:3309
DEBUG	[2022-05-24 13:14:36:966] <26857> srvc_price:0
DEBUG	[2022-05-24 13:14:36:966] <26857> buyername:한상욱
DEBUG	[2022-05-24 13:14:36:966] <26857> buyeremail:sang5342@nate.com
DEBUG	[2022-05-24 13:14:36:966] <26857> buyertel:
DEBUG	[2022-05-24 13:14:36:966] <26857> reg_num:6512151538817
DEBUG	[2022-05-24 13:14:36:966] <26857> useopt:0
DEBUG	[2022-05-24 13:14:36:966] <26857> companynumber:
INFO	[2022-05-24 13:14:36:966] <26857> Check Field OK
INFO	[2022-05-24 13:14:36:966] <26857> Make TID OK INIphpRECPmajorgol0320220524131436666305
INFO	[2022-05-24 13:14:36:966] <26857> PI PUB KEY LOAD OK []
INFO	[2022-05-24 13:14:36:967] <26857> PG PUB KEY LOAD OK [30]
INFO	[2022-05-24 13:14:36:967] <26857> MERCHANT PRIV KEY LOAD OK
INFO	[2022-05-24 13:14:36:968] <26857> MERCHANT PUB KEY LOAD OK [0]
DEBUG	[2022-05-24 13:14:36:968] <26857> MAKE ENCRYPT OK[<?xml version="1.0" encoding="UTF-8"?>
<PaymentInfo>
	  <Payment>
	    <CASH>
	      <CSHR_ApplPrice>36400</CSHR_ApplPrice>
	      <CSHR_SupplyPrice>33091</CSHR_SupplyPrice>
	      <CSHR_Tax>3309</CSHR_Tax>
	      <CSHR_ServicePrice/>
	      <CSHR_Type>0</CSHR_Type>
	      <CSHR_RegNum>6512151538817</CSHR_RegNum>
	      <CSHR_CompanyNum/></CASH></Payment></PaymentInfo>]
INFO	[2022-05-24 13:14:36:969] <26857> MAKE BODY OK
INFO	[2022-05-24 13:14:36:969] <26857> SIGN OK
INFO	[2022-05-24 13:14:36:969] <26857> MAKE HEAD OK
INFO	[2022-05-24 13:14:36:969] <26857> MSG_TO_PG:[0198200175D SHA1                   0                                      300200majorgol03               36400INIphpRECPmajorgol0320220524131436666305<?xml version="1.0" encoding="UTF-8"?>
<INIpay>
	  <GoodsInfo>
	    <GoodsCnt>1</GoodsCnt>
	    <MOID/>
	    <Currency>WON</Currency>
	    <Tax>3309</Tax>
	    <TaxFree/>
	    <Goods>
	      <SMID>majorgol03</SMID>
	      <GoodsName urlencode="1">%C7%D6%B5%F4JXR%BC%FB%BD%AC%B1%E2%C6%ED%C7%D1%BE%CB%B7%A1%BD%BA%C4%AB%B8%DE%BD%AC%B1%CD%B0%C9%C0%CC%B8%B6%BD%BA%C5%A92%C0%E5%C6%E4%C0%CC%BD%BA%BD%AF%B5%E5+%BF%DC+1%B0%C7</GoodsName>
	      <GoodsPrice>36400</GoodsPrice></Goods></GoodsInfo>
	  <BuyerInfo>
	    <BuyerName urlencode="1">%C7%D1%BB%F3%BF%ED</BuyerName>
	    <BuyerTel/>
	    <BuyerEmail urlencode="1">sang5342%40nate.com</BuyerEmail>
	    <ParentEmail/>
	    <RecvName/>
	    <RecvTel/>
	    <RecvMsg/>
	    <RecvAddr/>
	    <RecvPostNum/></BuyerInfo>
	  <PaymentInfo>
	    <Payment>
	      <PayMethod>CASH</PayMethod>
	      <JoinCard/>
	      <JoinExpire/>
	      <MailOrder/>
	      <SessionKey>qsbPIkJhl3bIYgqK8C1gGS7iiSc+28w0m31upiVhykPsegZ/hemd9316ThZvHFUI
EbGq5ZHvjpKgvRdVW96ZyIpdSXGbSKfA0P0t9pX3Ii2GEUIww+V7CkzB9F2xrhQc
FWOJgYPZO1w1bqT2h15Wa3wSqk0t9QphjXqiMSmSa/nWLZaF9m1I1Q==
</SessionKey>
	      <Encrypted>XNOjOmqPRq8x7sJ6T8umnj/X0SYnYJd0gToo9Vx4Pnl3BzxcNlwwZGqlKPbCh8PZ
e8/5AN0RXZJrFL5oXMk5m2c638C8vQFpsOX4LMUossRda/gdo4VlGLam9RLQ6QQb
eWvjMlXNAr70V4sNUNZ160pfPXHfqJRdUsAgmFYifbyUkLkSgzw/c9L2pmPKomBD
P51KsiUSf/IyK3Jof4N+/ZsGJKu5GYwV5qJ/m/Dirw2tgtH9QfwrzxkY8ahiHHgZ
qMdi/7j+7d6P37dkXzeuCq+nZVc6myKsMMrkjMyIX0QY95n+LJNe2qfwDKRBsTQ6
hQzvE8chhp+UXtBJlLW4mLGojLLs7ehd6GrL1IoT9zlB9JsmgeRrw3vZp1yAJkEm
FiPVOBD11c14YG+5A355YouhWSCHJtWuaiI3Qxl0AXFgbGh2wjQiRc4kUgJ8N1Ru
jvmhczASRxeOCPAxKHeKJM2B2te8pe/Sg+lEjt/c9HqMtYYCR7UiwQ==
</Encrypted></Payment></PaymentInfo>
	  <ReservedInfo>
	    <MReserved1/>
	    <MReserved2/>
	    <MReserved3/></ReservedInfo>
	  <ManageInfo>
	    <Language/>
	    <URL/>
	    <TXVersion>5036B141209receiLinux     PHPchkfake   2.6.32-754.11.1.el6.x86_64PHP:</TXVersion>
	    <TXUserID/>
	    <TXRegNum/>
	    <Ack>1</Ack></ManageInfo></INIpay>AP5gl/pmg77gLPSoauuSMNjbVTZlWG3IQwZxIfcqANmIdFSXnO5T87S2mM3JBP5h
sVap+alJ7bEIVAgQWGLqVg5MePS9Rn53fPj2xo7rYSWzNF2HTG53QPiJhV/apyH2
tsar9qB7rZqoDq8KKxrzNDa79uKq7R0L0B2i31dRZkQs
]
INFO	[2022-05-24 13:14:36:969] <26857> DNS LOOKUP OK(203.238.37.3:203.238.37.3:34049) laptime:0
INFO	[2022-05-24 13:14:36:972] <26857> SOCKET CONNECT OK
INFO	[2022-05-24 13:14:36:972] <26857> SEND OK
INFO	[2022-05-24 13:14:37:58] <26857> RECV OK
INFO	[2022-05-24 13:14:37:58] <26857> MSG_FROM_PG:[0173900175D SHA1                   0                                      300210majorgol03               36400INIphpRECPmajorgol0320220524131436666305<?xml version="1.0" encoding="UTF-8"?><INIpay>
<GoodsInfo>
<GoodsCnt>1</GoodsCnt>
<MOID urlencode="1"/>
<Currency>WON</Currency>
<Goods no="1">
<SMID>majorgol03</SMID>
<GoodsName urlencode="1">%C7%D6%B5%F4JXR%BC%FB%BD%AC%B1%E2%C6%ED%C7%D1%BE%CB%B7%A1%BD%BA%C4%AB%B8%DE%BD%AC%B1%CD%B0%C9%C0%CC%B8%B6%BD%BA%C5%A92%C0%E5%C6%E4%C0%CC%BD%BA%BD%AF%B5%E5+%BF%DC+1%B0%C7</GoodsName>
<GoodsCntS>1</GoodsCntS>
<GoodsPrice>36400</GoodsPrice>
</Goods>
</GoodsInfo>
<PaymentInfo>
<Payment>
<SessionKey>AHvJS2sBP7qaAx5WmnhtNX7TIN+giltV9px7PKkJReHcRc9KJ052rcSQbRcq4YgM
OpPs5gAvAEkGiYOHzbfMgJN6rL5bZfN8PmFY2CFU8VOaIx10vvaOJfqYjmLCFzAe
rAUm5UCmgEsKDdjP+2OH4kpgyNMHaKwGjla9yRu9RqIHHNhyxwPkZsc=
</SessionKey>
<Encrypted>juCLNWqvknMJ8kyegmhqvhtchJC8q0fuCmct65CEhszUxz6kFakgbCzArIFqa20O
7ypCN7C3miCAsyOBcpan3jEPJAQLvGMWYONORtZCBFqHcILr4SicvImy30QEF7ox
0CB8rwVOLl3i2H19KGPAWGeixilr0Ja3GxcCVYVaosHj9YYAFYGXawo7ToY/oCIS
70+9mdhPt9LCu/51yYBR1r8OswR8c3i72pGwRiT/aXfhxkFNEG38oNVCET/hwnZS
3whvfvJm2F0VKuHSFbmnTwFFbbgZSCozqgSHcoKBd5YSk+hwRhrdybr8idipL9Rz
ec26w3qfdSkSdBB+x0YQz592mKiWW4WWHwFyjk3qkT8aNPO9dwKaskuXgfCRUEBT
/xjtEB/r55pDfa12WtlaJfqmSaUPECo3enpwragL82o6c9CQNxEI8HjOPcD5XaAL
b26oA8CDgNH1yOJpTivjU/7iljuoNyX9WveXCw5TtpzkqAh0A4N1WMIVtHi/Tl31
E+V/Of2CyOb6LdcXLBFqvEQv37oC7rAy1snbpSsRDufa/Km8MgrKPRUc7BCcPl0M
DFlsNNMrnk3kq0Tp/56xFNg1C60g9bFBdBi52e2AY8+ptcChb/vo6iz20gXX3byQ
1NkLWckXlBCvDAxhFdzj8HO00opq6GGxiwlRM5m0j8vksPqUl9yA0g==
</Encrypted>
<PayMethod>CASH</PayMethod>
<ResultCode>220000</ResultCode>
<ResultMsg urlencode="1">%C1%A4%BB%F3%C3%B3%B8%AE%B5%C7%BE%FA%BD%C0%B4%CF%B4%D9.</ResultMsg>
</Payment>
</PaymentInfo>
<ManageInfo/>
<ReservedInfo>
<MReserved1 urlencode="1"/>
<MReserved2 urlencode="1"/>
<MReserved3 urlencode="1"/>
</ReservedInfo>
</INIpay>
rB2fAmuA3ifS4t4aQKavBAHHnSFNKGriIYVSwgQZAXCbjQttbc39HtUwV5wKHm/i
ejOM8MXIMiLFtxs63PEQnYzIkRu5UbuasoFJiUf5z/CHSW1NLr5TU+ACk+OPQqjt
lB7m69YrwFjhshv0RXpL69iHDNy6oWMMZEAsm/YDE8E=
]
INFO	[2022-05-24 13:14:37:58] <26857> VERIFY OK
INFO	[2022-05-24 13:14:37:58] <26857> PARSE HEAD OK
INFO	[2022-05-24 13:14:37:58] <26857> PARSE BODY OK
INFO	[2022-05-24 13:14:37:59] <26857> DECRYPT OK
DEBUG	[2022-05-24 13:14:37:59] <26857> DECRYPT MSG:[<?xml version="1.0" encoding="UTF-8"?><PaymentInfo>
<Payment>
<CASH>
<CSHR_ApplPrice>36400</CSHR_ApplPrice>
<CSHR_SupplyPrice>33091</CSHR_SupplyPrice>
<CSHR_Tax>3309</CSHR_Tax>
<CSHR_ServicePrice/>
<CSHR_Type>0</CSHR_Type>
<CSHR_ApplDate>20220524</CSHR_ApplDate>
<CSHR_ApplTime>131437</CSHR_ApplTime>
<CSHR_ApplNum>265169482</CSHR_ApplNum>
<CSHR_ResultCode>220000</CSHR_ResultCode>
<CSHR_ResultMsg urlencode="1">%C1%A4%BB%F3%C3%B3%B8%AE%B5%C7%BE%FA%BD%C0%B4%CF%B4%D9.</CSHR_ResultMsg>
</CASH>
</Payment>
</PaymentInfo>]
INFO	[2022-05-24 13:14:37:60] <26857> DECRYPT PARSE OK
INFO	[2022-05-24 13:14:37:60] <26857> WAIT ACK INVOKING
DEBUG	[2022-05-24 13:14:37:60] <26857> MAKE HEAD OK
INFO	[2022-05-24 13:14:37:63] <26857> SUCCESS ACK INVOKING
INFO	[2022-05-24 13:14:37:63] <26857> END receipt 정상처리되었습니다. Laptime:[0.097sec]
INFO	[2022-05-24 13:14:37:63] <26857> ===============================================================
